#
# A fatal error has been detected by the Java Runtime Environment:
#
#  EXCEPTION_ACCESS_VIOLATION (0xc0000005) at pc=0x00007ffa39b8366c, pid=33360, tid=25688
#
# JRE version: OpenJDK Runtime Environment (21.0.1+12) (build 21.0.1+12-29)
# Java VM: OpenJDK 64-Bit Server VM (21.0.1+12-29, mixed mode, sharing, tiered, compressed oops, compressed class ptrs, g1 gc, windows-amd64)
# Problematic frame:
# C  [igxelpicd64.dll+0x13366c]
#
# No core dump will be written. Minidumps are not enabled by default on client versions of Windows
#
# If you would like to submit a bug report, please visit:
#   https://bugreport.java.com/bugreport/crash.jsp
#

---------------  S U M M A R Y ------------

Command Line: -javaagent:C:\IntelliJ IDEA Community Edition 2021.3.2\IntelliJ IDEA Community Edition 2023.2.1\lib\idea_rt.jar=64946:C:\IntelliJ IDEA Community Edition 2021.3.2\IntelliJ IDEA Community Edition 2023.2.1\bin -Dfile.encoding=windows-1252 -Dsun.stdout.encoding=windows-1252 -Dsun.stderr.encoding=windows-1252 --module-path=C:\Users\stas2\.m2\repository\io\github\spair\imgui-java-binding\1.89.0\imgui-java-binding-1.89.0.jar;C:\Users\stas2\.m2\repository\com\fasterxml\jackson\core\jackson-annotations\2.17.2\jackson-annotations-2.17.2.jar;O:\GIt\MultiplayerShooter\target\classes;C:\Users\stas2\.m2\repository\org\joml\joml-primitives\1.10.0\joml-primitives-1.10.0.jar;C:\Users\stas2\.m2\repository\org\lwjgl\lwjgl-opengl\3.3.4\lwjgl-opengl-3.3.4.jar;C:\Users\stas2\.m2\repository\org\lwjgl\lwjgl-assimp\3.3.4\lwjgl-assimp-3.3.4.jar;C:\Users\stas2\.m2\repository\org\lwjgl\lwjgl-stb\3.3.4\lwjgl-stb-3.3.4.jar;C:\Users\stas2\.m2\repository\com\fasterxml\jackson\core\jackson-core\2.17.2\jackson-core-2.17.2.jar;C:\Users\stas2\.m2\repository\org\lwjgl\lwjgl-glfw\3.3.4\lwjgl-glfw-3.3.4.jar;C:\Users\stas2\.m2\repository\org\joml\joml\1.10.7\joml-1.10.7.jar;C:\Users\stas2\.m2\repository\io\github\spair\imgui-java-lwjgl3\1.89.0\imgui-java-lwjgl3-1.89.0.jar;C:\Users\stas2\.m2\repository\org\lwjgl\lwjgl\3.3.4\lwjgl-3.3.4.jar;C:\Users\stas2\.m2\repository\org\lwjgl\lwjgl-vulkan\3.3.4\lwjgl-vulkan-3.3.4.jar;C:\Users\stas2\.m2\repository\com\fasterxml\jackson\core\jackson-databind\2.17.2\jackson-databind-2.17.2.jar -Djdk.module.main=com.bedrye.bjge com.bedrye.bjge/com.bedrye.bjge.TestMain

Host: 11th Gen Intel(R) Core(TM) i5-11400H @ 2.70GHz, 12 cores, 15G,  Windows 11 , 64 bit Build 26100 (10.0.26100.5074)
Time: Fri Oct 10 11:25:26 2025 FLE Summer Time elapsed time: 27.422807 seconds (0d 0h 0m 27s)

---------------  T H R E A D  ---------------

Current thread (0x0000022d62890e80):  VMThread "VM Thread"          [id=25688, stack(0x000000ce0ce00000,0x000000ce0cf00000) (1024K)]

Stack: [0x000000ce0ce00000,0x000000ce0cf00000],  sp=0x000000ce0cefe820,  free space=1018k
Native frames: (J=compiled Java code, j=interpreted, Vv=VM code, C=native code)
C  [igxelpicd64.dll+0x13366c]


siginfo: EXCEPTION_ACCESS_VIOLATION (0xc0000005), reading address 0x00000000000356f8


Registers:
RAX=0x0000022d681d7db8, RBX=0x0000022d681d7cb0, RCX=0x0000000000000000, RDX=0x0000000000000000
RSP=0x000000ce0cefe820, RBP=0x0000000000000000, RSI=0x0000022d681d8280, RDI=0x0000022d63dd60a0
R8 =0x0000000000000014, R9 =0x000000ce0c2c3000, R10=0x0000000000000000, R11=0x0000000000000000
R12=0x0000000000000000, R13=0x0000022d689d7cf0, R14=0x00000000000ca500, R15=0x0000000000000016
RIP=0x00007ffa39b8366c, EFLAGS=0x0000000000010206


Register to memory mapping:

RAX=0x0000022d681d7db8 points into unknown readable memory: 0x00000000000c9e02 | 02 9e 0c 00 00 00 00 00
RBX=0x0000022d681d7cb0 points into unknown readable memory: 0x0000022d63bbd7d0 | d0 d7 bb 63 2d 02 00 00
RCX=0x0 is null
RDX=0x0 is null
RSP=0x000000ce0cefe820 points into unknown readable memory: 0x0000022d680082d0 | d0 82 00 68 2d 02 00 00
RBP=0x0 is null
RSI=0x0000022d681d8280 points into unknown readable memory: 0x0000022d689d7cf0 | f0 7c 9d 68 2d 02 00 00
RDI=0x0000022d63dd60a0 points into unknown readable memory: 0x0000022d6803e700 | 00 e7 03 68 2d 02 00 00
R8 =0x0000000000000014 is an unknown value
R9 =0x000000ce0c2c3000 points into unknown readable memory: 0x0000000000000000 | 00 00 00 00 00 00 00 00
R10=0x0 is null
R11=0x0 is null
R12=0x0 is null
R13=0x0000022d689d7cf0 points into unknown readable memory: 0x0000022d63bbd7d0 | d0 d7 bb 63 2d 02 00 00
R14=0x00000000000ca500 is an unknown value
R15=0x0000000000000016 is an unknown value

Top of Stack: (sp=0x000000ce0cefe820)
0x000000ce0cefe820:   0000022d680082d0 0000000000000000
0x000000ce0cefe830:   0000022d63dcb200 00007ffac7de7254
0x000000ce0cefe840:   0000022d63dcb200 00007ffa39a95db3
0x000000ce0cefe850:   000000007a000004 0000000000000000
0x000000ce0cefe860:   0000022d63dbfc38 00000000000ca5f0
0x000000ce0cefe870:   0000000000000000 0000000000000010
0x000000ce0cefe880:   0000000000000000 0000000000000000
0x000000ce0cefe890:   000000ce0cefe9a0 00007ffa39cfbc3c
0x000000ce0cefe8a0:   0000022d680082d0 0000022d63dd60a0
0x000000ce0cefe8b0:   0000022d63dbf900 0000022d63d8ad00
0x000000ce0cefe8c0:   000000ce000005e0 0000b8021f1c0000
0x000000ce0cefe8d0:   0000000000000000 02a3b4ba02dc74ba
0x000000ce0cefe8e0:   036352bb00000028 0000800400112000
0x000000ce0cefe8f0:   0360dcbc02e535bc 038350bd008f38bd
0x000000ce0cefe900:   02b8d7bd0318c9bd 00007ffa39cf19a0
0x000000ce0cefe910:   02f831bf00000000 031205c0036095bf
0x000000ce0cefe920:   0000000000000000 0000000000000000
0x000000ce0cefe930:   01fa660000000000 0000000000000000
0x000000ce0cefe940:   0000000000000000 00007ffa39ad3cdf
0x000000ce0cefe950:   0000b8021f1c0000 00000000000005e0
0x000000ce0cefe960:   0000000000000000 4000188000000001
0x000000ce0cefe970:   0000000000000000 0000000000000000
0x000000ce0cefe980:   0000000000000000 0000000000000000
0x000000ce0cefe990:   0000000000000000 0000000000000000
0x000000ce0cefe9a0:   0000000000000000 0000000000000000
0x000000ce0cefe9b0:   0000000000000000 0000000000000000
0x000000ce0cefe9c0:   0000000000000000 0000000000000000
0x000000ce0cefe9d0:   0000000000000000 0000000000000000
0x000000ce0cefe9e0:   0000000000000000 0000000000000000
0x000000ce0cefe9f0:   0000000000000000 0000000000000000
0x000000ce0cefea00:   0000000000000000 0000000000000000
0x000000ce0cefea10:   0000000000000000 0000000000000000 

Instructions: (pc=0x00007ffa39b8366c)
0x00007ffa39b8356c:   ec 40 45 8a e1 48 8b fa 48 8b e9 48 8b 1d 42 08
0x00007ffa39b8357c:   e0 00 48 89 58 08 48 8b cb ff 15 85 5b 9a 00 90
0x00007ffa39b8358c:   4c 8b af 78 02 00 00 48 8b 05 c6 e4 cf 00 44 8b
0x00007ffa39b8359c:   b8 40 0b 00 00 45 33 db 45 8a f3 4c 89 9f 78 02
0x00007ffa39b835ac:   00 00 44 89 9f 80 02 00 00 4c 89 9f 98 02 00 00
0x00007ffa39b835bc:   4c 89 9f 88 02 00 00 48 85 ed 75 38 8b 35 4a e2
0x00007ffa39b835cc:   df 00 65 48 8b 04 25 58 00 00 00 b9 14 00 00 00
0x00007ffa39b835dc:   48 8b 04 f0 44 38 1c 01 0f 84 9d da 86 00 65 48
0x00007ffa39b835ec:   8b 04 25 58 00 00 00 bd 20 00 00 00 48 8b 04 f0
0x00007ffa39b835fc:   48 8b 2c 28 48 3b 2d 39 07 e0 00 45 0f 44 fb 4d
0x00007ffa39b8360c:   85 ed 0f 84 21 01 00 00 44 8a a4 24 90 00 00 00
0x00007ffa39b8361c:   49 8b dd 49 8d b5 d0 05 00 00 4c 8b 2e 45 84 e4
0x00007ffa39b8362c:   0f 85 2a 03 00 00 8b 97 c8 01 00 00 48 8b 05 21
0x00007ffa39b8363c:   e4 cf 00 83 b8 78 03 00 00 02 75 31 83 fa 10 0f
0x00007ffa39b8364c:   83 20 01 00 00 48 8d 04 d5 21 00 00 00 48 03 c2
0x00007ffa39b8365c:   48 8d 04 c3 48 85 c0 0f 85 ff 00 00 00 49 8b cb
0x00007ffa39b8366c:   48 3b 8d f8 56 03 00 0f 87 f3 02 00 00 4c 39 9b
0x00007ffa39b8367c:   48 06 00 00 0f 85 41 da 86 00 44 8b 97 c8 01 00
0x00007ffa39b8368c:   00 48 8b 87 e0 01 00 00 4c 8b 08 8b 97 c8 01 00
0x00007ffa39b8369c:   00 83 fa 10 0f 83 03 01 00 00 48 8d 04 d5 21 00
0x00007ffa39b836ac:   00 00 48 03 c2 48 8d 04 c3 48 85 c0 0f 85 e2 00
0x00007ffa39b836bc:   00 00 49 8b cb 49 3b c9 0f 86 0e 01 00 00 48 8b
0x00007ffa39b836cc:   87 78 02 00 00 48 89 06 48 89 9f 78 02 00 00 ff
0x00007ffa39b836dc:   87 80 02 00 00 48 8b 43 08 48 8b 88 18 01 00 00
0x00007ffa39b836ec:   48 81 e1 00 00 ff ff 48 81 c1 00 00 01 00 48 01
0x00007ffa39b836fc:   8f 88 02 00 00 48 8b 43 08 48 8b 88 18 01 00 00
0x00007ffa39b8370c:   48 01 8f 98 02 00 00 4d 85 ed 0f 85 00 ff ff ff
0x00007ffa39b8371c:   45 84 f6 44 8a a4 24 98 00 00 00 0f 85 82 03 00
0x00007ffa39b8372c:   00 48 8b 9c 24 80 00 00 00 48 8b cf 45 84 e4 0f
0x00007ffa39b8373c:   85 8a 03 00 00 e8 fa f9 ff ff 90 48 8b cb 48 8b
0x00007ffa39b8374c:   9c 24 88 00 00 00 48 83 c4 40 41 5f 41 5e 41 5d
0x00007ffa39b8375c:   41 5c 5f 5e 5d 48 ff 25 b0 59 9a 00 48 8b 48 08 


Stack slot to memory mapping:

stack at sp + 0 slots: 0x0000022d680082d0 points into unknown readable memory: 0xffffffffffffffff | ff ff ff ff ff ff ff ff
stack at sp + 1 slots: 0x0 is null
stack at sp + 2 slots: 0x0000022d63dcb200 points into unknown readable memory: 0x0000000000000001 | 01 00 00 00 00 00 00 00
stack at sp + 3 slots: 0x00007ffac7de7254 ntdll.dll
stack at sp + 4 slots: 0x0000022d63dcb200 points into unknown readable memory: 0x0000000000000001 | 01 00 00 00 00 00 00 00
stack at sp + 5 slots: 0x00007ffa39a95db3 igxelpicd64.dll
stack at sp + 6 slots: 0x000000007a000004 is an unknown value
stack at sp + 7 slots: 0x0 is null

VM_Operation (0x000000ce0d9ff190): Exit, mode: safepoint, requested by thread 0x0000022d689dec80


---------------  P R O C E S S  ---------------

Threads class SMR info:
_java_thread_list=0x0000022d689100a0, length=15, elements={
0x0000022d4199c600, 0x0000022d628b7ff0, 0x0000022d628b9c60, 0x0000022d628c1de0,
0x0000022d628c66b0, 0x0000022d628c4c70, 0x0000022d628c6d40, 0x0000022d628ce6d0,
0x0000022d6328a240, 0x0000022d628c6020, 0x0000022d628c7a60, 0x0000022d628c73d0,
0x0000022d68352610, 0x0000022d68587100, 0x0000022d689dec80
}

Java Threads: ( => current thread )
  0x0000022d4199c600 JavaThread "main"                              [_thread_blocked, id=2920, stack(0x000000ce0c700000,0x000000ce0c800000) (1024K)]
  0x0000022d628b7ff0 JavaThread "Reference Handler"          daemon [_thread_blocked, id=20696, stack(0x000000ce0cf00000,0x000000ce0d000000) (1024K)]
  0x0000022d628b9c60 JavaThread "Finalizer"                  daemon [_thread_blocked, id=8248, stack(0x000000ce0d000000,0x000000ce0d100000) (1024K)]
  0x0000022d628c1de0 JavaThread "Signal Dispatcher"          daemon [_thread_blocked, id=29956, stack(0x000000ce0d100000,0x000000ce0d200000) (1024K)]
  0x0000022d628c66b0 JavaThread "Attach Listener"            daemon [_thread_blocked, id=32656, stack(0x000000ce0d200000,0x000000ce0d300000) (1024K)]
  0x0000022d628c4c70 JavaThread "Service Thread"             daemon [_thread_blocked, id=35016, stack(0x000000ce0d300000,0x000000ce0d400000) (1024K)]
  0x0000022d628c6d40 JavaThread "Monitor Deflation Thread"   daemon [_thread_blocked, id=11644, stack(0x000000ce0d400000,0x000000ce0d500000) (1024K)]
  0x0000022d628ce6d0 JavaThread "C2 CompilerThread0"         daemon [_thread_blocked, id=17508, stack(0x000000ce0d500000,0x000000ce0d600000) (1024K)]
  0x0000022d6328a240 JavaThread "C1 CompilerThread0"         daemon [_thread_blocked, id=15312, stack(0x000000ce0d600000,0x000000ce0d700000) (1024K)]
  0x0000022d628c6020 JavaThread "Common-Cleaner"             daemon [_thread_blocked, id=388, stack(0x000000ce0d700000,0x000000ce0d800000) (1024K)]
  0x0000022d628c7a60 JavaThread "Monitor Ctrl-Break"         daemon [_thread_in_native, id=21932, stack(0x000000ce0da00000,0x000000ce0db00000) (1024K)]
  0x0000022d628c73d0 JavaThread "Notification Thread"        daemon [_thread_blocked, id=12520, stack(0x000000ce0db00000,0x000000ce0dc00000) (1024K)]
  0x0000022d68352610 JavaThread "FileSystemWatchService"     daemon [_thread_in_native, id=12676, stack(0x000000ce0d800000,0x000000ce0d900000) (1024K)]
  0x0000022d68587100 JavaThread "BJE-Asset-Watcher"          daemon [_thread_blocked, id=21456, stack(0x000000ce0e800000,0x000000ce0e900000) (1024K)]
  0x0000022d689dec80 JavaThread "SIGINT handler"             daemon [_thread_blocked, id=9952, stack(0x000000ce0d900000,0x000000ce0da00000) (1024K)]
Total: 15

Other Threads:
=>0x0000022d62890e80 VMThread "VM Thread"                           [id=25688, stack(0x000000ce0ce00000,0x000000ce0cf00000) (1024K)]
  0x0000022d41eb8150 WorkerThread "GC Thread#0"                     [id=36740, stack(0x000000ce0c800000,0x000000ce0c900000) (1024K)]
  0x0000022d63b3d4c0 WorkerThread "GC Thread#1"                     [id=28680, stack(0x000000ce0dc00000,0x000000ce0dd00000) (1024K)]
  0x0000022d63b3d860 WorkerThread "GC Thread#2"                     [id=32328, stack(0x000000ce0dd00000,0x000000ce0de00000) (1024K)]
  0x0000022d63b45c10 WorkerThread "GC Thread#3"                     [id=7652, stack(0x000000ce0de00000,0x000000ce0df00000) (1024K)]
  0x0000022d63b45fb0 WorkerThread "GC Thread#4"                     [id=11796, stack(0x000000ce0df00000,0x000000ce0e000000) (1024K)]
  0x0000022d63b46350 WorkerThread "GC Thread#5"                     [id=34668, stack(0x000000ce0e000000,0x000000ce0e100000) (1024K)]
  0x0000022d63b52570 WorkerThread "GC Thread#6"                     [id=24996, stack(0x000000ce0e100000,0x000000ce0e200000) (1024K)]
  0x0000022d68708060 WorkerThread "GC Thread#7"                     [id=21856, stack(0x000000ce0e900000,0x000000ce0ea00000) (1024K)]
  0x0000022d68708400 WorkerThread "GC Thread#8"                     [id=35264, stack(0x000000ce0ea00000,0x000000ce0eb00000) (1024K)]
  0x0000022d687087a0 WorkerThread "GC Thread#9"                     [id=32508, stack(0x000000ce0eb00000,0x000000ce0ec00000) (1024K)]
  0x0000022d41ec9b50 ConcurrentGCThread "G1 Main Marker"            terminated
  0x0000022d41eca560 WorkerThread "G1 Conc#0"                       [id=36316, stack(0x000000ce0ca00000,0x000000ce0cb00000) (1024K)]
  0x0000022d41f0e600 ConcurrentGCThread "G1 Refine#0"               terminated
  0x0000022d6274d000 ConcurrentGCThread "G1 Service"                terminated
Total: 15

Threads with active compile tasks:
Total: 0

VM state: at safepoint (shutting down)

VM Mutex/Monitor currently owned by a thread:  ([mutex/lock_event])
[0x00007ff9c59ea5f8] Threads_lock - owner thread: 0x0000022d62890e80
[0x00007ff9c59ea6f8] Heap_lock - owner thread: 0x0000022d689dec80

Heap address: 0x0000000703600000, size: 4042 MB, Compressed Oops mode: Zero based, Oop shift amount: 3

CDS archive(s) mapped at: [0x0000022d00000000-0x0000022d00c90000-0x0000022d00c90000), size 13172736, SharedBaseAddress: 0x0000022d00000000, ArchiveRelocationMode: 1.
Compressed class space mapped at: 0x0000022d01000000-0x0000022d41000000, reserved size: 1073741824
Narrow klass base: 0x0000022d00000000, Narrow klass shift: 0, Narrow klass range: 0x100000000

GC Precious Log:
 CardTable entry size: 512
 Card Set container configuration: InlinePtr #cards 4 size 8 Array Of Cards #cards 16 size 48 Howl #buckets 8 coarsen threshold 3686 Howl Bitmap #cards 512 size 80 coarsen threshold 460 Card regions per heap region 1 cards per card region 4096
 CPUs: 12 total, 12 available
 Memory: 16163M
 Large Page Support: Disabled
 NUMA Support: Disabled
 Compressed Oops: Enabled (Zero based)
 Heap Region Size: 2M
 Heap Min Capacity: 8M
 Heap Initial Capacity: 254M
 Heap Max Capacity: 4042M
 Pre-touch: Disabled
 Parallel Workers: 10
 Concurrent Workers: 3
 Concurrent Refinement Workers: 10
 Periodic GC: Disabled

Heap:
 garbage-first heap   total 260096K, used 14546K [0x0000000703600000, 0x0000000800000000)
  region size 2048K, 8 young (16384K), 3 survivors (6144K)
 Metaspace       used 21191K, committed 21504K, reserved 1114112K
  class space    used 1886K, committed 2048K, reserved 1048576K

Heap Regions: E=young(eden), S=young(survivor), O=old, HS=humongous(starts), HC=humongous(continues), CS=collection set, F=free, TAMS=top-at-mark-start, PB=parsable bottom
|   0|0x0000000703600000, 0x0000000703634bd0, 0x0000000703800000| 10%| O|  |TAMS 0x0000000703600000| PB 0x0000000703600000| Untracked 
|   1|0x0000000703800000, 0x0000000703800000, 0x0000000703a00000|  0%| F|  |TAMS 0x0000000703800000| PB 0x0000000703800000| Untracked 
|   2|0x0000000703a00000, 0x0000000703a00000, 0x0000000703c00000|  0%| F|  |TAMS 0x0000000703a00000| PB 0x0000000703a00000| Untracked 
|   3|0x0000000703c00000, 0x0000000703c00000, 0x0000000703e00000|  0%| F|  |TAMS 0x0000000703c00000| PB 0x0000000703c00000| Untracked 
|   4|0x0000000703e00000, 0x0000000703e00000, 0x0000000704000000|  0%| F|  |TAMS 0x0000000703e00000| PB 0x0000000703e00000| Untracked 
|   5|0x0000000704000000, 0x0000000704000000, 0x0000000704200000|  0%| F|  |TAMS 0x0000000704000000| PB 0x0000000704000000| Untracked 
|   6|0x0000000704200000, 0x0000000704200000, 0x0000000704400000|  0%| F|  |TAMS 0x0000000704200000| PB 0x0000000704200000| Untracked 
|   7|0x0000000704400000, 0x0000000704400000, 0x0000000704600000|  0%| F|  |TAMS 0x0000000704400000| PB 0x0000000704400000| Untracked 
|   8|0x0000000704600000, 0x0000000704600000, 0x0000000704800000|  0%| F|  |TAMS 0x0000000704600000| PB 0x0000000704600000| Untracked 
|   9|0x0000000704800000, 0x0000000704800000, 0x0000000704a00000|  0%| F|  |TAMS 0x0000000704800000| PB 0x0000000704800000| Untracked 
|  10|0x0000000704a00000, 0x0000000704a00000, 0x0000000704c00000|  0%| F|  |TAMS 0x0000000704a00000| PB 0x0000000704a00000| Untracked 
|  11|0x0000000704c00000, 0x0000000704c00000, 0x0000000704e00000|  0%| F|  |TAMS 0x0000000704c00000| PB 0x0000000704c00000| Untracked 
|  12|0x0000000704e00000, 0x0000000704e00000, 0x0000000705000000|  0%| F|  |TAMS 0x0000000704e00000| PB 0x0000000704e00000| Untracked 
|  13|0x0000000705000000, 0x0000000705000000, 0x0000000705200000|  0%| F|  |TAMS 0x0000000705000000| PB 0x0000000705000000| Untracked 
|  14|0x0000000705200000, 0x0000000705200000, 0x0000000705400000|  0%| F|  |TAMS 0x0000000705200000| PB 0x0000000705200000| Untracked 
|  15|0x0000000705400000, 0x0000000705400000, 0x0000000705600000|  0%| F|  |TAMS 0x0000000705400000| PB 0x0000000705400000| Untracked 
|  16|0x0000000705600000, 0x0000000705600000, 0x0000000705800000|  0%| F|  |TAMS 0x0000000705600000| PB 0x0000000705600000| Untracked 
|  17|0x0000000705800000, 0x0000000705800000, 0x0000000705a00000|  0%| F|  |TAMS 0x0000000705800000| PB 0x0000000705800000| Untracked 
|  18|0x0000000705a00000, 0x0000000705a00000, 0x0000000705c00000|  0%| F|  |TAMS 0x0000000705a00000| PB 0x0000000705a00000| Untracked 
|  19|0x0000000705c00000, 0x0000000705c00000, 0x0000000705e00000|  0%| F|  |TAMS 0x0000000705c00000| PB 0x0000000705c00000| Untracked 
|  20|0x0000000705e00000, 0x0000000705e00000, 0x0000000706000000|  0%| F|  |TAMS 0x0000000705e00000| PB 0x0000000705e00000| Untracked 
|  21|0x0000000706000000, 0x0000000706000000, 0x0000000706200000|  0%| F|  |TAMS 0x0000000706000000| PB 0x0000000706000000| Untracked 
|  22|0x0000000706200000, 0x0000000706200000, 0x0000000706400000|  0%| F|  |TAMS 0x0000000706200000| PB 0x0000000706200000| Untracked 
|  23|0x0000000706400000, 0x0000000706400000, 0x0000000706600000|  0%| F|  |TAMS 0x0000000706400000| PB 0x0000000706400000| Untracked 
|  24|0x0000000706600000, 0x0000000706600000, 0x0000000706800000|  0%| F|  |TAMS 0x0000000706600000| PB 0x0000000706600000| Untracked 
|  25|0x0000000706800000, 0x0000000706800000, 0x0000000706a00000|  0%| F|  |TAMS 0x0000000706800000| PB 0x0000000706800000| Untracked 
|  26|0x0000000706a00000, 0x0000000706a00000, 0x0000000706c00000|  0%| F|  |TAMS 0x0000000706a00000| PB 0x0000000706a00000| Untracked 
|  27|0x0000000706c00000, 0x0000000706c00000, 0x0000000706e00000|  0%| F|  |TAMS 0x0000000706c00000| PB 0x0000000706c00000| Untracked 
|  28|0x0000000706e00000, 0x0000000706e00000, 0x0000000707000000|  0%| F|  |TAMS 0x0000000706e00000| PB 0x0000000706e00000| Untracked 
|  29|0x0000000707000000, 0x0000000707000000, 0x0000000707200000|  0%| F|  |TAMS 0x0000000707000000| PB 0x0000000707000000| Untracked 
|  30|0x0000000707200000, 0x0000000707200000, 0x0000000707400000|  0%| F|  |TAMS 0x0000000707200000| PB 0x0000000707200000| Untracked 
|  31|0x0000000707400000, 0x0000000707400000, 0x0000000707600000|  0%| F|  |TAMS 0x0000000707400000| PB 0x0000000707400000| Untracked 
|  32|0x0000000707600000, 0x0000000707600000, 0x0000000707800000|  0%| F|  |TAMS 0x0000000707600000| PB 0x0000000707600000| Untracked 
|  33|0x0000000707800000, 0x0000000707800000, 0x0000000707a00000|  0%| F|  |TAMS 0x0000000707800000| PB 0x0000000707800000| Untracked 
|  34|0x0000000707a00000, 0x0000000707a00000, 0x0000000707c00000|  0%| F|  |TAMS 0x0000000707a00000| PB 0x0000000707a00000| Untracked 
|  35|0x0000000707c00000, 0x0000000707c00000, 0x0000000707e00000|  0%| F|  |TAMS 0x0000000707c00000| PB 0x0000000707c00000| Untracked 
|  36|0x0000000707e00000, 0x0000000707e00000, 0x0000000708000000|  0%| F|  |TAMS 0x0000000707e00000| PB 0x0000000707e00000| Untracked 
|  37|0x0000000708000000, 0x0000000708000000, 0x0000000708200000|  0%| F|  |TAMS 0x0000000708000000| PB 0x0000000708000000| Untracked 
|  38|0x0000000708200000, 0x0000000708200000, 0x0000000708400000|  0%| F|  |TAMS 0x0000000708200000| PB 0x0000000708200000| Untracked 
|  39|0x0000000708400000, 0x0000000708400000, 0x0000000708600000|  0%| F|  |TAMS 0x0000000708400000| PB 0x0000000708400000| Untracked 
|  40|0x0000000708600000, 0x0000000708600000, 0x0000000708800000|  0%| F|  |TAMS 0x0000000708600000| PB 0x0000000708600000| Untracked 
|  41|0x0000000708800000, 0x0000000708800000, 0x0000000708a00000|  0%| F|  |TAMS 0x0000000708800000| PB 0x0000000708800000| Untracked 
|  42|0x0000000708a00000, 0x0000000708a00000, 0x0000000708c00000|  0%| F|  |TAMS 0x0000000708a00000| PB 0x0000000708a00000| Untracked 
|  43|0x0000000708c00000, 0x0000000708c00000, 0x0000000708e00000|  0%| F|  |TAMS 0x0000000708c00000| PB 0x0000000708c00000| Untracked 
|  44|0x0000000708e00000, 0x0000000708e00000, 0x0000000709000000|  0%| F|  |TAMS 0x0000000708e00000| PB 0x0000000708e00000| Untracked 
|  45|0x0000000709000000, 0x0000000709000000, 0x0000000709200000|  0%| F|  |TAMS 0x0000000709000000| PB 0x0000000709000000| Untracked 
|  46|0x0000000709200000, 0x0000000709200000, 0x0000000709400000|  0%| F|  |TAMS 0x0000000709200000| PB 0x0000000709200000| Untracked 
|  47|0x0000000709400000, 0x0000000709400000, 0x0000000709600000|  0%| F|  |TAMS 0x0000000709400000| PB 0x0000000709400000| Untracked 
|  48|0x0000000709600000, 0x0000000709600000, 0x0000000709800000|  0%| F|  |TAMS 0x0000000709600000| PB 0x0000000709600000| Untracked 
|  49|0x0000000709800000, 0x0000000709800000, 0x0000000709a00000|  0%| F|  |TAMS 0x0000000709800000| PB 0x0000000709800000| Untracked 
|  50|0x0000000709a00000, 0x0000000709a00000, 0x0000000709c00000|  0%| F|  |TAMS 0x0000000709a00000| PB 0x0000000709a00000| Untracked 
|  51|0x0000000709c00000, 0x0000000709c00000, 0x0000000709e00000|  0%| F|  |TAMS 0x0000000709c00000| PB 0x0000000709c00000| Untracked 
|  52|0x0000000709e00000, 0x0000000709e00000, 0x000000070a000000|  0%| F|  |TAMS 0x0000000709e00000| PB 0x0000000709e00000| Untracked 
|  53|0x000000070a000000, 0x000000070a000000, 0x000000070a200000|  0%| F|  |TAMS 0x000000070a000000| PB 0x000000070a000000| Untracked 
|  54|0x000000070a200000, 0x000000070a200000, 0x000000070a400000|  0%| F|  |TAMS 0x000000070a200000| PB 0x000000070a200000| Untracked 
|  55|0x000000070a400000, 0x000000070a400000, 0x000000070a600000|  0%| F|  |TAMS 0x000000070a400000| PB 0x000000070a400000| Untracked 
|  56|0x000000070a600000, 0x000000070a600000, 0x000000070a800000|  0%| F|  |TAMS 0x000000070a600000| PB 0x000000070a600000| Untracked 
|  57|0x000000070a800000, 0x000000070a800000, 0x000000070aa00000|  0%| F|  |TAMS 0x000000070a800000| PB 0x000000070a800000| Untracked 
|  58|0x000000070aa00000, 0x000000070aa00000, 0x000000070ac00000|  0%| F|  |TAMS 0x000000070aa00000| PB 0x000000070aa00000| Untracked 
|  59|0x000000070ac00000, 0x000000070ac00000, 0x000000070ae00000|  0%| F|  |TAMS 0x000000070ac00000| PB 0x000000070ac00000| Untracked 
|  60|0x000000070ae00000, 0x000000070ae00000, 0x000000070b000000|  0%| F|  |TAMS 0x000000070ae00000| PB 0x000000070ae00000| Untracked 
|  61|0x000000070b000000, 0x000000070b000000, 0x000000070b200000|  0%| F|  |TAMS 0x000000070b000000| PB 0x000000070b000000| Untracked 
|  62|0x000000070b200000, 0x000000070b200000, 0x000000070b400000|  0%| F|  |TAMS 0x000000070b200000| PB 0x000000070b200000| Untracked 
|  63|0x000000070b400000, 0x000000070b400000, 0x000000070b600000|  0%| F|  |TAMS 0x000000070b400000| PB 0x000000070b400000| Untracked 
|  64|0x000000070b600000, 0x000000070b600000, 0x000000070b800000|  0%| F|  |TAMS 0x000000070b600000| PB 0x000000070b600000| Untracked 
|  65|0x000000070b800000, 0x000000070b800000, 0x000000070ba00000|  0%| F|  |TAMS 0x000000070b800000| PB 0x000000070b800000| Untracked 
|  66|0x000000070ba00000, 0x000000070ba00000, 0x000000070bc00000|  0%| F|  |TAMS 0x000000070ba00000| PB 0x000000070ba00000| Untracked 
|  67|0x000000070bc00000, 0x000000070bc00000, 0x000000070be00000|  0%| F|  |TAMS 0x000000070bc00000| PB 0x000000070bc00000| Untracked 
|  68|0x000000070be00000, 0x000000070be00000, 0x000000070c000000|  0%| F|  |TAMS 0x000000070be00000| PB 0x000000070be00000| Untracked 
|  69|0x000000070c000000, 0x000000070c000000, 0x000000070c200000|  0%| F|  |TAMS 0x000000070c000000| PB 0x000000070c000000| Untracked 
|  70|0x000000070c200000, 0x000000070c200000, 0x000000070c400000|  0%| F|  |TAMS 0x000000070c200000| PB 0x000000070c200000| Untracked 
|  71|0x000000070c400000, 0x000000070c400000, 0x000000070c600000|  0%| F|  |TAMS 0x000000070c400000| PB 0x000000070c400000| Untracked 
|  72|0x000000070c600000, 0x000000070c600000, 0x000000070c800000|  0%| F|  |TAMS 0x000000070c600000| PB 0x000000070c600000| Untracked 
|  73|0x000000070c800000, 0x000000070c800000, 0x000000070ca00000|  0%| F|  |TAMS 0x000000070c800000| PB 0x000000070c800000| Untracked 
|  74|0x000000070ca00000, 0x000000070ca00000, 0x000000070cc00000|  0%| F|  |TAMS 0x000000070ca00000| PB 0x000000070ca00000| Untracked 
|  75|0x000000070cc00000, 0x000000070cc00000, 0x000000070ce00000|  0%| F|  |TAMS 0x000000070cc00000| PB 0x000000070cc00000| Untracked 
|  76|0x000000070ce00000, 0x000000070ce00000, 0x000000070d000000|  0%| F|  |TAMS 0x000000070ce00000| PB 0x000000070ce00000| Untracked 
|  77|0x000000070d000000, 0x000000070d000000, 0x000000070d200000|  0%| F|  |TAMS 0x000000070d000000| PB 0x000000070d000000| Untracked 
|  78|0x000000070d200000, 0x000000070d200000, 0x000000070d400000|  0%| F|  |TAMS 0x000000070d200000| PB 0x000000070d200000| Untracked 
|  79|0x000000070d400000, 0x000000070d400000, 0x000000070d600000|  0%| F|  |TAMS 0x000000070d400000| PB 0x000000070d400000| Untracked 
|  80|0x000000070d600000, 0x000000070d600000, 0x000000070d800000|  0%| F|  |TAMS 0x000000070d600000| PB 0x000000070d600000| Untracked 
|  81|0x000000070d800000, 0x000000070d800000, 0x000000070da00000|  0%| F|  |TAMS 0x000000070d800000| PB 0x000000070d800000| Untracked 
|  82|0x000000070da00000, 0x000000070da00000, 0x000000070dc00000|  0%| F|  |TAMS 0x000000070da00000| PB 0x000000070da00000| Untracked 
|  83|0x000000070dc00000, 0x000000070dc00000, 0x000000070de00000|  0%| F|  |TAMS 0x000000070dc00000| PB 0x000000070dc00000| Untracked 
|  84|0x000000070de00000, 0x000000070de00000, 0x000000070e000000|  0%| F|  |TAMS 0x000000070de00000| PB 0x000000070de00000| Untracked 
|  85|0x000000070e000000, 0x000000070e000000, 0x000000070e200000|  0%| F|  |TAMS 0x000000070e000000| PB 0x000000070e000000| Untracked 
|  86|0x000000070e200000, 0x000000070e200000, 0x000000070e400000|  0%| F|  |TAMS 0x000000070e200000| PB 0x000000070e200000| Untracked 
|  87|0x000000070e400000, 0x000000070e400000, 0x000000070e600000|  0%| F|  |TAMS 0x000000070e400000| PB 0x000000070e400000| Untracked 
|  88|0x000000070e600000, 0x000000070e600000, 0x000000070e800000|  0%| F|  |TAMS 0x000000070e600000| PB 0x000000070e600000| Untracked 
|  89|0x000000070e800000, 0x000000070e800000, 0x000000070ea00000|  0%| F|  |TAMS 0x000000070e800000| PB 0x000000070e800000| Untracked 
|  90|0x000000070ea00000, 0x000000070ea00000, 0x000000070ec00000|  0%| F|  |TAMS 0x000000070ea00000| PB 0x000000070ea00000| Untracked 
|  91|0x000000070ec00000, 0x000000070ec00000, 0x000000070ee00000|  0%| F|  |TAMS 0x000000070ec00000| PB 0x000000070ec00000| Untracked 
|  92|0x000000070ee00000, 0x000000070ee00000, 0x000000070f000000|  0%| F|  |TAMS 0x000000070ee00000| PB 0x000000070ee00000| Untracked 
|  93|0x000000070f000000, 0x000000070f000000, 0x000000070f200000|  0%| F|  |TAMS 0x000000070f000000| PB 0x000000070f000000| Untracked 
|  94|0x000000070f200000, 0x000000070f200000, 0x000000070f400000|  0%| F|  |TAMS 0x000000070f200000| PB 0x000000070f200000| Untracked 
|  95|0x000000070f400000, 0x000000070f400000, 0x000000070f600000|  0%| F|  |TAMS 0x000000070f400000| PB 0x000000070f400000| Untracked 
|  96|0x000000070f600000, 0x000000070f600000, 0x000000070f800000|  0%| F|  |TAMS 0x000000070f600000| PB 0x000000070f600000| Untracked 
|  97|0x000000070f800000, 0x000000070f800000, 0x000000070fa00000|  0%| F|  |TAMS 0x000000070f800000| PB 0x000000070f800000| Untracked 
|  98|0x000000070fa00000, 0x000000070fa00000, 0x000000070fc00000|  0%| F|  |TAMS 0x000000070fa00000| PB 0x000000070fa00000| Untracked 
|  99|0x000000070fc00000, 0x000000070fc00000, 0x000000070fe00000|  0%| F|  |TAMS 0x000000070fc00000| PB 0x000000070fc00000| Untracked 
| 100|0x000000070fe00000, 0x000000070fe00000, 0x0000000710000000|  0%| F|  |TAMS 0x000000070fe00000| PB 0x000000070fe00000| Untracked 
| 101|0x0000000710000000, 0x0000000710000000, 0x0000000710200000|  0%| F|  |TAMS 0x0000000710000000| PB 0x0000000710000000| Untracked 
| 102|0x0000000710200000, 0x0000000710200000, 0x0000000710400000|  0%| F|  |TAMS 0x0000000710200000| PB 0x0000000710200000| Untracked 
| 103|0x0000000710400000, 0x0000000710600000, 0x0000000710600000|100%| S|CS|TAMS 0x0000000710400000| PB 0x0000000710400000| Complete 
| 104|0x0000000710600000, 0x0000000710800000, 0x0000000710800000|100%| S|CS|TAMS 0x0000000710600000| PB 0x0000000710600000| Complete 
| 105|0x0000000710800000, 0x0000000710a00000, 0x0000000710a00000|100%| S|CS|TAMS 0x0000000710800000| PB 0x0000000710800000| Complete 
| 106|0x0000000710a00000, 0x0000000710a00000, 0x0000000710c00000|  0%| F|  |TAMS 0x0000000710a00000| PB 0x0000000710a00000| Untracked 
| 107|0x0000000710c00000, 0x0000000710c00000, 0x0000000710e00000|  0%| F|  |TAMS 0x0000000710c00000| PB 0x0000000710c00000| Untracked 
| 108|0x0000000710e00000, 0x0000000710e00000, 0x0000000711000000|  0%| F|  |TAMS 0x0000000710e00000| PB 0x0000000710e00000| Untracked 
| 109|0x0000000711000000, 0x0000000711000000, 0x0000000711200000|  0%| F|  |TAMS 0x0000000711000000| PB 0x0000000711000000| Untracked 
| 110|0x0000000711200000, 0x0000000711200000, 0x0000000711400000|  0%| F|  |TAMS 0x0000000711200000| PB 0x0000000711200000| Untracked 
| 111|0x0000000711400000, 0x0000000711400000, 0x0000000711600000|  0%| F|  |TAMS 0x0000000711400000| PB 0x0000000711400000| Untracked 
| 112|0x0000000711600000, 0x0000000711600000, 0x0000000711800000|  0%| F|  |TAMS 0x0000000711600000| PB 0x0000000711600000| Untracked 
| 113|0x0000000711800000, 0x0000000711800000, 0x0000000711a00000|  0%| F|  |TAMS 0x0000000711800000| PB 0x0000000711800000| Untracked 
| 114|0x0000000711a00000, 0x0000000711a00000, 0x0000000711c00000|  0%| F|  |TAMS 0x0000000711a00000| PB 0x0000000711a00000| Untracked 
| 115|0x0000000711c00000, 0x0000000711c00000, 0x0000000711e00000|  0%| F|  |TAMS 0x0000000711c00000| PB 0x0000000711c00000| Untracked 
| 116|0x0000000711e00000, 0x0000000711e00000, 0x0000000712000000|  0%| F|  |TAMS 0x0000000711e00000| PB 0x0000000711e00000| Untracked 
| 117|0x0000000712000000, 0x0000000712000000, 0x0000000712200000|  0%| F|  |TAMS 0x0000000712000000| PB 0x0000000712000000| Untracked 
| 118|0x0000000712200000, 0x0000000712200000, 0x0000000712400000|  0%| F|  |TAMS 0x0000000712200000| PB 0x0000000712200000| Untracked 
| 119|0x0000000712400000, 0x0000000712400000, 0x0000000712600000|  0%| F|  |TAMS 0x0000000712400000| PB 0x0000000712400000| Untracked 
| 120|0x0000000712600000, 0x0000000712600000, 0x0000000712800000|  0%| F|  |TAMS 0x0000000712600000| PB 0x0000000712600000| Untracked 
| 121|0x0000000712800000, 0x0000000712800000, 0x0000000712a00000|  0%| F|  |TAMS 0x0000000712800000| PB 0x0000000712800000| Untracked 
| 122|0x0000000712a00000, 0x0000000712abb680, 0x0000000712c00000| 36%| E|  |TAMS 0x0000000712a00000| PB 0x0000000712a00000| Complete 
| 123|0x0000000712c00000, 0x0000000712e00000, 0x0000000712e00000|100%| E|CS|TAMS 0x0000000712c00000| PB 0x0000000712c00000| Complete 
| 124|0x0000000712e00000, 0x0000000713000000, 0x0000000713000000|100%| E|CS|TAMS 0x0000000712e00000| PB 0x0000000712e00000| Complete 
| 125|0x0000000713000000, 0x0000000713200000, 0x0000000713200000|100%| E|CS|TAMS 0x0000000713000000| PB 0x0000000713000000| Complete 
| 126|0x0000000713200000, 0x0000000713400000, 0x0000000713400000|100%| E|CS|TAMS 0x0000000713200000| PB 0x0000000713200000| Complete 

Card table byte_map: [0x0000022d5bcf0000,0x0000022d5c4e0000] _byte_map_base: 0x0000022d584d5000

Marking Bits: (CMBitMap*) 0x0000022d41eb8760
 Bits: [0x0000022d5c4e0000, 0x0000022d60408000)

Polling page: 0x0000022d41f10000

Metaspace:

Usage:
  Non-class:     18.85 MB used.
      Class:      1.84 MB used.
       Both:     20.69 MB used.

Virtual space:
  Non-class space:       64.00 MB reserved,      19.00 MB ( 30%) committed,  1 nodes.
      Class space:        1.00 GB reserved,       2.00 MB ( <1%) committed,  1 nodes.
             Both:        1.06 GB reserved,      21.00 MB (  2%) committed. 

Chunk freelists:
   Non-Class:  12.20 MB
       Class:  14.05 MB
        Both:  26.25 MB

MaxMetaspaceSize: unlimited
CompressedClassSpaceSize: 1.00 GB
Initial GC threshold: 21.00 MB
Current GC threshold: 21.00 MB
CDS: on
 - commit_granule_bytes: 65536.
 - commit_granule_words: 8192.
 - virtual_space_node_default_size: 8388608.
 - enlarge_chunks_in_place: 1.
 - use_allocation_guard: 0.


Internal statistics:

num_allocs_failed_limit: 0.
num_arena_births: 164.
num_arena_deaths: 0.
num_vsnodes_births: 2.
num_vsnodes_deaths: 0.
num_space_committed: 334.
num_space_uncommitted: 0.
num_chunks_returned_to_freelist: 0.
num_chunks_taken_from_freelist: 804.
num_chunk_merges: 0.
num_chunk_splits: 609.
num_chunks_enlarged: 501.
num_inconsistent_stats: 0.

CodeHeap 'non-profiled nmethods': size=120000Kb used=1238Kb max_used=1238Kb free=118761Kb
 bounds [0x0000022d53350000, 0x0000022d535c0000, 0x0000022d5a880000]
CodeHeap 'profiled nmethods': size=120000Kb used=4959Kb max_used=4959Kb free=115041Kb
 bounds [0x0000022d4b880000, 0x0000022d4bd60000, 0x0000022d52db0000]
CodeHeap 'non-nmethods': size=5760Kb used=2965Kb max_used=3007Kb free=2794Kb
 bounds [0x0000022d52db0000, 0x0000022d530b0000, 0x0000022d53350000]
 total_blobs=4384 nmethods=2953 adapters=1335
 compilation: enabled
              stopped_count=0, restarted_count=0
 full_count=0

Compilation events (20 events):
Event: 21.185 Thread 0x0000022d628ce6d0 2945       4       java.util.ArrayList::forEach (74 bytes)
Event: 21.186 Thread 0x0000022d628ce6d0 nmethod 2945 0x0000022d53480090 code [0x0000022d53480220, 0x0000022d53480300]
Event: 21.691 Thread 0x0000022d628ce6d0 2946       4       java.util.stream.ReferencePipeline::filter (22 bytes)
Event: 21.693 Thread 0x0000022d628ce6d0 nmethod 2946 0x0000022d53480410 code [0x0000022d534805c0, 0x0000022d53480a00]
Event: 21.850 Thread 0x0000022d628ce6d0 2947       4       java.util.stream.FindOps$FindOp::evaluateSequential (39 bytes)
Event: 21.856 Thread 0x0000022d628ce6d0 nmethod 2947 0x0000022d53480b90 code [0x0000022d53480e20, 0x0000022d534815a0]
Event: 21.899 Thread 0x0000022d628ce6d0 2948       4       java.util.stream.FindOps$FindSink::accept (18 bytes)
Event: 21.899 Thread 0x0000022d628ce6d0 nmethod 2948 0x0000022d53481e10 code [0x0000022d53481fa0, 0x0000022d53482128]
Event: 21.940 Thread 0x0000022d628ce6d0 2949       4       com.bedrye.bjge.GameEngine.Objects.Editor.BJEResourceManager::getByName (38 bytes)
Event: 21.956 Thread 0x0000022d628ce6d0 nmethod 2949 0x0000022d53482190 code [0x0000022d53482480, 0x0000022d53483548]
Event: 22.138 Thread 0x0000022d628ce6d0 2950       4       java.util.stream.ReferencePipeline$2$1::begin (13 bytes)
Event: 22.138 Thread 0x0000022d628ce6d0 nmethod 2950 0x0000022d53484210 code [0x0000022d534843a0, 0x0000022d53484460]
Event: 22.503 Thread 0x0000022d628ce6d0 2951       4       com.bedrye.bjge.GameEngine.Objects.Editor.BJEFolder::show (66 bytes)
Event: 22.505 Thread 0x0000022d628ce6d0 nmethod 2951 0x0000022d53484510 code [0x0000022d53484740, 0x0000022d53484b00]
Event: 22.753 Thread 0x0000022d628ce6d0 2952       4       java.util.ArrayList$Itr::next (66 bytes)
Event: 22.754 Thread 0x0000022d628ce6d0 nmethod 2952 0x0000022d53484e90 code [0x0000022d53485020, 0x0000022d53485198]
Event: 25.309 Thread 0x0000022d628ce6d0 2953       4       java.util.stream.ReferencePipeline$2::opWrapSink (10 bytes)
Event: 25.310 Thread 0x0000022d628ce6d0 nmethod 2953 0x0000022d53485310 code [0x0000022d534854a0, 0x0000022d534856a0]
Event: 26.903 Thread 0x0000022d628ce6d0 2954       4       java.util.Optional::orElse (16 bytes)
Event: 26.904 Thread 0x0000022d628ce6d0 nmethod 2954 0x0000022d53485810 code [0x0000022d534859a0, 0x0000022d53485a40]

GC Heap History (4 events):
Event: 0.285 GC heap before
{Heap before GC invocations=0 (full 0):
 garbage-first heap   total 260096K, used 20480K [0x0000000703600000, 0x0000000800000000)
  region size 2048K, 11 young (22528K), 0 survivors (0K)
 Metaspace       used 3890K, committed 4096K, reserved 1114112K
  class space    used 333K, committed 448K, reserved 1048576K
}
Event: 0.287 GC heap after
{Heap after GC invocations=1 (full 0):
 garbage-first heap   total 260096K, used 2634K [0x0000000703600000, 0x0000000800000000)
  region size 2048K, 2 young (4096K), 2 survivors (4096K)
 Metaspace       used 3890K, committed 4096K, reserved 1114112K
  class space    used 333K, committed 448K, reserved 1048576K
}
Event: 1.410 GC heap before
{Heap before GC invocations=1 (full 0):
 garbage-first heap   total 260096K, used 41546K [0x0000000703600000, 0x0000000800000000)
  region size 2048K, 21 young (43008K), 2 survivors (4096K)
 Metaspace       used 19604K, committed 19840K, reserved 1114112K
  class space    used 1831K, committed 1920K, reserved 1048576K
}
Event: 1.415 GC heap after
{Heap after GC invocations=2 (full 0):
 garbage-first heap   total 260096K, used 6354K [0x0000000703600000, 0x0000000800000000)
  region size 2048K, 3 young (6144K), 3 survivors (6144K)
 Metaspace       used 19604K, committed 19840K, reserved 1114112K
  class space    used 1831K, committed 1920K, reserved 1048576K
}

Dll operation events (14 events):
Event: 0.008 Loaded shared library C:\Users\stas2\.jdks\openjdk-21.0.1\bin\java.dll
Event: 0.038 Loaded shared library C:\Users\stas2\.jdks\openjdk-21.0.1\bin\jsvml.dll
Event: 0.065 Loaded shared library C:\Users\stas2\.jdks\openjdk-21.0.1\bin\net.dll
Event: 0.068 Loaded shared library C:\Users\stas2\.jdks\openjdk-21.0.1\bin\nio.dll
Event: 0.071 Loaded shared library C:\Users\stas2\.jdks\openjdk-21.0.1\bin\zip.dll
Event: 0.166 Loaded shared library C:\Users\stas2\.jdks\openjdk-21.0.1\bin\zip.dll
Event: 0.168 Loaded shared library C:\Users\stas2\.jdks\openjdk-21.0.1\bin\instrument.dll
Event: 0.186 Loaded shared library C:\IntelliJ IDEA Community Edition 2021.3.2\IntelliJ IDEA Community Edition 2023.2.1\bin\breakgen64.dll
Event: 0.238 Loaded shared library C:\Users\stas2\.jdks\openjdk-21.0.1\bin\jimage.dll
Event: 0.358 Loaded shared library C:\Users\stas2\AppData\Local\Temp\lwjgl_stas2\3.3.4+7\x64\lwjgl.dll
Event: 0.574 Loaded shared library C:\Users\stas2\AppData\Local\Temp\lwjgl_stas2\3.3.4+7\x64\lwjgl_opengl.dll
Event: 0.846 Loaded shared library C:\Users\stas2\AppData\Local\Temp\imgui-java-natives\1.89.0\imgui-java64.dll
Event: 0.878 Loaded shared library C:\Users\stas2\.jdks\openjdk-21.0.1\bin\verify.dll
Event: 0.889 Loaded shared library C:\Users\stas2\AppData\Local\Temp\lwjgl_stas2\3.3.4+7\x64\lwjgl_stb.dll

Deoptimization events (20 events):
Event: 1.457 Thread 0x0000022d4199c600 Uncommon trap: trap_request=0xffffff3d fr.pc=0x0000022d534258ac relative=0x00000000000000ec
Event: 1.457 Thread 0x0000022d4199c600 Uncommon trap: reason=unstable_fused_if action=reinterpret pc=0x0000022d534258ac method=java.util.regex.Pattern.closure(Ljava/util/regex/Pattern$Node;)Ljava/util/regex/Pattern$Node; @ 6 c2
Event: 1.457 Thread 0x0000022d4199c600 DEOPT PACKING pc=0x0000022d534258ac sp=0x000000ce0c7fedc0
Event: 1.457 Thread 0x0000022d4199c600 DEOPT UNPACKING pc=0x0000022d52e07da2 sp=0x000000ce0c7fed50 mode 2
Event: 1.457 Thread 0x0000022d4199c600 Uncommon trap: trap_request=0xffffffc6 fr.pc=0x0000022d5342e708 relative=0x0000000000001548
Event: 1.457 Thread 0x0000022d4199c600 Uncommon trap: reason=bimorphic_or_optimized_type_check action=maybe_recompile pc=0x0000022d5342e708 method=java.util.regex.Pattern$Start.<init>(Ljava/util/regex/Pattern$Node;)V @ 22 c2
Event: 1.457 Thread 0x0000022d4199c600 DEOPT PACKING pc=0x0000022d5342e708 sp=0x000000ce0c7fefd0
Event: 1.457 Thread 0x0000022d4199c600 DEOPT UNPACKING pc=0x0000022d52e07da2 sp=0x000000ce0c7fef00 mode 2
Event: 1.457 Thread 0x0000022d4199c600 Uncommon trap: trap_request=0xffffff45 fr.pc=0x0000022d534166fc relative=0x000000000000013c
Event: 1.457 Thread 0x0000022d4199c600 Uncommon trap: reason=unstable_if action=reinterpret pc=0x0000022d534166fc method=java.util.regex.Matcher.reset()Ljava/util/regex/Matcher; @ 47 c2
Event: 1.457 Thread 0x0000022d4199c600 DEOPT PACKING pc=0x0000022d534166fc sp=0x000000ce0c7fef10
Event: 1.457 Thread 0x0000022d4199c600 DEOPT UNPACKING pc=0x0000022d52e07da2 sp=0x000000ce0c7feeb8 mode 2
Event: 1.482 Thread 0x0000022d4199c600 Uncommon trap: trap_request=0xffffffc6 fr.pc=0x0000022d5342e708 relative=0x0000000000001548
Event: 1.482 Thread 0x0000022d4199c600 Uncommon trap: reason=bimorphic_or_optimized_type_check action=maybe_recompile pc=0x0000022d5342e708 method=java.util.regex.Pattern$Start.<init>(Ljava/util/regex/Pattern$Node;)V @ 22 c2
Event: 1.482 Thread 0x0000022d4199c600 DEOPT PACKING pc=0x0000022d5342e708 sp=0x000000ce0c7ff0d0
Event: 1.482 Thread 0x0000022d4199c600 DEOPT UNPACKING pc=0x0000022d52e07da2 sp=0x000000ce0c7ff000 mode 2
Event: 1.503 Thread 0x0000022d4199c600 Uncommon trap: trap_request=0xffffff54 fr.pc=0x0000022d533c118c relative=0x000000000000006c
Event: 1.503 Thread 0x0000022d4199c600 Uncommon trap: reason=speculate_null_assert action=make_not_entrant pc=0x0000022d533c118c method=sun.misc.Unsafe.getLong(Ljava/lang/Object;J)J @ 5 c2
Event: 1.503 Thread 0x0000022d4199c600 DEOPT PACKING pc=0x0000022d533c118c sp=0x000000ce0c7ff1b0
Event: 1.503 Thread 0x0000022d4199c600 DEOPT UNPACKING pc=0x0000022d52e07da2 sp=0x000000ce0c7ff138 mode 2

Classes loaded (20 events):
Event: 26.904 Loading class jdk/internal/logger/AbstractLoggerWrapper
Event: 26.904 Loading class jdk/internal/logger/AbstractLoggerWrapper done
Event: 26.904 Loading class jdk/internal/logger/LazyLoggers$LazyLoggerWrapper done
Event: 26.904 Loading class jdk/internal/logger/LazyLoggers$JdkLazyLogger done
Event: 26.905 Loading class jdk/internal/logger/LazyLoggers$LazyLoggerAccessor
Event: 26.905 Loading class jdk/internal/logger/LazyLoggers$LoggerAccessor
Event: 26.905 Loading class jdk/internal/logger/LazyLoggers$LoggerAccessor done
Event: 26.905 Loading class jdk/internal/logger/LazyLoggers$LazyLoggerAccessor done
Event: 26.905 Loading class java/lang/System$Logger$Level
Event: 26.905 Loading class java/lang/System$Logger$Level done
Event: 26.905 Loading class jdk/internal/logger/SurrogateLogger
Event: 26.905 Loading class jdk/internal/logger/SimpleConsoleLogger
Event: 26.905 Loading class sun/util/logging/PlatformLogger$ConfigurableBridge$LoggerConfiguration
Event: 26.905 Loading class sun/util/logging/PlatformLogger$ConfigurableBridge$LoggerConfiguration done
Event: 26.905 Loading class jdk/internal/logger/SimpleConsoleLogger done
Event: 26.905 Loading class jdk/internal/logger/SurrogateLogger done
Event: 26.905 Loading class sun/util/logging/PlatformLogger
Event: 26.905 Loading class sun/util/logging/PlatformLogger done
Event: 26.905 Loading class sun/util/logging/PlatformLogger$Level
Event: 26.906 Loading class sun/util/logging/PlatformLogger$Level done

Classes unloaded (0 events):
No events

Classes redefined (0 events):
No events

Internal exceptions (20 events):
Event: 0.890 Thread 0x0000022d4199c600 Exception <a 'sun/nio/fs/WindowsException'{0x00000007125dfdd0}> (0x00000007125dfdd0) 
thrown [s\open\src\hotspot\share\prims\jni.cpp, line 520]
Event: 0.960 Thread 0x0000022d4199c600 Exception <a 'java/lang/NoSuchMethodError'{0x00000007122ba3a8}: 'int java.lang.invoke.DirectMethodHandle$Holder.invokeVirtual(java.lang.Object, java.lang.Object, java.lang.Object)'> (0x00000007122ba3a8) 
thrown [s\open\src\hotspot\share\interpreter\linkResolver.cpp, line 773]
Event: 0.960 Thread 0x0000022d4199c600 Exception <a 'java/lang/NoSuchMethodError'{0x00000007122bfe90}: 'void java.lang.invoke.DirectMethodHandle$Holder.invokeInterface(java.lang.Object, java.lang.Object, java.lang.Object)'> (0x00000007122bfe90) 
thrown [s\open\src\hotspot\share\interpreter\linkResolver.cpp, line 773]
Event: 1.001 Thread 0x0000022d4199c600 Exception <a 'java/lang/NoSuchMethodError'{0x00000007123bfff8}: 'int java.lang.invoke.DirectMethodHandle$Holder.invokeStaticInit(java.lang.Object, java.lang.Object)'> (0x00000007123bfff8) 
thrown [s\open\src\hotspot\share\interpreter\linkResolver.cpp, line 773]
Event: 1.026 Thread 0x0000022d628c66b0 Exception <a 'sun/nio/fs/WindowsException'{0x00000007120d52f8}> (0x00000007120d52f8) 
thrown [s\open\src\hotspot\share\prims\jni.cpp, line 520]
Event: 1.033 Thread 0x0000022d628c66b0 Exception <a 'java/lang/NoSuchMethodError'{0x00000007121081e8}: 'java.lang.Object java.lang.invoke.Invokers$Holder.invokeExact_MT(java.lang.Object, java.lang.Object, java.lang.Object, java.lang.Object, java.lang.Object, java.lang.Object)'> (0x00000007121081e8) 
thrown [s\open\src\hotspot\share\interpreter\linkResolver.cpp, line 773]
Event: 1.057 Thread 0x0000022d4199c600 Exception <a 'java/lang/NoSuchMethodError'{0x000000071218dfd0}: 'int java.lang.invoke.DirectMethodHandle$Holder.invokeVirtual(java.lang.Object, java.lang.Object)'> (0x000000071218dfd0) 
thrown [s\open\src\hotspot\share\interpreter\linkResolver.cpp, line 773]
Event: 1.060 Thread 0x0000022d4199c600 Exception <a 'java/lang/NoSuchMethodError'{0x00000007121af820}: 'java.lang.Object java.lang.invoke.DirectMethodHandle$Holder.newInvokeSpecial(java.lang.Object, java.lang.Object, java.lang.Object, java.lang.Object, java.lang.Object)'> (0x00000007121af820) 
thrown [s\open\src\hotspot\share\interpreter\linkResolver.cpp, line 773]
Event: 1.061 Thread 0x0000022d4199c600 Exception <a 'java/lang/NoSuchMethodError'{0x00000007121bc268}: 'java.lang.Object java.lang.invoke.DirectMethodHandle$Holder.newInvokeSpecial(java.lang.Object, java.lang.Object, java.lang.Object, java.lang.Object, java.lang.Object, java.lang.Object)'> (0x00000007121bc268) 
thrown [s\open\src\hotspot\share\interpreter\linkResolver.cpp, line 773]
Event: 1.075 Thread 0x0000022d4199c600 Exception <a 'java/lang/NoSuchMethodError'{0x0000000711e08118}: 'int java.lang.invoke.DirectMethodHandle$Holder.invokeInterface(java.lang.Object, java.lang.Object)'> (0x0000000711e08118) 
thrown [s\open\src\hotspot\share\interpreter\linkResolver.cpp, line 773]
Event: 1.075 Thread 0x0000022d4199c600 Exception <a 'sun/nio/fs/WindowsException'{0x0000000711e0dc70}> (0x0000000711e0dc70) 
thrown [s\open\src\hotspot\share\prims\jni.cpp, line 520]
Event: 1.079 Thread 0x0000022d4199c600 Exception <a 'sun/nio/fs/WindowsException'{0x0000000711e15828}> (0x0000000711e15828) 
thrown [s\open\src\hotspot\share\prims\jni.cpp, line 520]
Event: 1.104 Thread 0x0000022d4199c600 Exception <a 'sun/nio/fs/WindowsException'{0x0000000711eca090}> (0x0000000711eca090) 
thrown [s\open\src\hotspot\share\prims\jni.cpp, line 520]
Event: 1.110 Thread 0x0000022d4199c600 Exception <a 'sun/nio/fs/WindowsException'{0x0000000711f20c50}> (0x0000000711f20c50) 
thrown [s\open\src\hotspot\share\prims\jni.cpp, line 520]
Event: 1.141 Thread 0x0000022d4199c600 Exception <a 'java/lang/NoSuchMethodError'{0x0000000711ff8048}: 'java.lang.Object java.lang.invoke.DirectMethodHandle$Holder.invokeSpecial(java.lang.Object, java.lang.Object, java.lang.Object, int, int)'> (0x0000000711ff8048) 
thrown [s\open\src\hotspot\share\interpreter\linkResolver.cpp, line 773]
Event: 1.142 Thread 0x0000022d4199c600 Exception <a 'java/lang/NoSuchMethodError'{0x0000000711ffe128}: 'java.lang.Object java.lang.invoke.DirectMethodHandle$Holder.invokeVirtual(java.lang.Object, java.lang.Object, int)'> (0x0000000711ffe128) 
thrown [s\open\src\hotspot\share\interpreter\linkResolver.cpp, line 773]
Event: 1.181 Thread 0x0000022d4199c600 Exception <a 'java/lang/NoSuchMethodError'{0x0000000711965a60}: 'java.lang.Object java.lang.invoke.DirectMethodHandle$Holder.invokeStatic(java.lang.Object, int, java.lang.Object)'> (0x0000000711965a60) 
thrown [s\open\src\hotspot\share\interpreter\linkResolver.cpp, line 773]
Event: 1.304 Thread 0x0000022d4199c600 Exception <a 'java/lang/NoSuchMethodError'{0x0000000710e40798}: 'java.lang.Object java.lang.invoke.DirectMethodHandle$Holder.invokeVirtual(java.lang.Object, java.lang.Object, java.lang.Object, int, int)'> (0x0000000710e40798) 
thrown [s\open\src\hotspot\share\interpreter\linkResolver.cpp, line 773]
Event: 1.324 Thread 0x0000022d4199c600 Exception <a 'java/lang/NoSuchMethodError'{0x0000000710fb2e70}: 'int java.lang.invoke.DirectMethodHandle$Holder.invokeStatic(java.lang.Object, java.lang.Object, java.lang.Object, java.lang.Object)'> (0x0000000710fb2e70) 
thrown [s\open\src\hotspot\share\interpreter\linkResolver.cpp, line 773]
Event: 26.904 Thread 0x0000022d689dec80 Exception <a 'sun/nio/fs/WindowsException'{0x0000000712a01908}> (0x0000000712a01908) 
thrown [s\open\src\hotspot\share\prims\jni.cpp, line 520]

ZGC Phase Switch (0 events):
No events

VM Operations (20 events):
Event: 3.440 Executing VM operation: Cleanup done
Event: 4.451 Executing VM operation: Cleanup
Event: 4.451 Executing VM operation: Cleanup done
Event: 6.465 Executing VM operation: Cleanup
Event: 6.465 Executing VM operation: Cleanup done
Event: 7.477 Executing VM operation: Cleanup
Event: 7.477 Executing VM operation: Cleanup done
Event: 9.488 Executing VM operation: Cleanup
Event: 9.488 Executing VM operation: Cleanup done
Event: 16.562 Executing VM operation: Cleanup
Event: 16.562 Executing VM operation: Cleanup done
Event: 20.607 Executing VM operation: Cleanup
Event: 20.607 Executing VM operation: Cleanup done
Event: 22.630 Executing VM operation: Cleanup
Event: 22.630 Executing VM operation: Cleanup done
Event: 23.642 Executing VM operation: Cleanup
Event: 23.642 Executing VM operation: Cleanup done
Event: 25.667 Executing VM operation: Cleanup
Event: 25.667 Executing VM operation: Cleanup done
Event: 26.906 Executing VM operation: Exit

Events (20 events):
Event: 0.035 Thread 0x0000022d628ce6d0 Thread added: 0x0000022d628ce6d0
Event: 0.036 Thread 0x0000022d6328a240 Thread added: 0x0000022d6328a240
Event: 0.061 Thread 0x0000022d628c6020 Thread added: 0x0000022d628c6020
Event: 0.124 Thread 0x0000022d634db590 Thread added: 0x0000022d634db590
Event: 0.132 Thread 0x0000022d633c8b80 Thread added: 0x0000022d633c8b80
Event: 0.187 Thread 0x0000022d628c7a60 Thread added: 0x0000022d628c7a60
Event: 0.187 Thread 0x0000022d628c73d0 Thread added: 0x0000022d628c73d0
Event: 0.683 Thread 0x0000022d633c8b80 Thread exited: 0x0000022d633c8b80
Event: 0.683 Thread 0x0000022d634db590 Thread exited: 0x0000022d634db590
Event: 0.905 Thread 0x0000022d68352610 Thread added: 0x0000022d68352610
Event: 1.026 Thread 0x0000022d68768060 Thread added: 0x0000022d68768060
Event: 1.026 Thread 0x0000022d68768710 Thread added: 0x0000022d68768710
Event: 1.377 Thread 0x0000022d68587100 Thread added: 0x0000022d68587100
Event: 1.705 Thread 0x0000022d68768060 Thread exited: 0x0000022d68768060
Event: 1.705 Thread 0x0000022d68768710 Thread exited: 0x0000022d68768710
Event: 3.268 Thread 0x0000022d68ac69b0 Thread added: 0x0000022d68ac69b0
Event: 3.268 Thread 0x0000022d68ac7060 Thread added: 0x0000022d68ac7060
Event: 4.246 Thread 0x0000022d68ac7060 Thread exited: 0x0000022d68ac7060
Event: 4.246 Thread 0x0000022d68ac69b0 Thread exited: 0x0000022d68ac69b0
Event: 26.902 Thread 0x0000022d689dec80 Thread added: 0x0000022d689dec80


Dynamic libraries:
0x00007ff786dd0000 - 0x00007ff786dde000 	C:\Users\stas2\.jdks\openjdk-21.0.1\bin\java.exe
0x00007ffac7c80000 - 0x00007ffac7ee9000 	C:\WINDOWS\SYSTEM32\ntdll.dll
0x00007ffac5b10000 - 0x00007ffac5bd9000 	C:\WINDOWS\System32\KERNEL32.DLL
0x00007ffac5310000 - 0x00007ffac5703000 	C:\WINDOWS\System32\KERNELBASE.dll
0x00007ffac4e10000 - 0x00007ffac4f5b000 	C:\WINDOWS\System32\ucrtbase.dll
0x00007ffa666d0000 - 0x00007ffa666e8000 	C:\Users\stas2\.jdks\openjdk-21.0.1\bin\jli.dll
0x00007ffa559e0000 - 0x00007ffa559fb000 	C:\Users\stas2\.jdks\openjdk-21.0.1\bin\VCRUNTIME140.dll
0x00007ffac60a0000 - 0x00007ffac6264000 	C:\WINDOWS\System32\USER32.dll
0x00007ffaacac0000 - 0x00007ffaacd53000 	C:\WINDOWS\WinSxS\amd64_microsoft.windows.common-controls_6595b64144ccf1df_6.0.26100.5074_none_3e0d6f78e32fd63f\COMCTL32.dll
0x00007ffac5250000 - 0x00007ffac5277000 	C:\WINDOWS\System32\win32u.dll
0x00007ffac7170000 - 0x00007ffac7219000 	C:\WINDOWS\System32\msvcrt.dll
0x00007ffac6070000 - 0x00007ffac609b000 	C:\WINDOWS\System32\GDI32.dll
0x00007ffac5920000 - 0x00007ffac5a4d000 	C:\WINDOWS\System32\gdi32full.dll
0x00007ffac5710000 - 0x00007ffac57b3000 	C:\WINDOWS\System32\msvcp_win.dll
0x00007ffac7c00000 - 0x00007ffac7c2f000 	C:\WINDOWS\System32\IMM32.DLL
0x00007ffa8ab90000 - 0x00007ffa8ab9c000 	C:\Users\stas2\.jdks\openjdk-21.0.1\bin\vcruntime140_1.dll
0x00007ff9f8ba0000 - 0x00007ff9f8c2e000 	C:\Users\stas2\.jdks\openjdk-21.0.1\bin\msvcp140.dll
0x00007ff9c4db0000 - 0x00007ff9c5ac5000 	C:\Users\stas2\.jdks\openjdk-21.0.1\bin\server\jvm.dll
0x00007ffac66a0000 - 0x00007ffac6754000 	C:\WINDOWS\System32\ADVAPI32.dll
0x00007ffac70c0000 - 0x00007ffac7166000 	C:\WINDOWS\System32\sechost.dll
0x00007ffac7ae0000 - 0x00007ffac7bf8000 	C:\WINDOWS\System32\RPCRT4.dll
0x00007ffac6a60000 - 0x00007ffac6ad4000 	C:\WINDOWS\System32\WS2_32.dll
0x00007ffac3a50000 - 0x00007ffac3aae000 	C:\WINDOWS\SYSTEM32\POWRPROF.dll
0x00007ffab73c0000 - 0x00007ffab73f5000 	C:\WINDOWS\SYSTEM32\WINMM.dll
0x00007ffabab30000 - 0x00007ffabab3b000 	C:\WINDOWS\SYSTEM32\VERSION.dll
0x00007ffac3a30000 - 0x00007ffac3a44000 	C:\WINDOWS\SYSTEM32\UMPDC.dll
0x00007ffac3d10000 - 0x00007ffac3d2b000 	C:\WINDOWS\SYSTEM32\kernel.appcore.dll
0x00007ffa6cd70000 - 0x00007ffa6cd7a000 	C:\Users\stas2\.jdks\openjdk-21.0.1\bin\jimage.dll
0x00007ffac2590000 - 0x00007ffac27d2000 	C:\WINDOWS\SYSTEM32\DBGHELP.DLL
0x00007ffac6b70000 - 0x00007ffac6eeb000 	C:\WINDOWS\System32\combase.dll
0x00007ffac7970000 - 0x00007ffac7a47000 	C:\WINDOWS\System32\OLEAUT32.dll
0x00007ffaa9e70000 - 0x00007ffaa9ead000 	C:\WINDOWS\SYSTEM32\dbgcore.DLL
0x00007ffac5880000 - 0x00007ffac5919000 	C:\WINDOWS\System32\bcryptPrimitives.dll
0x00007ffabbdf0000 - 0x00007ffabbdff000 	C:\Users\stas2\.jdks\openjdk-21.0.1\bin\instrument.dll
0x00007ffa54330000 - 0x00007ffa5434f000 	C:\Users\stas2\.jdks\openjdk-21.0.1\bin\java.dll
0x00007ffac7220000 - 0x00007ffac796d000 	C:\WINDOWS\System32\SHELL32.dll
0x00007ffac50e0000 - 0x00007ffac524c000 	C:\WINDOWS\System32\wintypes.dll
0x00007ffac2a80000 - 0x00007ffac32d9000 	C:\WINDOWS\SYSTEM32\windows.storage.dll
0x00007ffac6ef0000 - 0x00007ffac6fe0000 	C:\WINDOWS\System32\SHCORE.dll
0x00007ffac6ae0000 - 0x00007ffac6b42000 	C:\WINDOWS\System32\shlwapi.dll
0x00007ffac4d30000 - 0x00007ffac4d59000 	C:\WINDOWS\SYSTEM32\profapi.dll
0x00007ff9f8ac0000 - 0x00007ff9f8b97000 	C:\Users\stas2\.jdks\openjdk-21.0.1\bin\jsvml.dll
0x00007ffa6a0b0000 - 0x00007ffa6a0c0000 	C:\Users\stas2\.jdks\openjdk-21.0.1\bin\net.dll
0x00007ffabbf60000 - 0x00007ffabc07f000 	C:\WINDOWS\SYSTEM32\WINHTTP.dll
0x00007ffac4290000 - 0x00007ffac42fb000 	C:\WINDOWS\system32\mswsock.dll
0x00007ffa532a0000 - 0x00007ffa532b6000 	C:\Users\stas2\.jdks\openjdk-21.0.1\bin\nio.dll
0x00007ffa53280000 - 0x00007ffa53298000 	C:\Users\stas2\.jdks\openjdk-21.0.1\bin\zip.dll
0x00007ffa99f90000 - 0x00007ffa99faa000 	C:\IntelliJ IDEA Community Edition 2021.3.2\IntelliJ IDEA Community Edition 2023.2.1\bin\breakgen64.dll
0x00007ffa66a10000 - 0x00007ffa66a8b000 	C:\Users\stas2\AppData\Local\Temp\lwjgl_stas2\3.3.4+7\x64\lwjgl.dll
0x00007ffa542a0000 - 0x00007ffa54325000 	C:\Users\stas2\AppData\Local\Temp\lwjgl_stas2\3.3.4+7\x64\glfw.dll
0x00007ffa64f70000 - 0x00007ffa64fbb000 	C:\WINDOWS\SYSTEM32\dinput8.dll
0x00007ffa98390000 - 0x00007ffa983a2000 	C:\WINDOWS\SYSTEM32\xinput1_4.dll
0x00007ffac4ac0000 - 0x00007ffac4b17000 	C:\WINDOWS\SYSTEM32\cfgmgr32.dll
0x00007ffac4a90000 - 0x00007ffac4abd000 	C:\WINDOWS\SYSTEM32\DEVOBJ.dll
0x00007ffac1d20000 - 0x00007ffac1d4b000 	C:\WINDOWS\SYSTEM32\dwmapi.dll
0x00007ffa9a160000 - 0x00007ffa9a33a000 	C:\WINDOWS\SYSTEM32\inputhost.dll
0x00007ffabef10000 - 0x00007ffabf035000 	C:\WINDOWS\SYSTEM32\CoreMessaging.dll
0x00007ffabf4e0000 - 0x00007ffabf588000 	C:\WINDOWS\system32\uxtheme.dll
0x00007ffac6530000 - 0x00007ffac6688000 	C:\WINDOWS\System32\MSCTF.dll
0x00007ffac4550000 - 0x00007ffac455c000 	C:\WINDOWS\SYSTEM32\CRYPTBASE.DLL
0x00007ffa95710000 - 0x00007ffa9581c000 	C:\WINDOWS\SYSTEM32\opengl32.dll
0x00007ffa9a380000 - 0x00007ffa9a3ad000 	C:\WINDOWS\SYSTEM32\GLU32.dll
0x00007ffac1da0000 - 0x00007ffac1de4000 	C:\WINDOWS\SYSTEM32\dxcore.dll
0x00007ffabd0b0000 - 0x00007ffabd110000 	C:\WINDOWS\SYSTEM32\directxdatabasehelper.dll
0x00007ffab54c0000 - 0x00007ffab54da000 	C:\WINDOWS\SYSTEM32\windows.staterepositorycore.dll
0x00007ffa39a50000 - 0x00007ffa3aa43000 	C:\WINDOWS\System32\DriverStore\FileRepository\iigd_dch.inf_amd64_5802b1615520e41c\igxelpicd64.dll
0x00007ffac68c0000 - 0x00007ffac6a58000 	C:\WINDOWS\System32\ole32.dll
0x00007ffac1ba0000 - 0x00007ffac1cda000 	C:\WINDOWS\system32\dxgi.dll
0x00007ffa39760000 - 0x00007ffa39a47000 	C:\WINDOWS\System32\DriverStore\FileRepository\iigd_dch.inf_amd64_5802b1615520e41c\igdml64.dll
0x00007ffab2f10000 - 0x00007ffab32d7000 	C:\WINDOWS\System32\DriverStore\FileRepository\iigd_dch.inf_amd64_5802b1615520e41c\igdgmm64.dll
0x00007ffaaf880000 - 0x00007ffab2e91000 	C:\WINDOWS\System32\DriverStore\FileRepository\iigd_dch.inf_amd64_5802b1615520e41c\igc64.dll
0x00007ffa91ad0000 - 0x00007ffa91c19000 	C:\WINDOWS\SYSTEM32\textinputframework.dll
0x00007ffab5eb0000 - 0x00007ffab6193000 	C:\WINDOWS\SYSTEM32\CoreUIComponents.dll
0x00007ffa5f060000 - 0x00007ffa5f0c1000 	C:\Users\stas2\AppData\Local\Temp\lwjgl_stas2\3.3.4+7\x64\lwjgl_opengl.dll
0x00007ffa40220000 - 0x00007ffa40a14000 	C:\Users\stas2\AppData\Local\Temp\imgui-java-natives\1.89.0\imgui-java64.dll
0x00007ffa66660000 - 0x00007ffa66670000 	C:\Users\stas2\.jdks\openjdk-21.0.1\bin\verify.dll
0x00007ffa531e0000 - 0x00007ffa53280000 	C:\Users\stas2\AppData\Local\Temp\lwjgl_stas2\3.3.4+7\x64\lwjgl_stb.dll

dbghelp: loaded successfully - version: 4.0.5 - missing functions: none
symbol engine: initialized successfully - sym options: 0x614 - pdb path: .;C:\Users\stas2\.jdks\openjdk-21.0.1\bin;C:\WINDOWS\SYSTEM32;C:\WINDOWS\WinSxS\amd64_microsoft.windows.common-controls_6595b64144ccf1df_6.0.26100.5074_none_3e0d6f78e32fd63f;C:\Users\stas2\.jdks\openjdk-21.0.1\bin\server;C:\IntelliJ IDEA Community Edition 2021.3.2\IntelliJ IDEA Community Edition 2023.2.1\bin;C:\Users\stas2\AppData\Local\Temp\lwjgl_stas2\3.3.4+7\x64;C:\WINDOWS\System32\DriverStore\FileRepository\iigd_dch.inf_amd64_5802b1615520e41c;C:\Users\stas2\AppData\Local\Temp\imgui-java-natives\1.89.0

VM Arguments:
jvm_args: -javaagent:C:\IntelliJ IDEA Community Edition 2021.3.2\IntelliJ IDEA Community Edition 2023.2.1\lib\idea_rt.jar=64946:C:\IntelliJ IDEA Community Edition 2021.3.2\IntelliJ IDEA Community Edition 2023.2.1\bin -Dfile.encoding=windows-1252 -Dsun.stdout.encoding=windows-1252 -Dsun.stderr.encoding=windows-1252 --module-path=C:\Users\stas2\.m2\repository\io\github\spair\imgui-java-binding\1.89.0\imgui-java-binding-1.89.0.jar;C:\Users\stas2\.m2\repository\com\fasterxml\jackson\core\jackson-annotations\2.17.2\jackson-annotations-2.17.2.jar;O:\GIt\MultiplayerShooter\target\classes;C:\Users\stas2\.m2\repository\org\joml\joml-primitives\1.10.0\joml-primitives-1.10.0.jar;C:\Users\stas2\.m2\repository\org\lwjgl\lwjgl-opengl\3.3.4\lwjgl-opengl-3.3.4.jar;C:\Users\stas2\.m2\repository\org\lwjgl\lwjgl-assimp\3.3.4\lwjgl-assimp-3.3.4.jar;C:\Users\stas2\.m2\repository\org\lwjgl\lwjgl-stb\3.3.4\lwjgl-stb-3.3.4.jar;C:\Users\stas2\.m2\repository\com\fasterxml\jackson\core\jackson-core\2.17.2\jackson-core-2.17.2.jar;C:\Users\stas2\.m2\repository\org\lwjgl\lwjgl-glfw\3.3.4\lwjgl-glfw-3.3.4.jar;C:\Users\stas2\.m2\repository\org\joml\joml\1.10.7\joml-1.10.7.jar;C:\Users\stas2\.m2\repository\io\github\spair\imgui-java-lwjgl3\1.89.0\imgui-java-lwjgl3-1.89.0.jar;C:\Users\stas2\.m2\repository\org\lwjgl\lwjgl\3.3.4\lwjgl-3.3.4.jar;C:\Users\stas2\.m2\repository\org\lwjgl\lwjgl-vulkan\3.3.4\lwjgl-vulkan-3.3.4.jar;C:\Users\stas2\.m2\repository\com\fasterxml\jackson\core\jackson-databind\2.17.2\jackson-databind-2.17.2.jar -Djdk.module.main=com.bedrye.bjge 
java_command: com.bedrye.bjge/com.bedrye.bjge.TestMain
java_class_path (initial): C:\Users\stas2\.m2\repository\io\github\spair\imgui-java-natives-windows\1.89.0\imgui-java-natives-windows-1.89.0.jar;C:\Users\stas2\.m2\repository\org\junit\jupiter\junit-jupiter-api\5.9.2\junit-jupiter-api-5.9.2.jar;C:\Users\stas2\.m2\repository\org\opentest4j\opentest4j\1.2.0\opentest4j-1.2.0.jar;C:\Users\stas2\.m2\repository\org\junit\platform\junit-platform-commons\1.9.2\junit-platform-commons-1.9.2.jar;C:\Users\stas2\.m2\repository\org\apiguardian\apiguardian-api\1.1.2\apiguardian-api-1.1.2.jar;C:\Users\stas2\.m2\repository\org\junit\jupiter\junit-jupiter-engine\5.9.2\junit-jupiter-engine-5.9.2.jar;C:\Users\stas2\.m2\repository\org\junit\platform\junit-platform-engine\1.9.2\junit-platform-engine-1.9.2.jar;C:\Users\stas2\.m2\repository\org\lwjgl\lwjgl-bgfx\3.3.4\lwjgl-bgfx-3.3.4.jar;C:\Users\stas2\.m2\repository\org\lwjgl\lwjgl-nanovg\3.3.4\lwjgl-nanovg-3.3.4.jar;C:\Users\stas2\.m2\repository\org\lwjgl\lwjgl-nuklear\3.3.4\lwjgl-nuklear-3.3.4.jar;C:\Users\stas2\.m2\repository\org\lwjgl\lwjgl-openal\3.3.4\lwjgl-openal-3.3.4.jar;C:\Users\stas2\.m2\repository\org\lwjgl\lwjgl-par\3.3.4\lwjgl-par-3.3.4.jar;C:\Users\stas2\.m2\repository\org\lwjgl\lwjgl\3.3.4\lwjgl-3.3.4-natives-windows.jar;C:\Users\stas2\.m2\repository\org\lwjgl\lwjgl-assimp\3.3.4\lwjgl-assimp-3.3.4-natives-windows.jar;C:\Users\stas2\.m2\repository\org\lwjgl\lwjgl-bgfx\3.3.4\lwjgl-bgfx-3.3.4-natives-windows.jar;C:\Users\stas2\.m2\repository\org\lwjgl\lwjgl-glfw\3.3.4\lwjgl-glfw-3.3.4-natives-windows.jar;C:\Users\stas2\.m2\repository\org\lwjgl\lwjgl-nanovg\3.3.4\lwjgl-nanovg-3.3.4-natives-windows.jar;C:\Users\stas2\.m2\repository\org\lwjgl\lwjgl-nuklear\3.3.4\lwjgl-nuklear-3.3.4-natives-windows.jar;C:\Users\stas2\.m2\repository\org\lwjgl\lwjgl-openal\3.3.4\lwjgl-openal-3.3.4-natives-windows.jar;C:\Users\stas2\.m2\repository\org\lwjgl\lwjgl-opengl\3.3.4\lwjgl-opengl-3.3.4-natives-windows.jar;C:\Users\stas2\.m2\repository\org\lwjgl\lwjgl-par\3.3.4\lwjgl-par-3.3.4-natives-windows.jar;C:\Users\stas2\.m2\repository\org\lwjgl\lwjgl-stb\3.3.4\lwjgl-stb-3.3.4-natives-windows.jar
Launcher Type: SUN_STANDARD

[Global flags]
     intx CICompilerCount                          = 4                                         {product} {ergonomic}
     uint ConcGCThreads                            = 3                                         {product} {ergonomic}
     uint G1ConcRefinementThreads                  = 10                                        {product} {ergonomic}
   size_t G1HeapRegionSize                         = 2097152                                   {product} {ergonomic}
    uintx GCDrainStackTargetSize                   = 64                                        {product} {ergonomic}
   size_t InitialHeapSize                          = 266338304                                 {product} {ergonomic}
   size_t MarkStackSize                            = 4194304                                   {product} {ergonomic}
   size_t MaxHeapSize                              = 4238344192                                {product} {ergonomic}
   size_t MaxNewSize                               = 2541748224                                {product} {ergonomic}
   size_t MinHeapDeltaBytes                        = 2097152                                   {product} {ergonomic}
   size_t MinHeapSize                              = 8388608                                   {product} {ergonomic}
    uintx NonNMethodCodeHeapSize                   = 5839372                                {pd product} {ergonomic}
    uintx NonProfiledCodeHeapSize                  = 122909434                              {pd product} {ergonomic}
    uintx ProfiledCodeHeapSize                     = 122909434                              {pd product} {ergonomic}
    uintx ReservedCodeCacheSize                    = 251658240                              {pd product} {ergonomic}
     bool SegmentedCodeCache                       = true                                      {product} {ergonomic}
   size_t SoftMaxHeapSize                          = 4238344192                             {manageable} {ergonomic}
     bool UseCompressedOops                        = true                           {product lp64_product} {ergonomic}
     bool UseG1GC                                  = true                                      {product} {ergonomic}
     bool UseLargePagesIndividualAllocation        = false                                  {pd product} {ergonomic}

Logging:
Log output configuration:
 #0: stdout all=off uptime,level,tags foldmultilines=false
 #1: stderr all=off uptime,level,tags foldmultilines=false

Environment Variables:
JAVA_HOME=C:\Program Files\Java\jdk-21
PATH=C:\Program Files\PlasticSCM5\server;C:\Program Files\PlasticSCM5\client;C:\Program Files\NVIDIA GPU Computing Toolkit\CUDA\v12.6\bin;C:\Program Files\NVIDIA GPU Computing Toolkit\CUDA\v12.6\libnvvp;C:\Program Files\Common Files\Oracle\Java\javapath;C:\Windows\system32;C:\Windows;C:\Program Files\Java\jdk-11.0.2\bin;C:\Windows\System32\Wbem;C:\ORacleDatabase\dbhomeXE\bin;C:\Windows\System32\WindowsPowerShell\v1.0\;C:\Windows\System32\OpenSSH\;C:\Program Files (x86)\NVIDIA Corporation\PhysX\Common;C:\Program Files\NVIDIA Corporation\NVIDIA NvDLISR;C:\Program Files\Git LFS;C:\Program Files\Git\cmd;C:\Program Files (x86)\Windows Kits\10\Windows Performance Toolkit\;C:\Program Files (x86)\Steam\steamapps\common\Counter-Strike Global Offensive\game\bin\win64;C:\Users\stas2\AppData\Local\Programs\Python\Python311;C:\Program Files\dotnet\;C:\Program Files\Microsoft SQL Server\150\Tools\Binn\;C:\Program Files\Microsoft SQL Server\Client SDK\ODBC\170\Tools\Binn\;C:\Program Files\NVIDIA Corporation\Nsight Compute 2024.3.2\;C:\Program Files (x86)\Microsoft SQL Server\160\Tools\Binn\;C:\Program Files\Microsoft SQL Server\160\Tools\Binn\;C:\Program Files\Microsoft SQL Server\160\DTS\Binn\;C:\Program Files (x86)\Microsoft SQL Server\160\DTS\Binn\;C:\WINDOWS\system32;C:\WINDOWS;C:\WINDOWS\System32\Wbem;C:\WINDOWS\System32\WindowsPowerShell\v1.0\;C:\WINDOWS\System32\OpenSSH\;C:\Program Files\Docker\Docker\resources\bin;O:\npdejs\;C:\Users\stas2\AppData\Local\Programs\Python\Python312\Scripts;C:\Users\stas2\AppData\Local\Microsoft\WindowsApps;C:\Users\stas2\AppData\Local\Programs\Microsoft VS Code\bin;C:\Users\stas2\AppData\Local\GitHubDesktop\bin;C:\Users\stas2\AppData\Local\Programs\Python\Python311;C:\Program Files (x86)\Steam\steamapps\common\Counter-Strike Global Offensive\game\bin\win64;C:\Users\stas2\.dotnet\tools;C:\Users\stas2\AppData\Local\Muse Hub\lib;C:\Users\stas2\AppData\Roaming\npm;C:\Users\stas2\AppData\Local\Programs\Python\Python312\Scripts;
USERNAME=stas2
OS=Windows_NT
PROCESSOR_IDENTIFIER=Intel64 Family 6 Model 141 Stepping 1, GenuineIntel
TMP=C:\Users\stas2\AppData\Local\Temp
TEMP=C:\Users\stas2\AppData\Local\Temp




Periodic native trim disabled

---------------  S Y S T E M  ---------------

OS:
 Windows 11 , 64 bit Build 26100 (10.0.26100.5074)
OS uptime: 29 days 18:09 hours
Hyper-V role detected

CPU: total 12 (initial active 12) (6 cores per cpu, 2 threads per core) family 6 model 141 stepping 1 microcode 0x3c, cx8, cmov, fxsr, ht, mmx, 3dnowpref, sse, sse2, sse3, ssse3, sse4.1, sse4.2, popcnt, lzcnt, tsc, tscinvbit, avx, avx2, aes, erms, clmul, bmi1, bmi2, adx, avx512f, avx512dq, avx512cd, avx512bw, avx512vl, sha, fma, vzeroupper, avx512_vpopcntdq, avx512_vpclmulqdq, avx512_vaes, avx512_vnni, clflush, clflushopt, clwb, avx512_vbmi2, avx512_vbmi, hv, rdtscp, rdpid, fsrm, gfni, avx512_bitalg, f16c, cet_ibt, cet_ss, avx512_ifma
Processor Information for all 12 processors :
  Max Mhz: 2688, Current Mhz: 2688, Mhz Limit: 2688

Memory: 4k page, system-wide physical 16163M (1106M free)
TotalPageFile size 36643M (AvailPageFile size 1943M)
current process WorkingSet (physical memory assigned to process): 276M, peak: 290M
current process commit charge ("private bytes"): 440M, peak: 455M

vm_info: OpenJDK 64-Bit Server VM (21.0.1+12-29) for windows-amd64 JRE (21.0.1+12-29), built on 2023-10-05T13:27:09Z by "mach5one" with MS VC++ 17.1 (VS2022)

END.
