#
# A fatal error has been detected by the Java Runtime Environment:
#
#  EXCEPTION_ACCESS_VIOLATION (0xc0000005) at pc=0x00007ffdb54c366c, pid=23844, tid=29204
#
# JRE version: OpenJDK Runtime Environment (21.0.1+12) (build 21.0.1+12-29)
# Java VM: OpenJDK 64-Bit Server VM (21.0.1+12-29, mixed mode, sharing, tiered, compressed oops, compressed class ptrs, g1 gc, windows-amd64)
# Problematic frame:
# C  [igxelpicd64.dll+0x13366c]
#
# No core dump will be written. Minidumps are not enabled by default on client versions of Windows
#
# If you would like to submit a bug report, please visit:
#   https://bugreport.java.com/bugreport/crash.jsp
#

---------------  S U M M A R Y ------------

Command Line: -javaagent:C:\IntelliJ IDEA Community Edition 2021.3.2\IntelliJ IDEA Community Edition 2023.2.1\lib\idea_rt.jar=56357:C:\IntelliJ IDEA Community Edition 2021.3.2\IntelliJ IDEA Community Edition 2023.2.1\bin -Dfile.encoding=windows-1252 -Dsun.stdout.encoding=windows-1252 -Dsun.stderr.encoding=windows-1252 --module-path=C:\Users\stas2\.m2\repository\com\fasterxml\jackson\core\jackson-databind\2.17.2\jackson-databind-2.17.2.jar;C:\Users\stas2\.m2\repository\org\lwjgl\lwjgl-opengl\3.3.4\lwjgl-opengl-3.3.4.jar;C:\Users\stas2\.m2\repository\org\joml\joml-primitives\1.10.0\joml-primitives-1.10.0.jar;C:\Users\stas2\.m2\repository\com\fasterxml\jackson\core\jackson-core\2.17.2\jackson-core-2.17.2.jar;C:\Users\stas2\.m2\repository\org\lwjgl\lwjgl-glfw\3.3.4\lwjgl-glfw-3.3.4.jar;C:\Users\stas2\.m2\repository\org\lwjgl\lwjgl-vulkan\3.3.4\lwjgl-vulkan-3.3.4.jar;C:\Users\stas2\.m2\repository\io\github\spair\imgui-java-binding\1.89.0\imgui-java-binding-1.89.0.jar;C:\Users\stas2\.m2\repository\org\lwjgl\lwjgl-assimp\3.3.4\lwjgl-assimp-3.3.4.jar;C:\Users\stas2\.m2\repository\org\lwjgl\lwjgl-stb\3.3.4\lwjgl-stb-3.3.4.jar;C:\Users\stas2\.m2\repository\com\fasterxml\jackson\core\jackson-annotations\2.17.2\jackson-annotations-2.17.2.jar;C:\Users\stas2\.m2\repository\io\github\spair\imgui-java-lwjgl3\1.89.0\imgui-java-lwjgl3-1.89.0.jar;C:\Users\stas2\.m2\repository\org\joml\joml\1.10.7\joml-1.10.7.jar;O:\GIt\MultiplayerShooter\target\classes;C:\Users\stas2\.m2\repository\org\lwjgl\lwjgl\3.3.4\lwjgl-3.3.4.jar -Djdk.module.main=com.bedrye.bjge com.bedrye.bjge/com.bedrye.bjge.TestMain

Host: 11th Gen Intel(R) Core(TM) i5-11400H @ 2.70GHz, 12 cores, 15G,  Windows 11 , 64 bit Build 26100 (10.0.26100.5074)
Time: Mon Oct 13 20:42:48 2025 FLE Summer Time elapsed time: 41.240744 seconds (0d 0h 0m 41s)

---------------  T H R E A D  ---------------

Current thread (0x00000243d4960a80):  VMThread "VM Thread"          [id=29204, stack(0x00000061f1100000,0x00000061f1200000) (1024K)]

Stack: [0x00000061f1100000,0x00000061f1200000],  sp=0x00000061f11fe500,  free space=1017k
Native frames: (J=compiled Java code, j=interpreted, Vv=VM code, C=native code)
C  [igxelpicd64.dll+0x13366c]


siginfo: EXCEPTION_ACCESS_VIOLATION (0xc0000005), reading address 0x00000000000356f8


Registers:
RAX=0x000002441c6b7878, RBX=0x000002441c6b7770, RCX=0x0000000000000000, RDX=0x0000000000000000
RSP=0x00000061f11fe500, RBP=0x0000000000000000, RSI=0x000002441c6b7d40, RDI=0x000002441ab2f900
R8 =0x0000000000000014, R9 =0x00000061f05f8000, R10=0x0000000000000000, R11=0x0000000000000000
R12=0x0000000000000000, R13=0x000002441bc27560, R14=0x00000000005c4600, R15=0x0000000000000016
RIP=0x00007ffdb54c366c, EFLAGS=0x0000000000010206


Register to memory mapping:

RAX=0x000002441c6b7878 points into unknown readable memory: 0x00000000005c468d | 8d 46 5c 00 00 00 00 00
RBX=0x000002441c6b7770 points into unknown readable memory: 0x000002441a924500 | 00 45 92 1a 44 02 00 00
RCX=0x0 is null
RDX=0x0 is null
RSP=0x00000061f11fe500 points into unknown readable memory: 0x000002441ab33a40 | 40 3a b3 1a 44 02 00 00
RBP=0x0 is null
RSI=0x000002441c6b7d40 points into unknown readable memory: 0x000002441bc27560 | 60 75 c2 1b 44 02 00 00
RDI=0x000002441ab2f900 points into unknown readable memory: 0x000002441bb7b601 | 01 b6 b7 1b 44 02 00 00
R8 =0x0000000000000014 is an unknown value
R9 =0x00000061f05f8000 points into unknown readable memory: 0x0000000000000000 | 00 00 00 00 00 00 00 00
R10=0x0 is null
R11=0x0 is null
R12=0x0 is null
R13=0x000002441bc27560 points into unknown readable memory: 0x000002441a924500 | 00 45 92 1a 44 02 00 00
R14=0x00000000005c4600 is an unknown value
R15=0x0000000000000016 is an unknown value

Top of Stack: (sp=0x00000061f11fe500)
0x00000061f11fe500:   000002441ab33a40 0000000000000000
0x00000061f11fe510:   033db2cd030274cd 00007ffe67727254
0x00000061f11fe520:   02dc00cf02b5edce 0165f3cf00aa74cf
0x00000061f11fe530:   03549ed001ba0ad0 01e4f6d0036ac6d0
0x00000061f11fe540:   000002441abec6f8 00000000005c4699
0x00000061f11fe550:   0000000000000000 0000000000000010
0x00000061f11fe560:   0000000000000000 0000000000000000
0x00000061f11fe570:   00000061f11fe680 00007ffdb563bc3c
0x00000061f11fe580:   000002441ab33a40 000002441ab2f900
0x00000061f11fe590:   03150ada034c0500 036127da023e1600
0x00000061f11fe5a0:   000000610000082c 0000b80220660000
0x00000061f11fe5b0:   0000000000000000 035889df03412dde
0x00000061f11fe5c0:   01996de1028f19e0 02ac83e102e66de1
0x00000061f11fe5d0:   036c9ae101b093e1 032ff7e10376e8e1
0x00000061f11fe5e0:   00561be2033915e2 00007ffdb56319a0
0x00000061f11fe5f0:   036dfbe20353a8e2 034d97e303287ae3
0x00000061f11fe600:   033875e40289e2e3 035d79e502e472e5
0x00000061f11fe610:   029acee503659ce5 032701e70347a1e6
0x00000061f11fe620:   031b55e702ec1be7 00007ffdb5413cdf
0x00000061f11fe630:   0000b80220660000 000000000000082c
0x00000061f11fe640:   0000000000000000 4000188000000001
0x00000061f11fe650:   0000000000000000 0000000000000000
0x00000061f11fe660:   0000000000000000 0000000000000000
0x00000061f11fe670:   0000000000000000 0000000000000000
0x00000061f11fe680:   0000000000000000 0000000000000000
0x00000061f11fe690:   0000000000000000 0000000000000000
0x00000061f11fe6a0:   0000000000000000 0000000000000000
0x00000061f11fe6b0:   0000000000000000 0000000000000000
0x00000061f11fe6c0:   0000000000000000 0000000000000000
0x00000061f11fe6d0:   0000000000000000 0000000000000000
0x00000061f11fe6e0:   0000000000000000 0000000000000000
0x00000061f11fe6f0:   0000000000000000 0000000000000000 

Instructions: (pc=0x00007ffdb54c366c)
0x00007ffdb54c356c:   ec 40 45 8a e1 48 8b fa 48 8b e9 48 8b 1d 42 08
0x00007ffdb54c357c:   e0 00 48 89 58 08 48 8b cb ff 15 85 5b 9a 00 90
0x00007ffdb54c358c:   4c 8b af 78 02 00 00 48 8b 05 c6 e4 cf 00 44 8b
0x00007ffdb54c359c:   b8 40 0b 00 00 45 33 db 45 8a f3 4c 89 9f 78 02
0x00007ffdb54c35ac:   00 00 44 89 9f 80 02 00 00 4c 89 9f 98 02 00 00
0x00007ffdb54c35bc:   4c 89 9f 88 02 00 00 48 85 ed 75 38 8b 35 4a e2
0x00007ffdb54c35cc:   df 00 65 48 8b 04 25 58 00 00 00 b9 14 00 00 00
0x00007ffdb54c35dc:   48 8b 04 f0 44 38 1c 01 0f 84 9d da 86 00 65 48
0x00007ffdb54c35ec:   8b 04 25 58 00 00 00 bd 20 00 00 00 48 8b 04 f0
0x00007ffdb54c35fc:   48 8b 2c 28 48 3b 2d 39 07 e0 00 45 0f 44 fb 4d
0x00007ffdb54c360c:   85 ed 0f 84 21 01 00 00 44 8a a4 24 90 00 00 00
0x00007ffdb54c361c:   49 8b dd 49 8d b5 d0 05 00 00 4c 8b 2e 45 84 e4
0x00007ffdb54c362c:   0f 85 2a 03 00 00 8b 97 c8 01 00 00 48 8b 05 21
0x00007ffdb54c363c:   e4 cf 00 83 b8 78 03 00 00 02 75 31 83 fa 10 0f
0x00007ffdb54c364c:   83 20 01 00 00 48 8d 04 d5 21 00 00 00 48 03 c2
0x00007ffdb54c365c:   48 8d 04 c3 48 85 c0 0f 85 ff 00 00 00 49 8b cb
0x00007ffdb54c366c:   48 3b 8d f8 56 03 00 0f 87 f3 02 00 00 4c 39 9b
0x00007ffdb54c367c:   48 06 00 00 0f 85 41 da 86 00 44 8b 97 c8 01 00
0x00007ffdb54c368c:   00 48 8b 87 e0 01 00 00 4c 8b 08 8b 97 c8 01 00
0x00007ffdb54c369c:   00 83 fa 10 0f 83 03 01 00 00 48 8d 04 d5 21 00
0x00007ffdb54c36ac:   00 00 48 03 c2 48 8d 04 c3 48 85 c0 0f 85 e2 00
0x00007ffdb54c36bc:   00 00 49 8b cb 49 3b c9 0f 86 0e 01 00 00 48 8b
0x00007ffdb54c36cc:   87 78 02 00 00 48 89 06 48 89 9f 78 02 00 00 ff
0x00007ffdb54c36dc:   87 80 02 00 00 48 8b 43 08 48 8b 88 18 01 00 00
0x00007ffdb54c36ec:   48 81 e1 00 00 ff ff 48 81 c1 00 00 01 00 48 01
0x00007ffdb54c36fc:   8f 88 02 00 00 48 8b 43 08 48 8b 88 18 01 00 00
0x00007ffdb54c370c:   48 01 8f 98 02 00 00 4d 85 ed 0f 85 00 ff ff ff
0x00007ffdb54c371c:   45 84 f6 44 8a a4 24 98 00 00 00 0f 85 82 03 00
0x00007ffdb54c372c:   00 48 8b 9c 24 80 00 00 00 48 8b cf 45 84 e4 0f
0x00007ffdb54c373c:   85 8a 03 00 00 e8 fa f9 ff ff 90 48 8b cb 48 8b
0x00007ffdb54c374c:   9c 24 88 00 00 00 48 83 c4 40 41 5f 41 5e 41 5d
0x00007ffdb54c375c:   41 5c 5f 5e 5d 48 ff 25 b0 59 9a 00 48 8b 48 08 


Stack slot to memory mapping:

stack at sp + 0 slots: 0x000002441ab33a40 points into unknown readable memory: 0xffffffffffffffff | ff ff ff ff ff ff ff ff
stack at sp + 1 slots: 0x0 is null
stack at sp + 2 slots: 0x033db2cd030274cd is an unknown value
stack at sp + 3 slots: 0x00007ffe67727254 ntdll.dll
stack at sp + 4 slots: 0x02dc00cf02b5edce is an unknown value
stack at sp + 5 slots: 0x0165f3cf00aa74cf is an unknown value
stack at sp + 6 slots: 0x03549ed001ba0ad0 is an unknown value
stack at sp + 7 slots: 0x01e4f6d0036ac6d0 is an unknown value

VM_Operation (0x00000061f2fff0a0): Exit, mode: safepoint, requested by thread 0x000002442880c820


---------------  P R O C E S S  ---------------

Threads class SMR info:
_java_thread_list=0x000002441c35d550, length=15, elements={
0x00000243b365b560, 0x00000243d497f000, 0x00000243d4980970, 0x00000243d49830e0,
0x00000243d4983970, 0x00000243d498c230, 0x000002441a0030e0, 0x000002441a007510,
0x000002441a008e50, 0x000002441a12d400, 0x000002441a5dc390, 0x000002441a611ca0,
0x000002441beb9e00, 0x000002441c8db900, 0x000002442880c820
}

Java Threads: ( => current thread )
  0x00000243b365b560 JavaThread "main"                              [_thread_blocked, id=4764, stack(0x00000061f0a00000,0x00000061f0b00000) (1024K)]
  0x00000243d497f000 JavaThread "Reference Handler"          daemon [_thread_blocked, id=2760, stack(0x00000061f1200000,0x00000061f1300000) (1024K)]
  0x00000243d4980970 JavaThread "Finalizer"                  daemon [_thread_blocked, id=25076, stack(0x00000061f1300000,0x00000061f1400000) (1024K)]
  0x00000243d49830e0 JavaThread "Signal Dispatcher"          daemon [_thread_blocked, id=5664, stack(0x00000061f1400000,0x00000061f1500000) (1024K)]
  0x00000243d4983970 JavaThread "Attach Listener"            daemon [_thread_blocked, id=26920, stack(0x00000061f1500000,0x00000061f1600000) (1024K)]
  0x00000243d498c230 JavaThread "Service Thread"             daemon [_thread_blocked, id=30124, stack(0x00000061f1600000,0x00000061f1700000) (1024K)]
  0x000002441a0030e0 JavaThread "Monitor Deflation Thread"   daemon [_thread_blocked, id=30172, stack(0x00000061f1700000,0x00000061f1800000) (1024K)]
  0x000002441a007510 JavaThread "C2 CompilerThread0"         daemon [_thread_blocked, id=3180, stack(0x00000061f1800000,0x00000061f1900000) (1024K)]
  0x000002441a008e50 JavaThread "C1 CompilerThread0"         daemon [_thread_blocked, id=26852, stack(0x00000061f1900000,0x00000061f1a00000) (1024K)]
  0x000002441a12d400 JavaThread "Common-Cleaner"             daemon [_thread_blocked, id=3532, stack(0x00000061f1a00000,0x00000061f1b00000) (1024K)]
  0x000002441a5dc390 JavaThread "Monitor Ctrl-Break"         daemon [_thread_in_native, id=25564, stack(0x00000061f1d00000,0x00000061f1e00000) (1024K)]
  0x000002441a611ca0 JavaThread "Notification Thread"        daemon [_thread_blocked, id=28740, stack(0x00000061f1e00000,0x00000061f1f00000) (1024K)]
  0x000002441beb9e00 JavaThread "FileSystemWatchService"     daemon [_thread_in_native, id=3412, stack(0x00000061f1b00000,0x00000061f1c00000) (1024K)]
  0x000002441c8db900 JavaThread "BJE-Asset-Watcher"          daemon [_thread_blocked, id=18980, stack(0x00000061f2b00000,0x00000061f2c00000) (1024K)]
  0x000002442880c820 JavaThread "SIGINT handler"             daemon [_thread_blocked, id=29584, stack(0x00000061f2f00000,0x00000061f3000000) (1024K)]
Total: 15

Other Threads:
=>0x00000243d4960a80 VMThread "VM Thread"                           [id=29204, stack(0x00000061f1100000,0x00000061f1200000) (1024K)]
  0x00000243b5a075c0 WorkerThread "GC Thread#0"                     [id=28256, stack(0x00000061f0b00000,0x00000061f0c00000) (1024K)]
  0x000002441a855ac0 WorkerThread "GC Thread#1"                     [id=11656, stack(0x00000061f1f00000,0x00000061f2000000) (1024K)]
  0x000002441a855e60 WorkerThread "GC Thread#2"                     [id=3592, stack(0x00000061f2000000,0x00000061f2100000) (1024K)]
  0x000002441a856200 WorkerThread "GC Thread#3"                     [id=28488, stack(0x00000061f2100000,0x00000061f2200000) (1024K)]
  0x000002441a880cf0 WorkerThread "GC Thread#4"                     [id=11076, stack(0x00000061f2200000,0x00000061f2300000) (1024K)]
  0x000002441a7b08a0 WorkerThread "GC Thread#5"                     [id=28360, stack(0x00000061f2300000,0x00000061f2400000) (1024K)]
  0x000002441a7b1380 WorkerThread "GC Thread#6"                     [id=25008, stack(0x00000061f2400000,0x00000061f2500000) (1024K)]
  0x000002441a7b1ac0 WorkerThread "GC Thread#7"                     [id=16068, stack(0x00000061f2c00000,0x00000061f2d00000) (1024K)]
  0x000002441c65f800 WorkerThread "GC Thread#8"                     [id=29028, stack(0x00000061f2d00000,0x00000061f2e00000) (1024K)]
  0x000002441c65cc80 WorkerThread "GC Thread#9"                     [id=7224, stack(0x00000061f2e00000,0x00000061f2f00000) (1024K)]
  0x00000243b5a18390 ConcurrentGCThread "G1 Main Marker"            terminated
  0x00000243b5a1aa60 WorkerThread "G1 Conc#0"                       [id=24432, stack(0x00000061f0d00000,0x00000061f0e00000) (1024K)]
  0x000002441c65ed20 WorkerThread "G1 Conc#1"                       [id=24292, stack(0x00000061f1c00000,0x00000061f1d00000) (1024K)]
  0x000002441c65f0c0 WorkerThread "G1 Conc#2"                       [id=27408, stack(0x00000061f2a00000,0x00000061f2b00000) (1024K)]
  0x00000243d4815020 ConcurrentGCThread "G1 Refine#0"               terminated
  0x00000243d4815550 ConcurrentGCThread "G1 Service"                terminated
Total: 17

Threads with active compile tasks:
Total: 0

VM state: at safepoint (shutting down)

VM Mutex/Monitor currently owned by a thread:  ([mutex/lock_event])
[0x00007ffda83ea5f8] Threads_lock - owner thread: 0x00000243d4960a80
[0x00007ffda83ea6f8] Heap_lock - owner thread: 0x000002442880c820

Heap address: 0x0000000703600000, size: 4042 MB, Compressed Oops mode: Zero based, Oop shift amount: 3

CDS archive(s) mapped at: [0x00000243d5000000-0x00000243d5c90000-0x00000243d5c90000), size 13172736, SharedBaseAddress: 0x00000243d5000000, ArchiveRelocationMode: 1.
Compressed class space mapped at: 0x00000243d6000000-0x0000024416000000, reserved size: 1073741824
Narrow klass base: 0x00000243d5000000, Narrow klass shift: 0, Narrow klass range: 0x100000000

GC Precious Log:
 CardTable entry size: 512
 Card Set container configuration: InlinePtr #cards 4 size 8 Array Of Cards #cards 16 size 48 Howl #buckets 8 coarsen threshold 3686 Howl Bitmap #cards 512 size 80 coarsen threshold 460 Card regions per heap region 1 cards per card region 4096
 CPUs: 12 total, 12 available
 Memory: 16163M
 Large Page Support: Disabled
 NUMA Support: Disabled
 Compressed Oops: Enabled (Zero based)
 Heap Region Size: 2M
 Heap Min Capacity: 8M
 Heap Initial Capacity: 254M
 Heap Max Capacity: 4042M
 Pre-touch: Disabled
 Parallel Workers: 10
 Concurrent Workers: 3
 Concurrent Refinement Workers: 10
 Periodic GC: Disabled

Heap:
 garbage-first heap   total 51200K, used 24533K [0x0000000703600000, 0x0000000800000000)
  region size 2048K, 13 young (26624K), 5 survivors (10240K)
 Metaspace       used 22188K, committed 22528K, reserved 1114112K
  class space    used 1976K, committed 2112K, reserved 1048576K

Heap Regions: E=young(eden), S=young(survivor), O=old, HS=humongous(starts), HC=humongous(continues), CS=collection set, F=free, TAMS=top-at-mark-start, PB=parsable bottom
|   0|0x0000000703600000, 0x00000007036158b8, 0x0000000703800000|  4%| O|Cm|TAMS 0x0000000703600000| PB 0x0000000703600000| Complete 
|   1|0x0000000703800000, 0x0000000703800000, 0x0000000703a00000|  0%| F|  |TAMS 0x0000000703800000| PB 0x0000000703800000| Untracked 
|   2|0x0000000703a00000, 0x0000000703a00000, 0x0000000703c00000|  0%| F|  |TAMS 0x0000000703a00000| PB 0x0000000703a00000| Untracked 
|   3|0x0000000703c00000, 0x0000000703c00000, 0x0000000703e00000|  0%| F|  |TAMS 0x0000000703c00000| PB 0x0000000703c00000| Untracked 
|   4|0x0000000703e00000, 0x0000000703e00000, 0x0000000704000000|  0%| F|  |TAMS 0x0000000703e00000| PB 0x0000000703e00000| Untracked 
|   5|0x0000000704000000, 0x0000000704000000, 0x0000000704200000|  0%| F|  |TAMS 0x0000000704000000| PB 0x0000000704000000| Untracked 
|   6|0x0000000704200000, 0x0000000704200000, 0x0000000704400000|  0%| F|  |TAMS 0x0000000704200000| PB 0x0000000704200000| Untracked 
|   7|0x0000000704400000, 0x0000000704400000, 0x0000000704600000|  0%| F|  |TAMS 0x0000000704400000| PB 0x0000000704400000| Untracked 
|   8|0x0000000704600000, 0x0000000704600000, 0x0000000704800000|  0%| F|  |TAMS 0x0000000704600000| PB 0x0000000704600000| Untracked 
|   9|0x0000000704800000, 0x0000000704800000, 0x0000000704a00000|  0%| F|  |TAMS 0x0000000704800000| PB 0x0000000704800000| Untracked 
|  10|0x0000000704a00000, 0x0000000704a00000, 0x0000000704c00000|  0%| F|  |TAMS 0x0000000704a00000| PB 0x0000000704a00000| Untracked 
|  11|0x0000000704c00000, 0x0000000704c00000, 0x0000000704e00000|  0%| F|  |TAMS 0x0000000704c00000| PB 0x0000000704c00000| Untracked 
|  12|0x0000000704e00000, 0x0000000704e1a220, 0x0000000705000000|  5%| E|  |TAMS 0x0000000704e00000| PB 0x0000000704e00000| Complete 
|  13|0x0000000705000000, 0x0000000705200000, 0x0000000705200000|100%| E|CS|TAMS 0x0000000705000000| PB 0x0000000705000000| Complete 
|  14|0x0000000705200000, 0x0000000705400000, 0x0000000705400000|100%| E|CS|TAMS 0x0000000705200000| PB 0x0000000705200000| Complete 
|  15|0x0000000705400000, 0x0000000705600000, 0x0000000705600000|100%| S|CS|TAMS 0x0000000705400000| PB 0x0000000705400000| Complete 
|  16|0x0000000705600000, 0x0000000705800000, 0x0000000705800000|100%| S|CS|TAMS 0x0000000705600000| PB 0x0000000705600000| Complete 
|  17|0x0000000705800000, 0x0000000705a00000, 0x0000000705a00000|100%| S|CS|TAMS 0x0000000705800000| PB 0x0000000705800000| Complete 
|  18|0x0000000705a00000, 0x0000000705c00000, 0x0000000705c00000|100%| S|CS|TAMS 0x0000000705a00000| PB 0x0000000705a00000| Complete 
|  19|0x0000000705c00000, 0x0000000705ddfc60, 0x0000000705e00000| 93%| S|CS|TAMS 0x0000000705c00000| PB 0x0000000705c00000| Complete 
| 119|0x0000000712400000, 0x0000000712600000, 0x0000000712600000|100%| E|CS|TAMS 0x0000000712400000| PB 0x0000000712400000| Complete 
| 120|0x0000000712600000, 0x0000000712800000, 0x0000000712800000|100%| E|CS|TAMS 0x0000000712600000| PB 0x0000000712600000| Complete 
| 121|0x0000000712800000, 0x0000000712a00000, 0x0000000712a00000|100%| E|CS|TAMS 0x0000000712800000| PB 0x0000000712800000| Complete 
| 122|0x0000000712a00000, 0x0000000712c00000, 0x0000000712c00000|100%| E|CS|TAMS 0x0000000712a00000| PB 0x0000000712a00000| Complete 
| 126|0x0000000713200000, 0x0000000713400000, 0x0000000713400000|100%| E|CS|TAMS 0x0000000713200000| PB 0x0000000713200000| Complete 

Card table byte_map: [0x00000243cdb20000,0x00000243ce310000] _byte_map_base: 0x00000243ca305000

Marking Bits: (CMBitMap*) 0x00000243b5a07cc0
 Bits: [0x00000243ce310000, 0x00000243d2238000)

Polling page: 0x00000243b3880000

Metaspace:

Usage:
  Non-class:     19.74 MB used.
      Class:      1.93 MB used.
       Both:     21.67 MB used.

Virtual space:
  Non-class space:       64.00 MB reserved,      19.94 MB ( 31%) committed,  1 nodes.
      Class space:        1.00 GB reserved,       2.06 MB ( <1%) committed,  1 nodes.
             Both:        1.06 GB reserved,      22.00 MB (  2%) committed. 

Chunk freelists:
   Non-Class:  11.69 MB
       Class:  13.97 MB
        Both:  25.66 MB

MaxMetaspaceSize: unlimited
CompressedClassSpaceSize: 1.00 GB
Initial GC threshold: 21.00 MB
Current GC threshold: 35.12 MB
CDS: on
 - commit_granule_bytes: 65536.
 - commit_granule_words: 8192.
 - virtual_space_node_default_size: 8388608.
 - enlarge_chunks_in_place: 1.
 - use_allocation_guard: 0.


Internal statistics:

num_allocs_failed_limit: 3.
num_arena_births: 254.
num_arena_deaths: 0.
num_vsnodes_births: 2.
num_vsnodes_deaths: 0.
num_space_committed: 350.
num_space_uncommitted: 0.
num_chunks_returned_to_freelist: 3.
num_chunks_taken_from_freelist: 944.
num_chunk_merges: 3.
num_chunk_splits: 699.
num_chunks_enlarged: 549.
num_inconsistent_stats: 0.

CodeHeap 'non-profiled nmethods': size=120000Kb used=1608Kb max_used=1608Kb free=118392Kb
 bounds [0x00000243c58b0000, 0x00000243c5b20000, 0x00000243ccde0000]
CodeHeap 'profiled nmethods': size=120000Kb used=5871Kb max_used=5871Kb free=114128Kb
 bounds [0x00000243bdde0000, 0x00000243be3a0000, 0x00000243c5310000]
CodeHeap 'non-nmethods': size=5760Kb used=2980Kb max_used=3017Kb free=2780Kb
 bounds [0x00000243c5310000, 0x00000243c5610000, 0x00000243c58b0000]
 total_blobs=4835 nmethods=3395 adapters=1344
 compilation: enabled
              stopped_count=0, restarted_count=0
 full_count=0

Compilation events (20 events):
Event: 29.415 Thread 0x000002441a007510 3387       4       java.nio.DirectByteBuffer$Deallocator::run (38 bytes)
Event: 29.416 Thread 0x000002441a007510 nmethod 3387 0x00000243c5a34290 code [0x00000243c5a34420, 0x00000243c5a34560]
Event: 29.416 Thread 0x000002441a007510 3388       4       java.nio.Bits::unreserveMemory (64 bytes)
Event: 29.416 Thread 0x000002441a007510 nmethod 3388 0x00000243c5a34610 code [0x00000243c5a347a0, 0x00000243c5a34848]
Event: 29.416 Thread 0x000002441a007510 3389  s    4       jdk.internal.ref.Cleaner::remove (89 bytes)
Event: 29.419 Thread 0x000002441a007510 nmethod 3389 0x00000243c5a34910 code [0x00000243c5a34ac0, 0x00000243c5a351c0]
Event: 38.889 Thread 0x000002441a007510 3390       4       java.lang.Iterable::forEach (39 bytes)
Event: 38.897 Thread 0x000002441a007510 nmethod 3390 0x00000243c5a35310 code [0x00000243c5a35520, 0x00000243c5a35ad0]
Event: 39.063 Thread 0x000002441a007510 3391       4       com.bedrye.bjge.GameEngine.Objects.Camera::changeProjection (42 bytes)
Event: 39.069 Thread 0x000002441a007510 nmethod 3391 0x00000243c5a35f10 code [0x00000243c5a360e0, 0x00000243c5a36350]
Event: 39.070 Thread 0x000002441a007510 3392       4       org.lwjgl.glfw.GLFW::glfwWindowShouldClose (29 bytes)
Event: 39.071 Thread 0x000002441a007510 nmethod 3392 0x00000243c5a36610 code [0x00000243c5a367a0, 0x00000243c5a36888]
Event: 39.071 Thread 0x000002441a007510 3393       4       com.bedrye.bjge.GameEngine.BJEIMGUILayer::newFrame (18 bytes)
Event: 39.082 Thread 0x000002441a007510 nmethod 3393 0x00000243c5a36990 code [0x00000243c5a36d40, 0x00000243c5a37ac8]
Event: 39.082 Thread 0x000002441a007510 3394       4       com.bedrye.bjge.GameEngine.Objects.BJEEditorScene::updateUILayer (29 bytes)
Event: 39.150 Thread 0x000002441a007510 nmethod 3394 0x00000243c5a38a90 code [0x00000243c5a39180, 0x00000243c5a3c330]
Event: 39.952 Thread 0x000002441a007510 3395       4       com.bedrye.bjge.GameEngine.Objects.Camera::compViewMatrix (113 bytes)
Event: 39.962 Thread 0x000002441a007510 nmethod 3395 0x00000243c5a3ef90 code [0x00000243c5a3f360, 0x00000243c5a400f0]
Event: 39.962 Thread 0x000002441a007510 3396       4       imgui.glfw.ImGuiImplGlfw::updateMouseData (328 bytes)
Event: 39.966 Thread 0x000002441a007510 nmethod 3396 0x00000243c5a40b10 code [0x00000243c5a40e00, 0x00000243c5a415f8]

GC Heap History (8 events):
Event: 0.272 GC heap before
{Heap before GC invocations=0 (full 0):
 garbage-first heap   total 260096K, used 22528K [0x0000000703600000, 0x0000000800000000)
  region size 2048K, 11 young (22528K), 0 survivors (0K)
 Metaspace       used 3891K, committed 4096K, reserved 1114112K
  class space    used 333K, committed 448K, reserved 1048576K
}
Event: 0.274 GC heap after
{Heap after GC invocations=1 (full 0):
 garbage-first heap   total 260096K, used 2474K [0x0000000703600000, 0x0000000800000000)
  region size 2048K, 2 young (4096K), 2 survivors (4096K)
 Metaspace       used 3891K, committed 4096K, reserved 1114112K
  class space    used 333K, committed 448K, reserved 1048576K
}
Event: 1.344 GC heap before
{Heap before GC invocations=1 (full 0):
 garbage-first heap   total 260096K, used 39338K [0x0000000703600000, 0x0000000800000000)
  region size 2048K, 21 young (43008K), 2 survivors (4096K)
 Metaspace       used 19618K, committed 19840K, reserved 1114112K
  class space    used 1838K, committed 1920K, reserved 1048576K
}
Event: 1.348 GC heap after
{Heap after GC invocations=2 (full 0):
 garbage-first heap   total 260096K, used 6230K [0x0000000703600000, 0x0000000800000000)
  region size 2048K, 3 young (6144K), 3 survivors (6144K)
 Metaspace       used 19618K, committed 19840K, reserved 1114112K
  class space    used 1838K, committed 1920K, reserved 1048576K
}
Event: 5.047 GC heap before
{Heap before GC invocations=2 (full 0):
 garbage-first heap   total 260096K, used 12374K [0x0000000703600000, 0x0000000800000000)
  region size 2048K, 7 young (14336K), 3 survivors (6144K)
 Metaspace       used 21326K, committed 21504K, reserved 1114112K
  class space    used 1889K, committed 1984K, reserved 1048576K
}
Event: 5.050 GC heap after
{Heap after GC invocations=3 (full 0):
 garbage-first heap   total 260096K, used 6549K [0x0000000703600000, 0x0000000800000000)
  region size 2048K, 4 young (8192K), 4 survivors (8192K)
 Metaspace       used 21326K, committed 21504K, reserved 1114112K
  class space    used 1889K, committed 1984K, reserved 1048576K
}
Event: 29.396 GC heap before
{Heap before GC invocations=4 (full 0):
 garbage-first heap   total 40960K, used 37269K [0x0000000703600000, 0x0000000800000000)
  region size 2048K, 19 young (38912K), 4 survivors (8192K)
 Metaspace       used 22104K, committed 22464K, reserved 1114112K
  class space    used 1964K, committed 2112K, reserved 1048576K
}
Event: 29.410 GC heap after
{Heap after GC invocations=5 (full 0):
 garbage-first heap   total 51200K, used 10197K [0x0000000703600000, 0x0000000800000000)
  region size 2048K, 5 young (10240K), 5 survivors (10240K)
 Metaspace       used 22104K, committed 22464K, reserved 1114112K
  class space    used 1964K, committed 2112K, reserved 1048576K
}

Dll operation events (14 events):
Event: 0.006 Loaded shared library C:\Users\stas2\.jdks\openjdk-21.0.1\bin\java.dll
Event: 0.030 Loaded shared library C:\Users\stas2\.jdks\openjdk-21.0.1\bin\jsvml.dll
Event: 0.056 Loaded shared library C:\Users\stas2\.jdks\openjdk-21.0.1\bin\net.dll
Event: 0.057 Loaded shared library C:\Users\stas2\.jdks\openjdk-21.0.1\bin\nio.dll
Event: 0.061 Loaded shared library C:\Users\stas2\.jdks\openjdk-21.0.1\bin\zip.dll
Event: 0.157 Loaded shared library C:\Users\stas2\.jdks\openjdk-21.0.1\bin\zip.dll
Event: 0.159 Loaded shared library C:\Users\stas2\.jdks\openjdk-21.0.1\bin\instrument.dll
Event: 0.174 Loaded shared library C:\IntelliJ IDEA Community Edition 2021.3.2\IntelliJ IDEA Community Edition 2023.2.1\bin\breakgen64.dll
Event: 0.221 Loaded shared library C:\Users\stas2\.jdks\openjdk-21.0.1\bin\jimage.dll
Event: 0.338 Loaded shared library C:\Users\stas2\AppData\Local\Temp\lwjgl_stas2\3.3.4+7\x64\lwjgl.dll
Event: 0.515 Loaded shared library C:\Users\stas2\AppData\Local\Temp\lwjgl_stas2\3.3.4+7\x64\lwjgl_opengl.dll
Event: 0.727 Loaded shared library C:\Users\stas2\AppData\Local\Temp\imgui-java-natives\1.89.0\imgui-java64.dll
Event: 0.757 Loaded shared library C:\Users\stas2\.jdks\openjdk-21.0.1\bin\verify.dll
Event: 0.769 Loaded shared library C:\Users\stas2\AppData\Local\Temp\lwjgl_stas2\3.3.4+7\x64\lwjgl_stb.dll

Deoptimization events (20 events):
Event: 11.302 Thread 0x00000243b365b560 Uncommon trap: trap_request=0xffffffde fr.pc=0x00000243c59f47cc relative=0x000000000000012c
Event: 11.302 Thread 0x00000243b365b560 Uncommon trap: reason=class_check action=maybe_recompile pc=0x00000243c59f47cc method=jdk.internal.misc.Unsafe.allocateUninitializedArray(Ljava/lang/Class;I)Ljava/lang/Object; @ 51 c2
Event: 11.302 Thread 0x00000243b365b560 DEOPT PACKING pc=0x00000243c59f47cc sp=0x00000061f0afe9e0
Event: 11.302 Thread 0x00000243b365b560 DEOPT UNPACKING pc=0x00000243c5367da2 sp=0x00000061f0afe958 mode 2
Event: 11.302 Thread 0x00000243b365b560 Uncommon trap: trap_request=0xffffffde fr.pc=0x00000243c59f47cc relative=0x000000000000012c
Event: 11.302 Thread 0x00000243b365b560 Uncommon trap: reason=class_check action=maybe_recompile pc=0x00000243c59f47cc method=jdk.internal.misc.Unsafe.allocateUninitializedArray(Ljava/lang/Class;I)Ljava/lang/Object; @ 51 c2
Event: 11.302 Thread 0x00000243b365b560 DEOPT PACKING pc=0x00000243c59f47cc sp=0x00000061f0afe9e0
Event: 11.302 Thread 0x00000243b365b560 DEOPT UNPACKING pc=0x00000243c5367da2 sp=0x00000061f0afe958 mode 2
Event: 15.995 Thread 0x00000243b365b560 Uncommon trap: trap_request=0xffffff45 fr.pc=0x00000243c59df9f4 relative=0x0000000000001fb4
Event: 15.995 Thread 0x00000243b365b560 Uncommon trap: reason=unstable_if action=reinterpret pc=0x00000243c59df9f4 method=imgui.gl3.ImGuiImplGl3.renderDrawData(Limgui/ImDrawData;)V @ 23 c2
Event: 15.995 Thread 0x00000243b365b560 DEOPT PACKING pc=0x00000243c59df9f4 sp=0x00000061f0aff040
Event: 15.995 Thread 0x00000243b365b560 DEOPT UNPACKING pc=0x00000243c5367da2 sp=0x00000061f0afef68 mode 2
Event: 26.987 Thread 0x00000243b365b560 Uncommon trap: trap_request=0xfffffff4 fr.pc=0x00000243c5a13128 relative=0x00000000000038e8
Event: 26.987 Thread 0x00000243b365b560 Uncommon trap: reason=null_check action=make_not_entrant pc=0x00000243c5a13128 method=com.bedrye.bjge.GameEngine.Objects.Editor.UI.BJEUIInspector.inspectObject(Ljava/lang/Object;)V @ 63 c2
Event: 26.987 Thread 0x00000243b365b560 DEOPT PACKING pc=0x00000243c5a13128 sp=0x00000061f0afed20
Event: 26.987 Thread 0x00000243b365b560 DEOPT UNPACKING pc=0x00000243c5367da2 sp=0x00000061f0afed20 mode 2
Event: 27.501 Thread 0x00000243b365b560 Uncommon trap: trap_request=0xfffffff4 fr.pc=0x00000243c5a25694 relative=0x0000000000003954
Event: 27.501 Thread 0x00000243b365b560 Uncommon trap: reason=null_check action=make_not_entrant pc=0x00000243c5a25694 method=com.bedrye.bjge.GameEngine.Objects.Editor.UI.BJEUIInspector.inspectObject(Ljava/lang/Object;)V @ 89 c2
Event: 27.501 Thread 0x00000243b365b560 DEOPT PACKING pc=0x00000243c5a25694 sp=0x00000061f0afed20
Event: 27.501 Thread 0x00000243b365b560 DEOPT UNPACKING pc=0x00000243c5367da2 sp=0x00000061f0afed20 mode 2

Classes loaded (20 events):
Event: 40.728 Loading class jdk/internal/logger/AbstractLoggerWrapper
Event: 40.728 Loading class jdk/internal/logger/AbstractLoggerWrapper done
Event: 40.728 Loading class jdk/internal/logger/LazyLoggers$LazyLoggerWrapper done
Event: 40.728 Loading class jdk/internal/logger/LazyLoggers$JdkLazyLogger done
Event: 40.729 Loading class jdk/internal/logger/LazyLoggers$LazyLoggerAccessor
Event: 40.729 Loading class jdk/internal/logger/LazyLoggers$LoggerAccessor
Event: 40.729 Loading class jdk/internal/logger/LazyLoggers$LoggerAccessor done
Event: 40.729 Loading class jdk/internal/logger/LazyLoggers$LazyLoggerAccessor done
Event: 40.729 Loading class java/lang/System$Logger$Level
Event: 40.729 Loading class java/lang/System$Logger$Level done
Event: 40.729 Loading class jdk/internal/logger/SurrogateLogger
Event: 40.729 Loading class jdk/internal/logger/SimpleConsoleLogger
Event: 40.729 Loading class sun/util/logging/PlatformLogger$ConfigurableBridge$LoggerConfiguration
Event: 40.729 Loading class sun/util/logging/PlatformLogger$ConfigurableBridge$LoggerConfiguration done
Event: 40.729 Loading class jdk/internal/logger/SimpleConsoleLogger done
Event: 40.729 Loading class jdk/internal/logger/SurrogateLogger done
Event: 40.730 Loading class sun/util/logging/PlatformLogger
Event: 40.730 Loading class sun/util/logging/PlatformLogger done
Event: 40.730 Loading class sun/util/logging/PlatformLogger$Level
Event: 40.730 Loading class sun/util/logging/PlatformLogger$Level done

Classes unloaded (0 events):
No events

Classes redefined (0 events):
No events

Internal exceptions (20 events):
Event: 1.079 Thread 0x00000243b365b560 Exception <a 'java/lang/NoSuchMethodError'{0x000000071181d520}: 'java.lang.Object java.lang.invoke.DirectMethodHandle$Holder.invokeSpecial(java.lang.Object, java.lang.Object, java.lang.Object, int, int)'> (0x000000071181d520) 
thrown [s\open\src\hotspot\share\interpreter\linkResolver.cpp, line 773]
Event: 1.080 Thread 0x00000243b365b560 Exception <a 'java/lang/NoSuchMethodError'{0x0000000711823600}: 'java.lang.Object java.lang.invoke.DirectMethodHandle$Holder.invokeVirtual(java.lang.Object, java.lang.Object, int)'> (0x0000000711823600) 
thrown [s\open\src\hotspot\share\interpreter\linkResolver.cpp, line 773]
Event: 1.116 Thread 0x00000243b365b560 Exception <a 'java/lang/NoSuchMethodError'{0x000000071198abe8}: 'java.lang.Object java.lang.invoke.DirectMethodHandle$Holder.invokeStatic(java.lang.Object, int, java.lang.Object)'> (0x000000071198abe8) 
thrown [s\open\src\hotspot\share\interpreter\linkResolver.cpp, line 773]
Event: 1.235 Thread 0x00000243b365b560 Exception <a 'java/lang/NoSuchMethodError'{0x0000000710e63bb0}: 'java.lang.Object java.lang.invoke.DirectMethodHandle$Holder.invokeVirtual(java.lang.Object, java.lang.Object, java.lang.Object, int, int)'> (0x0000000710e63bb0) 
thrown [s\open\src\hotspot\share\interpreter\linkResolver.cpp, line 773]
Event: 1.252 Thread 0x00000243b365b560 Exception <a 'java/lang/NoSuchMethodError'{0x0000000710fd5f78}: 'int java.lang.invoke.DirectMethodHandle$Holder.invokeStatic(java.lang.Object, java.lang.Object, java.lang.Object, java.lang.Object)'> (0x0000000710fd5f78) 
thrown [s\open\src\hotspot\share\interpreter\linkResolver.cpp, line 773]
Event: 4.993 Thread 0x00000243b365b560 Exception <a 'sun/nio/fs/WindowsException'{0x0000000712fd93a0}> (0x0000000712fd93a0) 
thrown [s\open\src\hotspot\share\prims\jni.cpp, line 520]
Event: 4.998 Thread 0x00000243b365b560 Exception <a 'sun/nio/fs/WindowsException'{0x0000000712fe5350}> (0x0000000712fe5350) 
thrown [s\open\src\hotspot\share\prims\jni.cpp, line 520]
Event: 4.998 Thread 0x00000243b365b560 Exception <a 'sun/nio/fs/WindowsException'{0x0000000712fe56c8}> (0x0000000712fe56c8) 
thrown [s\open\src\hotspot\share\prims\jni.cpp, line 520]
Event: 4.999 Thread 0x00000243b365b560 Exception <a 'sun/nio/fs/WindowsException'{0x0000000712fe70e8}> (0x0000000712fe70e8) 
thrown [s\open\src\hotspot\share\prims\jni.cpp, line 520]
Event: 5.001 Thread 0x00000243b365b560 Exception <a 'sun/nio/fs/WindowsException'{0x0000000712fec050}> (0x0000000712fec050) 
thrown [s\open\src\hotspot\share\prims\jni.cpp, line 520]
Event: 5.029 Thread 0x00000243b365b560 Exception <a 'sun/nio/fs/WindowsException'{0x0000000712ff47f0}> (0x0000000712ff47f0) 
thrown [s\open\src\hotspot\share\prims\jni.cpp, line 520]
Event: 5.030 Thread 0x00000243b365b560 Exception <a 'sun/nio/fs/WindowsException'{0x0000000712ff4b70}> (0x0000000712ff4b70) 
thrown [s\open\src\hotspot\share\prims\jni.cpp, line 520]
Event: 5.031 Thread 0x00000243b365b560 Exception <a 'sun/nio/fs/WindowsException'{0x0000000712ff6598}> (0x0000000712ff6598) 
thrown [s\open\src\hotspot\share\prims\jni.cpp, line 520]
Event: 9.296 Thread 0x00000243b365b560 Exception <a 'java/lang/NoSuchMethodError'{0x0000000704e24618}: 'float java.lang.invoke.DelegatingMethodHandle$Holder.reinvoke_L(java.lang.Object, java.lang.Object)'> (0x0000000704e24618) 
thrown [s\open\src\hotspot\share\interpreter\linkResolver.cpp, line 773]
Event: 9.296 Thread 0x00000243b365b560 Exception <a 'java/lang/NoSuchMethodError'{0x0000000704e2e5a0}: 'void java.lang.invoke.DelegatingMethodHandle$Holder.reinvoke_L(java.lang.Object, java.lang.Object, float)'> (0x0000000704e2e5a0) 
thrown [s\open\src\hotspot\share\interpreter\linkResolver.cpp, line 773]
Event: 9.296 Thread 0x00000243b365b560 Exception <a 'java/lang/NoSuchMethodError'{0x0000000704e34e60}: 'float java.lang.invoke.Invokers$Holder.invokeExact_MT(java.lang.Object, java.lang.Object, java.lang.Object)'> (0x0000000704e34e60) 
thrown [s\open\src\hotspot\share\interpreter\linkResolver.cpp, line 773]
Event: 9.299 Thread 0x00000243b365b560 Exception <a 'java/lang/NoSuchMethodError'{0x0000000704e64c70}: 'void java.lang.invoke.Invokers$Holder.invokeExact_MT(java.lang.Object, java.lang.Object, java.lang.Object, java.lang.Object)'> (0x0000000704e64c70) 
thrown [s\open\src\hotspot\share\interpreter\linkResolver.cpp, line 773]
Event: 26.987 Thread 0x00000243b365b560 Implicit null exception at 0x00000243c5a104cb to 0x00000243c5a13108
Event: 27.501 Thread 0x00000243b365b560 Implicit null exception at 0x00000243c5a2297d to 0x00000243c5a25674
Event: 40.728 Thread 0x000002442880c820 Exception <a 'sun/nio/fs/WindowsException'{0x0000000704e01ec8}> (0x0000000704e01ec8) 
thrown [s\open\src\hotspot\share\prims\jni.cpp, line 520]

ZGC Phase Switch (0 events):
No events

VM Operations (20 events):
Event: 10.104 Executing VM operation: Cleanup done
Event: 11.114 Executing VM operation: Cleanup
Event: 11.114 Executing VM operation: Cleanup done
Event: 12.125 Executing VM operation: Cleanup
Event: 12.125 Executing VM operation: Cleanup done
Event: 13.139 Executing VM operation: Cleanup
Event: 13.139 Executing VM operation: Cleanup done
Event: 16.169 Executing VM operation: Cleanup
Event: 16.169 Executing VM operation: Cleanup done
Event: 26.264 Executing VM operation: Cleanup
Event: 26.264 Executing VM operation: Cleanup done
Event: 27.278 Executing VM operation: Cleanup
Event: 27.278 Executing VM operation: Cleanup done
Event: 28.287 Executing VM operation: Cleanup
Event: 28.287 Executing VM operation: Cleanup done
Event: 29.396 Executing VM operation: G1CollectForAllocation (G1 Evacuation Pause)
Event: 29.410 Executing VM operation: G1CollectForAllocation (G1 Evacuation Pause) done
Event: 39.529 Executing VM operation: Cleanup
Event: 39.529 Executing VM operation: Cleanup done
Event: 40.730 Executing VM operation: Exit

Events (20 events):
Event: 0.028 Thread 0x000002441a007510 Thread added: 0x000002441a007510
Event: 0.028 Thread 0x000002441a008e50 Thread added: 0x000002441a008e50
Event: 0.052 Thread 0x000002441a12d400 Thread added: 0x000002441a12d400
Event: 0.094 Thread 0x000002441a1609e0 Thread added: 0x000002441a1609e0
Event: 0.094 Thread 0x000002441a17d650 Thread added: 0x000002441a17d650
Event: 0.175 Thread 0x000002441a5dc390 Thread added: 0x000002441a5dc390
Event: 0.175 Thread 0x000002441a611ca0 Thread added: 0x000002441a611ca0
Event: 0.507 Thread 0x000002441a17d650 Thread exited: 0x000002441a17d650
Event: 0.507 Thread 0x000002441a1609e0 Thread exited: 0x000002441a1609e0
Event: 0.784 Thread 0x000002441beb9e00 Thread added: 0x000002441beb9e00
Event: 1.026 Thread 0x000002441bfaa720 Thread added: 0x000002441bfaa720
Event: 1.031 Thread 0x000002441c197e50 Thread added: 0x000002441c197e50
Event: 1.307 Thread 0x000002441c8db900 Thread added: 0x000002441c8db900
Event: 1.392 Thread 0x000002441c197e50 Thread exited: 0x000002441c197e50
Event: 1.392 Thread 0x000002441bfaa720 Thread exited: 0x000002441bfaa720
Event: 3.281 Thread 0x000002441c2f6ff0 Thread added: 0x000002441c2f6ff0
Event: 3.281 Thread 0x000002441c436b40 Thread added: 0x000002441c436b40
Event: 3.426 Thread 0x000002441c436b40 Thread exited: 0x000002441c436b40
Event: 3.426 Thread 0x000002441c2f6ff0 Thread exited: 0x000002441c2f6ff0
Event: 40.727 Thread 0x000002442880c820 Thread added: 0x000002442880c820


Dynamic libraries:
0x00007ff72a670000 - 0x00007ff72a67e000 	C:\Users\stas2\.jdks\openjdk-21.0.1\bin\java.exe
0x00007ffe675c0000 - 0x00007ffe67829000 	C:\WINDOWS\SYSTEM32\ntdll.dll
0x00007ffe660f0000 - 0x00007ffe661b9000 	C:\WINDOWS\System32\KERNEL32.DLL
0x00007ffe64ca0000 - 0x00007ffe65093000 	C:\WINDOWS\System32\KERNELBASE.dll
0x00007ffe64ac0000 - 0x00007ffe64c0b000 	C:\WINDOWS\System32\ucrtbase.dll
0x00007ffe4ebc0000 - 0x00007ffe4ebd8000 	C:\Users\stas2\.jdks\openjdk-21.0.1\bin\jli.dll
0x00007ffe4eba0000 - 0x00007ffe4ebbb000 	C:\Users\stas2\.jdks\openjdk-21.0.1\bin\VCRUNTIME140.dll
0x00007ffe65d40000 - 0x00007ffe65f04000 	C:\WINDOWS\System32\USER32.dll
0x00007ffe64880000 - 0x00007ffe648a7000 	C:\WINDOWS\System32\win32u.dll
0x00007ffe4bea0000 - 0x00007ffe4c133000 	C:\WINDOWS\WinSxS\amd64_microsoft.windows.common-controls_6595b64144ccf1df_6.0.26100.5074_none_3e0d6f78e32fd63f\COMCTL32.dll
0x00007ffe66270000 - 0x00007ffe66319000 	C:\WINDOWS\System32\msvcrt.dll
0x00007ffe66870000 - 0x00007ffe6689b000 	C:\WINDOWS\System32\GDI32.dll
0x00007ffe64750000 - 0x00007ffe6487d000 	C:\WINDOWS\System32\gdi32full.dll
0x00007ffe652e0000 - 0x00007ffe65383000 	C:\WINDOWS\System32\msvcp_win.dll
0x00007ffe666a0000 - 0x00007ffe666cf000 	C:\WINDOWS\System32\IMM32.DLL
0x00007ffe5e9c0000 - 0x00007ffe5e9cc000 	C:\Users\stas2\.jdks\openjdk-21.0.1\bin\vcruntime140_1.dll
0x00007ffde0020000 - 0x00007ffde00ae000 	C:\Users\stas2\.jdks\openjdk-21.0.1\bin\msvcp140.dll
0x00007ffda77b0000 - 0x00007ffda84c5000 	C:\Users\stas2\.jdks\openjdk-21.0.1\bin\server\jvm.dll
0x00007ffe674c0000 - 0x00007ffe67574000 	C:\WINDOWS\System32\ADVAPI32.dll
0x00007ffe661c0000 - 0x00007ffe66266000 	C:\WINDOWS\System32\sechost.dll
0x00007ffe65fd0000 - 0x00007ffe660e8000 	C:\WINDOWS\System32\RPCRT4.dll
0x00007ffe67360000 - 0x00007ffe673d4000 	C:\WINDOWS\System32\WS2_32.dll
0x00007ffe63360000 - 0x00007ffe633be000 	C:\WINDOWS\SYSTEM32\POWRPROF.dll
0x00007ffe5b280000 - 0x00007ffe5b28b000 	C:\WINDOWS\SYSTEM32\VERSION.dll
0x00007ffe523a0000 - 0x00007ffe523d5000 	C:\WINDOWS\SYSTEM32\WINMM.dll
0x00007ffe63340000 - 0x00007ffe63354000 	C:\WINDOWS\SYSTEM32\UMPDC.dll
0x00007ffe63620000 - 0x00007ffe6363b000 	C:\WINDOWS\SYSTEM32\kernel.appcore.dll
0x00007ffe5df10000 - 0x00007ffe5df1a000 	C:\Users\stas2\.jdks\openjdk-21.0.1\bin\jimage.dll
0x00007ffe61ef0000 - 0x00007ffe62132000 	C:\WINDOWS\SYSTEM32\DBGHELP.DLL
0x00007ffe66320000 - 0x00007ffe6669b000 	C:\WINDOWS\System32\combase.dll
0x00007ffe673e0000 - 0x00007ffe674b7000 	C:\WINDOWS\System32\OLEAUT32.dll
0x00007ffe48660000 - 0x00007ffe4869d000 	C:\WINDOWS\SYSTEM32\dbgcore.DLL
0x00007ffe64a20000 - 0x00007ffe64ab9000 	C:\WINDOWS\System32\bcryptPrimitives.dll
0x00007ffe5b640000 - 0x00007ffe5b64f000 	C:\Users\stas2\.jdks\openjdk-21.0.1\bin\instrument.dll
0x00007ffe4eb60000 - 0x00007ffe4eb7f000 	C:\Users\stas2\.jdks\openjdk-21.0.1\bin\java.dll
0x00007ffe669b0000 - 0x00007ffe670fd000 	C:\WINDOWS\System32\SHELL32.dll
0x00007ffe648b0000 - 0x00007ffe64a1c000 	C:\WINDOWS\System32\wintypes.dll
0x00007ffe623b0000 - 0x00007ffe62c09000 	C:\WINDOWS\SYSTEM32\windows.storage.dll
0x00007ffe668a0000 - 0x00007ffe66990000 	C:\WINDOWS\System32\SHCORE.dll
0x00007ffe65f60000 - 0x00007ffe65fc2000 	C:\WINDOWS\System32\shlwapi.dll
0x00007ffe64670000 - 0x00007ffe64699000 	C:\WINDOWS\SYSTEM32\profapi.dll
0x00007ffdd6cd0000 - 0x00007ffdd6da7000 	C:\Users\stas2\.jdks\openjdk-21.0.1\bin\jsvml.dll
0x00007ffe4f500000 - 0x00007ffe4f510000 	C:\Users\stas2\.jdks\openjdk-21.0.1\bin\net.dll
0x00007ffe5b130000 - 0x00007ffe5b24f000 	C:\WINDOWS\SYSTEM32\WINHTTP.dll
0x00007ffe63bd0000 - 0x00007ffe63c3b000 	C:\WINDOWS\system32\mswsock.dll
0x00007ffe4eb00000 - 0x00007ffe4eb16000 	C:\Users\stas2\.jdks\openjdk-21.0.1\bin\nio.dll
0x00007ffe4eaa0000 - 0x00007ffe4eab8000 	C:\Users\stas2\.jdks\openjdk-21.0.1\bin\zip.dll
0x00007ffe2c780000 - 0x00007ffe2c79a000 	C:\IntelliJ IDEA Community Edition 2021.3.2\IntelliJ IDEA Community Edition 2023.2.1\bin\breakgen64.dll
0x00007ffdd70a0000 - 0x00007ffdd711b000 	C:\Users\stas2\AppData\Local\Temp\lwjgl_stas2\3.3.4+7\x64\lwjgl.dll
0x00007ffdd6c40000 - 0x00007ffdd6cc5000 	C:\Users\stas2\AppData\Local\Temp\lwjgl_stas2\3.3.4+7\x64\glfw.dll
0x00007ffddc290000 - 0x00007ffddc2db000 	C:\WINDOWS\SYSTEM32\dinput8.dll
0x00007ffe5ea60000 - 0x00007ffe5ea72000 	C:\WINDOWS\SYSTEM32\xinput1_4.dll
0x00007ffe643d0000 - 0x00007ffe643fd000 	C:\WINDOWS\SYSTEM32\DEVOBJ.dll
0x00007ffe64400000 - 0x00007ffe64457000 	C:\WINDOWS\SYSTEM32\cfgmgr32.dll
0x00007ffe5f0a0000 - 0x00007ffe5f0cb000 	C:\WINDOWS\SYSTEM32\dwmapi.dll
0x00007ffe4f620000 - 0x00007ffe4f7fa000 	C:\WINDOWS\SYSTEM32\inputhost.dll
0x00007ffe5e710000 - 0x00007ffe5e835000 	C:\WINDOWS\SYSTEM32\CoreMessaging.dll
0x00007ffe5ec90000 - 0x00007ffe5ed38000 	C:\WINDOWS\system32\uxtheme.dll
0x00007ffe63e90000 - 0x00007ffe63e9c000 	C:\WINDOWS\SYSTEM32\CRYPTBASE.DLL
0x00007ffe659b0000 - 0x00007ffe65b08000 	C:\WINDOWS\System32\MSCTF.dll
0x00007ffe1b0f0000 - 0x00007ffe1b1fc000 	C:\WINDOWS\SYSTEM32\opengl32.dll
0x00007ffe1bfe0000 - 0x00007ffe1c00d000 	C:\WINDOWS\SYSTEM32\GLU32.dll
0x00007ffe616e0000 - 0x00007ffe61724000 	C:\WINDOWS\SYSTEM32\dxcore.dll
0x00007ffe5b0c0000 - 0x00007ffe5b120000 	C:\WINDOWS\SYSTEM32\directxdatabasehelper.dll
0x00007ffe4fc50000 - 0x00007ffe4fc6a000 	C:\WINDOWS\SYSTEM32\windows.staterepositorycore.dll
0x00007ffdb5390000 - 0x00007ffdb6383000 	C:\WINDOWS\System32\DriverStore\FileRepository\iigd_dch.inf_amd64_5802b1615520e41c\igxelpicd64.dll
0x00007ffe65ba0000 - 0x00007ffe65d38000 	C:\WINDOWS\System32\ole32.dll
0x00007ffe5ef40000 - 0x00007ffe5f07a000 	C:\WINDOWS\system32\dxgi.dll
0x00007ffdb50a0000 - 0x00007ffdb5387000 	C:\WINDOWS\System32\DriverStore\FileRepository\iigd_dch.inf_amd64_5802b1615520e41c\igdml64.dll
0x00007ffe57970000 - 0x00007ffe57d37000 	C:\WINDOWS\System32\DriverStore\FileRepository\iigd_dch.inf_amd64_5802b1615520e41c\igdgmm64.dll
0x00007ffe542e0000 - 0x00007ffe578f1000 	C:\WINDOWS\System32\DriverStore\FileRepository\iigd_dch.inf_amd64_5802b1615520e41c\igc64.dll
0x00007ffe50410000 - 0x00007ffe50559000 	C:\WINDOWS\SYSTEM32\textinputframework.dll
0x00007ffe5a3d0000 - 0x00007ffe5a6b3000 	C:\WINDOWS\SYSTEM32\CoreUIComponents.dll
0x00007ffe14e10000 - 0x00007ffe14e71000 	C:\Users\stas2\AppData\Local\Temp\lwjgl_stas2\3.3.4+7\x64\lwjgl_opengl.dll
0x00007ffd77b30000 - 0x00007ffd78324000 	C:\Users\stas2\AppData\Local\Temp\imgui-java-natives\1.89.0\imgui-java64.dll
0x00007ffe4f4b0000 - 0x00007ffe4f4c0000 	C:\Users\stas2\.jdks\openjdk-21.0.1\bin\verify.dll
0x00007ffdd6ba0000 - 0x00007ffdd6c40000 	C:\Users\stas2\AppData\Local\Temp\lwjgl_stas2\3.3.4+7\x64\lwjgl_stb.dll
0x00007ffdd6a70000 - 0x00007ffdd6b98000 	C:\Users\stas2\AppData\Local\Temp\lwjgl_stas2\3.3.4+7\x64\draco.dll
0x00007ffda5be0000 - 0x00007ffda629b000 	C:\Users\stas2\AppData\Local\Temp\lwjgl_stas2\3.3.4+7\x64\assimp.dll

dbghelp: loaded successfully - version: 4.0.5 - missing functions: none
symbol engine: initialized successfully - sym options: 0x614 - pdb path: .;C:\Users\stas2\.jdks\openjdk-21.0.1\bin;C:\WINDOWS\SYSTEM32;C:\WINDOWS\WinSxS\amd64_microsoft.windows.common-controls_6595b64144ccf1df_6.0.26100.5074_none_3e0d6f78e32fd63f;C:\Users\stas2\.jdks\openjdk-21.0.1\bin\server;C:\IntelliJ IDEA Community Edition 2021.3.2\IntelliJ IDEA Community Edition 2023.2.1\bin;C:\Users\stas2\AppData\Local\Temp\lwjgl_stas2\3.3.4+7\x64;C:\WINDOWS\System32\DriverStore\FileRepository\iigd_dch.inf_amd64_5802b1615520e41c;C:\Users\stas2\AppData\Local\Temp\imgui-java-natives\1.89.0

VM Arguments:
jvm_args: -javaagent:C:\IntelliJ IDEA Community Edition 2021.3.2\IntelliJ IDEA Community Edition 2023.2.1\lib\idea_rt.jar=56357:C:\IntelliJ IDEA Community Edition 2021.3.2\IntelliJ IDEA Community Edition 2023.2.1\bin -Dfile.encoding=windows-1252 -Dsun.stdout.encoding=windows-1252 -Dsun.stderr.encoding=windows-1252 --module-path=C:\Users\stas2\.m2\repository\com\fasterxml\jackson\core\jackson-databind\2.17.2\jackson-databind-2.17.2.jar;C:\Users\stas2\.m2\repository\org\lwjgl\lwjgl-opengl\3.3.4\lwjgl-opengl-3.3.4.jar;C:\Users\stas2\.m2\repository\org\joml\joml-primitives\1.10.0\joml-primitives-1.10.0.jar;C:\Users\stas2\.m2\repository\com\fasterxml\jackson\core\jackson-core\2.17.2\jackson-core-2.17.2.jar;C:\Users\stas2\.m2\repository\org\lwjgl\lwjgl-glfw\3.3.4\lwjgl-glfw-3.3.4.jar;C:\Users\stas2\.m2\repository\org\lwjgl\lwjgl-vulkan\3.3.4\lwjgl-vulkan-3.3.4.jar;C:\Users\stas2\.m2\repository\io\github\spair\imgui-java-binding\1.89.0\imgui-java-binding-1.89.0.jar;C:\Users\stas2\.m2\repository\org\lwjgl\lwjgl-assimp\3.3.4\lwjgl-assimp-3.3.4.jar;C:\Users\stas2\.m2\repository\org\lwjgl\lwjgl-stb\3.3.4\lwjgl-stb-3.3.4.jar;C:\Users\stas2\.m2\repository\com\fasterxml\jackson\core\jackson-annotations\2.17.2\jackson-annotations-2.17.2.jar;C:\Users\stas2\.m2\repository\io\github\spair\imgui-java-lwjgl3\1.89.0\imgui-java-lwjgl3-1.89.0.jar;C:\Users\stas2\.m2\repository\org\joml\joml\1.10.7\joml-1.10.7.jar;O:\GIt\MultiplayerShooter\target\classes;C:\Users\stas2\.m2\repository\org\lwjgl\lwjgl\3.3.4\lwjgl-3.3.4.jar -Djdk.module.main=com.bedrye.bjge 
java_command: com.bedrye.bjge/com.bedrye.bjge.TestMain
java_class_path (initial): C:\Users\stas2\.m2\repository\io\github\spair\imgui-java-natives-windows\1.89.0\imgui-java-natives-windows-1.89.0.jar;C:\Users\stas2\.m2\repository\org\junit\jupiter\junit-jupiter-api\5.9.2\junit-jupiter-api-5.9.2.jar;C:\Users\stas2\.m2\repository\org\opentest4j\opentest4j\1.2.0\opentest4j-1.2.0.jar;C:\Users\stas2\.m2\repository\org\junit\platform\junit-platform-commons\1.9.2\junit-platform-commons-1.9.2.jar;C:\Users\stas2\.m2\repository\org\apiguardian\apiguardian-api\1.1.2\apiguardian-api-1.1.2.jar;C:\Users\stas2\.m2\repository\org\junit\jupiter\junit-jupiter-engine\5.9.2\junit-jupiter-engine-5.9.2.jar;C:\Users\stas2\.m2\repository\org\junit\platform\junit-platform-engine\1.9.2\junit-platform-engine-1.9.2.jar;C:\Users\stas2\.m2\repository\org\lwjgl\lwjgl-bgfx\3.3.4\lwjgl-bgfx-3.3.4.jar;C:\Users\stas2\.m2\repository\org\lwjgl\lwjgl-nanovg\3.3.4\lwjgl-nanovg-3.3.4.jar;C:\Users\stas2\.m2\repository\org\lwjgl\lwjgl-nuklear\3.3.4\lwjgl-nuklear-3.3.4.jar;C:\Users\stas2\.m2\repository\org\lwjgl\lwjgl-openal\3.3.4\lwjgl-openal-3.3.4.jar;C:\Users\stas2\.m2\repository\org\lwjgl\lwjgl-par\3.3.4\lwjgl-par-3.3.4.jar;C:\Users\stas2\.m2\repository\org\lwjgl\lwjgl\3.3.4\lwjgl-3.3.4-natives-windows.jar;C:\Users\stas2\.m2\repository\org\lwjgl\lwjgl-assimp\3.3.4\lwjgl-assimp-3.3.4-natives-windows.jar;C:\Users\stas2\.m2\repository\org\lwjgl\lwjgl-bgfx\3.3.4\lwjgl-bgfx-3.3.4-natives-windows.jar;C:\Users\stas2\.m2\repository\org\lwjgl\lwjgl-glfw\3.3.4\lwjgl-glfw-3.3.4-natives-windows.jar;C:\Users\stas2\.m2\repository\org\lwjgl\lwjgl-nanovg\3.3.4\lwjgl-nanovg-3.3.4-natives-windows.jar;C:\Users\stas2\.m2\repository\org\lwjgl\lwjgl-nuklear\3.3.4\lwjgl-nuklear-3.3.4-natives-windows.jar;C:\Users\stas2\.m2\repository\org\lwjgl\lwjgl-openal\3.3.4\lwjgl-openal-3.3.4-natives-windows.jar;C:\Users\stas2\.m2\repository\org\lwjgl\lwjgl-opengl\3.3.4\lwjgl-opengl-3.3.4-natives-windows.jar;C:\Users\stas2\.m2\repository\org\lwjgl\lwjgl-par\3.3.4\lwjgl-par-3.3.4-natives-windows.jar;C:\Users\stas2\.m2\repository\org\lwjgl\lwjgl-stb\3.3.4\lwjgl-stb-3.3.4-natives-windows.jar
Launcher Type: SUN_STANDARD

[Global flags]
     intx CICompilerCount                          = 4                                         {product} {ergonomic}
     uint ConcGCThreads                            = 3                                         {product} {ergonomic}
     uint G1ConcRefinementThreads                  = 10                                        {product} {ergonomic}
   size_t G1HeapRegionSize                         = 2097152                                   {product} {ergonomic}
    uintx GCDrainStackTargetSize                   = 64                                        {product} {ergonomic}
   size_t InitialHeapSize                          = 266338304                                 {product} {ergonomic}
   size_t MarkStackSize                            = 4194304                                   {product} {ergonomic}
   size_t MaxHeapSize                              = 4238344192                                {product} {ergonomic}
   size_t MaxNewSize                               = 2541748224                                {product} {ergonomic}
   size_t MinHeapDeltaBytes                        = 2097152                                   {product} {ergonomic}
   size_t MinHeapSize                              = 8388608                                   {product} {ergonomic}
    uintx NonNMethodCodeHeapSize                   = 5839372                                {pd product} {ergonomic}
    uintx NonProfiledCodeHeapSize                  = 122909434                              {pd product} {ergonomic}
    uintx ProfiledCodeHeapSize                     = 122909434                              {pd product} {ergonomic}
    uintx ReservedCodeCacheSize                    = 251658240                              {pd product} {ergonomic}
     bool SegmentedCodeCache                       = true                                      {product} {ergonomic}
   size_t SoftMaxHeapSize                          = 4238344192                             {manageable} {ergonomic}
     bool UseCompressedOops                        = true                           {product lp64_product} {ergonomic}
     bool UseG1GC                                  = true                                      {product} {ergonomic}
     bool UseLargePagesIndividualAllocation        = false                                  {pd product} {ergonomic}

Logging:
Log output configuration:
 #0: stdout all=off uptime,level,tags foldmultilines=false
 #1: stderr all=off uptime,level,tags foldmultilines=false

Environment Variables:
JAVA_HOME=C:\Program Files\Java\jdk-21
PATH=C:\Program Files\PlasticSCM5\server;C:\Program Files\PlasticSCM5\client;C:\Program Files\NVIDIA GPU Computing Toolkit\CUDA\v12.6\bin;C:\Program Files\NVIDIA GPU Computing Toolkit\CUDA\v12.6\libnvvp;C:\Program Files\Common Files\Oracle\Java\javapath;C:\Windows\system32;C:\Windows;C:\Program Files\Java\jdk-11.0.2\bin;C:\Windows\System32\Wbem;C:\ORacleDatabase\dbhomeXE\bin;C:\Windows\System32\WindowsPowerShell\v1.0\;C:\Windows\System32\OpenSSH\;C:\Program Files (x86)\NVIDIA Corporation\PhysX\Common;C:\Program Files\NVIDIA Corporation\NVIDIA NvDLISR;C:\Program Files\Git LFS;C:\Program Files\Git\cmd;C:\Program Files (x86)\Windows Kits\10\Windows Performance Toolkit\;C:\Program Files (x86)\Steam\steamapps\common\Counter-Strike Global Offensive\game\bin\win64;C:\Users\stas2\AppData\Local\Programs\Python\Python311;C:\Program Files\dotnet\;C:\Program Files\Microsoft SQL Server\150\Tools\Binn\;C:\Program Files\Microsoft SQL Server\Client SDK\ODBC\170\Tools\Binn\;C:\Program Files\NVIDIA Corporation\Nsight Compute 2024.3.2\;C:\Program Files (x86)\Microsoft SQL Server\160\Tools\Binn\;C:\Program Files\Microsoft SQL Server\160\Tools\Binn\;C:\Program Files\Microsoft SQL Server\160\DTS\Binn\;C:\Program Files (x86)\Microsoft SQL Server\160\DTS\Binn\;C:\WINDOWS\system32;C:\WINDOWS;C:\WINDOWS\System32\Wbem;C:\WINDOWS\System32\WindowsPowerShell\v1.0\;C:\WINDOWS\System32\OpenSSH\;C:\Program Files\Docker\Docker\resources\bin;O:\npdejs\;C:\Users\stas2\AppData\Local\Programs\Python\Python312\Scripts;C:\Users\stas2\AppData\Local\Microsoft\WindowsApps;C:\Users\stas2\AppData\Local\Programs\Microsoft VS Code\bin;C:\Users\stas2\AppData\Local\GitHubDesktop\bin;C:\Users\stas2\AppData\Local\Programs\Python\Python311;C:\Program Files (x86)\Steam\steamapps\common\Counter-Strike Global Offensive\game\bin\win64;C:\Users\stas2\.dotnet\tools;C:\Users\stas2\AppData\Local\Muse Hub\lib;C:\Users\stas2\AppData\Roaming\npm;C:\Users\stas2\AppData\Local\Programs\Python\Python312\Scripts;
USERNAME=stas2
OS=Windows_NT
PROCESSOR_IDENTIFIER=Intel64 Family 6 Model 141 Stepping 1, GenuineIntel
TMP=C:\Users\stas2\AppData\Local\Temp
TEMP=C:\Users\stas2\AppData\Local\Temp




Periodic native trim disabled

---------------  S Y S T E M  ---------------

OS:
 Windows 11 , 64 bit Build 26100 (10.0.26100.5074)
OS uptime: 1 days 1:05 hours
Hyper-V role detected

CPU: total 12 (initial active 12) (6 cores per cpu, 2 threads per core) family 6 model 141 stepping 1 microcode 0x3c, cx8, cmov, fxsr, ht, mmx, 3dnowpref, sse, sse2, sse3, ssse3, sse4.1, sse4.2, popcnt, lzcnt, tsc, tscinvbit, avx, avx2, aes, erms, clmul, bmi1, bmi2, adx, avx512f, avx512dq, avx512cd, avx512bw, avx512vl, sha, fma, vzeroupper, avx512_vpopcntdq, avx512_vpclmulqdq, avx512_vaes, avx512_vnni, clflush, clflushopt, clwb, avx512_vbmi2, avx512_vbmi, hv, rdtscp, rdpid, fsrm, gfni, avx512_bitalg, f16c, cet_ibt, cet_ss, avx512_ifma
Processor Information for all 12 processors :
  Max Mhz: 2688, Current Mhz: 2688, Mhz Limit: 2688

Memory: 4k page, system-wide physical 16163M (2220M free)
TotalPageFile size 42787M (AvailPageFile size 11546M)
current process WorkingSet (physical memory assigned to process): 294M, peak: 326M
current process commit charge ("private bytes"): 248M, peak: 491M

vm_info: OpenJDK 64-Bit Server VM (21.0.1+12-29) for windows-amd64 JRE (21.0.1+12-29), built on 2023-10-05T13:27:09Z by "mach5one" with MS VC++ 17.1 (VS2022)

END.
