#
# A fatal error has been detected by the Java Runtime Environment:
#
#  EXCEPTION_ACCESS_VIOLATION (0xc0000005) at pc=0x00007ff86b35366c, pid=8884, tid=17620
#
# JRE version: OpenJDK Runtime Environment (20.0.2+9) (build 20.0.2+9-78)
# Java VM: OpenJDK 64-Bit Server VM (20.0.2+9-78, mixed mode, sharing, tiered, compressed oops, compressed class ptrs, g1 gc, windows-amd64)
# Problematic frame:
# C  [igxelpicd64.dll+0x13366c]
#
# No core dump will be written. Minidumps are not enabled by default on client versions of Windows
#
# If you would like to submit a bug report, please visit:
#   https://bugreport.java.com/bugreport/crash.jsp
#

---------------  S U M M A R Y ------------

Command Line: -javaagent:C:\IntelliJ IDEA Community Edition 2021.3.2\IntelliJ IDEA Community Edition 2023.2.1\lib\idea_rt.jar=49213:C:\IntelliJ IDEA Community Edition 2021.3.2\IntelliJ IDEA Community Edition 2023.2.1\bin -Dfile.encoding=windows-1252 -Dsun.stdout.encoding=windows-1252 -Dsun.stderr.encoding=windows-1252 --module-path=C:\Users\stas2\.m2\repository\com\gluonhq\attach\lifecycle\4.0.13\lifecycle-4.0.13.jar;C:\Users\stas2\.m2\repository\org\jetbrains\kotlin\kotlin-stdlib\1.6.0\kotlin-stdlib-1.6.0-modular.jar;C:\Users\stas2\.m2\repository\com\github\almasb\fxgl-scene\17.2\fxgl-scene-17.2.jar;C:\Users\stas2\.m2\repository\com\github\almasb\fxgl-core\17.2\fxgl-core-17.2.jar;C:\Users\stas2\.m2\repository\org\openjfx\javafx-controls\20.0.1\javafx-controls-20.0.1-win.jar;C:\Users\stas2\.m2\repository\com\github\almasb\fxgl\17.2\fxgl-17.2.jar;C:\Users\stas2\.m2\repository\org\openjfx\javafx-fxml\20.0.1\javafx-fxml-20.0.1-win.jar;C:\Users\stas2\.m2\repository\org\lwjgl\lwjgl-vulkan\3.3.4\lwjgl-vulkan-3.3.4.jar;C:\Users\stas2\.m2\repository\com\github\almasb\fxgl-gameplay\17.2\fxgl-gameplay-17.2.jar;C:\Users\stas2\.m2\repository\com\fasterxml\jackson\core\jackson-databind\2.12.1\jackson-databind-2.12.1.jar;C:\Users\stas2\.m2\repository\org\joml\joml\1.10.7\joml-1.10.7.jar;O:\GIt\MultiplayerShooter\target\classes;C:\Users\stas2\.m2\repository\org\openjfx\javafx-base\20.0.1\javafx-base-20.0.1-win.jar;C:\Users\stas2\.m2\repository\com\fasterxml\jackson\core\jackson-annotations\2.12.1\jackson-annotations-2.12.1.jar;C:\Users\stas2\.m2\repository\com\github\almasb\fxgl-io\17.2\fxgl-io-17.2.jar;C:\Users\stas2\.m2\repository\com\gluonhq\attach\audio\4.0.13\audio-4.0.13.jar;C:\Users\stas2\.m2\repository\org\lwjgl\lwjgl\3.3.4\lwjgl-3.3.4.jar;C:\Users\stas2\.m2\repository\com\fasterxml\jackson\core\jackson-core\2.12.1\jackson-core-2.12.1.jar;C:\Users\stas2\.m2\repository\com\gluonhq\attach\util\4.0.13\util-4.0.13.jar;C:\Users\stas2\.m2\repository\org\openjfx\javafx-graphics\20.0.1\javafx-graphics-20.0.1-win.jar;C:\Users\stas2\.m2\repository\org\lwjgl\lwjgl-opengl\3.3.4\lwjgl-opengl-3.3.4.jar;C:\Users\stas2\.m2\repository\org\joml\joml-primitives\1.10.0\joml-primitives-1.10.0.jar;C:\Users\stas2\.m2\repository\com\github\almasb\fxgl-entity\17.2\fxgl-entity-17.2.jar;C:\Users\stas2\.m2\reposi-Djdk.module.main=com.bedrye.multiplayershooter com.bedrye.multiplayershooter/com.bedrye.bjge.GameEngine.TestMain

Host: 11th Gen Intel(R) Core(TM) i5-11400H @ 2.70GHz, 12 cores, 15G,  Windows 11 , 64 bit Build 22621 (10.0.22621.4830)
Time: Fri Feb 21 00:04:33 2025 FLE Standard Time elapsed time: 28.176383 seconds (0d 0h 0m 28s)

---------------  T H R E A D  ---------------

Current thread (0x000001187c92c3f0):  VMThread "VM Thread" [stack: 0x0000000a2f200000,0x0000000a2f300000] [id=17620]

Stack: [0x0000000a2f200000,0x0000000a2f300000],  sp=0x0000000a2f2fe4f0,  free space=1017k
Native frames: (J=compiled Java code, j=interpreted, Vv=VM code, C=native code)
C  [igxelpicd64.dll+0x13366c]


siginfo: EXCEPTION_ACCESS_VIOLATION (0xc0000005), reading address 0x00000000000356f8


Registers:
RAX=0x000001184b7c4b78, RBX=0x000001184b7c4a70, RCX=0x0000000000000000, RDX=0x0000000000000000
RSP=0x0000000a2f2fe4f0, RBP=0x0000000000000000, RSI=0x000001184b7c5040, RDI=0x000001184b666b40
R8 =0x0000000000000014, R9 =0x0000000000000000, R10=0x0000000000000000, R11=0x0000000000000000
R12=0x0000000000000000, R13=0x000001188156ef20, R14=0x00000000000dad00, R15=0x0000000000000016
RIP=0x00007ff86b35366c, EFLAGS=0x0000000000010206


Register to memory mapping:

RIP=0x00007ff86b35366c igxelpicd64.dll
RAX=0x000001184b7c4b78 points into unknown readable memory: 0x00000000000da5a3 | a3 a5 0d 00 00 00 00 00
RBX=0x000001184b7c4a70 points into unknown readable memory: 0x0000011849c8f4a0 | a0 f4 c8 49 18 01 00 00
RCX=0x0 is NULL
RDX=0x0 is NULL
RSP=0x0000000a2f2fe4f0 points into unknown readable memory: 0x0000011849c38360 | 60 83 c3 49 18 01 00 00
RBP=0x0 is NULL
RSI=0x000001184b7c5040 points into unknown readable memory: 0x000001188156ef20 | 20 ef 56 81 18 01 00 00
RDI=0x000001184b666b40 points into unknown readable memory: 0x000001184b6dc100 | 00 c1 6d 4b 18 01 00 00
R8 =0x0000000000000014 is an unknown value
R9 =0x0 is NULL
R10=0x0 is NULL
R11=0x0 is NULL
R12=0x0 is NULL
R13=0x000001188156ef20 points into unknown readable memory: 0x0000011849c8f4a0 | a0 f4 c8 49 18 01 00 00
R14=0x00000000000dad00 is an unknown value
R15=0x0000000000000016 is an unknown value


Top of Stack: (sp=0x0000000a2f2fe4f0)
0x0000000a2f2fe4f0:   0000011849c38360 0000000000000000
0x0000000a2f2fe500:   000001184b654e60 00007ff902614404
0x0000000a2f2fe510:   000001184e5c0598 00007ff86b4aed1d
0x0000000a2f2fe520:   404e000000000000 0000000000000000
0x0000000a2f2fe530:   000001184b653cf8 00000000000dad83
0x0000000a2f2fe540:   0000000000000000 000000000000000d
0x0000000a2f2fe550:   0000000000000000 0000000000000000
0x0000000a2f2fe560:   0000000a2f2fe670 00007ff86b4cbc3c
0x0000000a2f2fe570:   0000011849c38360 000001184b666b40
0x0000000a2f2fe580:   000001184b654100 000001184b61ee00
0x0000000a2f2fe590:   0000000a000007e0 0000b80219600000
0x0000000a2f2fe5a0:   0000000000000000 02db39a602a81ca6
0x0000000a2f2fe5b0:   00a836a700a644a6 000001184b6539f0
0x0000000a2f2fe5c0:   031d8ba802b93aa8 02fe53aa01832eaa
0x0000000a2f2fe5d0:   01fcb1aa02627eaa 00007ff86b4c19a0
0x0000000a2f2fe5e0:   03351aac022bf4ab 02434eac021c4dac
0x0000000a2f2fe5f0:   0000000000000000 0000000000000000
0x0000000a2f2fe600:   00bf730000000000 0000000000000000
0x0000000a2f2fe610:   0000000000000000 00007ff86b2a3cdf
0x0000000a2f2fe620:   0000b80219600000 00000000000007e0
0x0000000a2f2fe630:   0000000000000000 4000170000000001
0x0000000a2f2fe640:   0000000000000000 0000000000000000
0x0000000a2f2fe650:   0000000000000000 0000000000000000
0x0000000a2f2fe660:   0000000000000000 0000000000000000
0x0000000a2f2fe670:   0000000000000000 0000000000000000
0x0000000a2f2fe680:   0000000000000000 0000000000000000
0x0000000a2f2fe690:   0000000000000000 0000000000000000
0x0000000a2f2fe6a0:   0000000000000000 0000000000000000
0x0000000a2f2fe6b0:   0000000000000000 0000000000000000
0x0000000a2f2fe6c0:   0000000000000000 0000000000000000
0x0000000a2f2fe6d0:   0000000000000000 0000000000000000
0x0000000a2f2fe6e0:   0000000000000000 0000000000000000 

Instructions: (pc=0x00007ff86b35366c)
0x00007ff86b35356c:   ec 40 45 8a e1 48 8b fa 48 8b e9 48 8b 1d 42 08
0x00007ff86b35357c:   e0 00 48 89 58 08 48 8b cb ff 15 85 5b 9a 00 90
0x00007ff86b35358c:   4c 8b af 78 02 00 00 48 8b 05 c6 e4 cf 00 44 8b
0x00007ff86b35359c:   b8 40 0b 00 00 45 33 db 45 8a f3 4c 89 9f 78 02
0x00007ff86b3535ac:   00 00 44 89 9f 80 02 00 00 4c 89 9f 98 02 00 00
0x00007ff86b3535bc:   4c 89 9f 88 02 00 00 48 85 ed 75 38 8b 35 4a e2
0x00007ff86b3535cc:   df 00 65 48 8b 04 25 58 00 00 00 b9 14 00 00 00
0x00007ff86b3535dc:   48 8b 04 f0 44 38 1c 01 0f 84 9d da 86 00 65 48
0x00007ff86b3535ec:   8b 04 25 58 00 00 00 bd 20 00 00 00 48 8b 04 f0
0x00007ff86b3535fc:   48 8b 2c 28 48 3b 2d 39 07 e0 00 45 0f 44 fb 4d
0x00007ff86b35360c:   85 ed 0f 84 21 01 00 00 44 8a a4 24 90 00 00 00
0x00007ff86b35361c:   49 8b dd 49 8d b5 d0 05 00 00 4c 8b 2e 45 84 e4
0x00007ff86b35362c:   0f 85 2a 03 00 00 8b 97 c8 01 00 00 48 8b 05 21
0x00007ff86b35363c:   e4 cf 00 83 b8 78 03 00 00 02 75 31 83 fa 10 0f
0x00007ff86b35364c:   83 20 01 00 00 48 8d 04 d5 21 00 00 00 48 03 c2
0x00007ff86b35365c:   48 8d 04 c3 48 85 c0 0f 85 ff 00 00 00 49 8b cb
0x00007ff86b35366c:   48 3b 8d f8 56 03 00 0f 87 f3 02 00 00 4c 39 9b
0x00007ff86b35367c:   48 06 00 00 0f 85 41 da 86 00 44 8b 97 c8 01 00
0x00007ff86b35368c:   00 48 8b 87 e0 01 00 00 4c 8b 08 8b 97 c8 01 00
0x00007ff86b35369c:   00 83 fa 10 0f 83 03 01 00 00 48 8d 04 d5 21 00
0x00007ff86b3536ac:   00 00 48 03 c2 48 8d 04 c3 48 85 c0 0f 85 e2 00
0x00007ff86b3536bc:   00 00 49 8b cb 49 3b c9 0f 86 0e 01 00 00 48 8b
0x00007ff86b3536cc:   87 78 02 00 00 48 89 06 48 89 9f 78 02 00 00 ff
0x00007ff86b3536dc:   87 80 02 00 00 48 8b 43 08 48 8b 88 18 01 00 00
0x00007ff86b3536ec:   48 81 e1 00 00 ff ff 48 81 c1 00 00 01 00 48 01
0x00007ff86b3536fc:   8f 88 02 00 00 48 8b 43 08 48 8b 88 18 01 00 00
0x00007ff86b35370c:   48 01 8f 98 02 00 00 4d 85 ed 0f 85 00 ff ff ff
0x00007ff86b35371c:   45 84 f6 44 8a a4 24 98 00 00 00 0f 85 82 03 00
0x00007ff86b35372c:   00 48 8b 9c 24 80 00 00 00 48 8b cf 45 84 e4 0f
0x00007ff86b35373c:   85 8a 03 00 00 e8 fa f9 ff ff 90 48 8b cb 48 8b
0x00007ff86b35374c:   9c 24 88 00 00 00 48 83 c4 40 41 5f 41 5e 41 5d
0x00007ff86b35375c:   41 5c 5f 5e 5d 48 ff 25 b0 59 9a 00 48 8b 48 08 


Stack slot to memory mapping:
stack at sp + 0 slots: 0x0000011849c38360 points into unknown readable memory: 0xffffffffffffffff | ff ff ff ff ff ff ff ff
stack at sp + 1 slots: 0x0 is NULL
stack at sp + 2 slots: 0x000001184b654e60 points into unknown readable memory: 0x000001184b654ed0 | d0 4e 65 4b 18 01 00 00
stack at sp + 3 slots: 0x00007ff902614404 ntdll.dll
stack at sp + 4 slots: 0x000001184e5c0598 points into unknown readable memory: 0x780c0a0000000001 | 01 00 00 00 00 0a 0c 78
stack at sp + 5 slots: 0x00007ff86b4aed1d igxelpicd64.dll
stack at sp + 6 slots: 0x404e000000000000 is an unknown value
stack at sp + 7 slots: 0x0 is NULL

VM_Operation (0x0000000a2fcff3d0): Exit, mode: safepoint, requested by thread 0x0000011849433c30


---------------  P R O C E S S  ---------------

Threads class SMR info:
_java_thread_list=0x000001184ba81af0, length=13, elements={
0x0000011863979e20, 0x000001187c948f40, 0x000001187c94ae40, 0x000001187c94c0c0,
0x000001187c94dd30, 0x000001187c94e890, 0x0000011849105840, 0x00000118491065e0,
0x000001184910aa30, 0x0000011849239130, 0x00000118498ae370, 0x00000118498fd620,
0x0000011849433c30
}

Java Threads: ( => current thread )
  0x0000011863979e20 JavaThread "main" [_thread_blocked, id=17960, stack(0x0000000a2ec00000,0x0000000a2ed00000)]
  0x000001187c948f40 JavaThread "Reference Handler" daemon [_thread_blocked, id=1032, stack(0x0000000a2f300000,0x0000000a2f400000)]
  0x000001187c94ae40 JavaThread "Finalizer" daemon [_thread_blocked, id=1352, stack(0x0000000a2f400000,0x0000000a2f500000)]
  0x000001187c94c0c0 JavaThread "Signal Dispatcher" daemon [_thread_blocked, id=23304, stack(0x0000000a2f500000,0x0000000a2f600000)]
  0x000001187c94dd30 JavaThread "Attach Listener" daemon [_thread_blocked, id=24688, stack(0x0000000a2f600000,0x0000000a2f700000)]
  0x000001187c94e890 JavaThread "Service Thread" daemon [_thread_blocked, id=25760, stack(0x0000000a2f700000,0x0000000a2f800000)]
  0x0000011849105840 JavaThread "Monitor Deflation Thread" daemon [_thread_blocked, id=21432, stack(0x0000000a2f800000,0x0000000a2f900000)]
  0x00000118491065e0 JavaThread "C2 CompilerThread0" daemon [_thread_blocked, id=15336, stack(0x0000000a2f900000,0x0000000a2fa00000)]
  0x000001184910aa30 JavaThread "C1 CompilerThread0" daemon [_thread_blocked, id=18544, stack(0x0000000a2fa00000,0x0000000a2fb00000)]
  0x0000011849239130 JavaThread "Common-Cleaner" daemon [_thread_blocked, id=17800, stack(0x0000000a2fb00000,0x0000000a2fc00000)]
  0x00000118498ae370 JavaThread "Monitor Ctrl-Break" daemon [_thread_in_native, id=24168, stack(0x0000000a2fe00000,0x0000000a2ff00000)]
  0x00000118498fd620 JavaThread "Notification Thread" daemon [_thread_blocked, id=19356, stack(0x0000000a2ff00000,0x0000000a30000000)]
  0x0000011849433c30 JavaThread "SIGINT handler" daemon [_thread_blocked, id=15488, stack(0x0000000a2fc00000,0x0000000a2fd00000)]

Other Threads:
=>0x000001187c92c3f0 VMThread "VM Thread" [stack: 0x0000000a2f200000,0x0000000a2f300000] [id=17620]
  0x00000118639e9410 WorkerThread "GC Thread#0" [stack: 0x0000000a2ed00000,0x0000000a2ee00000] [id=25912]
  0x0000011849cb41a0 WorkerThread "GC Thread#1" [stack: 0x0000000a2fd00000,0x0000000a2fe00000] [id=19064]
  0x0000011849cb3ed0 WorkerThread "GC Thread#2" [stack: 0x0000000a30700000,0x0000000a30800000] [id=6536]
  0x0000011849cb3c00 WorkerThread "GC Thread#3" [stack: 0x0000000a30900000,0x0000000a30a00000] [id=23724]
  0x0000011849cb4470 WorkerThread "GC Thread#4" [stack: 0x0000000a30a00000,0x0000000a30b00000] [id=28420]
  0x0000011849cb4a10 WorkerThread "GC Thread#5" [stack: 0x0000000a30b00000,0x0000000a30c00000] [id=4596]
  0x0000011849cb4740 WorkerThread "GC Thread#6" [stack: 0x0000000a30c00000,0x0000000a30d00000] [id=20152]
  0x0000011849cb4ce0 WorkerThread "GC Thread#7" [stack: 0x0000000a30d00000,0x0000000a30e00000] [id=25232]
  0x000001187c792010 ConcurrentGCThread "G1 Main Marker" terminated
  0x000001187c793a50 WorkerThread "G1 Conc#0" [stack: 0x0000000a2ef00000,0x0000000a2f000000] [id=15632]
  0x000001187c7ee0c0 ConcurrentGCThread "G1 Refine#0" terminated
  0x000001187c7ee970 ConcurrentGCThread "G1 Service" terminated

Threads with active compile tasks:

VM state: at safepoint (shutting down)

VM Mutex/Monitor currently owned by a thread:  ([mutex/lock_event])
[0x0000011863977de0] Threads_lock - owner thread: 0x000001187c92c3f0
[0x0000011863977f00] Heap_lock - owner thread: 0x0000011849433c30

Heap address: 0x0000000703600000, size: 4042 MB, Compressed Oops mode: Zero based, Oop shift amount: 3

CDS archive(s) mapped at: [0x0000011804000000-0x0000011804c60000-0x0000011804c60000), size 12976128, SharedBaseAddress: 0x0000011804000000, ArchiveRelocationMode: 1.
Compressed class space mapped at: 0x0000011805000000-0x0000011845000000, reserved size: 1073741824
Narrow klass base: 0x0000011804000000, Narrow klass shift: 0, Narrow klass range: 0x100000000

GC Precious Log:
 CardTable entry size: 512
 Card Set container configuration: InlinePtr #cards 4 size 8 Array Of Cards #cards 16 size 48 Howl #buckets 8 coarsen threshold 3686 Howl Bitmap #cards 512 size 80 coarsen threshold 460 Card regions per heap region 1 cards per card region 4096
 CPUs: 12 total, 12 available
 Memory: 16163M
 Large Page Support: Disabled
 NUMA Support: Disabled
 Compressed Oops: Enabled (Zero based)
 Heap Region Size: 2M
 Heap Min Capacity: 8M
 Heap Initial Capacity: 254M
 Heap Max Capacity: 4042M
 Pre-touch: Disabled
 Parallel Workers: 10
 Concurrent Workers: 3
 Concurrent Refinement Workers: 10
 Periodic GC: Disabled

Heap:
 garbage-first heap   total 260096K, used 15809K [0x0000000703600000, 0x0000000800000000)
  region size 2048K, 9 young (18432K), 2 survivors (4096K)
 Metaspace       used 7378K, committed 7552K, reserved 1114112K
  class space    used 416K, committed 512K, reserved 1048576K

Heap Regions: E=young(eden), S=young(survivor), O=old, HS=humongous(starts), HC=humongous(continues), CS=collection set, F=free, OA=open archive, CA=closed archive, TAMS=top-at-mark-start, PB=parsable bottom
|   0|0x0000000703600000, 0x0000000703600000, 0x0000000703800000|  0%| F|  |TAMS 0x0000000703600000| PB 0x0000000703600000| Untracked 
|   1|0x0000000703800000, 0x0000000703800000, 0x0000000703a00000|  0%| F|  |TAMS 0x0000000703800000| PB 0x0000000703800000| Untracked 
|   2|0x0000000703a00000, 0x0000000703a00000, 0x0000000703c00000|  0%| F|  |TAMS 0x0000000703a00000| PB 0x0000000703a00000| Untracked 
|   3|0x0000000703c00000, 0x0000000703c00000, 0x0000000703e00000|  0%| F|  |TAMS 0x0000000703c00000| PB 0x0000000703c00000| Untracked 
|   4|0x0000000703e00000, 0x0000000703e00000, 0x0000000704000000|  0%| F|  |TAMS 0x0000000703e00000| PB 0x0000000703e00000| Untracked 
|   5|0x0000000704000000, 0x0000000704000000, 0x0000000704200000|  0%| F|  |TAMS 0x0000000704000000| PB 0x0000000704000000| Untracked 
|   6|0x0000000704200000, 0x0000000704200000, 0x0000000704400000|  0%| F|  |TAMS 0x0000000704200000| PB 0x0000000704200000| Untracked 
|   7|0x0000000704400000, 0x0000000704400000, 0x0000000704600000|  0%| F|  |TAMS 0x0000000704400000| PB 0x0000000704400000| Untracked 
|   8|0x0000000704600000, 0x0000000704600000, 0x0000000704800000|  0%| F|  |TAMS 0x0000000704600000| PB 0x0000000704600000| Untracked 
|   9|0x0000000704800000, 0x0000000704800000, 0x0000000704a00000|  0%| F|  |TAMS 0x0000000704800000| PB 0x0000000704800000| Untracked 
|  10|0x0000000704a00000, 0x0000000704a00000, 0x0000000704c00000|  0%| F|  |TAMS 0x0000000704a00000| PB 0x0000000704a00000| Untracked 
|  11|0x0000000704c00000, 0x0000000704c00000, 0x0000000704e00000|  0%| F|  |TAMS 0x0000000704c00000| PB 0x0000000704c00000| Untracked 
|  12|0x0000000704e00000, 0x0000000704e00000, 0x0000000705000000|  0%| F|  |TAMS 0x0000000704e00000| PB 0x0000000704e00000| Untracked 
|  13|0x0000000705000000, 0x0000000705000000, 0x0000000705200000|  0%| F|  |TAMS 0x0000000705000000| PB 0x0000000705000000| Untracked 
|  14|0x0000000705200000, 0x0000000705200000, 0x0000000705400000|  0%| F|  |TAMS 0x0000000705200000| PB 0x0000000705200000| Untracked 
|  15|0x0000000705400000, 0x0000000705400000, 0x0000000705600000|  0%| F|  |TAMS 0x0000000705400000| PB 0x0000000705400000| Untracked 
|  16|0x0000000705600000, 0x0000000705600000, 0x0000000705800000|  0%| F|  |TAMS 0x0000000705600000| PB 0x0000000705600000| Untracked 
|  17|0x0000000705800000, 0x0000000705800000, 0x0000000705a00000|  0%| F|  |TAMS 0x0000000705800000| PB 0x0000000705800000| Untracked 
|  18|0x0000000705a00000, 0x0000000705a00000, 0x0000000705c00000|  0%| F|  |TAMS 0x0000000705a00000| PB 0x0000000705a00000| Untracked 
|  19|0x0000000705c00000, 0x0000000705c00000, 0x0000000705e00000|  0%| F|  |TAMS 0x0000000705c00000| PB 0x0000000705c00000| Untracked 
|  20|0x0000000705e00000, 0x0000000705e00000, 0x0000000706000000|  0%| F|  |TAMS 0x0000000705e00000| PB 0x0000000705e00000| Untracked 
|  21|0x0000000706000000, 0x0000000706000000, 0x0000000706200000|  0%| F|  |TAMS 0x0000000706000000| PB 0x0000000706000000| Untracked 
|  22|0x0000000706200000, 0x0000000706200000, 0x0000000706400000|  0%| F|  |TAMS 0x0000000706200000| PB 0x0000000706200000| Untracked 
|  23|0x0000000706400000, 0x0000000706400000, 0x0000000706600000|  0%| F|  |TAMS 0x0000000706400000| PB 0x0000000706400000| Untracked 
|  24|0x0000000706600000, 0x0000000706600000, 0x0000000706800000|  0%| F|  |TAMS 0x0000000706600000| PB 0x0000000706600000| Untracked 
|  25|0x0000000706800000, 0x0000000706800000, 0x0000000706a00000|  0%| F|  |TAMS 0x0000000706800000| PB 0x0000000706800000| Untracked 
|  26|0x0000000706a00000, 0x0000000706a00000, 0x0000000706c00000|  0%| F|  |TAMS 0x0000000706a00000| PB 0x0000000706a00000| Untracked 
|  27|0x0000000706c00000, 0x0000000706c00000, 0x0000000706e00000|  0%| F|  |TAMS 0x0000000706c00000| PB 0x0000000706c00000| Untracked 
|  28|0x0000000706e00000, 0x0000000706e00000, 0x0000000707000000|  0%| F|  |TAMS 0x0000000706e00000| PB 0x0000000706e00000| Untracked 
|  29|0x0000000707000000, 0x0000000707000000, 0x0000000707200000|  0%| F|  |TAMS 0x0000000707000000| PB 0x0000000707000000| Untracked 
|  30|0x0000000707200000, 0x0000000707200000, 0x0000000707400000|  0%| F|  |TAMS 0x0000000707200000| PB 0x0000000707200000| Untracked 
|  31|0x0000000707400000, 0x0000000707400000, 0x0000000707600000|  0%| F|  |TAMS 0x0000000707400000| PB 0x0000000707400000| Untracked 
|  32|0x0000000707600000, 0x0000000707600000, 0x0000000707800000|  0%| F|  |TAMS 0x0000000707600000| PB 0x0000000707600000| Untracked 
|  33|0x0000000707800000, 0x0000000707800000, 0x0000000707a00000|  0%| F|  |TAMS 0x0000000707800000| PB 0x0000000707800000| Untracked 
|  34|0x0000000707a00000, 0x0000000707a00000, 0x0000000707c00000|  0%| F|  |TAMS 0x0000000707a00000| PB 0x0000000707a00000| Untracked 
|  35|0x0000000707c00000, 0x0000000707c00000, 0x0000000707e00000|  0%| F|  |TAMS 0x0000000707c00000| PB 0x0000000707c00000| Untracked 
|  36|0x0000000707e00000, 0x0000000707e00000, 0x0000000708000000|  0%| F|  |TAMS 0x0000000707e00000| PB 0x0000000707e00000| Untracked 
|  37|0x0000000708000000, 0x0000000708000000, 0x0000000708200000|  0%| F|  |TAMS 0x0000000708000000| PB 0x0000000708000000| Untracked 
|  38|0x0000000708200000, 0x0000000708200000, 0x0000000708400000|  0%| F|  |TAMS 0x0000000708200000| PB 0x0000000708200000| Untracked 
|  39|0x0000000708400000, 0x0000000708400000, 0x0000000708600000|  0%| F|  |TAMS 0x0000000708400000| PB 0x0000000708400000| Untracked 
|  40|0x0000000708600000, 0x0000000708600000, 0x0000000708800000|  0%| F|  |TAMS 0x0000000708600000| PB 0x0000000708600000| Untracked 
|  41|0x0000000708800000, 0x0000000708800000, 0x0000000708a00000|  0%| F|  |TAMS 0x0000000708800000| PB 0x0000000708800000| Untracked 
|  42|0x0000000708a00000, 0x0000000708a00000, 0x0000000708c00000|  0%| F|  |TAMS 0x0000000708a00000| PB 0x0000000708a00000| Untracked 
|  43|0x0000000708c00000, 0x0000000708c00000, 0x0000000708e00000|  0%| F|  |TAMS 0x0000000708c00000| PB 0x0000000708c00000| Untracked 
|  44|0x0000000708e00000, 0x0000000708e00000, 0x0000000709000000|  0%| F|  |TAMS 0x0000000708e00000| PB 0x0000000708e00000| Untracked 
|  45|0x0000000709000000, 0x0000000709000000, 0x0000000709200000|  0%| F|  |TAMS 0x0000000709000000| PB 0x0000000709000000| Untracked 
|  46|0x0000000709200000, 0x0000000709200000, 0x0000000709400000|  0%| F|  |TAMS 0x0000000709200000| PB 0x0000000709200000| Untracked 
|  47|0x0000000709400000, 0x0000000709400000, 0x0000000709600000|  0%| F|  |TAMS 0x0000000709400000| PB 0x0000000709400000| Untracked 
|  48|0x0000000709600000, 0x0000000709600000, 0x0000000709800000|  0%| F|  |TAMS 0x0000000709600000| PB 0x0000000709600000| Untracked 
|  49|0x0000000709800000, 0x0000000709800000, 0x0000000709a00000|  0%| F|  |TAMS 0x0000000709800000| PB 0x0000000709800000| Untracked 
|  50|0x0000000709a00000, 0x0000000709a00000, 0x0000000709c00000|  0%| F|  |TAMS 0x0000000709a00000| PB 0x0000000709a00000| Untracked 
|  51|0x0000000709c00000, 0x0000000709c00000, 0x0000000709e00000|  0%| F|  |TAMS 0x0000000709c00000| PB 0x0000000709c00000| Untracked 
|  52|0x0000000709e00000, 0x0000000709e00000, 0x000000070a000000|  0%| F|  |TAMS 0x0000000709e00000| PB 0x0000000709e00000| Untracked 
|  53|0x000000070a000000, 0x000000070a000000, 0x000000070a200000|  0%| F|  |TAMS 0x000000070a000000| PB 0x000000070a000000| Untracked 
|  54|0x000000070a200000, 0x000000070a200000, 0x000000070a400000|  0%| F|  |TAMS 0x000000070a200000| PB 0x000000070a200000| Untracked 
|  55|0x000000070a400000, 0x000000070a400000, 0x000000070a600000|  0%| F|  |TAMS 0x000000070a400000| PB 0x000000070a400000| Untracked 
|  56|0x000000070a600000, 0x000000070a600000, 0x000000070a800000|  0%| F|  |TAMS 0x000000070a600000| PB 0x000000070a600000| Untracked 
|  57|0x000000070a800000, 0x000000070a800000, 0x000000070aa00000|  0%| F|  |TAMS 0x000000070a800000| PB 0x000000070a800000| Untracked 
|  58|0x000000070aa00000, 0x000000070aa00000, 0x000000070ac00000|  0%| F|  |TAMS 0x000000070aa00000| PB 0x000000070aa00000| Untracked 
|  59|0x000000070ac00000, 0x000000070ac00000, 0x000000070ae00000|  0%| F|  |TAMS 0x000000070ac00000| PB 0x000000070ac00000| Untracked 
|  60|0x000000070ae00000, 0x000000070ae00000, 0x000000070b000000|  0%| F|  |TAMS 0x000000070ae00000| PB 0x000000070ae00000| Untracked 
|  61|0x000000070b000000, 0x000000070b000000, 0x000000070b200000|  0%| F|  |TAMS 0x000000070b000000| PB 0x000000070b000000| Untracked 
|  62|0x000000070b200000, 0x000000070b200000, 0x000000070b400000|  0%| F|  |TAMS 0x000000070b200000| PB 0x000000070b200000| Untracked 
|  63|0x000000070b400000, 0x000000070b400000, 0x000000070b600000|  0%| F|  |TAMS 0x000000070b400000| PB 0x000000070b400000| Untracked 
|  64|0x000000070b600000, 0x000000070b600000, 0x000000070b800000|  0%| F|  |TAMS 0x000000070b600000| PB 0x000000070b600000| Untracked 
|  65|0x000000070b800000, 0x000000070b800000, 0x000000070ba00000|  0%| F|  |TAMS 0x000000070b800000| PB 0x000000070b800000| Untracked 
|  66|0x000000070ba00000, 0x000000070ba00000, 0x000000070bc00000|  0%| F|  |TAMS 0x000000070ba00000| PB 0x000000070ba00000| Untracked 
|  67|0x000000070bc00000, 0x000000070bc00000, 0x000000070be00000|  0%| F|  |TAMS 0x000000070bc00000| PB 0x000000070bc00000| Untracked 
|  68|0x000000070be00000, 0x000000070be00000, 0x000000070c000000|  0%| F|  |TAMS 0x000000070be00000| PB 0x000000070be00000| Untracked 
|  69|0x000000070c000000, 0x000000070c000000, 0x000000070c200000|  0%| F|  |TAMS 0x000000070c000000| PB 0x000000070c000000| Untracked 
|  70|0x000000070c200000, 0x000000070c200000, 0x000000070c400000|  0%| F|  |TAMS 0x000000070c200000| PB 0x000000070c200000| Untracked 
|  71|0x000000070c400000, 0x000000070c400000, 0x000000070c600000|  0%| F|  |TAMS 0x000000070c400000| PB 0x000000070c400000| Untracked 
|  72|0x000000070c600000, 0x000000070c600000, 0x000000070c800000|  0%| F|  |TAMS 0x000000070c600000| PB 0x000000070c600000| Untracked 
|  73|0x000000070c800000, 0x000000070c800000, 0x000000070ca00000|  0%| F|  |TAMS 0x000000070c800000| PB 0x000000070c800000| Untracked 
|  74|0x000000070ca00000, 0x000000070ca00000, 0x000000070cc00000|  0%| F|  |TAMS 0x000000070ca00000| PB 0x000000070ca00000| Untracked 
|  75|0x000000070cc00000, 0x000000070cc00000, 0x000000070ce00000|  0%| F|  |TAMS 0x000000070cc00000| PB 0x000000070cc00000| Untracked 
|  76|0x000000070ce00000, 0x000000070ce00000, 0x000000070d000000|  0%| F|  |TAMS 0x000000070ce00000| PB 0x000000070ce00000| Untracked 
|  77|0x000000070d000000, 0x000000070d000000, 0x000000070d200000|  0%| F|  |TAMS 0x000000070d000000| PB 0x000000070d000000| Untracked 
|  78|0x000000070d200000, 0x000000070d200000, 0x000000070d400000|  0%| F|  |TAMS 0x000000070d200000| PB 0x000000070d200000| Untracked 
|  79|0x000000070d400000, 0x000000070d400000, 0x000000070d600000|  0%| F|  |TAMS 0x000000070d400000| PB 0x000000070d400000| Untracked 
|  80|0x000000070d600000, 0x000000070d600000, 0x000000070d800000|  0%| F|  |TAMS 0x000000070d600000| PB 0x000000070d600000| Untracked 
|  81|0x000000070d800000, 0x000000070d800000, 0x000000070da00000|  0%| F|  |TAMS 0x000000070d800000| PB 0x000000070d800000| Untracked 
|  82|0x000000070da00000, 0x000000070da00000, 0x000000070dc00000|  0%| F|  |TAMS 0x000000070da00000| PB 0x000000070da00000| Untracked 
|  83|0x000000070dc00000, 0x000000070dc00000, 0x000000070de00000|  0%| F|  |TAMS 0x000000070dc00000| PB 0x000000070dc00000| Untracked 
|  84|0x000000070de00000, 0x000000070de00000, 0x000000070e000000|  0%| F|  |TAMS 0x000000070de00000| PB 0x000000070de00000| Untracked 
|  85|0x000000070e000000, 0x000000070e000000, 0x000000070e200000|  0%| F|  |TAMS 0x000000070e000000| PB 0x000000070e000000| Untracked 
|  86|0x000000070e200000, 0x000000070e200000, 0x000000070e400000|  0%| F|  |TAMS 0x000000070e200000| PB 0x000000070e200000| Untracked 
|  87|0x000000070e400000, 0x000000070e400000, 0x000000070e600000|  0%| F|  |TAMS 0x000000070e400000| PB 0x000000070e400000| Untracked 
|  88|0x000000070e600000, 0x000000070e600000, 0x000000070e800000|  0%| F|  |TAMS 0x000000070e600000| PB 0x000000070e600000| Untracked 
|  89|0x000000070e800000, 0x000000070e800000, 0x000000070ea00000|  0%| F|  |TAMS 0x000000070e800000| PB 0x000000070e800000| Untracked 
|  90|0x000000070ea00000, 0x000000070ea00000, 0x000000070ec00000|  0%| F|  |TAMS 0x000000070ea00000| PB 0x000000070ea00000| Untracked 
|  91|0x000000070ec00000, 0x000000070ec00000, 0x000000070ee00000|  0%| F|  |TAMS 0x000000070ec00000| PB 0x000000070ec00000| Untracked 
|  92|0x000000070ee00000, 0x000000070ee00000, 0x000000070f000000|  0%| F|  |TAMS 0x000000070ee00000| PB 0x000000070ee00000| Untracked 
|  93|0x000000070f000000, 0x000000070f000000, 0x000000070f200000|  0%| F|  |TAMS 0x000000070f000000| PB 0x000000070f000000| Untracked 
|  94|0x000000070f200000, 0x000000070f200000, 0x000000070f400000|  0%| F|  |TAMS 0x000000070f200000| PB 0x000000070f200000| Untracked 
|  95|0x000000070f400000, 0x000000070f400000, 0x000000070f600000|  0%| F|  |TAMS 0x000000070f400000| PB 0x000000070f400000| Untracked 
|  96|0x000000070f600000, 0x000000070f600000, 0x000000070f800000|  0%| F|  |TAMS 0x000000070f600000| PB 0x000000070f600000| Untracked 
|  97|0x000000070f800000, 0x000000070f800000, 0x000000070fa00000|  0%| F|  |TAMS 0x000000070f800000| PB 0x000000070f800000| Untracked 
|  98|0x000000070fa00000, 0x000000070fa00000, 0x000000070fc00000|  0%| F|  |TAMS 0x000000070fa00000| PB 0x000000070fa00000| Untracked 
|  99|0x000000070fc00000, 0x000000070fc00000, 0x000000070fe00000|  0%| F|  |TAMS 0x000000070fc00000| PB 0x000000070fc00000| Untracked 
| 100|0x000000070fe00000, 0x000000070fe00000, 0x0000000710000000|  0%| F|  |TAMS 0x000000070fe00000| PB 0x000000070fe00000| Untracked 
| 101|0x0000000710000000, 0x0000000710000000, 0x0000000710200000|  0%| F|  |TAMS 0x0000000710000000| PB 0x0000000710000000| Untracked 
| 102|0x0000000710200000, 0x0000000710200000, 0x0000000710400000|  0%| F|  |TAMS 0x0000000710200000| PB 0x0000000710200000| Untracked 
| 103|0x0000000710400000, 0x0000000710400000, 0x0000000710600000|  0%| F|  |TAMS 0x0000000710400000| PB 0x0000000710400000| Untracked 
| 104|0x0000000710600000, 0x0000000710600000, 0x0000000710800000|  0%| F|  |TAMS 0x0000000710600000| PB 0x0000000710600000| Untracked 
| 105|0x0000000710800000, 0x0000000710800000, 0x0000000710a00000|  0%| F|  |TAMS 0x0000000710800000| PB 0x0000000710800000| Untracked 
| 106|0x0000000710a00000, 0x0000000710a00000, 0x0000000710c00000|  0%| F|  |TAMS 0x0000000710a00000| PB 0x0000000710a00000| Untracked 
| 107|0x0000000710c00000, 0x0000000710c00000, 0x0000000710e00000|  0%| F|  |TAMS 0x0000000710c00000| PB 0x0000000710c00000| Untracked 
| 108|0x0000000710e00000, 0x0000000710e00000, 0x0000000711000000|  0%| F|  |TAMS 0x0000000710e00000| PB 0x0000000710e00000| Untracked 
| 109|0x0000000711000000, 0x0000000711000000, 0x0000000711200000|  0%| F|  |TAMS 0x0000000711000000| PB 0x0000000711000000| Untracked 
| 110|0x0000000711200000, 0x0000000711200000, 0x0000000711400000|  0%| F|  |TAMS 0x0000000711200000| PB 0x0000000711200000| Untracked 
| 111|0x0000000711400000, 0x0000000711400000, 0x0000000711600000|  0%| F|  |TAMS 0x0000000711400000| PB 0x0000000711400000| Untracked 
| 112|0x0000000711600000, 0x0000000711600000, 0x0000000711800000|  0%| F|  |TAMS 0x0000000711600000| PB 0x0000000711600000| Untracked 
| 113|0x0000000711800000, 0x0000000711800000, 0x0000000711a00000|  0%| F|  |TAMS 0x0000000711800000| PB 0x0000000711800000| Untracked 
| 114|0x0000000711a00000, 0x0000000711b704a8, 0x0000000711c00000| 71%| S|CS|TAMS 0x0000000711a00000| PB 0x0000000711a00000| Complete 
| 115|0x0000000711c00000, 0x0000000711e00000, 0x0000000711e00000|100%| S|CS|TAMS 0x0000000711c00000| PB 0x0000000711c00000| Complete 
| 116|0x0000000711e00000, 0x0000000711e00000, 0x0000000712000000|  0%| F|  |TAMS 0x0000000711e00000| PB 0x0000000711e00000| Untracked 
| 117|0x0000000712000000, 0x0000000712000000, 0x0000000712200000|  0%| F|  |TAMS 0x0000000712000000| PB 0x0000000712000000| Untracked 
| 118|0x0000000712200000, 0x0000000712200000, 0x0000000712400000|  0%| F|  |TAMS 0x0000000712200000| PB 0x0000000712200000| Untracked 
| 119|0x0000000712400000, 0x0000000712400000, 0x0000000712600000|  0%| F|  |TAMS 0x0000000712400000| PB 0x0000000712400000| Untracked 
| 120|0x0000000712600000, 0x0000000712600800, 0x0000000712800000|  0%| E|  |TAMS 0x0000000712600000| PB 0x0000000712600000| Complete 
| 121|0x0000000712800000, 0x0000000712a00000, 0x0000000712a00000|100%| E|CS|TAMS 0x0000000712800000| PB 0x0000000712800000| Complete 
| 122|0x0000000712a00000, 0x0000000712c00000, 0x0000000712c00000|100%| E|CS|TAMS 0x0000000712a00000| PB 0x0000000712a00000| Complete 
| 123|0x0000000712c00000, 0x0000000712e00000, 0x0000000712e00000|100%| E|CS|TAMS 0x0000000712c00000| PB 0x0000000712c00000| Complete 
| 124|0x0000000712e00000, 0x0000000713000000, 0x0000000713000000|100%| E|CS|TAMS 0x0000000712e00000| PB 0x0000000712e00000| Complete 
| 125|0x0000000713000000, 0x0000000713200000, 0x0000000713200000|100%| E|CS|TAMS 0x0000000713000000| PB 0x0000000713000000| Complete 
| 126|0x0000000713200000, 0x0000000713400000, 0x0000000713400000|100%| E|CS|TAMS 0x0000000713200000| PB 0x0000000713200000| Complete 

Card table byte_map: [0x000001187b770000,0x000001187bf60000] _byte_map_base: 0x0000011877f55000

Marking Bits: (CMBitMap*) 0x00000118639e9a40
 Bits: [0x0000011800000000, 0x0000011803f28000)

Polling page: 0x00000118618c0000

Metaspace:

Usage:
  Non-class:      6.80 MB used.
      Class:    416.66 KB used.
       Both:      7.21 MB used.

Virtual space:
  Non-class space:       64.00 MB reserved,       6.88 MB ( 11%) committed,  1 nodes.
      Class space:        1.00 GB reserved,     512.00 KB ( <1%) committed,  1 nodes.
             Both:        1.06 GB reserved,       7.38 MB ( <1%) committed. 

Chunk freelists:
   Non-Class:  3.69 MB
       Class:  3.53 MB
        Both:  7.22 MB

MaxMetaspaceSize: unlimited
CompressedClassSpaceSize: 1.00 GB
Initial GC threshold: 21.00 MB
Current GC threshold: 21.00 MB
CDS: on
MetaspaceReclaimPolicy: balanced
 - commit_granule_bytes: 65536.
 - commit_granule_words: 8192.
 - virtual_space_node_default_size: 8388608.
 - enlarge_chunks_in_place: 1.
 - new_chunks_are_fully_committed: 0.
 - uncommit_free_chunks: 1.
 - use_allocation_guard: 0.


Internal statistics:

num_allocs_failed_limit: 0.
num_arena_births: 98.
num_arena_deaths: 0.
num_vsnodes_births: 2.
num_vsnodes_deaths: 0.
num_space_committed: 116.
num_space_uncommitted: 0.
num_chunks_returned_to_freelist: 0.
num_chunks_taken_from_freelist: 285.
num_chunk_merges: 0.
num_chunk_splits: 198.
num_chunks_enlarged: 150.
num_inconsistent_stats: 0.

CodeHeap 'non-profiled nmethods': size=120000Kb used=644Kb max_used=644Kb free=119355Kb
 bounds [0x0000011873500000, 0x0000011873770000, 0x000001187aa30000]
CodeHeap 'profiled nmethods': size=120000Kb used=1960Kb max_used=1960Kb free=118039Kb
 bounds [0x000001186ba30000, 0x000001186bca0000, 0x0000011872f60000]
CodeHeap 'non-nmethods': size=5760Kb used=2562Kb max_used=2602Kb free=3197Kb
 bounds [0x0000011872f60000, 0x0000011873200000, 0x0000011873500000]
 total_blobs=2607 nmethods=1431 adapters=1087
 compilation: enabled
              stopped_count=0, restarted_count=0
 full_count=0

Compilation events (20 events):
Event: 8.964 Thread 0x00000118491065e0 1424       4       jdk.internal.misc.Unsafe::copyMemory (33 bytes)
Event: 8.966 Thread 0x00000118491065e0 nmethod 1424 0x0000011873594a10 code [0x0000011873594b80, 0x0000011873594ee8]
Event: 9.930 Thread 0x00000118491065e0 1425       4       org.joml.MemUtil$MemUtilUnsafe::put (43 bytes)
Event: 9.933 Thread 0x00000118491065e0 nmethod 1425 0x0000011873595290 code [0x0000011873595400, 0x00000118735954c8]
Event: 11.128 Thread 0x00000118491065e0 1426       4       java.nio.DirectByteBuffer::asFloatBuffer (179 bytes)
Event: 11.132 Thread 0x00000118491065e0 nmethod 1426 0x0000011873595590 code [0x0000011873595720, 0x0000011873595b90]
Event: 11.132 Thread 0x00000118491065e0 1427       4       java.nio.FloatBuffer::<init> (14 bytes)
Event: 11.133 Thread 0x00000118491065e0 nmethod 1427 0x0000011873595f10 code [0x0000011873596080, 0x00000118735963a8]
Event: 13.064 Thread 0x00000118491065e0 1428   !   4       org.lwjgl.opengl.GL15C::glGenBuffers (46 bytes)
Event: 13.079 Thread 0x00000118491065e0 nmethod 1428 0x0000011873596690 code [0x0000011873596860, 0x0000011873596d50]
Event: 13.295 Thread 0x00000118491065e0 1429       4       com.bedrye.Objects.BJEMesh::setVertexesPosition (104 bytes)
Event: 13.395 Thread 0x00000118491065e0 nmethod 1429 0x0000011873597310 code [0x0000011873597680, 0x0000011873599158]
Event: 14.219 Thread 0x00000118491065e0 1430   !   4       org.lwjgl.opengl.GL20C::glGetUniformLocation (48 bytes)
Event: 14.238 Thread 0x00000118491065e0 nmethod 1430 0x000001187359bb10 code [0x000001187359bd00, 0x000001187359c3e0]
Event: 14.238 Thread 0x00000118491065e0 1431       4       com.bedrye.Objects.Object3D$$Lambda$90/0x0000011805033b50::accept (8 bytes)
Event: 14.242 Thread 0x00000118491065e0 nmethod 1431 0x000001187359cb90 code [0x000001187359cde0, 0x000001187359d150]
Event: 21.024 Thread 0x00000118491065e0 1432       4       com.bedrye.Objects.Object3D::update (29 bytes)
Event: 21.047 Thread 0x00000118491065e0 nmethod 1432 0x000001187359d710 code [0x000001187359da40, 0x000001187359e988]
Event: 21.537 Thread 0x00000118491065e0 1433       4       com.bedrye.bjge.GameEngine.Util.Shaders.ShaderProgram::UploadMatrix (31 bytes)
Event: 21.555 Thread 0x00000118491065e0 nmethod 1433 0x000001187359fb90 code [0x000001187359fda0, 0x00000118735a0770]

GC Heap History (2 events):
Event: 0.738 GC heap before
{Heap before GC invocations=0 (full 0):
 garbage-first heap   total 260096K, used 20480K [0x0000000703600000, 0x0000000800000000)
  region size 2048K, 11 young (22528K), 0 survivors (0K)
 Metaspace       used 4010K, committed 4160K, reserved 1114112K
  class space    used 297K, committed 384K, reserved 1048576K
}
Event: 0.741 GC heap after
{Heap after GC invocations=1 (full 0):
 garbage-first heap   total 260096K, used 3521K [0x0000000703600000, 0x0000000800000000)
  region size 2048K, 2 young (4096K), 2 survivors (4096K)
 Metaspace       used 4010K, committed 4160K, reserved 1114112K
  class space    used 297K, committed 384K, reserved 1048576K
}

Dll operation events (13 events):
Event: 0.009 Loaded shared library C:\Users\stas2\.jdks\openjdk-20.0.2-1\bin\java.dll
Event: 0.030 Loaded shared library C:\Users\stas2\.jdks\openjdk-20.0.2-1\bin\jsvml.dll
Event: 0.081 Loaded shared library C:\Users\stas2\.jdks\openjdk-20.0.2-1\bin\net.dll
Event: 0.083 Loaded shared library C:\Users\stas2\.jdks\openjdk-20.0.2-1\bin\nio.dll
Event: 0.086 Loaded shared library C:\Users\stas2\.jdks\openjdk-20.0.2-1\bin\zip.dll
Event: 0.252 Loaded shared library C:\Users\stas2\.jdks\openjdk-20.0.2-1\bin\zip.dll
Event: 0.256 Loaded shared library C:\Users\stas2\.jdks\openjdk-20.0.2-1\bin\instrument.dll
Event: 0.278 Loaded shared library C:\IntelliJ IDEA Community Edition 2021.3.2\IntelliJ IDEA Community Edition 2023.2.1\bin\breakgen64.dll
Event: 0.316 Loaded shared library C:\Users\stas2\.jdks\openjdk-20.0.2-1\bin\jimage.dll
Event: 0.345 Loaded shared library C:\Users\stas2\AppData\Local\Temp\lwjgl_stas2\3.3.4+7\x64\lwjgl.dll
Event: 0.688 Loaded shared library C:\Users\stas2\AppData\Local\Temp\lwjgl_stas2\3.3.4+7\x64\lwjgl_opengl.dll
Event: 0.746 Loaded shared library C:\Users\stas2\.jdks\openjdk-20.0.2-1\bin\verify.dll
Event: 0.837 Loaded shared library C:\Users\stas2\AppData\Local\Temp\lwjgl_stas2\3.3.4+7\x64\lwjgl_stb.dll

Deoptimization events (20 events):
Event: 0.786 Thread 0x0000011863979e20 Uncommon trap: trap_request=0xffffffde fr.pc=0x0000011873566ad8 relative=0x0000000000000298
Event: 0.786 Thread 0x0000011863979e20 Uncommon trap: reason=class_check action=maybe_recompile pc=0x0000011873566ad8 method=java.util.regex.Pattern$BmpCharPropertyGreedy.match(Ljava/util/regex/Matcher;ILjava/lang/CharSequence;)Z @ 26 c2
Event: 0.786 Thread 0x0000011863979e20 DEOPT PACKING pc=0x0000011873566ad8 sp=0x0000000a2ecfeb30
Event: 0.786 Thread 0x0000011863979e20 DEOPT UNPACKING pc=0x0000011872f7d2a2 sp=0x0000000a2ecfeae8 mode 2
Event: 0.786 Thread 0x0000011863979e20 Uncommon trap: trap_request=0xffffffde fr.pc=0x0000011873566ad8 relative=0x0000000000000298
Event: 0.786 Thread 0x0000011863979e20 Uncommon trap: reason=class_check action=maybe_recompile pc=0x0000011873566ad8 method=java.util.regex.Pattern$BmpCharPropertyGreedy.match(Ljava/util/regex/Matcher;ILjava/lang/CharSequence;)Z @ 26 c2
Event: 0.786 Thread 0x0000011863979e20 DEOPT PACKING pc=0x0000011873566ad8 sp=0x0000000a2ecfeb30
Event: 0.786 Thread 0x0000011863979e20 DEOPT UNPACKING pc=0x0000011872f7d2a2 sp=0x0000000a2ecfeae8 mode 2
Event: 0.936 Thread 0x0000011863979e20 Uncommon trap: trap_request=0xffffff54 fr.pc=0x00000118735603ec relative=0x000000000000006c
Event: 0.936 Thread 0x0000011863979e20 Uncommon trap: reason=speculate_null_assert action=make_not_entrant pc=0x00000118735603ec method=sun.misc.Unsafe.getLong(Ljava/lang/Object;J)J @ 5 c2
Event: 0.936 Thread 0x0000011863979e20 DEOPT PACKING pc=0x00000118735603ec sp=0x0000000a2ecff1a0
Event: 0.936 Thread 0x0000011863979e20 DEOPT UNPACKING pc=0x0000011872f7d2a2 sp=0x0000000a2ecff128 mode 2
Event: 1.075 Thread 0x000001187c94dd30 Uncommon trap: trap_request=0xffffff45 fr.pc=0x0000011873566980 relative=0x0000000000000140
Event: 1.075 Thread 0x000001187c94dd30 Uncommon trap: reason=unstable_if action=reinterpret pc=0x0000011873566980 method=java.util.regex.Pattern$BmpCharPropertyGreedy.match(Ljava/util/regex/Matcher;ILjava/lang/CharSequence;)Z @ 12 c2
Event: 1.075 Thread 0x000001187c94dd30 DEOPT PACKING pc=0x0000011873566980 sp=0x0000000a2f6fe530
Event: 1.075 Thread 0x000001187c94dd30 DEOPT UNPACKING pc=0x0000011872f7d2a2 sp=0x0000000a2f6fe4c8 mode 2
Event: 1.076 Thread 0x000001187c94dd30 Uncommon trap: trap_request=0xffffff45 fr.pc=0x0000011873510114 relative=0x0000000000000114
Event: 1.076 Thread 0x000001187c94dd30 Uncommon trap: reason=unstable_if action=reinterpret pc=0x0000011873510114 method=java.lang.StringLatin1.lastIndexOf([BI[BII)I @ 86 c2
Event: 1.076 Thread 0x000001187c94dd30 DEOPT PACKING pc=0x0000011873510114 sp=0x0000000a2f6fe1f0
Event: 1.076 Thread 0x000001187c94dd30 DEOPT UNPACKING pc=0x0000011872f7d2a2 sp=0x0000000a2f6fe148 mode 2

Classes loaded (20 events):
Event: 1.078 Loading class java/time/zone/TzdbZoneRulesProvider
Event: 1.078 Loading class java/time/zone/TzdbZoneRulesProvider done
Event: 1.083 Loading class java/time/zone/Ser
Event: 1.083 Loading class java/time/zone/Ser done
Event: 1.084 Loading class java/time/Month
Event: 1.084 Loading class java/time/Month done
Event: 1.084 Loading class java/time/DayOfWeek
Event: 1.084 Loading class java/time/DayOfWeek done
Event: 1.084 Loading class java/time/zone/ZoneOffsetTransitionRule$TimeDefinition
Event: 1.084 Loading class java/time/zone/ZoneOffsetTransitionRule$TimeDefinition done
Event: 1.085 Loading class java/time/zone/ZoneOffsetTransition
Event: 1.085 Loading class java/time/zone/ZoneOffsetTransition done
Event: 1.086 Loading class sun/util/cldr/CLDRBaseLocaleDataMetaInfo$TZCanonicalIDMapHolder
Event: 1.086 Loading class sun/util/cldr/CLDRBaseLocaleDataMetaInfo$TZCanonicalIDMapHolder done
Event: 1.087 Loading class sun/util/resources/TimeZoneNames
Event: 1.088 Loading class sun/util/resources/TimeZoneNames done
Event: 1.088 Loading class sun/util/resources/TimeZoneNames_en
Event: 1.088 Loading class sun/util/resources/TimeZoneNames_en done
Event: 27.652 Loading class jdk/internal/misc/Signal$1
Event: 27.652 Loading class jdk/internal/misc/Signal$1 done

Classes unloaded (0 events):
No events

Classes redefined (0 events):
No events

Internal exceptions (20 events):
Event: 0.466 Thread 0x0000011863979e20 Exception <a 'sun/nio/fs/WindowsException'{0x00000007121a0358}> (0x00000007121a0358) 
thrown [s\open\src\hotspot\share\prims\jni.cpp, line 519]
Event: 0.469 Thread 0x0000011863979e20 Exception <a 'sun/nio/fs/WindowsException'{0x00000007121b6900}> (0x00000007121b6900) 
thrown [s\open\src\hotspot\share\prims\jni.cpp, line 519]
Event: 0.472 Thread 0x0000011863979e20 Exception <a 'java/lang/NoSuchMethodError'{0x00000007121bb618}: 'int java.lang.invoke.Invokers$Holder.invokeExact_MT(java.lang.Object, java.lang.Object)'> (0x00000007121bb618) 
thrown [s\open\src\hotspot\share\interpreter\linkResolver.cpp, line 773]
Event: 0.678 Thread 0x0000011863979e20 Exception <a 'java/lang/NoSuchMethodError'{0x0000000711e69658}: 'void java.lang.System.load(java.lang.String, java.lang.Class)'> (0x0000000711e69658) 
thrown [s\open\src\hotspot\share\interpreter\linkResolver.cpp, line 773]
Event: 0.679 Thread 0x0000011863979e20 Exception <a 'java/lang/NoSuchMethodError'{0x0000000711e6c440}: 'void java.lang.System.loadLibrary(java.lang.String, java.lang.Class)'> (0x0000000711e6c440) 
thrown [s\open\src\hotspot\share\interpreter\linkResolver.cpp, line 773]
Event: 0.681 Thread 0x0000011863979e20 Exception <a 'sun/nio/fs/WindowsException'{0x0000000711e6f880}> (0x0000000711e6f880) 
thrown [s\open\src\hotspot\share\prims\jni.cpp, line 519]
Event: 0.686 Thread 0x0000011863979e20 Exception <a 'sun/nio/fs/WindowsException'{0x0000000711e7eab0}> (0x0000000711e7eab0) 
thrown [s\open\src\hotspot\share\prims\jni.cpp, line 519]
Event: 0.686 Thread 0x0000011863979e20 Exception <a 'sun/nio/fs/WindowsException'{0x0000000711e7ee50}> (0x0000000711e7ee50) 
thrown [s\open\src\hotspot\share\prims\jni.cpp, line 519]
Event: 0.688 Thread 0x0000011863979e20 Exception <a 'sun/nio/fs/WindowsException'{0x0000000711e812c8}> (0x0000000711e812c8) 
thrown [s\open\src\hotspot\share\prims\jni.cpp, line 519]
Event: 0.692 Thread 0x0000011863979e20 Exception <a 'sun/nio/fs/WindowsException'{0x0000000711e88600}> (0x0000000711e88600) 
thrown [s\open\src\hotspot\share\prims\jni.cpp, line 519]
Event: 0.692 Thread 0x0000011863979e20 Exception <a 'sun/nio/fs/WindowsException'{0x0000000711e89c60}> (0x0000000711e89c60) 
thrown [s\open\src\hotspot\share\prims\jni.cpp, line 519]
Event: 0.692 Thread 0x0000011863979e20 Exception <a 'sun/nio/fs/WindowsException'{0x0000000711e89f30}> (0x0000000711e89f30) 
thrown [s\open\src\hotspot\share\prims\jni.cpp, line 519]
Event: 0.827 Thread 0x0000011863979e20 Exception <a 'java/lang/NoSuchMethodError'{0x000000071305c0f8}: 'void java.lang.System.load(java.lang.String, java.lang.Class)'> (0x000000071305c0f8) 
thrown [s\open\src\hotspot\share\interpreter\linkResolver.cpp, line 773]
Event: 0.827 Thread 0x0000011863979e20 Exception <a 'java/lang/NoSuchMethodError'{0x000000071305ef40}: 'void java.lang.System.loadLibrary(java.lang.String, java.lang.Class)'> (0x000000071305ef40) 
thrown [s\open\src\hotspot\share\interpreter\linkResolver.cpp, line 773]
Event: 0.828 Thread 0x0000011863979e20 Exception <a 'sun/nio/fs/WindowsException'{0x0000000713061fe0}> (0x0000000713061fe0) 
thrown [s\open\src\hotspot\share\prims\jni.cpp, line 519]
Event: 0.835 Thread 0x0000011863979e20 Exception <a 'sun/nio/fs/WindowsException'{0x000000071306e210}> (0x000000071306e210) 
thrown [s\open\src\hotspot\share\prims\jni.cpp, line 519]
Event: 0.835 Thread 0x0000011863979e20 Exception <a 'sun/nio/fs/WindowsException'{0x000000071306e590}> (0x000000071306e590) 
thrown [s\open\src\hotspot\share\prims\jni.cpp, line 519]
Event: 0.837 Thread 0x0000011863979e20 Exception <a 'sun/nio/fs/WindowsException'{0x0000000713070938}> (0x0000000713070938) 
thrown [s\open\src\hotspot\share\prims\jni.cpp, line 519]
Event: 1.082 Thread 0x000001187c94dd30 Exception <a 'sun/nio/fs/WindowsException'{0x0000000712fcc300}> (0x0000000712fcc300) 
thrown [s\open\src\hotspot\share\prims\jni.cpp, line 519]
Event: 1.090 Thread 0x000001187c94dd30 Exception <a 'java/lang/NoSuchMethodError'{0x0000000712fff7e8}: 'java.lang.Object java.lang.invoke.Invokers$Holder.invokeExact_MT(java.lang.Object, java.lang.Object, java.lang.Object, java.lang.Object, java.lang.Object, java.lang.Object)'> (0x0000000712fff7e8) 
thrown [s\open\src\hotspot\share\interpreter\linkResolver.cpp, line 773]

VM Operations (20 events):
Event: 0.741 Executing VM operation: G1CollectForAllocation done
Event: 0.766 Executing VM operation: HandshakeAllThreads
Event: 0.766 Executing VM operation: HandshakeAllThreads done
Event: 0.781 Executing VM operation: HandshakeAllThreads
Event: 0.781 Executing VM operation: HandshakeAllThreads done
Event: 0.863 Executing VM operation: HandshakeAllThreads
Event: 0.863 Executing VM operation: HandshakeAllThreads done
Event: 1.876 Executing VM operation: Cleanup
Event: 1.877 Executing VM operation: Cleanup done
Event: 3.888 Executing VM operation: Cleanup
Event: 3.888 Executing VM operation: Cleanup done
Event: 4.895 Executing VM operation: Cleanup
Event: 4.895 Executing VM operation: Cleanup done
Event: 7.920 Executing VM operation: Cleanup
Event: 7.921 Executing VM operation: Cleanup done
Event: 11.957 Executing VM operation: Cleanup
Event: 11.957 Executing VM operation: Cleanup done
Event: 22.055 Executing VM operation: Cleanup
Event: 22.055 Executing VM operation: Cleanup done
Event: 27.653 Executing VM operation: Exit

Events (20 events):
Event: 0.042 Thread 0x000001187c94e890 Thread added: 0x000001187c94e890
Event: 0.042 Thread 0x0000011849105840 Thread added: 0x0000011849105840
Event: 0.042 Thread 0x00000118491065e0 Thread added: 0x00000118491065e0
Event: 0.043 Thread 0x000001184910aa30 Thread added: 0x000001184910aa30
Event: 0.074 Thread 0x0000011849239130 Thread added: 0x0000011849239130
Event: 0.115 Thread 0x00000118492cb800 Thread added: 0x00000118492cb800
Event: 0.130 Thread 0x00000118492d15d0 Thread added: 0x00000118492d15d0
Event: 0.278 Thread 0x00000118498ae370 Thread added: 0x00000118498ae370
Event: 0.278 Thread 0x00000118498fd620 Thread added: 0x00000118498fd620
Event: 0.605 Thread 0x00000118492d15d0 Thread exited: 0x00000118492d15d0
Event: 0.605 Thread 0x00000118492cb800 Thread exited: 0x00000118492cb800
Event: 0.697 Thread 0x000001184b9a5c90 Thread added: 0x000001184b9a5c90
Event: 0.904 Thread 0x000001184b9a5c90 Thread exited: 0x000001184b9a5c90
Event: 1.080 Thread 0x000001184b9b9c20 Thread added: 0x000001184b9b9c20
Event: 1.264 Thread 0x000001184b9b9c20 Thread exited: 0x000001184b9b9c20
Event: 1.714 Thread 0x000001184c14d060 Thread added: 0x000001184c14d060
Event: 1.714 Thread 0x000001184c14d5f0 Thread added: 0x000001184c14d5f0
Event: 1.835 Thread 0x000001184c14d5f0 Thread exited: 0x000001184c14d5f0
Event: 1.835 Thread 0x000001184c14d060 Thread exited: 0x000001184c14d060
Event: 27.653 Thread 0x0000011849433c30 Thread added: 0x0000011849433c30


Dynamic libraries:
0x00007ff652630000 - 0x00007ff65263e000 	C:\Users\stas2\.jdks\openjdk-20.0.2-1\bin\java.exe
0x00007ff902570000 - 0x00007ff902787000 	C:\Windows\SYSTEM32\ntdll.dll
0x00007ff9013d0000 - 0x00007ff901494000 	C:\Windows\System32\KERNEL32.DLL
0x00007ff8ffe90000 - 0x00007ff900260000 	C:\Windows\System32\KERNELBASE.dll
0x00007ff8ff820000 - 0x00007ff8ff931000 	C:\Windows\System32\ucrtbase.dll
0x00007ff8e6360000 - 0x00007ff8e637b000 	C:\Users\stas2\.jdks\openjdk-20.0.2-1\bin\VCRUNTIME140.dll
0x00007ff8e6380000 - 0x00007ff8e6397000 	C:\Users\stas2\.jdks\openjdk-20.0.2-1\bin\jli.dll
0x00007ff9002a0000 - 0x00007ff90044e000 	C:\Windows\System32\USER32.dll
0x00007ff8ffdc0000 - 0x00007ff8ffde6000 	C:\Windows\System32\win32u.dll
0x00007ff8feb60000 - 0x00007ff8fedf2000 	C:\Windows\WinSxS\amd64_microsoft.windows.common-controls_6595b64144ccf1df_6.0.22621.4830_none_270fe7d773858e80\COMCTL32.dll
0x00007ff900270000 - 0x00007ff900299000 	C:\Windows\System32\GDI32.dll
0x00007ff901a20000 - 0x00007ff901ac7000 	C:\Windows\System32\msvcrt.dll
0x00007ff8ffc20000 - 0x00007ff8ffd3b000 	C:\Windows\System32\gdi32full.dll
0x00007ff8ffdf0000 - 0x00007ff8ffe8a000 	C:\Windows\System32\msvcp_win.dll
0x00007ff901be0000 - 0x00007ff901c11000 	C:\Windows\System32\IMM32.DLL
0x00007ff8e7170000 - 0x00007ff8e717c000 	C:\Users\stas2\.jdks\openjdk-20.0.2-1\bin\vcruntime140_1.dll
0x00007ff8e62d0000 - 0x00007ff8e635e000 	C:\Users\stas2\.jdks\openjdk-20.0.2-1\bin\msvcp140.dll
0x00007ff8a0de0000 - 0x00007ff8a1a78000 	C:\Users\stas2\.jdks\openjdk-20.0.2-1\bin\server\jvm.dll
0x00007ff9008f0000 - 0x00007ff9009a1000 	C:\Windows\System32\ADVAPI32.dll
0x00007ff9011f0000 - 0x00007ff901297000 	C:\Windows\System32\sechost.dll
0x00007ff8ffa00000 - 0x00007ff8ffa28000 	C:\Windows\System32\bcrypt.dll
0x00007ff901570000 - 0x00007ff901684000 	C:\Windows\System32\RPCRT4.dll
0x00007ff8d7430000 - 0x00007ff8d7439000 	C:\Windows\SYSTEM32\WSOCK32.dll
0x00007ff8f8270000 - 0x00007ff8f827a000 	C:\Windows\SYSTEM32\VERSION.dll
0x00007ff9009b0000 - 0x00007ff900a21000 	C:\Windows\System32\WS2_32.dll
0x00007ff8f6ee0000 - 0x00007ff8f6f14000 	C:\Windows\SYSTEM32\WINMM.dll
0x00007ff8fe1f0000 - 0x00007ff8fe208000 	C:\Windows\SYSTEM32\kernel.appcore.dll
0x00007ff8e62c0000 - 0x00007ff8e62ca000 	C:\Users\stas2\.jdks\openjdk-20.0.2-1\bin\jimage.dll
0x00007ff8ff180000 - 0x00007ff8ff3b2000 	C:\Windows\SYSTEM32\DBGHELP.DLL
0x00007ff901690000 - 0x00007ff901a20000 	C:\Windows\System32\combase.dll
0x00007ff900ed0000 - 0x00007ff900fa7000 	C:\Windows\System32\OLEAUT32.dll
0x00007ff8ff020000 - 0x00007ff8ff052000 	C:\Windows\SYSTEM32\dbgcore.DLL
0x00007ff8ffd40000 - 0x00007ff8ffdbb000 	C:\Windows\System32\bcryptPrimitives.dll
0x00007ff8f8760000 - 0x00007ff8f876e000 	C:\Users\stas2\.jdks\openjdk-20.0.2-1\bin\instrument.dll
0x00007ff8e6290000 - 0x00007ff8e62b6000 	C:\Users\stas2\.jdks\openjdk-20.0.2-1\bin\java.dll
0x00007ff8a5070000 - 0x00007ff8a5147000 	C:\Users\stas2\.jdks\openjdk-20.0.2-1\bin\jsvml.dll
0x00007ff901c20000 - 0x00007ff902498000 	C:\Windows\System32\SHELL32.dll
0x00007ff8fd040000 - 0x00007ff8fd950000 	C:\Windows\SYSTEM32\windows.storage.dll
0x00007ff8fcf00000 - 0x00007ff8fd03f000 	C:\Windows\SYSTEM32\wintypes.dll
0x00007ff900dc0000 - 0x00007ff900eca000 	C:\Windows\System32\SHCORE.dll
0x00007ff901b80000 - 0x00007ff901bde000 	C:\Windows\System32\shlwapi.dll
0x00007ff8ff750000 - 0x00007ff8ff77b000 	C:\Windows\SYSTEM32\profapi.dll
0x00007ff8b3c60000 - 0x00007ff8b3c73000 	C:\Users\stas2\.jdks\openjdk-20.0.2-1\bin\net.dll
0x00007ff8f8090000 - 0x00007ff8f81bc000 	C:\Windows\SYSTEM32\WINHTTP.dll
0x00007ff8fe630000 - 0x00007ff8fe69a000 	C:\Windows\system32\mswsock.dll
0x00007ff8b3c40000 - 0x00007ff8b3c56000 	C:\Users\stas2\.jdks\openjdk-20.0.2-1\bin\nio.dll
0x00007ff8b18e0000 - 0x00007ff8b18f8000 	C:\Users\stas2\.jdks\openjdk-20.0.2-1\bin\zip.dll
0x00007ff8f8740000 - 0x00007ff8f875a000 	C:\IntelliJ IDEA Community Edition 2021.3.2\IntelliJ IDEA Community Edition 2023.2.1\bin\breakgen64.dll
0x00007ff8e8120000 - 0x00007ff8e819b000 	C:\Users\stas2\AppData\Local\Temp\lwjgl_stas2\3.3.4+7\x64\lwjgl.dll
0x00007ff8e8090000 - 0x00007ff8e8115000 	C:\Users\stas2\AppData\Local\Temp\lwjgl_stas2\3.3.4+7\x64\glfw.dll
0x00007ff8e5a30000 - 0x00007ff8e5a76000 	C:\Windows\SYSTEM32\dinput8.dll
0x00007ff8e8070000 - 0x00007ff8e8081000 	C:\Windows\SYSTEM32\xinput1_4.dll
0x00007ff8ff510000 - 0x00007ff8ff55e000 	C:\Windows\SYSTEM32\cfgmgr32.dll
0x00007ff8ff4e0000 - 0x00007ff8ff50c000 	C:\Windows\SYSTEM32\DEVOBJ.dll
0x00007ff8f9cc0000 - 0x00007ff8f9ceb000 	C:\Windows\SYSTEM32\dwmapi.dll
0x00007ff8df200000 - 0x00007ff8df414000 	C:\Windows\SYSTEM32\inputhost.dll
0x00007ff8f7920000 - 0x00007ff8f7a55000 	C:\Windows\SYSTEM32\CoreMessaging.dll
0x00007ff8f9a30000 - 0x00007ff8f9ae1000 	C:\Windows\system32\uxtheme.dll
0x00007ff900a30000 - 0x00007ff900b8f000 	C:\Windows\System32\MSCTF.dll
0x00007ff8fe8e0000 - 0x00007ff8fe8ec000 	C:\Windows\SYSTEM32\CRYPTBASE.DLL
0x00007ff8e5ba0000 - 0x00007ff8e5ca0000 	C:\Windows\SYSTEM32\opengl32.dll
0x00007ff8f5590000 - 0x00007ff8f55bd000 	C:\Windows\SYSTEM32\GLU32.dll
0x00007ff8fc5b0000 - 0x00007ff8fc5e7000 	C:\Windows\SYSTEM32\dxcore.dll
0x00007ff8f50b0000 - 0x00007ff8f50f9000 	C:\Windows\SYSTEM32\directxdatabasehelper.dll
0x00007ff901ad0000 - 0x00007ff901b80000 	C:\Windows\System32\clbcatq.dll
0x00007ff8f48d0000 - 0x00007ff8f4a14000 	C:\Windows\System32\AppXDeploymentClient.dll
0x00007ff8e4bd0000 - 0x00007ff8e4cd0000 	C:\Windows\System32\Windows.ApplicationModel.dll
0x00007ff900bf0000 - 0x00007ff900d91000 	C:\Windows\System32\ole32.dll
0x00007ff8f8c60000 - 0x00007ff8f8d66000 	C:\Windows\system32\propsys.dll
0x00007ff8f7e40000 - 0x00007ff8f7ed7000 	C:\Windows\SYSTEM32\apphelp.dll
0x00007ff8c1480000 - 0x00007ff8c149a000 	C:\Windows\system32\NetworkExplorer.dll
0x00007ff8c1410000 - 0x00007ff8c1436000 	C:\Windows\system32\mssprxy.dll
0x00007ff86b220000 - 0x00007ff86c213000 	C:\Windows\System32\DriverStore\FileRepository\iigd_dch.inf_amd64_5802b1615520e41c\igxelpicd64.dll
0x00007ff8f9bb0000 - 0x00007ff8f9ca7000 	C:\Windows\system32\dxgi.dll
0x00007ff870a10000 - 0x00007ff870cf7000 	C:\Windows\System32\DriverStore\FileRepository\iigd_dch.inf_amd64_5802b1615520e41c\igdml64.dll
0x00007ff8ed440000 - 0x00007ff8ed807000 	C:\Windows\System32\DriverStore\FileRepository\iigd_dch.inf_amd64_5802b1615520e41c\igdgmm64.dll
0x00007ff8e97f0000 - 0x00007ff8ece01000 	C:\Windows\System32\DriverStore\FileRepository\iigd_dch.inf_amd64_5802b1615520e41c\igc64.dll
0x00007ff8ff130000 - 0x00007ff8ff17d000 	C:\Windows\SYSTEM32\powrprof.dll
0x00007ff8fefe0000 - 0x00007ff8feff3000 	C:\Windows\SYSTEM32\UMPDC.dll
0x00007ff8e8890000 - 0x00007ff8e89d6000 	C:\Windows\SYSTEM32\textinputframework.dll
0x00007ff8f0430000 - 0x00007ff8f079c000 	C:\Windows\SYSTEM32\CoreUIComponents.dll
0x00007ff8e59c0000 - 0x00007ff8e5a21000 	C:\Users\stas2\AppData\Local\Temp\lwjgl_stas2\3.3.4+7\x64\lwjgl_opengl.dll
0x00007ff8e5760000 - 0x00007ff8e5770000 	C:\Users\stas2\.jdks\openjdk-20.0.2-1\bin\verify.dll
0x00007ff8c3800000 - 0x00007ff8c38a0000 	C:\Users\stas2\AppData\Local\Temp\lwjgl_stas2\3.3.4+7\x64\lwjgl_stb.dll

dbghelp: loaded successfully - version: 4.0.5 - missing functions: none
symbol engine: initialized successfully - sym options: 0x614 - pdb path: .;C:\Users\stas2\.jdks\openjdk-20.0.2-1\bin;C:\Windows\SYSTEM32;C:\Windows\WinSxS\amd64_microsoft.windows.common-controls_6595b64144ccf1df_6.0.22621.4830_none_270fe7d773858e80;C:\Users\stas2\.jdks\openjdk-20.0.2-1\bin\server;C:\IntelliJ IDEA Community Edition 2021.3.2\IntelliJ IDEA Community Edition 2023.2.1\bin;C:\Users\stas2\AppData\Local\Temp\lwjgl_stas2\3.3.4+7\x64;C:\Windows\System32\DriverStore\FileRepository\iigd_dch.inf_amd64_5802b1615520e41c

VM Arguments:
jvm_args: -javaagent:C:\IntelliJ IDEA Community Edition 2021.3.2\IntelliJ IDEA Community Edition 2023.2.1\lib\idea_rt.jar=49213:C:\IntelliJ IDEA Community Edition 2021.3.2\IntelliJ IDEA Community Edition 2023.2.1\bin -Dfile.encoding=windows-1252 -Dsun.stdout.encoding=windows-1252 -Dsun.stderr.encoding=windows-1252 --module-path=C:\Users\stas2\.m2\repository\com\gluonhq\attach\lifecycle\4.0.13\lifecycle-4.0.13.jar;C:\Users\stas2\.m2\repository\org\jetbrains\kotlin\kotlin-stdlib\1.6.0\kotlin-stdlib-1.6.0-modular.jar;C:\Users\stas2\.m2\repository\com\github\almasb\fxgl-scene\17.2\fxgl-scene-17.2.jar;C:\Users\stas2\.m2\repository\com\github\almasb\fxgl-core\17.2\fxgl-core-17.2.jar;C:\Users\stas2\.m2\repository\org\openjfx\javafx-controls\20.0.1\javafx-controls-20.0.1-win.jar;C:\Users\stas2\.m2\repository\com\github\almasb\fxgl\17.2\fxgl-17.2.jar;C:\Users\stas2\.m2\repository\org\openjfx\javafx-fxml\20.0.1\javafx-fxml-20.0.1-win.jar;C:\Users\stas2\.m2\repository\org\lwjgl\lwjgl-vulkan\3.3.4\lwjgl-vulkan-3.3.4.jar;C:\Users\stas2\.m2\repository\com\github\almasb\fxgl-gameplay\17.2\fxgl-gameplay-17.2.jar;C:\Users\stas2\.m2\repository\com\fasterxml\jackson\core\jackson-databind\2.12.1\jackson-databind-2.12.1.jar;C:\Users\stas2\.m2\repository\org\joml\joml\1.10.7\joml-1.10.7.jar;O:\GIt\MultiplayerShooter\target\classes;C:\Users\stas2\.m2\repository\org\openjfx\javafx-base\20.0.1\javafx-base-20.0.1-win.jar;C:\Users\stas2\.m2\repository\com\fasterxml\jackson\core\jackson-annotations\2.12.1\jackson-annotations-2.12.1.jar;C:\Users\stas2\.m2\repository\com\github\almasb\fxgl-io\17.2\fxgl-io-17.2.jar;C:\Users\stas2\.m2\repository\com\gluonhq\attach\audio\4.0.13\audio-4.0.13.jar;C:\Users\stas2\.m2\repository\org\lwjgl\lwjgl\3.3.4\lwjgl-3.3.4.jar;C:\Users\stas2\.m2\repository\com\fasterxml\jackson\core\jackson-core\2.12.1\jackson-core-2.12.1.jar;C:\Users\stas2\.m2\repository\com\gluonhq\attach\util\4.0.13\util-4.0.13.jar;C:\Users\stas2\.m2\repository\org\openjfx\javafx-graphics\20.0.1\javafx-graphics-20.0.1-win.jar;C:\Users\stas2\.m2\repository\org\lwjgl\lwjgl-opengl\3.3.4\lwjgl-opengl-3.3.4.jar;C:\Users\stas2\.m2\repository\org\joml\joml-primitives\1.10.0\joml-primitives-1.10.0.jar;C:\Users\stas2\.m2\repository\com\github\almasb\fxgl-entity\17.2\fxgl-entity-17.2.jar;C:\Users\stas2\.m2\reposi-Djdk.module.main=com.bedrye.multiplayershooter 
java_command: com.bedrye.multiplayershooter/com.bedrye.bjge.GameEngine.TestMain
java_class_path (initial): C:\Users\stas2\.m2\repository\org\openjfx\javafx-controls\20.0.1\javafx-controls-20.0.1.jar;C:\Users\stas2\.m2\repository\org\openjfx\javafx-graphics\20.0.1\javafx-graphics-20.0.1.jar;C:\Users\stas2\.m2\repository\org\openjfx\javafx-base\20.0.1\javafx-base-20.0.1.jar;C:\Users\stas2\.m2\repository\org\openjfx\javafx-fxml\20.0.1\javafx-fxml-20.0.1.jar;C:\Users\stas2\.m2\repository\org\openjfx\javafx-media\20.0.1\javafx-media-20.0.1.jar;C:\Users\stas2\.m2\repository\org\jetbrains\annotations\13.0\annotations-13.0.jar;C:\Users\stas2\.m2\repository\org\jetbrains\kotlin\kotlin-stdlib-common\1.6.0\kotlin-stdlib-common-1.6.0.jar;C:\Users\stas2\.m2\repository\org\lwjgl\lwjgl-assimp\3.3.4\lwjgl-assimp-3.3.4.jar;C:\Users\stas2\.m2\repository\org\lwjgl\lwjgl-bgfx\3.3.4\lwjgl-bgfx-3.3.4.jar;C:\Users\stas2\.m2\repository\org\lwjgl\lwjgl-nanovg\3.3.4\lwjgl-nanovg-3.3.4.jar;C:\Users\stas2\.m2\repository\org\lwjgl\lwjgl-nuklear\3.3.4\lwjgl-nuklear-3.3.4.jar;C:\Users\stas2\.m2\repository\org\lwjgl\lwjgl-openal\3.3.4\lwjgl-openal-3.3.4.jar;C:\Users\stas2\.m2\repository\org\lwjgl\lwjgl-par\3.3.4\lwjgl-par-3.3.4.jar;C:\Users\stas2\.m2\repository\org\lwjgl\lwjgl\3.3.4\lwjgl-3.3.4-natives-windows.jar;C:\Users\stas2\.m2\repository\org\lwjgl\lwjgl-assimp\3.3.4\lwjgl-assimp-3.3.4-natives-windows.jar;C:\Users\stas2\.m2\repository\org\lwjgl\lwjgl-bgfx\3.3.4\lwjgl-bgfx-3.3.4-natives-windows.jar;C:\Users\stas2\.m2\repository\org\lwjgl\lwjgl-glfw\3.3.4\lwjgl-glfw-3.3.4-natives-windows.jar;C:\Users\stas2\.m2\repository\org\lwjgl\lwjgl-nanovg\3.3.4\lwjgl-nanovg-3.3.4-natives-windows.jar;C:\Users\stas2\.m2\repository\org\lwjgl\lwjgl-nuklear\3.3.4\lwjgl-nuklear-3.3.4-natives-windows.jar;C:\Users\stas2\.m2\repository\org\lwjgl\lwjgl-openal\3.3.4\lwjgl-openal-3.3.4-natives-windows.jar;C:\Users\stas2\.m2\repository\org\lwjgl\lwjgl-opengl\3.3.4\lwjgl-opengl-3.3.4-natives-windows.jar;C:\Users\stas2\.m2\repository\org\lwjgl\lwjgl-par\3.3.4\lwjgl-par-3.3.4-natives-windows.jar;C:\Users\stas2\.m2\repository\org\lwjgl\lwjgl-stb\3.3.4\lwjgl-stb-3.3.4-natives-windows.jar
Launcher Type: SUN_STANDARD

[Global flags]
     intx CICompilerCount                          = 4                                         {product} {ergonomic}
     uint ConcGCThreads                            = 3                                         {product} {ergonomic}
     uint G1ConcRefinementThreads                  = 10                                        {product} {ergonomic}
   size_t G1HeapRegionSize                         = 2097152                                   {product} {ergonomic}
    uintx GCDrainStackTargetSize                   = 64                                        {product} {ergonomic}
   size_t InitialHeapSize                          = 266338304                                 {product} {ergonomic}
   size_t MarkStackSize                            = 4194304                                   {product} {ergonomic}
   size_t MaxHeapSize                              = 4238344192                                {product} {ergonomic}
   size_t MaxNewSize                               = 2541748224                                {product} {ergonomic}
   size_t MinHeapDeltaBytes                        = 2097152                                   {product} {ergonomic}
   size_t MinHeapSize                              = 8388608                                   {product} {ergonomic}
    uintx NonNMethodCodeHeapSize                   = 5839372                                {pd product} {ergonomic}
    uintx NonProfiledCodeHeapSize                  = 122909434                              {pd product} {ergonomic}
    uintx ProfiledCodeHeapSize                     = 122909434                              {pd product} {ergonomic}
    uintx ReservedCodeCacheSize                    = 251658240                              {pd product} {ergonomic}
     bool SegmentedCodeCache                       = true                                      {product} {ergonomic}
   size_t SoftMaxHeapSize                          = 4238344192                             {manageable} {ergonomic}
     bool UseCompressedClassPointers               = true                           {product lp64_product} {ergonomic}
     bool UseCompressedOops                        = true                           {product lp64_product} {ergonomic}
     bool UseG1GC                                  = true                                      {product} {ergonomic}
     bool UseLargePagesIndividualAllocation        = false                                  {pd product} {ergonomic}

Logging:
Log output configuration:
 #0: stdout all=off uptime,level,tags foldmultilines=false
 #1: stderr all=off uptime,level,tags foldmultilines=false

Environment Variables:
JAVA_HOME=C:\Program Files\Java\jdk-11.0.2
PATH=C:\Program Files\NVIDIA GPU Computing Toolkit\CUDA\v12.6\bin;C:\Program Files\NVIDIA GPU Computing Toolkit\CUDA\v12.6\libnvvp;C:\Program Files\Common Files\Oracle\Java\javapath;C:\Windows\system32;C:\Windows;C:\Program Files\Java\jdk-11.0.2\bin;C:\Windows\System32\Wbem;C:\ORacleDatabase\dbhomeXE\bin;C:\Windows\System32\WindowsPowerShell\v1.0\;C:\Windows\System32\OpenSSH\;C:\Program Files (x86)\NVIDIA Corporation\PhysX\Common;C:\Program Files\NVIDIA Corporation\NVIDIA NvDLISR;C:\Program Files\Docker\Docker\resources\bin;C:\Program Files\Git LFS;C:\Program Files\Git\cmd;C:\Program Files (x86)\Windows Kits\10\Windows Performance Toolkit\;C:\Program Files (x86)\Steam\steamapps\common\Counter-Strike Global Offensive\game\bin\win64;C:\Users\stas2\AppData\Local\Programs\Python\Python311;C:\Program Files\dotnet\;C:\Program Files\Microsoft SQL Server\150\Tools\Binn\;C:\Program Files\Microsoft SQL Server\Client SDK\ODBC\170\Tools\Binn\;C:\Program Files\NVIDIA Corporation\Nsight Compute 2024.3.2\;C:\Users\stas2\AppData\Local\Microsoft\WindowsApps;C:\Users\stas2\AppData\Local\Programs\Microsoft VS Code\bin;C:\Users\stas2\AppData\Local\GitHubDesktop\bin;C:\Users\stas2\AppData\Local\Programs\Python\Python311;C:\Program Files (x86)\Steam\steamapps\common\Counter-Strike Global Offensive\game\bin\win64;C:\Users\stas2\.dotnet\tools;C:\Users\stas2\AppData\Local\Muse Hub\lib
USERNAME=stas2
OS=Windows_NT
PROCESSOR_IDENTIFIER=Intel64 Family 6 Model 141 Stepping 1, GenuineIntel
TMP=C:\Users\stas2\AppData\Local\Temp
TEMP=C:\Users\stas2\AppData\Local\Temp




---------------  S Y S T E M  ---------------

OS:
 Windows 11 , 64 bit Build 22621 (10.0.22621.4830)
OS uptime: 2 days 22:36 hours
Hyper-V role detected

CPU: total 12 (initial active 12) (6 cores per cpu, 2 threads per core) family 6 model 141 stepping 1 microcode 0x3c, cx8, cmov, fxsr, ht, mmx, 3dnowpref, sse, sse2, sse3, ssse3, sse4.1, sse4.2, popcnt, lzcnt, tsc, tscinvbit, avx, avx2, aes, erms, clmul, bmi1, bmi2, adx, avx512f, avx512dq, avx512cd, avx512bw, avx512vl, sha, fma, vzeroupper, avx512_vpopcntdq, avx512_vpclmulqdq, avx512_vaes, avx512_vnni, clflush, clflushopt, clwb, avx512_vbmi2, avx512_vbmi, hv, rdtscp, rdpid, fsrm, gfni, avx512_bitalg, f16c, cet_ibt, cet_ss, avx512_ifma

Memory: 4k page, system-wide physical 16163M (7091M free)
TotalPageFile size 39351M (AvailPageFile size 20409M)
current process WorkingSet (physical memory assigned to process): 797M, peak: 805M
current process commit charge ("private bytes"): 1004M, peak: 1004M

vm_info: OpenJDK 64-Bit Server VM (20.0.2+9-78) for windows-amd64 JRE (20.0.2+9-78), built on 2023-06-14T10:08:48Z by "mach5one" with MS VC++ 17.1 (VS2022)

END.
