#
# A fatal error has been detected by the Java Runtime Environment:
#
#  EXCEPTION_ACCESS_VIOLATION (0xc0000005) at pc=0x00007ffa47cc6fa6, pid=15244, tid=21652
#
# JRE version: OpenJDK Runtime Environment (21.0.1+12) (build 21.0.1+12-29)
# Java VM: OpenJDK 64-Bit Server VM (21.0.1+12-29, mixed mode, sharing, tiered, compressed oops, compressed class ptrs, g1 gc, windows-amd64)
# Problematic frame:
# C  [igxelpicd64.dll+0x16fa6]
#
# No core dump will be written. Minidumps are not enabled by default on client versions of Windows
#
# If you would like to submit a bug report, please visit:
#   https://bugreport.java.com/bugreport/crash.jsp
# The crash happened outside the Java Virtual Machine in native code.
# See problematic frame for where to report the bug.
#

---------------  S U M M A R Y ------------

Command Line: -javaagent:C:\IntelliJ IDEA Community Edition 2021.3.2\IntelliJ IDEA Community Edition 2023.2.1\lib\idea_rt.jar=58343:C:\IntelliJ IDEA Community Edition 2021.3.2\IntelliJ IDEA Community Edition 2023.2.1\bin -Dfile.encoding=windows-1252 -Dsun.stdout.encoding=windows-1252 -Dsun.stderr.encoding=windows-1252 --module-path=C:\Users\stas2\.m2\repository\org\joml\joml-primitives\1.10.0\joml-primitives-1.10.0.jar;C:\Users\stas2\.m2\repository\org\lwjgl\lwjgl\3.3.4\lwjgl-3.3.4.jar;O:\GIt\MultiplayerShooter\target\classes;C:\Users\stas2\.m2\repository\io\github\spair\imgui-java-binding\1.89.0\imgui-java-binding-1.89.0.jar;C:\Users\stas2\.m2\repository\org\lwjgl\lwjgl-opengl\3.3.4\lwjgl-opengl-3.3.4.jar;C:\Users\stas2\.m2\repository\io\github\spair\imgui-java-lwjgl3\1.89.0\imgui-java-lwjgl3-1.89.0.jar;C:\Users\stas2\.m2\repository\org\lwjgl\lwjgl-glfw\3.3.4\lwjgl-glfw-3.3.4.jar;C:\Users\stas2\.m2\repository\org\lwjgl\lwjgl-vulkan\3.3.4\lwjgl-vulkan-3.3.4.jar;C:\Users\stas2\.m2\repository\com\fasterxml\jackson\core\jackson-databind\2.17.2\jackson-databind-2.17.2.jar;C:\Users\stas2\.m2\repository\org\lwjgl\lwjgl-assimp\3.3.4\lwjgl-assimp-3.3.4.jar;C:\Users\stas2\.m2\repository\org\joml\joml\1.10.7\joml-1.10.7.jar;C:\Users\stas2\.m2\repository\com\fasterxml\jackson\core\jackson-annotations\2.17.2\jackson-annotations-2.17.2.jar;C:\Users\stas2\.m2\repository\com\fasterxml\jackson\core\jackson-core\2.17.2\jackson-core-2.17.2.jar;C:\Users\stas2\.m2\repository\org\lwjgl\lwjgl-stb\3.3.4\lwjgl-stb-3.3.4.jar -Djdk.module.main=com.bedrye.bjge com.bedrye.bjge/com.bedrye.bjge.TestMain

Host: 11th Gen Intel(R) Core(TM) i5-11400H @ 2.70GHz, 12 cores, 15G,  Windows 11 , 64 bit Build 26100 (10.0.26100.6725)
Time: Thu Oct 16 14:13:17 2025 FLE Summer Time elapsed time: 117.178297 seconds (0d 0h 1m 57s)

---------------  T H R E A D  ---------------

Current thread (0x000001bd6f8e9fc0):  JavaThread "main"             [_thread_in_native, id=21652, stack(0x000000baaeb00000,0x000000baaec00000) (1024K)]

Stack: [0x000000baaeb00000,0x000000baaec00000],  sp=0x000000baaebfeeb0,  free space=1019k
Native frames: (J=compiled Java code, j=interpreted, Vv=VM code, C=native code)
C  [igxelpicd64.dll+0x16fa6]

Java frames: (J=compiled Java code, j=interpreted, Vv=VM code)
J 2789  org.lwjgl.opengl.GL11C.glClear(I)V org.lwjgl.opengl@3.3.4+7 (0 bytes) @ 0x000001bd07bc9099 [0x000001bd07bc9040+0x0000000000000059]
J 3060 c2 com.bedrye.bjge.GameEngine.Objects.Scene.preRender()V com.bedrye.bjge (77 bytes) @ 0x000001bd07c05958 [0x000001bd07c058e0+0x0000000000000078]
j  com.bedrye.bjge.GameEngine.EngineManager.update()V+114 com.bedrye.bjge
j  com.bedrye.bjge.GameEngine.EngineManager.run()V+5 com.bedrye.bjge
j  com.bedrye.bjge.TestMain.main([Ljava/lang/String;)V+3 com.bedrye.bjge
v  ~StubRoutines::call_stub 0x000001bd075310e7

siginfo: EXCEPTION_ACCESS_VIOLATION (0xc0000005), writing address 0x000001bd5ae80000


Registers:
RAX=0x00000000680b0000, RBX=0x000001bd11f0da90, RCX=0x000001bd5ae80000, RDX=0x00007ffa48bc7e00
RSP=0x000000baaebfeeb0, RBP=0x000000baaebfefe0, RSI=0x0000000000000000, RDI=0x000001bd11ed8c80
R8 =0x0000000000000004, R9 =0x000000baaebff090, R10=0x0000000000000780, R11=0x000001bd07c05900
R12=0x0000000000000000, R13=0x0000000000004000, R14=0x0000000000000001, R15=0x000001bd6f8e9fc0
RIP=0x00007ffa47cc6fa6, EFLAGS=0x0000000000010202


Register to memory mapping:

RAX=0x00000000680b0000 is an unknown value
RBX=0x000001bd11f0da90 points into unknown readable memory: 0x0000000000000000 | 00 00 00 00 00 00 00 00
RCX=0x000001bd5ae80000 is an unknown value
RDX=0x00007ffa48bc7e00 igxelpicd64.dll
RSP=0x000000baaebfeeb0 is pointing into the stack for thread: 0x000001bd6f8e9fc0
RBP=0x000000baaebfefe0 is pointing into the stack for thread: 0x000001bd6f8e9fc0
RSI=0x0 is null
RDI=0x000001bd11ed8c80 points into unknown readable memory: 0x000001bd11e59e40 | 40 9e e5 11 bd 01 00 00
R8 =0x0000000000000004 is an unknown value
R9 =0x000000baaebff090 is pointing into the stack for thread: 0x000001bd6f8e9fc0
R10=0x0000000000000780 is an unknown value
R11=0x000001bd07c05900 is at entry_point+32 in (nmethod*)0x000001bd07c05690
Compiled method (c2)  117203 3060       4       com.bedrye.bjge.GameEngine.Objects.Scene::preRender (77 bytes)
 total in heap  [0x000001bd07c05690,0x000001bd07c06020] = 2448
 relocation     [0x000001bd07c057f0,0x000001bd07c058a8] = 184
 constants      [0x000001bd07c058c0,0x000001bd07c058e0] = 32
 main code      [0x000001bd07c058e0,0x000001bd07c05b60] = 640
 stub code      [0x000001bd07c05b60,0x000001bd07c05be0] = 128
 oops           [0x000001bd07c05be0,0x000001bd07c05c10] = 48
 metadata       [0x000001bd07c05c10,0x000001bd07c05cc0] = 176
 scopes data    [0x000001bd07c05cc0,0x000001bd07c05df0] = 304
 scopes pcs     [0x000001bd07c05df0,0x000001bd07c05f10] = 288
 dependencies   [0x000001bd07c05f10,0x000001bd07c05f38] = 40
 handler table  [0x000001bd07c05f38,0x000001bd07c05ff8] = 192
 nul chk table  [0x000001bd07c05ff8,0x000001bd07c06020] = 40
R12=0x0 is null
R13=0x0000000000004000 is an unknown value
R14=0x0000000000000001 is an unknown value
R15=0x000001bd6f8e9fc0 is a thread

Top of Stack: (sp=0x000000baaebfeeb0)
0x000000baaebfeeb0:   00009ad8ed4c5b88 0000000000001406
0x000000baaebfeec0:   0000000000000700 000001bd57fca838
0x000000baaebfeed0:   0000000000000700 00007ffa47de5722
0x000000baaebfeee0:   000001bd11ed8c80 0000000000000000
0x000000baaebfeef0:   000000baaebff000 00007ffa47de5d08
0x000000baaebfef00:   000001bd11e525c0 000001bd11f19760
0x000000baaebfef10:   000001bd11ed8c80 000001bd11e525c0
0x000000baaebfef20:   0000000157e880a4 0000000000000000
0x000000baaebfef30:   0000400000000001 0000078000000438
0x000000baaebfef40:   000000baaebff090 0000000000000000
0x000000baaebfef50:   0000410000000000 0000078000000438
0x000000baaebfef60:   0000000000000000 0000000000000001
0x000000baaebfef70:   0000000000000001 000001bd582b7e10
0x000000baaebfef80:   00009ad800000000 0000000000000000
0x000000baaebfef90:   0000043800000780 000001bd11e525c0
0x000000baaebfefa0:   000000baaebfef88 000000baaebfefe0
0x000000baaebfefb0:   000000baaebfef78 0000000000000000
0x000000baaebfefc0:   000000000000ff01 0000000000000000
0x000000baaebfefd0:   000000003f4ccccd 0000000000000000
0x000000baaebfefe0:   000000003f4ccccd 0000000000000000
0x000000baaebfeff0:   000000003f4ccccd 0000000000000000
0x000000baaebff000:   00009ad8ed4c5b48 0000000000000000
0x000000baaebff010:   0000000080000000 0000000000000000
0x000000baaebff020:   0000000000000000 0000000000000000
0x000000baaebff030:   000001bd6f8e9fc0 000000baaebff100
0x000000baaebff040:   000000baaebff160 0000000000000000
0x000000baaebff050:   000001bd11f0e390 0000000000000000
0x000000baaebff060:   000000baaebff110 00007ffa47de5081
0x000000baaebff070:   000001bd11ed8c80 000001bd11ed8c80
0x000000baaebff080:   0000000000000000 0000000000004000
0x000000baaebff090:   0000000000000000 0000043800000780
0x000000baaebff0a0:   0000000000000001 000001bd07bc9130 

Instructions: (pc=0x00007ffa47cc6fa6)
0x00007ffa47cc6ea6:   49 83 e2 f0 48 c1 e8 04 49 03 ca 49 03 d2 48 83
0x00007ffa47cc6eb6:   f8 07 77 31 83 f8 04 0f 85 fd 00 00 00 f3 0f 6f
0x00007ffa47cc6ec6:   42 c0 f3 0f 7f 41 c0 f3 0f 6f 42 d0 f3 0f 7f 41
0x00007ffa47cc6ed6:   d0 f3 0f 6f 42 e0 f3 0f 7f 41 e0 f3 0f 6f 42 f0
0x00007ffa47cc6ee6:   f3 0f 7f 41 f0 0f 28 3c 24 4d 2b c2 0f 28 74 24
0x00007ffa47cc6ef6:   10 4d 85 c0 0f 84 63 ff ff ff 49 8b c0 48 83 e0
0x00007ffa47cc6f06:   fc 48 03 c8 48 03 d0 49 8b c0 48 c1 e8 02 48 83
0x00007ffa47cc6f16:   e8 01 74 18 48 83 e8 01 74 0c 48 83 f8 01 75 12
0x00007ffa47cc6f26:   8b 42 f4 89 41 f4 8b 42 f8 89 41 f8 8b 42 fc 89
0x00007ffa47cc6f36:   41 fc 41 f6 c0 01 0f 85 ea 01 00 00 41 f6 c0 02
0x00007ffa47cc6f46:   0f 84 17 ff ff ff 0f b7 02 66 89 01 e9 0c ff ff
0x00007ffa47cc6f56:   ff f6 c1 01 74 0e 0f b6 02 49 ff c8 88 01 48 ff
0x00007ffa47cc6f66:   c1 48 ff c2 f6 c1 02 0f 84 33 fe ff ff 0f b7 02
0x00007ffa47cc6f76:   49 83 e8 02 66 89 01 48 83 c1 02 48 83 c2 02 e9
0x00007ffa47cc6f86:   1c fe ff ff 49 83 f8 01 0f 84 8e 01 00 00 49 83
0x00007ffa47cc6f96:   f8 02 74 b2 49 83 f8 03 0f 84 51 02 00 00 8b 02
0x00007ffa47cc6fa6:   89 01 48 83 c4 28 c3 0f b6 02 49 ff c8 88 01 48
0x00007ffa47cc6fb6:   ff c1 48 ff c2 e9 99 fe ff ff ff c8 83 f8 06 0f
0x00007ffa47cc6fc6:   87 20 ff ff ff 4c 8d 0d 2e 90 fe ff 41 8b 84 81
0x00007ffa47cc6fd6:   48 72 01 00 49 03 c1 ff e0 f3 0f 6f 42 a0 f3 0f
0x00007ffa47cc6fe6:   7f 41 a0 f3 0f 6f 42 b0 f3 0f 7f 41 b0 e9 cb fe
0x00007ffa47cc6ff6:   ff ff 4d 8b c8 49 c1 e9 07 49 6b c1 80 4c 03 c0
0x00007ffa47cc7006:   f3 0f 6f 02 48 83 ea 80 48 83 e9 80 f3 0f 6f 4a
0x00007ffa47cc7016:   90 f3 0f 6f 52 a0 f3 0f 6f 5a b0 f3 0f 6f 62 c0
0x00007ffa47cc7026:   f3 0f 6f 6a d0 f3 0f 6f 72 e0 f3 0f 6f 7a f0 f3
0x00007ffa47cc7036:   0f 7f 41 80 f3 0f 7f 49 90 f3 0f 7f 51 a0 f3 0f
0x00007ffa47cc7046:   7f 59 b0 f3 0f 7f 61 c0 f3 0f 7f 69 d0 f3 0f 7f
0x00007ffa47cc7056:   71 e0 f3 0f 7f 79 f0 49 83 e9 01 0f 84 39 fe ff
0x00007ffa47cc7066:   ff eb 9d 49 81 f8 80 00 00 00 0f 83 c9 00 00 00
0x00007ffa47cc7076:   4d 8b d0 49 8b c0 49 83 e2 f0 48 c1 e8 04 49 03
0x00007ffa47cc7086:   ca 49 03 d2 48 83 f8 07 0f 87 57 fe ff ff 83 f8
0x00007ffa47cc7096:   07 0f 85 15 01 00 00 f3 0f 6f 42 90 f3 0f 7f 41 


Stack slot to memory mapping:

stack at sp + 0 slots: 0x00009ad8ed4c5b88 is an unknown value
stack at sp + 1 slots: 0x0000000000001406 is an unknown value
stack at sp + 2 slots: 0x0000000000000700 is an unknown value
stack at sp + 3 slots: 0x000001bd57fca838 points into unknown readable memory: 0x00007ffa4879d090 | 90 d0 79 48 fa 7f 00 00
stack at sp + 4 slots: 0x0000000000000700 is an unknown value
stack at sp + 5 slots: 0x00007ffa47de5722 igxelpicd64.dll
stack at sp + 6 slots: 0x000001bd11ed8c80 points into unknown readable memory: 0x000001bd11e59e40 | 40 9e e5 11 bd 01 00 00
stack at sp + 7 slots: 0x0 is null


Compiled method (n/a)  117223 2789     n 0       org.lwjgl.opengl.GL11C::glClear (native)
 total in heap  [0x000001bd07bc8e90,0x000001bd07bc9260] = 976
 relocation     [0x000001bd07bc8ff0,0x000001bd07bc9028] = 56
 main code      [0x000001bd07bc9040,0x000001bd07bc9254] = 532
 stub code      [0x000001bd07bc9254,0x000001bd07bc9258] = 4
 oops           [0x000001bd07bc9258,0x000001bd07bc9260] = 8

[Constant Pool (empty)]

[MachCode]
[Entry Point]
  # {method} {0x000001bd539fddf8} 'glClear' '(I)V' in 'org/lwjgl/opengl/GL11C'
  # parm0:    rdx       = int
  #           [sp+0x70]  (sp of caller)
  0x000001bd07bc9040: 448b 5208 | 49bb 0000 | 0012 bd01 | 0000 4d03 | d349 3bc2 | 0f84 0600 

  0x000001bd07bc9058: ;   {runtime_call ic_miss_stub}
  0x000001bd07bc9058: 0000 e921 | 599b ff90 
[Verified Entry Point]
  0x000001bd07bc9060: 8984 2400 | 80ff ff55 | 488b ec48 | 83ec 6090 | 4181 7f20 | 0300 0000 

  0x000001bd07bc9078: ;   {runtime_call StubRoutines (final stubs)}
  0x000001bd07bc9078: 7405 e801 | cd99 ff4c 

  0x000001bd07bc9080: ;   {oop(a 'java/lang/Class'{0x000000070395c8a8} = 'org/lwjgl/opengl/GL11C')}
  0x000001bd07bc9080: 8bc2 49be | a8c8 9503 | 0700 0000 | 4c89 7424 | 504c 8d74 | 2450 498b | d6c5 f877 

  0x000001bd07bc909c: ;   {internal_word}
  0x000001bd07bc909c: 49ba 9990 | bc07 bd01 | 0000 4d89 | 97a0 0300 | 0049 89a7 | 9803 0000 

  0x000001bd07bc90b4: ;   {external_word}
  0x000001bd07bc90b4: 49ba c925 | f529 fa7f | 0000 4180 | 3a00 0f84 | 4a00 0000 

  0x000001bd07bc90c8: ;   {metadata({method} {0x000001bd539fddf8} 'glClear' '(I)V' in 'org/lwjgl/opengl/GL11C')}
  0x000001bd07bc90c8: 5241 5048 | baf0 dd9f | 53bd 0100 | 0049 8bcf | 4883 ec20 | 40f6 c40f | 0f84 1900 | 0000 4883 
  0x000001bd07bc90e8: ;   {runtime_call}
  0x000001bd07bc90e8: ec08 48b8 | 30eb a529 | fa7f 0000 | ffd0 4883 | c408 e90c 

  0x000001bd07bc90fc: ;   {runtime_call}
  0x000001bd07bc90fc: 0000 0048 | b830 eba5 | 29fa 7f00 | 00ff d048 | 83c4 2041 | 585a 498d | 8fb8 0300 | 0041 c787 
  0x000001bd07bc911c: 4c04 0000 | 0400 0000 

  0x000001bd07bc9124: ;   {runtime_call}
  0x000001bd07bc9124: 48b8 d0d1 | efa2 fa7f | 0000 ffd0 | c5f8 7741 | c787 4c04 | 0000 0500 | 0000 f083 | 4424 c000 
  0x000001bd07bc9144: 493b af50 | 0400 000f | 870e 0000 | 0041 83bf | 4804 0000 | 000f 8423 | 0000 00c5 | f877 498b 
  0x000001bd07bc9164: cf4c 8be4 | 4883 ec20 | 4883 e4f0 

  0x000001bd07bc9170: ;   {runtime_call}
  0x000001bd07bc9170: 48b8 c0be | 7129 fa7f | 0000 ffd0 | 498b e44d | 33e4 41c7 | 874c 0400 | 0008 0000 | 0041 83bf 
  0x000001bd07bc9190: c804 0000 | 020f 8494 

  0x000001bd07bc9198: ;   {external_word}
  0x000001bd07bc9198: 0000 0049 | bac9 25f5 | 29fa 7f00 | 0041 803a | 000f 8444 

  0x000001bd07bc91ac: ;   {metadata({method} {0x000001bd539fddf8} 'glClear' '(I)V' in 'org/lwjgl/opengl/GL11C')}
  0x000001bd07bc91ac: 0000 0048 | baf0 dd9f | 53bd 0100 | 0049 8bcf | 4883 ec20 | 40f6 c40f | 0f84 1900 | 0000 4883 
  0x000001bd07bc91cc: ;   {runtime_call}
  0x000001bd07bc91cc: ec08 48b8 | 30eb a529 | fa7f 0000 | ffd0 4883 | c408 e90c 

  0x000001bd07bc91e0: ;   {runtime_call}
  0x000001bd07bc91e0: 0000 0048 | b830 eba5 | 29fa 7f00 | 00ff d048 | 83c4 2049 | c787 9803 | 0000 0000 | 0000 49c7 
  0x000001bd07bc9200: 87a0 0300 | 0000 0000 | 00c5 f877 | 498b 8f28 | 0400 00c7 | 8100 0100 | 0000 0000 | 00c9 4983 
  0x000001bd07bc9220: 7f08 000f | 8501 0000 

  0x000001bd07bc9228: ;   {runtime_call StubRoutines (initial stubs)}
  0x000001bd07bc9228: 00c3 e9d1 | 7c96 ffc5 | f877 4c8b | e448 83ec | 2048 83e4 

  0x000001bd07bc923c: ;   {runtime_call}
  0x000001bd07bc923c: f048 b860 | 23a6 29fa | 7f00 00ff | d049 8be4 | 4d33 e4e9 | 47ff ffff 
[Stub Code]
  0x000001bd07bc9254: f4f4 f4f4 
[/MachCode]


Compiled method (c2)  117235 3060       4       com.bedrye.bjge.GameEngine.Objects.Scene::preRender (77 bytes)
 total in heap  [0x000001bd07c05690,0x000001bd07c06020] = 2448
 relocation     [0x000001bd07c057f0,0x000001bd07c058a8] = 184
 constants      [0x000001bd07c058c0,0x000001bd07c058e0] = 32
 main code      [0x000001bd07c058e0,0x000001bd07c05b60] = 640
 stub code      [0x000001bd07c05b60,0x000001bd07c05be0] = 128
 oops           [0x000001bd07c05be0,0x000001bd07c05c10] = 48
 metadata       [0x000001bd07c05c10,0x000001bd07c05cc0] = 176
 scopes data    [0x000001bd07c05cc0,0x000001bd07c05df0] = 304
 scopes pcs     [0x000001bd07c05df0,0x000001bd07c05f10] = 288
 dependencies   [0x000001bd07c05f10,0x000001bd07c05f38] = 40
 handler table  [0x000001bd07c05f38,0x000001bd07c05ff8] = 192
 nul chk table  [0x000001bd07c05ff8,0x000001bd07c06020] = 40


[Constant Pool]
             Address          hex4                    hex8      
  0x000001bd07c058c0:   0x3f4ccccd      0x3f8000003f4ccccd      
  0x000001bd07c058c4:   0x3f800000                              
  0x000001bd07c058c8:   0xf4f4f4f4      0xf4f4f4f4f4f4f4f4      
  0x000001bd07c058cc:   0xf4f4f4f4                              
  0x000001bd07c058d0:   0xf4f4f4f4      0xf4f4f4f4f4f4f4f4      
  0x000001bd07c058d4:   0xf4f4f4f4                              
  0x000001bd07c058d8:   0xf4f4f4f4      0xf4f4f4f4f4f4f4f4      
  0x000001bd07c058dc:   0xf4f4f4f4                              

[MachCode]
[Entry Point]
  # {method} {0x000001bd53410ca8} 'preRender' '()V' in 'com/bedrye/bjge/GameEngine/Objects/Scene'
  #           [sp+0x40]  (sp of caller)
  0x000001bd07c058e0: ;   {no_reloc}
  0x000001bd07c058e0: 448b 5208 | 49bb 0000 | 0012 bd01 | 0000 4d03 | d349 3bc2 

  0x000001bd07c058f4: ;   {runtime_call ic_miss_stub}
  0x000001bd07c058f4: 0f85 8690 | 97ff 6690 | 0f1f 4000 
[Verified Entry Point]
  0x000001bd07c05900: 8984 2400 | 80ff ff55 | 4883 ec30 | 4181 7f20 | 0300 0000 | 0f85 3c02 | 0000 4889 

  0x000001bd07c0591c: ;   {section_word}
  0x000001bd07c0591c: 1424 c5fa | 101d 9eff 

  0x000001bd07c05924: ;   {section_word}
  0x000001bd07c05924: ffff c5fa | 1005 92ff 

  0x000001bd07c0592c: ;   {section_word}
  0x000001bd07c0592c: ffff c5fa | 100d 8aff 

  0x000001bd07c05934: ;   {section_word}
  0x000001bd07c05934: ffff c5fa | 1015 82ff 

  0x000001bd07c0593c: ;   {static_call}
  0x000001bd07c0593c: ffff 90e8 

  0x000001bd07c05940: ; ImmutableOopMap {[0]=Oop }
                      ;*invokestatic glClearColor {reexecute=0 rethrow=0 return_oop=0}
                      ; - org.lwjgl.opengl.GL11::glClearColor@4 (line 1022)
                      ; - com.bedrye.bjge.GameEngine.Objects.Scene::preRender@7 (line 116)
  0x000001bd07c05940: 9cca fdff 

  0x000001bd07c05944: ;   {other}
  0x000001bd07c05944: 0f1f 8400 | b402 0000 | ba00 4000 

  0x000001bd07c05950: ;   {static_call}
  0x000001bd07c05950: 0066 90e8 

  0x000001bd07c05954: ; ImmutableOopMap {[0]=Oop }
                      ;*invokestatic glClear {reexecute=0 rethrow=0 return_oop=0}
                      ; - org.lwjgl.opengl.GL11::glClear@1 (line 992)
                      ; - com.bedrye.bjge.GameEngine.Objects.Scene::preRender@13 (line 118)
  0x000001bd07c05954: 0837 fcff 

  0x000001bd07c05958: ;   {other}
  0x000001bd07c05958: 0f1f 8400 | c802 0001 | 4c8b 1424 | 458b 5a18 

  0x000001bd07c05968: ; implicit exception: dispatches to 0x000001bd07c05af0
  0x000001bd07c05968: 438b 54dc 

  0x000001bd07c0596c: ;   {static_call}
  0x000001bd07c0596c: 1466 90e8 

  0x000001bd07c05970: ; ImmutableOopMap {[0]=Oop }
                      ;*invokestatic glUseProgram {reexecute=0 rethrow=0 return_oop=0}
                      ; - org.lwjgl.opengl.GL20::glUseProgram@1 (line 398)
                      ; - com.bedrye.bjge.GameEngine.Util.Shaders.BasicProgramShader::Run@4 (line 56)
                      ; - com.bedrye.bjge.GameEngine.Objects.Scene::preRender@20 (line 119)
  0x000001bd07c05970: 6c68 fbff 

  0x000001bd07c05974: ;   {other}
  0x000001bd07c05974: 0f1f 8400 | e402 0002 | 4c8b 1424 | 458b 5a18 | 4585 db0f | 84d1 0000 | 004b 8d14 

  0x000001bd07c05990: ;   {oop("directionalLight.intensity"{0x0000000704a005d0})}
  0x000001bd07c05990: dc49 b8d0 | 05a0 0407 

  0x000001bd07c05998: ;   {optimized virtual_call}
  0x000001bd07c05998: 0000 00e8 

  0x000001bd07c0599c: ; ImmutableOopMap {[0]=Oop }
                      ;*invokevirtual getKey {reexecute=0 rethrow=0 return_oop=0}
                      ; - com.bedrye.bjge.GameEngine.Util.Shaders.ShaderProgram::uploadFloat@2 (line 77)
                      ; - com.bedrye.bjge.GameEngine.Objects.Scene::preRender@33 (line 120)
  0x000001bd07c0599c: 20e7 fdff 

  0x000001bd07c059a0: ;   {other}
  0x000001bd07c059a0: 0f1f 8400 | 1003 0003 | 8bd0 c5f8 

  0x000001bd07c059ac: ;   {static_call}
  0x000001bd07c059ac: 57c0 90e8 

  0x000001bd07c059b0: ; ImmutableOopMap {[0]=Oop }
                      ;*invokestatic glUniform1f {reexecute=0 rethrow=0 return_oop=0}
                      ; - org.lwjgl.opengl.GL20::glUniform1f@2 (line 425)
                      ; - com.bedrye.bjge.GameEngine.Util.Shaders.ShaderProgram::uploadFloat@11 (line 78)
                      ; - com.bedrye.bjge.GameEngine.Objects.Scene::preRender@33 (line 120)
  0x000001bd07c059b0: 2c1b fdff 

  0x000001bd07c059b4: ;   {other}
  0x000001bd07c059b4: 0f1f 8400 | 2403 0004 

  0x000001bd07c059bc: ;   {oop(a 'java/lang/Class'{0x00000007038001b0} = 'com/bedrye/bjge/GameEngine/EngineWindowManager')}
  0x000001bd07c059bc: 49ba b001 | 8003 0700 | 0000 418b | 6a70 458b | 54ec 4047 | 8b5c d418 | 4585 db0f | 8493 0000 
  0x000001bd07c059dc: 004b 8d14 

  0x000001bd07c059e0: ;   {oop("ambientLight"{0x0000000704a00598})}
  0x000001bd07c059e0: dc49 b898 | 05a0 0407 

  0x000001bd07c059e8: ;   {optimized virtual_call}
  0x000001bd07c059e8: 0000 00e8 

  0x000001bd07c059ec: ; ImmutableOopMap {[0]=Oop }
                      ;*invokevirtual getKey {reexecute=0 rethrow=0 return_oop=0}
                      ; - com.bedrye.bjge.GameEngine.Util.Shaders.ShaderProgram::uploadVec3f@2 (line 67)
                      ; - com.bedrye.bjge.GameEngine.Objects.Scene::preRender@54 (line 121)
  0x000001bd07c059ec: d0e6 fdff 

  0x000001bd07c059f0: ;   {other}
  0x000001bd07c059f0: 0f1f 8400 | 6003 0005 | 8bd0 c5f8 | 57c0 c5f0 | 57c9 c5e8 

  0x000001bd07c05a04: ;   {static_call}
  0x000001bd07c05a04: 57d2 90e8 

  0x000001bd07c05a08: ; ImmutableOopMap {[0]=Oop }
                      ;*invokestatic glUniform3f {reexecute=0 rethrow=0 return_oop=0}
                      ; - org.lwjgl.opengl.GL20::glUniform3f@4 (line 456)
                      ; - com.bedrye.bjge.GameEngine.Util.Shaders.ShaderProgram::uploadVec3f@19 (line 68)
                      ; - com.bedrye.bjge.GameEngine.Objects.Scene::preRender@54 (line 121)
  0x000001bd07c05a08: 543a fcff 

  0x000001bd07c05a0c: ;   {other}
  0x000001bd07c05a0c: 0f1f 8400 | 7c03 0006 | bac0 8400 

  0x000001bd07c05a18: ;   {static_call}
  0x000001bd07c05a18: 0066 90e8 

  0x000001bd07c05a1c: ; ImmutableOopMap {[0]=Oop }
                      ;*invokestatic glActiveTexture {reexecute=0 rethrow=0 return_oop=0}
                      ; - org.lwjgl.opengl.GL13::glActiveTexture@1 (line 570)
                      ; - com.bedrye.bjge.GameEngine.Objects.Scene::preRender@59 (line 122)
  0x000001bd07c05a1c: c078 fbff 

  0x000001bd07c05a20: ;   {other}
  0x000001bd07c05a20: 0f1f 8400 | 9003 0007 | 4c8b 1424 | 418b 6a14 

  0x000001bd07c05a30: ; implicit exception: dispatches to 0x000001bd07c05b18
  0x000001bd07c05a30: 458b 54ec 

  0x000001bd07c05a34: ;   {metadata('java/util/ArrayList')}
  0x000001bd07c05a34: 0841 81fa | 48ad 0b00 | 7546 4d8d | 14ec 458b | 4210 4585 | c07f 4d48 | 83c4 305d 

  0x000001bd07c05a50: ;   {poll_return}
  0x000001bd07c05a50: 493b a750 | 0400 000f | 87e3 0000 | 00c3 baf6 

  0x000001bd07c05a60: ;   {runtime_call UncommonTrapBlob}
  0x000001bd07c05a60: ffff ffe8 

  0x000001bd07c05a64: ; ImmutableOopMap {}
                      ;*invokevirtual uploadFloat {reexecute=0 rethrow=0 return_oop=0}
                      ; - com.bedrye.bjge.GameEngine.Objects.Scene::preRender@33 (line 120)
  0x000001bd07c05a64: 9822 98ff 

  0x000001bd07c05a68: ;   {other}
  0x000001bd07c05a68: 0f1f 8400 | d803 0008 | baf6 ffff 

  0x000001bd07c05a74: ;   {runtime_call UncommonTrapBlob}
  0x000001bd07c05a74: ff66 90e8 

  0x000001bd07c05a78: ; ImmutableOopMap {}
                      ;*invokevirtual uploadVec3f {reexecute=0 rethrow=0 return_oop=0}
                      ; - com.bedrye.bjge.GameEngine.Objects.Scene::preRender@54 (line 121)
  0x000001bd07c05a78: 8422 98ff 

  0x000001bd07c05a7c: ;   {other}
  0x000001bd07c05a7c: 0f1f 8400 | ec03 0009 | bade ffff 

  0x000001bd07c05a88: ;   {runtime_call UncommonTrapBlob}
  0x000001bd07c05a88: ff66 90e8 

  0x000001bd07c05a8c: ; ImmutableOopMap {rbp=NarrowOop }
                      ;*invokeinterface forEach {reexecute=0 rethrow=0 return_oop=0}
                      ; - com.bedrye.bjge.GameEngine.Objects.Scene::preRender@71 (line 123)
  0x000001bd07c05a8c: 7022 98ff 

  0x000001bd07c05a90: ;   {other}
  0x000001bd07c05a90: 0f1f 8400 | 0004 000a | 458b 5a14 | 418b 6a0c | ba45 ffff | ff4c 8914 | 2444 895c | 2408 4489 
  0x000001bd07c05ab0: ;   {runtime_call UncommonTrapBlob}
  0x000001bd07c05ab0: 4424 10e8 

  0x000001bd07c05ab4: ; ImmutableOopMap {[0]=Oop [8]=NarrowOop }
                      ;*if_icmpge {reexecute=1 rethrow=0 return_oop=0}
                      ; - (reexecute) java.util.ArrayList::forEach@36 (line 1595)
                      ; - com.bedrye.bjge.GameEngine.Objects.Scene::preRender@71 (line 123)
  0x000001bd07c05ab4: 4822 98ff 

  0x000001bd07c05ab8: ;   {other}
  0x000001bd07c05ab8: 0f1f 8400 | 2804 000b | 488b d0eb | 2148 8bd0 | eb1c 488b | d0eb 1748 | 8bd0 eb12 | 488b d0eb 
  0x000001bd07c05ad8: 0d48 8bd0 | eb08 488b | d0eb 0348 | 8bd0 4883 

  0x000001bd07c05ae8: ;   {runtime_call _rethrow_Java}
  0x000001bd07c05ae8: c430 5de9 | 103c a6ff | baf6 ffff 

  0x000001bd07c05af4: ;   {runtime_call UncommonTrapBlob}
  0x000001bd07c05af4: ff66 90e8 

  0x000001bd07c05af8: ; ImmutableOopMap {}
                      ;*invokevirtual Run {reexecute=0 rethrow=0 return_oop=0}
                      ; - com.bedrye.bjge.GameEngine.Objects.Scene::preRender@20 (line 119)
  0x000001bd07c05af8: 0422 98ff 

  0x000001bd07c05afc: ;   {other}
  0x000001bd07c05afc: 0f1f 8400 | 6c04 000c | baf6 ffff 

  0x000001bd07c05b08: ;   {runtime_call UncommonTrapBlob}
  0x000001bd07c05b08: ff66 90e8 

  0x000001bd07c05b0c: ; ImmutableOopMap {}
                      ;*invokevirtual getShaderProgram {reexecute=0 rethrow=0 return_oop=0}
                      ; - com.bedrye.bjge.GameEngine.Objects.Scene::preRender@42 (line 121)
  0x000001bd07c05b0c: f021 98ff 

  0x000001bd07c05b10: ;   {other}
  0x000001bd07c05b10: 0f1f 8400 | 8004 000d | baf6 ffff 

  0x000001bd07c05b1c: ;   {runtime_call UncommonTrapBlob}
  0x000001bd07c05b1c: ff66 90e8 

  0x000001bd07c05b20: ; ImmutableOopMap {}
                      ;*invokeinterface forEach {reexecute=0 rethrow=0 return_oop=0}
                      ; - com.bedrye.bjge.GameEngine.Objects.Scene::preRender@71 (line 123)
  0x000001bd07c05b20: dc21 98ff 

  0x000001bd07c05b24: ;   {other}
  0x000001bd07c05b24: 0f1f 8400 | 9404 000e | ba45 ffff 

  0x000001bd07c05b30: ;   {runtime_call UncommonTrapBlob}
  0x000001bd07c05b30: ff66 90e8 

  0x000001bd07c05b34: ; ImmutableOopMap {rbp=NarrowOop [0]=Oop }
                      ;*ifnonnull {reexecute=1 rethrow=0 return_oop=0}
                      ; - (reexecute) com.bedrye.bjge.GameEngine.EngineManager::getInstance@3 (line 103)
                      ; - com.bedrye.bjge.GameEngine.Objects.Scene::preRender@36 (line 121)
  0x000001bd07c05b34: c821 98ff 

  0x000001bd07c05b38: ;   {other}
  0x000001bd07c05b38: 0f1f 8400 | a804 000f 

  0x000001bd07c05b40: ;   {internal_word}
  0x000001bd07c05b40: 49ba 505a | c007 bd01 | 0000 4d89 | 9768 0400 

  0x000001bd07c05b50: ;   {runtime_call SafepointBlob}
  0x000001bd07c05b50: 00e9 2a10 

  0x000001bd07c05b54: ;   {runtime_call StubRoutines (final stubs)}
  0x000001bd07c05b54: 98ff e825 | 0296 ffe9 | bafd ffff 
[Stub Code]
  0x000001bd07c05b60: ;   {no_reloc}
  0x000001bd07c05b60: 48bb 0000 | 0000 0000 

  0x000001bd07c05b68: ;   {runtime_call}
  0x000001bd07c05b68: 0000 e9fb 

  0x000001bd07c05b6c: ;   {static_stub}
  0x000001bd07c05b6c: ffff ff48 | bb00 0000 | 0000 0000 

  0x000001bd07c05b78: ;   {runtime_call}
  0x000001bd07c05b78: 00e9 fbff 

  0x000001bd07c05b7c: ;   {static_stub}
  0x000001bd07c05b7c: ffff 48bb | 0000 0000 | 0000 0000 

  0x000001bd07c05b88: ;   {runtime_call}
  0x000001bd07c05b88: e9fb ffff 

  0x000001bd07c05b8c: ;   {static_stub}
  0x000001bd07c05b8c: ff48 bb00 | 0000 0000 

  0x000001bd07c05b94: ;   {runtime_call}
  0x000001bd07c05b94: 0000 00e9 | fbff ffff 

  0x000001bd07c05b9c: ;   {static_stub}
  0x000001bd07c05b9c: 48bb 0000 | 0000 0000 

  0x000001bd07c05ba4: ;   {runtime_call}
  0x000001bd07c05ba4: 0000 e9fb 

  0x000001bd07c05ba8: ;   {static_stub}
  0x000001bd07c05ba8: ffff ff48 | bb00 0000 | 0000 0000 

  0x000001bd07c05bb4: ;   {runtime_call}
  0x000001bd07c05bb4: 00e9 fbff 

  0x000001bd07c05bb8: ;   {static_stub}
  0x000001bd07c05bb8: ffff 48bb | 0000 0000 | 0000 0000 

  0x000001bd07c05bc4: ;   {runtime_call}
  0x000001bd07c05bc4: e9fb ffff 

  0x000001bd07c05bc8: ;   {runtime_call ExceptionBlob}
  0x000001bd07c05bc8: ffe9 3285 | a5ff e800 | 0000 0048 | 832c 2405 

  0x000001bd07c05bd8: ;   {runtime_call DeoptimizationBlob}
  0x000001bd07c05bd8: e943 2498 | fff4 f4f4 
[/MachCode]


---------------  P R O C E S S  ---------------

Threads class SMR info:
_java_thread_list=0x000001bd1198d5e0, length=14, elements={
0x000001bd6f8e9fc0, 0x000001bd111c4360, 0x000001bd111c7b40, 0x000001bd111ca470,
0x000001bd111cb220, 0x000001bd111cfec0, 0x000001bd111d44f0, 0x000001bd111e1ab0,
0x000001bd111f4400, 0x000001bd111d4b80, 0x000001bd111d2ab0, 0x000001bd111d37d0,
0x000001bd583cb7d0, 0x000001bd583ada90
}

Java Threads: ( => current thread )
=>0x000001bd6f8e9fc0 JavaThread "main"                              [_thread_in_native, id=21652, stack(0x000000baaeb00000,0x000000baaec00000) (1024K)]
  0x000001bd111c4360 JavaThread "Reference Handler"          daemon [_thread_blocked, id=12804, stack(0x000000baaf300000,0x000000baaf400000) (1024K)]
  0x000001bd111c7b40 JavaThread "Finalizer"                  daemon [_thread_blocked, id=8556, stack(0x000000baaf400000,0x000000baaf500000) (1024K)]
  0x000001bd111ca470 JavaThread "Signal Dispatcher"          daemon [_thread_blocked, id=15200, stack(0x000000baaf500000,0x000000baaf600000) (1024K)]
  0x000001bd111cb220 JavaThread "Attach Listener"            daemon [_thread_blocked, id=28016, stack(0x000000baaf600000,0x000000baaf700000) (1024K)]
  0x000001bd111cfec0 JavaThread "Service Thread"             daemon [_thread_blocked, id=2116, stack(0x000000baaf700000,0x000000baaf800000) (1024K)]
  0x000001bd111d44f0 JavaThread "Monitor Deflation Thread"   daemon [_thread_blocked, id=27972, stack(0x000000baaf800000,0x000000baaf900000) (1024K)]
  0x000001bd111e1ab0 JavaThread "C2 CompilerThread0"         daemon [_thread_blocked, id=23776, stack(0x000000baaf900000,0x000000baafa00000) (1024K)]
  0x000001bd111f4400 JavaThread "C1 CompilerThread0"         daemon [_thread_blocked, id=27152, stack(0x000000baafa00000,0x000000baafb00000) (1024K)]
  0x000001bd111d4b80 JavaThread "Common-Cleaner"             daemon [_thread_blocked, id=11784, stack(0x000000baafb00000,0x000000baafc00000) (1024K)]
  0x000001bd111d2ab0 JavaThread "Monitor Ctrl-Break"         daemon [_thread_in_native, id=24968, stack(0x000000baafe00000,0x000000baaff00000) (1024K)]
  0x000001bd111d37d0 JavaThread "Notification Thread"        daemon [_thread_blocked, id=25540, stack(0x000000baaff00000,0x000000bab0000000) (1024K)]
  0x000001bd583cb7d0 JavaThread "FileSystemWatchService"     daemon [_thread_in_native, id=23912, stack(0x000000baafc00000,0x000000baafd00000) (1024K)]
  0x000001bd583ada90 JavaThread "BJE-Asset-Watcher"          daemon [_thread_blocked, id=19720, stack(0x000000bab0b00000,0x000000bab0c00000) (1024K)]
Total: 14

Other Threads:
  0x000001bd111a32e0 VMThread "VM Thread"                           [id=8100, stack(0x000000baaf200000,0x000000baaf300000) (1024K)]
  0x000001bd1118b250 WatcherThread "VM Periodic Task Thread"        [id=27256, stack(0x000000baaf100000,0x000000baaf200000) (1024K)]
  0x000001bd71356040 WorkerThread "GC Thread#0"                     [id=27508, stack(0x000000baaec00000,0x000000baaed00000) (1024K)]
  0x000001bd11b682c0 WorkerThread "GC Thread#1"                     [id=28332, stack(0x000000bab0000000,0x000000bab0100000) (1024K)]
  0x000001bd11bb2320 WorkerThread "GC Thread#2"                     [id=27720, stack(0x000000bab0100000,0x000000bab0200000) (1024K)]
  0x000001bd11babfb0 WorkerThread "GC Thread#3"                     [id=2240, stack(0x000000bab0200000,0x000000bab0300000) (1024K)]
  0x000001bd11bac350 WorkerThread "GC Thread#4"                     [id=9004, stack(0x000000bab0300000,0x000000bab0400000) (1024K)]
  0x000001bd11bacb00 WorkerThread "GC Thread#5"                     [id=1984, stack(0x000000bab0400000,0x000000bab0500000) (1024K)]
  0x000001bd58dcb510 WorkerThread "GC Thread#6"                     [id=6592, stack(0x000000bab0c00000,0x000000bab0d00000) (1024K)]
  0x000001bd58dcb170 WorkerThread "GC Thread#7"                     [id=15648, stack(0x000000bab0d00000,0x000000bab0e00000) (1024K)]
  0x000001bd58dca690 WorkerThread "GC Thread#8"                     [id=13104, stack(0x000000bab0e00000,0x000000bab0f00000) (1024K)]
  0x000001bd58dcaa30 WorkerThread "GC Thread#9"                     [id=3808, stack(0x000000bab0f00000,0x000000bab1000000) (1024K)]
  0x000001bd71366fc0 ConcurrentGCThread "G1 Main Marker"            [id=15980, stack(0x000000baaed00000,0x000000baaee00000) (1024K)]
  0x000001bd713698e0 WorkerThread "G1 Conc#0"                       [id=28464, stack(0x000000baaee00000,0x000000baaef00000) (1024K)]
  0x000001bd58dcb8b0 WorkerThread "G1 Conc#1"                       [id=13196, stack(0x000000baafd00000,0x000000baafe00000) (1024K)]
  0x000001bd58dcbc50 WorkerThread "G1 Conc#2"                       [id=11056, stack(0x000000bab0a00000,0x000000bab0b00000) (1024K)]
  0x000001bd713ae780 ConcurrentGCThread "G1 Refine#0"               [id=15972, stack(0x000000baaef00000,0x000000baaf000000) (1024K)]
  0x000001bd1105ab90 ConcurrentGCThread "G1 Service"                [id=25692, stack(0x000000baaf000000,0x000000baaf100000) (1024K)]
Total: 18

Threads with active compile tasks:
Total: 0

VM state: not at safepoint (normal execution)

VM Mutex/Monitor currently owned by a thread: None

Heap address: 0x0000000703600000, size: 4042 MB, Compressed Oops mode: Zero based, Oop shift amount: 3

CDS archive(s) mapped at: [0x000001bd12000000-0x000001bd12c90000-0x000001bd12c90000), size 13172736, SharedBaseAddress: 0x000001bd12000000, ArchiveRelocationMode: 1.
Compressed class space mapped at: 0x000001bd13000000-0x000001bd53000000, reserved size: 1073741824
Narrow klass base: 0x000001bd12000000, Narrow klass shift: 0, Narrow klass range: 0x100000000

GC Precious Log:
 CardTable entry size: 512
 Card Set container configuration: InlinePtr #cards 4 size 8 Array Of Cards #cards 16 size 48 Howl #buckets 8 coarsen threshold 3686 Howl Bitmap #cards 512 size 80 coarsen threshold 460 Card regions per heap region 1 cards per card region 4096
 CPUs: 12 total, 12 available
 Memory: 16163M
 Large Page Support: Disabled
 NUMA Support: Disabled
 Compressed Oops: Enabled (Zero based)
 Heap Region Size: 2M
 Heap Min Capacity: 8M
 Heap Initial Capacity: 254M
 Heap Max Capacity: 4042M
 Pre-touch: Disabled
 Parallel Workers: 10
 Concurrent Workers: 3
 Concurrent Refinement Workers: 10
 Periodic GC: Disabled

Heap:
 garbage-first heap   total 49152K, used 11241K [0x0000000703600000, 0x0000000800000000)
  region size 2048K, 4 young (8192K), 1 survivors (2048K)
 Metaspace       used 21508K, committed 21760K, reserved 1114112K
  class space    used 1928K, committed 2048K, reserved 1048576K

Heap Regions: E=young(eden), S=young(survivor), O=old, HS=humongous(starts), HC=humongous(continues), CS=collection set, F=free, TAMS=top-at-mark-start, PB=parsable bottom
|   0|0x0000000703600000, 0x0000000703600000, 0x0000000703800000|  0%| F|  |TAMS 0x0000000703600000| PB 0x0000000703600000| Untracked 
|   1|0x0000000703800000, 0x0000000703a00000, 0x0000000703a00000|100%| O|  |TAMS 0x0000000703800000| PB 0x0000000703800000| Untracked 
|   2|0x0000000703a00000, 0x0000000703c00000, 0x0000000703c00000|100%| O|  |TAMS 0x0000000703a00000| PB 0x0000000703a00000| Untracked 
|   3|0x0000000703c00000, 0x0000000703df3e00, 0x0000000703e00000| 97%| O|  |TAMS 0x0000000703c00000| PB 0x0000000703c00000| Untracked 
|   4|0x0000000703e00000, 0x0000000703e00000, 0x0000000704000000|  0%| F|  |TAMS 0x0000000703e00000| PB 0x0000000703e00000| Untracked 
|   5|0x0000000704000000, 0x0000000704000000, 0x0000000704200000|  0%| F|  |TAMS 0x0000000704000000| PB 0x0000000704000000| Untracked 
|   6|0x0000000704200000, 0x0000000704200000, 0x0000000704400000|  0%| F|  |TAMS 0x0000000704200000| PB 0x0000000704200000| Untracked 
|   7|0x0000000704400000, 0x0000000704400000, 0x0000000704600000|  0%| F|  |TAMS 0x0000000704400000| PB 0x0000000704400000| Untracked 
|   8|0x0000000704600000, 0x0000000704600000, 0x0000000704800000|  0%| F|  |TAMS 0x0000000704600000| PB 0x0000000704600000| Untracked 
|   9|0x0000000704800000, 0x0000000704800000, 0x0000000704a00000|  0%| F|  |TAMS 0x0000000704800000| PB 0x0000000704800000| Untracked 
|  10|0x0000000704a00000, 0x0000000704b06670, 0x0000000704c00000| 51%| S|CS|TAMS 0x0000000704a00000| PB 0x0000000704a00000| Complete 
|  11|0x0000000704c00000, 0x0000000704c00000, 0x0000000704e00000|  0%| F|  |TAMS 0x0000000704c00000| PB 0x0000000704c00000| Untracked 
|  12|0x0000000704e00000, 0x0000000704e00000, 0x0000000705000000|  0%| F|  |TAMS 0x0000000704e00000| PB 0x0000000704e00000| Untracked 
|  13|0x0000000705000000, 0x0000000705000000, 0x0000000705200000|  0%| F|  |TAMS 0x0000000705000000| PB 0x0000000705000000| Untracked 
|  14|0x0000000705200000, 0x0000000705200000, 0x0000000705400000|  0%| F|  |TAMS 0x0000000705200000| PB 0x0000000705200000| Untracked 
|  15|0x0000000705400000, 0x0000000705400000, 0x0000000705600000|  0%| F|  |TAMS 0x0000000705400000| PB 0x0000000705400000| Untracked 
|  16|0x0000000705600000, 0x0000000705600000, 0x0000000705800000|  0%| F|  |TAMS 0x0000000705600000| PB 0x0000000705600000| Untracked 
|  17|0x0000000705800000, 0x0000000705800000, 0x0000000705a00000|  0%| F|  |TAMS 0x0000000705800000| PB 0x0000000705800000| Untracked 
|  18|0x0000000705a00000, 0x0000000705a00000, 0x0000000705c00000|  0%| F|  |TAMS 0x0000000705a00000| PB 0x0000000705a00000| Untracked 
| 121|0x0000000712800000, 0x0000000712800000, 0x0000000712a00000|  0%| F|  |TAMS 0x0000000712800000| PB 0x0000000712800000| Untracked 
| 122|0x0000000712a00000, 0x0000000712a00000, 0x0000000712c00000|  0%| F|  |TAMS 0x0000000712a00000| PB 0x0000000712a00000| Untracked 
| 123|0x0000000712c00000, 0x0000000712c81308, 0x0000000712e00000| 25%| E|  |TAMS 0x0000000712c00000| PB 0x0000000712c00000| Complete 
| 124|0x0000000712e00000, 0x0000000713000000, 0x0000000713000000|100%| E|CS|TAMS 0x0000000712e00000| PB 0x0000000712e00000| Complete 
| 126|0x0000000713200000, 0x0000000713400000, 0x0000000713400000|100%| E|CS|TAMS 0x0000000713200000| PB 0x0000000713200000| Complete 

Card table byte_map: [0x000001bd7abe0000,0x000001bd7b3d0000] _byte_map_base: 0x000001bd773c5000

Marking Bits: (CMBitMap*) 0x000001bd71356740
 Bits: [0x000001bd7b3d0000, 0x000001bd7f2f8000)

Polling page: 0x000001bd6fa90000

Metaspace:

Usage:
  Non-class:     19.12 MB used.
      Class:      1.88 MB used.
       Both:     21.00 MB used.

Virtual space:
  Non-class space:       64.00 MB reserved,      19.25 MB ( 30%) committed,  1 nodes.
      Class space:        1.00 GB reserved,       2.00 MB ( <1%) committed,  1 nodes.
             Both:        1.06 GB reserved,      21.25 MB (  2%) committed. 

Chunk freelists:
   Non-Class:  12.14 MB
       Class:  13.91 MB
        Both:  26.05 MB

MaxMetaspaceSize: unlimited
CompressedClassSpaceSize: 1.00 GB
Initial GC threshold: 21.00 MB
Current GC threshold: 35.12 MB
CDS: on
 - commit_granule_bytes: 65536.
 - commit_granule_words: 8192.
 - virtual_space_node_default_size: 8388608.
 - enlarge_chunks_in_place: 1.
 - use_allocation_guard: 0.


Internal statistics:

num_allocs_failed_limit: 3.
num_arena_births: 166.
num_arena_deaths: 0.
num_vsnodes_births: 2.
num_vsnodes_deaths: 0.
num_space_committed: 338.
num_space_uncommitted: 0.
num_chunks_returned_to_freelist: 3.
num_chunks_taken_from_freelist: 809.
num_chunk_merges: 3.
num_chunk_splits: 621.
num_chunks_enlarged: 510.
num_inconsistent_stats: 0.

CodeHeap 'non-profiled nmethods': size=120000Kb used=1259Kb max_used=1259Kb free=118740Kb
 bounds [0x000001bd07ad0000, 0x000001bd07d40000, 0x000001bd0f000000]
CodeHeap 'profiled nmethods': size=120000Kb used=5150Kb max_used=5150Kb free=114849Kb
 bounds [0x000001bd00000000, 0x000001bd00510000, 0x000001bd07530000]
CodeHeap 'non-nmethods': size=5760Kb used=2965Kb max_used=2992Kb free=2794Kb
 bounds [0x000001bd07530000, 0x000001bd07830000, 0x000001bd07ad0000]
 total_blobs=4499 nmethods=3068 adapters=1335
 compilation: enabled
              stopped_count=0, restarted_count=0
 full_count=0

Compilation events (20 events):
Event: 54.874 Thread 0x000001bd111e1ab0 nmethod 3058 0x000001bd07c04e10 code [0x000001bd07c04fe0, 0x000001bd07c05368]
Event: 54.876 Thread 0x000001bd58d34550 nmethod 3060 0x000001bd07c05690 code [0x000001bd07c058e0, 0x000001bd07c05be0]
Event: 57.536 Thread 0x000001bd58d34550 3061       4       org.lwjgl.opengl.GL11::glClear (5 bytes)
Event: 57.537 Thread 0x000001bd58d34550 nmethod 3061 0x000001bd07c06090 code [0x000001bd07c06220, 0x000001bd07c062b0]
Event: 61.981 Thread 0x000001bd58d34550 3062       4       com.bedrye.bjge.GameEngine.Objects.BJEEditorScene::render (52 bytes)
Event: 61.981 Thread 0x000001bd111e1ab0 3063       4       com.bedrye.bjge.GameEngine.Objects.Camera::render (55 bytes)
Event: 61.994 Thread 0x000001bd111e1ab0 nmethod 3063 0x000001bd07c06390 code [0x000001bd07c065e0, 0x000001bd07c06d50]
Event: 61.995 Thread 0x000001bd111e1ab0 3064       4       com.bedrye.bjge.GameEngine.Objects.BJEEditorScene::renderGizmos (81 bytes)
Event: 61.995 Thread 0x000001bd58a51000 3065       4       com.bedrye.bjge.GameEngine.Util.BJEFrameBuffer::unbind (7 bytes)
Event: 61.995 Thread 0x000001bd58a51000 nmethod 3065 0x000001bd07c07810 code [0x000001bd07c079a0, 0x000001bd07c07a58]
Event: 61.995 Thread 0x000001bd58a51000 3066       4       com.bedrye.bjge.GameEngine.Objects.Editor.BJEResourceManager::update (25 bytes)
Event: 61.996 Thread 0x000001bd111e1ab0 nmethod 3064 0x000001bd07c07b10 code [0x000001bd07c07cc0, 0x000001bd07c07e00]
Event: 61.996 Thread 0x000001bd111e1ab0 3067       4       java.util.concurrent.ConcurrentSkipListSet::clear (10 bytes)
Event: 61.996 Thread 0x000001bd111e1ab0 nmethod 3067 0x000001bd07c08010 code [0x000001bd07c081a0, 0x000001bd07c08288]
Event: 61.996 Thread 0x000001bd111e1ab0 3068       4       java.util.concurrent.ConcurrentSkipListMap::clear (146 bytes)
Event: 61.997 Thread 0x000001bd111e1ab0 nmethod 3068 0x000001bd07c08390 code [0x000001bd07c08520, 0x000001bd07c085d0]
Event: 61.997 Thread 0x000001bd111e1ab0 3069       4       org.lwjgl.glfw.GLFW::glfwSwapBuffers (21 bytes)
Event: 61.997 Thread 0x000001bd111e1ab0 nmethod 3069 0x000001bd07c08690 code [0x000001bd07c08820, 0x000001bd07c088f0]
Event: 61.999 Thread 0x000001bd58d34550 nmethod 3062 0x000001bd07c08a10 code [0x000001bd07c08d00, 0x000001bd07c09738]
Event: 61.999 Thread 0x000001bd58a51000 nmethod 3066 0x000001bd07c0a610 code [0x000001bd07c0a7e0, 0x000001bd07c0aa40]

GC Heap History (12 events):
Event: 0.283 GC heap before
{Heap before GC invocations=0 (full 0):
 garbage-first heap   total 260096K, used 20480K [0x0000000703600000, 0x0000000800000000)
  region size 2048K, 11 young (22528K), 0 survivors (0K)
 Metaspace       used 3877K, committed 4032K, reserved 1114112K
  class space    used 331K, committed 448K, reserved 1048576K
}
Event: 0.285 GC heap after
{Heap after GC invocations=1 (full 0):
 garbage-first heap   total 260096K, used 2581K [0x0000000703600000, 0x0000000800000000)
  region size 2048K, 2 young (4096K), 2 survivors (4096K)
 Metaspace       used 3877K, committed 4032K, reserved 1114112K
  class space    used 331K, committed 448K, reserved 1048576K
}
Event: 1.315 GC heap before
{Heap before GC invocations=1 (full 0):
 garbage-first heap   total 260096K, used 39445K [0x0000000703600000, 0x0000000800000000)
  region size 2048K, 21 young (43008K), 2 survivors (4096K)
 Metaspace       used 19529K, committed 19712K, reserved 1114112K
  class space    used 1835K, committed 1920K, reserved 1048576K
}
Event: 1.320 GC heap after
{Heap after GC invocations=2 (full 0):
 garbage-first heap   total 260096K, used 6364K [0x0000000703600000, 0x0000000800000000)
  region size 2048K, 3 young (6144K), 3 survivors (6144K)
 Metaspace       used 19529K, committed 19712K, reserved 1114112K
  class space    used 1835K, committed 1920K, reserved 1048576K
}
Event: 1.497 GC heap before
{Heap before GC invocations=2 (full 0):
 garbage-first heap   total 260096K, used 8412K [0x0000000703600000, 0x0000000800000000)
  region size 2048K, 5 young (10240K), 3 survivors (6144K)
 Metaspace       used 21306K, committed 21504K, reserved 1114112K
  class space    used 1928K, committed 2048K, reserved 1048576K
}
Event: 1.500 GC heap after
{Heap after GC invocations=3 (full 0):
 garbage-first heap   total 260096K, used 6823K [0x0000000703600000, 0x0000000800000000)
  region size 2048K, 4 young (8192K), 4 survivors (8192K)
 Metaspace       used 21306K, committed 21504K, reserved 1114112K
  class space    used 1928K, committed 2048K, reserved 1048576K
}
Event: 42.697 GC heap before
{Heap before GC invocations=4 (full 0):
 garbage-first heap   total 40960K, used 37543K [0x0000000703600000, 0x0000000800000000)
  region size 2048K, 19 young (38912K), 4 survivors (8192K)
 Metaspace       used 21507K, committed 21760K, reserved 1114112K
  class space    used 1928K, committed 2048K, reserved 1048576K
}
Event: 42.706 GC heap after
{Heap after GC invocations=5 (full 0):
 garbage-first heap   total 49152K, used 7674K [0x0000000703600000, 0x0000000800000000)
  region size 2048K, 4 young (8192K), 4 survivors (8192K)
 Metaspace       used 21507K, committed 21760K, reserved 1114112K
  class space    used 1928K, committed 2048K, reserved 1048576K
}
Event: 71.383 GC heap before
{Heap before GC invocations=5 (full 0):
 garbage-first heap   total 49152K, used 28154K [0x0000000703600000, 0x0000000800000000)
  region size 2048K, 14 young (28672K), 4 survivors (8192K)
 Metaspace       used 21508K, committed 21760K, reserved 1114112K
  class space    used 1928K, committed 2048K, reserved 1048576K
}
Event: 71.391 GC heap after
{Heap after GC invocations=6 (full 0):
 garbage-first heap   total 49152K, used 7758K [0x0000000703600000, 0x0000000800000000)
  region size 2048K, 1 young (2048K), 1 survivors (2048K)
 Metaspace       used 21508K, committed 21760K, reserved 1114112K
  class space    used 1928K, committed 2048K, reserved 1048576K
}
Event: 110.954 GC heap before
{Heap before GC invocations=6 (full 0):
 garbage-first heap   total 49152K, used 34382K [0x0000000703600000, 0x0000000800000000)
  region size 2048K, 14 young (28672K), 1 survivors (2048K)
 Metaspace       used 21508K, committed 21760K, reserved 1114112K
  class space    used 1928K, committed 2048K, reserved 1048576K
}
Event: 110.957 GC heap after
{Heap after GC invocations=7 (full 0):
 garbage-first heap   total 49152K, used 7145K [0x0000000703600000, 0x0000000800000000)
  region size 2048K, 1 young (2048K), 1 survivors (2048K)
 Metaspace       used 21508K, committed 21760K, reserved 1114112K
  class space    used 1928K, committed 2048K, reserved 1048576K
}

Dll operation events (14 events):
Event: 0.006 Loaded shared library C:\Users\stas2\.jdks\openjdk-21.0.1\bin\java.dll
Event: 0.031 Loaded shared library C:\Users\stas2\.jdks\openjdk-21.0.1\bin\jsvml.dll
Event: 0.060 Loaded shared library C:\Users\stas2\.jdks\openjdk-21.0.1\bin\net.dll
Event: 0.061 Loaded shared library C:\Users\stas2\.jdks\openjdk-21.0.1\bin\nio.dll
Event: 0.064 Loaded shared library C:\Users\stas2\.jdks\openjdk-21.0.1\bin\zip.dll
Event: 0.164 Loaded shared library C:\Users\stas2\.jdks\openjdk-21.0.1\bin\zip.dll
Event: 0.166 Loaded shared library C:\Users\stas2\.jdks\openjdk-21.0.1\bin\instrument.dll
Event: 0.184 Loaded shared library C:\IntelliJ IDEA Community Edition 2021.3.2\IntelliJ IDEA Community Edition 2023.2.1\bin\breakgen64.dll
Event: 0.236 Loaded shared library C:\Users\stas2\.jdks\openjdk-21.0.1\bin\jimage.dll
Event: 0.353 Loaded shared library C:\Users\stas2\AppData\Local\Temp\lwjgl_stas2\3.3.4+7\x64\lwjgl.dll
Event: 0.543 Loaded shared library C:\Users\stas2\AppData\Local\Temp\lwjgl_stas2\3.3.4+7\x64\lwjgl_opengl.dll
Event: 0.740 Loaded shared library C:\Users\stas2\AppData\Local\Temp\imgui-java-natives\1.89.0\imgui-java64.dll
Event: 0.772 Loaded shared library C:\Users\stas2\.jdks\openjdk-21.0.1\bin\verify.dll
Event: 0.783 Loaded shared library C:\Users\stas2\AppData\Local\Temp\lwjgl_stas2\3.3.4+7\x64\lwjgl_stb.dll

Deoptimization events (20 events):
Event: 1.437 Thread 0x000001bd6f8e9fc0 Uncommon trap: trap_request=0xffffffde fr.pc=0x000001bd07b7b5dc relative=0x000000000000091c
Event: 1.437 Thread 0x000001bd6f8e9fc0 Uncommon trap: reason=class_check action=maybe_recompile pc=0x000001bd07b7b5dc method=java.util.HashMap.putVal(ILjava/lang/Object;Ljava/lang/Object;ZZ)Ljava/lang/Object; @ 253 c2
Event: 1.437 Thread 0x000001bd6f8e9fc0 DEOPT PACKING pc=0x000001bd07b7b5dc sp=0x000000baaebfea20
Event: 1.437 Thread 0x000001bd6f8e9fc0 DEOPT UNPACKING pc=0x000001bd07587da2 sp=0x000000baaebfe958 mode 2
Event: 1.437 Thread 0x000001bd6f8e9fc0 Uncommon trap: trap_request=0xffffffde fr.pc=0x000001bd07b7b5dc relative=0x000000000000091c
Event: 1.437 Thread 0x000001bd6f8e9fc0 Uncommon trap: reason=class_check action=maybe_recompile pc=0x000001bd07b7b5dc method=java.util.HashMap.putVal(ILjava/lang/Object;Ljava/lang/Object;ZZ)Ljava/lang/Object; @ 253 c2
Event: 1.437 Thread 0x000001bd6f8e9fc0 DEOPT PACKING pc=0x000001bd07b7b5dc sp=0x000000baaebfea20
Event: 1.437 Thread 0x000001bd6f8e9fc0 DEOPT UNPACKING pc=0x000001bd07587da2 sp=0x000000baaebfe958 mode 2
Event: 1.438 Thread 0x000001bd6f8e9fc0 Uncommon trap: trap_request=0xffffff45 fr.pc=0x000001bd07b6d4bc relative=0x0000000000000c3c
Event: 1.438 Thread 0x000001bd6f8e9fc0 Uncommon trap: reason=unstable_if action=reinterpret pc=0x000001bd07b6d4bc method=jdk.internal.org.objectweb.asm.SymbolTable.put(Ljdk/internal/org/objectweb/asm/SymbolTable$Entry;)Ljdk/internal/org/objectweb/asm/SymbolTable$Entry; @ 13 c2
Event: 1.438 Thread 0x000001bd6f8e9fc0 DEOPT PACKING pc=0x000001bd07b6d4bc sp=0x000000baaebfe130
Event: 1.438 Thread 0x000001bd6f8e9fc0 DEOPT UNPACKING pc=0x000001bd07587da2 sp=0x000000baaebfe068 mode 2
Event: 1.439 Thread 0x000001bd6f8e9fc0 Uncommon trap: trap_request=0xffffffde fr.pc=0x000001bd07b69368 relative=0x00000000000001a8
Event: 1.439 Thread 0x000001bd6f8e9fc0 Uncommon trap: reason=class_check action=maybe_recompile pc=0x000001bd07b69368 method=java.util.HashMap.putVal(ILjava/lang/Object;Ljava/lang/Object;ZZ)Ljava/lang/Object; @ 253 c2
Event: 1.439 Thread 0x000001bd6f8e9fc0 DEOPT PACKING pc=0x000001bd07b69368 sp=0x000000baaebfe990
Event: 1.439 Thread 0x000001bd6f8e9fc0 DEOPT UNPACKING pc=0x000001bd07587da2 sp=0x000000baaebfe950 mode 2
Event: 1.442 Thread 0x000001bd6f8e9fc0 Uncommon trap: trap_request=0xffffff54 fr.pc=0x000001bd07b4060c relative=0x000000000000006c
Event: 1.442 Thread 0x000001bd6f8e9fc0 Uncommon trap: reason=speculate_null_assert action=make_not_entrant pc=0x000001bd07b4060c method=sun.misc.Unsafe.getLong(Ljava/lang/Object;J)J @ 5 c2
Event: 1.442 Thread 0x000001bd6f8e9fc0 DEOPT PACKING pc=0x000001bd07b4060c sp=0x000000baaebfeef0
Event: 1.442 Thread 0x000001bd6f8e9fc0 DEOPT UNPACKING pc=0x000001bd07587da2 sp=0x000000baaebfee78 mode 2

Classes loaded (20 events):
Event: 1.432 Loading class java/lang/reflect/ProxyGenerator$ProxyMethod
Event: 1.432 Loading class java/lang/reflect/ProxyGenerator$ProxyMethod done
Event: 1.433 Loading class java/lang/reflect/ProxyGenerator$PrimitiveTypeInfo
Event: 1.433 Loading class java/lang/reflect/ProxyGenerator$PrimitiveTypeInfo done
Event: 1.433 Loading class jdk/internal/org/objectweb/asm/Edge
Event: 1.433 Loading class jdk/internal/org/objectweb/asm/Edge done
Event: 1.434 Loading class java/lang/reflect/Proxy$ProxyBuilder$1
Event: 1.434 Loading class java/lang/reflect/Proxy$ProxyBuilder$1 done
Event: 1.434 Loading class java/lang/annotation/Target
Event: 1.434 Loading class java/lang/annotation/Target done
Event: 1.435 Loading class java/lang/reflect/UndeclaredThrowableException
Event: 1.435 Loading class java/lang/reflect/UndeclaredThrowableException done
Event: 1.441 Loading class java/lang/Class$AnnotationData
Event: 1.441 Loading class java/lang/Class$AnnotationData done
Event: 1.442 Loading class java/util/concurrent/ConcurrentSkipListMap$KeySet
Event: 1.443 Loading class java/util/concurrent/ConcurrentSkipListMap$KeySet done
Event: 1.443 Loading class java/util/concurrent/ConcurrentSkipListMap$KeyIterator
Event: 1.443 Loading class java/util/concurrent/ConcurrentSkipListMap$Iter
Event: 1.443 Loading class java/util/concurrent/ConcurrentSkipListMap$Iter done
Event: 1.443 Loading class java/util/concurrent/ConcurrentSkipListMap$KeyIterator done

Classes unloaded (0 events):
No events

Classes redefined (0 events):
No events

Internal exceptions (20 events):
Event: 0.782 Thread 0x000001bd6f8e9fc0 Exception <a 'sun/nio/fs/WindowsException'{0x0000000712217160}> (0x0000000712217160) 
thrown [s\open\src\hotspot\share\prims\jni.cpp, line 520]
Event: 0.783 Thread 0x000001bd6f8e9fc0 Exception <a 'sun/nio/fs/WindowsException'{0x00000007122194c0}> (0x00000007122194c0) 
thrown [s\open\src\hotspot\share\prims\jni.cpp, line 520]
Event: 0.914 Thread 0x000001bd6f8e9fc0 Exception <a 'java/lang/NoSuchMethodError'{0x0000000712345178}: 'int java.lang.invoke.DirectMethodHandle$Holder.invokeVirtual(java.lang.Object, java.lang.Object, java.lang.Object)'> (0x0000000712345178) 
thrown [s\open\src\hotspot\share\interpreter\linkResolver.cpp, line 773]
Event: 0.914 Thread 0x000001bd6f8e9fc0 Exception <a 'java/lang/NoSuchMethodError'{0x000000071234ac60}: 'void java.lang.invoke.DirectMethodHandle$Holder.invokeInterface(java.lang.Object, java.lang.Object, java.lang.Object)'> (0x000000071234ac60) 
thrown [s\open\src\hotspot\share\interpreter\linkResolver.cpp, line 773]
Event: 0.952 Thread 0x000001bd6f8e9fc0 Exception <a 'java/lang/NoSuchMethodError'{0x000000071204dca8}: 'int java.lang.invoke.DirectMethodHandle$Holder.invokeStaticInit(java.lang.Object, java.lang.Object)'> (0x000000071204dca8) 
thrown [s\open\src\hotspot\share\interpreter\linkResolver.cpp, line 773]
Event: 0.998 Thread 0x000001bd6f8e9fc0 Exception <a 'java/lang/NoSuchMethodError'{0x0000000712102e50}: 'int java.lang.invoke.DirectMethodHandle$Holder.invokeVirtual(java.lang.Object, java.lang.Object)'> (0x0000000712102e50) 
thrown [s\open\src\hotspot\share\interpreter\linkResolver.cpp, line 773]
Event: 1.000 Thread 0x000001bd6f8e9fc0 Exception <a 'java/lang/NoSuchMethodError'{0x0000000712124708}: 'java.lang.Object java.lang.invoke.DirectMethodHandle$Holder.newInvokeSpecial(java.lang.Object, java.lang.Object, java.lang.Object, java.lang.Object, java.lang.Object)'> (0x0000000712124708) 
thrown [s\open\src\hotspot\share\interpreter\linkResolver.cpp, line 773]
Event: 1.001 Thread 0x000001bd6f8e9fc0 Exception <a 'java/lang/NoSuchMethodError'{0x0000000712131760}: 'java.lang.Object java.lang.invoke.DirectMethodHandle$Holder.newInvokeSpecial(java.lang.Object, java.lang.Object, java.lang.Object, java.lang.Object, java.lang.Object, java.lang.Object)'> (0x0000000712131760) 
thrown [s\open\src\hotspot\share\interpreter\linkResolver.cpp, line 773]
Event: 1.014 Thread 0x000001bd6f8e9fc0 Exception <a 'java/lang/NoSuchMethodError'{0x000000071217d368}: 'int java.lang.invoke.DirectMethodHandle$Holder.invokeInterface(java.lang.Object, java.lang.Object)'> (0x000000071217d368) 
thrown [s\open\src\hotspot\share\interpreter\linkResolver.cpp, line 773]
Event: 1.015 Thread 0x000001bd6f8e9fc0 Exception <a 'sun/nio/fs/WindowsException'{0x0000000712182ec0}> (0x0000000712182ec0) 
thrown [s\open\src\hotspot\share\prims\jni.cpp, line 520]
Event: 1.018 Thread 0x000001bd6f8e9fc0 Exception <a 'sun/nio/fs/WindowsException'{0x000000071218a8b8}> (0x000000071218a8b8) 
thrown [s\open\src\hotspot\share\prims\jni.cpp, line 520]
Event: 1.028 Thread 0x000001bd111cb220 Exception <a 'sun/nio/fs/WindowsException'{0x0000000711e2b9d0}> (0x0000000711e2b9d0) 
thrown [s\open\src\hotspot\share\prims\jni.cpp, line 520]
Event: 1.033 Thread 0x000001bd111cb220 Exception <a 'java/lang/NoSuchMethodError'{0x0000000711eba040}: 'java.lang.Object java.lang.invoke.Invokers$Holder.invokeExact_MT(java.lang.Object, java.lang.Object, java.lang.Object, java.lang.Object, java.lang.Object, java.lang.Object)'> (0x0000000711eba040) 
thrown [s\open\src\hotspot\share\interpreter\linkResolver.cpp, line 773]
Event: 1.047 Thread 0x000001bd6f8e9fc0 Exception <a 'sun/nio/fs/WindowsException'{0x0000000711f464c0}> (0x0000000711f464c0) 
thrown [s\open\src\hotspot\share\prims\jni.cpp, line 520]
Event: 1.055 Thread 0x000001bd6f8e9fc0 Exception <a 'sun/nio/fs/WindowsException'{0x0000000711f9bdf8}> (0x0000000711f9bdf8) 
thrown [s\open\src\hotspot\share\prims\jni.cpp, line 520]
Event: 1.082 Thread 0x000001bd6f8e9fc0 Exception <a 'java/lang/NoSuchMethodError'{0x00000007118736e0}: 'java.lang.Object java.lang.invoke.DirectMethodHandle$Holder.invokeSpecial(java.lang.Object, java.lang.Object, java.lang.Object, int, int)'> (0x00000007118736e0) 
thrown [s\open\src\hotspot\share\interpreter\linkResolver.cpp, line 773]
Event: 1.083 Thread 0x000001bd6f8e9fc0 Exception <a 'java/lang/NoSuchMethodError'{0x00000007118797c0}: 'java.lang.Object java.lang.invoke.DirectMethodHandle$Holder.invokeVirtual(java.lang.Object, java.lang.Object, int)'> (0x00000007118797c0) 
thrown [s\open\src\hotspot\share\interpreter\linkResolver.cpp, line 773]
Event: 1.114 Thread 0x000001bd6f8e9fc0 Exception <a 'java/lang/NoSuchMethodError'{0x00000007119dba18}: 'java.lang.Object java.lang.invoke.DirectMethodHandle$Holder.invokeStatic(java.lang.Object, int, java.lang.Object)'> (0x00000007119dba18) 
thrown [s\open\src\hotspot\share\interpreter\linkResolver.cpp, line 773]
Event: 1.227 Thread 0x000001bd6f8e9fc0 Exception <a 'java/lang/NoSuchMethodError'{0x0000000710eb5c68}: 'java.lang.Object java.lang.invoke.DirectMethodHandle$Holder.invokeVirtual(java.lang.Object, java.lang.Object, java.lang.Object, int, int)'> (0x0000000710eb5c68) 
thrown [s\open\src\hotspot\share\interpreter\linkResolver.cpp, line 773]
Event: 1.244 Thread 0x000001bd6f8e9fc0 Exception <a 'java/lang/NoSuchMethodError'{0x0000000710c28298}: 'int java.lang.invoke.DirectMethodHandle$Holder.invokeStatic(java.lang.Object, java.lang.Object, java.lang.Object, java.lang.Object)'> (0x0000000710c28298) 
thrown [s\open\src\hotspot\share\interpreter\linkResolver.cpp, line 773]

ZGC Phase Switch (0 events):
No events

VM Operations (20 events):
Event: 13.636 Executing VM operation: Cleanup
Event: 13.636 Executing VM operation: Cleanup done
Event: 20.700 Executing VM operation: Cleanup
Event: 20.700 Executing VM operation: Cleanup done
Event: 21.707 Executing VM operation: Cleanup
Event: 21.707 Executing VM operation: Cleanup done
Event: 38.841 Executing VM operation: Cleanup
Event: 38.841 Executing VM operation: Cleanup done
Event: 40.857 Executing VM operation: Cleanup
Event: 40.857 Executing VM operation: Cleanup done
Event: 42.697 Executing VM operation: G1CollectForAllocation (G1 Evacuation Pause)
Event: 42.706 Executing VM operation: G1CollectForAllocation (G1 Evacuation Pause) done
Event: 60.072 Executing VM operation: HandshakeAllThreads (HandshakeForDeflation)
Event: 60.072 Executing VM operation: HandshakeAllThreads (HandshakeForDeflation) done
Event: 60.072 Executing VM operation: RendezvousGCThreads
Event: 60.072 Executing VM operation: RendezvousGCThreads done
Event: 71.383 Executing VM operation: G1CollectForAllocation (G1 Evacuation Pause)
Event: 71.391 Executing VM operation: G1CollectForAllocation (G1 Evacuation Pause) done
Event: 110.954 Executing VM operation: G1CollectForAllocation (G1 Evacuation Pause)
Event: 110.957 Executing VM operation: G1CollectForAllocation (G1 Evacuation Pause) done

Events (20 events):
Event: 0.114 Thread 0x000001bd114a8e20 Thread added: 0x000001bd114a8e20
Event: 0.124 Thread 0x000001bd114ac740 Thread added: 0x000001bd114ac740
Event: 0.184 Thread 0x000001bd111d2ab0 Thread added: 0x000001bd111d2ab0
Event: 0.185 Thread 0x000001bd111d37d0 Thread added: 0x000001bd111d37d0
Event: 0.535 Thread 0x000001bd114ac740 Thread exited: 0x000001bd114ac740
Event: 0.535 Thread 0x000001bd114a8e20 Thread exited: 0x000001bd114a8e20
Event: 0.802 Thread 0x000001bd583cb7d0 Thread added: 0x000001bd583cb7d0
Event: 1.027 Thread 0x000001bd58678500 Thread added: 0x000001bd58678500
Event: 1.027 Thread 0x000001bd58678bb0 Thread added: 0x000001bd58678bb0
Event: 1.292 Thread 0x000001bd583ada90 Thread added: 0x000001bd583ada90
Event: 1.423 Thread 0x000001bd58678500 Thread exited: 0x000001bd58678500
Event: 1.423 Thread 0x000001bd58678bb0 Thread exited: 0x000001bd58678bb0
Event: 3.213 Thread 0x000001bd58adc710 Thread added: 0x000001bd58adc710
Event: 3.213 Thread 0x000001bd58d54540 Thread added: 0x000001bd58d54540
Event: 3.358 Thread 0x000001bd58adc710 Thread exited: 0x000001bd58adc710
Event: 3.358 Thread 0x000001bd58d54540 Thread exited: 0x000001bd58d54540
Event: 54.871 Thread 0x000001bd58d34550 Thread added: 0x000001bd58d34550
Event: 61.995 Thread 0x000001bd58a51000 Thread added: 0x000001bd58a51000
Event: 67.011 Thread 0x000001bd58a51000 Thread exited: 0x000001bd58a51000
Event: 67.011 Thread 0x000001bd58d34550 Thread exited: 0x000001bd58d34550


Dynamic libraries:
0x00007ff7a7fe0000 - 0x00007ff7a7fee000 	C:\Users\stas2\.jdks\openjdk-21.0.1\bin\java.exe
0x00007ffaf71e0000 - 0x00007ffaf7448000 	C:\WINDOWS\SYSTEM32\ntdll.dll
0x00007ffaf5480000 - 0x00007ffaf5549000 	C:\WINDOWS\System32\KERNEL32.DLL
0x00007ffaf4610000 - 0x00007ffaf4a02000 	C:\WINDOWS\System32\KERNELBASE.dll
0x00007ffaf44c0000 - 0x00007ffaf460b000 	C:\WINDOWS\System32\ucrtbase.dll
0x00007ffacc430000 - 0x00007ffacc448000 	C:\Users\stas2\.jdks\openjdk-21.0.1\bin\jli.dll
0x00007ffacde00000 - 0x00007ffacde1b000 	C:\Users\stas2\.jdks\openjdk-21.0.1\bin\VCRUNTIME140.dll
0x00007ffaf6150000 - 0x00007ffaf6315000 	C:\WINDOWS\System32\USER32.dll
0x00007ffaf4e00000 - 0x00007ffaf4e27000 	C:\WINDOWS\System32\win32u.dll
0x00007ffadd150000 - 0x00007ffadd3e3000 	C:\WINDOWS\WinSxS\amd64_microsoft.windows.common-controls_6595b64144ccf1df_6.0.26100.6899_none_3e0efeeae32e88c1\COMCTL32.dll
0x00007ffaf5dc0000 - 0x00007ffaf5deb000 	C:\WINDOWS\System32\GDI32.dll
0x00007ffaf6f40000 - 0x00007ffaf6fe9000 	C:\WINDOWS\System32\msvcrt.dll
0x00007ffaf4a10000 - 0x00007ffaf4b3d000 	C:\WINDOWS\System32\gdi32full.dll
0x00007ffaf4be0000 - 0x00007ffaf4c83000 	C:\WINDOWS\System32\msvcp_win.dll
0x00007ffaf5440000 - 0x00007ffaf546f000 	C:\WINDOWS\System32\IMM32.DLL
0x00007ffacfa20000 - 0x00007ffacfa2c000 	C:\Users\stas2\.jdks\openjdk-21.0.1\bin\vcruntime140_1.dll
0x00007ffaa2340000 - 0x00007ffaa23ce000 	C:\Users\stas2\.jdks\openjdk-21.0.1\bin\msvcp140.dll
0x00007ffa29330000 - 0x00007ffa2a045000 	C:\Users\stas2\.jdks\openjdk-21.0.1\bin\server\jvm.dll
0x00007ffaf6d50000 - 0x00007ffaf6e04000 	C:\WINDOWS\System32\ADVAPI32.dll
0x00007ffaf6320000 - 0x00007ffaf63c6000 	C:\WINDOWS\System32\sechost.dll
0x00007ffaf6ff0000 - 0x00007ffaf7108000 	C:\WINDOWS\System32\RPCRT4.dll
0x00007ffaf6c60000 - 0x00007ffaf6cd4000 	C:\WINDOWS\System32\WS2_32.dll
0x00007ffaf2f70000 - 0x00007ffaf2fce000 	C:\WINDOWS\SYSTEM32\POWRPROF.dll
0x00007ffae1570000 - 0x00007ffae15a5000 	C:\WINDOWS\SYSTEM32\WINMM.dll
0x00007ffaea8b0000 - 0x00007ffaea8bb000 	C:\WINDOWS\SYSTEM32\VERSION.dll
0x00007ffaf2f50000 - 0x00007ffaf2f64000 	C:\WINDOWS\SYSTEM32\UMPDC.dll
0x00007ffaf3230000 - 0x00007ffaf324b000 	C:\WINDOWS\SYSTEM32\kernel.appcore.dll
0x00007ffacf9f0000 - 0x00007ffacf9fa000 	C:\Users\stas2\.jdks\openjdk-21.0.1\bin\jimage.dll
0x00007ffaf1ae0000 - 0x00007ffaf1d22000 	C:\WINDOWS\SYSTEM32\DBGHELP.DLL
0x00007ffaf68e0000 - 0x00007ffaf6c5b000 	C:\WINDOWS\System32\combase.dll
0x00007ffaf63d0000 - 0x00007ffaf64a7000 	C:\WINDOWS\System32\OLEAUT32.dll
0x00007ffad4fb0000 - 0x00007ffad4fec000 	C:\WINDOWS\SYSTEM32\dbgcore.DLL
0x00007ffaf4b40000 - 0x00007ffaf4bd8000 	C:\WINDOWS\System32\bcryptPrimitives.dll
0x00007ffacf420000 - 0x00007ffacf42f000 	C:\Users\stas2\.jdks\openjdk-21.0.1\bin\instrument.dll
0x00007ffac4ea0000 - 0x00007ffac4ebf000 	C:\Users\stas2\.jdks\openjdk-21.0.1\bin\java.dll
0x00007ffaf5560000 - 0x00007ffaf5cad000 	C:\WINDOWS\System32\SHELL32.dll
0x00007ffaf4c90000 - 0x00007ffaf4dfb000 	C:\WINDOWS\System32\wintypes.dll
0x00007ffaf1fc0000 - 0x00007ffaf281d000 	C:\WINDOWS\SYSTEM32\windows.storage.dll
0x00007ffaf5e70000 - 0x00007ffaf5f62000 	C:\WINDOWS\System32\SHCORE.dll
0x00007ffaf6870000 - 0x00007ffaf68d2000 	C:\WINDOWS\System32\shlwapi.dll
0x00007ffaf4290000 - 0x00007ffaf42b9000 	C:\WINDOWS\SYSTEM32\profapi.dll
0x00007ffa2e970000 - 0x00007ffa2ea47000 	C:\Users\stas2\.jdks\openjdk-21.0.1\bin\jsvml.dll
0x00007ffacc420000 - 0x00007ffacc430000 	C:\Users\stas2\.jdks\openjdk-21.0.1\bin\net.dll
0x00007ffaeb340000 - 0x00007ffaeb45f000 	C:\WINDOWS\SYSTEM32\WINHTTP.dll
0x00007ffaf37d0000 - 0x00007ffaf383b000 	C:\WINDOWS\system32\mswsock.dll
0x00007ffabf520000 - 0x00007ffabf536000 	C:\Users\stas2\.jdks\openjdk-21.0.1\bin\nio.dll
0x00007ffab86c0000 - 0x00007ffab86d8000 	C:\Users\stas2\.jdks\openjdk-21.0.1\bin\zip.dll
0x00007ffab7330000 - 0x00007ffab734a000 	C:\IntelliJ IDEA Community Edition 2021.3.2\IntelliJ IDEA Community Edition 2023.2.1\bin\breakgen64.dll
0x00007ffa9c3b0000 - 0x00007ffa9c42b000 	C:\Users\stas2\AppData\Local\Temp\lwjgl_stas2\3.3.4+7\x64\lwjgl.dll
0x00007ffa30890000 - 0x00007ffa30915000 	C:\Users\stas2\AppData\Local\Temp\lwjgl_stas2\3.3.4+7\x64\glfw.dll
0x00007ffa9f220000 - 0x00007ffa9f26b000 	C:\WINDOWS\SYSTEM32\dinput8.dll
0x00007ffaa7100000 - 0x00007ffaa711c000 	C:\WINDOWS\SYSTEM32\xinput1_4.dll
0x00007ffaf4010000 - 0x00007ffaf4067000 	C:\WINDOWS\SYSTEM32\cfgmgr32.dll
0x00007ffaf3fe0000 - 0x00007ffaf400d000 	C:\WINDOWS\SYSTEM32\DEVOBJ.dll
0x00007ffaeecb0000 - 0x00007ffaeecdd000 	C:\WINDOWS\SYSTEM32\dwmapi.dll
0x00007ffab5190000 - 0x00007ffab536e000 	C:\WINDOWS\SYSTEM32\inputhost.dll
0x00007ffaee310000 - 0x00007ffaee435000 	C:\WINDOWS\SYSTEM32\CoreMessaging.dll
0x00007ffaee8a0000 - 0x00007ffaee94a000 	C:\WINDOWS\system32\uxtheme.dll
0x00007ffaf3aa0000 - 0x00007ffaf3aac000 	C:\WINDOWS\SYSTEM32\CRYPTBASE.DLL
0x00007ffaf66e0000 - 0x00007ffaf683b000 	C:\WINDOWS\System32\MSCTF.dll
0x00007ffabd8a0000 - 0x00007ffabd9ac000 	C:\WINDOWS\SYSTEM32\opengl32.dll
0x00007ffacdd30000 - 0x00007ffacdd5d000 	C:\WINDOWS\SYSTEM32\GLU32.dll
0x00007ffaf12f0000 - 0x00007ffaf1334000 	C:\WINDOWS\SYSTEM32\dxcore.dll
0x00007ffaeae00000 - 0x00007ffaeae63000 	C:\WINDOWS\SYSTEM32\directxdatabasehelper.dll
0x00007ffae0c10000 - 0x00007ffae0c2a000 	C:\WINDOWS\SYSTEM32\windows.staterepositorycore.dll
0x00007ffa47cb0000 - 0x00007ffa48ca3000 	C:\WINDOWS\System32\DriverStore\FileRepository\iigd_dch.inf_amd64_5802b1615520e41c\igxelpicd64.dll
0x00007ffaf64b0000 - 0x00007ffaf6648000 	C:\WINDOWS\System32\ole32.dll
0x00007ffaeeb50000 - 0x00007ffaeec8b000 	C:\WINDOWS\system32\dxgi.dll
0x00007ffa479c0000 - 0x00007ffa47ca7000 	C:\WINDOWS\System32\DriverStore\FileRepository\iigd_dch.inf_amd64_5802b1615520e41c\igdml64.dll
0x00007ffae6a70000 - 0x00007ffae6e37000 	C:\WINDOWS\System32\DriverStore\FileRepository\iigd_dch.inf_amd64_5802b1615520e41c\igdgmm64.dll
0x00007ffae33e0000 - 0x00007ffae69f1000 	C:\WINDOWS\System32\DriverStore\FileRepository\iigd_dch.inf_amd64_5802b1615520e41c\igc64.dll
0x00007ffac0770000 - 0x00007ffac08ba000 	C:\WINDOWS\SYSTEM32\textinputframework.dll
0x00007ffae93b0000 - 0x00007ffae9693000 	C:\WINDOWS\SYSTEM32\CoreUIComponents.dll
0x00007ffaa2ef0000 - 0x00007ffaa2f51000 	C:\Users\stas2\AppData\Local\Temp\lwjgl_stas2\3.3.4+7\x64\lwjgl_opengl.dll
0x00007ffa2a380000 - 0x00007ffa2ab74000 	C:\Users\stas2\AppData\Local\Temp\imgui-java-natives\1.89.0\imgui-java64.dll
0x00007ffacaa30000 - 0x00007ffacaa40000 	C:\Users\stas2\.jdks\openjdk-21.0.1\bin\verify.dll
0x00007ffa24730000 - 0x00007ffa247d0000 	C:\Users\stas2\AppData\Local\Temp\lwjgl_stas2\3.3.4+7\x64\lwjgl_stb.dll

dbghelp: loaded successfully - version: 4.0.5 - missing functions: none
symbol engine: initialized successfully - sym options: 0x614 - pdb path: .;C:\Users\stas2\.jdks\openjdk-21.0.1\bin;C:\WINDOWS\SYSTEM32;C:\WINDOWS\WinSxS\amd64_microsoft.windows.common-controls_6595b64144ccf1df_6.0.26100.6899_none_3e0efeeae32e88c1;C:\Users\stas2\.jdks\openjdk-21.0.1\bin\server;C:\IntelliJ IDEA Community Edition 2021.3.2\IntelliJ IDEA Community Edition 2023.2.1\bin;C:\Users\stas2\AppData\Local\Temp\lwjgl_stas2\3.3.4+7\x64;C:\WINDOWS\System32\DriverStore\FileRepository\iigd_dch.inf_amd64_5802b1615520e41c;C:\Users\stas2\AppData\Local\Temp\imgui-java-natives\1.89.0

VM Arguments:
jvm_args: -javaagent:C:\IntelliJ IDEA Community Edition 2021.3.2\IntelliJ IDEA Community Edition 2023.2.1\lib\idea_rt.jar=58343:C:\IntelliJ IDEA Community Edition 2021.3.2\IntelliJ IDEA Community Edition 2023.2.1\bin -Dfile.encoding=windows-1252 -Dsun.stdout.encoding=windows-1252 -Dsun.stderr.encoding=windows-1252 --module-path=C:\Users\stas2\.m2\repository\org\joml\joml-primitives\1.10.0\joml-primitives-1.10.0.jar;C:\Users\stas2\.m2\repository\org\lwjgl\lwjgl\3.3.4\lwjgl-3.3.4.jar;O:\GIt\MultiplayerShooter\target\classes;C:\Users\stas2\.m2\repository\io\github\spair\imgui-java-binding\1.89.0\imgui-java-binding-1.89.0.jar;C:\Users\stas2\.m2\repository\org\lwjgl\lwjgl-opengl\3.3.4\lwjgl-opengl-3.3.4.jar;C:\Users\stas2\.m2\repository\io\github\spair\imgui-java-lwjgl3\1.89.0\imgui-java-lwjgl3-1.89.0.jar;C:\Users\stas2\.m2\repository\org\lwjgl\lwjgl-glfw\3.3.4\lwjgl-glfw-3.3.4.jar;C:\Users\stas2\.m2\repository\org\lwjgl\lwjgl-vulkan\3.3.4\lwjgl-vulkan-3.3.4.jar;C:\Users\stas2\.m2\repository\com\fasterxml\jackson\core\jackson-databind\2.17.2\jackson-databind-2.17.2.jar;C:\Users\stas2\.m2\repository\org\lwjgl\lwjgl-assimp\3.3.4\lwjgl-assimp-3.3.4.jar;C:\Users\stas2\.m2\repository\org\joml\joml\1.10.7\joml-1.10.7.jar;C:\Users\stas2\.m2\repository\com\fasterxml\jackson\core\jackson-annotations\2.17.2\jackson-annotations-2.17.2.jar;C:\Users\stas2\.m2\repository\com\fasterxml\jackson\core\jackson-core\2.17.2\jackson-core-2.17.2.jar;C:\Users\stas2\.m2\repository\org\lwjgl\lwjgl-stb\3.3.4\lwjgl-stb-3.3.4.jar -Djdk.module.main=com.bedrye.bjge 
java_command: com.bedrye.bjge/com.bedrye.bjge.TestMain
java_class_path (initial): C:\Users\stas2\.m2\repository\io\github\spair\imgui-java-natives-windows\1.89.0\imgui-java-natives-windows-1.89.0.jar;C:\Users\stas2\.m2\repository\org\junit\jupiter\junit-jupiter-api\5.9.2\junit-jupiter-api-5.9.2.jar;C:\Users\stas2\.m2\repository\org\opentest4j\opentest4j\1.2.0\opentest4j-1.2.0.jar;C:\Users\stas2\.m2\repository\org\junit\platform\junit-platform-commons\1.9.2\junit-platform-commons-1.9.2.jar;C:\Users\stas2\.m2\repository\org\apiguardian\apiguardian-api\1.1.2\apiguardian-api-1.1.2.jar;C:\Users\stas2\.m2\repository\org\junit\jupiter\junit-jupiter-engine\5.9.2\junit-jupiter-engine-5.9.2.jar;C:\Users\stas2\.m2\repository\org\junit\platform\junit-platform-engine\1.9.2\junit-platform-engine-1.9.2.jar;C:\Users\stas2\.m2\repository\org\lwjgl\lwjgl-bgfx\3.3.4\lwjgl-bgfx-3.3.4.jar;C:\Users\stas2\.m2\repository\org\lwjgl\lwjgl-nanovg\3.3.4\lwjgl-nanovg-3.3.4.jar;C:\Users\stas2\.m2\repository\org\lwjgl\lwjgl-nuklear\3.3.4\lwjgl-nuklear-3.3.4.jar;C:\Users\stas2\.m2\repository\org\lwjgl\lwjgl-openal\3.3.4\lwjgl-openal-3.3.4.jar;C:\Users\stas2\.m2\repository\org\lwjgl\lwjgl-par\3.3.4\lwjgl-par-3.3.4.jar;C:\Users\stas2\.m2\repository\org\lwjgl\lwjgl\3.3.4\lwjgl-3.3.4-natives-windows.jar;C:\Users\stas2\.m2\repository\org\lwjgl\lwjgl-assimp\3.3.4\lwjgl-assimp-3.3.4-natives-windows.jar;C:\Users\stas2\.m2\repository\org\lwjgl\lwjgl-bgfx\3.3.4\lwjgl-bgfx-3.3.4-natives-windows.jar;C:\Users\stas2\.m2\repository\org\lwjgl\lwjgl-glfw\3.3.4\lwjgl-glfw-3.3.4-natives-windows.jar;C:\Users\stas2\.m2\repository\org\lwjgl\lwjgl-nanovg\3.3.4\lwjgl-nanovg-3.3.4-natives-windows.jar;C:\Users\stas2\.m2\repository\org\lwjgl\lwjgl-nuklear\3.3.4\lwjgl-nuklear-3.3.4-natives-windows.jar;C:\Users\stas2\.m2\repository\org\lwjgl\lwjgl-openal\3.3.4\lwjgl-openal-3.3.4-natives-windows.jar;C:\Users\stas2\.m2\repository\org\lwjgl\lwjgl-opengl\3.3.4\lwjgl-opengl-3.3.4-natives-windows.jar;C:\Users\stas2\.m2\repository\org\lwjgl\lwjgl-par\3.3.4\lwjgl-par-3.3.4-natives-windows.jar;C:\Users\stas2\.m2\repository\org\lwjgl\lwjgl-stb\3.3.4\lwjgl-stb-3.3.4-natives-windows.jar
Launcher Type: SUN_STANDARD

[Global flags]
     intx CICompilerCount                          = 4                                         {product} {ergonomic}
     uint ConcGCThreads                            = 3                                         {product} {ergonomic}
     uint G1ConcRefinementThreads                  = 10                                        {product} {ergonomic}
   size_t G1HeapRegionSize                         = 2097152                                   {product} {ergonomic}
    uintx GCDrainStackTargetSize                   = 64                                        {product} {ergonomic}
   size_t InitialHeapSize                          = 266338304                                 {product} {ergonomic}
   size_t MarkStackSize                            = 4194304                                   {product} {ergonomic}
   size_t MaxHeapSize                              = 4238344192                                {product} {ergonomic}
   size_t MaxNewSize                               = 2541748224                                {product} {ergonomic}
   size_t MinHeapDeltaBytes                        = 2097152                                   {product} {ergonomic}
   size_t MinHeapSize                              = 8388608                                   {product} {ergonomic}
    uintx NonNMethodCodeHeapSize                   = 5839372                                {pd product} {ergonomic}
    uintx NonProfiledCodeHeapSize                  = 122909434                              {pd product} {ergonomic}
    uintx ProfiledCodeHeapSize                     = 122909434                              {pd product} {ergonomic}
    uintx ReservedCodeCacheSize                    = 251658240                              {pd product} {ergonomic}
     bool SegmentedCodeCache                       = true                                      {product} {ergonomic}
   size_t SoftMaxHeapSize                          = 4238344192                             {manageable} {ergonomic}
     bool UseCompressedOops                        = true                           {product lp64_product} {ergonomic}
     bool UseG1GC                                  = true                                      {product} {ergonomic}
     bool UseLargePagesIndividualAllocation        = false                                  {pd product} {ergonomic}

Logging:
Log output configuration:
 #0: stdout all=warning uptime,level,tags foldmultilines=false
 #1: stderr all=off uptime,level,tags foldmultilines=false

Environment Variables:
JAVA_HOME=C:\Program Files\Java\jdk-21
PATH=C:\Program Files\PlasticSCM5\server;C:\Program Files\PlasticSCM5\client;C:\Program Files\NVIDIA GPU Computing Toolkit\CUDA\v12.6\bin;C:\Program Files\NVIDIA GPU Computing Toolkit\CUDA\v12.6\libnvvp;C:\Program Files\Common Files\Oracle\Java\javapath;C:\Windows\system32;C:\Windows;C:\Program Files\Java\jdk-11.0.2\bin;C:\Windows\System32\Wbem;C:\ORacleDatabase\dbhomeXE\bin;C:\Windows\System32\WindowsPowerShell\v1.0\;C:\Windows\System32\OpenSSH\;C:\Program Files (x86)\NVIDIA Corporation\PhysX\Common;C:\Program Files\NVIDIA Corporation\NVIDIA NvDLISR;C:\Program Files\Git LFS;C:\Program Files\Git\cmd;C:\Program Files (x86)\Windows Kits\10\Windows Performance Toolkit\;C:\Program Files (x86)\Steam\steamapps\common\Counter-Strike Global Offensive\game\bin\win64;C:\Users\stas2\AppData\Local\Programs\Python\Python311;C:\Program Files\dotnet\;C:\Program Files\Microsoft SQL Server\150\Tools\Binn\;C:\Program Files\Microsoft SQL Server\Client SDK\ODBC\170\Tools\Binn\;C:\Program Files\NVIDIA Corporation\Nsight Compute 2024.3.2\;C:\Program Files (x86)\Microsoft SQL Server\160\Tools\Binn\;C:\Program Files\Microsoft SQL Server\160\Tools\Binn\;C:\Program Files\Microsoft SQL Server\160\DTS\Binn\;C:\Program Files (x86)\Microsoft SQL Server\160\DTS\Binn\;C:\WINDOWS\system32;C:\WINDOWS;C:\WINDOWS\System32\Wbem;C:\WINDOWS\System32\WindowsPowerShell\v1.0\;C:\WINDOWS\System32\OpenSSH\;C:\Program Files\Docker\Docker\resources\bin;O:\npdejs\;C:\Users\stas2\AppData\Local\Programs\Python\Python312\Scripts;C:\Users\stas2\AppData\Local\Microsoft\WindowsApps;C:\Users\stas2\AppData\Local\Programs\Microsoft VS Code\bin;C:\Users\stas2\AppData\Local\GitHubDesktop\bin;C:\Users\stas2\AppData\Local\Programs\Python\Python311;C:\Program Files (x86)\Steam\steamapps\common\Counter-Strike Global Offensive\game\bin\win64;C:\Users\stas2\.dotnet\tools;C:\Users\stas2\AppData\Local\Muse Hub\lib;C:\Users\stas2\AppData\Roaming\npm;C:\Users\stas2\AppData\Local\Programs\Python\Python312\Scripts;
USERNAME=stas2
OS=Windows_NT
PROCESSOR_IDENTIFIER=Intel64 Family 6 Model 141 Stepping 1, GenuineIntel
TMP=C:\Users\stas2\AppData\Local\Temp
TEMP=C:\Users\stas2\AppData\Local\Temp




Periodic native trim disabled

---------------  S Y S T E M  ---------------

OS:
 Windows 11 , 64 bit Build 26100 (10.0.26100.6725)
OS uptime: 0 days 9:23 hours
Hyper-V role detected

CPU: total 12 (initial active 12) (6 cores per cpu, 2 threads per core) family 6 model 141 stepping 1 microcode 0x3c, cx8, cmov, fxsr, ht, mmx, 3dnowpref, sse, sse2, sse3, ssse3, sse4.1, sse4.2, popcnt, lzcnt, tsc, tscinvbit, avx, avx2, aes, erms, clmul, bmi1, bmi2, adx, avx512f, avx512dq, avx512cd, avx512bw, avx512vl, sha, fma, vzeroupper, avx512_vpopcntdq, avx512_vpclmulqdq, avx512_vaes, avx512_vnni, clflush, clflushopt, clwb, avx512_vbmi2, avx512_vbmi, hv, rdtscp, rdpid, fsrm, gfni, avx512_bitalg, f16c, cet_ibt, cet_ss, avx512_ifma
Processor Information for all 12 processors :
  Max Mhz: 2688, Current Mhz: 2688, Mhz Limit: 2688

Memory: 4k page, system-wide physical 16163M (3364M free)
TotalPageFile size 42787M (AvailPageFile size 17610M)
current process WorkingSet (physical memory assigned to process): 287M, peak: 309M
current process commit charge ("private bytes"): 241M, peak: 474M

vm_info: OpenJDK 64-Bit Server VM (21.0.1+12-29) for windows-amd64 JRE (21.0.1+12-29), built on 2023-10-05T13:27:09Z by "mach5one" with MS VC++ 17.1 (VS2022)

END.
