#
# A fatal error has been detected by the Java Runtime Environment:
#
#  EXCEPTION_ACCESS_VIOLATION (0xc0000005) at pc=0x00007ffd0410366c, pid=19684, tid=2980
#
# JRE version: OpenJDK Runtime Environment (20.0.2+9) (build 20.0.2+9-78)
# Java VM: OpenJDK 64-Bit Server VM (20.0.2+9-78, mixed mode, sharing, tiered, compressed oops, compressed class ptrs, g1 gc, windows-amd64)
# Problematic frame:
# C  [igxelpicd64.dll+0x13366c]
#
# No core dump will be written. Minidumps are not enabled by default on client versions of Windows
#
# If you would like to submit a bug report, please visit:
#   https://bugreport.java.com/bugreport/crash.jsp
#

---------------  S U M M A R Y ------------

Command Line: -javaagent:C:\IntelliJ IDEA Community Edition 2021.3.2\IntelliJ IDEA Community Edition 2023.2.1\lib\idea_rt.jar=61237:C:\IntelliJ IDEA Community Edition 2021.3.2\IntelliJ IDEA Community Edition 2023.2.1\bin -Dfile.encoding=windows-1252 -Dsun.stdout.encoding=windows-1252 -Dsun.stderr.encoding=windows-1252 --module-path=C:\Users\stas2\.m2\repository\com\fasterxml\jackson\core\jackson-annotations\2.12.1\jackson-annotations-2.12.1.jar;C:\Users\stas2\.m2\repository\org\joml\joml\1.10.7\joml-1.10.7.jar;C:\Users\stas2\.m2\repository\com\fasterxml\jackson\core\jackson-databind\2.12.1\jackson-databind-2.12.1.jar;C:\Users\stas2\.m2\repository\com\gluonhq\attach\storage\4.0.13\storage-4.0.13.jar;C:\Users\stas2\.m2\repository\com\github\almasb\fxgl-gameplay\17.2\fxgl-gameplay-17.2.jar;C:\Users\stas2\.m2\repository\com\github\almasb\fxgl-scene\17.2\fxgl-scene-17.2.jar;C:\Users\stas2\.m2\repository\org\jetbrains\kotlin\kotlin-stdlib\1.6.0\kotlin-stdlib-1.6.0-modular.jar;C:\Users\stas2\.m2\repository\com\fasterxml\jackson\core\jackson-core\2.12.1\jackson-core-2.12.1.jar;C:\Users\stas2\.m2\repository\com\github\almasb\fxgl-entity\17.2\fxgl-entity-17.2.jar;C:\Users\stas2\.m2\repository\com\gluonhq\attach\util\4.0.13\util-4.0.13.jar;C:\Users\stas2\.m2\repository\org\lwjgl\lwjgl\3.3.4\lwjgl-3.3.4.jar;C:\Users\stas2\.m2\repository\org\openjfx\javafx-fxml\20.0.1\javafx-fxml-20.0.1-win.jar;C:\Users\stas2\.m2\repository\com\github\almasb\fxgl-io\17.2\fxgl-io-17.2.jar;C:\Users\stas2\.m2\repository\org\openjfx\javafx-controls\20.0.1\javafx-controls-20.0.1-win.jar;C:\Users\stas2\.m2\repository\com\gluonhq\attach\audio\4.0.13\audio-4.0.13.jar;C:\Users\stas2\.m2\repository\org\lwjgl\lwjgl-opengl\3.3.4\lwjgl-opengl-3.3.4.jar;O:\GIt\MultiplayerShooter\target\classes;C:\Users\stas2\.m2\repository\org\lwjgl\lwjgl-glfw\3.3.4\lwjgl-glfw-3.3.4.jar;C:\Users\stas2\.m2\repository\org\lwjgl\lwjgl-vulkan\3.3.4\lwjgl-vulkan-3.3.4.jar;C:\Users\stas2\.m2\repository\com\github\almasb\fxgl\17.2\fxgl-17.2.jar;C:\Users\stas2\.m2\repository\org\openjfx\javafx-media\20.0.1\javafx-media-20.0.1-win.jar;C:\Users\stas2\.m2\repository\com\gluonhq\attach\lifecycle\4.0.13\lifecycle-4.0.13.jar;C:\Users\stas2\.m2\repository\org\joml\joml-primitives\1.10.0\joml-primitives-1.10.0.jar;C:\Users\stas2\.m2\repository\org\openjf-Djdk.module.main=com.bedrye.multiplayershooter com.bedrye.multiplayershooter/com.bedrye.bjge.GameEngine.TestMain

Host: 11th Gen Intel(R) Core(TM) i5-11400H @ 2.70GHz, 12 cores, 15G,  Windows 11 , 64 bit Build 22621 (10.0.22621.4974)
Time: Mon Mar 24 17:49:30 2025 FLE Standard Time elapsed time: 53.660789 seconds (0d 0h 0m 53s)

---------------  T H R E A D  ---------------

Current thread (0x0000021e7fc3f380):  VMThread "VM Thread" [stack: 0x000000afef000000,0x000000afef100000] [id=2980]

Stack: [0x000000afef000000,0x000000afef100000],  sp=0x000000afef0fe2c0,  free space=1016k
Native frames: (J=compiled Java code, j=interpreted, Vv=VM code, C=native code)
C  [igxelpicd64.dll+0x13366c]


siginfo: EXCEPTION_ACCESS_VIOLATION (0xc0000005), reading address 0x00000000000356f8


Registers:
RAX=0x0000021e5a778478, RBX=0x0000021e5a778370, RCX=0x0000000000000000, RDX=0x0000000000000000
RSP=0x000000afef0fe2c0, RBP=0x0000000000000000, RSI=0x0000021e5a778940, RDI=0x0000021e5a7668b0
R8 =0x0000000000000014, R9 =0x0000000000000000, R10=0x0000000000000000, R11=0x0000000000000000
R12=0x0000000000000000, R13=0x0000021e7fcebde0, R14=0x0000000000560500, R15=0x0000000000000016
RIP=0x00007ffd0410366c, EFLAGS=0x0000000000010206


Register to memory mapping:

RIP=0x00007ffd0410366c igxelpicd64.dll
RAX=0x0000021e5a778478 points into unknown readable memory: 0x000000000055fd80 | 80 fd 55 00 00 00 00 00
RBX=0x0000021e5a778370 points into unknown readable memory: 0x0000021e58c25e90 | 90 5e c2 58 1e 02 00 00
RCX=0x0 is NULL
RDX=0x0 is NULL
RSP=0x000000afef0fe2c0 points into unknown readable memory: 0x0000021e58be9e30 | 30 9e be 58 1e 02 00 00
RBP=0x0 is NULL
RSI=0x0000021e5a778940 points into unknown readable memory: 0x0000021e7fcebde0 | e0 bd ce 7f 1e 02 00 00
RDI=0x0000021e5a7668b0 points into unknown readable memory: 0x0000021e5a606700 | 00 67 60 5a 1e 02 00 00
R8 =0x0000000000000014 is an unknown value
R9 =0x0 is NULL
R10=0x0 is NULL
R11=0x0 is NULL
R12=0x0 is NULL
R13=0x0000021e7fcebde0 points into unknown readable memory: 0x0000021e58c25e90 | 90 5e c2 58 1e 02 00 00
R14=0x0000000000560500 is an unknown value
R15=0x0000000000000016 is an unknown value


Top of Stack: (sp=0x000000afef0fe2c0)
0x000000afef0fe2c0:   0000021e58be9e30 0000000000000000
0x000000afef0fe2d0:   0000021e5a65ce60 00007ffdb15d4424
0x000000afef0fe2e0:   0000021e5d580598 00007ffd0425ed1d
0x000000afef0fe2f0:   404e000000000000 0000000000000000
0x000000afef0fe300:   0000021e5a65bcf8 0000000000560560
0x000000afef0fe310:   0000000000000000 000000000000000d
0x000000afef0fe320:   0000000000000000 0000000000000000
0x000000afef0fe330:   000000afef0fe440 00007ffd0427bc3c
0x000000afef0fe340:   0000021e58be9e30 0000021e5a7668b0
0x000000afef0fe350:   0000021e5a65c100 0000021e5a626e00
0x000000afef0fe360:   000000af000007e0 0000b80200000000
0x000000afef0fe370:   0000000000000000 000000afef0fe6c8
0x000000afef0fe380:   000000afee453000 0000021e5a65b9f0
0x000000afef0fe390:   0000021e70dd0000 0000000000000002
0x000000afef0fe3a0:   0000000200000101 00007ffd042719a0
0x000000afef0fe3b0:   00007ffdb1599de0 00000000000004b4
0x000000afef0fe3c0:   0000000000000000 0000000000000000
0x000000afef0fe3d0:   0000000000000000 0000000000000000
0x000000afef0fe3e0:   0000000000000000 00007ffd04053cdf
0x000000afef0fe3f0:   0000b80200000000 00000000000007e0
0x000000afef0fe400:   0000000000000000 4000170000000001
0x000000afef0fe410:   0000000000000000 0000000000000000
0x000000afef0fe420:   0000000000000000 0000000000000000
0x000000afef0fe430:   0000000000000000 0000000000000000
0x000000afef0fe440:   0000000000000000 0000000000000000
0x000000afef0fe450:   0000000000000000 0000000000000000
0x000000afef0fe460:   0000000000000000 0000000000000000
0x000000afef0fe470:   0000000000000000 0000000000000000
0x000000afef0fe480:   0000000000000000 0000000000000000
0x000000afef0fe490:   0000000000000000 0000000000000000
0x000000afef0fe4a0:   0000000000000000 0000000000000000
0x000000afef0fe4b0:   0000000000000000 0000000000000000 

Instructions: (pc=0x00007ffd0410366c)
0x00007ffd0410356c:   ec 40 45 8a e1 48 8b fa 48 8b e9 48 8b 1d 42 08
0x00007ffd0410357c:   e0 00 48 89 58 08 48 8b cb ff 15 85 5b 9a 00 90
0x00007ffd0410358c:   4c 8b af 78 02 00 00 48 8b 05 c6 e4 cf 00 44 8b
0x00007ffd0410359c:   b8 40 0b 00 00 45 33 db 45 8a f3 4c 89 9f 78 02
0x00007ffd041035ac:   00 00 44 89 9f 80 02 00 00 4c 89 9f 98 02 00 00
0x00007ffd041035bc:   4c 89 9f 88 02 00 00 48 85 ed 75 38 8b 35 4a e2
0x00007ffd041035cc:   df 00 65 48 8b 04 25 58 00 00 00 b9 14 00 00 00
0x00007ffd041035dc:   48 8b 04 f0 44 38 1c 01 0f 84 9d da 86 00 65 48
0x00007ffd041035ec:   8b 04 25 58 00 00 00 bd 20 00 00 00 48 8b 04 f0
0x00007ffd041035fc:   48 8b 2c 28 48 3b 2d 39 07 e0 00 45 0f 44 fb 4d
0x00007ffd0410360c:   85 ed 0f 84 21 01 00 00 44 8a a4 24 90 00 00 00
0x00007ffd0410361c:   49 8b dd 49 8d b5 d0 05 00 00 4c 8b 2e 45 84 e4
0x00007ffd0410362c:   0f 85 2a 03 00 00 8b 97 c8 01 00 00 48 8b 05 21
0x00007ffd0410363c:   e4 cf 00 83 b8 78 03 00 00 02 75 31 83 fa 10 0f
0x00007ffd0410364c:   83 20 01 00 00 48 8d 04 d5 21 00 00 00 48 03 c2
0x00007ffd0410365c:   48 8d 04 c3 48 85 c0 0f 85 ff 00 00 00 49 8b cb
0x00007ffd0410366c:   48 3b 8d f8 56 03 00 0f 87 f3 02 00 00 4c 39 9b
0x00007ffd0410367c:   48 06 00 00 0f 85 41 da 86 00 44 8b 97 c8 01 00
0x00007ffd0410368c:   00 48 8b 87 e0 01 00 00 4c 8b 08 8b 97 c8 01 00
0x00007ffd0410369c:   00 83 fa 10 0f 83 03 01 00 00 48 8d 04 d5 21 00
0x00007ffd041036ac:   00 00 48 03 c2 48 8d 04 c3 48 85 c0 0f 85 e2 00
0x00007ffd041036bc:   00 00 49 8b cb 49 3b c9 0f 86 0e 01 00 00 48 8b
0x00007ffd041036cc:   87 78 02 00 00 48 89 06 48 89 9f 78 02 00 00 ff
0x00007ffd041036dc:   87 80 02 00 00 48 8b 43 08 48 8b 88 18 01 00 00
0x00007ffd041036ec:   48 81 e1 00 00 ff ff 48 81 c1 00 00 01 00 48 01
0x00007ffd041036fc:   8f 88 02 00 00 48 8b 43 08 48 8b 88 18 01 00 00
0x00007ffd0410370c:   48 01 8f 98 02 00 00 4d 85 ed 0f 85 00 ff ff ff
0x00007ffd0410371c:   45 84 f6 44 8a a4 24 98 00 00 00 0f 85 82 03 00
0x00007ffd0410372c:   00 48 8b 9c 24 80 00 00 00 48 8b cf 45 84 e4 0f
0x00007ffd0410373c:   85 8a 03 00 00 e8 fa f9 ff ff 90 48 8b cb 48 8b
0x00007ffd0410374c:   9c 24 88 00 00 00 48 83 c4 40 41 5f 41 5e 41 5d
0x00007ffd0410375c:   41 5c 5f 5e 5d 48 ff 25 b0 59 9a 00 48 8b 48 08 


Stack slot to memory mapping:
stack at sp + 0 slots: 0x0000021e58be9e30 points into unknown readable memory: 0xffffffffffffffff | ff ff ff ff ff ff ff ff
stack at sp + 1 slots: 0x0 is NULL
stack at sp + 2 slots: 0x0000021e5a65ce60 points into unknown readable memory: 0x0000021e5a65ce70 | 70 ce 65 5a 1e 02 00 00
stack at sp + 3 slots: 0x00007ffdb15d4424 ntdll.dll
stack at sp + 4 slots: 0x0000021e5d580598 points into unknown readable memory: 0x780c0a0000000001 | 01 00 00 00 00 0a 0c 78
stack at sp + 5 slots: 0x00007ffd0425ed1d igxelpicd64.dll
stack at sp + 6 slots: 0x404e000000000000 is an unknown value
stack at sp + 7 slots: 0x0 is NULL

VM_Operation (0x000000afefafefb0): Exit, mode: safepoint, requested by thread 0x0000021e95b6e810


---------------  P R O C E S S  ---------------

Threads class SMR info:
_java_thread_list=0x0000021e5865c140, length=12, elements={
0x0000021e7120bd00, 0x0000021e7fc60d80, 0x0000021e7fc619b0, 0x0000021e7fc65120,
0x0000021e7fc65b50, 0x0000021e7fc674a0, 0x0000021e7fc6d270, 0x0000021e7fc709f0,
0x0000021e581f7070, 0x0000021e584bc650, 0x0000021e58388610, 0x0000021e95b6e810
}

Java Threads: ( => current thread )
  0x0000021e7120bd00 JavaThread "main" [_thread_blocked, id=5192, stack(0x000000afeea00000,0x000000afeeb00000)]
  0x0000021e7fc60d80 JavaThread "Reference Handler" daemon [_thread_blocked, id=16500, stack(0x000000afef100000,0x000000afef200000)]
  0x0000021e7fc619b0 JavaThread "Finalizer" daemon [_thread_blocked, id=27252, stack(0x000000afef200000,0x000000afef300000)]
  0x0000021e7fc65120 JavaThread "Attach Listener" daemon [_thread_blocked, id=22320, stack(0x000000afef400000,0x000000afef500000)]
  0x0000021e7fc65b50 JavaThread "Service Thread" daemon [_thread_blocked, id=16128, stack(0x000000afef500000,0x000000afef600000)]
  0x0000021e7fc674a0 JavaThread "Monitor Deflation Thread" daemon [_thread_blocked, id=1748, stack(0x000000afef600000,0x000000afef700000)]
  0x0000021e7fc6d270 JavaThread "C2 CompilerThread0" daemon [_thread_blocked, id=31464, stack(0x000000afef700000,0x000000afef800000)]
  0x0000021e7fc709f0 JavaThread "C1 CompilerThread0" daemon [_thread_blocked, id=8516, stack(0x000000afef800000,0x000000afef900000)]
  0x0000021e581f7070 JavaThread "Common-Cleaner" daemon [_thread_blocked, id=30160, stack(0x000000afef900000,0x000000afefa00000)]
  0x0000021e584bc650 JavaThread "Monitor Ctrl-Break" daemon [_thread_in_native, id=12156, stack(0x000000afefc00000,0x000000afefd00000)]
  0x0000021e58388610 JavaThread "Notification Thread" daemon [_thread_blocked, id=22736, stack(0x000000afefd00000,0x000000afefe00000)]
  0x0000021e95b6e810 JavaThread "SIGINT handler" daemon [_thread_blocked, id=15844, stack(0x000000afefa00000,0x000000afefb00000)]

Other Threads:
=>0x0000021e7fc3f380 VMThread "VM Thread" [stack: 0x000000afef000000,0x000000afef100000] [id=2980]
  0x0000021e7127b0c0 WorkerThread "GC Thread#0" [stack: 0x000000afeeb00000,0x000000afeec00000] [id=24288]
  0x0000021e5a7648f0 WorkerThread "GC Thread#1" [stack: 0x000000afefb00000,0x000000afefc00000] [id=1716]
  0x0000021e5a765700 WorkerThread "GC Thread#2" [stack: 0x000000aff0500000,0x000000aff0600000] [id=24512]
  0x0000021e5a765f70 WorkerThread "GC Thread#3" [stack: 0x000000aff0700000,0x000000aff0800000] [id=15436]
  0x0000021e5a765ca0 WorkerThread "GC Thread#4" [stack: 0x000000aff0800000,0x000000aff0900000] [id=30936]
  0x0000021e5a7659d0 WorkerThread "GC Thread#5" [stack: 0x000000aff0900000,0x000000aff0a00000] [id=27172]
  0x0000021e5a766240 WorkerThread "GC Thread#6" [stack: 0x000000aff0a00000,0x000000aff0b00000] [id=21092]
  0x0000021e5a764bc0 WorkerThread "GC Thread#7" [stack: 0x000000aff0b00000,0x000000aff0c00000] [id=3248]
  0x0000021e7128bb70 ConcurrentGCThread "G1 Main Marker" terminated
  0x0000021e7128d750 WorkerThread "G1 Conc#0" [stack: 0x000000afeed00000,0x000000afeee00000] [id=26996]
  0x0000021e7fafe2e0 ConcurrentGCThread "G1 Refine#0" terminated
  0x0000021e7fafed80 ConcurrentGCThread "G1 Service" terminated

Threads with active compile tasks:

VM state: at safepoint (shutting down)

VM Mutex/Monitor currently owned by a thread:  ([mutex/lock_event])
[0x0000021e71206870] Threads_lock - owner thread: 0x0000021e7fc3f380
[0x0000021e71206630] Heap_lock - owner thread: 0x0000021e95b6e810

Heap address: 0x0000000703600000, size: 4042 MB, Compressed Oops mode: Zero based, Oop shift amount: 3

CDS archive(s) mapped at: [0x0000021e13000000-0x0000021e13c60000-0x0000021e13c60000), size 12976128, SharedBaseAddress: 0x0000021e13000000, ArchiveRelocationMode: 1.
Compressed class space mapped at: 0x0000021e14000000-0x0000021e54000000, reserved size: 1073741824
Narrow klass base: 0x0000021e13000000, Narrow klass shift: 0, Narrow klass range: 0x100000000

GC Precious Log:
 CardTable entry size: 512
 Card Set container configuration: InlinePtr #cards 4 size 8 Array Of Cards #cards 16 size 48 Howl #buckets 8 coarsen threshold 3686 Howl Bitmap #cards 512 size 80 coarsen threshold 460 Card regions per heap region 1 cards per card region 4096
 CPUs: 12 total, 12 available
 Memory: 16163M
 Large Page Support: Disabled
 NUMA Support: Disabled
 Compressed Oops: Enabled (Zero based)
 Heap Region Size: 2M
 Heap Min Capacity: 8M
 Heap Initial Capacity: 254M
 Heap Max Capacity: 4042M
 Pre-touch: Disabled
 Parallel Workers: 10
 Concurrent Workers: 3
 Concurrent Refinement Workers: 10
 Periodic GC: Disabled

Heap:
 garbage-first heap   total 260096K, used 17627K [0x0000000703600000, 0x0000000800000000)
  region size 2048K, 10 young (20480K), 2 survivors (4096K)
 Metaspace       used 7333K, committed 7488K, reserved 1114112K
  class space    used 419K, committed 512K, reserved 1048576K

Heap Regions: E=young(eden), S=young(survivor), O=old, HS=humongous(starts), HC=humongous(continues), CS=collection set, F=free, OA=open archive, CA=closed archive, TAMS=top-at-mark-start, PB=parsable bottom
|   0|0x0000000703600000, 0x0000000703600000, 0x0000000703800000|  0%| F|  |TAMS 0x0000000703600000| PB 0x0000000703600000| Untracked 
|   1|0x0000000703800000, 0x0000000703800000, 0x0000000703a00000|  0%| F|  |TAMS 0x0000000703800000| PB 0x0000000703800000| Untracked 
|   2|0x0000000703a00000, 0x0000000703a00000, 0x0000000703c00000|  0%| F|  |TAMS 0x0000000703a00000| PB 0x0000000703a00000| Untracked 
|   3|0x0000000703c00000, 0x0000000703c00000, 0x0000000703e00000|  0%| F|  |TAMS 0x0000000703c00000| PB 0x0000000703c00000| Untracked 
|   4|0x0000000703e00000, 0x0000000703e00000, 0x0000000704000000|  0%| F|  |TAMS 0x0000000703e00000| PB 0x0000000703e00000| Untracked 
|   5|0x0000000704000000, 0x0000000704000000, 0x0000000704200000|  0%| F|  |TAMS 0x0000000704000000| PB 0x0000000704000000| Untracked 
|   6|0x0000000704200000, 0x0000000704200000, 0x0000000704400000|  0%| F|  |TAMS 0x0000000704200000| PB 0x0000000704200000| Untracked 
|   7|0x0000000704400000, 0x0000000704400000, 0x0000000704600000|  0%| F|  |TAMS 0x0000000704400000| PB 0x0000000704400000| Untracked 
|   8|0x0000000704600000, 0x0000000704600000, 0x0000000704800000|  0%| F|  |TAMS 0x0000000704600000| PB 0x0000000704600000| Untracked 
|   9|0x0000000704800000, 0x0000000704800000, 0x0000000704a00000|  0%| F|  |TAMS 0x0000000704800000| PB 0x0000000704800000| Untracked 
|  10|0x0000000704a00000, 0x0000000704a00000, 0x0000000704c00000|  0%| F|  |TAMS 0x0000000704a00000| PB 0x0000000704a00000| Untracked 
|  11|0x0000000704c00000, 0x0000000704c00000, 0x0000000704e00000|  0%| F|  |TAMS 0x0000000704c00000| PB 0x0000000704c00000| Untracked 
|  12|0x0000000704e00000, 0x0000000704e00000, 0x0000000705000000|  0%| F|  |TAMS 0x0000000704e00000| PB 0x0000000704e00000| Untracked 
|  13|0x0000000705000000, 0x0000000705000000, 0x0000000705200000|  0%| F|  |TAMS 0x0000000705000000| PB 0x0000000705000000| Untracked 
|  14|0x0000000705200000, 0x0000000705200000, 0x0000000705400000|  0%| F|  |TAMS 0x0000000705200000| PB 0x0000000705200000| Untracked 
|  15|0x0000000705400000, 0x0000000705400000, 0x0000000705600000|  0%| F|  |TAMS 0x0000000705400000| PB 0x0000000705400000| Untracked 
|  16|0x0000000705600000, 0x0000000705600000, 0x0000000705800000|  0%| F|  |TAMS 0x0000000705600000| PB 0x0000000705600000| Untracked 
|  17|0x0000000705800000, 0x0000000705800000, 0x0000000705a00000|  0%| F|  |TAMS 0x0000000705800000| PB 0x0000000705800000| Untracked 
|  18|0x0000000705a00000, 0x0000000705a00000, 0x0000000705c00000|  0%| F|  |TAMS 0x0000000705a00000| PB 0x0000000705a00000| Untracked 
|  19|0x0000000705c00000, 0x0000000705c00000, 0x0000000705e00000|  0%| F|  |TAMS 0x0000000705c00000| PB 0x0000000705c00000| Untracked 
|  20|0x0000000705e00000, 0x0000000705e00000, 0x0000000706000000|  0%| F|  |TAMS 0x0000000705e00000| PB 0x0000000705e00000| Untracked 
|  21|0x0000000706000000, 0x0000000706000000, 0x0000000706200000|  0%| F|  |TAMS 0x0000000706000000| PB 0x0000000706000000| Untracked 
|  22|0x0000000706200000, 0x0000000706200000, 0x0000000706400000|  0%| F|  |TAMS 0x0000000706200000| PB 0x0000000706200000| Untracked 
|  23|0x0000000706400000, 0x0000000706400000, 0x0000000706600000|  0%| F|  |TAMS 0x0000000706400000| PB 0x0000000706400000| Untracked 
|  24|0x0000000706600000, 0x0000000706600000, 0x0000000706800000|  0%| F|  |TAMS 0x0000000706600000| PB 0x0000000706600000| Untracked 
|  25|0x0000000706800000, 0x0000000706800000, 0x0000000706a00000|  0%| F|  |TAMS 0x0000000706800000| PB 0x0000000706800000| Untracked 
|  26|0x0000000706a00000, 0x0000000706a00000, 0x0000000706c00000|  0%| F|  |TAMS 0x0000000706a00000| PB 0x0000000706a00000| Untracked 
|  27|0x0000000706c00000, 0x0000000706c00000, 0x0000000706e00000|  0%| F|  |TAMS 0x0000000706c00000| PB 0x0000000706c00000| Untracked 
|  28|0x0000000706e00000, 0x0000000706e00000, 0x0000000707000000|  0%| F|  |TAMS 0x0000000706e00000| PB 0x0000000706e00000| Untracked 
|  29|0x0000000707000000, 0x0000000707000000, 0x0000000707200000|  0%| F|  |TAMS 0x0000000707000000| PB 0x0000000707000000| Untracked 
|  30|0x0000000707200000, 0x0000000707200000, 0x0000000707400000|  0%| F|  |TAMS 0x0000000707200000| PB 0x0000000707200000| Untracked 
|  31|0x0000000707400000, 0x0000000707400000, 0x0000000707600000|  0%| F|  |TAMS 0x0000000707400000| PB 0x0000000707400000| Untracked 
|  32|0x0000000707600000, 0x0000000707600000, 0x0000000707800000|  0%| F|  |TAMS 0x0000000707600000| PB 0x0000000707600000| Untracked 
|  33|0x0000000707800000, 0x0000000707800000, 0x0000000707a00000|  0%| F|  |TAMS 0x0000000707800000| PB 0x0000000707800000| Untracked 
|  34|0x0000000707a00000, 0x0000000707a00000, 0x0000000707c00000|  0%| F|  |TAMS 0x0000000707a00000| PB 0x0000000707a00000| Untracked 
|  35|0x0000000707c00000, 0x0000000707c00000, 0x0000000707e00000|  0%| F|  |TAMS 0x0000000707c00000| PB 0x0000000707c00000| Untracked 
|  36|0x0000000707e00000, 0x0000000707e00000, 0x0000000708000000|  0%| F|  |TAMS 0x0000000707e00000| PB 0x0000000707e00000| Untracked 
|  37|0x0000000708000000, 0x0000000708000000, 0x0000000708200000|  0%| F|  |TAMS 0x0000000708000000| PB 0x0000000708000000| Untracked 
|  38|0x0000000708200000, 0x0000000708200000, 0x0000000708400000|  0%| F|  |TAMS 0x0000000708200000| PB 0x0000000708200000| Untracked 
|  39|0x0000000708400000, 0x0000000708400000, 0x0000000708600000|  0%| F|  |TAMS 0x0000000708400000| PB 0x0000000708400000| Untracked 
|  40|0x0000000708600000, 0x0000000708600000, 0x0000000708800000|  0%| F|  |TAMS 0x0000000708600000| PB 0x0000000708600000| Untracked 
|  41|0x0000000708800000, 0x0000000708800000, 0x0000000708a00000|  0%| F|  |TAMS 0x0000000708800000| PB 0x0000000708800000| Untracked 
|  42|0x0000000708a00000, 0x0000000708a00000, 0x0000000708c00000|  0%| F|  |TAMS 0x0000000708a00000| PB 0x0000000708a00000| Untracked 
|  43|0x0000000708c00000, 0x0000000708c00000, 0x0000000708e00000|  0%| F|  |TAMS 0x0000000708c00000| PB 0x0000000708c00000| Untracked 
|  44|0x0000000708e00000, 0x0000000708e00000, 0x0000000709000000|  0%| F|  |TAMS 0x0000000708e00000| PB 0x0000000708e00000| Untracked 
|  45|0x0000000709000000, 0x0000000709000000, 0x0000000709200000|  0%| F|  |TAMS 0x0000000709000000| PB 0x0000000709000000| Untracked 
|  46|0x0000000709200000, 0x0000000709200000, 0x0000000709400000|  0%| F|  |TAMS 0x0000000709200000| PB 0x0000000709200000| Untracked 
|  47|0x0000000709400000, 0x0000000709400000, 0x0000000709600000|  0%| F|  |TAMS 0x0000000709400000| PB 0x0000000709400000| Untracked 
|  48|0x0000000709600000, 0x0000000709600000, 0x0000000709800000|  0%| F|  |TAMS 0x0000000709600000| PB 0x0000000709600000| Untracked 
|  49|0x0000000709800000, 0x0000000709800000, 0x0000000709a00000|  0%| F|  |TAMS 0x0000000709800000| PB 0x0000000709800000| Untracked 
|  50|0x0000000709a00000, 0x0000000709a00000, 0x0000000709c00000|  0%| F|  |TAMS 0x0000000709a00000| PB 0x0000000709a00000| Untracked 
|  51|0x0000000709c00000, 0x0000000709c00000, 0x0000000709e00000|  0%| F|  |TAMS 0x0000000709c00000| PB 0x0000000709c00000| Untracked 
|  52|0x0000000709e00000, 0x0000000709e00000, 0x000000070a000000|  0%| F|  |TAMS 0x0000000709e00000| PB 0x0000000709e00000| Untracked 
|  53|0x000000070a000000, 0x000000070a000000, 0x000000070a200000|  0%| F|  |TAMS 0x000000070a000000| PB 0x000000070a000000| Untracked 
|  54|0x000000070a200000, 0x000000070a200000, 0x000000070a400000|  0%| F|  |TAMS 0x000000070a200000| PB 0x000000070a200000| Untracked 
|  55|0x000000070a400000, 0x000000070a400000, 0x000000070a600000|  0%| F|  |TAMS 0x000000070a400000| PB 0x000000070a400000| Untracked 
|  56|0x000000070a600000, 0x000000070a600000, 0x000000070a800000|  0%| F|  |TAMS 0x000000070a600000| PB 0x000000070a600000| Untracked 
|  57|0x000000070a800000, 0x000000070a800000, 0x000000070aa00000|  0%| F|  |TAMS 0x000000070a800000| PB 0x000000070a800000| Untracked 
|  58|0x000000070aa00000, 0x000000070aa00000, 0x000000070ac00000|  0%| F|  |TAMS 0x000000070aa00000| PB 0x000000070aa00000| Untracked 
|  59|0x000000070ac00000, 0x000000070ac00000, 0x000000070ae00000|  0%| F|  |TAMS 0x000000070ac00000| PB 0x000000070ac00000| Untracked 
|  60|0x000000070ae00000, 0x000000070ae00000, 0x000000070b000000|  0%| F|  |TAMS 0x000000070ae00000| PB 0x000000070ae00000| Untracked 
|  61|0x000000070b000000, 0x000000070b000000, 0x000000070b200000|  0%| F|  |TAMS 0x000000070b000000| PB 0x000000070b000000| Untracked 
|  62|0x000000070b200000, 0x000000070b200000, 0x000000070b400000|  0%| F|  |TAMS 0x000000070b200000| PB 0x000000070b200000| Untracked 
|  63|0x000000070b400000, 0x000000070b400000, 0x000000070b600000|  0%| F|  |TAMS 0x000000070b400000| PB 0x000000070b400000| Untracked 
|  64|0x000000070b600000, 0x000000070b600000, 0x000000070b800000|  0%| F|  |TAMS 0x000000070b600000| PB 0x000000070b600000| Untracked 
|  65|0x000000070b800000, 0x000000070b800000, 0x000000070ba00000|  0%| F|  |TAMS 0x000000070b800000| PB 0x000000070b800000| Untracked 
|  66|0x000000070ba00000, 0x000000070ba00000, 0x000000070bc00000|  0%| F|  |TAMS 0x000000070ba00000| PB 0x000000070ba00000| Untracked 
|  67|0x000000070bc00000, 0x000000070bc00000, 0x000000070be00000|  0%| F|  |TAMS 0x000000070bc00000| PB 0x000000070bc00000| Untracked 
|  68|0x000000070be00000, 0x000000070be00000, 0x000000070c000000|  0%| F|  |TAMS 0x000000070be00000| PB 0x000000070be00000| Untracked 
|  69|0x000000070c000000, 0x000000070c000000, 0x000000070c200000|  0%| F|  |TAMS 0x000000070c000000| PB 0x000000070c000000| Untracked 
|  70|0x000000070c200000, 0x000000070c200000, 0x000000070c400000|  0%| F|  |TAMS 0x000000070c200000| PB 0x000000070c200000| Untracked 
|  71|0x000000070c400000, 0x000000070c400000, 0x000000070c600000|  0%| F|  |TAMS 0x000000070c400000| PB 0x000000070c400000| Untracked 
|  72|0x000000070c600000, 0x000000070c600000, 0x000000070c800000|  0%| F|  |TAMS 0x000000070c600000| PB 0x000000070c600000| Untracked 
|  73|0x000000070c800000, 0x000000070c800000, 0x000000070ca00000|  0%| F|  |TAMS 0x000000070c800000| PB 0x000000070c800000| Untracked 
|  74|0x000000070ca00000, 0x000000070ca00000, 0x000000070cc00000|  0%| F|  |TAMS 0x000000070ca00000| PB 0x000000070ca00000| Untracked 
|  75|0x000000070cc00000, 0x000000070cc00000, 0x000000070ce00000|  0%| F|  |TAMS 0x000000070cc00000| PB 0x000000070cc00000| Untracked 
|  76|0x000000070ce00000, 0x000000070ce00000, 0x000000070d000000|  0%| F|  |TAMS 0x000000070ce00000| PB 0x000000070ce00000| Untracked 
|  77|0x000000070d000000, 0x000000070d000000, 0x000000070d200000|  0%| F|  |TAMS 0x000000070d000000| PB 0x000000070d000000| Untracked 
|  78|0x000000070d200000, 0x000000070d200000, 0x000000070d400000|  0%| F|  |TAMS 0x000000070d200000| PB 0x000000070d200000| Untracked 
|  79|0x000000070d400000, 0x000000070d400000, 0x000000070d600000|  0%| F|  |TAMS 0x000000070d400000| PB 0x000000070d400000| Untracked 
|  80|0x000000070d600000, 0x000000070d600000, 0x000000070d800000|  0%| F|  |TAMS 0x000000070d600000| PB 0x000000070d600000| Untracked 
|  81|0x000000070d800000, 0x000000070d800000, 0x000000070da00000|  0%| F|  |TAMS 0x000000070d800000| PB 0x000000070d800000| Untracked 
|  82|0x000000070da00000, 0x000000070da00000, 0x000000070dc00000|  0%| F|  |TAMS 0x000000070da00000| PB 0x000000070da00000| Untracked 
|  83|0x000000070dc00000, 0x000000070dc00000, 0x000000070de00000|  0%| F|  |TAMS 0x000000070dc00000| PB 0x000000070dc00000| Untracked 
|  84|0x000000070de00000, 0x000000070de00000, 0x000000070e000000|  0%| F|  |TAMS 0x000000070de00000| PB 0x000000070de00000| Untracked 
|  85|0x000000070e000000, 0x000000070e000000, 0x000000070e200000|  0%| F|  |TAMS 0x000000070e000000| PB 0x000000070e000000| Untracked 
|  86|0x000000070e200000, 0x000000070e200000, 0x000000070e400000|  0%| F|  |TAMS 0x000000070e200000| PB 0x000000070e200000| Untracked 
|  87|0x000000070e400000, 0x000000070e400000, 0x000000070e600000|  0%| F|  |TAMS 0x000000070e400000| PB 0x000000070e400000| Untracked 
|  88|0x000000070e600000, 0x000000070e600000, 0x000000070e800000|  0%| F|  |TAMS 0x000000070e600000| PB 0x000000070e600000| Untracked 
|  89|0x000000070e800000, 0x000000070e800000, 0x000000070ea00000|  0%| F|  |TAMS 0x000000070e800000| PB 0x000000070e800000| Untracked 
|  90|0x000000070ea00000, 0x000000070ea00000, 0x000000070ec00000|  0%| F|  |TAMS 0x000000070ea00000| PB 0x000000070ea00000| Untracked 
|  91|0x000000070ec00000, 0x000000070ec00000, 0x000000070ee00000|  0%| F|  |TAMS 0x000000070ec00000| PB 0x000000070ec00000| Untracked 
|  92|0x000000070ee00000, 0x000000070ee00000, 0x000000070f000000|  0%| F|  |TAMS 0x000000070ee00000| PB 0x000000070ee00000| Untracked 
|  93|0x000000070f000000, 0x000000070f000000, 0x000000070f200000|  0%| F|  |TAMS 0x000000070f000000| PB 0x000000070f000000| Untracked 
|  94|0x000000070f200000, 0x000000070f200000, 0x000000070f400000|  0%| F|  |TAMS 0x000000070f200000| PB 0x000000070f200000| Untracked 
|  95|0x000000070f400000, 0x000000070f400000, 0x000000070f600000|  0%| F|  |TAMS 0x000000070f400000| PB 0x000000070f400000| Untracked 
|  96|0x000000070f600000, 0x000000070f600000, 0x000000070f800000|  0%| F|  |TAMS 0x000000070f600000| PB 0x000000070f600000| Untracked 
|  97|0x000000070f800000, 0x000000070f800000, 0x000000070fa00000|  0%| F|  |TAMS 0x000000070f800000| PB 0x000000070f800000| Untracked 
|  98|0x000000070fa00000, 0x000000070fa00000, 0x000000070fc00000|  0%| F|  |TAMS 0x000000070fa00000| PB 0x000000070fa00000| Untracked 
|  99|0x000000070fc00000, 0x000000070fc00000, 0x000000070fe00000|  0%| F|  |TAMS 0x000000070fc00000| PB 0x000000070fc00000| Untracked 
| 100|0x000000070fe00000, 0x000000070fe00000, 0x0000000710000000|  0%| F|  |TAMS 0x000000070fe00000| PB 0x000000070fe00000| Untracked 
| 101|0x0000000710000000, 0x0000000710000000, 0x0000000710200000|  0%| F|  |TAMS 0x0000000710000000| PB 0x0000000710000000| Untracked 
| 102|0x0000000710200000, 0x0000000710200000, 0x0000000710400000|  0%| F|  |TAMS 0x0000000710200000| PB 0x0000000710200000| Untracked 
| 103|0x0000000710400000, 0x0000000710400000, 0x0000000710600000|  0%| F|  |TAMS 0x0000000710400000| PB 0x0000000710400000| Untracked 
| 104|0x0000000710600000, 0x0000000710600000, 0x0000000710800000|  0%| F|  |TAMS 0x0000000710600000| PB 0x0000000710600000| Untracked 
| 105|0x0000000710800000, 0x0000000710800000, 0x0000000710a00000|  0%| F|  |TAMS 0x0000000710800000| PB 0x0000000710800000| Untracked 
| 106|0x0000000710a00000, 0x0000000710a00000, 0x0000000710c00000|  0%| F|  |TAMS 0x0000000710a00000| PB 0x0000000710a00000| Untracked 
| 107|0x0000000710c00000, 0x0000000710c00000, 0x0000000710e00000|  0%| F|  |TAMS 0x0000000710c00000| PB 0x0000000710c00000| Untracked 
| 108|0x0000000710e00000, 0x0000000710e00000, 0x0000000711000000|  0%| F|  |TAMS 0x0000000710e00000| PB 0x0000000710e00000| Untracked 
| 109|0x0000000711000000, 0x0000000711000000, 0x0000000711200000|  0%| F|  |TAMS 0x0000000711000000| PB 0x0000000711000000| Untracked 
| 110|0x0000000711200000, 0x0000000711200000, 0x0000000711400000|  0%| F|  |TAMS 0x0000000711200000| PB 0x0000000711200000| Untracked 
| 111|0x0000000711400000, 0x0000000711400000, 0x0000000711600000|  0%| F|  |TAMS 0x0000000711400000| PB 0x0000000711400000| Untracked 
| 112|0x0000000711600000, 0x0000000711600000, 0x0000000711800000|  0%| F|  |TAMS 0x0000000711600000| PB 0x0000000711600000| Untracked 
| 113|0x0000000711800000, 0x0000000711800000, 0x0000000711a00000|  0%| F|  |TAMS 0x0000000711800000| PB 0x0000000711800000| Untracked 
| 114|0x0000000711a00000, 0x0000000711b36ef0, 0x0000000711c00000| 60%| S|CS|TAMS 0x0000000711a00000| PB 0x0000000711a00000| Complete 
| 115|0x0000000711c00000, 0x0000000711e00000, 0x0000000711e00000|100%| S|CS|TAMS 0x0000000711c00000| PB 0x0000000711c00000| Complete 
| 116|0x0000000711e00000, 0x0000000711e00000, 0x0000000712000000|  0%| F|  |TAMS 0x0000000711e00000| PB 0x0000000711e00000| Untracked 
| 117|0x0000000712000000, 0x0000000712000000, 0x0000000712200000|  0%| F|  |TAMS 0x0000000712000000| PB 0x0000000712000000| Untracked 
| 118|0x0000000712200000, 0x0000000712200000, 0x0000000712400000|  0%| F|  |TAMS 0x0000000712200000| PB 0x0000000712200000| Untracked 
| 119|0x0000000712400000, 0x00000007125e6518, 0x0000000712600000| 94%| E|  |TAMS 0x0000000712400000| PB 0x0000000712400000| Complete 
| 120|0x0000000712600000, 0x0000000712800000, 0x0000000712800000|100%| E|CS|TAMS 0x0000000712600000| PB 0x0000000712600000| Complete 
| 121|0x0000000712800000, 0x0000000712a00000, 0x0000000712a00000|100%| E|CS|TAMS 0x0000000712800000| PB 0x0000000712800000| Complete 
| 122|0x0000000712a00000, 0x0000000712c00000, 0x0000000712c00000|100%| E|CS|TAMS 0x0000000712a00000| PB 0x0000000712a00000| Complete 
| 123|0x0000000712c00000, 0x0000000712e00000, 0x0000000712e00000|100%| E|CS|TAMS 0x0000000712c00000| PB 0x0000000712c00000| Complete 
| 124|0x0000000712e00000, 0x0000000713000000, 0x0000000713000000|100%| E|CS|TAMS 0x0000000712e00000| PB 0x0000000712e00000| Complete 
| 125|0x0000000713000000, 0x0000000713200000, 0x0000000713200000|100%| E|CS|TAMS 0x0000000713000000| PB 0x0000000713000000| Complete 
| 126|0x0000000713200000, 0x0000000713400000, 0x0000000713400000|100%| E|CS|TAMS 0x0000000713200000| PB 0x0000000713200000| Complete 

Card table byte_map: [0x0000021e7bf80000,0x0000021e7c770000] _byte_map_base: 0x0000021e78765000

Marking Bits: (CMBitMap*) 0x0000021e7127b600
 Bits: [0x0000021e0f000000, 0x0000021e12f28000)

Polling page: 0x0000021e70f60000

Metaspace:

Usage:
  Non-class:      6.75 MB used.
      Class:    419.05 KB used.
       Both:      7.16 MB used.

Virtual space:
  Non-class space:       64.00 MB reserved,       6.81 MB ( 11%) committed,  1 nodes.
      Class space:        1.00 GB reserved,     512.00 KB ( <1%) committed,  1 nodes.
             Both:        1.06 GB reserved,       7.31 MB ( <1%) committed. 

Chunk freelists:
   Non-Class:  3.75 MB
       Class:  3.53 MB
        Both:  7.28 MB

MaxMetaspaceSize: unlimited
CompressedClassSpaceSize: 1.00 GB
Initial GC threshold: 21.00 MB
Current GC threshold: 21.00 MB
CDS: on
MetaspaceReclaimPolicy: balanced
 - commit_granule_bytes: 65536.
 - commit_granule_words: 8192.
 - virtual_space_node_default_size: 8388608.
 - enlarge_chunks_in_place: 1.
 - new_chunks_are_fully_committed: 0.
 - uncommit_free_chunks: 1.
 - use_allocation_guard: 0.


Internal statistics:

num_allocs_failed_limit: 0.
num_arena_births: 98.
num_arena_deaths: 0.
num_vsnodes_births: 2.
num_vsnodes_deaths: 0.
num_space_committed: 115.
num_space_uncommitted: 0.
num_chunks_returned_to_freelist: 0.
num_chunks_taken_from_freelist: 282.
num_chunk_merges: 0.
num_chunk_splits: 199.
num_chunks_enlarged: 152.
num_inconsistent_stats: 0.

CodeHeap 'non-profiled nmethods': size=120000Kb used=664Kb max_used=664Kb free=119335Kb
 bounds [0x0000021e07ad0000, 0x0000021e07d40000, 0x0000021e0f000000]
CodeHeap 'profiled nmethods': size=120000Kb used=1924Kb max_used=1924Kb free=118076Kb
 bounds [0x0000021e00000000, 0x0000021e00270000, 0x0000021e07530000]
CodeHeap 'non-nmethods': size=5760Kb used=2564Kb max_used=2604Kb free=3195Kb
 bounds [0x0000021e07530000, 0x0000021e077d0000, 0x0000021e07ad0000]
 total_blobs=2580 nmethods=1404 adapters=1087
 compilation: enabled
              stopped_count=0, restarted_count=0
 full_count=0

Compilation events (20 events):
Event: 14.651 Thread 0x0000021e7fc6d270 1397   !   4       org.lwjgl.opengl.GL20C::glGetUniformLocation (48 bytes)
Event: 14.658 Thread 0x0000021e7fc6d270 nmethod 1397 0x0000021e07b6c510 code [0x0000021e07b6c700, 0x0000021e07b6cde0]
Event: 17.180 Thread 0x0000021e7fc6d270 1398       4       com.bedrye.Objects.Object3D$$Lambda$90/0x0000021e140341e8::accept (8 bytes)
Event: 17.183 Thread 0x0000021e7fc6d270 nmethod 1398 0x0000021e07b6d590 code [0x0000021e07b6d7c0, 0x0000021e07b6db00]
Event: 21.344 Thread 0x0000021e7fc6d270 1399       4       org.joml.MemUtil$MemUtilUnsafe::put (60 bytes)
Event: 21.347 Thread 0x0000021e7fc6d270 nmethod 1399 0x0000021e07b6e090 code [0x0000021e07b6e200, 0x0000021e07b6e2f8]
Event: 21.804 Thread 0x0000021e7fc6d270 1400       4       com.bedrye.bjge.GameEngine.Util.Shaders.ShaderProgram::UploadMatrix (31 bytes)
Event: 21.823 Thread 0x0000021e7fc6d270 nmethod 1400 0x0000021e07b6e410 code [0x0000021e07b6e620, 0x0000021e07b6eff0]
Event: 21.823 Thread 0x0000021e7fc6d270 1401       4       com.bedrye.Objects.Object3D::update (29 bytes)
Event: 21.836 Thread 0x0000021e7fc6d270 nmethod 1401 0x0000021e07b6fc10 code [0x0000021e07b6ff20, 0x0000021e07b70e58]
Event: 41.899 Thread 0x0000021e7fc6d270 1402       4       org.lwjgl.glfw.GLFW::glfwWindowShouldClose (29 bytes)
Event: 41.901 Thread 0x0000021e7fc6d270 nmethod 1402 0x0000021e07b71f10 code [0x0000021e07b72080, 0x0000021e07b72150]
Event: 42.854 Thread 0x0000021e7fc6d270 1403       4       com.bedrye.Objects.GameScene$$Lambda$89/0x0000021e14033fc8::accept (8 bytes)
Event: 42.855 Thread 0x0000021e7fc6d270 nmethod 1403 0x0000021e07b72290 code [0x0000021e07b72400, 0x0000021e07b724d0]
Event: 42.855 Thread 0x0000021e7fc6d270 1404       4       org.lwjgl.glfw.GLFW::glfwSwapBuffers (21 bytes)
Event: 42.855 Thread 0x0000021e7fc6d270 nmethod 1404 0x0000021e07b72610 code [0x0000021e07b72780, 0x0000021e07b72840]
Event: 49.637 Thread 0x0000021e7fc6d270 1405       4       org.lwjgl.glfw.GLFW::glfwPollEvents (9 bytes)
Event: 49.638 Thread 0x0000021e7fc6d270 nmethod 1405 0x0000021e07b72910 code [0x0000021e07b72a80, 0x0000021e07b72b18]
Event: 49.638 Thread 0x0000021e7fc6d270 1406       4       com.bedrye.Objects.GameScene::update (90 bytes)
Event: 49.685 Thread 0x0000021e7fc6d270 nmethod 1406 0x0000021e07b72c10 code [0x0000021e07b72f80, 0x0000021e07b746d8]

GC Heap History (2 events):
Event: 0.872 GC heap before
{Heap before GC invocations=0 (full 0):
 garbage-first heap   total 260096K, used 20480K [0x0000000703600000, 0x0000000800000000)
  region size 2048K, 11 young (22528K), 0 survivors (0K)
 Metaspace       used 4324K, committed 4544K, reserved 1114112K
  class space    used 307K, committed 448K, reserved 1048576K
}
Event: 0.876 GC heap after
{Heap after GC invocations=1 (full 0):
 garbage-first heap   total 260096K, used 3291K [0x0000000703600000, 0x0000000800000000)
  region size 2048K, 2 young (4096K), 2 survivors (4096K)
 Metaspace       used 4324K, committed 4544K, reserved 1114112K
  class space    used 307K, committed 448K, reserved 1048576K
}

Dll operation events (13 events):
Event: 0.010 Loaded shared library C:\Users\stas2\.jdks\openjdk-20.0.2-1\bin\java.dll
Event: 0.033 Loaded shared library C:\Users\stas2\.jdks\openjdk-20.0.2-1\bin\jsvml.dll
Event: 0.077 Loaded shared library C:\Users\stas2\.jdks\openjdk-20.0.2-1\bin\net.dll
Event: 0.079 Loaded shared library C:\Users\stas2\.jdks\openjdk-20.0.2-1\bin\nio.dll
Event: 0.084 Loaded shared library C:\Users\stas2\.jdks\openjdk-20.0.2-1\bin\zip.dll
Event: 0.226 Loaded shared library C:\Users\stas2\.jdks\openjdk-20.0.2-1\bin\zip.dll
Event: 0.229 Loaded shared library C:\Users\stas2\.jdks\openjdk-20.0.2-1\bin\instrument.dll
Event: 0.263 Loaded shared library C:\IntelliJ IDEA Community Edition 2021.3.2\IntelliJ IDEA Community Edition 2023.2.1\bin\breakgen64.dll
Event: 0.327 Loaded shared library C:\Users\stas2\.jdks\openjdk-20.0.2-1\bin\jimage.dll
Event: 0.355 Loaded shared library C:\Users\stas2\AppData\Local\Temp\lwjgl_stas2\3.3.4+7\x64\lwjgl.dll
Event: 0.795 Loaded shared library C:\Users\stas2\AppData\Local\Temp\lwjgl_stas2\3.3.4+7\x64\lwjgl_opengl.dll
Event: 0.855 Loaded shared library C:\Users\stas2\.jdks\openjdk-20.0.2-1\bin\verify.dll
Event: 0.951 Loaded shared library C:\Users\stas2\AppData\Local\Temp\lwjgl_stas2\3.3.4+7\x64\lwjgl_stb.dll

Deoptimization events (20 events):
Event: 0.904 Thread 0x0000021e7120bd00 Uncommon trap: trap_request=0xffffffde fr.pc=0x0000021e07b33e50 relative=0x0000000000000290
Event: 0.904 Thread 0x0000021e7120bd00 Uncommon trap: reason=class_check action=maybe_recompile pc=0x0000021e07b33e50 method=java.util.regex.Pattern$BmpCharPropertyGreedy.match(Ljava/util/regex/Matcher;ILjava/lang/CharSequence;)Z @ 26 c2
Event: 0.904 Thread 0x0000021e7120bd00 DEOPT PACKING pc=0x0000021e07b33e50 sp=0x000000afeeafe9e0
Event: 0.904 Thread 0x0000021e7120bd00 DEOPT UNPACKING pc=0x0000021e0754d2a2 sp=0x000000afeeafe998 mode 2
Event: 0.904 Thread 0x0000021e7120bd00 Uncommon trap: trap_request=0xffffffde fr.pc=0x0000021e07b33e50 relative=0x0000000000000290
Event: 0.904 Thread 0x0000021e7120bd00 Uncommon trap: reason=class_check action=maybe_recompile pc=0x0000021e07b33e50 method=java.util.regex.Pattern$BmpCharPropertyGreedy.match(Ljava/util/regex/Matcher;ILjava/lang/CharSequence;)Z @ 26 c2
Event: 0.904 Thread 0x0000021e7120bd00 DEOPT PACKING pc=0x0000021e07b33e50 sp=0x000000afeeafe9e0
Event: 0.904 Thread 0x0000021e7120bd00 DEOPT UNPACKING pc=0x0000021e0754d2a2 sp=0x000000afeeafe998 mode 2
Event: 1.054 Thread 0x0000021e7120bd00 Uncommon trap: trap_request=0xffffff54 fr.pc=0x0000021e07b30d6c relative=0x000000000000006c
Event: 1.054 Thread 0x0000021e7120bd00 Uncommon trap: reason=speculate_null_assert action=make_not_entrant pc=0x0000021e07b30d6c method=sun.misc.Unsafe.getLong(Ljava/lang/Object;J)J @ 5 c2
Event: 1.054 Thread 0x0000021e7120bd00 DEOPT PACKING pc=0x0000021e07b30d6c sp=0x000000afeeaff050
Event: 1.054 Thread 0x0000021e7120bd00 DEOPT UNPACKING pc=0x0000021e0754d2a2 sp=0x000000afeeafefd8 mode 2
Event: 1.062 Thread 0x0000021e7fc65120 Uncommon trap: trap_request=0xffffff45 fr.pc=0x0000021e07b33d3c relative=0x000000000000017c
Event: 1.062 Thread 0x0000021e7fc65120 Uncommon trap: reason=unstable_if action=reinterpret pc=0x0000021e07b33d3c method=java.util.regex.Pattern$BmpCharPropertyGreedy.match(Ljava/util/regex/Matcher;ILjava/lang/CharSequence;)Z @ 12 c2
Event: 1.062 Thread 0x0000021e7fc65120 DEOPT PACKING pc=0x0000021e07b33d3c sp=0x000000afef4fe610
Event: 1.062 Thread 0x0000021e7fc65120 DEOPT UNPACKING pc=0x0000021e0754d2a2 sp=0x000000afef4fe5a8 mode 2
Event: 1.063 Thread 0x0000021e7fc65120 Uncommon trap: trap_request=0xffffff45 fr.pc=0x0000021e07ae0014 relative=0x0000000000000114
Event: 1.063 Thread 0x0000021e7fc65120 Uncommon trap: reason=unstable_if action=reinterpret pc=0x0000021e07ae0014 method=java.lang.StringLatin1.lastIndexOf([BI[BII)I @ 86 c2
Event: 1.063 Thread 0x0000021e7fc65120 DEOPT PACKING pc=0x0000021e07ae0014 sp=0x000000afef4fe2d0
Event: 1.063 Thread 0x0000021e7fc65120 DEOPT UNPACKING pc=0x0000021e0754d2a2 sp=0x000000afef4fe228 mode 2

Classes loaded (20 events):
Event: 1.064 Loading class java/time/zone/TzdbZoneRulesProvider
Event: 1.064 Loading class java/time/zone/TzdbZoneRulesProvider done
Event: 1.068 Loading class java/time/zone/Ser
Event: 1.068 Loading class java/time/zone/Ser done
Event: 1.069 Loading class java/time/Month
Event: 1.069 Loading class java/time/Month done
Event: 1.070 Loading class java/time/DayOfWeek
Event: 1.070 Loading class java/time/DayOfWeek done
Event: 1.070 Loading class java/time/zone/ZoneOffsetTransitionRule$TimeDefinition
Event: 1.070 Loading class java/time/zone/ZoneOffsetTransitionRule$TimeDefinition done
Event: 1.071 Loading class java/time/zone/ZoneOffsetTransition
Event: 1.071 Loading class java/time/zone/ZoneOffsetTransition done
Event: 1.072 Loading class sun/util/cldr/CLDRBaseLocaleDataMetaInfo$TZCanonicalIDMapHolder
Event: 1.073 Loading class sun/util/cldr/CLDRBaseLocaleDataMetaInfo$TZCanonicalIDMapHolder done
Event: 1.075 Loading class sun/util/resources/TimeZoneNames
Event: 1.076 Loading class sun/util/resources/TimeZoneNames done
Event: 1.076 Loading class sun/util/resources/TimeZoneNames_en
Event: 1.076 Loading class sun/util/resources/TimeZoneNames_en done
Event: 53.137 Loading class jdk/internal/misc/Signal$1
Event: 53.137 Loading class jdk/internal/misc/Signal$1 done

Classes unloaded (0 events):
No events

Classes redefined (0 events):
No events

Internal exceptions (20 events):
Event: 0.462 Thread 0x0000021e7120bd00 Exception <a 'sun/nio/fs/WindowsException'{0x00000007121a2cb8}> (0x00000007121a2cb8) 
thrown [s\open\src\hotspot\share\prims\jni.cpp, line 519]
Event: 0.465 Thread 0x0000021e7120bd00 Exception <a 'sun/nio/fs/WindowsException'{0x00000007121b91a8}> (0x00000007121b91a8) 
thrown [s\open\src\hotspot\share\prims\jni.cpp, line 519]
Event: 0.467 Thread 0x0000021e7120bd00 Exception <a 'java/lang/NoSuchMethodError'{0x00000007121bdec0}: 'int java.lang.invoke.Invokers$Holder.invokeExact_MT(java.lang.Object, java.lang.Object)'> (0x00000007121bdec0) 
thrown [s\open\src\hotspot\share\interpreter\linkResolver.cpp, line 773]
Event: 0.785 Thread 0x0000021e7120bd00 Exception <a 'java/lang/NoSuchMethodError'{0x0000000711e6d128}: 'void java.lang.System.load(java.lang.String, java.lang.Class)'> (0x0000000711e6d128) 
thrown [s\open\src\hotspot\share\interpreter\linkResolver.cpp, line 773]
Event: 0.786 Thread 0x0000021e7120bd00 Exception <a 'java/lang/NoSuchMethodError'{0x0000000711e6ff10}: 'void java.lang.System.loadLibrary(java.lang.String, java.lang.Class)'> (0x0000000711e6ff10) 
thrown [s\open\src\hotspot\share\interpreter\linkResolver.cpp, line 773]
Event: 0.788 Thread 0x0000021e7120bd00 Exception <a 'sun/nio/fs/WindowsException'{0x0000000711e73350}> (0x0000000711e73350) 
thrown [s\open\src\hotspot\share\prims\jni.cpp, line 519]
Event: 0.793 Thread 0x0000021e7120bd00 Exception <a 'sun/nio/fs/WindowsException'{0x0000000711e7cb18}> (0x0000000711e7cb18) 
thrown [s\open\src\hotspot\share\prims\jni.cpp, line 519]
Event: 0.793 Thread 0x0000021e7120bd00 Exception <a 'sun/nio/fs/WindowsException'{0x0000000711e7ceb8}> (0x0000000711e7ceb8) 
thrown [s\open\src\hotspot\share\prims\jni.cpp, line 519]
Event: 0.796 Thread 0x0000021e7120bd00 Exception <a 'sun/nio/fs/WindowsException'{0x0000000711e83630}> (0x0000000711e83630) 
thrown [s\open\src\hotspot\share\prims\jni.cpp, line 519]
Event: 0.798 Thread 0x0000021e7120bd00 Exception <a 'sun/nio/fs/WindowsException'{0x0000000711e8a968}> (0x0000000711e8a968) 
thrown [s\open\src\hotspot\share\prims\jni.cpp, line 519]
Event: 0.799 Thread 0x0000021e7120bd00 Exception <a 'sun/nio/fs/WindowsException'{0x0000000711e8bfc8}> (0x0000000711e8bfc8) 
thrown [s\open\src\hotspot\share\prims\jni.cpp, line 519]
Event: 0.799 Thread 0x0000021e7120bd00 Exception <a 'sun/nio/fs/WindowsException'{0x0000000711e8c298}> (0x0000000711e8c298) 
thrown [s\open\src\hotspot\share\prims\jni.cpp, line 519]
Event: 0.943 Thread 0x0000021e7120bd00 Exception <a 'java/lang/NoSuchMethodError'{0x0000000713028110}: 'void java.lang.System.load(java.lang.String, java.lang.Class)'> (0x0000000713028110) 
thrown [s\open\src\hotspot\share\interpreter\linkResolver.cpp, line 773]
Event: 0.944 Thread 0x0000021e7120bd00 Exception <a 'java/lang/NoSuchMethodError'{0x000000071302af58}: 'void java.lang.System.loadLibrary(java.lang.String, java.lang.Class)'> (0x000000071302af58) 
thrown [s\open\src\hotspot\share\interpreter\linkResolver.cpp, line 773]
Event: 0.944 Thread 0x0000021e7120bd00 Exception <a 'sun/nio/fs/WindowsException'{0x000000071302dff8}> (0x000000071302dff8) 
thrown [s\open\src\hotspot\share\prims\jni.cpp, line 519]
Event: 0.949 Thread 0x0000021e7120bd00 Exception <a 'sun/nio/fs/WindowsException'{0x000000071303a228}> (0x000000071303a228) 
thrown [s\open\src\hotspot\share\prims\jni.cpp, line 519]
Event: 0.950 Thread 0x0000021e7120bd00 Exception <a 'sun/nio/fs/WindowsException'{0x000000071303a5a8}> (0x000000071303a5a8) 
thrown [s\open\src\hotspot\share\prims\jni.cpp, line 519]
Event: 0.952 Thread 0x0000021e7120bd00 Exception <a 'sun/nio/fs/WindowsException'{0x000000071303c950}> (0x000000071303c950) 
thrown [s\open\src\hotspot\share\prims\jni.cpp, line 519]
Event: 1.068 Thread 0x0000021e7fc65120 Exception <a 'sun/nio/fs/WindowsException'{0x0000000712f79b38}> (0x0000000712f79b38) 
thrown [s\open\src\hotspot\share\prims\jni.cpp, line 519]
Event: 1.079 Thread 0x0000021e7fc65120 Exception <a 'java/lang/NoSuchMethodError'{0x0000000712c04d30}: 'java.lang.Object java.lang.invoke.Invokers$Holder.invokeExact_MT(java.lang.Object, java.lang.Object, java.lang.Object, java.lang.Object, java.lang.Object, java.lang.Object)'> (0x0000000712c04d30) 
thrown [s\open\src\hotspot\share\interpreter\linkResolver.cpp, line 773]

VM Operations (20 events):
Event: 0.347 Executing VM operation: HandshakeAllThreads done
Event: 0.872 Executing VM operation: G1CollectForAllocation
Event: 0.876 Executing VM operation: G1CollectForAllocation done
Event: 0.883 Executing VM operation: HandshakeAllThreads
Event: 0.884 Executing VM operation: HandshakeAllThreads done
Event: 0.899 Executing VM operation: HandshakeAllThreads
Event: 0.899 Executing VM operation: HandshakeAllThreads done
Event: 1.048 Executing VM operation: HandshakeAllThreads
Event: 1.049 Executing VM operation: HandshakeAllThreads done
Event: 2.060 Executing VM operation: Cleanup
Event: 2.060 Executing VM operation: Cleanup done
Event: 5.076 Executing VM operation: Cleanup
Event: 5.077 Executing VM operation: Cleanup done
Event: 10.094 Executing VM operation: Cleanup
Event: 10.094 Executing VM operation: Cleanup done
Event: 12.109 Executing VM operation: Cleanup
Event: 12.109 Executing VM operation: Cleanup done
Event: 22.197 Executing VM operation: Cleanup
Event: 22.197 Executing VM operation: Cleanup done
Event: 53.138 Executing VM operation: Exit

Events (20 events):
Event: 0.043 Thread 0x0000021e7fc65120 Thread added: 0x0000021e7fc65120
Event: 0.043 Thread 0x0000021e7fc65b50 Thread added: 0x0000021e7fc65b50
Event: 0.043 Thread 0x0000021e7fc674a0 Thread added: 0x0000021e7fc674a0
Event: 0.043 Thread 0x0000021e7fc6d270 Thread added: 0x0000021e7fc6d270
Event: 0.043 Thread 0x0000021e7fc709f0 Thread added: 0x0000021e7fc709f0
Event: 0.072 Thread 0x0000021e581f7070 Thread added: 0x0000021e581f7070
Event: 0.111 Thread 0x0000021e7fc6dd70 Thread added: 0x0000021e7fc6dd70
Event: 0.139 Thread 0x0000021e7fc6e300 Thread added: 0x0000021e7fc6e300
Event: 0.264 Thread 0x0000021e584bc650 Thread added: 0x0000021e584bc650
Event: 0.264 Thread 0x0000021e58388610 Thread added: 0x0000021e58388610
Event: 0.667 Thread 0x0000021e7fc6e300 Thread exited: 0x0000021e7fc6e300
Event: 0.669 Thread 0x0000021e7fc6dd70 Thread exited: 0x0000021e7fc6dd70
Event: 0.805 Thread 0x0000021e7fc6dd70 Thread added: 0x0000021e7fc6dd70
Event: 1.070 Thread 0x0000021e7fc6e890 Thread added: 0x0000021e7fc6e890
Event: 1.210 Thread 0x0000021e7fc6e890 Thread exited: 0x0000021e7fc6e890
Event: 1.210 Thread 0x0000021e7fc6dd70 Thread exited: 0x0000021e7fc6dd70
Event: 2.103 Thread 0x0000021e7fc70f80 Thread added: 0x0000021e7fc70f80
Event: 2.509 Thread 0x0000021e7fc70f80 Thread exited: 0x0000021e7fc70f80
Event: 53.138 Thread 0x0000021e95b6e810 Thread added: 0x0000021e95b6e810
Event: 53.138 Thread 0x0000021e7fc625e0 Thread exited: 0x0000021e7fc625e0


Dynamic libraries:
0x00007ff6a1460000 - 0x00007ff6a146e000 	C:\Users\stas2\.jdks\openjdk-20.0.2-1\bin\java.exe
0x00007ffdb1530000 - 0x00007ffdb1747000 	C:\Windows\SYSTEM32\ntdll.dll
0x00007ffdaf4d0000 - 0x00007ffdaf594000 	C:\Windows\System32\KERNEL32.DLL
0x00007ffdaeda0000 - 0x00007ffdaf171000 	C:\Windows\System32\KERNELBASE.dll
0x00007ffdae670000 - 0x00007ffdae781000 	C:\Windows\System32\ucrtbase.dll
0x00007ffd96d90000 - 0x00007ffd96da7000 	C:\Users\stas2\.jdks\openjdk-20.0.2-1\bin\jli.dll
0x00007ffd97ef0000 - 0x00007ffd97f0b000 	C:\Users\stas2\.jdks\openjdk-20.0.2-1\bin\VCRUNTIME140.dll
0x00007ffdaf830000 - 0x00007ffdaf9e1000 	C:\Windows\System32\USER32.dll
0x00007ffdae860000 - 0x00007ffdae886000 	C:\Windows\System32\win32u.dll
0x00007ffdaf200000 - 0x00007ffdaf229000 	C:\Windows\System32\GDI32.dll
0x00007ffd8c1d0000 - 0x00007ffd8c462000 	C:\Windows\WinSxS\amd64_microsoft.windows.common-controls_6595b64144ccf1df_6.0.22621.4830_none_270fe7d773858e80\COMCTL32.dll
0x00007ffdae9d0000 - 0x00007ffdaeaeb000 	C:\Windows\System32\gdi32full.dll
0x00007ffdae7c0000 - 0x00007ffdae85a000 	C:\Windows\System32\msvcp_win.dll
0x00007ffdb0490000 - 0x00007ffdb0537000 	C:\Windows\System32\msvcrt.dll
0x00007ffdafd30000 - 0x00007ffdafd61000 	C:\Windows\System32\IMM32.DLL
0x00007ffd96d80000 - 0x00007ffd96d8c000 	C:\Users\stas2\.jdks\openjdk-20.0.2-1\bin\vcruntime140_1.dll
0x00007ffd7d3b0000 - 0x00007ffd7d43e000 	C:\Users\stas2\.jdks\openjdk-20.0.2-1\bin\msvcp140.dll
0x00007ffca2760000 - 0x00007ffca33f8000 	C:\Users\stas2\.jdks\openjdk-20.0.2-1\bin\server\jvm.dll
0x00007ffdb0af0000 - 0x00007ffdb0ba1000 	C:\Windows\System32\ADVAPI32.dll
0x00007ffdb09e0000 - 0x00007ffdb0a87000 	C:\Windows\System32\sechost.dll
0x00007ffdae790000 - 0x00007ffdae7b8000 	C:\Windows\System32\bcrypt.dll
0x00007ffdb0200000 - 0x00007ffdb0314000 	C:\Windows\System32\RPCRT4.dll
0x00007ffd68240000 - 0x00007ffd68249000 	C:\Windows\SYSTEM32\WSOCK32.dll
0x00007ffda59d0000 - 0x00007ffda5a04000 	C:\Windows\SYSTEM32\WINMM.dll
0x00007ffda7c70000 - 0x00007ffda7c7a000 	C:\Windows\SYSTEM32\VERSION.dll
0x00007ffdaf230000 - 0x00007ffdaf2a1000 	C:\Windows\System32\WS2_32.dll
0x00007ffdad7b0000 - 0x00007ffdad7c8000 	C:\Windows\SYSTEM32\kernel.appcore.dll
0x00007ffd96680000 - 0x00007ffd9668a000 	C:\Users\stas2\.jdks\openjdk-20.0.2-1\bin\jimage.dll
0x00007ffdac100000 - 0x00007ffdac332000 	C:\Windows\SYSTEM32\DBGHELP.DLL
0x00007ffdb0650000 - 0x00007ffdb09e0000 	C:\Windows\System32\combase.dll
0x00007ffdb03a0000 - 0x00007ffdb0477000 	C:\Windows\System32\OLEAUT32.dll
0x00007ffd94c50000 - 0x00007ffd94c82000 	C:\Windows\SYSTEM32\dbgcore.DLL
0x00007ffdaf180000 - 0x00007ffdaf1fb000 	C:\Windows\System32\bcryptPrimitives.dll
0x00007ffda88b0000 - 0x00007ffda88be000 	C:\Users\stas2\.jdks\openjdk-20.0.2-1\bin\instrument.dll
0x00007ffd7e200000 - 0x00007ffd7e226000 	C:\Users\stas2\.jdks\openjdk-20.0.2-1\bin\java.dll
0x00007ffd7bd20000 - 0x00007ffd7bdf7000 	C:\Users\stas2\.jdks\openjdk-20.0.2-1\bin\jsvml.dll
0x00007ffdb0bd0000 - 0x00007ffdb1458000 	C:\Windows\System32\SHELL32.dll
0x00007ffdae890000 - 0x00007ffdae9cf000 	C:\Windows\System32\wintypes.dll
0x00007ffdac590000 - 0x00007ffdace9d000 	C:\Windows\SYSTEM32\windows.storage.dll
0x00007ffdaf9f0000 - 0x00007ffdafafa000 	C:\Windows\System32\SHCORE.dll
0x00007ffdb0a90000 - 0x00007ffdb0aee000 	C:\Windows\System32\shlwapi.dll
0x00007ffdae5a0000 - 0x00007ffdae5cb000 	C:\Windows\SYSTEM32\profapi.dll
0x00007ffd8a2e0000 - 0x00007ffd8a2f3000 	C:\Users\stas2\.jdks\openjdk-20.0.2-1\bin\net.dll
0x00007ffda7a70000 - 0x00007ffda7b9c000 	C:\Windows\SYSTEM32\WINHTTP.dll
0x00007ffdadc20000 - 0x00007ffdadc8a000 	C:\Windows\system32\mswsock.dll
0x00007ffd7e1e0000 - 0x00007ffd7e1f6000 	C:\Users\stas2\.jdks\openjdk-20.0.2-1\bin\nio.dll
0x00007ffd7e1c0000 - 0x00007ffd7e1d8000 	C:\Users\stas2\.jdks\openjdk-20.0.2-1\bin\zip.dll
0x00007ffda5410000 - 0x00007ffda542a000 	C:\IntelliJ IDEA Community Edition 2021.3.2\IntelliJ IDEA Community Edition 2023.2.1\bin\breakgen64.dll
0x00007ffd7e790000 - 0x00007ffd7e80b000 	C:\Users\stas2\AppData\Local\Temp\lwjgl_stas2\3.3.4+7\x64\lwjgl.dll
0x00007ffd7d890000 - 0x00007ffd7d915000 	C:\Users\stas2\AppData\Local\Temp\lwjgl_stas2\3.3.4+7\x64\glfw.dll
0x00007ffd8b030000 - 0x00007ffd8b076000 	C:\Windows\SYSTEM32\dinput8.dll
0x00007ffd98380000 - 0x00007ffd98391000 	C:\Windows\SYSTEM32\xinput1_4.dll
0x00007ffdae330000 - 0x00007ffdae35c000 	C:\Windows\SYSTEM32\DEVOBJ.dll
0x00007ffdae360000 - 0x00007ffdae3ae000 	C:\Windows\SYSTEM32\cfgmgr32.dll
0x00007ffda91d0000 - 0x00007ffda91fb000 	C:\Windows\SYSTEM32\dwmapi.dll
0x00007ffd81fe0000 - 0x00007ffd821f4000 	C:\Windows\SYSTEM32\inputhost.dll
0x00007ffda7780000 - 0x00007ffda78b5000 	C:\Windows\SYSTEM32\CoreMessaging.dll
0x00007ffda8f70000 - 0x00007ffda9023000 	C:\Windows\system32\uxtheme.dll
0x00007ffdade90000 - 0x00007ffdade9c000 	C:\Windows\SYSTEM32\CRYPTBASE.DLL
0x00007ffdaf6d0000 - 0x00007ffdaf82d000 	C:\Windows\System32\MSCTF.dll
0x00007ffd8bda0000 - 0x00007ffd8bea0000 	C:\Windows\SYSTEM32\opengl32.dll
0x00007ffd96a30000 - 0x00007ffd96a5d000 	C:\Windows\SYSTEM32\GLU32.dll
0x00007ffdab8f0000 - 0x00007ffdab927000 	C:\Windows\SYSTEM32\dxcore.dll
0x00007ffda4b90000 - 0x00007ffda4bd9000 	C:\Windows\SYSTEM32\directxdatabasehelper.dll
0x00007ffdaf5d0000 - 0x00007ffdaf680000 	C:\Windows\System32\clbcatq.dll
0x00007ffda4340000 - 0x00007ffda4484000 	C:\Windows\System32\AppXDeploymentClient.dll
0x00007ffd945b0000 - 0x00007ffd946ac000 	C:\Windows\System32\Windows.ApplicationModel.dll
0x00007ffdaf2b0000 - 0x00007ffdaf451000 	C:\Windows\System32\ole32.dll
0x00007ffda85f0000 - 0x00007ffda86f6000 	C:\Windows\system32\propsys.dll
0x00007ffda8b70000 - 0x00007ffda8c07000 	C:\Windows\SYSTEM32\apphelp.dll
0x00007ffd8c1a0000 - 0x00007ffd8c1ba000 	C:\Windows\system32\NetworkExplorer.dll
0x00007ffd5a610000 - 0x00007ffd5a636000 	C:\Windows\system32\mssprxy.dll
0x00007ffd03fd0000 - 0x00007ffd04fc3000 	C:\Windows\System32\DriverStore\FileRepository\iigd_dch.inf_amd64_5802b1615520e41c\igxelpicd64.dll
0x00007ffda90b0000 - 0x00007ffda91a7000 	C:\Windows\system32\dxgi.dll
0x00007ffd03ce0000 - 0x00007ffd03fc7000 	C:\Windows\System32\DriverStore\FileRepository\iigd_dch.inf_amd64_5802b1615520e41c\igdml64.dll
0x00007ffd9cc50000 - 0x00007ffd9d017000 	C:\Windows\System32\DriverStore\FileRepository\iigd_dch.inf_amd64_5802b1615520e41c\igdgmm64.dll
0x00007ffd99630000 - 0x00007ffd9cc41000 	C:\Windows\System32\DriverStore\FileRepository\iigd_dch.inf_amd64_5802b1615520e41c\igc64.dll
0x00007ffdad500000 - 0x00007ffdad54d000 	C:\Windows\SYSTEM32\powrprof.dll
0x00007ffdad4e0000 - 0x00007ffdad4f3000 	C:\Windows\SYSTEM32\UMPDC.dll
0x00007ffd95b40000 - 0x00007ffd95c83000 	C:\Windows\SYSTEM32\textinputframework.dll
0x00007ffd9fe00000 - 0x00007ffda016c000 	C:\Windows\SYSTEM32\CoreUIComponents.dll
0x00007ffd7e6d0000 - 0x00007ffd7e731000 	C:\Users\stas2\AppData\Local\Temp\lwjgl_stas2\3.3.4+7\x64\lwjgl_opengl.dll
0x00007ffd89710000 - 0x00007ffd89720000 	C:\Users\stas2\.jdks\openjdk-20.0.2-1\bin\verify.dll
0x00007ffd7d7f0000 - 0x00007ffd7d890000 	C:\Users\stas2\AppData\Local\Temp\lwjgl_stas2\3.3.4+7\x64\lwjgl_stb.dll

dbghelp: loaded successfully - version: 4.0.5 - missing functions: none
symbol engine: initialized successfully - sym options: 0x614 - pdb path: .;C:\Users\stas2\.jdks\openjdk-20.0.2-1\bin;C:\Windows\SYSTEM32;C:\Windows\WinSxS\amd64_microsoft.windows.common-controls_6595b64144ccf1df_6.0.22621.4830_none_270fe7d773858e80;C:\Users\stas2\.jdks\openjdk-20.0.2-1\bin\server;C:\IntelliJ IDEA Community Edition 2021.3.2\IntelliJ IDEA Community Edition 2023.2.1\bin;C:\Users\stas2\AppData\Local\Temp\lwjgl_stas2\3.3.4+7\x64;C:\Windows\System32\DriverStore\FileRepository\iigd_dch.inf_amd64_5802b1615520e41c

VM Arguments:
jvm_args: -javaagent:C:\IntelliJ IDEA Community Edition 2021.3.2\IntelliJ IDEA Community Edition 2023.2.1\lib\idea_rt.jar=61237:C:\IntelliJ IDEA Community Edition 2021.3.2\IntelliJ IDEA Community Edition 2023.2.1\bin -Dfile.encoding=windows-1252 -Dsun.stdout.encoding=windows-1252 -Dsun.stderr.encoding=windows-1252 --module-path=C:\Users\stas2\.m2\repository\com\fasterxml\jackson\core\jackson-annotations\2.12.1\jackson-annotations-2.12.1.jar;C:\Users\stas2\.m2\repository\org\joml\joml\1.10.7\joml-1.10.7.jar;C:\Users\stas2\.m2\repository\com\fasterxml\jackson\core\jackson-databind\2.12.1\jackson-databind-2.12.1.jar;C:\Users\stas2\.m2\repository\com\gluonhq\attach\storage\4.0.13\storage-4.0.13.jar;C:\Users\stas2\.m2\repository\com\github\almasb\fxgl-gameplay\17.2\fxgl-gameplay-17.2.jar;C:\Users\stas2\.m2\repository\com\github\almasb\fxgl-scene\17.2\fxgl-scene-17.2.jar;C:\Users\stas2\.m2\repository\org\jetbrains\kotlin\kotlin-stdlib\1.6.0\kotlin-stdlib-1.6.0-modular.jar;C:\Users\stas2\.m2\repository\com\fasterxml\jackson\core\jackson-core\2.12.1\jackson-core-2.12.1.jar;C:\Users\stas2\.m2\repository\com\github\almasb\fxgl-entity\17.2\fxgl-entity-17.2.jar;C:\Users\stas2\.m2\repository\com\gluonhq\attach\util\4.0.13\util-4.0.13.jar;C:\Users\stas2\.m2\repository\org\lwjgl\lwjgl\3.3.4\lwjgl-3.3.4.jar;C:\Users\stas2\.m2\repository\org\openjfx\javafx-fxml\20.0.1\javafx-fxml-20.0.1-win.jar;C:\Users\stas2\.m2\repository\com\github\almasb\fxgl-io\17.2\fxgl-io-17.2.jar;C:\Users\stas2\.m2\repository\org\openjfx\javafx-controls\20.0.1\javafx-controls-20.0.1-win.jar;C:\Users\stas2\.m2\repository\com\gluonhq\attach\audio\4.0.13\audio-4.0.13.jar;C:\Users\stas2\.m2\repository\org\lwjgl\lwjgl-opengl\3.3.4\lwjgl-opengl-3.3.4.jar;O:\GIt\MultiplayerShooter\target\classes;C:\Users\stas2\.m2\repository\org\lwjgl\lwjgl-glfw\3.3.4\lwjgl-glfw-3.3.4.jar;C:\Users\stas2\.m2\repository\org\lwjgl\lwjgl-vulkan\3.3.4\lwjgl-vulkan-3.3.4.jar;C:\Users\stas2\.m2\repository\com\github\almasb\fxgl\17.2\fxgl-17.2.jar;C:\Users\stas2\.m2\repository\org\openjfx\javafx-media\20.0.1\javafx-media-20.0.1-win.jar;C:\Users\stas2\.m2\repository\com\gluonhq\attach\lifecycle\4.0.13\lifecycle-4.0.13.jar;C:\Users\stas2\.m2\repository\org\joml\joml-primitives\1.10.0\joml-primitives-1.10.0.jar;C:\Users\stas2\.m2\repository\org\openjf-Djdk.module.main=com.bedrye.multiplayershooter 
java_command: com.bedrye.multiplayershooter/com.bedrye.bjge.GameEngine.TestMain
java_class_path (initial): C:\Users\stas2\.m2\repository\org\openjfx\javafx-controls\20.0.1\javafx-controls-20.0.1.jar;C:\Users\stas2\.m2\repository\org\openjfx\javafx-graphics\20.0.1\javafx-graphics-20.0.1.jar;C:\Users\stas2\.m2\repository\org\openjfx\javafx-base\20.0.1\javafx-base-20.0.1.jar;C:\Users\stas2\.m2\repository\org\openjfx\javafx-fxml\20.0.1\javafx-fxml-20.0.1.jar;C:\Users\stas2\.m2\repository\org\openjfx\javafx-media\20.0.1\javafx-media-20.0.1.jar;C:\Users\stas2\.m2\repository\org\jetbrains\annotations\13.0\annotations-13.0.jar;C:\Users\stas2\.m2\repository\org\jetbrains\kotlin\kotlin-stdlib-common\1.6.0\kotlin-stdlib-common-1.6.0.jar;C:\Users\stas2\.m2\repository\org\lwjgl\lwjgl-assimp\3.3.4\lwjgl-assimp-3.3.4.jar;C:\Users\stas2\.m2\repository\org\lwjgl\lwjgl-bgfx\3.3.4\lwjgl-bgfx-3.3.4.jar;C:\Users\stas2\.m2\repository\org\lwjgl\lwjgl-nanovg\3.3.4\lwjgl-nanovg-3.3.4.jar;C:\Users\stas2\.m2\repository\org\lwjgl\lwjgl-nuklear\3.3.4\lwjgl-nuklear-3.3.4.jar;C:\Users\stas2\.m2\repository\org\lwjgl\lwjgl-openal\3.3.4\lwjgl-openal-3.3.4.jar;C:\Users\stas2\.m2\repository\org\lwjgl\lwjgl-par\3.3.4\lwjgl-par-3.3.4.jar;C:\Users\stas2\.m2\repository\org\lwjgl\lwjgl\3.3.4\lwjgl-3.3.4-natives-windows.jar;C:\Users\stas2\.m2\repository\org\lwjgl\lwjgl-assimp\3.3.4\lwjgl-assimp-3.3.4-natives-windows.jar;C:\Users\stas2\.m2\repository\org\lwjgl\lwjgl-bgfx\3.3.4\lwjgl-bgfx-3.3.4-natives-windows.jar;C:\Users\stas2\.m2\repository\org\lwjgl\lwjgl-glfw\3.3.4\lwjgl-glfw-3.3.4-natives-windows.jar;C:\Users\stas2\.m2\repository\org\lwjgl\lwjgl-nanovg\3.3.4\lwjgl-nanovg-3.3.4-natives-windows.jar;C:\Users\stas2\.m2\repository\org\lwjgl\lwjgl-nuklear\3.3.4\lwjgl-nuklear-3.3.4-natives-windows.jar;C:\Users\stas2\.m2\repository\org\lwjgl\lwjgl-openal\3.3.4\lwjgl-openal-3.3.4-natives-windows.jar;C:\Users\stas2\.m2\repository\org\lwjgl\lwjgl-opengl\3.3.4\lwjgl-opengl-3.3.4-natives-windows.jar;C:\Users\stas2\.m2\repository\org\lwjgl\lwjgl-par\3.3.4\lwjgl-par-3.3.4-natives-windows.jar;C:\Users\stas2\.m2\repository\org\lwjgl\lwjgl-stb\3.3.4\lwjgl-stb-3.3.4-natives-windows.jar
Launcher Type: SUN_STANDARD

[Global flags]
     intx CICompilerCount                          = 4                                         {product} {ergonomic}
     uint ConcGCThreads                            = 3                                         {product} {ergonomic}
     uint G1ConcRefinementThreads                  = 10                                        {product} {ergonomic}
   size_t G1HeapRegionSize                         = 2097152                                   {product} {ergonomic}
    uintx GCDrainStackTargetSize                   = 64                                        {product} {ergonomic}
   size_t InitialHeapSize                          = 266338304                                 {product} {ergonomic}
   size_t MarkStackSize                            = 4194304                                   {product} {ergonomic}
   size_t MaxHeapSize                              = 4238344192                                {product} {ergonomic}
   size_t MaxNewSize                               = 2541748224                                {product} {ergonomic}
   size_t MinHeapDeltaBytes                        = 2097152                                   {product} {ergonomic}
   size_t MinHeapSize                              = 8388608                                   {product} {ergonomic}
    uintx NonNMethodCodeHeapSize                   = 5839372                                {pd product} {ergonomic}
    uintx NonProfiledCodeHeapSize                  = 122909434                              {pd product} {ergonomic}
    uintx ProfiledCodeHeapSize                     = 122909434                              {pd product} {ergonomic}
    uintx ReservedCodeCacheSize                    = 251658240                              {pd product} {ergonomic}
     bool SegmentedCodeCache                       = true                                      {product} {ergonomic}
   size_t SoftMaxHeapSize                          = 4238344192                             {manageable} {ergonomic}
     bool UseCompressedClassPointers               = true                           {product lp64_product} {ergonomic}
     bool UseCompressedOops                        = true                           {product lp64_product} {ergonomic}
     bool UseG1GC                                  = true                                      {product} {ergonomic}
     bool UseLargePagesIndividualAllocation        = false                                  {pd product} {ergonomic}

Logging:
Log output configuration:
 #0: stdout all=off uptime,level,tags foldmultilines=false
 #1: stderr all=off uptime,level,tags foldmultilines=false

Environment Variables:
JAVA_HOME=C:\Program Files\Java\jdk-11.0.2
PATH=C:\Program Files\NVIDIA GPU Computing Toolkit\CUDA\v12.6\bin;C:\Program Files\NVIDIA GPU Computing Toolkit\CUDA\v12.6\libnvvp;C:\Program Files\Common Files\Oracle\Java\javapath;C:\Windows\system32;C:\Windows;C:\Program Files\Java\jdk-11.0.2\bin;C:\Windows\System32\Wbem;C:\ORacleDatabase\dbhomeXE\bin;C:\Windows\System32\WindowsPowerShell\v1.0\;C:\Windows\System32\OpenSSH\;C:\Program Files (x86)\NVIDIA Corporation\PhysX\Common;C:\Program Files\NVIDIA Corporation\NVIDIA NvDLISR;C:\Program Files\Docker\Docker\resources\bin;C:\Program Files\Git LFS;C:\Program Files\Git\cmd;C:\Program Files (x86)\Windows Kits\10\Windows Performance Toolkit\;C:\Program Files (x86)\Steam\steamapps\common\Counter-Strike Global Offensive\game\bin\win64;C:\Users\stas2\AppData\Local\Programs\Python\Python311;C:\Program Files\dotnet\;C:\Program Files\Microsoft SQL Server\150\Tools\Binn\;C:\Program Files\Microsoft SQL Server\Client SDK\ODBC\170\Tools\Binn\;C:\Program Files\NVIDIA Corporation\Nsight Compute 2024.3.2\;C:\Program Files (x86)\Microsoft SQL Server\160\Tools\Binn\;C:\Program Files\Microsoft SQL Server\160\Tools\Binn\;C:\Program Files\Microsoft SQL Server\160\DTS\Binn\;C:\Program Files (x86)\Microsoft SQL Server\160\DTS\Binn\;C:\Users\stas2\AppData\Local\Microsoft\WindowsApps;C:\Users\stas2\AppData\Local\Programs\Microsoft VS Code\bin;C:\Users\stas2\AppData\Local\GitHubDesktop\bin;C:\Users\stas2\AppData\Local\Programs\Python\Python311;C:\Program Files (x86)\Steam\steamapps\common\Counter-Strike Global Offensive\game\bin\win64;C:\Users\stas2\.dotnet\tools;C:\Users\stas2\AppData\Local\Muse Hub\lib
USERNAME=stas2
OS=Windows_NT
PROCESSOR_IDENTIFIER=Intel64 Family 6 Model 141 Stepping 1, GenuineIntel
TMP=C:\Users\stas2\AppData\Local\Temp
TEMP=C:\Users\stas2\AppData\Local\Temp




---------------  S Y S T E M  ---------------

OS:
 Windows 11 , 64 bit Build 22621 (10.0.22621.4974)
OS uptime: 1 days 17:46 hours
Hyper-V role detected

CPU: total 12 (initial active 12) (6 cores per cpu, 2 threads per core) family 6 model 141 stepping 1 microcode 0x3c, cx8, cmov, fxsr, ht, mmx, 3dnowpref, sse, sse2, sse3, ssse3, sse4.1, sse4.2, popcnt, lzcnt, tsc, tscinvbit, avx, avx2, aes, erms, clmul, bmi1, bmi2, adx, avx512f, avx512dq, avx512cd, avx512bw, avx512vl, sha, fma, vzeroupper, avx512_vpopcntdq, avx512_vpclmulqdq, avx512_vaes, avx512_vnni, clflush, clflushopt, clwb, avx512_vbmi2, avx512_vbmi, hv, rdtscp, rdpid, fsrm, gfni, avx512_bitalg, f16c, cet_ibt, cet_ss, avx512_ifma

Memory: 4k page, system-wide physical 16163M (5808M free)
TotalPageFile size 36643M (AvailPageFile size 14950M)
current process WorkingSet (physical memory assigned to process): 1359M, peak: 1368M
current process commit charge ("private bytes"): 1570M, peak: 1570M

vm_info: OpenJDK 64-Bit Server VM (20.0.2+9-78) for windows-amd64 JRE (20.0.2+9-78), built on 2023-06-14T10:08:48Z by "mach5one" with MS VC++ 17.1 (VS2022)

END.
