#
# A fatal error has been detected by the Java Runtime Environment:
#
#  EXCEPTION_ACCESS_VIOLATION (0xc0000005) at pc=0x00007ffa47de366c, pid=24208, tid=26900
#
# JRE version: OpenJDK Runtime Environment (21.0.1+12) (build 21.0.1+12-29)
# Java VM: OpenJDK 64-Bit Server VM (21.0.1+12-29, mixed mode, sharing, tiered, compressed oops, compressed class ptrs, g1 gc, windows-amd64)
# Problematic frame:
# C  [igxelpicd64.dll+0x13366c]
#
# No core dump will be written. Minidumps are not enabled by default on client versions of Windows
#
# If you would like to submit a bug report, please visit:
#   https://bugreport.java.com/bugreport/crash.jsp
#

---------------  S U M M A R Y ------------

Command Line: -javaagent:C:\IntelliJ IDEA Community Edition 2021.3.2\IntelliJ IDEA Community Edition 2023.2.1\lib\idea_rt.jar=50064:C:\IntelliJ IDEA Community Edition 2021.3.2\IntelliJ IDEA Community Edition 2023.2.1\bin -Dfile.encoding=windows-1252 -Dsun.stdout.encoding=windows-1252 -Dsun.stderr.encoding=windows-1252 --module-path=C:\Users\stas2\.m2\repository\com\fasterxml\jackson\core\jackson-databind\2.17.2\jackson-databind-2.17.2.jar;C:\Users\stas2\.m2\repository\org\joml\joml-primitives\1.10.0\joml-primitives-1.10.0.jar;C:\Users\stas2\.m2\repository\io\github\spair\imgui-java-binding\1.89.0\imgui-java-binding-1.89.0.jar;C:\Users\stas2\.m2\repository\org\lwjgl\lwjgl-stb\3.3.4\lwjgl-stb-3.3.4.jar;C:\Users\stas2\.m2\repository\io\github\spair\imgui-java-lwjgl3\1.89.0\imgui-java-lwjgl3-1.89.0.jar;C:\Users\stas2\.m2\repository\com\fasterxml\jackson\core\jackson-core\2.17.2\jackson-core-2.17.2.jar;C:\Users\stas2\.m2\repository\org\lwjgl\lwjgl\3.3.4\lwjgl-3.3.4.jar;O:\GIt\MultiplayerShooter\target\classes;C:\Users\stas2\.m2\repository\org\lwjgl\lwjgl-vulkan\3.3.4\lwjgl-vulkan-3.3.4.jar;C:\Users\stas2\.m2\repository\org\lwjgl\lwjgl-glfw\3.3.4\lwjgl-glfw-3.3.4.jar;C:\Users\stas2\.m2\repository\org\lwjgl\lwjgl-opengl\3.3.4\lwjgl-opengl-3.3.4.jar;C:\Users\stas2\.m2\repository\org\joml\joml\1.10.7\joml-1.10.7.jar;C:\Users\stas2\.m2\repository\com\fasterxml\jackson\core\jackson-annotations\2.17.2\jackson-annotations-2.17.2.jar;C:\Users\stas2\.m2\repository\org\lwjgl\lwjgl-assimp\3.3.4\lwjgl-assimp-3.3.4.jar -Djdk.module.main=com.bedrye.bjge com.bedrye.bjge/com.bedrye.bjge.TestMain

Host: 11th Gen Intel(R) Core(TM) i5-11400H @ 2.70GHz, 12 cores, 15G,  Windows 11 , 64 bit Build 26100 (10.0.26100.6725)
Time: Thu Oct 16 23:33:35 2025 FLE Summer Time elapsed time: 86.661943 seconds (0d 0h 1m 26s)

---------------  T H R E A D  ---------------

Current thread (0x0000021ba399fbb0):  VMThread "VM Thread"          [id=26900, stack(0x000000b9fd300000,0x000000b9fd400000) (1024K)]

Stack: [0x000000b9fd300000,0x000000b9fd400000],  sp=0x000000b9fd3fe420,  free space=1017k
Native frames: (J=compiled Java code, j=interpreted, Vv=VM code, C=native code)
C  [igxelpicd64.dll+0x13366c]


siginfo: EXCEPTION_ACCESS_VIOLATION (0xc0000005), reading address 0x00000000000356f8


Registers:
RAX=0x0000021bea859618, RBX=0x0000021bea859510, RCX=0x0000000000000000, RDX=0x0000000000000000
RSP=0x000000b9fd3fe420, RBP=0x0000000000000000, RSI=0x0000021bea859ae0, RDI=0x0000021be9a0e3c0
R8 =0x0000000000000014, R9 =0x000000b9fc6f2000, R10=0x0000000000000000, R11=0x0000000000000000
R12=0x0000000000000000, R13=0x0000021bf7028920, R14=0x00000000000adf00, R15=0x0000000000000016
RIP=0x00007ffa47de366c, EFLAGS=0x0000000000010206


Register to memory mapping:

RAX=0x0000021bea859618 points into unknown readable memory: 0x00000000000adf8f | 8f df 0a 00 00 00 00 00
RBX=0x0000021bea859510 points into unknown readable memory: 0x0000021be97b3ac0 | c0 3a 7b e9 1b 02 00 00
RCX=0x0 is null
RDX=0x0 is null
RSP=0x000000b9fd3fe420 points into unknown readable memory: 0x0000021be99e3dd0 | d0 3d 9e e9 1b 02 00 00
RBP=0x0 is null
RSI=0x0000021bea859ae0 points into unknown readable memory: 0x0000021bf7028920 | 20 89 02 f7 1b 02 00 00
RDI=0x0000021be9a0e3c0 points into unknown readable memory: 0x0000021be9a00f00 | 00 0f a0 e9 1b 02 00 00
R8 =0x0000000000000014 is an unknown value
R9 =0x000000b9fc6f2000 points into unknown readable memory: 0x0000000000000000 | 00 00 00 00 00 00 00 00
R10=0x0 is null
R11=0x0 is null
R12=0x0 is null
R13=0x0000021bf7028920 points into unknown readable memory: 0x0000021be97b3ac0 | c0 3a 7b e9 1b 02 00 00
R14=0x00000000000adf00 is an unknown value
R15=0x0000000000000016 is an unknown value

Top of Stack: (sp=0x000000b9fd3fe420)
0x000000b9fd3fe420:   0000021be99e3dd0 036f89a9035e61a9
0x000000b9fd3fe430:   035b9aaa02fe53aa 02bf12ab02eccdaa
0x000000b9fd3fe440:   02b97dab02e266ab 036fedab02f39eab
0x000000b9fd3fe450:   02c01eac022bf4ab 021c4dac034833ac
0x000000b9fd3fe460:   0000021be9b10778 00000000000adf9e
0x000000b9fd3fe470:   0000000000000000 0000000000000010
0x000000b9fd3fe480:   0000000000000000 0000000000000000
0x000000b9fd3fe490:   000000b9fd3fe5a0 00007ffa47f5bc3c
0x000000b9fd3fe4a0:   0000021be99e3dd0 0000021be9a0e3c0
0x000000b9fd3fe4b0:   0369b7b402207300 0316fdb402f5d800
0x000000b9fd3fe4c0:   000000b90000085c 0000b802001a0000
0x000000b9fd3fe4d0:   0000000000000000 037640b702c40bb7
0x000000b9fd3fe4e0:   02f5e3b8038100b8 02d494b90345ebb8
0x000000b9fd3fe4f0:   029d43ba0357ebb9 016f8cba02dc74ba
0x000000b9fd3fe500:   0363f0ba02a3b4ba 00007ffa47f519a0
0x000000b9fd3fe510:   025e8dbc02e535bc 0360dcbc0373b9bc
0x000000b9fd3fe520:   038350bd008f38bd 02b8d7bd0318c9bd
0x000000b9fd3fe530:   02aa5abe029d43be 02f831bf0360ebbe
0x000000b9fd3fe540:   031205c00276c4bf 00007ffa47d33cdf
0x000000b9fd3fe550:   0000b802001a0000 000000000000085c
0x000000b9fd3fe560:   0000000000000000 4000188000000001
0x000000b9fd3fe570:   0000000000000000 0000000000000000
0x000000b9fd3fe580:   0000000000000000 0000000000000000
0x000000b9fd3fe590:   0000000000000000 0000000000000000
0x000000b9fd3fe5a0:   0000000000000000 0000000000000000
0x000000b9fd3fe5b0:   0000000000000000 0000000000000000
0x000000b9fd3fe5c0:   0000000000000000 0000000000000000
0x000000b9fd3fe5d0:   0000000000000000 0000000000000000
0x000000b9fd3fe5e0:   0000000000000000 0000000000000000
0x000000b9fd3fe5f0:   0000000000000000 0000000000000000
0x000000b9fd3fe600:   0000000000000000 0000000000000000
0x000000b9fd3fe610:   0000000000000000 0000000000000000 

Instructions: (pc=0x00007ffa47de366c)
0x00007ffa47de356c:   ec 40 45 8a e1 48 8b fa 48 8b e9 48 8b 1d 42 08
0x00007ffa47de357c:   e0 00 48 89 58 08 48 8b cb ff 15 85 5b 9a 00 90
0x00007ffa47de358c:   4c 8b af 78 02 00 00 48 8b 05 c6 e4 cf 00 44 8b
0x00007ffa47de359c:   b8 40 0b 00 00 45 33 db 45 8a f3 4c 89 9f 78 02
0x00007ffa47de35ac:   00 00 44 89 9f 80 02 00 00 4c 89 9f 98 02 00 00
0x00007ffa47de35bc:   4c 89 9f 88 02 00 00 48 85 ed 75 38 8b 35 4a e2
0x00007ffa47de35cc:   df 00 65 48 8b 04 25 58 00 00 00 b9 14 00 00 00
0x00007ffa47de35dc:   48 8b 04 f0 44 38 1c 01 0f 84 9d da 86 00 65 48
0x00007ffa47de35ec:   8b 04 25 58 00 00 00 bd 20 00 00 00 48 8b 04 f0
0x00007ffa47de35fc:   48 8b 2c 28 48 3b 2d 39 07 e0 00 45 0f 44 fb 4d
0x00007ffa47de360c:   85 ed 0f 84 21 01 00 00 44 8a a4 24 90 00 00 00
0x00007ffa47de361c:   49 8b dd 49 8d b5 d0 05 00 00 4c 8b 2e 45 84 e4
0x00007ffa47de362c:   0f 85 2a 03 00 00 8b 97 c8 01 00 00 48 8b 05 21
0x00007ffa47de363c:   e4 cf 00 83 b8 78 03 00 00 02 75 31 83 fa 10 0f
0x00007ffa47de364c:   83 20 01 00 00 48 8d 04 d5 21 00 00 00 48 03 c2
0x00007ffa47de365c:   48 8d 04 c3 48 85 c0 0f 85 ff 00 00 00 49 8b cb
0x00007ffa47de366c:   48 3b 8d f8 56 03 00 0f 87 f3 02 00 00 4c 39 9b
0x00007ffa47de367c:   48 06 00 00 0f 85 41 da 86 00 44 8b 97 c8 01 00
0x00007ffa47de368c:   00 48 8b 87 e0 01 00 00 4c 8b 08 8b 97 c8 01 00
0x00007ffa47de369c:   00 83 fa 10 0f 83 03 01 00 00 48 8d 04 d5 21 00
0x00007ffa47de36ac:   00 00 48 03 c2 48 8d 04 c3 48 85 c0 0f 85 e2 00
0x00007ffa47de36bc:   00 00 49 8b cb 49 3b c9 0f 86 0e 01 00 00 48 8b
0x00007ffa47de36cc:   87 78 02 00 00 48 89 06 48 89 9f 78 02 00 00 ff
0x00007ffa47de36dc:   87 80 02 00 00 48 8b 43 08 48 8b 88 18 01 00 00
0x00007ffa47de36ec:   48 81 e1 00 00 ff ff 48 81 c1 00 00 01 00 48 01
0x00007ffa47de36fc:   8f 88 02 00 00 48 8b 43 08 48 8b 88 18 01 00 00
0x00007ffa47de370c:   48 01 8f 98 02 00 00 4d 85 ed 0f 85 00 ff ff ff
0x00007ffa47de371c:   45 84 f6 44 8a a4 24 98 00 00 00 0f 85 82 03 00
0x00007ffa47de372c:   00 48 8b 9c 24 80 00 00 00 48 8b cf 45 84 e4 0f
0x00007ffa47de373c:   85 8a 03 00 00 e8 fa f9 ff ff 90 48 8b cb 48 8b
0x00007ffa47de374c:   9c 24 88 00 00 00 48 83 c4 40 41 5f 41 5e 41 5d
0x00007ffa47de375c:   41 5c 5f 5e 5d 48 ff 25 b0 59 9a 00 48 8b 48 08 


Stack slot to memory mapping:

stack at sp + 0 slots: 0x0000021be99e3dd0 points into unknown readable memory: 0xffffffffffffffff | ff ff ff ff ff ff ff ff
stack at sp + 1 slots: 0x036f89a9035e61a9 is an unknown value
stack at sp + 2 slots: 0x035b9aaa02fe53aa is an unknown value
stack at sp + 3 slots: 0x02bf12ab02eccdaa is an unknown value
stack at sp + 4 slots: 0x02b97dab02e266ab is an unknown value
stack at sp + 5 slots: 0x036fedab02f39eab is an unknown value
stack at sp + 6 slots: 0x02c01eac022bf4ab is an unknown value
stack at sp + 7 slots: 0x021c4dac034833ac is an unknown value

VM_Operation (0x000000b9fc9ff0e0): Exit, mode: safepoint, requested by thread 0x0000021bf702c430


---------------  P R O C E S S  ---------------

Threads class SMR info:
_java_thread_list=0x0000021be925c800, length=20, elements={
0x0000021ba39bddb0, 0x0000021ba39bf820, 0x0000021ba39c6550, 0x0000021ba39c7b60,
0x0000021ba39cca90, 0x0000021ba39d8b70, 0x0000021ba39e4830, 0x0000021ba39ecef0,
0x0000021ba39d7e50, 0x0000021ba39dac40, 0x0000021ba39da5b0, 0x0000021bea04e620,
0x0000021bea859ba0, 0x0000021bea85ea60, 0x0000021bea85f780, 0x0000021bea4bd610,
0x0000021bea0527c0, 0x0000021bea0534e0, 0x0000021bf702d7e0, 0x0000021bf702c430
}

Java Threads: ( => current thread )
  0x0000021ba39bddb0 JavaThread "Reference Handler"          daemon [_thread_blocked, id=16056, stack(0x000000b9fd400000,0x000000b9fd500000) (1024K)]
  0x0000021ba39bf820 JavaThread "Finalizer"                  daemon [_thread_blocked, id=15648, stack(0x000000b9fd500000,0x000000b9fd600000) (1024K)]
  0x0000021ba39c6550 JavaThread "Signal Dispatcher"          daemon [_thread_blocked, id=28060, stack(0x000000b9fd600000,0x000000b9fd700000) (1024K)]
  0x0000021ba39c7b60 JavaThread "Attach Listener"            daemon [_thread_blocked, id=11424, stack(0x000000b9fd700000,0x000000b9fd800000) (1024K)]
  0x0000021ba39cca90 JavaThread "Service Thread"             daemon [_thread_blocked, id=2916, stack(0x000000b9fd800000,0x000000b9fd900000) (1024K)]
  0x0000021ba39d8b70 JavaThread "Monitor Deflation Thread"   daemon [_thread_blocked, id=10140, stack(0x000000b9fd900000,0x000000b9fda00000) (1024K)]
  0x0000021ba39e4830 JavaThread "C2 CompilerThread0"         daemon [_thread_blocked, id=23812, stack(0x000000b9fda00000,0x000000b9fdb00000) (1024K)]
  0x0000021ba39ecef0 JavaThread "C1 CompilerThread0"         daemon [_thread_blocked, id=15656, stack(0x000000b9fdb00000,0x000000b9fdc00000) (1024K)]
  0x0000021ba39d7e50 JavaThread "Common-Cleaner"             daemon [_thread_blocked, id=10656, stack(0x000000b9fdc00000,0x000000b9fdd00000) (1024K)]
  0x0000021ba39dac40 JavaThread "Monitor Ctrl-Break"         daemon [_thread_in_native, id=27656, stack(0x000000b9fdf00000,0x000000b9fe000000) (1024K)]
  0x0000021ba39da5b0 JavaThread "Notification Thread"        daemon [_thread_blocked, id=26816, stack(0x000000b9fe000000,0x000000b9fe100000) (1024K)]
  0x0000021bea04e620 JavaThread "FileSystemWatchService"     daemon [_thread_in_native, id=15516, stack(0x000000b9fdd00000,0x000000b9fde00000) (1024K)]
  0x0000021bea859ba0 JavaThread "Java2D Disposer"            daemon [_thread_blocked, id=7032, stack(0x000000b9ff100000,0x000000b9ff200000) (1024K)]
  0x0000021bea85ea60 JavaThread "AWT-Shutdown"                      [_thread_blocked, id=27960, stack(0x000000b9ff200000,0x000000b9ff300000) (1024K)]
  0x0000021bea85f780 JavaThread "AWT-EventQueue-0"                  [_thread_blocked, id=15040, stack(0x000000b9ff400000,0x000000b9ff500000) (1024K)]
  0x0000021bea4bd610 JavaThread "FileSystemWatchService"     daemon [_thread_in_native, id=6824, stack(0x000000b9fed00000,0x000000b9fee00000) (1024K)]
  0x0000021bea0527c0 JavaThread "FileSystemWatchService"     daemon [_thread_in_native, id=27624, stack(0x000000b9ffa00000,0x000000b9ffb00000) (1024K)]
  0x0000021bea0534e0 JavaThread "BJE-Asset-Watcher"          daemon [_thread_blocked, id=26332, stack(0x000000b9ffb00000,0x000000b9ffc00000) (1024K)]
  0x0000021bf702d7e0 JavaThread "DestroyJavaVM"                     [_thread_blocked, id=28756, stack(0x000000b9fcc00000,0x000000b9fcd00000) (1024K)]
  0x0000021bf702c430 JavaThread "SIGINT handler"             daemon [_thread_blocked, id=8100, stack(0x000000b9fc900000,0x000000b9fca00000) (1024K)]
Total: 20

Other Threads:
=>0x0000021ba399fbb0 VMThread "VM Thread"                           [id=26900, stack(0x000000b9fd300000,0x000000b9fd400000) (1024K)]
  0x0000021b84517970 WorkerThread "GC Thread#0"                     [id=30660, stack(0x000000b9fcd00000,0x000000b9fce00000) (1024K)]
  0x0000021be9569020 WorkerThread "GC Thread#1"                     [id=24040, stack(0x000000b9fe100000,0x000000b9fe200000) (1024K)]
  0x0000021be95693c0 WorkerThread "GC Thread#2"                     [id=1200, stack(0x000000b9fe200000,0x000000b9fe300000) (1024K)]
  0x0000021be95d4f30 WorkerThread "GC Thread#3"                     [id=23788, stack(0x000000b9fe300000,0x000000b9fe400000) (1024K)]
  0x0000021be95d52d0 WorkerThread "GC Thread#4"                     [id=7228, stack(0x000000b9fe400000,0x000000b9fe500000) (1024K)]
  0x0000021be95d5670 WorkerThread "GC Thread#5"                     [id=25684, stack(0x000000b9fe500000,0x000000b9fe600000) (1024K)]
  0x0000021be958e140 WorkerThread "GC Thread#6"                     [id=13100, stack(0x000000b9fe600000,0x000000b9fe700000) (1024K)]
  0x0000021bea5b42b0 WorkerThread "GC Thread#7"                     [id=4340, stack(0x000000b9fee00000,0x000000b9fef00000) (1024K)]
  0x0000021bea5b4650 WorkerThread "GC Thread#8"                     [id=28232, stack(0x000000b9fef00000,0x000000b9ff000000) (1024K)]
  0x0000021bea5b3b70 WorkerThread "GC Thread#9"                     [id=25780, stack(0x000000b9ff000000,0x000000b9ff100000) (1024K)]
  0x0000021b84529460 ConcurrentGCThread "G1 Main Marker"            terminated
  0x0000021b84529f60 WorkerThread "G1 Conc#0"                       [id=28384, stack(0x000000b9fcf00000,0x000000b9fd000000) (1024K)]
  0x0000021bea5b37d0 WorkerThread "G1 Conc#1"                       [id=27736, stack(0x000000b9fde00000,0x000000b9fdf00000) (1024K)]
  0x0000021bea5b49f0 WorkerThread "G1 Conc#2"                       [id=28744, stack(0x000000b9fec00000,0x000000b9fed00000) (1024K)]
  0x0000021ba385b9a0 ConcurrentGCThread "G1 Refine#0"               terminated
  0x0000021ba385d2d0 ConcurrentGCThread "G1 Service"                terminated
Total: 17

Threads with active compile tasks:
Total: 0

VM state: at safepoint (shutting down)

VM Mutex/Monitor currently owned by a thread:  ([mutex/lock_event])
[0x00007ffad779a5f8] Threads_lock - owner thread: 0x0000021ba399fbb0
[0x00007ffad779a6f8] Heap_lock - owner thread: 0x0000021bf702c430

Heap address: 0x0000000703600000, size: 4042 MB, Compressed Oops mode: Zero based, Oop shift amount: 3

CDS archive(s) mapped at: [0x0000021ba4000000-0x0000021ba4c90000-0x0000021ba4c90000), size 13172736, SharedBaseAddress: 0x0000021ba4000000, ArchiveRelocationMode: 1.
Compressed class space mapped at: 0x0000021ba5000000-0x0000021be5000000, reserved size: 1073741824
Narrow klass base: 0x0000021ba4000000, Narrow klass shift: 0, Narrow klass range: 0x100000000

GC Precious Log:
 CardTable entry size: 512
 Card Set container configuration: InlinePtr #cards 4 size 8 Array Of Cards #cards 16 size 48 Howl #buckets 8 coarsen threshold 3686 Howl Bitmap #cards 512 size 80 coarsen threshold 460 Card regions per heap region 1 cards per card region 4096
 CPUs: 12 total, 12 available
 Memory: 16163M
 Large Page Support: Disabled
 NUMA Support: Disabled
 Compressed Oops: Enabled (Zero based)
 Heap Region Size: 2M
 Heap Min Capacity: 8M
 Heap Initial Capacity: 254M
 Heap Max Capacity: 4042M
 Pre-touch: Disabled
 Parallel Workers: 10
 Concurrent Workers: 3
 Concurrent Refinement Workers: 10
 Periodic GC: Disabled

Heap:
 garbage-first heap   total 53248K, used 17287K [0x0000000703600000, 0x0000000800000000)
  region size 2048K, 10 young (20480K), 6 survivors (12288K)
 Metaspace       used 26334K, committed 26688K, reserved 1114112K
  class space    used 2447K, committed 2560K, reserved 1048576K

Heap Regions: E=young(eden), S=young(survivor), O=old, HS=humongous(starts), HC=humongous(continues), CS=collection set, F=free, TAMS=top-at-mark-start, PB=parsable bottom
|   0|0x0000000703600000, 0x00000007036382c8, 0x0000000703800000| 10%| O|Cm|TAMS 0x0000000703600000| PB 0x0000000703600000| Complete 
|   1|0x0000000703800000, 0x0000000703800000, 0x0000000703a00000|  0%| F|  |TAMS 0x0000000703800000| PB 0x0000000703800000| Untracked 
|   2|0x0000000703a00000, 0x0000000703a00000, 0x0000000703c00000|  0%| F|  |TAMS 0x0000000703a00000| PB 0x0000000703a00000| Untracked 
|   3|0x0000000703c00000, 0x0000000703c00000, 0x0000000703e00000|  0%| F|  |TAMS 0x0000000703c00000| PB 0x0000000703c00000| Untracked 
|   4|0x0000000703e00000, 0x0000000703e00000, 0x0000000704000000|  0%| F|  |TAMS 0x0000000703e00000| PB 0x0000000703e00000| Untracked 
|   5|0x0000000704000000, 0x0000000704000000, 0x0000000704200000|  0%| F|  |TAMS 0x0000000704000000| PB 0x0000000704000000| Untracked 
|   6|0x0000000704200000, 0x0000000704200000, 0x0000000704400000|  0%| F|  |TAMS 0x0000000704200000| PB 0x0000000704200000| Untracked 
|   7|0x0000000704400000, 0x0000000704400000, 0x0000000704600000|  0%| F|  |TAMS 0x0000000704400000| PB 0x0000000704400000| Untracked 
|   8|0x0000000704600000, 0x0000000704600000, 0x0000000704800000|  0%| F|  |TAMS 0x0000000704600000| PB 0x0000000704600000| Untracked 
|   9|0x0000000704800000, 0x0000000704800000, 0x0000000704a00000|  0%| F|  |TAMS 0x0000000704800000| PB 0x0000000704800000| Untracked 
|  10|0x0000000704a00000, 0x0000000704a00000, 0x0000000704c00000|  0%| F|  |TAMS 0x0000000704a00000| PB 0x0000000704a00000| Untracked 
|  11|0x0000000704c00000, 0x0000000704c00000, 0x0000000704e00000|  0%| F|  |TAMS 0x0000000704c00000| PB 0x0000000704c00000| Untracked 
|  12|0x0000000704e00000, 0x0000000704e00000, 0x0000000705000000|  0%| F|  |TAMS 0x0000000704e00000| PB 0x0000000704e00000| Untracked 
|  13|0x0000000705000000, 0x0000000705000000, 0x0000000705200000|  0%| F|  |TAMS 0x0000000705000000| PB 0x0000000705000000| Untracked 
|  14|0x0000000705200000, 0x0000000705200000, 0x0000000705400000|  0%| F|  |TAMS 0x0000000705200000| PB 0x0000000705200000| Untracked 
|  15|0x0000000705400000, 0x0000000705600000, 0x0000000705600000|100%| S|CS|TAMS 0x0000000705400000| PB 0x0000000705400000| Complete 
|  16|0x0000000705600000, 0x0000000705800000, 0x0000000705800000|100%| S|CS|TAMS 0x0000000705600000| PB 0x0000000705600000| Complete 
|  17|0x0000000705800000, 0x0000000705a00000, 0x0000000705a00000|100%| S|CS|TAMS 0x0000000705800000| PB 0x0000000705800000| Complete 
|  18|0x0000000705a00000, 0x0000000705c00000, 0x0000000705c00000|100%| S|CS|TAMS 0x0000000705a00000| PB 0x0000000705a00000| Complete 
|  19|0x0000000705c00000, 0x0000000705e00000, 0x0000000705e00000|100%| S|CS|TAMS 0x0000000705c00000| PB 0x0000000705c00000| Complete 
|  20|0x0000000705e00000, 0x0000000705ea9c40, 0x0000000706000000| 33%| S|CS|TAMS 0x0000000705e00000| PB 0x0000000705e00000| Complete 
| 121|0x0000000712800000, 0x0000000712800000, 0x0000000712a00000|  0%| F|  |TAMS 0x0000000712800000| PB 0x0000000712800000| Untracked 
| 122|0x0000000712a00000, 0x0000000712a0fdd8, 0x0000000712c00000|  3%| E|  |TAMS 0x0000000712a00000| PB 0x0000000712a00000| Complete 
| 123|0x0000000712c00000, 0x0000000712e00000, 0x0000000712e00000|100%| E|CS|TAMS 0x0000000712c00000| PB 0x0000000712c00000| Complete 
| 124|0x0000000712e00000, 0x0000000713000000, 0x0000000713000000|100%| E|CS|TAMS 0x0000000712e00000| PB 0x0000000712e00000| Complete 
| 126|0x0000000713200000, 0x0000000713400000, 0x0000000713400000|100%| E|CS|TAMS 0x0000000713200000| PB 0x0000000713200000| Complete 

Card table byte_map: [0x0000021b9c630000,0x0000021b9ce20000] _byte_map_base: 0x0000021b98e15000

Marking Bits: (CMBitMap*) 0x0000021b84518070
 Bits: [0x0000021b9ce20000, 0x0000021ba0d48000)

Polling page: 0x0000021b823c0000

Metaspace:

Usage:
  Non-class:     23.33 MB used.
      Class:      2.39 MB used.
       Both:     25.72 MB used.

Virtual space:
  Non-class space:       64.00 MB reserved,      23.56 MB ( 37%) committed,  1 nodes.
      Class space:        1.00 GB reserved,       2.50 MB ( <1%) committed,  1 nodes.
             Both:        1.06 GB reserved,      26.06 MB (  2%) committed. 

Chunk freelists:
   Non-Class:  7.67 MB
       Class:  13.38 MB
        Both:  21.05 MB

MaxMetaspaceSize: unlimited
CompressedClassSpaceSize: 1.00 GB
Initial GC threshold: 21.00 MB
Current GC threshold: 35.12 MB
CDS: on
 - commit_granule_bytes: 65536.
 - commit_granule_words: 8192.
 - virtual_space_node_default_size: 8388608.
 - enlarge_chunks_in_place: 1.
 - use_allocation_guard: 0.


Internal statistics:

num_allocs_failed_limit: 3.
num_arena_births: 334.
num_arena_deaths: 0.
num_vsnodes_births: 2.
num_vsnodes_deaths: 0.
num_space_committed: 415.
num_space_uncommitted: 0.
num_chunks_returned_to_freelist: 3.
num_chunks_taken_from_freelist: 1079.
num_chunk_merges: 3.
num_chunk_splits: 803.
num_chunks_enlarged: 620.
num_inconsistent_stats: 0.

CodeHeap 'non-profiled nmethods': size=120000Kb used=1601Kb max_used=1601Kb free=118398Kb
 bounds [0x0000021b943c0000, 0x0000021b94630000, 0x0000021b9b8f0000]
CodeHeap 'profiled nmethods': size=120000Kb used=6413Kb max_used=6413Kb free=113586Kb
 bounds [0x0000021b8c8f0000, 0x0000021b8cf40000, 0x0000021b93e20000]
CodeHeap 'non-nmethods': size=5760Kb used=3078Kb max_used=3109Kb free=2681Kb
 bounds [0x0000021b93e20000, 0x0000021b94140000, 0x0000021b943c0000]
 total_blobs=5231 nmethods=3724 adapters=1410
 compilation: enabled
              stopped_count=0, restarted_count=0
 full_count=0

Compilation events (20 events):
Event: 23.327 Thread 0x0000021ba39ecef0 3716       3       jdk.internal.misc.InnocuousThread::eraseThreadLocals (23 bytes)
Event: 23.327 Thread 0x0000021ba39ecef0 nmethod 3716 0x0000021b8cf31590 code [0x0000021b8cf31740, 0x0000021b8cf31940]
Event: 23.329 Thread 0x0000021bf735ee00 nmethod 3718 0x0000021b94543790 code [0x0000021b94543960, 0x0000021b94543fe0]
Event: 23.329 Thread 0x0000021bf735ee00 3719  s    4       jdk.internal.ref.Cleaner::remove (89 bytes)
Event: 23.331 Thread 0x0000021bf735ee00 nmethod 3719 0x0000021b94544210 code [0x0000021b945443c0, 0x0000021b945448f8]
Event: 23.331 Thread 0x0000021bf735ee00 3720       4       java.nio.Bits::unreserveMemory (64 bytes)
Event: 23.331 Thread 0x0000021bf735ee00 nmethod 3720 0x0000021b94544a10 code [0x0000021b94544ba0, 0x0000021b94544c48]
Event: 23.334 Thread 0x0000021ba39ecef0 3721       3       java.nio.CharBuffer::position (6 bytes)
Event: 23.335 Thread 0x0000021ba39ecef0 nmethod 3721 0x0000021b8cf31a10 code [0x0000021b8cf31bc0, 0x0000021b8cf31d78]
Event: 23.341 Thread 0x0000021ba39e4830 nmethod 3694% 0x0000021b94544d10 code [0x0000021b94545120, 0x0000021b94546970]
Event: 23.342 Thread 0x0000021bf735ee00 3722       4       com.bedrye.bjge.GameEngine.Util.BJEMesh::<init> (552 bytes)
Event: 23.343 Thread 0x0000021ba39ecef0 3723       3       java.lang.AbstractStringBuilder::appendChars (130 bytes)
Event: 23.344 Thread 0x0000021ba39ecef0 nmethod 3723 0x0000021b8cf31e90 code [0x0000021b8cf320a0, 0x0000021b8cf32648]
Event: 23.344 Thread 0x0000021ba39ecef0 3724       3       java.nio.CharBuffer::hasArray (20 bytes)
Event: 23.344 Thread 0x0000021ba39ecef0 nmethod 3724 0x0000021b8cf32910 code [0x0000021b8cf32ac0, 0x0000021b8cf32c70]
Event: 23.344 Thread 0x0000021ba39ecef0 3725       3       java.nio.CharBuffer::array (35 bytes)
Event: 23.344 Thread 0x0000021ba39ecef0 nmethod 3725 0x0000021b8cf32d10 code [0x0000021b8cf32ee0, 0x0000021b8cf331c8]
Event: 23.355 Thread 0x0000021ba39ecef0 3726       3       java.nio.charset.CoderResult::isOverflow (14 bytes)
Event: 23.355 Thread 0x0000021ba39ecef0 nmethod 3726 0x0000021b8cf33310 code [0x0000021b8cf334a0, 0x0000021b8cf33610]
Event: 23.452 Thread 0x0000021bf735ee00 nmethod 3722 0x0000021b94548090 code [0x0000021b94548820, 0x0000021b9454cf68]

GC Heap History (8 events):
Event: 0.291 GC heap before
{Heap before GC invocations=0 (full 0):
 garbage-first heap   total 260096K, used 22528K [0x0000000703600000, 0x0000000800000000)
  region size 2048K, 11 young (22528K), 0 survivors (0K)
 Metaspace       used 3914K, committed 4096K, reserved 1114112K
  class space    used 335K, committed 448K, reserved 1048576K
}
Event: 0.293 GC heap after
{Heap after GC invocations=1 (full 0):
 garbage-first heap   total 260096K, used 2421K [0x0000000703600000, 0x0000000800000000)
  region size 2048K, 2 young (4096K), 2 survivors (4096K)
 Metaspace       used 3914K, committed 4096K, reserved 1114112K
  class space    used 335K, committed 448K, reserved 1048576K
}
Event: 1.450 GC heap before
{Heap before GC invocations=1 (full 0):
 garbage-first heap   total 260096K, used 39285K [0x0000000703600000, 0x0000000800000000)
  region size 2048K, 21 young (43008K), 2 survivors (4096K)
 Metaspace       used 19563K, committed 19776K, reserved 1114112K
  class space    used 1836K, committed 1920K, reserved 1048576K
}
Event: 1.455 GC heap after
{Heap after GC invocations=2 (full 0):
 garbage-first heap   total 260096K, used 6368K [0x0000000703600000, 0x0000000800000000)
  region size 2048K, 3 young (6144K), 3 survivors (6144K)
 Metaspace       used 19563K, committed 19776K, reserved 1114112K
  class space    used 1836K, committed 1920K, reserved 1048576K
}
Event: 1.594 GC heap before
{Heap before GC invocations=2 (full 0):
 garbage-first heap   total 260096K, used 8416K [0x0000000703600000, 0x0000000800000000)
  region size 2048K, 5 young (10240K), 3 survivors (6144K)
 Metaspace       used 21288K, committed 21504K, reserved 1114112K
  class space    used 1921K, committed 2048K, reserved 1048576K
}
Event: 1.598 GC heap after
{Heap after GC invocations=3 (full 0):
 garbage-first heap   total 260096K, used 6813K [0x0000000703600000, 0x0000000800000000)
  region size 2048K, 4 young (8192K), 4 survivors (8192K)
 Metaspace       used 21288K, committed 21504K, reserved 1114112K
  class space    used 1921K, committed 2048K, reserved 1048576K
}
Event: 23.319 GC heap before
{Heap before GC invocations=4 (full 0):
 garbage-first heap   total 40960K, used 37533K [0x0000000703600000, 0x0000000800000000)
  region size 2048K, 19 young (38912K), 4 survivors (8192K)
 Metaspace       used 26308K, committed 26624K, reserved 1114112K
  class space    used 2444K, committed 2560K, reserved 1048576K
}
Event: 23.325 GC heap after
{Heap after GC invocations=5 (full 0):
 garbage-first heap   total 53248K, used 11143K [0x0000000703600000, 0x0000000800000000)
  region size 2048K, 6 young (12288K), 6 survivors (12288K)
 Metaspace       used 26308K, committed 26624K, reserved 1114112K
  class space    used 2444K, committed 2560K, reserved 1048576K
}

Dll operation events (15 events):
Event: 0.006 Loaded shared library C:\Users\stas2\.jdks\openjdk-21.0.1\bin\java.dll
Event: 0.031 Loaded shared library C:\Users\stas2\.jdks\openjdk-21.0.1\bin\jsvml.dll
Event: 0.061 Loaded shared library C:\Users\stas2\.jdks\openjdk-21.0.1\bin\net.dll
Event: 0.063 Loaded shared library C:\Users\stas2\.jdks\openjdk-21.0.1\bin\nio.dll
Event: 0.066 Loaded shared library C:\Users\stas2\.jdks\openjdk-21.0.1\bin\zip.dll
Event: 0.169 Loaded shared library C:\Users\stas2\.jdks\openjdk-21.0.1\bin\zip.dll
Event: 0.173 Loaded shared library C:\Users\stas2\.jdks\openjdk-21.0.1\bin\instrument.dll
Event: 0.190 Loaded shared library C:\IntelliJ IDEA Community Edition 2021.3.2\IntelliJ IDEA Community Edition 2023.2.1\bin\breakgen64.dll
Event: 0.245 Loaded shared library C:\Users\stas2\.jdks\openjdk-21.0.1\bin\jimage.dll
Event: 0.365 Loaded shared library C:\Users\stas2\AppData\Local\Temp\lwjgl_stas2\3.3.4+7\x64\lwjgl.dll
Event: 0.572 Loaded shared library C:\Users\stas2\AppData\Local\Temp\lwjgl_stas2\3.3.4+7\x64\lwjgl_opengl.dll
Event: 0.839 Loaded shared library C:\Users\stas2\AppData\Local\Temp\imgui-java-natives\1.89.0\imgui-java64.dll
Event: 0.871 Loaded shared library C:\Users\stas2\.jdks\openjdk-21.0.1\bin\verify.dll
Event: 0.894 Loaded shared library C:\Users\stas2\AppData\Local\Temp\lwjgl_stas2\3.3.4+7\x64\lwjgl_stb.dll
Event: 3.355 Loaded shared library C:\Users\stas2\.jdks\openjdk-21.0.1\bin\awt.dll

Deoptimization events (20 events):
Event: 14.970 Thread 0x0000021b821aaea0 Uncommon trap: trap_request=0xffffff45 fr.pc=0x0000021b944f90c0 relative=0x0000000000000780
Event: 14.970 Thread 0x0000021b821aaea0 Uncommon trap: reason=unstable_if action=reinterpret pc=0x0000021b944f90c0 method=java.util.HashMap.putVal(ILjava/lang/Object;Ljava/lang/Object;ZZ)Ljava/lang/Object; @ 94 c2
Event: 14.970 Thread 0x0000021b821aaea0 DEOPT PACKING pc=0x0000021b944f90c0 sp=0x000000b9fccfda30
Event: 14.970 Thread 0x0000021b821aaea0 DEOPT UNPACKING pc=0x0000021b93e77da2 sp=0x000000b9fccfd9b8 mode 2
Event: 14.970 Thread 0x0000021b821aaea0 Uncommon trap: trap_request=0xffffff45 fr.pc=0x0000021b9446189c relative=0x00000000000001bc
Event: 14.970 Thread 0x0000021b821aaea0 Uncommon trap: reason=unstable_if action=reinterpret pc=0x0000021b9446189c method=java.util.HashMap.getNode(Ljava/lang/Object;)Ljava/util/HashMap$Node; @ 66 c2
Event: 14.970 Thread 0x0000021b821aaea0 DEOPT PACKING pc=0x0000021b9446189c sp=0x000000b9fccfda50
Event: 14.970 Thread 0x0000021b821aaea0 DEOPT UNPACKING pc=0x0000021b93e77da2 sp=0x000000b9fccfd9d0 mode 2
Event: 14.989 Thread 0x0000021b821aaea0 Uncommon trap: trap_request=0xffffff45 fr.pc=0x0000021b944e3dc0 relative=0x00000000000000a0
Event: 14.989 Thread 0x0000021b821aaea0 Uncommon trap: reason=unstable_if action=reinterpret pc=0x0000021b944e3dc0 method=java.util.ArrayList.forEach(Ljava/util/function/Consumer;)V @ 36 c2
Event: 14.989 Thread 0x0000021b821aaea0 DEOPT PACKING pc=0x0000021b944e3dc0 sp=0x000000b9fccfdee0
Event: 14.989 Thread 0x0000021b821aaea0 DEOPT UNPACKING pc=0x0000021b93e77da2 sp=0x000000b9fccfde68 mode 2
Event: 15.043 Thread 0x0000021b821aaea0 Uncommon trap: trap_request=0xffffff45 fr.pc=0x0000021b944ee104 relative=0x00000000000008e4
Event: 15.043 Thread 0x0000021b821aaea0 Uncommon trap: reason=unstable_if action=reinterpret pc=0x0000021b944ee104 method=com.bedrye.bjge.GameEngine.Util.Shaders.ShaderProgram.getKey(Ljava/lang/String;)I @ 12 c2
Event: 15.043 Thread 0x0000021b821aaea0 DEOPT PACKING pc=0x0000021b944ee104 sp=0x000000b9fccfeae0
Event: 15.043 Thread 0x0000021b821aaea0 DEOPT UNPACKING pc=0x0000021b93e77da2 sp=0x000000b9fccfea88 mode 2
Event: 23.342 Thread 0x0000021b821aaea0 DEOPT PACKING pc=0x0000021b8cf259a2 sp=0x000000b9fccfe820
Event: 23.342 Thread 0x0000021b821aaea0 DEOPT UNPACKING pc=0x0000021b93e788e2 sp=0x000000b9fccfdf10 mode 0
Event: 23.353 Thread 0x0000021b821aaea0 DEOPT PACKING pc=0x0000021b8cf259a2 sp=0x000000b9fccfe820
Event: 23.353 Thread 0x0000021b821aaea0 DEOPT UNPACKING pc=0x0000021b93e788e2 sp=0x000000b9fccfdf10 mode 0

Classes loaded (20 events):
Event: 14.947 Loading class sun/reflect/generics/reflectiveObjects/TypeVariableImpl
Event: 14.947 Loading class sun/reflect/generics/reflectiveObjects/LazyReflectiveObjectGenerator
Event: 14.947 Loading class sun/reflect/generics/reflectiveObjects/LazyReflectiveObjectGenerator done
Event: 14.947 Loading class sun/reflect/generics/reflectiveObjects/TypeVariableImpl done
Event: 14.971 Loading class sun/reflect/generics/repository/FieldRepository
Event: 14.971 Loading class sun/reflect/generics/repository/FieldRepository done
Event: 14.985 Loading class sun/invoke/util/ValueConversions$1
Event: 14.985 Loading class sun/invoke/util/ValueConversions$1 done
Event: 14.986 Loading class java/lang/invoke/BoundMethodHandle$Species_LI
Event: 14.986 Loading class java/lang/invoke/BoundMethodHandle$Species_LI done
Event: 14.989 Loading class jdk/internal/math/FDBigInteger
Event: 14.990 Loading class jdk/internal/math/FDBigInteger done
Event: 23.355 Loading class java/lang/Throwable$WrappedPrintStream
Event: 23.355 Loading class java/lang/Throwable$PrintStreamOrWriter
Event: 23.355 Loading class java/lang/Throwable$PrintStreamOrWriter done
Event: 23.355 Loading class java/lang/Throwable$WrappedPrintStream done
Event: 23.355 Loading class java/lang/StackTraceElement$HashedModules
Event: 23.355 Loading class java/lang/StackTraceElement$HashedModules done
Event: 86.037 Loading class jdk/internal/misc/Signal$1
Event: 86.037 Loading class jdk/internal/misc/Signal$1 done

Classes unloaded (0 events):
No events

Classes redefined (0 events):
No events

Internal exceptions (20 events):
Event: 14.982 Thread 0x0000021b821aaea0 Exception <a 'java/lang/NoSuchMethodError'{0x000000070475a418}: 'void java.lang.invoke.Invokers$Holder.invokeExact_MT(java.lang.Object, java.lang.Object, java.lang.Object, java.lang.Object)'> (0x000000070475a418) 
thrown [s\open\src\hotspot\share\interpreter\linkResolver.cpp, line 773]
Event: 14.985 Thread 0x0000021b821aaea0 Exception <a 'java/lang/NoSuchMethodError'{0x000000070477b7b0}: 'void java.lang.invoke.DirectMethodHandle$Holder.invokeSpecial(java.lang.Object, java.lang.Object, float)'> (0x000000070477b7b0) 
thrown [s\open\src\hotspot\share\interpreter\linkResolver.cpp, line 773]
Event: 14.986 Thread 0x0000021b821aaea0 Exception <a 'java/lang/NoSuchMethodError'{0x0000000704786390}: 'float java.lang.invoke.DelegatingMethodHandle$Holder.reinvoke_L(java.lang.Object, java.lang.Object, int)'> (0x0000000704786390) 
thrown [s\open\src\hotspot\share\interpreter\linkResolver.cpp, line 773]
Event: 14.986 Thread 0x0000021b821aaea0 Exception <a 'java/lang/NoSuchMethodError'{0x0000000704797d30}: 'java.lang.Object java.lang.invoke.DirectMethodHandle$Holder.invokeStatic(java.lang.Object, java.lang.Object, java.lang.Object, java.lang.Object, int)'> (0x0000000704797d30) 
thrown [s\open\src\hotspot\share\interpreter\linkResolver.cpp, line 773]
Event: 14.987 Thread 0x0000021b821aaea0 Exception <a 'java/lang/NoSuchMethodError'{0x00000007047a2b50}: 'void java.lang.invoke.DelegatingMethodHandle$Holder.reinvoke_L(java.lang.Object, java.lang.Object, float)'> (0x00000007047a2b50) 
thrown [s\open\src\hotspot\share\interpreter\linkResolver.cpp, line 773]
Event: 14.990 Thread 0x0000021b821aaea0 Exception <a 'java/lang/NoSuchMethodError'{0x00000007047c7ed0}: 'void java.lang.invoke.DirectMethodHandle$Holder.invokeVirtual(java.lang.Object, java.lang.Object, int)'> (0x00000007047c7ed0) 
thrown [s\open\src\hotspot\share\interpreter\linkResolver.cpp, line 773]
Event: 14.990 Thread 0x0000021b821aaea0 Exception <a 'java/lang/NoSuchMethodError'{0x00000007047cbc50}: 'int java.lang.invoke.DirectMethodHandle$Holder.invokeSpecial(java.lang.Object, java.lang.Object, java.lang.Object, int)'> (0x00000007047cbc50) 
thrown [s\open\src\hotspot\share\interpreter\linkResolver.cpp, line 773]
Event: 14.991 Thread 0x0000021b821aaea0 Exception <a 'java/lang/NoSuchMethodError'{0x00000007047d5878}: 'void java.lang.invoke.DelegatingMethodHandle$Holder.reinvoke_L(java.lang.Object, java.lang.Object, int)'> (0x00000007047d5878) 
thrown [s\open\src\hotspot\share\interpreter\linkResolver.cpp, line 773]
Event: 15.006 Thread 0x0000021b821aaea0 Exception <a 'java/lang/NoSuchMethodError'{0x00000007044816d0}: 'void java.lang.invoke.DirectMethodHandle$Holder.invokeVirtual(java.lang.Object, java.lang.Object, float)'> (0x00000007044816d0) 
thrown [s\open\src\hotspot\share\interpreter\linkResolver.cpp, line 773]
Event: 15.007 Thread 0x0000021b821aaea0 Exception <a 'java/lang/NoSuchMethodError'{0x00000007044aca08}: 'java.lang.Object java.lang.invoke.DelegatingMethodHandle$Holder.reinvoke_L(java.lang.Object, float, float, float)'> (0x00000007044aca08) 
thrown [s\open\src\hotspot\share\interpreter\linkResolver.cpp, line 773]
Event: 15.043 Thread 0x0000021b821aaea0 Implicit null exception at 0x0000021b944ed881 to 0x0000021b944ee0f0
Event: 23.174 Thread 0x0000021b821aaea0 Exception <a 'sun/nio/fs/WindowsException'{0x00000007040f2b50}> (0x00000007040f2b50) 
thrown [s\open\src\hotspot\share\prims\jni.cpp, line 520]
Event: 23.179 Thread 0x0000021b821aaea0 Exception <a 'sun/nio/fs/WindowsException'{0x00000007040fedb0}> (0x00000007040fedb0) 
thrown [s\open\src\hotspot\share\prims\jni.cpp, line 520]
Event: 23.179 Thread 0x0000021b821aaea0 Exception <a 'sun/nio/fs/WindowsException'{0x00000007040ff128}> (0x00000007040ff128) 
thrown [s\open\src\hotspot\share\prims\jni.cpp, line 520]
Event: 23.180 Thread 0x0000021b821aaea0 Exception <a 'sun/nio/fs/WindowsException'{0x0000000704100d98}> (0x0000000704100d98) 
thrown [s\open\src\hotspot\share\prims\jni.cpp, line 520]
Event: 23.182 Thread 0x0000021b821aaea0 Exception <a 'sun/nio/fs/WindowsException'{0x0000000704105fb0}> (0x0000000704105fb0) 
thrown [s\open\src\hotspot\share\prims\jni.cpp, line 520]
Event: 23.211 Thread 0x0000021b821aaea0 Exception <a 'sun/nio/fs/WindowsException'{0x000000070410ea80}> (0x000000070410ea80) 
thrown [s\open\src\hotspot\share\prims\jni.cpp, line 520]
Event: 23.211 Thread 0x0000021b821aaea0 Exception <a 'sun/nio/fs/WindowsException'{0x000000070410ee00}> (0x000000070410ee00) 
thrown [s\open\src\hotspot\share\prims\jni.cpp, line 520]
Event: 23.212 Thread 0x0000021b821aaea0 Exception <a 'sun/nio/fs/WindowsException'{0x0000000704110828}> (0x0000000704110828) 
thrown [s\open\src\hotspot\share\prims\jni.cpp, line 520]
Event: 23.355 Thread 0x0000021b821aaea0 Exception <a 'java/lang/NullPointerException'{0x0000000712c1a518}> (0x0000000712c1a518) 
thrown [s\open\src\hotspot\share\interpreter\linkResolver.cpp, line 1372]

ZGC Phase Switch (0 events):
No events

VM Operations (20 events):
Event: 15.931 Executing VM operation: Cleanup done
Event: 17.941 Executing VM operation: Cleanup
Event: 17.941 Executing VM operation: Cleanup done
Event: 20.970 Executing VM operation: Cleanup
Event: 20.970 Executing VM operation: Cleanup done
Event: 21.985 Executing VM operation: Cleanup
Event: 21.985 Executing VM operation: Cleanup done
Event: 23.000 Executing VM operation: Cleanup
Event: 23.000 Executing VM operation: Cleanup done
Event: 23.238 Executing VM operation: HandshakeAllThreads (Deoptimize)
Event: 23.238 Executing VM operation: HandshakeAllThreads (Deoptimize) done
Event: 23.319 Executing VM operation: G1CollectForAllocation (G1 Evacuation Pause)
Event: 23.325 Executing VM operation: G1CollectForAllocation (G1 Evacuation Pause) done
Event: 24.332 Executing VM operation: Cleanup
Event: 24.332 Executing VM operation: Cleanup done
Event: 60.136 Executing VM operation: HandshakeAllThreads (HandshakeForDeflation)
Event: 60.136 Executing VM operation: HandshakeAllThreads (HandshakeForDeflation) done
Event: 60.136 Executing VM operation: RendezvousGCThreads
Event: 60.136 Executing VM operation: RendezvousGCThreads done
Event: 86.148 Executing VM operation: Exit

Events (20 events):
Event: 5.046 Thread 0x0000021bea4bd610 Thread exited: 0x0000021bea4bd610
Event: 5.056 Thread 0x0000021bea4bd610 Thread added: 0x0000021bea4bd610
Event: 5.057 Thread 0x0000021bf6f66cf0 Thread added: 0x0000021bf6f66cf0
Event: 5.078 Thread 0x0000021bf6f32420 Thread added: 0x0000021bf6f32420
Event: 5.078 Thread 0x0000021bea86cfc0 Thread added: 0x0000021bea86cfc0
Event: 5.514 Thread 0x0000021bea86cfc0 Thread exited: 0x0000021bea86cfc0
Event: 5.514 Thread 0x0000021bf6f32420 Thread exited: 0x0000021bf6f32420
Event: 7.945 Thread 0x0000021bf6f67a10 Thread added: 0x0000021bf6f67a10
Event: 7.945 Thread 0x0000021bf6f67a10 Thread exited: 0x0000021bf6f67a10
Event: 11.685 Thread 0x0000021bf6f66cf0 Thread exited: 0x0000021bf6f66cf0
Event: 11.692 Thread 0x0000021bea0527c0 Thread added: 0x0000021bea0527c0
Event: 11.694 Thread 0x0000021bea0534e0 Thread added: 0x0000021bea0534e0
Event: 23.262 Thread 0x0000021bf735ee00 Thread added: 0x0000021bf735ee00
Event: 23.356 Thread 0x0000021b821aaea0 Thread exited: 0x0000021b821aaea0
Event: 23.356 Thread 0x0000021bf702d7e0 Thread added: 0x0000021bf702d7e0
Event: 28.462 Thread 0x0000021bf735ee00 Thread exited: 0x0000021bf735ee00
Event: 86.037 Thread 0x0000021bf702c430 Thread added: 0x0000021bf702c430
Event: 86.037 Thread 0x0000021bf702f220 Thread added: 0x0000021bf702f220
Event: 86.042 Thread 0x0000021bea85b5e0 Thread exited: 0x0000021bea85b5e0
Event: 86.148 Thread 0x0000021bf702f220 Thread exited: 0x0000021bf702f220


Dynamic libraries:
0x00007ff7a7fe0000 - 0x00007ff7a7fee000 	C:\Users\stas2\.jdks\openjdk-21.0.1\bin\java.exe
0x00007ffaf71e0000 - 0x00007ffaf7448000 	C:\WINDOWS\SYSTEM32\ntdll.dll
0x00007ffaf5480000 - 0x00007ffaf5549000 	C:\WINDOWS\System32\KERNEL32.DLL
0x00007ffaf4610000 - 0x00007ffaf4a02000 	C:\WINDOWS\System32\KERNELBASE.dll
0x00007ffaf44c0000 - 0x00007ffaf460b000 	C:\WINDOWS\System32\ucrtbase.dll
0x00007ffada1f0000 - 0x00007ffada208000 	C:\Users\stas2\.jdks\openjdk-21.0.1\bin\jli.dll
0x00007ffada1d0000 - 0x00007ffada1eb000 	C:\Users\stas2\.jdks\openjdk-21.0.1\bin\VCRUNTIME140.dll
0x00007ffaf6150000 - 0x00007ffaf6315000 	C:\WINDOWS\System32\USER32.dll
0x00007ffaf4e00000 - 0x00007ffaf4e27000 	C:\WINDOWS\System32\win32u.dll
0x00007ffadd150000 - 0x00007ffadd3e3000 	C:\WINDOWS\WinSxS\amd64_microsoft.windows.common-controls_6595b64144ccf1df_6.0.26100.6899_none_3e0efeeae32e88c1\COMCTL32.dll
0x00007ffaf5dc0000 - 0x00007ffaf5deb000 	C:\WINDOWS\System32\GDI32.dll
0x00007ffaf6f40000 - 0x00007ffaf6fe9000 	C:\WINDOWS\System32\msvcrt.dll
0x00007ffaf4a10000 - 0x00007ffaf4b3d000 	C:\WINDOWS\System32\gdi32full.dll
0x00007ffaf4be0000 - 0x00007ffaf4c83000 	C:\WINDOWS\System32\msvcp_win.dll
0x00007ffaf5440000 - 0x00007ffaf546f000 	C:\WINDOWS\System32\IMM32.DLL
0x00007ffaea1f0000 - 0x00007ffaea1fc000 	C:\Users\stas2\.jdks\openjdk-21.0.1\bin\vcruntime140_1.dll
0x00007ffada140000 - 0x00007ffada1ce000 	C:\Users\stas2\.jdks\openjdk-21.0.1\bin\msvcp140.dll
0x00007ffad6b60000 - 0x00007ffad7875000 	C:\Users\stas2\.jdks\openjdk-21.0.1\bin\server\jvm.dll
0x00007ffaf6d50000 - 0x00007ffaf6e04000 	C:\WINDOWS\System32\ADVAPI32.dll
0x00007ffaf6320000 - 0x00007ffaf63c6000 	C:\WINDOWS\System32\sechost.dll
0x00007ffaf6ff0000 - 0x00007ffaf7108000 	C:\WINDOWS\System32\RPCRT4.dll
0x00007ffaf6c60000 - 0x00007ffaf6cd4000 	C:\WINDOWS\System32\WS2_32.dll
0x00007ffaf2f70000 - 0x00007ffaf2fce000 	C:\WINDOWS\SYSTEM32\POWRPROF.dll
0x00007ffae1570000 - 0x00007ffae15a5000 	C:\WINDOWS\SYSTEM32\WINMM.dll
0x00007ffaea8b0000 - 0x00007ffaea8bb000 	C:\WINDOWS\SYSTEM32\VERSION.dll
0x00007ffaf2f50000 - 0x00007ffaf2f64000 	C:\WINDOWS\SYSTEM32\UMPDC.dll
0x00007ffaf3230000 - 0x00007ffaf324b000 	C:\WINDOWS\SYSTEM32\kernel.appcore.dll
0x00007ffada130000 - 0x00007ffada13a000 	C:\Users\stas2\.jdks\openjdk-21.0.1\bin\jimage.dll
0x00007ffaf1ae0000 - 0x00007ffaf1d22000 	C:\WINDOWS\SYSTEM32\DBGHELP.DLL
0x00007ffaf68e0000 - 0x00007ffaf6c5b000 	C:\WINDOWS\System32\combase.dll
0x00007ffaf63d0000 - 0x00007ffaf64a7000 	C:\WINDOWS\System32\OLEAUT32.dll
0x00007ffad4fb0000 - 0x00007ffad4fec000 	C:\WINDOWS\SYSTEM32\dbgcore.DLL
0x00007ffaf4b40000 - 0x00007ffaf4bd8000 	C:\WINDOWS\System32\bcryptPrimitives.dll
0x00007ffada120000 - 0x00007ffada12f000 	C:\Users\stas2\.jdks\openjdk-21.0.1\bin\instrument.dll
0x00007ffada100000 - 0x00007ffada11f000 	C:\Users\stas2\.jdks\openjdk-21.0.1\bin\java.dll
0x00007ffaf5560000 - 0x00007ffaf5cad000 	C:\WINDOWS\System32\SHELL32.dll
0x00007ffaf4c90000 - 0x00007ffaf4dfb000 	C:\WINDOWS\System32\wintypes.dll
0x00007ffaf1fc0000 - 0x00007ffaf281d000 	C:\WINDOWS\SYSTEM32\windows.storage.dll
0x00007ffaf5e70000 - 0x00007ffaf5f62000 	C:\WINDOWS\System32\SHCORE.dll
0x00007ffaf6870000 - 0x00007ffaf68d2000 	C:\WINDOWS\System32\shlwapi.dll
0x00007ffaf4290000 - 0x00007ffaf42b9000 	C:\WINDOWS\SYSTEM32\profapi.dll
0x00007ffad9e30000 - 0x00007ffad9f07000 	C:\Users\stas2\.jdks\openjdk-21.0.1\bin\jsvml.dll
0x00007ffada0f0000 - 0x00007ffada100000 	C:\Users\stas2\.jdks\openjdk-21.0.1\bin\net.dll
0x00007ffaeb340000 - 0x00007ffaeb45f000 	C:\WINDOWS\SYSTEM32\WINHTTP.dll
0x00007ffaf37d0000 - 0x00007ffaf383b000 	C:\WINDOWS\system32\mswsock.dll
0x00007ffada0d0000 - 0x00007ffada0e6000 	C:\Users\stas2\.jdks\openjdk-21.0.1\bin\nio.dll
0x00007ffada0b0000 - 0x00007ffada0c8000 	C:\Users\stas2\.jdks\openjdk-21.0.1\bin\zip.dll
0x00007ffada080000 - 0x00007ffada09a000 	C:\IntelliJ IDEA Community Edition 2021.3.2\IntelliJ IDEA Community Edition 2023.2.1\bin\breakgen64.dll
0x00007ffad9db0000 - 0x00007ffad9e2b000 	C:\Users\stas2\AppData\Local\Temp\lwjgl_stas2\3.3.4+7\x64\lwjgl.dll
0x00007ffad9cd0000 - 0x00007ffad9d55000 	C:\Users\stas2\AppData\Local\Temp\lwjgl_stas2\3.3.4+7\x64\glfw.dll
0x00007ffad9c80000 - 0x00007ffad9ccb000 	C:\WINDOWS\SYSTEM32\dinput8.dll
0x00007ffad9c60000 - 0x00007ffad9c7c000 	C:\WINDOWS\SYSTEM32\xinput1_4.dll
0x00007ffaf4010000 - 0x00007ffaf4067000 	C:\WINDOWS\SYSTEM32\cfgmgr32.dll
0x00007ffaf3fe0000 - 0x00007ffaf400d000 	C:\WINDOWS\SYSTEM32\DEVOBJ.dll
0x00007ffaeecb0000 - 0x00007ffaeecdd000 	C:\WINDOWS\SYSTEM32\dwmapi.dll
0x00007ffab5190000 - 0x00007ffab536e000 	C:\WINDOWS\SYSTEM32\inputhost.dll
0x00007ffaee310000 - 0x00007ffaee435000 	C:\WINDOWS\SYSTEM32\CoreMessaging.dll
0x00007ffaf3aa0000 - 0x00007ffaf3aac000 	C:\WINDOWS\SYSTEM32\CRYPTBASE.DLL
0x00007ffaee8a0000 - 0x00007ffaee94a000 	C:\WINDOWS\system32\uxtheme.dll
0x00007ffaf66e0000 - 0x00007ffaf683b000 	C:\WINDOWS\System32\MSCTF.dll
0x00007ffabd8a0000 - 0x00007ffabd9ac000 	C:\WINDOWS\SYSTEM32\opengl32.dll
0x00007ffacdd30000 - 0x00007ffacdd5d000 	C:\WINDOWS\SYSTEM32\GLU32.dll
0x00007ffaf12f0000 - 0x00007ffaf1334000 	C:\WINDOWS\SYSTEM32\dxcore.dll
0x00007ffaeae00000 - 0x00007ffaeae63000 	C:\WINDOWS\SYSTEM32\directxdatabasehelper.dll
0x00007ffae0c10000 - 0x00007ffae0c2a000 	C:\WINDOWS\SYSTEM32\windows.staterepositorycore.dll
0x00007ffa47cb0000 - 0x00007ffa48ca3000 	C:\WINDOWS\System32\DriverStore\FileRepository\iigd_dch.inf_amd64_5802b1615520e41c\igxelpicd64.dll
0x00007ffaf64b0000 - 0x00007ffaf6648000 	C:\WINDOWS\System32\ole32.dll
0x00007ffaeeb50000 - 0x00007ffaeec8b000 	C:\WINDOWS\system32\dxgi.dll
0x00007ffa479c0000 - 0x00007ffa47ca7000 	C:\WINDOWS\System32\DriverStore\FileRepository\iigd_dch.inf_amd64_5802b1615520e41c\igdml64.dll
0x00007ffae6a70000 - 0x00007ffae6e37000 	C:\WINDOWS\System32\DriverStore\FileRepository\iigd_dch.inf_amd64_5802b1615520e41c\igdgmm64.dll
0x00007ffae33e0000 - 0x00007ffae69f1000 	C:\WINDOWS\System32\DriverStore\FileRepository\iigd_dch.inf_amd64_5802b1615520e41c\igc64.dll
0x00007ffac0770000 - 0x00007ffac08ba000 	C:\WINDOWS\SYSTEM32\textinputframework.dll
0x00007ffae93b0000 - 0x00007ffae9693000 	C:\WINDOWS\SYSTEM32\CoreUIComponents.dll
0x00007ffad9bf0000 - 0x00007ffad9c51000 	C:\Users\stas2\AppData\Local\Temp\lwjgl_stas2\3.3.4+7\x64\lwjgl_opengl.dll
0x00007ffad6360000 - 0x00007ffad6b54000 	C:\Users\stas2\AppData\Local\Temp\imgui-java-natives\1.89.0\imgui-java64.dll
0x00007ffada070000 - 0x00007ffada080000 	C:\Users\stas2\.jdks\openjdk-21.0.1\bin\verify.dll
0x00007ffad9b50000 - 0x00007ffad9bf0000 	C:\Users\stas2\AppData\Local\Temp\lwjgl_stas2\3.3.4+7\x64\lwjgl_stb.dll
0x00007ffad99c0000 - 0x00007ffad9b4e000 	C:\Users\stas2\.jdks\openjdk-21.0.1\bin\awt.dll
0x00007ffaee710000 - 0x00007ffaee7af000 	C:\WINDOWS\SYSTEM32\apphelp.dll
0x00007ffaf5cb0000 - 0x00007ffaf5da3000 	C:\WINDOWS\System32\COMDLG32.dll
0x00007ffaf6e70000 - 0x00007ffaf6f21000 	C:\WINDOWS\System32\clbcatq.dll
0x00007ffabdf10000 - 0x00007ffabdfc3000 	C:\WINDOWS\SYSTEM32\TextShaping.dll
0x00007ffacf3a0000 - 0x00007ffacf41a000 	C:\WINDOWS\SYSTEM32\OLEACC.dll
0x00007ffab53f0000 - 0x00007ffab5809000 	C:\WINDOWS\SYSTEM32\UIAutomationCore.DLL
0x00007ffac4b90000 - 0x00007ffac4bb9000 	C:\WINDOWS\SYSTEM32\edputil.dll
0x00007ffaecea0000 - 0x00007ffaed0d0000 	C:\WINDOWS\SYSTEM32\WindowsCodecs.dll
0x00007ffabbb60000 - 0x00007ffabbc28000 	C:\Windows\System32\OneCoreCommonProxyStub.dll
0x00007ffa9e3f0000 - 0x00007ffa9e45f000 	C:\Windows\System32\thumbcache.dll
0x00007ffaebea0000 - 0x00007ffaebfa4000 	C:\WINDOWS\system32\propsys.dll
0x00007ffab49c0000 - 0x00007ffab4a0f000 	C:\Windows\System32\vaultcli.dll
0x00007ffab1460000 - 0x00007ffab147b000 	C:\WINDOWS\system32\NetworkExplorer.dll
0x00007ffa96790000 - 0x00007ffa96838000 	C:\WINDOWS\SYSTEM32\ntshrui.dll
0x00007ffadb8a0000 - 0x00007ffadb8c9000 	C:\WINDOWS\SYSTEM32\srvcli.dll
0x00007ffac4d00000 - 0x00007ffac4d13000 	C:\WINDOWS\SYSTEM32\cscapi.dll
0x00007ffacc8f0000 - 0x00007ffacc9ae000 	C:\WINDOWS\System32\StructuredQuery.dll
0x00007ffadae50000 - 0x00007ffadb0ee000 	C:\WINDOWS\System32\icu.dll
0x00007ffadfa70000 - 0x00007ffae00be000 	C:\Windows\System32\OneCoreUAPCommonProxyStub.dll
0x00007ffabb960000 - 0x00007ffabbadb000 	C:\Windows\System32\Windows.System.Launcher.dll
0x00007ffaee640000 - 0x00007ffaee69a000 	C:\WINDOWS\system32\dataexchange.dll
0x00007ffabb820000 - 0x00007ffabb957000 	C:\WINDOWS\system32\Windows.Storage.Search.dll
0x00007ffaeaab0000 - 0x00007ffaeacf5000 	C:\WINDOWS\system32\twinapi.appcore.dll
0x00007ffabcea0000 - 0x00007ffabcf64000 	C:\Windows\System32\Windows.StateRepositoryPS.dll
0x00007ffadc850000 - 0x00007ffadca30000 	C:\Windows\System32\urlmon.dll
0x00007ffadbba0000 - 0x00007ffadbe65000 	C:\Windows\System32\iertutil.dll
0x00007ffaf2b50000 - 0x00007ffaf2b5d000 	C:\Windows\System32\netutils.dll
0x00007ffaf34e0000 - 0x00007ffaf3529000 	C:\Windows\System32\SspiCli.dll
0x00007ffa9a460000 - 0x00007ffa9a656000 	C:\Users\stas2\AppData\Local\Microsoft\OneDrive\25.179.0914.0003\FileSyncShell64.dll
0x00007ffaf4e30000 - 0x00007ffaf4fa7000 	C:\WINDOWS\System32\CRYPT32.dll
0x00007ffaf4260000 - 0x00007ffaf4286000 	C:\WINDOWS\SYSTEM32\bcrypt.dll
0x00007ffadd3f0000 - 0x00007ffadd679000 	C:\WINDOWS\SYSTEM32\WININET.dll
0x00007ffaee6d0000 - 0x00007ffaee6dd000 	C:\WINDOWS\SYSTEM32\Secur32.dll
0x00007ffaee6e0000 - 0x00007ffaee70a000 	C:\WINDOWS\SYSTEM32\WTSAPI32.dll
0x00007ffaf3870000 - 0x00007ffaf389b000 	C:\WINDOWS\SYSTEM32\USERENV.dll
0x00007ffa9ba40000 - 0x00007ffa9ba78000 	C:\Windows\System32\EhStorShell.dll
0x00007ffaf4fb0000 - 0x00007ffaf5438000 	C:\WINDOWS\System32\SETUPAPI.dll
0x00007ffad97e0000 - 0x00007ffad9908000 	C:\Users\stas2\AppData\Local\Temp\lwjgl_stas2\3.3.4+7\x64\draco.dll
0x00007ffad4010000 - 0x00007ffad46cb000 	C:\Users\stas2\AppData\Local\Temp\lwjgl_stas2\3.3.4+7\x64\assimp.dll

dbghelp: loaded successfully - version: 4.0.5 - missing functions: none
symbol engine: initialized successfully - sym options: 0x614 - pdb path: .;C:\Users\stas2\.jdks\openjdk-21.0.1\bin;C:\WINDOWS\SYSTEM32;C:\WINDOWS\WinSxS\amd64_microsoft.windows.common-controls_6595b64144ccf1df_6.0.26100.6899_none_3e0efeeae32e88c1;C:\Users\stas2\.jdks\openjdk-21.0.1\bin\server;C:\IntelliJ IDEA Community Edition 2021.3.2\IntelliJ IDEA Community Edition 2023.2.1\bin;C:\Users\stas2\AppData\Local\Temp\lwjgl_stas2\3.3.4+7\x64;C:\WINDOWS\System32\DriverStore\FileRepository\iigd_dch.inf_amd64_5802b1615520e41c;C:\Users\stas2\AppData\Local\Temp\imgui-java-natives\1.89.0;C:\Users\stas2\AppData\Local\Microsoft\OneDrive\25.179.0914.0003

VM Arguments:
jvm_args: -javaagent:C:\IntelliJ IDEA Community Edition 2021.3.2\IntelliJ IDEA Community Edition 2023.2.1\lib\idea_rt.jar=50064:C:\IntelliJ IDEA Community Edition 2021.3.2\IntelliJ IDEA Community Edition 2023.2.1\bin -Dfile.encoding=windows-1252 -Dsun.stdout.encoding=windows-1252 -Dsun.stderr.encoding=windows-1252 --module-path=C:\Users\stas2\.m2\repository\com\fasterxml\jackson\core\jackson-databind\2.17.2\jackson-databind-2.17.2.jar;C:\Users\stas2\.m2\repository\org\joml\joml-primitives\1.10.0\joml-primitives-1.10.0.jar;C:\Users\stas2\.m2\repository\io\github\spair\imgui-java-binding\1.89.0\imgui-java-binding-1.89.0.jar;C:\Users\stas2\.m2\repository\org\lwjgl\lwjgl-stb\3.3.4\lwjgl-stb-3.3.4.jar;C:\Users\stas2\.m2\repository\io\github\spair\imgui-java-lwjgl3\1.89.0\imgui-java-lwjgl3-1.89.0.jar;C:\Users\stas2\.m2\repository\com\fasterxml\jackson\core\jackson-core\2.17.2\jackson-core-2.17.2.jar;C:\Users\stas2\.m2\repository\org\lwjgl\lwjgl\3.3.4\lwjgl-3.3.4.jar;O:\GIt\MultiplayerShooter\target\classes;C:\Users\stas2\.m2\repository\org\lwjgl\lwjgl-vulkan\3.3.4\lwjgl-vulkan-3.3.4.jar;C:\Users\stas2\.m2\repository\org\lwjgl\lwjgl-glfw\3.3.4\lwjgl-glfw-3.3.4.jar;C:\Users\stas2\.m2\repository\org\lwjgl\lwjgl-opengl\3.3.4\lwjgl-opengl-3.3.4.jar;C:\Users\stas2\.m2\repository\org\joml\joml\1.10.7\joml-1.10.7.jar;C:\Users\stas2\.m2\repository\com\fasterxml\jackson\core\jackson-annotations\2.17.2\jackson-annotations-2.17.2.jar;C:\Users\stas2\.m2\repository\org\lwjgl\lwjgl-assimp\3.3.4\lwjgl-assimp-3.3.4.jar -Djdk.module.main=com.bedrye.bjge 
java_command: com.bedrye.bjge/com.bedrye.bjge.TestMain
java_class_path (initial): C:\Users\stas2\.m2\repository\io\github\spair\imgui-java-natives-windows\1.89.0\imgui-java-natives-windows-1.89.0.jar;C:\Users\stas2\.m2\repository\org\junit\jupiter\junit-jupiter-api\5.9.2\junit-jupiter-api-5.9.2.jar;C:\Users\stas2\.m2\repository\org\opentest4j\opentest4j\1.2.0\opentest4j-1.2.0.jar;C:\Users\stas2\.m2\repository\org\junit\platform\junit-platform-commons\1.9.2\junit-platform-commons-1.9.2.jar;C:\Users\stas2\.m2\repository\org\apiguardian\apiguardian-api\1.1.2\apiguardian-api-1.1.2.jar;C:\Users\stas2\.m2\repository\org\junit\jupiter\junit-jupiter-engine\5.9.2\junit-jupiter-engine-5.9.2.jar;C:\Users\stas2\.m2\repository\org\junit\platform\junit-platform-engine\1.9.2\junit-platform-engine-1.9.2.jar;C:\Users\stas2\.m2\repository\org\lwjgl\lwjgl-bgfx\3.3.4\lwjgl-bgfx-3.3.4.jar;C:\Users\stas2\.m2\repository\org\lwjgl\lwjgl-nanovg\3.3.4\lwjgl-nanovg-3.3.4.jar;C:\Users\stas2\.m2\repository\org\lwjgl\lwjgl-nuklear\3.3.4\lwjgl-nuklear-3.3.4.jar;C:\Users\stas2\.m2\repository\org\lwjgl\lwjgl-openal\3.3.4\lwjgl-openal-3.3.4.jar;C:\Users\stas2\.m2\repository\org\lwjgl\lwjgl-par\3.3.4\lwjgl-par-3.3.4.jar;C:\Users\stas2\.m2\repository\org\lwjgl\lwjgl\3.3.4\lwjgl-3.3.4-natives-windows.jar;C:\Users\stas2\.m2\repository\org\lwjgl\lwjgl-assimp\3.3.4\lwjgl-assimp-3.3.4-natives-windows.jar;C:\Users\stas2\.m2\repository\org\lwjgl\lwjgl-bgfx\3.3.4\lwjgl-bgfx-3.3.4-natives-windows.jar;C:\Users\stas2\.m2\repository\org\lwjgl\lwjgl-glfw\3.3.4\lwjgl-glfw-3.3.4-natives-windows.jar;C:\Users\stas2\.m2\repository\org\lwjgl\lwjgl-nanovg\3.3.4\lwjgl-nanovg-3.3.4-natives-windows.jar;C:\Users\stas2\.m2\repository\org\lwjgl\lwjgl-nuklear\3.3.4\lwjgl-nuklear-3.3.4-natives-windows.jar;C:\Users\stas2\.m2\repository\org\lwjgl\lwjgl-openal\3.3.4\lwjgl-openal-3.3.4-natives-windows.jar;C:\Users\stas2\.m2\repository\org\lwjgl\lwjgl-opengl\3.3.4\lwjgl-opengl-3.3.4-natives-windows.jar;C:\Users\stas2\.m2\repository\org\lwjgl\lwjgl-par\3.3.4\lwjgl-par-3.3.4-natives-windows.jar;C:\Users\stas2\.m2\repository\org\lwjgl\lwjgl-stb\3.3.4\lwjgl-stb-3.3.4-natives-windows.jar
Launcher Type: SUN_STANDARD

[Global flags]
     intx CICompilerCount                          = 4                                         {product} {ergonomic}
     uint ConcGCThreads                            = 3                                         {product} {ergonomic}
     uint G1ConcRefinementThreads                  = 10                                        {product} {ergonomic}
   size_t G1HeapRegionSize                         = 2097152                                   {product} {ergonomic}
    uintx GCDrainStackTargetSize                   = 64                                        {product} {ergonomic}
   size_t InitialHeapSize                          = 266338304                                 {product} {ergonomic}
   size_t MarkStackSize                            = 4194304                                   {product} {ergonomic}
   size_t MaxHeapSize                              = 4238344192                                {product} {ergonomic}
   size_t MaxNewSize                               = 2541748224                                {product} {ergonomic}
   size_t MinHeapDeltaBytes                        = 2097152                                   {product} {ergonomic}
   size_t MinHeapSize                              = 8388608                                   {product} {ergonomic}
    uintx NonNMethodCodeHeapSize                   = 5839372                                {pd product} {ergonomic}
    uintx NonProfiledCodeHeapSize                  = 122909434                              {pd product} {ergonomic}
    uintx ProfiledCodeHeapSize                     = 122909434                              {pd product} {ergonomic}
    uintx ReservedCodeCacheSize                    = 251658240                              {pd product} {ergonomic}
     bool SegmentedCodeCache                       = true                                      {product} {ergonomic}
   size_t SoftMaxHeapSize                          = 4238344192                             {manageable} {ergonomic}
     bool UseCompressedOops                        = true                           {product lp64_product} {ergonomic}
     bool UseG1GC                                  = true                                      {product} {ergonomic}
     bool UseLargePagesIndividualAllocation        = false                                  {pd product} {ergonomic}

Logging:
Log output configuration:
 #0: stdout all=off uptime,level,tags foldmultilines=false
 #1: stderr all=off uptime,level,tags foldmultilines=false

Environment Variables:
JAVA_HOME=C:\Program Files\Java\jdk-21
PATH=C:\Program Files\PlasticSCM5\server;C:\Program Files\PlasticSCM5\client;C:\Program Files\NVIDIA GPU Computing Toolkit\CUDA\v12.6\bin;C:\Program Files\NVIDIA GPU Computing Toolkit\CUDA\v12.6\libnvvp;C:\Program Files\Common Files\Oracle\Java\javapath;C:\Windows\system32;C:\Windows;C:\Program Files\Java\jdk-11.0.2\bin;C:\Windows\System32\Wbem;C:\ORacleDatabase\dbhomeXE\bin;C:\Windows\System32\WindowsPowerShell\v1.0\;C:\Windows\System32\OpenSSH\;C:\Program Files (x86)\NVIDIA Corporation\PhysX\Common;C:\Program Files\NVIDIA Corporation\NVIDIA NvDLISR;C:\Program Files\Git LFS;C:\Program Files\Git\cmd;C:\Program Files (x86)\Windows Kits\10\Windows Performance Toolkit\;C:\Program Files (x86)\Steam\steamapps\common\Counter-Strike Global Offensive\game\bin\win64;C:\Users\stas2\AppData\Local\Programs\Python\Python311;C:\Program Files\dotnet\;C:\Program Files\Microsoft SQL Server\150\Tools\Binn\;C:\Program Files\Microsoft SQL Server\Client SDK\ODBC\170\Tools\Binn\;C:\Program Files\NVIDIA Corporation\Nsight Compute 2024.3.2\;C:\Program Files (x86)\Microsoft SQL Server\160\Tools\Binn\;C:\Program Files\Microsoft SQL Server\160\Tools\Binn\;C:\Program Files\Microsoft SQL Server\160\DTS\Binn\;C:\Program Files (x86)\Microsoft SQL Server\160\DTS\Binn\;C:\WINDOWS\system32;C:\WINDOWS;C:\WINDOWS\System32\Wbem;C:\WINDOWS\System32\WindowsPowerShell\v1.0\;C:\WINDOWS\System32\OpenSSH\;C:\Program Files\Docker\Docker\resources\bin;O:\npdejs\;C:\Users\stas2\AppData\Local\Programs\Python\Python312\Scripts;C:\Users\stas2\AppData\Local\Microsoft\WindowsApps;C:\Users\stas2\AppData\Local\Programs\Microsoft VS Code\bin;C:\Users\stas2\AppData\Local\GitHubDesktop\bin;C:\Users\stas2\AppData\Local\Programs\Python\Python311;C:\Program Files (x86)\Steam\steamapps\common\Counter-Strike Global Offensive\game\bin\win64;C:\Users\stas2\.dotnet\tools;C:\Users\stas2\AppData\Local\Muse Hub\lib;C:\Users\stas2\AppData\Roaming\npm;C:\Users\stas2\AppData\Local\Programs\Python\Python312\Scripts;
USERNAME=stas2
OS=Windows_NT
PROCESSOR_IDENTIFIER=Intel64 Family 6 Model 141 Stepping 1, GenuineIntel
TMP=C:\Users\stas2\AppData\Local\Temp
TEMP=C:\Users\stas2\AppData\Local\Temp




Periodic native trim disabled

---------------  S Y S T E M  ---------------

OS:
 Windows 11 , 64 bit Build 26100 (10.0.26100.6725)
OS uptime: 0 days 18:43 hours
Hyper-V role detected

CPU: total 12 (initial active 12) (6 cores per cpu, 2 threads per core) family 6 model 141 stepping 1 microcode 0x3c, cx8, cmov, fxsr, ht, mmx, 3dnowpref, sse, sse2, sse3, ssse3, sse4.1, sse4.2, popcnt, lzcnt, tsc, tscinvbit, avx, avx2, aes, erms, clmul, bmi1, bmi2, adx, avx512f, avx512dq, avx512cd, avx512bw, avx512vl, sha, fma, vzeroupper, avx512_vpopcntdq, avx512_vpclmulqdq, avx512_vaes, avx512_vnni, clflush, clflushopt, clwb, avx512_vbmi2, avx512_vbmi, hv, rdtscp, rdpid, fsrm, gfni, avx512_bitalg, f16c, cet_ibt, cet_ss, avx512_ifma
Processor Information for all 12 processors :
  Max Mhz: 2688, Current Mhz: 2688, Mhz Limit: 2688

Memory: 4k page, system-wide physical 16163M (1489M free)
TotalPageFile size 42787M (AvailPageFile size 11497M)
current process WorkingSet (physical memory assigned to process): 334M, peak: 353M
current process commit charge ("private bytes"): 271M, peak: 474M

vm_info: OpenJDK 64-Bit Server VM (21.0.1+12-29) for windows-amd64 JRE (21.0.1+12-29), built on 2023-10-05T13:27:09Z by "mach5one" with MS VC++ 17.1 (VS2022)

END.
