#
# A fatal error has been detected by the Java Runtime Environment:
#
#  EXCEPTION_ACCESS_VIOLATION (0xc0000005) at pc=0x00007ffc2cf9366c, pid=15812, tid=27692
#
# JRE version: OpenJDK Runtime Environment (20.0.2+9) (build 20.0.2+9-78)
# Java VM: OpenJDK 64-Bit Server VM (20.0.2+9-78, mixed mode, sharing, tiered, compressed oops, compressed class ptrs, g1 gc, windows-amd64)
# Problematic frame:
# C  [igxelpicd64.dll+0x13366c]
#
# No core dump will be written. Minidumps are not enabled by default on client versions of Windows
#
# If you would like to submit a bug report, please visit:
#   https://bugreport.java.com/bugreport/crash.jsp
#

---------------  S U M M A R Y ------------

Command Line: -javaagent:C:\IntelliJ IDEA Community Edition 2021.3.2\IntelliJ IDEA Community Edition 2023.2.1\lib\idea_rt.jar=54711:C:\IntelliJ IDEA Community Edition 2021.3.2\IntelliJ IDEA Community Edition 2023.2.1\bin -Dfile.encoding=windows-1252 -Dsun.stdout.encoding=windows-1252 -Dsun.stderr.encoding=windows-1252 --module-path=C:\Users\stas2\.m2\repository\org\lwjgl\lwjgl-assimp\3.3.4\lwjgl-assimp-3.3.4.jar;C:\Users\stas2\.m2\repository\org\lwjgl\lwjgl-vulkan\3.3.4\lwjgl-vulkan-3.3.4.jar;C:\Users\stas2\.m2\repository\org\lwjgl\lwjgl-stb\3.3.4\lwjgl-stb-3.3.4.jar;C:\Users\stas2\.m2\repository\org\lwjgl\lwjgl\3.3.4\lwjgl-3.3.4.jar;C:\Users\stas2\.m2\repository\org\lwjgl\lwjgl-glfw\3.3.4\lwjgl-glfw-3.3.4.jar;C:\Users\stas2\.m2\repository\org\lwjgl\lwjgl-opengl\3.3.4\lwjgl-opengl-3.3.4.jar;C:\Users\stas2\.m2\repository\org\joml\joml-primitives\1.10.0\joml-primitives-1.10.0.jar;C:\Users\stas2\.m2\repository\org\joml\joml\1.10.7\joml-1.10.7.jar;O:\GIt\MultiplayerShooter\target\classes -Djdk.module.main=com.bedrye.multiplayershooter com.bedrye.multiplayershooter/com.bedrye.bjge.GameEngine.TestMain

Host: 11th Gen Intel(R) Core(TM) i5-11400H @ 2.70GHz, 12 cores, 15G,  Windows 11 , 64 bit Build 26100 (10.0.26100.4202)
Time: Tue Jul  8 10:26:46 2025 FLE Summer Time elapsed time: 29.321103 seconds (0d 0h 0m 29s)

---------------  T H R E A D  ---------------

Current thread (0x0000016ce65f63a0):  VMThread "VM Thread" [stack: 0x0000001611e00000,0x0000001611f00000] [id=27692]

Stack: [0x0000001611e00000,0x0000001611f00000],  sp=0x0000001611efe480,  free space=1017k
Native frames: (J=compiled Java code, j=interpreted, Vv=VM code, C=native code)
C  [igxelpicd64.dll+0x13366c]


siginfo: EXCEPTION_ACCESS_VIOLATION (0xc0000005), reading address 0x00000000000356f8


Registers:
RAX=0x0000016ceb842e88, RBX=0x0000016ceb842d80, RCX=0x0000000000000000, RDX=0x0000000000000000
RSP=0x0000001611efe480, RBP=0x0000000000000000, RSI=0x0000016ceb843350, RDI=0x0000016ceb4e7250
R8 =0x0000000000000014, R9 =0x00000016112b2000, R10=0x0000000000000000, R11=0x0000000000000000
R12=0x0000000000000000, R13=0x0000016ceb8a4e70, R14=0x000000000024ff00, R15=0x0000000000000016
RIP=0x00007ffc2cf9366c, EFLAGS=0x0000000000010206


Register to memory mapping:

RIP=0x00007ffc2cf9366c igxelpicd64.dll
RAX=0x0000016ceb842e88 points into unknown readable memory: 0x000000000024f752 | 52 f7 24 00 00 00 00 00
RBX=0x0000016ceb842d80 points into unknown readable memory: 0x0000016ceb59f950 | 50 f9 59 eb 6c 01 00 00
RCX=0x0 is NULL
RDX=0x0 is NULL
RSP=0x0000001611efe480 points into unknown readable memory: 0x0000016ceb4610f0 | f0 10 46 eb 6c 01 00 00
RBP=0x0 is NULL
RSI=0x0000016ceb843350 points into unknown readable memory: 0x0000016ceb8a4e70 | 70 4e 8a eb 6c 01 00 00
RDI=0x0000016ceb4e7250 points into unknown readable memory: 0x0000016ceb4bdf01 | 01 df 4b eb 6c 01 00 00
R8 =0x0000000000000014 is an unknown value
R9 =0x00000016112b2000 points into unknown readable memory: 0x0000000000000000 | 00 00 00 00 00 00 00 00
R10=0x0 is NULL
R11=0x0 is NULL
R12=0x0 is NULL
R13=0x0000016ceb8a4e70 points into unknown readable memory: 0x0000016ceb59f950 | 50 f9 59 eb 6c 01 00 00
R14=0x000000000024ff00 is an unknown value
R15=0x0000000000000016 is an unknown value


Top of Stack: (sp=0x0000001611efe480)
0x0000001611efe480:   0000016ceb4610f0 0000000000000000
0x0000001611efe490:   0000016ceb90b880 00007ffcabdc5b24
0x0000001611efe4a0:   0000016ceb90b880 00007ffc2cea5db3
0x0000001611efe4b0:   000000007a000004 0000000000000000
0x0000001611efe4c0:   0000016ceb9002b8 000000000024ff35
0x0000001611efe4d0:   0000000000000000 0000000000000010
0x0000001611efe4e0:   0000000000000000 0000000000000000
0x0000001611efe4f0:   0000001611efe600 00007ffc2d10bc3c
0x0000001611efe500:   0000016ceb4610f0 0000016ceb4e7250
0x0000001611efe510:   0000016ceb8fff00 0000016ceb8cb400
0x0000001611efe520:   0000001600000678 0000b80200000000
0x0000001611efe530:   0000000000000000 02bfc7b50316fdb4
0x0000001611efe540:   009702b800000028 0000800400112000
0x0000001611efe550:   029d43ba033305ba 02a3b4ba02dc74ba
0x0000001611efe560:   0363f0ba034cdeba 00007ffc2d1019a0
0x0000001611efe570:   02e535bc00000000 0360dcbc00b46ebc
0x0000001611efe580:   0000000000000000 0000000000000000
0x0000001611efe590:   0344df0000000000 0000000000000000
0x0000001611efe5a0:   0000000000000000 00007ffc2cee3cdf
0x0000001611efe5b0:   0000b80200000000 0000000000000678
0x0000001611efe5c0:   0000000000000000 4000188000000001
0x0000001611efe5d0:   0000000000000000 0000000000000000
0x0000001611efe5e0:   0000000000000000 0000000000000000
0x0000001611efe5f0:   0000000000000000 0000000000000000
0x0000001611efe600:   0000000000000000 0000000000000000
0x0000001611efe610:   0000000000000000 0000000000000000
0x0000001611efe620:   0000000000000000 0000000000000000
0x0000001611efe630:   0000000000000000 0000000000000000
0x0000001611efe640:   0000000000000000 0000000000000000
0x0000001611efe650:   0000000000000000 0000000000000000
0x0000001611efe660:   0000000000000000 0000000000000000
0x0000001611efe670:   0000000000000000 0000000000000000 

Instructions: (pc=0x00007ffc2cf9366c)
0x00007ffc2cf9356c:   ec 40 45 8a e1 48 8b fa 48 8b e9 48 8b 1d 42 08
0x00007ffc2cf9357c:   e0 00 48 89 58 08 48 8b cb ff 15 85 5b 9a 00 90
0x00007ffc2cf9358c:   4c 8b af 78 02 00 00 48 8b 05 c6 e4 cf 00 44 8b
0x00007ffc2cf9359c:   b8 40 0b 00 00 45 33 db 45 8a f3 4c 89 9f 78 02
0x00007ffc2cf935ac:   00 00 44 89 9f 80 02 00 00 4c 89 9f 98 02 00 00
0x00007ffc2cf935bc:   4c 89 9f 88 02 00 00 48 85 ed 75 38 8b 35 4a e2
0x00007ffc2cf935cc:   df 00 65 48 8b 04 25 58 00 00 00 b9 14 00 00 00
0x00007ffc2cf935dc:   48 8b 04 f0 44 38 1c 01 0f 84 9d da 86 00 65 48
0x00007ffc2cf935ec:   8b 04 25 58 00 00 00 bd 20 00 00 00 48 8b 04 f0
0x00007ffc2cf935fc:   48 8b 2c 28 48 3b 2d 39 07 e0 00 45 0f 44 fb 4d
0x00007ffc2cf9360c:   85 ed 0f 84 21 01 00 00 44 8a a4 24 90 00 00 00
0x00007ffc2cf9361c:   49 8b dd 49 8d b5 d0 05 00 00 4c 8b 2e 45 84 e4
0x00007ffc2cf9362c:   0f 85 2a 03 00 00 8b 97 c8 01 00 00 48 8b 05 21
0x00007ffc2cf9363c:   e4 cf 00 83 b8 78 03 00 00 02 75 31 83 fa 10 0f
0x00007ffc2cf9364c:   83 20 01 00 00 48 8d 04 d5 21 00 00 00 48 03 c2
0x00007ffc2cf9365c:   48 8d 04 c3 48 85 c0 0f 85 ff 00 00 00 49 8b cb
0x00007ffc2cf9366c:   48 3b 8d f8 56 03 00 0f 87 f3 02 00 00 4c 39 9b
0x00007ffc2cf9367c:   48 06 00 00 0f 85 41 da 86 00 44 8b 97 c8 01 00
0x00007ffc2cf9368c:   00 48 8b 87 e0 01 00 00 4c 8b 08 8b 97 c8 01 00
0x00007ffc2cf9369c:   00 83 fa 10 0f 83 03 01 00 00 48 8d 04 d5 21 00
0x00007ffc2cf936ac:   00 00 48 03 c2 48 8d 04 c3 48 85 c0 0f 85 e2 00
0x00007ffc2cf936bc:   00 00 49 8b cb 49 3b c9 0f 86 0e 01 00 00 48 8b
0x00007ffc2cf936cc:   87 78 02 00 00 48 89 06 48 89 9f 78 02 00 00 ff
0x00007ffc2cf936dc:   87 80 02 00 00 48 8b 43 08 48 8b 88 18 01 00 00
0x00007ffc2cf936ec:   48 81 e1 00 00 ff ff 48 81 c1 00 00 01 00 48 01
0x00007ffc2cf936fc:   8f 88 02 00 00 48 8b 43 08 48 8b 88 18 01 00 00
0x00007ffc2cf9370c:   48 01 8f 98 02 00 00 4d 85 ed 0f 85 00 ff ff ff
0x00007ffc2cf9371c:   45 84 f6 44 8a a4 24 98 00 00 00 0f 85 82 03 00
0x00007ffc2cf9372c:   00 48 8b 9c 24 80 00 00 00 48 8b cf 45 84 e4 0f
0x00007ffc2cf9373c:   85 8a 03 00 00 e8 fa f9 ff ff 90 48 8b cb 48 8b
0x00007ffc2cf9374c:   9c 24 88 00 00 00 48 83 c4 40 41 5f 41 5e 41 5d
0x00007ffc2cf9375c:   41 5c 5f 5e 5d 48 ff 25 b0 59 9a 00 48 8b 48 08 


Stack slot to memory mapping:
stack at sp + 0 slots: 0x0000016ceb4610f0 points into unknown readable memory: 0xffffffffffffffff | ff ff ff ff ff ff ff ff
stack at sp + 1 slots: 0x0 is NULL
stack at sp + 2 slots: 0x0000016ceb90b880 points into unknown readable memory: 0x0000000000000001 | 01 00 00 00 00 00 00 00
stack at sp + 3 slots: 0x00007ffcabdc5b24 ntdll.dll
stack at sp + 4 slots: 0x0000016ceb90b880 points into unknown readable memory: 0x0000000000000001 | 01 00 00 00 00 00 00 00
stack at sp + 5 slots: 0x00007ffc2cea5db3 igxelpicd64.dll
stack at sp + 6 slots: 0x000000007a000004 is an unknown value
stack at sp + 7 slots: 0x0 is NULL

VM_Operation (0x00000016128ff190): Exit, mode: safepoint, requested by thread 0x0000016cead20910


---------------  P R O C E S S  ---------------

Threads class SMR info:
_java_thread_list=0x0000016cf2141070, length=13, elements={
0x0000016cc51e4820, 0x0000016ce660e6e0, 0x0000016cead184b0, 0x0000016cead1be00,
0x0000016cead1ece0, 0x0000016cead1fa30, 0x0000016cead228f0, 0x0000016cead2cbe0,
0x0000016cead32ba0, 0x0000016cead21900, 0x0000016cead22e40, 0x0000016cead238e0,
0x0000016cead20910
}

Java Threads: ( => current thread )
  0x0000016cc51e4820 JavaThread "main" [_thread_blocked, id=15336, stack(0x0000001611800000,0x0000001611900000)]
  0x0000016ce660e6e0 JavaThread "Reference Handler" daemon [_thread_blocked, id=23232, stack(0x0000001611f00000,0x0000001612000000)]
  0x0000016cead184b0 JavaThread "Finalizer" daemon [_thread_blocked, id=23272, stack(0x0000001612000000,0x0000001612100000)]
  0x0000016cead1be00 JavaThread "Signal Dispatcher" daemon [_thread_blocked, id=8876, stack(0x0000001612100000,0x0000001612200000)]
  0x0000016cead1ece0 JavaThread "Attach Listener" daemon [_thread_blocked, id=30920, stack(0x0000001612200000,0x0000001612300000)]
  0x0000016cead1fa30 JavaThread "Service Thread" daemon [_thread_blocked, id=31448, stack(0x0000001612300000,0x0000001612400000)]
  0x0000016cead228f0 JavaThread "Monitor Deflation Thread" daemon [_thread_blocked, id=2908, stack(0x0000001612400000,0x0000001612500000)]
  0x0000016cead2cbe0 JavaThread "C2 CompilerThread0" daemon [_thread_blocked, id=1072, stack(0x0000001612500000,0x0000001612600000)]
  0x0000016cead32ba0 JavaThread "C1 CompilerThread0" daemon [_thread_blocked, id=29468, stack(0x0000001612600000,0x0000001612700000)]
  0x0000016cead21900 JavaThread "Common-Cleaner" daemon [_thread_blocked, id=13428, stack(0x0000001612700000,0x0000001612800000)]
  0x0000016cead22e40 JavaThread "Monitor Ctrl-Break" daemon [_thread_in_native, id=29904, stack(0x0000001612a00000,0x0000001612b00000)]
  0x0000016cead238e0 JavaThread "Notification Thread" daemon [_thread_blocked, id=30160, stack(0x0000001612b00000,0x0000001612c00000)]
  0x0000016cead20910 JavaThread "SIGINT handler" daemon [_thread_blocked, id=1284, stack(0x0000001612800000,0x0000001612900000)]

Other Threads:
=>0x0000016ce65f63a0 VMThread "VM Thread" [stack: 0x0000001611e00000,0x0000001611f00000] [id=27692]
  0x0000016cc5254af0 WorkerThread "GC Thread#0" [stack: 0x0000001611900000,0x0000001611a00000] [id=27352]
  0x0000016cf1795460 WorkerThread "GC Thread#1" [stack: 0x0000001613200000,0x0000001613300000] [id=25828]
  0x0000016cf1795cd0 WorkerThread "GC Thread#2" [stack: 0x0000001613300000,0x0000001613400000] [id=14824]
  0x0000016cf1796270 WorkerThread "GC Thread#3" [stack: 0x0000001613400000,0x0000001613500000] [id=29704]
  0x0000016cf1795a00 WorkerThread "GC Thread#4" [stack: 0x0000001613500000,0x0000001613600000] [id=11164]
  0x0000016cf1795fa0 WorkerThread "GC Thread#5" [stack: 0x0000001613600000,0x0000001613700000] [id=18300]
  0x0000016cf1795730 WorkerThread "GC Thread#6" [stack: 0x0000001613700000,0x0000001613800000] [id=15868]
  0x0000016cf1794650 WorkerThread "GC Thread#7" [stack: 0x0000001613800000,0x0000001613900000] [id=16248]
  0x0000016cf1794920 WorkerThread "GC Thread#8" [stack: 0x0000001613900000,0x0000001613a00000] [id=30272]
  0x0000016cf1794bf0 WorkerThread "GC Thread#9" [stack: 0x0000001613a00000,0x0000001613b00000] [id=16780]
  0x0000016cc5265690 ConcurrentGCThread "G1 Main Marker" terminated
  0x0000016cc5266f30 WorkerThread "G1 Conc#0" [stack: 0x0000001611b00000,0x0000001611c00000] [id=5528]
  0x0000016cc529e940 ConcurrentGCThread "G1 Refine#0" terminated
  0x0000016ce64a47f0 ConcurrentGCThread "G1 Service" terminated

Threads with active compile tasks:

VM state: at safepoint (shutting down)

VM Mutex/Monitor currently owned by a thread:  ([mutex/lock_event])
[0x0000016cc51e1c10] Threads_lock - owner thread: 0x0000016ce65f63a0
[0x0000016cc51e2cf0] Heap_lock - owner thread: 0x0000016cead20910

Heap address: 0x0000000703600000, size: 4042 MB, Compressed Oops mode: Zero based, Oop shift amount: 3

CDS archive(s) mapped at: [0x0000016c80000000-0x0000016c80c60000-0x0000016c80c60000), size 12976128, SharedBaseAddress: 0x0000016c80000000, ArchiveRelocationMode: 1.
Compressed class space mapped at: 0x0000016c81000000-0x0000016cc1000000, reserved size: 1073741824
Narrow klass base: 0x0000016c80000000, Narrow klass shift: 0, Narrow klass range: 0x100000000

GC Precious Log:
 CardTable entry size: 512
 Card Set container configuration: InlinePtr #cards 4 size 8 Array Of Cards #cards 16 size 48 Howl #buckets 8 coarsen threshold 3686 Howl Bitmap #cards 512 size 80 coarsen threshold 460 Card regions per heap region 1 cards per card region 4096
 CPUs: 12 total, 12 available
 Memory: 16163M
 Large Page Support: Disabled
 NUMA Support: Disabled
 Compressed Oops: Enabled (Zero based)
 Heap Region Size: 2M
 Heap Min Capacity: 8M
 Heap Initial Capacity: 254M
 Heap Max Capacity: 4042M
 Pre-touch: Disabled
 Parallel Workers: 10
 Concurrent Workers: 3
 Concurrent Refinement Workers: 10
 Periodic GC: Disabled

Heap:
 garbage-first heap   total 260096K, used 32373K [0x0000000703600000, 0x0000000800000000)
  region size 2048K, 17 young (34816K), 2 survivors (4096K)
 Metaspace       used 7886K, committed 8128K, reserved 1114112K
  class space    used 449K, committed 576K, reserved 1048576K

Heap Regions: E=young(eden), S=young(survivor), O=old, HS=humongous(starts), HC=humongous(continues), CS=collection set, F=free, OA=open archive, CA=closed archive, TAMS=top-at-mark-start, PB=parsable bottom
|   0|0x0000000703600000, 0x0000000703600000, 0x0000000703800000|  0%| F|  |TAMS 0x0000000703600000| PB 0x0000000703600000| Untracked 
|   1|0x0000000703800000, 0x0000000703800000, 0x0000000703a00000|  0%| F|  |TAMS 0x0000000703800000| PB 0x0000000703800000| Untracked 
|   2|0x0000000703a00000, 0x0000000703a00000, 0x0000000703c00000|  0%| F|  |TAMS 0x0000000703a00000| PB 0x0000000703a00000| Untracked 
|   3|0x0000000703c00000, 0x0000000703c00000, 0x0000000703e00000|  0%| F|  |TAMS 0x0000000703c00000| PB 0x0000000703c00000| Untracked 
|   4|0x0000000703e00000, 0x0000000703e00000, 0x0000000704000000|  0%| F|  |TAMS 0x0000000703e00000| PB 0x0000000703e00000| Untracked 
|   5|0x0000000704000000, 0x0000000704000000, 0x0000000704200000|  0%| F|  |TAMS 0x0000000704000000| PB 0x0000000704000000| Untracked 
|   6|0x0000000704200000, 0x0000000704200000, 0x0000000704400000|  0%| F|  |TAMS 0x0000000704200000| PB 0x0000000704200000| Untracked 
|   7|0x0000000704400000, 0x0000000704400000, 0x0000000704600000|  0%| F|  |TAMS 0x0000000704400000| PB 0x0000000704400000| Untracked 
|   8|0x0000000704600000, 0x0000000704600000, 0x0000000704800000|  0%| F|  |TAMS 0x0000000704600000| PB 0x0000000704600000| Untracked 
|   9|0x0000000704800000, 0x0000000704800000, 0x0000000704a00000|  0%| F|  |TAMS 0x0000000704800000| PB 0x0000000704800000| Untracked 
|  10|0x0000000704a00000, 0x0000000704a00000, 0x0000000704c00000|  0%| F|  |TAMS 0x0000000704a00000| PB 0x0000000704a00000| Untracked 
|  11|0x0000000704c00000, 0x0000000704c00000, 0x0000000704e00000|  0%| F|  |TAMS 0x0000000704c00000| PB 0x0000000704c00000| Untracked 
|  12|0x0000000704e00000, 0x0000000704e00000, 0x0000000705000000|  0%| F|  |TAMS 0x0000000704e00000| PB 0x0000000704e00000| Untracked 
|  13|0x0000000705000000, 0x0000000705000000, 0x0000000705200000|  0%| F|  |TAMS 0x0000000705000000| PB 0x0000000705000000| Untracked 
|  14|0x0000000705200000, 0x0000000705200000, 0x0000000705400000|  0%| F|  |TAMS 0x0000000705200000| PB 0x0000000705200000| Untracked 
|  15|0x0000000705400000, 0x0000000705400000, 0x0000000705600000|  0%| F|  |TAMS 0x0000000705400000| PB 0x0000000705400000| Untracked 
|  16|0x0000000705600000, 0x0000000705600000, 0x0000000705800000|  0%| F|  |TAMS 0x0000000705600000| PB 0x0000000705600000| Untracked 
|  17|0x0000000705800000, 0x0000000705800000, 0x0000000705a00000|  0%| F|  |TAMS 0x0000000705800000| PB 0x0000000705800000| Untracked 
|  18|0x0000000705a00000, 0x0000000705a00000, 0x0000000705c00000|  0%| F|  |TAMS 0x0000000705a00000| PB 0x0000000705a00000| Untracked 
|  19|0x0000000705c00000, 0x0000000705c00000, 0x0000000705e00000|  0%| F|  |TAMS 0x0000000705c00000| PB 0x0000000705c00000| Untracked 
|  20|0x0000000705e00000, 0x0000000705e00000, 0x0000000706000000|  0%| F|  |TAMS 0x0000000705e00000| PB 0x0000000705e00000| Untracked 
|  21|0x0000000706000000, 0x0000000706000000, 0x0000000706200000|  0%| F|  |TAMS 0x0000000706000000| PB 0x0000000706000000| Untracked 
|  22|0x0000000706200000, 0x0000000706200000, 0x0000000706400000|  0%| F|  |TAMS 0x0000000706200000| PB 0x0000000706200000| Untracked 
|  23|0x0000000706400000, 0x0000000706400000, 0x0000000706600000|  0%| F|  |TAMS 0x0000000706400000| PB 0x0000000706400000| Untracked 
|  24|0x0000000706600000, 0x0000000706600000, 0x0000000706800000|  0%| F|  |TAMS 0x0000000706600000| PB 0x0000000706600000| Untracked 
|  25|0x0000000706800000, 0x0000000706800000, 0x0000000706a00000|  0%| F|  |TAMS 0x0000000706800000| PB 0x0000000706800000| Untracked 
|  26|0x0000000706a00000, 0x0000000706a00000, 0x0000000706c00000|  0%| F|  |TAMS 0x0000000706a00000| PB 0x0000000706a00000| Untracked 
|  27|0x0000000706c00000, 0x0000000706c00000, 0x0000000706e00000|  0%| F|  |TAMS 0x0000000706c00000| PB 0x0000000706c00000| Untracked 
|  28|0x0000000706e00000, 0x0000000706e00000, 0x0000000707000000|  0%| F|  |TAMS 0x0000000706e00000| PB 0x0000000706e00000| Untracked 
|  29|0x0000000707000000, 0x0000000707000000, 0x0000000707200000|  0%| F|  |TAMS 0x0000000707000000| PB 0x0000000707000000| Untracked 
|  30|0x0000000707200000, 0x0000000707200000, 0x0000000707400000|  0%| F|  |TAMS 0x0000000707200000| PB 0x0000000707200000| Untracked 
|  31|0x0000000707400000, 0x0000000707400000, 0x0000000707600000|  0%| F|  |TAMS 0x0000000707400000| PB 0x0000000707400000| Untracked 
|  32|0x0000000707600000, 0x0000000707600000, 0x0000000707800000|  0%| F|  |TAMS 0x0000000707600000| PB 0x0000000707600000| Untracked 
|  33|0x0000000707800000, 0x0000000707800000, 0x0000000707a00000|  0%| F|  |TAMS 0x0000000707800000| PB 0x0000000707800000| Untracked 
|  34|0x0000000707a00000, 0x0000000707a00000, 0x0000000707c00000|  0%| F|  |TAMS 0x0000000707a00000| PB 0x0000000707a00000| Untracked 
|  35|0x0000000707c00000, 0x0000000707c00000, 0x0000000707e00000|  0%| F|  |TAMS 0x0000000707c00000| PB 0x0000000707c00000| Untracked 
|  36|0x0000000707e00000, 0x0000000707e00000, 0x0000000708000000|  0%| F|  |TAMS 0x0000000707e00000| PB 0x0000000707e00000| Untracked 
|  37|0x0000000708000000, 0x0000000708000000, 0x0000000708200000|  0%| F|  |TAMS 0x0000000708000000| PB 0x0000000708000000| Untracked 
|  38|0x0000000708200000, 0x0000000708200000, 0x0000000708400000|  0%| F|  |TAMS 0x0000000708200000| PB 0x0000000708200000| Untracked 
|  39|0x0000000708400000, 0x0000000708400000, 0x0000000708600000|  0%| F|  |TAMS 0x0000000708400000| PB 0x0000000708400000| Untracked 
|  40|0x0000000708600000, 0x0000000708600000, 0x0000000708800000|  0%| F|  |TAMS 0x0000000708600000| PB 0x0000000708600000| Untracked 
|  41|0x0000000708800000, 0x0000000708800000, 0x0000000708a00000|  0%| F|  |TAMS 0x0000000708800000| PB 0x0000000708800000| Untracked 
|  42|0x0000000708a00000, 0x0000000708a00000, 0x0000000708c00000|  0%| F|  |TAMS 0x0000000708a00000| PB 0x0000000708a00000| Untracked 
|  43|0x0000000708c00000, 0x0000000708c00000, 0x0000000708e00000|  0%| F|  |TAMS 0x0000000708c00000| PB 0x0000000708c00000| Untracked 
|  44|0x0000000708e00000, 0x0000000708e00000, 0x0000000709000000|  0%| F|  |TAMS 0x0000000708e00000| PB 0x0000000708e00000| Untracked 
|  45|0x0000000709000000, 0x0000000709000000, 0x0000000709200000|  0%| F|  |TAMS 0x0000000709000000| PB 0x0000000709000000| Untracked 
|  46|0x0000000709200000, 0x0000000709200000, 0x0000000709400000|  0%| F|  |TAMS 0x0000000709200000| PB 0x0000000709200000| Untracked 
|  47|0x0000000709400000, 0x0000000709400000, 0x0000000709600000|  0%| F|  |TAMS 0x0000000709400000| PB 0x0000000709400000| Untracked 
|  48|0x0000000709600000, 0x0000000709600000, 0x0000000709800000|  0%| F|  |TAMS 0x0000000709600000| PB 0x0000000709600000| Untracked 
|  49|0x0000000709800000, 0x0000000709800000, 0x0000000709a00000|  0%| F|  |TAMS 0x0000000709800000| PB 0x0000000709800000| Untracked 
|  50|0x0000000709a00000, 0x0000000709a00000, 0x0000000709c00000|  0%| F|  |TAMS 0x0000000709a00000| PB 0x0000000709a00000| Untracked 
|  51|0x0000000709c00000, 0x0000000709c00000, 0x0000000709e00000|  0%| F|  |TAMS 0x0000000709c00000| PB 0x0000000709c00000| Untracked 
|  52|0x0000000709e00000, 0x0000000709e00000, 0x000000070a000000|  0%| F|  |TAMS 0x0000000709e00000| PB 0x0000000709e00000| Untracked 
|  53|0x000000070a000000, 0x000000070a000000, 0x000000070a200000|  0%| F|  |TAMS 0x000000070a000000| PB 0x000000070a000000| Untracked 
|  54|0x000000070a200000, 0x000000070a200000, 0x000000070a400000|  0%| F|  |TAMS 0x000000070a200000| PB 0x000000070a200000| Untracked 
|  55|0x000000070a400000, 0x000000070a400000, 0x000000070a600000|  0%| F|  |TAMS 0x000000070a400000| PB 0x000000070a400000| Untracked 
|  56|0x000000070a600000, 0x000000070a600000, 0x000000070a800000|  0%| F|  |TAMS 0x000000070a600000| PB 0x000000070a600000| Untracked 
|  57|0x000000070a800000, 0x000000070a800000, 0x000000070aa00000|  0%| F|  |TAMS 0x000000070a800000| PB 0x000000070a800000| Untracked 
|  58|0x000000070aa00000, 0x000000070aa00000, 0x000000070ac00000|  0%| F|  |TAMS 0x000000070aa00000| PB 0x000000070aa00000| Untracked 
|  59|0x000000070ac00000, 0x000000070ac00000, 0x000000070ae00000|  0%| F|  |TAMS 0x000000070ac00000| PB 0x000000070ac00000| Untracked 
|  60|0x000000070ae00000, 0x000000070ae00000, 0x000000070b000000|  0%| F|  |TAMS 0x000000070ae00000| PB 0x000000070ae00000| Untracked 
|  61|0x000000070b000000, 0x000000070b000000, 0x000000070b200000|  0%| F|  |TAMS 0x000000070b000000| PB 0x000000070b000000| Untracked 
|  62|0x000000070b200000, 0x000000070b200000, 0x000000070b400000|  0%| F|  |TAMS 0x000000070b200000| PB 0x000000070b200000| Untracked 
|  63|0x000000070b400000, 0x000000070b400000, 0x000000070b600000|  0%| F|  |TAMS 0x000000070b400000| PB 0x000000070b400000| Untracked 
|  64|0x000000070b600000, 0x000000070b600000, 0x000000070b800000|  0%| F|  |TAMS 0x000000070b600000| PB 0x000000070b600000| Untracked 
|  65|0x000000070b800000, 0x000000070b800000, 0x000000070ba00000|  0%| F|  |TAMS 0x000000070b800000| PB 0x000000070b800000| Untracked 
|  66|0x000000070ba00000, 0x000000070ba00000, 0x000000070bc00000|  0%| F|  |TAMS 0x000000070ba00000| PB 0x000000070ba00000| Untracked 
|  67|0x000000070bc00000, 0x000000070bc00000, 0x000000070be00000|  0%| F|  |TAMS 0x000000070bc00000| PB 0x000000070bc00000| Untracked 
|  68|0x000000070be00000, 0x000000070be00000, 0x000000070c000000|  0%| F|  |TAMS 0x000000070be00000| PB 0x000000070be00000| Untracked 
|  69|0x000000070c000000, 0x000000070c000000, 0x000000070c200000|  0%| F|  |TAMS 0x000000070c000000| PB 0x000000070c000000| Untracked 
|  70|0x000000070c200000, 0x000000070c200000, 0x000000070c400000|  0%| F|  |TAMS 0x000000070c200000| PB 0x000000070c200000| Untracked 
|  71|0x000000070c400000, 0x000000070c400000, 0x000000070c600000|  0%| F|  |TAMS 0x000000070c400000| PB 0x000000070c400000| Untracked 
|  72|0x000000070c600000, 0x000000070c600000, 0x000000070c800000|  0%| F|  |TAMS 0x000000070c600000| PB 0x000000070c600000| Untracked 
|  73|0x000000070c800000, 0x000000070c800000, 0x000000070ca00000|  0%| F|  |TAMS 0x000000070c800000| PB 0x000000070c800000| Untracked 
|  74|0x000000070ca00000, 0x000000070ca00000, 0x000000070cc00000|  0%| F|  |TAMS 0x000000070ca00000| PB 0x000000070ca00000| Untracked 
|  75|0x000000070cc00000, 0x000000070cc00000, 0x000000070ce00000|  0%| F|  |TAMS 0x000000070cc00000| PB 0x000000070cc00000| Untracked 
|  76|0x000000070ce00000, 0x000000070ce00000, 0x000000070d000000|  0%| F|  |TAMS 0x000000070ce00000| PB 0x000000070ce00000| Untracked 
|  77|0x000000070d000000, 0x000000070d000000, 0x000000070d200000|  0%| F|  |TAMS 0x000000070d000000| PB 0x000000070d000000| Untracked 
|  78|0x000000070d200000, 0x000000070d200000, 0x000000070d400000|  0%| F|  |TAMS 0x000000070d200000| PB 0x000000070d200000| Untracked 
|  79|0x000000070d400000, 0x000000070d400000, 0x000000070d600000|  0%| F|  |TAMS 0x000000070d400000| PB 0x000000070d400000| Untracked 
|  80|0x000000070d600000, 0x000000070d600000, 0x000000070d800000|  0%| F|  |TAMS 0x000000070d600000| PB 0x000000070d600000| Untracked 
|  81|0x000000070d800000, 0x000000070d800000, 0x000000070da00000|  0%| F|  |TAMS 0x000000070d800000| PB 0x000000070d800000| Untracked 
|  82|0x000000070da00000, 0x000000070da00000, 0x000000070dc00000|  0%| F|  |TAMS 0x000000070da00000| PB 0x000000070da00000| Untracked 
|  83|0x000000070dc00000, 0x000000070dc00000, 0x000000070de00000|  0%| F|  |TAMS 0x000000070dc00000| PB 0x000000070dc00000| Untracked 
|  84|0x000000070de00000, 0x000000070de00000, 0x000000070e000000|  0%| F|  |TAMS 0x000000070de00000| PB 0x000000070de00000| Untracked 
|  85|0x000000070e000000, 0x000000070e000000, 0x000000070e200000|  0%| F|  |TAMS 0x000000070e000000| PB 0x000000070e000000| Untracked 
|  86|0x000000070e200000, 0x000000070e200000, 0x000000070e400000|  0%| F|  |TAMS 0x000000070e200000| PB 0x000000070e200000| Untracked 
|  87|0x000000070e400000, 0x000000070e400000, 0x000000070e600000|  0%| F|  |TAMS 0x000000070e400000| PB 0x000000070e400000| Untracked 
|  88|0x000000070e600000, 0x000000070e600000, 0x000000070e800000|  0%| F|  |TAMS 0x000000070e600000| PB 0x000000070e600000| Untracked 
|  89|0x000000070e800000, 0x000000070e800000, 0x000000070ea00000|  0%| F|  |TAMS 0x000000070e800000| PB 0x000000070e800000| Untracked 
|  90|0x000000070ea00000, 0x000000070ea00000, 0x000000070ec00000|  0%| F|  |TAMS 0x000000070ea00000| PB 0x000000070ea00000| Untracked 
|  91|0x000000070ec00000, 0x000000070ec00000, 0x000000070ee00000|  0%| F|  |TAMS 0x000000070ec00000| PB 0x000000070ec00000| Untracked 
|  92|0x000000070ee00000, 0x000000070ee00000, 0x000000070f000000|  0%| F|  |TAMS 0x000000070ee00000| PB 0x000000070ee00000| Untracked 
|  93|0x000000070f000000, 0x000000070f000000, 0x000000070f200000|  0%| F|  |TAMS 0x000000070f000000| PB 0x000000070f000000| Untracked 
|  94|0x000000070f200000, 0x000000070f200000, 0x000000070f400000|  0%| F|  |TAMS 0x000000070f200000| PB 0x000000070f200000| Untracked 
|  95|0x000000070f400000, 0x000000070f400000, 0x000000070f600000|  0%| F|  |TAMS 0x000000070f400000| PB 0x000000070f400000| Untracked 
|  96|0x000000070f600000, 0x000000070f600000, 0x000000070f800000|  0%| F|  |TAMS 0x000000070f600000| PB 0x000000070f600000| Untracked 
|  97|0x000000070f800000, 0x000000070f800000, 0x000000070fa00000|  0%| F|  |TAMS 0x000000070f800000| PB 0x000000070f800000| Untracked 
|  98|0x000000070fa00000, 0x000000070fa00000, 0x000000070fc00000|  0%| F|  |TAMS 0x000000070fa00000| PB 0x000000070fa00000| Untracked 
|  99|0x000000070fc00000, 0x000000070fc00000, 0x000000070fe00000|  0%| F|  |TAMS 0x000000070fc00000| PB 0x000000070fc00000| Untracked 
| 100|0x000000070fe00000, 0x000000070fe00000, 0x0000000710000000|  0%| F|  |TAMS 0x000000070fe00000| PB 0x000000070fe00000| Untracked 
| 101|0x0000000710000000, 0x0000000710000000, 0x0000000710200000|  0%| F|  |TAMS 0x0000000710000000| PB 0x0000000710000000| Untracked 
| 102|0x0000000710200000, 0x0000000710200000, 0x0000000710400000|  0%| F|  |TAMS 0x0000000710200000| PB 0x0000000710200000| Untracked 
| 103|0x0000000710400000, 0x0000000710400000, 0x0000000710600000|  0%| F|  |TAMS 0x0000000710400000| PB 0x0000000710400000| Untracked 
| 104|0x0000000710600000, 0x0000000710600000, 0x0000000710800000|  0%| F|  |TAMS 0x0000000710600000| PB 0x0000000710600000| Untracked 
| 105|0x0000000710800000, 0x0000000710800000, 0x0000000710a00000|  0%| F|  |TAMS 0x0000000710800000| PB 0x0000000710800000| Untracked 
| 106|0x0000000710a00000, 0x0000000710a00000, 0x0000000710c00000|  0%| F|  |TAMS 0x0000000710a00000| PB 0x0000000710a00000| Untracked 
| 107|0x0000000710c00000, 0x0000000710c00000, 0x0000000710e00000|  0%| F|  |TAMS 0x0000000710c00000| PB 0x0000000710c00000| Untracked 
| 108|0x0000000710e00000, 0x0000000710e00000, 0x0000000711000000|  0%| F|  |TAMS 0x0000000710e00000| PB 0x0000000710e00000| Untracked 
| 109|0x0000000711000000, 0x0000000711000000, 0x0000000711200000|  0%| F|  |TAMS 0x0000000711000000| PB 0x0000000711000000| Untracked 
| 110|0x0000000711200000, 0x00000007113d9bd8, 0x0000000711400000| 92%| E|  |TAMS 0x0000000711200000| PB 0x0000000711200000| Complete 
| 111|0x0000000711400000, 0x0000000711600000, 0x0000000711600000|100%| E|CS|TAMS 0x0000000711400000| PB 0x0000000711400000| Complete 
| 112|0x0000000711600000, 0x0000000711800000, 0x0000000711800000|100%| E|CS|TAMS 0x0000000711600000| PB 0x0000000711600000| Complete 
| 113|0x0000000711800000, 0x0000000711a00000, 0x0000000711a00000|100%| E|CS|TAMS 0x0000000711800000| PB 0x0000000711800000| Complete 
| 114|0x0000000711a00000, 0x0000000711b9d4b0, 0x0000000711c00000| 80%| S|CS|TAMS 0x0000000711a00000| PB 0x0000000711a00000| Complete 
| 115|0x0000000711c00000, 0x0000000711e00000, 0x0000000711e00000|100%| S|CS|TAMS 0x0000000711c00000| PB 0x0000000711c00000| Complete 
| 116|0x0000000711e00000, 0x0000000712000000, 0x0000000712000000|100%| E|CS|TAMS 0x0000000711e00000| PB 0x0000000711e00000| Complete 
| 117|0x0000000712000000, 0x0000000712200000, 0x0000000712200000|100%| E|CS|TAMS 0x0000000712000000| PB 0x0000000712000000| Complete 
| 118|0x0000000712200000, 0x0000000712400000, 0x0000000712400000|100%| E|CS|TAMS 0x0000000712200000| PB 0x0000000712200000| Complete 
| 119|0x0000000712400000, 0x0000000712600000, 0x0000000712600000|100%| E|CS|TAMS 0x0000000712400000| PB 0x0000000712400000| Complete 
| 120|0x0000000712600000, 0x0000000712800000, 0x0000000712800000|100%| E|CS|TAMS 0x0000000712600000| PB 0x0000000712600000| Complete 
| 121|0x0000000712800000, 0x0000000712a00000, 0x0000000712a00000|100%| E|CS|TAMS 0x0000000712800000| PB 0x0000000712800000| Complete 
| 122|0x0000000712a00000, 0x0000000712c00000, 0x0000000712c00000|100%| E|CS|TAMS 0x0000000712a00000| PB 0x0000000712a00000| Complete 
| 123|0x0000000712c00000, 0x0000000712e00000, 0x0000000712e00000|100%| E|CS|TAMS 0x0000000712c00000| PB 0x0000000712c00000| Complete 
| 124|0x0000000712e00000, 0x0000000713000000, 0x0000000713000000|100%| E|CS|TAMS 0x0000000712e00000| PB 0x0000000712e00000| Complete 
| 125|0x0000000713000000, 0x0000000713200000, 0x0000000713200000|100%| E|CS|TAMS 0x0000000713000000| PB 0x0000000713000000| Complete 
| 126|0x0000000713200000, 0x0000000713400000, 0x0000000713400000|100%| E|CS|TAMS 0x0000000713200000| PB 0x0000000713200000| Complete 

Card table byte_map: [0x0000016cdef20000,0x0000016cdf710000] _byte_map_base: 0x0000016cdb705000

Marking Bits: (CMBitMap*) 0x0000016cc5255120
 Bits: [0x0000016cdff00000, 0x0000016ce3e28000)

Polling page: 0x0000016cc52a0000

Metaspace:

Usage:
  Non-class:      7.26 MB used.
      Class:    449.57 KB used.
       Both:      7.70 MB used.

Virtual space:
  Non-class space:       64.00 MB reserved,       7.38 MB ( 12%) committed,  1 nodes.
      Class space:        1.00 GB reserved,     576.00 KB ( <1%) committed,  1 nodes.
             Both:        1.06 GB reserved,       7.94 MB ( <1%) committed. 

Chunk freelists:
   Non-Class:  3.34 MB
       Class:  3.49 MB
        Both:  6.83 MB

MaxMetaspaceSize: unlimited
CompressedClassSpaceSize: 1.00 GB
Initial GC threshold: 21.00 MB
Current GC threshold: 21.00 MB
CDS: on
MetaspaceReclaimPolicy: balanced
 - commit_granule_bytes: 65536.
 - commit_granule_words: 8192.
 - virtual_space_node_default_size: 8388608.
 - enlarge_chunks_in_place: 1.
 - new_chunks_are_fully_committed: 0.
 - uncommit_free_chunks: 1.
 - use_allocation_guard: 0.


Internal statistics:

num_allocs_failed_limit: 0.
num_arena_births: 182.
num_arena_deaths: 0.
num_vsnodes_births: 2.
num_vsnodes_deaths: 0.
num_space_committed: 125.
num_space_uncommitted: 0.
num_chunks_returned_to_freelist: 0.
num_chunks_taken_from_freelist: 404.
num_chunk_merges: 0.
num_chunk_splits: 273.
num_chunks_enlarged: 179.
num_inconsistent_stats: 0.

CodeHeap 'non-profiled nmethods': size=120000Kb used=743Kb max_used=743Kb free=119256Kb
 bounds [0x0000016cd6570000, 0x0000016cd67e0000, 0x0000016cddaa0000]
CodeHeap 'profiled nmethods': size=120000Kb used=2335Kb max_used=2335Kb free=117664Kb
 bounds [0x0000016cceaa0000, 0x0000016cced10000, 0x0000016cd5fd0000]
CodeHeap 'non-nmethods': size=5760Kb used=2592Kb max_used=2627Kb free=3167Kb
 bounds [0x0000016cd5fd0000, 0x0000016cd6270000, 0x0000016cd6570000]
 total_blobs=2908 nmethods=1712 adapters=1107
 compilation: enabled
              stopped_count=0, restarted_count=0
 full_count=0

Compilation events (20 events):
Event: 10.722 Thread 0x0000016cead2cbe0 1703   !   4       java.nio.DirectByteBuffer::<init> (171 bytes)
Event: 10.741 Thread 0x0000016cead2cbe0 nmethod 1703 0x0000016cd6623090 code [0x0000016cd66232a0, 0x0000016cd6624178]
Event: 10.939 Thread 0x0000016cead2cbe0 1704       4       jdk.internal.misc.Unsafe::copyMemory (33 bytes)
Event: 10.943 Thread 0x0000016cead2cbe0 nmethod 1704 0x0000016cd6624910 code [0x0000016cd6624a80, 0x0000016cd6624de8]
Event: 11.163 Thread 0x0000016cead2cbe0 1705       4       org.lwjgl.BufferUtils::getAllocationSize (17 bytes)
Event: 11.163 Thread 0x0000016cead2cbe0 nmethod 1705 0x0000016cd6625190 code [0x0000016cd6625300, 0x0000016cd6625370]
Event: 11.388 Thread 0x0000016cead2cbe0 1706       4       org.lwjgl.opengl.GL20::glVertexAttribPointer (12 bytes)
Event: 11.389 Thread 0x0000016cead2cbe0 nmethod 1706 0x0000016cd6625490 code [0x0000016cd6625600, 0x0000016cd6625688]
Event: 14.308 Thread 0x0000016cead2cbe0 1707       4       org.lwjgl.system.MemoryStack::callocInt (30 bytes)
Event: 14.311 Thread 0x0000016cead2cbe0 nmethod 1707 0x0000016cd6625790 code [0x0000016cd6625920, 0x0000016cd6625b10]
Event: 14.312 Thread 0x0000016cead2cbe0 1708       4       java.nio.DirectByteBuffer::asFloatBuffer (179 bytes)
Event: 14.319 Thread 0x0000016cead2cbe0 nmethod 1708 0x0000016cd6625d10 code [0x0000016cd6625ea0, 0x0000016cd6626310]
Event: 14.321 Thread 0x0000016cead2cbe0 1709   !   4       org.lwjgl.opengl.GL20C::glGetUniformLocation (48 bytes)
Event: 14.330 Thread 0x0000016cead2cbe0 nmethod 1709 0x0000016cd6626690 code [0x0000016cd6626860, 0x0000016cd6626d10]
Event: 19.908 Thread 0x0000016cead2cbe0 1710       4       org.lwjgl.BufferUtils::createFloatBuffer (12 bytes)
Event: 19.913 Thread 0x0000016cead2cbe0 nmethod 1710 0x0000016cd6627390 code [0x0000016cd6627520, 0x0000016cd66279a8]
Event: 21.242 Thread 0x0000016cead2cbe0 1711       4       com.bedrye.bjge.GameEngine.Util.Shaders.ShaderProgram::UploadMatrix (31 bytes)
Event: 21.254 Thread 0x0000016cead2cbe0 nmethod 1711 0x0000016cd6627d90 code [0x0000016cd6627fa0, 0x0000016cd66286f8]
Event: 21.254 Thread 0x0000016cead2cbe0 1712   !   4       org.lwjgl.opengl.GL15C::glGenBuffers (46 bytes)
Event: 21.259 Thread 0x0000016cead2cbe0 nmethod 1712 0x0000016cd6629290 code [0x0000016cd6629460, 0x0000016cd6629768]

GC Heap History (2 events):
Event: 1.603 GC heap before
{Heap before GC invocations=0 (full 0):
 garbage-first heap   total 260096K, used 20480K [0x0000000703600000, 0x0000000800000000)
  region size 2048K, 11 young (22528K), 0 survivors (0K)
 Metaspace       used 6139K, committed 6400K, reserved 1114112K
  class space    used 394K, committed 512K, reserved 1048576K
}
Event: 1.607 GC heap after
{Heap after GC invocations=1 (full 0):
 garbage-first heap   total 260096K, used 3701K [0x0000000703600000, 0x0000000800000000)
  region size 2048K, 2 young (4096K), 2 survivors (4096K)
 Metaspace       used 6139K, committed 6400K, reserved 1114112K
  class space    used 394K, committed 512K, reserved 1048576K
}

Dll operation events (13 events):
Event: 0.020 Loaded shared library C:\Users\stas2\.jdks\openjdk-20.0.2-1\bin\java.dll
Event: 0.041 Loaded shared library C:\Users\stas2\.jdks\openjdk-20.0.2-1\bin\jsvml.dll
Event: 0.089 Loaded shared library C:\Users\stas2\.jdks\openjdk-20.0.2-1\bin\net.dll
Event: 0.091 Loaded shared library C:\Users\stas2\.jdks\openjdk-20.0.2-1\bin\nio.dll
Event: 0.094 Loaded shared library C:\Users\stas2\.jdks\openjdk-20.0.2-1\bin\zip.dll
Event: 0.205 Loaded shared library C:\Users\stas2\.jdks\openjdk-20.0.2-1\bin\zip.dll
Event: 0.209 Loaded shared library C:\Users\stas2\.jdks\openjdk-20.0.2-1\bin\instrument.dll
Event: 0.238 Loaded shared library C:\IntelliJ IDEA Community Edition 2021.3.2\IntelliJ IDEA Community Edition 2023.2.1\bin\breakgen64.dll
Event: 0.305 Loaded shared library C:\Users\stas2\.jdks\openjdk-20.0.2-1\bin\jimage.dll
Event: 0.346 Loaded shared library C:\Users\stas2\AppData\Local\Temp\lwjgl_stas2\3.3.4+7\x64\lwjgl.dll
Event: 0.918 Loaded shared library C:\Users\stas2\AppData\Local\Temp\lwjgl_stas2\3.3.4+7\x64\lwjgl_opengl.dll
Event: 0.970 Loaded shared library C:\Users\stas2\.jdks\openjdk-20.0.2-1\bin\verify.dll
Event: 1.673 Loaded shared library C:\Users\stas2\AppData\Local\Temp\lwjgl_stas2\3.3.4+7\x64\lwjgl_stb.dll

Deoptimization events (20 events):
Event: 1.548 Thread 0x0000016cead1ece0 DEOPT PACKING pc=0x0000016cd657cb8c sp=0x00000016122fe5e0
Event: 1.548 Thread 0x0000016cead1ece0 DEOPT UNPACKING pc=0x0000016cd5fed2a2 sp=0x00000016122fe538 mode 2
Event: 1.596 Thread 0x0000016cc51e4820 Uncommon trap: trap_request=0xffffff45 fr.pc=0x0000016cd65de074 relative=0x00000000000005b4
Event: 1.596 Thread 0x0000016cc51e4820 Uncommon trap: reason=unstable_if action=reinterpret pc=0x0000016cd65de074 method=java.text.DigitList.set(ZLjava/lang/String;ZZIZ)V @ 143 c2
Event: 1.596 Thread 0x0000016cc51e4820 DEOPT PACKING pc=0x0000016cd65de074 sp=0x00000016118fe9e0
Event: 1.596 Thread 0x0000016cc51e4820 DEOPT UNPACKING pc=0x0000016cd5fed2a2 sp=0x00000016118fe970 mode 2
Event: 1.607 Thread 0x0000016ce660e6e0 Uncommon trap: trap_request=0xffffff45 fr.pc=0x0000016cd65d1840 relative=0x0000000000000040
Event: 1.608 Thread 0x0000016ce660e6e0 Uncommon trap: reason=unstable_if action=reinterpret pc=0x0000016cd65d1840 method=java.util.concurrent.locks.AbstractQueuedSynchronizer.signalNext(Ljava/util/concurrent/locks/AbstractQueuedSynchronizer$Node;)V @ 1 c2
Event: 1.608 Thread 0x0000016ce660e6e0 DEOPT PACKING pc=0x0000016cd65d1840 sp=0x0000001611fff2d0
Event: 1.608 Thread 0x0000016ce660e6e0 DEOPT UNPACKING pc=0x0000016cd5fed2a2 sp=0x0000001611fff260 mode 2
Event: 1.608 Thread 0x0000016ce660e6e0 Uncommon trap: trap_request=0xffffff45 fr.pc=0x0000016cd65cf47c relative=0x000000000000017c
Event: 1.608 Thread 0x0000016ce660e6e0 Uncommon trap: reason=unstable_if action=reinterpret pc=0x0000016cd65cf47c method=java.util.concurrent.locks.ReentrantLock$NonfairSync.initialTryLock()Z @ 25 c2
Event: 1.608 Thread 0x0000016ce660e6e0 DEOPT PACKING pc=0x0000016cd65cf47c sp=0x0000001611fff2b0
Event: 1.608 Thread 0x0000016ce660e6e0 DEOPT UNPACKING pc=0x0000016cd5fed2a2 sp=0x0000001611fff250 mode 2
Event: 1.799 Thread 0x0000016cc51e4820 Uncommon trap: trap_request=0xffffff54 fr.pc=0x0000016cd65bf26c relative=0x000000000000006c
Event: 1.799 Thread 0x0000016cc51e4820 Uncommon trap: reason=speculate_null_assert action=make_not_entrant pc=0x0000016cd65bf26c method=sun.misc.Unsafe.getLong(Ljava/lang/Object;J)J @ 5 c2
Event: 1.799 Thread 0x0000016cc51e4820 DEOPT PACKING pc=0x0000016cd65bf26c sp=0x00000016118fef40
Event: 1.799 Thread 0x0000016cc51e4820 DEOPT UNPACKING pc=0x0000016cd5fed2a2 sp=0x00000016118feec8 mode 2
Event: 2.195 Thread 0x0000016cc51e4820 DEOPT PACKING pc=0x0000016ccecab837 sp=0x00000016118fed90
Event: 2.195 Thread 0x0000016cc51e4820 DEOPT UNPACKING pc=0x0000016cd603e462 sp=0x00000016118fe288 mode 0

Classes loaded (20 events):
Event: 1.556 Loading class java/time/zone/Ser
Event: 1.556 Loading class java/time/zone/Ser done
Event: 1.558 Loading class java/time/Month
Event: 1.559 Loading class java/time/Month done
Event: 1.560 Loading class java/time/DayOfWeek
Event: 1.560 Loading class java/time/DayOfWeek done
Event: 1.560 Loading class java/time/zone/ZoneOffsetTransitionRule$TimeDefinition
Event: 1.561 Loading class java/time/zone/ZoneOffsetTransitionRule$TimeDefinition done
Event: 1.561 Loading class java/time/zone/ZoneOffsetTransition
Event: 1.561 Loading class java/time/zone/ZoneOffsetTransition done
Event: 1.562 Loading class sun/util/cldr/CLDRBaseLocaleDataMetaInfo$TZCanonicalIDMapHolder
Event: 1.563 Loading class sun/util/cldr/CLDRBaseLocaleDataMetaInfo$TZCanonicalIDMapHolder done
Event: 1.566 Loading class sun/util/resources/TimeZoneNames
Event: 1.567 Loading class sun/util/resources/TimeZoneNames done
Event: 1.568 Loading class sun/util/resources/TimeZoneNames_en
Event: 1.568 Loading class sun/util/resources/TimeZoneNames_en done
Event: 1.715 Loading class java/lang/SecurityException
Event: 1.715 Loading class java/lang/SecurityException done
Event: 28.799 Loading class jdk/internal/misc/Signal$1
Event: 28.799 Loading class jdk/internal/misc/Signal$1 done

Classes unloaded (0 events):
No events

Classes redefined (0 events):
No events

Internal exceptions (20 events):
Event: 0.919 Thread 0x0000016cc51e4820 Exception <a 'sun/nio/fs/WindowsException'{0x000000071271c118}> (0x000000071271c118) 
thrown [s\open\src\hotspot\share\prims\jni.cpp, line 519]
Event: 0.922 Thread 0x0000016cc51e4820 Exception <a 'sun/nio/fs/WindowsException'{0x0000000712723450}> (0x0000000712723450) 
thrown [s\open\src\hotspot\share\prims\jni.cpp, line 519]
Event: 0.922 Thread 0x0000016cc51e4820 Exception <a 'sun/nio/fs/WindowsException'{0x00000007127249f8}> (0x00000007127249f8) 
thrown [s\open\src\hotspot\share\prims\jni.cpp, line 519]
Event: 0.923 Thread 0x0000016cc51e4820 Exception <a 'sun/nio/fs/WindowsException'{0x0000000712724cc8}> (0x0000000712724cc8) 
thrown [s\open\src\hotspot\share\prims\jni.cpp, line 519]
Event: 1.137 Thread 0x0000016cc51e4820 Exception <a 'sun/nio/fs/WindowsException'{0x00000007122b8370}> (0x00000007122b8370) 
thrown [s\open\src\hotspot\share\prims\jni.cpp, line 519]
Event: 1.156 Thread 0x0000016cc51e4820 Exception <a 'sun/nio/fs/WindowsException'{0x00000007122c4b90}> (0x00000007122c4b90) 
thrown [s\open\src\hotspot\share\prims\jni.cpp, line 519]
Event: 1.156 Thread 0x0000016cc51e4820 Exception <a 'sun/nio/fs/WindowsException'{0x00000007122c4f08}> (0x00000007122c4f08) 
thrown [s\open\src\hotspot\share\prims\jni.cpp, line 519]
Event: 1.158 Thread 0x0000016cc51e4820 Exception <a 'sun/nio/fs/WindowsException'{0x00000007122c6928}> (0x00000007122c6928) 
thrown [s\open\src\hotspot\share\prims\jni.cpp, line 519]
Event: 1.163 Thread 0x0000016cc51e4820 Exception <a 'sun/nio/fs/WindowsException'{0x00000007122cba88}> (0x00000007122cba88) 
thrown [s\open\src\hotspot\share\prims\jni.cpp, line 519]
Event: 1.412 Thread 0x0000016cc51e4820 Exception <a 'sun/nio/fs/WindowsException'{0x00000007122d4c48}> (0x00000007122d4c48) 
thrown [s\open\src\hotspot\share\prims\jni.cpp, line 519]
Event: 1.412 Thread 0x0000016cc51e4820 Exception <a 'sun/nio/fs/WindowsException'{0x00000007122d4fc8}> (0x00000007122d4fc8) 
thrown [s\open\src\hotspot\share\prims\jni.cpp, line 519]
Event: 1.414 Thread 0x0000016cc51e4820 Exception <a 'sun/nio/fs/WindowsException'{0x00000007122d69f0}> (0x00000007122d69f0) 
thrown [s\open\src\hotspot\share\prims\jni.cpp, line 519]
Event: 1.556 Thread 0x0000016cead1ece0 Exception <a 'sun/nio/fs/WindowsException'{0x0000000712192130}> (0x0000000712192130) 
thrown [s\open\src\hotspot\share\prims\jni.cpp, line 519]
Event: 1.570 Thread 0x0000016cead1ece0 Exception <a 'java/lang/NoSuchMethodError'{0x0000000711e00450}: 'java.lang.Object java.lang.invoke.Invokers$Holder.invokeExact_MT(java.lang.Object, java.lang.Object, java.lang.Object, java.lang.Object, java.lang.Object, java.lang.Object)'> (0x0000000711e00450) 
thrown [s\open\src\hotspot\share\interpreter\linkResolver.cpp, line 773]
Event: 1.659 Thread 0x0000016cc51e4820 Exception <a 'java/lang/NoSuchMethodError'{0x0000000712f6b678}: 'void java.lang.System.load(java.lang.String, java.lang.Class)'> (0x0000000712f6b678) 
thrown [s\open\src\hotspot\share\interpreter\linkResolver.cpp, line 773]
Event: 1.660 Thread 0x0000016cc51e4820 Exception <a 'java/lang/NoSuchMethodError'{0x0000000712f6e4c0}: 'void java.lang.System.loadLibrary(java.lang.String, java.lang.Class)'> (0x0000000712f6e4c0) 
thrown [s\open\src\hotspot\share\interpreter\linkResolver.cpp, line 773]
Event: 1.660 Thread 0x0000016cc51e4820 Exception <a 'sun/nio/fs/WindowsException'{0x0000000712f717b8}> (0x0000000712f717b8) 
thrown [s\open\src\hotspot\share\prims\jni.cpp, line 519]
Event: 1.672 Thread 0x0000016cc51e4820 Exception <a 'sun/nio/fs/WindowsException'{0x0000000712f7e8a0}> (0x0000000712f7e8a0) 
thrown [s\open\src\hotspot\share\prims\jni.cpp, line 519]
Event: 1.672 Thread 0x0000016cc51e4820 Exception <a 'sun/nio/fs/WindowsException'{0x0000000712f7ec20}> (0x0000000712f7ec20) 
thrown [s\open\src\hotspot\share\prims\jni.cpp, line 519]
Event: 1.674 Thread 0x0000016cc51e4820 Exception <a 'sun/nio/fs/WindowsException'{0x0000000712f80fe0}> (0x0000000712f80fe0) 
thrown [s\open\src\hotspot\share\prims\jni.cpp, line 519]

VM Operations (20 events):
Event: 1.011 Executing VM operation: HandshakeAllThreads done
Event: 1.024 Executing VM operation: HandshakeAllThreads
Event: 1.024 Executing VM operation: HandshakeAllThreads done
Event: 1.465 Executing VM operation: HandshakeAllThreads
Event: 1.465 Executing VM operation: HandshakeAllThreads done
Event: 1.465 Executing VM operation: Cleanup
Event: 1.465 Executing VM operation: Cleanup done
Event: 1.508 Executing VM operation: HandshakeAllThreads
Event: 1.508 Executing VM operation: HandshakeAllThreads done
Event: 1.603 Executing VM operation: G1CollectForAllocation
Event: 1.607 Executing VM operation: G1CollectForAllocation done
Event: 2.619 Executing VM operation: Cleanup
Event: 2.620 Executing VM operation: Cleanup done
Event: 3.627 Executing VM operation: Cleanup
Event: 3.627 Executing VM operation: Cleanup done
Event: 9.693 Executing VM operation: Cleanup
Event: 9.693 Executing VM operation: Cleanup done
Event: 14.744 Executing VM operation: Cleanup
Event: 14.745 Executing VM operation: Cleanup done
Event: 28.800 Executing VM operation: Exit

Events (20 events):
Event: 0.057 Thread 0x0000016ce660e6e0 Thread added: 0x0000016ce660e6e0
Event: 0.057 Thread 0x0000016cead184b0 Thread added: 0x0000016cead184b0
Event: 0.057 Thread 0x0000016cead1be00 Thread added: 0x0000016cead1be00
Event: 0.057 Thread 0x0000016cead1ece0 Thread added: 0x0000016cead1ece0
Event: 0.057 Thread 0x0000016cead1fa30 Thread added: 0x0000016cead1fa30
Event: 0.057 Thread 0x0000016cead228f0 Thread added: 0x0000016cead228f0
Event: 0.058 Thread 0x0000016cead2cbe0 Thread added: 0x0000016cead2cbe0
Event: 0.058 Thread 0x0000016cead32ba0 Thread added: 0x0000016cead32ba0
Event: 0.084 Thread 0x0000016cead21900 Thread added: 0x0000016cead21900
Event: 0.128 Thread 0x0000016ceaf38b00 Thread added: 0x0000016ceaf38b00
Event: 0.132 Thread 0x0000016ceaec0550 Thread added: 0x0000016ceaec0550
Event: 0.239 Thread 0x0000016cead22e40 Thread added: 0x0000016cead22e40
Event: 0.239 Thread 0x0000016cead238e0 Thread added: 0x0000016cead238e0
Event: 0.759 Thread 0x0000016ceaec0550 Thread exited: 0x0000016ceaec0550
Event: 0.762 Thread 0x0000016ceaf38b00 Thread exited: 0x0000016ceaf38b00
Event: 1.503 Thread 0x0000016cf18d98c0 Thread added: 0x0000016cf18d98c0
Event: 1.555 Thread 0x0000016cf18b99e0 Thread added: 0x0000016cf18b99e0
Event: 1.945 Thread 0x0000016cf18b99e0 Thread exited: 0x0000016cf18b99e0
Event: 2.098 Thread 0x0000016cf18d98c0 Thread exited: 0x0000016cf18d98c0
Event: 28.799 Thread 0x0000016cead20910 Thread added: 0x0000016cead20910


Dynamic libraries:
0x00007ff67a120000 - 0x00007ff67a12e000 	C:\Users\stas2\.jdks\openjdk-20.0.2-1\bin\java.exe
0x00007ffcabc60000 - 0x00007ffcabec5000 	C:\WINDOWS\SYSTEM32\ntdll.dll
0x00007ffcaa9a0000 - 0x00007ffcaaa69000 	C:\WINDOWS\System32\KERNEL32.DLL
0x00007ffca91f0000 - 0x00007ffca95d8000 	C:\WINDOWS\System32\KERNELBASE.dll
0x00007ffca98b0000 - 0x00007ffca99fb000 	C:\WINDOWS\System32\ucrtbase.dll
0x00007ffc82250000 - 0x00007ffc8226b000 	C:\Users\stas2\.jdks\openjdk-20.0.2-1\bin\VCRUNTIME140.dll
0x00007ffc7d080000 - 0x00007ffc7d097000 	C:\Users\stas2\.jdks\openjdk-20.0.2-1\bin\jli.dll
0x00007ffcab2a0000 - 0x00007ffcab46a000 	C:\WINDOWS\System32\USER32.dll
0x00007ffca9670000 - 0x00007ffca9697000 	C:\WINDOWS\System32\win32u.dll
0x00007ffca9b80000 - 0x00007ffca9bab000 	C:\WINDOWS\System32\GDI32.dll
0x00007ffc90ae0000 - 0x00007ffc90d7a000 	C:\WINDOWS\WinSxS\amd64_microsoft.windows.common-controls_6595b64144ccf1df_6.0.26100.4202_none_3e0698d4e335f517\COMCTL32.dll
0x00007ffca90b0000 - 0x00007ffca91e7000 	C:\WINDOWS\System32\gdi32full.dll
0x00007ffcaba50000 - 0x00007ffcabaf9000 	C:\WINDOWS\System32\msvcrt.dll
0x00007ffca9800000 - 0x00007ffca98a3000 	C:\WINDOWS\System32\msvcp_win.dll
0x00007ffca9bb0000 - 0x00007ffca9be0000 	C:\WINDOWS\System32\IMM32.DLL
0x00007ffc91ba0000 - 0x00007ffc91bac000 	C:\Users\stas2\.jdks\openjdk-20.0.2-1\bin\vcruntime140_1.dll
0x00007ffc3c440000 - 0x00007ffc3c4ce000 	C:\Users\stas2\.jdks\openjdk-20.0.2-1\bin\msvcp140.dll
0x00007ffbdf8f0000 - 0x00007ffbe0588000 	C:\Users\stas2\.jdks\openjdk-20.0.2-1\bin\server\jvm.dll
0x00007ffcab960000 - 0x00007ffcaba13000 	C:\WINDOWS\System32\ADVAPI32.dll
0x00007ffcab480000 - 0x00007ffcab526000 	C:\WINDOWS\System32\sechost.dll
0x00007ffcaa6a0000 - 0x00007ffcaa7b5000 	C:\WINDOWS\System32\RPCRT4.dll
0x00007ffc9e1f0000 - 0x00007ffc9e1fb000 	C:\WINDOWS\SYSTEM32\VERSION.dll
0x00007ffc95c60000 - 0x00007ffc95c95000 	C:\WINDOWS\SYSTEM32\WINMM.dll
0x00007ffc880a0000 - 0x00007ffc880aa000 	C:\WINDOWS\SYSTEM32\WSOCK32.dll
0x00007ffcaaf50000 - 0x00007ffcaafc4000 	C:\WINDOWS\System32\WS2_32.dll
0x00007ffca7c90000 - 0x00007ffca7cab000 	C:\WINDOWS\SYSTEM32\kernel.appcore.dll
0x00007ffc91a20000 - 0x00007ffc91a2a000 	C:\Users\stas2\.jdks\openjdk-20.0.2-1\bin\jimage.dll
0x00007ffca66f0000 - 0x00007ffca6931000 	C:\WINDOWS\SYSTEM32\DBGHELP.DLL
0x00007ffcab540000 - 0x00007ffcab8c5000 	C:\WINDOWS\System32\combase.dll
0x00007ffcaa840000 - 0x00007ffcaa921000 	C:\WINDOWS\System32\OLEAUT32.dll
0x00007ffc8ad60000 - 0x00007ffc8ad99000 	C:\WINDOWS\SYSTEM32\dbgcore.DLL
0x00007ffca9760000 - 0x00007ffca97f9000 	C:\WINDOWS\System32\bcryptPrimitives.dll
0x00007ffc9efd0000 - 0x00007ffc9efde000 	C:\Users\stas2\.jdks\openjdk-20.0.2-1\bin\instrument.dll
0x00007ffc79f10000 - 0x00007ffc79f36000 	C:\Users\stas2\.jdks\openjdk-20.0.2-1\bin\java.dll
0x00007ffc19850000 - 0x00007ffc19927000 	C:\Users\stas2\.jdks\openjdk-20.0.2-1\bin\jsvml.dll
0x00007ffca9f50000 - 0x00007ffcaa692000 	C:\WINDOWS\System32\SHELL32.dll
0x00007ffca8db0000 - 0x00007ffca8f24000 	C:\WINDOWS\System32\wintypes.dll
0x00007ffca6a20000 - 0x00007ffca7278000 	C:\WINDOWS\SYSTEM32\windows.storage.dll
0x00007ffca9e50000 - 0x00007ffca9f41000 	C:\WINDOWS\System32\SHCORE.dll
0x00007ffcaa930000 - 0x00007ffcaa99a000 	C:\WINDOWS\System32\shlwapi.dll
0x00007ffca8cc0000 - 0x00007ffca8cef000 	C:\WINDOWS\SYSTEM32\profapi.dll
0x00007ffc69580000 - 0x00007ffc69593000 	C:\Users\stas2\.jdks\openjdk-20.0.2-1\bin\net.dll
0x00007ffc9f490000 - 0x00007ffc9f5ae000 	C:\WINDOWS\SYSTEM32\WINHTTP.dll
0x00007ffca8200000 - 0x00007ffca826a000 	C:\WINDOWS\system32\mswsock.dll
0x00007ffc681f0000 - 0x00007ffc68206000 	C:\Users\stas2\.jdks\openjdk-20.0.2-1\bin\nio.dll
0x00007ffc67be0000 - 0x00007ffc67bf8000 	C:\Users\stas2\.jdks\openjdk-20.0.2-1\bin\zip.dll
0x00007ffc91000000 - 0x00007ffc9101a000 	C:\IntelliJ IDEA Community Edition 2021.3.2\IntelliJ IDEA Community Edition 2023.2.1\bin\breakgen64.dll
0x00007ffc6d1c0000 - 0x00007ffc6d23b000 	C:\Users\stas2\AppData\Local\Temp\lwjgl_stas2\3.3.4+7\x64\lwjgl.dll
0x00007ffc53560000 - 0x00007ffc535e5000 	C:\Users\stas2\AppData\Local\Temp\lwjgl_stas2\3.3.4+7\x64\glfw.dll
0x00007ffc685b0000 - 0x00007ffc685fb000 	C:\WINDOWS\SYSTEM32\dinput8.dll
0x00007ffc913a0000 - 0x00007ffc913b2000 	C:\WINDOWS\SYSTEM32\xinput1_4.dll
0x00007ffca8a70000 - 0x00007ffca8a9d000 	C:\WINDOWS\SYSTEM32\DEVOBJ.dll
0x00007ffca8a10000 - 0x00007ffca8a67000 	C:\WINDOWS\SYSTEM32\cfgmgr32.dll
0x00007ffca3700000 - 0x00007ffca3736000 	C:\WINDOWS\SYSTEM32\dwmapi.dll
0x00007ffca3200000 - 0x00007ffca32af000 	C:\WINDOWS\system32\uxtheme.dll
0x00007ffc6dab0000 - 0x00007ffc6dc91000 	C:\WINDOWS\SYSTEM32\inputhost.dll
0x00007ffca2d00000 - 0x00007ffca2e25000 	C:\WINDOWS\SYSTEM32\CoreMessaging.dll
0x00007ffca84d0000 - 0x00007ffca84dc000 	C:\WINDOWS\SYSTEM32\CRYPTBASE.DLL
0x00007ffca9a00000 - 0x00007ffca9b60000 	C:\WINDOWS\System32\MSCTF.dll
0x00007ffc6fe40000 - 0x00007ffc6ff54000 	C:\WINDOWS\SYSTEM32\opengl32.dll
0x00007ffc82180000 - 0x00007ffc821ad000 	C:\WINDOWS\SYSTEM32\GLU32.dll
0x00007ffca5d20000 - 0x00007ffca5d6d000 	C:\WINDOWS\SYSTEM32\dxcore.dll
0x00007ffca3490000 - 0x00007ffca34f1000 	C:\WINDOWS\SYSTEM32\directxdatabasehelper.dll
0x00007ffc91d90000 - 0x00007ffc91daa000 	C:\WINDOWS\SYSTEM32\windows.staterepositorycore.dll
0x00007ffc2ce60000 - 0x00007ffc2de53000 	C:\WINDOWS\System32\DriverStore\FileRepository\iigd_dch.inf_amd64_5802b1615520e41c\igxelpicd64.dll
0x00007ffcab0f0000 - 0x00007ffcab28e000 	C:\WINDOWS\System32\ole32.dll
0x00007ffca3500000 - 0x00007ffca3635000 	C:\WINDOWS\system32\dxgi.dll
0x00007ffc2cb70000 - 0x00007ffc2ce57000 	C:\WINDOWS\System32\DriverStore\FileRepository\iigd_dch.inf_amd64_5802b1615520e41c\igdml64.dll
0x00007ffc9bed0000 - 0x00007ffc9c297000 	C:\WINDOWS\System32\DriverStore\FileRepository\iigd_dch.inf_amd64_5802b1615520e41c\igdgmm64.dll
0x00007ffc982a0000 - 0x00007ffc9b8b1000 	C:\WINDOWS\System32\DriverStore\FileRepository\iigd_dch.inf_amd64_5802b1615520e41c\igc64.dll
0x00007ffca79d0000 - 0x00007ffca7a2e000 	C:\WINDOWS\SYSTEM32\powrprof.dll
0x00007ffca79b0000 - 0x00007ffca79c4000 	C:\WINDOWS\SYSTEM32\UMPDC.dll
0x00007ffc94a10000 - 0x00007ffc94b60000 	C:\WINDOWS\SYSTEM32\textinputframework.dll
0x00007ffc9e530000 - 0x00007ffc9e813000 	C:\WINDOWS\SYSTEM32\CoreUIComponents.dll
0x00007ffc534f0000 - 0x00007ffc53551000 	C:\Users\stas2\AppData\Local\Temp\lwjgl_stas2\3.3.4+7\x64\lwjgl_opengl.dll
0x00007ffc90d80000 - 0x00007ffc90d90000 	C:\Users\stas2\.jdks\openjdk-20.0.2-1\bin\verify.dll
0x00007ffc51cc0000 - 0x00007ffc51de8000 	C:\Users\stas2\AppData\Local\Temp\lwjgl_stas2\3.3.4+7\x64\draco.dll
0x00007ffbec8e0000 - 0x00007ffbecf9b000 	C:\Users\stas2\AppData\Local\Temp\lwjgl_stas2\3.3.4+7\x64\assimp.dll
0x00007ffc52cd0000 - 0x00007ffc52d70000 	C:\Users\stas2\AppData\Local\Temp\lwjgl_stas2\3.3.4+7\x64\lwjgl_stb.dll

dbghelp: loaded successfully - version: 4.0.5 - missing functions: none
symbol engine: initialized successfully - sym options: 0x614 - pdb path: .;C:\Users\stas2\.jdks\openjdk-20.0.2-1\bin;C:\WINDOWS\SYSTEM32;C:\WINDOWS\WinSxS\amd64_microsoft.windows.common-controls_6595b64144ccf1df_6.0.26100.4202_none_3e0698d4e335f517;C:\Users\stas2\.jdks\openjdk-20.0.2-1\bin\server;C:\IntelliJ IDEA Community Edition 2021.3.2\IntelliJ IDEA Community Edition 2023.2.1\bin;C:\Users\stas2\AppData\Local\Temp\lwjgl_stas2\3.3.4+7\x64;C:\WINDOWS\System32\DriverStore\FileRepository\iigd_dch.inf_amd64_5802b1615520e41c

VM Arguments:
jvm_args: -javaagent:C:\IntelliJ IDEA Community Edition 2021.3.2\IntelliJ IDEA Community Edition 2023.2.1\lib\idea_rt.jar=54711:C:\IntelliJ IDEA Community Edition 2021.3.2\IntelliJ IDEA Community Edition 2023.2.1\bin -Dfile.encoding=windows-1252 -Dsun.stdout.encoding=windows-1252 -Dsun.stderr.encoding=windows-1252 --module-path=C:\Users\stas2\.m2\repository\org\lwjgl\lwjgl-assimp\3.3.4\lwjgl-assimp-3.3.4.jar;C:\Users\stas2\.m2\repository\org\lwjgl\lwjgl-vulkan\3.3.4\lwjgl-vulkan-3.3.4.jar;C:\Users\stas2\.m2\repository\org\lwjgl\lwjgl-stb\3.3.4\lwjgl-stb-3.3.4.jar;C:\Users\stas2\.m2\repository\org\lwjgl\lwjgl\3.3.4\lwjgl-3.3.4.jar;C:\Users\stas2\.m2\repository\org\lwjgl\lwjgl-glfw\3.3.4\lwjgl-glfw-3.3.4.jar;C:\Users\stas2\.m2\repository\org\lwjgl\lwjgl-opengl\3.3.4\lwjgl-opengl-3.3.4.jar;C:\Users\stas2\.m2\repository\org\joml\joml-primitives\1.10.0\joml-primitives-1.10.0.jar;C:\Users\stas2\.m2\repository\org\joml\joml\1.10.7\joml-1.10.7.jar;O:\GIt\MultiplayerShooter\target\classes -Djdk.module.main=com.bedrye.multiplayershooter 
java_command: com.bedrye.multiplayershooter/com.bedrye.bjge.GameEngine.TestMain
java_class_path (initial): C:\Users\stas2\.m2\repository\io\github\spair\imgui-java-binding\1.89.0\imgui-java-binding-1.89.0.jar;C:\Users\stas2\.m2\repository\io\github\spair\imgui-java-lwjgl3\1.89.0\imgui-java-lwjgl3-1.89.0.jar;C:\Users\stas2\.m2\repository\io\github\spair\imgui-java-natives-windows-ft\1.86.11\imgui-java-natives-windows-ft-1.86.11.jar;C:\Users\stas2\.m2\repository\org\lwjgl\lwjgl-bgfx\3.3.4\lwjgl-bgfx-3.3.4.jar;C:\Users\stas2\.m2\repository\org\lwjgl\lwjgl-nanovg\3.3.4\lwjgl-nanovg-3.3.4.jar;C:\Users\stas2\.m2\repository\org\lwjgl\lwjgl-nuklear\3.3.4\lwjgl-nuklear-3.3.4.jar;C:\Users\stas2\.m2\repository\org\lwjgl\lwjgl-openal\3.3.4\lwjgl-openal-3.3.4.jar;C:\Users\stas2\.m2\repository\org\lwjgl\lwjgl-par\3.3.4\lwjgl-par-3.3.4.jar;C:\Users\stas2\.m2\repository\org\lwjgl\lwjgl\3.3.4\lwjgl-3.3.4-natives-windows.jar;C:\Users\stas2\.m2\repository\org\lwjgl\lwjgl-assimp\3.3.4\lwjgl-assimp-3.3.4-natives-windows.jar;C:\Users\stas2\.m2\repository\org\lwjgl\lwjgl-bgfx\3.3.4\lwjgl-bgfx-3.3.4-natives-windows.jar;C:\Users\stas2\.m2\repository\org\lwjgl\lwjgl-glfw\3.3.4\lwjgl-glfw-3.3.4-natives-windows.jar;C:\Users\stas2\.m2\repository\org\lwjgl\lwjgl-nanovg\3.3.4\lwjgl-nanovg-3.3.4-natives-windows.jar;C:\Users\stas2\.m2\repository\org\lwjgl\lwjgl-nuklear\3.3.4\lwjgl-nuklear-3.3.4-natives-windows.jar;C:\Users\stas2\.m2\repository\org\lwjgl\lwjgl-openal\3.3.4\lwjgl-openal-3.3.4-natives-windows.jar;C:\Users\stas2\.m2\repository\org\lwjgl\lwjgl-opengl\3.3.4\lwjgl-opengl-3.3.4-natives-windows.jar;C:\Users\stas2\.m2\repository\org\lwjgl\lwjgl-par\3.3.4\lwjgl-par-3.3.4-natives-windows.jar;C:\Users\stas2\.m2\repository\org\lwjgl\lwjgl-stb\3.3.4\lwjgl-stb-3.3.4-natives-windows.jar
Launcher Type: SUN_STANDARD

[Global flags]
     intx CICompilerCount                          = 4                                         {product} {ergonomic}
     uint ConcGCThreads                            = 3                                         {product} {ergonomic}
     uint G1ConcRefinementThreads                  = 10                                        {product} {ergonomic}
   size_t G1HeapRegionSize                         = 2097152                                   {product} {ergonomic}
    uintx GCDrainStackTargetSize                   = 64                                        {product} {ergonomic}
   size_t InitialHeapSize                          = 266338304                                 {product} {ergonomic}
   size_t MarkStackSize                            = 4194304                                   {product} {ergonomic}
   size_t MaxHeapSize                              = 4238344192                                {product} {ergonomic}
   size_t MaxNewSize                               = 2541748224                                {product} {ergonomic}
   size_t MinHeapDeltaBytes                        = 2097152                                   {product} {ergonomic}
   size_t MinHeapSize                              = 8388608                                   {product} {ergonomic}
    uintx NonNMethodCodeHeapSize                   = 5839372                                {pd product} {ergonomic}
    uintx NonProfiledCodeHeapSize                  = 122909434                              {pd product} {ergonomic}
    uintx ProfiledCodeHeapSize                     = 122909434                              {pd product} {ergonomic}
    uintx ReservedCodeCacheSize                    = 251658240                              {pd product} {ergonomic}
     bool SegmentedCodeCache                       = true                                      {product} {ergonomic}
   size_t SoftMaxHeapSize                          = 4238344192                             {manageable} {ergonomic}
     bool UseCompressedClassPointers               = true                           {product lp64_product} {ergonomic}
     bool UseCompressedOops                        = true                           {product lp64_product} {ergonomic}
     bool UseG1GC                                  = true                                      {product} {ergonomic}
     bool UseLargePagesIndividualAllocation        = false                                  {pd product} {ergonomic}

Logging:
Log output configuration:
 #0: stdout all=off uptime,level,tags foldmultilines=false
 #1: stderr all=off uptime,level,tags foldmultilines=false

Environment Variables:
JAVA_HOME=C:\Program Files\Java\jdk-11.0.2
PATH=C:\Program Files\PlasticSCM5\server;C:\Program Files\PlasticSCM5\client;C:\Program Files\NVIDIA GPU Computing Toolkit\CUDA\v12.6\bin;C:\Program Files\NVIDIA GPU Computing Toolkit\CUDA\v12.6\libnvvp;C:\Program Files\Common Files\Oracle\Java\javapath;C:\Windows\system32;C:\Windows;C:\Program Files\Java\jdk-11.0.2\bin;C:\Windows\System32\Wbem;C:\ORacleDatabase\dbhomeXE\bin;C:\Windows\System32\WindowsPowerShell\v1.0\;C:\Windows\System32\OpenSSH\;C:\Program Files (x86)\NVIDIA Corporation\PhysX\Common;C:\Program Files\NVIDIA Corporation\NVIDIA NvDLISR;C:\Program Files\Docker\Docker\resources\bin;C:\Program Files\Git LFS;C:\Program Files\Git\cmd;C:\Program Files (x86)\Windows Kits\10\Windows Performance Toolkit\;C:\Program Files (x86)\Steam\steamapps\common\Counter-Strike Global Offensive\game\bin\win64;C:\Users\stas2\AppData\Local\Programs\Python\Python311;C:\Program Files\dotnet\;C:\Program Files\Microsoft SQL Server\150\Tools\Binn\;C:\Program Files\Microsoft SQL Server\Client SDK\ODBC\170\Tools\Binn\;C:\Program Files\NVIDIA Corporation\Nsight Compute 2024.3.2\;C:\Program Files (x86)\Microsoft SQL Server\160\Tools\Binn\;C:\Program Files\Microsoft SQL Server\160\Tools\Binn\;C:\Program Files\Microsoft SQL Server\160\DTS\Binn\;C:\Program Files (x86)\Microsoft SQL Server\160\DTS\Binn\;C:\WINDOWS\system32;C:\WINDOWS;C:\WINDOWS\System32\Wbem;C:\WINDOWS\System32\WindowsPowerShell\v1.0\;C:\WINDOWS\System32\OpenSSH\;C:\Users\stas2\AppData\Local\Microsoft\WindowsApps;C:\Users\stas2\AppData\Local\Programs\Microsoft VS Code\bin;C:\Users\stas2\AppData\Local\GitHubDesktop\bin;C:\Users\stas2\AppData\Local\Programs\Python\Python311;C:\Program Files (x86)\Steam\steamapps\common\Counter-Strike Global Offensive\game\bin\win64;C:\Users\stas2\.dotnet\tools;C:\Users\stas2\AppData\Local\Muse Hub\lib;
USERNAME=stas2
OS=Windows_NT
PROCESSOR_IDENTIFIER=Intel64 Family 6 Model 141 Stepping 1, GenuineIntel
TMP=C:\Users\stas2\AppData\Local\Temp
TEMP=C:\Users\stas2\AppData\Local\Temp




---------------  S Y S T E M  ---------------

OS:
 Windows 11 , 64 bit Build 26100 (10.0.26100.4202)
OS uptime: 4 days 13:15 hours
Hyper-V role detected

CPU: total 12 (initial active 12) (6 cores per cpu, 2 threads per core) family 6 model 141 stepping 1 microcode 0x3c, cx8, cmov, fxsr, ht, mmx, 3dnowpref, sse, sse2, sse3, ssse3, sse4.1, sse4.2, popcnt, lzcnt, tsc, tscinvbit, avx, avx2, aes, erms, clmul, bmi1, bmi2, adx, avx512f, avx512dq, avx512cd, avx512bw, avx512vl, sha, fma, vzeroupper, avx512_vpopcntdq, avx512_vpclmulqdq, avx512_vaes, avx512_vnni, clflush, clflushopt, clwb, avx512_vbmi2, avx512_vbmi, hv, rdtscp, rdpid, fsrm, gfni, avx512_bitalg, f16c, cet_ibt, cet_ss, avx512_ifma

Memory: 4k page, system-wide physical 16163M (7514M free)
TotalPageFile size 41763M (AvailPageFile size 19892M)
current process WorkingSet (physical memory assigned to process): 961M, peak: 961M
current process commit charge ("private bytes"): 1186M, peak: 1186M

vm_info: OpenJDK 64-Bit Server VM (20.0.2+9-78) for windows-amd64 JRE (20.0.2+9-78), built on 2023-06-14T10:08:48Z by "mach5one" with MS VC++ 17.1 (VS2022)

END.
