#
# A fatal error has been detected by the Java Runtime Environment:
#
#  EXCEPTION_ACCESS_VIOLATION (0xc0000005) at pc=0x00007ffa397b366c, pid=37728, tid=37156
#
# JRE version: OpenJDK Runtime Environment (21.0.1+12) (build 21.0.1+12-29)
# Java VM: OpenJDK 64-Bit Server VM (21.0.1+12-29, mixed mode, sharing, tiered, compressed oops, compressed class ptrs, g1 gc, windows-amd64)
# Problematic frame:
# C  [igxelpicd64.dll+0x13366c]
#
# No core dump will be written. Minidumps are not enabled by default on client versions of Windows
#
# If you would like to submit a bug report, please visit:
#   https://bugreport.java.com/bugreport/crash.jsp
#

---------------  S U M M A R Y ------------

Command Line: -javaagent:C:\IntelliJ IDEA Community Edition 2021.3.2\IntelliJ IDEA Community Edition 2023.2.1\lib\idea_rt.jar=57165:C:\IntelliJ IDEA Community Edition 2021.3.2\IntelliJ IDEA Community Edition 2023.2.1\bin -Dfile.encoding=windows-1252 -Dsun.stdout.encoding=windows-1252 -Dsun.stderr.encoding=windows-1252 --module-path=C:\Users\stas2\.m2\repository\org\lwjgl\lwjgl-glfw\3.3.4\lwjgl-glfw-3.3.4.jar;C:\Users\stas2\.m2\repository\org\joml\joml-primitives\1.10.0\joml-primitives-1.10.0.jar;C:\Users\stas2\.m2\repository\com\fasterxml\jackson\core\jackson-annotations\2.17.2\jackson-annotations-2.17.2.jar;C:\Users\stas2\.m2\repository\io\github\spair\imgui-java-binding\1.89.0\imgui-java-binding-1.89.0.jar;C:\Users\stas2\.m2\repository\org\lwjgl\lwjgl-opengl\3.3.4\lwjgl-opengl-3.3.4.jar;C:\Users\stas2\.m2\repository\org\lwjgl\lwjgl-vulkan\3.3.4\lwjgl-vulkan-3.3.4.jar;C:\Users\stas2\.m2\repository\org\lwjgl\lwjgl-assimp\3.3.4\lwjgl-assimp-3.3.4.jar;C:\Users\stas2\.m2\repository\io\github\spair\imgui-java-lwjgl3\1.89.0\imgui-java-lwjgl3-1.89.0.jar;O:\GIt\MultiplayerShooter\target\classes;C:\Users\stas2\.m2\repository\com\fasterxml\jackson\core\jackson-databind\2.17.2\jackson-databind-2.17.2.jar;C:\Users\stas2\.m2\repository\org\lwjgl\lwjgl\3.3.4\lwjgl-3.3.4.jar;C:\Users\stas2\.m2\repository\org\lwjgl\lwjgl-stb\3.3.4\lwjgl-stb-3.3.4.jar;C:\Users\stas2\.m2\repository\com\fasterxml\jackson\core\jackson-core\2.17.2\jackson-core-2.17.2.jar;C:\Users\stas2\.m2\repository\org\joml\joml\1.10.7\joml-1.10.7.jar -Djdk.module.main=com.bedrye.bjge com.bedrye.bjge/com.bedrye.bjge.TestMain

Host: 11th Gen Intel(R) Core(TM) i5-11400H @ 2.70GHz, 12 cores, 15G,  Windows 11 , 64 bit Build 26100 (10.0.26100.5074)
Time: Sat Oct  4 19:50:34 2025 FLE Summer Time elapsed time: 463.672941 seconds (0d 0h 7m 43s)

---------------  T H R E A D  ---------------

Current thread (0x00000238ff175820):  VMThread "VM Thread"          [id=37156, stack(0x000000acd1c00000,0x000000acd1d00000) (1024K)]

Stack: [0x000000acd1c00000,0x000000acd1d00000],  sp=0x000000acd1cfe5e0,  free space=1017k
Native frames: (J=compiled Java code, j=interpreted, Vv=VM code, C=native code)
C  [igxelpicd64.dll+0x13366c]


siginfo: EXCEPTION_ACCESS_VIOLATION (0xc0000005), reading address 0x00000000000356f8


Registers:
RAX=0x00000238d6632748, RBX=0x00000238d6632640, RCX=0x0000000000000000, RDX=0x0000000000000000
RSP=0x000000acd1cfe5e0, RBP=0x0000000000000000, RSI=0x00000238d6632c10, RDI=0x00000238ffe7ce80
R8 =0x0000000000000014, R9 =0x000000acd100a000, R10=0x0000000000000000, R11=0x0000000000000000
R12=0x0000000000000000, R13=0x00000238d662f1c0, R14=0x000000000036a500, R15=0x0000000000000016
RIP=0x00007ffa397b366c, EFLAGS=0x0000000000010206


Register to memory mapping:

RAX=0x00000238d6632748 points into unknown readable memory: 0x000000000036a532 | 32 a5 36 00 00 00 00 00
RBX=0x00000238d6632640 points into unknown readable memory: 0x00000238ffd62450 | 50 24 d6 ff 38 02 00 00
RCX=0x0 is null
RDX=0x0 is null
RSP=0x000000acd1cfe5e0 points into unknown readable memory: 0x00000238ffed6cd0 | d0 6c ed ff 38 02 00 00
RBP=0x0 is null
RSI=0x00000238d6632c10 points into unknown readable memory: 0x00000238d662f1c0 | c0 f1 62 d6 38 02 00 00
RDI=0x00000238ffe7ce80 points into unknown readable memory: 0x00000238d60a8100 | 00 81 0a d6 38 02 00 00
R8 =0x0000000000000014 is an unknown value
R9 =0x000000acd100a000 points into unknown readable memory: 0x0000000000000000 | 00 00 00 00 00 00 00 00
R10=0x0 is null
R11=0x0 is null
R12=0x0 is null
R13=0x00000238d662f1c0 points into unknown readable memory: 0x00000238ffd62450 | 50 24 d6 ff 38 02 00 00
R14=0x000000000036a500 is an unknown value
R15=0x0000000000000016 is an unknown value

Top of Stack: (sp=0x000000acd1cfe5e0)
0x000000acd1cfe5e0:   00000238ffed6cd0 0000000000000000
0x000000acd1cfe5f0:   0000000000000000 00007ffac7de7254
0x000000acd1cfe600:   0000000000000000 3432313900000000
0x000000acd1cfe610:   0000000000000000 0000000000000000
0x000000acd1cfe620:   00000238d6701938 000000000036a543
0x000000acd1cfe630:   0000000000000000 0000000000000010
0x000000acd1cfe640:   0000000000000000 0000000000000000
0x000000acd1cfe650:   000000acd1cfe760 00007ffa3992bc3c
0x000000acd1cfe660:   00000238ffed6cd0 00000238ffe7ce80
0x000000acd1cfe670:   0000000000000000 0000000000000000
0x000000acd1cfe680:   000000ac000005e8 0000b802195e0000
0x000000acd1cfe690:   0000000000000000 0000000000000000
0x000000acd1cfe6a0:   0000000000000000 0000000000000000
0x000000acd1cfe6b0:   0000000000000000 0000000000000000
0x000000acd1cfe6c0:   0000000000000000 00007ffa399219a0
0x000000acd1cfe6d0:   0000000000000000 0000000000000000
0x000000acd1cfe6e0:   0000000000000000 0000000000000000
0x000000acd1cfe6f0:   0000000000000000 0000000000000000
0x000000acd1cfe700:   0000000000000000 00007ffa39703cdf
0x000000acd1cfe710:   0000b802195e0000 00000000000005e8
0x000000acd1cfe720:   0000000000000000 4000188000000001
0x000000acd1cfe730:   0000000000000000 0000000000000000
0x000000acd1cfe740:   0000000000000000 0000000000000000
0x000000acd1cfe750:   0000000000000000 0000000000000000
0x000000acd1cfe760:   0000000000000000 0000000000000000
0x000000acd1cfe770:   0000000000000000 0000000000000000
0x000000acd1cfe780:   0000000000000000 0000000000000000
0x000000acd1cfe790:   0000000000000000 0000000000000000
0x000000acd1cfe7a0:   0000000000000000 0000000000000000
0x000000acd1cfe7b0:   0000000000000000 0000000000000000
0x000000acd1cfe7c0:   0000000000000000 0000000000000000
0x000000acd1cfe7d0:   0000000000000000 0000000000000000 

Instructions: (pc=0x00007ffa397b366c)
0x00007ffa397b356c:   ec 40 45 8a e1 48 8b fa 48 8b e9 48 8b 1d 42 08
0x00007ffa397b357c:   e0 00 48 89 58 08 48 8b cb ff 15 85 5b 9a 00 90
0x00007ffa397b358c:   4c 8b af 78 02 00 00 48 8b 05 c6 e4 cf 00 44 8b
0x00007ffa397b359c:   b8 40 0b 00 00 45 33 db 45 8a f3 4c 89 9f 78 02
0x00007ffa397b35ac:   00 00 44 89 9f 80 02 00 00 4c 89 9f 98 02 00 00
0x00007ffa397b35bc:   4c 89 9f 88 02 00 00 48 85 ed 75 38 8b 35 4a e2
0x00007ffa397b35cc:   df 00 65 48 8b 04 25 58 00 00 00 b9 14 00 00 00
0x00007ffa397b35dc:   48 8b 04 f0 44 38 1c 01 0f 84 9d da 86 00 65 48
0x00007ffa397b35ec:   8b 04 25 58 00 00 00 bd 20 00 00 00 48 8b 04 f0
0x00007ffa397b35fc:   48 8b 2c 28 48 3b 2d 39 07 e0 00 45 0f 44 fb 4d
0x00007ffa397b360c:   85 ed 0f 84 21 01 00 00 44 8a a4 24 90 00 00 00
0x00007ffa397b361c:   49 8b dd 49 8d b5 d0 05 00 00 4c 8b 2e 45 84 e4
0x00007ffa397b362c:   0f 85 2a 03 00 00 8b 97 c8 01 00 00 48 8b 05 21
0x00007ffa397b363c:   e4 cf 00 83 b8 78 03 00 00 02 75 31 83 fa 10 0f
0x00007ffa397b364c:   83 20 01 00 00 48 8d 04 d5 21 00 00 00 48 03 c2
0x00007ffa397b365c:   48 8d 04 c3 48 85 c0 0f 85 ff 00 00 00 49 8b cb
0x00007ffa397b366c:   48 3b 8d f8 56 03 00 0f 87 f3 02 00 00 4c 39 9b
0x00007ffa397b367c:   48 06 00 00 0f 85 41 da 86 00 44 8b 97 c8 01 00
0x00007ffa397b368c:   00 48 8b 87 e0 01 00 00 4c 8b 08 8b 97 c8 01 00
0x00007ffa397b369c:   00 83 fa 10 0f 83 03 01 00 00 48 8d 04 d5 21 00
0x00007ffa397b36ac:   00 00 48 03 c2 48 8d 04 c3 48 85 c0 0f 85 e2 00
0x00007ffa397b36bc:   00 00 49 8b cb 49 3b c9 0f 86 0e 01 00 00 48 8b
0x00007ffa397b36cc:   87 78 02 00 00 48 89 06 48 89 9f 78 02 00 00 ff
0x00007ffa397b36dc:   87 80 02 00 00 48 8b 43 08 48 8b 88 18 01 00 00
0x00007ffa397b36ec:   48 81 e1 00 00 ff ff 48 81 c1 00 00 01 00 48 01
0x00007ffa397b36fc:   8f 88 02 00 00 48 8b 43 08 48 8b 88 18 01 00 00
0x00007ffa397b370c:   48 01 8f 98 02 00 00 4d 85 ed 0f 85 00 ff ff ff
0x00007ffa397b371c:   45 84 f6 44 8a a4 24 98 00 00 00 0f 85 82 03 00
0x00007ffa397b372c:   00 48 8b 9c 24 80 00 00 00 48 8b cf 45 84 e4 0f
0x00007ffa397b373c:   85 8a 03 00 00 e8 fa f9 ff ff 90 48 8b cb 48 8b
0x00007ffa397b374c:   9c 24 88 00 00 00 48 83 c4 40 41 5f 41 5e 41 5d
0x00007ffa397b375c:   41 5c 5f 5e 5d 48 ff 25 b0 59 9a 00 48 8b 48 08 


Stack slot to memory mapping:

stack at sp + 0 slots: 0x00000238ffed6cd0 points into unknown readable memory: 0xffffffffffffffff | ff ff ff ff ff ff ff ff
stack at sp + 1 slots: 0x0 is null
stack at sp + 2 slots: 0x0 is null
stack at sp + 3 slots: 0x00007ffac7de7254 ntdll.dll
stack at sp + 4 slots: 0x0 is null
stack at sp + 5 slots: 0x3432313900000000 is an unknown value
stack at sp + 6 slots: 0x0 is null
stack at sp + 7 slots: 0x0 is null

VM_Operation (0x000000acd12ff220): Exit, mode: safepoint, requested by thread 0x00000238ffede3e0


---------------  P R O C E S S  ---------------

Threads class SMR info:
_java_thread_list=0x00000238ffc56840, length=15, elements={
0x00000238ff194790, 0x00000238ff197060, 0x00000238ff19d6f0, 0x00000238ff19e240,
0x00000238ff1a7910, 0x00000238ff1b05a0, 0x00000238ff1b8fe0, 0x00000238ff1b7c70,
0x00000238ff15e770, 0x00000238ff5bd9e0, 0x00000238ff947580, 0x00000238ffd85310,
0x00000238ffdae710, 0x00000238ee919c00, 0x00000238ffede3e0
}

Java Threads: ( => current thread )
  0x00000238ff194790 JavaThread "Reference Handler"          daemon [_thread_blocked, id=36104, stack(0x000000acd1d00000,0x000000acd1e00000) (1024K)]
  0x00000238ff197060 JavaThread "Finalizer"                  daemon [_thread_blocked, id=34840, stack(0x000000acd1e00000,0x000000acd1f00000) (1024K)]
  0x00000238ff19d6f0 JavaThread "Signal Dispatcher"          daemon [_thread_blocked, id=35932, stack(0x000000acd1f00000,0x000000acd2000000) (1024K)]
  0x00000238ff19e240 JavaThread "Attach Listener"            daemon [_thread_blocked, id=27676, stack(0x000000acd2000000,0x000000acd2100000) (1024K)]
  0x00000238ff1a7910 JavaThread "Service Thread"             daemon [_thread_blocked, id=35996, stack(0x000000acd2100000,0x000000acd2200000) (1024K)]
  0x00000238ff1b05a0 JavaThread "Monitor Deflation Thread"   daemon [_thread_blocked, id=36384, stack(0x000000acd2200000,0x000000acd2300000) (1024K)]
  0x00000238ff1b8fe0 JavaThread "C2 CompilerThread0"         daemon [_thread_blocked, id=11180, stack(0x000000acd2300000,0x000000acd2400000) (1024K)]
  0x00000238ff1b7c70 JavaThread "C1 CompilerThread0"         daemon [_thread_blocked, id=13996, stack(0x000000acd2400000,0x000000acd2500000) (1024K)]
  0x00000238ff15e770 JavaThread "Common-Cleaner"             daemon [_thread_blocked, id=23652, stack(0x000000acd2500000,0x000000acd2600000) (1024K)]
  0x00000238ff5bd9e0 JavaThread "Monitor Ctrl-Break"         daemon [_thread_in_native, id=36852, stack(0x000000acd2800000,0x000000acd2900000) (1024K)]
  0x00000238ff947580 JavaThread "Notification Thread"        daemon [_thread_blocked, id=34012, stack(0x000000acd2900000,0x000000acd2a00000) (1024K)]
  0x00000238ffd85310 JavaThread "FileSystemWatchService"     daemon [_thread_in_native, id=14220, stack(0x000000acd3000000,0x000000acd3100000) (1024K)]
  0x00000238ffdae710 JavaThread "ScriptWatcher"                     [_thread_blocked, id=6904, stack(0x000000acd3100000,0x000000acd3200000) (1024K)]
  0x00000238ee919c00 JavaThread "DestroyJavaVM"                     [_thread_blocked, id=35224, stack(0x000000acd1500000,0x000000acd1600000) (1024K)]
  0x00000238ffede3e0 JavaThread "SIGINT handler"             daemon [_thread_blocked, id=32404, stack(0x000000acd1200000,0x000000acd1300000) (1024K)]
Total: 15

Other Threads:
=>0x00000238ff175820 VMThread "VM Thread"                           [id=37156, stack(0x000000acd1c00000,0x000000acd1d00000) (1024K)]
  0x00000238f0cf6750 WorkerThread "GC Thread#0"                     [id=36884, stack(0x000000acd1600000,0x000000acd1700000) (1024K)]
  0x00000238ffc8cd90 WorkerThread "GC Thread#1"                     [id=37164, stack(0x000000acd2a00000,0x000000acd2b00000) (1024K)]
  0x00000238ffd0e440 WorkerThread "GC Thread#2"                     [id=36932, stack(0x000000acd2b00000,0x000000acd2c00000) (1024K)]
  0x00000238ffd0e7e0 WorkerThread "GC Thread#3"                     [id=6628, stack(0x000000acd2c00000,0x000000acd2d00000) (1024K)]
  0x00000238ffd0eb80 WorkerThread "GC Thread#4"                     [id=37540, stack(0x000000acd2d00000,0x000000acd2e00000) (1024K)]
  0x00000238ffd0ef20 WorkerThread "GC Thread#5"                     [id=25096, stack(0x000000acd2e00000,0x000000acd2f00000) (1024K)]
  0x00000238ffd21fe0 WorkerThread "GC Thread#6"                     [id=27668, stack(0x000000acd2f00000,0x000000acd3000000) (1024K)]
  0x00000238f0d073c0 ConcurrentGCThread "G1 Main Marker"            terminated
  0x00000238f0d07ec0 WorkerThread "G1 Conc#0"                       [id=29096, stack(0x000000acd1800000,0x000000acd1900000) (1024K)]
  0x00000238ff02ae00 ConcurrentGCThread "G1 Refine#0"               terminated
  0x00000238ff02b880 ConcurrentGCThread "G1 Service"                terminated
Total: 12

Threads with active compile tasks:
Total: 0

VM state: at safepoint (shutting down)

VM Mutex/Monitor currently owned by a thread:  ([mutex/lock_event])
[0x00007ff9d2b3a5f8] Threads_lock - owner thread: 0x00000238ff175820
[0x00007ff9d2b3a6f8] Heap_lock - owner thread: 0x00000238ffede3e0

Heap address: 0x0000000703600000, size: 4042 MB, Compressed Oops mode: Zero based, Oop shift amount: 3

CDS archive(s) mapped at: [0x0000023891000000-0x0000023891c90000-0x0000023891c90000), size 13172736, SharedBaseAddress: 0x0000023891000000, ArchiveRelocationMode: 1.
Compressed class space mapped at: 0x0000023892000000-0x00000238d2000000, reserved size: 1073741824
Narrow klass base: 0x0000023891000000, Narrow klass shift: 0, Narrow klass range: 0x100000000

GC Precious Log:
 CardTable entry size: 512
 Card Set container configuration: InlinePtr #cards 4 size 8 Array Of Cards #cards 16 size 48 Howl #buckets 8 coarsen threshold 3686 Howl Bitmap #cards 512 size 80 coarsen threshold 460 Card regions per heap region 1 cards per card region 4096
 CPUs: 12 total, 12 available
 Memory: 16163M
 Large Page Support: Disabled
 NUMA Support: Disabled
 Compressed Oops: Enabled (Zero based)
 Heap Region Size: 2M
 Heap Min Capacity: 8M
 Heap Initial Capacity: 254M
 Heap Max Capacity: 4042M
 Pre-touch: Disabled
 Parallel Workers: 10
 Concurrent Workers: 3
 Concurrent Refinement Workers: 10
 Periodic GC: Disabled

Heap:
 garbage-first heap   total 260096K, used 25055K [0x0000000703600000, 0x0000000800000000)
  region size 2048K, 15 young (30720K), 2 survivors (4096K)
 Metaspace       used 13330K, committed 13568K, reserved 1114112K
  class space    used 933K, committed 1024K, reserved 1048576K

Heap Regions: E=young(eden), S=young(survivor), O=old, HS=humongous(starts), HC=humongous(continues), CS=collection set, F=free, TAMS=top-at-mark-start, PB=parsable bottom
|   0|0x0000000703600000, 0x0000000703600000, 0x0000000703800000|  0%| F|  |TAMS 0x0000000703600000| PB 0x0000000703600000| Untracked 
|   1|0x0000000703800000, 0x0000000703800000, 0x0000000703a00000|  0%| F|  |TAMS 0x0000000703800000| PB 0x0000000703800000| Untracked 
|   2|0x0000000703a00000, 0x0000000703a00000, 0x0000000703c00000|  0%| F|  |TAMS 0x0000000703a00000| PB 0x0000000703a00000| Untracked 
|   3|0x0000000703c00000, 0x0000000703c00000, 0x0000000703e00000|  0%| F|  |TAMS 0x0000000703c00000| PB 0x0000000703c00000| Untracked 
|   4|0x0000000703e00000, 0x0000000703e00000, 0x0000000704000000|  0%| F|  |TAMS 0x0000000703e00000| PB 0x0000000703e00000| Untracked 
|   5|0x0000000704000000, 0x0000000704000000, 0x0000000704200000|  0%| F|  |TAMS 0x0000000704000000| PB 0x0000000704000000| Untracked 
|   6|0x0000000704200000, 0x0000000704200000, 0x0000000704400000|  0%| F|  |TAMS 0x0000000704200000| PB 0x0000000704200000| Untracked 
|   7|0x0000000704400000, 0x0000000704400000, 0x0000000704600000|  0%| F|  |TAMS 0x0000000704400000| PB 0x0000000704400000| Untracked 
|   8|0x0000000704600000, 0x0000000704600000, 0x0000000704800000|  0%| F|  |TAMS 0x0000000704600000| PB 0x0000000704600000| Untracked 
|   9|0x0000000704800000, 0x0000000704800000, 0x0000000704a00000|  0%| F|  |TAMS 0x0000000704800000| PB 0x0000000704800000| Untracked 
|  10|0x0000000704a00000, 0x0000000704a00000, 0x0000000704c00000|  0%| F|  |TAMS 0x0000000704a00000| PB 0x0000000704a00000| Untracked 
|  11|0x0000000704c00000, 0x0000000704c00000, 0x0000000704e00000|  0%| F|  |TAMS 0x0000000704c00000| PB 0x0000000704c00000| Untracked 
|  12|0x0000000704e00000, 0x0000000704e00000, 0x0000000705000000|  0%| F|  |TAMS 0x0000000704e00000| PB 0x0000000704e00000| Untracked 
|  13|0x0000000705000000, 0x0000000705000000, 0x0000000705200000|  0%| F|  |TAMS 0x0000000705000000| PB 0x0000000705000000| Untracked 
|  14|0x0000000705200000, 0x0000000705200000, 0x0000000705400000|  0%| F|  |TAMS 0x0000000705200000| PB 0x0000000705200000| Untracked 
|  15|0x0000000705400000, 0x0000000705400000, 0x0000000705600000|  0%| F|  |TAMS 0x0000000705400000| PB 0x0000000705400000| Untracked 
|  16|0x0000000705600000, 0x0000000705600000, 0x0000000705800000|  0%| F|  |TAMS 0x0000000705600000| PB 0x0000000705600000| Untracked 
|  17|0x0000000705800000, 0x0000000705800000, 0x0000000705a00000|  0%| F|  |TAMS 0x0000000705800000| PB 0x0000000705800000| Untracked 
|  18|0x0000000705a00000, 0x0000000705a00000, 0x0000000705c00000|  0%| F|  |TAMS 0x0000000705a00000| PB 0x0000000705a00000| Untracked 
|  19|0x0000000705c00000, 0x0000000705c00000, 0x0000000705e00000|  0%| F|  |TAMS 0x0000000705c00000| PB 0x0000000705c00000| Untracked 
|  20|0x0000000705e00000, 0x0000000705e00000, 0x0000000706000000|  0%| F|  |TAMS 0x0000000705e00000| PB 0x0000000705e00000| Untracked 
|  21|0x0000000706000000, 0x0000000706000000, 0x0000000706200000|  0%| F|  |TAMS 0x0000000706000000| PB 0x0000000706000000| Untracked 
|  22|0x0000000706200000, 0x0000000706200000, 0x0000000706400000|  0%| F|  |TAMS 0x0000000706200000| PB 0x0000000706200000| Untracked 
|  23|0x0000000706400000, 0x0000000706400000, 0x0000000706600000|  0%| F|  |TAMS 0x0000000706400000| PB 0x0000000706400000| Untracked 
|  24|0x0000000706600000, 0x0000000706600000, 0x0000000706800000|  0%| F|  |TAMS 0x0000000706600000| PB 0x0000000706600000| Untracked 
|  25|0x0000000706800000, 0x0000000706800000, 0x0000000706a00000|  0%| F|  |TAMS 0x0000000706800000| PB 0x0000000706800000| Untracked 
|  26|0x0000000706a00000, 0x0000000706a00000, 0x0000000706c00000|  0%| F|  |TAMS 0x0000000706a00000| PB 0x0000000706a00000| Untracked 
|  27|0x0000000706c00000, 0x0000000706c00000, 0x0000000706e00000|  0%| F|  |TAMS 0x0000000706c00000| PB 0x0000000706c00000| Untracked 
|  28|0x0000000706e00000, 0x0000000706e00000, 0x0000000707000000|  0%| F|  |TAMS 0x0000000706e00000| PB 0x0000000706e00000| Untracked 
|  29|0x0000000707000000, 0x0000000707000000, 0x0000000707200000|  0%| F|  |TAMS 0x0000000707000000| PB 0x0000000707000000| Untracked 
|  30|0x0000000707200000, 0x0000000707200000, 0x0000000707400000|  0%| F|  |TAMS 0x0000000707200000| PB 0x0000000707200000| Untracked 
|  31|0x0000000707400000, 0x0000000707400000, 0x0000000707600000|  0%| F|  |TAMS 0x0000000707400000| PB 0x0000000707400000| Untracked 
|  32|0x0000000707600000, 0x0000000707600000, 0x0000000707800000|  0%| F|  |TAMS 0x0000000707600000| PB 0x0000000707600000| Untracked 
|  33|0x0000000707800000, 0x0000000707800000, 0x0000000707a00000|  0%| F|  |TAMS 0x0000000707800000| PB 0x0000000707800000| Untracked 
|  34|0x0000000707a00000, 0x0000000707a00000, 0x0000000707c00000|  0%| F|  |TAMS 0x0000000707a00000| PB 0x0000000707a00000| Untracked 
|  35|0x0000000707c00000, 0x0000000707c00000, 0x0000000707e00000|  0%| F|  |TAMS 0x0000000707c00000| PB 0x0000000707c00000| Untracked 
|  36|0x0000000707e00000, 0x0000000707e00000, 0x0000000708000000|  0%| F|  |TAMS 0x0000000707e00000| PB 0x0000000707e00000| Untracked 
|  37|0x0000000708000000, 0x0000000708000000, 0x0000000708200000|  0%| F|  |TAMS 0x0000000708000000| PB 0x0000000708000000| Untracked 
|  38|0x0000000708200000, 0x0000000708200000, 0x0000000708400000|  0%| F|  |TAMS 0x0000000708200000| PB 0x0000000708200000| Untracked 
|  39|0x0000000708400000, 0x0000000708400000, 0x0000000708600000|  0%| F|  |TAMS 0x0000000708400000| PB 0x0000000708400000| Untracked 
|  40|0x0000000708600000, 0x0000000708600000, 0x0000000708800000|  0%| F|  |TAMS 0x0000000708600000| PB 0x0000000708600000| Untracked 
|  41|0x0000000708800000, 0x0000000708800000, 0x0000000708a00000|  0%| F|  |TAMS 0x0000000708800000| PB 0x0000000708800000| Untracked 
|  42|0x0000000708a00000, 0x0000000708a00000, 0x0000000708c00000|  0%| F|  |TAMS 0x0000000708a00000| PB 0x0000000708a00000| Untracked 
|  43|0x0000000708c00000, 0x0000000708c00000, 0x0000000708e00000|  0%| F|  |TAMS 0x0000000708c00000| PB 0x0000000708c00000| Untracked 
|  44|0x0000000708e00000, 0x0000000708e00000, 0x0000000709000000|  0%| F|  |TAMS 0x0000000708e00000| PB 0x0000000708e00000| Untracked 
|  45|0x0000000709000000, 0x0000000709000000, 0x0000000709200000|  0%| F|  |TAMS 0x0000000709000000| PB 0x0000000709000000| Untracked 
|  46|0x0000000709200000, 0x0000000709200000, 0x0000000709400000|  0%| F|  |TAMS 0x0000000709200000| PB 0x0000000709200000| Untracked 
|  47|0x0000000709400000, 0x0000000709400000, 0x0000000709600000|  0%| F|  |TAMS 0x0000000709400000| PB 0x0000000709400000| Untracked 
|  48|0x0000000709600000, 0x0000000709600000, 0x0000000709800000|  0%| F|  |TAMS 0x0000000709600000| PB 0x0000000709600000| Untracked 
|  49|0x0000000709800000, 0x0000000709800000, 0x0000000709a00000|  0%| F|  |TAMS 0x0000000709800000| PB 0x0000000709800000| Untracked 
|  50|0x0000000709a00000, 0x0000000709a00000, 0x0000000709c00000|  0%| F|  |TAMS 0x0000000709a00000| PB 0x0000000709a00000| Untracked 
|  51|0x0000000709c00000, 0x0000000709c00000, 0x0000000709e00000|  0%| F|  |TAMS 0x0000000709c00000| PB 0x0000000709c00000| Untracked 
|  52|0x0000000709e00000, 0x0000000709e00000, 0x000000070a000000|  0%| F|  |TAMS 0x0000000709e00000| PB 0x0000000709e00000| Untracked 
|  53|0x000000070a000000, 0x000000070a000000, 0x000000070a200000|  0%| F|  |TAMS 0x000000070a000000| PB 0x000000070a000000| Untracked 
|  54|0x000000070a200000, 0x000000070a200000, 0x000000070a400000|  0%| F|  |TAMS 0x000000070a200000| PB 0x000000070a200000| Untracked 
|  55|0x000000070a400000, 0x000000070a400000, 0x000000070a600000|  0%| F|  |TAMS 0x000000070a400000| PB 0x000000070a400000| Untracked 
|  56|0x000000070a600000, 0x000000070a600000, 0x000000070a800000|  0%| F|  |TAMS 0x000000070a600000| PB 0x000000070a600000| Untracked 
|  57|0x000000070a800000, 0x000000070a800000, 0x000000070aa00000|  0%| F|  |TAMS 0x000000070a800000| PB 0x000000070a800000| Untracked 
|  58|0x000000070aa00000, 0x000000070aa00000, 0x000000070ac00000|  0%| F|  |TAMS 0x000000070aa00000| PB 0x000000070aa00000| Untracked 
|  59|0x000000070ac00000, 0x000000070ac00000, 0x000000070ae00000|  0%| F|  |TAMS 0x000000070ac00000| PB 0x000000070ac00000| Untracked 
|  60|0x000000070ae00000, 0x000000070ae00000, 0x000000070b000000|  0%| F|  |TAMS 0x000000070ae00000| PB 0x000000070ae00000| Untracked 
|  61|0x000000070b000000, 0x000000070b000000, 0x000000070b200000|  0%| F|  |TAMS 0x000000070b000000| PB 0x000000070b000000| Untracked 
|  62|0x000000070b200000, 0x000000070b200000, 0x000000070b400000|  0%| F|  |TAMS 0x000000070b200000| PB 0x000000070b200000| Untracked 
|  63|0x000000070b400000, 0x000000070b400000, 0x000000070b600000|  0%| F|  |TAMS 0x000000070b400000| PB 0x000000070b400000| Untracked 
|  64|0x000000070b600000, 0x000000070b600000, 0x000000070b800000|  0%| F|  |TAMS 0x000000070b600000| PB 0x000000070b600000| Untracked 
|  65|0x000000070b800000, 0x000000070b800000, 0x000000070ba00000|  0%| F|  |TAMS 0x000000070b800000| PB 0x000000070b800000| Untracked 
|  66|0x000000070ba00000, 0x000000070ba00000, 0x000000070bc00000|  0%| F|  |TAMS 0x000000070ba00000| PB 0x000000070ba00000| Untracked 
|  67|0x000000070bc00000, 0x000000070bc00000, 0x000000070be00000|  0%| F|  |TAMS 0x000000070bc00000| PB 0x000000070bc00000| Untracked 
|  68|0x000000070be00000, 0x000000070be00000, 0x000000070c000000|  0%| F|  |TAMS 0x000000070be00000| PB 0x000000070be00000| Untracked 
|  69|0x000000070c000000, 0x000000070c000000, 0x000000070c200000|  0%| F|  |TAMS 0x000000070c000000| PB 0x000000070c000000| Untracked 
|  70|0x000000070c200000, 0x000000070c200000, 0x000000070c400000|  0%| F|  |TAMS 0x000000070c200000| PB 0x000000070c200000| Untracked 
|  71|0x000000070c400000, 0x000000070c400000, 0x000000070c600000|  0%| F|  |TAMS 0x000000070c400000| PB 0x000000070c400000| Untracked 
|  72|0x000000070c600000, 0x000000070c600000, 0x000000070c800000|  0%| F|  |TAMS 0x000000070c600000| PB 0x000000070c600000| Untracked 
|  73|0x000000070c800000, 0x000000070c800000, 0x000000070ca00000|  0%| F|  |TAMS 0x000000070c800000| PB 0x000000070c800000| Untracked 
|  74|0x000000070ca00000, 0x000000070ca00000, 0x000000070cc00000|  0%| F|  |TAMS 0x000000070ca00000| PB 0x000000070ca00000| Untracked 
|  75|0x000000070cc00000, 0x000000070cc00000, 0x000000070ce00000|  0%| F|  |TAMS 0x000000070cc00000| PB 0x000000070cc00000| Untracked 
|  76|0x000000070ce00000, 0x000000070ce00000, 0x000000070d000000|  0%| F|  |TAMS 0x000000070ce00000| PB 0x000000070ce00000| Untracked 
|  77|0x000000070d000000, 0x000000070d000000, 0x000000070d200000|  0%| F|  |TAMS 0x000000070d000000| PB 0x000000070d000000| Untracked 
|  78|0x000000070d200000, 0x000000070d200000, 0x000000070d400000|  0%| F|  |TAMS 0x000000070d200000| PB 0x000000070d200000| Untracked 
|  79|0x000000070d400000, 0x000000070d400000, 0x000000070d600000|  0%| F|  |TAMS 0x000000070d400000| PB 0x000000070d400000| Untracked 
|  80|0x000000070d600000, 0x000000070d600000, 0x000000070d800000|  0%| F|  |TAMS 0x000000070d600000| PB 0x000000070d600000| Untracked 
|  81|0x000000070d800000, 0x000000070d800000, 0x000000070da00000|  0%| F|  |TAMS 0x000000070d800000| PB 0x000000070d800000| Untracked 
|  82|0x000000070da00000, 0x000000070da00000, 0x000000070dc00000|  0%| F|  |TAMS 0x000000070da00000| PB 0x000000070da00000| Untracked 
|  83|0x000000070dc00000, 0x000000070dc00000, 0x000000070de00000|  0%| F|  |TAMS 0x000000070dc00000| PB 0x000000070dc00000| Untracked 
|  84|0x000000070de00000, 0x000000070de00000, 0x000000070e000000|  0%| F|  |TAMS 0x000000070de00000| PB 0x000000070de00000| Untracked 
|  85|0x000000070e000000, 0x000000070e000000, 0x000000070e200000|  0%| F|  |TAMS 0x000000070e000000| PB 0x000000070e000000| Untracked 
|  86|0x000000070e200000, 0x000000070e200000, 0x000000070e400000|  0%| F|  |TAMS 0x000000070e200000| PB 0x000000070e200000| Untracked 
|  87|0x000000070e400000, 0x000000070e400000, 0x000000070e600000|  0%| F|  |TAMS 0x000000070e400000| PB 0x000000070e400000| Untracked 
|  88|0x000000070e600000, 0x000000070e600000, 0x000000070e800000|  0%| F|  |TAMS 0x000000070e600000| PB 0x000000070e600000| Untracked 
|  89|0x000000070e800000, 0x000000070e800000, 0x000000070ea00000|  0%| F|  |TAMS 0x000000070e800000| PB 0x000000070e800000| Untracked 
|  90|0x000000070ea00000, 0x000000070ea00000, 0x000000070ec00000|  0%| F|  |TAMS 0x000000070ea00000| PB 0x000000070ea00000| Untracked 
|  91|0x000000070ec00000, 0x000000070ec00000, 0x000000070ee00000|  0%| F|  |TAMS 0x000000070ec00000| PB 0x000000070ec00000| Untracked 
|  92|0x000000070ee00000, 0x000000070ee00000, 0x000000070f000000|  0%| F|  |TAMS 0x000000070ee00000| PB 0x000000070ee00000| Untracked 
|  93|0x000000070f000000, 0x000000070f000000, 0x000000070f200000|  0%| F|  |TAMS 0x000000070f000000| PB 0x000000070f000000| Untracked 
|  94|0x000000070f200000, 0x000000070f200000, 0x000000070f400000|  0%| F|  |TAMS 0x000000070f200000| PB 0x000000070f200000| Untracked 
|  95|0x000000070f400000, 0x000000070f400000, 0x000000070f600000|  0%| F|  |TAMS 0x000000070f400000| PB 0x000000070f400000| Untracked 
|  96|0x000000070f600000, 0x000000070f600000, 0x000000070f800000|  0%| F|  |TAMS 0x000000070f600000| PB 0x000000070f600000| Untracked 
|  97|0x000000070f800000, 0x000000070f800000, 0x000000070fa00000|  0%| F|  |TAMS 0x000000070f800000| PB 0x000000070f800000| Untracked 
|  98|0x000000070fa00000, 0x000000070fa00000, 0x000000070fc00000|  0%| F|  |TAMS 0x000000070fa00000| PB 0x000000070fa00000| Untracked 
|  99|0x000000070fc00000, 0x000000070fc00000, 0x000000070fe00000|  0%| F|  |TAMS 0x000000070fc00000| PB 0x000000070fc00000| Untracked 
| 100|0x000000070fe00000, 0x000000070fe00000, 0x0000000710000000|  0%| F|  |TAMS 0x000000070fe00000| PB 0x000000070fe00000| Untracked 
| 101|0x0000000710000000, 0x0000000710000000, 0x0000000710200000|  0%| F|  |TAMS 0x0000000710000000| PB 0x0000000710000000| Untracked 
| 102|0x0000000710200000, 0x0000000710200000, 0x0000000710400000|  0%| F|  |TAMS 0x0000000710200000| PB 0x0000000710200000| Untracked 
| 103|0x0000000710400000, 0x0000000710400000, 0x0000000710600000|  0%| F|  |TAMS 0x0000000710400000| PB 0x0000000710400000| Untracked 
| 104|0x0000000710600000, 0x0000000710600000, 0x0000000710800000|  0%| F|  |TAMS 0x0000000710600000| PB 0x0000000710600000| Untracked 
| 105|0x0000000710800000, 0x0000000710800000, 0x0000000710a00000|  0%| F|  |TAMS 0x0000000710800000| PB 0x0000000710800000| Untracked 
| 106|0x0000000710a00000, 0x0000000710a00000, 0x0000000710c00000|  0%| F|  |TAMS 0x0000000710a00000| PB 0x0000000710a00000| Untracked 
| 107|0x0000000710c00000, 0x0000000710c00000, 0x0000000710e00000|  0%| F|  |TAMS 0x0000000710c00000| PB 0x0000000710c00000| Untracked 
| 108|0x0000000710e00000, 0x0000000710e00000, 0x0000000711000000|  0%| F|  |TAMS 0x0000000710e00000| PB 0x0000000710e00000| Untracked 
| 109|0x0000000711000000, 0x0000000711000000, 0x0000000711200000|  0%| F|  |TAMS 0x0000000711000000| PB 0x0000000711000000| Untracked 
| 110|0x0000000711200000, 0x0000000711200000, 0x0000000711400000|  0%| F|  |TAMS 0x0000000711200000| PB 0x0000000711200000| Untracked 
| 111|0x0000000711400000, 0x0000000711400000, 0x0000000711600000|  0%| F|  |TAMS 0x0000000711400000| PB 0x0000000711400000| Untracked 
| 112|0x0000000711600000, 0x00000007117155a0, 0x0000000711800000| 54%| E|  |TAMS 0x0000000711600000| PB 0x0000000711600000| Complete 
| 113|0x0000000711800000, 0x0000000711a00000, 0x0000000711a00000|100%| E|CS|TAMS 0x0000000711800000| PB 0x0000000711800000| Complete 
| 114|0x0000000711a00000, 0x0000000711a77fd0, 0x0000000711c00000| 23%| S|CS|TAMS 0x0000000711a00000| PB 0x0000000711a00000| Complete 
| 115|0x0000000711c00000, 0x0000000711e00000, 0x0000000711e00000|100%| S|CS|TAMS 0x0000000711c00000| PB 0x0000000711c00000| Complete 
| 116|0x0000000711e00000, 0x0000000712000000, 0x0000000712000000|100%| E|CS|TAMS 0x0000000711e00000| PB 0x0000000711e00000| Complete 
| 117|0x0000000712000000, 0x0000000712200000, 0x0000000712200000|100%| E|CS|TAMS 0x0000000712000000| PB 0x0000000712000000| Complete 
| 118|0x0000000712200000, 0x0000000712400000, 0x0000000712400000|100%| E|  |TAMS 0x0000000712200000| PB 0x0000000712200000| Complete 
| 119|0x0000000712400000, 0x0000000712600000, 0x0000000712600000|100%| E|CS|TAMS 0x0000000712400000| PB 0x0000000712400000| Complete 
| 120|0x0000000712600000, 0x0000000712800000, 0x0000000712800000|100%| E|CS|TAMS 0x0000000712600000| PB 0x0000000712600000| Complete 
| 121|0x0000000712800000, 0x0000000712a00000, 0x0000000712a00000|100%| E|CS|TAMS 0x0000000712800000| PB 0x0000000712800000| Complete 
| 122|0x0000000712a00000, 0x0000000712c00000, 0x0000000712c00000|100%| E|CS|TAMS 0x0000000712a00000| PB 0x0000000712a00000| Complete 
| 123|0x0000000712c00000, 0x0000000712e00000, 0x0000000712e00000|100%| E|CS|TAMS 0x0000000712c00000| PB 0x0000000712c00000| Complete 
| 124|0x0000000712e00000, 0x0000000713000000, 0x0000000713000000|100%| E|CS|TAMS 0x0000000712e00000| PB 0x0000000712e00000| Complete 
| 125|0x0000000713000000, 0x0000000713200000, 0x0000000713200000|100%| E|CS|TAMS 0x0000000713000000| PB 0x0000000713000000| Complete 
| 126|0x0000000713200000, 0x0000000713400000, 0x0000000713400000|100%| E|CS|TAMS 0x0000000713200000| PB 0x0000000713200000| Complete 

Card table byte_map: [0x00000238f9e10000,0x00000238fa600000] _byte_map_base: 0x00000238f65f5000

Marking Bits: (CMBitMap*) 0x00000238f0cf6e50
 Bits: [0x00000238fa600000, 0x00000238fe528000)

Polling page: 0x00000238eebf0000

Metaspace:

Usage:
  Non-class:     12.11 MB used.
      Class:    933.10 KB used.
       Both:     13.02 MB used.

Virtual space:
  Non-class space:       64.00 MB reserved,      12.25 MB ( 19%) committed,  1 nodes.
      Class space:        1.00 GB reserved,       1.00 MB ( <1%) committed,  1 nodes.
             Both:        1.06 GB reserved,      13.25 MB (  1%) committed. 

Chunk freelists:
   Non-Class:  3.17 MB
       Class:  14.98 MB
        Both:  18.16 MB

MaxMetaspaceSize: unlimited
CompressedClassSpaceSize: 1.00 GB
Initial GC threshold: 21.00 MB
Current GC threshold: 21.00 MB
CDS: on
 - commit_granule_bytes: 65536.
 - commit_granule_words: 8192.
 - virtual_space_node_default_size: 8388608.
 - enlarge_chunks_in_place: 1.
 - use_allocation_guard: 0.


Internal statistics:

num_allocs_failed_limit: 0.
num_arena_births: 116.
num_arena_deaths: 0.
num_vsnodes_births: 2.
num_vsnodes_deaths: 0.
num_space_committed: 210.
num_space_uncommitted: 0.
num_chunks_returned_to_freelist: 0.
num_chunks_taken_from_freelist: 477.
num_chunk_merges: 0.
num_chunk_splits: 372.
num_chunks_enlarged: 307.
num_inconsistent_stats: 0.

CodeHeap 'non-profiled nmethods': size=120000Kb used=890Kb max_used=890Kb free=119109Kb
 bounds [0x0000023887ad0000, 0x0000023887d40000, 0x000002388f000000]
CodeHeap 'profiled nmethods': size=120000Kb used=3131Kb max_used=3131Kb free=116868Kb
 bounds [0x0000023880000000, 0x0000023880310000, 0x0000023887530000]
CodeHeap 'non-nmethods': size=5760Kb used=2931Kb max_used=2948Kb free=2829Kb
 bounds [0x0000023887530000, 0x0000023887820000, 0x0000023887ad0000]
 total_blobs=3460 nmethods=2050 adapters=1314
 compilation: enabled
              stopped_count=0, restarted_count=0
 full_count=0

Compilation events (20 events):
Event: 15.813 Thread 0x00000238ff1b7c70 2042       3       org.lwjgl.glfw.GLFW::glfwGetKey (22 bytes)
Event: 15.813 Thread 0x00000238ff1b7c70 nmethod 2042 0x000002388030d710 code [0x000002388030d8e0, 0x000002388030db90]
Event: 16.021 Thread 0x00000238ff1b8fe0 2043   !   4       java.nio.DirectByteBuffer::<init> (171 bytes)
Event: 16.029 Thread 0x00000238ff1b8fe0 nmethod 2043 0x0000023887bab110 code [0x0000023887bab380, 0x0000023887bac3c8]
Event: 16.473 Thread 0x00000238ff1b7c70 2044       3       com.bedrye.bjge.GameEngine.Objects.AmbientLight::update (19 bytes)
Event: 16.473 Thread 0x00000238ff1b7c70 nmethod 2044 0x000002388030dd10 code [0x000002388030df00, 0x000002388030e438]
Event: 16.591 Thread 0x00000238ff1b8fe0 2045       4       org.lwjgl.system.APIUtil::apiCheckAllocation (46 bytes)
Event: 16.591 Thread 0x00000238ff1b8fe0 nmethod 2045 0x0000023887bacb90 code [0x0000023887bacd00, 0x0000023887bacd68]
Event: 16.668 Thread 0x00000238ff1b8fe0 2046       4       org.lwjgl.BufferUtils::getAllocationSize (17 bytes)
Event: 16.668 Thread 0x00000238ff1b8fe0 nmethod 2046 0x0000023887bace90 code [0x0000023887bad000, 0x0000023887bad070]
Event: 16.688 Thread 0x00000238ff1b8fe0 2047       4       com.bedrye.bjge.GameEngine.Util.Shaders.ShaderProgram::UploadMatrix (28 bytes)
Event: 16.692 Thread 0x00000238ff1b8fe0 nmethod 2047 0x0000023887bad190 code [0x0000023887bad360, 0x0000023887bad698]
Event: 16.758 Thread 0x00000238ff1b8fe0 2048       4       com.bedrye.bjge.GameEngine.Util.BJETexture::hide (20 bytes)
Event: 16.759 Thread 0x00000238ff1b8fe0 nmethod 2048 0x0000023887badb90 code [0x0000023887badd60, 0x0000023887bade78]
Event: 17.216 Thread 0x00000238ff1b8fe0 2049       4       java.util.ArrayList$Itr::next (66 bytes)
Event: 17.217 Thread 0x00000238ff1b8fe0 nmethod 2049 0x0000023887bae010 code [0x0000023887bae1a0, 0x0000023887bae318]
Event: 17.363 Thread 0x00000238ff1b8fe0 2050       4       org.joml.Matrix4f::identity (82 bytes)
Event: 17.364 Thread 0x00000238ff1b8fe0 nmethod 2050 0x0000023887bae490 code [0x0000023887bae620, 0x0000023887bae728]
Event: 463.158 Thread 0x00000238ff1b7c70 2051       3       java.lang.Class::reflectionData (43 bytes)
Event: 463.159 Thread 0x00000238ff1b7c70 nmethod 2051 0x000002388030e610 code [0x000002388030e7e0, 0x000002388030ebf8]

GC Heap History (2 events):
Event: 0.346 GC heap before
{Heap before GC invocations=0 (full 0):
 garbage-first heap   total 260096K, used 20480K [0x0000000703600000, 0x0000000800000000)
  region size 2048K, 11 young (22528K), 0 survivors (0K)
 Metaspace       used 3896K, committed 4096K, reserved 1114112K
  class space    used 334K, committed 448K, reserved 1048576K
}
Event: 0.348 GC heap after
{Heap after GC invocations=1 (full 0):
 garbage-first heap   total 260096K, used 2527K [0x0000000703600000, 0x0000000800000000)
  region size 2048K, 2 young (4096K), 2 survivors (4096K)
 Metaspace       used 3896K, committed 4096K, reserved 1114112K
  class space    used 334K, committed 448K, reserved 1048576K
}

Dll operation events (14 events):
Event: 0.010 Loaded shared library C:\Users\stas2\.jdks\openjdk-21.0.1\bin\java.dll
Event: 0.043 Loaded shared library C:\Users\stas2\.jdks\openjdk-21.0.1\bin\jsvml.dll
Event: 0.077 Loaded shared library C:\Users\stas2\.jdks\openjdk-21.0.1\bin\net.dll
Event: 0.078 Loaded shared library C:\Users\stas2\.jdks\openjdk-21.0.1\bin\nio.dll
Event: 0.082 Loaded shared library C:\Users\stas2\.jdks\openjdk-21.0.1\bin\zip.dll
Event: 0.201 Loaded shared library C:\Users\stas2\.jdks\openjdk-21.0.1\bin\zip.dll
Event: 0.206 Loaded shared library C:\Users\stas2\.jdks\openjdk-21.0.1\bin\instrument.dll
Event: 0.228 Loaded shared library C:\IntelliJ IDEA Community Edition 2021.3.2\IntelliJ IDEA Community Edition 2023.2.1\bin\breakgen64.dll
Event: 0.288 Loaded shared library C:\Users\stas2\.jdks\openjdk-21.0.1\bin\jimage.dll
Event: 0.444 Loaded shared library C:\Users\stas2\AppData\Local\Temp\lwjgl_stas2\3.3.4+7\x64\lwjgl.dll
Event: 0.718 Loaded shared library C:\Users\stas2\AppData\Local\Temp\lwjgl_stas2\3.3.4+7\x64\lwjgl_opengl.dll
Event: 1.037 Loaded shared library C:\Users\stas2\AppData\Local\Temp\imgui-java-natives\1.89.0\imgui-java64.dll
Event: 1.083 Loaded shared library C:\Users\stas2\.jdks\openjdk-21.0.1\bin\verify.dll
Event: 1.116 Loaded shared library C:\Users\stas2\AppData\Local\Temp\lwjgl_stas2\3.3.4+7\x64\lwjgl_stb.dll

Deoptimization events (20 events):
Event: 10.020 Thread 0x00000238ee919c00 DEOPT PACKING pc=0x00000238802e6b6f sp=0x000000acd15fdac0
Event: 10.020 Thread 0x00000238ee919c00 DEOPT UNPACKING pc=0x00000238875888e2 sp=0x000000acd15fcee0 mode 0
Event: 10.020 Thread 0x00000238ee919c00 DEOPT PACKING pc=0x00000238801e34e2 sp=0x000000acd15fda90
Event: 10.020 Thread 0x00000238ee919c00 DEOPT UNPACKING pc=0x00000238875888e2 sp=0x000000acd15fcf28 mode 0
Event: 10.021 Thread 0x00000238ee919c00 DEOPT PACKING pc=0x00000238801e34e2 sp=0x000000acd15fda90
Event: 10.021 Thread 0x00000238ee919c00 DEOPT UNPACKING pc=0x00000238875888e2 sp=0x000000acd15fcf28 mode 0
Event: 10.037 Thread 0x00000238ee919c00 DEOPT PACKING pc=0x00000238802cb6d4 sp=0x000000acd15fee00
Event: 10.037 Thread 0x00000238ee919c00 DEOPT UNPACKING pc=0x00000238875888e2 sp=0x000000acd15fe390 mode 0
Event: 10.046 Thread 0x00000238ee919c00 Uncommon trap: trap_request=0xffffffde fr.pc=0x0000023887b05ddc relative=0x00000000000003dc
Event: 10.046 Thread 0x00000238ee919c00 Uncommon trap: reason=class_check action=maybe_recompile pc=0x0000023887b05ddc method=java.util.HashMap.putVal(ILjava/lang/Object;Ljava/lang/Object;ZZ)Ljava/lang/Object; @ 253 c2
Event: 10.046 Thread 0x00000238ee919c00 DEOPT PACKING pc=0x0000023887b05ddc sp=0x000000acd15fe7d0
Event: 10.046 Thread 0x00000238ee919c00 DEOPT UNPACKING pc=0x0000023887587da2 sp=0x000000acd15fe780 mode 2
Event: 10.046 Thread 0x00000238ee919c00 Uncommon trap: trap_request=0xffffffde fr.pc=0x0000023887b05ddc relative=0x00000000000003dc
Event: 10.046 Thread 0x00000238ee919c00 Uncommon trap: reason=class_check action=maybe_recompile pc=0x0000023887b05ddc method=java.util.HashMap.putVal(ILjava/lang/Object;Ljava/lang/Object;ZZ)Ljava/lang/Object; @ 253 c2
Event: 10.046 Thread 0x00000238ee919c00 DEOPT PACKING pc=0x0000023887b05ddc sp=0x000000acd15fe7d0
Event: 10.046 Thread 0x00000238ee919c00 DEOPT UNPACKING pc=0x0000023887587da2 sp=0x000000acd15fe780 mode 2
Event: 10.048 Thread 0x00000238ee919c00 Uncommon trap: trap_request=0xffffffde fr.pc=0x0000023887b05ddc relative=0x00000000000003dc
Event: 10.048 Thread 0x00000238ee919c00 Uncommon trap: reason=class_check action=maybe_recompile pc=0x0000023887b05ddc method=java.util.HashMap.putVal(ILjava/lang/Object;Ljava/lang/Object;ZZ)Ljava/lang/Object; @ 253 c2
Event: 10.048 Thread 0x00000238ee919c00 DEOPT PACKING pc=0x0000023887b05ddc sp=0x000000acd15fe7d0
Event: 10.048 Thread 0x00000238ee919c00 DEOPT UNPACKING pc=0x0000023887587da2 sp=0x000000acd15fe780 mode 2

Classes loaded (20 events):
Event: 463.158 Loading class jdk/internal/logger/AbstractLoggerWrapper
Event: 463.159 Loading class jdk/internal/logger/AbstractLoggerWrapper done
Event: 463.159 Loading class jdk/internal/logger/LazyLoggers$LazyLoggerWrapper done
Event: 463.159 Loading class jdk/internal/logger/LazyLoggers$JdkLazyLogger done
Event: 463.159 Loading class jdk/internal/logger/LazyLoggers$LazyLoggerAccessor
Event: 463.159 Loading class jdk/internal/logger/LazyLoggers$LoggerAccessor
Event: 463.159 Loading class jdk/internal/logger/LazyLoggers$LoggerAccessor done
Event: 463.159 Loading class jdk/internal/logger/LazyLoggers$LazyLoggerAccessor done
Event: 463.159 Loading class java/lang/System$Logger$Level
Event: 463.159 Loading class java/lang/System$Logger$Level done
Event: 463.159 Loading class jdk/internal/logger/SurrogateLogger
Event: 463.159 Loading class jdk/internal/logger/SimpleConsoleLogger
Event: 463.159 Loading class sun/util/logging/PlatformLogger$ConfigurableBridge$LoggerConfiguration
Event: 463.159 Loading class sun/util/logging/PlatformLogger$ConfigurableBridge$LoggerConfiguration done
Event: 463.159 Loading class jdk/internal/logger/SimpleConsoleLogger done
Event: 463.159 Loading class jdk/internal/logger/SurrogateLogger done
Event: 463.159 Loading class sun/util/logging/PlatformLogger
Event: 463.160 Loading class sun/util/logging/PlatformLogger done
Event: 463.160 Loading class sun/util/logging/PlatformLogger$Level
Event: 463.160 Loading class sun/util/logging/PlatformLogger$Level done

Classes unloaded (0 events):
No events

Classes redefined (0 events):
No events

Internal exceptions (20 events):
Event: 1.051 Thread 0x00000238ee919c00 Exception <a 'java/lang/NoSuchMethodError'{0x00000007124b24c8}: 'void java.lang.invoke.DirectMethodHandle$Holder.invokeVirtual(java.lang.Object, java.lang.Object, long, int, int, int)'> (0x00000007124b24c8) 
thrown [s\open\src\hotspot\share\interpreter\linkResolver.cpp, line 773]
Event: 1.052 Thread 0x00000238ee919c00 Exception <a 'java/lang/NoSuchMethodError'{0x00000007124b9770}: 'void java.lang.invoke.DirectMethodHandle$Holder.invokeVirtual(java.lang.Object, java.lang.Object, long, int, int, int, int)'> (0x00000007124b9770) 
thrown [s\open\src\hotspot\share\interpreter\linkResolver.cpp, line 773]
Event: 1.058 Thread 0x00000238ff19e240 Exception <a 'java/lang/NoSuchMethodError'{0x00000007125265d0}: 'java.lang.Object java.lang.invoke.Invokers$Holder.invokeExact_MT(java.lang.Object, java.lang.Object, java.lang.Object, java.lang.Object, java.lang.Object, java.lang.Object)'> (0x00000007125265d0) 
thrown [s\open\src\hotspot\share\interpreter\linkResolver.cpp, line 773]
Event: 1.109 Thread 0x00000238ee919c00 Exception <a 'java/lang/NoSuchMethodError'{0x000000071236be58}: 'void java.lang.System.load(java.lang.String, java.lang.Class)'> (0x000000071236be58) 
thrown [s\open\src\hotspot\share\interpreter\linkResolver.cpp, line 773]
Event: 1.110 Thread 0x00000238ee919c00 Exception <a 'java/lang/NoSuchMethodError'{0x000000071236e7f8}: 'void java.lang.System.loadLibrary(java.lang.String, java.lang.Class)'> (0x000000071236e7f8) 
thrown [s\open\src\hotspot\share\interpreter\linkResolver.cpp, line 773]
Event: 1.110 Thread 0x00000238ee919c00 Exception <a 'sun/nio/fs/WindowsException'{0x0000000712371388}> (0x0000000712371388) 
thrown [s\open\src\hotspot\share\prims\jni.cpp, line 520]
Event: 1.115 Thread 0x00000238ee919c00 Exception <a 'sun/nio/fs/WindowsException'{0x000000071237d7d8}> (0x000000071237d7d8) 
thrown [s\open\src\hotspot\share\prims\jni.cpp, line 520]
Event: 1.115 Thread 0x00000238ee919c00 Exception <a 'sun/nio/fs/WindowsException'{0x000000071237db58}> (0x000000071237db58) 
thrown [s\open\src\hotspot\share\prims\jni.cpp, line 520]
Event: 1.117 Thread 0x00000238ee919c00 Exception <a 'sun/nio/fs/WindowsException'{0x000000071237feb8}> (0x000000071237feb8) 
thrown [s\open\src\hotspot\share\prims\jni.cpp, line 520]
Event: 9.978 Thread 0x00000238ee919c00 Exception <a 'sun/nio/fs/WindowsException'{0x0000000711fe2510}> (0x0000000711fe2510) 
thrown [s\open\src\hotspot\share\prims\jni.cpp, line 520]
Event: 9.984 Thread 0x00000238ee919c00 Exception <a 'sun/nio/fs/WindowsException'{0x0000000711fee730}> (0x0000000711fee730) 
thrown [s\open\src\hotspot\share\prims\jni.cpp, line 520]
Event: 9.984 Thread 0x00000238ee919c00 Exception <a 'sun/nio/fs/WindowsException'{0x0000000711feeaa8}> (0x0000000711feeaa8) 
thrown [s\open\src\hotspot\share\prims\jni.cpp, line 520]
Event: 9.985 Thread 0x00000238ee919c00 Exception <a 'sun/nio/fs/WindowsException'{0x0000000711ff04c8}> (0x0000000711ff04c8) 
thrown [s\open\src\hotspot\share\prims\jni.cpp, line 520]
Event: 9.987 Thread 0x00000238ee919c00 Exception <a 'sun/nio/fs/WindowsException'{0x0000000711ff5290}> (0x0000000711ff5290) 
thrown [s\open\src\hotspot\share\prims\jni.cpp, line 520]
Event: 10.016 Thread 0x00000238ee919c00 Exception <a 'sun/nio/fs/WindowsException'{0x0000000711ffdbd0}> (0x0000000711ffdbd0) 
thrown [s\open\src\hotspot\share\prims\jni.cpp, line 520]
Event: 10.016 Thread 0x00000238ee919c00 Exception <a 'sun/nio/fs/WindowsException'{0x0000000711ffdf50}> (0x0000000711ffdf50) 
thrown [s\open\src\hotspot\share\prims\jni.cpp, line 520]
Event: 10.017 Thread 0x00000238ee919c00 Exception <a 'sun/nio/fs/WindowsException'{0x0000000711fff978}> (0x0000000711fff978) 
thrown [s\open\src\hotspot\share\prims\jni.cpp, line 520]
Event: 17.932 Thread 0x00000238ee919c00 Implicit null exception at 0x000002388029eace to 0x000002388029ef2b
Event: 17.932 Thread 0x00000238ee919c00 Exception <a 'java/lang/NullPointerException'{0x000000071163f5f0}> (0x000000071163f5f0) 
thrown [s\open\src\hotspot\share\runtime\sharedRuntime.cpp, line 625]
Event: 463.158 Thread 0x00000238ffede3e0 Exception <a 'sun/nio/fs/WindowsException'{0x00000007116e61a8}> (0x00000007116e61a8) 
thrown [s\open\src\hotspot\share\prims\jni.cpp, line 520]

ZGC Phase Switch (0 events):
No events

VM Operations (20 events):
Event: 9.974 Executing VM operation: HandshakeAllThreads (Deoptimize) done
Event: 10.985 Executing VM operation: Cleanup
Event: 10.985 Executing VM operation: Cleanup done
Event: 11.992 Executing VM operation: Cleanup
Event: 11.992 Executing VM operation: Cleanup done
Event: 12.999 Executing VM operation: Cleanup
Event: 12.999 Executing VM operation: Cleanup done
Event: 14.008 Executing VM operation: Cleanup
Event: 14.008 Executing VM operation: Cleanup done
Event: 15.016 Executing VM operation: Cleanup
Event: 15.016 Executing VM operation: Cleanup done
Event: 16.026 Executing VM operation: Cleanup
Event: 16.026 Executing VM operation: Cleanup done
Event: 18.044 Executing VM operation: Cleanup
Event: 18.044 Executing VM operation: Cleanup done
Event: 60.109 Executing VM operation: HandshakeAllThreads (HandshakeForDeflation)
Event: 60.109 Executing VM operation: HandshakeAllThreads (HandshakeForDeflation) done
Event: 60.109 Executing VM operation: RendezvousGCThreads
Event: 60.109 Executing VM operation: RendezvousGCThreads done
Event: 463.160 Executing VM operation: Exit

Events (20 events):
Event: 0.040 Thread 0x00000238ff19d6f0 Thread added: 0x00000238ff19d6f0
Event: 0.040 Thread 0x00000238ff19e240 Thread added: 0x00000238ff19e240
Event: 0.040 Thread 0x00000238ff1a7910 Thread added: 0x00000238ff1a7910
Event: 0.040 Thread 0x00000238ff1b05a0 Thread added: 0x00000238ff1b05a0
Event: 0.040 Thread 0x00000238ff1b8fe0 Thread added: 0x00000238ff1b8fe0
Event: 0.040 Thread 0x00000238ff1b7c70 Thread added: 0x00000238ff1b7c70
Event: 0.072 Thread 0x00000238ff15e770 Thread added: 0x00000238ff15e770
Event: 0.127 Thread 0x00000238ff3f1660 Thread added: 0x00000238ff3f1660
Event: 0.134 Thread 0x00000238ff547580 Thread added: 0x00000238ff547580
Event: 0.229 Thread 0x00000238ff5bd9e0 Thread added: 0x00000238ff5bd9e0
Event: 0.229 Thread 0x00000238ff947580 Thread added: 0x00000238ff947580
Event: 0.393 Thread 0x00000238ffd85310 Thread added: 0x00000238ffd85310
Event: 0.394 Thread 0x00000238ffdae710 Thread added: 0x00000238ffdae710
Event: 0.709 Thread 0x00000238ff547580 Thread exited: 0x00000238ff547580
Event: 0.709 Thread 0x00000238ff3f1660 Thread exited: 0x00000238ff3f1660
Event: 1.049 Thread 0x00000238d60cc480 Thread added: 0x00000238d60cc480
Event: 1.342 Thread 0x00000238d60cc480 Thread exited: 0x00000238d60cc480
Event: 17.934 Thread 0x00000238ee919c00 Thread exited: 0x00000238ee919c00
Event: 17.934 Thread 0x00000238ee919c00 Thread added: 0x00000238ee919c00
Event: 463.157 Thread 0x00000238ffede3e0 Thread added: 0x00000238ffede3e0


Dynamic libraries:
0x00007ff7f8f50000 - 0x00007ff7f8f5e000 	C:\Users\stas2\.jdks\openjdk-21.0.1\bin\java.exe
0x00007ffac7c80000 - 0x00007ffac7ee9000 	C:\WINDOWS\SYSTEM32\ntdll.dll
0x00007ffac5b10000 - 0x00007ffac5bd9000 	C:\WINDOWS\System32\KERNEL32.DLL
0x00007ffac5310000 - 0x00007ffac5703000 	C:\WINDOWS\System32\KERNELBASE.dll
0x00007ffac4e10000 - 0x00007ffac4f5b000 	C:\WINDOWS\System32\ucrtbase.dll
0x00007ffa62b10000 - 0x00007ffa62b28000 	C:\Users\stas2\.jdks\openjdk-21.0.1\bin\jli.dll
0x00007ffa62b30000 - 0x00007ffa62b4b000 	C:\Users\stas2\.jdks\openjdk-21.0.1\bin\VCRUNTIME140.dll
0x00007ffac60a0000 - 0x00007ffac6264000 	C:\WINDOWS\System32\USER32.dll
0x00007ffaacac0000 - 0x00007ffaacd53000 	C:\WINDOWS\WinSxS\amd64_microsoft.windows.common-controls_6595b64144ccf1df_6.0.26100.5074_none_3e0d6f78e32fd63f\COMCTL32.dll
0x00007ffac5250000 - 0x00007ffac5277000 	C:\WINDOWS\System32\win32u.dll
0x00007ffac6070000 - 0x00007ffac609b000 	C:\WINDOWS\System32\GDI32.dll
0x00007ffac7170000 - 0x00007ffac7219000 	C:\WINDOWS\System32\msvcrt.dll
0x00007ffac5920000 - 0x00007ffac5a4d000 	C:\WINDOWS\System32\gdi32full.dll
0x00007ffac5710000 - 0x00007ffac57b3000 	C:\WINDOWS\System32\msvcp_win.dll
0x00007ffac7c00000 - 0x00007ffac7c2f000 	C:\WINDOWS\System32\IMM32.DLL
0x00007ffa96270000 - 0x00007ffa9627c000 	C:\Users\stas2\.jdks\openjdk-21.0.1\bin\vcruntime140_1.dll
0x00007ffa51560000 - 0x00007ffa515ee000 	C:\Users\stas2\.jdks\openjdk-21.0.1\bin\msvcp140.dll
0x00007ff9d1f00000 - 0x00007ff9d2c15000 	C:\Users\stas2\.jdks\openjdk-21.0.1\bin\server\jvm.dll
0x00007ffac66a0000 - 0x00007ffac6754000 	C:\WINDOWS\System32\ADVAPI32.dll
0x00007ffac70c0000 - 0x00007ffac7166000 	C:\WINDOWS\System32\sechost.dll
0x00007ffac7ae0000 - 0x00007ffac7bf8000 	C:\WINDOWS\System32\RPCRT4.dll
0x00007ffac6a60000 - 0x00007ffac6ad4000 	C:\WINDOWS\System32\WS2_32.dll
0x00007ffac3a50000 - 0x00007ffac3aae000 	C:\WINDOWS\SYSTEM32\POWRPROF.dll
0x00007ffabab30000 - 0x00007ffabab3b000 	C:\WINDOWS\SYSTEM32\VERSION.dll
0x00007ffab73c0000 - 0x00007ffab73f5000 	C:\WINDOWS\SYSTEM32\WINMM.dll
0x00007ffac3a30000 - 0x00007ffac3a44000 	C:\WINDOWS\SYSTEM32\UMPDC.dll
0x00007ffac3d10000 - 0x00007ffac3d2b000 	C:\WINDOWS\SYSTEM32\kernel.appcore.dll
0x00007ffa95120000 - 0x00007ffa9512a000 	C:\Users\stas2\.jdks\openjdk-21.0.1\bin\jimage.dll
0x00007ffac2590000 - 0x00007ffac27d2000 	C:\WINDOWS\SYSTEM32\DBGHELP.DLL
0x00007ffac6b70000 - 0x00007ffac6eeb000 	C:\WINDOWS\System32\combase.dll
0x00007ffac7970000 - 0x00007ffac7a47000 	C:\WINDOWS\System32\OLEAUT32.dll
0x00007ffaa9e70000 - 0x00007ffaa9ead000 	C:\WINDOWS\SYSTEM32\dbgcore.DLL
0x00007ffac5880000 - 0x00007ffac5919000 	C:\WINDOWS\System32\bcryptPrimitives.dll
0x00007ffaa5c30000 - 0x00007ffaa5c3f000 	C:\Users\stas2\.jdks\openjdk-21.0.1\bin\instrument.dll
0x00007ffa62af0000 - 0x00007ffa62b0f000 	C:\Users\stas2\.jdks\openjdk-21.0.1\bin\java.dll
0x00007ffac7220000 - 0x00007ffac796d000 	C:\WINDOWS\System32\SHELL32.dll
0x00007ffac50e0000 - 0x00007ffac524c000 	C:\WINDOWS\System32\wintypes.dll
0x00007ffac2a80000 - 0x00007ffac32d9000 	C:\WINDOWS\SYSTEM32\windows.storage.dll
0x00007ffac6ef0000 - 0x00007ffac6fe0000 	C:\WINDOWS\System32\SHCORE.dll
0x00007ffac6ae0000 - 0x00007ffac6b42000 	C:\WINDOWS\System32\shlwapi.dll
0x00007ffac4d30000 - 0x00007ffac4d59000 	C:\WINDOWS\SYSTEM32\profapi.dll
0x00007ffa505c0000 - 0x00007ffa50697000 	C:\Users\stas2\.jdks\openjdk-21.0.1\bin\jsvml.dll
0x00007ffa950c0000 - 0x00007ffa950d0000 	C:\Users\stas2\.jdks\openjdk-21.0.1\bin\net.dll
0x00007ffabbf60000 - 0x00007ffabc07f000 	C:\WINDOWS\SYSTEM32\WINHTTP.dll
0x00007ffac4290000 - 0x00007ffac42fb000 	C:\WINDOWS\system32\mswsock.dll
0x00007ffa60cc0000 - 0x00007ffa60cd6000 	C:\Users\stas2\.jdks\openjdk-21.0.1\bin\nio.dll
0x00007ffa61ac0000 - 0x00007ffa61ad8000 	C:\Users\stas2\.jdks\openjdk-21.0.1\bin\zip.dll
0x00007ffa99f00000 - 0x00007ffa99f1a000 	C:\IntelliJ IDEA Community Edition 2021.3.2\IntelliJ IDEA Community Edition 2023.2.1\bin\breakgen64.dll
0x00007ffa64590000 - 0x00007ffa6460b000 	C:\Users\stas2\AppData\Local\Temp\lwjgl_stas2\3.3.4+7\x64\lwjgl.dll
0x00007ffa62ba0000 - 0x00007ffa62c25000 	C:\Users\stas2\AppData\Local\Temp\lwjgl_stas2\3.3.4+7\x64\glfw.dll
0x00007ffa67a30000 - 0x00007ffa67a7b000 	C:\WINDOWS\SYSTEM32\dinput8.dll
0x00007ffa8d9d0000 - 0x00007ffa8d9e2000 	C:\WINDOWS\SYSTEM32\xinput1_4.dll
0x00007ffac4ac0000 - 0x00007ffac4b17000 	C:\WINDOWS\SYSTEM32\cfgmgr32.dll
0x00007ffac4a90000 - 0x00007ffac4abd000 	C:\WINDOWS\SYSTEM32\DEVOBJ.dll
0x00007ffac1d20000 - 0x00007ffac1d4b000 	C:\WINDOWS\SYSTEM32\dwmapi.dll
0x00007ffa9a160000 - 0x00007ffa9a33a000 	C:\WINDOWS\SYSTEM32\inputhost.dll
0x00007ffabef10000 - 0x00007ffabf035000 	C:\WINDOWS\SYSTEM32\CoreMessaging.dll
0x00007ffabf4e0000 - 0x00007ffabf588000 	C:\WINDOWS\system32\uxtheme.dll
0x00007ffac4550000 - 0x00007ffac455c000 	C:\WINDOWS\SYSTEM32\CRYPTBASE.DLL
0x00007ffac6530000 - 0x00007ffac6688000 	C:\WINDOWS\System32\MSCTF.dll
0x00007ffa97830000 - 0x00007ffa9793c000 	C:\WINDOWS\SYSTEM32\opengl32.dll
0x00007ffa99120000 - 0x00007ffa9914d000 	C:\WINDOWS\SYSTEM32\GLU32.dll
0x00007ffac1da0000 - 0x00007ffac1de4000 	C:\WINDOWS\SYSTEM32\dxcore.dll
0x00007ffabd0b0000 - 0x00007ffabd110000 	C:\WINDOWS\SYSTEM32\directxdatabasehelper.dll
0x00007ffab54c0000 - 0x00007ffab54da000 	C:\WINDOWS\SYSTEM32\windows.staterepositorycore.dll
0x00007ffa39680000 - 0x00007ffa3a673000 	C:\WINDOWS\System32\DriverStore\FileRepository\iigd_dch.inf_amd64_5802b1615520e41c\igxelpicd64.dll
0x00007ffac68c0000 - 0x00007ffac6a58000 	C:\WINDOWS\System32\ole32.dll
0x00007ffac1ba0000 - 0x00007ffac1cda000 	C:\WINDOWS\system32\dxgi.dll
0x00007ffa39390000 - 0x00007ffa39677000 	C:\WINDOWS\System32\DriverStore\FileRepository\iigd_dch.inf_amd64_5802b1615520e41c\igdml64.dll
0x00007ffab2f10000 - 0x00007ffab32d7000 	C:\WINDOWS\System32\DriverStore\FileRepository\iigd_dch.inf_amd64_5802b1615520e41c\igdgmm64.dll
0x00007ffaaf880000 - 0x00007ffab2e91000 	C:\WINDOWS\System32\DriverStore\FileRepository\iigd_dch.inf_amd64_5802b1615520e41c\igc64.dll
0x00007ffa91ad0000 - 0x00007ffa91c19000 	C:\WINDOWS\SYSTEM32\textinputframework.dll
0x00007ffab5eb0000 - 0x00007ffab6193000 	C:\WINDOWS\SYSTEM32\CoreUIComponents.dll
0x00007ffa61e20000 - 0x00007ffa61e81000 	C:\Users\stas2\AppData\Local\Temp\lwjgl_stas2\3.3.4+7\x64\lwjgl_opengl.dll
0x00007ffa3f640000 - 0x00007ffa3fe34000 	C:\Users\stas2\AppData\Local\Temp\imgui-java-natives\1.89.0\imgui-java64.dll
0x00007ffa94f90000 - 0x00007ffa94fa0000 	C:\Users\stas2\.jdks\openjdk-21.0.1\bin\verify.dll
0x00007ffa61d80000 - 0x00007ffa61e20000 	C:\Users\stas2\AppData\Local\Temp\lwjgl_stas2\3.3.4+7\x64\lwjgl_stb.dll
0x00007ffa55800000 - 0x00007ffa55928000 	C:\Users\stas2\AppData\Local\Temp\lwjgl_stas2\3.3.4+7\x64\draco.dll
0x00007ff9faf20000 - 0x00007ff9fb5db000 	C:\Users\stas2\AppData\Local\Temp\lwjgl_stas2\3.3.4+7\x64\assimp.dll

dbghelp: loaded successfully - version: 4.0.5 - missing functions: none
symbol engine: initialized successfully - sym options: 0x614 - pdb path: .;C:\Users\stas2\.jdks\openjdk-21.0.1\bin;C:\WINDOWS\SYSTEM32;C:\WINDOWS\WinSxS\amd64_microsoft.windows.common-controls_6595b64144ccf1df_6.0.26100.5074_none_3e0d6f78e32fd63f;C:\Users\stas2\.jdks\openjdk-21.0.1\bin\server;C:\IntelliJ IDEA Community Edition 2021.3.2\IntelliJ IDEA Community Edition 2023.2.1\bin;C:\Users\stas2\AppData\Local\Temp\lwjgl_stas2\3.3.4+7\x64;C:\WINDOWS\System32\DriverStore\FileRepository\iigd_dch.inf_amd64_5802b1615520e41c;C:\Users\stas2\AppData\Local\Temp\imgui-java-natives\1.89.0

VM Arguments:
jvm_args: -javaagent:C:\IntelliJ IDEA Community Edition 2021.3.2\IntelliJ IDEA Community Edition 2023.2.1\lib\idea_rt.jar=57165:C:\IntelliJ IDEA Community Edition 2021.3.2\IntelliJ IDEA Community Edition 2023.2.1\bin -Dfile.encoding=windows-1252 -Dsun.stdout.encoding=windows-1252 -Dsun.stderr.encoding=windows-1252 --module-path=C:\Users\stas2\.m2\repository\org\lwjgl\lwjgl-glfw\3.3.4\lwjgl-glfw-3.3.4.jar;C:\Users\stas2\.m2\repository\org\joml\joml-primitives\1.10.0\joml-primitives-1.10.0.jar;C:\Users\stas2\.m2\repository\com\fasterxml\jackson\core\jackson-annotations\2.17.2\jackson-annotations-2.17.2.jar;C:\Users\stas2\.m2\repository\io\github\spair\imgui-java-binding\1.89.0\imgui-java-binding-1.89.0.jar;C:\Users\stas2\.m2\repository\org\lwjgl\lwjgl-opengl\3.3.4\lwjgl-opengl-3.3.4.jar;C:\Users\stas2\.m2\repository\org\lwjgl\lwjgl-vulkan\3.3.4\lwjgl-vulkan-3.3.4.jar;C:\Users\stas2\.m2\repository\org\lwjgl\lwjgl-assimp\3.3.4\lwjgl-assimp-3.3.4.jar;C:\Users\stas2\.m2\repository\io\github\spair\imgui-java-lwjgl3\1.89.0\imgui-java-lwjgl3-1.89.0.jar;O:\GIt\MultiplayerShooter\target\classes;C:\Users\stas2\.m2\repository\com\fasterxml\jackson\core\jackson-databind\2.17.2\jackson-databind-2.17.2.jar;C:\Users\stas2\.m2\repository\org\lwjgl\lwjgl\3.3.4\lwjgl-3.3.4.jar;C:\Users\stas2\.m2\repository\org\lwjgl\lwjgl-stb\3.3.4\lwjgl-stb-3.3.4.jar;C:\Users\stas2\.m2\repository\com\fasterxml\jackson\core\jackson-core\2.17.2\jackson-core-2.17.2.jar;C:\Users\stas2\.m2\repository\org\joml\joml\1.10.7\joml-1.10.7.jar -Djdk.module.main=com.bedrye.bjge 
java_command: com.bedrye.bjge/com.bedrye.bjge.TestMain
java_class_path (initial): C:\Users\stas2\.m2\repository\io\github\spair\imgui-java-natives-windows\1.89.0\imgui-java-natives-windows-1.89.0.jar;C:\Users\stas2\.m2\repository\org\junit\jupiter\junit-jupiter-api\5.9.2\junit-jupiter-api-5.9.2.jar;C:\Users\stas2\.m2\repository\org\opentest4j\opentest4j\1.2.0\opentest4j-1.2.0.jar;C:\Users\stas2\.m2\repository\org\junit\platform\junit-platform-commons\1.9.2\junit-platform-commons-1.9.2.jar;C:\Users\stas2\.m2\repository\org\apiguardian\apiguardian-api\1.1.2\apiguardian-api-1.1.2.jar;C:\Users\stas2\.m2\repository\org\junit\jupiter\junit-jupiter-engine\5.9.2\junit-jupiter-engine-5.9.2.jar;C:\Users\stas2\.m2\repository\org\junit\platform\junit-platform-engine\1.9.2\junit-platform-engine-1.9.2.jar;C:\Users\stas2\.m2\repository\org\lwjgl\lwjgl-bgfx\3.3.4\lwjgl-bgfx-3.3.4.jar;C:\Users\stas2\.m2\repository\org\lwjgl\lwjgl-nanovg\3.3.4\lwjgl-nanovg-3.3.4.jar;C:\Users\stas2\.m2\repository\org\lwjgl\lwjgl-nuklear\3.3.4\lwjgl-nuklear-3.3.4.jar;C:\Users\stas2\.m2\repository\org\lwjgl\lwjgl-openal\3.3.4\lwjgl-openal-3.3.4.jar;C:\Users\stas2\.m2\repository\org\lwjgl\lwjgl-par\3.3.4\lwjgl-par-3.3.4.jar;C:\Users\stas2\.m2\repository\org\lwjgl\lwjgl\3.3.4\lwjgl-3.3.4-natives-windows.jar;C:\Users\stas2\.m2\repository\org\lwjgl\lwjgl-assimp\3.3.4\lwjgl-assimp-3.3.4-natives-windows.jar;C:\Users\stas2\.m2\repository\org\lwjgl\lwjgl-bgfx\3.3.4\lwjgl-bgfx-3.3.4-natives-windows.jar;C:\Users\stas2\.m2\repository\org\lwjgl\lwjgl-glfw\3.3.4\lwjgl-glfw-3.3.4-natives-windows.jar;C:\Users\stas2\.m2\repository\org\lwjgl\lwjgl-nanovg\3.3.4\lwjgl-nanovg-3.3.4-natives-windows.jar;C:\Users\stas2\.m2\repository\org\lwjgl\lwjgl-nuklear\3.3.4\lwjgl-nuklear-3.3.4-natives-windows.jar;C:\Users\stas2\.m2\repository\org\lwjgl\lwjgl-openal\3.3.4\lwjgl-openal-3.3.4-natives-windows.jar;C:\Users\stas2\.m2\repository\org\lwjgl\lwjgl-opengl\3.3.4\lwjgl-opengl-3.3.4-natives-windows.jar;C:\Users\stas2\.m2\repository\org\lwjgl\lwjgl-par\3.3.4\lwjgl-par-3.3.4-natives-windows.jar;C:\Users\stas2\.m2\repository\org\lwjgl\lwjgl-stb\3.3.4\lwjgl-stb-3.3.4-natives-windows.jar
Launcher Type: SUN_STANDARD

[Global flags]
     intx CICompilerCount                          = 4                                         {product} {ergonomic}
     uint ConcGCThreads                            = 3                                         {product} {ergonomic}
     uint G1ConcRefinementThreads                  = 10                                        {product} {ergonomic}
   size_t G1HeapRegionSize                         = 2097152                                   {product} {ergonomic}
    uintx GCDrainStackTargetSize                   = 64                                        {product} {ergonomic}
   size_t InitialHeapSize                          = 266338304                                 {product} {ergonomic}
   size_t MarkStackSize                            = 4194304                                   {product} {ergonomic}
   size_t MaxHeapSize                              = 4238344192                                {product} {ergonomic}
   size_t MaxNewSize                               = 2541748224                                {product} {ergonomic}
   size_t MinHeapDeltaBytes                        = 2097152                                   {product} {ergonomic}
   size_t MinHeapSize                              = 8388608                                   {product} {ergonomic}
    uintx NonNMethodCodeHeapSize                   = 5839372                                {pd product} {ergonomic}
    uintx NonProfiledCodeHeapSize                  = 122909434                              {pd product} {ergonomic}
    uintx ProfiledCodeHeapSize                     = 122909434                              {pd product} {ergonomic}
    uintx ReservedCodeCacheSize                    = 251658240                              {pd product} {ergonomic}
     bool SegmentedCodeCache                       = true                                      {product} {ergonomic}
   size_t SoftMaxHeapSize                          = 4238344192                             {manageable} {ergonomic}
     bool UseCompressedOops                        = true                           {product lp64_product} {ergonomic}
     bool UseG1GC                                  = true                                      {product} {ergonomic}
     bool UseLargePagesIndividualAllocation        = false                                  {pd product} {ergonomic}

Logging:
Log output configuration:
 #0: stdout all=off uptime,level,tags foldmultilines=false
 #1: stderr all=off uptime,level,tags foldmultilines=false

Environment Variables:
JAVA_HOME=C:\Program Files\Java\jdk-21
PATH=C:\Program Files\PlasticSCM5\server;C:\Program Files\PlasticSCM5\client;C:\Program Files\NVIDIA GPU Computing Toolkit\CUDA\v12.6\bin;C:\Program Files\NVIDIA GPU Computing Toolkit\CUDA\v12.6\libnvvp;C:\Program Files\Common Files\Oracle\Java\javapath;C:\Windows\system32;C:\Windows;C:\Program Files\Java\jdk-11.0.2\bin;C:\Windows\System32\Wbem;C:\ORacleDatabase\dbhomeXE\bin;C:\Windows\System32\WindowsPowerShell\v1.0\;C:\Windows\System32\OpenSSH\;C:\Program Files (x86)\NVIDIA Corporation\PhysX\Common;C:\Program Files\NVIDIA Corporation\NVIDIA NvDLISR;C:\Program Files\Git LFS;C:\Program Files\Git\cmd;C:\Program Files (x86)\Windows Kits\10\Windows Performance Toolkit\;C:\Program Files (x86)\Steam\steamapps\common\Counter-Strike Global Offensive\game\bin\win64;C:\Users\stas2\AppData\Local\Programs\Python\Python311;C:\Program Files\dotnet\;C:\Program Files\Microsoft SQL Server\150\Tools\Binn\;C:\Program Files\Microsoft SQL Server\Client SDK\ODBC\170\Tools\Binn\;C:\Program Files\NVIDIA Corporation\Nsight Compute 2024.3.2\;C:\Program Files (x86)\Microsoft SQL Server\160\Tools\Binn\;C:\Program Files\Microsoft SQL Server\160\Tools\Binn\;C:\Program Files\Microsoft SQL Server\160\DTS\Binn\;C:\Program Files (x86)\Microsoft SQL Server\160\DTS\Binn\;C:\WINDOWS\system32;C:\WINDOWS;C:\WINDOWS\System32\Wbem;C:\WINDOWS\System32\WindowsPowerShell\v1.0\;C:\WINDOWS\System32\OpenSSH\;C:\Program Files\Docker\Docker\resources\bin;O:\npdejs\;C:\Users\stas2\AppData\Local\Microsoft\WindowsApps;C:\Users\stas2\AppData\Local\Programs\Microsoft VS Code\bin;C:\Users\stas2\AppData\Local\GitHubDesktop\bin;C:\Users\stas2\AppData\Local\Programs\Python\Python311;C:\Program Files (x86)\Steam\steamapps\common\Counter-Strike Global Offensive\game\bin\win64;C:\Users\stas2\.dotnet\tools;C:\Users\stas2\AppData\Local\Muse Hub\lib;C:\Users\stas2\AppData\Roaming\npm
USERNAME=stas2
OS=Windows_NT
PROCESSOR_IDENTIFIER=Intel64 Family 6 Model 141 Stepping 1, GenuineIntel
TMP=C:\Users\stas2\AppData\Local\Temp
TEMP=C:\Users\stas2\AppData\Local\Temp




Periodic native trim disabled

---------------  S Y S T E M  ---------------

OS:
 Windows 11 , 64 bit Build 26100 (10.0.26100.5074)
OS uptime: 24 days 2:34 hours
Hyper-V role detected

CPU: total 12 (initial active 12) (6 cores per cpu, 2 threads per core) family 6 model 141 stepping 1 microcode 0x3c, cx8, cmov, fxsr, ht, mmx, 3dnowpref, sse, sse2, sse3, ssse3, sse4.1, sse4.2, popcnt, lzcnt, tsc, tscinvbit, avx, avx2, aes, erms, clmul, bmi1, bmi2, adx, avx512f, avx512dq, avx512cd, avx512bw, avx512vl, sha, fma, vzeroupper, avx512_vpopcntdq, avx512_vpclmulqdq, avx512_vaes, avx512_vnni, clflush, clflushopt, clwb, avx512_vbmi2, avx512_vbmi, hv, rdtscp, rdpid, fsrm, gfni, avx512_bitalg, f16c, cet_ibt, cet_ss, avx512_ifma
Processor Information for all 12 processors :
  Max Mhz: 2688, Current Mhz: 2688, Mhz Limit: 2688

Memory: 4k page, system-wide physical 16163M (925M free)
TotalPageFile size 36643M (AvailPageFile size 5614M)
current process WorkingSet (physical memory assigned to process): 237M, peak: 262M
current process commit charge ("private bytes"): 427M, peak: 456M

vm_info: OpenJDK 64-Bit Server VM (21.0.1+12-29) for windows-amd64 JRE (21.0.1+12-29), built on 2023-10-05T13:27:09Z by "mach5one" with MS VC++ 17.1 (VS2022)

END.
