#
# A fatal error has been detected by the Java Runtime Environment:
#
#  EXCEPTION_ACCESS_VIOLATION (0xc0000005) at pc=0x00007ffb05c6366c, pid=13816, tid=31496
#
# JRE version: OpenJDK Runtime Environment (20.0.2+9) (build 20.0.2+9-78)
# Java VM: OpenJDK 64-Bit Server VM (20.0.2+9-78, mixed mode, sharing, tiered, compressed oops, compressed class ptrs, g1 gc, windows-amd64)
# Problematic frame:
# C  [igxelpicd64.dll+0x13366c]
#
# No core dump will be written. Minidumps are not enabled by default on client versions of Windows
#
# If you would like to submit a bug report, please visit:
#   https://bugreport.java.com/bugreport/crash.jsp
#

---------------  S U M M A R Y ------------

Command Line: -javaagent:C:\IntelliJ IDEA Community Edition 2021.3.2\IntelliJ IDEA Community Edition 2023.2.1\lib\idea_rt.jar=62144:C:\IntelliJ IDEA Community Edition 2021.3.2\IntelliJ IDEA Community Edition 2023.2.1\bin -Dfile.encoding=windows-1252 -Dsun.stdout.encoding=windows-1252 -Dsun.stderr.encoding=windows-1252 --module-path=C:\Users\stas2\.m2\repository\org\lwjgl\lwjgl-glfw\3.3.4\lwjgl-glfw-3.3.4.jar;C:\Users\stas2\.m2\repository\org\joml\joml-primitives\1.10.0\joml-primitives-1.10.0.jar;C:\Users\stas2\.m2\repository\io\github\spair\imgui-java-binding\1.89.0\imgui-java-binding-1.89.0.jar;C:\Users\stas2\.m2\repository\org\lwjgl\lwjgl-stb\3.3.4\lwjgl-stb-3.3.4.jar;C:\Users\stas2\.m2\repository\org\lwjgl\lwjgl\3.3.4\lwjgl-3.3.4.jar;C:\Users\stas2\.m2\repository\org\joml\joml\1.10.7\joml-1.10.7.jar;C:\Users\stas2\.m2\repository\io\github\spair\imgui-java-lwjgl3\1.89.0\imgui-java-lwjgl3-1.89.0.jar;C:\Users\stas2\.m2\repository\org\lwjgl\lwjgl-vulkan\3.3.4\lwjgl-vulkan-3.3.4.jar;C:\Users\stas2\.m2\repository\org\lwjgl\lwjgl-opengl\3.3.4\lwjgl-opengl-3.3.4.jar;C:\Users\stas2\.m2\repository\org\lwjgl\lwjgl-assimp\3.3.4\lwjgl-assimp-3.3.4.jar;O:\GIt\MultiplayerShooter\target\classes -Djdk.module.main=com.bedrye.multiplayershooter com.bedrye.multiplayershooter/com.bedrye.bjge.GameEngine.TestMain

Host: 11th Gen Intel(R) Core(TM) i5-11400H @ 2.70GHz, 12 cores, 15G,  Windows 11 , 64 bit Build 26100 (10.0.26100.4484)
Time: Sat Aug  9 11:32:01 2025 FLE Summer Time elapsed time: 1.873628 seconds (0d 0h 0m 1s)

---------------  T H R E A D  ---------------

Current thread (0x000001fc7de07730):  VMThread "VM Thread" [stack: 0x000000cf5b700000,0x000000cf5b800000] [id=31496]

Stack: [0x000000cf5b700000,0x000000cf5b800000],  sp=0x000000cf5b7fe620,  free space=1017k
Native frames: (J=compiled Java code, j=interpreted, Vv=VM code, C=native code)
C  [igxelpicd64.dll+0x13366c]


siginfo: EXCEPTION_ACCESS_VIOLATION (0xc0000005), reading address 0x00000000000356f8


Registers:
RAX=0x000001fc4a53d938, RBX=0x000001fc4a53d830, RCX=0x0000000000000000, RDX=0x0000000000000000
RSP=0x000000cf5b7fe620, RBP=0x0000000000000000, RSI=0x000001fc4a53de00, RDI=0x000001fc7ebe8390
R8 =0x0000000000000014, R9 =0x000000cf5ad7e000, R10=0x0000000000000000, R11=0x0000000000000000
R12=0x0000000000000000, R13=0x000001fc4a53b0d0, R14=0x0000000000000000, R15=0x0000000000000016
RIP=0x00007ffb05c6366c, EFLAGS=0x0000000000010202


Register to memory mapping:

RIP=0x00007ffb05c6366c igxelpicd64.dll
RAX=0x000001fc4a53d938 points into unknown readable memory: 0x0000000000000000 | 00 00 00 00 00 00 00 00
RBX=0x000001fc4a53d830 points into unknown readable memory: 0x000001fc7eab72e0 | e0 72 ab 7e fc 01 00 00
RCX=0x0 is NULL
RDX=0x0 is NULL
RSP=0x000000cf5b7fe620 points into unknown readable memory: 0x000001fc7eb080f0 | f0 80 b0 7e fc 01 00 00
RBP=0x0 is NULL
RSI=0x000001fc4a53de00 points into unknown readable memory: 0x000001fc4a53b0d0 | d0 b0 53 4a fc 01 00 00
RDI=0x000001fc7ebe8390 points into unknown readable memory: 0x000001fc7e9c8100 | 00 81 9c 7e fc 01 00 00
R8 =0x0000000000000014 is an unknown value
R9 =0x000000cf5ad7e000 points into unknown readable memory: 0x0000000000000000 | 00 00 00 00 00 00 00 00
R10=0x0 is NULL
R11=0x0 is NULL
R12=0x0 is NULL
R13=0x000001fc4a53b0d0 points into unknown readable memory: 0x000001fc7eab72e0 | e0 72 ab 7e fc 01 00 00
R14=0x0 is NULL
R15=0x0000000000000016 is an unknown value


Top of Stack: (sp=0x000000cf5b7fe620)
0x000000cf5b7fe620:   000001fc7eb080f0 0000000000000000
0x000000cf5b7fe630:   030bc29803627998 00007ffb8d325df4
0x000000cf5b7fe640:   0260ef99035d7799 0347bf9a036ba49a
0x000000cf5b7fe650:   02ecf09a0340d49a 0364fc9b0366c19b
0x000000cf5b7fe660:   000001fc4a1514f8 0000000000000036
0x000000cf5b7fe670:   0000000000000000 0000000000000010
0x000000cf5b7fe680:   0000000000000000 0000000000000000
0x000000cf5b7fe690:   000000cf5b7fe7a0 00007ffb05ddbc3c
0x000000cf5b7fe6a0:   000001fc7eb080f0 000001fc7ebe8390
0x000000cf5b7fe6b0:   02de81a502743c00 02db39a602a81c00
0x000000cf5b7fe6c0:   000000cf00000838 0000b80200000000
0x000000cf5b7fe6d0:   0000000000000000 0326f4a70133c2a7
0x000000cf5b7fe6e0:   03596da8030606a8 036987a90343a5a8
0x000000cf5b7fe6f0:   035834aa0366f2a9 035b9aaa02fe53aa
0x000000cf5b7fe700:   02eccdaa01fcb1aa 00007ffb05dd19a0
0x000000cf5b7fe710:   02c01eac02e266ab 02fc88ac034833ac
0x000000cf5b7fe720:   00bf73ad034944ad 028e4cae036b97ad
0x000000cf5b7fe730:   035b03af02b37eae 02bd7baf03544caf
0x000000cf5b7fe740:   033352b002cf3ab0 00007ffb05bb3cdf
0x000000cf5b7fe750:   0000b80200000000 0000000000000838
0x000000cf5b7fe760:   0000000000000000 4000188000000001
0x000000cf5b7fe770:   0000000000000000 0000000000000000
0x000000cf5b7fe780:   0000000000000000 0000000000000000
0x000000cf5b7fe790:   0000000000000000 0000000000000000
0x000000cf5b7fe7a0:   0000000000000000 0000000000000000
0x000000cf5b7fe7b0:   0000000000000000 0000000000000000
0x000000cf5b7fe7c0:   0000000000000000 0000000000000000
0x000000cf5b7fe7d0:   0000000000000000 0000000000000000
0x000000cf5b7fe7e0:   0000000000000000 0000000000000000
0x000000cf5b7fe7f0:   0000000000000000 0000000000000000
0x000000cf5b7fe800:   0000000000000000 0000000000000000
0x000000cf5b7fe810:   0000000000000000 0000000000000000 

Instructions: (pc=0x00007ffb05c6366c)
0x00007ffb05c6356c:   ec 40 45 8a e1 48 8b fa 48 8b e9 48 8b 1d 42 08
0x00007ffb05c6357c:   e0 00 48 89 58 08 48 8b cb ff 15 85 5b 9a 00 90
0x00007ffb05c6358c:   4c 8b af 78 02 00 00 48 8b 05 c6 e4 cf 00 44 8b
0x00007ffb05c6359c:   b8 40 0b 00 00 45 33 db 45 8a f3 4c 89 9f 78 02
0x00007ffb05c635ac:   00 00 44 89 9f 80 02 00 00 4c 89 9f 98 02 00 00
0x00007ffb05c635bc:   4c 89 9f 88 02 00 00 48 85 ed 75 38 8b 35 4a e2
0x00007ffb05c635cc:   df 00 65 48 8b 04 25 58 00 00 00 b9 14 00 00 00
0x00007ffb05c635dc:   48 8b 04 f0 44 38 1c 01 0f 84 9d da 86 00 65 48
0x00007ffb05c635ec:   8b 04 25 58 00 00 00 bd 20 00 00 00 48 8b 04 f0
0x00007ffb05c635fc:   48 8b 2c 28 48 3b 2d 39 07 e0 00 45 0f 44 fb 4d
0x00007ffb05c6360c:   85 ed 0f 84 21 01 00 00 44 8a a4 24 90 00 00 00
0x00007ffb05c6361c:   49 8b dd 49 8d b5 d0 05 00 00 4c 8b 2e 45 84 e4
0x00007ffb05c6362c:   0f 85 2a 03 00 00 8b 97 c8 01 00 00 48 8b 05 21
0x00007ffb05c6363c:   e4 cf 00 83 b8 78 03 00 00 02 75 31 83 fa 10 0f
0x00007ffb05c6364c:   83 20 01 00 00 48 8d 04 d5 21 00 00 00 48 03 c2
0x00007ffb05c6365c:   48 8d 04 c3 48 85 c0 0f 85 ff 00 00 00 49 8b cb
0x00007ffb05c6366c:   48 3b 8d f8 56 03 00 0f 87 f3 02 00 00 4c 39 9b
0x00007ffb05c6367c:   48 06 00 00 0f 85 41 da 86 00 44 8b 97 c8 01 00
0x00007ffb05c6368c:   00 48 8b 87 e0 01 00 00 4c 8b 08 8b 97 c8 01 00
0x00007ffb05c6369c:   00 83 fa 10 0f 83 03 01 00 00 48 8d 04 d5 21 00
0x00007ffb05c636ac:   00 00 48 03 c2 48 8d 04 c3 48 85 c0 0f 85 e2 00
0x00007ffb05c636bc:   00 00 49 8b cb 49 3b c9 0f 86 0e 01 00 00 48 8b
0x00007ffb05c636cc:   87 78 02 00 00 48 89 06 48 89 9f 78 02 00 00 ff
0x00007ffb05c636dc:   87 80 02 00 00 48 8b 43 08 48 8b 88 18 01 00 00
0x00007ffb05c636ec:   48 81 e1 00 00 ff ff 48 81 c1 00 00 01 00 48 01
0x00007ffb05c636fc:   8f 88 02 00 00 48 8b 43 08 48 8b 88 18 01 00 00
0x00007ffb05c6370c:   48 01 8f 98 02 00 00 4d 85 ed 0f 85 00 ff ff ff
0x00007ffb05c6371c:   45 84 f6 44 8a a4 24 98 00 00 00 0f 85 82 03 00
0x00007ffb05c6372c:   00 48 8b 9c 24 80 00 00 00 48 8b cf 45 84 e4 0f
0x00007ffb05c6373c:   85 8a 03 00 00 e8 fa f9 ff ff 90 48 8b cb 48 8b
0x00007ffb05c6374c:   9c 24 88 00 00 00 48 83 c4 40 41 5f 41 5e 41 5d
0x00007ffb05c6375c:   41 5c 5f 5e 5d 48 ff 25 b0 59 9a 00 48 8b 48 08 


Stack slot to memory mapping:
stack at sp + 0 slots: 0x000001fc7eb080f0 points into unknown readable memory: 0xffffffffffffffff | ff ff ff ff ff ff ff ff
stack at sp + 1 slots: 0x0 is NULL
stack at sp + 2 slots: 0x030bc29803627998 is an unknown value
stack at sp + 3 slots: 0x00007ffb8d325df4 ntdll.dll
stack at sp + 4 slots: 0x0260ef99035d7799 is an unknown value
stack at sp + 5 slots: 0x0347bf9a036ba49a is an unknown value
stack at sp + 6 slots: 0x02ecf09a0340d49a is an unknown value
stack at sp + 7 slots: 0x0364fc9b0366c19b is an unknown value

VM_Operation (0x000000cf5b1fe4b0): Exit, mode: safepoint, requested by thread 0x000001fc5c9c2ea0


---------------  P R O C E S S  ---------------

Threads class SMR info:
_java_thread_list=0x000001fc7ea91900, length=14, elements={
0x000001fc5c9c2ea0, 0x000001fc7e2690c0, 0x000001fc7e269a00, 0x000001fc7e26c750,
0x000001fc7e26d490, 0x000001fc7e26e7f0, 0x000001fc7e271270, 0x000001fc7e274ec0,
0x000001fc7e278950, 0x000001fc7e26fd30, 0x000001fc7e270280, 0x000001fc7e26f7e0,
0x000001fc4a2af050, 0x000001fc4a52b7b0
}

Java Threads: ( => current thread )
  0x000001fc5c9c2ea0 JavaThread "main" [_thread_blocked, id=19936, stack(0x000000cf5b100000,0x000000cf5b200000)]
  0x000001fc7e2690c0 JavaThread "Reference Handler" daemon [_thread_blocked, id=36096, stack(0x000000cf5b800000,0x000000cf5b900000)]
  0x000001fc7e269a00 JavaThread "Finalizer" daemon [_thread_blocked, id=2248, stack(0x000000cf5b900000,0x000000cf5ba00000)]
  0x000001fc7e26c750 JavaThread "Signal Dispatcher" daemon [_thread_blocked, id=37136, stack(0x000000cf5ba00000,0x000000cf5bb00000)]
  0x000001fc7e26d490 JavaThread "Attach Listener" daemon [_thread_blocked, id=30816, stack(0x000000cf5bb00000,0x000000cf5bc00000)]
  0x000001fc7e26e7f0 JavaThread "Service Thread" daemon [_thread_blocked, id=21136, stack(0x000000cf5bc00000,0x000000cf5bd00000)]
  0x000001fc7e271270 JavaThread "Monitor Deflation Thread" daemon [_thread_blocked, id=200, stack(0x000000cf5bd00000,0x000000cf5be00000)]
  0x000001fc7e274ec0 JavaThread "C2 CompilerThread0" daemon [_thread_blocked, id=22076, stack(0x000000cf5be00000,0x000000cf5bf00000)]
  0x000001fc7e278950 JavaThread "C1 CompilerThread0" daemon [_thread_blocked, id=34648, stack(0x000000cf5bf00000,0x000000cf5c000000)]
  0x000001fc7e26fd30 JavaThread "Common-Cleaner" daemon [_thread_blocked, id=15168, stack(0x000000cf5c000000,0x000000cf5c100000)]
  0x000001fc7e270280 JavaThread "Monitor Ctrl-Break" daemon [_thread_in_native, id=19068, stack(0x000000cf5c300000,0x000000cf5c400000)]
  0x000001fc7e26f7e0 JavaThread "Notification Thread" daemon [_thread_blocked, id=5360, stack(0x000000cf5c400000,0x000000cf5c500000)]
  0x000001fc4a2af050 JavaThread "C2 CompilerThread1" daemon [_thread_blocked, id=2720, stack(0x000000cf5c100000,0x000000cf5c200000)]
  0x000001fc4a52b7b0 JavaThread "C2 CompilerThread2" daemon [_thread_blocked, id=37144, stack(0x000000cf5d300000,0x000000cf5d400000)]

Other Threads:
=>0x000001fc7de07730 VMThread "VM Thread" [stack: 0x000000cf5b700000,0x000000cf5b800000] [id=31496]
  0x000001fc5ca364c0 WorkerThread "GC Thread#0" [stack: 0x000000cf5b200000,0x000000cf5b300000] [id=35352]
  0x000001fc4a465390 WorkerThread "GC Thread#1" [stack: 0x000000cf5c200000,0x000000cf5c300000] [id=28924]
  0x000001fc4a464df0 WorkerThread "GC Thread#2" [stack: 0x000000cf5cb00000,0x000000cf5cc00000] [id=27392]
  0x000001fc4a465660 WorkerThread "GC Thread#3" [stack: 0x000000cf5cc00000,0x000000cf5cd00000] [id=3508]
  0x000001fc4a465930 WorkerThread "GC Thread#4" [stack: 0x000000cf5cd00000,0x000000cf5ce00000] [id=26392]
  0x000001fc4a464b20 WorkerThread "GC Thread#5" [stack: 0x000000cf5ce00000,0x000000cf5cf00000] [id=11364]
  0x000001fc4a465c00 WorkerThread "GC Thread#6" [stack: 0x000000cf5cf00000,0x000000cf5d000000] [id=10928]
  0x000001fc4a463fe0 WorkerThread "GC Thread#7" [stack: 0x000000cf5d000000,0x000000cf5d100000] [id=22104]
  0x000001fc4a4650c0 WorkerThread "GC Thread#8" [stack: 0x000000cf5d100000,0x000000cf5d200000] [id=27940]
  0x000001fc4a4642b0 WorkerThread "GC Thread#9" [stack: 0x000000cf5d200000,0x000000cf5d300000] [id=16152]
  0x000001fc5ca47060 ConcurrentGCThread "G1 Main Marker" terminated
  0x000001fc5ca47a90 WorkerThread "G1 Conc#0" [stack: 0x000000cf5b400000,0x000000cf5b500000] [id=17164]
  0x000001fc5ca7e680 ConcurrentGCThread "G1 Refine#0" terminated
  0x000001fc7dcc0090 ConcurrentGCThread "G1 Service" terminated

Threads with active compile tasks:
C2 CompilerThread2     1931 1269 %     4       com.bedrye.bjge.GameEngine.Util.BJEMesh::<init> @ 76 (476 bytes)

VM state: at safepoint (shutting down)

VM Mutex/Monitor currently owned by a thread:  ([mutex/lock_event])
[0x000001fc5c9c1720] Threads_lock - owner thread: 0x000001fc7de07730
[0x000001fc5c9c0be0] Heap_lock - owner thread: 0x000001fc5c9c2ea0

Heap address: 0x0000000703600000, size: 4042 MB, Compressed Oops mode: Zero based, Oop shift amount: 3

CDS archive(s) mapped at: [0x000001fc00000000-0x000001fc00c60000-0x000001fc00c60000), size 12976128, SharedBaseAddress: 0x000001fc00000000, ArchiveRelocationMode: 1.
Compressed class space mapped at: 0x000001fc01000000-0x000001fc41000000, reserved size: 1073741824
Narrow klass base: 0x000001fc00000000, Narrow klass shift: 0, Narrow klass range: 0x100000000

GC Precious Log:
 CardTable entry size: 512
 Card Set container configuration: InlinePtr #cards 4 size 8 Array Of Cards #cards 16 size 48 Howl #buckets 8 coarsen threshold 3686 Howl Bitmap #cards 512 size 80 coarsen threshold 460 Card regions per heap region 1 cards per card region 4096
 CPUs: 12 total, 12 available
 Memory: 16163M
 Large Page Support: Disabled
 NUMA Support: Disabled
 Compressed Oops: Enabled (Zero based)
 Heap Region Size: 2M
 Heap Min Capacity: 8M
 Heap Initial Capacity: 254M
 Heap Max Capacity: 4042M
 Pre-touch: Disabled
 Parallel Workers: 10
 Concurrent Workers: 3
 Concurrent Refinement Workers: 10
 Periodic GC: Disabled

Heap:
 garbage-first heap   total 260096K, used 17557K [0x0000000703600000, 0x0000000800000000)
  region size 2048K, 11 young (22528K), 2 survivors (4096K)
 Metaspace       used 8775K, committed 9024K, reserved 1114112K
  class space    used 488K, committed 576K, reserved 1048576K

Heap Regions: E=young(eden), S=young(survivor), O=old, HS=humongous(starts), HC=humongous(continues), CS=collection set, F=free, OA=open archive, CA=closed archive, TAMS=top-at-mark-start, PB=parsable bottom
|   0|0x0000000703600000, 0x0000000703600000, 0x0000000703800000|  0%| F|  |TAMS 0x0000000703600000| PB 0x0000000703600000| Untracked 
|   1|0x0000000703800000, 0x0000000703800000, 0x0000000703a00000|  0%| F|  |TAMS 0x0000000703800000| PB 0x0000000703800000| Untracked 
|   2|0x0000000703a00000, 0x0000000703a00000, 0x0000000703c00000|  0%| F|  |TAMS 0x0000000703a00000| PB 0x0000000703a00000| Untracked 
|   3|0x0000000703c00000, 0x0000000703c00000, 0x0000000703e00000|  0%| F|  |TAMS 0x0000000703c00000| PB 0x0000000703c00000| Untracked 
|   4|0x0000000703e00000, 0x0000000703e00000, 0x0000000704000000|  0%| F|  |TAMS 0x0000000703e00000| PB 0x0000000703e00000| Untracked 
|   5|0x0000000704000000, 0x0000000704000000, 0x0000000704200000|  0%| F|  |TAMS 0x0000000704000000| PB 0x0000000704000000| Untracked 
|   6|0x0000000704200000, 0x0000000704200000, 0x0000000704400000|  0%| F|  |TAMS 0x0000000704200000| PB 0x0000000704200000| Untracked 
|   7|0x0000000704400000, 0x0000000704400000, 0x0000000704600000|  0%| F|  |TAMS 0x0000000704400000| PB 0x0000000704400000| Untracked 
|   8|0x0000000704600000, 0x0000000704600000, 0x0000000704800000|  0%| F|  |TAMS 0x0000000704600000| PB 0x0000000704600000| Untracked 
|   9|0x0000000704800000, 0x0000000704800000, 0x0000000704a00000|  0%| F|  |TAMS 0x0000000704800000| PB 0x0000000704800000| Untracked 
|  10|0x0000000704a00000, 0x0000000704a00000, 0x0000000704c00000|  0%| F|  |TAMS 0x0000000704a00000| PB 0x0000000704a00000| Untracked 
|  11|0x0000000704c00000, 0x0000000704c00000, 0x0000000704e00000|  0%| F|  |TAMS 0x0000000704c00000| PB 0x0000000704c00000| Untracked 
|  12|0x0000000704e00000, 0x0000000704e00000, 0x0000000705000000|  0%| F|  |TAMS 0x0000000704e00000| PB 0x0000000704e00000| Untracked 
|  13|0x0000000705000000, 0x0000000705000000, 0x0000000705200000|  0%| F|  |TAMS 0x0000000705000000| PB 0x0000000705000000| Untracked 
|  14|0x0000000705200000, 0x0000000705200000, 0x0000000705400000|  0%| F|  |TAMS 0x0000000705200000| PB 0x0000000705200000| Untracked 
|  15|0x0000000705400000, 0x0000000705400000, 0x0000000705600000|  0%| F|  |TAMS 0x0000000705400000| PB 0x0000000705400000| Untracked 
|  16|0x0000000705600000, 0x0000000705600000, 0x0000000705800000|  0%| F|  |TAMS 0x0000000705600000| PB 0x0000000705600000| Untracked 
|  17|0x0000000705800000, 0x0000000705800000, 0x0000000705a00000|  0%| F|  |TAMS 0x0000000705800000| PB 0x0000000705800000| Untracked 
|  18|0x0000000705a00000, 0x0000000705a00000, 0x0000000705c00000|  0%| F|  |TAMS 0x0000000705a00000| PB 0x0000000705a00000| Untracked 
|  19|0x0000000705c00000, 0x0000000705c00000, 0x0000000705e00000|  0%| F|  |TAMS 0x0000000705c00000| PB 0x0000000705c00000| Untracked 
|  20|0x0000000705e00000, 0x0000000705e00000, 0x0000000706000000|  0%| F|  |TAMS 0x0000000705e00000| PB 0x0000000705e00000| Untracked 
|  21|0x0000000706000000, 0x0000000706000000, 0x0000000706200000|  0%| F|  |TAMS 0x0000000706000000| PB 0x0000000706000000| Untracked 
|  22|0x0000000706200000, 0x0000000706200000, 0x0000000706400000|  0%| F|  |TAMS 0x0000000706200000| PB 0x0000000706200000| Untracked 
|  23|0x0000000706400000, 0x0000000706400000, 0x0000000706600000|  0%| F|  |TAMS 0x0000000706400000| PB 0x0000000706400000| Untracked 
|  24|0x0000000706600000, 0x0000000706600000, 0x0000000706800000|  0%| F|  |TAMS 0x0000000706600000| PB 0x0000000706600000| Untracked 
|  25|0x0000000706800000, 0x0000000706800000, 0x0000000706a00000|  0%| F|  |TAMS 0x0000000706800000| PB 0x0000000706800000| Untracked 
|  26|0x0000000706a00000, 0x0000000706a00000, 0x0000000706c00000|  0%| F|  |TAMS 0x0000000706a00000| PB 0x0000000706a00000| Untracked 
|  27|0x0000000706c00000, 0x0000000706c00000, 0x0000000706e00000|  0%| F|  |TAMS 0x0000000706c00000| PB 0x0000000706c00000| Untracked 
|  28|0x0000000706e00000, 0x0000000706e00000, 0x0000000707000000|  0%| F|  |TAMS 0x0000000706e00000| PB 0x0000000706e00000| Untracked 
|  29|0x0000000707000000, 0x0000000707000000, 0x0000000707200000|  0%| F|  |TAMS 0x0000000707000000| PB 0x0000000707000000| Untracked 
|  30|0x0000000707200000, 0x0000000707200000, 0x0000000707400000|  0%| F|  |TAMS 0x0000000707200000| PB 0x0000000707200000| Untracked 
|  31|0x0000000707400000, 0x0000000707400000, 0x0000000707600000|  0%| F|  |TAMS 0x0000000707400000| PB 0x0000000707400000| Untracked 
|  32|0x0000000707600000, 0x0000000707600000, 0x0000000707800000|  0%| F|  |TAMS 0x0000000707600000| PB 0x0000000707600000| Untracked 
|  33|0x0000000707800000, 0x0000000707800000, 0x0000000707a00000|  0%| F|  |TAMS 0x0000000707800000| PB 0x0000000707800000| Untracked 
|  34|0x0000000707a00000, 0x0000000707a00000, 0x0000000707c00000|  0%| F|  |TAMS 0x0000000707a00000| PB 0x0000000707a00000| Untracked 
|  35|0x0000000707c00000, 0x0000000707c00000, 0x0000000707e00000|  0%| F|  |TAMS 0x0000000707c00000| PB 0x0000000707c00000| Untracked 
|  36|0x0000000707e00000, 0x0000000707e00000, 0x0000000708000000|  0%| F|  |TAMS 0x0000000707e00000| PB 0x0000000707e00000| Untracked 
|  37|0x0000000708000000, 0x0000000708000000, 0x0000000708200000|  0%| F|  |TAMS 0x0000000708000000| PB 0x0000000708000000| Untracked 
|  38|0x0000000708200000, 0x0000000708200000, 0x0000000708400000|  0%| F|  |TAMS 0x0000000708200000| PB 0x0000000708200000| Untracked 
|  39|0x0000000708400000, 0x0000000708400000, 0x0000000708600000|  0%| F|  |TAMS 0x0000000708400000| PB 0x0000000708400000| Untracked 
|  40|0x0000000708600000, 0x0000000708600000, 0x0000000708800000|  0%| F|  |TAMS 0x0000000708600000| PB 0x0000000708600000| Untracked 
|  41|0x0000000708800000, 0x0000000708800000, 0x0000000708a00000|  0%| F|  |TAMS 0x0000000708800000| PB 0x0000000708800000| Untracked 
|  42|0x0000000708a00000, 0x0000000708a00000, 0x0000000708c00000|  0%| F|  |TAMS 0x0000000708a00000| PB 0x0000000708a00000| Untracked 
|  43|0x0000000708c00000, 0x0000000708c00000, 0x0000000708e00000|  0%| F|  |TAMS 0x0000000708c00000| PB 0x0000000708c00000| Untracked 
|  44|0x0000000708e00000, 0x0000000708e00000, 0x0000000709000000|  0%| F|  |TAMS 0x0000000708e00000| PB 0x0000000708e00000| Untracked 
|  45|0x0000000709000000, 0x0000000709000000, 0x0000000709200000|  0%| F|  |TAMS 0x0000000709000000| PB 0x0000000709000000| Untracked 
|  46|0x0000000709200000, 0x0000000709200000, 0x0000000709400000|  0%| F|  |TAMS 0x0000000709200000| PB 0x0000000709200000| Untracked 
|  47|0x0000000709400000, 0x0000000709400000, 0x0000000709600000|  0%| F|  |TAMS 0x0000000709400000| PB 0x0000000709400000| Untracked 
|  48|0x0000000709600000, 0x0000000709600000, 0x0000000709800000|  0%| F|  |TAMS 0x0000000709600000| PB 0x0000000709600000| Untracked 
|  49|0x0000000709800000, 0x0000000709800000, 0x0000000709a00000|  0%| F|  |TAMS 0x0000000709800000| PB 0x0000000709800000| Untracked 
|  50|0x0000000709a00000, 0x0000000709a00000, 0x0000000709c00000|  0%| F|  |TAMS 0x0000000709a00000| PB 0x0000000709a00000| Untracked 
|  51|0x0000000709c00000, 0x0000000709c00000, 0x0000000709e00000|  0%| F|  |TAMS 0x0000000709c00000| PB 0x0000000709c00000| Untracked 
|  52|0x0000000709e00000, 0x0000000709e00000, 0x000000070a000000|  0%| F|  |TAMS 0x0000000709e00000| PB 0x0000000709e00000| Untracked 
|  53|0x000000070a000000, 0x000000070a000000, 0x000000070a200000|  0%| F|  |TAMS 0x000000070a000000| PB 0x000000070a000000| Untracked 
|  54|0x000000070a200000, 0x000000070a200000, 0x000000070a400000|  0%| F|  |TAMS 0x000000070a200000| PB 0x000000070a200000| Untracked 
|  55|0x000000070a400000, 0x000000070a400000, 0x000000070a600000|  0%| F|  |TAMS 0x000000070a400000| PB 0x000000070a400000| Untracked 
|  56|0x000000070a600000, 0x000000070a600000, 0x000000070a800000|  0%| F|  |TAMS 0x000000070a600000| PB 0x000000070a600000| Untracked 
|  57|0x000000070a800000, 0x000000070a800000, 0x000000070aa00000|  0%| F|  |TAMS 0x000000070a800000| PB 0x000000070a800000| Untracked 
|  58|0x000000070aa00000, 0x000000070aa00000, 0x000000070ac00000|  0%| F|  |TAMS 0x000000070aa00000| PB 0x000000070aa00000| Untracked 
|  59|0x000000070ac00000, 0x000000070ac00000, 0x000000070ae00000|  0%| F|  |TAMS 0x000000070ac00000| PB 0x000000070ac00000| Untracked 
|  60|0x000000070ae00000, 0x000000070ae00000, 0x000000070b000000|  0%| F|  |TAMS 0x000000070ae00000| PB 0x000000070ae00000| Untracked 
|  61|0x000000070b000000, 0x000000070b000000, 0x000000070b200000|  0%| F|  |TAMS 0x000000070b000000| PB 0x000000070b000000| Untracked 
|  62|0x000000070b200000, 0x000000070b200000, 0x000000070b400000|  0%| F|  |TAMS 0x000000070b200000| PB 0x000000070b200000| Untracked 
|  63|0x000000070b400000, 0x000000070b400000, 0x000000070b600000|  0%| F|  |TAMS 0x000000070b400000| PB 0x000000070b400000| Untracked 
|  64|0x000000070b600000, 0x000000070b600000, 0x000000070b800000|  0%| F|  |TAMS 0x000000070b600000| PB 0x000000070b600000| Untracked 
|  65|0x000000070b800000, 0x000000070b800000, 0x000000070ba00000|  0%| F|  |TAMS 0x000000070b800000| PB 0x000000070b800000| Untracked 
|  66|0x000000070ba00000, 0x000000070ba00000, 0x000000070bc00000|  0%| F|  |TAMS 0x000000070ba00000| PB 0x000000070ba00000| Untracked 
|  67|0x000000070bc00000, 0x000000070bc00000, 0x000000070be00000|  0%| F|  |TAMS 0x000000070bc00000| PB 0x000000070bc00000| Untracked 
|  68|0x000000070be00000, 0x000000070be00000, 0x000000070c000000|  0%| F|  |TAMS 0x000000070be00000| PB 0x000000070be00000| Untracked 
|  69|0x000000070c000000, 0x000000070c000000, 0x000000070c200000|  0%| F|  |TAMS 0x000000070c000000| PB 0x000000070c000000| Untracked 
|  70|0x000000070c200000, 0x000000070c200000, 0x000000070c400000|  0%| F|  |TAMS 0x000000070c200000| PB 0x000000070c200000| Untracked 
|  71|0x000000070c400000, 0x000000070c400000, 0x000000070c600000|  0%| F|  |TAMS 0x000000070c400000| PB 0x000000070c400000| Untracked 
|  72|0x000000070c600000, 0x000000070c600000, 0x000000070c800000|  0%| F|  |TAMS 0x000000070c600000| PB 0x000000070c600000| Untracked 
|  73|0x000000070c800000, 0x000000070c800000, 0x000000070ca00000|  0%| F|  |TAMS 0x000000070c800000| PB 0x000000070c800000| Untracked 
|  74|0x000000070ca00000, 0x000000070ca00000, 0x000000070cc00000|  0%| F|  |TAMS 0x000000070ca00000| PB 0x000000070ca00000| Untracked 
|  75|0x000000070cc00000, 0x000000070cc00000, 0x000000070ce00000|  0%| F|  |TAMS 0x000000070cc00000| PB 0x000000070cc00000| Untracked 
|  76|0x000000070ce00000, 0x000000070ce00000, 0x000000070d000000|  0%| F|  |TAMS 0x000000070ce00000| PB 0x000000070ce00000| Untracked 
|  77|0x000000070d000000, 0x000000070d000000, 0x000000070d200000|  0%| F|  |TAMS 0x000000070d000000| PB 0x000000070d000000| Untracked 
|  78|0x000000070d200000, 0x000000070d200000, 0x000000070d400000|  0%| F|  |TAMS 0x000000070d200000| PB 0x000000070d200000| Untracked 
|  79|0x000000070d400000, 0x000000070d400000, 0x000000070d600000|  0%| F|  |TAMS 0x000000070d400000| PB 0x000000070d400000| Untracked 
|  80|0x000000070d600000, 0x000000070d600000, 0x000000070d800000|  0%| F|  |TAMS 0x000000070d600000| PB 0x000000070d600000| Untracked 
|  81|0x000000070d800000, 0x000000070d800000, 0x000000070da00000|  0%| F|  |TAMS 0x000000070d800000| PB 0x000000070d800000| Untracked 
|  82|0x000000070da00000, 0x000000070da00000, 0x000000070dc00000|  0%| F|  |TAMS 0x000000070da00000| PB 0x000000070da00000| Untracked 
|  83|0x000000070dc00000, 0x000000070dc00000, 0x000000070de00000|  0%| F|  |TAMS 0x000000070dc00000| PB 0x000000070dc00000| Untracked 
|  84|0x000000070de00000, 0x000000070de00000, 0x000000070e000000|  0%| F|  |TAMS 0x000000070de00000| PB 0x000000070de00000| Untracked 
|  85|0x000000070e000000, 0x000000070e000000, 0x000000070e200000|  0%| F|  |TAMS 0x000000070e000000| PB 0x000000070e000000| Untracked 
|  86|0x000000070e200000, 0x000000070e200000, 0x000000070e400000|  0%| F|  |TAMS 0x000000070e200000| PB 0x000000070e200000| Untracked 
|  87|0x000000070e400000, 0x000000070e400000, 0x000000070e600000|  0%| F|  |TAMS 0x000000070e400000| PB 0x000000070e400000| Untracked 
|  88|0x000000070e600000, 0x000000070e600000, 0x000000070e800000|  0%| F|  |TAMS 0x000000070e600000| PB 0x000000070e600000| Untracked 
|  89|0x000000070e800000, 0x000000070e800000, 0x000000070ea00000|  0%| F|  |TAMS 0x000000070e800000| PB 0x000000070e800000| Untracked 
|  90|0x000000070ea00000, 0x000000070ea00000, 0x000000070ec00000|  0%| F|  |TAMS 0x000000070ea00000| PB 0x000000070ea00000| Untracked 
|  91|0x000000070ec00000, 0x000000070ec00000, 0x000000070ee00000|  0%| F|  |TAMS 0x000000070ec00000| PB 0x000000070ec00000| Untracked 
|  92|0x000000070ee00000, 0x000000070ee00000, 0x000000070f000000|  0%| F|  |TAMS 0x000000070ee00000| PB 0x000000070ee00000| Untracked 
|  93|0x000000070f000000, 0x000000070f000000, 0x000000070f200000|  0%| F|  |TAMS 0x000000070f000000| PB 0x000000070f000000| Untracked 
|  94|0x000000070f200000, 0x000000070f200000, 0x000000070f400000|  0%| F|  |TAMS 0x000000070f200000| PB 0x000000070f200000| Untracked 
|  95|0x000000070f400000, 0x000000070f400000, 0x000000070f600000|  0%| F|  |TAMS 0x000000070f400000| PB 0x000000070f400000| Untracked 
|  96|0x000000070f600000, 0x000000070f600000, 0x000000070f800000|  0%| F|  |TAMS 0x000000070f600000| PB 0x000000070f600000| Untracked 
|  97|0x000000070f800000, 0x000000070f800000, 0x000000070fa00000|  0%| F|  |TAMS 0x000000070f800000| PB 0x000000070f800000| Untracked 
|  98|0x000000070fa00000, 0x000000070fa00000, 0x000000070fc00000|  0%| F|  |TAMS 0x000000070fa00000| PB 0x000000070fa00000| Untracked 
|  99|0x000000070fc00000, 0x000000070fc00000, 0x000000070fe00000|  0%| F|  |TAMS 0x000000070fc00000| PB 0x000000070fc00000| Untracked 
| 100|0x000000070fe00000, 0x000000070fe00000, 0x0000000710000000|  0%| F|  |TAMS 0x000000070fe00000| PB 0x000000070fe00000| Untracked 
| 101|0x0000000710000000, 0x0000000710000000, 0x0000000710200000|  0%| F|  |TAMS 0x0000000710000000| PB 0x0000000710000000| Untracked 
| 102|0x0000000710200000, 0x0000000710200000, 0x0000000710400000|  0%| F|  |TAMS 0x0000000710200000| PB 0x0000000710200000| Untracked 
| 103|0x0000000710400000, 0x0000000710400000, 0x0000000710600000|  0%| F|  |TAMS 0x0000000710400000| PB 0x0000000710400000| Untracked 
| 104|0x0000000710600000, 0x0000000710600000, 0x0000000710800000|  0%| F|  |TAMS 0x0000000710600000| PB 0x0000000710600000| Untracked 
| 105|0x0000000710800000, 0x0000000710800000, 0x0000000710a00000|  0%| F|  |TAMS 0x0000000710800000| PB 0x0000000710800000| Untracked 
| 106|0x0000000710a00000, 0x0000000710a00000, 0x0000000710c00000|  0%| F|  |TAMS 0x0000000710a00000| PB 0x0000000710a00000| Untracked 
| 107|0x0000000710c00000, 0x0000000710c00000, 0x0000000710e00000|  0%| F|  |TAMS 0x0000000710c00000| PB 0x0000000710c00000| Untracked 
| 108|0x0000000710e00000, 0x0000000710e00000, 0x0000000711000000|  0%| F|  |TAMS 0x0000000710e00000| PB 0x0000000710e00000| Untracked 
| 109|0x0000000711000000, 0x0000000711000000, 0x0000000711200000|  0%| F|  |TAMS 0x0000000711000000| PB 0x0000000711000000| Untracked 
| 110|0x0000000711200000, 0x0000000711200000, 0x0000000711400000|  0%| F|  |TAMS 0x0000000711200000| PB 0x0000000711200000| Untracked 
| 111|0x0000000711400000, 0x0000000711400000, 0x0000000711600000|  0%| F|  |TAMS 0x0000000711400000| PB 0x0000000711400000| Untracked 
| 112|0x0000000711600000, 0x0000000711600000, 0x0000000711800000|  0%| F|  |TAMS 0x0000000711600000| PB 0x0000000711600000| Untracked 
| 113|0x0000000711800000, 0x0000000711800000, 0x0000000711a00000|  0%| F|  |TAMS 0x0000000711800000| PB 0x0000000711800000| Untracked 
| 114|0x0000000711a00000, 0x0000000711b254e0, 0x0000000711c00000| 57%| S|CS|TAMS 0x0000000711a00000| PB 0x0000000711a00000| Complete 
| 115|0x0000000711c00000, 0x0000000711e00000, 0x0000000711e00000|100%| S|CS|TAMS 0x0000000711c00000| PB 0x0000000711c00000| Complete 
| 116|0x0000000711e00000, 0x0000000711e00000, 0x0000000712000000|  0%| F|  |TAMS 0x0000000711e00000| PB 0x0000000711e00000| Untracked 
| 117|0x0000000712000000, 0x0000000712000000, 0x0000000712200000|  0%| F|  |TAMS 0x0000000712000000| PB 0x0000000712000000| Untracked 
| 118|0x0000000712200000, 0x0000000712400000, 0x0000000712400000|100%| E|  |TAMS 0x0000000712200000| PB 0x0000000712200000| Complete 
| 119|0x0000000712400000, 0x0000000712600000, 0x0000000712600000|100%| E|CS|TAMS 0x0000000712400000| PB 0x0000000712400000| Complete 
| 120|0x0000000712600000, 0x0000000712800000, 0x0000000712800000|100%| E|CS|TAMS 0x0000000712600000| PB 0x0000000712600000| Complete 
| 121|0x0000000712800000, 0x0000000712a00000, 0x0000000712a00000|100%| E|CS|TAMS 0x0000000712800000| PB 0x0000000712800000| Complete 
| 122|0x0000000712a00000, 0x0000000712c00000, 0x0000000712c00000|100%| E|CS|TAMS 0x0000000712a00000| PB 0x0000000712a00000| Complete 
| 123|0x0000000712c00000, 0x0000000712e00000, 0x0000000712e00000|100%| E|CS|TAMS 0x0000000712c00000| PB 0x0000000712c00000| Complete 
| 124|0x0000000712e00000, 0x0000000713000000, 0x0000000713000000|100%| E|  |TAMS 0x0000000712e00000| PB 0x0000000712e00000| Complete 
| 125|0x0000000713000000, 0x0000000713200000, 0x0000000713200000|100%| E|CS|TAMS 0x0000000713000000| PB 0x0000000713000000| Complete 
| 126|0x0000000713200000, 0x0000000713400000, 0x0000000713400000|100%| E|CS|TAMS 0x0000000713200000| PB 0x0000000713200000| Complete 

Card table byte_map: [0x000001fc76510000,0x000001fc76d00000] _byte_map_base: 0x000001fc72cf5000

Marking Bits: (CMBitMap*) 0x000001fc5ca36af0
 Bits: [0x000001fc774f0000, 0x000001fc7b418000)

Polling page: 0x000001fc5ca80000

Metaspace:

Usage:
  Non-class:      8.09 MB used.
      Class:    488.95 KB used.
       Both:      8.57 MB used.

Virtual space:
  Non-class space:       64.00 MB reserved,       8.25 MB ( 13%) committed,  1 nodes.
      Class space:        1.00 GB reserved,     576.00 KB ( <1%) committed,  1 nodes.
             Both:        1.06 GB reserved,       8.81 MB ( <1%) committed. 

Chunk freelists:
   Non-Class:  2.42 MB
       Class:  3.47 MB
        Both:  5.90 MB

MaxMetaspaceSize: unlimited
CompressedClassSpaceSize: 1.00 GB
Initial GC threshold: 21.00 MB
Current GC threshold: 21.00 MB
CDS: on
MetaspaceReclaimPolicy: balanced
 - commit_granule_bytes: 65536.
 - commit_granule_words: 8192.
 - virtual_space_node_default_size: 8388608.
 - enlarge_chunks_in_place: 1.
 - new_chunks_are_fully_committed: 0.
 - uncommit_free_chunks: 1.
 - use_allocation_guard: 0.


Internal statistics:

num_allocs_failed_limit: 0.
num_arena_births: 114.
num_arena_deaths: 0.
num_vsnodes_births: 2.
num_vsnodes_deaths: 0.
num_space_committed: 139.
num_space_uncommitted: 0.
num_chunks_returned_to_freelist: 0.
num_chunks_taken_from_freelist: 340.
num_chunk_merges: 0.
num_chunk_splits: 251.
num_chunks_enlarged: 196.
num_inconsistent_stats: 0.

CodeHeap 'non-profiled nmethods': size=120000Kb used=465Kb max_used=465Kb free=119534Kb
 bounds [0x000001fc6db60000, 0x000001fc6ddd0000, 0x000001fc75090000]
CodeHeap 'profiled nmethods': size=120000Kb used=1844Kb max_used=1844Kb free=118155Kb
 bounds [0x000001fc66090000, 0x000001fc66300000, 0x000001fc6d5c0000]
CodeHeap 'non-nmethods': size=5760Kb used=2856Kb max_used=2860Kb free=2904Kb
 bounds [0x000001fc6d5c0000, 0x000001fc6d8a0000, 0x000001fc6db60000]
 total_blobs=2657 nmethods=1274 adapters=1294
 compilation: enabled
              stopped_count=0, restarted_count=0
 full_count=0

Compilation events (20 events):
Event: 1.291 Thread 0x000001fc7e278950 nmethod 1265 0x000001fc6625a010 code [0x000001fc6625a1a0, 0x000001fc6625a330]
Event: 1.305 Thread 0x000001fc7e278950 1266       3       java.lang.invoke.Invokers$Holder::linkToTargetMethod (8 bytes)
Event: 1.305 Thread 0x000001fc7e278950 nmethod 1266 0x000001fc6625a410 code [0x000001fc6625a5c0, 0x000001fc6625a8a8]
Event: 1.305 Thread 0x000001fc7e278950 1267       3       java.lang.invoke.LambdaForm$MH/0x000001fc01000800::invoke (8 bytes)
Event: 1.305 Thread 0x000001fc7e278950 nmethod 1267 0x000001fc6625a990 code [0x000001fc6625ab20, 0x000001fc6625ad70]
Event: 1.306 Thread 0x000001fc7e278950 1268       3       org.joml.Math::fma (19 bytes)
Event: 1.306 Thread 0x000001fc7e278950 nmethod 1268 0x000001fc6625ae90 code [0x000001fc6625b020, 0x000001fc6625b128]
Event: 1.346 Thread 0x000001fc4a52b7b0 1269 %     4       com.bedrye.bjge.GameEngine.Util.BJEMesh::<init> @ 76 (476 bytes)
Event: 1.360 Thread 0x000001fc7e278950 1270       3       java.lang.invoke.MethodHandleNatives::findMethodHandleType (7 bytes)
Event: 1.360 Thread 0x000001fc7e278950 nmethod 1270 0x000001fc6625b210 code [0x000001fc6625b3a0, 0x000001fc6625b4b8]
Event: 1.360 Thread 0x000001fc7e278950 1271       3       jdk.internal.access.SharedSecrets::getJavaLangAccess (4 bytes)
Event: 1.360 Thread 0x000001fc7e278950 nmethod 1271 0x000001fc6625b590 code [0x000001fc6625b720, 0x000001fc6625b820]
Event: 1.364 Thread 0x000001fc7e278950 1272       3       java.lang.String::getChars (55 bytes)
Event: 1.364 Thread 0x000001fc7e278950 nmethod 1272 0x000001fc6625b890 code [0x000001fc6625baa0, 0x000001fc6625c1e0]
Event: 1.364 Thread 0x000001fc7e278950 1273       3       java.lang.StringLatin1::getChars (12 bytes)
Event: 1.365 Thread 0x000001fc7e278950 nmethod 1273 0x000001fc6625c510 code [0x000001fc6625c6a0, 0x000001fc6625c7c0]
Event: 1.365 Thread 0x000001fc7e278950 1274       3       java.util.Collections$UnmodifiableCollection$1::hasNext (10 bytes)
Event: 1.365 Thread 0x000001fc7e278950 nmethod 1274 0x000001fc6625c890 code [0x000001fc6625ca20, 0x000001fc6625cbf8]
Event: 1.365 Thread 0x000001fc7e278950 1275       3       java.util.Collections$UnmodifiableCollection$1::next (10 bytes)
Event: 1.365 Thread 0x000001fc7e278950 nmethod 1275 0x000001fc6625cc90 code [0x000001fc6625ce20, 0x000001fc6625cff8]

GC Heap History (2 events):
Event: 1.076 GC heap before
{Heap before GC invocations=0 (full 0):
 garbage-first heap   total 260096K, used 20480K [0x0000000703600000, 0x0000000800000000)
  region size 2048K, 11 young (22528K), 0 survivors (0K)
 Metaspace       used 8212K, committed 8384K, reserved 1114112K
  class space    used 465K, committed 576K, reserved 1048576K
}
Event: 1.080 GC heap after
{Heap after GC invocations=1 (full 0):
 garbage-first heap   total 260096K, used 3221K [0x0000000703600000, 0x0000000800000000)
  region size 2048K, 2 young (4096K), 2 survivors (4096K)
 Metaspace       used 8212K, committed 8384K, reserved 1114112K
  class space    used 465K, committed 576K, reserved 1048576K
}

Dll operation events (14 events):
Event: 0.009 Loaded shared library C:\Users\stas2\.jdks\openjdk-20.0.2-1\bin\java.dll
Event: 0.027 Loaded shared library C:\Users\stas2\.jdks\openjdk-20.0.2-1\bin\jsvml.dll
Event: 0.075 Loaded shared library C:\Users\stas2\.jdks\openjdk-20.0.2-1\bin\net.dll
Event: 0.078 Loaded shared library C:\Users\stas2\.jdks\openjdk-20.0.2-1\bin\nio.dll
Event: 0.082 Loaded shared library C:\Users\stas2\.jdks\openjdk-20.0.2-1\bin\zip.dll
Event: 0.194 Loaded shared library C:\Users\stas2\.jdks\openjdk-20.0.2-1\bin\zip.dll
Event: 0.196 Loaded shared library C:\Users\stas2\.jdks\openjdk-20.0.2-1\bin\instrument.dll
Event: 0.216 Loaded shared library C:\IntelliJ IDEA Community Edition 2021.3.2\IntelliJ IDEA Community Edition 2023.2.1\bin\breakgen64.dll
Event: 0.265 Loaded shared library C:\Users\stas2\.jdks\openjdk-20.0.2-1\bin\jimage.dll
Event: 0.285 Loaded shared library C:\Users\stas2\AppData\Local\Temp\lwjgl_stas2\3.3.4+7\x64\lwjgl.dll
Event: 0.537 Loaded shared library C:\Users\stas2\AppData\Local\Temp\lwjgl_stas2\3.3.4+7\x64\lwjgl_opengl.dll
Event: 0.871 Loaded shared library C:\Users\stas2\AppData\Local\Temp\imgui-java-natives\1.89.0\imgui-java64.dll
Event: 0.918 Loaded shared library C:\Users\stas2\.jdks\openjdk-20.0.2-1\bin\verify.dll
Event: 1.277 Loaded shared library C:\Users\stas2\AppData\Local\Temp\lwjgl_stas2\3.3.4+7\x64\lwjgl_stb.dll

Deoptimization events (20 events):
Event: 1.080 Thread 0x000001fc7e2690c0 Uncommon trap: trap_request=0xffffff45 fr.pc=0x000001fc6dbbaf58 relative=0x0000000000000158
Event: 1.080 Thread 0x000001fc7e2690c0 Uncommon trap: reason=unstable_if action=reinterpret pc=0x000001fc6dbbaf58 method=java.util.concurrent.locks.ReentrantLock$NonfairSync.initialTryLock()Z @ 10 c2
Event: 1.080 Thread 0x000001fc7e2690c0 DEOPT PACKING pc=0x000001fc6dbbaf58 sp=0x000000cf5b8ff250
Event: 1.080 Thread 0x000001fc7e2690c0 DEOPT UNPACKING pc=0x000001fc6d5dd2a2 sp=0x000000cf5b8ff140 mode 2
Event: 1.081 Thread 0x000001fc7e26d490 Uncommon trap: trap_request=0xffffff45 fr.pc=0x000001fc6dbbcfd0 relative=0x0000000000000150
Event: 1.081 Thread 0x000001fc7e26d490 Uncommon trap: reason=unstable_if action=reinterpret pc=0x000001fc6dbbcfd0 method=java.util.concurrent.locks.ReentrantLock$NonfairSync.initialTryLock()Z @ 10 c2
Event: 1.081 Thread 0x000001fc7e26d490 DEOPT PACKING pc=0x000001fc6dbbcfd0 sp=0x000000cf5bbfef70
Event: 1.081 Thread 0x000001fc7e26d490 DEOPT UNPACKING pc=0x000001fc6d5dd2a2 sp=0x000000cf5bbfef18 mode 2
Event: 1.180 Thread 0x000001fc5c9c2ea0 DEOPT PACKING pc=0x000001fc6622f39f sp=0x000000cf5b1fddf0
Event: 1.180 Thread 0x000001fc5c9c2ea0 DEOPT UNPACKING pc=0x000001fc6d62e462 sp=0x000000cf5b1fd210 mode 0
Event: 1.181 Thread 0x000001fc5c9c2ea0 DEOPT PACKING pc=0x000001fc6619bdba sp=0x000000cf5b1fddc0
Event: 1.181 Thread 0x000001fc5c9c2ea0 DEOPT UNPACKING pc=0x000001fc6d62e462 sp=0x000000cf5b1fd258 mode 0
Event: 1.182 Thread 0x000001fc5c9c2ea0 DEOPT PACKING pc=0x000001fc6619bdba sp=0x000000cf5b1fddc0
Event: 1.182 Thread 0x000001fc5c9c2ea0 DEOPT UNPACKING pc=0x000001fc6d62e462 sp=0x000000cf5b1fd258 mode 0
Event: 1.182 Thread 0x000001fc5c9c2ea0 DEOPT PACKING pc=0x000001fc6619bdba sp=0x000000cf5b1fddc0
Event: 1.182 Thread 0x000001fc5c9c2ea0 DEOPT UNPACKING pc=0x000001fc6d62e462 sp=0x000000cf5b1fd258 mode 0
Event: 1.354 Thread 0x000001fc5c9c2ea0 Uncommon trap: trap_request=0xffffffec fr.pc=0x000001fc6dbd3ec4 relative=0x00000000000007e4
Event: 1.354 Thread 0x000001fc5c9c2ea0 Uncommon trap: reason=null_assert_or_unreached0 action=make_not_entrant pc=0x000001fc6dbd3ec4 method=com.bedrye.bjge.GameEngine.Util.BJEMesh.<init>(Lcom/bedrye/bjge/GameEngine/Util/BJEResource;)V @ 375 c2
Event: 1.354 Thread 0x000001fc5c9c2ea0 DEOPT PACKING pc=0x000001fc6dbd3ec4 sp=0x000000cf5b1feea0
Event: 1.354 Thread 0x000001fc5c9c2ea0 DEOPT UNPACKING pc=0x000001fc6d5dd2a2 sp=0x000000cf5b1fee38 mode 2

Classes loaded (20 events):
Event: 1.064 Loading class java/time/DayOfWeek
Event: 1.064 Loading class java/time/DayOfWeek done
Event: 1.065 Loading class java/time/zone/ZoneOffsetTransitionRule$TimeDefinition
Event: 1.065 Loading class java/time/zone/ZoneOffsetTransitionRule$TimeDefinition done
Event: 1.065 Loading class java/time/zone/ZoneOffsetTransition
Event: 1.066 Loading class java/time/zone/ZoneOffsetTransition done
Event: 1.067 Loading class sun/util/cldr/CLDRBaseLocaleDataMetaInfo$TZCanonicalIDMapHolder
Event: 1.068 Loading class sun/util/cldr/CLDRBaseLocaleDataMetaInfo$TZCanonicalIDMapHolder done
Event: 1.071 Loading class sun/util/resources/TimeZoneNames
Event: 1.072 Loading class sun/util/resources/TimeZoneNames done
Event: 1.074 Loading class sun/util/resources/TimeZoneNames_en
Event: 1.074 Loading class sun/util/resources/TimeZoneNames_en done
Event: 1.114 Loading class java/lang/AssertionError
Event: 1.114 Loading class java/lang/AssertionError done
Event: 1.364 Loading class java/lang/Throwable$WrappedPrintStream
Event: 1.364 Loading class java/lang/Throwable$PrintStreamOrWriter
Event: 1.364 Loading class java/lang/Throwable$PrintStreamOrWriter done
Event: 1.364 Loading class java/lang/Throwable$WrappedPrintStream done
Event: 1.364 Loading class java/lang/StackTraceElement$HashedModules
Event: 1.364 Loading class java/lang/StackTraceElement$HashedModules done

Classes unloaded (0 events):
No events

Classes redefined (0 events):
No events

Internal exceptions (20 events):
Event: 0.884 Thread 0x000001fc5c9c2ea0 Exception <a 'java/lang/NoSuchMethodError'{0x0000000712231600}: 'void java.lang.invoke.DirectMethodHandle$Holder.invokeVirtual(java.lang.Object, java.lang.Object, long, int)'> (0x0000000712231600) 
thrown [s\open\src\hotspot\share\interpreter\linkResolver.cpp, line 773]
Event: 0.886 Thread 0x000001fc5c9c2ea0 Exception <a 'java/lang/NoSuchMethodError'{0x000000071223c3c0}: 'void java.lang.invoke.DirectMethodHandle$Holder.invokeVirtual(java.lang.Object, java.lang.Object, long, double, double)'> (0x000000071223c3c0) 
thrown [s\open\src\hotspot\share\interpreter\linkResolver.cpp, line 773]
Event: 0.887 Thread 0x000001fc5c9c2ea0 Exception <a 'java/lang/NoSuchMethodError'{0x0000000712241b90}: 'void java.lang.invoke.DirectMethodHandle$Holder.invokeVirtual(java.lang.Object, java.lang.Object, long, int, int, int)'> (0x0000000712241b90) 
thrown [s\open\src\hotspot\share\interpreter\linkResolver.cpp, line 773]
Event: 0.888 Thread 0x000001fc5c9c2ea0 Exception <a 'java/lang/NoSuchMethodError'{0x00000007122498e8}: 'void java.lang.invoke.DirectMethodHandle$Holder.invokeVirtual(java.lang.Object, java.lang.Object, long, int, int, int, int)'> (0x00000007122498e8) 
thrown [s\open\src\hotspot\share\interpreter\linkResolver.cpp, line 773]
Event: 1.061 Thread 0x000001fc7e26d490 Exception <a 'sun/nio/fs/WindowsException'{0x0000000711fb0250}> (0x0000000711fb0250) 
thrown [s\open\src\hotspot\share\prims\jni.cpp, line 519]
Event: 1.080 Thread 0x000001fc7e26d490 Exception <a 'java/lang/NoSuchMethodError'{0x0000000713200208}: 'java.lang.Object java.lang.invoke.Invokers$Holder.invokeExact_MT(java.lang.Object, java.lang.Object, java.lang.Object, java.lang.Object, java.lang.Object, java.lang.Object)'> (0x0000000713200208) 
thrown [s\open\src\hotspot\share\interpreter\linkResolver.cpp, line 773]
Event: 1.118 Thread 0x000001fc5c9c2ea0 Exception <a 'sun/nio/fs/WindowsException'{0x0000000713239a30}> (0x0000000713239a30) 
thrown [s\open\src\hotspot\share\prims\jni.cpp, line 519]
Event: 1.125 Thread 0x000001fc5c9c2ea0 Exception <a 'sun/nio/fs/WindowsException'{0x00000007132461d0}> (0x00000007132461d0) 
thrown [s\open\src\hotspot\share\prims\jni.cpp, line 519]
Event: 1.125 Thread 0x000001fc5c9c2ea0 Exception <a 'sun/nio/fs/WindowsException'{0x0000000713246548}> (0x0000000713246548) 
thrown [s\open\src\hotspot\share\prims\jni.cpp, line 519]
Event: 1.128 Thread 0x000001fc5c9c2ea0 Exception <a 'sun/nio/fs/WindowsException'{0x0000000713247f68}> (0x0000000713247f68) 
thrown [s\open\src\hotspot\share\prims\jni.cpp, line 519]
Event: 1.132 Thread 0x000001fc5c9c2ea0 Exception <a 'sun/nio/fs/WindowsException'{0x000000071324d2a8}> (0x000000071324d2a8) 
thrown [s\open\src\hotspot\share\prims\jni.cpp, line 519]
Event: 1.173 Thread 0x000001fc5c9c2ea0 Exception <a 'sun/nio/fs/WindowsException'{0x00000007132e2788}> (0x00000007132e2788) 
thrown [s\open\src\hotspot\share\prims\jni.cpp, line 519]
Event: 1.173 Thread 0x000001fc5c9c2ea0 Exception <a 'sun/nio/fs/WindowsException'{0x00000007132e2b08}> (0x00000007132e2b08) 
thrown [s\open\src\hotspot\share\prims\jni.cpp, line 519]
Event: 1.175 Thread 0x000001fc5c9c2ea0 Exception <a 'sun/nio/fs/WindowsException'{0x00000007132e4530}> (0x00000007132e4530) 
thrown [s\open\src\hotspot\share\prims\jni.cpp, line 519]
Event: 1.271 Thread 0x000001fc5c9c2ea0 Exception <a 'java/lang/NoSuchMethodError'{0x0000000712b943f0}: 'void java.lang.System.load(java.lang.String, java.lang.Class)'> (0x0000000712b943f0) 
thrown [s\open\src\hotspot\share\interpreter\linkResolver.cpp, line 773]
Event: 1.271 Thread 0x000001fc5c9c2ea0 Exception <a 'java/lang/NoSuchMethodError'{0x0000000712b97238}: 'void java.lang.System.loadLibrary(java.lang.String, java.lang.Class)'> (0x0000000712b97238) 
thrown [s\open\src\hotspot\share\interpreter\linkResolver.cpp, line 773]
Event: 1.272 Thread 0x000001fc5c9c2ea0 Exception <a 'sun/nio/fs/WindowsException'{0x0000000712b9a530}> (0x0000000712b9a530) 
thrown [s\open\src\hotspot\share\prims\jni.cpp, line 519]
Event: 1.276 Thread 0x000001fc5c9c2ea0 Exception <a 'sun/nio/fs/WindowsException'{0x0000000712ba75d0}> (0x0000000712ba75d0) 
thrown [s\open\src\hotspot\share\prims\jni.cpp, line 519]
Event: 1.276 Thread 0x000001fc5c9c2ea0 Exception <a 'sun/nio/fs/WindowsException'{0x0000000712ba7950}> (0x0000000712ba7950) 
thrown [s\open\src\hotspot\share\prims\jni.cpp, line 519]
Event: 1.278 Thread 0x000001fc5c9c2ea0 Exception <a 'sun/nio/fs/WindowsException'{0x0000000712ba9cf8}> (0x0000000712ba9cf8) 
thrown [s\open\src\hotspot\share\prims\jni.cpp, line 519]

VM Operations (20 events):
Event: 0.180 Executing VM operation: HandshakeAllThreads done
Event: 0.220 Executing VM operation: HandshakeAllThreads
Event: 0.220 Executing VM operation: HandshakeAllThreads done
Event: 0.279 Executing VM operation: HandshakeAllThreads
Event: 0.279 Executing VM operation: HandshakeAllThreads done
Event: 0.911 Executing VM operation: ICBufferFull
Event: 0.911 Executing VM operation: ICBufferFull done
Event: 0.952 Executing VM operation: HandshakeAllThreads
Event: 0.952 Executing VM operation: HandshakeAllThreads done
Event: 0.963 Executing VM operation: HandshakeAllThreads
Event: 0.963 Executing VM operation: HandshakeAllThreads done
Event: 1.049 Executing VM operation: HandshakeAllThreads
Event: 1.049 Executing VM operation: HandshakeAllThreads done
Event: 1.075 Executing VM operation: G1CollectForAllocation
Event: 1.080 Executing VM operation: G1CollectForAllocation done
Event: 1.255 Executing VM operation: HandshakeAllThreads
Event: 1.255 Executing VM operation: HandshakeAllThreads done
Event: 1.265 Executing VM operation: HandshakeAllThreads
Event: 1.266 Executing VM operation: HandshakeAllThreads done
Event: 1.365 Executing VM operation: Exit

Events (18 events):
Event: 0.027 Thread 0x000001fc5c9c2ea0 Thread added: 0x000001fc5c9c2ea0
Event: 0.044 Thread 0x000001fc7e2690c0 Thread added: 0x000001fc7e2690c0
Event: 0.044 Thread 0x000001fc7e269a00 Thread added: 0x000001fc7e269a00
Event: 0.045 Thread 0x000001fc7e26c750 Thread added: 0x000001fc7e26c750
Event: 0.045 Thread 0x000001fc7e26d490 Thread added: 0x000001fc7e26d490
Event: 0.045 Thread 0x000001fc7e26e7f0 Thread added: 0x000001fc7e26e7f0
Event: 0.045 Thread 0x000001fc7e271270 Thread added: 0x000001fc7e271270
Event: 0.045 Thread 0x000001fc7e274ec0 Thread added: 0x000001fc7e274ec0
Event: 0.045 Thread 0x000001fc7e278950 Thread added: 0x000001fc7e278950
Event: 0.070 Thread 0x000001fc7e26fd30 Thread added: 0x000001fc7e26fd30
Event: 0.119 Thread 0x000001fc7e3beba0 Thread added: 0x000001fc7e3beba0
Event: 0.138 Thread 0x000001fc7e433270 Thread added: 0x000001fc7e433270
Event: 0.216 Thread 0x000001fc7e270280 Thread added: 0x000001fc7e270280
Event: 0.217 Thread 0x000001fc7e26f7e0 Thread added: 0x000001fc7e26f7e0
Event: 0.466 Thread 0x000001fc7e433270 Thread exited: 0x000001fc7e433270
Event: 0.529 Thread 0x000001fc7e3beba0 Thread exited: 0x000001fc7e3beba0
Event: 1.059 Thread 0x000001fc4a2af050 Thread added: 0x000001fc4a2af050
Event: 1.233 Thread 0x000001fc4a52b7b0 Thread added: 0x000001fc4a52b7b0


Dynamic libraries:
0x00007ff642cb0000 - 0x00007ff642cbe000 	C:\Users\stas2\.jdks\openjdk-20.0.2-1\bin\java.exe
0x00007ffb8d1c0000 - 0x00007ffb8d428000 	C:\WINDOWS\SYSTEM32\ntdll.dll
0x00007ffb8c6f0000 - 0x00007ffb8c7b9000 	C:\WINDOWS\System32\KERNEL32.DLL
0x00007ffb8a690000 - 0x00007ffb8aa7d000 	C:\WINDOWS\System32\KERNELBASE.dll
0x00007ffb8a540000 - 0x00007ffb8a68b000 	C:\WINDOWS\System32\ucrtbase.dll
0x00007ffb348b0000 - 0x00007ffb348c7000 	C:\Users\stas2\.jdks\openjdk-20.0.2-1\bin\jli.dll
0x00007ffb3f6c0000 - 0x00007ffb3f6db000 	C:\Users\stas2\.jdks\openjdk-20.0.2-1\bin\VCRUNTIME140.dll
0x00007ffb8b9a0000 - 0x00007ffb8bb6c000 	C:\WINDOWS\System32\USER32.dll
0x00007ffb8aa80000 - 0x00007ffb8aaa7000 	C:\WINDOWS\System32\win32u.dll
0x00007ffb89490000 - 0x00007ffb8972a000 	C:\WINDOWS\WinSxS\amd64_microsoft.windows.common-controls_6595b64144ccf1df_6.0.26100.4484_none_3e0e6d4ce32ef3b3\COMCTL32.dll
0x00007ffb8c980000 - 0x00007ffb8c9ab000 	C:\WINDOWS\System32\GDI32.dll
0x00007ffb8ab50000 - 0x00007ffb8ac87000 	C:\WINDOWS\System32\gdi32full.dll
0x00007ffb8d040000 - 0x00007ffb8d0e9000 	C:\WINDOWS\System32\msvcrt.dll
0x00007ffb8a310000 - 0x00007ffb8a3b3000 	C:\WINDOWS\System32\msvcp_win.dll
0x00007ffb8b470000 - 0x00007ffb8b49f000 	C:\WINDOWS\System32\IMM32.DLL
0x00007ffb3f6b0000 - 0x00007ffb3f6bc000 	C:\Users\stas2\.jdks\openjdk-20.0.2-1\bin\vcruntime140_1.dll
0x00007ffb31a60000 - 0x00007ffb31aee000 	C:\Users\stas2\.jdks\openjdk-20.0.2-1\bin\msvcp140.dll
0x00007ffb21730000 - 0x00007ffb223c8000 	C:\Users\stas2\.jdks\openjdk-20.0.2-1\bin\server\jvm.dll
0x00007ffb8ce10000 - 0x00007ffb8cec4000 	C:\WINDOWS\System32\ADVAPI32.dll
0x00007ffb8bc70000 - 0x00007ffb8bd16000 	C:\WINDOWS\System32\sechost.dll
0x00007ffb8b640000 - 0x00007ffb8b758000 	C:\WINDOWS\System32\RPCRT4.dll
0x00007ffb6a2d0000 - 0x00007ffb6a2da000 	C:\WINDOWS\SYSTEM32\WSOCK32.dll
0x00007ffb76af0000 - 0x00007ffb76b25000 	C:\WINDOWS\SYSTEM32\WINMM.dll
0x00007ffb7f290000 - 0x00007ffb7f29b000 	C:\WINDOWS\SYSTEM32\VERSION.dll
0x00007ffb8b5c0000 - 0x00007ffb8b634000 	C:\WINDOWS\System32\WS2_32.dll
0x00007ffb88a00000 - 0x00007ffb88a1b000 	C:\WINDOWS\SYSTEM32\kernel.appcore.dll
0x00007ffb372d0000 - 0x00007ffb372da000 	C:\Users\stas2\.jdks\openjdk-20.0.2-1\bin\jimage.dll
0x00007ffb89be0000 - 0x00007ffb89e21000 	C:\WINDOWS\SYSTEM32\DBGHELP.DLL
0x00007ffb8ca60000 - 0x00007ffb8cde6000 	C:\WINDOWS\System32\combase.dll
0x00007ffb8b760000 - 0x00007ffb8b840000 	C:\WINDOWS\System32\OLEAUT32.dll
0x00007ffb89a50000 - 0x00007ffb89a93000 	C:\WINDOWS\SYSTEM32\dbgcore.DLL
0x00007ffb8aab0000 - 0x00007ffb8ab49000 	C:\WINDOWS\System32\bcryptPrimitives.dll
0x00007ffb81df0000 - 0x00007ffb81dfe000 	C:\Users\stas2\.jdks\openjdk-20.0.2-1\bin\instrument.dll
0x00007ffb31a30000 - 0x00007ffb31a56000 	C:\Users\stas2\.jdks\openjdk-20.0.2-1\bin\java.dll
0x00007ffb2d600000 - 0x00007ffb2d6d7000 	C:\Users\stas2\.jdks\openjdk-20.0.2-1\bin\jsvml.dll
0x00007ffb8bf00000 - 0x00007ffb8c64a000 	C:\WINDOWS\System32\SHELL32.dll
0x00007ffb8ad50000 - 0x00007ffb8aec4000 	C:\WINDOWS\System32\wintypes.dll
0x00007ffb87830000 - 0x00007ffb8808b000 	C:\WINDOWS\SYSTEM32\windows.storage.dll
0x00007ffb8b4b0000 - 0x00007ffb8b5a5000 	C:\WINDOWS\System32\SHCORE.dll
0x00007ffb8bb70000 - 0x00007ffb8bbda000 	C:\WINDOWS\System32\shlwapi.dll
0x00007ffb8a220000 - 0x00007ffb8a24f000 	C:\WINDOWS\SYSTEM32\profapi.dll
0x00007ffb31a10000 - 0x00007ffb31a23000 	C:\Users\stas2\.jdks\openjdk-20.0.2-1\bin\net.dll
0x00007ffb7fd50000 - 0x00007ffb7fe6e000 	C:\WINDOWS\SYSTEM32\WINHTTP.dll
0x00007ffb88f20000 - 0x00007ffb88f8a000 	C:\WINDOWS\system32\mswsock.dll
0x00007ffb319f0000 - 0x00007ffb31a06000 	C:\Users\stas2\.jdks\openjdk-20.0.2-1\bin\nio.dll
0x00007ffb319b0000 - 0x00007ffb319c8000 	C:\Users\stas2\.jdks\openjdk-20.0.2-1\bin\zip.dll
0x00007ffb73b40000 - 0x00007ffb73b5a000 	C:\IntelliJ IDEA Community Edition 2021.3.2\IntelliJ IDEA Community Edition 2023.2.1\bin\breakgen64.dll
0x00007ffb47130000 - 0x00007ffb471ab000 	C:\Users\stas2\AppData\Local\Temp\lwjgl_stas2\3.3.4+7\x64\lwjgl.dll
0x00007ffb3d0c0000 - 0x00007ffb3d145000 	C:\Users\stas2\AppData\Local\Temp\lwjgl_stas2\3.3.4+7\x64\glfw.dll
0x00007ffb52910000 - 0x00007ffb5295b000 	C:\WINDOWS\SYSTEM32\dinput8.dll
0x00007ffb71660000 - 0x00007ffb71672000 	C:\WINDOWS\SYSTEM32\xinput1_4.dll
0x00007ffb89f70000 - 0x00007ffb89fc7000 	C:\WINDOWS\SYSTEM32\cfgmgr32.dll
0x00007ffb89fd0000 - 0x00007ffb89ffd000 	C:\WINDOWS\SYSTEM32\DEVOBJ.dll
0x00007ffb86c40000 - 0x00007ffb86c76000 	C:\WINDOWS\SYSTEM32\dwmapi.dll
0x00007ffb6a560000 - 0x00007ffb6a743000 	C:\WINDOWS\SYSTEM32\inputhost.dll
0x00007ffb83820000 - 0x00007ffb83945000 	C:\WINDOWS\SYSTEM32\CoreMessaging.dll
0x00007ffb84290000 - 0x00007ffb8433f000 	C:\WINDOWS\system32\uxtheme.dll
0x00007ffb8ced0000 - 0x00007ffb8d030000 	C:\WINDOWS\System32\MSCTF.dll
0x00007ffb893d0000 - 0x00007ffb893dc000 	C:\WINDOWS\SYSTEM32\CRYPTBASE.DLL
0x00007ffb6f0f0000 - 0x00007ffb6f208000 	C:\WINDOWS\SYSTEM32\opengl32.dll
0x00007ffb747b0000 - 0x00007ffb747dd000 	C:\WINDOWS\SYSTEM32\GLU32.dll
0x00007ffb86e70000 - 0x00007ffb86ebd000 	C:\WINDOWS\SYSTEM32\dxcore.dll
0x00007ffb86b90000 - 0x00007ffb86bf4000 	C:\WINDOWS\SYSTEM32\directxdatabasehelper.dll
0x00007ffb74a20000 - 0x00007ffb74a3a000 	C:\WINDOWS\SYSTEM32\windows.staterepositorycore.dll
0x00007ffb05b30000 - 0x00007ffb06b23000 	C:\WINDOWS\System32\DriverStore\FileRepository\iigd_dch.inf_amd64_5802b1615520e41c\igxelpicd64.dll
0x00007ffb8c7d0000 - 0x00007ffb8c96e000 	C:\WINDOWS\System32\ole32.dll
0x00007ffb843e0000 - 0x00007ffb84518000 	C:\WINDOWS\system32\dxgi.dll
0x00007ffb05840000 - 0x00007ffb05b27000 	C:\WINDOWS\System32\DriverStore\FileRepository\iigd_dch.inf_amd64_5802b1615520e41c\igdml64.dll
0x00007ffb7cd40000 - 0x00007ffb7d107000 	C:\WINDOWS\System32\DriverStore\FileRepository\iigd_dch.inf_amd64_5802b1615520e41c\igdgmm64.dll
0x00007ffb791d0000 - 0x00007ffb7c7e1000 	C:\WINDOWS\System32\DriverStore\FileRepository\iigd_dch.inf_amd64_5802b1615520e41c\igc64.dll
0x00007ffb89b70000 - 0x00007ffb89bce000 	C:\WINDOWS\SYSTEM32\powrprof.dll
0x00007ffb89830000 - 0x00007ffb89844000 	C:\WINDOWS\SYSTEM32\UMPDC.dll
0x00007ffb75740000 - 0x00007ffb75890000 	C:\WINDOWS\SYSTEM32\textinputframework.dll
0x00007ffb7f5d0000 - 0x00007ffb7f8b3000 	C:\WINDOWS\SYSTEM32\CoreUIComponents.dll
0x00007ffb31cb0000 - 0x00007ffb31d11000 	C:\Users\stas2\AppData\Local\Temp\lwjgl_stas2\3.3.4+7\x64\lwjgl_opengl.dll
0x00007ffb00840000 - 0x00007ffb01034000 	C:\Users\stas2\AppData\Local\Temp\imgui-java-natives\1.89.0\imgui-java64.dll
0x00007ffb319a0000 - 0x00007ffb319b0000 	C:\Users\stas2\.jdks\openjdk-20.0.2-1\bin\verify.dll
0x00007ffb31120000 - 0x00007ffb31248000 	C:\Users\stas2\AppData\Local\Temp\lwjgl_stas2\3.3.4+7\x64\draco.dll
0x00007ffafb8b0000 - 0x00007ffafbf6b000 	C:\Users\stas2\AppData\Local\Temp\lwjgl_stas2\3.3.4+7\x64\assimp.dll
0x00007ffb31080000 - 0x00007ffb31120000 	C:\Users\stas2\AppData\Local\Temp\lwjgl_stas2\3.3.4+7\x64\lwjgl_stb.dll

dbghelp: loaded successfully - version: 4.0.5 - missing functions: none
symbol engine: initialized successfully - sym options: 0x614 - pdb path: .;C:\Users\stas2\.jdks\openjdk-20.0.2-1\bin;C:\WINDOWS\SYSTEM32;C:\WINDOWS\WinSxS\amd64_microsoft.windows.common-controls_6595b64144ccf1df_6.0.26100.4484_none_3e0e6d4ce32ef3b3;C:\Users\stas2\.jdks\openjdk-20.0.2-1\bin\server;C:\IntelliJ IDEA Community Edition 2021.3.2\IntelliJ IDEA Community Edition 2023.2.1\bin;C:\Users\stas2\AppData\Local\Temp\lwjgl_stas2\3.3.4+7\x64;C:\WINDOWS\System32\DriverStore\FileRepository\iigd_dch.inf_amd64_5802b1615520e41c;C:\Users\stas2\AppData\Local\Temp\imgui-java-natives\1.89.0

VM Arguments:
jvm_args: -javaagent:C:\IntelliJ IDEA Community Edition 2021.3.2\IntelliJ IDEA Community Edition 2023.2.1\lib\idea_rt.jar=62144:C:\IntelliJ IDEA Community Edition 2021.3.2\IntelliJ IDEA Community Edition 2023.2.1\bin -Dfile.encoding=windows-1252 -Dsun.stdout.encoding=windows-1252 -Dsun.stderr.encoding=windows-1252 --module-path=C:\Users\stas2\.m2\repository\org\lwjgl\lwjgl-glfw\3.3.4\lwjgl-glfw-3.3.4.jar;C:\Users\stas2\.m2\repository\org\joml\joml-primitives\1.10.0\joml-primitives-1.10.0.jar;C:\Users\stas2\.m2\repository\io\github\spair\imgui-java-binding\1.89.0\imgui-java-binding-1.89.0.jar;C:\Users\stas2\.m2\repository\org\lwjgl\lwjgl-stb\3.3.4\lwjgl-stb-3.3.4.jar;C:\Users\stas2\.m2\repository\org\lwjgl\lwjgl\3.3.4\lwjgl-3.3.4.jar;C:\Users\stas2\.m2\repository\org\joml\joml\1.10.7\joml-1.10.7.jar;C:\Users\stas2\.m2\repository\io\github\spair\imgui-java-lwjgl3\1.89.0\imgui-java-lwjgl3-1.89.0.jar;C:\Users\stas2\.m2\repository\org\lwjgl\lwjgl-vulkan\3.3.4\lwjgl-vulkan-3.3.4.jar;C:\Users\stas2\.m2\repository\org\lwjgl\lwjgl-opengl\3.3.4\lwjgl-opengl-3.3.4.jar;C:\Users\stas2\.m2\repository\org\lwjgl\lwjgl-assimp\3.3.4\lwjgl-assimp-3.3.4.jar;O:\GIt\MultiplayerShooter\target\classes -Djdk.module.main=com.bedrye.multiplayershooter 
java_command: com.bedrye.multiplayershooter/com.bedrye.bjge.GameEngine.TestMain
java_class_path (initial): C:\Users\stas2\.m2\repository\io\github\spair\imgui-java-natives-windows\1.89.0\imgui-java-natives-windows-1.89.0.jar;C:\Users\stas2\.m2\repository\org\lwjgl\lwjgl-bgfx\3.3.4\lwjgl-bgfx-3.3.4.jar;C:\Users\stas2\.m2\repository\org\lwjgl\lwjgl-nanovg\3.3.4\lwjgl-nanovg-3.3.4.jar;C:\Users\stas2\.m2\repository\org\lwjgl\lwjgl-nuklear\3.3.4\lwjgl-nuklear-3.3.4.jar;C:\Users\stas2\.m2\repository\org\lwjgl\lwjgl-openal\3.3.4\lwjgl-openal-3.3.4.jar;C:\Users\stas2\.m2\repository\org\lwjgl\lwjgl-par\3.3.4\lwjgl-par-3.3.4.jar;C:\Users\stas2\.m2\repository\org\lwjgl\lwjgl\3.3.4\lwjgl-3.3.4-natives-windows.jar;C:\Users\stas2\.m2\repository\org\lwjgl\lwjgl-assimp\3.3.4\lwjgl-assimp-3.3.4-natives-windows.jar;C:\Users\stas2\.m2\repository\org\lwjgl\lwjgl-bgfx\3.3.4\lwjgl-bgfx-3.3.4-natives-windows.jar;C:\Users\stas2\.m2\repository\org\lwjgl\lwjgl-glfw\3.3.4\lwjgl-glfw-3.3.4-natives-windows.jar;C:\Users\stas2\.m2\repository\org\lwjgl\lwjgl-nanovg\3.3.4\lwjgl-nanovg-3.3.4-natives-windows.jar;C:\Users\stas2\.m2\repository\org\lwjgl\lwjgl-nuklear\3.3.4\lwjgl-nuklear-3.3.4-natives-windows.jar;C:\Users\stas2\.m2\repository\org\lwjgl\lwjgl-openal\3.3.4\lwjgl-openal-3.3.4-natives-windows.jar;C:\Users\stas2\.m2\repository\org\lwjgl\lwjgl-opengl\3.3.4\lwjgl-opengl-3.3.4-natives-windows.jar;C:\Users\stas2\.m2\repository\org\lwjgl\lwjgl-par\3.3.4\lwjgl-par-3.3.4-natives-windows.jar;C:\Users\stas2\.m2\repository\org\lwjgl\lwjgl-stb\3.3.4\lwjgl-stb-3.3.4-natives-windows.jar
Launcher Type: SUN_STANDARD

[Global flags]
     intx CICompilerCount                          = 4                                         {product} {ergonomic}
     uint ConcGCThreads                            = 3                                         {product} {ergonomic}
     uint G1ConcRefinementThreads                  = 10                                        {product} {ergonomic}
   size_t G1HeapRegionSize                         = 2097152                                   {product} {ergonomic}
    uintx GCDrainStackTargetSize                   = 64                                        {product} {ergonomic}
   size_t InitialHeapSize                          = 266338304                                 {product} {ergonomic}
   size_t MarkStackSize                            = 4194304                                   {product} {ergonomic}
   size_t MaxHeapSize                              = 4238344192                                {product} {ergonomic}
   size_t MaxNewSize                               = 2541748224                                {product} {ergonomic}
   size_t MinHeapDeltaBytes                        = 2097152                                   {product} {ergonomic}
   size_t MinHeapSize                              = 8388608                                   {product} {ergonomic}
    uintx NonNMethodCodeHeapSize                   = 5839372                                {pd product} {ergonomic}
    uintx NonProfiledCodeHeapSize                  = 122909434                              {pd product} {ergonomic}
    uintx ProfiledCodeHeapSize                     = 122909434                              {pd product} {ergonomic}
    uintx ReservedCodeCacheSize                    = 251658240                              {pd product} {ergonomic}
     bool SegmentedCodeCache                       = true                                      {product} {ergonomic}
   size_t SoftMaxHeapSize                          = 4238344192                             {manageable} {ergonomic}
     bool UseCompressedClassPointers               = true                           {product lp64_product} {ergonomic}
     bool UseCompressedOops                        = true                           {product lp64_product} {ergonomic}
     bool UseG1GC                                  = true                                      {product} {ergonomic}
     bool UseLargePagesIndividualAllocation        = false                                  {pd product} {ergonomic}

Logging:
Log output configuration:
 #0: stdout all=off uptime,level,tags foldmultilines=false
 #1: stderr all=off uptime,level,tags foldmultilines=false

Environment Variables:
JAVA_HOME=C:\Program Files\Java\jdk-11.0.2
PATH=C:\Program Files\PlasticSCM5\server;C:\Program Files\PlasticSCM5\client;C:\Program Files\NVIDIA GPU Computing Toolkit\CUDA\v12.6\bin;C:\Program Files\NVIDIA GPU Computing Toolkit\CUDA\v12.6\libnvvp;C:\Program Files\Common Files\Oracle\Java\javapath;C:\Windows\system32;C:\Windows;C:\Program Files\Java\jdk-11.0.2\bin;C:\Windows\System32\Wbem;C:\ORacleDatabase\dbhomeXE\bin;C:\Windows\System32\WindowsPowerShell\v1.0\;C:\Windows\System32\OpenSSH\;C:\Program Files (x86)\NVIDIA Corporation\PhysX\Common;C:\Program Files\NVIDIA Corporation\NVIDIA NvDLISR;C:\Program Files\Docker\Docker\resources\bin;C:\Program Files\Git LFS;C:\Program Files\Git\cmd;C:\Program Files (x86)\Windows Kits\10\Windows Performance Toolkit\;C:\Program Files (x86)\Steam\steamapps\common\Counter-Strike Global Offensive\game\bin\win64;C:\Users\stas2\AppData\Local\Programs\Python\Python311;C:\Program Files\dotnet\;C:\Program Files\Microsoft SQL Server\150\Tools\Binn\;C:\Program Files\Microsoft SQL Server\Client SDK\ODBC\170\Tools\Binn\;C:\Program Files\NVIDIA Corporation\Nsight Compute 2024.3.2\;C:\Program Files (x86)\Microsoft SQL Server\160\Tools\Binn\;C:\Program Files\Microsoft SQL Server\160\Tools\Binn\;C:\Program Files\Microsoft SQL Server\160\DTS\Binn\;C:\Program Files (x86)\Microsoft SQL Server\160\DTS\Binn\;C:\WINDOWS\system32;C:\WINDOWS;C:\WINDOWS\System32\Wbem;C:\WINDOWS\System32\WindowsPowerShell\v1.0\;C:\WINDOWS\System32\OpenSSH\;C:\Users\stas2\AppData\Local\Microsoft\WindowsApps;C:\Users\stas2\AppData\Local\Programs\Microsoft VS Code\bin;C:\Users\stas2\AppData\Local\GitHubDesktop\bin;C:\Users\stas2\AppData\Local\Programs\Python\Python311;C:\Program Files (x86)\Steam\steamapps\common\Counter-Strike Global Offensive\game\bin\win64;C:\Users\stas2\.dotnet\tools;C:\Users\stas2\AppData\Local\Muse Hub\lib;
USERNAME=stas2
OS=Windows_NT
PROCESSOR_IDENTIFIER=Intel64 Family 6 Model 141 Stepping 1, GenuineIntel
TMP=C:\Users\stas2\AppData\Local\Temp
TEMP=C:\Users\stas2\AppData\Local\Temp




---------------  S Y S T E M  ---------------

OS:
 Windows 11 , 64 bit Build 26100 (10.0.26100.4484)
OS uptime: 7 days 15:08 hours
Hyper-V role detected

CPU: total 12 (initial active 12) (6 cores per cpu, 2 threads per core) family 6 model 141 stepping 1 microcode 0x3c, cx8, cmov, fxsr, ht, mmx, 3dnowpref, sse, sse2, sse3, ssse3, sse4.1, sse4.2, popcnt, lzcnt, tsc, tscinvbit, avx, avx2, aes, erms, clmul, bmi1, bmi2, adx, avx512f, avx512dq, avx512cd, avx512bw, avx512vl, sha, fma, vzeroupper, avx512_vpopcntdq, avx512_vpclmulqdq, avx512_vaes, avx512_vnni, clflush, clflushopt, clwb, avx512_vbmi2, avx512_vbmi, hv, rdtscp, rdpid, fsrm, gfni, avx512_bitalg, f16c, cet_ibt, cet_ss, avx512_ifma

Memory: 4k page, system-wide physical 16163M (2298M free)
TotalPageFile size 37667M (AvailPageFile size 14091M)
current process WorkingSet (physical memory assigned to process): 213M, peak: 225M
current process commit charge ("private bytes"): 419M, peak: 432M

vm_info: OpenJDK 64-Bit Server VM (20.0.2+9-78) for windows-amd64 JRE (20.0.2+9-78), built on 2023-06-14T10:08:48Z by "mach5one" with MS VC++ 17.1 (VS2022)

END.
