#
# A fatal error has been detected by the Java Runtime Environment:
#
#  EXCEPTION_ACCESS_VIOLATION (0xc0000005) at pc=0x00007ffa39cc366c, pid=34680, tid=1048
#
# JRE version: OpenJDK Runtime Environment (21.0.1+12) (build 21.0.1+12-29)
# Java VM: OpenJDK 64-Bit Server VM (21.0.1+12-29, mixed mode, sharing, tiered, compressed oops, compressed class ptrs, g1 gc, windows-amd64)
# Problematic frame:
# C  [igxelpicd64.dll+0x13366c]
#
# No core dump will be written. Minidumps are not enabled by default on client versions of Windows
#
# If you would like to submit a bug report, please visit:
#   https://bugreport.java.com/bugreport/crash.jsp
#

---------------  S U M M A R Y ------------

Command Line: -javaagent:C:\IntelliJ IDEA Community Edition 2021.3.2\IntelliJ IDEA Community Edition 2023.2.1\lib\idea_rt.jar=60262:C:\IntelliJ IDEA Community Edition 2021.3.2\IntelliJ IDEA Community Edition 2023.2.1\bin -Dfile.encoding=windows-1252 -Dsun.stdout.encoding=windows-1252 -Dsun.stderr.encoding=windows-1252 --module-path=O:\GIt\MultiplayerShooter\target\classes;C:\Users\stas2\.m2\repository\org\lwjgl\lwjgl\3.3.4\lwjgl-3.3.4.jar;C:\Users\stas2\.m2\repository\org\lwjgl\lwjgl-opengl\3.3.4\lwjgl-opengl-3.3.4.jar;C:\Users\stas2\.m2\repository\com\fasterxml\jackson\core\jackson-databind\2.17.2\jackson-databind-2.17.2.jar;C:\Users\stas2\.m2\repository\org\lwjgl\lwjgl-assimp\3.3.4\lwjgl-assimp-3.3.4.jar;C:\Users\stas2\.m2\repository\org\lwjgl\lwjgl-glfw\3.3.4\lwjgl-glfw-3.3.4.jar;C:\Users\stas2\.m2\repository\org\joml\joml-primitives\1.10.0\joml-primitives-1.10.0.jar;C:\Users\stas2\.m2\repository\io\github\spair\imgui-java-lwjgl3\1.89.0\imgui-java-lwjgl3-1.89.0.jar;C:\Users\stas2\.m2\repository\org\joml\joml\1.10.7\joml-1.10.7.jar;C:\Users\stas2\.m2\repository\org\lwjgl\lwjgl-vulkan\3.3.4\lwjgl-vulkan-3.3.4.jar;C:\Users\stas2\.m2\repository\com\fasterxml\jackson\core\jackson-annotations\2.17.2\jackson-annotations-2.17.2.jar;C:\Users\stas2\.m2\repository\org\lwjgl\lwjgl-stb\3.3.4\lwjgl-stb-3.3.4.jar;C:\Users\stas2\.m2\repository\io\github\spair\imgui-java-binding\1.89.0\imgui-java-binding-1.89.0.jar;C:\Users\stas2\.m2\repository\com\fasterxml\jackson\core\jackson-core\2.17.2\jackson-core-2.17.2.jar -Djdk.module.main=com.bedrye.bjge com.bedrye.bjge/com.bedrye.bjge.TestMain

Host: 11th Gen Intel(R) Core(TM) i5-11400H @ 2.70GHz, 12 cores, 15G,  Windows 11 , 64 bit Build 26100 (10.0.26100.5074)
Time: Sun Oct 12 19:25:11 2025 FLE Summer Time elapsed time: 171.909130 seconds (0d 0h 2m 51s)

---------------  T H R E A D  ---------------

Current thread (0x000002bdd43d74d0):  VMThread "VM Thread"          [id=1048, stack(0x000000cf39300000,0x000000cf39400000) (1024K)]

Stack: [0x000000cf39300000,0x000000cf39400000],  sp=0x000000cf393fe200,  free space=1016k
Native frames: (J=compiled Java code, j=interpreted, Vv=VM code, C=native code)
C  [igxelpicd64.dll+0x13366c]


siginfo: EXCEPTION_ACCESS_VIOLATION (0xc0000005), reading address 0x00000000000356f8


Registers:
RAX=0x000002be1bfc7988, RBX=0x000002be1bfc7880, RCX=0x0000000000000000, RDX=0x0000000000000000
RSP=0x000000cf393fe200, RBP=0x0000000000000000, RSI=0x000002be1bfc7e50, RDI=0x000002be1a7c03b0
R8 =0x0000000000000014, R9 =0x000000cf38765000, R10=0x0000000000000000, R11=0x0000000000000000
R12=0x0000000000000000, R13=0x000002be1bfca670, R14=0x000000000028e800, R15=0x0000000000000016
RIP=0x00007ffa39cc366c, EFLAGS=0x0000000000010206


Register to memory mapping:

RAX=0x000002be1bfc7988 points into unknown readable memory: 0x000000000028e8a4 | a4 e8 28 00 00 00 00 00
RBX=0x000002be1bfc7880 points into unknown readable memory: 0x000002be1a4e8f20 | 20 8f 4e 1a be 02 00 00
RCX=0x0 is null
RDX=0x0 is null
RSP=0x000000cf393fe200 points into unknown readable memory: 0x000002be1a760f60 | 60 0f 76 1a be 02 00 00
RBP=0x0 is null
RSI=0x000002be1bfc7e50 points into unknown readable memory: 0x000002be1bfca670 | 70 a6 fc 1b be 02 00 00
RDI=0x000002be1a7c03b0 points into unknown readable memory: 0x000002be1b108400 | 00 84 10 1b be 02 00 00
R8 =0x0000000000000014 is an unknown value
R9 =0x000000cf38765000 points into unknown readable memory: 0x0000000000000000 | 00 00 00 00 00 00 00 00
R10=0x0 is null
R11=0x0 is null
R12=0x0 is null
R13=0x000002be1bfca670 points into unknown readable memory: 0x000002be1a4e8f20 | 20 8f 4e 1a be 02 00 00
R14=0x000000000028e800 is an unknown value
R15=0x0000000000000016 is an unknown value

Top of Stack: (sp=0x000000cf393fe200)
0x000000cf393fe200:   000002be1a760f60 0326f4a70133c2a7
0x000000cf393fe210:   03596da8030606a8 02f5e2a802f481a8
0x000000cf393fe220:   0366f2a9036bcfa9 035b9aaa02fe53aa
0x000000cf393fe230:   022dceaa0341cdaa 02e266ab02fe53ab
0x000000cf393fe240:   000002be1b034ef8 000000000028e8c1
0x000000cf393fe250:   0000000000000000 0000000000000010
0x000000cf393fe260:   0000000000000000 0000000000000000
0x000000cf393fe270:   000000cf393fe380 00007ffa39e3bc3c
0x000000cf393fe280:   000002be1a760f60 000002be1a7c03b0
0x000000cf393fe290:   035d70b2032eb800 02c0ccb20349aa00
0x000000cf393fe2a0:   000000cf00000ebc 0000b80200000000
0x000000cf393fe2b0:   0000000000000000 021707b602bfc7b5
0x000000cf393fe2c0:   035734b7036e3cb6 009702b802623db7
0x000000cf393fe2d0:   0345ebb802f5e3b8 033305ba031636b9
0x000000cf393fe2e0:   02dc74ba029d43ba 00007ffa39e319a0
0x000000cf393fe2f0:   031908bb0363f0ba 036352bb036c26bb
0x000000cf393fe300:   02e535bc0329a6bb 008f38bd0360dcbc
0x000000cf393fe310:   0318c9bd038350bd 02f831bf029d43be
0x000000cf393fe320:   009a07c0031205c0 00007ffa39c13cdf
0x000000cf393fe330:   0000b80200000000 0000000000000ebc
0x000000cf393fe340:   0000000000000000 4000188000000001
0x000000cf393fe350:   0000000000000000 0000000000000000
0x000000cf393fe360:   0000000000000000 0000000000000000
0x000000cf393fe370:   0000000000000000 0000000000000000
0x000000cf393fe380:   0000000000000000 0000000000000000
0x000000cf393fe390:   0000000000000000 0000000000000000
0x000000cf393fe3a0:   0000000000000000 0000000000000000
0x000000cf393fe3b0:   0000000000000000 0000000000000000
0x000000cf393fe3c0:   0000000000000000 0000000000000000
0x000000cf393fe3d0:   0000000000000000 0000000000000000
0x000000cf393fe3e0:   0000000000000000 0000000000000000
0x000000cf393fe3f0:   0000000000000000 0000000000000000 

Instructions: (pc=0x00007ffa39cc366c)
0x00007ffa39cc356c:   ec 40 45 8a e1 48 8b fa 48 8b e9 48 8b 1d 42 08
0x00007ffa39cc357c:   e0 00 48 89 58 08 48 8b cb ff 15 85 5b 9a 00 90
0x00007ffa39cc358c:   4c 8b af 78 02 00 00 48 8b 05 c6 e4 cf 00 44 8b
0x00007ffa39cc359c:   b8 40 0b 00 00 45 33 db 45 8a f3 4c 89 9f 78 02
0x00007ffa39cc35ac:   00 00 44 89 9f 80 02 00 00 4c 89 9f 98 02 00 00
0x00007ffa39cc35bc:   4c 89 9f 88 02 00 00 48 85 ed 75 38 8b 35 4a e2
0x00007ffa39cc35cc:   df 00 65 48 8b 04 25 58 00 00 00 b9 14 00 00 00
0x00007ffa39cc35dc:   48 8b 04 f0 44 38 1c 01 0f 84 9d da 86 00 65 48
0x00007ffa39cc35ec:   8b 04 25 58 00 00 00 bd 20 00 00 00 48 8b 04 f0
0x00007ffa39cc35fc:   48 8b 2c 28 48 3b 2d 39 07 e0 00 45 0f 44 fb 4d
0x00007ffa39cc360c:   85 ed 0f 84 21 01 00 00 44 8a a4 24 90 00 00 00
0x00007ffa39cc361c:   49 8b dd 49 8d b5 d0 05 00 00 4c 8b 2e 45 84 e4
0x00007ffa39cc362c:   0f 85 2a 03 00 00 8b 97 c8 01 00 00 48 8b 05 21
0x00007ffa39cc363c:   e4 cf 00 83 b8 78 03 00 00 02 75 31 83 fa 10 0f
0x00007ffa39cc364c:   83 20 01 00 00 48 8d 04 d5 21 00 00 00 48 03 c2
0x00007ffa39cc365c:   48 8d 04 c3 48 85 c0 0f 85 ff 00 00 00 49 8b cb
0x00007ffa39cc366c:   48 3b 8d f8 56 03 00 0f 87 f3 02 00 00 4c 39 9b
0x00007ffa39cc367c:   48 06 00 00 0f 85 41 da 86 00 44 8b 97 c8 01 00
0x00007ffa39cc368c:   00 48 8b 87 e0 01 00 00 4c 8b 08 8b 97 c8 01 00
0x00007ffa39cc369c:   00 83 fa 10 0f 83 03 01 00 00 48 8d 04 d5 21 00
0x00007ffa39cc36ac:   00 00 48 03 c2 48 8d 04 c3 48 85 c0 0f 85 e2 00
0x00007ffa39cc36bc:   00 00 49 8b cb 49 3b c9 0f 86 0e 01 00 00 48 8b
0x00007ffa39cc36cc:   87 78 02 00 00 48 89 06 48 89 9f 78 02 00 00 ff
0x00007ffa39cc36dc:   87 80 02 00 00 48 8b 43 08 48 8b 88 18 01 00 00
0x00007ffa39cc36ec:   48 81 e1 00 00 ff ff 48 81 c1 00 00 01 00 48 01
0x00007ffa39cc36fc:   8f 88 02 00 00 48 8b 43 08 48 8b 88 18 01 00 00
0x00007ffa39cc370c:   48 01 8f 98 02 00 00 4d 85 ed 0f 85 00 ff ff ff
0x00007ffa39cc371c:   45 84 f6 44 8a a4 24 98 00 00 00 0f 85 82 03 00
0x00007ffa39cc372c:   00 48 8b 9c 24 80 00 00 00 48 8b cf 45 84 e4 0f
0x00007ffa39cc373c:   85 8a 03 00 00 e8 fa f9 ff ff 90 48 8b cb 48 8b
0x00007ffa39cc374c:   9c 24 88 00 00 00 48 83 c4 40 41 5f 41 5e 41 5d
0x00007ffa39cc375c:   41 5c 5f 5e 5d 48 ff 25 b0 59 9a 00 48 8b 48 08 


Stack slot to memory mapping:

stack at sp + 0 slots: 0x000002be1a760f60 points into unknown readable memory: 0xffffffffffffffff | ff ff ff ff ff ff ff ff
stack at sp + 1 slots: 0x0326f4a70133c2a7 is an unknown value
stack at sp + 2 slots: 0x03596da8030606a8 is an unknown value
stack at sp + 3 slots: 0x02f5e2a802f481a8 is an unknown value
stack at sp + 4 slots: 0x0366f2a9036bcfa9 is an unknown value
stack at sp + 5 slots: 0x035b9aaa02fe53aa is an unknown value
stack at sp + 6 slots: 0x022dceaa0341cdaa is an unknown value
stack at sp + 7 slots: 0x02e266ab02fe53ab is an unknown value

VM_Operation (0x000000cf389fee00): Exit, mode: safepoint, requested by thread 0x000002be1be2bde0


---------------  P R O C E S S  ---------------

Threads class SMR info:
_java_thread_list=0x000002be1b880720, length=18, elements={
0x000002bdb2c79ef0, 0x000002bdd43f5c50, 0x000002bdd43f77b0, 0x000002bdd43fabe0,
0x000002bdd43ffe30, 0x000002bdd4400980, 0x000002bdd4403610, 0x000002bdd440f7d0,
0x000002bdd4550090, 0x000002bdd4650000, 0x000002be1a2e7740, 0x000002be1a0f52d0,
0x000002be1b51cc80, 0x000002bdd4679180, 0x000002be1b394f10, 0x000002be1bbb7320,
0x000002be1b775550, 0x000002be1be2bde0
}

Java Threads: ( => current thread )
  0x000002bdb2c79ef0 JavaThread "main"                              [_thread_blocked, id=25384, stack(0x000000cf38c00000,0x000000cf38d00000) (1024K)]
  0x000002bdd43f5c50 JavaThread "Reference Handler"          daemon [_thread_blocked, id=25988, stack(0x000000cf39400000,0x000000cf39500000) (1024K)]
  0x000002bdd43f77b0 JavaThread "Finalizer"                  daemon [_thread_blocked, id=30112, stack(0x000000cf39500000,0x000000cf39600000) (1024K)]
  0x000002bdd43fabe0 JavaThread "Signal Dispatcher"          daemon [_thread_blocked, id=16792, stack(0x000000cf39600000,0x000000cf39700000) (1024K)]
  0x000002bdd43ffe30 JavaThread "Attach Listener"            daemon [_thread_blocked, id=1732, stack(0x000000cf39700000,0x000000cf39800000) (1024K)]
  0x000002bdd4400980 JavaThread "Service Thread"             daemon [_thread_blocked, id=25896, stack(0x000000cf39800000,0x000000cf39900000) (1024K)]
  0x000002bdd4403610 JavaThread "Monitor Deflation Thread"   daemon [_thread_blocked, id=24692, stack(0x000000cf39900000,0x000000cf39a00000) (1024K)]
  0x000002bdd440f7d0 JavaThread "C2 CompilerThread0"         daemon [_thread_blocked, id=12308, stack(0x000000cf39a00000,0x000000cf39b00000) (1024K)]
  0x000002bdd4550090 JavaThread "C1 CompilerThread0"         daemon [_thread_blocked, id=33664, stack(0x000000cf39b00000,0x000000cf39c00000) (1024K)]
  0x000002bdd4650000 JavaThread "Common-Cleaner"             daemon [_thread_blocked, id=32432, stack(0x000000cf39c00000,0x000000cf39d00000) (1024K)]
  0x000002be1a2e7740 JavaThread "Monitor Ctrl-Break"         daemon [_thread_in_native, id=21776, stack(0x000000cf39f00000,0x000000cf3a000000) (1024K)]
  0x000002be1a0f52d0 JavaThread "Notification Thread"        daemon [_thread_blocked, id=22120, stack(0x000000cf3a000000,0x000000cf3a100000) (1024K)]
  0x000002be1b51cc80 JavaThread "FileSystemWatchService"     daemon [_thread_in_native, id=19088, stack(0x000000cf39d00000,0x000000cf39e00000) (1024K)]
  0x000002bdd4679180 JavaThread "BJE-Asset-Watcher"          daemon [_thread_blocked, id=20692, stack(0x000000cf3ad00000,0x000000cf3ae00000) (1024K)]
  0x000002be1b394f10 JavaThread "Java2D Disposer"            daemon [_thread_blocked, id=32928, stack(0x000000cf3b100000,0x000000cf3b200000) (1024K)]
  0x000002be1bbb7320 JavaThread "AWT-Shutdown"                      [_thread_blocked, id=24476, stack(0x000000cf3b200000,0x000000cf3b300000) (1024K)]
  0x000002be1b775550 JavaThread "AWT-EventQueue-0"                  [_thread_blocked, id=28272, stack(0x000000cf3b500000,0x000000cf3b600000) (1024K)]
  0x000002be1be2bde0 JavaThread "SIGINT handler"             daemon [_thread_blocked, id=32984, stack(0x000000cf38900000,0x000000cf38a00000) (1024K)]
Total: 18

Other Threads:
=>0x000002bdd43d74d0 VMThread "VM Thread"                           [id=1048, stack(0x000000cf39300000,0x000000cf39400000) (1024K)]
  0x000002bdb2f36f80 WorkerThread "GC Thread#0"                     [id=23376, stack(0x000000cf38d00000,0x000000cf38e00000) (1024K)]
  0x000002be1a404360 WorkerThread "GC Thread#1"                     [id=37500, stack(0x000000cf3a100000,0x000000cf3a200000) (1024K)]
  0x000002be1a165010 WorkerThread "GC Thread#2"                     [id=27412, stack(0x000000cf3a200000,0x000000cf3a300000) (1024K)]
  0x000002be1a1657b0 WorkerThread "GC Thread#3"                     [id=35536, stack(0x000000cf3a300000,0x000000cf3a400000) (1024K)]
  0x000002be1a165b50 WorkerThread "GC Thread#4"                     [id=2092, stack(0x000000cf3a400000,0x000000cf3a500000) (1024K)]
  0x000002be1a424310 WorkerThread "GC Thread#5"                     [id=34060, stack(0x000000cf3a500000,0x000000cf3a600000) (1024K)]
  0x000002be1a483230 WorkerThread "GC Thread#6"                     [id=13912, stack(0x000000cf3a600000,0x000000cf3a700000) (1024K)]
  0x000002be1b37d7b0 WorkerThread "GC Thread#7"                     [id=22648, stack(0x000000cf3ae00000,0x000000cf3af00000) (1024K)]
  0x000002be1b37db50 WorkerThread "GC Thread#8"                     [id=33400, stack(0x000000cf3af00000,0x000000cf3b000000) (1024K)]
  0x000002be1b37c1f0 WorkerThread "GC Thread#9"                     [id=36288, stack(0x000000cf3b000000,0x000000cf3b100000) (1024K)]
  0x000002bdb2f47bf0 ConcurrentGCThread "G1 Main Marker"            terminated
  0x000002bdb2f4a420 WorkerThread "G1 Conc#0"                       [id=12364, stack(0x000000cf38f00000,0x000000cf39000000) (1024K)]
  0x000002be1b37c930 WorkerThread "G1 Conc#1"                       [id=33616, stack(0x000000cf39e00000,0x000000cf39f00000) (1024K)]
  0x000002be1b37ccd0 WorkerThread "G1 Conc#2"                       [id=34396, stack(0x000000cf3ac00000,0x000000cf3ad00000) (1024K)]
  0x000002bdd4295dc0 ConcurrentGCThread "G1 Refine#0"               terminated
  0x000002bdd42965e0 ConcurrentGCThread "G1 Service"                terminated
Total: 17

Threads with active compile tasks:
Total: 0

VM state: at safepoint (shutting down)

VM Mutex/Monitor currently owned by a thread:  ([mutex/lock_event])
[0x00007ffa2e4da5f8] Threads_lock - owner thread: 0x000002bdd43d74d0
[0x00007ffa2e4da6f8] Heap_lock - owner thread: 0x000002be1be2bde0

Heap address: 0x0000000703600000, size: 4042 MB, Compressed Oops mode: Zero based, Oop shift amount: 3

CDS archive(s) mapped at: [0x000002bdd5000000-0x000002bdd5c90000-0x000002bdd5c90000), size 13172736, SharedBaseAddress: 0x000002bdd5000000, ArchiveRelocationMode: 1.
Compressed class space mapped at: 0x000002bdd6000000-0x000002be16000000, reserved size: 1073741824
Narrow klass base: 0x000002bdd5000000, Narrow klass shift: 0, Narrow klass range: 0x100000000

GC Precious Log:
 CardTable entry size: 512
 Card Set container configuration: InlinePtr #cards 4 size 8 Array Of Cards #cards 16 size 48 Howl #buckets 8 coarsen threshold 3686 Howl Bitmap #cards 512 size 80 coarsen threshold 460 Card regions per heap region 1 cards per card region 4096
 CPUs: 12 total, 12 available
 Memory: 16163M
 Large Page Support: Disabled
 NUMA Support: Disabled
 Compressed Oops: Enabled (Zero based)
 Heap Region Size: 2M
 Heap Min Capacity: 8M
 Heap Initial Capacity: 254M
 Heap Max Capacity: 4042M
 Pre-touch: Disabled
 Parallel Workers: 10
 Concurrent Workers: 3
 Concurrent Refinement Workers: 10
 Periodic GC: Disabled

Heap:
 garbage-first heap   total 51200K, used 12272K [0x0000000703600000, 0x0000000800000000)
  region size 2048K, 4 young (8192K), 1 survivors (2048K)
 Metaspace       used 23687K, committed 24000K, reserved 1114112K
  class space    used 2151K, committed 2304K, reserved 1048576K

Heap Regions: E=young(eden), S=young(survivor), O=old, HS=humongous(starts), HC=humongous(continues), CS=collection set, F=free, TAMS=top-at-mark-start, PB=parsable bottom
|   0|0x0000000703600000, 0x0000000703600000, 0x0000000703800000|  0%| F|  |TAMS 0x0000000703600000| PB 0x0000000703600000| Untracked 
|   1|0x0000000703800000, 0x0000000703a00000, 0x0000000703a00000|100%| O|  |TAMS 0x0000000703800000| PB 0x0000000703800000| Untracked 
|   2|0x0000000703a00000, 0x0000000703c00000, 0x0000000703c00000|100%| O|  |TAMS 0x0000000703a00000| PB 0x0000000703a00000| Untracked 
|   3|0x0000000703c00000, 0x0000000703e00000, 0x0000000703e00000|100%| O|  |TAMS 0x0000000703c00000| PB 0x0000000703c00000| Untracked 
|   4|0x0000000703e00000, 0x0000000703e00000, 0x0000000704000000|  0%| F|  |TAMS 0x0000000703e00000| PB 0x0000000703e00000| Untracked 
|   5|0x0000000704000000, 0x0000000704000000, 0x0000000704200000|  0%| F|  |TAMS 0x0000000704000000| PB 0x0000000704000000| Untracked 
|   6|0x0000000704200000, 0x0000000704200000, 0x0000000704400000|  0%| F|  |TAMS 0x0000000704200000| PB 0x0000000704200000| Untracked 
|   7|0x0000000704400000, 0x0000000704400000, 0x0000000704600000|  0%| F|  |TAMS 0x0000000704400000| PB 0x0000000704400000| Untracked 
|   8|0x0000000704600000, 0x0000000704600000, 0x0000000704800000|  0%| F|  |TAMS 0x0000000704600000| PB 0x0000000704600000| Untracked 
|   9|0x0000000704800000, 0x00000007049fc140, 0x0000000704a00000| 99%| S|CS|TAMS 0x0000000704800000| PB 0x0000000704800000| Complete 
|  10|0x0000000704a00000, 0x0000000704a00000, 0x0000000704c00000|  0%| F|  |TAMS 0x0000000704a00000| PB 0x0000000704a00000| Untracked 
|  11|0x0000000704c00000, 0x0000000704c00000, 0x0000000704e00000|  0%| F|  |TAMS 0x0000000704c00000| PB 0x0000000704c00000| Untracked 
|  12|0x0000000704e00000, 0x0000000704e00000, 0x0000000705000000|  0%| F|  |TAMS 0x0000000704e00000| PB 0x0000000704e00000| Untracked 
|  13|0x0000000705000000, 0x0000000705000000, 0x0000000705200000|  0%| F|  |TAMS 0x0000000705000000| PB 0x0000000705000000| Untracked 
|  14|0x0000000705200000, 0x0000000705200000, 0x0000000705400000|  0%| F|  |TAMS 0x0000000705200000| PB 0x0000000705200000| Untracked 
|  15|0x0000000705400000, 0x0000000705400000, 0x0000000705600000|  0%| F|  |TAMS 0x0000000705400000| PB 0x0000000705400000| Untracked 
|  16|0x0000000705600000, 0x0000000705600000, 0x0000000705800000|  0%| F|  |TAMS 0x0000000705600000| PB 0x0000000705600000| Untracked 
|  17|0x0000000705800000, 0x0000000705800000, 0x0000000705a00000|  0%| F|  |TAMS 0x0000000705800000| PB 0x0000000705800000| Untracked 
|  18|0x0000000705a00000, 0x0000000705a00000, 0x0000000705c00000|  0%| F|  |TAMS 0x0000000705a00000| PB 0x0000000705a00000| Untracked 
|  19|0x0000000705c00000, 0x0000000705c00000, 0x0000000705e00000|  0%| F|  |TAMS 0x0000000705c00000| PB 0x0000000705c00000| Untracked 
| 121|0x0000000712800000, 0x0000000712800000, 0x0000000712a00000|  0%| F|  |TAMS 0x0000000712800000| PB 0x0000000712800000| Untracked 
| 122|0x0000000712a00000, 0x0000000712a00000, 0x0000000712c00000|  0%| F|  |TAMS 0x0000000712a00000| PB 0x0000000712a00000| Untracked 
| 123|0x0000000712c00000, 0x0000000712c48310, 0x0000000712e00000| 14%| E|  |TAMS 0x0000000712c00000| PB 0x0000000712c00000| Complete 
| 124|0x0000000712e00000, 0x0000000713000000, 0x0000000713000000|100%| E|CS|TAMS 0x0000000712e00000| PB 0x0000000712e00000| Complete 
| 126|0x0000000713200000, 0x0000000713400000, 0x0000000713400000|100%| E|CS|TAMS 0x0000000713200000| PB 0x0000000713200000| Complete 

Card table byte_map: [0x000002bdccfd0000,0x000002bdcd7c0000] _byte_map_base: 0x000002bdc97b5000

Marking Bits: (CMBitMap*) 0x000002bdb2f37680
 Bits: [0x000002bdcd7c0000, 0x000002bdd16e8000)

Polling page: 0x000002bdb2c10000

Metaspace:

Usage:
  Non-class:     21.03 MB used.
      Class:      2.10 MB used.
       Both:     23.13 MB used.

Virtual space:
  Non-class space:       64.00 MB reserved,      21.19 MB ( 33%) committed,  1 nodes.
      Class space:        1.00 GB reserved,       2.25 MB ( <1%) committed,  1 nodes.
             Both:        1.06 GB reserved,      23.44 MB (  2%) committed. 

Chunk freelists:
   Non-Class:  10.42 MB
       Class:  13.74 MB
        Both:  24.16 MB

MaxMetaspaceSize: unlimited
CompressedClassSpaceSize: 1.00 GB
Initial GC threshold: 21.00 MB
Current GC threshold: 35.31 MB
CDS: on
 - commit_granule_bytes: 65536.
 - commit_granule_words: 8192.
 - virtual_space_node_default_size: 8388608.
 - enlarge_chunks_in_place: 1.
 - use_allocation_guard: 0.


Internal statistics:

num_allocs_failed_limit: 3.
num_arena_births: 236.
num_arena_deaths: 0.
num_vsnodes_births: 2.
num_vsnodes_deaths: 0.
num_space_committed: 373.
num_space_uncommitted: 0.
num_chunks_returned_to_freelist: 3.
num_chunks_taken_from_freelist: 904.
num_chunk_merges: 0.
num_chunk_splits: 661.
num_chunks_enlarged: 519.
num_inconsistent_stats: 0.

CodeHeap 'non-profiled nmethods': size=120000Kb used=1352Kb max_used=1352Kb free=118647Kb
 bounds [0x000002bdc4720000, 0x000002bdc4990000, 0x000002bdcbc50000]
CodeHeap 'profiled nmethods': size=120000Kb used=5153Kb max_used=5153Kb free=114846Kb
 bounds [0x000002bdbcc50000, 0x000002bdbd160000, 0x000002bdc4180000]
CodeHeap 'non-nmethods': size=5760Kb used=3036Kb max_used=3063Kb free=2723Kb
 bounds [0x000002bdc4180000, 0x000002bdc4490000, 0x000002bdc4720000]
 total_blobs=4565 nmethods=3086 adapters=1383
 compilation: enabled
              stopped_count=0, restarted_count=0
 full_count=0

Compilation events (20 events):
Event: 77.823 Thread 0x000002bdd440f7d0 3078       4       com.bedrye.bjge.GameEngine.Util.BJEFrameBuffer::unbind (7 bytes)
Event: 77.824 Thread 0x000002bdd440f7d0 nmethod 3078 0x000002bdc486ee10 code [0x000002bdc486efa0, 0x000002bdc486f058]
Event: 77.824 Thread 0x000002bdd440f7d0 3079       4       com.bedrye.bjge.GameEngine.Objects.Editor.BJEResourceManager::update (25 bytes)
Event: 77.824 Thread 0x000002be1be2d4e0 3080       4       java.util.concurrent.ConcurrentSkipListSet::clear (10 bytes)
Event: 77.825 Thread 0x000002be1be2d4e0 nmethod 3080 0x000002bdc486f110 code [0x000002bdc486f2a0, 0x000002bdc486f388]
Event: 77.825 Thread 0x000002be1be2d4e0 3081       4       java.util.concurrent.ConcurrentSkipListMap::clear (146 bytes)
Event: 77.826 Thread 0x000002be1be2d4e0 nmethod 3081 0x000002bdc486f490 code [0x000002bdc486f620, 0x000002bdc486f6d0]
Event: 77.826 Thread 0x000002be1be2d4e0 3082       4       org.lwjgl.glfw.GLFW::glfwSwapBuffers (21 bytes)
Event: 77.826 Thread 0x000002be1be2d4e0 nmethod 3082 0x000002bdc486f790 code [0x000002bdc486f920, 0x000002bdc486f9f0]
Event: 77.827 Thread 0x000002bdd440f7d0 nmethod 3079 0x000002bdc486fb10 code [0x000002bdc486fce0, 0x000002bdc486ff40]
Event: 96.241 Thread 0x000002bdd440f7d0 3083       4       java.util.concurrent.atomic.AtomicLong::decrementAndGet (16 bytes)
Event: 96.241 Thread 0x000002bdd440f7d0 nmethod 3083 0x000002bdc4870310 code [0x000002bdc48704a0, 0x000002bdc4870538]
Event: 96.242 Thread 0x000002bdd440f7d0 3084   !   4       jdk.internal.ref.Cleaner::clean (35 bytes)
Event: 96.246 Thread 0x000002bdd440f7d0 nmethod 3084 0x000002bdc4870610 code [0x000002bdc48707e0, 0x000002bdc4870f38]
Event: 96.246 Thread 0x000002bdd440f7d0 3085       4       java.nio.Bits::unreserveMemory (64 bytes)
Event: 96.246 Thread 0x000002bdd440f7d0 nmethod 3085 0x000002bdc4871110 code [0x000002bdc48712a0, 0x000002bdc4871348]
Event: 96.246 Thread 0x000002bdd440f7d0 3086  s    4       jdk.internal.ref.Cleaner::remove (89 bytes)
Event: 96.248 Thread 0x000002bdd440f7d0 nmethod 3086 0x000002bdc4871410 code [0x000002bdc48715c0, 0x000002bdc4871bd0]
Event: 96.248 Thread 0x000002bdd440f7d0 3087       4       java.nio.DirectByteBuffer$Deallocator::run (38 bytes)
Event: 96.249 Thread 0x000002bdd440f7d0 nmethod 3087 0x000002bdc4871d10 code [0x000002bdc4871ea0, 0x000002bdc4871fe0]

GC Heap History (10 events):
Event: 0.315 GC heap before
{Heap before GC invocations=0 (full 0):
 garbage-first heap   total 260096K, used 22528K [0x0000000703600000, 0x0000000800000000)
  region size 2048K, 11 young (22528K), 0 survivors (0K)
 Metaspace       used 3888K, committed 4032K, reserved 1114112K
  class space    used 332K, committed 448K, reserved 1048576K
}
Event: 0.317 GC heap after
{Heap after GC invocations=1 (full 0):
 garbage-first heap   total 260096K, used 2474K [0x0000000703600000, 0x0000000800000000)
  region size 2048K, 2 young (4096K), 2 survivors (4096K)
 Metaspace       used 3888K, committed 4032K, reserved 1114112K
  class space    used 332K, committed 448K, reserved 1048576K
}
Event: 1.415 GC heap before
{Heap before GC invocations=1 (full 0):
 garbage-first heap   total 260096K, used 39338K [0x0000000703600000, 0x0000000800000000)
  region size 2048K, 21 young (43008K), 2 survivors (4096K)
 Metaspace       used 19618K, committed 19840K, reserved 1114112K
  class space    used 1834K, committed 1920K, reserved 1048576K
}
Event: 1.420 GC heap after
{Heap after GC invocations=2 (full 0):
 garbage-first heap   total 260096K, used 6286K [0x0000000703600000, 0x0000000800000000)
  region size 2048K, 3 young (6144K), 3 survivors (6144K)
 Metaspace       used 19618K, committed 19840K, reserved 1114112K
  class space    used 1834K, committed 1920K, reserved 1048576K
}
Event: 3.652 GC heap before
{Heap before GC invocations=2 (full 0):
 garbage-first heap   total 260096K, used 8334K [0x0000000703600000, 0x0000000800000000)
  region size 2048K, 5 young (10240K), 3 survivors (6144K)
 Metaspace       used 21296K, committed 21504K, reserved 1114112K
  class space    used 1883K, committed 1984K, reserved 1048576K
}
Event: 3.655 GC heap after
{Heap after GC invocations=3 (full 0):
 garbage-first heap   total 260096K, used 6749K [0x0000000703600000, 0x0000000800000000)
  region size 2048K, 4 young (8192K), 4 survivors (8192K)
 Metaspace       used 21296K, committed 21504K, reserved 1114112K
  class space    used 1883K, committed 1984K, reserved 1048576K
}
Event: 96.233 GC heap before
{Heap before GC invocations=4 (full 0):
 garbage-first heap   total 40960K, used 37469K [0x0000000703600000, 0x0000000800000000)
  region size 2048K, 19 young (38912K), 4 survivors (8192K)
 Metaspace       used 23683K, committed 24000K, reserved 1114112K
  class space    used 2151K, committed 2304K, reserved 1048576K
}
Event: 96.240 GC heap after
{Heap after GC invocations=5 (full 0):
 garbage-first heap   total 51200K, used 8509K [0x0000000703600000, 0x0000000800000000)
  region size 2048K, 5 young (10240K), 5 survivors (10240K)
 Metaspace       used 23683K, committed 24000K, reserved 1114112K
  class space    used 2151K, committed 2304K, reserved 1048576K
}
Event: 159.150 GC heap before
{Heap before GC invocations=5 (full 0):
 garbage-first heap   total 51200K, used 28989K [0x0000000703600000, 0x0000000800000000)
  region size 2048K, 15 young (30720K), 5 survivors (10240K)
 Metaspace       used 23683K, committed 24000K, reserved 1114112K
  class space    used 2151K, committed 2304K, reserved 1048576K
}
Event: 159.155 GC heap after
{Heap after GC invocations=6 (full 0):
 garbage-first heap   total 51200K, used 8176K [0x0000000703600000, 0x0000000800000000)
  region size 2048K, 1 young (2048K), 1 survivors (2048K)
 Metaspace       used 23683K, committed 24000K, reserved 1114112K
  class space    used 2151K, committed 2304K, reserved 1048576K
}

Dll operation events (15 events):
Event: 0.007 Loaded shared library C:\Users\stas2\.jdks\openjdk-21.0.1\bin\java.dll
Event: 0.032 Loaded shared library C:\Users\stas2\.jdks\openjdk-21.0.1\bin\jsvml.dll
Event: 0.062 Loaded shared library C:\Users\stas2\.jdks\openjdk-21.0.1\bin\net.dll
Event: 0.063 Loaded shared library C:\Users\stas2\.jdks\openjdk-21.0.1\bin\nio.dll
Event: 0.090 Loaded shared library C:\Users\stas2\.jdks\openjdk-21.0.1\bin\zip.dll
Event: 0.164 Loaded shared library C:\Users\stas2\.jdks\openjdk-21.0.1\bin\zip.dll
Event: 0.167 Loaded shared library C:\Users\stas2\.jdks\openjdk-21.0.1\bin\instrument.dll
Event: 0.187 Loaded shared library C:\IntelliJ IDEA Community Edition 2021.3.2\IntelliJ IDEA Community Edition 2023.2.1\bin\breakgen64.dll
Event: 0.238 Loaded shared library C:\Users\stas2\.jdks\openjdk-21.0.1\bin\jimage.dll
Event: 0.393 Loaded shared library C:\Users\stas2\AppData\Local\Temp\lwjgl_stas2\3.3.4+7\x64\lwjgl.dll
Event: 0.607 Loaded shared library C:\Users\stas2\AppData\Local\Temp\lwjgl_stas2\3.3.4+7\x64\lwjgl_opengl.dll
Event: 0.817 Loaded shared library C:\Users\stas2\AppData\Local\Temp\imgui-java-natives\1.89.0\imgui-java64.dll
Event: 0.848 Loaded shared library C:\Users\stas2\.jdks\openjdk-21.0.1\bin\verify.dll
Event: 0.858 Loaded shared library C:\Users\stas2\AppData\Local\Temp\lwjgl_stas2\3.3.4+7\x64\lwjgl_stb.dll
Event: 3.664 Loaded shared library C:\Users\stas2\.jdks\openjdk-21.0.1\bin\awt.dll

Deoptimization events (20 events):
Event: 1.457 Thread 0x000002bdb2c79ef0 Uncommon trap: trap_request=0xffffff3d fr.pc=0x000002bdc47ee2ac relative=0x00000000000000ec
Event: 1.457 Thread 0x000002bdb2c79ef0 Uncommon trap: reason=unstable_fused_if action=reinterpret pc=0x000002bdc47ee2ac method=java.util.regex.Pattern.closure(Ljava/util/regex/Pattern$Node;)Ljava/util/regex/Pattern$Node; @ 6 c2
Event: 1.457 Thread 0x000002bdb2c79ef0 DEOPT PACKING pc=0x000002bdc47ee2ac sp=0x000000cf38cfec60
Event: 1.457 Thread 0x000002bdb2c79ef0 DEOPT UNPACKING pc=0x000002bdc41d7da2 sp=0x000000cf38cfebf0 mode 2
Event: 1.457 Thread 0x000002bdb2c79ef0 Uncommon trap: trap_request=0xffffffc6 fr.pc=0x000002bdc47f710c relative=0x000000000000154c
Event: 1.457 Thread 0x000002bdb2c79ef0 Uncommon trap: reason=bimorphic_or_optimized_type_check action=maybe_recompile pc=0x000002bdc47f710c method=java.util.regex.Pattern$Start.<init>(Ljava/util/regex/Pattern$Node;)V @ 22 c2
Event: 1.457 Thread 0x000002bdb2c79ef0 DEOPT PACKING pc=0x000002bdc47f710c sp=0x000000cf38cfee70
Event: 1.457 Thread 0x000002bdb2c79ef0 DEOPT UNPACKING pc=0x000002bdc41d7da2 sp=0x000000cf38cfeda0 mode 2
Event: 1.458 Thread 0x000002bdb2c79ef0 Uncommon trap: trap_request=0xffffff45 fr.pc=0x000002bdc47de0fc relative=0x000000000000013c
Event: 1.458 Thread 0x000002bdb2c79ef0 Uncommon trap: reason=unstable_if action=reinterpret pc=0x000002bdc47de0fc method=java.util.regex.Matcher.reset()Ljava/util/regex/Matcher; @ 47 c2
Event: 1.458 Thread 0x000002bdb2c79ef0 DEOPT PACKING pc=0x000002bdc47de0fc sp=0x000000cf38cfedb0
Event: 1.458 Thread 0x000002bdb2c79ef0 DEOPT UNPACKING pc=0x000002bdc41d7da2 sp=0x000000cf38cfed58 mode 2
Event: 1.482 Thread 0x000002bdb2c79ef0 Uncommon trap: trap_request=0xffffffc6 fr.pc=0x000002bdc47f710c relative=0x000000000000154c
Event: 1.482 Thread 0x000002bdb2c79ef0 Uncommon trap: reason=bimorphic_or_optimized_type_check action=maybe_recompile pc=0x000002bdc47f710c method=java.util.regex.Pattern$Start.<init>(Ljava/util/regex/Pattern$Node;)V @ 22 c2
Event: 1.482 Thread 0x000002bdb2c79ef0 DEOPT PACKING pc=0x000002bdc47f710c sp=0x000000cf38cfef70
Event: 1.482 Thread 0x000002bdb2c79ef0 DEOPT UNPACKING pc=0x000002bdc41d7da2 sp=0x000000cf38cfeea0 mode 2
Event: 1.501 Thread 0x000002bdb2c79ef0 Uncommon trap: trap_request=0xffffff54 fr.pc=0x000002bdc478f40c relative=0x000000000000006c
Event: 1.501 Thread 0x000002bdb2c79ef0 Uncommon trap: reason=speculate_null_assert action=make_not_entrant pc=0x000002bdc478f40c method=sun.misc.Unsafe.getLong(Ljava/lang/Object;J)J @ 5 c2
Event: 1.501 Thread 0x000002bdb2c79ef0 DEOPT PACKING pc=0x000002bdc478f40c sp=0x000000cf38cff050
Event: 1.501 Thread 0x000002bdb2c79ef0 DEOPT UNPACKING pc=0x000002bdc41d7da2 sp=0x000000cf38cfefd8 mode 2

Classes loaded (20 events):
Event: 19.101 Loading class sun/awt/windows/WFileDialogPeer$2
Event: 19.101 Loading class sun/awt/windows/WFileDialogPeer$2 done
Event: 19.101 Loading class java/awt/SequencedEvent
Event: 19.101 Loading class java/awt/SequencedEvent done
Event: 19.101 Loading class java/awt/SequencedEvent$1
Event: 19.101 Loading class sun/awt/AWTAccessor$SequencedEventAccessor
Event: 19.101 Loading class sun/awt/AWTAccessor$SequencedEventAccessor done
Event: 19.101 Loading class java/awt/SequencedEvent$1 done
Event: 19.101 Loading class java/awt/SequencedEvent$2
Event: 19.101 Loading class java/awt/SequencedEvent$2 done
Event: 19.102 Loading class java/awt/EventQueue$5
Event: 19.102 Loading class java/awt/EventQueue$5 done
Event: 19.102 Loading class sun/awt/windows/WGlobalCursorManager
Event: 19.102 Loading class sun/awt/GlobalCursorManager
Event: 19.102 Loading class sun/awt/GlobalCursorManager done
Event: 19.102 Loading class sun/awt/windows/WGlobalCursorManager done
Event: 19.102 Loading class sun/awt/GlobalCursorManager$NativeUpdater
Event: 19.102 Loading class sun/awt/GlobalCursorManager$NativeUpdater done
Event: 171.284 Loading class jdk/internal/misc/Signal$1
Event: 171.284 Loading class jdk/internal/misc/Signal$1 done

Classes unloaded (0 events):
No events

Classes redefined (0 events):
No events

Internal exceptions (20 events):
Event: 1.035 Thread 0x000002bdd43ffe30 Exception <a 'java/lang/NoSuchMethodError'{0x000000071210b570}: 'java.lang.Object java.lang.invoke.Invokers$Holder.invokeExact_MT(java.lang.Object, java.lang.Object, java.lang.Object, java.lang.Object, java.lang.Object, java.lang.Object)'> (0x000000071210b570) 
thrown [s\open\src\hotspot\share\interpreter\linkResolver.cpp, line 773]
Event: 1.080 Thread 0x000002bdb2c79ef0 Exception <a 'java/lang/NoSuchMethodError'{0x00000007121b8168}: 'int java.lang.invoke.DirectMethodHandle$Holder.invokeVirtual(java.lang.Object, java.lang.Object)'> (0x00000007121b8168) 
thrown [s\open\src\hotspot\share\interpreter\linkResolver.cpp, line 773]
Event: 1.083 Thread 0x000002bdb2c79ef0 Exception <a 'java/lang/NoSuchMethodError'{0x00000007121f9c68}: 'java.lang.Object java.lang.invoke.DirectMethodHandle$Holder.newInvokeSpecial(java.lang.Object, java.lang.Object, java.lang.Object, java.lang.Object, java.lang.Object)'> (0x00000007121f9c68) 
thrown [s\open\src\hotspot\share\interpreter\linkResolver.cpp, line 773]
Event: 1.084 Thread 0x000002bdb2c79ef0 Exception <a 'java/lang/NoSuchMethodError'{0x0000000711e06b90}: 'java.lang.Object java.lang.invoke.DirectMethodHandle$Holder.newInvokeSpecial(java.lang.Object, java.lang.Object, java.lang.Object, java.lang.Object, java.lang.Object, java.lang.Object)'> (0x0000000711e06b90) 
thrown [s\open\src\hotspot\share\interpreter\linkResolver.cpp, line 773]
Event: 1.098 Thread 0x000002bdb2c79ef0 Exception <a 'java/lang/NoSuchMethodError'{0x0000000711e522f8}: 'int java.lang.invoke.DirectMethodHandle$Holder.invokeInterface(java.lang.Object, java.lang.Object)'> (0x0000000711e522f8) 
thrown [s\open\src\hotspot\share\interpreter\linkResolver.cpp, line 773]
Event: 1.098 Thread 0x000002bdb2c79ef0 Exception <a 'sun/nio/fs/WindowsException'{0x0000000711e580d0}> (0x0000000711e580d0) 
thrown [s\open\src\hotspot\share\prims\jni.cpp, line 520]
Event: 1.101 Thread 0x000002bdb2c79ef0 Exception <a 'sun/nio/fs/WindowsException'{0x0000000711e5fca8}> (0x0000000711e5fca8) 
thrown [s\open\src\hotspot\share\prims\jni.cpp, line 520]
Event: 1.128 Thread 0x000002bdb2c79ef0 Exception <a 'sun/nio/fs/WindowsException'{0x0000000711f144b8}> (0x0000000711f144b8) 
thrown [s\open\src\hotspot\share\prims\jni.cpp, line 520]
Event: 1.135 Thread 0x000002bdb2c79ef0 Exception <a 'sun/nio/fs/WindowsException'{0x0000000711f69df0}> (0x0000000711f69df0) 
thrown [s\open\src\hotspot\share\prims\jni.cpp, line 520]
Event: 1.162 Thread 0x000002bdb2c79ef0 Exception <a 'java/lang/NoSuchMethodError'{0x0000000711841400}: 'java.lang.Object java.lang.invoke.DirectMethodHandle$Holder.invokeSpecial(java.lang.Object, java.lang.Object, java.lang.Object, int, int)'> (0x0000000711841400) 
thrown [s\open\src\hotspot\share\interpreter\linkResolver.cpp, line 773]
Event: 1.163 Thread 0x000002bdb2c79ef0 Exception <a 'java/lang/NoSuchMethodError'{0x00000007118474e0}: 'java.lang.Object java.lang.invoke.DirectMethodHandle$Holder.invokeVirtual(java.lang.Object, java.lang.Object, int)'> (0x00000007118474e0) 
thrown [s\open\src\hotspot\share\interpreter\linkResolver.cpp, line 773]
Event: 1.194 Thread 0x000002bdb2c79ef0 Exception <a 'java/lang/NoSuchMethodError'{0x00000007119ae9b8}: 'java.lang.Object java.lang.invoke.DirectMethodHandle$Holder.invokeStatic(java.lang.Object, int, java.lang.Object)'> (0x00000007119ae9b8) 
thrown [s\open\src\hotspot\share\interpreter\linkResolver.cpp, line 773]
Event: 1.308 Thread 0x000002bdb2c79ef0 Exception <a 'java/lang/NoSuchMethodError'{0x0000000710e87950}: 'java.lang.Object java.lang.invoke.DirectMethodHandle$Holder.invokeVirtual(java.lang.Object, java.lang.Object, java.lang.Object, int, int)'> (0x0000000710e87950) 
thrown [s\open\src\hotspot\share\interpreter\linkResolver.cpp, line 773]
Event: 1.327 Thread 0x000002bdb2c79ef0 Exception <a 'java/lang/NoSuchMethodError'{0x0000000710ff9ce8}: 'int java.lang.invoke.DirectMethodHandle$Holder.invokeStatic(java.lang.Object, java.lang.Object, java.lang.Object, java.lang.Object)'> (0x0000000710ff9ce8) 
thrown [s\open\src\hotspot\share\interpreter\linkResolver.cpp, line 773]
Event: 3.659 Thread 0x000002bdb2c79ef0 Exception <a 'sun/nio/fs/WindowsException'{0x0000000713202508}> (0x0000000713202508) 
thrown [s\open\src\hotspot\share\prims\jni.cpp, line 520]
Event: 3.661 Thread 0x000002bdb2c79ef0 Exception <a 'java/lang/ClassNotFoundException'{0x0000000713204300}: sun/awt/resources/spi/awtProvider> (0x0000000713204300) 
thrown [s\open\src\hotspot\share\classfile\systemDictionary.cpp, line 312]
Event: 3.668 Thread 0x000002bdb2c79ef0 Exception <a 'java/io/FileNotFoundException'{0x000000071323b070}> (0x000000071323b070) 
thrown [s\open\src\hotspot\share\prims\jni.cpp, line 520]
Event: 3.670 Thread 0x000002bdb2c79ef0 Exception <a 'java/io/FileNotFoundException'{0x0000000713264cd0}> (0x0000000713264cd0) 
thrown [s\open\src\hotspot\share\prims\jni.cpp, line 520]
Event: 3.706 Thread 0x000002bdb2c79ef0 Exception <a 'java/lang/ClassNotFoundException'{0x00000007132b8f68}: sun/awt/windows/spi/awtLocalizationProvider> (0x00000007132b8f68) 
thrown [s\open\src\hotspot\share\classfile\systemDictionary.cpp, line 312]
Event: 3.708 Thread 0x000002bdb2c79ef0 Exception <a 'java/lang/NoSuchMethodError'{0x00000007132c0de0}: 'int java.lang.invoke.DirectMethodHandle$Holder.invokeStatic(java.lang.Object)'> (0x00000007132c0de0) 
thrown [s\open\src\hotspot\share\interpreter\linkResolver.cpp, line 773]

ZGC Phase Switch (0 events):
No events

VM Operations (20 events):
Event: 36.958 Executing VM operation: Cleanup done
Event: 37.968 Executing VM operation: Cleanup
Event: 37.968 Executing VM operation: Cleanup done
Event: 54.140 Executing VM operation: Cleanup
Event: 54.140 Executing VM operation: Cleanup done
Event: 55.152 Executing VM operation: Cleanup
Event: 55.152 Executing VM operation: Cleanup done
Event: 60.086 Executing VM operation: HandshakeAllThreads (HandshakeForDeflation)
Event: 60.086 Executing VM operation: HandshakeAllThreads (HandshakeForDeflation) done
Event: 60.086 Executing VM operation: RendezvousGCThreads
Event: 60.086 Executing VM operation: RendezvousGCThreads done
Event: 64.119 Executing VM operation: Cleanup
Event: 64.119 Executing VM operation: Cleanup done
Event: 69.174 Executing VM operation: Cleanup
Event: 69.174 Executing VM operation: Cleanup done
Event: 96.233 Executing VM operation: G1CollectForAllocation (G1 Evacuation Pause)
Event: 96.241 Executing VM operation: G1CollectForAllocation (G1 Evacuation Pause) done
Event: 159.150 Executing VM operation: G1CollectForAllocation (G1 Evacuation Pause)
Event: 159.155 Executing VM operation: G1CollectForAllocation (G1 Evacuation Pause) done
Event: 171.393 Executing VM operation: Exit

Events (20 events):
Event: 1.458 Thread 0x000002be1b5635e0 Thread exited: 0x000002be1b5635e0
Event: 1.615 Thread 0x000002be1b562f10 Thread exited: 0x000002be1b562f10
Event: 3.269 Thread 0x000002be1be2dbb0 Thread added: 0x000002be1be2dbb0
Event: 3.269 Thread 0x000002be1be2ce10 Thread added: 0x000002be1be2ce10
Event: 3.574 Thread 0x000002be1be2ce10 Thread exited: 0x000002be1be2ce10
Event: 3.581 Thread 0x000002be1be2dbb0 Thread exited: 0x000002be1be2dbb0
Event: 3.694 Thread 0x000002be1b394f10 Thread added: 0x000002be1b394f10
Event: 3.695 Thread 0x000002be1bbb7320 Thread added: 0x000002be1bbb7320
Event: 3.696 Thread 0x000002be1a481e80 Thread added: 0x000002be1a481e80
Event: 3.707 Thread 0x000002be1b775550 Thread added: 0x000002be1b775550
Event: 3.708 Thread 0x000002be1b775550 Thread exited: 0x000002be1b775550
Event: 3.709 Thread 0x000002be1b775550 Thread added: 0x000002be1b775550
Event: 68.902 Thread 0x000002be1be30490 Thread added: 0x000002be1be30490
Event: 72.422 Thread 0x000002be1be30490 Thread exited: 0x000002be1be30490
Event: 77.824 Thread 0x000002be1be2d4e0 Thread added: 0x000002be1be2d4e0
Event: 82.838 Thread 0x000002be1be2d4e0 Thread exited: 0x000002be1be2d4e0
Event: 171.284 Thread 0x000002be1be2bde0 Thread added: 0x000002be1be2bde0
Event: 171.285 Thread 0x000002be1bfc71f0 Thread added: 0x000002be1bfc71f0
Event: 171.290 Thread 0x000002be1a481e80 Thread exited: 0x000002be1a481e80
Event: 171.393 Thread 0x000002be1bfc71f0 Thread exited: 0x000002be1bfc71f0


Dynamic libraries:
0x00007ff68ef70000 - 0x00007ff68ef7e000 	C:\Users\stas2\.jdks\openjdk-21.0.1\bin\java.exe
0x00007ffac7c80000 - 0x00007ffac7ee9000 	C:\WINDOWS\SYSTEM32\ntdll.dll
0x00007ffac5b10000 - 0x00007ffac5bd9000 	C:\WINDOWS\System32\KERNEL32.DLL
0x00007ffac5310000 - 0x00007ffac5703000 	C:\WINDOWS\System32\KERNELBASE.dll
0x00007ffac4e10000 - 0x00007ffac4f5b000 	C:\WINDOWS\System32\ucrtbase.dll
0x00007ffab8bf0000 - 0x00007ffab8c0b000 	C:\Users\stas2\.jdks\openjdk-21.0.1\bin\VCRUNTIME140.dll
0x00007ffabbe00000 - 0x00007ffabbe18000 	C:\Users\stas2\.jdks\openjdk-21.0.1\bin\jli.dll
0x00007ffac60a0000 - 0x00007ffac6264000 	C:\WINDOWS\System32\USER32.dll
0x00007ffac5250000 - 0x00007ffac5277000 	C:\WINDOWS\System32\win32u.dll
0x00007ffaacac0000 - 0x00007ffaacd53000 	C:\WINDOWS\WinSxS\amd64_microsoft.windows.common-controls_6595b64144ccf1df_6.0.26100.5074_none_3e0d6f78e32fd63f\COMCTL32.dll
0x00007ffac6070000 - 0x00007ffac609b000 	C:\WINDOWS\System32\GDI32.dll
0x00007ffac7170000 - 0x00007ffac7219000 	C:\WINDOWS\System32\msvcrt.dll
0x00007ffac5920000 - 0x00007ffac5a4d000 	C:\WINDOWS\System32\gdi32full.dll
0x00007ffac5710000 - 0x00007ffac57b3000 	C:\WINDOWS\System32\msvcp_win.dll
0x00007ffac7c00000 - 0x00007ffac7c2f000 	C:\WINDOWS\System32\IMM32.DLL
0x00007ffabf220000 - 0x00007ffabf22c000 	C:\Users\stas2\.jdks\openjdk-21.0.1\bin\vcruntime140_1.dll
0x00007ffa61ac0000 - 0x00007ffa61b4e000 	C:\Users\stas2\.jdks\openjdk-21.0.1\bin\msvcp140.dll
0x00007ffa2d8a0000 - 0x00007ffa2e5b5000 	C:\Users\stas2\.jdks\openjdk-21.0.1\bin\server\jvm.dll
0x00007ffac66a0000 - 0x00007ffac6754000 	C:\WINDOWS\System32\ADVAPI32.dll
0x00007ffac70c0000 - 0x00007ffac7166000 	C:\WINDOWS\System32\sechost.dll
0x00007ffac7ae0000 - 0x00007ffac7bf8000 	C:\WINDOWS\System32\RPCRT4.dll
0x00007ffac6a60000 - 0x00007ffac6ad4000 	C:\WINDOWS\System32\WS2_32.dll
0x00007ffac3a50000 - 0x00007ffac3aae000 	C:\WINDOWS\SYSTEM32\POWRPROF.dll
0x00007ffabab30000 - 0x00007ffabab3b000 	C:\WINDOWS\SYSTEM32\VERSION.dll
0x00007ffab73c0000 - 0x00007ffab73f5000 	C:\WINDOWS\SYSTEM32\WINMM.dll
0x00007ffac3a30000 - 0x00007ffac3a44000 	C:\WINDOWS\SYSTEM32\UMPDC.dll
0x00007ffac3d10000 - 0x00007ffac3d2b000 	C:\WINDOWS\SYSTEM32\kernel.appcore.dll
0x00007ffabd430000 - 0x00007ffabd43a000 	C:\Users\stas2\.jdks\openjdk-21.0.1\bin\jimage.dll
0x00007ffac2590000 - 0x00007ffac27d2000 	C:\WINDOWS\SYSTEM32\DBGHELP.DLL
0x00007ffac6b70000 - 0x00007ffac6eeb000 	C:\WINDOWS\System32\combase.dll
0x00007ffac7970000 - 0x00007ffac7a47000 	C:\WINDOWS\System32\OLEAUT32.dll
0x00007ffaa9e70000 - 0x00007ffaa9ead000 	C:\WINDOWS\SYSTEM32\dbgcore.DLL
0x00007ffac5880000 - 0x00007ffac5919000 	C:\WINDOWS\System32\bcryptPrimitives.dll
0x00007ffabb1f0000 - 0x00007ffabb1ff000 	C:\Users\stas2\.jdks\openjdk-21.0.1\bin\instrument.dll
0x00007ffaacdd0000 - 0x00007ffaacdef000 	C:\Users\stas2\.jdks\openjdk-21.0.1\bin\java.dll
0x00007ffac7220000 - 0x00007ffac796d000 	C:\WINDOWS\System32\SHELL32.dll
0x00007ffac50e0000 - 0x00007ffac524c000 	C:\WINDOWS\System32\wintypes.dll
0x00007ffac2a80000 - 0x00007ffac32d9000 	C:\WINDOWS\SYSTEM32\windows.storage.dll
0x00007ffac6ef0000 - 0x00007ffac6fe0000 	C:\WINDOWS\System32\SHCORE.dll
0x00007ffac6ae0000 - 0x00007ffac6b42000 	C:\WINDOWS\System32\shlwapi.dll
0x00007ffac4d30000 - 0x00007ffac4d59000 	C:\WINDOWS\SYSTEM32\profapi.dll
0x00007ffa5a600000 - 0x00007ffa5a6d7000 	C:\Users\stas2\.jdks\openjdk-21.0.1\bin\jsvml.dll
0x00007ffabb1d0000 - 0x00007ffabb1e0000 	C:\Users\stas2\.jdks\openjdk-21.0.1\bin\net.dll
0x00007ffabbf60000 - 0x00007ffabc07f000 	C:\WINDOWS\SYSTEM32\WINHTTP.dll
0x00007ffac4290000 - 0x00007ffac42fb000 	C:\WINDOWS\system32\mswsock.dll
0x00007ffa999d0000 - 0x00007ffa999e6000 	C:\Users\stas2\.jdks\openjdk-21.0.1\bin\nio.dll
0x00007ffa999b0000 - 0x00007ffa999c8000 	C:\Users\stas2\.jdks\openjdk-21.0.1\bin\zip.dll
0x00007ffa99990000 - 0x00007ffa999aa000 	C:\IntelliJ IDEA Community Edition 2021.3.2\IntelliJ IDEA Community Edition 2023.2.1\bin\breakgen64.dll
0x00007ffa5b3e0000 - 0x00007ffa5b45b000 	C:\Users\stas2\AppData\Local\Temp\lwjgl_stas2\3.3.4+7\x64\lwjgl.dll
0x00007ffa2cb90000 - 0x00007ffa2cc15000 	C:\Users\stas2\AppData\Local\Temp\lwjgl_stas2\3.3.4+7\x64\glfw.dll
0x00007ffa5ec20000 - 0x00007ffa5ec6b000 	C:\WINDOWS\SYSTEM32\dinput8.dll
0x00007ffa61f60000 - 0x00007ffa61f72000 	C:\WINDOWS\SYSTEM32\xinput1_4.dll
0x00007ffac4ac0000 - 0x00007ffac4b17000 	C:\WINDOWS\SYSTEM32\cfgmgr32.dll
0x00007ffac4a90000 - 0x00007ffac4abd000 	C:\WINDOWS\SYSTEM32\DEVOBJ.dll
0x00007ffac1d20000 - 0x00007ffac1d4b000 	C:\WINDOWS\SYSTEM32\dwmapi.dll
0x00007ffa9a160000 - 0x00007ffa9a33a000 	C:\WINDOWS\SYSTEM32\inputhost.dll
0x00007ffabef10000 - 0x00007ffabf035000 	C:\WINDOWS\SYSTEM32\CoreMessaging.dll
0x00007ffabf4e0000 - 0x00007ffabf588000 	C:\WINDOWS\system32\uxtheme.dll
0x00007ffac4550000 - 0x00007ffac455c000 	C:\WINDOWS\SYSTEM32\CRYPTBASE.DLL
0x00007ffac6530000 - 0x00007ffac6688000 	C:\WINDOWS\System32\MSCTF.dll
0x00007ffa8a9a0000 - 0x00007ffa8aaac000 	C:\WINDOWS\SYSTEM32\opengl32.dll
0x00007ffa940c0000 - 0x00007ffa940ed000 	C:\WINDOWS\SYSTEM32\GLU32.dll
0x00007ffac1da0000 - 0x00007ffac1de4000 	C:\WINDOWS\SYSTEM32\dxcore.dll
0x00007ffabd0b0000 - 0x00007ffabd110000 	C:\WINDOWS\SYSTEM32\directxdatabasehelper.dll
0x00007ffab54c0000 - 0x00007ffab54da000 	C:\WINDOWS\SYSTEM32\windows.staterepositorycore.dll
0x00007ffa39b90000 - 0x00007ffa3ab83000 	C:\WINDOWS\System32\DriverStore\FileRepository\iigd_dch.inf_amd64_5802b1615520e41c\igxelpicd64.dll
0x00007ffac68c0000 - 0x00007ffac6a58000 	C:\WINDOWS\System32\ole32.dll
0x00007ffac1ba0000 - 0x00007ffac1cda000 	C:\WINDOWS\system32\dxgi.dll
0x00007ffa41080000 - 0x00007ffa41367000 	C:\WINDOWS\System32\DriverStore\FileRepository\iigd_dch.inf_amd64_5802b1615520e41c\igdml64.dll
0x00007ffab2f10000 - 0x00007ffab32d7000 	C:\WINDOWS\System32\DriverStore\FileRepository\iigd_dch.inf_amd64_5802b1615520e41c\igdgmm64.dll
0x00007ffaaf880000 - 0x00007ffab2e91000 	C:\WINDOWS\System32\DriverStore\FileRepository\iigd_dch.inf_amd64_5802b1615520e41c\igc64.dll
0x00007ffa91ad0000 - 0x00007ffa91c19000 	C:\WINDOWS\SYSTEM32\textinputframework.dll
0x00007ffab5eb0000 - 0x00007ffab6193000 	C:\WINDOWS\SYSTEM32\CoreUIComponents.dll
0x00007ffa40a30000 - 0x00007ffa40a91000 	C:\Users\stas2\AppData\Local\Temp\lwjgl_stas2\3.3.4+7\x64\lwjgl_opengl.dll
0x00007ff9c85a0000 - 0x00007ff9c8d94000 	C:\Users\stas2\AppData\Local\Temp\imgui-java-natives\1.89.0\imgui-java64.dll
0x00007ffab85e0000 - 0x00007ffab85f0000 	C:\Users\stas2\.jdks\openjdk-21.0.1\bin\verify.dll
0x00007ffa2caf0000 - 0x00007ffa2cb90000 	C:\Users\stas2\AppData\Local\Temp\lwjgl_stas2\3.3.4+7\x64\lwjgl_stb.dll
0x00007ff9ecba0000 - 0x00007ff9ecd2e000 	C:\Users\stas2\.jdks\openjdk-21.0.1\bin\awt.dll
0x00007ffabf300000 - 0x00007ffabf39e000 	C:\WINDOWS\SYSTEM32\apphelp.dll
0x00007ffac67c0000 - 0x00007ffac68b1000 	C:\WINDOWS\System32\COMDLG32.dll
0x00007ffac5a50000 - 0x00007ffac5b01000 	C:\WINDOWS\System32\clbcatq.dll
0x00007ffa92560000 - 0x00007ffa92613000 	C:\WINDOWS\SYSTEM32\TextShaping.dll
0x00007ffaa3770000 - 0x00007ffaa37e8000 	C:\WINDOWS\SYSTEM32\OLEACC.dll
0x00007ffa84810000 - 0x00007ffa84c29000 	C:\WINDOWS\SYSTEM32\UIAutomationCore.DLL
0x00007ffa94420000 - 0x00007ffa94449000 	C:\WINDOWS\SYSTEM32\edputil.dll
0x00007ffabdb40000 - 0x00007ffabdd6f000 	C:\WINDOWS\SYSTEM32\WindowsCodecs.dll
0x00007ffa84630000 - 0x00007ffa8469f000 	C:\Windows\System32\thumbcache.dll
0x00007ffa8c590000 - 0x00007ffa8c64d000 	C:\Windows\System32\OneCoreCommonProxyStub.dll
0x00007ffa846b0000 - 0x00007ffa846ff000 	C:\Windows\System32\vaultcli.dll
0x00007ffabd320000 - 0x00007ffabd424000 	C:\WINDOWS\system32\propsys.dll
0x00007ffa7aaa0000 - 0x00007ffa7aabb000 	C:\WINDOWS\system32\NetworkExplorer.dll
0x00007ffa78930000 - 0x00007ffa789d7000 	C:\WINDOWS\SYSTEM32\ntshrui.dll
0x00007ffaab920000 - 0x00007ffaab949000 	C:\WINDOWS\SYSTEM32\srvcli.dll
0x00007ffa93090000 - 0x00007ffa930a3000 	C:\WINDOWS\SYSTEM32\cscapi.dll
0x00007ffa9fe00000 - 0x00007ffa9febe000 	C:\WINDOWS\System32\StructuredQuery.dll
0x00007ffaa9640000 - 0x00007ffaa98de000 	C:\WINDOWS\System32\icu.dll
0x00007ffaae0c0000 - 0x00007ffaae70c000 	C:\Windows\System32\OneCoreUAPCommonProxyStub.dll
0x00007ffa8c0d0000 - 0x00007ffa8c205000 	C:\WINDOWS\system32\Windows.Storage.Search.dll
0x00007ffab8400000 - 0x00007ffab845a000 	C:\WINDOWS\system32\dataexchange.dll
0x00007ffabb4c0000 - 0x00007ffabb6f9000 	C:\WINDOWS\system32\twinapi.appcore.dll
0x00007ffaace00000 - 0x00007ffaacfdf000 	C:\Windows\System32\urlmon.dll
0x00007ffaab980000 - 0x00007ffaabc44000 	C:\Windows\System32\iertutil.dll
0x00007ffac3640000 - 0x00007ffac364d000 	C:\Windows\System32\netutils.dll
0x00007ffac3fb0000 - 0x00007ffac3ff9000 	C:\Windows\System32\SspiCli.dll
0x00007ffa6f600000 - 0x00007ffa6f7f6000 	C:\Users\stas2\AppData\Local\Microsoft\OneDrive\25.174.0907.0003\FileSyncShell64.dll
0x00007ffac4f60000 - 0x00007ffac50d7000 	C:\WINDOWS\System32\CRYPT32.dll
0x00007ffac4d00000 - 0x00007ffac4d26000 	C:\WINDOWS\SYSTEM32\bcrypt.dll
0x00007ffaad010000 - 0x00007ffaad299000 	C:\WINDOWS\SYSTEM32\WININET.dll
0x00007ffabf2c0000 - 0x00007ffabf2cd000 	C:\WINDOWS\SYSTEM32\Secur32.dll
0x00007ffabf2d0000 - 0x00007ffabf2fa000 	C:\WINDOWS\SYSTEM32\WTSAPI32.dll
0x00007ffac4330000 - 0x00007ffac435b000 	C:\WINDOWS\SYSTEM32\USERENV.dll
0x00007ffa78460000 - 0x00007ffa78498000 	C:\Windows\System32\EhStorShell.dll
0x00007ffac5be0000 - 0x00007ffac6067000 	C:\WINDOWS\System32\SETUPAPI.dll
0x00007ffa8c410000 - 0x00007ffa8c589000 	C:\Windows\System32\Windows.System.Launcher.dll
0x00007ffa8d020000 - 0x00007ffa8d0e4000 	C:\Windows\System32\Windows.StateRepositoryPS.dll

dbghelp: loaded successfully - version: 4.0.5 - missing functions: none
symbol engine: initialized successfully - sym options: 0x614 - pdb path: .;C:\Users\stas2\.jdks\openjdk-21.0.1\bin;C:\WINDOWS\SYSTEM32;C:\WINDOWS\WinSxS\amd64_microsoft.windows.common-controls_6595b64144ccf1df_6.0.26100.5074_none_3e0d6f78e32fd63f;C:\Users\stas2\.jdks\openjdk-21.0.1\bin\server;C:\IntelliJ IDEA Community Edition 2021.3.2\IntelliJ IDEA Community Edition 2023.2.1\bin;C:\Users\stas2\AppData\Local\Temp\lwjgl_stas2\3.3.4+7\x64;C:\WINDOWS\System32\DriverStore\FileRepository\iigd_dch.inf_amd64_5802b1615520e41c;C:\Users\stas2\AppData\Local\Temp\imgui-java-natives\1.89.0;C:\Users\stas2\AppData\Local\Microsoft\OneDrive\25.174.0907.0003

VM Arguments:
jvm_args: -javaagent:C:\IntelliJ IDEA Community Edition 2021.3.2\IntelliJ IDEA Community Edition 2023.2.1\lib\idea_rt.jar=60262:C:\IntelliJ IDEA Community Edition 2021.3.2\IntelliJ IDEA Community Edition 2023.2.1\bin -Dfile.encoding=windows-1252 -Dsun.stdout.encoding=windows-1252 -Dsun.stderr.encoding=windows-1252 --module-path=O:\GIt\MultiplayerShooter\target\classes;C:\Users\stas2\.m2\repository\org\lwjgl\lwjgl\3.3.4\lwjgl-3.3.4.jar;C:\Users\stas2\.m2\repository\org\lwjgl\lwjgl-opengl\3.3.4\lwjgl-opengl-3.3.4.jar;C:\Users\stas2\.m2\repository\com\fasterxml\jackson\core\jackson-databind\2.17.2\jackson-databind-2.17.2.jar;C:\Users\stas2\.m2\repository\org\lwjgl\lwjgl-assimp\3.3.4\lwjgl-assimp-3.3.4.jar;C:\Users\stas2\.m2\repository\org\lwjgl\lwjgl-glfw\3.3.4\lwjgl-glfw-3.3.4.jar;C:\Users\stas2\.m2\repository\org\joml\joml-primitives\1.10.0\joml-primitives-1.10.0.jar;C:\Users\stas2\.m2\repository\io\github\spair\imgui-java-lwjgl3\1.89.0\imgui-java-lwjgl3-1.89.0.jar;C:\Users\stas2\.m2\repository\org\joml\joml\1.10.7\joml-1.10.7.jar;C:\Users\stas2\.m2\repository\org\lwjgl\lwjgl-vulkan\3.3.4\lwjgl-vulkan-3.3.4.jar;C:\Users\stas2\.m2\repository\com\fasterxml\jackson\core\jackson-annotations\2.17.2\jackson-annotations-2.17.2.jar;C:\Users\stas2\.m2\repository\org\lwjgl\lwjgl-stb\3.3.4\lwjgl-stb-3.3.4.jar;C:\Users\stas2\.m2\repository\io\github\spair\imgui-java-binding\1.89.0\imgui-java-binding-1.89.0.jar;C:\Users\stas2\.m2\repository\com\fasterxml\jackson\core\jackson-core\2.17.2\jackson-core-2.17.2.jar -Djdk.module.main=com.bedrye.bjge 
java_command: com.bedrye.bjge/com.bedrye.bjge.TestMain
java_class_path (initial): C:\Users\stas2\.m2\repository\io\github\spair\imgui-java-natives-windows\1.89.0\imgui-java-natives-windows-1.89.0.jar;C:\Users\stas2\.m2\repository\org\junit\jupiter\junit-jupiter-api\5.9.2\junit-jupiter-api-5.9.2.jar;C:\Users\stas2\.m2\repository\org\opentest4j\opentest4j\1.2.0\opentest4j-1.2.0.jar;C:\Users\stas2\.m2\repository\org\junit\platform\junit-platform-commons\1.9.2\junit-platform-commons-1.9.2.jar;C:\Users\stas2\.m2\repository\org\apiguardian\apiguardian-api\1.1.2\apiguardian-api-1.1.2.jar;C:\Users\stas2\.m2\repository\org\junit\jupiter\junit-jupiter-engine\5.9.2\junit-jupiter-engine-5.9.2.jar;C:\Users\stas2\.m2\repository\org\junit\platform\junit-platform-engine\1.9.2\junit-platform-engine-1.9.2.jar;C:\Users\stas2\.m2\repository\org\lwjgl\lwjgl-bgfx\3.3.4\lwjgl-bgfx-3.3.4.jar;C:\Users\stas2\.m2\repository\org\lwjgl\lwjgl-nanovg\3.3.4\lwjgl-nanovg-3.3.4.jar;C:\Users\stas2\.m2\repository\org\lwjgl\lwjgl-nuklear\3.3.4\lwjgl-nuklear-3.3.4.jar;C:\Users\stas2\.m2\repository\org\lwjgl\lwjgl-openal\3.3.4\lwjgl-openal-3.3.4.jar;C:\Users\stas2\.m2\repository\org\lwjgl\lwjgl-par\3.3.4\lwjgl-par-3.3.4.jar;C:\Users\stas2\.m2\repository\org\lwjgl\lwjgl\3.3.4\lwjgl-3.3.4-natives-windows.jar;C:\Users\stas2\.m2\repository\org\lwjgl\lwjgl-assimp\3.3.4\lwjgl-assimp-3.3.4-natives-windows.jar;C:\Users\stas2\.m2\repository\org\lwjgl\lwjgl-bgfx\3.3.4\lwjgl-bgfx-3.3.4-natives-windows.jar;C:\Users\stas2\.m2\repository\org\lwjgl\lwjgl-glfw\3.3.4\lwjgl-glfw-3.3.4-natives-windows.jar;C:\Users\stas2\.m2\repository\org\lwjgl\lwjgl-nanovg\3.3.4\lwjgl-nanovg-3.3.4-natives-windows.jar;C:\Users\stas2\.m2\repository\org\lwjgl\lwjgl-nuklear\3.3.4\lwjgl-nuklear-3.3.4-natives-windows.jar;C:\Users\stas2\.m2\repository\org\lwjgl\lwjgl-openal\3.3.4\lwjgl-openal-3.3.4-natives-windows.jar;C:\Users\stas2\.m2\repository\org\lwjgl\lwjgl-opengl\3.3.4\lwjgl-opengl-3.3.4-natives-windows.jar;C:\Users\stas2\.m2\repository\org\lwjgl\lwjgl-par\3.3.4\lwjgl-par-3.3.4-natives-windows.jar;C:\Users\stas2\.m2\repository\org\lwjgl\lwjgl-stb\3.3.4\lwjgl-stb-3.3.4-natives-windows.jar
Launcher Type: SUN_STANDARD

[Global flags]
     intx CICompilerCount                          = 4                                         {product} {ergonomic}
     uint ConcGCThreads                            = 3                                         {product} {ergonomic}
     uint G1ConcRefinementThreads                  = 10                                        {product} {ergonomic}
   size_t G1HeapRegionSize                         = 2097152                                   {product} {ergonomic}
    uintx GCDrainStackTargetSize                   = 64                                        {product} {ergonomic}
   size_t InitialHeapSize                          = 266338304                                 {product} {ergonomic}
   size_t MarkStackSize                            = 4194304                                   {product} {ergonomic}
   size_t MaxHeapSize                              = 4238344192                                {product} {ergonomic}
   size_t MaxNewSize                               = 2541748224                                {product} {ergonomic}
   size_t MinHeapDeltaBytes                        = 2097152                                   {product} {ergonomic}
   size_t MinHeapSize                              = 8388608                                   {product} {ergonomic}
    uintx NonNMethodCodeHeapSize                   = 5839372                                {pd product} {ergonomic}
    uintx NonProfiledCodeHeapSize                  = 122909434                              {pd product} {ergonomic}
    uintx ProfiledCodeHeapSize                     = 122909434                              {pd product} {ergonomic}
    uintx ReservedCodeCacheSize                    = 251658240                              {pd product} {ergonomic}
     bool SegmentedCodeCache                       = true                                      {product} {ergonomic}
   size_t SoftMaxHeapSize                          = 4238344192                             {manageable} {ergonomic}
     bool UseCompressedOops                        = true                           {product lp64_product} {ergonomic}
     bool UseG1GC                                  = true                                      {product} {ergonomic}
     bool UseLargePagesIndividualAllocation        = false                                  {pd product} {ergonomic}

Logging:
Log output configuration:
 #0: stdout all=off uptime,level,tags foldmultilines=false
 #1: stderr all=off uptime,level,tags foldmultilines=false

Environment Variables:
JAVA_HOME=C:\Program Files\Java\jdk-21
PATH=C:\Program Files\PlasticSCM5\server;C:\Program Files\PlasticSCM5\client;C:\Program Files\NVIDIA GPU Computing Toolkit\CUDA\v12.6\bin;C:\Program Files\NVIDIA GPU Computing Toolkit\CUDA\v12.6\libnvvp;C:\Program Files\Common Files\Oracle\Java\javapath;C:\Windows\system32;C:\Windows;C:\Program Files\Java\jdk-11.0.2\bin;C:\Windows\System32\Wbem;C:\ORacleDatabase\dbhomeXE\bin;C:\Windows\System32\WindowsPowerShell\v1.0\;C:\Windows\System32\OpenSSH\;C:\Program Files (x86)\NVIDIA Corporation\PhysX\Common;C:\Program Files\NVIDIA Corporation\NVIDIA NvDLISR;C:\Program Files\Git LFS;C:\Program Files\Git\cmd;C:\Program Files (x86)\Windows Kits\10\Windows Performance Toolkit\;C:\Program Files (x86)\Steam\steamapps\common\Counter-Strike Global Offensive\game\bin\win64;C:\Users\stas2\AppData\Local\Programs\Python\Python311;C:\Program Files\dotnet\;C:\Program Files\Microsoft SQL Server\150\Tools\Binn\;C:\Program Files\Microsoft SQL Server\Client SDK\ODBC\170\Tools\Binn\;C:\Program Files\NVIDIA Corporation\Nsight Compute 2024.3.2\;C:\Program Files (x86)\Microsoft SQL Server\160\Tools\Binn\;C:\Program Files\Microsoft SQL Server\160\Tools\Binn\;C:\Program Files\Microsoft SQL Server\160\DTS\Binn\;C:\Program Files (x86)\Microsoft SQL Server\160\DTS\Binn\;C:\WINDOWS\system32;C:\WINDOWS;C:\WINDOWS\System32\Wbem;C:\WINDOWS\System32\WindowsPowerShell\v1.0\;C:\WINDOWS\System32\OpenSSH\;C:\Program Files\Docker\Docker\resources\bin;O:\npdejs\;C:\Users\stas2\AppData\Local\Programs\Python\Python312\Scripts;C:\Users\stas2\AppData\Local\Microsoft\WindowsApps;C:\Users\stas2\AppData\Local\Programs\Microsoft VS Code\bin;C:\Users\stas2\AppData\Local\GitHubDesktop\bin;C:\Users\stas2\AppData\Local\Programs\Python\Python311;C:\Program Files (x86)\Steam\steamapps\common\Counter-Strike Global Offensive\game\bin\win64;C:\Users\stas2\.dotnet\tools;C:\Users\stas2\AppData\Local\Muse Hub\lib;C:\Users\stas2\AppData\Roaming\npm;C:\Users\stas2\AppData\Local\Programs\Python\Python312\Scripts;
USERNAME=stas2
OS=Windows_NT
PROCESSOR_IDENTIFIER=Intel64 Family 6 Model 141 Stepping 1, GenuineIntel
TMP=C:\Users\stas2\AppData\Local\Temp
TEMP=C:\Users\stas2\AppData\Local\Temp




Periodic native trim disabled

---------------  S Y S T E M  ---------------

OS:
 Windows 11 , 64 bit Build 26100 (10.0.26100.5074)
OS uptime: 32 days 2:09 hours
Hyper-V role detected

CPU: total 12 (initial active 12) (6 cores per cpu, 2 threads per core) family 6 model 141 stepping 1 microcode 0x3c, cx8, cmov, fxsr, ht, mmx, 3dnowpref, sse, sse2, sse3, ssse3, sse4.1, sse4.2, popcnt, lzcnt, tsc, tscinvbit, avx, avx2, aes, erms, clmul, bmi1, bmi2, adx, avx512f, avx512dq, avx512cd, avx512bw, avx512vl, sha, fma, vzeroupper, avx512_vpopcntdq, avx512_vpclmulqdq, avx512_vaes, avx512_vnni, clflush, clflushopt, clwb, avx512_vbmi2, avx512_vbmi, hv, rdtscp, rdpid, fsrm, gfni, avx512_bitalg, f16c, cet_ibt, cet_ss, avx512_ifma
Processor Information for all 12 processors :
  Max Mhz: 2688, Current Mhz: 2688, Mhz Limit: 2688

Memory: 4k page, system-wide physical 16163M (795M free)
TotalPageFile size 36643M (AvailPageFile size 7382M)
current process WorkingSet (physical memory assigned to process): 319M, peak: 328M
current process commit charge ("private bytes"): 253M, peak: 475M

vm_info: OpenJDK 64-Bit Server VM (21.0.1+12-29) for windows-amd64 JRE (21.0.1+12-29), built on 2023-10-05T13:27:09Z by "mach5one" with MS VC++ 17.1 (VS2022)

END.
