#
# A fatal error has been detected by the Java Runtime Environment:
#
#  EXCEPTION_ACCESS_VIOLATION (0xc0000005) at pc=0x00007fffedb9366c, pid=25444, tid=6888
#
# JRE version: OpenJDK Runtime Environment (21.0.1+12) (build 21.0.1+12-29)
# Java VM: OpenJDK 64-Bit Server VM (21.0.1+12-29, mixed mode, sharing, tiered, compressed oops, compressed class ptrs, g1 gc, windows-amd64)
# Problematic frame:
# C  [igxelpicd64.dll+0x13366c]
#
# No core dump will be written. Minidumps are not enabled by default on client versions of Windows
#
# If you would like to submit a bug report, please visit:
#   https://bugreport.java.com/bugreport/crash.jsp
#

---------------  S U M M A R Y ------------

Command Line: -javaagent:C:\IntelliJ IDEA Community Edition 2021.3.2\IntelliJ IDEA Community Edition 2023.2.1\lib\idea_rt.jar=51284:C:\IntelliJ IDEA Community Edition 2021.3.2\IntelliJ IDEA Community Edition 2023.2.1\bin -Dfile.encoding=windows-1252 -Dsun.stdout.encoding=windows-1252 -Dsun.stderr.encoding=windows-1252 --module-path=C:\Users\stas2\.m2\repository\org\lwjgl\lwjgl-stb\3.3.4\lwjgl-stb-3.3.4.jar;C:\Users\stas2\.m2\repository\io\github\spair\imgui-java-lwjgl3\1.89.0\imgui-java-lwjgl3-1.89.0.jar;C:\Users\stas2\.m2\repository\com\fasterxml\jackson\core\jackson-annotations\2.17.2\jackson-annotations-2.17.2.jar;C:\Users\stas2\.m2\repository\org\lwjgl\lwjgl\3.3.4\lwjgl-3.3.4.jar;C:\Users\stas2\.m2\repository\com\fasterxml\jackson\core\jackson-databind\2.17.2\jackson-databind-2.17.2.jar;C:\Users\stas2\.m2\repository\org\joml\joml\1.10.7\joml-1.10.7.jar;C:\Users\stas2\.m2\repository\org\joml\joml-primitives\1.10.0\joml-primitives-1.10.0.jar;C:\Users\stas2\.m2\repository\io\github\spair\imgui-java-binding\1.89.0\imgui-java-binding-1.89.0.jar;C:\Users\stas2\.m2\repository\org\lwjgl\lwjgl-assimp\3.3.4\lwjgl-assimp-3.3.4.jar;C:\Users\stas2\.m2\repository\org\lwjgl\lwjgl-opengl\3.3.4\lwjgl-opengl-3.3.4.jar;O:\GIt\MultiplayerShooter\target\classes;C:\Users\stas2\.m2\repository\com\fasterxml\jackson\core\jackson-core\2.17.2\jackson-core-2.17.2.jar;C:\Users\stas2\.m2\repository\org\lwjgl\lwjgl-vulkan\3.3.4\lwjgl-vulkan-3.3.4.jar;C:\Users\stas2\.m2\repository\org\lwjgl\lwjgl-glfw\3.3.4\lwjgl-glfw-3.3.4.jar -Djdk.module.main=com.bedrye.bjge com.bedrye.bjge/com.bedrye.bjge.TestMain

Host: 11th Gen Intel(R) Core(TM) i5-11400H @ 2.70GHz, 12 cores, 15G,  Windows 11 , 64 bit Build 26100 (10.0.26100.7019)
Time: Mon Dec  8 08:42:38 2025 FLE Standard Time elapsed time: 34.930585 seconds (0d 0h 0m 34s)

---------------  T H R E A D  ---------------

Current thread (0x000002d723312570):  VMThread "VM Thread"          [id=6888, stack(0x000000e809600000,0x000000e809700000) (1024K)]

Stack: [0x000000e809600000,0x000000e809700000],  sp=0x000000e8096fe670,  free space=1017k
Native frames: (J=compiled Java code, j=interpreted, Vv=VM code, C=native code)
C  [igxelpicd64.dll+0x13366c]


siginfo: EXCEPTION_ACCESS_VIOLATION (0xc0000005), reading address 0x00000000000356f8


Registers:
RAX=0x000002d78a582158, RBX=0x000002d78a582050, RCX=0x0000000000000000, RDX=0x0000000000000000
RSP=0x000000e8096fe670, RBP=0x0000000000000000, RSI=0x000002d78a582620, RDI=0x000002d78ae05a70
R8 =0x0000000000000014, R9 =0x000000e808b73000, R10=0x0000000000000000, R11=0x0000000000000000
R12=0x0000000000000000, R13=0x000002d78b2d0980, R14=0x0000000000061200, R15=0x0000000000000016
RIP=0x00007fffedb9366c, EFLAGS=0x0000000000010202


Register to memory mapping:

RAX=0x000002d78a582158 points into unknown readable memory: 0x0000000000000000 | 00 00 00 00 00 00 00 00
RBX=0x000002d78a582050 points into unknown readable memory: 0x000002d78aad5820 | 20 58 ad 8a d7 02 00 00
RCX=0x0 is null
RDX=0x0 is null
RSP=0x000000e8096fe670 points into unknown readable memory: 0x000002d78ab97f30 | 30 7f b9 8a d7 02 00 00
RBP=0x0 is null
RSI=0x000002d78a582620 points into unknown readable memory: 0x000002d78b2d0980 | 80 09 2d 8b d7 02 00 00
RDI=0x000002d78ae05a70 points into unknown readable memory: 0x000002d78aee2c00 | 00 2c ee 8a d7 02 00 00
R8 =0x0000000000000014 is an unknown value
R9 =0x000000e808b73000 points into unknown readable memory: 0x0000000000000000 | 00 00 00 00 00 00 00 00
R10=0x0 is null
R11=0x0 is null
R12=0x0 is null
R13=0x000002d78b2d0980 points into unknown readable memory: 0x000002d78aad5820 | 20 58 ad 8a d7 02 00 00
R14=0x0000000000061200 is an unknown value
R15=0x0000000000000016 is an unknown value

Top of Stack: (sp=0x000000e8096fe670)
0x000000e8096fe670:   000002d78ab97f30 035b9aaa02fe53aa
0x000000e8096fe680:   02fe53ab0341cdaa 02b97dab02e266ab
0x000000e8096fe690:   036fedab0355ddab 01e702ac022bf4ab
0x000000e8096fe6a0:   034833ac02c01eac 02db8cac021c4dac
0x000000e8096fe6b0:   000002d78ad08af8 000000000006122e
0x000000e8096fe6c0:   0000000000000000 000000000000000f
0x000000e8096fe6d0:   0000000000000000 0000000000000000
0x000000e8096fe6e0:   000000e8096fe7f0 00007fffedd0bc3c
0x000000e8096fe6f0:   000002d78ab97f30 000002d78ae05a70
0x000000e8096fe700:   02bfc7b503289b00 02c40bb7036bc000
0x000000e8096fe710:   000000e800000cc8 0000b80200000000
0x000000e8096fe720:   0000000000000000 033305ba02f5e3b8
0x000000e8096fe730:   02dc74ba029d43ba 0363f0ba02a3b4ba
0x000000e8096fe740:   0329a6bb036c26bb 02e535bc022bf4bb
0x000000e8096fe750:   0360dcbc0373b9bc 00007fffedd019a0
0x000000e8096fe760:   02b8d7bd038350bd 029d43be033838be
0x000000e8096fe770:   02f831bf01e90cbf 012fa7c1038ec2bf
0x000000e8096fe780:   01fa66c20355bfc1 0359aac2037374c2
0x000000e8096fe790:   00f399c300816dc3 00007fffedae3cdf
0x000000e8096fe7a0:   0000b80200000000 0000000000000cc8
0x000000e8096fe7b0:   0000000000000000 40001a0000000001
0x000000e8096fe7c0:   0000000000000000 0000000000000000
0x000000e8096fe7d0:   0000000000000000 0000000000000000
0x000000e8096fe7e0:   0000000000000000 0000000000000000
0x000000e8096fe7f0:   0000000000000000 0000000000000000
0x000000e8096fe800:   0000000000000000 0000000000000000
0x000000e8096fe810:   0000000000000000 0000000000000000
0x000000e8096fe820:   0000000000000000 0000000000000000
0x000000e8096fe830:   0000000000000000 0000000000000000
0x000000e8096fe840:   0000000000000000 0000000000000000
0x000000e8096fe850:   0000000000000000 0000000000000000
0x000000e8096fe860:   0000000000000000 0000000000000000 

Instructions: (pc=0x00007fffedb9366c)
0x00007fffedb9356c:   ec 40 45 8a e1 48 8b fa 48 8b e9 48 8b 1d 42 08
0x00007fffedb9357c:   e0 00 48 89 58 08 48 8b cb ff 15 85 5b 9a 00 90
0x00007fffedb9358c:   4c 8b af 78 02 00 00 48 8b 05 c6 e4 cf 00 44 8b
0x00007fffedb9359c:   b8 40 0b 00 00 45 33 db 45 8a f3 4c 89 9f 78 02
0x00007fffedb935ac:   00 00 44 89 9f 80 02 00 00 4c 89 9f 98 02 00 00
0x00007fffedb935bc:   4c 89 9f 88 02 00 00 48 85 ed 75 38 8b 35 4a e2
0x00007fffedb935cc:   df 00 65 48 8b 04 25 58 00 00 00 b9 14 00 00 00
0x00007fffedb935dc:   48 8b 04 f0 44 38 1c 01 0f 84 9d da 86 00 65 48
0x00007fffedb935ec:   8b 04 25 58 00 00 00 bd 20 00 00 00 48 8b 04 f0
0x00007fffedb935fc:   48 8b 2c 28 48 3b 2d 39 07 e0 00 45 0f 44 fb 4d
0x00007fffedb9360c:   85 ed 0f 84 21 01 00 00 44 8a a4 24 90 00 00 00
0x00007fffedb9361c:   49 8b dd 49 8d b5 d0 05 00 00 4c 8b 2e 45 84 e4
0x00007fffedb9362c:   0f 85 2a 03 00 00 8b 97 c8 01 00 00 48 8b 05 21
0x00007fffedb9363c:   e4 cf 00 83 b8 78 03 00 00 02 75 31 83 fa 10 0f
0x00007fffedb9364c:   83 20 01 00 00 48 8d 04 d5 21 00 00 00 48 03 c2
0x00007fffedb9365c:   48 8d 04 c3 48 85 c0 0f 85 ff 00 00 00 49 8b cb
0x00007fffedb9366c:   48 3b 8d f8 56 03 00 0f 87 f3 02 00 00 4c 39 9b
0x00007fffedb9367c:   48 06 00 00 0f 85 41 da 86 00 44 8b 97 c8 01 00
0x00007fffedb9368c:   00 48 8b 87 e0 01 00 00 4c 8b 08 8b 97 c8 01 00
0x00007fffedb9369c:   00 83 fa 10 0f 83 03 01 00 00 48 8d 04 d5 21 00
0x00007fffedb936ac:   00 00 48 03 c2 48 8d 04 c3 48 85 c0 0f 85 e2 00
0x00007fffedb936bc:   00 00 49 8b cb 49 3b c9 0f 86 0e 01 00 00 48 8b
0x00007fffedb936cc:   87 78 02 00 00 48 89 06 48 89 9f 78 02 00 00 ff
0x00007fffedb936dc:   87 80 02 00 00 48 8b 43 08 48 8b 88 18 01 00 00
0x00007fffedb936ec:   48 81 e1 00 00 ff ff 48 81 c1 00 00 01 00 48 01
0x00007fffedb936fc:   8f 88 02 00 00 48 8b 43 08 48 8b 88 18 01 00 00
0x00007fffedb9370c:   48 01 8f 98 02 00 00 4d 85 ed 0f 85 00 ff ff ff
0x00007fffedb9371c:   45 84 f6 44 8a a4 24 98 00 00 00 0f 85 82 03 00
0x00007fffedb9372c:   00 48 8b 9c 24 80 00 00 00 48 8b cf 45 84 e4 0f
0x00007fffedb9373c:   85 8a 03 00 00 e8 fa f9 ff ff 90 48 8b cb 48 8b
0x00007fffedb9374c:   9c 24 88 00 00 00 48 83 c4 40 41 5f 41 5e 41 5d
0x00007fffedb9375c:   41 5c 5f 5e 5d 48 ff 25 b0 59 9a 00 48 8b 48 08 


Stack slot to memory mapping:

stack at sp + 0 slots: 0x000002d78ab97f30 points into unknown readable memory: 0xffffffffffffffff | ff ff ff ff ff ff ff ff
stack at sp + 1 slots: 0x035b9aaa02fe53aa is an unknown value
stack at sp + 2 slots: 0x02fe53ab0341cdaa is an unknown value
stack at sp + 3 slots: 0x02b97dab02e266ab is an unknown value
stack at sp + 4 slots: 0x036fedab0355ddab is an unknown value
stack at sp + 5 slots: 0x01e702ac022bf4ab is an unknown value
stack at sp + 6 slots: 0x034833ac02c01eac is an unknown value
stack at sp + 7 slots: 0x02db8cac021c4dac is an unknown value

VM_Operation (0x000000e80beff060): Exit, mode: safepoint, requested by thread 0x000002d79be089b0


---------------  P R O C E S S  ---------------

Threads class SMR info:
_java_thread_list=0x000002d78a8f4200, length=18, elements={
0x000002d744b18060, 0x000002d744b18ac0, 0x000002d744b1f020, 0x000002d744b235a0,
0x000002d744b24610, 0x000002d744b2a370, 0x000002d744b2eab0, 0x000002d78a0bf3e0,
0x000002d78a681e00, 0x000002d78a92f740, 0x000002d78b1dce20, 0x000002d78bbc7b00,
0x000002d78a0606c0, 0x000002d78b983000, 0x000002d78a2bc9c0, 0x000002d78a39bb20,
0x000002d79be06250, 0x000002d79be089b0
}

Java Threads: ( => current thread )
  0x000002d744b18060 JavaThread "Reference Handler"          daemon [_thread_blocked, id=34712, stack(0x000000e809700000,0x000000e809800000) (1024K)]
  0x000002d744b18ac0 JavaThread "Finalizer"                  daemon [_thread_blocked, id=18612, stack(0x000000e809800000,0x000000e809900000) (1024K)]
  0x000002d744b1f020 JavaThread "Attach Listener"            daemon [_thread_blocked, id=28424, stack(0x000000e809a00000,0x000000e809b00000) (1024K)]
  0x000002d744b235a0 JavaThread "Service Thread"             daemon [_thread_blocked, id=18748, stack(0x000000e809b00000,0x000000e809c00000) (1024K)]
  0x000002d744b24610 JavaThread "Monitor Deflation Thread"   daemon [_thread_blocked, id=3584, stack(0x000000e809c00000,0x000000e809d00000) (1024K)]
  0x000002d744b2a370 JavaThread "C2 CompilerThread0"         daemon [_thread_blocked, id=35992, stack(0x000000e809d00000,0x000000e809e00000) (1024K)]
  0x000002d744b2eab0 JavaThread "C1 CompilerThread0"         daemon [_thread_blocked, id=25708, stack(0x000000e809e00000,0x000000e809f00000) (1024K)]
  0x000002d78a0bf3e0 JavaThread "Common-Cleaner"             daemon [_thread_blocked, id=33188, stack(0x000000e809f00000,0x000000e80a000000) (1024K)]
  0x000002d78a681e00 JavaThread "Monitor Ctrl-Break"         daemon [_thread_in_native, id=18112, stack(0x000000e80a200000,0x000000e80a300000) (1024K)]
  0x000002d78a92f740 JavaThread "Notification Thread"        daemon [_thread_blocked, id=3964, stack(0x000000e80a300000,0x000000e80a400000) (1024K)]
  0x000002d78b1dce20 JavaThread "FileSystemWatchService"     daemon [_thread_in_native, id=5100, stack(0x000000e80a100000,0x000000e80a200000) (1024K)]
  0x000002d78bbc7b00 JavaThread "Java2D Disposer"            daemon [_thread_blocked, id=37336, stack(0x000000e80b400000,0x000000e80b500000) (1024K)]
  0x000002d78a0606c0 JavaThread "AWT-Shutdown"                      [_thread_blocked, id=27988, stack(0x000000e80b500000,0x000000e80b600000) (1024K)]
  0x000002d78b983000 JavaThread "AWT-EventQueue-0"                  [_thread_blocked, id=8012, stack(0x000000e80b700000,0x000000e80b800000) (1024K)]
  0x000002d78a2bc9c0 JavaThread "FileSystemWatchService"     daemon [_thread_in_native, id=11052, stack(0x000000e80b000000,0x000000e80b100000) (1024K)]
  0x000002d78a39bb20 JavaThread "BJE-Asset-Watcher"          daemon [_thread_blocked, id=34236, stack(0x000000e80bd00000,0x000000e80be00000) (1024K)]
  0x000002d79be06250 JavaThread "DestroyJavaVM"                     [_thread_blocked, id=2360, stack(0x000000e808f00000,0x000000e809000000) (1024K)]
  0x000002d79be089b0 JavaThread "SIGINT handler"             daemon [_thread_blocked, id=13648, stack(0x000000e80be00000,0x000000e80bf00000) (1024K)]
Total: 18

Other Threads:
=>0x000002d723312570 VMThread "VM Thread"                           [id=6888, stack(0x000000e809600000,0x000000e809700000) (1024K)]
  0x000002d723312cb0 WorkerThread "GC Thread#0"                     [id=16012, stack(0x000000e809000000,0x000000e809100000) (1024K)]
  0x000002d723311e30 WorkerThread "GC Thread#1"                     [id=34684, stack(0x000000e80a400000,0x000000e80a500000) (1024K)]
  0x000002d7233121d0 WorkerThread "GC Thread#2"                     [id=17096, stack(0x000000e80a500000,0x000000e80a600000) (1024K)]
  0x000002d723312910 WorkerThread "GC Thread#3"                     [id=38688, stack(0x000000e80a600000,0x000000e80a700000) (1024K)]
  0x000002d78aa3a960 WorkerThread "GC Thread#4"                     [id=17300, stack(0x000000e80a700000,0x000000e80a800000) (1024K)]
  0x000002d78aa3b7e0 WorkerThread "GC Thread#5"                     [id=39548, stack(0x000000e80a800000,0x000000e80a900000) (1024K)]
  0x000002d78aa3b0a0 WorkerThread "GC Thread#6"                     [id=22100, stack(0x000000e80a900000,0x000000e80aa00000) (1024K)]
  0x000002d78aa393a0 WorkerThread "GC Thread#7"                     [id=34164, stack(0x000000e80b100000,0x000000e80b200000) (1024K)]
  0x000002d78aa3b440 WorkerThread "GC Thread#8"                     [id=35784, stack(0x000000e80b200000,0x000000e80b300000) (1024K)]
  0x000002d78aa3c2c0 WorkerThread "GC Thread#9"                     [id=27192, stack(0x000000e80b300000,0x000000e80b400000) (1024K)]
  0x000002d72364ba70 ConcurrentGCThread "G1 Main Marker"            terminated
  0x000002d723311a90 WorkerThread "G1 Conc#0"                       [id=30096, stack(0x000000e809200000,0x000000e809300000) (1024K)]
  0x000002d78aa3c660 WorkerThread "G1 Conc#1"                       [id=23812, stack(0x000000e80ae00000,0x000000e80af00000) (1024K)]
  0x000002d78aa3cda0 WorkerThread "G1 Conc#2"                       [id=11924, stack(0x000000e80af00000,0x000000e80b000000) (1024K)]
  0x000002d7449ae1c0 ConcurrentGCThread "G1 Refine#0"               terminated
  0x000002d7449ae9e0 ConcurrentGCThread "G1 Service"                terminated
Total: 17

Threads with active compile tasks:
Total: 0

VM state: at safepoint (shutting down)

VM Mutex/Monitor currently owned by a thread:  ([mutex/lock_event])
[0x00007fffcf4da5f8] Threads_lock - owner thread: 0x000002d723312570
[0x00007fffcf4da6f8] Heap_lock - owner thread: 0x000002d79be089b0

Heap address: 0x0000000703600000, size: 4042 MB, Compressed Oops mode: Zero based, Oop shift amount: 3

CDS archive(s) mapped at: [0x000002d745000000-0x000002d745c90000-0x000002d745c90000), size 13172736, SharedBaseAddress: 0x000002d745000000, ArchiveRelocationMode: 1.
Compressed class space mapped at: 0x000002d746000000-0x000002d786000000, reserved size: 1073741824
Narrow klass base: 0x000002d745000000, Narrow klass shift: 0, Narrow klass range: 0x100000000

GC Precious Log:
 CardTable entry size: 512
 Card Set container configuration: InlinePtr #cards 4 size 8 Array Of Cards #cards 16 size 48 Howl #buckets 8 coarsen threshold 3686 Howl Bitmap #cards 512 size 80 coarsen threshold 460 Card regions per heap region 1 cards per card region 4096
 CPUs: 12 total, 12 available
 Memory: 16163M
 Large Page Support: Disabled
 NUMA Support: Disabled
 Compressed Oops: Enabled (Zero based)
 Heap Region Size: 2M
 Heap Min Capacity: 8M
 Heap Initial Capacity: 254M
 Heap Max Capacity: 4042M
 Pre-touch: Disabled
 Parallel Workers: 10
 Concurrent Workers: 3
 Concurrent Refinement Workers: 10
 Periodic GC: Disabled

Heap:
 garbage-first heap   total 40960K, used 35453K [0x0000000703600000, 0x0000000800000000)
  region size 2048K, 19 young (38912K), 4 survivors (8192K)
 Metaspace       used 26189K, committed 26496K, reserved 1114112K
  class space    used 2433K, committed 2560K, reserved 1048576K

Heap Regions: E=young(eden), S=young(survivor), O=old, HS=humongous(starts), HC=humongous(continues), CS=collection set, F=free, TAMS=top-at-mark-start, PB=parsable bottom
|   0|0x0000000703600000, 0x000000070362c728, 0x0000000703800000|  8%| O|Cm|TAMS 0x0000000703600000| PB 0x0000000703600000| Complete 
|   1|0x0000000703800000, 0x0000000703a00000, 0x0000000703a00000|100%| E|  |TAMS 0x0000000703800000| PB 0x0000000703800000| Complete 
|   2|0x0000000703a00000, 0x0000000703c00000, 0x0000000703c00000|100%| E|CS|TAMS 0x0000000703a00000| PB 0x0000000703a00000| Complete 
|   3|0x0000000703c00000, 0x0000000703e00000, 0x0000000703e00000|100%| E|CS|TAMS 0x0000000703c00000| PB 0x0000000703c00000| Complete 
|   4|0x0000000703e00000, 0x0000000704000000, 0x0000000704000000|100%| E|CS|TAMS 0x0000000703e00000| PB 0x0000000703e00000| Complete 
|   5|0x0000000704000000, 0x0000000704200000, 0x0000000704200000|100%| E|CS|TAMS 0x0000000704000000| PB 0x0000000704000000| Complete 
|   6|0x0000000704200000, 0x0000000704400000, 0x0000000704400000|100%| E|CS|TAMS 0x0000000704200000| PB 0x0000000704200000| Complete 
|   7|0x0000000704400000, 0x0000000704600000, 0x0000000704600000|100%| E|CS|TAMS 0x0000000704400000| PB 0x0000000704400000| Complete 
|   8|0x0000000704600000, 0x0000000704800000, 0x0000000704800000|100%| E|CS|TAMS 0x0000000704600000| PB 0x0000000704600000| Complete 
|   9|0x0000000704800000, 0x0000000704a00000, 0x0000000704a00000|100%| E|CS|TAMS 0x0000000704800000| PB 0x0000000704800000| Complete 
|  10|0x0000000704a00000, 0x0000000704c00000, 0x0000000704c00000|100%| E|CS|TAMS 0x0000000704a00000| PB 0x0000000704a00000| Complete 
|  11|0x0000000704c00000, 0x0000000704e00000, 0x0000000704e00000|100%| E|CS|TAMS 0x0000000704c00000| PB 0x0000000704c00000| Complete 
|  12|0x0000000704e00000, 0x0000000705000000, 0x0000000705000000|100%| E|CS|TAMS 0x0000000704e00000| PB 0x0000000704e00000| Complete 
|  13|0x0000000705000000, 0x0000000705200000, 0x0000000705200000|100%| E|CS|TAMS 0x0000000705000000| PB 0x0000000705000000| Complete 
|  14|0x0000000705200000, 0x0000000705400000, 0x0000000705400000|100%| E|CS|TAMS 0x0000000705200000| PB 0x0000000705200000| Complete 
| 121|0x0000000712800000, 0x0000000712872d50, 0x0000000712a00000| 22%| S|CS|TAMS 0x0000000712800000| PB 0x0000000712800000| Complete 
| 122|0x0000000712a00000, 0x0000000712c00000, 0x0000000712c00000|100%| S|CS|TAMS 0x0000000712a00000| PB 0x0000000712a00000| Complete 
| 123|0x0000000712c00000, 0x0000000712e00000, 0x0000000712e00000|100%| S|CS|TAMS 0x0000000712c00000| PB 0x0000000712c00000| Complete 
| 124|0x0000000712e00000, 0x0000000713000000, 0x0000000713000000|100%| S|CS|TAMS 0x0000000712e00000| PB 0x0000000712e00000| Complete 
| 126|0x0000000713200000, 0x0000000713400000, 0x0000000713400000|100%| E|CS|TAMS 0x0000000713200000| PB 0x0000000713200000| Complete 

Card table byte_map: [0x000002d73d6f0000,0x000002d73dee0000] _byte_map_base: 0x000002d739ed5000

Marking Bits: (CMBitMap*) 0x000002d72363b500
 Bits: [0x000002d73dee0000, 0x000002d741e08000)

Polling page: 0x000002d723690000

Metaspace:

Usage:
  Non-class:     23.20 MB used.
      Class:      2.38 MB used.
       Both:     25.58 MB used.

Virtual space:
  Non-class space:       64.00 MB reserved,      23.38 MB ( 37%) committed,  1 nodes.
      Class space:        1.00 GB reserved,       2.50 MB ( <1%) committed,  1 nodes.
             Both:        1.06 GB reserved,      25.88 MB (  2%) committed. 

Chunk freelists:
   Non-Class:  7.78 MB
       Class:  13.51 MB
        Both:  21.29 MB

MaxMetaspaceSize: unlimited
CompressedClassSpaceSize: 1.00 GB
Initial GC threshold: 21.00 MB
Current GC threshold: 35.12 MB
CDS: on
 - commit_granule_bytes: 65536.
 - commit_granule_words: 8192.
 - virtual_space_node_default_size: 8388608.
 - enlarge_chunks_in_place: 1.
 - use_allocation_guard: 0.


Internal statistics:

num_allocs_failed_limit: 3.
num_arena_births: 324.
num_arena_deaths: 0.
num_vsnodes_births: 2.
num_vsnodes_deaths: 0.
num_space_committed: 412.
num_space_uncommitted: 0.
num_chunks_returned_to_freelist: 3.
num_chunks_taken_from_freelist: 1053.
num_chunk_merges: 3.
num_chunk_splits: 790.
num_chunks_enlarged: 616.
num_inconsistent_stats: 0.

CodeHeap 'non-profiled nmethods': size=120000Kb used=1440Kb max_used=1440Kb free=118560Kb
 bounds [0x000002d734d50000, 0x000002d734fc0000, 0x000002d73c280000]
CodeHeap 'profiled nmethods': size=120000Kb used=6132Kb max_used=6132Kb free=113867Kb
 bounds [0x000002d72d280000, 0x000002d72d880000, 0x000002d7347b0000]
CodeHeap 'non-nmethods': size=5760Kb used=3079Kb max_used=3111Kb free=2680Kb
 bounds [0x000002d7347b0000, 0x000002d734ad0000, 0x000002d734d50000]
 total_blobs=5069 nmethods=3564 adapters=1409
 compilation: enabled
              stopped_count=0, restarted_count=0
 full_count=0

Compilation events (20 events):
Event: 19.864 Thread 0x000002d78a40f440 nmethod 3555 0x000002d734eadb90 code [0x000002d734eadd20, 0x000002d734eadee8]
Event: 19.868 Thread 0x000002d744b2a370 nmethod 3551% 0x000002d734eae010 code [0x000002d734eae3c0, 0x000002d734eaf8c8]
Event: 19.875 Thread 0x000002d78a40f440 3556       4       com.bedrye.bjge.GameEngine.Util.BJEMesh::<init> (552 bytes)
Event: 19.875 Thread 0x000002d744b2eab0 3557       1       org.joml.Matrix4f::properties (5 bytes)
Event: 19.875 Thread 0x000002d744b2eab0 nmethod 3557 0x000002d734eb0b90 code [0x000002d734eb0d20, 0x000002d734eb0de8]
Event: 19.893 Thread 0x000002d744b2eab0 3558       3       java.util.ArrayList::forEach (74 bytes)
Event: 19.893 Thread 0x000002d744b2eab0 nmethod 3558 0x000002d72d87bb10 code [0x000002d72d87bd20, 0x000002d72d87c338]
Event: 19.908 Thread 0x000002d744b2a370 3559       4       java.nio.Buffer::flip (20 bytes)
Event: 19.908 Thread 0x000002d744b2eab0 3560       1       com.bedrye.bjge.GameEngine.Objects.Object3DAbstract::getParent (5 bytes)
Event: 19.908 Thread 0x000002d744b2eab0 nmethod 3560 0x000002d734eb0e90 code [0x000002d734eb1020, 0x000002d734eb10f0]
Event: 19.908 Thread 0x000002d744b2eab0 3561       1       com.bedrye.bjge.GameEngine.Objects.Scene::isFinal (2 bytes)
Event: 19.908 Thread 0x000002d744b2a370 nmethod 3559 0x000002d734eb1190 code [0x000002d734eb1320, 0x000002d734eb13c0]
Event: 19.908 Thread 0x000002d744b2eab0 nmethod 3561 0x000002d734eb1490 code [0x000002d734eb1620, 0x000002d734eb16e8]
Event: 19.923 Thread 0x000002d744b2eab0 3562       3       java.nio.IntBuffer::<init> (14 bytes)
Event: 19.923 Thread 0x000002d744b2eab0 nmethod 3562 0x000002d72d87c590 code [0x000002d72d87c740, 0x000002d72d87c898]
Event: 19.923 Thread 0x000002d744b2eab0 3563       3       java.nio.IntBuffer::<init> (24 bytes)
Event: 19.923 Thread 0x000002d744b2eab0 nmethod 3563 0x000002d72d87c990 code [0x000002d72d87cb40, 0x000002d72d87ccf8]
Event: 19.924 Thread 0x000002d744b2eab0 3564       3       java.nio.CharBuffer::arrayOffset (35 bytes)
Event: 19.924 Thread 0x000002d744b2eab0 nmethod 3564 0x000002d72d87cd90 code [0x000002d72d87cf60, 0x000002d72d87d248]
Event: 19.947 Thread 0x000002d78a40f440 nmethod 3556 0x000002d734eb1790 code [0x000002d734eb1d80, 0x000002d734eb5490]

GC Heap History (6 events):
Event: 0.367 GC heap before
{Heap before GC invocations=0 (full 0):
 garbage-first heap   total 260096K, used 22528K [0x0000000703600000, 0x0000000800000000)
  region size 2048K, 11 young (22528K), 0 survivors (0K)
 Metaspace       used 3904K, committed 4096K, reserved 1114112K
  class space    used 334K, committed 448K, reserved 1048576K
}
Event: 0.370 GC heap after
{Heap after GC invocations=1 (full 0):
 garbage-first heap   total 260096K, used 2474K [0x0000000703600000, 0x0000000800000000)
  region size 2048K, 2 young (4096K), 2 survivors (4096K)
 Metaspace       used 3904K, committed 4096K, reserved 1114112K
  class space    used 334K, committed 448K, reserved 1048576K
}
Event: 4.136 GC heap before
{Heap before GC invocations=1 (full 0):
 garbage-first heap   total 260096K, used 39338K [0x0000000703600000, 0x0000000800000000)
  region size 2048K, 21 young (43008K), 2 survivors (4096K)
 Metaspace       used 19726K, committed 19968K, reserved 1114112K
  class space    used 1839K, committed 1920K, reserved 1048576K
}
Event: 4.143 GC heap after
{Heap after GC invocations=2 (full 0):
 garbage-first heap   total 260096K, used 6321K [0x0000000703600000, 0x0000000800000000)
  region size 2048K, 3 young (6144K), 3 survivors (6144K)
 Metaspace       used 19726K, committed 19968K, reserved 1114112K
  class space    used 1839K, committed 1920K, reserved 1048576K
}
Event: 4.275 GC heap before
{Heap before GC invocations=2 (full 0):
 garbage-first heap   total 260096K, used 8369K [0x0000000703600000, 0x0000000800000000)
  region size 2048K, 5 young (10240K), 3 survivors (6144K)
 Metaspace       used 21279K, committed 21504K, reserved 1114112K
  class space    used 1916K, committed 2048K, reserved 1048576K
}
Event: 4.279 GC heap after
{Heap after GC invocations=3 (full 0):
 garbage-first heap   total 260096K, used 6781K [0x0000000703600000, 0x0000000800000000)
  region size 2048K, 4 young (8192K), 4 survivors (8192K)
 Metaspace       used 21279K, committed 21504K, reserved 1114112K
  class space    used 1916K, committed 2048K, reserved 1048576K
}

Dll operation events (15 events):
Event: 0.007 Loaded shared library C:\Users\stas2\.jdks\openjdk-21.0.1\bin\java.dll
Event: 0.034 Loaded shared library C:\Users\stas2\.jdks\openjdk-21.0.1\bin\jsvml.dll
Event: 0.063 Loaded shared library C:\Users\stas2\.jdks\openjdk-21.0.1\bin\net.dll
Event: 0.064 Loaded shared library C:\Users\stas2\.jdks\openjdk-21.0.1\bin\nio.dll
Event: 0.067 Loaded shared library C:\Users\stas2\.jdks\openjdk-21.0.1\bin\zip.dll
Event: 0.184 Loaded shared library C:\Users\stas2\.jdks\openjdk-21.0.1\bin\zip.dll
Event: 0.188 Loaded shared library C:\Users\stas2\.jdks\openjdk-21.0.1\bin\instrument.dll
Event: 0.222 Loaded shared library C:\IntelliJ IDEA Community Edition 2021.3.2\IntelliJ IDEA Community Edition 2023.2.1\bin\breakgen64.dll
Event: 0.303 Loaded shared library C:\Users\stas2\.jdks\openjdk-21.0.1\bin\jimage.dll
Event: 0.465 Loaded shared library C:\Users\stas2\AppData\Local\Temp\lwjgl_stas2\3.3.4+7\x64\lwjgl.dll
Event: 2.985 Loaded shared library C:\Users\stas2\AppData\Local\Temp\lwjgl_stas2\3.3.4+7\x64\lwjgl_opengl.dll
Event: 3.371 Loaded shared library C:\Users\stas2\AppData\Local\Temp\imgui-java-natives\1.89.0\imgui-java64.dll
Event: 3.400 Loaded shared library C:\Users\stas2\.jdks\openjdk-21.0.1\bin\verify.dll
Event: 3.430 Loaded shared library C:\Users\stas2\AppData\Local\Temp\lwjgl_stas2\3.3.4+7\x64\lwjgl_stb.dll
Event: 7.819 Loaded shared library C:\Users\stas2\.jdks\openjdk-21.0.1\bin\awt.dll

Deoptimization events (20 events):
Event: 19.875 Thread 0x000002d72333c6e0 DEOPT PACKING pc=0x000002d72d877dfd sp=0x000000e808ffee20
Event: 19.875 Thread 0x000002d72333c6e0 DEOPT UNPACKING pc=0x000002d7348088e2 sp=0x000000e808ffe510 mode 0
Event: 19.881 Thread 0x000002d72333c6e0 DEOPT PACKING pc=0x000002d72d877dfd sp=0x000000e808ffee20
Event: 19.881 Thread 0x000002d72333c6e0 DEOPT UNPACKING pc=0x000002d7348088e2 sp=0x000000e808ffe510 mode 0
Event: 19.887 Thread 0x000002d72333c6e0 DEOPT PACKING pc=0x000002d72d877dfd sp=0x000000e808ffee20
Event: 19.887 Thread 0x000002d72333c6e0 DEOPT UNPACKING pc=0x000002d7348088e2 sp=0x000000e808ffe510 mode 0
Event: 19.892 Thread 0x000002d72333c6e0 DEOPT PACKING pc=0x000002d72d877dfd sp=0x000000e808ffee20
Event: 19.892 Thread 0x000002d72333c6e0 DEOPT UNPACKING pc=0x000002d7348088e2 sp=0x000000e808ffe510 mode 0
Event: 19.898 Thread 0x000002d72333c6e0 DEOPT PACKING pc=0x000002d72d877dfd sp=0x000000e808ffee20
Event: 19.898 Thread 0x000002d72333c6e0 DEOPT UNPACKING pc=0x000002d7348088e2 sp=0x000000e808ffe510 mode 0
Event: 19.902 Thread 0x000002d72333c6e0 DEOPT PACKING pc=0x000002d72d877dfd sp=0x000000e808ffee20
Event: 19.902 Thread 0x000002d72333c6e0 DEOPT UNPACKING pc=0x000002d7348088e2 sp=0x000000e808ffe510 mode 0
Event: 19.908 Thread 0x000002d72333c6e0 DEOPT PACKING pc=0x000002d72d877dfd sp=0x000000e808ffee20
Event: 19.908 Thread 0x000002d72333c6e0 DEOPT UNPACKING pc=0x000002d7348088e2 sp=0x000000e808ffe510 mode 0
Event: 19.913 Thread 0x000002d72333c6e0 DEOPT PACKING pc=0x000002d72d877dfd sp=0x000000e808ffee20
Event: 19.913 Thread 0x000002d72333c6e0 DEOPT UNPACKING pc=0x000002d7348088e2 sp=0x000000e808ffe510 mode 0
Event: 19.917 Thread 0x000002d72333c6e0 DEOPT PACKING pc=0x000002d72d877dfd sp=0x000000e808ffee20
Event: 19.917 Thread 0x000002d72333c6e0 DEOPT UNPACKING pc=0x000002d7348088e2 sp=0x000000e808ffe510 mode 0
Event: 19.923 Thread 0x000002d72333c6e0 DEOPT PACKING pc=0x000002d72d877dfd sp=0x000000e808ffee20
Event: 19.923 Thread 0x000002d72333c6e0 DEOPT UNPACKING pc=0x000002d7348088e2 sp=0x000000e808ffe510 mode 0

Classes loaded (20 events):
Event: 19.502 Loading class sun/reflect/generics/reflectiveObjects/TypeVariableImpl
Event: 19.502 Loading class sun/reflect/generics/reflectiveObjects/LazyReflectiveObjectGenerator
Event: 19.502 Loading class sun/reflect/generics/reflectiveObjects/LazyReflectiveObjectGenerator done
Event: 19.502 Loading class sun/reflect/generics/reflectiveObjects/TypeVariableImpl done
Event: 19.523 Loading class sun/reflect/generics/repository/FieldRepository
Event: 19.523 Loading class sun/reflect/generics/repository/FieldRepository done
Event: 19.535 Loading class sun/invoke/util/ValueConversions$1
Event: 19.535 Loading class sun/invoke/util/ValueConversions$1 done
Event: 19.536 Loading class java/lang/invoke/BoundMethodHandle$Species_LI
Event: 19.536 Loading class java/lang/invoke/BoundMethodHandle$Species_LI done
Event: 19.539 Loading class jdk/internal/math/FDBigInteger
Event: 19.540 Loading class jdk/internal/math/FDBigInteger done
Event: 19.923 Loading class java/lang/Throwable$WrappedPrintStream
Event: 19.923 Loading class java/lang/Throwable$PrintStreamOrWriter
Event: 19.924 Loading class java/lang/Throwable$PrintStreamOrWriter done
Event: 19.924 Loading class java/lang/Throwable$WrappedPrintStream done
Event: 19.924 Loading class java/lang/StackTraceElement$HashedModules
Event: 19.924 Loading class java/lang/StackTraceElement$HashedModules done
Event: 34.299 Loading class jdk/internal/misc/Signal$1
Event: 34.299 Loading class jdk/internal/misc/Signal$1 done

Classes unloaded (0 events):
No events

Classes redefined (0 events):
No events

Internal exceptions (20 events):
Event: 19.538 Thread 0x000002d72333c6e0 Exception <a 'java/lang/NoSuchMethodError'{0x00000007046f0290}: 'void java.lang.invoke.DirectMethodHandle$Holder.invokeVirtual(java.lang.Object, java.lang.Object, int)'> (0x00000007046f0290) 
thrown [s\open\src\hotspot\share\interpreter\linkResolver.cpp, line 773]
Event: 19.538 Thread 0x000002d72333c6e0 Exception <a 'java/lang/NoSuchMethodError'{0x00000007046f4010}: 'int java.lang.invoke.DirectMethodHandle$Holder.invokeSpecial(java.lang.Object, java.lang.Object, java.lang.Object, int)'> (0x00000007046f4010) 
thrown [s\open\src\hotspot\share\interpreter\linkResolver.cpp, line 773]
Event: 19.539 Thread 0x000002d72333c6e0 Exception <a 'java/lang/NoSuchMethodError'{0x00000007046fdee8}: 'void java.lang.invoke.DelegatingMethodHandle$Holder.reinvoke_L(java.lang.Object, java.lang.Object, int)'> (0x00000007046fdee8) 
thrown [s\open\src\hotspot\share\interpreter\linkResolver.cpp, line 773]
Event: 19.540 Thread 0x000002d72333c6e0 Exception <a 'java/lang/NoSuchMethodError'{0x00000007047153b8}: 'void java.lang.invoke.DirectMethodHandle$Holder.invokeSpecial(java.lang.Object, java.lang.Object, float)'> (0x00000007047153b8) 
thrown [s\open\src\hotspot\share\interpreter\linkResolver.cpp, line 773]
Event: 19.542 Thread 0x000002d72333c6e0 Exception <a 'java/lang/NoSuchMethodError'{0x0000000704720dd8}: 'void java.lang.invoke.DirectMethodHandle$Holder.invokeSpecial(java.lang.Object, java.lang.Object, int)'> (0x0000000704720dd8) 
thrown [s\open\src\hotspot\share\interpreter\linkResolver.cpp, line 773]
Event: 19.571 Thread 0x000002d72333c6e0 Exception <a 'sun/nio/fs/WindowsException'{0x00000007044607b0}> (0x00000007044607b0) 
thrown [s\open\src\hotspot\share\prims\jni.cpp, line 520]
Event: 19.571 Thread 0x000002d72333c6e0 Exception <a 'sun/nio/fs/WindowsException'{0x0000000704461c38}> (0x0000000704461c38) 
thrown [s\open\src\hotspot\share\prims\jni.cpp, line 520]
Event: 19.571 Thread 0x000002d72333c6e0 Exception <a 'sun/nio/fs/WindowsException'{0x0000000704462910}> (0x0000000704462910) 
thrown [s\open\src\hotspot\share\prims\jni.cpp, line 520]
Event: 19.572 Thread 0x000002d72333c6e0 Exception <a 'sun/nio/fs/WindowsException'{0x0000000704469688}> (0x0000000704469688) 
thrown [s\open\src\hotspot\share\prims\jni.cpp, line 520]
Event: 19.611 Thread 0x000002d72333c6e0 Exception <a 'sun/nio/fs/WindowsException'{0x000000070446e3d8}> (0x000000070446e3d8) 
thrown [s\open\src\hotspot\share\prims\jni.cpp, line 520]
Event: 19.611 Thread 0x000002d72333c6e0 Exception <a 'sun/nio/fs/WindowsException'{0x000000070446e750}> (0x000000070446e750) 
thrown [s\open\src\hotspot\share\prims\jni.cpp, line 520]
Event: 19.619 Thread 0x000002d72333c6e0 Exception <a 'sun/nio/fs/WindowsException'{0x0000000704470c30}> (0x0000000704470c30) 
thrown [s\open\src\hotspot\share\prims\jni.cpp, line 520]
Event: 19.621 Thread 0x000002d72333c6e0 Exception <a 'sun/nio/fs/WindowsException'{0x00000007044760f8}> (0x00000007044760f8) 
thrown [s\open\src\hotspot\share\prims\jni.cpp, line 520]
Event: 19.621 Thread 0x000002d72333c6e0 Exception <a 'sun/nio/fs/WindowsException'{0x0000000704477580}> (0x0000000704477580) 
thrown [s\open\src\hotspot\share\prims\jni.cpp, line 520]
Event: 19.621 Thread 0x000002d72333c6e0 Exception <a 'sun/nio/fs/WindowsException'{0x00000007044780c8}> (0x00000007044780c8) 
thrown [s\open\src\hotspot\share\prims\jni.cpp, line 520]
Event: 19.621 Thread 0x000002d72333c6e0 Exception <a 'sun/nio/fs/WindowsException'{0x000000070447b6a8}> (0x000000070447b6a8) 
thrown [s\open\src\hotspot\share\prims\jni.cpp, line 520]
Event: 19.700 Thread 0x000002d72333c6e0 Exception <a 'sun/nio/fs/WindowsException'{0x0000000704480418}> (0x0000000704480418) 
thrown [s\open\src\hotspot\share\prims\jni.cpp, line 520]
Event: 19.700 Thread 0x000002d72333c6e0 Exception <a 'sun/nio/fs/WindowsException'{0x0000000704480798}> (0x0000000704480798) 
thrown [s\open\src\hotspot\share\prims\jni.cpp, line 520]
Event: 19.718 Thread 0x000002d72333c6e0 Exception <a 'sun/nio/fs/WindowsException'{0x0000000704482c80}> (0x0000000704482c80) 
thrown [s\open\src\hotspot\share\prims\jni.cpp, line 520]
Event: 19.764 Thread 0x000002d72333c6e0 Exception <a 'java/lang/NoSuchMethodError'{0x0000000704211910}: 'java.lang.Object java.lang.invoke.DelegatingMethodHandle$Holder.reinvoke_L(java.lang.Object, float, float, float)'> (0x0000000704211910) 
thrown [s\open\src\hotspot\share\interpreter\linkResolver.cpp, line 773]

ZGC Phase Switch (0 events):
No events

VM Operations (20 events):
Event: 5.290 Executing VM operation: Cleanup done
Event: 6.304 Executing VM operation: Cleanup
Event: 6.304 Executing VM operation: Cleanup done
Event: 7.316 Executing VM operation: Cleanup
Event: 7.316 Executing VM operation: Cleanup done
Event: 8.331 Executing VM operation: Cleanup
Event: 8.331 Executing VM operation: Cleanup done
Event: 17.415 Executing VM operation: Cleanup
Event: 17.415 Executing VM operation: Cleanup done
Event: 18.429 Executing VM operation: Cleanup
Event: 18.429 Executing VM operation: Cleanup done
Event: 19.435 Executing VM operation: Cleanup
Event: 19.435 Executing VM operation: Cleanup done
Event: 19.475 Executing VM operation: HandshakeAllThreads (Deoptimize)
Event: 19.475 Executing VM operation: HandshakeAllThreads (Deoptimize) done
Event: 19.745 Executing VM operation: HandshakeAllThreads (Deoptimize)
Event: 19.745 Executing VM operation: HandshakeAllThreads (Deoptimize) done
Event: 20.751 Executing VM operation: Cleanup
Event: 20.751 Executing VM operation: Cleanup done
Event: 34.407 Executing VM operation: Exit

Events (20 events):
Event: 6.889 Thread 0x000002d78b8985b0 Thread exited: 0x000002d78b8985b0
Event: 7.382 Thread 0x000002d78b877420 Thread exited: 0x000002d78b877420
Event: 7.877 Thread 0x000002d78bbc7b00 Thread added: 0x000002d78bbc7b00
Event: 7.878 Thread 0x000002d78a0606c0 Thread added: 0x000002d78a0606c0
Event: 7.879 Thread 0x000002d78b6b2940 Thread added: 0x000002d78b6b2940
Event: 7.897 Thread 0x000002d78b985900 Thread added: 0x000002d78b985900
Event: 7.897 Thread 0x000002d78b985900 Thread exited: 0x000002d78b985900
Event: 7.899 Thread 0x000002d78b983000 Thread added: 0x000002d78b983000
Event: 16.939 Thread 0x000002d78a2bc9c0 Thread exited: 0x000002d78a2bc9c0
Event: 16.946 Thread 0x000002d78a2bc9c0 Thread added: 0x000002d78a2bc9c0
Event: 16.953 Thread 0x000002d78a39bb20 Thread added: 0x000002d78a39bb20
Event: 19.566 Thread 0x000002d78a40f440 Thread added: 0x000002d78a40f440
Event: 19.924 Thread 0x000002d72333c6e0 Thread exited: 0x000002d72333c6e0
Event: 19.924 Thread 0x000002d79be06250 Thread added: 0x000002d79be06250
Event: 24.951 Thread 0x000002d78a40f440 Thread exited: 0x000002d78a40f440
Event: 34.299 Thread 0x000002d79be089b0 Thread added: 0x000002d79be089b0
Event: 34.299 Thread 0x000002d79be06f70 Thread added: 0x000002d79be06f70
Event: 34.304 Thread 0x000002d78b6b2940 Thread exited: 0x000002d78b6b2940
Event: 34.406 Thread 0x000002d79be06f70 Thread exited: 0x000002d79be06f70
Event: 34.407 Thread 0x000002d744b1d5b0 Thread exited: 0x000002d744b1d5b0


Dynamic libraries:
0x00007ff6026c0000 - 0x00007ff6026ce000 	C:\Users\stas2\.jdks\openjdk-21.0.1\bin\java.exe
0x00007ff899f40000 - 0x00007ff89a1a8000 	C:\WINDOWS\SYSTEM32\ntdll.dll
0x00007ff8987e0000 - 0x00007ff8988a9000 	C:\WINDOWS\System32\KERNEL32.DLL
0x00007ff8978e0000 - 0x00007ff897cd8000 	C:\WINDOWS\System32\KERNELBASE.dll
0x00007ff8972a0000 - 0x00007ff8973eb000 	C:\WINDOWS\System32\ucrtbase.dll
0x00007ff87e620000 - 0x00007ff87e638000 	C:\Users\stas2\.jdks\openjdk-21.0.1\bin\jli.dll
0x00007ff878bf0000 - 0x00007ff878c0b000 	C:\Users\stas2\.jdks\openjdk-21.0.1\bin\VCRUNTIME140.dll
0x00007ff8990d0000 - 0x00007ff899297000 	C:\WINDOWS\System32\USER32.dll
0x00007ff8971c0000 - 0x00007ff8971e7000 	C:\WINDOWS\System32\win32u.dll
0x00007ff87d970000 - 0x00007ff87dc04000 	C:\WINDOWS\WinSxS\amd64_microsoft.windows.common-controls_6595b64144ccf1df_6.0.26100.7019_none_3e06ffa0e335b8a8\COMCTL32.dll
0x00007ff898430000 - 0x00007ff89845b000 	C:\WINDOWS\System32\GDI32.dll
0x00007ff897ce0000 - 0x00007ff897d89000 	C:\WINDOWS\System32\msvcrt.dll
0x00007ff897090000 - 0x00007ff8971bc000 	C:\WINDOWS\System32\gdi32full.dll
0x00007ff8971f0000 - 0x00007ff897293000 	C:\WINDOWS\System32\msvcp_win.dll
0x00007ff8987a0000 - 0x00007ff8987d1000 	C:\WINDOWS\System32\IMM32.DLL
0x00007ff87e390000 - 0x00007ff87e39c000 	C:\Users\stas2\.jdks\openjdk-21.0.1\bin\vcruntime140_1.dll
0x00007ff823a00000 - 0x00007ff823a8e000 	C:\Users\stas2\.jdks\openjdk-21.0.1\bin\msvcp140.dll
0x00007fffce8a0000 - 0x00007fffcf5b5000 	C:\Users\stas2\.jdks\openjdk-21.0.1\bin\server\jvm.dll
0x00007ff8982e0000 - 0x00007ff898394000 	C:\WINDOWS\System32\ADVAPI32.dll
0x00007ff898930000 - 0x00007ff8989d6000 	C:\WINDOWS\System32\sechost.dll
0x00007ff8985a0000 - 0x00007ff8986b8000 	C:\WINDOWS\System32\RPCRT4.dll
0x00007ff898bc0000 - 0x00007ff898c34000 	C:\WINDOWS\System32\WS2_32.dll
0x00007ff895c80000 - 0x00007ff895cde000 	C:\WINDOWS\SYSTEM32\POWRPROF.dll
0x00007ff8844d0000 - 0x00007ff884505000 	C:\WINDOWS\SYSTEM32\WINMM.dll
0x00007ff88db00000 - 0x00007ff88db0b000 	C:\WINDOWS\SYSTEM32\VERSION.dll
0x00007ff895c60000 - 0x00007ff895c74000 	C:\WINDOWS\SYSTEM32\UMPDC.dll
0x00007ff895f40000 - 0x00007ff895f5b000 	C:\WINDOWS\SYSTEM32\kernel.appcore.dll
0x00007ff871a90000 - 0x00007ff871a9a000 	C:\Users\stas2\.jdks\openjdk-21.0.1\bin\jimage.dll
0x00007ff8947e0000 - 0x00007ff894a22000 	C:\WINDOWS\SYSTEM32\DBGHELP.DLL
0x00007ff897de0000 - 0x00007ff89816b000 	C:\WINDOWS\System32\combase.dll
0x00007ff8986c0000 - 0x00007ff898797000 	C:\WINDOWS\System32\OLEAUT32.dll
0x00007ff878d80000 - 0x00007ff878dbc000 	C:\WINDOWS\SYSTEM32\dbgcore.DLL
0x00007ff8973f0000 - 0x00007ff897495000 	C:\WINDOWS\System32\bcryptPrimitives.dll
0x00007ff890740000 - 0x00007ff89074f000 	C:\Users\stas2\.jdks\openjdk-21.0.1\bin\instrument.dll
0x00007ff842ff0000 - 0x00007ff84300f000 	C:\Users\stas2\.jdks\openjdk-21.0.1\bin\java.dll
0x00007ff8997a0000 - 0x00007ff899eef000 	C:\WINDOWS\System32\SHELL32.dll
0x00007ff897560000 - 0x00007ff8976cb000 	C:\WINDOWS\System32\wintypes.dll
0x00007ff894cb0000 - 0x00007ff89550d000 	C:\WINDOWS\SYSTEM32\windows.storage.dll
0x00007ff898460000 - 0x00007ff898552000 	C:\WINDOWS\System32\SHCORE.dll
0x00007ff8995e0000 - 0x00007ff899647000 	C:\WINDOWS\System32\shlwapi.dll
0x00007ff896fb0000 - 0x00007ff896fd9000 	C:\WINDOWS\SYSTEM32\profapi.dll
0x00007ff80f7b0000 - 0x00007ff80f887000 	C:\Users\stas2\.jdks\openjdk-21.0.1\bin\jsvml.dll
0x00007ff871a80000 - 0x00007ff871a90000 	C:\Users\stas2\.jdks\openjdk-21.0.1\bin\net.dll
0x00007ff88d860000 - 0x00007ff88d988000 	C:\WINDOWS\SYSTEM32\WINHTTP.dll
0x00007ff8964e0000 - 0x00007ff89654b000 	C:\WINDOWS\system32\mswsock.dll
0x00007ff81dbe0000 - 0x00007ff81dbf6000 	C:\Users\stas2\.jdks\openjdk-21.0.1\bin\nio.dll
0x00007ff81cd30000 - 0x00007ff81cd48000 	C:\Users\stas2\.jdks\openjdk-21.0.1\bin\zip.dll
0x00007ff890700000 - 0x00007ff89071a000 	C:\IntelliJ IDEA Community Edition 2021.3.2\IntelliJ IDEA Community Edition 2023.2.1\bin\breakgen64.dll
0x00007ff862f10000 - 0x00007ff862f8b000 	C:\Users\stas2\AppData\Local\Temp\lwjgl_stas2\3.3.4+7\x64\lwjgl.dll
0x00007ff84fbd0000 - 0x00007ff84fc55000 	C:\Users\stas2\AppData\Local\Temp\lwjgl_stas2\3.3.4+7\x64\glfw.dll
0x00007ff881680000 - 0x00007ff8816cb000 	C:\WINDOWS\SYSTEM32\dinput8.dll
0x00007ff88d310000 - 0x00007ff88d32c000 	C:\WINDOWS\SYSTEM32\xinput1_4.dll
0x00007ff896d30000 - 0x00007ff896d87000 	C:\WINDOWS\SYSTEM32\cfgmgr32.dll
0x00007ff896d00000 - 0x00007ff896d2d000 	C:\WINDOWS\SYSTEM32\DEVOBJ.dll
0x00007ff872b60000 - 0x00007ff872d41000 	C:\WINDOWS\SYSTEM32\inputhost.dll
0x00007ff890f30000 - 0x00007ff891057000 	C:\WINDOWS\SYSTEM32\CoreMessaging.dll
0x00007ff8913c0000 - 0x00007ff8913f0000 	C:\WINDOWS\SYSTEM32\dwmapi.dll
0x00007ff8916e0000 - 0x00007ff89178a000 	C:\WINDOWS\system32\uxtheme.dll
0x00007ff898170000 - 0x00007ff8982ce000 	C:\WINDOWS\System32\MSCTF.dll
0x00007ff8967c0000 - 0x00007ff8967cc000 	C:\WINDOWS\SYSTEM32\CRYPTBASE.DLL
0x00007ff87f370000 - 0x00007ff87f47c000 	C:\WINDOWS\SYSTEM32\opengl32.dll
0x00007ff87fd40000 - 0x00007ff87fd6d000 	C:\WINDOWS\SYSTEM32\GLU32.dll
0x00007ff893fe0000 - 0x00007ff894023000 	C:\WINDOWS\SYSTEM32\dxcore.dll
0x00007ff88d240000 - 0x00007ff88d2a3000 	C:\WINDOWS\SYSTEM32\directxdatabasehelper.dll
0x00007ff883590000 - 0x00007ff8835aa000 	C:\WINDOWS\SYSTEM32\windows.staterepositorycore.dll
0x00007fffeda60000 - 0x00007fffeea53000 	C:\WINDOWS\System32\DriverStore\FileRepository\iigd_dch.inf_amd64_5802b1615520e41c\igxelpicd64.dll
0x00007ff8993c0000 - 0x00007ff899557000 	C:\WINDOWS\System32\ole32.dll
0x00007ff891830000 - 0x00007ff891969000 	C:\WINDOWS\system32\dxgi.dll
0x00007fffff840000 - 0x00007fffffb27000 	C:\WINDOWS\System32\DriverStore\FileRepository\iigd_dch.inf_amd64_5802b1615520e41c\igdml64.dll
0x00007ff889540000 - 0x00007ff889907000 	C:\WINDOWS\System32\DriverStore\FileRepository\iigd_dch.inf_amd64_5802b1615520e41c\igdgmm64.dll
0x00007ff885e00000 - 0x00007ff889411000 	C:\WINDOWS\System32\DriverStore\FileRepository\iigd_dch.inf_amd64_5802b1615520e41c\igc64.dll
0x00007ff86f9f0000 - 0x00007ff86fb37000 	C:\WINDOWS\SYSTEM32\textinputframework.dll
0x00007ff88bcf0000 - 0x00007ff88bfd2000 	C:\WINDOWS\SYSTEM32\CoreUIComponents.dll
0x00007ff8593d0000 - 0x00007ff859431000 	C:\Users\stas2\AppData\Local\Temp\lwjgl_stas2\3.3.4+7\x64\lwjgl_opengl.dll
0x00007fffd8d30000 - 0x00007fffd9524000 	C:\Users\stas2\AppData\Local\Temp\imgui-java-natives\1.89.0\imgui-java64.dll
0x00007ff86e910000 - 0x00007ff86e920000 	C:\Users\stas2\.jdks\openjdk-21.0.1\bin\verify.dll
0x00007ff842a90000 - 0x00007ff842b30000 	C:\Users\stas2\AppData\Local\Temp\lwjgl_stas2\3.3.4+7\x64\lwjgl_stb.dll
0x00007ff842900000 - 0x00007ff842a8e000 	C:\Users\stas2\.jdks\openjdk-21.0.1\bin\awt.dll
0x00007ff891310000 - 0x00007ff8913af000 	C:\WINDOWS\SYSTEM32\apphelp.dll
0x00007ff8992b0000 - 0x00007ff8993a2000 	C:\WINDOWS\System32\COMDLG32.dll
0x00007ff899650000 - 0x00007ff899700000 	C:\WINDOWS\System32\clbcatq.dll
0x00007ff878450000 - 0x00007ff878503000 	C:\WINDOWS\SYSTEM32\TextShaping.dll
0x00007ff881b90000 - 0x00007ff881c09000 	C:\WINDOWS\SYSTEM32\OLEACC.dll
0x00007ff870cd0000 - 0x00007ff8710e9000 	C:\WINDOWS\SYSTEM32\UIAutomationCore.DLL
0x00007ff867ef0000 - 0x00007ff867f19000 	C:\WINDOWS\SYSTEM32\edputil.dll
0x00007ff88f930000 - 0x00007ff88fb60000 	C:\WINDOWS\SYSTEM32\WindowsCodecs.dll
0x00007ff86b3f0000 - 0x00007ff86b4b9000 	C:\Windows\System32\OneCoreCommonProxyStub.dll
0x00007ff88ec00000 - 0x00007ff88ed03000 	C:\WINDOWS\system32\propsys.dll
0x00007ff866f90000 - 0x00007ff866fdf000 	C:\Windows\System32\vaultcli.dll
0x00007ff855a40000 - 0x00007ff855a5b000 	C:\WINDOWS\system32\NetworkExplorer.dll
0x00007ff86c640000 - 0x00007ff86c6e7000 	C:\WINDOWS\SYSTEM32\ntshrui.dll
0x00007ff87d330000 - 0x00007ff87d359000 	C:\WINDOWS\SYSTEM32\srvcli.dll
0x00007ff868f60000 - 0x00007ff868f73000 	C:\WINDOWS\SYSTEM32\cscapi.dll
0x00007ff871be0000 - 0x00007ff871c9e000 	C:\WINDOWS\System32\StructuredQuery.dll
0x00007ff87c800000 - 0x00007ff87ca9e000 	C:\WINDOWS\System32\icu.dll
0x00007ff86cf40000 - 0x00007ff86cfaf000 	C:\Windows\System32\thumbcache.dll
0x00007ff882390000 - 0x00007ff8829df000 	C:\Windows\System32\OneCoreUAPCommonProxyStub.dll
0x00007ff871eb0000 - 0x00007ff871fe5000 	C:\WINDOWS\system32\Windows.Storage.Search.dll
0x00007ff87d180000 - 0x00007ff87d1da000 	C:\WINDOWS\system32\dataexchange.dll
0x00007ff860700000 - 0x00007ff86087b000 	C:\Windows\System32\Windows.System.Launcher.dll
0x00007ff88dca0000 - 0x00007ff88dee4000 	C:\WINDOWS\system32\twinapi.appcore.dll
0x00007ff87dc10000 - 0x00007ff87ddee000 	C:\Windows\System32\urlmon.dll
0x00007ff87d410000 - 0x00007ff87d6d5000 	C:\Windows\System32\iertutil.dll
0x00007ff895880000 - 0x00007ff89588d000 	C:\Windows\System32\netutils.dll
0x00007ff8961f0000 - 0x00007ff896239000 	C:\Windows\System32\SspiCli.dll
0x00007ff861730000 - 0x00007ff8617f4000 	C:\Windows\System32\Windows.StateRepositoryPS.dll
0x00007ff890800000 - 0x00007ff8908b5000 	C:\WINDOWS\SYSTEM32\policymanager.dll
0x00007ff857f60000 - 0x00007ff858223000 	C:\Users\stas2\AppData\Local\Microsoft\OneDrive\25.206.1021.0003\FileSyncShell64.dll
0x00007ff8976d0000 - 0x00007ff897847000 	C:\WINDOWS\System32\CRYPT32.dll
0x00007ff896f80000 - 0x00007ff896faa000 	C:\WINDOWS\SYSTEM32\bcrypt.dll
0x00007ff891480000 - 0x00007ff89148d000 	C:\WINDOWS\SYSTEM32\Secur32.dll
0x00007ff87d6e0000 - 0x00007ff87d969000 	C:\WINDOWS\SYSTEM32\WININET.dll
0x00007ff891490000 - 0x00007ff8914ba000 	C:\WINDOWS\SYSTEM32\WTSAPI32.dll
0x00007ff896590000 - 0x00007ff8965bb000 	C:\WINDOWS\SYSTEM32\USERENV.dll
0x00007ff86cfe0000 - 0x00007ff86d018000 	C:\Windows\System32\EhStorShell.dll
0x00007ff898c40000 - 0x00007ff8990ca000 	C:\WINDOWS\System32\SETUPAPI.dll
0x00007ff81dfa0000 - 0x00007ff81e0c8000 	C:\Users\stas2\AppData\Local\Temp\lwjgl_stas2\3.3.4+7\x64\draco.dll
0x00007fffce1e0000 - 0x00007fffce89b000 	C:\Users\stas2\AppData\Local\Temp\lwjgl_stas2\3.3.4+7\x64\assimp.dll

dbghelp: loaded successfully - version: 4.0.5 - missing functions: none
symbol engine: initialized successfully - sym options: 0x614 - pdb path: .;C:\Users\stas2\.jdks\openjdk-21.0.1\bin;C:\WINDOWS\SYSTEM32;C:\WINDOWS\WinSxS\amd64_microsoft.windows.common-controls_6595b64144ccf1df_6.0.26100.7019_none_3e06ffa0e335b8a8;C:\Users\stas2\.jdks\openjdk-21.0.1\bin\server;C:\IntelliJ IDEA Community Edition 2021.3.2\IntelliJ IDEA Community Edition 2023.2.1\bin;C:\Users\stas2\AppData\Local\Temp\lwjgl_stas2\3.3.4+7\x64;C:\WINDOWS\System32\DriverStore\FileRepository\iigd_dch.inf_amd64_5802b1615520e41c;C:\Users\stas2\AppData\Local\Temp\imgui-java-natives\1.89.0;C:\Users\stas2\AppData\Local\Microsoft\OneDrive\25.206.1021.0003

VM Arguments:
jvm_args: -javaagent:C:\IntelliJ IDEA Community Edition 2021.3.2\IntelliJ IDEA Community Edition 2023.2.1\lib\idea_rt.jar=51284:C:\IntelliJ IDEA Community Edition 2021.3.2\IntelliJ IDEA Community Edition 2023.2.1\bin -Dfile.encoding=windows-1252 -Dsun.stdout.encoding=windows-1252 -Dsun.stderr.encoding=windows-1252 --module-path=C:\Users\stas2\.m2\repository\org\lwjgl\lwjgl-stb\3.3.4\lwjgl-stb-3.3.4.jar;C:\Users\stas2\.m2\repository\io\github\spair\imgui-java-lwjgl3\1.89.0\imgui-java-lwjgl3-1.89.0.jar;C:\Users\stas2\.m2\repository\com\fasterxml\jackson\core\jackson-annotations\2.17.2\jackson-annotations-2.17.2.jar;C:\Users\stas2\.m2\repository\org\lwjgl\lwjgl\3.3.4\lwjgl-3.3.4.jar;C:\Users\stas2\.m2\repository\com\fasterxml\jackson\core\jackson-databind\2.17.2\jackson-databind-2.17.2.jar;C:\Users\stas2\.m2\repository\org\joml\joml\1.10.7\joml-1.10.7.jar;C:\Users\stas2\.m2\repository\org\joml\joml-primitives\1.10.0\joml-primitives-1.10.0.jar;C:\Users\stas2\.m2\repository\io\github\spair\imgui-java-binding\1.89.0\imgui-java-binding-1.89.0.jar;C:\Users\stas2\.m2\repository\org\lwjgl\lwjgl-assimp\3.3.4\lwjgl-assimp-3.3.4.jar;C:\Users\stas2\.m2\repository\org\lwjgl\lwjgl-opengl\3.3.4\lwjgl-opengl-3.3.4.jar;O:\GIt\MultiplayerShooter\target\classes;C:\Users\stas2\.m2\repository\com\fasterxml\jackson\core\jackson-core\2.17.2\jackson-core-2.17.2.jar;C:\Users\stas2\.m2\repository\org\lwjgl\lwjgl-vulkan\3.3.4\lwjgl-vulkan-3.3.4.jar;C:\Users\stas2\.m2\repository\org\lwjgl\lwjgl-glfw\3.3.4\lwjgl-glfw-3.3.4.jar -Djdk.module.main=com.bedrye.bjge 
java_command: com.bedrye.bjge/com.bedrye.bjge.TestMain
java_class_path (initial): C:\Users\stas2\.m2\repository\io\github\spair\imgui-java-natives-windows\1.89.0\imgui-java-natives-windows-1.89.0.jar;C:\Users\stas2\.m2\repository\org\junit\jupiter\junit-jupiter-api\5.9.2\junit-jupiter-api-5.9.2.jar;C:\Users\stas2\.m2\repository\org\opentest4j\opentest4j\1.2.0\opentest4j-1.2.0.jar;C:\Users\stas2\.m2\repository\org\junit\platform\junit-platform-commons\1.9.2\junit-platform-commons-1.9.2.jar;C:\Users\stas2\.m2\repository\org\apiguardian\apiguardian-api\1.1.2\apiguardian-api-1.1.2.jar;C:\Users\stas2\.m2\repository\org\junit\jupiter\junit-jupiter-engine\5.9.2\junit-jupiter-engine-5.9.2.jar;C:\Users\stas2\.m2\repository\org\junit\platform\junit-platform-engine\1.9.2\junit-platform-engine-1.9.2.jar;C:\Users\stas2\.m2\repository\org\lwjgl\lwjgl-bgfx\3.3.4\lwjgl-bgfx-3.3.4.jar;C:\Users\stas2\.m2\repository\org\lwjgl\lwjgl-nanovg\3.3.4\lwjgl-nanovg-3.3.4.jar;C:\Users\stas2\.m2\repository\org\lwjgl\lwjgl-nuklear\3.3.4\lwjgl-nuklear-3.3.4.jar;C:\Users\stas2\.m2\repository\org\lwjgl\lwjgl-openal\3.3.4\lwjgl-openal-3.3.4.jar;C:\Users\stas2\.m2\repository\org\lwjgl\lwjgl-par\3.3.4\lwjgl-par-3.3.4.jar;C:\Users\stas2\.m2\repository\org\lwjgl\lwjgl\3.3.4\lwjgl-3.3.4-natives-windows.jar;C:\Users\stas2\.m2\repository\org\lwjgl\lwjgl-assimp\3.3.4\lwjgl-assimp-3.3.4-natives-windows.jar;C:\Users\stas2\.m2\repository\org\lwjgl\lwjgl-bgfx\3.3.4\lwjgl-bgfx-3.3.4-natives-windows.jar;C:\Users\stas2\.m2\repository\org\lwjgl\lwjgl-glfw\3.3.4\lwjgl-glfw-3.3.4-natives-windows.jar;C:\Users\stas2\.m2\repository\org\lwjgl\lwjgl-nanovg\3.3.4\lwjgl-nanovg-3.3.4-natives-windows.jar;C:\Users\stas2\.m2\repository\org\lwjgl\lwjgl-nuklear\3.3.4\lwjgl-nuklear-3.3.4-natives-windows.jar;C:\Users\stas2\.m2\repository\org\lwjgl\lwjgl-openal\3.3.4\lwjgl-openal-3.3.4-natives-windows.jar;C:\Users\stas2\.m2\repository\org\lwjgl\lwjgl-opengl\3.3.4\lwjgl-opengl-3.3.4-natives-windows.jar;C:\Users\stas2\.m2\repository\org\lwjgl\lwjgl-par\3.3.4\lwjgl-par-3.3.4-natives-windows.jar;C:\Users\stas2\.m2\repository\org\lwjgl\lwjgl-stb\3.3.4\lwjgl-stb-3.3.4-natives-windows.jar
Launcher Type: SUN_STANDARD

[Global flags]
     intx CICompilerCount                          = 4                                         {product} {ergonomic}
     uint ConcGCThreads                            = 3                                         {product} {ergonomic}
     uint G1ConcRefinementThreads                  = 10                                        {product} {ergonomic}
   size_t G1HeapRegionSize                         = 2097152                                   {product} {ergonomic}
    uintx GCDrainStackTargetSize                   = 64                                        {product} {ergonomic}
   size_t InitialHeapSize                          = 266338304                                 {product} {ergonomic}
   size_t MarkStackSize                            = 4194304                                   {product} {ergonomic}
   size_t MaxHeapSize                              = 4238344192                                {product} {ergonomic}
   size_t MaxNewSize                               = 2541748224                                {product} {ergonomic}
   size_t MinHeapDeltaBytes                        = 2097152                                   {product} {ergonomic}
   size_t MinHeapSize                              = 8388608                                   {product} {ergonomic}
    uintx NonNMethodCodeHeapSize                   = 5839372                                {pd product} {ergonomic}
    uintx NonProfiledCodeHeapSize                  = 122909434                              {pd product} {ergonomic}
    uintx ProfiledCodeHeapSize                     = 122909434                              {pd product} {ergonomic}
    uintx ReservedCodeCacheSize                    = 251658240                              {pd product} {ergonomic}
     bool SegmentedCodeCache                       = true                                      {product} {ergonomic}
   size_t SoftMaxHeapSize                          = 4238344192                             {manageable} {ergonomic}
     bool UseCompressedOops                        = true                           {product lp64_product} {ergonomic}
     bool UseG1GC                                  = true                                      {product} {ergonomic}
     bool UseLargePagesIndividualAllocation        = false                                  {pd product} {ergonomic}

Logging:
Log output configuration:
 #0: stdout all=off uptime,level,tags foldmultilines=false
 #1: stderr all=off uptime,level,tags foldmultilines=false

Environment Variables:
JAVA_HOME=C:\Program Files\Java\jdk-21
PATH=C:\Program Files\PlasticSCM5\server;C:\Program Files\PlasticSCM5\client;C:\Program Files\NVIDIA GPU Computing Toolkit\CUDA\v12.6\bin;C:\Program Files\NVIDIA GPU Computing Toolkit\CUDA\v12.6\libnvvp;C:\Program Files\Common Files\Oracle\Java\javapath;C:\Windows\system32;C:\Windows;C:\Program Files\Java\jdk-11.0.2\bin;C:\Windows\System32\Wbem;C:\Windows\System32\WindowsPowerShell\v1.0\;C:\Windows\System32\OpenSSH\;C:\Program Files (x86)\NVIDIA Corporation\PhysX\Common;C:\Program Files\Git LFS;C:\Program Files\Git\cmd;C:\Program Files (x86)\Windows Kits\10\Windows Performance Toolkit\;C:\Program Files (x86)\Steam\steamapps\common\Counter-Strike Global Offensive\game\bin\win64;C:\Users\stas2\AppData\Local\Programs\Python\Python311;C:\Program Files\dotnet\;C:\Program Files\Microsoft SQL Server\150\Tools\Binn\;C:\Program Files\Microsoft SQL Server\Client SDK\ODBC\170\Tools\Binn\;C:\Program Files\NVIDIA Corporation\Nsight Compute 2024.3.2\;C:\Program Files (x86)\Microsoft SQL Server\160\Tools\Binn\;C:\Program Files\Microsoft SQL Server\160\Tools\Binn\;C:\Program Files\Microsoft SQL Server\160\DTS\Binn\;C:\Program Files (x86)\Microsoft SQL Server\160\DTS\Binn\;C:\WINDOWS\system32;C:\WINDOWS;C:\WINDOWS\System32\Wbem;C:\WINDOWS\System32\WindowsPowerShell\v1.0\;C:\WINDOWS\System32\OpenSSH\;C:\Program Files\Docker\Docker\resources\bin;O:\npdejs\;C:\Users\stas2\AppData\Local\Programs\Python\Python312\Scripts;;C:\Program Files\NVIDIA Corporation\NVIDIA App\NvDLISR;C:\Users\stas2\AppData\Local\Microsoft\WindowsApps;C:\Users\stas2\AppData\Local\Programs\Microsoft VS Code\bin;C:\Users\stas2\AppData\Local\GitHubDesktop\bin;C:\Users\stas2\AppData\Local\Programs\Python\Python311;C:\Program Files (x86)\Steam\steamapps\common\Counter-Strike Global Offensive\game\bin\win64;C:\Users\stas2\.dotnet\tools;C:\Users\stas2\AppData\Local\Muse Hub\lib;C:\Users\stas2\AppData\Roaming\npm;C:\Users\stas2\AppData\Local\Programs\Python\Python312\Scripts;
USERNAME=stas2
OS=Windows_NT
PROCESSOR_IDENTIFIER=Intel64 Family 6 Model 141 Stepping 1, GenuineIntel
TMP=C:\Users\stas2\AppData\Local\Temp
TEMP=C:\Users\stas2\AppData\Local\Temp




Periodic native trim disabled

---------------  S Y S T E M  ---------------

OS:
 Windows 11 , 64 bit Build 26100 (10.0.26100.7019)
OS uptime: 22 days 10:54 hours
Hyper-V role detected

CPU: total 12 (initial active 12) (6 cores per cpu, 2 threads per core) family 6 model 141 stepping 1 microcode 0x3c, cx8, cmov, fxsr, ht, mmx, 3dnowpref, sse, sse2, sse3, ssse3, sse4.1, sse4.2, popcnt, lzcnt, tsc, tscinvbit, avx, avx2, aes, erms, clmul, bmi1, bmi2, adx, avx512f, avx512dq, avx512cd, avx512bw, avx512vl, sha, fma, vzeroupper, avx512_vpopcntdq, avx512_vpclmulqdq, avx512_vaes, avx512_vnni, clflush, clflushopt, clwb, avx512_vbmi2, avx512_vbmi, hv, rdtscp, rdpid, fsrm, gfni, avx512_bitalg, f16c, cet_ibt, cet_ss, avx512_ifma
Processor Information for all 12 processors :
  Max Mhz: 2688, Current Mhz: 2688, Mhz Limit: 2688

Memory: 4k page, system-wide physical 16163M (1133M free)
TotalPageFile size 40739M (AvailPageFile size 19116M)
current process WorkingSet (physical memory assigned to process): 326M, peak: 361M
current process commit charge ("private bytes"): 263M, peak: 473M

vm_info: OpenJDK 64-Bit Server VM (21.0.1+12-29) for windows-amd64 JRE (21.0.1+12-29), built on 2023-10-05T13:27:09Z by "mach5one" with MS VC++ 17.1 (VS2022)

END.
