#
# A fatal error has been detected by the Java Runtime Environment:
#
#  EXCEPTION_ACCESS_VIOLATION (0xc0000005) at pc=0x00007ffa39a66fa6, pid=10444, tid=26048
#
# JRE version: OpenJDK Runtime Environment (21.0.1+12) (build 21.0.1+12-29)
# Java VM: OpenJDK 64-Bit Server VM (21.0.1+12-29, mixed mode, sharing, tiered, compressed oops, compressed class ptrs, g1 gc, windows-amd64)
# Problematic frame:
# C  [igxelpicd64.dll+0x16fa6]
#
# No core dump will be written. Minidumps are not enabled by default on client versions of Windows
#
# If you would like to submit a bug report, please visit:
#   https://bugreport.java.com/bugreport/crash.jsp
# The crash happened outside the Java Virtual Machine in native code.
# See problematic frame for where to report the bug.
#

---------------  S U M M A R Y ------------

Command Line: -javaagent:C:\IntelliJ IDEA Community Edition 2021.3.2\IntelliJ IDEA Community Edition 2023.2.1\lib\idea_rt.jar=65179:C:\IntelliJ IDEA Community Edition 2021.3.2\IntelliJ IDEA Community Edition 2023.2.1\bin -Dfile.encoding=windows-1252 -Dsun.stdout.encoding=windows-1252 -Dsun.stderr.encoding=windows-1252 --module-path=O:\GIt\MultiplayerShooter\target\classes;C:\Users\stas2\.m2\repository\io\github\spair\imgui-java-binding\1.89.0\imgui-java-binding-1.89.0.jar;C:\Users\stas2\.m2\repository\org\joml\joml\1.10.7\joml-1.10.7.jar;C:\Users\stas2\.m2\repository\org\joml\joml-primitives\1.10.0\joml-primitives-1.10.0.jar;C:\Users\stas2\.m2\repository\com\fasterxml\jackson\core\jackson-core\2.17.2\jackson-core-2.17.2.jar;C:\Users\stas2\.m2\repository\org\lwjgl\lwjgl\3.3.4\lwjgl-3.3.4.jar;C:\Users\stas2\.m2\repository\org\lwjgl\lwjgl-opengl\3.3.4\lwjgl-opengl-3.3.4.jar;C:\Users\stas2\.m2\repository\com\fasterxml\jackson\core\jackson-databind\2.17.2\jackson-databind-2.17.2.jar;C:\Users\stas2\.m2\repository\com\fasterxml\jackson\core\jackson-annotations\2.17.2\jackson-annotations-2.17.2.jar;C:\Users\stas2\.m2\repository\org\lwjgl\lwjgl-stb\3.3.4\lwjgl-stb-3.3.4.jar;C:\Users\stas2\.m2\repository\org\lwjgl\lwjgl-assimp\3.3.4\lwjgl-assimp-3.3.4.jar;C:\Users\stas2\.m2\repository\org\lwjgl\lwjgl-glfw\3.3.4\lwjgl-glfw-3.3.4.jar;C:\Users\stas2\.m2\repository\io\github\spair\imgui-java-lwjgl3\1.89.0\imgui-java-lwjgl3-1.89.0.jar;C:\Users\stas2\.m2\repository\org\lwjgl\lwjgl-vulkan\3.3.4\lwjgl-vulkan-3.3.4.jar -Djdk.module.main=com.bedrye.bjge com.bedrye.bjge/com.bedrye.bjge.TestMain

Host: 11th Gen Intel(R) Core(TM) i5-11400H @ 2.70GHz, 12 cores, 15G,  Windows 11 , 64 bit Build 26100 (10.0.26100.5074)
Time: Fri Oct 10 12:39:15 2025 FLE Summer Time elapsed time: 128.353262 seconds (0d 0h 2m 8s)

---------------  T H R E A D  ---------------

Current thread (0x0000020ddec0bdc0):  JavaThread "main"             [_thread_in_native, id=26048, stack(0x000000d65cd00000,0x000000d65ce00000) (1024K)]

Stack: [0x000000d65cd00000,0x000000d65ce00000],  sp=0x000000d65cdff130,  free space=1020k
Native frames: (J=compiled Java code, j=interpreted, Vv=VM code, C=native code)
C  [igxelpicd64.dll+0x16fa6]

Java frames: (J=compiled Java code, j=interpreted, Vv=VM code)
J 2715  org.lwjgl.opengl.GL11C.glClear(I)V org.lwjgl.opengl@3.3.4+7 (0 bytes) @ 0x0000020df0e70119 [0x0000020df0e700c0+0x0000000000000059]
J 2979 c2 com.bedrye.bjge.GameEngine.Objects.BJEEditorScene.update()V com.bedrye.bjge@1.0-SNAPSHOT (69 bytes) @ 0x0000020df0eaa938 [0x0000020df0eaa8c0+0x0000000000000078]
j  com.bedrye.bjge.GameEngine.EngineWindowManager.update()V+58 com.bedrye.bjge@1.0-SNAPSHOT
j  com.bedrye.bjge.GameEngine.EngineWindowManager.run()V+5 com.bedrye.bjge@1.0-SNAPSHOT
j  com.bedrye.bjge.TestMain.main([Ljava/lang/String;)V+3 com.bedrye.bjge@1.0-SNAPSHOT
v  ~StubRoutines::call_stub 0x0000020df07d10e7

siginfo: EXCEPTION_ACCESS_VIOLATION (0xc0000005), writing address 0x0000020dca4a0000


Registers:
RAX=0x00000000680b0000, RBX=0x0000020dc6d44e50, RCX=0x0000020dca4a0000, RDX=0x00007ffa3a967e00
RSP=0x000000d65cdff130, RBP=0x000000d65cdff260, RSI=0x0000000000000000, RDI=0x0000020dc6d10040
R8 =0x0000000000000004, R9 =0x000000d65cdff310, R10=0x0000000000000780, R11=0x0000020df0eaa8e0
R12=0x0000000000000000, R13=0x0000000000004000, R14=0x0000000000000001, R15=0x0000020ddec0bdc0
RIP=0x00007ffa39a66fa6, EFLAGS=0x0000000000010202


Register to memory mapping:

RAX=0x00000000680b0000 is an unknown value
RBX=0x0000020dc6d44e50 points into unknown readable memory: 0x0000000000000000 | 00 00 00 00 00 00 00 00
RCX=0x0000020dca4a0000 is an unknown value
RDX=0x00007ffa3a967e00 igxelpicd64.dll
RSP=0x000000d65cdff130 is pointing into the stack for thread: 0x0000020ddec0bdc0
RBP=0x000000d65cdff260 is pointing into the stack for thread: 0x0000020ddec0bdc0
RSI=0x0 is null
RDI=0x0000020dc6d10040 points into unknown readable memory: 0x0000020dc6f70040 | 40 00 f7 c6 0d 02 00 00
R8 =0x0000000000000004 is an unknown value
R9 =0x000000d65cdff310 is pointing into the stack for thread: 0x0000020ddec0bdc0
R10=0x0000000000000780 is an unknown value
R11=0x0000020df0eaa8e0 is at entry_point+32 in (nmethod*)0x0000020df0eaa690
Compiled method (c2)  128375 2979       4       com.bedrye.bjge.GameEngine.Objects.BJEEditorScene::update (69 bytes)
 total in heap  [0x0000020df0eaa690,0x0000020df0eaaf40] = 2224
 relocation     [0x0000020df0eaa7f0,0x0000020df0eaa8a0] = 176
 constants      [0x0000020df0eaa8a0,0x0000020df0eaa8c0] = 32
 main code      [0x0000020df0eaa8c0,0x0000020df0eaaaf8] = 568
 stub code      [0x0000020df0eaaaf8,0x0000020df0eaab78] = 128
 oops           [0x0000020df0eaab78,0x0000020df0eaab98] = 32
 metadata       [0x0000020df0eaab98,0x0000020df0eaac48] = 176
 scopes data    [0x0000020df0eaac48,0x0000020df0eaad38] = 240
 scopes pcs     [0x0000020df0eaad38,0x0000020df0eaae38] = 256
 dependencies   [0x0000020df0eaae38,0x0000020df0eaae68] = 48
 handler table  [0x0000020df0eaae68,0x0000020df0eaaf28] = 192
 nul chk table  [0x0000020df0eaaf28,0x0000020df0eaaf40] = 24
R12=0x0 is null
R13=0x0000000000004000 is an unknown value
R14=0x0000000000000001 is an unknown value
R15=0x0000020ddec0bdc0 is a thread

Top of Stack: (sp=0x000000d65cdff130)
0x000000d65cdff130:   0000bf351e156ee1 0000000000001406
0x000000d65cdff140:   0000000000000700 0000020dc6d72828
0x000000d65cdff150:   0000000000000700 00007ffa39b85722
0x000000d65cdff160:   0000020dc6d10040 0000000000000000
0x000000d65cdff170:   000000d65cdff280 00007ffa39b85d08
0x000000d65cdff180:   0000020dc6cf23d0 0000020dc6d50b20
0x000000d65cdff190:   0000020dc6d10040 0000020dc6cf23d0
0x000000d65cdff1a0:   00000001c6dd16d4 0000000000000000
0x000000d65cdff1b0:   0000400000000001 0000078000000438
0x000000d65cdff1c0:   000000d65cdff310 0000000000000000
0x000000d65cdff1d0:   0000410000000000 0000078000000438
0x000000d65cdff1e0:   0000000000000000 0000000000000001
0x000000d65cdff1f0:   0000000000000001 0000020dc6ba6000
0x000000d65cdff200:   0000bf3500000000 0000000000000000
0x000000d65cdff210:   0000043800000780 0000020dc6cf23d0
0x000000d65cdff220:   000000d65cdff208 000000d65cdff260
0x000000d65cdff230:   000000d65cdff1f8 0000000000000000
0x000000d65cdff240:   000000000000ff01 0000000000000000
0x000000d65cdff250:   000000003f4ccccd 0000000000000000
0x000000d65cdff260:   000000003f4ccccd 0000000000000000
0x000000d65cdff270:   000000003f4ccccd 0000000000000000
0x000000d65cdff280:   0000bf351e156f21 0000000000000000
0x000000d65cdff290:   0000000080000000 0000000000000000
0x000000d65cdff2a0:   0000000000000000 0000000000000000
0x000000d65cdff2b0:   0000020ddec0bdc0 000000d65cdff380
0x000000d65cdff2c0:   000000d65cdff3e0 0000000000000000
0x000000d65cdff2d0:   0000020dc6d45750 0000000000000000
0x000000d65cdff2e0:   000000d65cdff390 00007ffa39b85081
0x000000d65cdff2f0:   0000020dc6d10040 0000020dc6d10040
0x000000d65cdff300:   0000000000000000 0000000000004000
0x000000d65cdff310:   0000000000000000 0000043800000780
0x000000d65cdff320:   0000000000000000 0000020df0e701b0 

Instructions: (pc=0x00007ffa39a66fa6)
0x00007ffa39a66ea6:   49 83 e2 f0 48 c1 e8 04 49 03 ca 49 03 d2 48 83
0x00007ffa39a66eb6:   f8 07 77 31 83 f8 04 0f 85 fd 00 00 00 f3 0f 6f
0x00007ffa39a66ec6:   42 c0 f3 0f 7f 41 c0 f3 0f 6f 42 d0 f3 0f 7f 41
0x00007ffa39a66ed6:   d0 f3 0f 6f 42 e0 f3 0f 7f 41 e0 f3 0f 6f 42 f0
0x00007ffa39a66ee6:   f3 0f 7f 41 f0 0f 28 3c 24 4d 2b c2 0f 28 74 24
0x00007ffa39a66ef6:   10 4d 85 c0 0f 84 63 ff ff ff 49 8b c0 48 83 e0
0x00007ffa39a66f06:   fc 48 03 c8 48 03 d0 49 8b c0 48 c1 e8 02 48 83
0x00007ffa39a66f16:   e8 01 74 18 48 83 e8 01 74 0c 48 83 f8 01 75 12
0x00007ffa39a66f26:   8b 42 f4 89 41 f4 8b 42 f8 89 41 f8 8b 42 fc 89
0x00007ffa39a66f36:   41 fc 41 f6 c0 01 0f 85 ea 01 00 00 41 f6 c0 02
0x00007ffa39a66f46:   0f 84 17 ff ff ff 0f b7 02 66 89 01 e9 0c ff ff
0x00007ffa39a66f56:   ff f6 c1 01 74 0e 0f b6 02 49 ff c8 88 01 48 ff
0x00007ffa39a66f66:   c1 48 ff c2 f6 c1 02 0f 84 33 fe ff ff 0f b7 02
0x00007ffa39a66f76:   49 83 e8 02 66 89 01 48 83 c1 02 48 83 c2 02 e9
0x00007ffa39a66f86:   1c fe ff ff 49 83 f8 01 0f 84 8e 01 00 00 49 83
0x00007ffa39a66f96:   f8 02 74 b2 49 83 f8 03 0f 84 51 02 00 00 8b 02
0x00007ffa39a66fa6:   89 01 48 83 c4 28 c3 0f b6 02 49 ff c8 88 01 48
0x00007ffa39a66fb6:   ff c1 48 ff c2 e9 99 fe ff ff ff c8 83 f8 06 0f
0x00007ffa39a66fc6:   87 20 ff ff ff 4c 8d 0d 2e 90 fe ff 41 8b 84 81
0x00007ffa39a66fd6:   48 72 01 00 49 03 c1 ff e0 f3 0f 6f 42 a0 f3 0f
0x00007ffa39a66fe6:   7f 41 a0 f3 0f 6f 42 b0 f3 0f 7f 41 b0 e9 cb fe
0x00007ffa39a66ff6:   ff ff 4d 8b c8 49 c1 e9 07 49 6b c1 80 4c 03 c0
0x00007ffa39a67006:   f3 0f 6f 02 48 83 ea 80 48 83 e9 80 f3 0f 6f 4a
0x00007ffa39a67016:   90 f3 0f 6f 52 a0 f3 0f 6f 5a b0 f3 0f 6f 62 c0
0x00007ffa39a67026:   f3 0f 6f 6a d0 f3 0f 6f 72 e0 f3 0f 6f 7a f0 f3
0x00007ffa39a67036:   0f 7f 41 80 f3 0f 7f 49 90 f3 0f 7f 51 a0 f3 0f
0x00007ffa39a67046:   7f 59 b0 f3 0f 7f 61 c0 f3 0f 7f 69 d0 f3 0f 7f
0x00007ffa39a67056:   71 e0 f3 0f 7f 79 f0 49 83 e9 01 0f 84 39 fe ff
0x00007ffa39a67066:   ff eb 9d 49 81 f8 80 00 00 00 0f 83 c9 00 00 00
0x00007ffa39a67076:   4d 8b d0 49 8b c0 49 83 e2 f0 48 c1 e8 04 49 03
0x00007ffa39a67086:   ca 49 03 d2 48 83 f8 07 0f 87 57 fe ff ff 83 f8
0x00007ffa39a67096:   07 0f 85 15 01 00 00 f3 0f 6f 42 90 f3 0f 7f 41 


Stack slot to memory mapping:

stack at sp + 0 slots: 0x0000bf351e156ee1 is an unknown value
stack at sp + 1 slots: 0x0000000000001406 is an unknown value
stack at sp + 2 slots: 0x0000000000000700 is an unknown value
stack at sp + 3 slots: 0x0000020dc6d72828 points into unknown readable memory: 0x00007ffa3a53d090 | 90 d0 53 3a fa 7f 00 00
stack at sp + 4 slots: 0x0000000000000700 is an unknown value
stack at sp + 5 slots: 0x00007ffa39b85722 igxelpicd64.dll
stack at sp + 6 slots: 0x0000020dc6d10040 points into unknown readable memory: 0x0000020dc6f70040 | 40 00 f7 c6 0d 02 00 00
stack at sp + 7 slots: 0x0 is null


Compiled method (n/a)  128398 2715     n 0       org.lwjgl.opengl.GL11C::glClear (native)
 total in heap  [0x0000020df0e6ff10,0x0000020df0e702e0] = 976
 relocation     [0x0000020df0e70070,0x0000020df0e700a8] = 56
 main code      [0x0000020df0e700c0,0x0000020df0e702d4] = 532
 stub code      [0x0000020df0e702d4,0x0000020df0e702d8] = 4
 oops           [0x0000020df0e702d8,0x0000020df0e702e0] = 8

[Constant Pool (empty)]

[MachCode]
[Entry Point]
  # {method} {0x0000020dc29fa320} 'glClear' '(I)V' in 'org/lwjgl/opengl/GL11C'
  # parm0:    rdx       = int
  #           [sp+0x70]  (sp of caller)
  0x0000020df0e700c0: 448b 5208 | 49bb 0000 | 0081 0d02 | 0000 4d03 | d349 3bc2 | 0f84 0600 

  0x0000020df0e700d8: ;   {runtime_call ic_miss_stub}
  0x0000020df0e700d8: 0000 e9a1 | e89a ff90 
[Verified Entry Point]
  0x0000020df0e700e0: 8984 2400 | 80ff ff55 | 488b ec48 | 83ec 6090 | 4181 7f20 | 0100 0000 

  0x0000020df0e700f8: ;   {runtime_call StubRoutines (final stubs)}
  0x0000020df0e700f8: 7405 e801 | 6199 ff4c 

  0x0000020df0e70100: ;   {oop(a 'java/lang/Class'{0x00000007107af3d8} = 'org/lwjgl/opengl/GL11C')}
  0x0000020df0e70100: 8bc2 49be | d8f3 7a10 | 0700 0000 | 4c89 7424 | 504c 8d74 | 2450 498b | d6c5 f877 

  0x0000020df0e7011c: ;   {internal_word}
  0x0000020df0e7011c: 49ba 1901 | e7f0 0d02 | 0000 4d89 | 97a0 0300 | 0049 89a7 | 9803 0000 

  0x0000020df0e70134: ;   {external_word}
  0x0000020df0e70134: 49ba c925 | 9dc5 f97f | 0000 4180 | 3a00 0f84 | 4a00 0000 

  0x0000020df0e70148: ;   {metadata({method} {0x0000020dc29fa320} 'glClear' '(I)V' in 'org/lwjgl/opengl/GL11C')}
  0x0000020df0e70148: 5241 5048 | ba18 a39f | c20d 0200 | 0049 8bcf | 4883 ec20 | 40f6 c40f | 0f84 1900 | 0000 4883 
  0x0000020df0e70168: ;   {runtime_call}
  0x0000020df0e70168: ec08 48b8 | 30eb 4dc5 | f97f 0000 | ffd0 4883 | c408 e90c 

  0x0000020df0e7017c: ;   {runtime_call}
  0x0000020df0e7017c: 0000 0048 | b830 eb4d | c5f9 7f00 | 00ff d048 | 83c4 2041 | 585a 498d | 8fb8 0300 | 0041 c787 
  0x0000020df0e7019c: 4c04 0000 | 0400 0000 

  0x0000020df0e701a4: ;   {runtime_call}
  0x0000020df0e701a4: 48b8 d0d1 | 065f fa7f | 0000 ffd0 | c5f8 7741 | c787 4c04 | 0000 0500 | 0000 f083 | 4424 c000 
  0x0000020df0e701c4: 493b af50 | 0400 000f | 870e 0000 | 0041 83bf | 4804 0000 | 000f 8423 | 0000 00c5 | f877 498b 
  0x0000020df0e701e4: cf4c 8be4 | 4883 ec20 | 4883 e4f0 

  0x0000020df0e701f0: ;   {runtime_call}
  0x0000020df0e701f0: 48b8 c0be | 19c5 f97f | 0000 ffd0 | 498b e44d | 33e4 41c7 | 874c 0400 | 0008 0000 | 0041 83bf 
  0x0000020df0e70210: c804 0000 | 020f 8494 

  0x0000020df0e70218: ;   {external_word}
  0x0000020df0e70218: 0000 0049 | bac9 259d | c5f9 7f00 | 0041 803a | 000f 8444 

  0x0000020df0e7022c: ;   {metadata({method} {0x0000020dc29fa320} 'glClear' '(I)V' in 'org/lwjgl/opengl/GL11C')}
  0x0000020df0e7022c: 0000 0048 | ba18 a39f | c20d 0200 | 0049 8bcf | 4883 ec20 | 40f6 c40f | 0f84 1900 | 0000 4883 
  0x0000020df0e7024c: ;   {runtime_call}
  0x0000020df0e7024c: ec08 48b8 | 30eb 4dc5 | f97f 0000 | ffd0 4883 | c408 e90c 

  0x0000020df0e70260: ;   {runtime_call}
  0x0000020df0e70260: 0000 0048 | b830 eb4d | c5f9 7f00 | 00ff d048 | 83c4 2049 | c787 9803 | 0000 0000 | 0000 49c7 
  0x0000020df0e70280: 87a0 0300 | 0000 0000 | 00c5 f877 | 498b 8f28 | 0400 00c7 | 8100 0100 | 0000 0000 | 00c9 4983 
  0x0000020df0e702a0: 7f08 000f | 8501 0000 

  0x0000020df0e702a8: ;   {runtime_call StubRoutines (initial stubs)}
  0x0000020df0e702a8: 00c3 e951 | 0c96 ffc5 | f877 4c8b | e448 83ec | 2048 83e4 

  0x0000020df0e702bc: ;   {runtime_call}
  0x0000020df0e702bc: f048 b860 | 234e c5f9 | 7f00 00ff | d049 8be4 | 4d33 e4e9 | 47ff ffff 
[Stub Code]
  0x0000020df0e702d4: f4f4 f4f4 
[/MachCode]


Compiled method (c2)  128403 2979       4       com.bedrye.bjge.GameEngine.Objects.BJEEditorScene::update (69 bytes)
 total in heap  [0x0000020df0eaa690,0x0000020df0eaaf40] = 2224
 relocation     [0x0000020df0eaa7f0,0x0000020df0eaa8a0] = 176
 constants      [0x0000020df0eaa8a0,0x0000020df0eaa8c0] = 32
 main code      [0x0000020df0eaa8c0,0x0000020df0eaaaf8] = 568
 stub code      [0x0000020df0eaaaf8,0x0000020df0eaab78] = 128
 oops           [0x0000020df0eaab78,0x0000020df0eaab98] = 32
 metadata       [0x0000020df0eaab98,0x0000020df0eaac48] = 176
 scopes data    [0x0000020df0eaac48,0x0000020df0eaad38] = 240
 scopes pcs     [0x0000020df0eaad38,0x0000020df0eaae38] = 256
 dependencies   [0x0000020df0eaae38,0x0000020df0eaae68] = 48
 handler table  [0x0000020df0eaae68,0x0000020df0eaaf28] = 192
 nul chk table  [0x0000020df0eaaf28,0x0000020df0eaaf40] = 24


[Constant Pool]
             Address          hex4                    hex8      
  0x0000020df0eaa8a0:   0x3f4ccccd      0x3f8000003f4ccccd      
  0x0000020df0eaa8a4:   0x3f800000                              
  0x0000020df0eaa8a8:   0x41200000      0xf4f4f4f441200000      
  0x0000020df0eaa8ac:   0xf4f4f4f4                              
  0x0000020df0eaa8b0:   0xf4f4f4f4      0xf4f4f4f4f4f4f4f4      
  0x0000020df0eaa8b4:   0xf4f4f4f4                              
  0x0000020df0eaa8b8:   0xf4f4f4f4      0xf4f4f4f4f4f4f4f4      
  0x0000020df0eaa8bc:   0xf4f4f4f4                              

[MachCode]
[Entry Point]
  # {method} {0x0000020dc240fac8} 'update' '()V' in 'com/bedrye/bjge/GameEngine/Objects/BJEEditorScene'
  #           [sp+0x40]  (sp of caller)
  0x0000020df0eaa8c0: ;   {no_reloc}
  0x0000020df0eaa8c0: 448b 5208 | 49bb 0000 | 0081 0d02 | 0000 4d03 | d349 3bc2 

  0x0000020df0eaa8d4: ;   {runtime_call ic_miss_stub}
  0x0000020df0eaa8d4: 0f85 a640 | 97ff 6690 | 0f1f 4000 
[Verified Entry Point]
  0x0000020df0eaa8e0: 8984 2400 | 80ff ff55 | 4883 ec30 | 4181 7f20 | 0100 0000 | 0f85 f401 | 0000 4889 

  0x0000020df0eaa8fc: ;   {section_word}
  0x0000020df0eaa8fc: 1424 c5fa | 101d 9eff 

  0x0000020df0eaa904: ;   {section_word}
  0x0000020df0eaa904: ffff c5fa | 1005 92ff 

  0x0000020df0eaa90c: ;   {section_word}
  0x0000020df0eaa90c: ffff c5fa | 100d 8aff 

  0x0000020df0eaa914: ;   {section_word}
  0x0000020df0eaa914: ffff c5fa | 1015 82ff 

  0x0000020df0eaa91c: ;   {static_call}
  0x0000020df0eaa91c: ffff 90e8 

  0x0000020df0eaa920: ; ImmutableOopMap {[0]=Oop }
                      ;*invokestatic glClearColor {reexecute=0 rethrow=0 return_oop=0}
                      ; - org.lwjgl.opengl.GL11::glClearColor@4 (line 1022)
                      ; - com.bedrye.bjge.GameEngine.Objects.BJEEditorScene::update@7 (line 67)
  0x0000020df0eaa920: bc6c fdff 

  0x0000020df0eaa924: ;   {other}
  0x0000020df0eaa924: 0f1f 8400 | 9402 0000 | ba00 4000 

  0x0000020df0eaa930: ;   {static_call}
  0x0000020df0eaa930: 0066 90e8 

  0x0000020df0eaa934: ; ImmutableOopMap {[0]=Oop }
                      ;*invokestatic glClear {reexecute=0 rethrow=0 return_oop=0}
                      ; - org.lwjgl.opengl.GL11::glClear@1 (line 992)
                      ; - com.bedrye.bjge.GameEngine.Objects.BJEEditorScene::update@13 (line 69)
  0x0000020df0eaa934: a857 fcff 

  0x0000020df0eaa938: ;   {other}
  0x0000020df0eaa938: 0f1f 8400 | a802 0001 | 4c8b 1424 | 458b 5a18 

  0x0000020df0eaa948: ; implicit exception: dispatches to 0x0000020df0eaaab0
  0x0000020df0eaa948: 438b 54dc 

  0x0000020df0eaa94c: ;   {static_call}
  0x0000020df0eaa94c: 0c66 90e8 

  0x0000020df0eaa950: ; ImmutableOopMap {[0]=Oop }
                      ;*invokestatic glUseProgram {reexecute=0 rethrow=0 return_oop=0}
                      ; - org.lwjgl.opengl.GL20::glUseProgram@1 (line 398)
                      ; - com.bedrye.bjge.GameEngine.Util.Shaders.BasicProgramShader::Run@4 (line 39)
                      ; - com.bedrye.bjge.GameEngine.Objects.BJEEditorScene::update@20 (line 70)
  0x0000020df0eaa950: 8c98 fbff 

  0x0000020df0eaa954: ;   {other}
  0x0000020df0eaa954: 0f1f 8400 | c402 0002 | bac0 8400 

  0x0000020df0eaa960: ;   {static_call}
  0x0000020df0eaa960: 0066 90e8 

  0x0000020df0eaa964: ; ImmutableOopMap {[0]=Oop }
                      ;*invokestatic glActiveTexture {reexecute=0 rethrow=0 return_oop=0}
                      ; - org.lwjgl.opengl.GL13::glActiveTexture@1 (line 570)
                      ; - com.bedrye.bjge.GameEngine.Objects.BJEEditorScene::update@25 (line 72)
  0x0000020df0eaa964: 7812 fcff 

  0x0000020df0eaa968: ;   {other}
  0x0000020df0eaa968: 0f1f 8400 | d802 0003 | 4c8b 1424 | 458b 5210 | 4585 d20f | 8496 0000 | 004b 8d14 

  0x0000020df0eaa984: ;   {optimized virtual_call}
  0x0000020df0eaa984: d466 90e8 

  0x0000020df0eaa988: ; ImmutableOopMap {[0]=Oop }
                      ;*invokevirtual update {reexecute=0 rethrow=0 return_oop=0}
                      ; - com.bedrye.bjge.GameEngine.Objects.BJEEditorScene::update@32 (line 73)
  0x0000020df0eaa988: b4d6 ffff 

  0x0000020df0eaa98c: ;   {other}
  0x0000020df0eaa98c: 0f1f 8400 | fc02 0004 | 4c8b 1424 | 458b 5a18 | 4585 db0f | 8487 0000 | 004b 8d14 

  0x0000020df0eaa9a8: ;   {oop("specularPower"{0x0000000713093bc8})}
  0x0000020df0eaa9a8: dc49 b8c8 | 3b09 1307 

  0x0000020df0eaa9b0: ;   {optimized virtual_call}
  0x0000020df0eaa9b0: 0000 00e8 

  0x0000020df0eaa9b4: ; ImmutableOopMap {[0]=Oop }
                      ;*invokevirtual getKey {reexecute=0 rethrow=0 return_oop=0}
                      ; - com.bedrye.bjge.GameEngine.Util.Shaders.ShaderProgram::uploadFloat@2 (line 76)
                      ; - com.bedrye.bjge.GameEngine.Objects.BJEEditorScene::update@46 (line 74)
  0x0000020df0eaa9b4: 089b feff 

  0x0000020df0eaa9b8: ;   {other}
  0x0000020df0eaa9b8: 0f1f 8400 | 2803 0005 

  0x0000020df0eaa9c0: ;   {section_word}
  0x0000020df0eaa9c0: c5fa 1005 | e0fe ffff 

  0x0000020df0eaa9c8: ;   {static_call}
  0x0000020df0eaa9c8: 8bd0 90e8 

  0x0000020df0eaa9cc: ; ImmutableOopMap {[0]=Oop }
                      ;*invokestatic glUniform1f {reexecute=0 rethrow=0 return_oop=0}
                      ; - org.lwjgl.opengl.GL20::glUniform1f@2 (line 425)
                      ; - com.bedrye.bjge.GameEngine.Util.Shaders.ShaderProgram::uploadFloat@11 (line 77)
                      ; - com.bedrye.bjge.GameEngine.Objects.BJEEditorScene::update@46 (line 74)
  0x0000020df0eaa9cc: 1047 feff 

  0x0000020df0eaa9d0: ;   {other}
  0x0000020df0eaa9d0: 0f1f 8400 | 4003 0006 | 4c8b 1424 | 458b 5214 

  0x0000020df0eaa9e0: ; implicit exception: dispatches to 0x0000020df0eaaac4
  0x0000020df0eaa9e0: 478b 44d4 | 1045 85c0 | 7f6a 4c8b | 1424 453b | 6218 744c 

  0x0000020df0eaa9f4: ;   {static_call}
  0x0000020df0eaa9f4: 33d2 90e8 

  0x0000020df0eaa9f8: ; ImmutableOopMap {}
                      ;*invokestatic glUseProgram {reexecute=0 rethrow=0 return_oop=0}
                      ; - org.lwjgl.opengl.GL20::glUseProgram@1 (line 398)
                      ; - com.bedrye.bjge.GameEngine.Util.Shaders.BasicProgramShader::Clear@1 (line 62)
                      ; - com.bedrye.bjge.GameEngine.Objects.BJEEditorScene::update@65 (line 77)
  0x0000020df0eaa9f8: e497 fbff 

  0x0000020df0eaa9fc: ;   {other}
  0x0000020df0eaa9fc: 0f1f 8400 | 6c03 0007 | 4883 c430 

  0x0000020df0eaaa08: ;   {poll_return}
  0x0000020df0eaaa08: 5d49 3ba7 | 5004 0000 | 0f87 c200 | 0000 c3ba | f6ff ffff 

  0x0000020df0eaaa1c: ;   {runtime_call UncommonTrapBlob}
  0x0000020df0eaaa1c: 6666 90e8 

  0x0000020df0eaaa20: ; ImmutableOopMap {}
                      ;*invokevirtual update {reexecute=0 rethrow=0 return_oop=0}
                      ; - com.bedrye.bjge.GameEngine.Objects.BJEEditorScene::update@32 (line 73)
  0x0000020df0eaaa20: dcd2 97ff 

  0x0000020df0eaaa24: ;   {other}
  0x0000020df0eaaa24: 0f1f 8400 | 9403 0008 | baf6 ffff 

  0x0000020df0eaaa30: ;   {runtime_call UncommonTrapBlob}
  0x0000020df0eaaa30: ff66 90e8 

  0x0000020df0eaaa34: ; ImmutableOopMap {}
                      ;*invokevirtual uploadFloat {reexecute=0 rethrow=0 return_oop=0}
                      ; - com.bedrye.bjge.GameEngine.Objects.BJEEditorScene::update@46 (line 74)
  0x0000020df0eaaa34: c8d2 97ff 

  0x0000020df0eaaa38: ;   {other}
  0x0000020df0eaaa38: 0f1f 8400 | a803 0009 | baf6 ffff 

  0x0000020df0eaaa44: ;   {runtime_call UncommonTrapBlob}
  0x0000020df0eaaa44: ff66 90e8 

  0x0000020df0eaaa48: ; ImmutableOopMap {}
                      ;*invokevirtual Clear {reexecute=0 rethrow=0 return_oop=0}
                      ; - com.bedrye.bjge.GameEngine.Objects.BJEEditorScene::update@65 (line 77)
  0x0000020df0eaaa48: b4d2 97ff 

  0x0000020df0eaaa4c: ;   {other}
  0x0000020df0eaaa4c: 0f1f 8400 | bc03 000a | 478b 5cd4 | 1443 8b6c | d40c ba45 | ffff ff44 | 8954 2408 | 4489 5c24 
  0x0000020df0eaaa6c: 0c44 8944 

  0x0000020df0eaaa70: ;   {runtime_call UncommonTrapBlob}
  0x0000020df0eaaa70: 2414 90e8 

  0x0000020df0eaaa74: ; ImmutableOopMap {[0]=Oop [8]=NarrowOop [12]=NarrowOop }
                      ;*if_icmpge {reexecute=1 rethrow=0 return_oop=0}
                      ; - (reexecute) java.util.ArrayList::forEach@36 (line 1595)
                      ; - com.bedrye.bjge.GameEngine.Objects.BJEEditorScene::update@58 (line 75)
  0x0000020df0eaaa74: 88d2 97ff 

  0x0000020df0eaaa78: ;   {other}
  0x0000020df0eaaa78: 0f1f 8400 | e803 000b | 488b d0eb | 2148 8bd0 | eb1c 488b | d0eb 1748 | 8bd0 eb12 | 488b d0eb 
  0x0000020df0eaaa98: 0d48 8bd0 | eb08 488b | d0eb 0348 | 8bd0 4883 

  0x0000020df0eaaaa8: ;   {runtime_call _rethrow_Java}
  0x0000020df0eaaaa8: c430 5de9 | d08a a5ff | baf6 ffff 

  0x0000020df0eaaab4: ;   {runtime_call UncommonTrapBlob}
  0x0000020df0eaaab4: ff66 90e8 

  0x0000020df0eaaab8: ; ImmutableOopMap {}
                      ;*invokevirtual Run {reexecute=0 rethrow=0 return_oop=0}
                      ; - com.bedrye.bjge.GameEngine.Objects.BJEEditorScene::update@20 (line 70)
  0x0000020df0eaaab8: 44d2 97ff 

  0x0000020df0eaaabc: ;   {other}
  0x0000020df0eaaabc: 0f1f 8400 | 2c04 000c | baf6 ffff 

  0x0000020df0eaaac8: ;   {runtime_call UncommonTrapBlob}
  0x0000020df0eaaac8: ff66 90e8 

  0x0000020df0eaaacc: ; ImmutableOopMap {}
                      ;*invokevirtual forEach {reexecute=0 rethrow=0 return_oop=0}
                      ; - com.bedrye.bjge.GameEngine.Objects.BJEEditorScene::update@58 (line 75)
  0x0000020df0eaaacc: 30d2 97ff 

  0x0000020df0eaaad0: ;   {other}
  0x0000020df0eaaad0: 0f1f 8400 | 4004 000d 

  0x0000020df0eaaad8: ;   {internal_word}
  0x0000020df0eaaad8: 49ba 09aa | eaf0 0d02 | 0000 4d89 | 9768 0400 

  0x0000020df0eaaae8: ;   {runtime_call SafepointBlob}
  0x0000020df0eaaae8: 00e9 92c0 

  0x0000020df0eaaaec: ;   {runtime_call StubRoutines (final stubs)}
  0x0000020df0eaaaec: 97ff e80d | b795 ffe9 | 02fe ffff 
[Stub Code]
  0x0000020df0eaaaf8: ;   {no_reloc}
  0x0000020df0eaaaf8: 48bb 0000 | 0000 0000 

  0x0000020df0eaab00: ;   {runtime_call}
  0x0000020df0eaab00: 0000 e9fb 

  0x0000020df0eaab04: ;   {static_stub}
  0x0000020df0eaab04: ffff ff48 | bb00 0000 | 0000 0000 

  0x0000020df0eaab10: ;   {runtime_call}
  0x0000020df0eaab10: 00e9 fbff 

  0x0000020df0eaab14: ;   {static_stub}
  0x0000020df0eaab14: ffff 48bb | 0000 0000 | 0000 0000 

  0x0000020df0eaab20: ;   {runtime_call}
  0x0000020df0eaab20: e9fb ffff 

  0x0000020df0eaab24: ;   {static_stub}
  0x0000020df0eaab24: ff48 bb00 | 0000 0000 

  0x0000020df0eaab2c: ;   {runtime_call}
  0x0000020df0eaab2c: 0000 00e9 | fbff ffff 

  0x0000020df0eaab34: ;   {static_stub}
  0x0000020df0eaab34: 48bb 0000 | 0000 0000 

  0x0000020df0eaab3c: ;   {runtime_call}
  0x0000020df0eaab3c: 0000 e9fb 

  0x0000020df0eaab40: ;   {static_stub}
  0x0000020df0eaab40: ffff ff48 | bb00 0000 | 0000 0000 

  0x0000020df0eaab4c: ;   {runtime_call}
  0x0000020df0eaab4c: 00e9 fbff 

  0x0000020df0eaab50: ;   {static_stub}
  0x0000020df0eaab50: ffff 48bb | 0000 0000 | 0000 0000 

  0x0000020df0eaab5c: ;   {runtime_call}
  0x0000020df0eaab5c: e9fb ffff 

  0x0000020df0eaab60: ;   {runtime_call ExceptionBlob}
  0x0000020df0eaab60: ffe9 9a35 | a5ff e800 | 0000 0048 | 832c 2405 

  0x0000020df0eaab70: ;   {runtime_call DeoptimizationBlob}
  0x0000020df0eaab70: e9ab d497 | fff4 f4f4 
[/MachCode]


---------------  P R O C E S S  ---------------

Threads class SMR info:
_java_thread_list=0x0000020dd2e2d090, length=14, elements={
0x0000020ddec0bdc0, 0x0000020dffb23570, 0x0000020dffb271f0, 0x0000020dffb2c7d0,
0x0000020dffb2e210, 0x0000020dffb2f5c0, 0x0000020dffb2d4f0, 0x0000020dffb39040,
0x0000020dffb3d240, 0x0000020dffb2ef30, 0x0000020dffb2e8a0, 0x0000020dffb2c140,
0x0000020dc6aab670, 0x0000020dc7082cd0
}

Java Threads: ( => current thread )
=>0x0000020ddec0bdc0 JavaThread "main"                              [_thread_in_native, id=26048, stack(0x000000d65cd00000,0x000000d65ce00000) (1024K)]
  0x0000020dffb23570 JavaThread "Reference Handler"          daemon [_thread_blocked, id=16116, stack(0x000000d65d500000,0x000000d65d600000) (1024K)]
  0x0000020dffb271f0 JavaThread "Finalizer"                  daemon [_thread_blocked, id=31088, stack(0x000000d65d600000,0x000000d65d700000) (1024K)]
  0x0000020dffb2c7d0 JavaThread "Signal Dispatcher"          daemon [_thread_blocked, id=3196, stack(0x000000d65d700000,0x000000d65d800000) (1024K)]
  0x0000020dffb2e210 JavaThread "Attach Listener"            daemon [_thread_blocked, id=37064, stack(0x000000d65d800000,0x000000d65d900000) (1024K)]
  0x0000020dffb2f5c0 JavaThread "Service Thread"             daemon [_thread_blocked, id=13792, stack(0x000000d65d900000,0x000000d65da00000) (1024K)]
  0x0000020dffb2d4f0 JavaThread "Monitor Deflation Thread"   daemon [_thread_blocked, id=29284, stack(0x000000d65da00000,0x000000d65db00000) (1024K)]
  0x0000020dffb39040 JavaThread "C2 CompilerThread0"         daemon [_thread_blocked, id=33848, stack(0x000000d65db00000,0x000000d65dc00000) (1024K)]
  0x0000020dffb3d240 JavaThread "C1 CompilerThread0"         daemon [_thread_blocked, id=16316, stack(0x000000d65dc00000,0x000000d65dd00000) (1024K)]
  0x0000020dffb2ef30 JavaThread "Common-Cleaner"             daemon [_thread_blocked, id=37104, stack(0x000000d65dd00000,0x000000d65de00000) (1024K)]
  0x0000020dffb2e8a0 JavaThread "Monitor Ctrl-Break"         daemon [_thread_in_native, id=17104, stack(0x000000d65e000000,0x000000d65e100000) (1024K)]
  0x0000020dffb2c140 JavaThread "Notification Thread"        daemon [_thread_blocked, id=31900, stack(0x000000d65e100000,0x000000d65e200000) (1024K)]
  0x0000020dc6aab670 JavaThread "FileSystemWatchService"     daemon [_thread_in_native, id=8596, stack(0x000000d65df00000,0x000000d65e000000) (1024K)]
  0x0000020dc7082cd0 JavaThread "BJE-Asset-Watcher"          daemon [_thread_blocked, id=34148, stack(0x000000d65ee00000,0x000000d65ef00000) (1024K)]
Total: 14

Other Threads:
  0x0000020dffaffc60 VMThread "VM Thread"                           [id=36568, stack(0x000000d65d400000,0x000000d65d500000) (1024K)]
  0x0000020dffae8b20 WatcherThread "VM Periodic Task Thread"        [id=7772, stack(0x000000d65d300000,0x000000d65d400000) (1024K)]
  0x0000020de0ec74e0 WorkerThread "GC Thread#0"                     [id=5392, stack(0x000000d65ce00000,0x000000d65cf00000) (1024K)]
  0x0000020dc6582700 WorkerThread "GC Thread#1"                     [id=1768, stack(0x000000d65e200000,0x000000d65e300000) (1024K)]
  0x0000020dc65b6d00 WorkerThread "GC Thread#2"                     [id=31124, stack(0x000000d65e300000,0x000000d65e400000) (1024K)]
  0x0000020dc65b70a0 WorkerThread "GC Thread#3"                     [id=25064, stack(0x000000d65e400000,0x000000d65e500000) (1024K)]
  0x0000020dc65b7440 WorkerThread "GC Thread#4"                     [id=256, stack(0x000000d65e500000,0x000000d65e600000) (1024K)]
  0x0000020dc65b77e0 WorkerThread "GC Thread#5"                     [id=7360, stack(0x000000d65e600000,0x000000d65e700000) (1024K)]
  0x0000020dc65df740 WorkerThread "GC Thread#6"                     [id=8276, stack(0x000000d65e700000,0x000000d65e800000) (1024K)]
  0x0000020dc72b9cb0 WorkerThread "GC Thread#7"                     [id=20176, stack(0x000000d65ef00000,0x000000d65f000000) (1024K)]
  0x0000020dc72bab30 WorkerThread "GC Thread#8"                     [id=19052, stack(0x000000d65f000000,0x000000d65f100000) (1024K)]
  0x0000020dc72ba3f0 WorkerThread "GC Thread#9"                     [id=25056, stack(0x000000d65f100000,0x000000d65f200000) (1024K)]
  0x0000020de0ed8150 ConcurrentGCThread "G1 Main Marker"            [id=33924, stack(0x000000d65cf00000,0x000000d65d000000) (1024K)]
  0x0000020de0ed9ad0 WorkerThread "G1 Conc#0"                       [id=25312, stack(0x000000d65d000000,0x000000d65d100000) (1024K)]
  0x0000020dff9bdff0 ConcurrentGCThread "G1 Refine#0"               [id=2724, stack(0x000000d65d100000,0x000000d65d200000) (1024K)]
  0x0000020dff9be810 ConcurrentGCThread "G1 Service"                [id=10212, stack(0x000000d65d200000,0x000000d65d300000) (1024K)]
Total: 16

Threads with active compile tasks:
Total: 0

VM state: not at safepoint (normal execution)

VM Mutex/Monitor currently owned by a thread: None

Heap address: 0x0000000703600000, size: 4042 MB, Compressed Oops mode: Zero based, Oop shift amount: 3

CDS archive(s) mapped at: [0x0000020d81000000-0x0000020d81c90000-0x0000020d81c90000), size 13172736, SharedBaseAddress: 0x0000020d81000000, ArchiveRelocationMode: 1.
Compressed class space mapped at: 0x0000020d82000000-0x0000020dc2000000, reserved size: 1073741824
Narrow klass base: 0x0000020d81000000, Narrow klass shift: 0, Narrow klass range: 0x100000000

GC Precious Log:
 CardTable entry size: 512
 Card Set container configuration: InlinePtr #cards 4 size 8 Array Of Cards #cards 16 size 48 Howl #buckets 8 coarsen threshold 3686 Howl Bitmap #cards 512 size 80 coarsen threshold 460 Card regions per heap region 1 cards per card region 4096
 CPUs: 12 total, 12 available
 Memory: 16163M
 Large Page Support: Disabled
 NUMA Support: Disabled
 Compressed Oops: Enabled (Zero based)
 Heap Region Size: 2M
 Heap Min Capacity: 8M
 Heap Initial Capacity: 254M
 Heap Max Capacity: 4042M
 Pre-touch: Disabled
 Parallel Workers: 10
 Concurrent Workers: 3
 Concurrent Refinement Workers: 10
 Periodic GC: Disabled

Heap:
 garbage-first heap   total 260096K, used 28915K [0x0000000703600000, 0x0000000800000000)
  region size 2048K, 15 young (30720K), 3 survivors (6144K)
 Metaspace       used 21114K, committed 21376K, reserved 1114112K
  class space    used 1875K, committed 1984K, reserved 1048576K

Heap Regions: E=young(eden), S=young(survivor), O=old, HS=humongous(starts), HC=humongous(continues), CS=collection set, F=free, TAMS=top-at-mark-start, PB=parsable bottom
|   0|0x0000000703600000, 0x000000070363ce00, 0x0000000703800000| 11%| O|  |TAMS 0x0000000703600000| PB 0x0000000703600000| Untracked 
|   1|0x0000000703800000, 0x0000000703800000, 0x0000000703a00000|  0%| F|  |TAMS 0x0000000703800000| PB 0x0000000703800000| Untracked 
|   2|0x0000000703a00000, 0x0000000703a00000, 0x0000000703c00000|  0%| F|  |TAMS 0x0000000703a00000| PB 0x0000000703a00000| Untracked 
|   3|0x0000000703c00000, 0x0000000703c00000, 0x0000000703e00000|  0%| F|  |TAMS 0x0000000703c00000| PB 0x0000000703c00000| Untracked 
|   4|0x0000000703e00000, 0x0000000703e00000, 0x0000000704000000|  0%| F|  |TAMS 0x0000000703e00000| PB 0x0000000703e00000| Untracked 
|   5|0x0000000704000000, 0x0000000704000000, 0x0000000704200000|  0%| F|  |TAMS 0x0000000704000000| PB 0x0000000704000000| Untracked 
|   6|0x0000000704200000, 0x0000000704200000, 0x0000000704400000|  0%| F|  |TAMS 0x0000000704200000| PB 0x0000000704200000| Untracked 
|   7|0x0000000704400000, 0x0000000704400000, 0x0000000704600000|  0%| F|  |TAMS 0x0000000704400000| PB 0x0000000704400000| Untracked 
|   8|0x0000000704600000, 0x0000000704600000, 0x0000000704800000|  0%| F|  |TAMS 0x0000000704600000| PB 0x0000000704600000| Untracked 
|   9|0x0000000704800000, 0x0000000704800000, 0x0000000704a00000|  0%| F|  |TAMS 0x0000000704800000| PB 0x0000000704800000| Untracked 
|  10|0x0000000704a00000, 0x0000000704a00000, 0x0000000704c00000|  0%| F|  |TAMS 0x0000000704a00000| PB 0x0000000704a00000| Untracked 
|  11|0x0000000704c00000, 0x0000000704c00000, 0x0000000704e00000|  0%| F|  |TAMS 0x0000000704c00000| PB 0x0000000704c00000| Untracked 
|  12|0x0000000704e00000, 0x0000000704e00000, 0x0000000705000000|  0%| F|  |TAMS 0x0000000704e00000| PB 0x0000000704e00000| Untracked 
|  13|0x0000000705000000, 0x0000000705000000, 0x0000000705200000|  0%| F|  |TAMS 0x0000000705000000| PB 0x0000000705000000| Untracked 
|  14|0x0000000705200000, 0x0000000705200000, 0x0000000705400000|  0%| F|  |TAMS 0x0000000705200000| PB 0x0000000705200000| Untracked 
|  15|0x0000000705400000, 0x0000000705400000, 0x0000000705600000|  0%| F|  |TAMS 0x0000000705400000| PB 0x0000000705400000| Untracked 
|  16|0x0000000705600000, 0x0000000705600000, 0x0000000705800000|  0%| F|  |TAMS 0x0000000705600000| PB 0x0000000705600000| Untracked 
|  17|0x0000000705800000, 0x0000000705800000, 0x0000000705a00000|  0%| F|  |TAMS 0x0000000705800000| PB 0x0000000705800000| Untracked 
|  18|0x0000000705a00000, 0x0000000705a00000, 0x0000000705c00000|  0%| F|  |TAMS 0x0000000705a00000| PB 0x0000000705a00000| Untracked 
|  19|0x0000000705c00000, 0x0000000705c00000, 0x0000000705e00000|  0%| F|  |TAMS 0x0000000705c00000| PB 0x0000000705c00000| Untracked 
|  20|0x0000000705e00000, 0x0000000705e00000, 0x0000000706000000|  0%| F|  |TAMS 0x0000000705e00000| PB 0x0000000705e00000| Untracked 
|  21|0x0000000706000000, 0x0000000706000000, 0x0000000706200000|  0%| F|  |TAMS 0x0000000706000000| PB 0x0000000706000000| Untracked 
|  22|0x0000000706200000, 0x0000000706200000, 0x0000000706400000|  0%| F|  |TAMS 0x0000000706200000| PB 0x0000000706200000| Untracked 
|  23|0x0000000706400000, 0x0000000706400000, 0x0000000706600000|  0%| F|  |TAMS 0x0000000706400000| PB 0x0000000706400000| Untracked 
|  24|0x0000000706600000, 0x0000000706600000, 0x0000000706800000|  0%| F|  |TAMS 0x0000000706600000| PB 0x0000000706600000| Untracked 
|  25|0x0000000706800000, 0x0000000706800000, 0x0000000706a00000|  0%| F|  |TAMS 0x0000000706800000| PB 0x0000000706800000| Untracked 
|  26|0x0000000706a00000, 0x0000000706a00000, 0x0000000706c00000|  0%| F|  |TAMS 0x0000000706a00000| PB 0x0000000706a00000| Untracked 
|  27|0x0000000706c00000, 0x0000000706c00000, 0x0000000706e00000|  0%| F|  |TAMS 0x0000000706c00000| PB 0x0000000706c00000| Untracked 
|  28|0x0000000706e00000, 0x0000000706e00000, 0x0000000707000000|  0%| F|  |TAMS 0x0000000706e00000| PB 0x0000000706e00000| Untracked 
|  29|0x0000000707000000, 0x0000000707000000, 0x0000000707200000|  0%| F|  |TAMS 0x0000000707000000| PB 0x0000000707000000| Untracked 
|  30|0x0000000707200000, 0x0000000707200000, 0x0000000707400000|  0%| F|  |TAMS 0x0000000707200000| PB 0x0000000707200000| Untracked 
|  31|0x0000000707400000, 0x0000000707400000, 0x0000000707600000|  0%| F|  |TAMS 0x0000000707400000| PB 0x0000000707400000| Untracked 
|  32|0x0000000707600000, 0x0000000707600000, 0x0000000707800000|  0%| F|  |TAMS 0x0000000707600000| PB 0x0000000707600000| Untracked 
|  33|0x0000000707800000, 0x0000000707800000, 0x0000000707a00000|  0%| F|  |TAMS 0x0000000707800000| PB 0x0000000707800000| Untracked 
|  34|0x0000000707a00000, 0x0000000707a00000, 0x0000000707c00000|  0%| F|  |TAMS 0x0000000707a00000| PB 0x0000000707a00000| Untracked 
|  35|0x0000000707c00000, 0x0000000707c00000, 0x0000000707e00000|  0%| F|  |TAMS 0x0000000707c00000| PB 0x0000000707c00000| Untracked 
|  36|0x0000000707e00000, 0x0000000707e00000, 0x0000000708000000|  0%| F|  |TAMS 0x0000000707e00000| PB 0x0000000707e00000| Untracked 
|  37|0x0000000708000000, 0x0000000708000000, 0x0000000708200000|  0%| F|  |TAMS 0x0000000708000000| PB 0x0000000708000000| Untracked 
|  38|0x0000000708200000, 0x0000000708200000, 0x0000000708400000|  0%| F|  |TAMS 0x0000000708200000| PB 0x0000000708200000| Untracked 
|  39|0x0000000708400000, 0x0000000708400000, 0x0000000708600000|  0%| F|  |TAMS 0x0000000708400000| PB 0x0000000708400000| Untracked 
|  40|0x0000000708600000, 0x0000000708600000, 0x0000000708800000|  0%| F|  |TAMS 0x0000000708600000| PB 0x0000000708600000| Untracked 
|  41|0x0000000708800000, 0x0000000708800000, 0x0000000708a00000|  0%| F|  |TAMS 0x0000000708800000| PB 0x0000000708800000| Untracked 
|  42|0x0000000708a00000, 0x0000000708a00000, 0x0000000708c00000|  0%| F|  |TAMS 0x0000000708a00000| PB 0x0000000708a00000| Untracked 
|  43|0x0000000708c00000, 0x0000000708c00000, 0x0000000708e00000|  0%| F|  |TAMS 0x0000000708c00000| PB 0x0000000708c00000| Untracked 
|  44|0x0000000708e00000, 0x0000000708e00000, 0x0000000709000000|  0%| F|  |TAMS 0x0000000708e00000| PB 0x0000000708e00000| Untracked 
|  45|0x0000000709000000, 0x0000000709000000, 0x0000000709200000|  0%| F|  |TAMS 0x0000000709000000| PB 0x0000000709000000| Untracked 
|  46|0x0000000709200000, 0x0000000709200000, 0x0000000709400000|  0%| F|  |TAMS 0x0000000709200000| PB 0x0000000709200000| Untracked 
|  47|0x0000000709400000, 0x0000000709400000, 0x0000000709600000|  0%| F|  |TAMS 0x0000000709400000| PB 0x0000000709400000| Untracked 
|  48|0x0000000709600000, 0x0000000709600000, 0x0000000709800000|  0%| F|  |TAMS 0x0000000709600000| PB 0x0000000709600000| Untracked 
|  49|0x0000000709800000, 0x0000000709800000, 0x0000000709a00000|  0%| F|  |TAMS 0x0000000709800000| PB 0x0000000709800000| Untracked 
|  50|0x0000000709a00000, 0x0000000709a00000, 0x0000000709c00000|  0%| F|  |TAMS 0x0000000709a00000| PB 0x0000000709a00000| Untracked 
|  51|0x0000000709c00000, 0x0000000709c00000, 0x0000000709e00000|  0%| F|  |TAMS 0x0000000709c00000| PB 0x0000000709c00000| Untracked 
|  52|0x0000000709e00000, 0x0000000709e00000, 0x000000070a000000|  0%| F|  |TAMS 0x0000000709e00000| PB 0x0000000709e00000| Untracked 
|  53|0x000000070a000000, 0x000000070a000000, 0x000000070a200000|  0%| F|  |TAMS 0x000000070a000000| PB 0x000000070a000000| Untracked 
|  54|0x000000070a200000, 0x000000070a200000, 0x000000070a400000|  0%| F|  |TAMS 0x000000070a200000| PB 0x000000070a200000| Untracked 
|  55|0x000000070a400000, 0x000000070a400000, 0x000000070a600000|  0%| F|  |TAMS 0x000000070a400000| PB 0x000000070a400000| Untracked 
|  56|0x000000070a600000, 0x000000070a600000, 0x000000070a800000|  0%| F|  |TAMS 0x000000070a600000| PB 0x000000070a600000| Untracked 
|  57|0x000000070a800000, 0x000000070a800000, 0x000000070aa00000|  0%| F|  |TAMS 0x000000070a800000| PB 0x000000070a800000| Untracked 
|  58|0x000000070aa00000, 0x000000070aa00000, 0x000000070ac00000|  0%| F|  |TAMS 0x000000070aa00000| PB 0x000000070aa00000| Untracked 
|  59|0x000000070ac00000, 0x000000070ac00000, 0x000000070ae00000|  0%| F|  |TAMS 0x000000070ac00000| PB 0x000000070ac00000| Untracked 
|  60|0x000000070ae00000, 0x000000070ae00000, 0x000000070b000000|  0%| F|  |TAMS 0x000000070ae00000| PB 0x000000070ae00000| Untracked 
|  61|0x000000070b000000, 0x000000070b000000, 0x000000070b200000|  0%| F|  |TAMS 0x000000070b000000| PB 0x000000070b000000| Untracked 
|  62|0x000000070b200000, 0x000000070b200000, 0x000000070b400000|  0%| F|  |TAMS 0x000000070b200000| PB 0x000000070b200000| Untracked 
|  63|0x000000070b400000, 0x000000070b400000, 0x000000070b600000|  0%| F|  |TAMS 0x000000070b400000| PB 0x000000070b400000| Untracked 
|  64|0x000000070b600000, 0x000000070b600000, 0x000000070b800000|  0%| F|  |TAMS 0x000000070b600000| PB 0x000000070b600000| Untracked 
|  65|0x000000070b800000, 0x000000070b800000, 0x000000070ba00000|  0%| F|  |TAMS 0x000000070b800000| PB 0x000000070b800000| Untracked 
|  66|0x000000070ba00000, 0x000000070ba00000, 0x000000070bc00000|  0%| F|  |TAMS 0x000000070ba00000| PB 0x000000070ba00000| Untracked 
|  67|0x000000070bc00000, 0x000000070bc00000, 0x000000070be00000|  0%| F|  |TAMS 0x000000070bc00000| PB 0x000000070bc00000| Untracked 
|  68|0x000000070be00000, 0x000000070be00000, 0x000000070c000000|  0%| F|  |TAMS 0x000000070be00000| PB 0x000000070be00000| Untracked 
|  69|0x000000070c000000, 0x000000070c000000, 0x000000070c200000|  0%| F|  |TAMS 0x000000070c000000| PB 0x000000070c000000| Untracked 
|  70|0x000000070c200000, 0x000000070c200000, 0x000000070c400000|  0%| F|  |TAMS 0x000000070c200000| PB 0x000000070c200000| Untracked 
|  71|0x000000070c400000, 0x000000070c400000, 0x000000070c600000|  0%| F|  |TAMS 0x000000070c400000| PB 0x000000070c400000| Untracked 
|  72|0x000000070c600000, 0x000000070c600000, 0x000000070c800000|  0%| F|  |TAMS 0x000000070c600000| PB 0x000000070c600000| Untracked 
|  73|0x000000070c800000, 0x000000070c800000, 0x000000070ca00000|  0%| F|  |TAMS 0x000000070c800000| PB 0x000000070c800000| Untracked 
|  74|0x000000070ca00000, 0x000000070ca00000, 0x000000070cc00000|  0%| F|  |TAMS 0x000000070ca00000| PB 0x000000070ca00000| Untracked 
|  75|0x000000070cc00000, 0x000000070cc00000, 0x000000070ce00000|  0%| F|  |TAMS 0x000000070cc00000| PB 0x000000070cc00000| Untracked 
|  76|0x000000070ce00000, 0x000000070ce00000, 0x000000070d000000|  0%| F|  |TAMS 0x000000070ce00000| PB 0x000000070ce00000| Untracked 
|  77|0x000000070d000000, 0x000000070d000000, 0x000000070d200000|  0%| F|  |TAMS 0x000000070d000000| PB 0x000000070d000000| Untracked 
|  78|0x000000070d200000, 0x000000070d200000, 0x000000070d400000|  0%| F|  |TAMS 0x000000070d200000| PB 0x000000070d200000| Untracked 
|  79|0x000000070d400000, 0x000000070d400000, 0x000000070d600000|  0%| F|  |TAMS 0x000000070d400000| PB 0x000000070d400000| Untracked 
|  80|0x000000070d600000, 0x000000070d600000, 0x000000070d800000|  0%| F|  |TAMS 0x000000070d600000| PB 0x000000070d600000| Untracked 
|  81|0x000000070d800000, 0x000000070d800000, 0x000000070da00000|  0%| F|  |TAMS 0x000000070d800000| PB 0x000000070d800000| Untracked 
|  82|0x000000070da00000, 0x000000070da00000, 0x000000070dc00000|  0%| F|  |TAMS 0x000000070da00000| PB 0x000000070da00000| Untracked 
|  83|0x000000070dc00000, 0x000000070dc00000, 0x000000070de00000|  0%| F|  |TAMS 0x000000070dc00000| PB 0x000000070dc00000| Untracked 
|  84|0x000000070de00000, 0x000000070de00000, 0x000000070e000000|  0%| F|  |TAMS 0x000000070de00000| PB 0x000000070de00000| Untracked 
|  85|0x000000070e000000, 0x000000070e000000, 0x000000070e200000|  0%| F|  |TAMS 0x000000070e000000| PB 0x000000070e000000| Untracked 
|  86|0x000000070e200000, 0x000000070e200000, 0x000000070e400000|  0%| F|  |TAMS 0x000000070e200000| PB 0x000000070e200000| Untracked 
|  87|0x000000070e400000, 0x000000070e400000, 0x000000070e600000|  0%| F|  |TAMS 0x000000070e400000| PB 0x000000070e400000| Untracked 
|  88|0x000000070e600000, 0x000000070e600000, 0x000000070e800000|  0%| F|  |TAMS 0x000000070e600000| PB 0x000000070e600000| Untracked 
|  89|0x000000070e800000, 0x000000070e800000, 0x000000070ea00000|  0%| F|  |TAMS 0x000000070e800000| PB 0x000000070e800000| Untracked 
|  90|0x000000070ea00000, 0x000000070ea00000, 0x000000070ec00000|  0%| F|  |TAMS 0x000000070ea00000| PB 0x000000070ea00000| Untracked 
|  91|0x000000070ec00000, 0x000000070ec00000, 0x000000070ee00000|  0%| F|  |TAMS 0x000000070ec00000| PB 0x000000070ec00000| Untracked 
|  92|0x000000070ee00000, 0x000000070ee00000, 0x000000070f000000|  0%| F|  |TAMS 0x000000070ee00000| PB 0x000000070ee00000| Untracked 
|  93|0x000000070f000000, 0x000000070f000000, 0x000000070f200000|  0%| F|  |TAMS 0x000000070f000000| PB 0x000000070f000000| Untracked 
|  94|0x000000070f200000, 0x000000070f200000, 0x000000070f400000|  0%| F|  |TAMS 0x000000070f200000| PB 0x000000070f200000| Untracked 
|  95|0x000000070f400000, 0x000000070f400000, 0x000000070f600000|  0%| F|  |TAMS 0x000000070f400000| PB 0x000000070f400000| Untracked 
|  96|0x000000070f600000, 0x000000070f600000, 0x000000070f800000|  0%| F|  |TAMS 0x000000070f600000| PB 0x000000070f600000| Untracked 
|  97|0x000000070f800000, 0x000000070f800000, 0x000000070fa00000|  0%| F|  |TAMS 0x000000070f800000| PB 0x000000070f800000| Untracked 
|  98|0x000000070fa00000, 0x000000070fa00000, 0x000000070fc00000|  0%| F|  |TAMS 0x000000070fa00000| PB 0x000000070fa00000| Untracked 
|  99|0x000000070fc00000, 0x000000070fc00000, 0x000000070fe00000|  0%| F|  |TAMS 0x000000070fc00000| PB 0x000000070fc00000| Untracked 
| 100|0x000000070fe00000, 0x000000070fe00000, 0x0000000710000000|  0%| F|  |TAMS 0x000000070fe00000| PB 0x000000070fe00000| Untracked 
| 101|0x0000000710000000, 0x0000000710000000, 0x0000000710200000|  0%| F|  |TAMS 0x0000000710000000| PB 0x0000000710000000| Untracked 
| 102|0x0000000710200000, 0x0000000710200000, 0x0000000710400000|  0%| F|  |TAMS 0x0000000710200000| PB 0x0000000710200000| Untracked 
| 103|0x0000000710400000, 0x0000000710600000, 0x0000000710600000|100%| S|CS|TAMS 0x0000000710400000| PB 0x0000000710400000| Complete 
| 104|0x0000000710600000, 0x0000000710800000, 0x0000000710800000|100%| S|CS|TAMS 0x0000000710600000| PB 0x0000000710600000| Complete 
| 105|0x0000000710800000, 0x0000000710a00000, 0x0000000710a00000|100%| S|CS|TAMS 0x0000000710800000| PB 0x0000000710800000| Complete 
| 106|0x0000000710a00000, 0x0000000710a00000, 0x0000000710c00000|  0%| F|  |TAMS 0x0000000710a00000| PB 0x0000000710a00000| Untracked 
| 107|0x0000000710c00000, 0x0000000710c00000, 0x0000000710e00000|  0%| F|  |TAMS 0x0000000710c00000| PB 0x0000000710c00000| Untracked 
| 108|0x0000000710e00000, 0x0000000710e00000, 0x0000000711000000|  0%| F|  |TAMS 0x0000000710e00000| PB 0x0000000710e00000| Untracked 
| 109|0x0000000711000000, 0x0000000711000000, 0x0000000711200000|  0%| F|  |TAMS 0x0000000711000000| PB 0x0000000711000000| Untracked 
| 110|0x0000000711200000, 0x0000000711200000, 0x0000000711400000|  0%| F|  |TAMS 0x0000000711200000| PB 0x0000000711200000| Untracked 
| 111|0x0000000711400000, 0x0000000711400000, 0x0000000711600000|  0%| F|  |TAMS 0x0000000711400000| PB 0x0000000711400000| Untracked 
| 112|0x0000000711600000, 0x0000000711600000, 0x0000000711800000|  0%| F|  |TAMS 0x0000000711600000| PB 0x0000000711600000| Untracked 
| 113|0x0000000711800000, 0x0000000711800000, 0x0000000711a00000|  0%| F|  |TAMS 0x0000000711800000| PB 0x0000000711800000| Untracked 
| 114|0x0000000711a00000, 0x0000000711a00000, 0x0000000711c00000|  0%| F|  |TAMS 0x0000000711a00000| PB 0x0000000711a00000| Untracked 
| 115|0x0000000711c00000, 0x0000000711d5ddc0, 0x0000000711e00000| 68%| E|  |TAMS 0x0000000711c00000| PB 0x0000000711c00000| Complete 
| 116|0x0000000711e00000, 0x0000000712000000, 0x0000000712000000|100%| E|CS|TAMS 0x0000000711e00000| PB 0x0000000711e00000| Complete 
| 117|0x0000000712000000, 0x0000000712200000, 0x0000000712200000|100%| E|CS|TAMS 0x0000000712000000| PB 0x0000000712000000| Complete 
| 118|0x0000000712200000, 0x0000000712400000, 0x0000000712400000|100%| E|CS|TAMS 0x0000000712200000| PB 0x0000000712200000| Complete 
| 119|0x0000000712400000, 0x0000000712600000, 0x0000000712600000|100%| E|CS|TAMS 0x0000000712400000| PB 0x0000000712400000| Complete 
| 120|0x0000000712600000, 0x0000000712800000, 0x0000000712800000|100%| E|CS|TAMS 0x0000000712600000| PB 0x0000000712600000| Complete 
| 121|0x0000000712800000, 0x0000000712a00000, 0x0000000712a00000|100%| E|CS|TAMS 0x0000000712800000| PB 0x0000000712800000| Complete 
| 122|0x0000000712a00000, 0x0000000712c00000, 0x0000000712c00000|100%| E|CS|TAMS 0x0000000712a00000| PB 0x0000000712a00000| Complete 
| 123|0x0000000712c00000, 0x0000000712e00000, 0x0000000712e00000|100%| E|CS|TAMS 0x0000000712c00000| PB 0x0000000712c00000| Complete 
| 124|0x0000000712e00000, 0x0000000713000000, 0x0000000713000000|100%| E|CS|TAMS 0x0000000712e00000| PB 0x0000000712e00000| Complete 
| 125|0x0000000713000000, 0x0000000713200000, 0x0000000713200000|100%| E|CS|TAMS 0x0000000713000000| PB 0x0000000713000000| Complete 
| 126|0x0000000713200000, 0x0000000713400000, 0x0000000713400000|100%| E|CS|TAMS 0x0000000713200000| PB 0x0000000713200000| Complete 

Card table byte_map: [0x0000020df9000000,0x0000020df97f0000] _byte_map_base: 0x0000020df57e5000

Marking Bits: (CMBitMap*) 0x0000020de0ec7be0
 Bits: [0x0000020df97f0000, 0x0000020dfd718000)

Polling page: 0x0000020de0620000

Metaspace:

Usage:
  Non-class:     18.79 MB used.
      Class:      1.83 MB used.
       Both:     20.62 MB used.

Virtual space:
  Non-class space:       64.00 MB reserved,      18.94 MB ( 30%) committed,  1 nodes.
      Class space:        1.00 GB reserved,       1.94 MB ( <1%) committed,  1 nodes.
             Both:        1.06 GB reserved,      20.88 MB (  2%) committed. 

Chunk freelists:
   Non-Class:  12.20 MB
       Class:  14.09 MB
        Both:  26.30 MB

MaxMetaspaceSize: unlimited
CompressedClassSpaceSize: 1.00 GB
Initial GC threshold: 21.00 MB
Current GC threshold: 21.00 MB
CDS: on
 - commit_granule_bytes: 65536.
 - commit_granule_words: 8192.
 - virtual_space_node_default_size: 8388608.
 - enlarge_chunks_in_place: 1.
 - use_allocation_guard: 0.


Internal statistics:

num_allocs_failed_limit: 0.
num_arena_births: 164.
num_arena_deaths: 0.
num_vsnodes_births: 2.
num_vsnodes_deaths: 0.
num_space_committed: 332.
num_space_uncommitted: 0.
num_chunks_returned_to_freelist: 0.
num_chunks_taken_from_freelist: 801.
num_chunk_merges: 0.
num_chunk_splits: 610.
num_chunks_enlarged: 503.
num_inconsistent_stats: 0.

CodeHeap 'non-profiled nmethods': size=120000Kb used=1324Kb max_used=1324Kb free=118675Kb
 bounds [0x0000020df0d70000, 0x0000020df0fe0000, 0x0000020df82a0000]
CodeHeap 'profiled nmethods': size=120000Kb used=5047Kb max_used=5047Kb free=114952Kb
 bounds [0x0000020de92a0000, 0x0000020de9790000, 0x0000020df07d0000]
CodeHeap 'non-nmethods': size=5760Kb used=2963Kb max_used=2997Kb free=2796Kb
 bounds [0x0000020df07d0000, 0x0000020df0ad0000, 0x0000020df0d70000]
 total_blobs=4428 nmethods=2997 adapters=1335
 compilation: enabled
              stopped_count=0, restarted_count=0
 full_count=0

Compilation events (20 events):
Event: 52.568 Thread 0x0000020dffb39040 2988       4       imgui.gl3.ImGuiImplGl3::renderDrawData (1236 bytes)
Event: 52.643 Thread 0x0000020dffb39040 nmethod 2988 0x0000020df0eaf590 code [0x0000020df0eafe40, 0x0000020df0eb3568]
Event: 55.074 Thread 0x0000020dffb39040 2989       4       com.bedrye.bjge.GameEngine.Objects.Editor.UI.BJEEditorViewport::update (352 bytes)
Event: 55.080 Thread 0x0000020dffb39040 nmethod 2989 0x0000020df0eb6f10 code [0x0000020df0eb72c0, 0x0000020df0eb7c28]
Event: 55.080 Thread 0x0000020dffb39040 2990       4       com.bedrye.bjge.GameEngine.Objects.Editor.UI.BJEEditorViewport::getLargestSizeForViewport (83 bytes)
Event: 55.080 Thread 0x0000020dd2e00ab0 2991       4       com.bedrye.bjge.GameEngine.Objects.Editor.UI.BJEEditorViewport::getCenteredPositionForViewport (82 bytes)
Event: 55.082 Thread 0x0000020dd2e00ab0 nmethod 2991 0x0000020df0eb8910 code [0x0000020df0eb8b20, 0x0000020df0eb8de0]
Event: 55.082 Thread 0x0000020dd2e00ab0 2993       4       com.bedrye.bjge.GameEngine.BJEIMGUILayer::endFrame (43 bytes)
Event: 55.082 Thread 0x0000020dffb39040 nmethod 2990 0x0000020df0eb9090 code [0x0000020df0eb9260, 0x0000020df0eb9518]
Event: 55.082 Thread 0x0000020dffb39040 2992       4       imgui.ImGui::image (15 bytes)
Event: 55.082 Thread 0x0000020dffb39040 nmethod 2992 0x0000020df0eb9790 code [0x0000020df0eb9920, 0x0000020df0eb99b0]
Event: 55.083 Thread 0x0000020dd2e00ab0 nmethod 2993 0x0000020df0eb9a90 code [0x0000020df0eb9c80, 0x0000020df0eb9e38]
Event: 62.186 Thread 0x0000020dffb39040 2994       4       com.bedrye.bjge.GameEngine.Scripts.SimpleCameraControl::update (536 bytes)
Event: 62.188 Thread 0x0000020dffb39040 nmethod 2994 0x0000020df0eba090 code [0x0000020df0eba260, 0x0000020df0eba5e8]
Event: 62.188 Thread 0x0000020dffb39040 2995       4       com.bedrye.bjge.GameEngine.Listeners.MouseListener::isHold (38 bytes)
Event: 62.188 Thread 0x0000020dffb39040 nmethod 2995 0x0000020df0eba910 code [0x0000020df0ebaaa0, 0x0000020df0ebab70]
Event: 62.188 Thread 0x0000020dffb39040 2996       4       com.bedrye.bjge.GameEngine.Util.BJEFrameBuffer::unbind (7 bytes)
Event: 62.189 Thread 0x0000020dffb39040 nmethod 2996 0x0000020df0ebac10 code [0x0000020df0ebada0, 0x0000020df0ebae58]
Event: 62.189 Thread 0x0000020dffb39040 2997       4       org.lwjgl.glfw.GLFW::glfwSwapBuffers (21 bytes)
Event: 62.189 Thread 0x0000020dffb39040 nmethod 2997 0x0000020df0ebaf10 code [0x0000020df0ebb0a0, 0x0000020df0ebb170]

GC Heap History (4 events):
Event: 0.333 GC heap before
{Heap before GC invocations=0 (full 0):
 garbage-first heap   total 260096K, used 20480K [0x0000000703600000, 0x0000000800000000)
  region size 2048K, 11 young (22528K), 0 survivors (0K)
 Metaspace       used 3883K, committed 4096K, reserved 1114112K
  class space    used 333K, committed 448K, reserved 1048576K
}
Event: 0.335 GC heap after
{Heap after GC invocations=1 (full 0):
 garbage-first heap   total 260096K, used 2581K [0x0000000703600000, 0x0000000800000000)
  region size 2048K, 2 young (4096K), 2 survivors (4096K)
 Metaspace       used 3883K, committed 4096K, reserved 1114112K
  class space    used 333K, committed 448K, reserved 1048576K
}
Event: 1.510 GC heap before
{Heap before GC invocations=1 (full 0):
 garbage-first heap   total 260096K, used 41493K [0x0000000703600000, 0x0000000800000000)
  region size 2048K, 21 young (43008K), 2 survivors (4096K)
 Metaspace       used 19615K, committed 19840K, reserved 1114112K
  class space    used 1832K, committed 1920K, reserved 1048576K
}
Event: 1.515 GC heap after
{Heap after GC invocations=2 (full 0):
 garbage-first heap   total 260096K, used 6387K [0x0000000703600000, 0x0000000800000000)
  region size 2048K, 3 young (6144K), 3 survivors (6144K)
 Metaspace       used 19615K, committed 19840K, reserved 1114112K
  class space    used 1832K, committed 1920K, reserved 1048576K
}

Dll operation events (14 events):
Event: 0.008 Loaded shared library C:\Users\stas2\.jdks\openjdk-21.0.1\bin\java.dll
Event: 0.035 Loaded shared library C:\Users\stas2\.jdks\openjdk-21.0.1\bin\jsvml.dll
Event: 0.066 Loaded shared library C:\Users\stas2\.jdks\openjdk-21.0.1\bin\net.dll
Event: 0.067 Loaded shared library C:\Users\stas2\.jdks\openjdk-21.0.1\bin\nio.dll
Event: 0.096 Loaded shared library C:\Users\stas2\.jdks\openjdk-21.0.1\bin\zip.dll
Event: 0.167 Loaded shared library C:\Users\stas2\.jdks\openjdk-21.0.1\bin\zip.dll
Event: 0.170 Loaded shared library C:\Users\stas2\.jdks\openjdk-21.0.1\bin\instrument.dll
Event: 0.188 Loaded shared library C:\IntelliJ IDEA Community Edition 2021.3.2\IntelliJ IDEA Community Edition 2023.2.1\bin\breakgen64.dll
Event: 0.259 Loaded shared library C:\Users\stas2\.jdks\openjdk-21.0.1\bin\jimage.dll
Event: 0.410 Loaded shared library C:\Users\stas2\AppData\Local\Temp\lwjgl_stas2\3.3.4+7\x64\lwjgl.dll
Event: 0.680 Loaded shared library C:\Users\stas2\AppData\Local\Temp\lwjgl_stas2\3.3.4+7\x64\lwjgl_opengl.dll
Event: 0.933 Loaded shared library C:\Users\stas2\AppData\Local\Temp\imgui-java-natives\1.89.0\imgui-java64.dll
Event: 0.993 Loaded shared library C:\Users\stas2\.jdks\openjdk-21.0.1\bin\verify.dll
Event: 1.006 Loaded shared library C:\Users\stas2\AppData\Local\Temp\lwjgl_stas2\3.3.4+7\x64\lwjgl_stb.dll

Deoptimization events (20 events):
Event: 1.554 Thread 0x0000020ddec0bdc0 Uncommon trap: trap_request=0xffffffc6 fr.pc=0x0000020df0e06204 relative=0x0000000000000724
Event: 1.554 Thread 0x0000020ddec0bdc0 Uncommon trap: reason=bimorphic_or_optimized_type_check action=maybe_recompile pc=0x0000020df0e06204 method=java.util.regex.Pattern$Start.match(Ljava/util/regex/Matcher;ILjava/lang/CharSequence;)Z @ 44 c2
Event: 1.554 Thread 0x0000020ddec0bdc0 DEOPT PACKING pc=0x0000020df0e06204 sp=0x000000d65cdfeed0
Event: 1.554 Thread 0x0000020ddec0bdc0 DEOPT UNPACKING pc=0x0000020df0827da2 sp=0x000000d65cdfee80 mode 2
Event: 1.604 Thread 0x0000020ddec0bdc0 Uncommon trap: trap_request=0xffffffc6 fr.pc=0x0000020df0e4d388 relative=0x0000000000001548
Event: 1.604 Thread 0x0000020ddec0bdc0 Uncommon trap: reason=bimorphic_or_optimized_type_check action=maybe_recompile pc=0x0000020df0e4d388 method=java.util.regex.Pattern$Start.<init>(Ljava/util/regex/Pattern$Node;)V @ 22 c2
Event: 1.604 Thread 0x0000020ddec0bdc0 DEOPT PACKING pc=0x0000020df0e4d388 sp=0x000000d65cdff080
Event: 1.604 Thread 0x0000020ddec0bdc0 DEOPT UNPACKING pc=0x0000020df0827da2 sp=0x000000d65cdfefb0 mode 2
Event: 1.604 Thread 0x0000020ddec0bdc0 Uncommon trap: trap_request=0xffffffc6 fr.pc=0x0000020df0e06268 relative=0x0000000000000788
Event: 1.604 Thread 0x0000020ddec0bdc0 Uncommon trap: reason=bimorphic_or_optimized_type_check action=maybe_recompile pc=0x0000020df0e06268 method=java.util.regex.Pattern$BmpCharPropertyGreedy.match(Ljava/util/regex/Matcher;ILjava/lang/CharSequence;)Z @ 26 c2
Event: 1.604 Thread 0x0000020ddec0bdc0 DEOPT PACKING pc=0x0000020df0e06268 sp=0x000000d65cdff0f0
Event: 1.604 Thread 0x0000020ddec0bdc0 DEOPT UNPACKING pc=0x0000020df0827da2 sp=0x000000d65cdff028 mode 2
Event: 1.631 Thread 0x0000020ddec0bdc0 Uncommon trap: trap_request=0xffffff54 fr.pc=0x0000020df0de5c0c relative=0x000000000000006c
Event: 1.631 Thread 0x0000020ddec0bdc0 Uncommon trap: reason=speculate_null_assert action=make_not_entrant pc=0x0000020df0de5c0c method=sun.misc.Unsafe.getLong(Ljava/lang/Object;J)J @ 5 c2
Event: 1.631 Thread 0x0000020ddec0bdc0 DEOPT PACKING pc=0x0000020df0de5c0c sp=0x000000d65cdff160
Event: 1.631 Thread 0x0000020ddec0bdc0 DEOPT UNPACKING pc=0x0000020df0827da2 sp=0x000000d65cdff0e8 mode 2
Event: 14.885 Thread 0x0000020ddec0bdc0 Uncommon trap: trap_request=0xffffff45 fr.pc=0x0000020df0e87874 relative=0x0000000000001fb4
Event: 14.885 Thread 0x0000020ddec0bdc0 Uncommon trap: reason=unstable_if action=reinterpret pc=0x0000020df0e87874 method=imgui.gl3.ImGuiImplGl3.renderDrawData(Limgui/ImDrawData;)V @ 23 c2
Event: 14.885 Thread 0x0000020ddec0bdc0 DEOPT PACKING pc=0x0000020df0e87874 sp=0x000000d65cdff300
Event: 14.885 Thread 0x0000020ddec0bdc0 DEOPT UNPACKING pc=0x0000020df0827da2 sp=0x000000d65cdff228 mode 2

Classes loaded (20 events):
Event: 1.473 Loading class java/util/concurrent/RunnableFuture done
Event: 1.473 Loading class java/util/concurrent/FutureTask done
Event: 1.473 Loading class java/util/concurrent/FutureTask$WaitNode
Event: 1.473 Loading class java/util/concurrent/FutureTask$WaitNode done
Event: 1.473 Loading class java/util/concurrent/Executors$RunnableAdapter
Event: 1.473 Loading class java/util/concurrent/Executors$RunnableAdapter done
Event: 1.473 Loading class java/util/concurrent/ThreadPoolExecutor$Worker
Event: 1.474 Loading class java/util/concurrent/ThreadPoolExecutor$Worker done
Event: 1.481 Loading class java/util/concurrent/ConcurrentHashMap$ValueSpliterator
Event: 1.481 Loading class java/util/concurrent/ConcurrentHashMap$ValueSpliterator done
Event: 1.501 Loading class sun/util/resources/LocaleData$CommonResourceBundleProvider
Event: 1.501 Loading class sun/util/resources/LocaleData$LocaleDataResourceBundleProvider
Event: 1.501 Loading class java/util/spi/ResourceBundleProvider
Event: 1.501 Loading class java/util/spi/ResourceBundleProvider done
Event: 1.501 Loading class sun/util/resources/LocaleData$LocaleDataResourceBundleProvider done
Event: 1.501 Loading class sun/util/resources/LocaleData$CommonResourceBundleProvider done
Event: 1.501 Loading class java/util/ArrayList$SubList$1
Event: 1.501 Loading class java/util/ArrayList$SubList$1 done
Event: 1.502 Loading class sun/util/resources/Bundles$2
Event: 1.502 Loading class sun/util/resources/Bundles$2 done

Classes unloaded (0 events):
No events

Classes redefined (0 events):
No events

Internal exceptions (20 events):
Event: 1.005 Thread 0x0000020ddec0bdc0 Exception <a 'sun/nio/fs/WindowsException'{0x00000007125da818}> (0x00000007125da818) 
thrown [s\open\src\hotspot\share\prims\jni.cpp, line 520]
Event: 1.006 Thread 0x0000020ddec0bdc0 Exception <a 'sun/nio/fs/WindowsException'{0x00000007125dcb78}> (0x00000007125dcb78) 
thrown [s\open\src\hotspot\share\prims\jni.cpp, line 520]
Event: 1.026 Thread 0x0000020dffb2e210 Exception <a 'sun/nio/fs/WindowsException'{0x00000007122815c8}> (0x00000007122815c8) 
thrown [s\open\src\hotspot\share\prims\jni.cpp, line 520]
Event: 1.032 Thread 0x0000020dffb2e210 Exception <a 'java/lang/NoSuchMethodError'{0x00000007122b4548}: 'java.lang.Object java.lang.invoke.Invokers$Holder.invokeExact_MT(java.lang.Object, java.lang.Object, java.lang.Object, java.lang.Object, java.lang.Object, java.lang.Object)'> (0x00000007122b4548) 
thrown [s\open\src\hotspot\share\interpreter\linkResolver.cpp, line 773]
Event: 1.104 Thread 0x0000020ddec0bdc0 Exception <a 'java/lang/NoSuchMethodError'{0x00000007123fa520}: 'int java.lang.invoke.DirectMethodHandle$Holder.invokeVirtual(java.lang.Object, java.lang.Object, java.lang.Object)'> (0x00000007123fa520) 
thrown [s\open\src\hotspot\share\interpreter\linkResolver.cpp, line 773]
Event: 1.105 Thread 0x0000020ddec0bdc0 Exception <a 'java/lang/NoSuchMethodError'{0x0000000712000250}: 'void java.lang.invoke.DirectMethodHandle$Holder.invokeInterface(java.lang.Object, java.lang.Object, java.lang.Object)'> (0x0000000712000250) 
thrown [s\open\src\hotspot\share\interpreter\linkResolver.cpp, line 773]
Event: 1.141 Thread 0x0000020ddec0bdc0 Exception <a 'java/lang/NoSuchMethodError'{0x0000000712103218}: 'int java.lang.invoke.DirectMethodHandle$Holder.invokeStaticInit(java.lang.Object, java.lang.Object)'> (0x0000000712103218) 
thrown [s\open\src\hotspot\share\interpreter\linkResolver.cpp, line 773]
Event: 1.182 Thread 0x0000020ddec0bdc0 Exception <a 'java/lang/NoSuchMethodError'{0x00000007121b8368}: 'int java.lang.invoke.DirectMethodHandle$Holder.invokeVirtual(java.lang.Object, java.lang.Object)'> (0x00000007121b8368) 
thrown [s\open\src\hotspot\share\interpreter\linkResolver.cpp, line 773]
Event: 1.185 Thread 0x0000020ddec0bdc0 Exception <a 'java/lang/NoSuchMethodError'{0x00000007121d9bb8}: 'java.lang.Object java.lang.invoke.DirectMethodHandle$Holder.newInvokeSpecial(java.lang.Object, java.lang.Object, java.lang.Object, java.lang.Object, java.lang.Object)'> (0x00000007121d9bb8) 
thrown [s\open\src\hotspot\share\interpreter\linkResolver.cpp, line 773]
Event: 1.186 Thread 0x0000020ddec0bdc0 Exception <a 'java/lang/NoSuchMethodError'{0x00000007121e6600}: 'java.lang.Object java.lang.invoke.DirectMethodHandle$Holder.newInvokeSpecial(java.lang.Object, java.lang.Object, java.lang.Object, java.lang.Object, java.lang.Object, java.lang.Object)'> (0x00000007121e6600) 
thrown [s\open\src\hotspot\share\interpreter\linkResolver.cpp, line 773]
Event: 1.197 Thread 0x0000020ddec0bdc0 Exception <a 'java/lang/NoSuchMethodError'{0x0000000711e321a0}: 'int java.lang.invoke.DirectMethodHandle$Holder.invokeInterface(java.lang.Object, java.lang.Object)'> (0x0000000711e321a0) 
thrown [s\open\src\hotspot\share\interpreter\linkResolver.cpp, line 773]
Event: 1.198 Thread 0x0000020ddec0bdc0 Exception <a 'sun/nio/fs/WindowsException'{0x0000000711e37cf8}> (0x0000000711e37cf8) 
thrown [s\open\src\hotspot\share\prims\jni.cpp, line 520]
Event: 1.200 Thread 0x0000020ddec0bdc0 Exception <a 'sun/nio/fs/WindowsException'{0x0000000711e3ff38}> (0x0000000711e3ff38) 
thrown [s\open\src\hotspot\share\prims\jni.cpp, line 520]
Event: 1.224 Thread 0x0000020ddec0bdc0 Exception <a 'sun/nio/fs/WindowsException'{0x0000000711ef5318}> (0x0000000711ef5318) 
thrown [s\open\src\hotspot\share\prims\jni.cpp, line 520]
Event: 1.230 Thread 0x0000020ddec0bdc0 Exception <a 'sun/nio/fs/WindowsException'{0x0000000711f4aca0}> (0x0000000711f4aca0) 
thrown [s\open\src\hotspot\share\prims\jni.cpp, line 520]
Event: 1.257 Thread 0x0000020ddec0bdc0 Exception <a 'java/lang/NoSuchMethodError'{0x00000007118229d8}: 'java.lang.Object java.lang.invoke.DirectMethodHandle$Holder.invokeSpecial(java.lang.Object, java.lang.Object, java.lang.Object, int, int)'> (0x00000007118229d8) 
thrown [s\open\src\hotspot\share\interpreter\linkResolver.cpp, line 773]
Event: 1.258 Thread 0x0000020ddec0bdc0 Exception <a 'java/lang/NoSuchMethodError'{0x0000000711828ab8}: 'java.lang.Object java.lang.invoke.DirectMethodHandle$Holder.invokeVirtual(java.lang.Object, java.lang.Object, int)'> (0x0000000711828ab8) 
thrown [s\open\src\hotspot\share\interpreter\linkResolver.cpp, line 773]
Event: 1.291 Thread 0x0000020ddec0bdc0 Exception <a 'java/lang/NoSuchMethodError'{0x000000071198fed8}: 'java.lang.Object java.lang.invoke.DirectMethodHandle$Holder.invokeStatic(java.lang.Object, int, java.lang.Object)'> (0x000000071198fed8) 
thrown [s\open\src\hotspot\share\interpreter\linkResolver.cpp, line 773]
Event: 1.400 Thread 0x0000020ddec0bdc0 Exception <a 'java/lang/NoSuchMethodError'{0x0000000710e68ef0}: 'java.lang.Object java.lang.invoke.DirectMethodHandle$Holder.invokeVirtual(java.lang.Object, java.lang.Object, java.lang.Object, int, int)'> (0x0000000710e68ef0) 
thrown [s\open\src\hotspot\share\interpreter\linkResolver.cpp, line 773]
Event: 1.419 Thread 0x0000020ddec0bdc0 Exception <a 'java/lang/NoSuchMethodError'{0x0000000710fdb2b0}: 'int java.lang.invoke.DirectMethodHandle$Holder.invokeStatic(java.lang.Object, java.lang.Object, java.lang.Object, java.lang.Object)'> (0x0000000710fdb2b0) 
thrown [s\open\src\hotspot\share\interpreter\linkResolver.cpp, line 773]

ZGC Phase Switch (0 events):
No events

VM Operations (20 events):
Event: 14.632 Executing VM operation: Cleanup
Event: 14.632 Executing VM operation: Cleanup done
Event: 16.648 Executing VM operation: Cleanup
Event: 16.649 Executing VM operation: Cleanup done
Event: 18.667 Executing VM operation: Cleanup
Event: 18.667 Executing VM operation: Cleanup done
Event: 21.698 Executing VM operation: Cleanup
Event: 21.699 Executing VM operation: Cleanup done
Event: 23.716 Executing VM operation: Cleanup
Event: 23.716 Executing VM operation: Cleanup done
Event: 38.861 Executing VM operation: Cleanup
Event: 38.861 Executing VM operation: Cleanup done
Event: 48.957 Executing VM operation: Cleanup
Event: 48.957 Executing VM operation: Cleanup done
Event: 60.166 Executing VM operation: HandshakeAllThreads (HandshakeForDeflation)
Event: 60.166 Executing VM operation: HandshakeAllThreads (HandshakeForDeflation) done
Event: 60.166 Executing VM operation: RendezvousGCThreads
Event: 60.166 Executing VM operation: RendezvousGCThreads done
Event: 62.184 Executing VM operation: Cleanup
Event: 62.184 Executing VM operation: Cleanup done

Events (20 events):
Event: 0.033 Thread 0x0000020dffb3d240 Thread added: 0x0000020dffb3d240
Event: 0.062 Thread 0x0000020dffb2ef30 Thread added: 0x0000020dffb2ef30
Event: 0.120 Thread 0x0000020d807d5290 Thread added: 0x0000020d807d5290
Event: 0.127 Thread 0x0000020d807d74a0 Thread added: 0x0000020d807d74a0
Event: 0.188 Thread 0x0000020dffb2e8a0 Thread added: 0x0000020dffb2e8a0
Event: 0.188 Thread 0x0000020dffb2c140 Thread added: 0x0000020dffb2c140
Event: 0.626 Thread 0x0000020d807d74a0 Thread exited: 0x0000020d807d74a0
Event: 0.626 Thread 0x0000020d807d5290 Thread exited: 0x0000020d807d5290
Event: 1.025 Thread 0x0000020d807d4bc0 Thread added: 0x0000020d807d4bc0
Event: 1.047 Thread 0x0000020dc6aab670 Thread added: 0x0000020dc6aab670
Event: 1.312 Thread 0x0000020d807d6030 Thread added: 0x0000020d807d6030
Event: 1.474 Thread 0x0000020dc7082cd0 Thread added: 0x0000020dc7082cd0
Event: 1.602 Thread 0x0000020d807d6030 Thread exited: 0x0000020d807d6030
Event: 1.749 Thread 0x0000020d807d4bc0 Thread exited: 0x0000020d807d4bc0
Event: 3.396 Thread 0x0000020dd2e00ab0 Thread added: 0x0000020dd2e00ab0
Event: 3.396 Thread 0x0000020dd2e01180 Thread added: 0x0000020dd2e01180
Event: 3.687 Thread 0x0000020dd2e01180 Thread exited: 0x0000020dd2e01180
Event: 3.951 Thread 0x0000020dd2e00ab0 Thread exited: 0x0000020dd2e00ab0
Event: 55.080 Thread 0x0000020dd2e00ab0 Thread added: 0x0000020dd2e00ab0
Event: 60.087 Thread 0x0000020dd2e00ab0 Thread exited: 0x0000020dd2e00ab0


Dynamic libraries:
0x00007ff786dd0000 - 0x00007ff786dde000 	C:\Users\stas2\.jdks\openjdk-21.0.1\bin\java.exe
0x00007ffac7c80000 - 0x00007ffac7ee9000 	C:\WINDOWS\SYSTEM32\ntdll.dll
0x00007ffac5b10000 - 0x00007ffac5bd9000 	C:\WINDOWS\System32\KERNEL32.DLL
0x00007ffac5310000 - 0x00007ffac5703000 	C:\WINDOWS\System32\KERNELBASE.dll
0x00007ffac4e10000 - 0x00007ffac4f5b000 	C:\WINDOWS\System32\ucrtbase.dll
0x00007ffa666d0000 - 0x00007ffa666e8000 	C:\Users\stas2\.jdks\openjdk-21.0.1\bin\jli.dll
0x00007ffa559e0000 - 0x00007ffa559fb000 	C:\Users\stas2\.jdks\openjdk-21.0.1\bin\VCRUNTIME140.dll
0x00007ffac60a0000 - 0x00007ffac6264000 	C:\WINDOWS\System32\USER32.dll
0x00007ffaacac0000 - 0x00007ffaacd53000 	C:\WINDOWS\WinSxS\amd64_microsoft.windows.common-controls_6595b64144ccf1df_6.0.26100.5074_none_3e0d6f78e32fd63f\COMCTL32.dll
0x00007ffac5250000 - 0x00007ffac5277000 	C:\WINDOWS\System32\win32u.dll
0x00007ffac7170000 - 0x00007ffac7219000 	C:\WINDOWS\System32\msvcrt.dll
0x00007ffac6070000 - 0x00007ffac609b000 	C:\WINDOWS\System32\GDI32.dll
0x00007ffac5920000 - 0x00007ffac5a4d000 	C:\WINDOWS\System32\gdi32full.dll
0x00007ffac5710000 - 0x00007ffac57b3000 	C:\WINDOWS\System32\msvcp_win.dll
0x00007ffac7c00000 - 0x00007ffac7c2f000 	C:\WINDOWS\System32\IMM32.DLL
0x00007ffa8ab90000 - 0x00007ffa8ab9c000 	C:\Users\stas2\.jdks\openjdk-21.0.1\bin\vcruntime140_1.dll
0x00007ff9f8ba0000 - 0x00007ff9f8c2e000 	C:\Users\stas2\.jdks\openjdk-21.0.1\bin\msvcp140.dll
0x00007ff9c4db0000 - 0x00007ff9c5ac5000 	C:\Users\stas2\.jdks\openjdk-21.0.1\bin\server\jvm.dll
0x00007ffac66a0000 - 0x00007ffac6754000 	C:\WINDOWS\System32\ADVAPI32.dll
0x00007ffac70c0000 - 0x00007ffac7166000 	C:\WINDOWS\System32\sechost.dll
0x00007ffac7ae0000 - 0x00007ffac7bf8000 	C:\WINDOWS\System32\RPCRT4.dll
0x00007ffac6a60000 - 0x00007ffac6ad4000 	C:\WINDOWS\System32\WS2_32.dll
0x00007ffac3a50000 - 0x00007ffac3aae000 	C:\WINDOWS\SYSTEM32\POWRPROF.dll
0x00007ffab73c0000 - 0x00007ffab73f5000 	C:\WINDOWS\SYSTEM32\WINMM.dll
0x00007ffabab30000 - 0x00007ffabab3b000 	C:\WINDOWS\SYSTEM32\VERSION.dll
0x00007ffac3a30000 - 0x00007ffac3a44000 	C:\WINDOWS\SYSTEM32\UMPDC.dll
0x00007ffac3d10000 - 0x00007ffac3d2b000 	C:\WINDOWS\SYSTEM32\kernel.appcore.dll
0x00007ffa6cd70000 - 0x00007ffa6cd7a000 	C:\Users\stas2\.jdks\openjdk-21.0.1\bin\jimage.dll
0x00007ffac2590000 - 0x00007ffac27d2000 	C:\WINDOWS\SYSTEM32\DBGHELP.DLL
0x00007ffac6b70000 - 0x00007ffac6eeb000 	C:\WINDOWS\System32\combase.dll
0x00007ffac7970000 - 0x00007ffac7a47000 	C:\WINDOWS\System32\OLEAUT32.dll
0x00007ffaa9e70000 - 0x00007ffaa9ead000 	C:\WINDOWS\SYSTEM32\dbgcore.DLL
0x00007ffac5880000 - 0x00007ffac5919000 	C:\WINDOWS\System32\bcryptPrimitives.dll
0x00007ffabbac0000 - 0x00007ffabbacf000 	C:\Users\stas2\.jdks\openjdk-21.0.1\bin\instrument.dll
0x00007ffa54330000 - 0x00007ffa5434f000 	C:\Users\stas2\.jdks\openjdk-21.0.1\bin\java.dll
0x00007ffac7220000 - 0x00007ffac796d000 	C:\WINDOWS\System32\SHELL32.dll
0x00007ffac50e0000 - 0x00007ffac524c000 	C:\WINDOWS\System32\wintypes.dll
0x00007ffac2a80000 - 0x00007ffac32d9000 	C:\WINDOWS\SYSTEM32\windows.storage.dll
0x00007ffac6ef0000 - 0x00007ffac6fe0000 	C:\WINDOWS\System32\SHCORE.dll
0x00007ffac6ae0000 - 0x00007ffac6b42000 	C:\WINDOWS\System32\shlwapi.dll
0x00007ffac4d30000 - 0x00007ffac4d59000 	C:\WINDOWS\SYSTEM32\profapi.dll
0x00007ff9f8ac0000 - 0x00007ff9f8b97000 	C:\Users\stas2\.jdks\openjdk-21.0.1\bin\jsvml.dll
0x00007ffa6a0b0000 - 0x00007ffa6a0c0000 	C:\Users\stas2\.jdks\openjdk-21.0.1\bin\net.dll
0x00007ffabbf60000 - 0x00007ffabc07f000 	C:\WINDOWS\SYSTEM32\WINHTTP.dll
0x00007ffac4290000 - 0x00007ffac42fb000 	C:\WINDOWS\system32\mswsock.dll
0x00007ffa532a0000 - 0x00007ffa532b6000 	C:\Users\stas2\.jdks\openjdk-21.0.1\bin\nio.dll
0x00007ffa53280000 - 0x00007ffa53298000 	C:\Users\stas2\.jdks\openjdk-21.0.1\bin\zip.dll
0x00007ffa98390000 - 0x00007ffa983aa000 	C:\IntelliJ IDEA Community Edition 2021.3.2\IntelliJ IDEA Community Edition 2023.2.1\bin\breakgen64.dll
0x00007ffa66a10000 - 0x00007ffa66a8b000 	C:\Users\stas2\AppData\Local\Temp\lwjgl_stas2\3.3.4+7\x64\lwjgl.dll
0x00007ffa40c40000 - 0x00007ffa40cc5000 	C:\Users\stas2\AppData\Local\Temp\lwjgl_stas2\3.3.4+7\x64\glfw.dll
0x00007ffa64f70000 - 0x00007ffa64fbb000 	C:\WINDOWS\SYSTEM32\dinput8.dll
0x00007ffa924c0000 - 0x00007ffa924d2000 	C:\WINDOWS\SYSTEM32\xinput1_4.dll
0x00007ffac4ac0000 - 0x00007ffac4b17000 	C:\WINDOWS\SYSTEM32\cfgmgr32.dll
0x00007ffac4a90000 - 0x00007ffac4abd000 	C:\WINDOWS\SYSTEM32\DEVOBJ.dll
0x00007ffac1d20000 - 0x00007ffac1d4b000 	C:\WINDOWS\SYSTEM32\dwmapi.dll
0x00007ffa9a160000 - 0x00007ffa9a33a000 	C:\WINDOWS\SYSTEM32\inputhost.dll
0x00007ffabef10000 - 0x00007ffabf035000 	C:\WINDOWS\SYSTEM32\CoreMessaging.dll
0x00007ffabf4e0000 - 0x00007ffabf588000 	C:\WINDOWS\system32\uxtheme.dll
0x00007ffac4550000 - 0x00007ffac455c000 	C:\WINDOWS\SYSTEM32\CRYPTBASE.DLL
0x00007ffac6530000 - 0x00007ffac6688000 	C:\WINDOWS\System32\MSCTF.dll
0x00007ffa95710000 - 0x00007ffa9581c000 	C:\WINDOWS\SYSTEM32\opengl32.dll
0x00007ffa9a380000 - 0x00007ffa9a3ad000 	C:\WINDOWS\SYSTEM32\GLU32.dll
0x00007ffac1da0000 - 0x00007ffac1de4000 	C:\WINDOWS\SYSTEM32\dxcore.dll
0x00007ffabd0b0000 - 0x00007ffabd110000 	C:\WINDOWS\SYSTEM32\directxdatabasehelper.dll
0x00007ffab54c0000 - 0x00007ffab54da000 	C:\WINDOWS\SYSTEM32\windows.staterepositorycore.dll
0x00007ffa39a50000 - 0x00007ffa3aa43000 	C:\WINDOWS\System32\DriverStore\FileRepository\iigd_dch.inf_amd64_5802b1615520e41c\igxelpicd64.dll
0x00007ffac68c0000 - 0x00007ffac6a58000 	C:\WINDOWS\System32\ole32.dll
0x00007ffac1ba0000 - 0x00007ffac1cda000 	C:\WINDOWS\system32\dxgi.dll
0x00007ffa39760000 - 0x00007ffa39a47000 	C:\WINDOWS\System32\DriverStore\FileRepository\iigd_dch.inf_amd64_5802b1615520e41c\igdml64.dll
0x00007ffab2f10000 - 0x00007ffab32d7000 	C:\WINDOWS\System32\DriverStore\FileRepository\iigd_dch.inf_amd64_5802b1615520e41c\igdgmm64.dll
0x00007ffaaf880000 - 0x00007ffab2e91000 	C:\WINDOWS\System32\DriverStore\FileRepository\iigd_dch.inf_amd64_5802b1615520e41c\igc64.dll
0x00007ffa91ad0000 - 0x00007ffa91c19000 	C:\WINDOWS\SYSTEM32\textinputframework.dll
0x00007ffab5eb0000 - 0x00007ffab6193000 	C:\WINDOWS\SYSTEM32\CoreUIComponents.dll
0x00007ffa5f060000 - 0x00007ffa5f0c1000 	C:\Users\stas2\AppData\Local\Temp\lwjgl_stas2\3.3.4+7\x64\lwjgl_opengl.dll
0x00007ff9e2490000 - 0x00007ff9e2c84000 	C:\Users\stas2\AppData\Local\Temp\imgui-java-natives\1.89.0\imgui-java64.dll
0x00007ffa66660000 - 0x00007ffa66670000 	C:\Users\stas2\.jdks\openjdk-21.0.1\bin\verify.dll
0x00007ffa40ba0000 - 0x00007ffa40c40000 	C:\Users\stas2\AppData\Local\Temp\lwjgl_stas2\3.3.4+7\x64\lwjgl_stb.dll

dbghelp: loaded successfully - version: 4.0.5 - missing functions: none
symbol engine: initialized successfully - sym options: 0x614 - pdb path: .;C:\Users\stas2\.jdks\openjdk-21.0.1\bin;C:\WINDOWS\SYSTEM32;C:\WINDOWS\WinSxS\amd64_microsoft.windows.common-controls_6595b64144ccf1df_6.0.26100.5074_none_3e0d6f78e32fd63f;C:\Users\stas2\.jdks\openjdk-21.0.1\bin\server;C:\IntelliJ IDEA Community Edition 2021.3.2\IntelliJ IDEA Community Edition 2023.2.1\bin;C:\Users\stas2\AppData\Local\Temp\lwjgl_stas2\3.3.4+7\x64;C:\WINDOWS\System32\DriverStore\FileRepository\iigd_dch.inf_amd64_5802b1615520e41c;C:\Users\stas2\AppData\Local\Temp\imgui-java-natives\1.89.0

VM Arguments:
jvm_args: -javaagent:C:\IntelliJ IDEA Community Edition 2021.3.2\IntelliJ IDEA Community Edition 2023.2.1\lib\idea_rt.jar=65179:C:\IntelliJ IDEA Community Edition 2021.3.2\IntelliJ IDEA Community Edition 2023.2.1\bin -Dfile.encoding=windows-1252 -Dsun.stdout.encoding=windows-1252 -Dsun.stderr.encoding=windows-1252 --module-path=O:\GIt\MultiplayerShooter\target\classes;C:\Users\stas2\.m2\repository\io\github\spair\imgui-java-binding\1.89.0\imgui-java-binding-1.89.0.jar;C:\Users\stas2\.m2\repository\org\joml\joml\1.10.7\joml-1.10.7.jar;C:\Users\stas2\.m2\repository\org\joml\joml-primitives\1.10.0\joml-primitives-1.10.0.jar;C:\Users\stas2\.m2\repository\com\fasterxml\jackson\core\jackson-core\2.17.2\jackson-core-2.17.2.jar;C:\Users\stas2\.m2\repository\org\lwjgl\lwjgl\3.3.4\lwjgl-3.3.4.jar;C:\Users\stas2\.m2\repository\org\lwjgl\lwjgl-opengl\3.3.4\lwjgl-opengl-3.3.4.jar;C:\Users\stas2\.m2\repository\com\fasterxml\jackson\core\jackson-databind\2.17.2\jackson-databind-2.17.2.jar;C:\Users\stas2\.m2\repository\com\fasterxml\jackson\core\jackson-annotations\2.17.2\jackson-annotations-2.17.2.jar;C:\Users\stas2\.m2\repository\org\lwjgl\lwjgl-stb\3.3.4\lwjgl-stb-3.3.4.jar;C:\Users\stas2\.m2\repository\org\lwjgl\lwjgl-assimp\3.3.4\lwjgl-assimp-3.3.4.jar;C:\Users\stas2\.m2\repository\org\lwjgl\lwjgl-glfw\3.3.4\lwjgl-glfw-3.3.4.jar;C:\Users\stas2\.m2\repository\io\github\spair\imgui-java-lwjgl3\1.89.0\imgui-java-lwjgl3-1.89.0.jar;C:\Users\stas2\.m2\repository\org\lwjgl\lwjgl-vulkan\3.3.4\lwjgl-vulkan-3.3.4.jar -Djdk.module.main=com.bedrye.bjge 
java_command: com.bedrye.bjge/com.bedrye.bjge.TestMain
java_class_path (initial): C:\Users\stas2\.m2\repository\io\github\spair\imgui-java-natives-windows\1.89.0\imgui-java-natives-windows-1.89.0.jar;C:\Users\stas2\.m2\repository\org\junit\jupiter\junit-jupiter-api\5.9.2\junit-jupiter-api-5.9.2.jar;C:\Users\stas2\.m2\repository\org\opentest4j\opentest4j\1.2.0\opentest4j-1.2.0.jar;C:\Users\stas2\.m2\repository\org\junit\platform\junit-platform-commons\1.9.2\junit-platform-commons-1.9.2.jar;C:\Users\stas2\.m2\repository\org\apiguardian\apiguardian-api\1.1.2\apiguardian-api-1.1.2.jar;C:\Users\stas2\.m2\repository\org\junit\jupiter\junit-jupiter-engine\5.9.2\junit-jupiter-engine-5.9.2.jar;C:\Users\stas2\.m2\repository\org\junit\platform\junit-platform-engine\1.9.2\junit-platform-engine-1.9.2.jar;C:\Users\stas2\.m2\repository\org\lwjgl\lwjgl-bgfx\3.3.4\lwjgl-bgfx-3.3.4.jar;C:\Users\stas2\.m2\repository\org\lwjgl\lwjgl-nanovg\3.3.4\lwjgl-nanovg-3.3.4.jar;C:\Users\stas2\.m2\repository\org\lwjgl\lwjgl-nuklear\3.3.4\lwjgl-nuklear-3.3.4.jar;C:\Users\stas2\.m2\repository\org\lwjgl\lwjgl-openal\3.3.4\lwjgl-openal-3.3.4.jar;C:\Users\stas2\.m2\repository\org\lwjgl\lwjgl-par\3.3.4\lwjgl-par-3.3.4.jar;C:\Users\stas2\.m2\repository\org\lwjgl\lwjgl\3.3.4\lwjgl-3.3.4-natives-windows.jar;C:\Users\stas2\.m2\repository\org\lwjgl\lwjgl-assimp\3.3.4\lwjgl-assimp-3.3.4-natives-windows.jar;C:\Users\stas2\.m2\repository\org\lwjgl\lwjgl-bgfx\3.3.4\lwjgl-bgfx-3.3.4-natives-windows.jar;C:\Users\stas2\.m2\repository\org\lwjgl\lwjgl-glfw\3.3.4\lwjgl-glfw-3.3.4-natives-windows.jar;C:\Users\stas2\.m2\repository\org\lwjgl\lwjgl-nanovg\3.3.4\lwjgl-nanovg-3.3.4-natives-windows.jar;C:\Users\stas2\.m2\repository\org\lwjgl\lwjgl-nuklear\3.3.4\lwjgl-nuklear-3.3.4-natives-windows.jar;C:\Users\stas2\.m2\repository\org\lwjgl\lwjgl-openal\3.3.4\lwjgl-openal-3.3.4-natives-windows.jar;C:\Users\stas2\.m2\repository\org\lwjgl\lwjgl-opengl\3.3.4\lwjgl-opengl-3.3.4-natives-windows.jar;C:\Users\stas2\.m2\repository\org\lwjgl\lwjgl-par\3.3.4\lwjgl-par-3.3.4-natives-windows.jar;C:\Users\stas2\.m2\repository\org\lwjgl\lwjgl-stb\3.3.4\lwjgl-stb-3.3.4-natives-windows.jar
Launcher Type: SUN_STANDARD

[Global flags]
     intx CICompilerCount                          = 4                                         {product} {ergonomic}
     uint ConcGCThreads                            = 3                                         {product} {ergonomic}
     uint G1ConcRefinementThreads                  = 10                                        {product} {ergonomic}
   size_t G1HeapRegionSize                         = 2097152                                   {product} {ergonomic}
    uintx GCDrainStackTargetSize                   = 64                                        {product} {ergonomic}
   size_t InitialHeapSize                          = 266338304                                 {product} {ergonomic}
   size_t MarkStackSize                            = 4194304                                   {product} {ergonomic}
   size_t MaxHeapSize                              = 4238344192                                {product} {ergonomic}
   size_t MaxNewSize                               = 2541748224                                {product} {ergonomic}
   size_t MinHeapDeltaBytes                        = 2097152                                   {product} {ergonomic}
   size_t MinHeapSize                              = 8388608                                   {product} {ergonomic}
    uintx NonNMethodCodeHeapSize                   = 5839372                                {pd product} {ergonomic}
    uintx NonProfiledCodeHeapSize                  = 122909434                              {pd product} {ergonomic}
    uintx ProfiledCodeHeapSize                     = 122909434                              {pd product} {ergonomic}
    uintx ReservedCodeCacheSize                    = 251658240                              {pd product} {ergonomic}
     bool SegmentedCodeCache                       = true                                      {product} {ergonomic}
   size_t SoftMaxHeapSize                          = 4238344192                             {manageable} {ergonomic}
     bool UseCompressedOops                        = true                           {product lp64_product} {ergonomic}
     bool UseG1GC                                  = true                                      {product} {ergonomic}
     bool UseLargePagesIndividualAllocation        = false                                  {pd product} {ergonomic}

Logging:
Log output configuration:
 #0: stdout all=warning uptime,level,tags foldmultilines=false
 #1: stderr all=off uptime,level,tags foldmultilines=false

Environment Variables:
JAVA_HOME=C:\Program Files\Java\jdk-21
PATH=C:\Program Files\PlasticSCM5\server;C:\Program Files\PlasticSCM5\client;C:\Program Files\NVIDIA GPU Computing Toolkit\CUDA\v12.6\bin;C:\Program Files\NVIDIA GPU Computing Toolkit\CUDA\v12.6\libnvvp;C:\Program Files\Common Files\Oracle\Java\javapath;C:\Windows\system32;C:\Windows;C:\Program Files\Java\jdk-11.0.2\bin;C:\Windows\System32\Wbem;C:\ORacleDatabase\dbhomeXE\bin;C:\Windows\System32\WindowsPowerShell\v1.0\;C:\Windows\System32\OpenSSH\;C:\Program Files (x86)\NVIDIA Corporation\PhysX\Common;C:\Program Files\NVIDIA Corporation\NVIDIA NvDLISR;C:\Program Files\Git LFS;C:\Program Files\Git\cmd;C:\Program Files (x86)\Windows Kits\10\Windows Performance Toolkit\;C:\Program Files (x86)\Steam\steamapps\common\Counter-Strike Global Offensive\game\bin\win64;C:\Users\stas2\AppData\Local\Programs\Python\Python311;C:\Program Files\dotnet\;C:\Program Files\Microsoft SQL Server\150\Tools\Binn\;C:\Program Files\Microsoft SQL Server\Client SDK\ODBC\170\Tools\Binn\;C:\Program Files\NVIDIA Corporation\Nsight Compute 2024.3.2\;C:\Program Files (x86)\Microsoft SQL Server\160\Tools\Binn\;C:\Program Files\Microsoft SQL Server\160\Tools\Binn\;C:\Program Files\Microsoft SQL Server\160\DTS\Binn\;C:\Program Files (x86)\Microsoft SQL Server\160\DTS\Binn\;C:\WINDOWS\system32;C:\WINDOWS;C:\WINDOWS\System32\Wbem;C:\WINDOWS\System32\WindowsPowerShell\v1.0\;C:\WINDOWS\System32\OpenSSH\;C:\Program Files\Docker\Docker\resources\bin;O:\npdejs\;C:\Users\stas2\AppData\Local\Programs\Python\Python312\Scripts;C:\Users\stas2\AppData\Local\Microsoft\WindowsApps;C:\Users\stas2\AppData\Local\Programs\Microsoft VS Code\bin;C:\Users\stas2\AppData\Local\GitHubDesktop\bin;C:\Users\stas2\AppData\Local\Programs\Python\Python311;C:\Program Files (x86)\Steam\steamapps\common\Counter-Strike Global Offensive\game\bin\win64;C:\Users\stas2\.dotnet\tools;C:\Users\stas2\AppData\Local\Muse Hub\lib;C:\Users\stas2\AppData\Roaming\npm;C:\Users\stas2\AppData\Local\Programs\Python\Python312\Scripts;
USERNAME=stas2
OS=Windows_NT
PROCESSOR_IDENTIFIER=Intel64 Family 6 Model 141 Stepping 1, GenuineIntel
TMP=C:\Users\stas2\AppData\Local\Temp
TEMP=C:\Users\stas2\AppData\Local\Temp




Periodic native trim disabled

---------------  S Y S T E M  ---------------

OS:
 Windows 11 , 64 bit Build 26100 (10.0.26100.5074)
OS uptime: 29 days 19:23 hours
Hyper-V role detected

CPU: total 12 (initial active 12) (6 cores per cpu, 2 threads per core) family 6 model 141 stepping 1 microcode 0x3c, cx8, cmov, fxsr, ht, mmx, 3dnowpref, sse, sse2, sse3, ssse3, sse4.1, sse4.2, popcnt, lzcnt, tsc, tscinvbit, avx, avx2, aes, erms, clmul, bmi1, bmi2, adx, avx512f, avx512dq, avx512cd, avx512bw, avx512vl, sha, fma, vzeroupper, avx512_vpopcntdq, avx512_vpclmulqdq, avx512_vaes, avx512_vnni, clflush, clflushopt, clwb, avx512_vbmi2, avx512_vbmi, hv, rdtscp, rdpid, fsrm, gfni, avx512_bitalg, f16c, cet_ibt, cet_ss, avx512_ifma
Processor Information for all 12 processors :
  Max Mhz: 2688, Current Mhz: 2688, Mhz Limit: 2688

Memory: 4k page, system-wide physical 16163M (2161M free)
TotalPageFile size 36643M (AvailPageFile size 900M)
current process WorkingSet (physical memory assigned to process): 277M, peak: 290M
current process commit charge ("private bytes"): 443M, peak: 455M

vm_info: OpenJDK 64-Bit Server VM (21.0.1+12-29) for windows-amd64 JRE (21.0.1+12-29), built on 2023-10-05T13:27:09Z by "mach5one" with MS VC++ 17.1 (VS2022)

END.
