#
# A fatal error has been detected by the Java Runtime Environment:
#
#  EXCEPTION_ACCESS_VIOLATION (0xc0000005) at pc=0x00007ffa5cd1d39a, pid=28476, tid=12108
#
# JRE version: OpenJDK Runtime Environment (21.0.1+12) (build 21.0.1+12-29)
# Java VM: OpenJDK 64-Bit Server VM (21.0.1+12-29, mixed mode, sharing, tiered, compressed oops, compressed class ptrs, g1 gc, windows-amd64)
# Problematic frame:
# C  [lwjgl_opengl.dll+0xd39a]
#
# No core dump will be written. Minidumps are not enabled by default on client versions of Windows
#
# If you would like to submit a bug report, please visit:
#   https://bugreport.java.com/bugreport/crash.jsp
# The crash happened outside the Java Virtual Machine in native code.
# See problematic frame for where to report the bug.
#

---------------  S U M M A R Y ------------

Command Line: -javaagent:C:\IntelliJ IDEA Community Edition 2021.3.2\IntelliJ IDEA Community Edition 2023.2.1\lib\idea_rt.jar=53314:C:\IntelliJ IDEA Community Edition 2021.3.2\IntelliJ IDEA Community Edition 2023.2.1\bin -Dfile.encoding=windows-1252 -Dsun.stdout.encoding=windows-1252 -Dsun.stderr.encoding=windows-1252 --module-path=C:\Users\stas2\.m2\repository\org\lwjgl\lwjgl\3.3.4\lwjgl-3.3.4.jar;C:\Users\stas2\.m2\repository\org\lwjgl\lwjgl-glfw\3.3.4\lwjgl-glfw-3.3.4.jar;C:\Users\stas2\.m2\repository\org\lwjgl\lwjgl-vulkan\3.3.4\lwjgl-vulkan-3.3.4.jar;C:\Users\stas2\.m2\repository\io\github\spair\imgui-java-lwjgl3\1.89.0\imgui-java-lwjgl3-1.89.0.jar;O:\GIt\MultiplayerShooter\target\classes;C:\Users\stas2\.m2\repository\com\fasterxml\jackson\core\jackson-core\2.17.2\jackson-core-2.17.2.jar;C:\Users\stas2\.m2\repository\org\lwjgl\lwjgl-stb\3.3.4\lwjgl-stb-3.3.4.jar;C:\Users\stas2\.m2\repository\com\fasterxml\jackson\core\jackson-annotations\2.17.2\jackson-annotations-2.17.2.jar;C:\Users\stas2\.m2\repository\io\github\spair\imgui-java-binding\1.89.0\imgui-java-binding-1.89.0.jar;C:\Users\stas2\.m2\repository\org\joml\joml\1.10.7\joml-1.10.7.jar;C:\Users\stas2\.m2\repository\org\lwjgl\lwjgl-assimp\3.3.4\lwjgl-assimp-3.3.4.jar;C:\Users\stas2\.m2\repository\org\lwjgl\lwjgl-opengl\3.3.4\lwjgl-opengl-3.3.4.jar;C:\Users\stas2\.m2\repository\org\joml\joml-primitives\1.10.0\joml-primitives-1.10.0.jar;C:\Users\stas2\.m2\repository\com\fasterxml\jackson\core\jackson-databind\2.17.2\jackson-databind-2.17.2.jar -Djdk.module.main=com.bedrye.bjge com.bedrye.bjge/com.bedrye.bjge.TestMain

Host: 11th Gen Intel(R) Core(TM) i5-11400H @ 2.70GHz, 12 cores, 15G,  Windows 11 , 64 bit Build 26100 (10.0.26100.5074)
Time: Mon Oct  6 22:33:15 2025 FLE Summer Time elapsed time: 0.437407 seconds (0d 0h 0m 0s)

---------------  T H R E A D  ---------------

Current thread (0x0000024ef061b360):  JavaThread "main"             [_thread_in_native, id=12108, stack(0x0000005a85700000,0x0000005a85800000) (1024K)]

Stack: [0x0000005a85700000,0x0000005a85800000],  sp=0x0000005a857fe7f8,  free space=1017k
Native frames: (J=compiled Java code, j=interpreted, Vv=VM code, C=native code)
C  [lwjgl_opengl.dll+0xd39a]

Java frames: (J=compiled Java code, j=interpreted, Vv=VM code)
j  org.lwjgl.opengl.GL11C.nglGenTextures(IJ)V+0 org.lwjgl.opengl@3.3.4+7
j  org.lwjgl.opengl.GL11C.glGenTextures()I+20 org.lwjgl.opengl@3.3.4+7
j  org.lwjgl.opengl.GL11.glGenTextures()I+0 org.lwjgl.opengl@3.3.4+7
j  com.bedrye.bjge.GameEngine.Util.BJETexture.initialize()V+1 com.bedrye.bjge@1.0-SNAPSHOT
j  com.bedrye.bjge.GameEngine.Util.BJETexture.<init>(Ljava/lang/String;Ljava/lang/String;)V+17 com.bedrye.bjge@1.0-SNAPSHOT
j  com.bedrye.bjge.GameEngine.Objects.Editor.BJEResourceManager.loadResource(Ljava/nio/file/Path;)V+196 com.bedrye.bjge@1.0-SNAPSHOT
j  com.bedrye.bjge.GameEngine.Objects.Editor.BJEResourceManager$$Lambda+0x0000024e9409e8f8.accept(Ljava/lang/Object;)V+8 com.bedrye.bjge@1.0-SNAPSHOT
j  java.util.stream.ForEachOps$ForEachOp$OfRef.accept(Ljava/lang/Object;)V+5 java.base@21.0.1
J 431 c2 java.util.stream.ReferencePipeline$2$1.accept(Ljava/lang/Object;)V java.base@21.0.1 (27 bytes) @ 0x0000024e87af25ac [0x0000024e87af2520+0x000000000000008c]
J 305 c2 java.util.stream.ReferencePipeline$3$1.accept(Ljava/lang/Object;)V java.base@21.0.1 (23 bytes) @ 0x0000024e87ae4820 [0x0000024e87ae47a0+0x0000000000000080]
j  java.util.Iterator.forEachRemaining(Ljava/util/function/Consumer;)V+21 java.base@21.0.1
j  java.util.Spliterators$IteratorSpliterator.forEachRemaining(Ljava/util/function/Consumer;)V+52 java.base@21.0.1
j  java.util.stream.AbstractPipeline.copyInto(Ljava/util/stream/Sink;Ljava/util/Spliterator;)V+32 java.base@21.0.1
j  java.util.stream.AbstractPipeline.wrapAndCopyInto(Ljava/util/stream/Sink;Ljava/util/Spliterator;)Ljava/util/stream/Sink;+13 java.base@21.0.1
j  java.util.stream.ForEachOps$ForEachOp.evaluateSequential(Ljava/util/stream/PipelineHelper;Ljava/util/Spliterator;)Ljava/lang/Void;+3 java.base@21.0.1
j  java.util.stream.ForEachOps$ForEachOp$OfRef.evaluateSequential(Ljava/util/stream/PipelineHelper;Ljava/util/Spliterator;)Ljava/lang/Object;+3 java.base@21.0.1
j  java.util.stream.AbstractPipeline.evaluate(Ljava/util/stream/TerminalOp;)Ljava/lang/Object;+88 java.base@21.0.1
j  java.util.stream.ReferencePipeline.forEach(Ljava/util/function/Consumer;)V+6 java.base@21.0.1
j  com.bedrye.bjge.GameEngine.Objects.Editor.BJEResourceManager.loadAllResources()V+27 com.bedrye.bjge@1.0-SNAPSHOT
j  com.bedrye.bjge.GameEngine.Objects.Editor.BJEResourceManager.<init>(Ljava/lang/String;)V+172 com.bedrye.bjge@1.0-SNAPSHOT
j  com.bedrye.bjge.GameEngine.EngineWindowManager.init()V+7 com.bedrye.bjge@1.0-SNAPSHOT
j  com.bedrye.bjge.GameEngine.EngineWindowManager.run()V+1 com.bedrye.bjge@1.0-SNAPSHOT
j  com.bedrye.bjge.TestMain.main([Ljava/lang/String;)V+3 com.bedrye.bjge@1.0-SNAPSHOT
v  ~StubRoutines::call_stub 0x0000024e875310e7

siginfo: EXCEPTION_ACCESS_VIOLATION (0xc0000005), reading address 0x00000000000002d8


Registers:
RAX=0x0000000000000000, RBX=0x0000024ed47b7608, RCX=0x0000024ef061b718, RDX=0x0000024ed900674c
RSP=0x0000005a857fe7f8, RBP=0x0000005a857fe880, RSI=0x0000024ed4297ed0, RDI=0x0000024e87538846
R8 =0x0000000000000001, R9 =0x0000024ed900674c, R10=0x0000024e8753cedc, R11=0x0000000712bb7548
R12=0x0000000000000000, R13=0x0000024ed47b7608, R14=0x0000005a857fe8b0, R15=0x0000024ef061b360
RIP=0x00007ffa5cd1d39a, EFLAGS=0x0000000000010202


Register to memory mapping:

RAX=0x0 is null
RBX={method} {0x0000024ed47b7610} 'nglGenTextures' '(IJ)V' in 'org/lwjgl/opengl/GL11C'
RCX=0x0000024ef061b718 points into unknown readable memory: 0x0000024ed9032f90 | 90 2f 03 d9 4e 02 00 00
RDX=0x0000024ed900674c points into unknown readable memory: 00 00 00 00
RSP=0x0000005a857fe7f8 is pointing into the stack for thread: 0x0000024ef061b360
RBP=0x0000005a857fe880 is pointing into the stack for thread: 0x0000024ef061b360
RSI=0x0000024ed4297ed0 is pointing into metadata
RDI=0x0000024e87538846 is at code_begin+1158 in an Interpreter codelet
return entry points  [0x0000024e875383c0, 0x0000024e87538f18]  2904 bytes
R8 =0x0000000000000001 is an unknown value
R9 =0x0000024ed900674c points into unknown readable memory: 00 00 00 00
R10=0x0000024e8753cedc is at code_begin+1020 in an Interpreter codelet
native method entry point (kind = native)  [0x0000024e8753cae0, 0x0000024e8753d708]  3112 bytes
R11=0x0000000712bb7548 is an oop: java.lang.Class 
{0x0000000712bb7548} - klass: 'java/lang/Class'
 - ---- fields (total size 116 words):
 - private volatile transient 'classRedefinedCount' 'I' @12  0 (0x00000000)
 - injected 'klass' 'J' @16  2536514450896 (0x0000024e940af5d0)
 - injected 'array_klass' 'J' @24  0 (0x0000000000000000)
 - injected 'oop_size' 'I' @32  116 (0x00000074)
 - injected 'static_oop_field_count' 'I' @36  0 (0x00000000)
 - private volatile transient 'cachedConstructor' 'Ljava/lang/reflect/Constructor;' @40  null (0x00000000)
 - private transient 'name' 'Ljava/lang/String;' @44  "org.lwjgl.opengl.GL11C"{0x0000000712bb78e8} (0xe2576f1d)
 - private transient 'module' 'Ljava/lang/Module;' @48  a 'java/lang/Module'{0x0000000711c6f2e8} (0xe238de5d)
 - private final 'classLoader' 'Ljava/lang/ClassLoader;' @52  a 'jdk/internal/loader/ClassLoaders$AppClassLoader'{0x0000000711c00000} (0xe2380000)
 - private transient 'classData' 'Ljava/lang/Object;' @56  null (0x00000000)
 - private transient 'packageName' 'Ljava/lang/String;' @60  "org.lwjgl.opengl"{0x0000000712cd6f10} (0xe259ade2)
 - private final 'componentType' 'Ljava/lang/Class;' @64  null (0x00000000)
 - private volatile transient 'reflectionData' 'Ljava/lang/ref/SoftReference;' @68  null (0x00000000)
 - private volatile transient 'genericInfo' 'Lsun/reflect/generics/repository/ClassRepository;' @72  null (0x00000000)
 - private volatile transient 'enumConstants' '[Ljava/lang/Object;' @76  null (0x00000000)
 - private volatile transient 'enumConstantDirectory' 'Ljava/util/Map;' @80  null (0x00000000)
 - private volatile transient 'annotationData' 'Ljava/lang/Class$AnnotationData;' @84  null (0x00000000)
 - private volatile transient 'annotationType' 'Lsun/reflect/annotation/AnnotationType;' @88  null (0x00000000)
 - transient 'classValueMap' 'Ljava/lang/ClassValue$ClassValueMap;' @92  null (0x00000000)
 - injected 'protection_domain' 'Ljava/lang/Object;' @96  a 'java/security/ProtectionDomain'{0x0000000712cd6440} (0xe259ac88)
 - injected 'signers_name' 'Ljava/lang/Object;' @100  null (0x00000000)
 - injected 'source_file' 'Ljava/lang/Object;' @104  null (0x00000000)
 - signature: Lorg/lwjgl/opengl/GL11C;
 - ---- static fields (0):
 - public static final 'GL_NEVER' 'I' @112  512 (0x00000200)
 - public static final 'GL_LESS' 'I' @116  513 (0x00000201)
 - public static final 'GL_EQUAL' 'I' @120  514 (0x00000202)
 - public static final 'GL_LEQUAL' 'I' @124  515 (0x00000203)
 - public static final 'GL_GREATER' 'I' @128  516 (0x00000204)
 - public static final 'GL_NOTEQUAL' 'I' @132  517 (0x00000205)
 - public static final 'GL_GEQUAL' 'I' @136  518 (0x00000206)
 - public static final 'GL_ALWAYS' 'I' @140  519 (0x00000207)
 - public static final 'GL_DEPTH_BUFFER_BIT' 'I' @144  256 (0x00000100)
 - public static final 'GL_STENCIL_BUFFER_BIT' 'I' @148  1024 (0x00000400)
 - public static final 'GL_COLOR_BUFFER_BIT' 'I' @152  16384 (0x00004000)
 - public static final 'GL_POINTS' 'I' @156  0 (0x00000000)
 - public static final 'GL_LINES' 'I' @160  1 (0x00000001)
 - public static final 'GL_LINE_LOOP' 'I' @164  2 (0x00000002)
 - public static final 'GL_LINE_STRIP' 'I' @168  3 (0x00000003)
 - public static final 'GL_TRIANGLES' 'I' @172  4 (0x00000004)
 - public static final 'GL_TRIANGLE_STRIP' 'I' @176  5 (0x00000005)
 - public static final 'GL_TRIANGLE_FAN' 'I' @180  6 (0x00000006)
 - public static final 'GL_QUADS' 'I' @184  7 (0x00000007)
 - public static final 'GL_ZERO' 'I' @188  0 (0x00000000)
 - public static final 'GL_ONE' 'I' @192  1 (0x00000001)
 - public static final 'GL_SRC_COLOR' 'I' @196  768 (0x00000300)
 - public static final 'GL_ONE_MINUS_SRC_COLOR' 'I' @200  769 (0x00000301)
 - public static final 'GL_SRC_ALPHA' 'I' @204  770 (0x00000302)
 - public static final 'GL_ONE_MINUS_SRC_ALPHA' 'I' @208  771 (0x00000303)
 - public static final 'GL_DST_ALPHA' 'I' @212  772 (0x00000304)
 - public static final 'GL_ONE_MINUS_DST_ALPHA' 'I' @216  773 (0x00000305)
 - public static final 'GL_DST_COLOR' 'I' @220  774 (0x00000306)
 - public static final 'GL_ONE_MINUS_DST_COLOR' 'I' @224  775 (0x00000307)
 - public static final 'GL_SRC_ALPHA_SATURATE' 'I' @228  776 (0x00000308)
 - public static final 'GL_TRUE' 'I' @232  1 (0x00000001)
 - public static final 'GL_FALSE' 'I' @236  0 (0x00000000)
 - public static final 'GL_BYTE' 'I' @240  5120 (0x00001400)
 - public static final 'GL_UNSIGNED_BYTE' 'I' @244  5121 (0x00001401)
 - public static final 'GL_SHORT' 'I' @248  5122 (0x00001402)
 - public static final 'GL_UNSIGNED_SHORT' 'I' @252  5123 (0x00001403)
 - public static final 'GL_INT' 'I' @256  5124 (0x00001404)
 - public static final 'GL_UNSIGNED_INT' 'I' @260  5125 (0x00001405)
 - public static final 'GL_FLOAT' 'I' @264  5126 (0x00001406)
 - public static final 'GL_DOUBLE' 'I' @268  5130 (0x0000140a)
 - public static final 'GL_NONE' 'I' @272  0 (0x00000000)
 - public static final 'GL_FRONT_LEFT' 'I' @276  1024 (0x00000400)
 - public static final 'GL_FRONT_RIGHT' 'I' @280  1025 (0x00000401)
 - public static final 'GL_BACK_LEFT' 'I' @284  1026 (0x00000402)
 - public static final 'GL_BACK_RIGHT' 'I' @288  1027 (0x00000403)
 - public static final 'GL_FRONT' 'I' @292  1028 (0x00000404)
 - public static final 'GL_BACK' 'I' @296  1029 (0x00000405)
 - public static final 'GL_LEFT' 'I' @300  1030 (0x00000406)
 - public static final 'GL_RIGHT' 'I' @304  1031 (0x00000407)
 - public static final 'GL_FRONT_AND_BACK' 'I' @308  1032 (0x00000408)
 - public static final 'GL_NO_ERROR' 'I' @312  0 (0x00000000)
 - public static final 'GL_INVALID_ENUM' 'I' @316  1280 (0x00000500)
 - public static final 'GL_INVALID_VALUE' 'I' @320  1281 (0x00000501)
 - public static final 'GL_INVALID_OPERATION' 'I' @324  1282 (0x00000502)
 - public static final 'GL_STACK_OVERFLOW' 'I' @328  1283 (0x00000503)
 - public static final 'GL_STACK_UNDERFLOW' 'I' @332  1284 (0x00000504)
 - public static final 'GL_OUT_OF_MEMORY' 'I' @336  1285 (0x00000505)
 - public static final 'GL_CW' 'I' @340  2304 (0x00000900)
 - public static final 'GL_CCW' 'I' @344  2305 (0x00000901)
 - public static final 'GL_POINT_SIZE' 'I' @348  2833 (0x00000b11)
 - public static final 'GL_POINT_SIZE_RANGE' 'I' @352  2834 (0x00000b12)
 - public static final 'GL_POINT_SIZE_GRANULARITY' 'I' @356  2835 (0x00000b13)
 - public static final 'GL_LINE_SMOOTH' 'I' @360  2848 (0x00000b20)
 - public static final 'GL_LINE_WIDTH' 'I' @364  2849 (0x00000b21)
 - public static final 'GL_LINE_WIDTH_RANGE' 'I' @368  2850 (0x00000b22)
 - public static final 'GL_LINE_WIDTH_GRANULARITY' 'I' @372  2851 (0x00000b23)
 - public static final 'GL_POLYGON_MODE' 'I' @376  2880 (0x00000b40)
 - public static final 'GL_POLYGON_SMOOTH' 'I' @380  2881 (0x00000b41)
 - public static final 'GL_CULL_FACE' 'I' @384  2884 (0x00000b44)
 - public static final 'GL_CULL_FACE_MODE' 'I' @388  2885 (0x00000b45)
 - public static final 'GL_FRONT_FACE' 'I' @392  2886 (0x00000b46)
 - public static final 'GL_DEPTH_RANGE' 'I' @396  2928 (0x00000b70)
 - public static final 'GL_DEPTH_TEST' 'I' @400  2929 (0x00000b71)
 - public static final 'GL_DEPTH_WRITEMASK' 'I' @404  2930 (0x00000b72)
 - public static final 'GL_DEPTH_CLEAR_VALUE' 'I' @408  2931 (0x00000b73)
 - public static final 'GL_DEPTH_FUNC' 'I' @412  2932 (0x00000b74)
 - public static final 'GL_STENCIL_TEST' 'I' @416  2960 (0x00000b90)
 - public static final 'GL_STENCIL_CLEAR_VALUE' 'I' @420  2961 (0x00000b91)
 - public static final 'GL_STENCIL_FUNC' 'I' @424  2962 (0x00000b92)
 - public static final 'GL_STENCIL_VALUE_MASK' 'I' @428  2963 (0x00000b93)
 - public static final 'GL_STENCIL_FAIL' 'I' @432  2964 (0x00000b94)
 - public static final 'GL_STENCIL_PASS_DEPTH_FAIL' 'I' @436  2965 (0x00000b95)
 - public static final 'GL_STENCIL_PASS_DEPTH_PASS' 'I' @440  2966 (0x00000b96)
 - public static final 'GL_STENCIL_REF' 'I' @444  2967 (0x00000b97)
 - public static final 'GL_STENCIL_WRITEMASK' 'I' @448  2968 (0x00000b98)
 - public static final 'GL_VIEWPORT' 'I' @452  2978 (0x00000ba2)
 - public static final 'GL_DITHER' 'I' @456  3024 (0x00000bd0)
 - public static final 'GL_BLEND_DST' 'I' @460  3040 (0x00000be0)
 - public static final 'GL_BLEND_SRC' 'I' @464  3041 (0x00000be1)
 - public static final 'GL_BLEND' 'I' @468  3042 (0x00000be2)
 - public static final 'GL_LOGIC_OP_MODE' 'I' @472  3056 (0x00000bf0)
 - public static final 'GL_COLOR_LOGIC_OP' 'I' @476  3058 (0x00000bf2)
 - public static final 'GL_DRAW_BUFFER' 'I' @480  3073 (0x00000c01)
 - public static final 'GL_READ_BUFFER' 'I' @484  3074 (0x00000c02)
 - public static final 'GL_SCISSOR_BOX' 'I' @488  3088 (0x00000c10)
 - public static final 'GL_SCISSOR_TEST' 'I' @492  3089 (0x00000c11)
 - public static final 'GL_COLOR_CLEAR_VALUE' 'I' @496  3106 (0x00000c22)
 - public static final 'GL_COLOR_WRITEMASK' 'I' @500  3107 (0x00000c23)
 - public static final 'GL_DOUBLEBUFFER' 'I' @504  3122 (0x00000c32)
 - public static final 'GL_STEREO' 'I' @508  3123 (0x00000c33)
 - public static final 'GL_LINE_SMOOTH_HINT' 'I' @512  3154 (0x00000c52)
 - public static final 'GL_POLYGON_SMOOTH_HINT' 'I' @516  3155 (0x00000c53)
 - public static final 'GL_UNPACK_SWAP_BYTES' 'I' @520  3312 (0x00000cf0)
 - public static final 'GL_UNPACK_LSB_FIRST' 'I' @524  3313 (0x00000cf1)
 - public static final 'GL_UNPACK_ROW_LENGTH' 'I' @528  3314 (0x00000cf2)
 - public static final 'GL_UNPACK_SKIP_ROWS' 'I' @532  3315 (0x00000cf3)
 - public static final 'GL_UNPACK_SKIP_PIXELS' 'I' @536  3316 (0x00000cf4)
 - public static final 'GL_UNPACK_ALIGNMENT' 'I' @540  3317 (0x00000cf5)
 - public static final 'GL_PACK_SWAP_BYTES' 'I' @544  3328 (0x00000d00)
 - public static final 'GL_PACK_LSB_FIRST' 'I' @548  3329 (0x00000d01)
 - public static final 'GL_PACK_ROW_LENGTH' 'I' @552  3330 (0x00000d02)
 - public static final 'GL_PACK_SKIP_ROWS' 'I' @556  3331 (0x00000d03)
 - public static final 'GL_PACK_SKIP_PIXELS' 'I' @560  3332 (0x00000d04)
 - public static final 'GL_PACK_ALIGNMENT' 'I' @564  3333 (0x00000d05)
 - public static final 'GL_MAX_TEXTURE_SIZE' 'I' @568  3379 (0x00000d33)
 - public static final 'GL_MAX_VIEWPORT_DIMS' 'I' @572  3386 (0x00000d3a)
 - public static final 'GL_SUBPIXEL_BITS' 'I' @576  3408 (0x00000d50)
 - public static final 'GL_TEXTURE_1D' 'I' @580  3552 (0x00000de0)
 - public static final 'GL_TEXTURE_2D' 'I' @584  3553 (0x00000de1)
 - public static final 'GL_TEXTURE_WIDTH' 'I' @588  4096 (0x00001000)
 - public static final 'GL_TEXTURE_HEIGHT' 'I' @592  4097 (0x00001001)
 - public static final 'GL_TEXTURE_INTERNAL_FORMAT' 'I' @596  4099 (0x00001003)
 - public static final 'GL_TEXTURE_BORDER_COLOR' 'I' @600  4100 (0x00001004)
 - public static final 'GL_DONT_CARE' 'I' @604  4352 (0x00001100)
 - public static final 'GL_FASTEST' 'I' @608  4353 (0x00001101)
 - public static final 'GL_NICEST' 'I' @612  4354 (0x00001102)
 - public static final 'GL_CLEAR' 'I' @616  5376 (0x00001500)
 - public static final 'GL_AND' 'I' @620  5377 (0x00001501)
 - public static final 'GL_AND_REVERSE' 'I' @624  5378 (0x00001502)
 - public static final 'GL_COPY' 'I' @628  5379 (0x00001503)
 - public static final 'GL_AND_INVERTED' 'I' @632  5380 (0x00001504)
 - public static final 'GL_NOOP' 'I' @636  5381 (0x00001505)
 - public static final 'GL_XOR' 'I' @640  5382 (0x00001506)
 - public static final 'GL_OR' 'I' @644  5383 (0x00001507)
 - public static final 'GL_NOR' 'I' @648  5384 (0x00001508)
 - public static final 'GL_EQUIV' 'I' @652  5385 (0x00001509)
 - public static final 'GL_INVERT' 'I' @656  5386 (0x0000150a)
 - public static final 'GL_OR_REVERSE' 'I' @660  5387 (0x0000150b)
 - public static final 'GL_COPY_INVERTED' 'I' @664  5388 (0x0000150c)
 - public static final 'GL_OR_INVERTED' 'I' @668  5389 (0x0000150d)
 - public static final 'GL_NAND' 'I' @672  5390 (0x0000150e)
 - public static final 'GL_SET' 'I' @676  5391 (0x0000150f)
 - public static final 'GL_TEXTURE' 'I' @680  5890 (0x00001702)
 - public static final 'GL_COLOR' 'I' @684  6144 (0x00001800)
 - public static final 'GL_DEPTH' 'I' @688  6145 (0x00001801)
 - public static final 'GL_STENCIL' 'I' @692  6146 (0x00001802)
 - public static final 'GL_STENCIL_INDEX' 'I' @696  6401 (0x00001901)
 - public static final 'GL_DEPTH_COMPONENT' 'I' @700  6402 (0x00001902)
 - public static final 'GL_RED' 'I' @704  6403 (0x00001903)
 - public static final 'GL_GREEN' 'I' @708  6404 (0x00001904)
 - public static final 'GL_BLUE' 'I' @712  6405 (0x00001905)
 - public static final 'GL_ALPHA' 'I' @716  6406 (0x00001906)
 - public static final 'GL_RGB' 'I' @720  6407 (0x00001907)
 - public static final 'GL_RGBA' 'I' @724  6408 (0x00001908)
 - public static final 'GL_POINT' 'I' @728  6912 (0x00001b00)
 - public static final 'GL_LINE' 'I' @732  6913 (0x00001b01)
 - public static final 'GL_FILL' 'I' @736  6914 (0x00001b02)
 - public static final 'GL_KEEP' 'I' @740  7680 (0x00001e00)
 - public static final 'GL_REPLACE' 'I' @744  7681 (0x00001e01)
 - public static final 'GL_INCR' 'I' @748  7682 (0x00001e02)
 - public static final 'GL_DECR' 'I' @752  7683 (0x00001e03)
 - public static final 'GL_VENDOR' 'I' @756  7936 (0x00001f00)
 - public static final 'GL_RENDERER' 'I' @760  7937 (0x00001f01)
 - public static final 'GL_VERSION' 'I' @764  7938 (0x00001f02)
 - public static final 'GL_EXTENSIONS' 'I' @768  7939 (0x00001f03)
 - public static final 'GL_NEAREST' 'I' @772  9728 (0x00002600)
 - public static final 'GL_LINEAR' 'I' @776  9729 (0x00002601)
 - public static final 'GL_NEAREST_MIPMAP_NEAREST' 'I' @780  9984 (0x00002700)
 - public static final 'GL_LINEAR_MIPMAP_NEAREST' 'I' @784  9985 (0x00002701)
 - public static final 'GL_NEAREST_MIPMAP_LINEAR' 'I' @788  9986 (0x00002702)
 - public static final 'GL_LINEAR_MIPMAP_LINEAR' 'I' @792  9987 (0x00002703)
 - public static final 'GL_TEXTURE_MAG_FILTER' 'I' @796  10240 (0x00002800)
 - public static final 'GL_TEXTURE_MIN_FILTER' 'I' @800  10241 (0x00002801)
 - public static final 'GL_TEXTURE_WRAP_S' 'I' @804  10242 (0x00002802)
 - public static final 'GL_TEXTURE_WRAP_T' 'I' @808  10243 (0x00002803)
 - public static final 'GL_REPEAT' 'I' @812  10497 (0x00002901)
 - public static final 'GL_POLYGON_OFFSET_FACTOR' 'I' @816  32824 (0x00008038)
 - public static final 'GL_POLYGON_OFFSET_UNITS' 'I' @820  10752 (0x00002a00)
 - public static final 'GL_POLYGON_OFFSET_POINT' 'I' @824  10753 (0x00002a01)
 - public static final 'GL_POLYGON_OFFSET_LINE' 'I' @828  10754 (0x00002a02)
 - public static final 'GL_POLYGON_OFFSET_FILL' 'I' @832  32823 (0x00008037)
 - public static final 'GL_R3_G3_B2' 'I' @836  10768 (0x00002a10)
 - public static final 'GL_RGB4' 'I' @840  32847 (0x0000804f)
 - public static final 'GL_RGB5' 'I' @844  32848 (0x00008050)
 - public static final 'GL_RGB8' 'I' @848  32849 (0x00008051)
 - public static final 'GL_RGB10' 'I' @852  32850 (0x00008052)
 - public static final 'GL_RGB12' 'I' @856  32851 (0x00008053)
 - public static final 'GL_RGB16' 'I' @860  32852 (0x00008054)
 - public static final 'GL_RGBA2' 'I' @864  32853 (0x00008055)
 - public static final 'GL_RGBA4' 'I' @868  32854 (0x00008056)
 - public static final 'GL_RGB5_A1' 'I' @872  32855 (0x00008057)
 - public static final 'GL_RGBA8' 'I' @876  32856 (0x00008058)
 - public static final 'GL_RGB10_A2' 'I' @880  32857 (0x00008059)
 - public static final 'GL_RGBA12' 'I' @884  32858 (0x0000805a)
 - public static final 'GL_RGBA16' 'I' @888  32859 (0x0000805b)
 - public static final 'GL_TEXTURE_RED_SIZE' 'I' @892  32860 (0x0000805c)
 - public static final 'GL_TEXTURE_GREEN_SIZE' 'I' @896  32861 (0x0000805d)
 - public static final 'GL_TEXTURE_BLUE_SIZE' 'I' @900  32862 (0x0000805e)
 - public static final 'GL_TEXTURE_ALPHA_SIZE' 'I' @904  32863 (0x0000805f)
 - public static final 'GL_PROXY_TEXTURE_1D' 'I' @908  32867 (0x00008063)
 - public static final 'GL_PROXY_TEXTURE_2D' 'I' @912  32868 (0x00008064)
 - public static final 'GL_TEXTURE_BINDING_1D' 'I' @916  32872 (0x00008068)
 - public static final 'GL_TEXTURE_BINDING_2D' 'I' @920  32873 (0x00008069)
 - public static final 'GL_VERTEX_ARRAY' 'I' @924  32884 (0x00008074)
R12=0x0 is null
R13={method} {0x0000024ed47b7610} 'nglGenTextures' '(IJ)V' in 'org/lwjgl/opengl/GL11C'
R14=0x0000005a857fe8b0 is pointing into the stack for thread: 0x0000024ef061b360
R15=0x0000024ef061b360 is a thread

Top of Stack: (sp=0x0000005a857fe7f8)
0x0000005a857fe7f8:   0000024e8753cf0b 0000024e87538846
0x0000005a857fe808:   0000024e8753cbf7 0000024ed47b7608
0x0000005a857fe818:   0000024ed4297ed0 0000005a857fe898
0x0000005a857fe828:   0000024e87538924 0000024e8753cb9f
0x0000005a857fe838:   0000005a857fe838 0000024ed47b7608
0x0000005a857fe848:   0000000000000006 0000024ed47c2138
0x0000005a857fe858:   0000000000000000 0000000712bb7548
0x0000005a857fe868:   0000024ed47b7608 0000000000000000
0x0000005a857fe878:   0000005a857fe8a0 0000005a857fe900
0x0000005a857fe888:   0000024e87538846 0000000712bb7548
0x0000005a857fe898:   0000024e8753a397 0000024ed900674c
0x0000005a857fe8a8:   0000000000000000 0000000000000001
0x0000005a857fe8b8:   0000005a857fe8b8 0000024ed47b778c
0x0000005a857fe8c8:   0000000000000006 0000024ed47c2138
0x0000005a857fe8d8:   0000000000000000 0000000712bb7548
0x0000005a857fe8e8:   0000024ed47b77f8 0000005a857fe8a0
0x0000005a857fe8f8:   0000005a857fe938 0000005a857fe980
0x0000005a857fe908:   0000024e8753896e 0000000000000000
0x0000005a857fe918:   0000000000000000 0000000712bbcf10
0x0000005a857fe928:   0000000000010000 0000000712b59268
0x0000005a857fe938:   0000005a857fe938 0000024ed4712ad0
0x0000005a857fe948:   0000000000000001 0000024ed4739498
0x0000005a857fe958:   0000000000000000 0000000712cd6620
0x0000005a857fe968:   0000024ed4712ae8 0000005a857fe938
0x0000005a857fe978:   0000005a857fe990 0000005a857fe9e0
0x0000005a857fe988:   0000024e8753896e 0000000712c52360
0x0000005a857fe998:   0000005a857fe998 0000024ed46e5351
0x0000005a857fe9a8:   0000000000000006 0000024ed46ff060
0x0000005a857fe9b8:   0000000000000000 0000000712c09408
0x0000005a857fe9c8:   0000024ed46e5438 0000005a857fe990
0x0000005a857fe9d8:   0000005a857fea10 0000005a857fea60
0x0000005a857fe9e8:   0000024e87538846 0000000000000000 

Instructions: (pc=0x00007ffa5cd1d39a)
0x00007ffa5cd1d29a:   cc cc cc cc cc cc 48 8b 01 48 8b 40 18 44 89 c1
0x00007ffa5cd1d2aa:   48 ff a0 d0 01 00 00 cc cc cc cc cc cc cc cc cc
0x00007ffa5cd1d2ba:   cc cc cc cc cc cc 0f 28 cb 0f 28 c2 48 8b 01 48
0x00007ffa5cd1d2ca:   8b 40 18 48 8b 80 d8 01 00 00 48 ff e0 cc cc cc
0x00007ffa5cd1d2da:   cc cc cc cc cc cc 44 89 ca 44 89 c0 44 8b 44 24
0x00007ffa5cd1d2ea:   28 48 8b 09 48 8b 49 18 4c 8b 89 e8 01 00 00 89
0x00007ffa5cd1d2fa:   c1 49 ff e1 cc cc 48 8b 01 48 8b 40 18 44 89 c1
0x00007ffa5cd1d30a:   48 ff a0 f0 01 00 00 cc cc cc cc cc cc cc cc cc
0x00007ffa5cd1d31a:   cc cc cc cc cc cc 44 89 ca 44 89 c0 44 8b 44 24
0x00007ffa5cd1d32a:   28 4c 8b 4c 24 30 48 8b 09 48 8b 49 18 4c 8b 91
0x00007ffa5cd1d33a:   f8 01 00 00 89 c1 49 ff e2 cc cc cc cc cc cc cc
0x00007ffa5cd1d34a:   cc cc cc cc cc cc 48 8b 01 48 8b 40 18 48 ff a0
0x00007ffa5cd1d35a:   98 02 00 00 cc cc 48 8b 01 48 8b 40 18 48 ff a0
0x00007ffa5cd1d36a:   a0 02 00 00 cc cc 48 8b 01 48 8b 40 18 44 89 c1
0x00007ffa5cd1d37a:   48 ff a0 c8 02 00 00 cc cc cc cc cc cc cc cc cc
0x00007ffa5cd1d38a:   cc cc cc cc cc cc 4c 89 ca 48 8b 01 48 8b 40 18
0x00007ffa5cd1d39a:   48 8b 80 d8 02 00 00 44 89 c1 48 ff e0 cc cc cc
0x00007ffa5cd1d3aa:   cc cc cc cc cc cc 4c 89 ca 48 8b 01 48 8b 40 18
0x00007ffa5cd1d3ba:   48 8b 80 e0 02 00 00 44 89 c1 48 ff e0 cc cc cc
0x00007ffa5cd1d3ca:   cc cc cc cc cc cc 4c 89 ca 48 8b 01 48 8b 40 18
0x00007ffa5cd1d3da:   48 8b 80 f0 02 00 00 44 89 c1 48 ff e0 cc cc cc
0x00007ffa5cd1d3ea:   cc cc cc cc cc cc 4c 89 ca 48 8b 01 48 8b 40 18
0x00007ffa5cd1d3fa:   48 8b 80 f8 02 00 00 44 89 c1 48 ff e0 cc cc cc
0x00007ffa5cd1d40a:   cc cc cc cc cc cc 4c 89 ca 48 8b 01 48 8b 40 18
0x00007ffa5cd1d41a:   48 8b 80 00 03 00 00 44 89 c1 48 ff e0 cc cc cc
0x00007ffa5cd1d42a:   cc cc cc cc cc cc 4c 89 ca 48 8b 01 48 8b 40 18
0x00007ffa5cd1d43a:   48 8b 80 08 03 00 00 44 89 c1 48 ff e0 cc cc cc
0x00007ffa5cd1d44a:   cc cc cc cc cc cc 48 8b 01 48 8b 40 18 48 ff a0
0x00007ffa5cd1d45a:   10 03 00 00 cc cc 4c 89 ca 48 8b 01 48 8b 40 18
0x00007ffa5cd1d46a:   48 8b 80 68 03 00 00 44 89 c1 48 ff e0 cc cc cc
0x00007ffa5cd1d47a:   cc cc cc cc cc cc 48 8b 01 48 8b 40 18 44 89 c1
0x00007ffa5cd1d48a:   48 ff a0 78 03 00 00 cc cc cc cc cc cc cc cc cc 


Stack slot to memory mapping:

stack at sp + 0 slots: 0x0000024e8753cf0b is at code_begin+1067 in an Interpreter codelet
native method entry point (kind = native)  [0x0000024e8753cae0, 0x0000024e8753d708]  3112 bytes
stack at sp + 1 slots: 0x0000024e87538846 is at code_begin+1158 in an Interpreter codelet
return entry points  [0x0000024e875383c0, 0x0000024e87538f18]  2904 bytes
stack at sp + 2 slots: 0x0000024e8753cbf7 is at code_begin+279 in an Interpreter codelet
native method entry point (kind = native)  [0x0000024e8753cae0, 0x0000024e8753d708]  3112 bytes
stack at sp + 3 slots: {method} {0x0000024ed47b7610} 'nglGenTextures' '(IJ)V' in 'org/lwjgl/opengl/GL11C'
stack at sp + 4 slots: 0x0000024ed4297ed0 is pointing into metadata
stack at sp + 5 slots: 0x0000005a857fe898 is pointing into the stack for thread: 0x0000024ef061b360
stack at sp + 6 slots: 0x0000024e87538924 is at code_begin+1380 in an Interpreter codelet
return entry points  [0x0000024e875383c0, 0x0000024e87538f18]  2904 bytes
stack at sp + 7 slots: 0x0000024e8753cb9f is at code_begin+191 in an Interpreter codelet
native method entry point (kind = native)  [0x0000024e8753cae0, 0x0000024e8753d708]  3112 bytes


Compiled method (c2)     467  431       4       java.util.stream.ReferencePipeline$2$1::accept (27 bytes)
 total in heap  [0x0000024e87af2390,0x0000024e87af26f0] = 864
 relocation     [0x0000024e87af24f0,0x0000024e87af2518] = 40
 main code      [0x0000024e87af2520,0x0000024e87af2610] = 240
 stub code      [0x0000024e87af2610,0x0000024e87af2628] = 24
 metadata       [0x0000024e87af2628,0x0000024e87af2630] = 8
 scopes data    [0x0000024e87af2630,0x0000024e87af2658] = 40
 scopes pcs     [0x0000024e87af2658,0x0000024e87af26a8] = 80
 dependencies   [0x0000024e87af26a8,0x0000024e87af26b0] = 8
 handler table  [0x0000024e87af26b0,0x0000024e87af26e0] = 48
 nul chk table  [0x0000024e87af26e0,0x0000024e87af26f0] = 16

[Constant Pool (empty)]

[MachCode]
[Entry Point]
  # {method} {0x0000024e9335fe98} 'accept' '(Ljava/lang/Object;)V' in 'java/util/stream/ReferencePipeline$2$1'
  # this:     rdx:rdx   = 'java/util/stream/ReferencePipeline$2$1'
  # parm0:    r8:r8     = 'java/lang/Object'
  #           [sp+0x30]  (sp of caller)
  0x0000024e87af2520: 448b 5208 | 49bb 0000 | 0093 4e02 | 0000 4d03 | d349 3bc2 

  0x0000024e87af2534: ;   {runtime_call ic_miss_stub}
  0x0000024e87af2534: 0f85 46c4 | a8ff 6690 | 0f1f 4000 
[Verified Entry Point]
  0x0000024e87af2540: 8984 2400 | 80ff ff55 | 4883 ec20 | 4181 7f20 | 0100 0000 | 0f85 a800 | 0000 4c89 | 0424 488b 
  0x0000024e87af2560: ea44 8b5a | 1047 8b54 | dc34 498b | d248 c1e2 | 0348 b8e0 | 4426 d84e 

  0x0000024e87af2578: ;   {virtual_call}
  0x0000024e87af2578: 0200 00e8 

  0x0000024e87af257c: ; ImmutableOopMap {rbp=Oop [0]=Oop }
                      ;*invokeinterface test {reexecute=0 rethrow=0 return_oop=0}
                      ; - java.util.stream.ReferencePipeline$2$1::accept@8 (line 178)
  0x0000024e87af257c: 1003 b7ff 

  0x0000024e87af2580: ;   {other}
  0x0000024e87af2580: 0f1f 8400 | f001 0000 | 85c0 7428 | 448b 550c | 498b d248 | c1e2 034c | 8b04 2466 | 9048 b840 
  0x0000024e87af25a0: 4226 d84e 

  0x0000024e87af25a4: ;   {virtual_call}
  0x0000024e87af25a4: 0200 00e8 

  0x0000024e87af25a8: ; ImmutableOopMap {}
                      ;*invokeinterface accept {reexecute=0 rethrow=0 return_oop=0}
                      ; - java.util.stream.ReferencePipeline$2$1::accept@21 (line 179)
  0x0000024e87af25a8: f403 b7ff 

  0x0000024e87af25ac: ;   {other}
  0x0000024e87af25ac: 0f1f 8400 | 1c02 0001 | 4883 c420 

  0x0000024e87af25b8: ;   {poll_return}
  0x0000024e87af25b8: 5d49 3ba7 | 5004 0000 | 0f87 2600 | 0000 c348 | 8bd0 eb03 | 488b d048 | 83c4 205d 

  0x0000024e87af25d4: ;   {runtime_call _rethrow_Java}
  0x0000024e87af25d4: e927 71b7 | ffba f6ff 

  0x0000024e87af25dc: ;   {runtime_call UncommonTrapBlob}
  0x0000024e87af25dc: ffff 90e8 

  0x0000024e87af25e0: ; ImmutableOopMap {}
                      ;*getfield val$predicate {reexecute=1 rethrow=0 return_oop=0}
                      ; - (reexecute) java.util.stream.ReferencePipeline$2$1::accept@4 (line 178)
  0x0000024e87af25e0: 1c57 a9ff 

  0x0000024e87af25e4: ;   {other}
  0x0000024e87af25e4: 0f1f 8400 | 5402 0002 

  0x0000024e87af25ec: ;   {internal_word}
  0x0000024e87af25ec: 49ba b925 | af87 4e02 | 0000 4d89 | 9768 0400 

  0x0000024e87af25fc: ;   {runtime_call SafepointBlob}
  0x0000024e87af25fc: 00e9 7e45 

  0x0000024e87af2600: ;   {runtime_call StubRoutines (final stubs)}
  0x0000024e87af2600: a9ff e8f9 | 3ba7 ffe9 | 4eff ffff | f4f4 f4f4 
[Exception Handler]
  0x0000024e87af2610: ;   {no_reloc}
  0x0000024e87af2610: e9eb bab6 | ffe8 0000 | 0000 4883 

  0x0000024e87af261c: ;   {runtime_call DeoptimizationBlob}
  0x0000024e87af261c: 2c24 05e9 | fc59 a9ff | f4f4 f4f4 
[/MachCode]


Compiled method (c2)     469  305       4       java.util.stream.ReferencePipeline$3$1::accept (23 bytes)
 total in heap  [0x0000024e87ae4610,0x0000024e87ae4960] = 848
 relocation     [0x0000024e87ae4770,0x0000024e87ae4798] = 40
 main code      [0x0000024e87ae47a0,0x0000024e87ae4880] = 224
 stub code      [0x0000024e87ae4880,0x0000024e87ae4898] = 24
 metadata       [0x0000024e87ae4898,0x0000024e87ae48a0] = 8
 scopes data    [0x0000024e87ae48a0,0x0000024e87ae48c8] = 40
 scopes pcs     [0x0000024e87ae48c8,0x0000024e87ae4918] = 80
 dependencies   [0x0000024e87ae4918,0x0000024e87ae4920] = 8
 handler table  [0x0000024e87ae4920,0x0000024e87ae4950] = 48
 nul chk table  [0x0000024e87ae4950,0x0000024e87ae4960] = 16

[Constant Pool (empty)]

[MachCode]
[Entry Point]
  # {method} {0x0000024e9335f7b8} 'accept' '(Ljava/lang/Object;)V' in 'java/util/stream/ReferencePipeline$3$1'
  # this:     rdx:rdx   = 'java/util/stream/ReferencePipeline$3$1'
  # parm0:    r8:r8     = 'java/lang/Object'
  #           [sp+0x20]  (sp of caller)
  0x0000024e87ae47a0: 448b 5208 | 49bb 0000 | 0093 4e02 | 0000 4d03 | d349 3bc2 

  0x0000024e87ae47b4: ;   {runtime_call ic_miss_stub}
  0x0000024e87ae47b4: 0f85 c6a1 | a9ff 6690 | 0f1f 4000 
[Verified Entry Point]
  0x0000024e87ae47c0: 8984 2400 | 80ff ff55 | 4883 ec10 | 4181 7f20 | 0100 0000 | 0f85 9c00 | 0000 448b | 5a10 478b 
  0x0000024e87ae47e0: 54dc 348b | 6a0c 498b | d248 c1e2 | 0348 b880 | cc3d d84e 

  0x0000024e87ae47f4: ;   {virtual_call}
  0x0000024e87ae47f4: 0200 00e8 

  0x0000024e87ae47f8: ; ImmutableOopMap {rbp=NarrowOop }
                      ;*invokeinterface apply {reexecute=0 rethrow=0 return_oop=1}
                      ; - java.util.stream.ReferencePipeline$3$1::accept@12 (line 197)
  0x0000024e87ae47f8: 94e0 b7ff 

  0x0000024e87ae47fc: ;   {other}
  0x0000024e87ae47fc: 0f1f 8400 | ec01 0000 | 488b d548 | c1e2 034c | 8bc0 6666 | 9048 b8e0 | cc3d d84e 

  0x0000024e87ae4818: ;   {virtual_call}
  0x0000024e87ae4818: 0200 00e8 

  0x0000024e87ae481c: ; ImmutableOopMap {}
                      ;*invokeinterface accept {reexecute=0 rethrow=0 return_oop=0}
                      ; - java.util.stream.ReferencePipeline$3$1::accept@17 (line 197)
  0x0000024e87ae481c: 80e1 b7ff 

  0x0000024e87ae4820: ;   {other}
  0x0000024e87ae4820: 0f1f 8400 | 1002 0001 | 4883 c410 

  0x0000024e87ae482c: ;   {poll_return}
  0x0000024e87ae482c: 5d49 3ba7 | 5004 0000 | 0f87 2600 | 0000 c348 | 8bd0 eb03 | 488b d048 | 83c4 105d 

  0x0000024e87ae4848: ;   {runtime_call _rethrow_Java}
  0x0000024e87ae4848: e9b3 4eb8 | ffba f6ff 

  0x0000024e87ae4850: ;   {runtime_call UncommonTrapBlob}
  0x0000024e87ae4850: ffff 90e8 

  0x0000024e87ae4854: ; ImmutableOopMap {}
                      ;*getfield val$mapper {reexecute=1 rethrow=0 return_oop=0}
                      ; - (reexecute) java.util.stream.ReferencePipeline$3$1::accept@8 (line 197)
  0x0000024e87ae4854: a834 aaff 

  0x0000024e87ae4858: ;   {other}
  0x0000024e87ae4858: 0f1f 8400 | 4802 0002 

  0x0000024e87ae4860: ;   {internal_word}
  0x0000024e87ae4860: 49ba 2d48 | ae87 4e02 | 0000 4d89 | 9768 0400 

  0x0000024e87ae4870: ;   {runtime_call SafepointBlob}
  0x0000024e87ae4870: 00e9 0a23 

  0x0000024e87ae4874: ;   {runtime_call StubRoutines (final stubs)}
  0x0000024e87ae4874: aaff e885 | 19a8 ffe9 | 5aff ffff 
[Exception Handler]
  0x0000024e87ae4880: ;   {no_reloc}
  0x0000024e87ae4880: e97b 98b7 | ffe8 0000 | 0000 4883 

  0x0000024e87ae488c: ;   {runtime_call DeoptimizationBlob}
  0x0000024e87ae488c: 2c24 05e9 | 8c37 aaff | f4f4 f4f4 
[/MachCode]


---------------  P R O C E S S  ---------------

Threads class SMR info:
_java_thread_list=0x0000024ed8bad210, length=15, elements={
0x0000024ef061b360, 0x0000024ed811a2c0, 0x0000024ed811e8b0, 0x0000024ed8124a10,
0x0000024ed8125680, 0x0000024ed8127ec0, 0x0000024ed8128b40, 0x0000024ed81396b0,
0x0000024ed813c400, 0x0000024ed824ec10, 0x0000024ed82707c0, 0x0000024ed8349cd0,
0x0000024ed8a23000, 0x0000024ed85e5420, 0x0000024ed8baefe0
}

Java Threads: ( => current thread )
=>0x0000024ef061b360 JavaThread "main"                              [_thread_in_native, id=12108, stack(0x0000005a85700000,0x0000005a85800000) (1024K)]
  0x0000024ed811a2c0 JavaThread "Reference Handler"          daemon [_thread_blocked, id=21360, stack(0x0000005a85f00000,0x0000005a86000000) (1024K)]
  0x0000024ed811e8b0 JavaThread "Finalizer"                  daemon [_thread_blocked, id=23624, stack(0x0000005a86000000,0x0000005a86100000) (1024K)]
  0x0000024ed8124a10 JavaThread "Signal Dispatcher"          daemon [_thread_blocked, id=31872, stack(0x0000005a86100000,0x0000005a86200000) (1024K)]
  0x0000024ed8125680 JavaThread "Attach Listener"            daemon [_thread_blocked, id=31236, stack(0x0000005a86200000,0x0000005a86300000) (1024K)]
  0x0000024ed8127ec0 JavaThread "Service Thread"             daemon [_thread_blocked, id=34616, stack(0x0000005a86300000,0x0000005a86400000) (1024K)]
  0x0000024ed8128b40 JavaThread "Monitor Deflation Thread"   daemon [_thread_blocked, id=21312, stack(0x0000005a86400000,0x0000005a86500000) (1024K)]
  0x0000024ed81396b0 JavaThread "C2 CompilerThread0"         daemon [_thread_blocked, id=21228, stack(0x0000005a86500000,0x0000005a86600000) (1024K)]
  0x0000024ed813c400 JavaThread "C1 CompilerThread0"         daemon [_thread_blocked, id=35248, stack(0x0000005a86600000,0x0000005a86700000) (1024K)]
  0x0000024ed824ec10 JavaThread "Common-Cleaner"             daemon [_thread_blocked, id=2792, stack(0x0000005a86700000,0x0000005a86800000) (1024K)]
  0x0000024ed82707c0 JavaThread "C2 CompilerThread1"         daemon [_thread_blocked, id=10972, stack(0x0000005a86800000,0x0000005a86900000) (1024K)]
  0x0000024ed8349cd0 JavaThread "C2 CompilerThread2"         daemon [_thread_blocked, id=33736, stack(0x0000005a86900000,0x0000005a86a00000) (1024K)]
  0x0000024ed8a23000 JavaThread "Monitor Ctrl-Break"         daemon [_thread_in_native, id=7064, stack(0x0000005a86a00000,0x0000005a86b00000) (1024K)]
  0x0000024ed85e5420 JavaThread "Notification Thread"        daemon [_thread_blocked, id=35280, stack(0x0000005a86b00000,0x0000005a86c00000) (1024K)]
  0x0000024ed8baefe0 JavaThread "FileSystemWatchService"     daemon [_thread_in_native, id=4184, stack(0x0000005a87200000,0x0000005a87300000) (1024K)]
Total: 15

Other Threads:
  0x0000024ef0603570 VMThread "VM Thread"                           [id=26512, stack(0x0000005a85e00000,0x0000005a85f00000) (1024K)]
  0x0000024efe91fc50 WatcherThread "VM Periodic Task Thread"        [id=19836, stack(0x0000005a85d00000,0x0000005a85e00000) (1024K)]
  0x0000024ef0604b30 WorkerThread "GC Thread#0"                     [id=11396, stack(0x0000005a85800000,0x0000005a85900000) (1024K)]
  0x0000024ef0603910 WorkerThread "GC Thread#1"                     [id=22040, stack(0x0000005a86c00000,0x0000005a86d00000) (1024K)]
  0x0000024ef0604050 WorkerThread "GC Thread#2"                     [id=11860, stack(0x0000005a86d00000,0x0000005a86e00000) (1024K)]
  0x0000024ef0603cb0 WorkerThread "GC Thread#3"                     [id=17812, stack(0x0000005a86e00000,0x0000005a86f00000) (1024K)]
  0x0000024ef06043f0 WorkerThread "GC Thread#4"                     [id=28316, stack(0x0000005a86f00000,0x0000005a87000000) (1024K)]
  0x0000024ed8a84800 WorkerThread "GC Thread#5"                     [id=12336, stack(0x0000005a87000000,0x0000005a87100000) (1024K)]
  0x0000024ed8a818e0 WorkerThread "GC Thread#6"                     [id=21912, stack(0x0000005a87100000,0x0000005a87200000) (1024K)]
  0x0000024ef094b480 ConcurrentGCThread "G1 Main Marker"            [id=19396, stack(0x0000005a85900000,0x0000005a85a00000) (1024K)]
  0x0000024ef0604ed0 WorkerThread "G1 Conc#0"                       [id=2608, stack(0x0000005a85a00000,0x0000005a85b00000) (1024K)]
  0x0000024ef098ea30 ConcurrentGCThread "G1 Refine#0"               [id=7816, stack(0x0000005a85b00000,0x0000005a85c00000) (1024K)]
  0x0000024efe7f3590 ConcurrentGCThread "G1 Service"                [id=26616, stack(0x0000005a85c00000,0x0000005a85d00000) (1024K)]
Total: 13

Threads with active compile tasks:
Total: 0

VM state: not at safepoint (normal execution)

VM Mutex/Monitor currently owned by a thread: None

Heap address: 0x0000000703600000, size: 4042 MB, Compressed Oops mode: Zero based, Oop shift amount: 3

CDS archive(s) mapped at: [0x0000024e93000000-0x0000024e93c90000-0x0000024e93c90000), size 13172736, SharedBaseAddress: 0x0000024e93000000, ArchiveRelocationMode: 1.
Compressed class space mapped at: 0x0000024e94000000-0x0000024ed4000000, reserved size: 1073741824
Narrow klass base: 0x0000024e93000000, Narrow klass shift: 0, Narrow klass range: 0x100000000

GC Precious Log:
 CardTable entry size: 512
 Card Set container configuration: InlinePtr #cards 4 size 8 Array Of Cards #cards 16 size 48 Howl #buckets 8 coarsen threshold 3686 Howl Bitmap #cards 512 size 80 coarsen threshold 460 Card regions per heap region 1 cards per card region 4096
 CPUs: 12 total, 12 available
 Memory: 16163M
 Large Page Support: Disabled
 NUMA Support: Disabled
 Compressed Oops: Enabled (Zero based)
 Heap Region Size: 2M
 Heap Min Capacity: 8M
 Heap Initial Capacity: 254M
 Heap Max Capacity: 4042M
 Pre-touch: Disabled
 Parallel Workers: 10
 Concurrent Workers: 3
 Concurrent Refinement Workers: 10
 Periodic GC: Disabled

Heap:
 garbage-first heap   total 260096K, used 10719K [0x0000000703600000, 0x0000000800000000)
  region size 2048K, 7 young (14336K), 2 survivors (4096K)
 Metaspace       used 7147K, committed 7296K, reserved 1114112K
  class space    used 654K, committed 704K, reserved 1048576K

Heap Regions: E=young(eden), S=young(survivor), O=old, HS=humongous(starts), HC=humongous(continues), CS=collection set, F=free, TAMS=top-at-mark-start, PB=parsable bottom
|   0|0x0000000703600000, 0x0000000703600000, 0x0000000703800000|  0%| F|  |TAMS 0x0000000703600000| PB 0x0000000703600000| Untracked 
|   1|0x0000000703800000, 0x0000000703800000, 0x0000000703a00000|  0%| F|  |TAMS 0x0000000703800000| PB 0x0000000703800000| Untracked 
|   2|0x0000000703a00000, 0x0000000703a00000, 0x0000000703c00000|  0%| F|  |TAMS 0x0000000703a00000| PB 0x0000000703a00000| Untracked 
|   3|0x0000000703c00000, 0x0000000703c00000, 0x0000000703e00000|  0%| F|  |TAMS 0x0000000703c00000| PB 0x0000000703c00000| Untracked 
|   4|0x0000000703e00000, 0x0000000703e00000, 0x0000000704000000|  0%| F|  |TAMS 0x0000000703e00000| PB 0x0000000703e00000| Untracked 
|   5|0x0000000704000000, 0x0000000704000000, 0x0000000704200000|  0%| F|  |TAMS 0x0000000704000000| PB 0x0000000704000000| Untracked 
|   6|0x0000000704200000, 0x0000000704200000, 0x0000000704400000|  0%| F|  |TAMS 0x0000000704200000| PB 0x0000000704200000| Untracked 
|   7|0x0000000704400000, 0x0000000704400000, 0x0000000704600000|  0%| F|  |TAMS 0x0000000704400000| PB 0x0000000704400000| Untracked 
|   8|0x0000000704600000, 0x0000000704600000, 0x0000000704800000|  0%| F|  |TAMS 0x0000000704600000| PB 0x0000000704600000| Untracked 
|   9|0x0000000704800000, 0x0000000704800000, 0x0000000704a00000|  0%| F|  |TAMS 0x0000000704800000| PB 0x0000000704800000| Untracked 
|  10|0x0000000704a00000, 0x0000000704a00000, 0x0000000704c00000|  0%| F|  |TAMS 0x0000000704a00000| PB 0x0000000704a00000| Untracked 
|  11|0x0000000704c00000, 0x0000000704c00000, 0x0000000704e00000|  0%| F|  |TAMS 0x0000000704c00000| PB 0x0000000704c00000| Untracked 
|  12|0x0000000704e00000, 0x0000000704e00000, 0x0000000705000000|  0%| F|  |TAMS 0x0000000704e00000| PB 0x0000000704e00000| Untracked 
|  13|0x0000000705000000, 0x0000000705000000, 0x0000000705200000|  0%| F|  |TAMS 0x0000000705000000| PB 0x0000000705000000| Untracked 
|  14|0x0000000705200000, 0x0000000705200000, 0x0000000705400000|  0%| F|  |TAMS 0x0000000705200000| PB 0x0000000705200000| Untracked 
|  15|0x0000000705400000, 0x0000000705400000, 0x0000000705600000|  0%| F|  |TAMS 0x0000000705400000| PB 0x0000000705400000| Untracked 
|  16|0x0000000705600000, 0x0000000705600000, 0x0000000705800000|  0%| F|  |TAMS 0x0000000705600000| PB 0x0000000705600000| Untracked 
|  17|0x0000000705800000, 0x0000000705800000, 0x0000000705a00000|  0%| F|  |TAMS 0x0000000705800000| PB 0x0000000705800000| Untracked 
|  18|0x0000000705a00000, 0x0000000705a00000, 0x0000000705c00000|  0%| F|  |TAMS 0x0000000705a00000| PB 0x0000000705a00000| Untracked 
|  19|0x0000000705c00000, 0x0000000705c00000, 0x0000000705e00000|  0%| F|  |TAMS 0x0000000705c00000| PB 0x0000000705c00000| Untracked 
|  20|0x0000000705e00000, 0x0000000705e00000, 0x0000000706000000|  0%| F|  |TAMS 0x0000000705e00000| PB 0x0000000705e00000| Untracked 
|  21|0x0000000706000000, 0x0000000706000000, 0x0000000706200000|  0%| F|  |TAMS 0x0000000706000000| PB 0x0000000706000000| Untracked 
|  22|0x0000000706200000, 0x0000000706200000, 0x0000000706400000|  0%| F|  |TAMS 0x0000000706200000| PB 0x0000000706200000| Untracked 
|  23|0x0000000706400000, 0x0000000706400000, 0x0000000706600000|  0%| F|  |TAMS 0x0000000706400000| PB 0x0000000706400000| Untracked 
|  24|0x0000000706600000, 0x0000000706600000, 0x0000000706800000|  0%| F|  |TAMS 0x0000000706600000| PB 0x0000000706600000| Untracked 
|  25|0x0000000706800000, 0x0000000706800000, 0x0000000706a00000|  0%| F|  |TAMS 0x0000000706800000| PB 0x0000000706800000| Untracked 
|  26|0x0000000706a00000, 0x0000000706a00000, 0x0000000706c00000|  0%| F|  |TAMS 0x0000000706a00000| PB 0x0000000706a00000| Untracked 
|  27|0x0000000706c00000, 0x0000000706c00000, 0x0000000706e00000|  0%| F|  |TAMS 0x0000000706c00000| PB 0x0000000706c00000| Untracked 
|  28|0x0000000706e00000, 0x0000000706e00000, 0x0000000707000000|  0%| F|  |TAMS 0x0000000706e00000| PB 0x0000000706e00000| Untracked 
|  29|0x0000000707000000, 0x0000000707000000, 0x0000000707200000|  0%| F|  |TAMS 0x0000000707000000| PB 0x0000000707000000| Untracked 
|  30|0x0000000707200000, 0x0000000707200000, 0x0000000707400000|  0%| F|  |TAMS 0x0000000707200000| PB 0x0000000707200000| Untracked 
|  31|0x0000000707400000, 0x0000000707400000, 0x0000000707600000|  0%| F|  |TAMS 0x0000000707400000| PB 0x0000000707400000| Untracked 
|  32|0x0000000707600000, 0x0000000707600000, 0x0000000707800000|  0%| F|  |TAMS 0x0000000707600000| PB 0x0000000707600000| Untracked 
|  33|0x0000000707800000, 0x0000000707800000, 0x0000000707a00000|  0%| F|  |TAMS 0x0000000707800000| PB 0x0000000707800000| Untracked 
|  34|0x0000000707a00000, 0x0000000707a00000, 0x0000000707c00000|  0%| F|  |TAMS 0x0000000707a00000| PB 0x0000000707a00000| Untracked 
|  35|0x0000000707c00000, 0x0000000707c00000, 0x0000000707e00000|  0%| F|  |TAMS 0x0000000707c00000| PB 0x0000000707c00000| Untracked 
|  36|0x0000000707e00000, 0x0000000707e00000, 0x0000000708000000|  0%| F|  |TAMS 0x0000000707e00000| PB 0x0000000707e00000| Untracked 
|  37|0x0000000708000000, 0x0000000708000000, 0x0000000708200000|  0%| F|  |TAMS 0x0000000708000000| PB 0x0000000708000000| Untracked 
|  38|0x0000000708200000, 0x0000000708200000, 0x0000000708400000|  0%| F|  |TAMS 0x0000000708200000| PB 0x0000000708200000| Untracked 
|  39|0x0000000708400000, 0x0000000708400000, 0x0000000708600000|  0%| F|  |TAMS 0x0000000708400000| PB 0x0000000708400000| Untracked 
|  40|0x0000000708600000, 0x0000000708600000, 0x0000000708800000|  0%| F|  |TAMS 0x0000000708600000| PB 0x0000000708600000| Untracked 
|  41|0x0000000708800000, 0x0000000708800000, 0x0000000708a00000|  0%| F|  |TAMS 0x0000000708800000| PB 0x0000000708800000| Untracked 
|  42|0x0000000708a00000, 0x0000000708a00000, 0x0000000708c00000|  0%| F|  |TAMS 0x0000000708a00000| PB 0x0000000708a00000| Untracked 
|  43|0x0000000708c00000, 0x0000000708c00000, 0x0000000708e00000|  0%| F|  |TAMS 0x0000000708c00000| PB 0x0000000708c00000| Untracked 
|  44|0x0000000708e00000, 0x0000000708e00000, 0x0000000709000000|  0%| F|  |TAMS 0x0000000708e00000| PB 0x0000000708e00000| Untracked 
|  45|0x0000000709000000, 0x0000000709000000, 0x0000000709200000|  0%| F|  |TAMS 0x0000000709000000| PB 0x0000000709000000| Untracked 
|  46|0x0000000709200000, 0x0000000709200000, 0x0000000709400000|  0%| F|  |TAMS 0x0000000709200000| PB 0x0000000709200000| Untracked 
|  47|0x0000000709400000, 0x0000000709400000, 0x0000000709600000|  0%| F|  |TAMS 0x0000000709400000| PB 0x0000000709400000| Untracked 
|  48|0x0000000709600000, 0x0000000709600000, 0x0000000709800000|  0%| F|  |TAMS 0x0000000709600000| PB 0x0000000709600000| Untracked 
|  49|0x0000000709800000, 0x0000000709800000, 0x0000000709a00000|  0%| F|  |TAMS 0x0000000709800000| PB 0x0000000709800000| Untracked 
|  50|0x0000000709a00000, 0x0000000709a00000, 0x0000000709c00000|  0%| F|  |TAMS 0x0000000709a00000| PB 0x0000000709a00000| Untracked 
|  51|0x0000000709c00000, 0x0000000709c00000, 0x0000000709e00000|  0%| F|  |TAMS 0x0000000709c00000| PB 0x0000000709c00000| Untracked 
|  52|0x0000000709e00000, 0x0000000709e00000, 0x000000070a000000|  0%| F|  |TAMS 0x0000000709e00000| PB 0x0000000709e00000| Untracked 
|  53|0x000000070a000000, 0x000000070a000000, 0x000000070a200000|  0%| F|  |TAMS 0x000000070a000000| PB 0x000000070a000000| Untracked 
|  54|0x000000070a200000, 0x000000070a200000, 0x000000070a400000|  0%| F|  |TAMS 0x000000070a200000| PB 0x000000070a200000| Untracked 
|  55|0x000000070a400000, 0x000000070a400000, 0x000000070a600000|  0%| F|  |TAMS 0x000000070a400000| PB 0x000000070a400000| Untracked 
|  56|0x000000070a600000, 0x000000070a600000, 0x000000070a800000|  0%| F|  |TAMS 0x000000070a600000| PB 0x000000070a600000| Untracked 
|  57|0x000000070a800000, 0x000000070a800000, 0x000000070aa00000|  0%| F|  |TAMS 0x000000070a800000| PB 0x000000070a800000| Untracked 
|  58|0x000000070aa00000, 0x000000070aa00000, 0x000000070ac00000|  0%| F|  |TAMS 0x000000070aa00000| PB 0x000000070aa00000| Untracked 
|  59|0x000000070ac00000, 0x000000070ac00000, 0x000000070ae00000|  0%| F|  |TAMS 0x000000070ac00000| PB 0x000000070ac00000| Untracked 
|  60|0x000000070ae00000, 0x000000070ae00000, 0x000000070b000000|  0%| F|  |TAMS 0x000000070ae00000| PB 0x000000070ae00000| Untracked 
|  61|0x000000070b000000, 0x000000070b000000, 0x000000070b200000|  0%| F|  |TAMS 0x000000070b000000| PB 0x000000070b000000| Untracked 
|  62|0x000000070b200000, 0x000000070b200000, 0x000000070b400000|  0%| F|  |TAMS 0x000000070b200000| PB 0x000000070b200000| Untracked 
|  63|0x000000070b400000, 0x000000070b400000, 0x000000070b600000|  0%| F|  |TAMS 0x000000070b400000| PB 0x000000070b400000| Untracked 
|  64|0x000000070b600000, 0x000000070b600000, 0x000000070b800000|  0%| F|  |TAMS 0x000000070b600000| PB 0x000000070b600000| Untracked 
|  65|0x000000070b800000, 0x000000070b800000, 0x000000070ba00000|  0%| F|  |TAMS 0x000000070b800000| PB 0x000000070b800000| Untracked 
|  66|0x000000070ba00000, 0x000000070ba00000, 0x000000070bc00000|  0%| F|  |TAMS 0x000000070ba00000| PB 0x000000070ba00000| Untracked 
|  67|0x000000070bc00000, 0x000000070bc00000, 0x000000070be00000|  0%| F|  |TAMS 0x000000070bc00000| PB 0x000000070bc00000| Untracked 
|  68|0x000000070be00000, 0x000000070be00000, 0x000000070c000000|  0%| F|  |TAMS 0x000000070be00000| PB 0x000000070be00000| Untracked 
|  69|0x000000070c000000, 0x000000070c000000, 0x000000070c200000|  0%| F|  |TAMS 0x000000070c000000| PB 0x000000070c000000| Untracked 
|  70|0x000000070c200000, 0x000000070c200000, 0x000000070c400000|  0%| F|  |TAMS 0x000000070c200000| PB 0x000000070c200000| Untracked 
|  71|0x000000070c400000, 0x000000070c400000, 0x000000070c600000|  0%| F|  |TAMS 0x000000070c400000| PB 0x000000070c400000| Untracked 
|  72|0x000000070c600000, 0x000000070c600000, 0x000000070c800000|  0%| F|  |TAMS 0x000000070c600000| PB 0x000000070c600000| Untracked 
|  73|0x000000070c800000, 0x000000070c800000, 0x000000070ca00000|  0%| F|  |TAMS 0x000000070c800000| PB 0x000000070c800000| Untracked 
|  74|0x000000070ca00000, 0x000000070ca00000, 0x000000070cc00000|  0%| F|  |TAMS 0x000000070ca00000| PB 0x000000070ca00000| Untracked 
|  75|0x000000070cc00000, 0x000000070cc00000, 0x000000070ce00000|  0%| F|  |TAMS 0x000000070cc00000| PB 0x000000070cc00000| Untracked 
|  76|0x000000070ce00000, 0x000000070ce00000, 0x000000070d000000|  0%| F|  |TAMS 0x000000070ce00000| PB 0x000000070ce00000| Untracked 
|  77|0x000000070d000000, 0x000000070d000000, 0x000000070d200000|  0%| F|  |TAMS 0x000000070d000000| PB 0x000000070d000000| Untracked 
|  78|0x000000070d200000, 0x000000070d200000, 0x000000070d400000|  0%| F|  |TAMS 0x000000070d200000| PB 0x000000070d200000| Untracked 
|  79|0x000000070d400000, 0x000000070d400000, 0x000000070d600000|  0%| F|  |TAMS 0x000000070d400000| PB 0x000000070d400000| Untracked 
|  80|0x000000070d600000, 0x000000070d600000, 0x000000070d800000|  0%| F|  |TAMS 0x000000070d600000| PB 0x000000070d600000| Untracked 
|  81|0x000000070d800000, 0x000000070d800000, 0x000000070da00000|  0%| F|  |TAMS 0x000000070d800000| PB 0x000000070d800000| Untracked 
|  82|0x000000070da00000, 0x000000070da00000, 0x000000070dc00000|  0%| F|  |TAMS 0x000000070da00000| PB 0x000000070da00000| Untracked 
|  83|0x000000070dc00000, 0x000000070dc00000, 0x000000070de00000|  0%| F|  |TAMS 0x000000070dc00000| PB 0x000000070dc00000| Untracked 
|  84|0x000000070de00000, 0x000000070de00000, 0x000000070e000000|  0%| F|  |TAMS 0x000000070de00000| PB 0x000000070de00000| Untracked 
|  85|0x000000070e000000, 0x000000070e000000, 0x000000070e200000|  0%| F|  |TAMS 0x000000070e000000| PB 0x000000070e000000| Untracked 
|  86|0x000000070e200000, 0x000000070e200000, 0x000000070e400000|  0%| F|  |TAMS 0x000000070e200000| PB 0x000000070e200000| Untracked 
|  87|0x000000070e400000, 0x000000070e400000, 0x000000070e600000|  0%| F|  |TAMS 0x000000070e400000| PB 0x000000070e400000| Untracked 
|  88|0x000000070e600000, 0x000000070e600000, 0x000000070e800000|  0%| F|  |TAMS 0x000000070e600000| PB 0x000000070e600000| Untracked 
|  89|0x000000070e800000, 0x000000070e800000, 0x000000070ea00000|  0%| F|  |TAMS 0x000000070e800000| PB 0x000000070e800000| Untracked 
|  90|0x000000070ea00000, 0x000000070ea00000, 0x000000070ec00000|  0%| F|  |TAMS 0x000000070ea00000| PB 0x000000070ea00000| Untracked 
|  91|0x000000070ec00000, 0x000000070ec00000, 0x000000070ee00000|  0%| F|  |TAMS 0x000000070ec00000| PB 0x000000070ec00000| Untracked 
|  92|0x000000070ee00000, 0x000000070ee00000, 0x000000070f000000|  0%| F|  |TAMS 0x000000070ee00000| PB 0x000000070ee00000| Untracked 
|  93|0x000000070f000000, 0x000000070f000000, 0x000000070f200000|  0%| F|  |TAMS 0x000000070f000000| PB 0x000000070f000000| Untracked 
|  94|0x000000070f200000, 0x000000070f200000, 0x000000070f400000|  0%| F|  |TAMS 0x000000070f200000| PB 0x000000070f200000| Untracked 
|  95|0x000000070f400000, 0x000000070f400000, 0x000000070f600000|  0%| F|  |TAMS 0x000000070f400000| PB 0x000000070f400000| Untracked 
|  96|0x000000070f600000, 0x000000070f600000, 0x000000070f800000|  0%| F|  |TAMS 0x000000070f600000| PB 0x000000070f600000| Untracked 
|  97|0x000000070f800000, 0x000000070f800000, 0x000000070fa00000|  0%| F|  |TAMS 0x000000070f800000| PB 0x000000070f800000| Untracked 
|  98|0x000000070fa00000, 0x000000070fa00000, 0x000000070fc00000|  0%| F|  |TAMS 0x000000070fa00000| PB 0x000000070fa00000| Untracked 
|  99|0x000000070fc00000, 0x000000070fc00000, 0x000000070fe00000|  0%| F|  |TAMS 0x000000070fc00000| PB 0x000000070fc00000| Untracked 
| 100|0x000000070fe00000, 0x000000070fe00000, 0x0000000710000000|  0%| F|  |TAMS 0x000000070fe00000| PB 0x000000070fe00000| Untracked 
| 101|0x0000000710000000, 0x0000000710000000, 0x0000000710200000|  0%| F|  |TAMS 0x0000000710000000| PB 0x0000000710000000| Untracked 
| 102|0x0000000710200000, 0x0000000710200000, 0x0000000710400000|  0%| F|  |TAMS 0x0000000710200000| PB 0x0000000710200000| Untracked 
| 103|0x0000000710400000, 0x0000000710400000, 0x0000000710600000|  0%| F|  |TAMS 0x0000000710400000| PB 0x0000000710400000| Untracked 
| 104|0x0000000710600000, 0x0000000710600000, 0x0000000710800000|  0%| F|  |TAMS 0x0000000710600000| PB 0x0000000710600000| Untracked 
| 105|0x0000000710800000, 0x0000000710800000, 0x0000000710a00000|  0%| F|  |TAMS 0x0000000710800000| PB 0x0000000710800000| Untracked 
| 106|0x0000000710a00000, 0x0000000710a00000, 0x0000000710c00000|  0%| F|  |TAMS 0x0000000710a00000| PB 0x0000000710a00000| Untracked 
| 107|0x0000000710c00000, 0x0000000710c00000, 0x0000000710e00000|  0%| F|  |TAMS 0x0000000710c00000| PB 0x0000000710c00000| Untracked 
| 108|0x0000000710e00000, 0x0000000710e00000, 0x0000000711000000|  0%| F|  |TAMS 0x0000000710e00000| PB 0x0000000710e00000| Untracked 
| 109|0x0000000711000000, 0x0000000711000000, 0x0000000711200000|  0%| F|  |TAMS 0x0000000711000000| PB 0x0000000711000000| Untracked 
| 110|0x0000000711200000, 0x0000000711200000, 0x0000000711400000|  0%| F|  |TAMS 0x0000000711200000| PB 0x0000000711200000| Untracked 
| 111|0x0000000711400000, 0x0000000711400000, 0x0000000711600000|  0%| F|  |TAMS 0x0000000711400000| PB 0x0000000711400000| Untracked 
| 112|0x0000000711600000, 0x0000000711600000, 0x0000000711800000|  0%| F|  |TAMS 0x0000000711600000| PB 0x0000000711600000| Untracked 
| 113|0x0000000711800000, 0x0000000711800000, 0x0000000711a00000|  0%| F|  |TAMS 0x0000000711800000| PB 0x0000000711800000| Untracked 
| 114|0x0000000711a00000, 0x0000000711a77fd0, 0x0000000711c00000| 23%| S|CS|TAMS 0x0000000711a00000| PB 0x0000000711a00000| Complete 
| 115|0x0000000711c00000, 0x0000000711e00000, 0x0000000711e00000|100%| S|CS|TAMS 0x0000000711c00000| PB 0x0000000711c00000| Complete 
| 116|0x0000000711e00000, 0x0000000711e00000, 0x0000000712000000|  0%| F|  |TAMS 0x0000000711e00000| PB 0x0000000711e00000| Untracked 
| 117|0x0000000712000000, 0x0000000712000000, 0x0000000712200000|  0%| F|  |TAMS 0x0000000712000000| PB 0x0000000712000000| Untracked 
| 118|0x0000000712200000, 0x0000000712200000, 0x0000000712400000|  0%| F|  |TAMS 0x0000000712200000| PB 0x0000000712200000| Untracked 
| 119|0x0000000712400000, 0x0000000712400000, 0x0000000712600000|  0%| F|  |TAMS 0x0000000712400000| PB 0x0000000712400000| Untracked 
| 120|0x0000000712600000, 0x0000000712600000, 0x0000000712800000|  0%| F|  |TAMS 0x0000000712600000| PB 0x0000000712600000| Untracked 
| 121|0x0000000712800000, 0x0000000712800000, 0x0000000712a00000|  0%| F|  |TAMS 0x0000000712800000| PB 0x0000000712800000| Untracked 
| 122|0x0000000712a00000, 0x0000000712bc1520, 0x0000000712c00000| 87%| E|  |TAMS 0x0000000712a00000| PB 0x0000000712a00000| Complete 
| 123|0x0000000712c00000, 0x0000000712e00000, 0x0000000712e00000|100%| E|CS|TAMS 0x0000000712c00000| PB 0x0000000712c00000| Complete 
| 124|0x0000000712e00000, 0x0000000713000000, 0x0000000713000000|100%| E|CS|TAMS 0x0000000712e00000| PB 0x0000000712e00000| Complete 
| 125|0x0000000713000000, 0x0000000713200000, 0x0000000713200000|100%| E|CS|TAMS 0x0000000713000000| PB 0x0000000713000000| Complete 
| 126|0x0000000713200000, 0x0000000713400000, 0x0000000713400000|100%| E|CS|TAMS 0x0000000713200000| PB 0x0000000713200000| Complete 

Card table byte_map: [0x0000024efb9a0000,0x0000024efc190000] _byte_map_base: 0x0000024ef8185000

Marking Bits: (CMBitMap*) 0x0000024ef093af10
 Bits: [0x0000024e8f000000, 0x0000024e92f28000)

Polling page: 0x0000024ef0990000

Metaspace:

Usage:
  Non-class:      6.34 MB used.
      Class:    654.84 KB used.
       Both:      6.98 MB used.

Virtual space:
  Non-class space:       64.00 MB reserved,       6.44 MB ( 10%) committed,  1 nodes.
      Class space:        1.00 GB reserved,     704.00 KB ( <1%) committed,  1 nodes.
             Both:        1.06 GB reserved,       7.12 MB ( <1%) committed. 

Chunk freelists:
   Non-Class:  8.20 MB
       Class:  15.31 MB
        Both:  23.52 MB

MaxMetaspaceSize: unlimited
CompressedClassSpaceSize: 1.00 GB
Initial GC threshold: 21.00 MB
Current GC threshold: 21.00 MB
CDS: on
 - commit_granule_bytes: 65536.
 - commit_granule_words: 8192.
 - virtual_space_node_default_size: 8388608.
 - enlarge_chunks_in_place: 1.
 - use_allocation_guard: 0.


Internal statistics:

num_allocs_failed_limit: 0.
num_arena_births: 92.
num_arena_deaths: 0.
num_vsnodes_births: 2.
num_vsnodes_deaths: 0.
num_space_committed: 114.
num_space_uncommitted: 0.
num_chunks_returned_to_freelist: 0.
num_chunks_taken_from_freelist: 261.
num_chunk_merges: 0.
num_chunk_splits: 200.
num_chunks_enlarged: 157.
num_inconsistent_stats: 0.

CodeHeap 'non-profiled nmethods': size=120000Kb used=458Kb max_used=458Kb free=119542Kb
 bounds [0x0000024e87ad0000, 0x0000024e87d40000, 0x0000024e8f000000]
CodeHeap 'profiled nmethods': size=120000Kb used=1915Kb max_used=1915Kb free=118085Kb
 bounds [0x0000024e80000000, 0x0000024e80270000, 0x0000024e87530000]
CodeHeap 'non-nmethods': size=5760Kb used=1571Kb max_used=1597Kb free=4188Kb
 bounds [0x0000024e87530000, 0x0000024e877a0000, 0x0000024e87ad0000]
 total_blobs=1648 nmethods=1133 adapters=420
 compilation: enabled
              stopped_count=0, restarted_count=0
 full_count=0

Compilation events (20 events):
Event: 0.424 Thread 0x0000024ed813c400 1121       3       java.lang.invoke.MemberName::init (53 bytes)
Event: 0.424 Thread 0x0000024ed813c400 nmethod 1121 0x0000024e801dca90 code [0x0000024e801dcc40, 0x0000024e801dce90]
Event: 0.425 Thread 0x0000024ed813c400 1125       3       jdk.internal.org.objectweb.asm.Handler::getExceptionTableSize (10 bytes)
Event: 0.425 Thread 0x0000024ed813c400 nmethod 1125 0x0000024e801dcf10 code [0x0000024e801dd0c0, 0x0000024e801dd2c8]
Event: 0.430 Thread 0x0000024ed8349cd0 1126       4       java.util.jar.JarFile::getVersionedEntry (133 bytes)
Event: 0.430 Thread 0x0000024ed813c400 1127       3       java.util.regex.Pattern::isSupplementary (21 bytes)
Event: 0.430 Thread 0x0000024ed813c400 nmethod 1127 0x0000024e801dd410 code [0x0000024e801dd5c0, 0x0000024e801dd840]
Event: 0.430 Thread 0x0000024ed813c400 1128       3       java.lang.Character::isSurrogate (18 bytes)
Event: 0.430 Thread 0x0000024ed813c400 nmethod 1128 0x0000024e801dd910 code [0x0000024e801ddaa0, 0x0000024e801ddc28]
Event: 0.430 Thread 0x0000024ed813c400 1129       3       java.util.regex.Pattern$Node::<init> (12 bytes)
Event: 0.430 Thread 0x0000024ed813c400 nmethod 1129 0x0000024e801ddc90 code [0x0000024e801dde40, 0x0000024e801de020]
Event: 0.431 Thread 0x0000024ed81396b0 nmethod 1115 0x0000024e87b3aa90 code [0x0000024e87b3ac80, 0x0000024e87b3b9c0]
Event: 0.431 Thread 0x0000024ed813c400 1131       3       java.lang.Integer::toUnsignedLong (7 bytes)
Event: 0.431 Thread 0x0000024ed813c400 nmethod 1131 0x0000024e801de110 code [0x0000024e801de2a0, 0x0000024e801de3a0]
Event: 0.431 Thread 0x0000024ed813c400 1133       3       org.lwjgl.system.MemoryUtil::memPutAddress (29 bytes)
Event: 0.432 Thread 0x0000024ed81396b0 1134       4       java.lang.Integer::toUnsignedLong (7 bytes)
Event: 0.432 Thread 0x0000024ed813c400 nmethod 1133 0x0000024e801de410 code [0x0000024e801de5c0, 0x0000024e801de7b8]
Event: 0.432 Thread 0x0000024ed813c400 1132       3       sun.misc.Unsafe::putLong (11 bytes)
Event: 0.432 Thread 0x0000024ed813c400 nmethod 1132 0x0000024e801de890 code [0x0000024e801dea20, 0x0000024e801deb30]
Event: 0.432 Thread 0x0000024ed81396b0 nmethod 1134 0x0000024e87b3c390 code [0x0000024e87b3c500, 0x0000024e87b3c568]

GC Heap History (2 events):
Event: 0.290 GC heap before
{Heap before GC invocations=0 (full 0):
 garbage-first heap   total 260096K, used 22528K [0x0000000703600000, 0x0000000800000000)
  region size 2048K, 11 young (22528K), 0 survivors (0K)
 Metaspace       used 3857K, committed 4032K, reserved 1114112K
  class space    used 332K, committed 448K, reserved 1048576K
}
Event: 0.292 GC heap after
{Heap after GC invocations=1 (full 0):
 garbage-first heap   total 260096K, used 2527K [0x0000000703600000, 0x0000000800000000)
  region size 2048K, 2 young (4096K), 2 survivors (4096K)
 Metaspace       used 3857K, committed 4032K, reserved 1114112K
  class space    used 332K, committed 448K, reserved 1048576K
}

Dll operation events (12 events):
Event: 0.006 Loaded shared library C:\Users\stas2\.jdks\openjdk-21.0.1\bin\java.dll
Event: 0.032 Loaded shared library C:\Users\stas2\.jdks\openjdk-21.0.1\bin\jsvml.dll
Event: 0.060 Loaded shared library C:\Users\stas2\.jdks\openjdk-21.0.1\bin\net.dll
Event: 0.062 Loaded shared library C:\Users\stas2\.jdks\openjdk-21.0.1\bin\nio.dll
Event: 0.066 Loaded shared library C:\Users\stas2\.jdks\openjdk-21.0.1\bin\zip.dll
Event: 0.156 Loaded shared library C:\Users\stas2\.jdks\openjdk-21.0.1\bin\zip.dll
Event: 0.158 Loaded shared library C:\Users\stas2\.jdks\openjdk-21.0.1\bin\instrument.dll
Event: 0.175 Loaded shared library C:\IntelliJ IDEA Community Edition 2021.3.2\IntelliJ IDEA Community Edition 2023.2.1\bin\breakgen64.dll
Event: 0.241 Loaded shared library C:\Users\stas2\.jdks\openjdk-21.0.1\bin\jimage.dll
Event: 0.331 Loaded shared library C:\Users\stas2\.jdks\openjdk-21.0.1\bin\verify.dll
Event: 0.370 Loaded shared library C:\Users\stas2\AppData\Local\Temp\lwjgl_stas2\3.3.4+7\x64\lwjgl.dll
Event: 0.411 Loaded shared library C:\Users\stas2\AppData\Local\Temp\lwjgl_stas2\3.3.4+7\x64\lwjgl_opengl.dll

Deoptimization events (20 events):
Event: 0.376 Thread 0x0000024ef061b360 Uncommon trap: trap_request=0xffffffde fr.pc=0x0000024e87b1fbac relative=0x000000000000048c
Event: 0.376 Thread 0x0000024ef061b360 Uncommon trap: reason=class_check action=maybe_recompile pc=0x0000024e87b1fbac method=java.util.regex.Pattern$Start.match(Ljava/util/regex/Matcher;ILjava/lang/CharSequence;)Z @ 44 c2
Event: 0.376 Thread 0x0000024ef061b360 DEOPT PACKING pc=0x0000024e87b1fbac sp=0x0000005a857fc070
Event: 0.376 Thread 0x0000024ef061b360 DEOPT UNPACKING pc=0x0000024e87587da2 sp=0x0000005a857fbfd0 mode 2
Event: 0.376 Thread 0x0000024ef061b360 Uncommon trap: trap_request=0xffffffde fr.pc=0x0000024e87b1fbac relative=0x000000000000048c
Event: 0.376 Thread 0x0000024ef061b360 Uncommon trap: reason=class_check action=maybe_recompile pc=0x0000024e87b1fbac method=java.util.regex.Pattern$Start.match(Ljava/util/regex/Matcher;ILjava/lang/CharSequence;)Z @ 44 c2
Event: 0.376 Thread 0x0000024ef061b360 DEOPT PACKING pc=0x0000024e87b1fbac sp=0x0000005a857fc070
Event: 0.376 Thread 0x0000024ef061b360 DEOPT UNPACKING pc=0x0000024e87587da2 sp=0x0000005a857fbfd0 mode 2
Event: 0.379 Thread 0x0000024ef061b360 Uncommon trap: trap_request=0xffffff45 fr.pc=0x0000024e87b0cb90 relative=0x0000000000000250
Event: 0.379 Thread 0x0000024ef061b360 Uncommon trap: reason=unstable_if action=reinterpret pc=0x0000024e87b0cb90 method=java.lang.String.startsWith(Ljava/lang/String;I)Z @ 1 c2
Event: 0.379 Thread 0x0000024ef061b360 DEOPT PACKING pc=0x0000024e87b0cb90 sp=0x0000005a857faf60
Event: 0.379 Thread 0x0000024ef061b360 DEOPT UNPACKING pc=0x0000024e87587da2 sp=0x0000005a857fae98 mode 2
Event: 0.379 Thread 0x0000024ef061b360 Uncommon trap: trap_request=0xffffff45 fr.pc=0x0000024e87aefe1c relative=0x000000000000025c
Event: 0.379 Thread 0x0000024ef061b360 Uncommon trap: reason=unstable_if action=reinterpret pc=0x0000024e87aefe1c method=java.lang.String.startsWith(Ljava/lang/String;I)Z @ 1 c2
Event: 0.379 Thread 0x0000024ef061b360 DEOPT PACKING pc=0x0000024e87aefe1c sp=0x0000005a857faef0
Event: 0.379 Thread 0x0000024ef061b360 DEOPT UNPACKING pc=0x0000024e87587da2 sp=0x0000005a857fae98 mode 2
Event: 0.408 Thread 0x0000024ef061b360 Uncommon trap: trap_request=0xffffffde fr.pc=0x0000024e87b1e644 relative=0x00000000000002e4
Event: 0.408 Thread 0x0000024ef061b360 Uncommon trap: reason=class_check action=maybe_recompile pc=0x0000024e87b1e644 method=java.util.HashMap.getNode(Ljava/lang/Object;)Ljava/util/HashMap$Node; @ 128 c2
Event: 0.408 Thread 0x0000024ef061b360 DEOPT PACKING pc=0x0000024e87b1e644 sp=0x0000005a857fc880
Event: 0.408 Thread 0x0000024ef061b360 DEOPT UNPACKING pc=0x0000024e87587da2 sp=0x0000005a857fc7e8 mode 2

Classes loaded (20 events):
Event: 0.419 Loading class java/nio/DirectFloatBufferU
Event: 0.419 Loading class java/nio/DirectFloatBufferU done
Event: 0.419 Loading class java/nio/DirectDoubleBufferU
Event: 0.419 Loading class java/nio/DirectDoubleBufferU done
Event: 0.419 Loading class sun/misc/Unsafe
Event: 0.419 Loading class sun/misc/Unsafe done
Event: 0.419 Loading class java/lang/invoke/DirectMethodHandle$StaticAccessor
Event: 0.419 Loading class java/lang/invoke/DirectMethodHandle$StaticAccessor done
Event: 0.421 Loading class java/util/function/LongPredicate
Event: 0.421 Loading class java/util/function/LongPredicate done
Event: 0.422 Loading class java/lang/foreign/MemorySegment
Event: 0.422 Loading class java/lang/foreign/MemorySegment done
Event: 0.425 Loading class java/nio/InvalidMarkException
Event: 0.425 Loading class java/nio/InvalidMarkException done
Event: 0.425 Loading class java/nio/BufferUnderflowException
Event: 0.425 Loading class java/nio/BufferUnderflowException done
Event: 0.426 Loading class java/lang/IndexOutOfBoundsException
Event: 0.426 Loading class java/lang/IndexOutOfBoundsException done
Event: 0.430 Loading class java/util/Formatter$FixedString
Event: 0.430 Loading class java/util/Formatter$FixedString done

Classes unloaded (0 events):
No events

Classes redefined (0 events):
No events

Internal exceptions (20 events):
Event: 0.350 Thread 0x0000024ef061b360 Exception <a 'java/lang/NoSuchMethodError'{0x0000000712d58f70}: 'void java.lang.System.loadLibrary(java.lang.String, java.lang.Class)'> (0x0000000712d58f70) 
thrown [s\open\src\hotspot\share\interpreter\linkResolver.cpp, line 773]
Event: 0.355 Thread 0x0000024ef061b360 Exception <a 'java/lang/NoSuchMethodError'{0x0000000712dbba20}: 'void java.lang.System.load(java.lang.String, java.lang.Class)'> (0x0000000712dbba20) 
thrown [s\open\src\hotspot\share\interpreter\linkResolver.cpp, line 773]
Event: 0.355 Thread 0x0000024ef061b360 Exception <a 'java/lang/NoSuchMethodError'{0x0000000712dbe688}: 'void java.lang.System.loadLibrary(java.lang.String, java.lang.Class)'> (0x0000000712dbe688) 
thrown [s\open\src\hotspot\share\interpreter\linkResolver.cpp, line 773]
Event: 0.357 Thread 0x0000024ef061b360 Exception <a 'sun/nio/fs/WindowsException'{0x0000000712dd7060}> (0x0000000712dd7060) 
thrown [s\open\src\hotspot\share\prims\jni.cpp, line 520]
Event: 0.373 Thread 0x0000024ef061b360 Exception <a 'sun/nio/fs/WindowsException'{0x0000000712a21b00}> (0x0000000712a21b00) 
thrown [s\open\src\hotspot\share\prims\jni.cpp, line 520]
Event: 0.373 Thread 0x0000024ef061b360 Exception <a 'sun/nio/fs/WindowsException'{0x0000000712a21e50}> (0x0000000712a21e50) 
thrown [s\open\src\hotspot\share\prims\jni.cpp, line 520]
Event: 0.375 Thread 0x0000024ef061b360 Exception <a 'sun/nio/fs/WindowsException'{0x0000000712a459f8}> (0x0000000712a459f8) 
thrown [s\open\src\hotspot\share\prims\jni.cpp, line 520]
Event: 0.408 Thread 0x0000024ef061b360 Exception <a 'sun/nio/fs/WindowsException'{0x0000000712a932c0}> (0x0000000712a932c0) 
thrown [s\open\src\hotspot\share\prims\jni.cpp, line 520]
Event: 0.410 Thread 0x0000024ef061b360 Exception <a 'sun/nio/fs/WindowsException'{0x0000000712aa0d28}> (0x0000000712aa0d28) 
thrown [s\open\src\hotspot\share\prims\jni.cpp, line 520]
Event: 0.410 Thread 0x0000024ef061b360 Exception <a 'sun/nio/fs/WindowsException'{0x0000000712aa10c8}> (0x0000000712aa10c8) 
thrown [s\open\src\hotspot\share\prims\jni.cpp, line 520]
Event: 0.412 Thread 0x0000024ef061b360 Exception <a 'sun/nio/fs/WindowsException'{0x0000000712aa3340}> (0x0000000712aa3340) 
thrown [s\open\src\hotspot\share\prims\jni.cpp, line 520]
Event: 0.415 Thread 0x0000024ef061b360 Exception <a 'sun/nio/fs/WindowsException'{0x0000000712aacfd8}> (0x0000000712aacfd8) 
thrown [s\open\src\hotspot\share\prims\jni.cpp, line 520]
Event: 0.415 Thread 0x0000024ef061b360 Exception <a 'sun/nio/fs/WindowsException'{0x0000000712aaed50}> (0x0000000712aaed50) 
thrown [s\open\src\hotspot\share\prims\jni.cpp, line 520]
Event: 0.415 Thread 0x0000024ef061b360 Exception <a 'sun/nio/fs/WindowsException'{0x0000000712aaf020}> (0x0000000712aaf020) 
thrown [s\open\src\hotspot\share\prims\jni.cpp, line 520]
Event: 0.422 Thread 0x0000024ef061b360 Exception <a 'java/lang/NoSuchMethodError'{0x0000000712b03128}: 'int java.lang.invoke.DirectMethodHandle$Holder.invokeStaticInit(java.lang.Object, java.lang.Object, int, long)'> (0x0000000712b03128) 
thrown [s\open\src\hotspot\share\interpreter\linkResolver.cpp, line 773]
Event: 0.422 Thread 0x0000024ef061b360 Exception <a 'java/lang/NoSuchMethodError'{0x0000000712b08908}: 'java.lang.Object java.lang.invoke.DirectMethodHandle$Holder.newInvokeSpecial(java.lang.Object, java.lang.Object, int)'> (0x0000000712b08908) 
thrown [s\open\src\hotspot\share\interpreter\linkResolver.cpp, line 773]
Event: 0.423 Thread 0x0000024ef061b360 Exception <a 'java/lang/NoSuchMethodError'{0x0000000712b197f0}: 'int java.lang.invoke.DirectMethodHandle$Holder.invokeStaticInit(java.lang.Object, java.lang.Object, long, long)'> (0x0000000712b197f0) 
thrown [s\open\src\hotspot\share\interpreter\linkResolver.cpp, line 773]
Event: 0.424 Thread 0x0000024ef061b360 Exception <a 'java/lang/NoSuchMethodError'{0x0000000712b1f308}: 'java.lang.Object java.lang.invoke.DirectMethodHandle$Holder.newInvokeSpecial(java.lang.Object, java.lang.Object, long)'> (0x0000000712b1f308) 
thrown [s\open\src\hotspot\share\interpreter\linkResolver.cpp, line 773]
Event: 0.424 Thread 0x0000024ef061b360 Exception <a 'java/lang/NoSuchMethodError'{0x0000000712b23370}: 'java.lang.Object java.lang.invoke.Invokers$Holder.linkToTargetMethod(java.lang.Object, long, java.lang.Object)'> (0x0000000712b23370) 
thrown [s\open\src\hotspot\share\interpreter\linkResolver.cpp, line 773]
Event: 0.424 Thread 0x0000024ef061b360 Exception <a 'java/lang/NoSuchMethodError'{0x0000000712b2a6a8}: 'int java.lang.invoke.DirectMethodHandle$Holder.invokeStaticInit(java.lang.Object, java.lang.Object, java.lang.Object, long)'> (0x0000000712b2a6a8) 
thrown [s\open\src\hotspot\share\interpreter\linkResolver.cpp, line 773]

ZGC Phase Switch (0 events):
No events

VM Operations (18 events):
Event: 0.108 Executing VM operation: HandshakeAllThreads (Deoptimize)
Event: 0.108 Executing VM operation: HandshakeAllThreads (Deoptimize) done
Event: 0.109 Executing VM operation: HandshakeAllThreads (Deoptimize)
Event: 0.109 Executing VM operation: HandshakeAllThreads (Deoptimize) done
Event: 0.146 Executing VM operation: HandshakeAllThreads (Deoptimize)
Event: 0.146 Executing VM operation: HandshakeAllThreads (Deoptimize) done
Event: 0.252 Executing VM operation: ICBufferFull
Event: 0.252 Executing VM operation: ICBufferFull done
Event: 0.262 Executing VM operation: HandshakeAllThreads (Deoptimize)
Event: 0.263 Executing VM operation: HandshakeAllThreads (Deoptimize) done
Event: 0.290 Executing VM operation: G1CollectForAllocation (G1 Evacuation Pause)
Event: 0.292 Executing VM operation: G1CollectForAllocation (G1 Evacuation Pause) done
Event: 0.346 Executing VM operation: HandshakeAllThreads (Deoptimize)
Event: 0.346 Executing VM operation: HandshakeAllThreads (Deoptimize) done
Event: 0.365 Executing VM operation: HandshakeAllThreads (Deoptimize)
Event: 0.365 Executing VM operation: HandshakeAllThreads (Deoptimize) done
Event: 0.365 Executing VM operation: HandshakeAllThreads (Deoptimize)
Event: 0.365 Executing VM operation: HandshakeAllThreads (Deoptimize) done

Events (15 events):
Event: 0.017 Thread 0x0000024ef061b360 Thread added: 0x0000024ef061b360
Event: 0.030 Thread 0x0000024ed811a2c0 Thread added: 0x0000024ed811a2c0
Event: 0.030 Thread 0x0000024ed811e8b0 Thread added: 0x0000024ed811e8b0
Event: 0.030 Thread 0x0000024ed8124a10 Thread added: 0x0000024ed8124a10
Event: 0.030 Thread 0x0000024ed8125680 Thread added: 0x0000024ed8125680
Event: 0.030 Thread 0x0000024ed8127ec0 Thread added: 0x0000024ed8127ec0
Event: 0.030 Thread 0x0000024ed8128b40 Thread added: 0x0000024ed8128b40
Event: 0.030 Thread 0x0000024ed81396b0 Thread added: 0x0000024ed81396b0
Event: 0.031 Thread 0x0000024ed813c400 Thread added: 0x0000024ed813c400
Event: 0.056 Thread 0x0000024ed824ec10 Thread added: 0x0000024ed824ec10
Event: 0.095 Thread 0x0000024ed82707c0 Thread added: 0x0000024ed82707c0
Event: 0.099 Thread 0x0000024ed8349cd0 Thread added: 0x0000024ed8349cd0
Event: 0.176 Thread 0x0000024ed8a23000 Thread added: 0x0000024ed8a23000
Event: 0.176 Thread 0x0000024ed85e5420 Thread added: 0x0000024ed85e5420
Event: 0.334 Thread 0x0000024ed8baefe0 Thread added: 0x0000024ed8baefe0


Dynamic libraries:
0x00007ff673940000 - 0x00007ff67394e000 	C:\Users\stas2\.jdks\openjdk-21.0.1\bin\java.exe
0x00007ffac7c80000 - 0x00007ffac7ee9000 	C:\WINDOWS\SYSTEM32\ntdll.dll
0x00007ffac5b10000 - 0x00007ffac5bd9000 	C:\WINDOWS\System32\KERNEL32.DLL
0x00007ffac5310000 - 0x00007ffac5703000 	C:\WINDOWS\System32\KERNELBASE.dll
0x00007ffac4e10000 - 0x00007ffac4f5b000 	C:\WINDOWS\System32\ucrtbase.dll
0x00007ffab94e0000 - 0x00007ffab94f8000 	C:\Users\stas2\.jdks\openjdk-21.0.1\bin\jli.dll
0x00007ffab9ed0000 - 0x00007ffab9eeb000 	C:\Users\stas2\.jdks\openjdk-21.0.1\bin\VCRUNTIME140.dll
0x00007ffac60a0000 - 0x00007ffac6264000 	C:\WINDOWS\System32\USER32.dll
0x00007ffac5250000 - 0x00007ffac5277000 	C:\WINDOWS\System32\win32u.dll
0x00007ffaacac0000 - 0x00007ffaacd53000 	C:\WINDOWS\WinSxS\amd64_microsoft.windows.common-controls_6595b64144ccf1df_6.0.26100.5074_none_3e0d6f78e32fd63f\COMCTL32.dll
0x00007ffac6070000 - 0x00007ffac609b000 	C:\WINDOWS\System32\GDI32.dll
0x00007ffac7170000 - 0x00007ffac7219000 	C:\WINDOWS\System32\msvcrt.dll
0x00007ffac5920000 - 0x00007ffac5a4d000 	C:\WINDOWS\System32\gdi32full.dll
0x00007ffac5710000 - 0x00007ffac57b3000 	C:\WINDOWS\System32\msvcp_win.dll
0x00007ffac7c00000 - 0x00007ffac7c2f000 	C:\WINDOWS\System32\IMM32.DLL
0x00007ffabf240000 - 0x00007ffabf24c000 	C:\Users\stas2\.jdks\openjdk-21.0.1\bin\vcruntime140_1.dll
0x00007ffa76f40000 - 0x00007ffa76fce000 	C:\Users\stas2\.jdks\openjdk-21.0.1\bin\msvcp140.dll
0x00007ffa12750000 - 0x00007ffa13465000 	C:\Users\stas2\.jdks\openjdk-21.0.1\bin\server\jvm.dll
0x00007ffac66a0000 - 0x00007ffac6754000 	C:\WINDOWS\System32\ADVAPI32.dll
0x00007ffac70c0000 - 0x00007ffac7166000 	C:\WINDOWS\System32\sechost.dll
0x00007ffac7ae0000 - 0x00007ffac7bf8000 	C:\WINDOWS\System32\RPCRT4.dll
0x00007ffac6a60000 - 0x00007ffac6ad4000 	C:\WINDOWS\System32\WS2_32.dll
0x00007ffac3a50000 - 0x00007ffac3aae000 	C:\WINDOWS\SYSTEM32\POWRPROF.dll
0x00007ffabab30000 - 0x00007ffabab3b000 	C:\WINDOWS\SYSTEM32\VERSION.dll
0x00007ffab73c0000 - 0x00007ffab73f5000 	C:\WINDOWS\SYSTEM32\WINMM.dll
0x00007ffac3a30000 - 0x00007ffac3a44000 	C:\WINDOWS\SYSTEM32\UMPDC.dll
0x00007ffac3d10000 - 0x00007ffac3d2b000 	C:\WINDOWS\SYSTEM32\kernel.appcore.dll
0x00007ffabd430000 - 0x00007ffabd43a000 	C:\Users\stas2\.jdks\openjdk-21.0.1\bin\jimage.dll
0x00007ffac2590000 - 0x00007ffac27d2000 	C:\WINDOWS\SYSTEM32\DBGHELP.DLL
0x00007ffac6b70000 - 0x00007ffac6eeb000 	C:\WINDOWS\System32\combase.dll
0x00007ffac7970000 - 0x00007ffac7a47000 	C:\WINDOWS\System32\OLEAUT32.dll
0x00007ffaa9e70000 - 0x00007ffaa9ead000 	C:\WINDOWS\SYSTEM32\dbgcore.DLL
0x00007ffac5880000 - 0x00007ffac5919000 	C:\WINDOWS\System32\bcryptPrimitives.dll
0x00007ffabbaf0000 - 0x00007ffabbaff000 	C:\Users\stas2\.jdks\openjdk-21.0.1\bin\instrument.dll
0x00007ffab83a0000 - 0x00007ffab83bf000 	C:\Users\stas2\.jdks\openjdk-21.0.1\bin\java.dll
0x00007ffac7220000 - 0x00007ffac796d000 	C:\WINDOWS\System32\SHELL32.dll
0x00007ffac50e0000 - 0x00007ffac524c000 	C:\WINDOWS\System32\wintypes.dll
0x00007ffac2a80000 - 0x00007ffac32d9000 	C:\WINDOWS\SYSTEM32\windows.storage.dll
0x00007ffac6ef0000 - 0x00007ffac6fe0000 	C:\WINDOWS\System32\SHCORE.dll
0x00007ffac6ae0000 - 0x00007ffac6b42000 	C:\WINDOWS\System32\shlwapi.dll
0x00007ffac4d30000 - 0x00007ffac4d59000 	C:\WINDOWS\SYSTEM32\profapi.dll
0x00007ffa76e60000 - 0x00007ffa76f37000 	C:\Users\stas2\.jdks\openjdk-21.0.1\bin\jsvml.dll
0x00007ffabbdd0000 - 0x00007ffabbde0000 	C:\Users\stas2\.jdks\openjdk-21.0.1\bin\net.dll
0x00007ffabbf60000 - 0x00007ffabc07f000 	C:\WINDOWS\SYSTEM32\WINHTTP.dll
0x00007ffac4290000 - 0x00007ffac42fb000 	C:\WINDOWS\system32\mswsock.dll
0x00007ffaaeb10000 - 0x00007ffaaeb26000 	C:\Users\stas2\.jdks\openjdk-21.0.1\bin\nio.dll
0x00007ffaaa010000 - 0x00007ffaaa028000 	C:\Users\stas2\.jdks\openjdk-21.0.1\bin\zip.dll
0x00007ffaa9ff0000 - 0x00007ffaaa00a000 	C:\IntelliJ IDEA Community Edition 2021.3.2\IntelliJ IDEA Community Edition 2023.2.1\bin\breakgen64.dll
0x00007ffabbaa0000 - 0x00007ffabbab0000 	C:\Users\stas2\.jdks\openjdk-21.0.1\bin\verify.dll
0x00007ffa974f0000 - 0x00007ffa9756b000 	C:\Users\stas2\AppData\Local\Temp\lwjgl_stas2\3.3.4+7\x64\lwjgl.dll
0x00007ffa5cd10000 - 0x00007ffa5cd71000 	C:\Users\stas2\AppData\Local\Temp\lwjgl_stas2\3.3.4+7\x64\lwjgl_opengl.dll
0x00007ffa94640000 - 0x00007ffa9474c000 	C:\WINDOWS\SYSTEM32\opengl32.dll
0x00007ffa96270000 - 0x00007ffa9629d000 	C:\WINDOWS\SYSTEM32\GLU32.dll
0x00007ffac1da0000 - 0x00007ffac1de4000 	C:\WINDOWS\SYSTEM32\dxcore.dll

dbghelp: loaded successfully - version: 4.0.5 - missing functions: none
symbol engine: initialized successfully - sym options: 0x614 - pdb path: .;C:\Users\stas2\.jdks\openjdk-21.0.1\bin;C:\WINDOWS\SYSTEM32;C:\WINDOWS\WinSxS\amd64_microsoft.windows.common-controls_6595b64144ccf1df_6.0.26100.5074_none_3e0d6f78e32fd63f;C:\Users\stas2\.jdks\openjdk-21.0.1\bin\server;C:\IntelliJ IDEA Community Edition 2021.3.2\IntelliJ IDEA Community Edition 2023.2.1\bin;C:\Users\stas2\AppData\Local\Temp\lwjgl_stas2\3.3.4+7\x64

VM Arguments:
jvm_args: -javaagent:C:\IntelliJ IDEA Community Edition 2021.3.2\IntelliJ IDEA Community Edition 2023.2.1\lib\idea_rt.jar=53314:C:\IntelliJ IDEA Community Edition 2021.3.2\IntelliJ IDEA Community Edition 2023.2.1\bin -Dfile.encoding=windows-1252 -Dsun.stdout.encoding=windows-1252 -Dsun.stderr.encoding=windows-1252 --module-path=C:\Users\stas2\.m2\repository\org\lwjgl\lwjgl\3.3.4\lwjgl-3.3.4.jar;C:\Users\stas2\.m2\repository\org\lwjgl\lwjgl-glfw\3.3.4\lwjgl-glfw-3.3.4.jar;C:\Users\stas2\.m2\repository\org\lwjgl\lwjgl-vulkan\3.3.4\lwjgl-vulkan-3.3.4.jar;C:\Users\stas2\.m2\repository\io\github\spair\imgui-java-lwjgl3\1.89.0\imgui-java-lwjgl3-1.89.0.jar;O:\GIt\MultiplayerShooter\target\classes;C:\Users\stas2\.m2\repository\com\fasterxml\jackson\core\jackson-core\2.17.2\jackson-core-2.17.2.jar;C:\Users\stas2\.m2\repository\org\lwjgl\lwjgl-stb\3.3.4\lwjgl-stb-3.3.4.jar;C:\Users\stas2\.m2\repository\com\fasterxml\jackson\core\jackson-annotations\2.17.2\jackson-annotations-2.17.2.jar;C:\Users\stas2\.m2\repository\io\github\spair\imgui-java-binding\1.89.0\imgui-java-binding-1.89.0.jar;C:\Users\stas2\.m2\repository\org\joml\joml\1.10.7\joml-1.10.7.jar;C:\Users\stas2\.m2\repository\org\lwjgl\lwjgl-assimp\3.3.4\lwjgl-assimp-3.3.4.jar;C:\Users\stas2\.m2\repository\org\lwjgl\lwjgl-opengl\3.3.4\lwjgl-opengl-3.3.4.jar;C:\Users\stas2\.m2\repository\org\joml\joml-primitives\1.10.0\joml-primitives-1.10.0.jar;C:\Users\stas2\.m2\repository\com\fasterxml\jackson\core\jackson-databind\2.17.2\jackson-databind-2.17.2.jar -Djdk.module.main=com.bedrye.bjge 
java_command: com.bedrye.bjge/com.bedrye.bjge.TestMain
java_class_path (initial): C:\Users\stas2\.m2\repository\io\github\spair\imgui-java-natives-windows\1.89.0\imgui-java-natives-windows-1.89.0.jar;C:\Users\stas2\.m2\repository\org\junit\jupiter\junit-jupiter-api\5.9.2\junit-jupiter-api-5.9.2.jar;C:\Users\stas2\.m2\repository\org\opentest4j\opentest4j\1.2.0\opentest4j-1.2.0.jar;C:\Users\stas2\.m2\repository\org\junit\platform\junit-platform-commons\1.9.2\junit-platform-commons-1.9.2.jar;C:\Users\stas2\.m2\repository\org\apiguardian\apiguardian-api\1.1.2\apiguardian-api-1.1.2.jar;C:\Users\stas2\.m2\repository\org\junit\jupiter\junit-jupiter-engine\5.9.2\junit-jupiter-engine-5.9.2.jar;C:\Users\stas2\.m2\repository\org\junit\platform\junit-platform-engine\1.9.2\junit-platform-engine-1.9.2.jar;C:\Users\stas2\.m2\repository\org\lwjgl\lwjgl-bgfx\3.3.4\lwjgl-bgfx-3.3.4.jar;C:\Users\stas2\.m2\repository\org\lwjgl\lwjgl-nanovg\3.3.4\lwjgl-nanovg-3.3.4.jar;C:\Users\stas2\.m2\repository\org\lwjgl\lwjgl-nuklear\3.3.4\lwjgl-nuklear-3.3.4.jar;C:\Users\stas2\.m2\repository\org\lwjgl\lwjgl-openal\3.3.4\lwjgl-openal-3.3.4.jar;C:\Users\stas2\.m2\repository\org\lwjgl\lwjgl-par\3.3.4\lwjgl-par-3.3.4.jar;C:\Users\stas2\.m2\repository\org\lwjgl\lwjgl\3.3.4\lwjgl-3.3.4-natives-windows.jar;C:\Users\stas2\.m2\repository\org\lwjgl\lwjgl-assimp\3.3.4\lwjgl-assimp-3.3.4-natives-windows.jar;C:\Users\stas2\.m2\repository\org\lwjgl\lwjgl-bgfx\3.3.4\lwjgl-bgfx-3.3.4-natives-windows.jar;C:\Users\stas2\.m2\repository\org\lwjgl\lwjgl-glfw\3.3.4\lwjgl-glfw-3.3.4-natives-windows.jar;C:\Users\stas2\.m2\repository\org\lwjgl\lwjgl-nanovg\3.3.4\lwjgl-nanovg-3.3.4-natives-windows.jar;C:\Users\stas2\.m2\repository\org\lwjgl\lwjgl-nuklear\3.3.4\lwjgl-nuklear-3.3.4-natives-windows.jar;C:\Users\stas2\.m2\repository\org\lwjgl\lwjgl-openal\3.3.4\lwjgl-openal-3.3.4-natives-windows.jar;C:\Users\stas2\.m2\repository\org\lwjgl\lwjgl-opengl\3.3.4\lwjgl-opengl-3.3.4-natives-windows.jar;C:\Users\stas2\.m2\repository\org\lwjgl\lwjgl-par\3.3.4\lwjgl-par-3.3.4-natives-windows.jar;C:\Users\stas2\.m2\repository\org\lwjgl\lwjgl-stb\3.3.4\lwjgl-stb-3.3.4-natives-windows.jar
Launcher Type: SUN_STANDARD

[Global flags]
     intx CICompilerCount                          = 4                                         {product} {ergonomic}
     uint ConcGCThreads                            = 3                                         {product} {ergonomic}
     uint G1ConcRefinementThreads                  = 10                                        {product} {ergonomic}
   size_t G1HeapRegionSize                         = 2097152                                   {product} {ergonomic}
    uintx GCDrainStackTargetSize                   = 64                                        {product} {ergonomic}
   size_t InitialHeapSize                          = 266338304                                 {product} {ergonomic}
   size_t MarkStackSize                            = 4194304                                   {product} {ergonomic}
   size_t MaxHeapSize                              = 4238344192                                {product} {ergonomic}
   size_t MaxNewSize                               = 2541748224                                {product} {ergonomic}
   size_t MinHeapDeltaBytes                        = 2097152                                   {product} {ergonomic}
   size_t MinHeapSize                              = 8388608                                   {product} {ergonomic}
    uintx NonNMethodCodeHeapSize                   = 5839372                                {pd product} {ergonomic}
    uintx NonProfiledCodeHeapSize                  = 122909434                              {pd product} {ergonomic}
    uintx ProfiledCodeHeapSize                     = 122909434                              {pd product} {ergonomic}
    uintx ReservedCodeCacheSize                    = 251658240                              {pd product} {ergonomic}
     bool SegmentedCodeCache                       = true                                      {product} {ergonomic}
   size_t SoftMaxHeapSize                          = 4238344192                             {manageable} {ergonomic}
     bool UseCompressedOops                        = true                           {product lp64_product} {ergonomic}
     bool UseG1GC                                  = true                                      {product} {ergonomic}
     bool UseLargePagesIndividualAllocation        = false                                  {pd product} {ergonomic}

Logging:
Log output configuration:
 #0: stdout all=warning uptime,level,tags foldmultilines=false
 #1: stderr all=off uptime,level,tags foldmultilines=false

Environment Variables:
JAVA_HOME=C:\Program Files\Java\jdk-21
PATH=C:\Program Files\PlasticSCM5\server;C:\Program Files\PlasticSCM5\client;C:\Program Files\NVIDIA GPU Computing Toolkit\CUDA\v12.6\bin;C:\Program Files\NVIDIA GPU Computing Toolkit\CUDA\v12.6\libnvvp;C:\Program Files\Common Files\Oracle\Java\javapath;C:\Windows\system32;C:\Windows;C:\Program Files\Java\jdk-11.0.2\bin;C:\Windows\System32\Wbem;C:\ORacleDatabase\dbhomeXE\bin;C:\Windows\System32\WindowsPowerShell\v1.0\;C:\Windows\System32\OpenSSH\;C:\Program Files (x86)\NVIDIA Corporation\PhysX\Common;C:\Program Files\NVIDIA Corporation\NVIDIA NvDLISR;C:\Program Files\Git LFS;C:\Program Files\Git\cmd;C:\Program Files (x86)\Windows Kits\10\Windows Performance Toolkit\;C:\Program Files (x86)\Steam\steamapps\common\Counter-Strike Global Offensive\game\bin\win64;C:\Users\stas2\AppData\Local\Programs\Python\Python311;C:\Program Files\dotnet\;C:\Program Files\Microsoft SQL Server\150\Tools\Binn\;C:\Program Files\Microsoft SQL Server\Client SDK\ODBC\170\Tools\Binn\;C:\Program Files\NVIDIA Corporation\Nsight Compute 2024.3.2\;C:\Program Files (x86)\Microsoft SQL Server\160\Tools\Binn\;C:\Program Files\Microsoft SQL Server\160\Tools\Binn\;C:\Program Files\Microsoft SQL Server\160\DTS\Binn\;C:\Program Files (x86)\Microsoft SQL Server\160\DTS\Binn\;C:\WINDOWS\system32;C:\WINDOWS;C:\WINDOWS\System32\Wbem;C:\WINDOWS\System32\WindowsPowerShell\v1.0\;C:\WINDOWS\System32\OpenSSH\;C:\Program Files\Docker\Docker\resources\bin;O:\npdejs\;C:\Users\stas2\AppData\Local\Microsoft\WindowsApps;C:\Users\stas2\AppData\Local\Programs\Microsoft VS Code\bin;C:\Users\stas2\AppData\Local\GitHubDesktop\bin;C:\Users\stas2\AppData\Local\Programs\Python\Python311;C:\Program Files (x86)\Steam\steamapps\common\Counter-Strike Global Offensive\game\bin\win64;C:\Users\stas2\.dotnet\tools;C:\Users\stas2\AppData\Local\Muse Hub\lib;C:\Users\stas2\AppData\Roaming\npm
USERNAME=stas2
OS=Windows_NT
PROCESSOR_IDENTIFIER=Intel64 Family 6 Model 141 Stepping 1, GenuineIntel
TMP=C:\Users\stas2\AppData\Local\Temp
TEMP=C:\Users\stas2\AppData\Local\Temp




Periodic native trim disabled

---------------  S Y S T E M  ---------------

OS:
 Windows 11 , 64 bit Build 26100 (10.0.26100.5074)
OS uptime: 26 days 5:17 hours
Hyper-V role detected

CPU: total 12 (initial active 12) (6 cores per cpu, 2 threads per core) family 6 model 141 stepping 1 microcode 0x3c, cx8, cmov, fxsr, ht, mmx, 3dnowpref, sse, sse2, sse3, ssse3, sse4.1, sse4.2, popcnt, lzcnt, tsc, tscinvbit, avx, avx2, aes, erms, clmul, bmi1, bmi2, adx, avx512f, avx512dq, avx512cd, avx512bw, avx512vl, sha, fma, vzeroupper, avx512_vpopcntdq, avx512_vpclmulqdq, avx512_vaes, avx512_vnni, clflush, clflushopt, clwb, avx512_vbmi2, avx512_vbmi, hv, rdtscp, rdpid, fsrm, gfni, avx512_bitalg, f16c, cet_ibt, cet_ss, avx512_ifma
Processor Information for all 12 processors :
  Max Mhz: 2688, Current Mhz: 2688, Mhz Limit: 2688

Memory: 4k page, system-wide physical 16163M (1897M free)
TotalPageFile size 36643M (AvailPageFile size 5821M)
current process WorkingSet (physical memory assigned to process): 87M, peak: 89M
current process commit charge ("private bytes"): 363M, peak: 365M

vm_info: OpenJDK 64-Bit Server VM (21.0.1+12-29) for windows-amd64 JRE (21.0.1+12-29), built on 2023-10-05T13:27:09Z by "mach5one" with MS VC++ 17.1 (VS2022)

END.
