#
# A fatal error has been detected by the Java Runtime Environment:
#
#  EXCEPTION_ACCESS_VIOLATION (0xc0000005) at pc=0x00007ff96027366c, pid=12396, tid=17572
#
# JRE version: OpenJDK Runtime Environment (20.0.2+9) (build 20.0.2+9-78)
# Java VM: OpenJDK 64-Bit Server VM (20.0.2+9-78, mixed mode, sharing, tiered, compressed oops, compressed class ptrs, g1 gc, windows-amd64)
# Problematic frame:
# C  [igxelpicd64.dll+0x13366c]
#
# No core dump will be written. Minidumps are not enabled by default on client versions of Windows
#
# If you would like to submit a bug report, please visit:
#   https://bugreport.java.com/bugreport/crash.jsp
#

---------------  S U M M A R Y ------------

Command Line: -javaagent:C:\IntelliJ IDEA Community Edition 2021.3.2\IntelliJ IDEA Community Edition 2023.2.1\lib\idea_rt.jar=60406:C:\IntelliJ IDEA Community Edition 2021.3.2\IntelliJ IDEA Community Edition 2023.2.1\bin -Dfile.encoding=UTF-8 -Dsun.stdout.encoding=UTF-8 -Dsun.stderr.encoding=UTF-8 --module-path=C:\Users\stas2\.m2\repository\com\github\almasb\fxgl-io\17.2\fxgl-io-17.2.jar;O:\GIt\MultiplayerShooter\target\classes;C:\Users\stas2\.m2\repository\org\openjfx\javafx-media\20.0.1\javafx-media-20.0.1-win.jar;C:\Users\stas2\.m2\repository\com\fasterxml\jackson\core\jackson-annotations\2.12.1\jackson-annotations-2.12.1.jar;C:\Users\stas2\.m2\repository\com\github\almasb\fxgl-gameplay\17.2\fxgl-gameplay-17.2.jar;C:\Users\stas2\.m2\repository\org\lwjgl\lwjgl-vulkan\3.3.4\lwjgl-vulkan-3.3.4.jar;C:\Users\stas2\.m2\repository\com\fasterxml\jackson\core\jackson-core\2.12.1\jackson-core-2.12.1.jar;C:\Users\stas2\.m2\repository\com\github\almasb\fxgl\17.2\fxgl-17.2.jar;C:\Users\stas2\.m2\repository\com\gluonhq\attach\storage\4.0.13\storage-4.0.13.jar;C:\Users\stas2\.m2\repository\org\joml\joml-primitives\1.10.0\joml-primitives-1.10.0.jar;C:\Users\stas2\.m2\repository\com\github\almasb\fxgl-entity\17.2\fxgl-entity-17.2.jar;C:\Users\stas2\.m2\repository\com\gluonhq\attach\audio\4.0.13\audio-4.0.13.jar;C:\Users\stas2\.m2\repository\com\gluonhq\attach\util\4.0.13\util-4.0.13.jar;C:\Users\stas2\.m2\repository\org\jetbrains\kotlin\kotlin-stdlib\1.6.0\kotlin-stdlib-1.6.0-modular.jar;C:\Users\stas2\.m2\repository\com\gluonhq\attach\lifecycle\4.0.13\lifecycle-4.0.13.jar;C:\Users\stas2\.m2\repository\org\openjfx\javafx-controls\20.0.1\javafx-controls-20.0.1-win.jar;C:\Users\stas2\.m2\repository\org\openjfx\javafx-base\20.0.1\javafx-base-20.0.1-win.jar;C:\Users\stas2\.m2\repository\org\openjfx\javafx-fxml\20.0.1\javafx-fxml-20.0.1-win.jar;C:\Users\stas2\.m2\repository\org\joml\joml\1.10.7\joml-1.10.7.jar;C:\Users\stas2\.m2\repository\org\lwjgl\lwjgl-glfw\3.3.4\lwjgl-glfw-3.3.4.jar;C:\Users\stas2\.m2\repository\org\lwjgl\lwjgl-opengl\3.3.4\lwjgl-opengl-3.3.4.jar;C:\Users\stas2\.m2\repository\org\openjfx\javafx-graphics\20.0.1\javafx-graphics-20.0.1-win.jar;C:\Users\stas2\.m2\repository\com\github\almasb\fxgl-core\17.2\fxgl-core-17.2.jar;C:\Users\stas2\.m2\repository\com\g-Djdk.module.main=com.bedrye.multiplayershooter com.bedrye.multiplayershooter/com.bedrye.bjge.GameEngine.TestMain

Host: 11th Gen Intel(R) Core(TM) i5-11400H @ 2.70GHz, 12 cores, 15G,  Windows 11 , 64 bit Build 22621 (10.0.22621.4391)
Time: Fri Dec 27 12:23:07 2024 FLE Standard Time elapsed time: 97.082324 seconds (0d 0h 1m 37s)

---------------  T H R E A D  ---------------

Current thread (0x000001c653fca7f0):  VMThread "VM Thread" [stack: 0x00000084ee800000,0x00000084ee900000] [id=17572]

Stack: [0x00000084ee800000,0x00000084ee900000],  sp=0x00000084ee8fe790,  free space=1017k
Native frames: (J=compiled Java code, j=interpreted, Vv=VM code, C=native code)
C  [igxelpicd64.dll+0x13366c]


siginfo: EXCEPTION_ACCESS_VIOLATION (0xc0000005), reading address 0x00000000000356f8


Registers:
RAX=0x000001c69b854838, RBX=0x000001c69b854730, RCX=0x0000000000000000, RDX=0x0000000000000000
RSP=0x00000084ee8fe790, RBP=0x0000000000000000, RSI=0x000001c69b854d00, RDI=0x000001c69b810040
R8 =0x0000000000000014, R9 =0x0000000000000000, R10=0x0000000000000000, R11=0x0000000000000000
R12=0x0000000000000000, R13=0x000001c69bc033f0, R14=0x0000000000014100, R15=0x0000000000000016
RIP=0x00007ff96027366c, EFLAGS=0x0000000000010202


Register to memory mapping:

RIP=0x00007ff96027366c igxelpicd64.dll
RAX=0x000001c69b854838 points into unknown readable memory: 0x0000000000014129 | 29 41 01 00 00 00 00 00
RBX=0x000001c69b854730 points into unknown readable memory: 0x000001c699efc590 | 90 c5 ef 99 c6 01 00 00
RCX=0x0 is NULL
RDX=0x0 is NULL
RSP=0x00000084ee8fe790 points into unknown readable memory: 0x000001c699eec7f0 | f0 c7 ee 99 c6 01 00 00
RBP=0x0 is NULL
RSI=0x000001c69b854d00 points into unknown readable memory: 0x000001c69bc033f0 | f0 33 c0 9b c6 01 00 00
RDI=0x000001c69b810040 points into unknown readable memory: 0x000001c69b7cea00 | 00 ea 7c 9b c6 01 00 00
R8 =0x0000000000000014 is an unknown value
R9 =0x0 is NULL
R10=0x0 is NULL
R11=0x0 is NULL
R12=0x0 is NULL
R13=0x000001c69bc033f0 points into unknown readable memory: 0x000001c699efc590 | 90 c5 ef 99 c6 01 00 00
R14=0x0000000000014100 is an unknown value
R15=0x0000000000000016 is an unknown value


Top of Stack: (sp=0x00000084ee8fe790)
0x00000084ee8fe790:   000001c699eec7f0 0000000000000000
0x00000084ee8fe7a0:   0000000000000000 00007ffa00a743e4
0x00000084ee8fe7b0:   000001c602000002 0000000000000030
0x00000084ee8fe7c0:   000001c632400cc0 00007ffa00a61f24
0x00000084ee8fe7d0:   000001c69b70bcb8 000000000001412f
0x00000084ee8fe7e0:   0000000000000000 000000000000000d
0x00000084ee8fe7f0:   0000000000000000 0000000000000000
0x00000084ee8fe800:   00000084ee8fe910 00007ff9603ebc3c
0x00000084ee8fe810:   000001c699eec7f0 000001c69b810040
0x00000084ee8fe820:   000001c632240b00 0000000000000000
0x00000084ee8fe830:   0000008400000750 0000b80219600000
0x00000084ee8fe840:   0000000000000000 00000084ee8feb98
0x00000084ee8fe850:   00000084edc74000 00007ffa009edd06
0x00000084ee8fe860:   000001c632230000 0000000000000002
0x00000084ee8fe870:   0000000200000101 00007ff9603e19a0
0x00000084ee8fe880:   00007ffa00a39de0 00000000000004b4
0x00000084ee8fe890:   00000084ee8fe9f8 00000084ee8fea20
0x00000084ee8fe8a0:   0000000000000002 0000000000000000
0x00000084ee8fe8b0:   00008f23656eb823 00007ff9601c3cdf
0x00000084ee8fe8c0:   0000b80219600000 0000000000000750
0x00000084ee8fe8d0:   0000000000000000 4000170000000001
0x00000084ee8fe8e0:   0000000000000000 0000000000000000
0x00000084ee8fe8f0:   0000000000000000 0000000000000000
0x00000084ee8fe900:   0000000000000000 0000000000000000
0x00000084ee8fe910:   0000000000000000 0000000000000000
0x00000084ee8fe920:   0000000000000000 0000000000000000
0x00000084ee8fe930:   0000000000000000 0000000000000000
0x00000084ee8fe940:   0000000000000000 0000000000000000
0x00000084ee8fe950:   0000000000000000 0000000000000000
0x00000084ee8fe960:   0000000000000000 0000000000000000
0x00000084ee8fe970:   0000000000000000 0000000000000000
0x00000084ee8fe980:   0000000000000000 0000000000000000 

Instructions: (pc=0x00007ff96027366c)
0x00007ff96027356c:   ec 40 45 8a e1 48 8b fa 48 8b e9 48 8b 1d 42 08
0x00007ff96027357c:   e0 00 48 89 58 08 48 8b cb ff 15 85 5b 9a 00 90
0x00007ff96027358c:   4c 8b af 78 02 00 00 48 8b 05 c6 e4 cf 00 44 8b
0x00007ff96027359c:   b8 40 0b 00 00 45 33 db 45 8a f3 4c 89 9f 78 02
0x00007ff9602735ac:   00 00 44 89 9f 80 02 00 00 4c 89 9f 98 02 00 00
0x00007ff9602735bc:   4c 89 9f 88 02 00 00 48 85 ed 75 38 8b 35 4a e2
0x00007ff9602735cc:   df 00 65 48 8b 04 25 58 00 00 00 b9 14 00 00 00
0x00007ff9602735dc:   48 8b 04 f0 44 38 1c 01 0f 84 9d da 86 00 65 48
0x00007ff9602735ec:   8b 04 25 58 00 00 00 bd 20 00 00 00 48 8b 04 f0
0x00007ff9602735fc:   48 8b 2c 28 48 3b 2d 39 07 e0 00 45 0f 44 fb 4d
0x00007ff96027360c:   85 ed 0f 84 21 01 00 00 44 8a a4 24 90 00 00 00
0x00007ff96027361c:   49 8b dd 49 8d b5 d0 05 00 00 4c 8b 2e 45 84 e4
0x00007ff96027362c:   0f 85 2a 03 00 00 8b 97 c8 01 00 00 48 8b 05 21
0x00007ff96027363c:   e4 cf 00 83 b8 78 03 00 00 02 75 31 83 fa 10 0f
0x00007ff96027364c:   83 20 01 00 00 48 8d 04 d5 21 00 00 00 48 03 c2
0x00007ff96027365c:   48 8d 04 c3 48 85 c0 0f 85 ff 00 00 00 49 8b cb
0x00007ff96027366c:   48 3b 8d f8 56 03 00 0f 87 f3 02 00 00 4c 39 9b
0x00007ff96027367c:   48 06 00 00 0f 85 41 da 86 00 44 8b 97 c8 01 00
0x00007ff96027368c:   00 48 8b 87 e0 01 00 00 4c 8b 08 8b 97 c8 01 00
0x00007ff96027369c:   00 83 fa 10 0f 83 03 01 00 00 48 8d 04 d5 21 00
0x00007ff9602736ac:   00 00 48 03 c2 48 8d 04 c3 48 85 c0 0f 85 e2 00
0x00007ff9602736bc:   00 00 49 8b cb 49 3b c9 0f 86 0e 01 00 00 48 8b
0x00007ff9602736cc:   87 78 02 00 00 48 89 06 48 89 9f 78 02 00 00 ff
0x00007ff9602736dc:   87 80 02 00 00 48 8b 43 08 48 8b 88 18 01 00 00
0x00007ff9602736ec:   48 81 e1 00 00 ff ff 48 81 c1 00 00 01 00 48 01
0x00007ff9602736fc:   8f 88 02 00 00 48 8b 43 08 48 8b 88 18 01 00 00
0x00007ff96027370c:   48 01 8f 98 02 00 00 4d 85 ed 0f 85 00 ff ff ff
0x00007ff96027371c:   45 84 f6 44 8a a4 24 98 00 00 00 0f 85 82 03 00
0x00007ff96027372c:   00 48 8b 9c 24 80 00 00 00 48 8b cf 45 84 e4 0f
0x00007ff96027373c:   85 8a 03 00 00 e8 fa f9 ff ff 90 48 8b cb 48 8b
0x00007ff96027374c:   9c 24 88 00 00 00 48 83 c4 40 41 5f 41 5e 41 5d
0x00007ff96027375c:   41 5c 5f 5e 5d 48 ff 25 b0 59 9a 00 48 8b 48 08 


Stack slot to memory mapping:
stack at sp + 0 slots: 0x000001c699eec7f0 points into unknown readable memory: 0xffffffffffffffff | ff ff ff ff ff ff ff ff
stack at sp + 1 slots: 0x0 is NULL
stack at sp + 2 slots: 0x0 is NULL
stack at sp + 3 slots: 0x00007ffa00a743e4 ntdll.dll
stack at sp + 4 slots: 0x000001c602000002 is an unknown value
stack at sp + 5 slots: 0x0000000000000030 is an unknown value
stack at sp + 6 slots: 0x000001c632400cc0 points into unknown readable memory: 0x0000000000ca0000 | 00 00 ca 00 00 00 00 00
stack at sp + 7 slots: 0x00007ffa00a61f24 ntdll.dll

VM_Operation (0x00000084edfff350): Exit, mode: safepoint, requested by thread 0x000001c6994f2180


---------------  P R O C E S S  ---------------

Threads class SMR info:
_java_thread_list=0x000001c69c0a5a50, length=13, elements={
0x000001c634658f40, 0x000001c653fe9bd0, 0x000001c653fea9d0, 0x000001c653feccc0,
0x000001c653feeb90, 0x000001c653ff4250, 0x000001c653ff1a60, 0x000001c653ff95b0,
0x000001c653ff4db0, 0x000001c6994f06f0, 0x000001c6994efc50, 0x000001c6994f16e0,
0x000001c6994f2180
}

Java Threads: ( => current thread )
  0x000001c634658f40 JavaThread "main" [_thread_blocked, id=26936, stack(0x00000084ee200000,0x00000084ee300000)]
  0x000001c653fe9bd0 JavaThread "Reference Handler" daemon [_thread_blocked, id=29672, stack(0x00000084ee900000,0x00000084eea00000)]
  0x000001c653fea9d0 JavaThread "Finalizer" daemon [_thread_blocked, id=12988, stack(0x00000084eea00000,0x00000084eeb00000)]
  0x000001c653feccc0 JavaThread "Signal Dispatcher" daemon [_thread_blocked, id=19012, stack(0x00000084eeb00000,0x00000084eec00000)]
  0x000001c653feeb90 JavaThread "Attach Listener" daemon [_thread_blocked, id=26000, stack(0x00000084eec00000,0x00000084eed00000)]
  0x000001c653ff4250 JavaThread "Service Thread" daemon [_thread_blocked, id=27040, stack(0x00000084eed00000,0x00000084eee00000)]
  0x000001c653ff1a60 JavaThread "Monitor Deflation Thread" daemon [_thread_blocked, id=20972, stack(0x00000084eee00000,0x00000084eef00000)]
  0x000001c653ff95b0 JavaThread "C2 CompilerThread0" daemon [_thread_blocked, id=11588, stack(0x00000084eef00000,0x00000084ef000000)]
  0x000001c653ff4db0 JavaThread "C1 CompilerThread0" daemon [_thread_blocked, id=24492, stack(0x00000084ef000000,0x00000084ef100000)]
  0x000001c6994f06f0 JavaThread "Common-Cleaner" daemon [_thread_blocked, id=22772, stack(0x00000084ef100000,0x00000084ef200000)]
  0x000001c6994efc50 JavaThread "Monitor Ctrl-Break" daemon [_thread_in_native, id=27012, stack(0x00000084ef400000,0x00000084ef500000)]
  0x000001c6994f16e0 JavaThread "Notification Thread" daemon [_thread_blocked, id=8012, stack(0x00000084ef500000,0x00000084ef600000)]
  0x000001c6994f2180 JavaThread "SIGINT handler" daemon [_thread_blocked, id=796, stack(0x00000084edf00000,0x00000084ee000000)]

Other Threads:
=>0x000001c653fca7f0 VMThread "VM Thread" [stack: 0x00000084ee800000,0x00000084ee900000] [id=17572]
  0x000001c6346c9490 WorkerThread "GC Thread#0" [stack: 0x00000084ee300000,0x00000084ee400000] [id=27472]
  0x000001c69b8a7ca0 WorkerThread "GC Thread#1" [stack: 0x00000084ef200000,0x00000084ef300000] [id=1404]
  0x000001c69b8a8510 WorkerThread "GC Thread#2" [stack: 0x00000084ef300000,0x00000084ef400000] [id=11436]
  0x000001c69b8a8ab0 WorkerThread "GC Thread#3" [stack: 0x00000084efd00000,0x00000084efe00000] [id=14992]
  0x000001c69b8a7430 WorkerThread "GC Thread#4" [stack: 0x00000084eff00000,0x00000084f0000000] [id=7356]
  0x000001c69b8a7700 WorkerThread "GC Thread#5" [stack: 0x00000084f0000000,0x00000084f0100000] [id=11236]
  0x000001c69b8a6e90 WorkerThread "GC Thread#6" [stack: 0x00000084f0100000,0x00000084f0200000] [id=5556]
  0x000001c69b8a7f70 WorkerThread "GC Thread#7" [stack: 0x00000084f0200000,0x00000084f0300000] [id=21460]
  0x000001c6346da030 ConcurrentGCThread "G1 Main Marker" terminated
  0x000001c6346dac00 WorkerThread "G1 Conc#0" [stack: 0x00000084ee500000,0x00000084ee600000] [id=26196]
  0x000001c63470ec10 ConcurrentGCThread "G1 Refine#0" terminated
  0x000001c653e8afd0 ConcurrentGCThread "G1 Service" terminated

Threads with active compile tasks:

VM state: at safepoint (shutting down)

VM Mutex/Monitor currently owned by a thread:  ([mutex/lock_event])
[0x000001c634657370] Threads_lock - owner thread: 0x000001c653fca7f0
[0x000001c634657b50] Heap_lock - owner thread: 0x000001c6994f2180

Heap address: 0x0000000703600000, size: 4042 MB, Compressed Oops mode: Zero based, Oop shift amount: 3

CDS archive(s) mapped at: [0x000001c654400000-0x000001c655060000-0x000001c655060000), size 12976128, SharedBaseAddress: 0x000001c654400000, ArchiveRelocationMode: 1.
Compressed class space mapped at: 0x000001c655400000-0x000001c695400000, reserved size: 1073741824
Narrow klass base: 0x000001c654400000, Narrow klass shift: 0, Narrow klass range: 0x100000000

GC Precious Log:
 CardTable entry size: 512
 Card Set container configuration: InlinePtr #cards 4 size 8 Array Of Cards #cards 16 size 48 Howl #buckets 8 coarsen threshold 3686 Howl Bitmap #cards 512 size 80 coarsen threshold 460 Card regions per heap region 1 cards per card region 4096
 CPUs: 12 total, 12 available
 Memory: 16163M
 Large Page Support: Disabled
 NUMA Support: Disabled
 Compressed Oops: Enabled (Zero based)
 Heap Region Size: 2M
 Heap Min Capacity: 8M
 Heap Initial Capacity: 254M
 Heap Max Capacity: 4042M
 Pre-touch: Disabled
 Parallel Workers: 10
 Concurrent Workers: 3
 Concurrent Refinement Workers: 10
 Periodic GC: Disabled

Heap:
 garbage-first heap   total 260096K, used 9481K [0x0000000703600000, 0x0000000800000000)
  region size 2048K, 6 young (12288K), 2 survivors (4096K)
 Metaspace       used 7078K, committed 7296K, reserved 1114112K
  class space    used 405K, committed 512K, reserved 1048576K

Heap Regions: E=young(eden), S=young(survivor), O=old, HS=humongous(starts), HC=humongous(continues), CS=collection set, F=free, OA=open archive, CA=closed archive, TAMS=top-at-mark-start, PB=parsable bottom
|   0|0x0000000703600000, 0x0000000703600000, 0x0000000703800000|  0%| F|  |TAMS 0x0000000703600000| PB 0x0000000703600000| Untracked 
|   1|0x0000000703800000, 0x0000000703800000, 0x0000000703a00000|  0%| F|  |TAMS 0x0000000703800000| PB 0x0000000703800000| Untracked 
|   2|0x0000000703a00000, 0x0000000703a00000, 0x0000000703c00000|  0%| F|  |TAMS 0x0000000703a00000| PB 0x0000000703a00000| Untracked 
|   3|0x0000000703c00000, 0x0000000703c00000, 0x0000000703e00000|  0%| F|  |TAMS 0x0000000703c00000| PB 0x0000000703c00000| Untracked 
|   4|0x0000000703e00000, 0x0000000703e00000, 0x0000000704000000|  0%| F|  |TAMS 0x0000000703e00000| PB 0x0000000703e00000| Untracked 
|   5|0x0000000704000000, 0x0000000704000000, 0x0000000704200000|  0%| F|  |TAMS 0x0000000704000000| PB 0x0000000704000000| Untracked 
|   6|0x0000000704200000, 0x0000000704200000, 0x0000000704400000|  0%| F|  |TAMS 0x0000000704200000| PB 0x0000000704200000| Untracked 
|   7|0x0000000704400000, 0x0000000704400000, 0x0000000704600000|  0%| F|  |TAMS 0x0000000704400000| PB 0x0000000704400000| Untracked 
|   8|0x0000000704600000, 0x0000000704600000, 0x0000000704800000|  0%| F|  |TAMS 0x0000000704600000| PB 0x0000000704600000| Untracked 
|   9|0x0000000704800000, 0x0000000704800000, 0x0000000704a00000|  0%| F|  |TAMS 0x0000000704800000| PB 0x0000000704800000| Untracked 
|  10|0x0000000704a00000, 0x0000000704a00000, 0x0000000704c00000|  0%| F|  |TAMS 0x0000000704a00000| PB 0x0000000704a00000| Untracked 
|  11|0x0000000704c00000, 0x0000000704c00000, 0x0000000704e00000|  0%| F|  |TAMS 0x0000000704c00000| PB 0x0000000704c00000| Untracked 
|  12|0x0000000704e00000, 0x0000000704e00000, 0x0000000705000000|  0%| F|  |TAMS 0x0000000704e00000| PB 0x0000000704e00000| Untracked 
|  13|0x0000000705000000, 0x0000000705000000, 0x0000000705200000|  0%| F|  |TAMS 0x0000000705000000| PB 0x0000000705000000| Untracked 
|  14|0x0000000705200000, 0x0000000705200000, 0x0000000705400000|  0%| F|  |TAMS 0x0000000705200000| PB 0x0000000705200000| Untracked 
|  15|0x0000000705400000, 0x0000000705400000, 0x0000000705600000|  0%| F|  |TAMS 0x0000000705400000| PB 0x0000000705400000| Untracked 
|  16|0x0000000705600000, 0x0000000705600000, 0x0000000705800000|  0%| F|  |TAMS 0x0000000705600000| PB 0x0000000705600000| Untracked 
|  17|0x0000000705800000, 0x0000000705800000, 0x0000000705a00000|  0%| F|  |TAMS 0x0000000705800000| PB 0x0000000705800000| Untracked 
|  18|0x0000000705a00000, 0x0000000705a00000, 0x0000000705c00000|  0%| F|  |TAMS 0x0000000705a00000| PB 0x0000000705a00000| Untracked 
|  19|0x0000000705c00000, 0x0000000705c00000, 0x0000000705e00000|  0%| F|  |TAMS 0x0000000705c00000| PB 0x0000000705c00000| Untracked 
|  20|0x0000000705e00000, 0x0000000705e00000, 0x0000000706000000|  0%| F|  |TAMS 0x0000000705e00000| PB 0x0000000705e00000| Untracked 
|  21|0x0000000706000000, 0x0000000706000000, 0x0000000706200000|  0%| F|  |TAMS 0x0000000706000000| PB 0x0000000706000000| Untracked 
|  22|0x0000000706200000, 0x0000000706200000, 0x0000000706400000|  0%| F|  |TAMS 0x0000000706200000| PB 0x0000000706200000| Untracked 
|  23|0x0000000706400000, 0x0000000706400000, 0x0000000706600000|  0%| F|  |TAMS 0x0000000706400000| PB 0x0000000706400000| Untracked 
|  24|0x0000000706600000, 0x0000000706600000, 0x0000000706800000|  0%| F|  |TAMS 0x0000000706600000| PB 0x0000000706600000| Untracked 
|  25|0x0000000706800000, 0x0000000706800000, 0x0000000706a00000|  0%| F|  |TAMS 0x0000000706800000| PB 0x0000000706800000| Untracked 
|  26|0x0000000706a00000, 0x0000000706a00000, 0x0000000706c00000|  0%| F|  |TAMS 0x0000000706a00000| PB 0x0000000706a00000| Untracked 
|  27|0x0000000706c00000, 0x0000000706c00000, 0x0000000706e00000|  0%| F|  |TAMS 0x0000000706c00000| PB 0x0000000706c00000| Untracked 
|  28|0x0000000706e00000, 0x0000000706e00000, 0x0000000707000000|  0%| F|  |TAMS 0x0000000706e00000| PB 0x0000000706e00000| Untracked 
|  29|0x0000000707000000, 0x0000000707000000, 0x0000000707200000|  0%| F|  |TAMS 0x0000000707000000| PB 0x0000000707000000| Untracked 
|  30|0x0000000707200000, 0x0000000707200000, 0x0000000707400000|  0%| F|  |TAMS 0x0000000707200000| PB 0x0000000707200000| Untracked 
|  31|0x0000000707400000, 0x0000000707400000, 0x0000000707600000|  0%| F|  |TAMS 0x0000000707400000| PB 0x0000000707400000| Untracked 
|  32|0x0000000707600000, 0x0000000707600000, 0x0000000707800000|  0%| F|  |TAMS 0x0000000707600000| PB 0x0000000707600000| Untracked 
|  33|0x0000000707800000, 0x0000000707800000, 0x0000000707a00000|  0%| F|  |TAMS 0x0000000707800000| PB 0x0000000707800000| Untracked 
|  34|0x0000000707a00000, 0x0000000707a00000, 0x0000000707c00000|  0%| F|  |TAMS 0x0000000707a00000| PB 0x0000000707a00000| Untracked 
|  35|0x0000000707c00000, 0x0000000707c00000, 0x0000000707e00000|  0%| F|  |TAMS 0x0000000707c00000| PB 0x0000000707c00000| Untracked 
|  36|0x0000000707e00000, 0x0000000707e00000, 0x0000000708000000|  0%| F|  |TAMS 0x0000000707e00000| PB 0x0000000707e00000| Untracked 
|  37|0x0000000708000000, 0x0000000708000000, 0x0000000708200000|  0%| F|  |TAMS 0x0000000708000000| PB 0x0000000708000000| Untracked 
|  38|0x0000000708200000, 0x0000000708200000, 0x0000000708400000|  0%| F|  |TAMS 0x0000000708200000| PB 0x0000000708200000| Untracked 
|  39|0x0000000708400000, 0x0000000708400000, 0x0000000708600000|  0%| F|  |TAMS 0x0000000708400000| PB 0x0000000708400000| Untracked 
|  40|0x0000000708600000, 0x0000000708600000, 0x0000000708800000|  0%| F|  |TAMS 0x0000000708600000| PB 0x0000000708600000| Untracked 
|  41|0x0000000708800000, 0x0000000708800000, 0x0000000708a00000|  0%| F|  |TAMS 0x0000000708800000| PB 0x0000000708800000| Untracked 
|  42|0x0000000708a00000, 0x0000000708a00000, 0x0000000708c00000|  0%| F|  |TAMS 0x0000000708a00000| PB 0x0000000708a00000| Untracked 
|  43|0x0000000708c00000, 0x0000000708c00000, 0x0000000708e00000|  0%| F|  |TAMS 0x0000000708c00000| PB 0x0000000708c00000| Untracked 
|  44|0x0000000708e00000, 0x0000000708e00000, 0x0000000709000000|  0%| F|  |TAMS 0x0000000708e00000| PB 0x0000000708e00000| Untracked 
|  45|0x0000000709000000, 0x0000000709000000, 0x0000000709200000|  0%| F|  |TAMS 0x0000000709000000| PB 0x0000000709000000| Untracked 
|  46|0x0000000709200000, 0x0000000709200000, 0x0000000709400000|  0%| F|  |TAMS 0x0000000709200000| PB 0x0000000709200000| Untracked 
|  47|0x0000000709400000, 0x0000000709400000, 0x0000000709600000|  0%| F|  |TAMS 0x0000000709400000| PB 0x0000000709400000| Untracked 
|  48|0x0000000709600000, 0x0000000709600000, 0x0000000709800000|  0%| F|  |TAMS 0x0000000709600000| PB 0x0000000709600000| Untracked 
|  49|0x0000000709800000, 0x0000000709800000, 0x0000000709a00000|  0%| F|  |TAMS 0x0000000709800000| PB 0x0000000709800000| Untracked 
|  50|0x0000000709a00000, 0x0000000709a00000, 0x0000000709c00000|  0%| F|  |TAMS 0x0000000709a00000| PB 0x0000000709a00000| Untracked 
|  51|0x0000000709c00000, 0x0000000709c00000, 0x0000000709e00000|  0%| F|  |TAMS 0x0000000709c00000| PB 0x0000000709c00000| Untracked 
|  52|0x0000000709e00000, 0x0000000709e00000, 0x000000070a000000|  0%| F|  |TAMS 0x0000000709e00000| PB 0x0000000709e00000| Untracked 
|  53|0x000000070a000000, 0x000000070a000000, 0x000000070a200000|  0%| F|  |TAMS 0x000000070a000000| PB 0x000000070a000000| Untracked 
|  54|0x000000070a200000, 0x000000070a200000, 0x000000070a400000|  0%| F|  |TAMS 0x000000070a200000| PB 0x000000070a200000| Untracked 
|  55|0x000000070a400000, 0x000000070a400000, 0x000000070a600000|  0%| F|  |TAMS 0x000000070a400000| PB 0x000000070a400000| Untracked 
|  56|0x000000070a600000, 0x000000070a600000, 0x000000070a800000|  0%| F|  |TAMS 0x000000070a600000| PB 0x000000070a600000| Untracked 
|  57|0x000000070a800000, 0x000000070a800000, 0x000000070aa00000|  0%| F|  |TAMS 0x000000070a800000| PB 0x000000070a800000| Untracked 
|  58|0x000000070aa00000, 0x000000070aa00000, 0x000000070ac00000|  0%| F|  |TAMS 0x000000070aa00000| PB 0x000000070aa00000| Untracked 
|  59|0x000000070ac00000, 0x000000070ac00000, 0x000000070ae00000|  0%| F|  |TAMS 0x000000070ac00000| PB 0x000000070ac00000| Untracked 
|  60|0x000000070ae00000, 0x000000070ae00000, 0x000000070b000000|  0%| F|  |TAMS 0x000000070ae00000| PB 0x000000070ae00000| Untracked 
|  61|0x000000070b000000, 0x000000070b000000, 0x000000070b200000|  0%| F|  |TAMS 0x000000070b000000| PB 0x000000070b000000| Untracked 
|  62|0x000000070b200000, 0x000000070b200000, 0x000000070b400000|  0%| F|  |TAMS 0x000000070b200000| PB 0x000000070b200000| Untracked 
|  63|0x000000070b400000, 0x000000070b400000, 0x000000070b600000|  0%| F|  |TAMS 0x000000070b400000| PB 0x000000070b400000| Untracked 
|  64|0x000000070b600000, 0x000000070b600000, 0x000000070b800000|  0%| F|  |TAMS 0x000000070b600000| PB 0x000000070b600000| Untracked 
|  65|0x000000070b800000, 0x000000070b800000, 0x000000070ba00000|  0%| F|  |TAMS 0x000000070b800000| PB 0x000000070b800000| Untracked 
|  66|0x000000070ba00000, 0x000000070ba00000, 0x000000070bc00000|  0%| F|  |TAMS 0x000000070ba00000| PB 0x000000070ba00000| Untracked 
|  67|0x000000070bc00000, 0x000000070bc00000, 0x000000070be00000|  0%| F|  |TAMS 0x000000070bc00000| PB 0x000000070bc00000| Untracked 
|  68|0x000000070be00000, 0x000000070be00000, 0x000000070c000000|  0%| F|  |TAMS 0x000000070be00000| PB 0x000000070be00000| Untracked 
|  69|0x000000070c000000, 0x000000070c000000, 0x000000070c200000|  0%| F|  |TAMS 0x000000070c000000| PB 0x000000070c000000| Untracked 
|  70|0x000000070c200000, 0x000000070c200000, 0x000000070c400000|  0%| F|  |TAMS 0x000000070c200000| PB 0x000000070c200000| Untracked 
|  71|0x000000070c400000, 0x000000070c400000, 0x000000070c600000|  0%| F|  |TAMS 0x000000070c400000| PB 0x000000070c400000| Untracked 
|  72|0x000000070c600000, 0x000000070c600000, 0x000000070c800000|  0%| F|  |TAMS 0x000000070c600000| PB 0x000000070c600000| Untracked 
|  73|0x000000070c800000, 0x000000070c800000, 0x000000070ca00000|  0%| F|  |TAMS 0x000000070c800000| PB 0x000000070c800000| Untracked 
|  74|0x000000070ca00000, 0x000000070ca00000, 0x000000070cc00000|  0%| F|  |TAMS 0x000000070ca00000| PB 0x000000070ca00000| Untracked 
|  75|0x000000070cc00000, 0x000000070cc00000, 0x000000070ce00000|  0%| F|  |TAMS 0x000000070cc00000| PB 0x000000070cc00000| Untracked 
|  76|0x000000070ce00000, 0x000000070ce00000, 0x000000070d000000|  0%| F|  |TAMS 0x000000070ce00000| PB 0x000000070ce00000| Untracked 
|  77|0x000000070d000000, 0x000000070d000000, 0x000000070d200000|  0%| F|  |TAMS 0x000000070d000000| PB 0x000000070d000000| Untracked 
|  78|0x000000070d200000, 0x000000070d200000, 0x000000070d400000|  0%| F|  |TAMS 0x000000070d200000| PB 0x000000070d200000| Untracked 
|  79|0x000000070d400000, 0x000000070d400000, 0x000000070d600000|  0%| F|  |TAMS 0x000000070d400000| PB 0x000000070d400000| Untracked 
|  80|0x000000070d600000, 0x000000070d600000, 0x000000070d800000|  0%| F|  |TAMS 0x000000070d600000| PB 0x000000070d600000| Untracked 
|  81|0x000000070d800000, 0x000000070d800000, 0x000000070da00000|  0%| F|  |TAMS 0x000000070d800000| PB 0x000000070d800000| Untracked 
|  82|0x000000070da00000, 0x000000070da00000, 0x000000070dc00000|  0%| F|  |TAMS 0x000000070da00000| PB 0x000000070da00000| Untracked 
|  83|0x000000070dc00000, 0x000000070dc00000, 0x000000070de00000|  0%| F|  |TAMS 0x000000070dc00000| PB 0x000000070dc00000| Untracked 
|  84|0x000000070de00000, 0x000000070de00000, 0x000000070e000000|  0%| F|  |TAMS 0x000000070de00000| PB 0x000000070de00000| Untracked 
|  85|0x000000070e000000, 0x000000070e000000, 0x000000070e200000|  0%| F|  |TAMS 0x000000070e000000| PB 0x000000070e000000| Untracked 
|  86|0x000000070e200000, 0x000000070e200000, 0x000000070e400000|  0%| F|  |TAMS 0x000000070e200000| PB 0x000000070e200000| Untracked 
|  87|0x000000070e400000, 0x000000070e400000, 0x000000070e600000|  0%| F|  |TAMS 0x000000070e400000| PB 0x000000070e400000| Untracked 
|  88|0x000000070e600000, 0x000000070e600000, 0x000000070e800000|  0%| F|  |TAMS 0x000000070e600000| PB 0x000000070e600000| Untracked 
|  89|0x000000070e800000, 0x000000070e800000, 0x000000070ea00000|  0%| F|  |TAMS 0x000000070e800000| PB 0x000000070e800000| Untracked 
|  90|0x000000070ea00000, 0x000000070ea00000, 0x000000070ec00000|  0%| F|  |TAMS 0x000000070ea00000| PB 0x000000070ea00000| Untracked 
|  91|0x000000070ec00000, 0x000000070ec00000, 0x000000070ee00000|  0%| F|  |TAMS 0x000000070ec00000| PB 0x000000070ec00000| Untracked 
|  92|0x000000070ee00000, 0x000000070ee00000, 0x000000070f000000|  0%| F|  |TAMS 0x000000070ee00000| PB 0x000000070ee00000| Untracked 
|  93|0x000000070f000000, 0x000000070f000000, 0x000000070f200000|  0%| F|  |TAMS 0x000000070f000000| PB 0x000000070f000000| Untracked 
|  94|0x000000070f200000, 0x000000070f200000, 0x000000070f400000|  0%| F|  |TAMS 0x000000070f200000| PB 0x000000070f200000| Untracked 
|  95|0x000000070f400000, 0x000000070f400000, 0x000000070f600000|  0%| F|  |TAMS 0x000000070f400000| PB 0x000000070f400000| Untracked 
|  96|0x000000070f600000, 0x000000070f600000, 0x000000070f800000|  0%| F|  |TAMS 0x000000070f600000| PB 0x000000070f600000| Untracked 
|  97|0x000000070f800000, 0x000000070f800000, 0x000000070fa00000|  0%| F|  |TAMS 0x000000070f800000| PB 0x000000070f800000| Untracked 
|  98|0x000000070fa00000, 0x000000070fa00000, 0x000000070fc00000|  0%| F|  |TAMS 0x000000070fa00000| PB 0x000000070fa00000| Untracked 
|  99|0x000000070fc00000, 0x000000070fc00000, 0x000000070fe00000|  0%| F|  |TAMS 0x000000070fc00000| PB 0x000000070fc00000| Untracked 
| 100|0x000000070fe00000, 0x000000070fe00000, 0x0000000710000000|  0%| F|  |TAMS 0x000000070fe00000| PB 0x000000070fe00000| Untracked 
| 101|0x0000000710000000, 0x0000000710000000, 0x0000000710200000|  0%| F|  |TAMS 0x0000000710000000| PB 0x0000000710000000| Untracked 
| 102|0x0000000710200000, 0x0000000710200000, 0x0000000710400000|  0%| F|  |TAMS 0x0000000710200000| PB 0x0000000710200000| Untracked 
| 103|0x0000000710400000, 0x0000000710400000, 0x0000000710600000|  0%| F|  |TAMS 0x0000000710400000| PB 0x0000000710400000| Untracked 
| 104|0x0000000710600000, 0x0000000710600000, 0x0000000710800000|  0%| F|  |TAMS 0x0000000710600000| PB 0x0000000710600000| Untracked 
| 105|0x0000000710800000, 0x0000000710800000, 0x0000000710a00000|  0%| F|  |TAMS 0x0000000710800000| PB 0x0000000710800000| Untracked 
| 106|0x0000000710a00000, 0x0000000710a00000, 0x0000000710c00000|  0%| F|  |TAMS 0x0000000710a00000| PB 0x0000000710a00000| Untracked 
| 107|0x0000000710c00000, 0x0000000710c00000, 0x0000000710e00000|  0%| F|  |TAMS 0x0000000710c00000| PB 0x0000000710c00000| Untracked 
| 108|0x0000000710e00000, 0x0000000710e00000, 0x0000000711000000|  0%| F|  |TAMS 0x0000000710e00000| PB 0x0000000710e00000| Untracked 
| 109|0x0000000711000000, 0x0000000711000000, 0x0000000711200000|  0%| F|  |TAMS 0x0000000711000000| PB 0x0000000711000000| Untracked 
| 110|0x0000000711200000, 0x0000000711200000, 0x0000000711400000|  0%| F|  |TAMS 0x0000000711200000| PB 0x0000000711200000| Untracked 
| 111|0x0000000711400000, 0x0000000711400000, 0x0000000711600000|  0%| F|  |TAMS 0x0000000711400000| PB 0x0000000711400000| Untracked 
| 112|0x0000000711600000, 0x0000000711600000, 0x0000000711800000|  0%| F|  |TAMS 0x0000000711600000| PB 0x0000000711600000| Untracked 
| 113|0x0000000711800000, 0x0000000711800000, 0x0000000711a00000|  0%| F|  |TAMS 0x0000000711800000| PB 0x0000000711800000| Untracked 
| 114|0x0000000711a00000, 0x0000000711b424d8, 0x0000000711c00000| 62%| S|CS|TAMS 0x0000000711a00000| PB 0x0000000711a00000| Complete 
| 115|0x0000000711c00000, 0x0000000711e00000, 0x0000000711e00000|100%| S|CS|TAMS 0x0000000711c00000| PB 0x0000000711c00000| Complete 
| 116|0x0000000711e00000, 0x0000000711e00000, 0x0000000712000000|  0%| F|  |TAMS 0x0000000711e00000| PB 0x0000000711e00000| Untracked 
| 117|0x0000000712000000, 0x0000000712000000, 0x0000000712200000|  0%| F|  |TAMS 0x0000000712000000| PB 0x0000000712000000| Untracked 
| 118|0x0000000712200000, 0x0000000712200000, 0x0000000712400000|  0%| F|  |TAMS 0x0000000712200000| PB 0x0000000712200000| Untracked 
| 119|0x0000000712400000, 0x0000000712400000, 0x0000000712600000|  0%| F|  |TAMS 0x0000000712400000| PB 0x0000000712400000| Untracked 
| 120|0x0000000712600000, 0x0000000712600000, 0x0000000712800000|  0%| F|  |TAMS 0x0000000712600000| PB 0x0000000712600000| Untracked 
| 121|0x0000000712800000, 0x0000000712800000, 0x0000000712a00000|  0%| F|  |TAMS 0x0000000712800000| PB 0x0000000712800000| Untracked 
| 122|0x0000000712a00000, 0x0000000712a00000, 0x0000000712c00000|  0%| F|  |TAMS 0x0000000712a00000| PB 0x0000000712a00000| Untracked 
| 123|0x0000000712c00000, 0x0000000712c00800, 0x0000000712e00000|  0%| E|  |TAMS 0x0000000712c00000| PB 0x0000000712c00000| Complete 
| 124|0x0000000712e00000, 0x0000000713000000, 0x0000000713000000|100%| E|CS|TAMS 0x0000000712e00000| PB 0x0000000712e00000| Complete 
| 125|0x0000000713000000, 0x0000000713200000, 0x0000000713200000|100%| E|CS|TAMS 0x0000000713000000| PB 0x0000000713000000| Complete 
| 126|0x0000000713200000, 0x0000000713400000, 0x0000000713400000|100%| E|CS|TAMS 0x0000000713200000| PB 0x0000000713200000| Complete 

Card table byte_map: [0x000001c64c450000,0x000001c64cc40000] _byte_map_base: 0x000001c648c35000

Marking Bits: (CMBitMap*) 0x000001c6346c9ac0
 Bits: [0x000001c64d430000, 0x000001c651358000)

Polling page: 0x000001c632600000

Metaspace:

Usage:
  Non-class:      6.52 MB used.
      Class:    405.60 KB used.
       Both:      6.91 MB used.

Virtual space:
  Non-class space:       64.00 MB reserved,       6.62 MB ( 10%) committed,  1 nodes.
      Class space:        1.00 GB reserved,     512.00 KB ( <1%) committed,  1 nodes.
             Both:        1.06 GB reserved,       7.12 MB ( <1%) committed. 

Chunk freelists:
   Non-Class:  3.90 MB
       Class:  3.55 MB
        Both:  7.45 MB

MaxMetaspaceSize: unlimited
CompressedClassSpaceSize: 1.00 GB
Initial GC threshold: 21.00 MB
Current GC threshold: 21.00 MB
CDS: on
MetaspaceReclaimPolicy: balanced
 - commit_granule_bytes: 65536.
 - commit_granule_words: 8192.
 - virtual_space_node_default_size: 8388608.
 - enlarge_chunks_in_place: 1.
 - new_chunks_are_fully_committed: 0.
 - uncommit_free_chunks: 1.
 - use_allocation_guard: 0.


Internal statistics:

num_allocs_failed_limit: 0.
num_arena_births: 96.
num_arena_deaths: 0.
num_vsnodes_births: 2.
num_vsnodes_deaths: 0.
num_space_committed: 112.
num_space_uncommitted: 0.
num_chunks_returned_to_freelist: 0.
num_chunks_taken_from_freelist: 269.
num_chunk_merges: 0.
num_chunk_splits: 191.
num_chunks_enlarged: 147.
num_inconsistent_stats: 0.

CodeHeap 'non-profiled nmethods': size=120000Kb used=475Kb max_used=475Kb free=119524Kb
 bounds [0x000001c6441e0000, 0x000001c644450000, 0x000001c64b710000]
CodeHeap 'profiled nmethods': size=120000Kb used=1613Kb max_used=1613Kb free=118386Kb
 bounds [0x000001c63c710000, 0x000001c63c980000, 0x000001c643c40000]
CodeHeap 'non-nmethods': size=5760Kb used=2546Kb max_used=2579Kb free=3214Kb
 bounds [0x000001c643c40000, 0x000001c643ed0000, 0x000001c6441e0000]
 total_blobs=2315 nmethods=1152 adapters=1074
 compilation: enabled
              stopped_count=0, restarted_count=0
 full_count=0

Compilation events (20 events):
Event: 2.722 Thread 0x000001c653ff4db0 1141       3       org.lwjgl.opengl.GL11::glClear (5 bytes)
Event: 2.722 Thread 0x000001c653ff4db0 nmethod 1141 0x000001c63c8a2510 code [0x000001c63c8a26a0, 0x000001c63c8a27b0]
Event: 3.739 Thread 0x000001c653ff4db0 1143       3       org.lwjgl.opengl.GL11::glDrawElements (8 bytes)
Event: 3.740 Thread 0x000001c653ff4db0 nmethod 1143 0x000001c63c8a2890 code [0x000001c63c8a2a20, 0x000001c63c8a2b30]
Event: 3.740 Thread 0x000001c653ff4db0 1144       3       org.lwjgl.opengl.GL11C::glDrawElements (8 bytes)
Event: 3.740 Thread 0x000001c653ff4db0 nmethod 1144 0x000001c63c8a2c10 code [0x000001c63c8a2da0, 0x000001c63c8a2eb0]
Event: 3.740 Thread 0x000001c653ff4db0 1146       3       org.lwjgl.glfw.GLFW::glfwSwapBuffers (21 bytes)
Event: 3.740 Thread 0x000001c653ff4db0 nmethod 1146 0x000001c63c8a2f90 code [0x000001c63c8a3140, 0x000001c63c8a33d8]
Event: 40.178 Thread 0x000001c653ff95b0 1147       4       org.lwjgl.glfw.GLFW::glfwWindowShouldClose (29 bytes)
Event: 40.178 Thread 0x000001c653ff95b0 nmethod 1147 0x000001c644255610 code [0x000001c644255780, 0x000001c644255850]
Event: 41.082 Thread 0x000001c653ff95b0 1148       4       org.lwjgl.opengl.GL11C::glDrawElements (8 bytes)
Event: 41.083 Thread 0x000001c653ff95b0 nmethod 1148 0x000001c644255990 code [0x000001c644255b00, 0x000001c644255b88]
Event: 41.083 Thread 0x000001c653ff95b0 1149       4       org.lwjgl.glfw.GLFW::glfwSwapBuffers (21 bytes)
Event: 41.083 Thread 0x000001c653ff95b0 nmethod 1149 0x000001c644255c90 code [0x000001c644255e00, 0x000001c644255ec0]
Event: 47.659 Thread 0x000001c653ff95b0 1150       4       org.lwjgl.glfw.GLFW::glfwPollEvents (9 bytes)
Event: 47.660 Thread 0x000001c653ff95b0 nmethod 1150 0x000001c644255f90 code [0x000001c644256100, 0x000001c644256198]
Event: 47.660 Thread 0x000001c653ff95b0 1151       4       com.bedrye.Objects.GameScene::update (71 bytes)
Event: 47.661 Thread 0x000001c653ff95b0 nmethod 1151 0x000001c644256290 code [0x000001c6442564a0, 0x000001c6442566a0]
Event: 47.661 Thread 0x000001c653ff95b0 1152       4       org.lwjgl.opengl.GL11::glDrawElements (8 bytes)
Event: 47.661 Thread 0x000001c653ff95b0 nmethod 1152 0x000001c644256a90 code [0x000001c644256c00, 0x000001c644256c88]

GC Heap History (2 events):
Event: 0.637 GC heap before
{Heap before GC invocations=0 (full 0):
 garbage-first heap   total 260096K, used 20480K [0x0000000703600000, 0x0000000800000000)
  region size 2048K, 11 young (22528K), 0 survivors (0K)
 Metaspace       used 4039K, committed 4224K, reserved 1114112K
  class space    used 300K, committed 384K, reserved 1048576K
}
Event: 0.640 GC heap after
{Heap after GC invocations=1 (full 0):
 garbage-first heap   total 260096K, used 3337K [0x0000000703600000, 0x0000000800000000)
  region size 2048K, 2 young (4096K), 2 survivors (4096K)
 Metaspace       used 4039K, committed 4224K, reserved 1114112K
  class space    used 300K, committed 384K, reserved 1048576K
}

Dll operation events (12 events):
Event: 0.007 Loaded shared library C:\Users\stas2\.jdks\openjdk-20.0.2-1\bin\java.dll
Event: 0.030 Loaded shared library C:\Users\stas2\.jdks\openjdk-20.0.2-1\bin\jsvml.dll
Event: 0.077 Loaded shared library C:\Users\stas2\.jdks\openjdk-20.0.2-1\bin\net.dll
Event: 0.079 Loaded shared library C:\Users\stas2\.jdks\openjdk-20.0.2-1\bin\nio.dll
Event: 0.082 Loaded shared library C:\Users\stas2\.jdks\openjdk-20.0.2-1\bin\zip.dll
Event: 0.215 Loaded shared library C:\Users\stas2\.jdks\openjdk-20.0.2-1\bin\zip.dll
Event: 0.218 Loaded shared library C:\Users\stas2\.jdks\openjdk-20.0.2-1\bin\instrument.dll
Event: 0.249 Loaded shared library C:\IntelliJ IDEA Community Edition 2021.3.2\IntelliJ IDEA Community Edition 2023.2.1\bin\breakgen64.dll
Event: 0.283 Loaded shared library C:\Users\stas2\.jdks\openjdk-20.0.2-1\bin\jimage.dll
Event: 0.312 Loaded shared library C:\Users\stas2\AppData\Local\Temp\lwjgl_stas2\3.3.4+7\x64\lwjgl.dll
Event: 0.570 Loaded shared library C:\Users\stas2\AppData\Local\Temp\lwjgl_stas2\3.3.4+7\x64\lwjgl_opengl.dll
Event: 0.632 Loaded shared library C:\Users\stas2\.jdks\openjdk-20.0.2-1\bin\verify.dll

Deoptimization events (20 events):
Event: 0.706 Thread 0x000001c634658f40 Uncommon trap: trap_request=0xffffff45 fr.pc=0x000001c6441ee254 relative=0x0000000000000054
Event: 0.706 Thread 0x000001c634658f40 Uncommon trap: reason=unstable_if action=reinterpret pc=0x000001c6441ee254 method=java.lang.CharacterData.of(I)Ljava/lang/CharacterData; @ 4 c2
Event: 0.706 Thread 0x000001c634658f40 DEOPT PACKING pc=0x000001c6441ee254 sp=0x00000084ee2fcf00
Event: 0.706 Thread 0x000001c634658f40 DEOPT UNPACKING pc=0x000001c643c5d2a2 sp=0x00000084ee2fcea0 mode 2
Event: 0.776 Thread 0x000001c634658f40 Uncommon trap: trap_request=0xffffff54 fr.pc=0x000001c64423a9ec relative=0x000000000000006c
Event: 0.776 Thread 0x000001c634658f40 Uncommon trap: reason=speculate_null_assert action=make_not_entrant pc=0x000001c64423a9ec method=sun.misc.Unsafe.getLong(Ljava/lang/Object;J)J @ 5 c2
Event: 0.776 Thread 0x000001c634658f40 DEOPT PACKING pc=0x000001c64423a9ec sp=0x00000084ee2fef20
Event: 0.776 Thread 0x000001c634658f40 DEOPT UNPACKING pc=0x000001c643c5d2a2 sp=0x00000084ee2feea8 mode 2
Event: 1.049 Thread 0x000001c653feeb90 Uncommon trap: trap_request=0xffffff45 fr.pc=0x000001c64424161c relative=0x00000000000005bc
Event: 1.049 Thread 0x000001c653feeb90 Uncommon trap: reason=unstable_if action=reinterpret pc=0x000001c64424161c method=java.util.regex.Matcher.search(I)Z @ 30 c2
Event: 1.049 Thread 0x000001c653feeb90 DEOPT PACKING pc=0x000001c64424161c sp=0x00000084eecfe7a0
Event: 1.049 Thread 0x000001c653feeb90 DEOPT UNPACKING pc=0x000001c643c5d2a2 sp=0x00000084eecfe790 mode 2
Event: 1.053 Thread 0x000001c653feeb90 Uncommon trap: trap_request=0xffffff45 fr.pc=0x000001c644242200 relative=0x0000000000000140
Event: 1.053 Thread 0x000001c653feeb90 Uncommon trap: reason=unstable_if action=reinterpret pc=0x000001c644242200 method=java.util.regex.Pattern$BmpCharPropertyGreedy.match(Ljava/util/regex/Matcher;ILjava/lang/CharSequence;)Z @ 12 c2
Event: 1.053 Thread 0x000001c653feeb90 DEOPT PACKING pc=0x000001c644242200 sp=0x00000084eecfe740
Event: 1.053 Thread 0x000001c653feeb90 DEOPT UNPACKING pc=0x000001c643c5d2a2 sp=0x00000084eecfe6d8 mode 2
Event: 1.055 Thread 0x000001c653feeb90 Uncommon trap: trap_request=0xffffff45 fr.pc=0x000001c6441f3094 relative=0x0000000000000114
Event: 1.055 Thread 0x000001c653feeb90 Uncommon trap: reason=unstable_if action=reinterpret pc=0x000001c6441f3094 method=java.lang.StringLatin1.lastIndexOf([BI[BII)I @ 86 c2
Event: 1.055 Thread 0x000001c653feeb90 DEOPT PACKING pc=0x000001c6441f3094 sp=0x00000084eecfe400
Event: 1.055 Thread 0x000001c653feeb90 DEOPT UNPACKING pc=0x000001c643c5d2a2 sp=0x00000084eecfe358 mode 2

Classes loaded (20 events):
Event: 1.057 Loading class java/time/zone/TzdbZoneRulesProvider
Event: 1.057 Loading class java/time/zone/TzdbZoneRulesProvider done
Event: 1.062 Loading class java/time/zone/Ser
Event: 1.062 Loading class java/time/zone/Ser done
Event: 1.063 Loading class java/time/Month
Event: 1.063 Loading class java/time/Month done
Event: 1.063 Loading class java/time/DayOfWeek
Event: 1.064 Loading class java/time/DayOfWeek done
Event: 1.064 Loading class java/time/zone/ZoneOffsetTransitionRule$TimeDefinition
Event: 1.064 Loading class java/time/zone/ZoneOffsetTransitionRule$TimeDefinition done
Event: 1.065 Loading class java/time/zone/ZoneOffsetTransition
Event: 1.065 Loading class java/time/zone/ZoneOffsetTransition done
Event: 1.066 Loading class sun/util/cldr/CLDRBaseLocaleDataMetaInfo$TZCanonicalIDMapHolder
Event: 1.066 Loading class sun/util/cldr/CLDRBaseLocaleDataMetaInfo$TZCanonicalIDMapHolder done
Event: 1.068 Loading class sun/util/resources/TimeZoneNames
Event: 1.069 Loading class sun/util/resources/TimeZoneNames done
Event: 1.070 Loading class sun/util/resources/TimeZoneNames_en
Event: 1.070 Loading class sun/util/resources/TimeZoneNames_en done
Event: 96.546 Loading class jdk/internal/misc/Signal$1
Event: 96.547 Loading class jdk/internal/misc/Signal$1 done

Classes unloaded (0 events):
No events

Classes redefined (0 events):
No events

Internal exceptions (20 events):
Event: 0.365 Thread 0x000001c634658f40 Exception <a 'java/lang/NoSuchMethodError'{0x00000007120e74a8}: 'int java.lang.invoke.DirectMethodHandle$Holder.invokeStaticInit(java.lang.Object, java.lang.Object, long, long)'> (0x00000007120e74a8) 
thrown [s\open\src\hotspot\share\interpreter\linkResolver.cpp, line 773]
Event: 0.365 Thread 0x000001c634658f40 Exception <a 'java/lang/NoSuchMethodError'{0x00000007120ed2f0}: 'java.lang.Object java.lang.invoke.DirectMethodHandle$Holder.newInvokeSpecial(java.lang.Object, java.lang.Object, long)'> (0x00000007120ed2f0) 
thrown [s\open\src\hotspot\share\interpreter\linkResolver.cpp, line 773]
Event: 0.366 Thread 0x000001c634658f40 Exception <a 'java/lang/NoSuchMethodError'{0x00000007120f10a8}: 'java.lang.Object java.lang.invoke.Invokers$Holder.linkToTargetMethod(java.lang.Object, long, java.lang.Object)'> (0x00000007120f10a8) 
thrown [s\open\src\hotspot\share\interpreter\linkResolver.cpp, line 773]
Event: 0.366 Thread 0x000001c634658f40 Exception <a 'java/lang/NoSuchMethodError'{0x00000007120f80e0}: 'int java.lang.invoke.DirectMethodHandle$Holder.invokeStaticInit(java.lang.Object, java.lang.Object, java.lang.Object, long)'> (0x00000007120f80e0) 
thrown [s\open\src\hotspot\share\interpreter\linkResolver.cpp, line 773]
Event: 0.385 Thread 0x000001c634658f40 Exception <a 'sun/nio/fs/WindowsException'{0x000000071219fdc8}> (0x000000071219fdc8) 
thrown [s\open\src\hotspot\share\prims\jni.cpp, line 519]
Event: 0.389 Thread 0x000001c634658f40 Exception <a 'sun/nio/fs/WindowsException'{0x00000007121ad9f8}> (0x00000007121ad9f8) 
thrown [s\open\src\hotspot\share\prims\jni.cpp, line 519]
Event: 0.389 Thread 0x000001c634658f40 Exception <a 'sun/nio/fs/WindowsException'{0x00000007121add58}> (0x00000007121add58) 
thrown [s\open\src\hotspot\share\prims\jni.cpp, line 519]
Event: 0.393 Thread 0x000001c634658f40 Exception <a 'sun/nio/fs/WindowsException'{0x00000007121c3fd8}> (0x00000007121c3fd8) 
thrown [s\open\src\hotspot\share\prims\jni.cpp, line 519]
Event: 0.395 Thread 0x000001c634658f40 Exception <a 'java/lang/NoSuchMethodError'{0x00000007121c8cf0}: 'int java.lang.invoke.Invokers$Holder.invokeExact_MT(java.lang.Object, java.lang.Object)'> (0x00000007121c8cf0) 
thrown [s\open\src\hotspot\share\interpreter\linkResolver.cpp, line 773]
Event: 0.562 Thread 0x000001c634658f40 Exception <a 'java/lang/NoSuchMethodError'{0x0000000711e70420}: 'void java.lang.System.load(java.lang.String, java.lang.Class)'> (0x0000000711e70420) 
thrown [s\open\src\hotspot\share\interpreter\linkResolver.cpp, line 773]
Event: 0.563 Thread 0x000001c634658f40 Exception <a 'java/lang/NoSuchMethodError'{0x0000000711e73208}: 'void java.lang.System.loadLibrary(java.lang.String, java.lang.Class)'> (0x0000000711e73208) 
thrown [s\open\src\hotspot\share\interpreter\linkResolver.cpp, line 773]
Event: 0.564 Thread 0x000001c634658f40 Exception <a 'sun/nio/fs/WindowsException'{0x0000000711e767f8}> (0x0000000711e767f8) 
thrown [s\open\src\hotspot\share\prims\jni.cpp, line 519]
Event: 0.569 Thread 0x000001c634658f40 Exception <a 'sun/nio/fs/WindowsException'{0x0000000711e83e70}> (0x0000000711e83e70) 
thrown [s\open\src\hotspot\share\prims\jni.cpp, line 519]
Event: 0.569 Thread 0x000001c634658f40 Exception <a 'sun/nio/fs/WindowsException'{0x0000000711e84210}> (0x0000000711e84210) 
thrown [s\open\src\hotspot\share\prims\jni.cpp, line 519]
Event: 0.571 Thread 0x000001c634658f40 Exception <a 'sun/nio/fs/WindowsException'{0x0000000711e86688}> (0x0000000711e86688) 
thrown [s\open\src\hotspot\share\prims\jni.cpp, line 519]
Event: 0.574 Thread 0x000001c634658f40 Exception <a 'sun/nio/fs/WindowsException'{0x0000000711e8d908}> (0x0000000711e8d908) 
thrown [s\open\src\hotspot\share\prims\jni.cpp, line 519]
Event: 0.575 Thread 0x000001c634658f40 Exception <a 'sun/nio/fs/WindowsException'{0x0000000711e8f020}> (0x0000000711e8f020) 
thrown [s\open\src\hotspot\share\prims\jni.cpp, line 519]
Event: 0.575 Thread 0x000001c634658f40 Exception <a 'sun/nio/fs/WindowsException'{0x0000000711e8f2f0}> (0x0000000711e8f2f0) 
thrown [s\open\src\hotspot\share\prims\jni.cpp, line 519]
Event: 1.061 Thread 0x000001c653feeb90 Exception <a 'sun/nio/fs/WindowsException'{0x0000000712f6ced0}> (0x0000000712f6ced0) 
thrown [s\open\src\hotspot\share\prims\jni.cpp, line 519]
Event: 1.073 Thread 0x000001c653feeb90 Exception <a 'java/lang/NoSuchMethodError'{0x0000000712fa05e8}: 'java.lang.Object java.lang.invoke.Invokers$Holder.invokeExact_MT(java.lang.Object, java.lang.Object, java.lang.Object, java.lang.Object, java.lang.Object, java.lang.Object)'> (0x0000000712fa05e8) 
thrown [s\open\src\hotspot\share\interpreter\linkResolver.cpp, line 773]

VM Operations (20 events):
Event: 0.114 Executing VM operation: HandshakeAllThreads done
Event: 0.204 Executing VM operation: HandshakeAllThreads
Event: 0.204 Executing VM operation: HandshakeAllThreads done
Event: 0.253 Executing VM operation: HandshakeAllThreads
Event: 0.253 Executing VM operation: HandshakeAllThreads done
Event: 0.304 Executing VM operation: HandshakeAllThreads
Event: 0.304 Executing VM operation: HandshakeAllThreads done
Event: 0.600 Executing VM operation: ICBufferFull
Event: 0.600 Executing VM operation: ICBufferFull done
Event: 0.637 Executing VM operation: G1CollectForAllocation
Event: 0.640 Executing VM operation: G1CollectForAllocation done
Event: 0.696 Executing VM operation: HandshakeAllThreads
Event: 0.696 Executing VM operation: HandshakeAllThreads done
Event: 0.706 Executing VM operation: HandshakeAllThreads
Event: 0.706 Executing VM operation: HandshakeAllThreads done
Event: 1.710 Executing VM operation: Cleanup
Event: 1.710 Executing VM operation: Cleanup done
Event: 61.269 Executing VM operation: Cleanup
Event: 61.269 Executing VM operation: Cleanup done
Event: 96.548 Executing VM operation: Exit

Events (20 events):
Event: 0.041 Thread 0x000001c653fe9bd0 Thread added: 0x000001c653fe9bd0
Event: 0.041 Thread 0x000001c653fea9d0 Thread added: 0x000001c653fea9d0
Event: 0.042 Thread 0x000001c653feccc0 Thread added: 0x000001c653feccc0
Event: 0.042 Thread 0x000001c653feeb90 Thread added: 0x000001c653feeb90
Event: 0.042 Thread 0x000001c653ff4250 Thread added: 0x000001c653ff4250
Event: 0.042 Thread 0x000001c653ff1a60 Thread added: 0x000001c653ff1a60
Event: 0.042 Thread 0x000001c653ff95b0 Thread added: 0x000001c653ff95b0
Event: 0.042 Thread 0x000001c653ff4db0 Thread added: 0x000001c653ff4db0
Event: 0.073 Thread 0x000001c6994f06f0 Thread added: 0x000001c6994f06f0
Event: 0.131 Thread 0x000001c6995c3b10 Thread added: 0x000001c6995c3b10
Event: 0.139 Thread 0x000001c69960cc40 Thread added: 0x000001c69960cc40
Event: 0.250 Thread 0x000001c6994efc50 Thread added: 0x000001c6994efc50
Event: 0.250 Thread 0x000001c6994f16e0 Thread added: 0x000001c6994f16e0
Event: 0.535 Thread 0x000001c69960cc40 Thread exited: 0x000001c69960cc40
Event: 0.535 Thread 0x000001c6995c3b10 Thread exited: 0x000001c6995c3b10
Event: 1.059 Thread 0x000001c69bbe0e70 Thread added: 0x000001c69bbe0e70
Event: 1.059 Thread 0x000001c69be0d700 Thread added: 0x000001c69be0d700
Event: 1.231 Thread 0x000001c69bbe0e70 Thread exited: 0x000001c69bbe0e70
Event: 1.231 Thread 0x000001c69be0d700 Thread exited: 0x000001c69be0d700
Event: 96.547 Thread 0x000001c6994f2180 Thread added: 0x000001c6994f2180


Dynamic libraries:
0x00007ff7ece70000 - 0x00007ff7ece7e000 	C:\Users\stas2\.jdks\openjdk-20.0.2-1\bin\java.exe
0x00007ffa009d0000 - 0x00007ffa00be7000 	C:\Windows\SYSTEM32\ntdll.dll
0x00007ffa00040000 - 0x00007ffa00104000 	C:\Windows\System32\KERNEL32.DLL
0x00007ff9fe170000 - 0x00007ff9fe52a000 	C:\Windows\System32\KERNELBASE.dll
0x00007ff9fe5b0000 - 0x00007ff9fe6c1000 	C:\Windows\System32\ucrtbase.dll
0x00007ff9f7b90000 - 0x00007ff9f7ba7000 	C:\Users\stas2\.jdks\openjdk-20.0.2-1\bin\jli.dll
0x00007ff9f7490000 - 0x00007ff9f74ab000 	C:\Users\stas2\.jdks\openjdk-20.0.2-1\bin\VCRUNTIME140.dll
0x00007ff9ffc60000 - 0x00007ff9ffe0e000 	C:\Windows\System32\USER32.dll
0x00007ff9fdca0000 - 0x00007ff9fdcc6000 	C:\Windows\System32\win32u.dll
0x00007ff9e25f0000 - 0x00007ff9e2882000 	C:\Windows\WinSxS\amd64_microsoft.windows.common-controls_6595b64144ccf1df_6.0.22621.4541_none_2710d1c57384c085\COMCTL32.dll
0x00007ffa00360000 - 0x00007ffa00389000 	C:\Windows\System32\GDI32.dll
0x00007ff9ff8b0000 - 0x00007ff9ff957000 	C:\Windows\System32\msvcrt.dll
0x00007ff9fdd90000 - 0x00007ff9fdeab000 	C:\Windows\System32\gdi32full.dll
0x00007ff9fdee0000 - 0x00007ff9fdf7a000 	C:\Windows\System32\msvcp_win.dll
0x00007ffa00320000 - 0x00007ffa00351000 	C:\Windows\System32\IMM32.DLL
0x00007ff9f7d70000 - 0x00007ff9f7d7c000 	C:\Users\stas2\.jdks\openjdk-20.0.2-1\bin\vcruntime140_1.dll
0x00007ff9e6ab0000 - 0x00007ff9e6b3e000 	C:\Users\stas2\.jdks\openjdk-20.0.2-1\bin\msvcp140.dll
0x00007ff96de60000 - 0x00007ff96eaf8000 	C:\Users\stas2\.jdks\openjdk-20.0.2-1\bin\server\jvm.dll
0x00007ffa00670000 - 0x00007ffa00722000 	C:\Windows\System32\ADVAPI32.dll
0x00007ff9ffbb0000 - 0x00007ff9ffc57000 	C:\Windows\System32\sechost.dll
0x00007ff9fdeb0000 - 0x00007ff9fded8000 	C:\Windows\System32\bcrypt.dll
0x00007ffa00550000 - 0x00007ffa00664000 	C:\Windows\System32\RPCRT4.dll
0x00007ff9f5390000 - 0x00007ff9f53c4000 	C:\Windows\SYSTEM32\WINMM.dll
0x00007ff9f7130000 - 0x00007ff9f713a000 	C:\Windows\SYSTEM32\VERSION.dll
0x00007ff9d6000000 - 0x00007ff9d6009000 	C:\Windows\SYSTEM32\WSOCK32.dll
0x00007ffa00860000 - 0x00007ffa008d1000 	C:\Windows\System32\WS2_32.dll
0x00007ff9fcdd0000 - 0x00007ff9fcde8000 	C:\Windows\SYSTEM32\kernel.appcore.dll
0x00007ff9f7b80000 - 0x00007ff9f7b8a000 	C:\Users\stas2\.jdks\openjdk-20.0.2-1\bin\jimage.dll
0x00007ff9fb740000 - 0x00007ff9fb972000 	C:\Windows\SYSTEM32\DBGHELP.DLL
0x00007ff9ff490000 - 0x00007ff9ff81f000 	C:\Windows\System32\combase.dll
0x00007ff9ffad0000 - 0x00007ff9ffba7000 	C:\Windows\System32\OLEAUT32.dll
0x00007ff9efda0000 - 0x00007ff9efdd2000 	C:\Windows\SYSTEM32\dbgcore.DLL
0x00007ff9fe0f0000 - 0x00007ff9fe16b000 	C:\Windows\System32\bcryptPrimitives.dll
0x00007ff9f7480000 - 0x00007ff9f748e000 	C:\Users\stas2\.jdks\openjdk-20.0.2-1\bin\instrument.dll
0x00007ff9f5600000 - 0x00007ff9f5626000 	C:\Users\stas2\.jdks\openjdk-20.0.2-1\bin\java.dll
0x00007ff9aaa70000 - 0x00007ff9aab47000 	C:\Users\stas2\.jdks\openjdk-20.0.2-1\bin\jsvml.dll
0x00007ff9fe780000 - 0x00007ff9feff8000 	C:\Windows\System32\SHELL32.dll
0x00007ff9fbba0000 - 0x00007ff9fc4a8000 	C:\Windows\SYSTEM32\windows.storage.dll
0x00007ff9fba60000 - 0x00007ff9fbb9f000 	C:\Windows\SYSTEM32\wintypes.dll
0x00007ffa00220000 - 0x00007ffa0031a000 	C:\Windows\System32\SHCORE.dll
0x00007ffa007b0000 - 0x00007ffa0080e000 	C:\Windows\System32\shlwapi.dll
0x00007ff9fdbd0000 - 0x00007ff9fdbfb000 	C:\Windows\SYSTEM32\profapi.dll
0x00007ff9f47f0000 - 0x00007ff9f4803000 	C:\Users\stas2\.jdks\openjdk-20.0.2-1\bin\net.dll
0x00007ff9f6d80000 - 0x00007ff9f6eb6000 	C:\Windows\SYSTEM32\WINHTTP.dll
0x00007ff9fd250000 - 0x00007ff9fd2b9000 	C:\Windows\system32\mswsock.dll
0x00007ff9f0930000 - 0x00007ff9f0946000 	C:\Users\stas2\.jdks\openjdk-20.0.2-1\bin\nio.dll
0x00007ff9efbc0000 - 0x00007ff9efbd8000 	C:\Users\stas2\.jdks\openjdk-20.0.2-1\bin\zip.dll
0x00007ff9ef970000 - 0x00007ff9ef98a000 	C:\IntelliJ IDEA Community Edition 2021.3.2\IntelliJ IDEA Community Edition 2023.2.1\bin\breakgen64.dll
0x00007ff9b1c20000 - 0x00007ff9b1c9b000 	C:\Users\stas2\AppData\Local\Temp\lwjgl_stas2\3.3.4+7\x64\lwjgl.dll
0x00007ff9a9ec0000 - 0x00007ff9a9f45000 	C:\Users\stas2\AppData\Local\Temp\lwjgl_stas2\3.3.4+7\x64\glfw.dll
0x00007ff9e80e0000 - 0x00007ff9e8126000 	C:\Windows\SYSTEM32\dinput8.dll
0x00007ff9e57e0000 - 0x00007ff9e57f1000 	C:\Windows\SYSTEM32\xinput1_4.dll
0x00007ff9fd990000 - 0x00007ff9fd9de000 	C:\Windows\SYSTEM32\cfgmgr32.dll
0x00007ff9fd960000 - 0x00007ff9fd98c000 	C:\Windows\SYSTEM32\DEVOBJ.dll
0x00007ff9f8690000 - 0x00007ff9f86bb000 	C:\Windows\SYSTEM32\dwmapi.dll
0x00007ff9ce6f0000 - 0x00007ff9ce904000 	C:\Windows\SYSTEM32\inputhost.dll
0x00007ff9f6c40000 - 0x00007ff9f6d73000 	C:\Windows\SYSTEM32\CoreMessaging.dll
0x00007ff9f8400000 - 0x00007ff9f84b1000 	C:\Windows\system32\uxtheme.dll
0x00007ff9fd4c0000 - 0x00007ff9fd4cc000 	C:\Windows\SYSTEM32\CRYPTBASE.DLL
0x00007ff9ff960000 - 0x00007ff9ffac1000 	C:\Windows\System32\MSCTF.dll
0x00007ff9d92c0000 - 0x00007ff9d93c0000 	C:\Windows\SYSTEM32\opengl32.dll
0x00007ff9e64e0000 - 0x00007ff9e650d000 	C:\Windows\SYSTEM32\GLU32.dll
0x00007ff9fadc0000 - 0x00007ff9fadf7000 	C:\Windows\SYSTEM32\dxcore.dll
0x00007ff9efde0000 - 0x00007ff9efe29000 	C:\Windows\SYSTEM32\directxdatabasehelper.dll
0x00007ffa008e0000 - 0x00007ffa00990000 	C:\Windows\System32\clbcatq.dll
0x00007ff9f3ab0000 - 0x00007ff9f3bf4000 	C:\Windows\System32\AppXDeploymentClient.dll
0x00007ff9dfb90000 - 0x00007ff9dfc90000 	C:\Windows\System32\Windows.ApplicationModel.dll
0x00007ff9ffe10000 - 0x00007ff9fffb5000 	C:\Windows\System32\ole32.dll
0x00007ff9f7bb0000 - 0x00007ff9f7cb1000 	C:\Windows\system32\propsys.dll
0x00007ff9f8010000 - 0x00007ff9f80a7000 	C:\Windows\SYSTEM32\apphelp.dll
0x00007ff9b8120000 - 0x00007ff9b813a000 	C:\Windows\system32\NetworkExplorer.dll
0x00007ff9b76a0000 - 0x00007ff9b76c6000 	C:\Windows\system32\mssprxy.dll
0x00007ff960140000 - 0x00007ff961133000 	C:\Windows\System32\DriverStore\FileRepository\iigd_dch.inf_amd64_5802b1615520e41c\igxelpicd64.dll
0x00007ff9f8580000 - 0x00007ff9f8677000 	C:\Windows\system32\dxgi.dll
0x00007ff95fe50000 - 0x00007ff960137000 	C:\Windows\System32\DriverStore\FileRepository\iigd_dch.inf_amd64_5802b1615520e41c\igdml64.dll
0x00007ff9ebdf0000 - 0x00007ff9ec1b7000 	C:\Windows\System32\DriverStore\FileRepository\iigd_dch.inf_amd64_5802b1615520e41c\igdgmm64.dll
0x00007ff9e81a0000 - 0x00007ff9eb7b1000 	C:\Windows\System32\DriverStore\FileRepository\iigd_dch.inf_amd64_5802b1615520e41c\igc64.dll
0x00007ff9fcb10000 - 0x00007ff9fcb5d000 	C:\Windows\SYSTEM32\powrprof.dll
0x00007ff9fcaf0000 - 0x00007ff9fcb03000 	C:\Windows\SYSTEM32\UMPDC.dll
0x00007ff9e3950000 - 0x00007ff9e3a95000 	C:\Windows\SYSTEM32\textinputframework.dll
0x00007ff9a8dc0000 - 0x00007ff9a8e21000 	C:\Users\stas2\AppData\Local\Temp\lwjgl_stas2\3.3.4+7\x64\lwjgl_opengl.dll
0x00007ff9f7430000 - 0x00007ff9f7440000 	C:\Users\stas2\.jdks\openjdk-20.0.2-1\bin\verify.dll
0x00007ff9ef1b0000 - 0x00007ff9ef51d000 	C:\Windows\SYSTEM32\CoreUIComponents.dll

dbghelp: loaded successfully - version: 4.0.5 - missing functions: none
symbol engine: initialized successfully - sym options: 0x614 - pdb path: .;C:\Users\stas2\.jdks\openjdk-20.0.2-1\bin;C:\Windows\SYSTEM32;C:\Windows\WinSxS\amd64_microsoft.windows.common-controls_6595b64144ccf1df_6.0.22621.4541_none_2710d1c57384c085;C:\Users\stas2\.jdks\openjdk-20.0.2-1\bin\server;C:\IntelliJ IDEA Community Edition 2021.3.2\IntelliJ IDEA Community Edition 2023.2.1\bin;C:\Users\stas2\AppData\Local\Temp\lwjgl_stas2\3.3.4+7\x64;C:\Windows\System32\DriverStore\FileRepository\iigd_dch.inf_amd64_5802b1615520e41c

VM Arguments:
jvm_args: -javaagent:C:\IntelliJ IDEA Community Edition 2021.3.2\IntelliJ IDEA Community Edition 2023.2.1\lib\idea_rt.jar=60406:C:\IntelliJ IDEA Community Edition 2021.3.2\IntelliJ IDEA Community Edition 2023.2.1\bin -Dfile.encoding=UTF-8 -Dsun.stdout.encoding=UTF-8 -Dsun.stderr.encoding=UTF-8 --module-path=C:\Users\stas2\.m2\repository\com\github\almasb\fxgl-io\17.2\fxgl-io-17.2.jar;O:\GIt\MultiplayerShooter\target\classes;C:\Users\stas2\.m2\repository\org\openjfx\javafx-media\20.0.1\javafx-media-20.0.1-win.jar;C:\Users\stas2\.m2\repository\com\fasterxml\jackson\core\jackson-annotations\2.12.1\jackson-annotations-2.12.1.jar;C:\Users\stas2\.m2\repository\com\github\almasb\fxgl-gameplay\17.2\fxgl-gameplay-17.2.jar;C:\Users\stas2\.m2\repository\org\lwjgl\lwjgl-vulkan\3.3.4\lwjgl-vulkan-3.3.4.jar;C:\Users\stas2\.m2\repository\com\fasterxml\jackson\core\jackson-core\2.12.1\jackson-core-2.12.1.jar;C:\Users\stas2\.m2\repository\com\github\almasb\fxgl\17.2\fxgl-17.2.jar;C:\Users\stas2\.m2\repository\com\gluonhq\attach\storage\4.0.13\storage-4.0.13.jar;C:\Users\stas2\.m2\repository\org\joml\joml-primitives\1.10.0\joml-primitives-1.10.0.jar;C:\Users\stas2\.m2\repository\com\github\almasb\fxgl-entity\17.2\fxgl-entity-17.2.jar;C:\Users\stas2\.m2\repository\com\gluonhq\attach\audio\4.0.13\audio-4.0.13.jar;C:\Users\stas2\.m2\repository\com\gluonhq\attach\util\4.0.13\util-4.0.13.jar;C:\Users\stas2\.m2\repository\org\jetbrains\kotlin\kotlin-stdlib\1.6.0\kotlin-stdlib-1.6.0-modular.jar;C:\Users\stas2\.m2\repository\com\gluonhq\attach\lifecycle\4.0.13\lifecycle-4.0.13.jar;C:\Users\stas2\.m2\repository\org\openjfx\javafx-controls\20.0.1\javafx-controls-20.0.1-win.jar;C:\Users\stas2\.m2\repository\org\openjfx\javafx-base\20.0.1\javafx-base-20.0.1-win.jar;C:\Users\stas2\.m2\repository\org\openjfx\javafx-fxml\20.0.1\javafx-fxml-20.0.1-win.jar;C:\Users\stas2\.m2\repository\org\joml\joml\1.10.7\joml-1.10.7.jar;C:\Users\stas2\.m2\repository\org\lwjgl\lwjgl-glfw\3.3.4\lwjgl-glfw-3.3.4.jar;C:\Users\stas2\.m2\repository\org\lwjgl\lwjgl-opengl\3.3.4\lwjgl-opengl-3.3.4.jar;C:\Users\stas2\.m2\repository\org\openjfx\javafx-graphics\20.0.1\javafx-graphics-20.0.1-win.jar;C:\Users\stas2\.m2\repository\com\github\almasb\fxgl-core\17.2\fxgl-core-17.2.jar;C:\Users\stas2\.m2\repository\com\g-Djdk.module.main=com.bedrye.multiplayershooter 
java_command: com.bedrye.multiplayershooter/com.bedrye.bjge.GameEngine.TestMain
java_class_path (initial): C:\Users\stas2\.m2\repository\org\openjfx\javafx-controls\20.0.1\javafx-controls-20.0.1.jar;C:\Users\stas2\.m2\repository\org\openjfx\javafx-graphics\20.0.1\javafx-graphics-20.0.1.jar;C:\Users\stas2\.m2\repository\org\openjfx\javafx-base\20.0.1\javafx-base-20.0.1.jar;C:\Users\stas2\.m2\repository\org\openjfx\javafx-fxml\20.0.1\javafx-fxml-20.0.1.jar;C:\Users\stas2\.m2\repository\org\openjfx\javafx-media\20.0.1\javafx-media-20.0.1.jar;C:\Users\stas2\.m2\repository\org\jetbrains\annotations\13.0\annotations-13.0.jar;C:\Users\stas2\.m2\repository\org\jetbrains\kotlin\kotlin-stdlib-common\1.6.0\kotlin-stdlib-common-1.6.0.jar;C:\Users\stas2\.m2\repository\org\lwjgl\lwjgl-assimp\3.3.4\lwjgl-assimp-3.3.4.jar;C:\Users\stas2\.m2\repository\org\lwjgl\lwjgl-bgfx\3.3.4\lwjgl-bgfx-3.3.4.jar;C:\Users\stas2\.m2\repository\org\lwjgl\lwjgl-nanovg\3.3.4\lwjgl-nanovg-3.3.4.jar;C:\Users\stas2\.m2\repository\org\lwjgl\lwjgl-nuklear\3.3.4\lwjgl-nuklear-3.3.4.jar;C:\Users\stas2\.m2\repository\org\lwjgl\lwjgl-openal\3.3.4\lwjgl-openal-3.3.4.jar;C:\Users\stas2\.m2\repository\org\lwjgl\lwjgl-par\3.3.4\lwjgl-par-3.3.4.jar;C:\Users\stas2\.m2\repository\org\lwjgl\lwjgl-stb\3.3.4\lwjgl-stb-3.3.4.jar;C:\Users\stas2\.m2\repository\org\lwjgl\lwjgl\3.3.4\lwjgl-3.3.4-natives-windows.jar;C:\Users\stas2\.m2\repository\org\lwjgl\lwjgl-assimp\3.3.4\lwjgl-assimp-3.3.4-natives-windows.jar;C:\Users\stas2\.m2\repository\org\lwjgl\lwjgl-bgfx\3.3.4\lwjgl-bgfx-3.3.4-natives-windows.jar;C:\Users\stas2\.m2\repository\org\lwjgl\lwjgl-glfw\3.3.4\lwjgl-glfw-3.3.4-natives-windows.jar;C:\Users\stas2\.m2\repository\org\lwjgl\lwjgl-nanovg\3.3.4\lwjgl-nanovg-3.3.4-natives-windows.jar;C:\Users\stas2\.m2\repository\org\lwjgl\lwjgl-nuklear\3.3.4\lwjgl-nuklear-3.3.4-natives-windows.jar;C:\Users\stas2\.m2\repository\org\lwjgl\lwjgl-openal\3.3.4\lwjgl-openal-3.3.4-natives-windows.jar;C:\Users\stas2\.m2\repository\org\lwjgl\lwjgl-opengl\3.3.4\lwjgl-opengl-3.3.4-natives-windows.jar;C:\Users\stas2\.m2\repository\org\lwjgl\lwjgl-par\3.3.4\lwjgl-par-3.3.4-natives-windows.jar;C:\Users\stas2\.m2\repository\org\lwjgl\lwjgl-stb\3.3.4\lwjgl-stb-3.3.4-natives-windows.jar
Launcher Type: SUN_STANDARD

[Global flags]
     intx CICompilerCount                          = 4                                         {product} {ergonomic}
     uint ConcGCThreads                            = 3                                         {product} {ergonomic}
     uint G1ConcRefinementThreads                  = 10                                        {product} {ergonomic}
   size_t G1HeapRegionSize                         = 2097152                                   {product} {ergonomic}
    uintx GCDrainStackTargetSize                   = 64                                        {product} {ergonomic}
   size_t InitialHeapSize                          = 266338304                                 {product} {ergonomic}
   size_t MarkStackSize                            = 4194304                                   {product} {ergonomic}
   size_t MaxHeapSize                              = 4238344192                                {product} {ergonomic}
   size_t MaxNewSize                               = 2541748224                                {product} {ergonomic}
   size_t MinHeapDeltaBytes                        = 2097152                                   {product} {ergonomic}
   size_t MinHeapSize                              = 8388608                                   {product} {ergonomic}
    uintx NonNMethodCodeHeapSize                   = 5839372                                {pd product} {ergonomic}
    uintx NonProfiledCodeHeapSize                  = 122909434                              {pd product} {ergonomic}
    uintx ProfiledCodeHeapSize                     = 122909434                              {pd product} {ergonomic}
    uintx ReservedCodeCacheSize                    = 251658240                              {pd product} {ergonomic}
     bool SegmentedCodeCache                       = true                                      {product} {ergonomic}
   size_t SoftMaxHeapSize                          = 4238344192                             {manageable} {ergonomic}
     bool UseCompressedClassPointers               = true                           {product lp64_product} {ergonomic}
     bool UseCompressedOops                        = true                           {product lp64_product} {ergonomic}
     bool UseG1GC                                  = true                                      {product} {ergonomic}
     bool UseLargePagesIndividualAllocation        = false                                  {pd product} {ergonomic}

Logging:
Log output configuration:
 #0: stdout all=off uptime,level,tags foldmultilines=false
 #1: stderr all=off uptime,level,tags foldmultilines=false

Environment Variables:
JAVA_HOME=C:\Program Files\Java\jdk-11.0.2
PATH=C:\Program Files\Common Files\Oracle\Java\javapath;C:\Windows\system32;C:\Windows;C:\Program Files\Java\jdk-11.0.2\bin;C:\Windows\System32\Wbem;C:\ORacleDatabase\dbhomeXE\bin;C:\Windows\System32\WindowsPowerShell\v1.0\;C:\Windows\System32\OpenSSH\;C:\Program Files (x86)\NVIDIA Corporation\PhysX\Common;C:\Program Files\NVIDIA Corporation\NVIDIA NvDLISR;C:\Program Files\Docker\Docker\resources\bin;C:\Program Files\Git LFS;C:\Program Files\Git\cmd;C:\Program Files (x86)\Windows Kits\10\Windows Performance Toolkit\;C:\Program Files (x86)\Steam\steamapps\common\Counter-Strike Global Offensive\game\bin\win64;C:\Users\stas2\AppData\Local\Programs\Python\Python311;C:\Program Files\dotnet\;C:\Program Files\Microsoft SQL Server\150\Tools\Binn\;C:\Program Files\Microsoft SQL Server\Client SDK\ODBC\170\Tools\Binn\;C:\Users\stas2\AppData\Local\Microsoft\WindowsApps;C:\Users\stas2\AppData\Local\Programs\Microsoft VS Code\bin;C:\Users\stas2\AppData\Local\GitHubDesktop\bin;C:\Users\stas2\AppData\Local\Programs\Python\Python311;C:\Program Files (x86)\Steam\steamapps\common\Counter-Strike Global Offensive\game\bin\win64;C:\Users\stas2\.dotnet\tools
USERNAME=stas2
OS=Windows_NT
PROCESSOR_IDENTIFIER=Intel64 Family 6 Model 141 Stepping 1, GenuineIntel
TMP=C:\Users\stas2\AppData\Local\Temp
TEMP=C:\Users\stas2\AppData\Local\Temp




---------------  S Y S T E M  ---------------

OS:
 Windows 11 , 64 bit Build 22621 (10.0.22621.4391)
OS uptime: 14 days 8:00 hours
Hyper-V role detected

CPU: total 12 (initial active 12) (6 cores per cpu, 2 threads per core) family 6 model 141 stepping 1 microcode 0x3c, cx8, cmov, fxsr, ht, mmx, 3dnowpref, sse, sse2, sse3, ssse3, sse4.1, sse4.2, popcnt, lzcnt, tsc, tscinvbit, avx, avx2, aes, erms, clmul, bmi1, bmi2, adx, avx512f, avx512dq, avx512cd, avx512bw, avx512vl, sha, fma, vzeroupper, avx512_vpopcntdq, avx512_vpclmulqdq, avx512_vaes, avx512_vnni, clflush, clflushopt, clwb, avx512_vbmi2, avx512_vbmi, hv, rdtscp, rdpid, fsrm, gfni, avx512_bitalg, f16c, cet_ibt, cet_ss, avx512_ifma

Memory: 4k page, system-wide physical 16163M (1680M free)
TotalPageFile size 41763M (AvailPageFile size 19416M)
current process WorkingSet (physical memory assigned to process): 190M, peak: 199M
current process commit charge ("private bytes"): 394M, peak: 406M

vm_info: OpenJDK 64-Bit Server VM (20.0.2+9-78) for windows-amd64 JRE (20.0.2+9-78), built on 2023-06-14T10:08:48Z by "mach5one" with MS VC++ 17.1 (VS2022)

END.
