#
# A fatal error has been detected by the Java Runtime Environment:
#
#  EXCEPTION_ACCESS_VIOLATION (0xc0000005) at pc=0x00007ffa397b366c, pid=33140, tid=31160
#
# JRE version: OpenJDK Runtime Environment (21.0.1+12) (build 21.0.1+12-29)
# Java VM: OpenJDK 64-Bit Server VM (21.0.1+12-29, mixed mode, sharing, tiered, compressed oops, compressed class ptrs, g1 gc, windows-amd64)
# Problematic frame:
# C  [igxelpicd64.dll+0x13366c]
#
# No core dump will be written. Minidumps are not enabled by default on client versions of Windows
#
# If you would like to submit a bug report, please visit:
#   https://bugreport.java.com/bugreport/crash.jsp
#

---------------  S U M M A R Y ------------

Command Line: -javaagent:C:\IntelliJ IDEA Community Edition 2021.3.2\IntelliJ IDEA Community Edition 2023.2.1\lib\idea_rt.jar=62486:C:\IntelliJ IDEA Community Edition 2021.3.2\IntelliJ IDEA Community Edition 2023.2.1\bin -Dfile.encoding=windows-1252 -Dsun.stdout.encoding=windows-1252 -Dsun.stderr.encoding=windows-1252 --module-path=C:\Users\stas2\.m2\repository\org\lwjgl\lwjgl-glfw\3.3.4\lwjgl-glfw-3.3.4.jar;C:\Users\stas2\.m2\repository\org\lwjgl\lwjgl-opengl\3.3.4\lwjgl-opengl-3.3.4.jar;C:\Users\stas2\.m2\repository\org\joml\joml\1.10.7\joml-1.10.7.jar;C:\Users\stas2\.m2\repository\io\github\spair\imgui-java-lwjgl3\1.89.0\imgui-java-lwjgl3-1.89.0.jar;C:\Users\stas2\.m2\repository\com\fasterxml\jackson\core\jackson-annotations\2.17.2\jackson-annotations-2.17.2.jar;C:\Users\stas2\.m2\repository\io\github\spair\imgui-java-binding\1.89.0\imgui-java-binding-1.89.0.jar;C:\Users\stas2\.m2\repository\org\joml\joml-primitives\1.10.0\joml-primitives-1.10.0.jar;O:\GIt\MultiplayerShooter\target\classes;C:\Users\stas2\.m2\repository\com\fasterxml\jackson\core\jackson-databind\2.17.2\jackson-databind-2.17.2.jar;C:\Users\stas2\.m2\repository\org\lwjgl\lwjgl-stb\3.3.4\lwjgl-stb-3.3.4.jar;C:\Users\stas2\.m2\repository\org\lwjgl\lwjgl-vulkan\3.3.4\lwjgl-vulkan-3.3.4.jar;C:\Users\stas2\.m2\repository\org\lwjgl\lwjgl\3.3.4\lwjgl-3.3.4.jar;C:\Users\stas2\.m2\repository\org\lwjgl\lwjgl-assimp\3.3.4\lwjgl-assimp-3.3.4.jar;C:\Users\stas2\.m2\repository\com\fasterxml\jackson\core\jackson-core\2.17.2\jackson-core-2.17.2.jar -Djdk.module.main=com.bedrye.bjge com.bedrye.bjge/com.bedrye.bjge.TestMain

Host: 11th Gen Intel(R) Core(TM) i5-11400H @ 2.70GHz, 12 cores, 15G,  Windows 11 , 64 bit Build 26100 (10.0.26100.5074)
Time: Thu Oct  2 20:59:42 2025 FLE Summer Time elapsed time: 25.446465 seconds (0d 0h 0m 25s)

---------------  T H R E A D  ---------------

Current thread (0x000001ac76236ea0):  VMThread "VM Thread"          [id=31160, stack(0x0000000361a00000,0x0000000361b00000) (1024K)]

Stack: [0x0000000361a00000,0x0000000361b00000],  sp=0x0000000361afe780,  free space=1017k
Native frames: (J=compiled Java code, j=interpreted, Vv=VM code, C=native code)
C  [igxelpicd64.dll+0x13366c]


siginfo: EXCEPTION_ACCESS_VIOLATION (0xc0000005), reading address 0x00000000000356f8


Registers:
RAX=0x000001ac5ddfa088, RBX=0x000001ac5ddf9f80, RCX=0x0000000000000000, RDX=0x0000000000000000
RSP=0x0000000361afe780, RBP=0x0000000000000000, RSI=0x000001ac5ddfa550, RDI=0x000001ac5d726360
R8 =0x0000000000000014, R9 =0x0000000360fc2000, R10=0x0000000000000000, R11=0x0000000000000000
R12=0x0000000000000000, R13=0x000001ac5dad5700, R14=0x000000000000bf00, R15=0x0000000000000016
RIP=0x00007ffa397b366c, EFLAGS=0x0000000000010206


Register to memory mapping:

RAX=0x000001ac5ddfa088 points into unknown readable memory: 0x000000000000bf31 | 31 bf 00 00 00 00 00 00
RBX=0x000001ac5ddf9f80 points into unknown readable memory: 0x000001ac5d5e1230 | 30 12 5e 5d ac 01 00 00
RCX=0x0 is null
RDX=0x0 is null
RSP=0x0000000361afe780 points into unknown readable memory: 0x000001ac5d7ab5b0 | b0 b5 7a 5d ac 01 00 00
RBP=0x0 is null
RSI=0x000001ac5ddfa550 points into unknown readable memory: 0x000001ac5dad5700 | 00 57 ad 5d ac 01 00 00
RDI=0x000001ac5d726360 points into unknown readable memory: 0x000001ac5d7c6000 | 00 60 7c 5d ac 01 00 00
R8 =0x0000000000000014 is an unknown value
R9 =0x0000000360fc2000 points into unknown readable memory: 0x0000000000000000 | 00 00 00 00 00 00 00 00
R10=0x0 is null
R11=0x0 is null
R12=0x0 is null
R13=0x000001ac5dad5700 points into unknown readable memory: 0x000001ac5d5e1230 | 30 12 5e 5d ac 01 00 00
R14=0x000000000000bf00 is an unknown value
R15=0x0000000000000016 is an unknown value

Top of Stack: (sp=0x0000000361afe780)
0x0000000361afe780:   000001ac5d7ab5b0 0000000000000000
0x0000000361afe790:   00bf73ad036f44ad 00007ffac7de7254
0x0000000361afe7a0:   03544caf035d94ae 02bd7baf031a5aaf
0x0000000361afe7b0:   033352b002cf3ab0 02cdb2b00346a6b0
0x0000000361afe7c0:   000001ac5da9d438 000000000000bf3f
0x0000000361afe7d0:   0000000000000000 0000000000000010
0x0000000361afe7e0:   0000000000000000 0000000000000000
0x0000000361afe7f0:   0000000361afe900 00007ffa3992bc3c
0x0000000361afe800:   000001ac5d7ab5b0 000001ac5d726360
0x0000000361afe810:   024913b702c40b00 009702b803573400
0x0000000361afe820:   0000000300000888 0000b80219600000
0x0000000361afe830:   0000000000000000 031908bb0363f0ba
0x0000000361afe840:   036352bb036c26bb 022bf4bb0329a6bb
0x0000000361afe850:   0360dcbc02e535bc 038350bd008f38bd
0x0000000361afe860:   02b8d7bd0318c9bd 00007ffa399219a0
0x0000000361afe870:   02f831bf0344dfbe 031205c0036095bf
0x0000000361afe880:   0361b7c000ad46c0 0355bfc1012fa7c1
0x0000000361afe890:   01fa66c2033e1ec2 0359aac2037374c2
0x0000000361afe8a0:   00816dc3033c55c3 00007ffa39703cdf
0x0000000361afe8b0:   0000b80219600000 0000000000000888
0x0000000361afe8c0:   0000000000000000 4000188000000001
0x0000000361afe8d0:   0000000000000000 0000000000000000
0x0000000361afe8e0:   0000000000000000 0000000000000000
0x0000000361afe8f0:   0000000000000000 0000000000000000
0x0000000361afe900:   0000000000000000 0000000000000000
0x0000000361afe910:   0000000000000000 0000000000000000
0x0000000361afe920:   0000000000000000 0000000000000000
0x0000000361afe930:   0000000000000000 0000000000000000
0x0000000361afe940:   0000000000000000 0000000000000000
0x0000000361afe950:   0000000000000000 0000000000000000
0x0000000361afe960:   0000000000000000 0000000000000000
0x0000000361afe970:   0000000000000000 0000000000000000 

Instructions: (pc=0x00007ffa397b366c)
0x00007ffa397b356c:   ec 40 45 8a e1 48 8b fa 48 8b e9 48 8b 1d 42 08
0x00007ffa397b357c:   e0 00 48 89 58 08 48 8b cb ff 15 85 5b 9a 00 90
0x00007ffa397b358c:   4c 8b af 78 02 00 00 48 8b 05 c6 e4 cf 00 44 8b
0x00007ffa397b359c:   b8 40 0b 00 00 45 33 db 45 8a f3 4c 89 9f 78 02
0x00007ffa397b35ac:   00 00 44 89 9f 80 02 00 00 4c 89 9f 98 02 00 00
0x00007ffa397b35bc:   4c 89 9f 88 02 00 00 48 85 ed 75 38 8b 35 4a e2
0x00007ffa397b35cc:   df 00 65 48 8b 04 25 58 00 00 00 b9 14 00 00 00
0x00007ffa397b35dc:   48 8b 04 f0 44 38 1c 01 0f 84 9d da 86 00 65 48
0x00007ffa397b35ec:   8b 04 25 58 00 00 00 bd 20 00 00 00 48 8b 04 f0
0x00007ffa397b35fc:   48 8b 2c 28 48 3b 2d 39 07 e0 00 45 0f 44 fb 4d
0x00007ffa397b360c:   85 ed 0f 84 21 01 00 00 44 8a a4 24 90 00 00 00
0x00007ffa397b361c:   49 8b dd 49 8d b5 d0 05 00 00 4c 8b 2e 45 84 e4
0x00007ffa397b362c:   0f 85 2a 03 00 00 8b 97 c8 01 00 00 48 8b 05 21
0x00007ffa397b363c:   e4 cf 00 83 b8 78 03 00 00 02 75 31 83 fa 10 0f
0x00007ffa397b364c:   83 20 01 00 00 48 8d 04 d5 21 00 00 00 48 03 c2
0x00007ffa397b365c:   48 8d 04 c3 48 85 c0 0f 85 ff 00 00 00 49 8b cb
0x00007ffa397b366c:   48 3b 8d f8 56 03 00 0f 87 f3 02 00 00 4c 39 9b
0x00007ffa397b367c:   48 06 00 00 0f 85 41 da 86 00 44 8b 97 c8 01 00
0x00007ffa397b368c:   00 48 8b 87 e0 01 00 00 4c 8b 08 8b 97 c8 01 00
0x00007ffa397b369c:   00 83 fa 10 0f 83 03 01 00 00 48 8d 04 d5 21 00
0x00007ffa397b36ac:   00 00 48 03 c2 48 8d 04 c3 48 85 c0 0f 85 e2 00
0x00007ffa397b36bc:   00 00 49 8b cb 49 3b c9 0f 86 0e 01 00 00 48 8b
0x00007ffa397b36cc:   87 78 02 00 00 48 89 06 48 89 9f 78 02 00 00 ff
0x00007ffa397b36dc:   87 80 02 00 00 48 8b 43 08 48 8b 88 18 01 00 00
0x00007ffa397b36ec:   48 81 e1 00 00 ff ff 48 81 c1 00 00 01 00 48 01
0x00007ffa397b36fc:   8f 88 02 00 00 48 8b 43 08 48 8b 88 18 01 00 00
0x00007ffa397b370c:   48 01 8f 98 02 00 00 4d 85 ed 0f 85 00 ff ff ff
0x00007ffa397b371c:   45 84 f6 44 8a a4 24 98 00 00 00 0f 85 82 03 00
0x00007ffa397b372c:   00 48 8b 9c 24 80 00 00 00 48 8b cf 45 84 e4 0f
0x00007ffa397b373c:   85 8a 03 00 00 e8 fa f9 ff ff 90 48 8b cb 48 8b
0x00007ffa397b374c:   9c 24 88 00 00 00 48 83 c4 40 41 5f 41 5e 41 5d
0x00007ffa397b375c:   41 5c 5f 5e 5d 48 ff 25 b0 59 9a 00 48 8b 48 08 


Stack slot to memory mapping:

stack at sp + 0 slots: 0x000001ac5d7ab5b0 points into unknown readable memory: 0xffffffffffffffff | ff ff ff ff ff ff ff ff
stack at sp + 1 slots: 0x0 is null
stack at sp + 2 slots: 0x00bf73ad036f44ad is an unknown value
stack at sp + 3 slots: 0x00007ffac7de7254 ntdll.dll
stack at sp + 4 slots: 0x03544caf035d94ae is an unknown value
stack at sp + 5 slots: 0x02bd7baf031a5aaf is an unknown value
stack at sp + 6 slots: 0x033352b002cf3ab0 is an unknown value
stack at sp + 7 slots: 0x02cdb2b00346a6b0 is an unknown value

VM_Operation (0x00000003624fefb0): Exit, mode: safepoint, requested by thread 0x000001ac17cfffc0


---------------  P R O C E S S  ---------------

Threads class SMR info:
_java_thread_list=0x000001ac5d77ae80, length=15, elements={
0x000001ac17998b20, 0x000001ac1799a490, 0x000001ac1799cf90, 0x000001ac1799d6f0,
0x000001ac179a43a0, 0x000001ac179a7b60, 0x000001ac17af8090, 0x000001ac179c6cb0,
0x000001ac17bf70f0, 0x000001ac5d26baf0, 0x000001ac5d26c160, 0x000001ac5d5c1ef0,
0x000001ac5d5c9c60, 0x000001ac7624aeb0, 0x000001ac17cfffc0
}

Java Threads: ( => current thread )
  0x000001ac17998b20 JavaThread "Reference Handler"          daemon [_thread_blocked, id=31728, stack(0x0000000361b00000,0x0000000361c00000) (1024K)]
  0x000001ac1799a490 JavaThread "Finalizer"                  daemon [_thread_blocked, id=6944, stack(0x0000000361c00000,0x0000000361d00000) (1024K)]
  0x000001ac1799cf90 JavaThread "Signal Dispatcher"          daemon [_thread_blocked, id=27576, stack(0x0000000361d00000,0x0000000361e00000) (1024K)]
  0x000001ac1799d6f0 JavaThread "Attach Listener"            daemon [_thread_blocked, id=19592, stack(0x0000000361e00000,0x0000000361f00000) (1024K)]
  0x000001ac179a43a0 JavaThread "Service Thread"             daemon [_thread_blocked, id=30376, stack(0x0000000361f00000,0x0000000362000000) (1024K)]
  0x000001ac179a7b60 JavaThread "Monitor Deflation Thread"   daemon [_thread_blocked, id=28280, stack(0x0000000362000000,0x0000000362100000) (1024K)]
  0x000001ac17af8090 JavaThread "C2 CompilerThread0"         daemon [_thread_blocked, id=1492, stack(0x0000000362100000,0x0000000362200000) (1024K)]
  0x000001ac179c6cb0 JavaThread "C1 CompilerThread0"         daemon [_thread_blocked, id=9688, stack(0x0000000362200000,0x0000000362300000) (1024K)]
  0x000001ac17bf70f0 JavaThread "Common-Cleaner"             daemon [_thread_blocked, id=15056, stack(0x0000000362300000,0x0000000362400000) (1024K)]
  0x000001ac5d26baf0 JavaThread "Monitor Ctrl-Break"         daemon [_thread_in_native, id=25076, stack(0x0000000362600000,0x0000000362700000) (1024K)]
  0x000001ac5d26c160 JavaThread "Notification Thread"        daemon [_thread_blocked, id=11048, stack(0x0000000362700000,0x0000000362800000) (1024K)]
  0x000001ac5d5c1ef0 JavaThread "FileSystemWatchService"     daemon [_thread_in_native, id=12548, stack(0x0000000362e00000,0x0000000362f00000) (1024K)]
  0x000001ac5d5c9c60 JavaThread "ScriptWatcher"                     [_thread_blocked, id=9656, stack(0x0000000362f00000,0x0000000363000000) (1024K)]
  0x000001ac7624aeb0 JavaThread "DestroyJavaVM"                     [_thread_blocked, id=21452, stack(0x0000000361300000,0x0000000361400000) (1024K)]
  0x000001ac17cfffc0 JavaThread "SIGINT handler"             daemon [_thread_blocked, id=23668, stack(0x0000000362400000,0x0000000362500000) (1024K)]
Total: 15

Other Threads:
=>0x000001ac76236ea0 VMThread "VM Thread"                           [id=31160, stack(0x0000000361a00000,0x0000000361b00000) (1024K)]
  0x000001ac76236760 WorkerThread "GC Thread#0"                     [id=13688, stack(0x0000000361400000,0x0000000361500000) (1024K)]
  0x000001ac76236020 WorkerThread "GC Thread#1"                     [id=7388, stack(0x0000000362800000,0x0000000362900000) (1024K)]
  0x000001ac762363c0 WorkerThread "GC Thread#2"                     [id=24744, stack(0x0000000362900000,0x0000000362a00000) (1024K)]
  0x000001ac76236b00 WorkerThread "GC Thread#3"                     [id=9484, stack(0x0000000362a00000,0x0000000362b00000) (1024K)]
  0x000001ac76237240 WorkerThread "GC Thread#4"                     [id=22732, stack(0x0000000362b00000,0x0000000362c00000) (1024K)]
  0x000001ac5d517c80 WorkerThread "GC Thread#5"                     [id=30884, stack(0x0000000362c00000,0x0000000362d00000) (1024K)]
  0x000001ac5d518b00 WorkerThread "GC Thread#6"                     [id=12660, stack(0x0000000362d00000,0x0000000362e00000) (1024K)]
  0x000001ac7848bb20 ConcurrentGCThread "G1 Main Marker"            terminated
  0x000001ac76237980 WorkerThread "G1 Conc#0"                       [id=30516, stack(0x0000000361600000,0x0000000361700000) (1024K)]
  0x000001ac17836fe0 ConcurrentGCThread "G1 Refine#0"               terminated
  0x000001ac17837600 ConcurrentGCThread "G1 Service"                terminated
Total: 12

Threads with active compile tasks:
Total: 0

VM state: at safepoint (shutting down)

VM Mutex/Monitor currently owned by a thread:  ([mutex/lock_event])
[0x00007ffa5a5ba5f8] Threads_lock - owner thread: 0x000001ac76236ea0
[0x00007ffa5a5ba6f8] Heap_lock - owner thread: 0x000001ac17cfffc0

Heap address: 0x0000000703600000, size: 4042 MB, Compressed Oops mode: Zero based, Oop shift amount: 3

CDS archive(s) mapped at: [0x000001ac18000000-0x000001ac18c90000-0x000001ac18c90000), size 13172736, SharedBaseAddress: 0x000001ac18000000, ArchiveRelocationMode: 1.
Compressed class space mapped at: 0x000001ac19000000-0x000001ac59000000, reserved size: 1073741824
Narrow klass base: 0x000001ac18000000, Narrow klass shift: 0, Narrow klass range: 0x100000000

GC Precious Log:
 CardTable entry size: 512
 Card Set container configuration: InlinePtr #cards 4 size 8 Array Of Cards #cards 16 size 48 Howl #buckets 8 coarsen threshold 3686 Howl Bitmap #cards 512 size 80 coarsen threshold 460 Card regions per heap region 1 cards per card region 4096
 CPUs: 12 total, 12 available
 Memory: 16163M
 Large Page Support: Disabled
 NUMA Support: Disabled
 Compressed Oops: Enabled (Zero based)
 Heap Region Size: 2M
 Heap Min Capacity: 8M
 Heap Initial Capacity: 254M
 Heap Max Capacity: 4042M
 Pre-touch: Disabled
 Parallel Workers: 10
 Concurrent Workers: 3
 Concurrent Refinement Workers: 10
 Periodic GC: Disabled

Heap:
 garbage-first heap   total 260096K, used 25109K [0x0000000703600000, 0x0000000800000000)
  region size 2048K, 15 young (30720K), 2 survivors (4096K)
 Metaspace       used 13310K, committed 13504K, reserved 1114112K
  class space    used 931K, committed 1024K, reserved 1048576K

Heap Regions: E=young(eden), S=young(survivor), O=old, HS=humongous(starts), HC=humongous(continues), CS=collection set, F=free, TAMS=top-at-mark-start, PB=parsable bottom
|   0|0x0000000703600000, 0x0000000703600000, 0x0000000703800000|  0%| F|  |TAMS 0x0000000703600000| PB 0x0000000703600000| Untracked 
|   1|0x0000000703800000, 0x0000000703800000, 0x0000000703a00000|  0%| F|  |TAMS 0x0000000703800000| PB 0x0000000703800000| Untracked 
|   2|0x0000000703a00000, 0x0000000703a00000, 0x0000000703c00000|  0%| F|  |TAMS 0x0000000703a00000| PB 0x0000000703a00000| Untracked 
|   3|0x0000000703c00000, 0x0000000703c00000, 0x0000000703e00000|  0%| F|  |TAMS 0x0000000703c00000| PB 0x0000000703c00000| Untracked 
|   4|0x0000000703e00000, 0x0000000703e00000, 0x0000000704000000|  0%| F|  |TAMS 0x0000000703e00000| PB 0x0000000703e00000| Untracked 
|   5|0x0000000704000000, 0x0000000704000000, 0x0000000704200000|  0%| F|  |TAMS 0x0000000704000000| PB 0x0000000704000000| Untracked 
|   6|0x0000000704200000, 0x0000000704200000, 0x0000000704400000|  0%| F|  |TAMS 0x0000000704200000| PB 0x0000000704200000| Untracked 
|   7|0x0000000704400000, 0x0000000704400000, 0x0000000704600000|  0%| F|  |TAMS 0x0000000704400000| PB 0x0000000704400000| Untracked 
|   8|0x0000000704600000, 0x0000000704600000, 0x0000000704800000|  0%| F|  |TAMS 0x0000000704600000| PB 0x0000000704600000| Untracked 
|   9|0x0000000704800000, 0x0000000704800000, 0x0000000704a00000|  0%| F|  |TAMS 0x0000000704800000| PB 0x0000000704800000| Untracked 
|  10|0x0000000704a00000, 0x0000000704a00000, 0x0000000704c00000|  0%| F|  |TAMS 0x0000000704a00000| PB 0x0000000704a00000| Untracked 
|  11|0x0000000704c00000, 0x0000000704c00000, 0x0000000704e00000|  0%| F|  |TAMS 0x0000000704c00000| PB 0x0000000704c00000| Untracked 
|  12|0x0000000704e00000, 0x0000000704e00000, 0x0000000705000000|  0%| F|  |TAMS 0x0000000704e00000| PB 0x0000000704e00000| Untracked 
|  13|0x0000000705000000, 0x0000000705000000, 0x0000000705200000|  0%| F|  |TAMS 0x0000000705000000| PB 0x0000000705000000| Untracked 
|  14|0x0000000705200000, 0x0000000705200000, 0x0000000705400000|  0%| F|  |TAMS 0x0000000705200000| PB 0x0000000705200000| Untracked 
|  15|0x0000000705400000, 0x0000000705400000, 0x0000000705600000|  0%| F|  |TAMS 0x0000000705400000| PB 0x0000000705400000| Untracked 
|  16|0x0000000705600000, 0x0000000705600000, 0x0000000705800000|  0%| F|  |TAMS 0x0000000705600000| PB 0x0000000705600000| Untracked 
|  17|0x0000000705800000, 0x0000000705800000, 0x0000000705a00000|  0%| F|  |TAMS 0x0000000705800000| PB 0x0000000705800000| Untracked 
|  18|0x0000000705a00000, 0x0000000705a00000, 0x0000000705c00000|  0%| F|  |TAMS 0x0000000705a00000| PB 0x0000000705a00000| Untracked 
|  19|0x0000000705c00000, 0x0000000705c00000, 0x0000000705e00000|  0%| F|  |TAMS 0x0000000705c00000| PB 0x0000000705c00000| Untracked 
|  20|0x0000000705e00000, 0x0000000705e00000, 0x0000000706000000|  0%| F|  |TAMS 0x0000000705e00000| PB 0x0000000705e00000| Untracked 
|  21|0x0000000706000000, 0x0000000706000000, 0x0000000706200000|  0%| F|  |TAMS 0x0000000706000000| PB 0x0000000706000000| Untracked 
|  22|0x0000000706200000, 0x0000000706200000, 0x0000000706400000|  0%| F|  |TAMS 0x0000000706200000| PB 0x0000000706200000| Untracked 
|  23|0x0000000706400000, 0x0000000706400000, 0x0000000706600000|  0%| F|  |TAMS 0x0000000706400000| PB 0x0000000706400000| Untracked 
|  24|0x0000000706600000, 0x0000000706600000, 0x0000000706800000|  0%| F|  |TAMS 0x0000000706600000| PB 0x0000000706600000| Untracked 
|  25|0x0000000706800000, 0x0000000706800000, 0x0000000706a00000|  0%| F|  |TAMS 0x0000000706800000| PB 0x0000000706800000| Untracked 
|  26|0x0000000706a00000, 0x0000000706a00000, 0x0000000706c00000|  0%| F|  |TAMS 0x0000000706a00000| PB 0x0000000706a00000| Untracked 
|  27|0x0000000706c00000, 0x0000000706c00000, 0x0000000706e00000|  0%| F|  |TAMS 0x0000000706c00000| PB 0x0000000706c00000| Untracked 
|  28|0x0000000706e00000, 0x0000000706e00000, 0x0000000707000000|  0%| F|  |TAMS 0x0000000706e00000| PB 0x0000000706e00000| Untracked 
|  29|0x0000000707000000, 0x0000000707000000, 0x0000000707200000|  0%| F|  |TAMS 0x0000000707000000| PB 0x0000000707000000| Untracked 
|  30|0x0000000707200000, 0x0000000707200000, 0x0000000707400000|  0%| F|  |TAMS 0x0000000707200000| PB 0x0000000707200000| Untracked 
|  31|0x0000000707400000, 0x0000000707400000, 0x0000000707600000|  0%| F|  |TAMS 0x0000000707400000| PB 0x0000000707400000| Untracked 
|  32|0x0000000707600000, 0x0000000707600000, 0x0000000707800000|  0%| F|  |TAMS 0x0000000707600000| PB 0x0000000707600000| Untracked 
|  33|0x0000000707800000, 0x0000000707800000, 0x0000000707a00000|  0%| F|  |TAMS 0x0000000707800000| PB 0x0000000707800000| Untracked 
|  34|0x0000000707a00000, 0x0000000707a00000, 0x0000000707c00000|  0%| F|  |TAMS 0x0000000707a00000| PB 0x0000000707a00000| Untracked 
|  35|0x0000000707c00000, 0x0000000707c00000, 0x0000000707e00000|  0%| F|  |TAMS 0x0000000707c00000| PB 0x0000000707c00000| Untracked 
|  36|0x0000000707e00000, 0x0000000707e00000, 0x0000000708000000|  0%| F|  |TAMS 0x0000000707e00000| PB 0x0000000707e00000| Untracked 
|  37|0x0000000708000000, 0x0000000708000000, 0x0000000708200000|  0%| F|  |TAMS 0x0000000708000000| PB 0x0000000708000000| Untracked 
|  38|0x0000000708200000, 0x0000000708200000, 0x0000000708400000|  0%| F|  |TAMS 0x0000000708200000| PB 0x0000000708200000| Untracked 
|  39|0x0000000708400000, 0x0000000708400000, 0x0000000708600000|  0%| F|  |TAMS 0x0000000708400000| PB 0x0000000708400000| Untracked 
|  40|0x0000000708600000, 0x0000000708600000, 0x0000000708800000|  0%| F|  |TAMS 0x0000000708600000| PB 0x0000000708600000| Untracked 
|  41|0x0000000708800000, 0x0000000708800000, 0x0000000708a00000|  0%| F|  |TAMS 0x0000000708800000| PB 0x0000000708800000| Untracked 
|  42|0x0000000708a00000, 0x0000000708a00000, 0x0000000708c00000|  0%| F|  |TAMS 0x0000000708a00000| PB 0x0000000708a00000| Untracked 
|  43|0x0000000708c00000, 0x0000000708c00000, 0x0000000708e00000|  0%| F|  |TAMS 0x0000000708c00000| PB 0x0000000708c00000| Untracked 
|  44|0x0000000708e00000, 0x0000000708e00000, 0x0000000709000000|  0%| F|  |TAMS 0x0000000708e00000| PB 0x0000000708e00000| Untracked 
|  45|0x0000000709000000, 0x0000000709000000, 0x0000000709200000|  0%| F|  |TAMS 0x0000000709000000| PB 0x0000000709000000| Untracked 
|  46|0x0000000709200000, 0x0000000709200000, 0x0000000709400000|  0%| F|  |TAMS 0x0000000709200000| PB 0x0000000709200000| Untracked 
|  47|0x0000000709400000, 0x0000000709400000, 0x0000000709600000|  0%| F|  |TAMS 0x0000000709400000| PB 0x0000000709400000| Untracked 
|  48|0x0000000709600000, 0x0000000709600000, 0x0000000709800000|  0%| F|  |TAMS 0x0000000709600000| PB 0x0000000709600000| Untracked 
|  49|0x0000000709800000, 0x0000000709800000, 0x0000000709a00000|  0%| F|  |TAMS 0x0000000709800000| PB 0x0000000709800000| Untracked 
|  50|0x0000000709a00000, 0x0000000709a00000, 0x0000000709c00000|  0%| F|  |TAMS 0x0000000709a00000| PB 0x0000000709a00000| Untracked 
|  51|0x0000000709c00000, 0x0000000709c00000, 0x0000000709e00000|  0%| F|  |TAMS 0x0000000709c00000| PB 0x0000000709c00000| Untracked 
|  52|0x0000000709e00000, 0x0000000709e00000, 0x000000070a000000|  0%| F|  |TAMS 0x0000000709e00000| PB 0x0000000709e00000| Untracked 
|  53|0x000000070a000000, 0x000000070a000000, 0x000000070a200000|  0%| F|  |TAMS 0x000000070a000000| PB 0x000000070a000000| Untracked 
|  54|0x000000070a200000, 0x000000070a200000, 0x000000070a400000|  0%| F|  |TAMS 0x000000070a200000| PB 0x000000070a200000| Untracked 
|  55|0x000000070a400000, 0x000000070a400000, 0x000000070a600000|  0%| F|  |TAMS 0x000000070a400000| PB 0x000000070a400000| Untracked 
|  56|0x000000070a600000, 0x000000070a600000, 0x000000070a800000|  0%| F|  |TAMS 0x000000070a600000| PB 0x000000070a600000| Untracked 
|  57|0x000000070a800000, 0x000000070a800000, 0x000000070aa00000|  0%| F|  |TAMS 0x000000070a800000| PB 0x000000070a800000| Untracked 
|  58|0x000000070aa00000, 0x000000070aa00000, 0x000000070ac00000|  0%| F|  |TAMS 0x000000070aa00000| PB 0x000000070aa00000| Untracked 
|  59|0x000000070ac00000, 0x000000070ac00000, 0x000000070ae00000|  0%| F|  |TAMS 0x000000070ac00000| PB 0x000000070ac00000| Untracked 
|  60|0x000000070ae00000, 0x000000070ae00000, 0x000000070b000000|  0%| F|  |TAMS 0x000000070ae00000| PB 0x000000070ae00000| Untracked 
|  61|0x000000070b000000, 0x000000070b000000, 0x000000070b200000|  0%| F|  |TAMS 0x000000070b000000| PB 0x000000070b000000| Untracked 
|  62|0x000000070b200000, 0x000000070b200000, 0x000000070b400000|  0%| F|  |TAMS 0x000000070b200000| PB 0x000000070b200000| Untracked 
|  63|0x000000070b400000, 0x000000070b400000, 0x000000070b600000|  0%| F|  |TAMS 0x000000070b400000| PB 0x000000070b400000| Untracked 
|  64|0x000000070b600000, 0x000000070b600000, 0x000000070b800000|  0%| F|  |TAMS 0x000000070b600000| PB 0x000000070b600000| Untracked 
|  65|0x000000070b800000, 0x000000070b800000, 0x000000070ba00000|  0%| F|  |TAMS 0x000000070b800000| PB 0x000000070b800000| Untracked 
|  66|0x000000070ba00000, 0x000000070ba00000, 0x000000070bc00000|  0%| F|  |TAMS 0x000000070ba00000| PB 0x000000070ba00000| Untracked 
|  67|0x000000070bc00000, 0x000000070bc00000, 0x000000070be00000|  0%| F|  |TAMS 0x000000070bc00000| PB 0x000000070bc00000| Untracked 
|  68|0x000000070be00000, 0x000000070be00000, 0x000000070c000000|  0%| F|  |TAMS 0x000000070be00000| PB 0x000000070be00000| Untracked 
|  69|0x000000070c000000, 0x000000070c000000, 0x000000070c200000|  0%| F|  |TAMS 0x000000070c000000| PB 0x000000070c000000| Untracked 
|  70|0x000000070c200000, 0x000000070c200000, 0x000000070c400000|  0%| F|  |TAMS 0x000000070c200000| PB 0x000000070c200000| Untracked 
|  71|0x000000070c400000, 0x000000070c400000, 0x000000070c600000|  0%| F|  |TAMS 0x000000070c400000| PB 0x000000070c400000| Untracked 
|  72|0x000000070c600000, 0x000000070c600000, 0x000000070c800000|  0%| F|  |TAMS 0x000000070c600000| PB 0x000000070c600000| Untracked 
|  73|0x000000070c800000, 0x000000070c800000, 0x000000070ca00000|  0%| F|  |TAMS 0x000000070c800000| PB 0x000000070c800000| Untracked 
|  74|0x000000070ca00000, 0x000000070ca00000, 0x000000070cc00000|  0%| F|  |TAMS 0x000000070ca00000| PB 0x000000070ca00000| Untracked 
|  75|0x000000070cc00000, 0x000000070cc00000, 0x000000070ce00000|  0%| F|  |TAMS 0x000000070cc00000| PB 0x000000070cc00000| Untracked 
|  76|0x000000070ce00000, 0x000000070ce00000, 0x000000070d000000|  0%| F|  |TAMS 0x000000070ce00000| PB 0x000000070ce00000| Untracked 
|  77|0x000000070d000000, 0x000000070d000000, 0x000000070d200000|  0%| F|  |TAMS 0x000000070d000000| PB 0x000000070d000000| Untracked 
|  78|0x000000070d200000, 0x000000070d200000, 0x000000070d400000|  0%| F|  |TAMS 0x000000070d200000| PB 0x000000070d200000| Untracked 
|  79|0x000000070d400000, 0x000000070d400000, 0x000000070d600000|  0%| F|  |TAMS 0x000000070d400000| PB 0x000000070d400000| Untracked 
|  80|0x000000070d600000, 0x000000070d600000, 0x000000070d800000|  0%| F|  |TAMS 0x000000070d600000| PB 0x000000070d600000| Untracked 
|  81|0x000000070d800000, 0x000000070d800000, 0x000000070da00000|  0%| F|  |TAMS 0x000000070d800000| PB 0x000000070d800000| Untracked 
|  82|0x000000070da00000, 0x000000070da00000, 0x000000070dc00000|  0%| F|  |TAMS 0x000000070da00000| PB 0x000000070da00000| Untracked 
|  83|0x000000070dc00000, 0x000000070dc00000, 0x000000070de00000|  0%| F|  |TAMS 0x000000070dc00000| PB 0x000000070dc00000| Untracked 
|  84|0x000000070de00000, 0x000000070de00000, 0x000000070e000000|  0%| F|  |TAMS 0x000000070de00000| PB 0x000000070de00000| Untracked 
|  85|0x000000070e000000, 0x000000070e000000, 0x000000070e200000|  0%| F|  |TAMS 0x000000070e000000| PB 0x000000070e000000| Untracked 
|  86|0x000000070e200000, 0x000000070e200000, 0x000000070e400000|  0%| F|  |TAMS 0x000000070e200000| PB 0x000000070e200000| Untracked 
|  87|0x000000070e400000, 0x000000070e400000, 0x000000070e600000|  0%| F|  |TAMS 0x000000070e400000| PB 0x000000070e400000| Untracked 
|  88|0x000000070e600000, 0x000000070e600000, 0x000000070e800000|  0%| F|  |TAMS 0x000000070e600000| PB 0x000000070e600000| Untracked 
|  89|0x000000070e800000, 0x000000070e800000, 0x000000070ea00000|  0%| F|  |TAMS 0x000000070e800000| PB 0x000000070e800000| Untracked 
|  90|0x000000070ea00000, 0x000000070ea00000, 0x000000070ec00000|  0%| F|  |TAMS 0x000000070ea00000| PB 0x000000070ea00000| Untracked 
|  91|0x000000070ec00000, 0x000000070ec00000, 0x000000070ee00000|  0%| F|  |TAMS 0x000000070ec00000| PB 0x000000070ec00000| Untracked 
|  92|0x000000070ee00000, 0x000000070ee00000, 0x000000070f000000|  0%| F|  |TAMS 0x000000070ee00000| PB 0x000000070ee00000| Untracked 
|  93|0x000000070f000000, 0x000000070f000000, 0x000000070f200000|  0%| F|  |TAMS 0x000000070f000000| PB 0x000000070f000000| Untracked 
|  94|0x000000070f200000, 0x000000070f200000, 0x000000070f400000|  0%| F|  |TAMS 0x000000070f200000| PB 0x000000070f200000| Untracked 
|  95|0x000000070f400000, 0x000000070f400000, 0x000000070f600000|  0%| F|  |TAMS 0x000000070f400000| PB 0x000000070f400000| Untracked 
|  96|0x000000070f600000, 0x000000070f600000, 0x000000070f800000|  0%| F|  |TAMS 0x000000070f600000| PB 0x000000070f600000| Untracked 
|  97|0x000000070f800000, 0x000000070f800000, 0x000000070fa00000|  0%| F|  |TAMS 0x000000070f800000| PB 0x000000070f800000| Untracked 
|  98|0x000000070fa00000, 0x000000070fa00000, 0x000000070fc00000|  0%| F|  |TAMS 0x000000070fa00000| PB 0x000000070fa00000| Untracked 
|  99|0x000000070fc00000, 0x000000070fc00000, 0x000000070fe00000|  0%| F|  |TAMS 0x000000070fc00000| PB 0x000000070fc00000| Untracked 
| 100|0x000000070fe00000, 0x000000070fe00000, 0x0000000710000000|  0%| F|  |TAMS 0x000000070fe00000| PB 0x000000070fe00000| Untracked 
| 101|0x0000000710000000, 0x0000000710000000, 0x0000000710200000|  0%| F|  |TAMS 0x0000000710000000| PB 0x0000000710000000| Untracked 
| 102|0x0000000710200000, 0x0000000710200000, 0x0000000710400000|  0%| F|  |TAMS 0x0000000710200000| PB 0x0000000710200000| Untracked 
| 103|0x0000000710400000, 0x0000000710400000, 0x0000000710600000|  0%| F|  |TAMS 0x0000000710400000| PB 0x0000000710400000| Untracked 
| 104|0x0000000710600000, 0x0000000710600000, 0x0000000710800000|  0%| F|  |TAMS 0x0000000710600000| PB 0x0000000710600000| Untracked 
| 105|0x0000000710800000, 0x0000000710800000, 0x0000000710a00000|  0%| F|  |TAMS 0x0000000710800000| PB 0x0000000710800000| Untracked 
| 106|0x0000000710a00000, 0x0000000710a00000, 0x0000000710c00000|  0%| F|  |TAMS 0x0000000710a00000| PB 0x0000000710a00000| Untracked 
| 107|0x0000000710c00000, 0x0000000710c00000, 0x0000000710e00000|  0%| F|  |TAMS 0x0000000710c00000| PB 0x0000000710c00000| Untracked 
| 108|0x0000000710e00000, 0x0000000710e00000, 0x0000000711000000|  0%| F|  |TAMS 0x0000000710e00000| PB 0x0000000710e00000| Untracked 
| 109|0x0000000711000000, 0x0000000711000000, 0x0000000711200000|  0%| F|  |TAMS 0x0000000711000000| PB 0x0000000711000000| Untracked 
| 110|0x0000000711200000, 0x0000000711200000, 0x0000000711400000|  0%| F|  |TAMS 0x0000000711200000| PB 0x0000000711200000| Untracked 
| 111|0x0000000711400000, 0x0000000711400000, 0x0000000711600000|  0%| F|  |TAMS 0x0000000711400000| PB 0x0000000711400000| Untracked 
| 112|0x0000000711600000, 0x00000007116312a8, 0x0000000711800000|  9%| E|  |TAMS 0x0000000711600000| PB 0x0000000711600000| Complete 
| 113|0x0000000711800000, 0x0000000711a00000, 0x0000000711a00000|100%| E|CS|TAMS 0x0000000711800000| PB 0x0000000711800000| Complete 
| 114|0x0000000711a00000, 0x0000000711a85520, 0x0000000711c00000| 26%| S|CS|TAMS 0x0000000711a00000| PB 0x0000000711a00000| Complete 
| 115|0x0000000711c00000, 0x0000000711e00000, 0x0000000711e00000|100%| S|CS|TAMS 0x0000000711c00000| PB 0x0000000711c00000| Complete 
| 116|0x0000000711e00000, 0x0000000712000000, 0x0000000712000000|100%| E|CS|TAMS 0x0000000711e00000| PB 0x0000000711e00000| Complete 
| 117|0x0000000712000000, 0x0000000712200000, 0x0000000712200000|100%| E|CS|TAMS 0x0000000712000000| PB 0x0000000712000000| Complete 
| 118|0x0000000712200000, 0x0000000712400000, 0x0000000712400000|100%| E|  |TAMS 0x0000000712200000| PB 0x0000000712200000| Complete 
| 119|0x0000000712400000, 0x0000000712600000, 0x0000000712600000|100%| E|CS|TAMS 0x0000000712400000| PB 0x0000000712400000| Complete 
| 120|0x0000000712600000, 0x0000000712800000, 0x0000000712800000|100%| E|CS|TAMS 0x0000000712600000| PB 0x0000000712600000| Complete 
| 121|0x0000000712800000, 0x0000000712a00000, 0x0000000712a00000|100%| E|CS|TAMS 0x0000000712800000| PB 0x0000000712800000| Complete 
| 122|0x0000000712a00000, 0x0000000712c00000, 0x0000000712c00000|100%| E|CS|TAMS 0x0000000712a00000| PB 0x0000000712a00000| Complete 
| 123|0x0000000712c00000, 0x0000000712e00000, 0x0000000712e00000|100%| E|CS|TAMS 0x0000000712c00000| PB 0x0000000712c00000| Complete 
| 124|0x0000000712e00000, 0x0000000713000000, 0x0000000713000000|100%| E|CS|TAMS 0x0000000712e00000| PB 0x0000000712e00000| Complete 
| 125|0x0000000713000000, 0x0000000713200000, 0x0000000713200000|100%| E|CS|TAMS 0x0000000713000000| PB 0x0000000713000000| Complete 
| 126|0x0000000713200000, 0x0000000713400000, 0x0000000713400000|100%| E|CS|TAMS 0x0000000713200000| PB 0x0000000713200000| Complete 

Card table byte_map: [0x000001ac79210000,0x000001ac79a00000] _byte_map_base: 0x000001ac759f5000

Marking Bits: (CMBitMap*) 0x000001ac7847b2a0
 Bits: [0x000001ac79a00000, 0x000001ac7d928000)

Polling page: 0x000001ac765e0000

Metaspace:

Usage:
  Non-class:     12.09 MB used.
      Class:    931.93 KB used.
       Both:     13.00 MB used.

Virtual space:
  Non-class space:       64.00 MB reserved,      12.19 MB ( 19%) committed,  1 nodes.
      Class space:        1.00 GB reserved,       1.00 MB ( <1%) committed,  1 nodes.
             Both:        1.06 GB reserved,      13.19 MB (  1%) committed. 

Chunk freelists:
   Non-Class:  3.19 MB
       Class:  14.98 MB
        Both:  18.17 MB

MaxMetaspaceSize: unlimited
CompressedClassSpaceSize: 1.00 GB
Initial GC threshold: 21.00 MB
Current GC threshold: 21.00 MB
CDS: on
 - commit_granule_bytes: 65536.
 - commit_granule_words: 8192.
 - virtual_space_node_default_size: 8388608.
 - enlarge_chunks_in_place: 1.
 - use_allocation_guard: 0.


Internal statistics:

num_allocs_failed_limit: 0.
num_arena_births: 116.
num_arena_deaths: 0.
num_vsnodes_births: 2.
num_vsnodes_deaths: 0.
num_space_committed: 209.
num_space_uncommitted: 0.
num_chunks_returned_to_freelist: 0.
num_chunks_taken_from_freelist: 473.
num_chunk_merges: 0.
num_chunk_splits: 366.
num_chunks_enlarged: 307.
num_inconsistent_stats: 0.

CodeHeap 'non-profiled nmethods': size=120000Kb used=837Kb max_used=837Kb free=119162Kb
 bounds [0x000001ac0fe50000, 0x000001ac100c0000, 0x000001ac17380000]
CodeHeap 'profiled nmethods': size=120000Kb used=3064Kb max_used=3064Kb free=116935Kb
 bounds [0x000001ac08380000, 0x000001ac08680000, 0x000001ac0f8b0000]
CodeHeap 'non-nmethods': size=5760Kb used=2931Kb max_used=2951Kb free=2828Kb
 bounds [0x000001ac0f8b0000, 0x000001ac0fba0000, 0x000001ac0fe50000]
 total_blobs=3419 nmethods=2009 adapters=1314
 compilation: enabled
              stopped_count=0, restarted_count=0
 full_count=0

Compilation events (20 events):
Event: 14.385 Thread 0x000001ac17af8090 1999       4       com.bedrye.bjge.GameEngine.Util.BJETexture::show (20 bytes)
Event: 14.385 Thread 0x000001ac17af8090 nmethod 1999 0x000001ac0ff1ed90 code [0x000001ac0ff1ef60, 0x000001ac0ff1f060]
Event: 14.683 Thread 0x000001ac17af8090 2000       4       com.bedrye.bjge.GameEngine.Util.BJETexture::hide (20 bytes)
Event: 14.684 Thread 0x000001ac17af8090 nmethod 2000 0x000001ac0ff1f190 code [0x000001ac0ff1f360, 0x000001ac0ff1f478]
Event: 14.780 Thread 0x000001ac179c6cb0 2001       3       com.bedrye.bjge.GameEngine.Util.Shaders.ShaderProgram::createMaterialUniform (62 bytes)
Event: 14.781 Thread 0x000001ac179c6cb0 nmethod 2001 0x000001ac0867a190 code [0x000001ac0867a400, 0x000001ac0867aea8]
Event: 14.781 Thread 0x000001ac179c6cb0 2002       3       com.bedrye.bjge.GameEngine.Util.BJEMaterial::hasTexture (13 bytes)
Event: 14.781 Thread 0x000001ac179c6cb0 nmethod 2002 0x000001ac0867b210 code [0x000001ac0867b3a0, 0x000001ac0867b510]
Event: 14.781 Thread 0x000001ac179c6cb0 2003       3       com.bedrye.bjge.GameEngine.Util.Shaders.ShaderProgram::uploadInt (12 bytes)
Event: 14.781 Thread 0x000001ac179c6cb0 nmethod 2003 0x000001ac0867b590 code [0x000001ac0867b760, 0x000001ac0867b940]
Event: 14.781 Thread 0x000001ac179c6cb0 2004       3       com.bedrye.bjge.GameEngine.Util.BJEMesh::Draw (28 bytes)
Event: 14.781 Thread 0x000001ac179c6cb0 nmethod 2004 0x000001ac0867ba90 code [0x000001ac0867bc80, 0x000001ac0867bf80]
Event: 14.781 Thread 0x000001ac179c6cb0 2005       3       org.lwjgl.opengl.GL11::glDrawElements (8 bytes)
Event: 14.781 Thread 0x000001ac179c6cb0 nmethod 2005 0x000001ac0867c110 code [0x000001ac0867c2c0, 0x000001ac0867c3d8]
Event: 14.781 Thread 0x000001ac179c6cb0 2007   !   3       org.lwjgl.opengl.GL15C::glDeleteBuffers (42 bytes)
Event: 14.782 Thread 0x000001ac179c6cb0 nmethod 2007 0x000001ac0867c490 code [0x000001ac0867c720, 0x000001ac0867d560]
Event: 14.787 Thread 0x000001ac17af8090 2009       4       com.bedrye.bjge.GameEngine.Util.Shaders.ShaderProgram::getKey (61 bytes)
Event: 14.794 Thread 0x000001ac17af8090 nmethod 2009 0x000001ac0ff1fe10 code [0x000001ac0ff200c0, 0x000001ac0ff20d28]
Event: 24.935 Thread 0x000001ac179c6cb0 2010       3       java.lang.Class::reflectionData (43 bytes)
Event: 24.935 Thread 0x000001ac179c6cb0 nmethod 2010 0x000001ac0867da90 code [0x000001ac0867dc60, 0x000001ac0867e078]

GC Heap History (2 events):
Event: 0.364 GC heap before
{Heap before GC invocations=0 (full 0):
 garbage-first heap   total 260096K, used 22528K [0x0000000703600000, 0x0000000800000000)
  region size 2048K, 11 young (22528K), 0 survivors (0K)
 Metaspace       used 3886K, committed 4096K, reserved 1114112K
  class space    used 333K, committed 448K, reserved 1048576K
}
Event: 0.367 GC heap after
{Heap after GC invocations=1 (full 0):
 garbage-first heap   total 260096K, used 2581K [0x0000000703600000, 0x0000000800000000)
  region size 2048K, 2 young (4096K), 2 survivors (4096K)
 Metaspace       used 3886K, committed 4096K, reserved 1114112K
  class space    used 333K, committed 448K, reserved 1048576K
}

Dll operation events (14 events):
Event: 0.010 Loaded shared library C:\Users\stas2\.jdks\openjdk-21.0.1\bin\java.dll
Event: 0.033 Loaded shared library C:\Users\stas2\.jdks\openjdk-21.0.1\bin\jsvml.dll
Event: 0.059 Loaded shared library C:\Users\stas2\.jdks\openjdk-21.0.1\bin\net.dll
Event: 0.061 Loaded shared library C:\Users\stas2\.jdks\openjdk-21.0.1\bin\nio.dll
Event: 0.064 Loaded shared library C:\Users\stas2\.jdks\openjdk-21.0.1\bin\zip.dll
Event: 0.161 Loaded shared library C:\Users\stas2\.jdks\openjdk-21.0.1\bin\zip.dll
Event: 0.164 Loaded shared library C:\Users\stas2\.jdks\openjdk-21.0.1\bin\instrument.dll
Event: 0.189 Loaded shared library C:\IntelliJ IDEA Community Edition 2021.3.2\IntelliJ IDEA Community Edition 2023.2.1\bin\breakgen64.dll
Event: 0.311 Loaded shared library C:\Users\stas2\.jdks\openjdk-21.0.1\bin\jimage.dll
Event: 0.474 Loaded shared library C:\Users\stas2\AppData\Local\Temp\lwjgl_stas2\3.3.4+7\x64\lwjgl.dll
Event: 0.761 Loaded shared library C:\Users\stas2\AppData\Local\Temp\lwjgl_stas2\3.3.4+7\x64\lwjgl_opengl.dll
Event: 1.046 Loaded shared library C:\Users\stas2\AppData\Local\Temp\imgui-java-natives\1.89.0\imgui-java64.dll
Event: 1.136 Loaded shared library C:\Users\stas2\.jdks\openjdk-21.0.1\bin\verify.dll
Event: 1.217 Loaded shared library C:\Users\stas2\AppData\Local\Temp\lwjgl_stas2\3.3.4+7\x64\lwjgl_stb.dll

Deoptimization events (20 events):
Event: 1.459 Thread 0x000001ac7624aeb0 Uncommon trap: trap_request=0xffffffde fr.pc=0x000001ac0fec33ec relative=0x000000000000092c
Event: 1.459 Thread 0x000001ac7624aeb0 Uncommon trap: reason=class_check action=maybe_recompile pc=0x000001ac0fec33ec method=java.util.regex.Pattern$BmpCharPropertyGreedy.match(Ljava/util/regex/Matcher;ILjava/lang/CharSequence;)Z @ 26 c2
Event: 1.459 Thread 0x000001ac7624aeb0 DEOPT PACKING pc=0x000001ac0fec33ec sp=0x00000003613fee70
Event: 1.459 Thread 0x000001ac7624aeb0 DEOPT UNPACKING pc=0x000001ac0f907da2 sp=0x00000003613fed58 mode 2
Event: 1.486 Thread 0x000001ac7624aeb0 Uncommon trap: trap_request=0xffffff54 fr.pc=0x000001ac0febe40c relative=0x000000000000006c
Event: 1.486 Thread 0x000001ac7624aeb0 Uncommon trap: reason=speculate_null_assert action=make_not_entrant pc=0x000001ac0febe40c method=sun.misc.Unsafe.getLong(Ljava/lang/Object;J)J @ 5 c2
Event: 1.486 Thread 0x000001ac7624aeb0 DEOPT PACKING pc=0x000001ac0febe40c sp=0x00000003613feeb0
Event: 1.486 Thread 0x000001ac7624aeb0 DEOPT UNPACKING pc=0x000001ac0f907da2 sp=0x00000003613fee38 mode 2
Event: 11.168 Thread 0x000001ac7624aeb0 DEOPT PACKING pc=0x000001ac08653cef sp=0x00000003613fdba0
Event: 11.168 Thread 0x000001ac7624aeb0 DEOPT UNPACKING pc=0x000001ac0f9088e2 sp=0x00000003613fcfc0 mode 0
Event: 11.168 Thread 0x000001ac7624aeb0 DEOPT PACKING pc=0x000001ac08550b62 sp=0x00000003613fdb70
Event: 11.168 Thread 0x000001ac7624aeb0 DEOPT UNPACKING pc=0x000001ac0f9088e2 sp=0x00000003613fd008 mode 0
Event: 11.169 Thread 0x000001ac7624aeb0 DEOPT PACKING pc=0x000001ac08550b62 sp=0x00000003613fdb70
Event: 11.169 Thread 0x000001ac7624aeb0 DEOPT UNPACKING pc=0x000001ac0f9088e2 sp=0x00000003613fd008 mode 0
Event: 11.218 Thread 0x000001ac7624aeb0 DEOPT PACKING pc=0x000001ac08638854 sp=0x00000003613feee0
Event: 11.218 Thread 0x000001ac7624aeb0 DEOPT UNPACKING pc=0x000001ac0f9088e2 sp=0x00000003613fe470 mode 0
Event: 11.239 Thread 0x000001ac7624aeb0 Uncommon trap: trap_request=0xffffff45 fr.pc=0x000001ac0ff13204 relative=0x00000000000008e4
Event: 11.239 Thread 0x000001ac7624aeb0 Uncommon trap: reason=unstable_if action=reinterpret pc=0x000001ac0ff13204 method=com.bedrye.bjge.GameEngine.Util.Shaders.ShaderProgram.getKey(Ljava/lang/String;)I @ 12 c2
Event: 11.239 Thread 0x000001ac7624aeb0 DEOPT PACKING pc=0x000001ac0ff13204 sp=0x00000003613fed80
Event: 11.239 Thread 0x000001ac7624aeb0 DEOPT UNPACKING pc=0x000001ac0f907da2 sp=0x00000003613fed38 mode 2

Classes loaded (20 events):
Event: 24.935 Loading class jdk/internal/logger/AbstractLoggerWrapper
Event: 24.935 Loading class jdk/internal/logger/AbstractLoggerWrapper done
Event: 24.935 Loading class jdk/internal/logger/LazyLoggers$LazyLoggerWrapper done
Event: 24.935 Loading class jdk/internal/logger/LazyLoggers$JdkLazyLogger done
Event: 24.936 Loading class jdk/internal/logger/LazyLoggers$LazyLoggerAccessor
Event: 24.936 Loading class jdk/internal/logger/LazyLoggers$LoggerAccessor
Event: 24.936 Loading class jdk/internal/logger/LazyLoggers$LoggerAccessor done
Event: 24.936 Loading class jdk/internal/logger/LazyLoggers$LazyLoggerAccessor done
Event: 24.936 Loading class java/lang/System$Logger$Level
Event: 24.936 Loading class java/lang/System$Logger$Level done
Event: 24.936 Loading class jdk/internal/logger/SurrogateLogger
Event: 24.936 Loading class jdk/internal/logger/SimpleConsoleLogger
Event: 24.936 Loading class sun/util/logging/PlatformLogger$ConfigurableBridge$LoggerConfiguration
Event: 24.936 Loading class sun/util/logging/PlatformLogger$ConfigurableBridge$LoggerConfiguration done
Event: 24.936 Loading class jdk/internal/logger/SimpleConsoleLogger done
Event: 24.936 Loading class jdk/internal/logger/SurrogateLogger done
Event: 24.936 Loading class sun/util/logging/PlatformLogger
Event: 24.936 Loading class sun/util/logging/PlatformLogger done
Event: 24.936 Loading class sun/util/logging/PlatformLogger$Level
Event: 24.936 Loading class sun/util/logging/PlatformLogger$Level done

Classes unloaded (0 events):
No events

Classes redefined (0 events):
No events

Internal exceptions (20 events):
Event: 1.115 Thread 0x000001ac1799d6f0 Exception <a 'sun/nio/fs/WindowsException'{0x00000007122dc128}> (0x00000007122dc128) 
thrown [s\open\src\hotspot\share\prims\jni.cpp, line 520]
Event: 1.122 Thread 0x000001ac1799d6f0 Exception <a 'java/lang/NoSuchMethodError'{0x000000071230f0a8}: 'java.lang.Object java.lang.invoke.Invokers$Holder.invokeExact_MT(java.lang.Object, java.lang.Object, java.lang.Object, java.lang.Object, java.lang.Object, java.lang.Object)'> (0x000000071230f0a8) 
thrown [s\open\src\hotspot\share\interpreter\linkResolver.cpp, line 773]
Event: 1.207 Thread 0x000001ac7624aeb0 Exception <a 'java/lang/NoSuchMethodError'{0x0000000712258890}: 'void java.lang.System.load(java.lang.String, java.lang.Class)'> (0x0000000712258890) 
thrown [s\open\src\hotspot\share\interpreter\linkResolver.cpp, line 773]
Event: 1.208 Thread 0x000001ac7624aeb0 Exception <a 'java/lang/NoSuchMethodError'{0x0000000712373dd8}: 'void java.lang.System.loadLibrary(java.lang.String, java.lang.Class)'> (0x0000000712373dd8) 
thrown [s\open\src\hotspot\share\interpreter\linkResolver.cpp, line 773]
Event: 1.208 Thread 0x000001ac7624aeb0 Exception <a 'sun/nio/fs/WindowsException'{0x0000000712376b08}> (0x0000000712376b08) 
thrown [s\open\src\hotspot\share\prims\jni.cpp, line 520]
Event: 1.215 Thread 0x000001ac7624aeb0 Exception <a 'sun/nio/fs/WindowsException'{0x0000000712382d78}> (0x0000000712382d78) 
thrown [s\open\src\hotspot\share\prims\jni.cpp, line 520]
Event: 1.215 Thread 0x000001ac7624aeb0 Exception <a 'sun/nio/fs/WindowsException'{0x00000007123830f8}> (0x00000007123830f8) 
thrown [s\open\src\hotspot\share\prims\jni.cpp, line 520]
Event: 1.217 Thread 0x000001ac7624aeb0 Exception <a 'sun/nio/fs/WindowsException'{0x0000000712385458}> (0x0000000712385458) 
thrown [s\open\src\hotspot\share\prims\jni.cpp, line 520]
Event: 11.086 Thread 0x000001ac7624aeb0 Exception <a 'sun/nio/fs/WindowsException'{0x0000000711ff8d28}> (0x0000000711ff8d28) 
thrown [s\open\src\hotspot\share\prims\jni.cpp, line 520]
Event: 11.099 Thread 0x000001ac7624aeb0 Exception <a 'sun/nio/fs/WindowsException'{0x0000000711ffed78}> (0x0000000711ffed78) 
thrown [s\open\src\hotspot\share\prims\jni.cpp, line 520]
Event: 11.099 Thread 0x000001ac7624aeb0 Exception <a 'sun/nio/fs/WindowsException'{0x0000000711fff0f0}> (0x0000000711fff0f0) 
thrown [s\open\src\hotspot\share\prims\jni.cpp, line 520]
Event: 11.101 Thread 0x000001ac7624aeb0 Exception <a 'sun/nio/fs/WindowsException'{0x0000000711806da8}> (0x0000000711806da8) 
thrown [s\open\src\hotspot\share\prims\jni.cpp, line 520]
Event: 11.104 Thread 0x000001ac7624aeb0 Exception <a 'sun/nio/fs/WindowsException'{0x000000071180bd10}> (0x000000071180bd10) 
thrown [s\open\src\hotspot\share\prims\jni.cpp, line 520]
Event: 11.163 Thread 0x000001ac7624aeb0 Exception <a 'sun/nio/fs/WindowsException'{0x00000007118144b0}> (0x00000007118144b0) 
thrown [s\open\src\hotspot\share\prims\jni.cpp, line 520]
Event: 11.163 Thread 0x000001ac7624aeb0 Exception <a 'sun/nio/fs/WindowsException'{0x0000000711814830}> (0x0000000711814830) 
thrown [s\open\src\hotspot\share\prims\jni.cpp, line 520]
Event: 11.166 Thread 0x000001ac7624aeb0 Exception <a 'sun/nio/fs/WindowsException'{0x0000000711816258}> (0x0000000711816258) 
thrown [s\open\src\hotspot\share\prims\jni.cpp, line 520]
Event: 11.239 Thread 0x000001ac7624aeb0 Implicit null exception at 0x000001ac0ff12be5 to 0x000001ac0ff131f0
Event: 14.969 Thread 0x000001ac7624aeb0 Implicit null exception at 0x000001ac0860dbce to 0x000001ac0860e02b
Event: 14.969 Thread 0x000001ac7624aeb0 Exception <a 'java/lang/NullPointerException'{0x00000007119a9388}> (0x00000007119a9388) 
thrown [s\open\src\hotspot\share\runtime\sharedRuntime.cpp, line 625]
Event: 24.935 Thread 0x000001ac17cfffc0 Exception <a 'sun/nio/fs/WindowsException'{0x0000000711601908}> (0x0000000711601908) 
thrown [s\open\src\hotspot\share\prims\jni.cpp, line 520]

ZGC Phase Switch (0 events):
No events

VM Operations (20 events):
Event: 4.346 Executing VM operation: Cleanup done
Event: 5.358 Executing VM operation: Cleanup
Event: 5.358 Executing VM operation: Cleanup done
Event: 6.368 Executing VM operation: Cleanup
Event: 6.368 Executing VM operation: Cleanup done
Event: 8.390 Executing VM operation: Cleanup
Event: 8.390 Executing VM operation: Cleanup done
Event: 9.403 Executing VM operation: Cleanup
Event: 9.403 Executing VM operation: Cleanup done
Event: 11.066 Executing VM operation: HandshakeAllThreads (Deoptimize)
Event: 11.066 Executing VM operation: HandshakeAllThreads (Deoptimize) done
Event: 12.080 Executing VM operation: Cleanup
Event: 12.080 Executing VM operation: Cleanup done
Event: 13.090 Executing VM operation: Cleanup
Event: 13.090 Executing VM operation: Cleanup done
Event: 14.103 Executing VM operation: Cleanup
Event: 14.103 Executing VM operation: Cleanup done
Event: 15.113 Executing VM operation: Cleanup
Event: 15.113 Executing VM operation: Cleanup done
Event: 24.937 Executing VM operation: Exit

Events (20 events):
Event: 0.032 Thread 0x000001ac17af8090 Thread added: 0x000001ac17af8090
Event: 0.032 Thread 0x000001ac179c6cb0 Thread added: 0x000001ac179c6cb0
Event: 0.055 Thread 0x000001ac17bf70f0 Thread added: 0x000001ac17bf70f0
Event: 0.102 Thread 0x000001ac179c43d0 Thread added: 0x000001ac179c43d0
Event: 0.131 Thread 0x000001ac179c3630 Thread added: 0x000001ac179c3630
Event: 0.190 Thread 0x000001ac5d26baf0 Thread added: 0x000001ac5d26baf0
Event: 0.190 Thread 0x000001ac5d26c160 Thread added: 0x000001ac5d26c160
Event: 0.432 Thread 0x000001ac5d5c1ef0 Thread added: 0x000001ac5d5c1ef0
Event: 0.434 Thread 0x000001ac5d5c9c60 Thread added: 0x000001ac5d5c9c60
Event: 0.447 Thread 0x000001ac179c3630 Thread exited: 0x000001ac179c3630
Event: 0.699 Thread 0x000001ac179c43d0 Thread exited: 0x000001ac179c43d0
Event: 1.114 Thread 0x000001ac179c5170 Thread added: 0x000001ac179c5170
Event: 1.336 Thread 0x000001ac179c5170 Thread exited: 0x000001ac179c5170
Event: 3.253 Thread 0x000001ac179c3630 Thread added: 0x000001ac179c3630
Event: 3.253 Thread 0x000001ac179c4aa0 Thread added: 0x000001ac179c4aa0
Event: 4.016 Thread 0x000001ac179c4aa0 Thread exited: 0x000001ac179c4aa0
Event: 4.135 Thread 0x000001ac179c3630 Thread exited: 0x000001ac179c3630
Event: 14.971 Thread 0x000001ac7624aeb0 Thread exited: 0x000001ac7624aeb0
Event: 14.971 Thread 0x000001ac7624aeb0 Thread added: 0x000001ac7624aeb0
Event: 24.934 Thread 0x000001ac17cfffc0 Thread added: 0x000001ac17cfffc0


Dynamic libraries:
0x00007ff75f2d0000 - 0x00007ff75f2de000 	C:\Users\stas2\.jdks\openjdk-21.0.1\bin\java.exe
0x00007ffac7c80000 - 0x00007ffac7ee9000 	C:\WINDOWS\SYSTEM32\ntdll.dll
0x00007ffac5b10000 - 0x00007ffac5bd9000 	C:\WINDOWS\System32\KERNEL32.DLL
0x00007ffac5310000 - 0x00007ffac5703000 	C:\WINDOWS\System32\KERNELBASE.dll
0x00007ffac4e10000 - 0x00007ffac4f5b000 	C:\WINDOWS\System32\ucrtbase.dll
0x00007ffaaa010000 - 0x00007ffaaa02b000 	C:\Users\stas2\.jdks\openjdk-21.0.1\bin\VCRUNTIME140.dll
0x00007ffaa5c20000 - 0x00007ffaa5c38000 	C:\Users\stas2\.jdks\openjdk-21.0.1\bin\jli.dll
0x00007ffac60a0000 - 0x00007ffac6264000 	C:\WINDOWS\System32\USER32.dll
0x00007ffaacac0000 - 0x00007ffaacd53000 	C:\WINDOWS\WinSxS\amd64_microsoft.windows.common-controls_6595b64144ccf1df_6.0.26100.5074_none_3e0d6f78e32fd63f\COMCTL32.dll
0x00007ffac5250000 - 0x00007ffac5277000 	C:\WINDOWS\System32\win32u.dll
0x00007ffac7170000 - 0x00007ffac7219000 	C:\WINDOWS\System32\msvcrt.dll
0x00007ffac6070000 - 0x00007ffac609b000 	C:\WINDOWS\System32\GDI32.dll
0x00007ffac5920000 - 0x00007ffac5a4d000 	C:\WINDOWS\System32\gdi32full.dll
0x00007ffac5710000 - 0x00007ffac57b3000 	C:\WINDOWS\System32\msvcp_win.dll
0x00007ffac7c00000 - 0x00007ffac7c2f000 	C:\WINDOWS\System32\IMM32.DLL
0x00007ffabf040000 - 0x00007ffabf04c000 	C:\Users\stas2\.jdks\openjdk-21.0.1\bin\vcruntime140_1.dll
0x00007ffa65b40000 - 0x00007ffa65bce000 	C:\Users\stas2\.jdks\openjdk-21.0.1\bin\msvcp140.dll
0x00007ffa59980000 - 0x00007ffa5a695000 	C:\Users\stas2\.jdks\openjdk-21.0.1\bin\server\jvm.dll
0x00007ffac66a0000 - 0x00007ffac6754000 	C:\WINDOWS\System32\ADVAPI32.dll
0x00007ffac70c0000 - 0x00007ffac7166000 	C:\WINDOWS\System32\sechost.dll
0x00007ffac7ae0000 - 0x00007ffac7bf8000 	C:\WINDOWS\System32\RPCRT4.dll
0x00007ffac6a60000 - 0x00007ffac6ad4000 	C:\WINDOWS\System32\WS2_32.dll
0x00007ffac3a50000 - 0x00007ffac3aae000 	C:\WINDOWS\SYSTEM32\POWRPROF.dll
0x00007ffabab30000 - 0x00007ffabab3b000 	C:\WINDOWS\SYSTEM32\VERSION.dll
0x00007ffab73c0000 - 0x00007ffab73f5000 	C:\WINDOWS\SYSTEM32\WINMM.dll
0x00007ffac3a30000 - 0x00007ffac3a44000 	C:\WINDOWS\SYSTEM32\UMPDC.dll
0x00007ffac3d10000 - 0x00007ffac3d2b000 	C:\WINDOWS\SYSTEM32\kernel.appcore.dll
0x00007ffabb990000 - 0x00007ffabb99a000 	C:\Users\stas2\.jdks\openjdk-21.0.1\bin\jimage.dll
0x00007ffac2590000 - 0x00007ffac27d2000 	C:\WINDOWS\SYSTEM32\DBGHELP.DLL
0x00007ffac6b70000 - 0x00007ffac6eeb000 	C:\WINDOWS\System32\combase.dll
0x00007ffac7970000 - 0x00007ffac7a47000 	C:\WINDOWS\System32\OLEAUT32.dll
0x00007ffaa9e70000 - 0x00007ffaa9ead000 	C:\WINDOWS\SYSTEM32\dbgcore.DLL
0x00007ffac5880000 - 0x00007ffac5919000 	C:\WINDOWS\System32\bcryptPrimitives.dll
0x00007ffaaeb00000 - 0x00007ffaaeb0f000 	C:\Users\stas2\.jdks\openjdk-21.0.1\bin\instrument.dll
0x00007ffa99f70000 - 0x00007ffa99f8f000 	C:\Users\stas2\.jdks\openjdk-21.0.1\bin\java.dll
0x00007ffac7220000 - 0x00007ffac796d000 	C:\WINDOWS\System32\SHELL32.dll
0x00007ffac50e0000 - 0x00007ffac524c000 	C:\WINDOWS\System32\wintypes.dll
0x00007ffac2a80000 - 0x00007ffac32d9000 	C:\WINDOWS\SYSTEM32\windows.storage.dll
0x00007ffac6ef0000 - 0x00007ffac6fe0000 	C:\WINDOWS\System32\SHCORE.dll
0x00007ffac6ae0000 - 0x00007ffac6b42000 	C:\WINDOWS\System32\shlwapi.dll
0x00007ffac4d30000 - 0x00007ffac4d59000 	C:\WINDOWS\SYSTEM32\profapi.dll
0x00007ffa64280000 - 0x00007ffa64357000 	C:\Users\stas2\.jdks\openjdk-21.0.1\bin\jsvml.dll
0x00007ffaacdc0000 - 0x00007ffaacdd0000 	C:\Users\stas2\.jdks\openjdk-21.0.1\bin\net.dll
0x00007ffabbf60000 - 0x00007ffabc07f000 	C:\WINDOWS\SYSTEM32\WINHTTP.dll
0x00007ffac4290000 - 0x00007ffac42fb000 	C:\WINDOWS\system32\mswsock.dll
0x00007ffa99ee0000 - 0x00007ffa99ef6000 	C:\Users\stas2\.jdks\openjdk-21.0.1\bin\nio.dll
0x00007ffa99ec0000 - 0x00007ffa99ed8000 	C:\Users\stas2\.jdks\openjdk-21.0.1\bin\zip.dll
0x00007ffa98390000 - 0x00007ffa983aa000 	C:\IntelliJ IDEA Community Edition 2021.3.2\IntelliJ IDEA Community Edition 2023.2.1\bin\breakgen64.dll
0x00007ffa64590000 - 0x00007ffa6460b000 	C:\Users\stas2\AppData\Local\Temp\lwjgl_stas2\3.3.4+7\x64\lwjgl.dll
0x00007ffa643f0000 - 0x00007ffa64475000 	C:\Users\stas2\AppData\Local\Temp\lwjgl_stas2\3.3.4+7\x64\glfw.dll
0x00007ffa77890000 - 0x00007ffa778db000 	C:\WINDOWS\SYSTEM32\dinput8.dll
0x00007ffa95a00000 - 0x00007ffa95a12000 	C:\WINDOWS\SYSTEM32\xinput1_4.dll
0x00007ffac4ac0000 - 0x00007ffac4b17000 	C:\WINDOWS\SYSTEM32\cfgmgr32.dll
0x00007ffac4a90000 - 0x00007ffac4abd000 	C:\WINDOWS\SYSTEM32\DEVOBJ.dll
0x00007ffac1d20000 - 0x00007ffac1d4b000 	C:\WINDOWS\SYSTEM32\dwmapi.dll
0x00007ffabf4e0000 - 0x00007ffabf588000 	C:\WINDOWS\system32\uxtheme.dll
0x00007ffa9a160000 - 0x00007ffa9a33a000 	C:\WINDOWS\SYSTEM32\inputhost.dll
0x00007ffabef10000 - 0x00007ffabf035000 	C:\WINDOWS\SYSTEM32\CoreMessaging.dll
0x00007ffac6530000 - 0x00007ffac6688000 	C:\WINDOWS\System32\MSCTF.dll
0x00007ffac4550000 - 0x00007ffac455c000 	C:\WINDOWS\SYSTEM32\CRYPTBASE.DLL
0x00007ffa97830000 - 0x00007ffa9793c000 	C:\WINDOWS\SYSTEM32\opengl32.dll
0x00007ffa99120000 - 0x00007ffa9914d000 	C:\WINDOWS\SYSTEM32\GLU32.dll
0x00007ffac1da0000 - 0x00007ffac1de4000 	C:\WINDOWS\SYSTEM32\dxcore.dll
0x00007ffabd0b0000 - 0x00007ffabd110000 	C:\WINDOWS\SYSTEM32\directxdatabasehelper.dll
0x00007ffab54c0000 - 0x00007ffab54da000 	C:\WINDOWS\SYSTEM32\windows.staterepositorycore.dll
0x00007ffa39680000 - 0x00007ffa3a673000 	C:\WINDOWS\System32\DriverStore\FileRepository\iigd_dch.inf_amd64_5802b1615520e41c\igxelpicd64.dll
0x00007ffac68c0000 - 0x00007ffac6a58000 	C:\WINDOWS\System32\ole32.dll
0x00007ffac1ba0000 - 0x00007ffac1cda000 	C:\WINDOWS\system32\dxgi.dll
0x00007ffa39390000 - 0x00007ffa39677000 	C:\WINDOWS\System32\DriverStore\FileRepository\iigd_dch.inf_amd64_5802b1615520e41c\igdml64.dll
0x00007ffab2f10000 - 0x00007ffab32d7000 	C:\WINDOWS\System32\DriverStore\FileRepository\iigd_dch.inf_amd64_5802b1615520e41c\igdgmm64.dll
0x00007ffaaf880000 - 0x00007ffab2e91000 	C:\WINDOWS\System32\DriverStore\FileRepository\iigd_dch.inf_amd64_5802b1615520e41c\igc64.dll
0x00007ffa91ad0000 - 0x00007ffa91c19000 	C:\WINDOWS\SYSTEM32\textinputframework.dll
0x00007ffab5eb0000 - 0x00007ffab6193000 	C:\WINDOWS\SYSTEM32\CoreUIComponents.dll
0x00007ffa690b0000 - 0x00007ffa69111000 	C:\Users\stas2\AppData\Local\Temp\lwjgl_stas2\3.3.4+7\x64\lwjgl_opengl.dll
0x00007ff9f74c0000 - 0x00007ff9f7cb4000 	C:\Users\stas2\AppData\Local\Temp\imgui-java-natives\1.89.0\imgui-java64.dll
0x00007ffa95a20000 - 0x00007ffa95a30000 	C:\Users\stas2\.jdks\openjdk-21.0.1\bin\verify.dll
0x00007ffa630a0000 - 0x00007ffa63140000 	C:\Users\stas2\AppData\Local\Temp\lwjgl_stas2\3.3.4+7\x64\lwjgl_stb.dll
0x00007ffa62e50000 - 0x00007ffa62f78000 	C:\Users\stas2\AppData\Local\Temp\lwjgl_stas2\3.3.4+7\x64\draco.dll
0x00007ff9fa9b0000 - 0x00007ff9fb06b000 	C:\Users\stas2\AppData\Local\Temp\lwjgl_stas2\3.3.4+7\x64\assimp.dll

dbghelp: loaded successfully - version: 4.0.5 - missing functions: none
symbol engine: initialized successfully - sym options: 0x614 - pdb path: .;C:\Users\stas2\.jdks\openjdk-21.0.1\bin;C:\WINDOWS\SYSTEM32;C:\WINDOWS\WinSxS\amd64_microsoft.windows.common-controls_6595b64144ccf1df_6.0.26100.5074_none_3e0d6f78e32fd63f;C:\Users\stas2\.jdks\openjdk-21.0.1\bin\server;C:\IntelliJ IDEA Community Edition 2021.3.2\IntelliJ IDEA Community Edition 2023.2.1\bin;C:\Users\stas2\AppData\Local\Temp\lwjgl_stas2\3.3.4+7\x64;C:\WINDOWS\System32\DriverStore\FileRepository\iigd_dch.inf_amd64_5802b1615520e41c;C:\Users\stas2\AppData\Local\Temp\imgui-java-natives\1.89.0

VM Arguments:
jvm_args: -javaagent:C:\IntelliJ IDEA Community Edition 2021.3.2\IntelliJ IDEA Community Edition 2023.2.1\lib\idea_rt.jar=62486:C:\IntelliJ IDEA Community Edition 2021.3.2\IntelliJ IDEA Community Edition 2023.2.1\bin -Dfile.encoding=windows-1252 -Dsun.stdout.encoding=windows-1252 -Dsun.stderr.encoding=windows-1252 --module-path=C:\Users\stas2\.m2\repository\org\lwjgl\lwjgl-glfw\3.3.4\lwjgl-glfw-3.3.4.jar;C:\Users\stas2\.m2\repository\org\lwjgl\lwjgl-opengl\3.3.4\lwjgl-opengl-3.3.4.jar;C:\Users\stas2\.m2\repository\org\joml\joml\1.10.7\joml-1.10.7.jar;C:\Users\stas2\.m2\repository\io\github\spair\imgui-java-lwjgl3\1.89.0\imgui-java-lwjgl3-1.89.0.jar;C:\Users\stas2\.m2\repository\com\fasterxml\jackson\core\jackson-annotations\2.17.2\jackson-annotations-2.17.2.jar;C:\Users\stas2\.m2\repository\io\github\spair\imgui-java-binding\1.89.0\imgui-java-binding-1.89.0.jar;C:\Users\stas2\.m2\repository\org\joml\joml-primitives\1.10.0\joml-primitives-1.10.0.jar;O:\GIt\MultiplayerShooter\target\classes;C:\Users\stas2\.m2\repository\com\fasterxml\jackson\core\jackson-databind\2.17.2\jackson-databind-2.17.2.jar;C:\Users\stas2\.m2\repository\org\lwjgl\lwjgl-stb\3.3.4\lwjgl-stb-3.3.4.jar;C:\Users\stas2\.m2\repository\org\lwjgl\lwjgl-vulkan\3.3.4\lwjgl-vulkan-3.3.4.jar;C:\Users\stas2\.m2\repository\org\lwjgl\lwjgl\3.3.4\lwjgl-3.3.4.jar;C:\Users\stas2\.m2\repository\org\lwjgl\lwjgl-assimp\3.3.4\lwjgl-assimp-3.3.4.jar;C:\Users\stas2\.m2\repository\com\fasterxml\jackson\core\jackson-core\2.17.2\jackson-core-2.17.2.jar -Djdk.module.main=com.bedrye.bjge 
java_command: com.bedrye.bjge/com.bedrye.bjge.TestMain
java_class_path (initial): C:\Users\stas2\.m2\repository\io\github\spair\imgui-java-natives-windows\1.89.0\imgui-java-natives-windows-1.89.0.jar;C:\Users\stas2\.m2\repository\org\junit\jupiter\junit-jupiter-api\5.9.2\junit-jupiter-api-5.9.2.jar;C:\Users\stas2\.m2\repository\org\opentest4j\opentest4j\1.2.0\opentest4j-1.2.0.jar;C:\Users\stas2\.m2\repository\org\junit\platform\junit-platform-commons\1.9.2\junit-platform-commons-1.9.2.jar;C:\Users\stas2\.m2\repository\org\apiguardian\apiguardian-api\1.1.2\apiguardian-api-1.1.2.jar;C:\Users\stas2\.m2\repository\org\junit\jupiter\junit-jupiter-engine\5.9.2\junit-jupiter-engine-5.9.2.jar;C:\Users\stas2\.m2\repository\org\junit\platform\junit-platform-engine\1.9.2\junit-platform-engine-1.9.2.jar;C:\Users\stas2\.m2\repository\org\lwjgl\lwjgl-bgfx\3.3.4\lwjgl-bgfx-3.3.4.jar;C:\Users\stas2\.m2\repository\org\lwjgl\lwjgl-nanovg\3.3.4\lwjgl-nanovg-3.3.4.jar;C:\Users\stas2\.m2\repository\org\lwjgl\lwjgl-nuklear\3.3.4\lwjgl-nuklear-3.3.4.jar;C:\Users\stas2\.m2\repository\org\lwjgl\lwjgl-openal\3.3.4\lwjgl-openal-3.3.4.jar;C:\Users\stas2\.m2\repository\org\lwjgl\lwjgl-par\3.3.4\lwjgl-par-3.3.4.jar;C:\Users\stas2\.m2\repository\org\lwjgl\lwjgl\3.3.4\lwjgl-3.3.4-natives-windows.jar;C:\Users\stas2\.m2\repository\org\lwjgl\lwjgl-assimp\3.3.4\lwjgl-assimp-3.3.4-natives-windows.jar;C:\Users\stas2\.m2\repository\org\lwjgl\lwjgl-bgfx\3.3.4\lwjgl-bgfx-3.3.4-natives-windows.jar;C:\Users\stas2\.m2\repository\org\lwjgl\lwjgl-glfw\3.3.4\lwjgl-glfw-3.3.4-natives-windows.jar;C:\Users\stas2\.m2\repository\org\lwjgl\lwjgl-nanovg\3.3.4\lwjgl-nanovg-3.3.4-natives-windows.jar;C:\Users\stas2\.m2\repository\org\lwjgl\lwjgl-nuklear\3.3.4\lwjgl-nuklear-3.3.4-natives-windows.jar;C:\Users\stas2\.m2\repository\org\lwjgl\lwjgl-openal\3.3.4\lwjgl-openal-3.3.4-natives-windows.jar;C:\Users\stas2\.m2\repository\org\lwjgl\lwjgl-opengl\3.3.4\lwjgl-opengl-3.3.4-natives-windows.jar;C:\Users\stas2\.m2\repository\org\lwjgl\lwjgl-par\3.3.4\lwjgl-par-3.3.4-natives-windows.jar;C:\Users\stas2\.m2\repository\org\lwjgl\lwjgl-stb\3.3.4\lwjgl-stb-3.3.4-natives-windows.jar
Launcher Type: SUN_STANDARD

[Global flags]
     intx CICompilerCount                          = 4                                         {product} {ergonomic}
     uint ConcGCThreads                            = 3                                         {product} {ergonomic}
     uint G1ConcRefinementThreads                  = 10                                        {product} {ergonomic}
   size_t G1HeapRegionSize                         = 2097152                                   {product} {ergonomic}
    uintx GCDrainStackTargetSize                   = 64                                        {product} {ergonomic}
   size_t InitialHeapSize                          = 266338304                                 {product} {ergonomic}
   size_t MarkStackSize                            = 4194304                                   {product} {ergonomic}
   size_t MaxHeapSize                              = 4238344192                                {product} {ergonomic}
   size_t MaxNewSize                               = 2541748224                                {product} {ergonomic}
   size_t MinHeapDeltaBytes                        = 2097152                                   {product} {ergonomic}
   size_t MinHeapSize                              = 8388608                                   {product} {ergonomic}
    uintx NonNMethodCodeHeapSize                   = 5839372                                {pd product} {ergonomic}
    uintx NonProfiledCodeHeapSize                  = 122909434                              {pd product} {ergonomic}
    uintx ProfiledCodeHeapSize                     = 122909434                              {pd product} {ergonomic}
    uintx ReservedCodeCacheSize                    = 251658240                              {pd product} {ergonomic}
     bool SegmentedCodeCache                       = true                                      {product} {ergonomic}
   size_t SoftMaxHeapSize                          = 4238344192                             {manageable} {ergonomic}
     bool UseCompressedOops                        = true                           {product lp64_product} {ergonomic}
     bool UseG1GC                                  = true                                      {product} {ergonomic}
     bool UseLargePagesIndividualAllocation        = false                                  {pd product} {ergonomic}

Logging:
Log output configuration:
 #0: stdout all=off uptime,level,tags foldmultilines=false
 #1: stderr all=off uptime,level,tags foldmultilines=false

Environment Variables:
JAVA_HOME=C:\Program Files\Java\jdk-21
PATH=C:\Program Files\PlasticSCM5\server;C:\Program Files\PlasticSCM5\client;C:\Program Files\NVIDIA GPU Computing Toolkit\CUDA\v12.6\bin;C:\Program Files\NVIDIA GPU Computing Toolkit\CUDA\v12.6\libnvvp;C:\Program Files\Common Files\Oracle\Java\javapath;C:\Windows\system32;C:\Windows;C:\Program Files\Java\jdk-11.0.2\bin;C:\Windows\System32\Wbem;C:\ORacleDatabase\dbhomeXE\bin;C:\Windows\System32\WindowsPowerShell\v1.0\;C:\Windows\System32\OpenSSH\;C:\Program Files (x86)\NVIDIA Corporation\PhysX\Common;C:\Program Files\NVIDIA Corporation\NVIDIA NvDLISR;C:\Program Files\Git LFS;C:\Program Files\Git\cmd;C:\Program Files (x86)\Windows Kits\10\Windows Performance Toolkit\;C:\Program Files (x86)\Steam\steamapps\common\Counter-Strike Global Offensive\game\bin\win64;C:\Users\stas2\AppData\Local\Programs\Python\Python311;C:\Program Files\dotnet\;C:\Program Files\Microsoft SQL Server\150\Tools\Binn\;C:\Program Files\Microsoft SQL Server\Client SDK\ODBC\170\Tools\Binn\;C:\Program Files\NVIDIA Corporation\Nsight Compute 2024.3.2\;C:\Program Files (x86)\Microsoft SQL Server\160\Tools\Binn\;C:\Program Files\Microsoft SQL Server\160\Tools\Binn\;C:\Program Files\Microsoft SQL Server\160\DTS\Binn\;C:\Program Files (x86)\Microsoft SQL Server\160\DTS\Binn\;C:\WINDOWS\system32;C:\WINDOWS;C:\WINDOWS\System32\Wbem;C:\WINDOWS\System32\WindowsPowerShell\v1.0\;C:\WINDOWS\System32\OpenSSH\;C:\Program Files\Docker\Docker\resources\bin;O:\npdejs\;C:\Users\stas2\AppData\Local\Microsoft\WindowsApps;C:\Users\stas2\AppData\Local\Programs\Microsoft VS Code\bin;C:\Users\stas2\AppData\Local\GitHubDesktop\bin;C:\Users\stas2\AppData\Local\Programs\Python\Python311;C:\Program Files (x86)\Steam\steamapps\common\Counter-Strike Global Offensive\game\bin\win64;C:\Users\stas2\.dotnet\tools;C:\Users\stas2\AppData\Local\Muse Hub\lib;C:\Users\stas2\AppData\Roaming\npm
USERNAME=stas2
OS=Windows_NT
PROCESSOR_IDENTIFIER=Intel64 Family 6 Model 141 Stepping 1, GenuineIntel
TMP=C:\Users\stas2\AppData\Local\Temp
TEMP=C:\Users\stas2\AppData\Local\Temp




Periodic native trim disabled

---------------  S Y S T E M  ---------------

OS:
 Windows 11 , 64 bit Build 26100 (10.0.26100.5074)
OS uptime: 22 days 3:43 hours
Hyper-V role detected

CPU: total 12 (initial active 12) (6 cores per cpu, 2 threads per core) family 6 model 141 stepping 1 microcode 0x3c, cx8, cmov, fxsr, ht, mmx, 3dnowpref, sse, sse2, sse3, ssse3, sse4.1, sse4.2, popcnt, lzcnt, tsc, tscinvbit, avx, avx2, aes, erms, clmul, bmi1, bmi2, adx, avx512f, avx512dq, avx512cd, avx512bw, avx512vl, sha, fma, vzeroupper, avx512_vpopcntdq, avx512_vpclmulqdq, avx512_vaes, avx512_vnni, clflush, clflushopt, clwb, avx512_vbmi2, avx512_vbmi, hv, rdtscp, rdpid, fsrm, gfni, avx512_bitalg, f16c, cet_ibt, cet_ss, avx512_ifma
Processor Information for all 12 processors :
  Max Mhz: 2688, Current Mhz: 2688, Mhz Limit: 2688

Memory: 4k page, system-wide physical 16163M (845M free)
TotalPageFile size 36643M (AvailPageFile size 9860M)
current process WorkingSet (physical memory assigned to process): 236M, peak: 256M
current process commit charge ("private bytes"): 426M, peak: 449M

vm_info: OpenJDK 64-Bit Server VM (21.0.1+12-29) for windows-amd64 JRE (21.0.1+12-29), built on 2023-10-05T13:27:09Z by "mach5one" with MS VC++ 17.1 (VS2022)

END.
