#
# A fatal error has been detected by the Java Runtime Environment:
#
#  EXCEPTION_ACCESS_VIOLATION (0xc0000005) at pc=0x00007ffa47de366c, pid=5916, tid=30244
#
# JRE version: OpenJDK Runtime Environment (21.0.1+12) (build 21.0.1+12-29)
# Java VM: OpenJDK 64-Bit Server VM (21.0.1+12-29, mixed mode, sharing, tiered, compressed oops, compressed class ptrs, g1 gc, windows-amd64)
# Problematic frame:
# C  [igxelpicd64.dll+0x13366c]
#
# No core dump will be written. Minidumps are not enabled by default on client versions of Windows
#
# If you would like to submit a bug report, please visit:
#   https://bugreport.java.com/bugreport/crash.jsp
#

---------------  S U M M A R Y ------------

Command Line: -javaagent:C:\IntelliJ IDEA Community Edition 2021.3.2\IntelliJ IDEA Community Edition 2023.2.1\lib\idea_rt.jar=51822:C:\IntelliJ IDEA Community Edition 2021.3.2\IntelliJ IDEA Community Edition 2023.2.1\bin -Dfile.encoding=windows-1252 -Dsun.stdout.encoding=windows-1252 -Dsun.stderr.encoding=windows-1252 --module-path=C:\Users\stas2\.m2\repository\com\fasterxml\jackson\core\jackson-databind\2.17.2\jackson-databind-2.17.2.jar;C:\Users\stas2\.m2\repository\org\joml\joml-primitives\1.10.0\joml-primitives-1.10.0.jar;C:\Users\stas2\.m2\repository\io\github\spair\imgui-java-binding\1.89.0\imgui-java-binding-1.89.0.jar;C:\Users\stas2\.m2\repository\org\lwjgl\lwjgl-stb\3.3.4\lwjgl-stb-3.3.4.jar;C:\Users\stas2\.m2\repository\io\github\spair\imgui-java-lwjgl3\1.89.0\imgui-java-lwjgl3-1.89.0.jar;C:\Users\stas2\.m2\repository\com\fasterxml\jackson\core\jackson-core\2.17.2\jackson-core-2.17.2.jar;C:\Users\stas2\.m2\repository\org\lwjgl\lwjgl\3.3.4\lwjgl-3.3.4.jar;O:\GIt\MultiplayerShooter\target\classes;C:\Users\stas2\.m2\repository\org\lwjgl\lwjgl-vulkan\3.3.4\lwjgl-vulkan-3.3.4.jar;C:\Users\stas2\.m2\repository\org\lwjgl\lwjgl-glfw\3.3.4\lwjgl-glfw-3.3.4.jar;C:\Users\stas2\.m2\repository\org\lwjgl\lwjgl-opengl\3.3.4\lwjgl-opengl-3.3.4.jar;C:\Users\stas2\.m2\repository\org\joml\joml\1.10.7\joml-1.10.7.jar;C:\Users\stas2\.m2\repository\com\fasterxml\jackson\core\jackson-annotations\2.17.2\jackson-annotations-2.17.2.jar;C:\Users\stas2\.m2\repository\org\lwjgl\lwjgl-assimp\3.3.4\lwjgl-assimp-3.3.4.jar -Djdk.module.main=com.bedrye.bjge com.bedrye.bjge/com.bedrye.bjge.TestMain

Host: 11th Gen Intel(R) Core(TM) i5-11400H @ 2.70GHz, 12 cores, 15G,  Windows 11 , 64 bit Build 26100 (10.0.26100.6725)
Time: Thu Oct 16 23:34:52 2025 FLE Summer Time elapsed time: 72.962302 seconds (0d 0h 1m 12s)

---------------  T H R E A D  ---------------

Current thread (0x000002a4381e0d60):  VMThread "VM Thread"          [id=30244, stack(0x000000c5b8b00000,0x000000c5b8c00000) (1024K)]

Stack: [0x000000c5b8b00000,0x000000c5b8c00000],  sp=0x000000c5b8bfe180,  free space=1016k
Native frames: (J=compiled Java code, j=interpreted, Vv=VM code, C=native code)
C  [igxelpicd64.dll+0x13366c]


siginfo: EXCEPTION_ACCESS_VIOLATION (0xc0000005), reading address 0x00000000000356f8


Registers:
RAX=0x000002a40bbbc048, RBX=0x000002a40bbbbf40, RCX=0x0000000000000000, RDX=0x0000000000000000
RSP=0x000000c5b8bfe180, RBP=0x0000000000000000, RSI=0x000002a40bbbc510, RDI=0x000002a47e6f04f0
R8 =0x0000000000000014, R9 =0x000000c5b7e90000, R10=0x0000000000000000, R11=0x0000000000000000
R12=0x0000000000000000, R13=0x000002a40bbc1b20, R14=0x00000000000e0700, R15=0x0000000000000016
RIP=0x00007ffa47de366c, EFLAGS=0x0000000000010206


Register to memory mapping:

RAX=0x000002a40bbbc048 points into unknown readable memory: 0x00000000000e078d | 8d 07 0e 00 00 00 00 00
RBX=0x000002a40bbbbf40 points into unknown readable memory: 0x000002a438ce6290 | 90 62 ce 38 a4 02 00 00
RCX=0x0 is null
RDX=0x0 is null
RSP=0x000000c5b8bfe180 points into unknown readable memory: 0x000002a47e9adda0 | a0 dd 9a 7e a4 02 00 00
RBP=0x0 is null
RSI=0x000002a40bbbc510 points into unknown readable memory: 0x000002a40bbc1b20 | 20 1b bc 0b a4 02 00 00
RDI=0x000002a47e6f04f0 points into unknown readable memory: 0x000002a47e93d900 | 00 d9 93 7e a4 02 00 00
R8 =0x0000000000000014 is an unknown value
R9 =0x000000c5b7e90000 points into unknown readable memory: 0x0000000000000000 | 00 00 00 00 00 00 00 00
R10=0x0 is null
R11=0x0 is null
R12=0x0 is null
R13=0x000002a40bbc1b20 points into unknown readable memory: 0x000002a438ce6290 | 90 62 ce 38 a4 02 00 00
R14=0x00000000000e0700 is an unknown value
R15=0x0000000000000016 is an unknown value

Top of Stack: (sp=0x000000c5b8bfe180)
0x000000c5b8bfe180:   000002a47e9adda0 036f89a9035e61a9
0x000000c5b8bfe190:   035b9aaa02fe53aa 02bf12ab02eccdaa
0x000000c5b8bfe1a0:   02b97dab02e266ab 036fedab02f39eab
0x000000c5b8bfe1b0:   02c01eac022bf4ab 021c4dac034833ac
0x000000c5b8bfe1c0:   000002a47e67fdb8 00000000000e079f
0x000000c5b8bfe1d0:   0000000000000000 0000000000000010
0x000000c5b8bfe1e0:   0000000000000000 0000000000000000
0x000000c5b8bfe1f0:   000000c5b8bfe300 00007ffa47f5bc3c
0x000000c5b8bfe200:   000002a47e9adda0 000002a47e6f04f0
0x000000c5b8bfe210:   0369b7b402207300 0316fdb402f5d800
0x000000c5b8bfe220:   000000c500000844 0000b80220620000
0x000000c5b8bfe230:   0000000000000000 037640b702c40bb7
0x000000c5b8bfe240:   02f5e3b8038100b8 02d494b90345ebb8
0x000000c5b8bfe250:   029d43ba0357ebb9 016f8cba02dc74ba
0x000000c5b8bfe260:   0363f0ba02a3b4ba 00007ffa47f519a0
0x000000c5b8bfe270:   025e8dbc02e535bc 0360dcbc0373b9bc
0x000000c5b8bfe280:   038350bd008f38bd 02b8d7bd0318c9bd
0x000000c5b8bfe290:   02aa5abe029d43be 02f831bf0360ebbe
0x000000c5b8bfe2a0:   031205c00276c4bf 00007ffa47d33cdf
0x000000c5b8bfe2b0:   0000b80220620000 0000000000000844
0x000000c5b8bfe2c0:   0000000000000000 4000188000000001
0x000000c5b8bfe2d0:   0000000000000000 0000000000000000
0x000000c5b8bfe2e0:   0000000000000000 0000000000000000
0x000000c5b8bfe2f0:   0000000000000000 0000000000000000
0x000000c5b8bfe300:   0000000000000000 0000000000000000
0x000000c5b8bfe310:   0000000000000000 0000000000000000
0x000000c5b8bfe320:   0000000000000000 0000000000000000
0x000000c5b8bfe330:   0000000000000000 0000000000000000
0x000000c5b8bfe340:   0000000000000000 0000000000000000
0x000000c5b8bfe350:   0000000000000000 0000000000000000
0x000000c5b8bfe360:   0000000000000000 0000000000000000
0x000000c5b8bfe370:   0000000000000000 0000000000000000 

Instructions: (pc=0x00007ffa47de366c)
0x00007ffa47de356c:   ec 40 45 8a e1 48 8b fa 48 8b e9 48 8b 1d 42 08
0x00007ffa47de357c:   e0 00 48 89 58 08 48 8b cb ff 15 85 5b 9a 00 90
0x00007ffa47de358c:   4c 8b af 78 02 00 00 48 8b 05 c6 e4 cf 00 44 8b
0x00007ffa47de359c:   b8 40 0b 00 00 45 33 db 45 8a f3 4c 89 9f 78 02
0x00007ffa47de35ac:   00 00 44 89 9f 80 02 00 00 4c 89 9f 98 02 00 00
0x00007ffa47de35bc:   4c 89 9f 88 02 00 00 48 85 ed 75 38 8b 35 4a e2
0x00007ffa47de35cc:   df 00 65 48 8b 04 25 58 00 00 00 b9 14 00 00 00
0x00007ffa47de35dc:   48 8b 04 f0 44 38 1c 01 0f 84 9d da 86 00 65 48
0x00007ffa47de35ec:   8b 04 25 58 00 00 00 bd 20 00 00 00 48 8b 04 f0
0x00007ffa47de35fc:   48 8b 2c 28 48 3b 2d 39 07 e0 00 45 0f 44 fb 4d
0x00007ffa47de360c:   85 ed 0f 84 21 01 00 00 44 8a a4 24 90 00 00 00
0x00007ffa47de361c:   49 8b dd 49 8d b5 d0 05 00 00 4c 8b 2e 45 84 e4
0x00007ffa47de362c:   0f 85 2a 03 00 00 8b 97 c8 01 00 00 48 8b 05 21
0x00007ffa47de363c:   e4 cf 00 83 b8 78 03 00 00 02 75 31 83 fa 10 0f
0x00007ffa47de364c:   83 20 01 00 00 48 8d 04 d5 21 00 00 00 48 03 c2
0x00007ffa47de365c:   48 8d 04 c3 48 85 c0 0f 85 ff 00 00 00 49 8b cb
0x00007ffa47de366c:   48 3b 8d f8 56 03 00 0f 87 f3 02 00 00 4c 39 9b
0x00007ffa47de367c:   48 06 00 00 0f 85 41 da 86 00 44 8b 97 c8 01 00
0x00007ffa47de368c:   00 48 8b 87 e0 01 00 00 4c 8b 08 8b 97 c8 01 00
0x00007ffa47de369c:   00 83 fa 10 0f 83 03 01 00 00 48 8d 04 d5 21 00
0x00007ffa47de36ac:   00 00 48 03 c2 48 8d 04 c3 48 85 c0 0f 85 e2 00
0x00007ffa47de36bc:   00 00 49 8b cb 49 3b c9 0f 86 0e 01 00 00 48 8b
0x00007ffa47de36cc:   87 78 02 00 00 48 89 06 48 89 9f 78 02 00 00 ff
0x00007ffa47de36dc:   87 80 02 00 00 48 8b 43 08 48 8b 88 18 01 00 00
0x00007ffa47de36ec:   48 81 e1 00 00 ff ff 48 81 c1 00 00 01 00 48 01
0x00007ffa47de36fc:   8f 88 02 00 00 48 8b 43 08 48 8b 88 18 01 00 00
0x00007ffa47de370c:   48 01 8f 98 02 00 00 4d 85 ed 0f 85 00 ff ff ff
0x00007ffa47de371c:   45 84 f6 44 8a a4 24 98 00 00 00 0f 85 82 03 00
0x00007ffa47de372c:   00 48 8b 9c 24 80 00 00 00 48 8b cf 45 84 e4 0f
0x00007ffa47de373c:   85 8a 03 00 00 e8 fa f9 ff ff 90 48 8b cb 48 8b
0x00007ffa47de374c:   9c 24 88 00 00 00 48 83 c4 40 41 5f 41 5e 41 5d
0x00007ffa47de375c:   41 5c 5f 5e 5d 48 ff 25 b0 59 9a 00 48 8b 48 08 


Stack slot to memory mapping:

stack at sp + 0 slots: 0x000002a47e9adda0 points into unknown readable memory: 0xffffffffffffffff | ff ff ff ff ff ff ff ff
stack at sp + 1 slots: 0x036f89a9035e61a9 is an unknown value
stack at sp + 2 slots: 0x035b9aaa02fe53aa is an unknown value
stack at sp + 3 slots: 0x02bf12ab02eccdaa is an unknown value
stack at sp + 4 slots: 0x02b97dab02e266ab is an unknown value
stack at sp + 5 slots: 0x036fedab02f39eab is an unknown value
stack at sp + 6 slots: 0x02c01eac022bf4ab is an unknown value
stack at sp + 7 slots: 0x021c4dac034833ac is an unknown value

VM_Operation (0x000000c5b81ff3e0): Exit, mode: safepoint, requested by thread 0x000002a40c2a8d30


---------------  P R O C E S S  ---------------

Threads class SMR info:
_java_thread_list=0x000002a40bc50520, length=19, elements={
0x000002a438205410, 0x000002a438206160, 0x000002a43820d360, 0x000002a43820e590,
0x000002a438232110, 0x000002a438232c60, 0x000002a43823db00, 0x000002a438355860,
0x000002a438462c00, 0x000002a438b65510, 0x000002a438b65b80, 0x000002a47e923290,
0x000002a47eeeeb10, 0x000002a40bc58830, 0x000002a47ef894d0, 0x000002a4385615d0,
0x000002a47ef62090, 0x000002a40bf8e2b0, 0x000002a40c2a8d30
}

Java Threads: ( => current thread )
  0x000002a438205410 JavaThread "Reference Handler"          daemon [_thread_blocked, id=29972, stack(0x000000c5b8c00000,0x000000c5b8d00000) (1024K)]
  0x000002a438206160 JavaThread "Finalizer"                  daemon [_thread_blocked, id=26648, stack(0x000000c5b8d00000,0x000000c5b8e00000) (1024K)]
  0x000002a43820d360 JavaThread "Signal Dispatcher"          daemon [_thread_blocked, id=27060, stack(0x000000c5b8e00000,0x000000c5b8f00000) (1024K)]
  0x000002a43820e590 JavaThread "Attach Listener"            daemon [_thread_blocked, id=19200, stack(0x000000c5b8f00000,0x000000c5b9000000) (1024K)]
  0x000002a438232110 JavaThread "Service Thread"             daemon [_thread_blocked, id=30468, stack(0x000000c5b9000000,0x000000c5b9100000) (1024K)]
  0x000002a438232c60 JavaThread "Monitor Deflation Thread"   daemon [_thread_blocked, id=28904, stack(0x000000c5b9100000,0x000000c5b9200000) (1024K)]
  0x000002a43823db00 JavaThread "C2 CompilerThread0"         daemon [_thread_blocked, id=21660, stack(0x000000c5b9200000,0x000000c5b9300000) (1024K)]
  0x000002a438355860 JavaThread "C1 CompilerThread0"         daemon [_thread_blocked, id=27024, stack(0x000000c5b9300000,0x000000c5b9400000) (1024K)]
  0x000002a438462c00 JavaThread "Common-Cleaner"             daemon [_thread_blocked, id=22516, stack(0x000000c5b9400000,0x000000c5b9500000) (1024K)]
  0x000002a438b65510 JavaThread "Monitor Ctrl-Break"         daemon [_thread_in_native, id=23916, stack(0x000000c5b9700000,0x000000c5b9800000) (1024K)]
  0x000002a438b65b80 JavaThread "Notification Thread"        daemon [_thread_blocked, id=30404, stack(0x000000c5b9800000,0x000000c5b9900000) (1024K)]
  0x000002a47e923290 JavaThread "FileSystemWatchService"     daemon [_thread_in_native, id=21236, stack(0x000000c5ba400000,0x000000c5ba500000) (1024K)]
  0x000002a47eeeeb10 JavaThread "Java2D Disposer"            daemon [_thread_blocked, id=23504, stack(0x000000c5ba900000,0x000000c5baa00000) (1024K)]
  0x000002a40bc58830 JavaThread "AWT-Shutdown"                      [_thread_blocked, id=20140, stack(0x000000c5baa00000,0x000000c5bab00000) (1024K)]
  0x000002a47ef894d0 JavaThread "AWT-EventQueue-0"                  [_thread_blocked, id=7892, stack(0x000000c5bac00000,0x000000c5bad00000) (1024K)]
  0x000002a4385615d0 JavaThread "FileSystemWatchService"     daemon [_thread_in_native, id=8788, stack(0x000000c5ba500000,0x000000c5ba600000) (1024K)]
  0x000002a47ef62090 JavaThread "BJE-Asset-Watcher"          daemon [_thread_blocked, id=26892, stack(0x000000c5bb200000,0x000000c5bb300000) (1024K)]
  0x000002a40bf8e2b0 JavaThread "DestroyJavaVM"                     [_thread_blocked, id=13392, stack(0x000000c5b8400000,0x000000c5b8500000) (1024K)]
  0x000002a40c2a8d30 JavaThread "SIGINT handler"             daemon [_thread_blocked, id=12996, stack(0x000000c5b8100000,0x000000c5b8200000) (1024K)]
Total: 19

Other Threads:
=>0x000002a4381e0d60 VMThread "VM Thread"                           [id=30244, stack(0x000000c5b8b00000,0x000000c5b8c00000) (1024K)]
  0x000002a418d67a10 WorkerThread "GC Thread#0"                     [id=17092, stack(0x000000c5b8500000,0x000000c5b8600000) (1024K)]
  0x000002a438c7d740 WorkerThread "GC Thread#1"                     [id=23068, stack(0x000000c5b9900000,0x000000c5b9a00000) (1024K)]
  0x000002a438c7dae0 WorkerThread "GC Thread#2"                     [id=13552, stack(0x000000c5b9a00000,0x000000c5b9b00000) (1024K)]
  0x000002a438c7de80 WorkerThread "GC Thread#3"                     [id=21680, stack(0x000000c5b9b00000,0x000000c5b9c00000) (1024K)]
  0x000002a438c7e630 WorkerThread "GC Thread#4"                     [id=10708, stack(0x000000c5b9c00000,0x000000c5b9d00000) (1024K)]
  0x000002a438c7e9d0 WorkerThread "GC Thread#5"                     [id=24328, stack(0x000000c5b9d00000,0x000000c5b9e00000) (1024K)]
  0x000002a438c338d0 WorkerThread "GC Thread#6"                     [id=1564, stack(0x000000c5b9e00000,0x000000c5b9f00000) (1024K)]
  0x000002a47f0a9750 WorkerThread "GC Thread#7"                     [id=23152, stack(0x000000c5ba600000,0x000000c5ba700000) (1024K)]
  0x000002a47f0a9010 WorkerThread "GC Thread#8"                     [id=27148, stack(0x000000c5ba700000,0x000000c5ba800000) (1024K)]
  0x000002a47f0a9af0 WorkerThread "GC Thread#9"                     [id=9796, stack(0x000000c5ba800000,0x000000c5ba900000) (1024K)]
  0x000002a418d79500 ConcurrentGCThread "G1 Main Marker"            terminated
  0x000002a418d7a000 WorkerThread "G1 Conc#0"                       [id=29624, stack(0x000000c5b8700000,0x000000c5b8800000) (1024K)]
  0x000002a47f0a88d0 WorkerThread "G1 Conc#1"                       [id=24640, stack(0x000000c5b9500000,0x000000c5b9600000) (1024K)]
  0x000002a47f0a8c70 WorkerThread "G1 Conc#2"                       [id=18576, stack(0x000000c5b9600000,0x000000c5b9700000) (1024K)]
  0x000002a418dbe530 ConcurrentGCThread "G1 Refine#0"               terminated
  0x000002a43809d310 ConcurrentGCThread "G1 Service"                terminated
Total: 17

Threads with active compile tasks:
Total: 0

VM state: at safepoint (shutting down)

VM Mutex/Monitor currently owned by a thread:  ([mutex/lock_event])
[0x00007ffad779a5f8] Threads_lock - owner thread: 0x000002a4381e0d60
[0x00007ffad779a6f8] Heap_lock - owner thread: 0x000002a40c2a8d30

Heap address: 0x0000000703600000, size: 4042 MB, Compressed Oops mode: Zero based, Oop shift amount: 3

CDS archive(s) mapped at: [0x000002a439000000-0x000002a439c90000-0x000002a439c90000), size 13172736, SharedBaseAddress: 0x000002a439000000, ArchiveRelocationMode: 1.
Compressed class space mapped at: 0x000002a43a000000-0x000002a47a000000, reserved size: 1073741824
Narrow klass base: 0x000002a439000000, Narrow klass shift: 0, Narrow klass range: 0x100000000

GC Precious Log:
 CardTable entry size: 512
 Card Set container configuration: InlinePtr #cards 4 size 8 Array Of Cards #cards 16 size 48 Howl #buckets 8 coarsen threshold 3686 Howl Bitmap #cards 512 size 80 coarsen threshold 460 Card regions per heap region 1 cards per card region 4096
 CPUs: 12 total, 12 available
 Memory: 16163M
 Large Page Support: Disabled
 NUMA Support: Disabled
 Compressed Oops: Enabled (Zero based)
 Heap Region Size: 2M
 Heap Min Capacity: 8M
 Heap Initial Capacity: 254M
 Heap Max Capacity: 4042M
 Pre-touch: Disabled
 Parallel Workers: 10
 Concurrent Workers: 3
 Concurrent Refinement Workers: 10
 Periodic GC: Disabled

Heap:
 garbage-first heap   total 53248K, used 11782K [0x0000000703600000, 0x0000000800000000)
  region size 2048K, 7 young (14336K), 6 survivors (12288K)
 Metaspace       used 26190K, committed 26496K, reserved 1114112K
  class space    used 2437K, committed 2560K, reserved 1048576K

Heap Regions: E=young(eden), S=young(survivor), O=old, HS=humongous(starts), HC=humongous(continues), CS=collection set, F=free, TAMS=top-at-mark-start, PB=parsable bottom
|   0|0x0000000703600000, 0x0000000703619d70, 0x0000000703800000|  5%| O|Cm|TAMS 0x0000000703600000| PB 0x0000000703600000| Complete 
|   1|0x0000000703800000, 0x0000000703800000, 0x0000000703a00000|  0%| F|  |TAMS 0x0000000703800000| PB 0x0000000703800000| Untracked 
|   2|0x0000000703a00000, 0x0000000703a00000, 0x0000000703c00000|  0%| F|  |TAMS 0x0000000703a00000| PB 0x0000000703a00000| Untracked 
|   3|0x0000000703c00000, 0x0000000703c00000, 0x0000000703e00000|  0%| F|  |TAMS 0x0000000703c00000| PB 0x0000000703c00000| Untracked 
|   4|0x0000000703e00000, 0x0000000703e00000, 0x0000000704000000|  0%| F|  |TAMS 0x0000000703e00000| PB 0x0000000703e00000| Untracked 
|   5|0x0000000704000000, 0x0000000704000000, 0x0000000704200000|  0%| F|  |TAMS 0x0000000704000000| PB 0x0000000704000000| Untracked 
|   6|0x0000000704200000, 0x0000000704200000, 0x0000000704400000|  0%| F|  |TAMS 0x0000000704200000| PB 0x0000000704200000| Untracked 
|   7|0x0000000704400000, 0x0000000704400000, 0x0000000704600000|  0%| F|  |TAMS 0x0000000704400000| PB 0x0000000704400000| Untracked 
|   8|0x0000000704600000, 0x0000000704600000, 0x0000000704800000|  0%| F|  |TAMS 0x0000000704600000| PB 0x0000000704600000| Untracked 
|   9|0x0000000704800000, 0x0000000704800000, 0x0000000704a00000|  0%| F|  |TAMS 0x0000000704800000| PB 0x0000000704800000| Untracked 
|  10|0x0000000704a00000, 0x0000000704a00000, 0x0000000704c00000|  0%| F|  |TAMS 0x0000000704a00000| PB 0x0000000704a00000| Untracked 
|  11|0x0000000704c00000, 0x0000000704c00000, 0x0000000704e00000|  0%| F|  |TAMS 0x0000000704c00000| PB 0x0000000704c00000| Untracked 
|  12|0x0000000704e00000, 0x0000000704e00000, 0x0000000705000000|  0%| F|  |TAMS 0x0000000704e00000| PB 0x0000000704e00000| Untracked 
|  13|0x0000000705000000, 0x0000000705000000, 0x0000000705200000|  0%| F|  |TAMS 0x0000000705000000| PB 0x0000000705000000| Untracked 
|  14|0x0000000705200000, 0x0000000705200000, 0x0000000705400000|  0%| F|  |TAMS 0x0000000705200000| PB 0x0000000705200000| Untracked 
|  15|0x0000000705400000, 0x0000000705600000, 0x0000000705600000|100%| S|CS|TAMS 0x0000000705400000| PB 0x0000000705400000| Complete 
|  16|0x0000000705600000, 0x0000000705800000, 0x0000000705800000|100%| S|CS|TAMS 0x0000000705600000| PB 0x0000000705600000| Complete 
|  17|0x0000000705800000, 0x0000000705a00000, 0x0000000705a00000|100%| S|CS|TAMS 0x0000000705800000| PB 0x0000000705800000| Complete 
|  18|0x0000000705a00000, 0x0000000705c00000, 0x0000000705c00000|100%| S|CS|TAMS 0x0000000705a00000| PB 0x0000000705a00000| Complete 
|  19|0x0000000705c00000, 0x0000000705e00000, 0x0000000705e00000|100%| S|CS|TAMS 0x0000000705c00000| PB 0x0000000705c00000| Complete 
|  20|0x0000000705e00000, 0x0000000705f67e40, 0x0000000706000000| 70%| S|CS|TAMS 0x0000000705e00000| PB 0x0000000705e00000| Complete 
| 121|0x0000000712800000, 0x0000000712800000, 0x0000000712a00000|  0%| F|  |TAMS 0x0000000712800000| PB 0x0000000712800000| Untracked 
| 122|0x0000000712a00000, 0x0000000712a00000, 0x0000000712c00000|  0%| F|  |TAMS 0x0000000712a00000| PB 0x0000000712a00000| Untracked 
| 123|0x0000000712c00000, 0x0000000712c00000, 0x0000000712e00000|  0%| F|  |TAMS 0x0000000712c00000| PB 0x0000000712c00000| Untracked 
| 124|0x0000000712e00000, 0x0000000712e00000, 0x0000000713000000|  0%| F|  |TAMS 0x0000000712e00000| PB 0x0000000712e00000| Untracked 
| 126|0x0000000713200000, 0x0000000713400000, 0x0000000713400000|100%| E|  |TAMS 0x0000000713200000| PB 0x0000000713200000| Complete 

Card table byte_map: [0x000002a430e80000,0x000002a431670000] _byte_map_base: 0x000002a42d665000

Marking Bits: (CMBitMap*) 0x000002a418d68110
 Bits: [0x000002a431670000, 0x000002a435598000)

Polling page: 0x000002a4184a0000

Metaspace:

Usage:
  Non-class:     23.20 MB used.
      Class:      2.38 MB used.
       Both:     25.58 MB used.

Virtual space:
  Non-class space:       64.00 MB reserved,      23.38 MB ( 37%) committed,  1 nodes.
      Class space:        1.00 GB reserved,       2.50 MB ( <1%) committed,  1 nodes.
             Both:        1.06 GB reserved,      25.88 MB (  2%) committed. 

Chunk freelists:
   Non-Class:  7.75 MB
       Class:  13.39 MB
        Both:  21.14 MB

MaxMetaspaceSize: unlimited
CompressedClassSpaceSize: 1.00 GB
Initial GC threshold: 21.00 MB
Current GC threshold: 35.12 MB
CDS: on
 - commit_granule_bytes: 65536.
 - commit_granule_words: 8192.
 - virtual_space_node_default_size: 8388608.
 - enlarge_chunks_in_place: 1.
 - use_allocation_guard: 0.


Internal statistics:

num_allocs_failed_limit: 3.
num_arena_births: 310.
num_arena_deaths: 0.
num_vsnodes_births: 2.
num_vsnodes_deaths: 0.
num_space_committed: 412.
num_space_uncommitted: 0.
num_chunks_returned_to_freelist: 3.
num_chunks_taken_from_freelist: 1035.
num_chunk_merges: 3.
num_chunk_splits: 779.
num_chunks_enlarged: 618.
num_inconsistent_stats: 0.

CodeHeap 'non-profiled nmethods': size=120000Kb used=1491Kb max_used=1491Kb free=118508Kb
 bounds [0x000002a428c10000, 0x000002a428e80000, 0x000002a430140000]
CodeHeap 'profiled nmethods': size=120000Kb used=6035Kb max_used=6035Kb free=113964Kb
 bounds [0x000002a421140000, 0x000002a421730000, 0x000002a428670000]
CodeHeap 'non-nmethods': size=5760Kb used=3075Kb max_used=3102Kb free=2684Kb
 bounds [0x000002a428670000, 0x000002a428990000, 0x000002a428c10000]
 total_blobs=5032 nmethods=3526 adapters=1409
 compilation: enabled
              stopped_count=0, restarted_count=0
 full_count=0

Compilation events (20 events):
Event: 11.563 Thread 0x000002a438355860 3521   !   3       jdk.internal.ref.Cleaner::clean (35 bytes)
Event: 11.563 Thread 0x000002a4388d26e0 nmethod 3523 0x000002a428d7fc10 code [0x000002a428d7fda0, 0x000002a428d7fe60]
Event: 11.563 Thread 0x000002a4388d26e0 3524       4       jdk.internal.misc.Unsafe::weakCompareAndSetLong (11 bytes)
Event: 11.564 Thread 0x000002a438355860 nmethod 3521 0x000002a421721110 code [0x000002a421721340, 0x000002a421721950]
Event: 11.564 Thread 0x000002a438355860 3522       3       java.nio.Bits::unreserveMemory (64 bytes)
Event: 11.564 Thread 0x000002a4388d26e0 nmethod 3524 0x000002a428d7ff10 code [0x000002a428d800a0, 0x000002a428d80140]
Event: 11.564 Thread 0x000002a438355860 nmethod 3522 0x000002a421721b90 code [0x000002a421721d60, 0x000002a421721f30]
Event: 11.564 Thread 0x000002a438355860 3517       3       java.nio.DirectByteBuffer$Deallocator::run (38 bytes)
Event: 11.564 Thread 0x000002a438355860 nmethod 3517 0x000002a421722090 code [0x000002a421722280, 0x000002a4217226b0]
Event: 11.564 Thread 0x000002a438355860 3520       3       java.util.concurrent.atomic.AtomicLong::decrementAndGet (16 bytes)
Event: 11.564 Thread 0x000002a438355860 nmethod 3520 0x000002a421722810 code [0x000002a4217229a0, 0x000002a421722ad0]
Event: 11.564 Thread 0x000002a438355860 3525       3       java.util.concurrent.locks.AbstractQueuedSynchronizer$ConditionObject::signalAll (34 bytes)
Event: 11.564 Thread 0x000002a438355860 nmethod 3525 0x000002a421722b90 code [0x000002a421722d60, 0x000002a4217230c8]
Event: 11.564 Thread 0x000002a438355860 3528   !   3       jdk.internal.ref.PhantomCleanable::isListEmpty (34 bytes)
Event: 11.564 Thread 0x000002a438355860 nmethod 3528 0x000002a421723210 code [0x000002a4217233c0, 0x000002a421723630]
Event: 11.564 Thread 0x000002a438355860 3526   !   3       java.lang.ref.ReferenceQueue::enqueue (32 bytes)
Event: 11.564 Thread 0x000002a438355860 nmethod 3526 0x000002a421723790 code [0x000002a4217239e0, 0x000002a421724368]
Event: 11.564 Thread 0x000002a438355860 3527       3       java.lang.ref.ReferenceQueue::signal (10 bytes)
Event: 11.565 Thread 0x000002a438355860 nmethod 3527 0x000002a421724710 code [0x000002a421724900, 0x000002a421724d30]
Event: 11.569 Thread 0x000002a43823db00 nmethod 3506% 0x000002a428d80210 code [0x000002a428d806a0, 0x000002a428d83110]

GC Heap History (8 events):
Event: 0.295 GC heap before
{Heap before GC invocations=0 (full 0):
 garbage-first heap   total 260096K, used 22528K [0x0000000703600000, 0x0000000800000000)
  region size 2048K, 11 young (22528K), 0 survivors (0K)
 Metaspace       used 3928K, committed 4096K, reserved 1114112K
  class space    used 336K, committed 448K, reserved 1048576K
}
Event: 0.297 GC heap after
{Heap after GC invocations=1 (full 0):
 garbage-first heap   total 260096K, used 2474K [0x0000000703600000, 0x0000000800000000)
  region size 2048K, 2 young (4096K), 2 survivors (4096K)
 Metaspace       used 3928K, committed 4096K, reserved 1114112K
  class space    used 336K, committed 448K, reserved 1048576K
}
Event: 1.453 GC heap before
{Heap before GC invocations=1 (full 0):
 garbage-first heap   total 260096K, used 39338K [0x0000000703600000, 0x0000000800000000)
  region size 2048K, 21 young (43008K), 2 survivors (4096K)
 Metaspace       used 19716K, committed 19904K, reserved 1114112K
  class space    used 1843K, committed 1920K, reserved 1048576K
}
Event: 1.458 GC heap after
{Heap after GC invocations=2 (full 0):
 garbage-first heap   total 260096K, used 6247K [0x0000000703600000, 0x0000000800000000)
  region size 2048K, 3 young (6144K), 3 survivors (6144K)
 Metaspace       used 19716K, committed 19904K, reserved 1114112K
  class space    used 1843K, committed 1920K, reserved 1048576K
}
Event: 1.573 GC heap before
{Heap before GC invocations=2 (full 0):
 garbage-first heap   total 260096K, used 8295K [0x0000000703600000, 0x0000000800000000)
  region size 2048K, 5 young (10240K), 3 survivors (6144K)
 Metaspace       used 21297K, committed 21504K, reserved 1114112K
  class space    used 1925K, committed 2048K, reserved 1048576K
}
Event: 1.576 GC heap after
{Heap after GC invocations=3 (full 0):
 garbage-first heap   total 260096K, used 6718K [0x0000000703600000, 0x0000000800000000)
  region size 2048K, 4 young (8192K), 4 survivors (8192K)
 Metaspace       used 21297K, committed 21504K, reserved 1114112K
  class space    used 1925K, committed 2048K, reserved 1048576K
}
Event: 11.556 GC heap before
{Heap before GC invocations=4 (full 0):
 garbage-first heap   total 40960K, used 37438K [0x0000000703600000, 0x0000000800000000)
  region size 2048K, 19 young (38912K), 4 survivors (8192K)
 Metaspace       used 26183K, committed 26496K, reserved 1114112K
  class space    used 2436K, committed 2560K, reserved 1048576K
}
Event: 11.562 GC heap after
{Heap after GC invocations=5 (full 0):
 garbage-first heap   total 53248K, used 11782K [0x0000000703600000, 0x0000000800000000)
  region size 2048K, 6 young (12288K), 6 survivors (12288K)
 Metaspace       used 26183K, committed 26496K, reserved 1114112K
  class space    used 2436K, committed 2560K, reserved 1048576K
}

Dll operation events (15 events):
Event: 0.006 Loaded shared library C:\Users\stas2\.jdks\openjdk-21.0.1\bin\java.dll
Event: 0.033 Loaded shared library C:\Users\stas2\.jdks\openjdk-21.0.1\bin\jsvml.dll
Event: 0.063 Loaded shared library C:\Users\stas2\.jdks\openjdk-21.0.1\bin\net.dll
Event: 0.065 Loaded shared library C:\Users\stas2\.jdks\openjdk-21.0.1\bin\nio.dll
Event: 0.069 Loaded shared library C:\Users\stas2\.jdks\openjdk-21.0.1\bin\zip.dll
Event: 0.159 Loaded shared library C:\Users\stas2\.jdks\openjdk-21.0.1\bin\zip.dll
Event: 0.161 Loaded shared library C:\Users\stas2\.jdks\openjdk-21.0.1\bin\instrument.dll
Event: 0.180 Loaded shared library C:\IntelliJ IDEA Community Edition 2021.3.2\IntelliJ IDEA Community Edition 2023.2.1\bin\breakgen64.dll
Event: 0.248 Loaded shared library C:\Users\stas2\.jdks\openjdk-21.0.1\bin\jimage.dll
Event: 0.365 Loaded shared library C:\Users\stas2\AppData\Local\Temp\lwjgl_stas2\3.3.4+7\x64\lwjgl.dll
Event: 0.569 Loaded shared library C:\Users\stas2\AppData\Local\Temp\lwjgl_stas2\3.3.4+7\x64\lwjgl_opengl.dll
Event: 0.826 Loaded shared library C:\Users\stas2\AppData\Local\Temp\imgui-java-natives\1.89.0\imgui-java64.dll
Event: 0.858 Loaded shared library C:\Users\stas2\.jdks\openjdk-21.0.1\bin\verify.dll
Event: 0.870 Loaded shared library C:\Users\stas2\AppData\Local\Temp\lwjgl_stas2\3.3.4+7\x64\lwjgl_stb.dll
Event: 3.736 Loaded shared library C:\Users\stas2\.jdks\openjdk-21.0.1\bin\awt.dll

Deoptimization events (20 events):
Event: 7.202 Thread 0x000002a416a9af10 Uncommon trap: trap_request=0xffffffde fr.pc=0x000002a428d2607c relative=0x0000000000000efc
Event: 7.202 Thread 0x000002a416a9af10 Uncommon trap: reason=class_check action=maybe_recompile pc=0x000002a428d2607c method=com.bedrye.bjge.GameEngine.Objects.Editor.BJEResourceManager.getByName(Ljava/lang/String;)Lcom/bedrye/bjge/GameEngine/Util/BJEResource; @ 34 c2
Event: 7.202 Thread 0x000002a416a9af10 DEOPT PACKING pc=0x000002a428d2607c sp=0x000000c5b84fef10
Event: 7.202 Thread 0x000002a416a9af10 DEOPT UNPACKING pc=0x000002a4286c7da2 sp=0x000000c5b84feef0 mode 2
Event: 9.623 Thread 0x000002a416a9af10 Uncommon trap: trap_request=0xffffff45 fr.pc=0x000002a428c8c0dc relative=0x000000000000011c
Event: 9.623 Thread 0x000002a416a9af10 Uncommon trap: reason=unstable_if action=reinterpret pc=0x000002a428c8c0dc method=java.lang.ThreadLocal$ThreadLocalMap.getEntry(Ljava/lang/ThreadLocal;)Ljava/lang/ThreadLocal$ThreadLocalMap$Entry; @ 29 c2
Event: 9.623 Thread 0x000002a416a9af10 DEOPT PACKING pc=0x000002a428c8c0dc sp=0x000000c5b84fec90
Event: 9.623 Thread 0x000002a416a9af10 DEOPT UNPACKING pc=0x000002a4286c7da2 sp=0x000000c5b84febb0 mode 2
Event: 9.671 Thread 0x000002a416a9af10 Uncommon trap: trap_request=0xffffff45 fr.pc=0x000002a428ce4244 relative=0x0000000000000364
Event: 9.671 Thread 0x000002a416a9af10 Uncommon trap: reason=unstable_if action=reinterpret pc=0x000002a428ce4244 method=java.util.HashMap.getNode(Ljava/lang/Object;)Ljava/util/HashMap$Node; @ 66 c2
Event: 9.671 Thread 0x000002a416a9af10 DEOPT PACKING pc=0x000002a428ce4244 sp=0x000000c5b84fdcf0
Event: 9.671 Thread 0x000002a416a9af10 DEOPT UNPACKING pc=0x000002a4286c7da2 sp=0x000000c5b84fdc10 mode 2
Event: 9.671 Thread 0x000002a416a9af10 Uncommon trap: trap_request=0xffffff45 fr.pc=0x000002a428d2c670 relative=0x0000000000000930
Event: 9.671 Thread 0x000002a416a9af10 Uncommon trap: reason=unstable_if action=reinterpret pc=0x000002a428d2c670 method=java.util.HashMap.putVal(ILjava/lang/Object;Ljava/lang/Object;ZZ)Ljava/lang/Object; @ 94 c2
Event: 9.671 Thread 0x000002a416a9af10 DEOPT PACKING pc=0x000002a428d2c670 sp=0x000000c5b84fdc50
Event: 9.671 Thread 0x000002a416a9af10 DEOPT UNPACKING pc=0x000002a4286c7da2 sp=0x000000c5b84fdbf8 mode 2
Event: 9.671 Thread 0x000002a416a9af10 Uncommon trap: trap_request=0xffffff45 fr.pc=0x000002a428c93a9c relative=0x00000000000001bc
Event: 9.671 Thread 0x000002a416a9af10 Uncommon trap: reason=unstable_if action=reinterpret pc=0x000002a428c93a9c method=java.util.HashMap.getNode(Ljava/lang/Object;)Ljava/util/HashMap$Node; @ 66 c2
Event: 9.671 Thread 0x000002a416a9af10 DEOPT PACKING pc=0x000002a428c93a9c sp=0x000000c5b84fdc90
Event: 9.671 Thread 0x000002a416a9af10 DEOPT UNPACKING pc=0x000002a4286c7da2 sp=0x000000c5b84fdc10 mode 2

Classes loaded (20 events):
Event: 9.651 Loading class sun/reflect/generics/reflectiveObjects/TypeVariableImpl
Event: 9.651 Loading class sun/reflect/generics/reflectiveObjects/LazyReflectiveObjectGenerator
Event: 9.651 Loading class sun/reflect/generics/reflectiveObjects/LazyReflectiveObjectGenerator done
Event: 9.651 Loading class sun/reflect/generics/reflectiveObjects/TypeVariableImpl done
Event: 9.672 Loading class sun/reflect/generics/repository/FieldRepository
Event: 9.672 Loading class sun/reflect/generics/repository/FieldRepository done
Event: 9.685 Loading class sun/invoke/util/ValueConversions$1
Event: 9.685 Loading class sun/invoke/util/ValueConversions$1 done
Event: 9.685 Loading class java/lang/invoke/BoundMethodHandle$Species_LI
Event: 9.685 Loading class java/lang/invoke/BoundMethodHandle$Species_LI done
Event: 9.689 Loading class jdk/internal/math/FDBigInteger
Event: 9.689 Loading class jdk/internal/math/FDBigInteger done
Event: 11.555 Loading class java/lang/Throwable$WrappedPrintStream
Event: 11.555 Loading class java/lang/Throwable$PrintStreamOrWriter
Event: 11.555 Loading class java/lang/Throwable$PrintStreamOrWriter done
Event: 11.555 Loading class java/lang/Throwable$WrappedPrintStream done
Event: 11.556 Loading class java/lang/StackTraceElement$HashedModules
Event: 11.556 Loading class java/lang/StackTraceElement$HashedModules done
Event: 72.336 Loading class jdk/internal/misc/Signal$1
Event: 72.336 Loading class jdk/internal/misc/Signal$1 done

Classes unloaded (0 events):
No events

Classes redefined (0 events):
No events

Internal exceptions (20 events):
Event: 3.781 Thread 0x000002a416a9af10 Exception <a 'java/lang/NoSuchMethodError'{0x0000000705361270}: 'int java.lang.invoke.DirectMethodHandle$Holder.invokeStatic(java.lang.Object)'> (0x0000000705361270) 
thrown [s\open\src\hotspot\share\interpreter\linkResolver.cpp, line 773]
Event: 9.682 Thread 0x000002a416a9af10 Exception <a 'java/lang/NoSuchMethodError'{0x000000070467f9c0}: 'void java.lang.invoke.Invokers$Holder.invokeExact_MT(java.lang.Object, java.lang.Object, java.lang.Object, java.lang.Object)'> (0x000000070467f9c0) 
thrown [s\open\src\hotspot\share\interpreter\linkResolver.cpp, line 773]
Event: 9.685 Thread 0x000002a416a9af10 Exception <a 'java/lang/NoSuchMethodError'{0x00000007046a0d58}: 'void java.lang.invoke.DirectMethodHandle$Holder.invokeSpecial(java.lang.Object, java.lang.Object, float)'> (0x00000007046a0d58) 
thrown [s\open\src\hotspot\share\interpreter\linkResolver.cpp, line 773]
Event: 9.685 Thread 0x000002a416a9af10 Exception <a 'java/lang/NoSuchMethodError'{0x00000007046ab938}: 'float java.lang.invoke.DelegatingMethodHandle$Holder.reinvoke_L(java.lang.Object, java.lang.Object, int)'> (0x00000007046ab938) 
thrown [s\open\src\hotspot\share\interpreter\linkResolver.cpp, line 773]
Event: 9.686 Thread 0x000002a416a9af10 Exception <a 'java/lang/NoSuchMethodError'{0x00000007046bd2d8}: 'java.lang.Object java.lang.invoke.DirectMethodHandle$Holder.invokeStatic(java.lang.Object, java.lang.Object, java.lang.Object, java.lang.Object, int)'> (0x00000007046bd2d8) 
thrown [s\open\src\hotspot\share\interpreter\linkResolver.cpp, line 773]
Event: 9.686 Thread 0x000002a416a9af10 Exception <a 'java/lang/NoSuchMethodError'{0x00000007046c80f8}: 'void java.lang.invoke.DelegatingMethodHandle$Holder.reinvoke_L(java.lang.Object, java.lang.Object, float)'> (0x00000007046c80f8) 
thrown [s\open\src\hotspot\share\interpreter\linkResolver.cpp, line 773]
Event: 9.690 Thread 0x000002a416a9af10 Exception <a 'java/lang/NoSuchMethodError'{0x00000007046ed4a0}: 'void java.lang.invoke.DirectMethodHandle$Holder.invokeVirtual(java.lang.Object, java.lang.Object, int)'> (0x00000007046ed4a0) 
thrown [s\open\src\hotspot\share\interpreter\linkResolver.cpp, line 773]
Event: 9.690 Thread 0x000002a416a9af10 Exception <a 'java/lang/NoSuchMethodError'{0x00000007046f1220}: 'int java.lang.invoke.DirectMethodHandle$Holder.invokeSpecial(java.lang.Object, java.lang.Object, java.lang.Object, int)'> (0x00000007046f1220) 
thrown [s\open\src\hotspot\share\interpreter\linkResolver.cpp, line 773]
Event: 9.690 Thread 0x000002a416a9af10 Exception <a 'java/lang/NoSuchMethodError'{0x00000007046fae48}: 'void java.lang.invoke.DelegatingMethodHandle$Holder.reinvoke_L(java.lang.Object, java.lang.Object, int)'> (0x00000007046fae48) 
thrown [s\open\src\hotspot\share\interpreter\linkResolver.cpp, line 773]
Event: 9.705 Thread 0x000002a416a9af10 Exception <a 'java/lang/NoSuchMethodError'{0x00000007047a6a68}: 'void java.lang.invoke.DirectMethodHandle$Holder.invokeVirtual(java.lang.Object, java.lang.Object, float)'> (0x00000007047a6a68) 
thrown [s\open\src\hotspot\share\interpreter\linkResolver.cpp, line 773]
Event: 9.706 Thread 0x000002a416a9af10 Exception <a 'java/lang/NoSuchMethodError'{0x00000007047d1da0}: 'java.lang.Object java.lang.invoke.DelegatingMethodHandle$Holder.reinvoke_L(java.lang.Object, float, float, float)'> (0x00000007047d1da0) 
thrown [s\open\src\hotspot\share\interpreter\linkResolver.cpp, line 773]
Event: 11.380 Thread 0x000002a416a9af10 Exception <a 'sun/nio/fs/WindowsException'{0x00000007044fe8f8}> (0x00000007044fe8f8) 
thrown [s\open\src\hotspot\share\prims\jni.cpp, line 520]
Event: 11.385 Thread 0x000002a416a9af10 Exception <a 'sun/nio/fs/WindowsException'{0x0000000704520380}> (0x0000000704520380) 
thrown [s\open\src\hotspot\share\prims\jni.cpp, line 520]
Event: 11.385 Thread 0x000002a416a9af10 Exception <a 'sun/nio/fs/WindowsException'{0x00000007045206f8}> (0x00000007045206f8) 
thrown [s\open\src\hotspot\share\prims\jni.cpp, line 520]
Event: 11.386 Thread 0x000002a416a9af10 Exception <a 'sun/nio/fs/WindowsException'{0x0000000704522118}> (0x0000000704522118) 
thrown [s\open\src\hotspot\share\prims\jni.cpp, line 520]
Event: 11.388 Thread 0x000002a416a9af10 Exception <a 'sun/nio/fs/WindowsException'{0x0000000704527330}> (0x0000000704527330) 
thrown [s\open\src\hotspot\share\prims\jni.cpp, line 520]
Event: 11.416 Thread 0x000002a416a9af10 Exception <a 'sun/nio/fs/WindowsException'{0x000000070452fe00}> (0x000000070452fe00) 
thrown [s\open\src\hotspot\share\prims\jni.cpp, line 520]
Event: 11.416 Thread 0x000002a416a9af10 Exception <a 'sun/nio/fs/WindowsException'{0x0000000704530180}> (0x0000000704530180) 
thrown [s\open\src\hotspot\share\prims\jni.cpp, line 520]
Event: 11.417 Thread 0x000002a416a9af10 Exception <a 'sun/nio/fs/WindowsException'{0x0000000704531ba8}> (0x0000000704531ba8) 
thrown [s\open\src\hotspot\share\prims\jni.cpp, line 520]
Event: 11.555 Thread 0x000002a416a9af10 Exception <a 'java/lang/NullPointerException'{0x00000007039a3b68}> (0x00000007039a3b68) 
thrown [s\open\src\hotspot\share\interpreter\linkResolver.cpp, line 1372]

ZGC Phase Switch (0 events):
No events

VM Operations (20 events):
Event: 4.615 Executing VM operation: Cleanup done
Event: 7.649 Executing VM operation: Cleanup
Event: 7.649 Executing VM operation: Cleanup done
Event: 9.626 Executing VM operation: HandshakeAllThreads (Deoptimize)
Event: 9.626 Executing VM operation: HandshakeAllThreads (Deoptimize) done
Event: 9.626 Executing VM operation: Cleanup
Event: 9.626 Executing VM operation: Cleanup done
Event: 10.632 Executing VM operation: Cleanup
Event: 10.632 Executing VM operation: Cleanup done
Event: 11.443 Executing VM operation: HandshakeAllThreads (Deoptimize)
Event: 11.443 Executing VM operation: HandshakeAllThreads (Deoptimize) done
Event: 11.556 Executing VM operation: G1CollectForAllocation (G1 Evacuation Pause)
Event: 11.563 Executing VM operation: G1CollectForAllocation (G1 Evacuation Pause) done
Event: 12.571 Executing VM operation: Cleanup
Event: 12.571 Executing VM operation: Cleanup done
Event: 60.058 Executing VM operation: HandshakeAllThreads (HandshakeForDeflation)
Event: 60.058 Executing VM operation: HandshakeAllThreads (HandshakeForDeflation) done
Event: 60.058 Executing VM operation: RendezvousGCThreads
Event: 60.059 Executing VM operation: RendezvousGCThreads done
Event: 72.451 Executing VM operation: Exit

Events (20 events):
Event: 3.455 Thread 0x000002a40bc58830 Thread exited: 0x000002a40bc58830
Event: 3.767 Thread 0x000002a47eeeeb10 Thread added: 0x000002a47eeeeb10
Event: 3.768 Thread 0x000002a40bc58830 Thread added: 0x000002a40bc58830
Event: 3.769 Thread 0x000002a47e7eb640 Thread added: 0x000002a47e7eb640
Event: 3.780 Thread 0x000002a47ef894d0 Thread added: 0x000002a47ef894d0
Event: 3.781 Thread 0x000002a47ef894d0 Thread exited: 0x000002a47ef894d0
Event: 3.782 Thread 0x000002a47ef894d0 Thread added: 0x000002a47ef894d0
Event: 7.194 Thread 0x000002a4385615d0 Thread exited: 0x000002a4385615d0
Event: 7.201 Thread 0x000002a4385615d0 Thread added: 0x000002a4385615d0
Event: 7.203 Thread 0x000002a47ef62090 Thread added: 0x000002a47ef62090
Event: 9.745 Thread 0x000002a47e259260 Thread added: 0x000002a47e259260
Event: 9.872 Thread 0x000002a47e259260 Thread exited: 0x000002a47e259260
Event: 11.427 Thread 0x000002a4388d26e0 Thread added: 0x000002a4388d26e0
Event: 11.556 Thread 0x000002a416a9af10 Thread exited: 0x000002a416a9af10
Event: 11.556 Thread 0x000002a40bf8e2b0 Thread added: 0x000002a40bf8e2b0
Event: 16.575 Thread 0x000002a4388d26e0 Thread exited: 0x000002a4388d26e0
Event: 72.336 Thread 0x000002a40c2a8d30 Thread added: 0x000002a40c2a8d30
Event: 72.337 Thread 0x000002a40c2a9a50 Thread added: 0x000002a40c2a9a50
Event: 72.341 Thread 0x000002a47e7eb640 Thread exited: 0x000002a47e7eb640
Event: 72.451 Thread 0x000002a40c2a9a50 Thread exited: 0x000002a40c2a9a50


Dynamic libraries:
0x00007ff7a7fe0000 - 0x00007ff7a7fee000 	C:\Users\stas2\.jdks\openjdk-21.0.1\bin\java.exe
0x00007ffaf71e0000 - 0x00007ffaf7448000 	C:\WINDOWS\SYSTEM32\ntdll.dll
0x00007ffaf5480000 - 0x00007ffaf5549000 	C:\WINDOWS\System32\KERNEL32.DLL
0x00007ffaf4610000 - 0x00007ffaf4a02000 	C:\WINDOWS\System32\KERNELBASE.dll
0x00007ffaf44c0000 - 0x00007ffaf460b000 	C:\WINDOWS\System32\ucrtbase.dll
0x00007ffada1f0000 - 0x00007ffada208000 	C:\Users\stas2\.jdks\openjdk-21.0.1\bin\jli.dll
0x00007ffada1d0000 - 0x00007ffada1eb000 	C:\Users\stas2\.jdks\openjdk-21.0.1\bin\VCRUNTIME140.dll
0x00007ffaf6150000 - 0x00007ffaf6315000 	C:\WINDOWS\System32\USER32.dll
0x00007ffaf4e00000 - 0x00007ffaf4e27000 	C:\WINDOWS\System32\win32u.dll
0x00007ffadd150000 - 0x00007ffadd3e3000 	C:\WINDOWS\WinSxS\amd64_microsoft.windows.common-controls_6595b64144ccf1df_6.0.26100.6899_none_3e0efeeae32e88c1\COMCTL32.dll
0x00007ffaf5dc0000 - 0x00007ffaf5deb000 	C:\WINDOWS\System32\GDI32.dll
0x00007ffaf6f40000 - 0x00007ffaf6fe9000 	C:\WINDOWS\System32\msvcrt.dll
0x00007ffaf4a10000 - 0x00007ffaf4b3d000 	C:\WINDOWS\System32\gdi32full.dll
0x00007ffaf4be0000 - 0x00007ffaf4c83000 	C:\WINDOWS\System32\msvcp_win.dll
0x00007ffaf5440000 - 0x00007ffaf546f000 	C:\WINDOWS\System32\IMM32.DLL
0x00007ffaea1f0000 - 0x00007ffaea1fc000 	C:\Users\stas2\.jdks\openjdk-21.0.1\bin\vcruntime140_1.dll
0x00007ffada140000 - 0x00007ffada1ce000 	C:\Users\stas2\.jdks\openjdk-21.0.1\bin\msvcp140.dll
0x00007ffad6b60000 - 0x00007ffad7875000 	C:\Users\stas2\.jdks\openjdk-21.0.1\bin\server\jvm.dll
0x00007ffaf6d50000 - 0x00007ffaf6e04000 	C:\WINDOWS\System32\ADVAPI32.dll
0x00007ffaf6320000 - 0x00007ffaf63c6000 	C:\WINDOWS\System32\sechost.dll
0x00007ffaf6ff0000 - 0x00007ffaf7108000 	C:\WINDOWS\System32\RPCRT4.dll
0x00007ffaf6c60000 - 0x00007ffaf6cd4000 	C:\WINDOWS\System32\WS2_32.dll
0x00007ffaf2f70000 - 0x00007ffaf2fce000 	C:\WINDOWS\SYSTEM32\POWRPROF.dll
0x00007ffae1570000 - 0x00007ffae15a5000 	C:\WINDOWS\SYSTEM32\WINMM.dll
0x00007ffaea8b0000 - 0x00007ffaea8bb000 	C:\WINDOWS\SYSTEM32\VERSION.dll
0x00007ffaf2f50000 - 0x00007ffaf2f64000 	C:\WINDOWS\SYSTEM32\UMPDC.dll
0x00007ffaf3230000 - 0x00007ffaf324b000 	C:\WINDOWS\SYSTEM32\kernel.appcore.dll
0x00007ffada130000 - 0x00007ffada13a000 	C:\Users\stas2\.jdks\openjdk-21.0.1\bin\jimage.dll
0x00007ffaf1ae0000 - 0x00007ffaf1d22000 	C:\WINDOWS\SYSTEM32\DBGHELP.DLL
0x00007ffaf68e0000 - 0x00007ffaf6c5b000 	C:\WINDOWS\System32\combase.dll
0x00007ffaf63d0000 - 0x00007ffaf64a7000 	C:\WINDOWS\System32\OLEAUT32.dll
0x00007ffad4fb0000 - 0x00007ffad4fec000 	C:\WINDOWS\SYSTEM32\dbgcore.DLL
0x00007ffaf4b40000 - 0x00007ffaf4bd8000 	C:\WINDOWS\System32\bcryptPrimitives.dll
0x00007ffada120000 - 0x00007ffada12f000 	C:\Users\stas2\.jdks\openjdk-21.0.1\bin\instrument.dll
0x00007ffada100000 - 0x00007ffada11f000 	C:\Users\stas2\.jdks\openjdk-21.0.1\bin\java.dll
0x00007ffaf5560000 - 0x00007ffaf5cad000 	C:\WINDOWS\System32\SHELL32.dll
0x00007ffaf4c90000 - 0x00007ffaf4dfb000 	C:\WINDOWS\System32\wintypes.dll
0x00007ffaf1fc0000 - 0x00007ffaf281d000 	C:\WINDOWS\SYSTEM32\windows.storage.dll
0x00007ffaf5e70000 - 0x00007ffaf5f62000 	C:\WINDOWS\System32\SHCORE.dll
0x00007ffaf6870000 - 0x00007ffaf68d2000 	C:\WINDOWS\System32\shlwapi.dll
0x00007ffaf4290000 - 0x00007ffaf42b9000 	C:\WINDOWS\SYSTEM32\profapi.dll
0x00007ffad9e30000 - 0x00007ffad9f07000 	C:\Users\stas2\.jdks\openjdk-21.0.1\bin\jsvml.dll
0x00007ffada0f0000 - 0x00007ffada100000 	C:\Users\stas2\.jdks\openjdk-21.0.1\bin\net.dll
0x00007ffaeb340000 - 0x00007ffaeb45f000 	C:\WINDOWS\SYSTEM32\WINHTTP.dll
0x00007ffaf37d0000 - 0x00007ffaf383b000 	C:\WINDOWS\system32\mswsock.dll
0x00007ffada0d0000 - 0x00007ffada0e6000 	C:\Users\stas2\.jdks\openjdk-21.0.1\bin\nio.dll
0x00007ffada0b0000 - 0x00007ffada0c8000 	C:\Users\stas2\.jdks\openjdk-21.0.1\bin\zip.dll
0x00007ffada080000 - 0x00007ffada09a000 	C:\IntelliJ IDEA Community Edition 2021.3.2\IntelliJ IDEA Community Edition 2023.2.1\bin\breakgen64.dll
0x00007ffad9db0000 - 0x00007ffad9e2b000 	C:\Users\stas2\AppData\Local\Temp\lwjgl_stas2\3.3.4+7\x64\lwjgl.dll
0x00007ffad9cd0000 - 0x00007ffad9d55000 	C:\Users\stas2\AppData\Local\Temp\lwjgl_stas2\3.3.4+7\x64\glfw.dll
0x00007ffad9c80000 - 0x00007ffad9ccb000 	C:\WINDOWS\SYSTEM32\dinput8.dll
0x00007ffad9c60000 - 0x00007ffad9c7c000 	C:\WINDOWS\SYSTEM32\xinput1_4.dll
0x00007ffaf4010000 - 0x00007ffaf4067000 	C:\WINDOWS\SYSTEM32\cfgmgr32.dll
0x00007ffaf3fe0000 - 0x00007ffaf400d000 	C:\WINDOWS\SYSTEM32\DEVOBJ.dll
0x00007ffaeecb0000 - 0x00007ffaeecdd000 	C:\WINDOWS\SYSTEM32\dwmapi.dll
0x00007ffab5190000 - 0x00007ffab536e000 	C:\WINDOWS\SYSTEM32\inputhost.dll
0x00007ffaee310000 - 0x00007ffaee435000 	C:\WINDOWS\SYSTEM32\CoreMessaging.dll
0x00007ffaee8a0000 - 0x00007ffaee94a000 	C:\WINDOWS\system32\uxtheme.dll
0x00007ffaf3aa0000 - 0x00007ffaf3aac000 	C:\WINDOWS\SYSTEM32\CRYPTBASE.DLL
0x00007ffaf66e0000 - 0x00007ffaf683b000 	C:\WINDOWS\System32\MSCTF.dll
0x00007ffabd8a0000 - 0x00007ffabd9ac000 	C:\WINDOWS\SYSTEM32\opengl32.dll
0x00007ffacdd30000 - 0x00007ffacdd5d000 	C:\WINDOWS\SYSTEM32\GLU32.dll
0x00007ffaf12f0000 - 0x00007ffaf1334000 	C:\WINDOWS\SYSTEM32\dxcore.dll
0x00007ffaeae00000 - 0x00007ffaeae63000 	C:\WINDOWS\SYSTEM32\directxdatabasehelper.dll
0x00007ffae0c10000 - 0x00007ffae0c2a000 	C:\WINDOWS\SYSTEM32\windows.staterepositorycore.dll
0x00007ffa47cb0000 - 0x00007ffa48ca3000 	C:\WINDOWS\System32\DriverStore\FileRepository\iigd_dch.inf_amd64_5802b1615520e41c\igxelpicd64.dll
0x00007ffaf64b0000 - 0x00007ffaf6648000 	C:\WINDOWS\System32\ole32.dll
0x00007ffaeeb50000 - 0x00007ffaeec8b000 	C:\WINDOWS\system32\dxgi.dll
0x00007ffa479c0000 - 0x00007ffa47ca7000 	C:\WINDOWS\System32\DriverStore\FileRepository\iigd_dch.inf_amd64_5802b1615520e41c\igdml64.dll
0x00007ffae6a70000 - 0x00007ffae6e37000 	C:\WINDOWS\System32\DriverStore\FileRepository\iigd_dch.inf_amd64_5802b1615520e41c\igdgmm64.dll
0x00007ffae33e0000 - 0x00007ffae69f1000 	C:\WINDOWS\System32\DriverStore\FileRepository\iigd_dch.inf_amd64_5802b1615520e41c\igc64.dll
0x00007ffac0770000 - 0x00007ffac08ba000 	C:\WINDOWS\SYSTEM32\textinputframework.dll
0x00007ffae93b0000 - 0x00007ffae9693000 	C:\WINDOWS\SYSTEM32\CoreUIComponents.dll
0x00007ffad9bf0000 - 0x00007ffad9c51000 	C:\Users\stas2\AppData\Local\Temp\lwjgl_stas2\3.3.4+7\x64\lwjgl_opengl.dll
0x00007ffad6360000 - 0x00007ffad6b54000 	C:\Users\stas2\AppData\Local\Temp\imgui-java-natives\1.89.0\imgui-java64.dll
0x00007ffada070000 - 0x00007ffada080000 	C:\Users\stas2\.jdks\openjdk-21.0.1\bin\verify.dll
0x00007ffad9b50000 - 0x00007ffad9bf0000 	C:\Users\stas2\AppData\Local\Temp\lwjgl_stas2\3.3.4+7\x64\lwjgl_stb.dll
0x00007ffad9870000 - 0x00007ffad99fe000 	C:\Users\stas2\.jdks\openjdk-21.0.1\bin\awt.dll
0x00007ffaee710000 - 0x00007ffaee7af000 	C:\WINDOWS\SYSTEM32\apphelp.dll
0x00007ffaf5cb0000 - 0x00007ffaf5da3000 	C:\WINDOWS\System32\COMDLG32.dll
0x00007ffaf6e70000 - 0x00007ffaf6f21000 	C:\WINDOWS\System32\clbcatq.dll
0x00007ffabdf10000 - 0x00007ffabdfc3000 	C:\WINDOWS\SYSTEM32\TextShaping.dll
0x00007ffacf3a0000 - 0x00007ffacf41a000 	C:\WINDOWS\SYSTEM32\OLEACC.dll
0x00007ffab53f0000 - 0x00007ffab5809000 	C:\WINDOWS\SYSTEM32\UIAutomationCore.DLL
0x00007ffac4b90000 - 0x00007ffac4bb9000 	C:\WINDOWS\SYSTEM32\edputil.dll
0x00007ffaecea0000 - 0x00007ffaed0d0000 	C:\WINDOWS\SYSTEM32\WindowsCodecs.dll
0x00007ffa9e3f0000 - 0x00007ffa9e45f000 	C:\Windows\System32\thumbcache.dll
0x00007ffabbb60000 - 0x00007ffabbc28000 	C:\Windows\System32\OneCoreCommonProxyStub.dll
0x00007ffab49c0000 - 0x00007ffab4a0f000 	C:\Windows\System32\vaultcli.dll
0x00007ffaebea0000 - 0x00007ffaebfa4000 	C:\WINDOWS\system32\propsys.dll
0x00007ffab1460000 - 0x00007ffab147b000 	C:\WINDOWS\system32\NetworkExplorer.dll
0x00007ffa96790000 - 0x00007ffa96838000 	C:\WINDOWS\SYSTEM32\ntshrui.dll
0x00007ffadb8a0000 - 0x00007ffadb8c9000 	C:\WINDOWS\SYSTEM32\srvcli.dll
0x00007ffac4d00000 - 0x00007ffac4d13000 	C:\WINDOWS\SYSTEM32\cscapi.dll
0x00007ffacc8f0000 - 0x00007ffacc9ae000 	C:\WINDOWS\System32\StructuredQuery.dll
0x00007ffadae50000 - 0x00007ffadb0ee000 	C:\WINDOWS\System32\icu.dll
0x00007ffadfa70000 - 0x00007ffae00be000 	C:\Windows\System32\OneCoreUAPCommonProxyStub.dll
0x00007ffabb820000 - 0x00007ffabb957000 	C:\WINDOWS\system32\Windows.Storage.Search.dll
0x00007ffabb960000 - 0x00007ffabbadb000 	C:\Windows\System32\Windows.System.Launcher.dll
0x00007ffaee640000 - 0x00007ffaee69a000 	C:\WINDOWS\system32\dataexchange.dll
0x00007ffaeaab0000 - 0x00007ffaeacf5000 	C:\WINDOWS\system32\twinapi.appcore.dll
0x00007ffadc850000 - 0x00007ffadca30000 	C:\Windows\System32\urlmon.dll
0x00007ffadbba0000 - 0x00007ffadbe65000 	C:\Windows\System32\iertutil.dll
0x00007ffaf2b50000 - 0x00007ffaf2b5d000 	C:\Windows\System32\netutils.dll
0x00007ffaf34e0000 - 0x00007ffaf3529000 	C:\Windows\System32\SspiCli.dll
0x00007ffabcea0000 - 0x00007ffabcf64000 	C:\Windows\System32\Windows.StateRepositoryPS.dll
0x00007ffa9a460000 - 0x00007ffa9a656000 	C:\Users\stas2\AppData\Local\Microsoft\OneDrive\25.179.0914.0003\FileSyncShell64.dll
0x00007ffaf4e30000 - 0x00007ffaf4fa7000 	C:\WINDOWS\System32\CRYPT32.dll
0x00007ffaf4260000 - 0x00007ffaf4286000 	C:\WINDOWS\SYSTEM32\bcrypt.dll
0x00007ffaee6d0000 - 0x00007ffaee6dd000 	C:\WINDOWS\SYSTEM32\Secur32.dll
0x00007ffadd3f0000 - 0x00007ffadd679000 	C:\WINDOWS\SYSTEM32\WININET.dll
0x00007ffaee6e0000 - 0x00007ffaee70a000 	C:\WINDOWS\SYSTEM32\WTSAPI32.dll
0x00007ffaf3870000 - 0x00007ffaf389b000 	C:\WINDOWS\SYSTEM32\USERENV.dll
0x00007ffa9ba40000 - 0x00007ffa9ba78000 	C:\Windows\System32\EhStorShell.dll
0x00007ffaf4fb0000 - 0x00007ffaf5438000 	C:\WINDOWS\System32\SETUPAPI.dll
0x00007ffa9be20000 - 0x00007ffa9bede000 	C:\Windows\System32\Windows.FileExplorer.Common.dll
0x00007ffad94b0000 - 0x00007ffad95d8000 	C:\Users\stas2\AppData\Local\Temp\lwjgl_stas2\3.3.4+7\x64\draco.dll
0x00007ffad4010000 - 0x00007ffad46cb000 	C:\Users\stas2\AppData\Local\Temp\lwjgl_stas2\3.3.4+7\x64\assimp.dll

dbghelp: loaded successfully - version: 4.0.5 - missing functions: none
symbol engine: initialized successfully - sym options: 0x614 - pdb path: .;C:\Users\stas2\.jdks\openjdk-21.0.1\bin;C:\WINDOWS\SYSTEM32;C:\WINDOWS\WinSxS\amd64_microsoft.windows.common-controls_6595b64144ccf1df_6.0.26100.6899_none_3e0efeeae32e88c1;C:\Users\stas2\.jdks\openjdk-21.0.1\bin\server;C:\IntelliJ IDEA Community Edition 2021.3.2\IntelliJ IDEA Community Edition 2023.2.1\bin;C:\Users\stas2\AppData\Local\Temp\lwjgl_stas2\3.3.4+7\x64;C:\WINDOWS\System32\DriverStore\FileRepository\iigd_dch.inf_amd64_5802b1615520e41c;C:\Users\stas2\AppData\Local\Temp\imgui-java-natives\1.89.0;C:\Users\stas2\AppData\Local\Microsoft\OneDrive\25.179.0914.0003

VM Arguments:
jvm_args: -javaagent:C:\IntelliJ IDEA Community Edition 2021.3.2\IntelliJ IDEA Community Edition 2023.2.1\lib\idea_rt.jar=51822:C:\IntelliJ IDEA Community Edition 2021.3.2\IntelliJ IDEA Community Edition 2023.2.1\bin -Dfile.encoding=windows-1252 -Dsun.stdout.encoding=windows-1252 -Dsun.stderr.encoding=windows-1252 --module-path=C:\Users\stas2\.m2\repository\com\fasterxml\jackson\core\jackson-databind\2.17.2\jackson-databind-2.17.2.jar;C:\Users\stas2\.m2\repository\org\joml\joml-primitives\1.10.0\joml-primitives-1.10.0.jar;C:\Users\stas2\.m2\repository\io\github\spair\imgui-java-binding\1.89.0\imgui-java-binding-1.89.0.jar;C:\Users\stas2\.m2\repository\org\lwjgl\lwjgl-stb\3.3.4\lwjgl-stb-3.3.4.jar;C:\Users\stas2\.m2\repository\io\github\spair\imgui-java-lwjgl3\1.89.0\imgui-java-lwjgl3-1.89.0.jar;C:\Users\stas2\.m2\repository\com\fasterxml\jackson\core\jackson-core\2.17.2\jackson-core-2.17.2.jar;C:\Users\stas2\.m2\repository\org\lwjgl\lwjgl\3.3.4\lwjgl-3.3.4.jar;O:\GIt\MultiplayerShooter\target\classes;C:\Users\stas2\.m2\repository\org\lwjgl\lwjgl-vulkan\3.3.4\lwjgl-vulkan-3.3.4.jar;C:\Users\stas2\.m2\repository\org\lwjgl\lwjgl-glfw\3.3.4\lwjgl-glfw-3.3.4.jar;C:\Users\stas2\.m2\repository\org\lwjgl\lwjgl-opengl\3.3.4\lwjgl-opengl-3.3.4.jar;C:\Users\stas2\.m2\repository\org\joml\joml\1.10.7\joml-1.10.7.jar;C:\Users\stas2\.m2\repository\com\fasterxml\jackson\core\jackson-annotations\2.17.2\jackson-annotations-2.17.2.jar;C:\Users\stas2\.m2\repository\org\lwjgl\lwjgl-assimp\3.3.4\lwjgl-assimp-3.3.4.jar -Djdk.module.main=com.bedrye.bjge 
java_command: com.bedrye.bjge/com.bedrye.bjge.TestMain
java_class_path (initial): C:\Users\stas2\.m2\repository\io\github\spair\imgui-java-natives-windows\1.89.0\imgui-java-natives-windows-1.89.0.jar;C:\Users\stas2\.m2\repository\org\junit\jupiter\junit-jupiter-api\5.9.2\junit-jupiter-api-5.9.2.jar;C:\Users\stas2\.m2\repository\org\opentest4j\opentest4j\1.2.0\opentest4j-1.2.0.jar;C:\Users\stas2\.m2\repository\org\junit\platform\junit-platform-commons\1.9.2\junit-platform-commons-1.9.2.jar;C:\Users\stas2\.m2\repository\org\apiguardian\apiguardian-api\1.1.2\apiguardian-api-1.1.2.jar;C:\Users\stas2\.m2\repository\org\junit\jupiter\junit-jupiter-engine\5.9.2\junit-jupiter-engine-5.9.2.jar;C:\Users\stas2\.m2\repository\org\junit\platform\junit-platform-engine\1.9.2\junit-platform-engine-1.9.2.jar;C:\Users\stas2\.m2\repository\org\lwjgl\lwjgl-bgfx\3.3.4\lwjgl-bgfx-3.3.4.jar;C:\Users\stas2\.m2\repository\org\lwjgl\lwjgl-nanovg\3.3.4\lwjgl-nanovg-3.3.4.jar;C:\Users\stas2\.m2\repository\org\lwjgl\lwjgl-nuklear\3.3.4\lwjgl-nuklear-3.3.4.jar;C:\Users\stas2\.m2\repository\org\lwjgl\lwjgl-openal\3.3.4\lwjgl-openal-3.3.4.jar;C:\Users\stas2\.m2\repository\org\lwjgl\lwjgl-par\3.3.4\lwjgl-par-3.3.4.jar;C:\Users\stas2\.m2\repository\org\lwjgl\lwjgl\3.3.4\lwjgl-3.3.4-natives-windows.jar;C:\Users\stas2\.m2\repository\org\lwjgl\lwjgl-assimp\3.3.4\lwjgl-assimp-3.3.4-natives-windows.jar;C:\Users\stas2\.m2\repository\org\lwjgl\lwjgl-bgfx\3.3.4\lwjgl-bgfx-3.3.4-natives-windows.jar;C:\Users\stas2\.m2\repository\org\lwjgl\lwjgl-glfw\3.3.4\lwjgl-glfw-3.3.4-natives-windows.jar;C:\Users\stas2\.m2\repository\org\lwjgl\lwjgl-nanovg\3.3.4\lwjgl-nanovg-3.3.4-natives-windows.jar;C:\Users\stas2\.m2\repository\org\lwjgl\lwjgl-nuklear\3.3.4\lwjgl-nuklear-3.3.4-natives-windows.jar;C:\Users\stas2\.m2\repository\org\lwjgl\lwjgl-openal\3.3.4\lwjgl-openal-3.3.4-natives-windows.jar;C:\Users\stas2\.m2\repository\org\lwjgl\lwjgl-opengl\3.3.4\lwjgl-opengl-3.3.4-natives-windows.jar;C:\Users\stas2\.m2\repository\org\lwjgl\lwjgl-par\3.3.4\lwjgl-par-3.3.4-natives-windows.jar;C:\Users\stas2\.m2\repository\org\lwjgl\lwjgl-stb\3.3.4\lwjgl-stb-3.3.4-natives-windows.jar
Launcher Type: SUN_STANDARD

[Global flags]
     intx CICompilerCount                          = 4                                         {product} {ergonomic}
     uint ConcGCThreads                            = 3                                         {product} {ergonomic}
     uint G1ConcRefinementThreads                  = 10                                        {product} {ergonomic}
   size_t G1HeapRegionSize                         = 2097152                                   {product} {ergonomic}
    uintx GCDrainStackTargetSize                   = 64                                        {product} {ergonomic}
   size_t InitialHeapSize                          = 266338304                                 {product} {ergonomic}
   size_t MarkStackSize                            = 4194304                                   {product} {ergonomic}
   size_t MaxHeapSize                              = 4238344192                                {product} {ergonomic}
   size_t MaxNewSize                               = 2541748224                                {product} {ergonomic}
   size_t MinHeapDeltaBytes                        = 2097152                                   {product} {ergonomic}
   size_t MinHeapSize                              = 8388608                                   {product} {ergonomic}
    uintx NonNMethodCodeHeapSize                   = 5839372                                {pd product} {ergonomic}
    uintx NonProfiledCodeHeapSize                  = 122909434                              {pd product} {ergonomic}
    uintx ProfiledCodeHeapSize                     = 122909434                              {pd product} {ergonomic}
    uintx ReservedCodeCacheSize                    = 251658240                              {pd product} {ergonomic}
     bool SegmentedCodeCache                       = true                                      {product} {ergonomic}
   size_t SoftMaxHeapSize                          = 4238344192                             {manageable} {ergonomic}
     bool UseCompressedOops                        = true                           {product lp64_product} {ergonomic}
     bool UseG1GC                                  = true                                      {product} {ergonomic}
     bool UseLargePagesIndividualAllocation        = false                                  {pd product} {ergonomic}

Logging:
Log output configuration:
 #0: stdout all=off uptime,level,tags foldmultilines=false
 #1: stderr all=off uptime,level,tags foldmultilines=false

Environment Variables:
JAVA_HOME=C:\Program Files\Java\jdk-21
PATH=C:\Program Files\PlasticSCM5\server;C:\Program Files\PlasticSCM5\client;C:\Program Files\NVIDIA GPU Computing Toolkit\CUDA\v12.6\bin;C:\Program Files\NVIDIA GPU Computing Toolkit\CUDA\v12.6\libnvvp;C:\Program Files\Common Files\Oracle\Java\javapath;C:\Windows\system32;C:\Windows;C:\Program Files\Java\jdk-11.0.2\bin;C:\Windows\System32\Wbem;C:\ORacleDatabase\dbhomeXE\bin;C:\Windows\System32\WindowsPowerShell\v1.0\;C:\Windows\System32\OpenSSH\;C:\Program Files (x86)\NVIDIA Corporation\PhysX\Common;C:\Program Files\NVIDIA Corporation\NVIDIA NvDLISR;C:\Program Files\Git LFS;C:\Program Files\Git\cmd;C:\Program Files (x86)\Windows Kits\10\Windows Performance Toolkit\;C:\Program Files (x86)\Steam\steamapps\common\Counter-Strike Global Offensive\game\bin\win64;C:\Users\stas2\AppData\Local\Programs\Python\Python311;C:\Program Files\dotnet\;C:\Program Files\Microsoft SQL Server\150\Tools\Binn\;C:\Program Files\Microsoft SQL Server\Client SDK\ODBC\170\Tools\Binn\;C:\Program Files\NVIDIA Corporation\Nsight Compute 2024.3.2\;C:\Program Files (x86)\Microsoft SQL Server\160\Tools\Binn\;C:\Program Files\Microsoft SQL Server\160\Tools\Binn\;C:\Program Files\Microsoft SQL Server\160\DTS\Binn\;C:\Program Files (x86)\Microsoft SQL Server\160\DTS\Binn\;C:\WINDOWS\system32;C:\WINDOWS;C:\WINDOWS\System32\Wbem;C:\WINDOWS\System32\WindowsPowerShell\v1.0\;C:\WINDOWS\System32\OpenSSH\;C:\Program Files\Docker\Docker\resources\bin;O:\npdejs\;C:\Users\stas2\AppData\Local\Programs\Python\Python312\Scripts;C:\Users\stas2\AppData\Local\Microsoft\WindowsApps;C:\Users\stas2\AppData\Local\Programs\Microsoft VS Code\bin;C:\Users\stas2\AppData\Local\GitHubDesktop\bin;C:\Users\stas2\AppData\Local\Programs\Python\Python311;C:\Program Files (x86)\Steam\steamapps\common\Counter-Strike Global Offensive\game\bin\win64;C:\Users\stas2\.dotnet\tools;C:\Users\stas2\AppData\Local\Muse Hub\lib;C:\Users\stas2\AppData\Roaming\npm;C:\Users\stas2\AppData\Local\Programs\Python\Python312\Scripts;
USERNAME=stas2
OS=Windows_NT
PROCESSOR_IDENTIFIER=Intel64 Family 6 Model 141 Stepping 1, GenuineIntel
TMP=C:\Users\stas2\AppData\Local\Temp
TEMP=C:\Users\stas2\AppData\Local\Temp




Periodic native trim disabled

---------------  S Y S T E M  ---------------

OS:
 Windows 11 , 64 bit Build 26100 (10.0.26100.6725)
OS uptime: 0 days 18:45 hours
Hyper-V role detected

CPU: total 12 (initial active 12) (6 cores per cpu, 2 threads per core) family 6 model 141 stepping 1 microcode 0x3c, cx8, cmov, fxsr, ht, mmx, 3dnowpref, sse, sse2, sse3, ssse3, sse4.1, sse4.2, popcnt, lzcnt, tsc, tscinvbit, avx, avx2, aes, erms, clmul, bmi1, bmi2, adx, avx512f, avx512dq, avx512cd, avx512bw, avx512vl, sha, fma, vzeroupper, avx512_vpopcntdq, avx512_vpclmulqdq, avx512_vaes, avx512_vnni, clflush, clflushopt, clwb, avx512_vbmi2, avx512_vbmi, hv, rdtscp, rdpid, fsrm, gfni, avx512_bitalg, f16c, cet_ibt, cet_ss, avx512_ifma
Processor Information for all 12 processors :
  Max Mhz: 2688, Current Mhz: 2688, Mhz Limit: 2688

Memory: 4k page, system-wide physical 16163M (1726M free)
TotalPageFile size 42787M (AvailPageFile size 11471M)
current process WorkingSet (physical memory assigned to process): 334M, peak: 357M
current process commit charge ("private bytes"): 272M, peak: 476M

vm_info: OpenJDK 64-Bit Server VM (21.0.1+12-29) for windows-amd64 JRE (21.0.1+12-29), built on 2023-10-05T13:27:09Z by "mach5one" with MS VC++ 17.1 (VS2022)

END.
