#
# A fatal error has been detected by the Java Runtime Environment:
#
#  EXCEPTION_ACCESS_VIOLATION (0xc0000005) at pc=0x00007ff9c690ef7a, pid=14712, tid=19500
#
# JRE version: OpenJDK Runtime Environment (20.0.2+9) (build 20.0.2+9-78)
# Java VM: OpenJDK 64-Bit Server VM (20.0.2+9-78, mixed mode, sharing, tiered, compressed oops, compressed class ptrs, g1 gc, windows-amd64)
# Problematic frame:
# C  [lwjgl_opengl.dll+0xef7a]
#
# No core dump will be written. Minidumps are not enabled by default on client versions of Windows
#
# If you would like to submit a bug report, please visit:
#   https://bugreport.java.com/bugreport/crash.jsp
# The crash happened outside the Java Virtual Machine in native code.
# See problematic frame for where to report the bug.
#

---------------  S U M M A R Y ------------

Command Line: -javaagent:C:\IntelliJ IDEA Community Edition 2021.3.2\IntelliJ IDEA Community Edition 2023.2.1\lib\idea_rt.jar=60294:C:\IntelliJ IDEA Community Edition 2021.3.2\IntelliJ IDEA Community Edition 2023.2.1\bin -Dfile.encoding=UTF-8 -Dsun.stdout.encoding=UTF-8 -Dsun.stderr.encoding=UTF-8 --module-path=C:\Users\stas2\.m2\repository\org\jetbrains\kotlin\kotlin-stdlib\1.6.0\kotlin-stdlib-1.6.0-modular.jar;C:\Users\stas2\.m2\repository\com\fasterxml\jackson\core\jackson-core\2.12.1\jackson-core-2.12.1.jar;C:\Users\stas2\.m2\repository\org\openjfx\javafx-controls\20.0.1\javafx-controls-20.0.1-win.jar;C:\Users\stas2\.m2\repository\org\lwjgl\lwjgl-glfw\3.3.4\lwjgl-glfw-3.3.4.jar;C:\Users\stas2\.m2\repository\com\github\almasb\fxgl-scene\17.2\fxgl-scene-17.2.jar;C:\Users\stas2\.m2\repository\com\fasterxml\jackson\core\jackson-annotations\2.12.1\jackson-annotations-2.12.1.jar;C:\Users\stas2\.m2\repository\org\openjfx\javafx-media\20.0.1\javafx-media-20.0.1-win.jar;C:\Users\stas2\.m2\repository\com\gluonhq\attach\audio\4.0.13\audio-4.0.13.jar;C:\Users\stas2\.m2\repository\org\lwjgl\lwjgl-vulkan\3.3.4\lwjgl-vulkan-3.3.4.jar;O:\GIt\MultiplayerShooter\target\classes;C:\Users\stas2\.m2\repository\org\lwjgl\lwjgl-opengl\3.3.4\lwjgl-opengl-3.3.4.jar;C:\Users\stas2\.m2\repository\org\openjfx\javafx-base\20.0.1\javafx-base-20.0.1-win.jar;C:\Users\stas2\.m2\repository\com\github\almasb\fxgl-core\17.2\fxgl-core-17.2.jar;C:\Users\stas2\.m2\repository\com\github\almasb\fxgl-entity\17.2\fxgl-entity-17.2.jar;C:\Users\stas2\.m2\repository\com\github\almasb\fxgl\17.2\fxgl-17.2.jar;C:\Users\stas2\.m2\repository\org\lwjgl\lwjgl\3.3.4\lwjgl-3.3.4.jar;C:\Users\stas2\.m2\repository\com\gluonhq\attach\storage\4.0.13\storage-4.0.13.jar;C:\Users\stas2\.m2\repository\org\openjfx\javafx-fxml\20.0.1\javafx-fxml-20.0.1-win.jar;C:\Users\stas2\.m2\repository\com\github\almasb\fxgl-io\17.2\fxgl-io-17.2.jar;C:\Users\stas2\.m2\repository\com\github\almasb\fxgl-gameplay\17.2\fxgl-gameplay-17.2.jar;C:\Users\stas2\.m2\repository\com\gluonhq\attach\lifecycle\4.0.13\lifecycle-4.0.13.jar;C:\Users\stas2\.m2\repository\org\openjfx\javafx-graphics\20.0.1\javafx-graphics-20.0.1-win.jar;C:\Users\stas2\.m2\repository\com\fasterxml\jackson\core\jackson-databind\2.12.1\jackson-databind-2.12.1.jar;C:\User-Djdk.module.main=com.bedrye.multiplayershooter com.bedrye.multiplayershooter/com.bedrye.bjge.GameEngine.TestMain

Host: 11th Gen Intel(R) Core(TM) i5-11400H @ 2.70GHz, 12 cores, 15G,  Windows 11 , 64 bit Build 22621 (10.0.22621.4391)
Time: Tue Dec 24 22:53:27 2024 FLE Standard Time elapsed time: 0.572813 seconds (0d 0h 0m 0s)

---------------  T H R E A D  ---------------

Current thread (0x0000022a7ca0a5c0):  JavaThread "main" [_thread_in_native, id=19500, stack(0x0000007cb1f00000,0x0000007cb2000000)]

Stack: [0x0000007cb1f00000,0x0000007cb2000000],  sp=0x0000007cb1fff288,  free space=1020k
Native frames: (J=compiled Java code, j=interpreted, Vv=VM code, C=native code)
C  [lwjgl_opengl.dll+0xef7a]

Java frames: (J=compiled Java code, j=interpreted, Vv=VM code)
j  org.lwjgl.opengl.GL20C.glCreateShader(I)I+0 org.lwjgl.opengl@3.3.4+7
j  org.lwjgl.opengl.GL20.glCreateShader(I)I+1 org.lwjgl.opengl@3.3.4+7
j  com.bedrye.Objects.GameScene.initialize()V+3 com.bedrye.multiplayershooter@1.0-SNAPSHOT
j  com.bedrye.bjge.GameEngine.EngineWindowManager.init()V+159 com.bedrye.multiplayershooter@1.0-SNAPSHOT
j  com.bedrye.bjge.GameEngine.EngineWindowManager.run()V+1 com.bedrye.multiplayershooter@1.0-SNAPSHOT
j  com.bedrye.bjge.GameEngine.TestMain.main([Ljava/lang/String;)V+3 com.bedrye.multiplayershooter@1.0-SNAPSHOT
v  ~StubRoutines::call_stub 0x0000022a0f5310e7

siginfo: EXCEPTION_ACCESS_VIOLATION (0xc0000005), reading address 0x0000000000000e38


Registers:
RAX=0x0000000000000000, RBX=0x0000022a5e58f008, RCX=0x0000000000008b31, RDX=0x0000007cb1fff310
RSP=0x0000007cb1fff288, RBP=0x0000007cb1fff300, RSI=0x0000022a5e007b80, RDI=0x000000000003c2fe
R8 =0x0000000000008b31, R9 =0x0000000000000002, R10=0x0000022a0f5520c4, R11=0x0000000711f8a4d8
R12=0x0000000000000000, R13=0x0000022a5e58eff8, R14=0x0000007cb1fff320, R15=0x0000022a7ca0a5c0
RIP=0x00007ff9c690ef7a, EFLAGS=0x0000000000010206


Register to memory mapping:

RIP=0x00007ff9c690ef7a lwjgl_opengl.dll
RAX=0x0 is NULL
RBX={method} {0x0000022a5e58f010} 'glCreateShader' '(I)I' in 'org/lwjgl/opengl/GL20C'
RCX=0x0000000000008b31 is an unknown value
RDX=0x0000007cb1fff310 is pointing into the stack for thread: 0x0000022a7ca0a5c0
RSP=0x0000007cb1fff288 is pointing into the stack for thread: 0x0000022a7ca0a5c0
RBP=0x0000007cb1fff300 is pointing into the stack for thread: 0x0000022a7ca0a5c0
RSI=0x0000022a5e007b80 is pointing into metadata
RDI=0x000000000003c2fe is an unknown value
R8 =0x0000000000008b31 is an unknown value
R9 =0x0000000000000002 is an unknown value
R10=0x0000022a0f5520c4 is at code_begin+996 in an Interpreter codelet
method entry point (kind = native)  [0x0000022a0f551ce0, 0x0000022a0f5528d0]  3056 bytes
R11=0x0000000711f8a4d8 is an oop: java.lang.Class 
{0x0000000711f8a4d8} - klass: 'java/lang/Class'
 - ---- fields (total size 54 words):
 - private volatile transient 'classRedefinedCount' 'I' @12  0 (0x00000000)
 - abstract internal 'klass' 'J' @16  2379915310544 (0x0000022a1e01b5d0)
 - abstract internal 'array_klass' 'J' @24  0 (0x0000000000000000)
 - abstract internal 'oop_size' 'I' @32  54 (0x00000036)
 - abstract internal 'static_oop_field_count' 'I' @36  0 (0x00000000)
 - private volatile transient 'cachedConstructor' 'Ljava/lang/reflect/Constructor;' @40  NULL (0x00000000)
 - private transient 'name' 'Ljava/lang/String;' @44  "org.lwjgl.opengl.GL20C"{0x0000000711f8a688} (0xe23f14d1)
 - private transient 'module' 'Ljava/lang/Module;' @48  a 'java/lang/Module'{0x0000000712454ca0} (0xe248a994)
 - private final 'classLoader' 'Ljava/lang/ClassLoader;' @52  a 'jdk/internal/loader/ClassLoaders$AppClassLoader'{0x0000000713355518} (0xe266aaa3)
 - private transient 'classData' 'Ljava/lang/Object;' @56  NULL (0x00000000)
 - private transient 'packageName' 'Ljava/lang/String;' @60  "org.lwjgl.opengl"{0x0000000711ee1f50} (0xe23dc3ea)
 - private final 'componentType' 'Ljava/lang/Class;' @64  NULL (0x00000000)
 - private volatile transient 'reflectionData' 'Ljava/lang/ref/SoftReference;' @68  NULL (0x00000000)
 - private volatile transient 'genericInfo' 'Lsun/reflect/generics/repository/ClassRepository;' @72  NULL (0x00000000)
 - private volatile transient 'enumConstants' '[Ljava/lang/Object;' @76  NULL (0x00000000)
 - private volatile transient 'enumConstantDirectory' 'Ljava/util/Map;' @80  NULL (0x00000000)
 - private volatile transient 'annotationData' 'Ljava/lang/Class$AnnotationData;' @84  NULL (0x00000000)
 - private volatile transient 'annotationType' 'Lsun/reflect/annotation/AnnotationType;' @88  NULL (0x00000000)
 - transient 'classValueMap' 'Ljava/lang/ClassValue$ClassValueMap;' @92  NULL (0x00000000)
 - abstract internal 'protection_domain' 'Ljava/lang/Object;' @96  a 'java/security/ProtectionDomain'{0x0000000711e49d30} (0xe23c93a6)
 - abstract internal 'signers_name' 'Ljava/lang/Object;' @100  NULL (0x00000000)
 - abstract internal 'source_file' 'Ljava/lang/Object;' @104  NULL (0x00000000)
 - signature: Lorg/lwjgl/opengl/GL20C;
 - ---- static fields (0):
 - public static final 'GL_SHADING_LANGUAGE_VERSION' 'I' @112  35724 (0x00008b8c)
 - public static final 'GL_CURRENT_PROGRAM' 'I' @116  35725 (0x00008b8d)
 - public static final 'GL_SHADER_TYPE' 'I' @120  35663 (0x00008b4f)
 - public static final 'GL_DELETE_STATUS' 'I' @124  35712 (0x00008b80)
 - public static final 'GL_COMPILE_STATUS' 'I' @128  35713 (0x00008b81)
 - public static final 'GL_LINK_STATUS' 'I' @132  35714 (0x00008b82)
 - public static final 'GL_VALIDATE_STATUS' 'I' @136  35715 (0x00008b83)
 - public static final 'GL_INFO_LOG_LENGTH' 'I' @140  35716 (0x00008b84)
 - public static final 'GL_ATTACHED_SHADERS' 'I' @144  35717 (0x00008b85)
 - public static final 'GL_ACTIVE_UNIFORMS' 'I' @148  35718 (0x00008b86)
 - public static final 'GL_ACTIVE_UNIFORM_MAX_LENGTH' 'I' @152  35719 (0x00008b87)
 - public static final 'GL_ACTIVE_ATTRIBUTES' 'I' @156  35721 (0x00008b89)
 - public static final 'GL_ACTIVE_ATTRIBUTE_MAX_LENGTH' 'I' @160  35722 (0x00008b8a)
 - public static final 'GL_SHADER_SOURCE_LENGTH' 'I' @164  35720 (0x00008b88)
 - public static final 'GL_FLOAT_VEC2' 'I' @168  35664 (0x00008b50)
 - public static final 'GL_FLOAT_VEC3' 'I' @172  35665 (0x00008b51)
 - public static final 'GL_FLOAT_VEC4' 'I' @176  35666 (0x00008b52)
 - public static final 'GL_INT_VEC2' 'I' @180  35667 (0x00008b53)
 - public static final 'GL_INT_VEC3' 'I' @184  35668 (0x00008b54)
 - public static final 'GL_INT_VEC4' 'I' @188  35669 (0x00008b55)
 - public static final 'GL_BOOL' 'I' @192  35670 (0x00008b56)
 - public static final 'GL_BOOL_VEC2' 'I' @196  35671 (0x00008b57)
 - public static final 'GL_BOOL_VEC3' 'I' @200  35672 (0x00008b58)
 - public static final 'GL_BOOL_VEC4' 'I' @204  35673 (0x00008b59)
 - public static final 'GL_FLOAT_MAT2' 'I' @208  35674 (0x00008b5a)
 - public static final 'GL_FLOAT_MAT3' 'I' @212  35675 (0x00008b5b)
 - public static final 'GL_FLOAT_MAT4' 'I' @216  35676 (0x00008b5c)
 - public static final 'GL_SAMPLER_1D' 'I' @220  35677 (0x00008b5d)
 - public static final 'GL_SAMPLER_2D' 'I' @224  35678 (0x00008b5e)
 - public static final 'GL_SAMPLER_3D' 'I' @228  35679 (0x00008b5f)
 - public static final 'GL_SAMPLER_CUBE' 'I' @232  35680 (0x00008b60)
 - public static final 'GL_SAMPLER_1D_SHADOW' 'I' @236  35681 (0x00008b61)
 - public static final 'GL_SAMPLER_2D_SHADOW' 'I' @240  35682 (0x00008b62)
 - public static final 'GL_VERTEX_SHADER' 'I' @244  35633 (0x00008b31)
 - public static final 'GL_MAX_VERTEX_UNIFORM_COMPONENTS' 'I' @248  35658 (0x00008b4a)
 - public static final 'GL_MAX_VARYING_FLOATS' 'I' @252  35659 (0x00008b4b)
 - public static final 'GL_MAX_VERTEX_ATTRIBS' 'I' @256  34921 (0x00008869)
 - public static final 'GL_MAX_TEXTURE_IMAGE_UNITS' 'I' @260  34930 (0x00008872)
 - public static final 'GL_MAX_VERTEX_TEXTURE_IMAGE_UNITS' 'I' @264  35660 (0x00008b4c)
 - public static final 'GL_MAX_COMBINED_TEXTURE_IMAGE_UNITS' 'I' @268  35661 (0x00008b4d)
 - public static final 'GL_VERTEX_PROGRAM_POINT_SIZE' 'I' @272  34370 (0x00008642)
 - public static final 'GL_VERTEX_ATTRIB_ARRAY_ENABLED' 'I' @276  34338 (0x00008622)
 - public static final 'GL_VERTEX_ATTRIB_ARRAY_SIZE' 'I' @280  34339 (0x00008623)
 - public static final 'GL_VERTEX_ATTRIB_ARRAY_STRIDE' 'I' @284  34340 (0x00008624)
 - public static final 'GL_VERTEX_ATTRIB_ARRAY_TYPE' 'I' @288  34341 (0x00008625)
 - public static final 'GL_VERTEX_ATTRIB_ARRAY_NORMALIZED' 'I' @292  34922 (0x0000886a)
 - public static final 'GL_CURRENT_VERTEX_ATTRIB' 'I' @296  34342 (0x00008626)
 - public static final 'GL_VERTEX_ATTRIB_ARRAY_POINTER' 'I' @300  34373 (0x00008645)
 - public static final 'GL_FRAGMENT_SHADER' 'I' @304  35632 (0x00008b30)
 - public static final 'GL_MAX_FRAGMENT_UNIFORM_COMPONENTS' 'I' @308  35657 (0x00008b49)
 - public static final 'GL_FRAGMENT_SHADER_DERIVATIVE_HINT' 'I' @312  35723 (0x00008b8b)
 - public static final 'GL_MAX_DRAW_BUFFERS' 'I' @316  34852 (0x00008824)
 - public static final 'GL_DRAW_BUFFER0' 'I' @320  34853 (0x00008825)
 - public static final 'GL_DRAW_BUFFER1' 'I' @324  34854 (0x00008826)
 - public static final 'GL_DRAW_BUFFER2' 'I' @328  34855 (0x00008827)
 - public static final 'GL_DRAW_BUFFER3' 'I' @332  34856 (0x00008828)
 - public static final 'GL_DRAW_BUFFER4' 'I' @336  34857 (0x00008829)
 - public static final 'GL_DRAW_BUFFER5' 'I' @340  34858 (0x0000882a)
 - public static final 'GL_DRAW_BUFFER6' 'I' @344  34859 (0x0000882b)
 - public static final 'GL_DRAW_BUFFER7' 'I' @348  34860 (0x0000882c)
 - public static final 'GL_DRAW_BUFFER8' 'I' @352  34861 (0x0000882d)
 - public static final 'GL_DRAW_BUFFER9' 'I' @356  34862 (0x0000882e)
 - public static final 'GL_DRAW_BUFFER10' 'I' @360  34863 (0x0000882f)
 - public static final 'GL_DRAW_BUFFER11' 'I' @364  34864 (0x00008830)
 - public static final 'GL_DRAW_BUFFER12' 'I' @368  34865 (0x00008831)
 - public static final 'GL_DRAW_BUFFER13' 'I' @372  34866 (0x00008832)
 - public static final 'GL_DRAW_BUFFER14' 'I' @376  34867 (0x00008833)
 - public static final 'GL_DRAW_BUFFER15' 'I' @380  34868 (0x00008834)
 - public static final 'GL_POINT_SPRITE_COORD_ORIGIN' 'I' @384  36000 (0x00008ca0)
 - public static final 'GL_LOWER_LEFT' 'I' @388  36001 (0x00008ca1)
 - public static final 'GL_UPPER_LEFT' 'I' @392  36002 (0x00008ca2)
 - public static final 'GL_BLEND_EQUATION_RGB' 'I' @396  32777 (0x00008009)
 - public static final 'GL_BLEND_EQUATION_ALPHA' 'I' @400  34877 (0x0000883d)
 - public static final 'GL_STENCIL_BACK_FUNC' 'I' @404  34816 (0x00008800)
 - public static final 'GL_STENCIL_BACK_FAIL' 'I' @408  34817 (0x00008801)
 - public static final 'GL_STENCIL_BACK_PASS_DEPTH_FAIL' 'I' @412  34818 (0x00008802)
 - public static final 'GL_STENCIL_BACK_PASS_DEPTH_PASS' 'I' @416  34819 (0x00008803)
 - public static final 'GL_STENCIL_BACK_REF' 'I' @420  36003 (0x00008ca3)
 - public static final 'GL_STENCIL_BACK_VALUE_MASK' 'I' @424  36004 (0x00008ca4)
 - public static final 'GL_STENCIL_BACK_WRITEMASK' 'I' @428  36005 (0x00008ca5)
R12=0x0 is NULL
R13=0x0000022a5e58eff8 is pointing into metadata
R14=0x0000007cb1fff320 is pointing into the stack for thread: 0x0000022a7ca0a5c0
R15=0x0000022a7ca0a5c0 is a thread


Top of Stack: (sp=0x0000007cb1fff288)
0x0000007cb1fff288:   0000022a0f5520f3 0000022a5e58f008
0x0000007cb1fff298:   0000022a5e007b80 0000022a5e007b80
0x0000007cb1fff2a8:   00007ff92d8b21b9 0000022a0f551d96
0x0000007cb1fff2b8:   0000007cb1fff2b8 0000022a5e58eff8
0x0000007cb1fff2c8:   0000007cb1fff320 0000022a5e5b8000
0x0000007cb1fff2d8:   0000000000000000 0000000711f8a4d8
0x0000007cb1fff2e8:   0000022a5e58f008 0000000000000000
0x0000007cb1fff2f8:   0000007cb1fff320 0000007cb1fff370
0x0000007cb1fff308:   0000022a0f54df9e 0000000711f8a4d8
0x0000007cb1fff318:   0000022a0f54f895 0000000000008b31
0x0000007cb1fff328:   0000007cb1fff328 0000022a5e51d449
0x0000007cb1fff338:   0000007cb1fff380 0000022a5e57e188
0x0000007cb1fff348:   0000000000000000 0000000711ee2718
0x0000007cb1fff358:   0000022a5e51d470 0000007cb1fff320
0x0000007cb1fff368:   0000007cb1fff380 0000007cb1fff3d8
0x0000007cb1fff378:   0000022a0f54df9e 0000000000008b31
0x0000007cb1fff388:   0000000711e214f0 0000007cb1fff390
0x0000007cb1fff398:   0000022a5e40cfeb 0000007cb1fff420
0x0000007cb1fff3a8:   0000022a5e505650 0000000000000000
0x0000007cb1fff3b8:   00000007125286b8 0000022a5e40d218
0x0000007cb1fff3c8:   0000007cb1fff380 0000007cb1fff420
0x0000007cb1fff3d8:   0000007cb1fff470 0000022a0f54de8a
0x0000007cb1fff3e8:   0000000000000000 0000000000000000
0x0000007cb1fff3f8:   0000000000000000 0000000000000000
0x0000007cb1fff408:   0000000000000000 0000000000000000
0x0000007cb1fff418:   0000000000000000 0000000711e214f0
0x0000007cb1fff428:   0000007cb1fff428 0000022a5e407d9f
0x0000007cb1fff438:   0000007cb1fff480 0000022a5e40d418
0x0000007cb1fff448:   0000000000000000 0000000712524190
0x0000007cb1fff458:   0000022a5e40ab00 0000007cb1fff420
0x0000007cb1fff468:   0000007cb1fff480 0000007cb1fff4d0
0x0000007cb1fff478:   0000022a0f54de8a 0000000712528800 

Instructions: (pc=0x00007ff9c690ef7a)
0x00007ff9c690ee7a:   cc cc cc cc cc cc 44 89 ca 48 8b 01 48 8b 40 18
0x00007ff9c690ee8a:   48 8b 80 f8 0d 00 00 44 89 c1 48 ff e0 cc cc cc
0x00007ff9c690ee9a:   cc cc cc cc cc cc 48 8b 01 48 8b 40 18 44 89 c1
0x00007ff9c690eeaa:   48 ff a0 00 0e 00 00 cc cc cc cc cc cc cc cc cc
0x00007ff9c690eeba:   cc cc cc cc cc cc 44 89 ca 44 89 c0 4c 8b 44 24
0x00007ff9c690eeca:   28 48 8b 09 48 8b 49 18 4c 8b 89 08 0e 00 00 89
0x00007ff9c690eeda:   c1 49 ff e1 cc cc 44 89 ca 44 89 c0 4c 8b 44 24
0x00007ff9c690eeea:   28 48 8b 09 48 8b 49 18 4c 8b 89 10 0e 00 00 89
0x00007ff9c690eefa:   c1 49 ff e1 cc cc 44 89 ca 44 89 c0 4c 8b 44 24
0x00007ff9c690ef0a:   28 48 8b 09 48 8b 49 18 4c 8b 89 18 0e 00 00 89
0x00007ff9c690ef1a:   c1 49 ff e1 cc cc 48 8b 01 48 8b 40 18 48 ff a0
0x00007ff9c690ef2a:   20 0e 00 00 cc cc 48 8b 01 48 8b 40 18 44 89 c1
0x00007ff9c690ef3a:   48 ff a0 28 0e 00 00 cc cc cc cc cc cc cc cc cc
0x00007ff9c690ef4a:   cc cc cc cc cc cc 48 8b 01 48 8b 40 18 44 89 c1
0x00007ff9c690ef5a:   48 ff a0 30 0e 00 00 cc cc cc cc cc cc cc cc cc
0x00007ff9c690ef6a:   cc cc cc cc cc cc 48 8b 01 48 8b 40 18 44 89 c1
0x00007ff9c690ef7a:   48 ff a0 38 0e 00 00 cc cc cc cc cc cc cc cc cc
0x00007ff9c690ef8a:   cc cc cc cc cc cc 48 8b 01 48 8b 40 18 44 89 c1
0x00007ff9c690ef9a:   48 ff a0 40 0e 00 00 cc cc cc cc cc cc cc cc cc
0x00007ff9c690efaa:   cc cc cc cc cc cc 48 8b 01 48 8b 40 18 44 89 c1
0x00007ff9c690efba:   48 ff a0 48 0e 00 00 cc cc cc cc cc cc cc cc cc
0x00007ff9c690efca:   cc cc cc cc cc cc 44 89 ca 48 8b 01 48 8b 40 18
0x00007ff9c690efda:   48 8b 80 50 0e 00 00 44 89 c1 48 ff e0 cc cc cc
0x00007ff9c690efea:   cc cc cc cc cc cc 44 89 ca 48 8b 01 48 8b 40 18
0x00007ff9c690effa:   48 8b 80 58 0e 00 00 44 89 c1 48 ff e0 cc cc cc
0x00007ff9c690f00a:   cc cc cc cc cc cc 44 89 ca 44 89 c0 4c 8b 44 24
0x00007ff9c690f01a:   28 4c 8b 4c 24 30 48 8b 09 48 8b 49 18 4c 8b 91
0x00007ff9c690f02a:   60 0e 00 00 89 c1 49 ff e2 cc cc cc cc cc cc cc
0x00007ff9c690f03a:   cc cc cc cc cc cc 48 8b 01 48 8b 40 18 44 89 c1
0x00007ff9c690f04a:   48 ff a0 68 0e 00 00 cc cc cc cc cc cc cc cc cc
0x00007ff9c690f05a:   cc cc cc cc cc cc 48 8b 01 48 8b 40 18 44 89 c1
0x00007ff9c690f06a:   48 ff a0 70 0e 00 00 cc cc cc cc cc cc cc cc cc 


Stack slot to memory mapping:
stack at sp + 0 slots: 0x0000022a0f5520f3 is at code_begin+1043 in an Interpreter codelet
method entry point (kind = native)  [0x0000022a0f551ce0, 0x0000022a0f5528d0]  3056 bytes
stack at sp + 1 slots: {method} {0x0000022a5e58f010} 'glCreateShader' '(I)I' in 'org/lwjgl/opengl/GL20C'
stack at sp + 2 slots: 0x0000022a5e007b80 is pointing into metadata
stack at sp + 3 slots: 0x0000022a5e007b80 is pointing into metadata
stack at sp + 4 slots: 0x00007ff92d8b21b9 jvm.dll
stack at sp + 5 slots: 0x0000022a0f551d96 is at code_begin+182 in an Interpreter codelet
method entry point (kind = native)  [0x0000022a0f551ce0, 0x0000022a0f5528d0]  3056 bytes
stack at sp + 6 slots: 0x0000007cb1fff2b8 is pointing into the stack for thread: 0x0000022a7ca0a5c0
stack at sp + 7 slots: 0x0000022a5e58eff8 is pointing into metadata


---------------  P R O C E S S  ---------------

Threads class SMR info:
_java_thread_list=0x0000022a646b1260, length=12, elements={
0x0000022a7ca0a5c0, 0x0000022a6210ac30, 0x0000022a6210bbd0, 0x0000022a6210ecb0,
0x0000022a62112ad0, 0x0000022a62113410, 0x0000022a62114250, 0x0000022a62121680,
0x0000022a62122000, 0x0000022a62234910, 0x0000022a6245ea10, 0x0000022a62326a90
}

Java Threads: ( => current thread )
=>0x0000022a7ca0a5c0 JavaThread "main" [_thread_in_native, id=19500, stack(0x0000007cb1f00000,0x0000007cb2000000)]
  0x0000022a6210ac30 JavaThread "Reference Handler" daemon [_thread_blocked, id=10460, stack(0x0000007cb2600000,0x0000007cb2700000)]
  0x0000022a6210bbd0 JavaThread "Finalizer" daemon [_thread_blocked, id=26764, stack(0x0000007cb2700000,0x0000007cb2800000)]
  0x0000022a6210ecb0 JavaThread "Signal Dispatcher" daemon [_thread_blocked, id=1872, stack(0x0000007cb2800000,0x0000007cb2900000)]
  0x0000022a62112ad0 JavaThread "Attach Listener" daemon [_thread_blocked, id=352, stack(0x0000007cb2900000,0x0000007cb2a00000)]
  0x0000022a62113410 JavaThread "Service Thread" daemon [_thread_blocked, id=21124, stack(0x0000007cb2a00000,0x0000007cb2b00000)]
  0x0000022a62114250 JavaThread "Monitor Deflation Thread" daemon [_thread_blocked, id=16372, stack(0x0000007cb2b00000,0x0000007cb2c00000)]
  0x0000022a62121680 JavaThread "C2 CompilerThread0" daemon [_thread_blocked, id=1976, stack(0x0000007cb2c00000,0x0000007cb2d00000)]
  0x0000022a62122000 JavaThread "C1 CompilerThread0" daemon [_thread_blocked, id=13536, stack(0x0000007cb2d00000,0x0000007cb2e00000)]
  0x0000022a62234910 JavaThread "Common-Cleaner" daemon [_thread_blocked, id=12020, stack(0x0000007cb2e00000,0x0000007cb2f00000)]
  0x0000022a6245ea10 JavaThread "Monitor Ctrl-Break" daemon [_thread_in_native, id=6680, stack(0x0000007cb3100000,0x0000007cb3200000)]
  0x0000022a62326a90 JavaThread "Notification Thread" daemon [_thread_blocked, id=8352, stack(0x0000007cb3200000,0x0000007cb3300000)]

Other Threads:
  0x0000022a7f469a10 VMThread "VM Thread" [stack: 0x0000007cb2500000,0x0000007cb2600000] [id=23200]
  0x0000022a62765ac0 WatcherThread "VM Periodic Task Thread" [stack: 0x0000007cb3300000,0x0000007cb3400000] [id=23124]
  0x0000022a7ca7b9b0 WorkerThread "GC Thread#0" [stack: 0x0000007cb2000000,0x0000007cb2100000] [id=23640]
  0x0000022a7ca8c460 ConcurrentGCThread "G1 Main Marker" [stack: 0x0000007cb2100000,0x0000007cb2200000] [id=10016]
  0x0000022a7ca8cf40 WorkerThread "G1 Conc#0" [stack: 0x0000007cb2200000,0x0000007cb2300000] [id=16520]
  0x0000022a7cabeb10 ConcurrentGCThread "G1 Refine#0" [stack: 0x0000007cb2300000,0x0000007cb2400000] [id=10416]
  0x0000022a7f328800 ConcurrentGCThread "G1 Service" [stack: 0x0000007cb2400000,0x0000007cb2500000] [id=4432]

Threads with active compile tasks:

VM state: not at safepoint (normal execution)

VM Mutex/Monitor currently owned by a thread: None

Heap address: 0x0000000703600000, size: 4042 MB, Compressed Oops mode: Zero based, Oop shift amount: 3

CDS archive(s) mapped at: [0x0000022a1d000000-0x0000022a1dc60000-0x0000022a1dc60000), size 12976128, SharedBaseAddress: 0x0000022a1d000000, ArchiveRelocationMode: 1.
Compressed class space mapped at: 0x0000022a1e000000-0x0000022a5e000000, reserved size: 1073741824
Narrow klass base: 0x0000022a1d000000, Narrow klass shift: 0, Narrow klass range: 0x100000000

GC Precious Log:
 CardTable entry size: 512
 Card Set container configuration: InlinePtr #cards 4 size 8 Array Of Cards #cards 16 size 48 Howl #buckets 8 coarsen threshold 3686 Howl Bitmap #cards 512 size 80 coarsen threshold 460 Card regions per heap region 1 cards per card region 4096
 CPUs: 12 total, 12 available
 Memory: 16163M
 Large Page Support: Disabled
 NUMA Support: Disabled
 Compressed Oops: Enabled (Zero based)
 Heap Region Size: 2M
 Heap Min Capacity: 8M
 Heap Initial Capacity: 254M
 Heap Max Capacity: 4042M
 Pre-touch: Disabled
 Parallel Workers: 10
 Concurrent Workers: 3
 Concurrent Refinement Workers: 10
 Periodic GC: Disabled

Heap:
 garbage-first heap   total 260096K, used 20480K [0x0000000703600000, 0x0000000800000000)
  region size 2048K, 11 young (22528K), 0 survivors (0K)
 Metaspace       used 4146K, committed 4352K, reserved 1114112K
  class space    used 295K, committed 384K, reserved 1048576K

Heap Regions: E=young(eden), S=young(survivor), O=old, HS=humongous(starts), HC=humongous(continues), CS=collection set, F=free, OA=open archive, CA=closed archive, TAMS=top-at-mark-start, PB=parsable bottom
|   0|0x0000000703600000, 0x0000000703600000, 0x0000000703800000|  0%| F|  |TAMS 0x0000000703600000| PB 0x0000000703600000| Untracked 
|   1|0x0000000703800000, 0x0000000703800000, 0x0000000703a00000|  0%| F|  |TAMS 0x0000000703800000| PB 0x0000000703800000| Untracked 
|   2|0x0000000703a00000, 0x0000000703a00000, 0x0000000703c00000|  0%| F|  |TAMS 0x0000000703a00000| PB 0x0000000703a00000| Untracked 
|   3|0x0000000703c00000, 0x0000000703c00000, 0x0000000703e00000|  0%| F|  |TAMS 0x0000000703c00000| PB 0x0000000703c00000| Untracked 
|   4|0x0000000703e00000, 0x0000000703e00000, 0x0000000704000000|  0%| F|  |TAMS 0x0000000703e00000| PB 0x0000000703e00000| Untracked 
|   5|0x0000000704000000, 0x0000000704000000, 0x0000000704200000|  0%| F|  |TAMS 0x0000000704000000| PB 0x0000000704000000| Untracked 
|   6|0x0000000704200000, 0x0000000704200000, 0x0000000704400000|  0%| F|  |TAMS 0x0000000704200000| PB 0x0000000704200000| Untracked 
|   7|0x0000000704400000, 0x0000000704400000, 0x0000000704600000|  0%| F|  |TAMS 0x0000000704400000| PB 0x0000000704400000| Untracked 
|   8|0x0000000704600000, 0x0000000704600000, 0x0000000704800000|  0%| F|  |TAMS 0x0000000704600000| PB 0x0000000704600000| Untracked 
|   9|0x0000000704800000, 0x0000000704800000, 0x0000000704a00000|  0%| F|  |TAMS 0x0000000704800000| PB 0x0000000704800000| Untracked 
|  10|0x0000000704a00000, 0x0000000704a00000, 0x0000000704c00000|  0%| F|  |TAMS 0x0000000704a00000| PB 0x0000000704a00000| Untracked 
|  11|0x0000000704c00000, 0x0000000704c00000, 0x0000000704e00000|  0%| F|  |TAMS 0x0000000704c00000| PB 0x0000000704c00000| Untracked 
|  12|0x0000000704e00000, 0x0000000704e00000, 0x0000000705000000|  0%| F|  |TAMS 0x0000000704e00000| PB 0x0000000704e00000| Untracked 
|  13|0x0000000705000000, 0x0000000705000000, 0x0000000705200000|  0%| F|  |TAMS 0x0000000705000000| PB 0x0000000705000000| Untracked 
|  14|0x0000000705200000, 0x0000000705200000, 0x0000000705400000|  0%| F|  |TAMS 0x0000000705200000| PB 0x0000000705200000| Untracked 
|  15|0x0000000705400000, 0x0000000705400000, 0x0000000705600000|  0%| F|  |TAMS 0x0000000705400000| PB 0x0000000705400000| Untracked 
|  16|0x0000000705600000, 0x0000000705600000, 0x0000000705800000|  0%| F|  |TAMS 0x0000000705600000| PB 0x0000000705600000| Untracked 
|  17|0x0000000705800000, 0x0000000705800000, 0x0000000705a00000|  0%| F|  |TAMS 0x0000000705800000| PB 0x0000000705800000| Untracked 
|  18|0x0000000705a00000, 0x0000000705a00000, 0x0000000705c00000|  0%| F|  |TAMS 0x0000000705a00000| PB 0x0000000705a00000| Untracked 
|  19|0x0000000705c00000, 0x0000000705c00000, 0x0000000705e00000|  0%| F|  |TAMS 0x0000000705c00000| PB 0x0000000705c00000| Untracked 
|  20|0x0000000705e00000, 0x0000000705e00000, 0x0000000706000000|  0%| F|  |TAMS 0x0000000705e00000| PB 0x0000000705e00000| Untracked 
|  21|0x0000000706000000, 0x0000000706000000, 0x0000000706200000|  0%| F|  |TAMS 0x0000000706000000| PB 0x0000000706000000| Untracked 
|  22|0x0000000706200000, 0x0000000706200000, 0x0000000706400000|  0%| F|  |TAMS 0x0000000706200000| PB 0x0000000706200000| Untracked 
|  23|0x0000000706400000, 0x0000000706400000, 0x0000000706600000|  0%| F|  |TAMS 0x0000000706400000| PB 0x0000000706400000| Untracked 
|  24|0x0000000706600000, 0x0000000706600000, 0x0000000706800000|  0%| F|  |TAMS 0x0000000706600000| PB 0x0000000706600000| Untracked 
|  25|0x0000000706800000, 0x0000000706800000, 0x0000000706a00000|  0%| F|  |TAMS 0x0000000706800000| PB 0x0000000706800000| Untracked 
|  26|0x0000000706a00000, 0x0000000706a00000, 0x0000000706c00000|  0%| F|  |TAMS 0x0000000706a00000| PB 0x0000000706a00000| Untracked 
|  27|0x0000000706c00000, 0x0000000706c00000, 0x0000000706e00000|  0%| F|  |TAMS 0x0000000706c00000| PB 0x0000000706c00000| Untracked 
|  28|0x0000000706e00000, 0x0000000706e00000, 0x0000000707000000|  0%| F|  |TAMS 0x0000000706e00000| PB 0x0000000706e00000| Untracked 
|  29|0x0000000707000000, 0x0000000707000000, 0x0000000707200000|  0%| F|  |TAMS 0x0000000707000000| PB 0x0000000707000000| Untracked 
|  30|0x0000000707200000, 0x0000000707200000, 0x0000000707400000|  0%| F|  |TAMS 0x0000000707200000| PB 0x0000000707200000| Untracked 
|  31|0x0000000707400000, 0x0000000707400000, 0x0000000707600000|  0%| F|  |TAMS 0x0000000707400000| PB 0x0000000707400000| Untracked 
|  32|0x0000000707600000, 0x0000000707600000, 0x0000000707800000|  0%| F|  |TAMS 0x0000000707600000| PB 0x0000000707600000| Untracked 
|  33|0x0000000707800000, 0x0000000707800000, 0x0000000707a00000|  0%| F|  |TAMS 0x0000000707800000| PB 0x0000000707800000| Untracked 
|  34|0x0000000707a00000, 0x0000000707a00000, 0x0000000707c00000|  0%| F|  |TAMS 0x0000000707a00000| PB 0x0000000707a00000| Untracked 
|  35|0x0000000707c00000, 0x0000000707c00000, 0x0000000707e00000|  0%| F|  |TAMS 0x0000000707c00000| PB 0x0000000707c00000| Untracked 
|  36|0x0000000707e00000, 0x0000000707e00000, 0x0000000708000000|  0%| F|  |TAMS 0x0000000707e00000| PB 0x0000000707e00000| Untracked 
|  37|0x0000000708000000, 0x0000000708000000, 0x0000000708200000|  0%| F|  |TAMS 0x0000000708000000| PB 0x0000000708000000| Untracked 
|  38|0x0000000708200000, 0x0000000708200000, 0x0000000708400000|  0%| F|  |TAMS 0x0000000708200000| PB 0x0000000708200000| Untracked 
|  39|0x0000000708400000, 0x0000000708400000, 0x0000000708600000|  0%| F|  |TAMS 0x0000000708400000| PB 0x0000000708400000| Untracked 
|  40|0x0000000708600000, 0x0000000708600000, 0x0000000708800000|  0%| F|  |TAMS 0x0000000708600000| PB 0x0000000708600000| Untracked 
|  41|0x0000000708800000, 0x0000000708800000, 0x0000000708a00000|  0%| F|  |TAMS 0x0000000708800000| PB 0x0000000708800000| Untracked 
|  42|0x0000000708a00000, 0x0000000708a00000, 0x0000000708c00000|  0%| F|  |TAMS 0x0000000708a00000| PB 0x0000000708a00000| Untracked 
|  43|0x0000000708c00000, 0x0000000708c00000, 0x0000000708e00000|  0%| F|  |TAMS 0x0000000708c00000| PB 0x0000000708c00000| Untracked 
|  44|0x0000000708e00000, 0x0000000708e00000, 0x0000000709000000|  0%| F|  |TAMS 0x0000000708e00000| PB 0x0000000708e00000| Untracked 
|  45|0x0000000709000000, 0x0000000709000000, 0x0000000709200000|  0%| F|  |TAMS 0x0000000709000000| PB 0x0000000709000000| Untracked 
|  46|0x0000000709200000, 0x0000000709200000, 0x0000000709400000|  0%| F|  |TAMS 0x0000000709200000| PB 0x0000000709200000| Untracked 
|  47|0x0000000709400000, 0x0000000709400000, 0x0000000709600000|  0%| F|  |TAMS 0x0000000709400000| PB 0x0000000709400000| Untracked 
|  48|0x0000000709600000, 0x0000000709600000, 0x0000000709800000|  0%| F|  |TAMS 0x0000000709600000| PB 0x0000000709600000| Untracked 
|  49|0x0000000709800000, 0x0000000709800000, 0x0000000709a00000|  0%| F|  |TAMS 0x0000000709800000| PB 0x0000000709800000| Untracked 
|  50|0x0000000709a00000, 0x0000000709a00000, 0x0000000709c00000|  0%| F|  |TAMS 0x0000000709a00000| PB 0x0000000709a00000| Untracked 
|  51|0x0000000709c00000, 0x0000000709c00000, 0x0000000709e00000|  0%| F|  |TAMS 0x0000000709c00000| PB 0x0000000709c00000| Untracked 
|  52|0x0000000709e00000, 0x0000000709e00000, 0x000000070a000000|  0%| F|  |TAMS 0x0000000709e00000| PB 0x0000000709e00000| Untracked 
|  53|0x000000070a000000, 0x000000070a000000, 0x000000070a200000|  0%| F|  |TAMS 0x000000070a000000| PB 0x000000070a000000| Untracked 
|  54|0x000000070a200000, 0x000000070a200000, 0x000000070a400000|  0%| F|  |TAMS 0x000000070a200000| PB 0x000000070a200000| Untracked 
|  55|0x000000070a400000, 0x000000070a400000, 0x000000070a600000|  0%| F|  |TAMS 0x000000070a400000| PB 0x000000070a400000| Untracked 
|  56|0x000000070a600000, 0x000000070a600000, 0x000000070a800000|  0%| F|  |TAMS 0x000000070a600000| PB 0x000000070a600000| Untracked 
|  57|0x000000070a800000, 0x000000070a800000, 0x000000070aa00000|  0%| F|  |TAMS 0x000000070a800000| PB 0x000000070a800000| Untracked 
|  58|0x000000070aa00000, 0x000000070aa00000, 0x000000070ac00000|  0%| F|  |TAMS 0x000000070aa00000| PB 0x000000070aa00000| Untracked 
|  59|0x000000070ac00000, 0x000000070ac00000, 0x000000070ae00000|  0%| F|  |TAMS 0x000000070ac00000| PB 0x000000070ac00000| Untracked 
|  60|0x000000070ae00000, 0x000000070ae00000, 0x000000070b000000|  0%| F|  |TAMS 0x000000070ae00000| PB 0x000000070ae00000| Untracked 
|  61|0x000000070b000000, 0x000000070b000000, 0x000000070b200000|  0%| F|  |TAMS 0x000000070b000000| PB 0x000000070b000000| Untracked 
|  62|0x000000070b200000, 0x000000070b200000, 0x000000070b400000|  0%| F|  |TAMS 0x000000070b200000| PB 0x000000070b200000| Untracked 
|  63|0x000000070b400000, 0x000000070b400000, 0x000000070b600000|  0%| F|  |TAMS 0x000000070b400000| PB 0x000000070b400000| Untracked 
|  64|0x000000070b600000, 0x000000070b600000, 0x000000070b800000|  0%| F|  |TAMS 0x000000070b600000| PB 0x000000070b600000| Untracked 
|  65|0x000000070b800000, 0x000000070b800000, 0x000000070ba00000|  0%| F|  |TAMS 0x000000070b800000| PB 0x000000070b800000| Untracked 
|  66|0x000000070ba00000, 0x000000070ba00000, 0x000000070bc00000|  0%| F|  |TAMS 0x000000070ba00000| PB 0x000000070ba00000| Untracked 
|  67|0x000000070bc00000, 0x000000070bc00000, 0x000000070be00000|  0%| F|  |TAMS 0x000000070bc00000| PB 0x000000070bc00000| Untracked 
|  68|0x000000070be00000, 0x000000070be00000, 0x000000070c000000|  0%| F|  |TAMS 0x000000070be00000| PB 0x000000070be00000| Untracked 
|  69|0x000000070c000000, 0x000000070c000000, 0x000000070c200000|  0%| F|  |TAMS 0x000000070c000000| PB 0x000000070c000000| Untracked 
|  70|0x000000070c200000, 0x000000070c200000, 0x000000070c400000|  0%| F|  |TAMS 0x000000070c200000| PB 0x000000070c200000| Untracked 
|  71|0x000000070c400000, 0x000000070c400000, 0x000000070c600000|  0%| F|  |TAMS 0x000000070c400000| PB 0x000000070c400000| Untracked 
|  72|0x000000070c600000, 0x000000070c600000, 0x000000070c800000|  0%| F|  |TAMS 0x000000070c600000| PB 0x000000070c600000| Untracked 
|  73|0x000000070c800000, 0x000000070c800000, 0x000000070ca00000|  0%| F|  |TAMS 0x000000070c800000| PB 0x000000070c800000| Untracked 
|  74|0x000000070ca00000, 0x000000070ca00000, 0x000000070cc00000|  0%| F|  |TAMS 0x000000070ca00000| PB 0x000000070ca00000| Untracked 
|  75|0x000000070cc00000, 0x000000070cc00000, 0x000000070ce00000|  0%| F|  |TAMS 0x000000070cc00000| PB 0x000000070cc00000| Untracked 
|  76|0x000000070ce00000, 0x000000070ce00000, 0x000000070d000000|  0%| F|  |TAMS 0x000000070ce00000| PB 0x000000070ce00000| Untracked 
|  77|0x000000070d000000, 0x000000070d000000, 0x000000070d200000|  0%| F|  |TAMS 0x000000070d000000| PB 0x000000070d000000| Untracked 
|  78|0x000000070d200000, 0x000000070d200000, 0x000000070d400000|  0%| F|  |TAMS 0x000000070d200000| PB 0x000000070d200000| Untracked 
|  79|0x000000070d400000, 0x000000070d400000, 0x000000070d600000|  0%| F|  |TAMS 0x000000070d400000| PB 0x000000070d400000| Untracked 
|  80|0x000000070d600000, 0x000000070d600000, 0x000000070d800000|  0%| F|  |TAMS 0x000000070d600000| PB 0x000000070d600000| Untracked 
|  81|0x000000070d800000, 0x000000070d800000, 0x000000070da00000|  0%| F|  |TAMS 0x000000070d800000| PB 0x000000070d800000| Untracked 
|  82|0x000000070da00000, 0x000000070da00000, 0x000000070dc00000|  0%| F|  |TAMS 0x000000070da00000| PB 0x000000070da00000| Untracked 
|  83|0x000000070dc00000, 0x000000070dc00000, 0x000000070de00000|  0%| F|  |TAMS 0x000000070dc00000| PB 0x000000070dc00000| Untracked 
|  84|0x000000070de00000, 0x000000070de00000, 0x000000070e000000|  0%| F|  |TAMS 0x000000070de00000| PB 0x000000070de00000| Untracked 
|  85|0x000000070e000000, 0x000000070e000000, 0x000000070e200000|  0%| F|  |TAMS 0x000000070e000000| PB 0x000000070e000000| Untracked 
|  86|0x000000070e200000, 0x000000070e200000, 0x000000070e400000|  0%| F|  |TAMS 0x000000070e200000| PB 0x000000070e200000| Untracked 
|  87|0x000000070e400000, 0x000000070e400000, 0x000000070e600000|  0%| F|  |TAMS 0x000000070e400000| PB 0x000000070e400000| Untracked 
|  88|0x000000070e600000, 0x000000070e600000, 0x000000070e800000|  0%| F|  |TAMS 0x000000070e600000| PB 0x000000070e600000| Untracked 
|  89|0x000000070e800000, 0x000000070e800000, 0x000000070ea00000|  0%| F|  |TAMS 0x000000070e800000| PB 0x000000070e800000| Untracked 
|  90|0x000000070ea00000, 0x000000070ea00000, 0x000000070ec00000|  0%| F|  |TAMS 0x000000070ea00000| PB 0x000000070ea00000| Untracked 
|  91|0x000000070ec00000, 0x000000070ec00000, 0x000000070ee00000|  0%| F|  |TAMS 0x000000070ec00000| PB 0x000000070ec00000| Untracked 
|  92|0x000000070ee00000, 0x000000070ee00000, 0x000000070f000000|  0%| F|  |TAMS 0x000000070ee00000| PB 0x000000070ee00000| Untracked 
|  93|0x000000070f000000, 0x000000070f000000, 0x000000070f200000|  0%| F|  |TAMS 0x000000070f000000| PB 0x000000070f000000| Untracked 
|  94|0x000000070f200000, 0x000000070f200000, 0x000000070f400000|  0%| F|  |TAMS 0x000000070f200000| PB 0x000000070f200000| Untracked 
|  95|0x000000070f400000, 0x000000070f400000, 0x000000070f600000|  0%| F|  |TAMS 0x000000070f400000| PB 0x000000070f400000| Untracked 
|  96|0x000000070f600000, 0x000000070f600000, 0x000000070f800000|  0%| F|  |TAMS 0x000000070f600000| PB 0x000000070f600000| Untracked 
|  97|0x000000070f800000, 0x000000070f800000, 0x000000070fa00000|  0%| F|  |TAMS 0x000000070f800000| PB 0x000000070f800000| Untracked 
|  98|0x000000070fa00000, 0x000000070fa00000, 0x000000070fc00000|  0%| F|  |TAMS 0x000000070fa00000| PB 0x000000070fa00000| Untracked 
|  99|0x000000070fc00000, 0x000000070fc00000, 0x000000070fe00000|  0%| F|  |TAMS 0x000000070fc00000| PB 0x000000070fc00000| Untracked 
| 100|0x000000070fe00000, 0x000000070fe00000, 0x0000000710000000|  0%| F|  |TAMS 0x000000070fe00000| PB 0x000000070fe00000| Untracked 
| 101|0x0000000710000000, 0x0000000710000000, 0x0000000710200000|  0%| F|  |TAMS 0x0000000710000000| PB 0x0000000710000000| Untracked 
| 102|0x0000000710200000, 0x0000000710200000, 0x0000000710400000|  0%| F|  |TAMS 0x0000000710200000| PB 0x0000000710200000| Untracked 
| 103|0x0000000710400000, 0x0000000710400000, 0x0000000710600000|  0%| F|  |TAMS 0x0000000710400000| PB 0x0000000710400000| Untracked 
| 104|0x0000000710600000, 0x0000000710600000, 0x0000000710800000|  0%| F|  |TAMS 0x0000000710600000| PB 0x0000000710600000| Untracked 
| 105|0x0000000710800000, 0x0000000710800000, 0x0000000710a00000|  0%| F|  |TAMS 0x0000000710800000| PB 0x0000000710800000| Untracked 
| 106|0x0000000710a00000, 0x0000000710a00000, 0x0000000710c00000|  0%| F|  |TAMS 0x0000000710a00000| PB 0x0000000710a00000| Untracked 
| 107|0x0000000710c00000, 0x0000000710c00000, 0x0000000710e00000|  0%| F|  |TAMS 0x0000000710c00000| PB 0x0000000710c00000| Untracked 
| 108|0x0000000710e00000, 0x0000000710e00000, 0x0000000711000000|  0%| F|  |TAMS 0x0000000710e00000| PB 0x0000000710e00000| Untracked 
| 109|0x0000000711000000, 0x0000000711000000, 0x0000000711200000|  0%| F|  |TAMS 0x0000000711000000| PB 0x0000000711000000| Untracked 
| 110|0x0000000711200000, 0x0000000711200000, 0x0000000711400000|  0%| F|  |TAMS 0x0000000711200000| PB 0x0000000711200000| Untracked 
| 111|0x0000000711400000, 0x0000000711400000, 0x0000000711600000|  0%| F|  |TAMS 0x0000000711400000| PB 0x0000000711400000| Untracked 
| 112|0x0000000711600000, 0x0000000711600000, 0x0000000711800000|  0%| F|  |TAMS 0x0000000711600000| PB 0x0000000711600000| Untracked 
| 113|0x0000000711800000, 0x0000000711800000, 0x0000000711a00000|  0%| F|  |TAMS 0x0000000711800000| PB 0x0000000711800000| Untracked 
| 114|0x0000000711a00000, 0x0000000711a00000, 0x0000000711c00000|  0%| F|  |TAMS 0x0000000711a00000| PB 0x0000000711a00000| Untracked 
| 115|0x0000000711c00000, 0x0000000711c00000, 0x0000000711e00000|  0%| F|  |TAMS 0x0000000711c00000| PB 0x0000000711c00000| Untracked 
| 116|0x0000000711e00000, 0x0000000711fd7878, 0x0000000712000000| 92%| E|  |TAMS 0x0000000711e00000| PB 0x0000000711e00000| Complete 
| 117|0x0000000712000000, 0x0000000712200000, 0x0000000712200000|100%| E|CS|TAMS 0x0000000712000000| PB 0x0000000712000000| Complete 
| 118|0x0000000712200000, 0x0000000712400000, 0x0000000712400000|100%| E|CS|TAMS 0x0000000712200000| PB 0x0000000712200000| Complete 
| 119|0x0000000712400000, 0x0000000712600000, 0x0000000712600000|100%| E|CS|TAMS 0x0000000712400000| PB 0x0000000712400000| Complete 
| 120|0x0000000712600000, 0x0000000712800000, 0x0000000712800000|100%| E|CS|TAMS 0x0000000712600000| PB 0x0000000712600000| Complete 
| 121|0x0000000712800000, 0x0000000712a00000, 0x0000000712a00000|100%| E|CS|TAMS 0x0000000712800000| PB 0x0000000712800000| Complete 
| 122|0x0000000712a00000, 0x0000000712c00000, 0x0000000712c00000|100%| E|CS|TAMS 0x0000000712a00000| PB 0x0000000712a00000| Complete 
| 123|0x0000000712c00000, 0x0000000712e00000, 0x0000000712e00000|100%| E|CS|TAMS 0x0000000712c00000| PB 0x0000000712c00000| Complete 
| 124|0x0000000712e00000, 0x0000000713000000, 0x0000000713000000|100%| E|CS|TAMS 0x0000000712e00000| PB 0x0000000712e00000| Complete 
| 125|0x0000000713000000, 0x0000000713200000, 0x0000000713200000|100%| E|CS|TAMS 0x0000000713000000| PB 0x0000000713000000| Complete 
| 126|0x0000000713200000, 0x0000000713400000, 0x0000000713400000|100%| E|CS|TAMS 0x0000000713200000| PB 0x0000000713200000| Complete 

Card table byte_map: [0x0000022a7d800000,0x0000022a7dff0000] _byte_map_base: 0x0000022a79fe5000

Marking Bits: (CMBitMap*) 0x0000022a7ca7bef0
 Bits: [0x0000022a17000000, 0x0000022a1af28000)

Polling page: 0x0000022a7a920000

Metaspace:

Usage:
  Non-class:      3.76 MB used.
      Class:    295.38 KB used.
       Both:      4.05 MB used.

Virtual space:
  Non-class space:       64.00 MB reserved,       3.88 MB (  6%) committed,  1 nodes.
      Class space:        1.00 GB reserved,     384.00 KB ( <1%) committed,  1 nodes.
             Both:        1.06 GB reserved,       4.25 MB ( <1%) committed. 

Chunk freelists:
   Non-Class:  2.27 MB
       Class:  3.63 MB
        Both:  5.89 MB

MaxMetaspaceSize: unlimited
CompressedClassSpaceSize: 1.00 GB
Initial GC threshold: 21.00 MB
Current GC threshold: 21.00 MB
CDS: on
MetaspaceReclaimPolicy: balanced
 - commit_granule_bytes: 65536.
 - commit_granule_words: 8192.
 - virtual_space_node_default_size: 8388608.
 - enlarge_chunks_in_place: 1.
 - new_chunks_are_fully_committed: 0.
 - uncommit_free_chunks: 1.
 - use_allocation_guard: 0.


Internal statistics:

num_allocs_failed_limit: 0.
num_arena_births: 90.
num_arena_deaths: 0.
num_vsnodes_births: 2.
num_vsnodes_deaths: 0.
num_space_committed: 68.
num_space_uncommitted: 0.
num_chunks_returned_to_freelist: 0.
num_chunks_taken_from_freelist: 185.
num_chunk_merges: 0.
num_chunk_splits: 115.
num_chunks_enlarged: 79.
num_inconsistent_stats: 0.

CodeHeap 'non-profiled nmethods': size=120000Kb used=367Kb max_used=367Kb free=119633Kb
 bounds [0x0000022a0fad0000, 0x0000022a0fd40000, 0x0000022a17000000]
CodeHeap 'profiled nmethods': size=120000Kb used=1271Kb max_used=1271Kb free=118728Kb
 bounds [0x0000022a08000000, 0x0000022a08270000, 0x0000022a0f530000]
CodeHeap 'non-nmethods': size=5760Kb used=2400Kb max_used=2415Kb free=3359Kb
 bounds [0x0000022a0f530000, 0x0000022a0f7a0000, 0x0000022a0fad0000]
 total_blobs=1973 nmethods=910 adapters=974
 compilation: enabled
              stopped_count=0, restarted_count=0
 full_count=0

Compilation events (20 events):
Event: 0.561 Thread 0x0000022a62122000  900       3       sun.nio.ch.FileChannelImpl::ensureOpen (16 bytes)
Event: 0.561 Thread 0x0000022a62122000 nmethod 900 0x0000022a0813a410 code [0x0000022a0813a5c0, 0x0000022a0813a840]
Event: 0.561 Thread 0x0000022a62122000  901   !   3       sun.nio.ch.NativeThreadSet::add (155 bytes)
Event: 0.561 Thread 0x0000022a62122000 nmethod 901 0x0000022a0813a910 code [0x0000022a0813aae0, 0x0000022a0813b120]
Event: 0.561 Thread 0x0000022a62122000  902   !   3       sun.nio.ch.NativeThreadSet::remove (90 bytes)
Event: 0.562 Thread 0x0000022a62122000 nmethod 902 0x0000022a0813b410 code [0x0000022a0813b5c0, 0x0000022a0813b8c0]
Event: 0.562 Thread 0x0000022a62122000  903  s    3       sun.nio.ch.ChannelInputStream::read (77 bytes)
Event: 0.562 Thread 0x0000022a62121680  905   !   4       java.util.zip.Inflater::inflate (456 bytes)
Event: 0.562 Thread 0x0000022a62122000 nmethod 903 0x0000022a0813ba90 code [0x0000022a0813bca0, 0x0000022a0813c538]
Event: 0.562 Thread 0x0000022a62122000  904   !   3       sun.nio.ch.ChannelInputStream::read (70 bytes)
Event: 0.562 Thread 0x0000022a62122000 nmethod 904 0x0000022a0813c810 code [0x0000022a0813ca20, 0x0000022a0813d248]
Event: 0.562 Thread 0x0000022a62122000  906       3       sun.misc.Unsafe::putLong (11 bytes)
Event: 0.562 Thread 0x0000022a62122000 nmethod 906 0x0000022a0813d510 code [0x0000022a0813d6a0, 0x0000022a0813d7b0]
Event: 0.562 Thread 0x0000022a62122000  907       3       org.lwjgl.system.MemoryUtil::memPutAddress (29 bytes)
Event: 0.562 Thread 0x0000022a62122000 nmethod 907 0x0000022a0813d890 code [0x0000022a0813da20, 0x0000022a0813dc18]
Event: 0.565 Thread 0x0000022a62121680 nmethod 905 0x0000022a0fb2a410 code [0x0000022a0fb2a5a0, 0x0000022a0fb2aaf8]
Event: 0.565 Thread 0x0000022a62121680  908       4       java.lang.Integer::toUnsignedLong (7 bytes)
Event: 0.565 Thread 0x0000022a62121680 nmethod 908 0x0000022a0fb2af10 code [0x0000022a0fb2b080, 0x0000022a0fb2b0e8]
Event: 0.565 Thread 0x0000022a62121680  909       4       sun.misc.Unsafe::putLong (11 bytes)
Event: 0.566 Thread 0x0000022a62121680 nmethod 909 0x0000022a0fb2b210 code [0x0000022a0fb2b380, 0x0000022a0fb2b428]

GC Heap History (0 events):
No events

Dll operation events (11 events):
Event: 0.010 Loaded shared library C:\Users\stas2\.jdks\openjdk-20.0.2-1\bin\java.dll
Event: 0.029 Loaded shared library C:\Users\stas2\.jdks\openjdk-20.0.2-1\bin\jsvml.dll
Event: 0.077 Loaded shared library C:\Users\stas2\.jdks\openjdk-20.0.2-1\bin\net.dll
Event: 0.078 Loaded shared library C:\Users\stas2\.jdks\openjdk-20.0.2-1\bin\nio.dll
Event: 0.082 Loaded shared library C:\Users\stas2\.jdks\openjdk-20.0.2-1\bin\zip.dll
Event: 0.208 Loaded shared library C:\Users\stas2\.jdks\openjdk-20.0.2-1\bin\zip.dll
Event: 0.211 Loaded shared library C:\Users\stas2\.jdks\openjdk-20.0.2-1\bin\instrument.dll
Event: 0.244 Loaded shared library C:\IntelliJ IDEA Community Edition 2021.3.2\IntelliJ IDEA Community Edition 2023.2.1\bin\breakgen64.dll
Event: 0.287 Loaded shared library C:\Users\stas2\.jdks\openjdk-20.0.2-1\bin\jimage.dll
Event: 0.311 Loaded shared library C:\Users\stas2\AppData\Local\Temp\lwjgl_stas2\3.3.4+7\x64\lwjgl.dll
Event: 0.559 Loaded shared library C:\Users\stas2\AppData\Local\Temp\lwjgl_stas2\3.3.4+7\x64\lwjgl_opengl.dll

Deoptimization events (20 events):
Event: 0.229 Thread 0x0000022a7ca0a5c0 Uncommon trap: trap_request=0xffffff45 fr.pc=0x0000022a0faf2e64 relative=0x0000000000000164
Event: 0.229 Thread 0x0000022a7ca0a5c0 Uncommon trap: reason=unstable_if action=reinterpret pc=0x0000022a0faf2e64 method=java.util.zip.ZipFile$Source.isMetaName([BII)Z @ 57 c2
Event: 0.229 Thread 0x0000022a7ca0a5c0 DEOPT PACKING pc=0x0000022a0faf2e64 sp=0x0000007cb1ffe100
Event: 0.229 Thread 0x0000022a7ca0a5c0 DEOPT UNPACKING pc=0x0000022a0f54d2a2 sp=0x0000007cb1ffe0a8 mode 2
Event: 0.245 Thread 0x0000022a7ca0a5c0 Uncommon trap: trap_request=0xffffff45 fr.pc=0x0000022a0fad07ec relative=0x000000000000006c
Event: 0.245 Thread 0x0000022a7ca0a5c0 Uncommon trap: reason=unstable_if action=reinterpret pc=0x0000022a0fad07ec method=java.lang.String.isLatin1()Z @ 10 c2
Event: 0.245 Thread 0x0000022a7ca0a5c0 DEOPT PACKING pc=0x0000022a0fad07ec sp=0x0000007cb1ffe570
Event: 0.245 Thread 0x0000022a7ca0a5c0 DEOPT UNPACKING pc=0x0000022a0f54d2a2 sp=0x0000007cb1ffe500 mode 2
Event: 0.245 Thread 0x0000022a7ca0a5c0 Uncommon trap: trap_request=0xffffff45 fr.pc=0x0000022a0fad1934 relative=0x00000000000000b4
Event: 0.245 Thread 0x0000022a7ca0a5c0 Uncommon trap: reason=unstable_if action=reinterpret pc=0x0000022a0fad1934 method=java.lang.String.isLatin1()Z @ 10 c2
Event: 0.246 Thread 0x0000022a7ca0a5c0 DEOPT PACKING pc=0x0000022a0fad1934 sp=0x0000007cb1ffef80
Event: 0.246 Thread 0x0000022a7ca0a5c0 DEOPT UNPACKING pc=0x0000022a0f54d2a2 sp=0x0000007cb1ffeec0 mode 2
Event: 0.324 Thread 0x0000022a7ca0a5c0 Uncommon trap: trap_request=0xffffff45 fr.pc=0x0000022a0fae38f8 relative=0x0000000000000178
Event: 0.324 Thread 0x0000022a7ca0a5c0 Uncommon trap: reason=unstable_if action=reinterpret pc=0x0000022a0fae38f8 method=java.lang.String.startsWith(Ljava/lang/String;I)Z @ 1 c2
Event: 0.324 Thread 0x0000022a7ca0a5c0 DEOPT PACKING pc=0x0000022a0fae38f8 sp=0x0000007cb1ffadc0
Event: 0.324 Thread 0x0000022a7ca0a5c0 DEOPT UNPACKING pc=0x0000022a0f54d2a2 sp=0x0000007cb1ffad28 mode 2
Event: 0.331 Thread 0x0000022a7ca0a5c0 Uncommon trap: trap_request=0xffffff45 fr.pc=0x0000022a0faee5e8 relative=0x0000000000000e28
Event: 0.331 Thread 0x0000022a7ca0a5c0 Uncommon trap: reason=unstable_if action=reinterpret pc=0x0000022a0faee5e8 method=java.util.HashMap.putVal(ILjava/lang/Object;Ljava/lang/Object;ZZ)Ljava/lang/Object; @ 193 c2
Event: 0.331 Thread 0x0000022a7ca0a5c0 DEOPT PACKING pc=0x0000022a0faee5e8 sp=0x0000007cb1ffba00
Event: 0.331 Thread 0x0000022a7ca0a5c0 DEOPT UNPACKING pc=0x0000022a0f54d2a2 sp=0x0000007cb1ffb948 mode 2

Classes loaded (20 events):
Event: 0.363 Loading class java/util/function/LongPredicate
Event: 0.363 Loading class java/util/function/LongPredicate done
Event: 0.369 Loading class java/lang/foreign/MemorySegment
Event: 0.370 Loading class java/lang/foreign/MemorySegment done
Event: 0.373 Loading class java/nio/InvalidMarkException
Event: 0.373 Loading class java/nio/InvalidMarkException done
Event: 0.373 Loading class java/nio/BufferUnderflowException
Event: 0.373 Loading class java/nio/BufferUnderflowException done
Event: 0.387 Loading class java/util/Formatter$FixedString
Event: 0.387 Loading class java/util/Formatter$FixedString done
Event: 0.397 Loading class java/lang/NoSuchFieldError
Event: 0.397 Loading class java/lang/NoSuchFieldError done
Event: 0.404 Loading class jdk/internal/reflect/MethodHandleIntegerFieldAccessorImpl
Event: 0.404 Loading class jdk/internal/reflect/MethodHandleIntegerFieldAccessorImpl done
Event: 0.556 Loading class jdk/internal/foreign/MemorySessionImpl
Event: 0.556 Loading class java/lang/foreign/SegmentScope
Event: 0.556 Loading class java/lang/foreign/SegmentScope done
Event: 0.556 Loading class java/lang/foreign/SegmentAllocator
Event: 0.556 Loading class java/lang/foreign/SegmentAllocator done
Event: 0.556 Loading class jdk/internal/foreign/MemorySessionImpl done

Classes unloaded (0 events):
No events

Classes redefined (0 events):
No events

Internal exceptions (20 events):
Event: 0.364 Thread 0x0000022a7ca0a5c0 Exception <a 'java/lang/NoSuchMethodError'{0x00000007120acbc0}: 'int java.lang.invoke.DirectMethodHandle$Holder.invokeStaticInit(java.lang.Object, java.lang.Object, int, long)'> (0x00000007120acbc0) 
thrown [s\open\src\hotspot\share\interpreter\linkResolver.cpp, line 773]
Event: 0.364 Thread 0x0000022a7ca0a5c0 Exception <a 'java/lang/NoSuchMethodError'{0x00000007120b21c0}: 'java.lang.Object java.lang.invoke.DirectMethodHandle$Holder.newInvokeSpecial(java.lang.Object, java.lang.Object, int)'> (0x00000007120b21c0) 
thrown [s\open\src\hotspot\share\interpreter\linkResolver.cpp, line 773]
Event: 0.371 Thread 0x0000022a7ca0a5c0 Exception <a 'java/lang/NoSuchMethodError'{0x00000007120c0db8}: 'int java.lang.invoke.DirectMethodHandle$Holder.invokeStaticInit(java.lang.Object, java.lang.Object, long, long)'> (0x00000007120c0db8) 
thrown [s\open\src\hotspot\share\interpreter\linkResolver.cpp, line 773]
Event: 0.371 Thread 0x0000022a7ca0a5c0 Exception <a 'java/lang/NoSuchMethodError'{0x00000007120c6c00}: 'java.lang.Object java.lang.invoke.DirectMethodHandle$Holder.newInvokeSpecial(java.lang.Object, java.lang.Object, long)'> (0x00000007120c6c00) 
thrown [s\open\src\hotspot\share\interpreter\linkResolver.cpp, line 773]
Event: 0.372 Thread 0x0000022a7ca0a5c0 Exception <a 'java/lang/NoSuchMethodError'{0x00000007120ca9b8}: 'java.lang.Object java.lang.invoke.Invokers$Holder.linkToTargetMethod(java.lang.Object, long, java.lang.Object)'> (0x00000007120ca9b8) 
thrown [s\open\src\hotspot\share\interpreter\linkResolver.cpp, line 773]
Event: 0.372 Thread 0x0000022a7ca0a5c0 Exception <a 'java/lang/NoSuchMethodError'{0x00000007120d19f0}: 'int java.lang.invoke.DirectMethodHandle$Holder.invokeStaticInit(java.lang.Object, java.lang.Object, java.lang.Object, long)'> (0x00000007120d19f0) 
thrown [s\open\src\hotspot\share\interpreter\linkResolver.cpp, line 773]
Event: 0.392 Thread 0x0000022a7ca0a5c0 Exception <a 'sun/nio/fs/WindowsException'{0x000000071217a2b0}> (0x000000071217a2b0) 
thrown [s\open\src\hotspot\share\prims\jni.cpp, line 519]
Event: 0.396 Thread 0x0000022a7ca0a5c0 Exception <a 'sun/nio/fs/WindowsException'{0x0000000712187198}> (0x0000000712187198) 
thrown [s\open\src\hotspot\share\prims\jni.cpp, line 519]
Event: 0.397 Thread 0x0000022a7ca0a5c0 Exception <a 'sun/nio/fs/WindowsException'{0x00000007121874f8}> (0x00000007121874f8) 
thrown [s\open\src\hotspot\share\prims\jni.cpp, line 519]
Event: 0.401 Thread 0x0000022a7ca0a5c0 Exception <a 'sun/nio/fs/WindowsException'{0x000000071219d778}> (0x000000071219d778) 
thrown [s\open\src\hotspot\share\prims\jni.cpp, line 519]
Event: 0.404 Thread 0x0000022a7ca0a5c0 Exception <a 'java/lang/NoSuchMethodError'{0x00000007121a2490}: 'int java.lang.invoke.Invokers$Holder.invokeExact_MT(java.lang.Object, java.lang.Object)'> (0x00000007121a2490) 
thrown [s\open\src\hotspot\share\interpreter\linkResolver.cpp, line 773]
Event: 0.552 Thread 0x0000022a7ca0a5c0 Exception <a 'java/lang/NoSuchMethodError'{0x0000000711efb528}: 'void java.lang.System.load(java.lang.String, java.lang.Class)'> (0x0000000711efb528) 
thrown [s\open\src\hotspot\share\interpreter\linkResolver.cpp, line 773]
Event: 0.553 Thread 0x0000022a7ca0a5c0 Exception <a 'java/lang/NoSuchMethodError'{0x0000000711efe310}: 'void java.lang.System.loadLibrary(java.lang.String, java.lang.Class)'> (0x0000000711efe310) 
thrown [s\open\src\hotspot\share\interpreter\linkResolver.cpp, line 773]
Event: 0.553 Thread 0x0000022a7ca0a5c0 Exception <a 'sun/nio/fs/WindowsException'{0x0000000711f01618}> (0x0000000711f01618) 
thrown [s\open\src\hotspot\share\prims\jni.cpp, line 519]
Event: 0.557 Thread 0x0000022a7ca0a5c0 Exception <a 'sun/nio/fs/WindowsException'{0x0000000711f0ec90}> (0x0000000711f0ec90) 
thrown [s\open\src\hotspot\share\prims\jni.cpp, line 519]
Event: 0.557 Thread 0x0000022a7ca0a5c0 Exception <a 'sun/nio/fs/WindowsException'{0x0000000711f0f030}> (0x0000000711f0f030) 
thrown [s\open\src\hotspot\share\prims\jni.cpp, line 519]
Event: 0.559 Thread 0x0000022a7ca0a5c0 Exception <a 'sun/nio/fs/WindowsException'{0x0000000711f114a8}> (0x0000000711f114a8) 
thrown [s\open\src\hotspot\share\prims\jni.cpp, line 519]
Event: 0.561 Thread 0x0000022a7ca0a5c0 Exception <a 'sun/nio/fs/WindowsException'{0x0000000711f18728}> (0x0000000711f18728) 
thrown [s\open\src\hotspot\share\prims\jni.cpp, line 519]
Event: 0.561 Thread 0x0000022a7ca0a5c0 Exception <a 'sun/nio/fs/WindowsException'{0x0000000711f19e40}> (0x0000000711f19e40) 
thrown [s\open\src\hotspot\share\prims\jni.cpp, line 519]
Event: 0.561 Thread 0x0000022a7ca0a5c0 Exception <a 'sun/nio/fs/WindowsException'{0x0000000711f1a110}> (0x0000000711f1a110) 
thrown [s\open\src\hotspot\share\prims\jni.cpp, line 519]

VM Operations (10 events):
Event: 0.107 Executing VM operation: HandshakeAllThreads
Event: 0.107 Executing VM operation: HandshakeAllThreads done
Event: 0.198 Executing VM operation: HandshakeAllThreads
Event: 0.198 Executing VM operation: HandshakeAllThreads done
Event: 0.248 Executing VM operation: HandshakeAllThreads
Event: 0.248 Executing VM operation: HandshakeAllThreads done
Event: 0.306 Executing VM operation: HandshakeAllThreads
Event: 0.306 Executing VM operation: HandshakeAllThreads done
Event: 0.401 Executing VM operation: ICBufferFull
Event: 0.401 Executing VM operation: ICBufferFull done

Events (16 events):
Event: 0.029 Thread 0x0000022a7ca0a5c0 Thread added: 0x0000022a7ca0a5c0
Event: 0.041 Thread 0x0000022a6210ac30 Thread added: 0x0000022a6210ac30
Event: 0.041 Thread 0x0000022a6210bbd0 Thread added: 0x0000022a6210bbd0
Event: 0.041 Thread 0x0000022a6210ecb0 Thread added: 0x0000022a6210ecb0
Event: 0.041 Thread 0x0000022a62112ad0 Thread added: 0x0000022a62112ad0
Event: 0.041 Thread 0x0000022a62113410 Thread added: 0x0000022a62113410
Event: 0.041 Thread 0x0000022a62114250 Thread added: 0x0000022a62114250
Event: 0.041 Thread 0x0000022a62121680 Thread added: 0x0000022a62121680
Event: 0.041 Thread 0x0000022a62122000 Thread added: 0x0000022a62122000
Event: 0.073 Thread 0x0000022a62234910 Thread added: 0x0000022a62234910
Event: 0.102 Thread 0x0000022a622f7c80 Thread added: 0x0000022a622f7c80
Event: 0.117 Thread 0x0000022a623a3460 Thread added: 0x0000022a623a3460
Event: 0.244 Thread 0x0000022a6245ea10 Thread added: 0x0000022a6245ea10
Event: 0.244 Thread 0x0000022a62326a90 Thread added: 0x0000022a62326a90
Event: 0.535 Thread 0x0000022a623a3460 Thread exited: 0x0000022a623a3460
Event: 0.535 Thread 0x0000022a622f7c80 Thread exited: 0x0000022a622f7c80


Dynamic libraries:
0x00007ff777df0000 - 0x00007ff777dfe000 	C:\Users\stas2\.jdks\openjdk-20.0.2-1\bin\java.exe
0x00007ffa009d0000 - 0x00007ffa00be7000 	C:\Windows\SYSTEM32\ntdll.dll
0x00007ffa00040000 - 0x00007ffa00104000 	C:\Windows\System32\KERNEL32.DLL
0x00007ff9fe170000 - 0x00007ff9fe52a000 	C:\Windows\System32\KERNELBASE.dll
0x00007ff9fe5b0000 - 0x00007ff9fe6c1000 	C:\Windows\System32\ucrtbase.dll
0x00007ff9e7d10000 - 0x00007ff9e7d27000 	C:\Users\stas2\.jdks\openjdk-20.0.2-1\bin\jli.dll
0x00007ff9e7cc0000 - 0x00007ff9e7cdb000 	C:\Users\stas2\.jdks\openjdk-20.0.2-1\bin\VCRUNTIME140.dll
0x00007ff9ffc60000 - 0x00007ff9ffe0e000 	C:\Windows\System32\USER32.dll
0x00007ff9fdca0000 - 0x00007ff9fdcc6000 	C:\Windows\System32\win32u.dll
0x00007ff9e25f0000 - 0x00007ff9e2882000 	C:\Windows\WinSxS\amd64_microsoft.windows.common-controls_6595b64144ccf1df_6.0.22621.4541_none_2710d1c57384c085\COMCTL32.dll
0x00007ffa00360000 - 0x00007ffa00389000 	C:\Windows\System32\GDI32.dll
0x00007ff9fdd90000 - 0x00007ff9fdeab000 	C:\Windows\System32\gdi32full.dll
0x00007ff9ff8b0000 - 0x00007ff9ff957000 	C:\Windows\System32\msvcrt.dll
0x00007ff9fdee0000 - 0x00007ff9fdf7a000 	C:\Windows\System32\msvcp_win.dll
0x00007ffa00320000 - 0x00007ffa00351000 	C:\Windows\System32\IMM32.DLL
0x00007ff9efb30000 - 0x00007ff9efb3c000 	C:\Users\stas2\.jdks\openjdk-20.0.2-1\bin\vcruntime140_1.dll
0x00007ff9e67f0000 - 0x00007ff9e687e000 	C:\Users\stas2\.jdks\openjdk-20.0.2-1\bin\msvcp140.dll
0x00007ff92d240000 - 0x00007ff92ded8000 	C:\Users\stas2\.jdks\openjdk-20.0.2-1\bin\server\jvm.dll
0x00007ffa00670000 - 0x00007ffa00722000 	C:\Windows\System32\ADVAPI32.dll
0x00007ff9ffbb0000 - 0x00007ff9ffc57000 	C:\Windows\System32\sechost.dll
0x00007ff9fdeb0000 - 0x00007ff9fded8000 	C:\Windows\System32\bcrypt.dll
0x00007ffa00550000 - 0x00007ffa00664000 	C:\Windows\System32\RPCRT4.dll
0x00007ff9f5390000 - 0x00007ff9f53c4000 	C:\Windows\SYSTEM32\WINMM.dll
0x00007ff9d6000000 - 0x00007ff9d6009000 	C:\Windows\SYSTEM32\WSOCK32.dll
0x00007ff9f7130000 - 0x00007ff9f713a000 	C:\Windows\SYSTEM32\VERSION.dll
0x00007ffa00860000 - 0x00007ffa008d1000 	C:\Windows\System32\WS2_32.dll
0x00007ff9fcdd0000 - 0x00007ff9fcde8000 	C:\Windows\SYSTEM32\kernel.appcore.dll
0x00007ff9efac0000 - 0x00007ff9efaca000 	C:\Users\stas2\.jdks\openjdk-20.0.2-1\bin\jimage.dll
0x00007ff9fb740000 - 0x00007ff9fb972000 	C:\Windows\SYSTEM32\DBGHELP.DLL
0x00007ff9ff490000 - 0x00007ff9ff81f000 	C:\Windows\System32\combase.dll
0x00007ff9ffad0000 - 0x00007ff9ffba7000 	C:\Windows\System32\OLEAUT32.dll
0x00007ff9efda0000 - 0x00007ff9efdd2000 	C:\Windows\SYSTEM32\dbgcore.DLL
0x00007ff9fe0f0000 - 0x00007ff9fe16b000 	C:\Windows\System32\bcryptPrimitives.dll
0x00007ff9f7da0000 - 0x00007ff9f7dae000 	C:\Users\stas2\.jdks\openjdk-20.0.2-1\bin\instrument.dll
0x00007ff9e7740000 - 0x00007ff9e7766000 	C:\Users\stas2\.jdks\openjdk-20.0.2-1\bin\java.dll
0x00007ff9aaf80000 - 0x00007ff9ab057000 	C:\Users\stas2\.jdks\openjdk-20.0.2-1\bin\jsvml.dll
0x00007ff9fe780000 - 0x00007ff9feff8000 	C:\Windows\System32\SHELL32.dll
0x00007ff9fbba0000 - 0x00007ff9fc4a8000 	C:\Windows\SYSTEM32\windows.storage.dll
0x00007ff9fba60000 - 0x00007ff9fbb9f000 	C:\Windows\SYSTEM32\wintypes.dll
0x00007ffa00220000 - 0x00007ffa0031a000 	C:\Windows\System32\SHCORE.dll
0x00007ffa007b0000 - 0x00007ffa0080e000 	C:\Windows\System32\shlwapi.dll
0x00007ff9fdbd0000 - 0x00007ff9fdbfb000 	C:\Windows\SYSTEM32\profapi.dll
0x00007ff9efae0000 - 0x00007ff9efaf3000 	C:\Users\stas2\.jdks\openjdk-20.0.2-1\bin\net.dll
0x00007ff9f6d80000 - 0x00007ff9f6eb6000 	C:\Windows\SYSTEM32\WINHTTP.dll
0x00007ff9fd250000 - 0x00007ff9fd2b9000 	C:\Windows\system32\mswsock.dll
0x00007ff9e80f0000 - 0x00007ff9e8106000 	C:\Users\stas2\.jdks\openjdk-20.0.2-1\bin\nio.dll
0x00007ff9e7d90000 - 0x00007ff9e7da8000 	C:\Users\stas2\.jdks\openjdk-20.0.2-1\bin\zip.dll
0x00007ff9e76f0000 - 0x00007ff9e770a000 	C:\IntelliJ IDEA Community Edition 2021.3.2\IntelliJ IDEA Community Edition 2023.2.1\bin\breakgen64.dll
0x00007ff9c6a00000 - 0x00007ff9c6a7b000 	C:\Users\stas2\AppData\Local\Temp\lwjgl_stas2\3.3.4+7\x64\lwjgl.dll
0x00007ff9c6970000 - 0x00007ff9c69f5000 	C:\Users\stas2\AppData\Local\Temp\lwjgl_stas2\3.3.4+7\x64\glfw.dll
0x00007ff9e64a0000 - 0x00007ff9e64e6000 	C:\Windows\SYSTEM32\dinput8.dll
0x00007ff9e6c40000 - 0x00007ff9e6c51000 	C:\Windows\SYSTEM32\xinput1_4.dll
0x00007ff9fd960000 - 0x00007ff9fd98c000 	C:\Windows\SYSTEM32\DEVOBJ.dll
0x00007ff9fd990000 - 0x00007ff9fd9de000 	C:\Windows\SYSTEM32\cfgmgr32.dll
0x00007ff9f8690000 - 0x00007ff9f86bb000 	C:\Windows\SYSTEM32\dwmapi.dll
0x00007ff9cc990000 - 0x00007ff9ccba4000 	C:\Windows\SYSTEM32\inputhost.dll
0x00007ff9f6c40000 - 0x00007ff9f6d73000 	C:\Windows\SYSTEM32\CoreMessaging.dll
0x00007ff9f8400000 - 0x00007ff9f84b1000 	C:\Windows\system32\uxtheme.dll
0x00007ff9ff960000 - 0x00007ff9ffac1000 	C:\Windows\System32\MSCTF.dll
0x00007ff9fd4c0000 - 0x00007ff9fd4cc000 	C:\Windows\SYSTEM32\CRYPTBASE.DLL
0x00007ff9d8580000 - 0x00007ff9d8680000 	C:\Windows\SYSTEM32\opengl32.dll
0x00007ff9e4d20000 - 0x00007ff9e4d4d000 	C:\Windows\SYSTEM32\GLU32.dll
0x00007ff9fadc0000 - 0x00007ff9fadf7000 	C:\Windows\SYSTEM32\dxcore.dll
0x00007ff9efde0000 - 0x00007ff9efe29000 	C:\Windows\SYSTEM32\directxdatabasehelper.dll
0x00007ffa008e0000 - 0x00007ffa00990000 	C:\Windows\System32\clbcatq.dll
0x00007ff9f3ab0000 - 0x00007ff9f3bf4000 	C:\Windows\System32\AppXDeploymentClient.dll
0x00007ff9dfb90000 - 0x00007ff9dfc90000 	C:\Windows\System32\Windows.ApplicationModel.dll
0x00007ff9ffe10000 - 0x00007ff9fffb5000 	C:\Windows\System32\ole32.dll
0x00007ff9f7bb0000 - 0x00007ff9f7cb1000 	C:\Windows\system32\propsys.dll
0x00007ff9f8010000 - 0x00007ff9f80a7000 	C:\Windows\SYSTEM32\apphelp.dll
0x00007ff9b8120000 - 0x00007ff9b813a000 	C:\Windows\system32\NetworkExplorer.dll
0x00007ff9b76a0000 - 0x00007ff9b76c6000 	C:\Windows\system32\mssprxy.dll
0x00007ff9492b0000 - 0x00007ff94a2a3000 	C:\Windows\System32\DriverStore\FileRepository\iigd_dch.inf_amd64_5802b1615520e41c\igxelpicd64.dll
0x00007ff9f8580000 - 0x00007ff9f8677000 	C:\Windows\system32\dxgi.dll
0x00007ff947cd0000 - 0x00007ff947fb7000 	C:\Windows\System32\DriverStore\FileRepository\iigd_dch.inf_amd64_5802b1615520e41c\igdml64.dll
0x00007ff9ebdf0000 - 0x00007ff9ec1b7000 	C:\Windows\System32\DriverStore\FileRepository\iigd_dch.inf_amd64_5802b1615520e41c\igdgmm64.dll
0x00007ff9e81a0000 - 0x00007ff9eb7b1000 	C:\Windows\System32\DriverStore\FileRepository\iigd_dch.inf_amd64_5802b1615520e41c\igc64.dll
0x00007ff9fcb10000 - 0x00007ff9fcb5d000 	C:\Windows\SYSTEM32\powrprof.dll
0x00007ff9fcaf0000 - 0x00007ff9fcb03000 	C:\Windows\SYSTEM32\UMPDC.dll
0x00007ff9c6900000 - 0x00007ff9c6961000 	C:\Users\stas2\AppData\Local\Temp\lwjgl_stas2\3.3.4+7\x64\lwjgl_opengl.dll

dbghelp: loaded successfully - version: 4.0.5 - missing functions: none
symbol engine: initialized successfully - sym options: 0x614 - pdb path: .;C:\Users\stas2\.jdks\openjdk-20.0.2-1\bin;C:\Windows\SYSTEM32;C:\Windows\WinSxS\amd64_microsoft.windows.common-controls_6595b64144ccf1df_6.0.22621.4541_none_2710d1c57384c085;C:\Users\stas2\.jdks\openjdk-20.0.2-1\bin\server;C:\IntelliJ IDEA Community Edition 2021.3.2\IntelliJ IDEA Community Edition 2023.2.1\bin;C:\Users\stas2\AppData\Local\Temp\lwjgl_stas2\3.3.4+7\x64;C:\Windows\System32\DriverStore\FileRepository\iigd_dch.inf_amd64_5802b1615520e41c

VM Arguments:
jvm_args: -javaagent:C:\IntelliJ IDEA Community Edition 2021.3.2\IntelliJ IDEA Community Edition 2023.2.1\lib\idea_rt.jar=60294:C:\IntelliJ IDEA Community Edition 2021.3.2\IntelliJ IDEA Community Edition 2023.2.1\bin -Dfile.encoding=UTF-8 -Dsun.stdout.encoding=UTF-8 -Dsun.stderr.encoding=UTF-8 --module-path=C:\Users\stas2\.m2\repository\org\jetbrains\kotlin\kotlin-stdlib\1.6.0\kotlin-stdlib-1.6.0-modular.jar;C:\Users\stas2\.m2\repository\com\fasterxml\jackson\core\jackson-core\2.12.1\jackson-core-2.12.1.jar;C:\Users\stas2\.m2\repository\org\openjfx\javafx-controls\20.0.1\javafx-controls-20.0.1-win.jar;C:\Users\stas2\.m2\repository\org\lwjgl\lwjgl-glfw\3.3.4\lwjgl-glfw-3.3.4.jar;C:\Users\stas2\.m2\repository\com\github\almasb\fxgl-scene\17.2\fxgl-scene-17.2.jar;C:\Users\stas2\.m2\repository\com\fasterxml\jackson\core\jackson-annotations\2.12.1\jackson-annotations-2.12.1.jar;C:\Users\stas2\.m2\repository\org\openjfx\javafx-media\20.0.1\javafx-media-20.0.1-win.jar;C:\Users\stas2\.m2\repository\com\gluonhq\attach\audio\4.0.13\audio-4.0.13.jar;C:\Users\stas2\.m2\repository\org\lwjgl\lwjgl-vulkan\3.3.4\lwjgl-vulkan-3.3.4.jar;O:\GIt\MultiplayerShooter\target\classes;C:\Users\stas2\.m2\repository\org\lwjgl\lwjgl-opengl\3.3.4\lwjgl-opengl-3.3.4.jar;C:\Users\stas2\.m2\repository\org\openjfx\javafx-base\20.0.1\javafx-base-20.0.1-win.jar;C:\Users\stas2\.m2\repository\com\github\almasb\fxgl-core\17.2\fxgl-core-17.2.jar;C:\Users\stas2\.m2\repository\com\github\almasb\fxgl-entity\17.2\fxgl-entity-17.2.jar;C:\Users\stas2\.m2\repository\com\github\almasb\fxgl\17.2\fxgl-17.2.jar;C:\Users\stas2\.m2\repository\org\lwjgl\lwjgl\3.3.4\lwjgl-3.3.4.jar;C:\Users\stas2\.m2\repository\com\gluonhq\attach\storage\4.0.13\storage-4.0.13.jar;C:\Users\stas2\.m2\repository\org\openjfx\javafx-fxml\20.0.1\javafx-fxml-20.0.1-win.jar;C:\Users\stas2\.m2\repository\com\github\almasb\fxgl-io\17.2\fxgl-io-17.2.jar;C:\Users\stas2\.m2\repository\com\github\almasb\fxgl-gameplay\17.2\fxgl-gameplay-17.2.jar;C:\Users\stas2\.m2\repository\com\gluonhq\attach\lifecycle\4.0.13\lifecycle-4.0.13.jar;C:\Users\stas2\.m2\repository\org\openjfx\javafx-graphics\20.0.1\javafx-graphics-20.0.1-win.jar;C:\Users\stas2\.m2\repository\com\fasterxml\jackson\core\jackson-databind\2.12.1\jackson-databind-2.12.1.jar;C:\User-Djdk.module.main=com.bedrye.multiplayershooter 
java_command: com.bedrye.multiplayershooter/com.bedrye.bjge.GameEngine.TestMain
java_class_path (initial): C:\Users\stas2\.m2\repository\org\openjfx\javafx-controls\20.0.1\javafx-controls-20.0.1.jar;C:\Users\stas2\.m2\repository\org\openjfx\javafx-graphics\20.0.1\javafx-graphics-20.0.1.jar;C:\Users\stas2\.m2\repository\org\openjfx\javafx-base\20.0.1\javafx-base-20.0.1.jar;C:\Users\stas2\.m2\repository\org\openjfx\javafx-fxml\20.0.1\javafx-fxml-20.0.1.jar;C:\Users\stas2\.m2\repository\org\openjfx\javafx-media\20.0.1\javafx-media-20.0.1.jar;C:\Users\stas2\.m2\repository\org\jetbrains\annotations\13.0\annotations-13.0.jar;C:\Users\stas2\.m2\repository\org\jetbrains\kotlin\kotlin-stdlib-common\1.6.0\kotlin-stdlib-common-1.6.0.jar;C:\Users\stas2\.m2\repository\org\lwjgl\lwjgl-assimp\3.3.4\lwjgl-assimp-3.3.4.jar;C:\Users\stas2\.m2\repository\org\lwjgl\lwjgl-bgfx\3.3.4\lwjgl-bgfx-3.3.4.jar;C:\Users\stas2\.m2\repository\org\lwjgl\lwjgl-nanovg\3.3.4\lwjgl-nanovg-3.3.4.jar;C:\Users\stas2\.m2\repository\org\lwjgl\lwjgl-nuklear\3.3.4\lwjgl-nuklear-3.3.4.jar;C:\Users\stas2\.m2\repository\org\lwjgl\lwjgl-openal\3.3.4\lwjgl-openal-3.3.4.jar;C:\Users\stas2\.m2\repository\org\lwjgl\lwjgl-par\3.3.4\lwjgl-par-3.3.4.jar;C:\Users\stas2\.m2\repository\org\lwjgl\lwjgl-stb\3.3.4\lwjgl-stb-3.3.4.jar;C:\Users\stas2\.m2\repository\org\lwjgl\lwjgl\3.3.4\lwjgl-3.3.4-natives-windows.jar;C:\Users\stas2\.m2\repository\org\lwjgl\lwjgl-assimp\3.3.4\lwjgl-assimp-3.3.4-natives-windows.jar;C:\Users\stas2\.m2\repository\org\lwjgl\lwjgl-bgfx\3.3.4\lwjgl-bgfx-3.3.4-natives-windows.jar;C:\Users\stas2\.m2\repository\org\lwjgl\lwjgl-glfw\3.3.4\lwjgl-glfw-3.3.4-natives-windows.jar;C:\Users\stas2\.m2\repository\org\lwjgl\lwjgl-nanovg\3.3.4\lwjgl-nanovg-3.3.4-natives-windows.jar;C:\Users\stas2\.m2\repository\org\lwjgl\lwjgl-nuklear\3.3.4\lwjgl-nuklear-3.3.4-natives-windows.jar;C:\Users\stas2\.m2\repository\org\lwjgl\lwjgl-openal\3.3.4\lwjgl-openal-3.3.4-natives-windows.jar;C:\Users\stas2\.m2\repository\org\lwjgl\lwjgl-opengl\3.3.4\lwjgl-opengl-3.3.4-natives-windows.jar;C:\Users\stas2\.m2\repository\org\lwjgl\lwjgl-par\3.3.4\lwjgl-par-3.3.4-natives-windows.jar;C:\Users\stas2\.m2\repository\org\lwjgl\lwjgl-stb\3.3.4\lwjgl-stb-3.3.4-natives-windows.jar;C:\Users\stas2\.m2\repository\org\joml\joml\1.10.7\joml-1.10.7.jar;C:\Users\stas2\.m2\repository\org\joml\joml-primitives\1.10.0\joml-primitives-1.10.0.jar
Launcher Type: SUN_STANDARD

[Global flags]
     intx CICompilerCount                          = 4                                         {product} {ergonomic}
     uint ConcGCThreads                            = 3                                         {product} {ergonomic}
     uint G1ConcRefinementThreads                  = 10                                        {product} {ergonomic}
   size_t G1HeapRegionSize                         = 2097152                                   {product} {ergonomic}
    uintx GCDrainStackTargetSize                   = 64                                        {product} {ergonomic}
   size_t InitialHeapSize                          = 266338304                                 {product} {ergonomic}
   size_t MarkStackSize                            = 4194304                                   {product} {ergonomic}
   size_t MaxHeapSize                              = 4238344192                                {product} {ergonomic}
   size_t MaxNewSize                               = 2541748224                                {product} {ergonomic}
   size_t MinHeapDeltaBytes                        = 2097152                                   {product} {ergonomic}
   size_t MinHeapSize                              = 8388608                                   {product} {ergonomic}
    uintx NonNMethodCodeHeapSize                   = 5839372                                {pd product} {ergonomic}
    uintx NonProfiledCodeHeapSize                  = 122909434                              {pd product} {ergonomic}
    uintx ProfiledCodeHeapSize                     = 122909434                              {pd product} {ergonomic}
    uintx ReservedCodeCacheSize                    = 251658240                              {pd product} {ergonomic}
     bool SegmentedCodeCache                       = true                                      {product} {ergonomic}
   size_t SoftMaxHeapSize                          = 4238344192                             {manageable} {ergonomic}
     bool UseCompressedClassPointers               = true                           {product lp64_product} {ergonomic}
     bool UseCompressedOops                        = true                           {product lp64_product} {ergonomic}
     bool UseG1GC                                  = true                                      {product} {ergonomic}
     bool UseLargePagesIndividualAllocation        = false                                  {pd product} {ergonomic}

Logging:
Log output configuration:
 #0: stdout all=warning uptime,level,tags foldmultilines=false
 #1: stderr all=off uptime,level,tags foldmultilines=false

Environment Variables:
JAVA_HOME=C:\Program Files\Java\jdk-11.0.2
PATH=C:\Program Files\Common Files\Oracle\Java\javapath;C:\Windows\system32;C:\Windows;C:\Program Files\Java\jdk-11.0.2\bin;C:\Windows\System32\Wbem;C:\ORacleDatabase\dbhomeXE\bin;C:\Windows\System32\WindowsPowerShell\v1.0\;C:\Windows\System32\OpenSSH\;C:\Program Files (x86)\NVIDIA Corporation\PhysX\Common;C:\Program Files\NVIDIA Corporation\NVIDIA NvDLISR;C:\Program Files\Docker\Docker\resources\bin;C:\Program Files\Git LFS;C:\Program Files\Git\cmd;C:\Program Files (x86)\Windows Kits\10\Windows Performance Toolkit\;C:\Program Files (x86)\Steam\steamapps\common\Counter-Strike Global Offensive\game\bin\win64;C:\Users\stas2\AppData\Local\Programs\Python\Python311;C:\Program Files\dotnet\;C:\Program Files\Microsoft SQL Server\150\Tools\Binn\;C:\Program Files\Microsoft SQL Server\Client SDK\ODBC\170\Tools\Binn\;C:\Users\stas2\AppData\Local\Microsoft\WindowsApps;C:\Users\stas2\AppData\Local\Programs\Microsoft VS Code\bin;C:\Users\stas2\AppData\Local\GitHubDesktop\bin;C:\Users\stas2\AppData\Local\Programs\Python\Python311;C:\Program Files (x86)\Steam\steamapps\common\Counter-Strike Global Offensive\game\bin\win64;C:\Users\stas2\.dotnet\tools
USERNAME=stas2
OS=Windows_NT
PROCESSOR_IDENTIFIER=Intel64 Family 6 Model 141 Stepping 1, GenuineIntel
TMP=C:\Users\stas2\AppData\Local\Temp
TEMP=C:\Users\stas2\AppData\Local\Temp




---------------  S Y S T E M  ---------------

OS:
 Windows 11 , 64 bit Build 22621 (10.0.22621.4391)
OS uptime: 11 days 18:30 hours
Hyper-V role detected

CPU: total 12 (initial active 12) (6 cores per cpu, 2 threads per core) family 6 model 141 stepping 1 microcode 0x3c, cx8, cmov, fxsr, ht, mmx, 3dnowpref, sse, sse2, sse3, ssse3, sse4.1, sse4.2, popcnt, lzcnt, tsc, tscinvbit, avx, avx2, aes, erms, clmul, bmi1, bmi2, adx, avx512f, avx512dq, avx512cd, avx512bw, avx512vl, sha, fma, vzeroupper, avx512_vpopcntdq, avx512_vpclmulqdq, avx512_vaes, avx512_vnni, clflush, clflushopt, clwb, avx512_vbmi2, avx512_vbmi, hv, rdtscp, rdpid, fsrm, gfni, avx512_bitalg, f16c, cet_ibt, cet_ss, avx512_ifma

Memory: 4k page, system-wide physical 16163M (1869M free)
TotalPageFile size 41763M (AvailPageFile size 18126M)
current process WorkingSet (physical memory assigned to process): 171M, peak: 171M
current process commit charge ("private bytes"): 396M, peak: 396M

vm_info: OpenJDK 64-Bit Server VM (20.0.2+9-78) for windows-amd64 JRE (20.0.2+9-78), built on 2023-06-14T10:08:48Z by "mach5one" with MS VC++ 17.1 (VS2022)

END.
