#
# A fatal error has been detected by the Java Runtime Environment:
#
#  EXCEPTION_ACCESS_VIOLATION (0xc0000005) at pc=0x00007ffb05c6366c, pid=22240, tid=16452
#
# JRE version: OpenJDK Runtime Environment (20.0.2+9) (build 20.0.2+9-78)
# Java VM: OpenJDK 64-Bit Server VM (20.0.2+9-78, mixed mode, sharing, tiered, compressed oops, compressed class ptrs, g1 gc, windows-amd64)
# Problematic frame:
# C  [igxelpicd64.dll+0x13366c]
#
# No core dump will be written. Minidumps are not enabled by default on client versions of Windows
#
# If you would like to submit a bug report, please visit:
#   https://bugreport.java.com/bugreport/crash.jsp
#

---------------  S U M M A R Y ------------

Command Line: -javaagent:C:\IntelliJ IDEA Community Edition 2021.3.2\IntelliJ IDEA Community Edition 2023.2.1\lib\idea_rt.jar=61898:C:\IntelliJ IDEA Community Edition 2021.3.2\IntelliJ IDEA Community Edition 2023.2.1\bin -Dfile.encoding=windows-1252 -Dsun.stdout.encoding=windows-1252 -Dsun.stderr.encoding=windows-1252 --module-path=C:\Users\stas2\.m2\repository\org\lwjgl\lwjgl-glfw\3.3.4\lwjgl-glfw-3.3.4.jar;C:\Users\stas2\.m2\repository\org\joml\joml-primitives\1.10.0\joml-primitives-1.10.0.jar;C:\Users\stas2\.m2\repository\io\github\spair\imgui-java-binding\1.89.0\imgui-java-binding-1.89.0.jar;C:\Users\stas2\.m2\repository\org\lwjgl\lwjgl-stb\3.3.4\lwjgl-stb-3.3.4.jar;C:\Users\stas2\.m2\repository\org\lwjgl\lwjgl\3.3.4\lwjgl-3.3.4.jar;C:\Users\stas2\.m2\repository\org\joml\joml\1.10.7\joml-1.10.7.jar;C:\Users\stas2\.m2\repository\io\github\spair\imgui-java-lwjgl3\1.89.0\imgui-java-lwjgl3-1.89.0.jar;C:\Users\stas2\.m2\repository\org\lwjgl\lwjgl-vulkan\3.3.4\lwjgl-vulkan-3.3.4.jar;C:\Users\stas2\.m2\repository\org\lwjgl\lwjgl-opengl\3.3.4\lwjgl-opengl-3.3.4.jar;C:\Users\stas2\.m2\repository\org\lwjgl\lwjgl-assimp\3.3.4\lwjgl-assimp-3.3.4.jar;O:\GIt\MultiplayerShooter\target\classes -Djdk.module.main=com.bedrye.multiplayershooter com.bedrye.multiplayershooter/com.bedrye.bjge.GameEngine.TestMain

Host: 11th Gen Intel(R) Core(TM) i5-11400H @ 2.70GHz, 12 cores, 15G,  Windows 11 , 64 bit Build 26100 (10.0.26100.4484)
Time: Sat Aug  9 10:42:59 2025 FLE Summer Time elapsed time: 2.091833 seconds (0d 0h 0m 2s)

---------------  T H R E A D  ---------------

Current thread (0x000001bc3d0d39b0):  VMThread "VM Thread" [stack: 0x0000000852d00000,0x0000000852e00000] [id=16452]

Stack: [0x0000000852d00000,0x0000000852e00000],  sp=0x0000000852dfe8f0,  free space=1018k
Native frames: (J=compiled Java code, j=interpreted, Vv=VM code, C=native code)
C  [igxelpicd64.dll+0x13366c]


siginfo: EXCEPTION_ACCESS_VIOLATION (0xc0000005), reading address 0x00000000000356f8


Registers:
RAX=0x000001bc095dab18, RBX=0x000001bc095daa10, RCX=0x0000000000000000, RDX=0x0000000000000000
RSP=0x0000000852dfe8f0, RBP=0x0000000000000000, RSI=0x000001bc095dafe0, RDI=0x000001bc7edf6dd0
R8 =0x0000000000000014, R9 =0x000000085222e000, R10=0x0000000000000000, R11=0x0000000000000000
R12=0x0000000000000000, R13=0x000001bc095da380, R14=0x0000000000000400, R15=0x0000000000000016
RIP=0x00007ffb05c6366c, EFLAGS=0x0000000000010206


Register to memory mapping:

RIP=0x00007ffb05c6366c igxelpicd64.dll
RAX=0x000001bc095dab18 points into unknown readable memory: 0x0000000000000000 | 00 00 00 00 00 00 00 00
RBX=0x000001bc095daa10 points into unknown readable memory: 0x000001bc7eaed160 | 60 d1 ae 7e bc 01 00 00
RCX=0x0 is NULL
RDX=0x0 is NULL
RSP=0x0000000852dfe8f0 points into unknown readable memory: 0x000001bc7eb5bc90 | 90 bc b5 7e bc 01 00 00
RBP=0x0 is NULL
RSI=0x000001bc095dafe0 points into unknown readable memory: 0x000001bc095da380 | 80 a3 5d 09 bc 01 00 00
RDI=0x000001bc7edf6dd0 points into unknown readable memory: 0x000001bc7eb12f00 | 00 2f b1 7e bc 01 00 00
R8 =0x0000000000000014 is an unknown value
R9 =0x000000085222e000 points into unknown readable memory: 0x0000000000000000 | 00 00 00 00 00 00 00 00
R10=0x0 is NULL
R11=0x0 is NULL
R12=0x0 is NULL
R13=0x000001bc095da380 points into unknown readable memory: 0x000001bc7eaed160 | 60 d1 ae 7e bc 01 00 00
R14=0x0000000000000400 is an unknown value
R15=0x0000000000000016 is an unknown value


Top of Stack: (sp=0x0000000852dfe8f0)
0x0000000852dfe8f0:   000001bc7eb5bc90 00007ffb05b7d050
0x0000000852dfe900:   000001bc7ee79cc0 000001bc7ee39880
0x0000000852dfe910:   000001bc7ee79cc0 00007ffb05b75db3
0x0000000852dfe920:   000000007a000004 0000000000000000
0x0000000852dfe930:   000001bc7ee6e6f8 000000000000042d
0x0000000852dfe940:   0000000000000000 0000000000000010
0x0000000852dfe950:   0000000000000000 0000000000000000
0x0000000852dfe960:   0000000852dfea70 00007ffb05ddbc3c
0x0000000852dfe970:   000001bc7eb5bc90 000001bc7edf6dd0
0x0000000852dfe980:   000001bc7ee6e300 000001bc7edf6d00
0x0000000852dfe990:   00000008000010a4 0000b80200000000
0x0000000852dfe9a0:   0000000000000000 0326f4a70133c2a7
0x0000000852dfe9b0:   03596da800000028 0000800400112000
0x0000000852dfe9c0:   035834aa0366f2a9 035b9aaa02fe53aa
0x0000000852dfe9d0:   02eccdaa01fcb1aa 00007ffb05dd19a0
0x0000000852dfe9e0:   02c01eac00000000 02fc88ac034833ac
0x0000000852dfe9f0:   0000000000000000 0000000000000000
0x0000000852dfea00:   035b030000000000 0000000000000000
0x0000000852dfea10:   0000000000000000 00007ffb05bb3cdf
0x0000000852dfea20:   0000b80200000000 00000000000010a4
0x0000000852dfea30:   0000000000000000 4000188000000001
0x0000000852dfea40:   0000000000000000 0000000000000000
0x0000000852dfea50:   0000000000000000 0000000000000000
0x0000000852dfea60:   0000000000000000 0000000000000000
0x0000000852dfea70:   0000000000000000 0000000000000000
0x0000000852dfea80:   0000000000000000 0000000000000000
0x0000000852dfea90:   0000000000000000 0000000000000000
0x0000000852dfeaa0:   0000000000000000 0000000000000000
0x0000000852dfeab0:   0000000000000000 0000000000000000
0x0000000852dfeac0:   0000000000000000 0000000000000000
0x0000000852dfead0:   0000000000000000 0000000000000000
0x0000000852dfeae0:   0000000000000000 0000000000000000 

Instructions: (pc=0x00007ffb05c6366c)
0x00007ffb05c6356c:   ec 40 45 8a e1 48 8b fa 48 8b e9 48 8b 1d 42 08
0x00007ffb05c6357c:   e0 00 48 89 58 08 48 8b cb ff 15 85 5b 9a 00 90
0x00007ffb05c6358c:   4c 8b af 78 02 00 00 48 8b 05 c6 e4 cf 00 44 8b
0x00007ffb05c6359c:   b8 40 0b 00 00 45 33 db 45 8a f3 4c 89 9f 78 02
0x00007ffb05c635ac:   00 00 44 89 9f 80 02 00 00 4c 89 9f 98 02 00 00
0x00007ffb05c635bc:   4c 89 9f 88 02 00 00 48 85 ed 75 38 8b 35 4a e2
0x00007ffb05c635cc:   df 00 65 48 8b 04 25 58 00 00 00 b9 14 00 00 00
0x00007ffb05c635dc:   48 8b 04 f0 44 38 1c 01 0f 84 9d da 86 00 65 48
0x00007ffb05c635ec:   8b 04 25 58 00 00 00 bd 20 00 00 00 48 8b 04 f0
0x00007ffb05c635fc:   48 8b 2c 28 48 3b 2d 39 07 e0 00 45 0f 44 fb 4d
0x00007ffb05c6360c:   85 ed 0f 84 21 01 00 00 44 8a a4 24 90 00 00 00
0x00007ffb05c6361c:   49 8b dd 49 8d b5 d0 05 00 00 4c 8b 2e 45 84 e4
0x00007ffb05c6362c:   0f 85 2a 03 00 00 8b 97 c8 01 00 00 48 8b 05 21
0x00007ffb05c6363c:   e4 cf 00 83 b8 78 03 00 00 02 75 31 83 fa 10 0f
0x00007ffb05c6364c:   83 20 01 00 00 48 8d 04 d5 21 00 00 00 48 03 c2
0x00007ffb05c6365c:   48 8d 04 c3 48 85 c0 0f 85 ff 00 00 00 49 8b cb
0x00007ffb05c6366c:   48 3b 8d f8 56 03 00 0f 87 f3 02 00 00 4c 39 9b
0x00007ffb05c6367c:   48 06 00 00 0f 85 41 da 86 00 44 8b 97 c8 01 00
0x00007ffb05c6368c:   00 48 8b 87 e0 01 00 00 4c 8b 08 8b 97 c8 01 00
0x00007ffb05c6369c:   00 83 fa 10 0f 83 03 01 00 00 48 8d 04 d5 21 00
0x00007ffb05c636ac:   00 00 48 03 c2 48 8d 04 c3 48 85 c0 0f 85 e2 00
0x00007ffb05c636bc:   00 00 49 8b cb 49 3b c9 0f 86 0e 01 00 00 48 8b
0x00007ffb05c636cc:   87 78 02 00 00 48 89 06 48 89 9f 78 02 00 00 ff
0x00007ffb05c636dc:   87 80 02 00 00 48 8b 43 08 48 8b 88 18 01 00 00
0x00007ffb05c636ec:   48 81 e1 00 00 ff ff 48 81 c1 00 00 01 00 48 01
0x00007ffb05c636fc:   8f 88 02 00 00 48 8b 43 08 48 8b 88 18 01 00 00
0x00007ffb05c6370c:   48 01 8f 98 02 00 00 4d 85 ed 0f 85 00 ff ff ff
0x00007ffb05c6371c:   45 84 f6 44 8a a4 24 98 00 00 00 0f 85 82 03 00
0x00007ffb05c6372c:   00 48 8b 9c 24 80 00 00 00 48 8b cf 45 84 e4 0f
0x00007ffb05c6373c:   85 8a 03 00 00 e8 fa f9 ff ff 90 48 8b cb 48 8b
0x00007ffb05c6374c:   9c 24 88 00 00 00 48 83 c4 40 41 5f 41 5e 41 5d
0x00007ffb05c6375c:   41 5c 5f 5e 5d 48 ff 25 b0 59 9a 00 48 8b 48 08 


Stack slot to memory mapping:
stack at sp + 0 slots: 0x000001bc7eb5bc90 points into unknown readable memory: 0xffffffffffffffff | ff ff ff ff ff ff ff ff
stack at sp + 1 slots: 0x00007ffb05b7d050 igxelpicd64.dll
stack at sp + 2 slots: 0x000001bc7ee79cc0 points into unknown readable memory: 0x0000000000000001 | 01 00 00 00 00 00 00 00
stack at sp + 3 slots: 0x000001bc7ee39880 points into unknown readable memory: 0x000001bc7edf7bc0 | c0 7b df 7e bc 01 00 00
stack at sp + 4 slots: 0x000001bc7ee79cc0 points into unknown readable memory: 0x0000000000000001 | 01 00 00 00 00 00 00 00
stack at sp + 5 slots: 0x00007ffb05b75db3 igxelpicd64.dll
stack at sp + 6 slots: 0x000000007a000004 is an unknown value
stack at sp + 7 slots: 0x0 is NULL

VM_Operation (0x00000008527fe820): Exit, mode: safepoint, requested by thread 0x000001bc1d765630


---------------  P R O C E S S  ---------------

Threads class SMR info:
_java_thread_list=0x000001bc095d0430, length=12, elements={
0x000001bc1d765630, 0x000001bc3d0f54a0, 0x000001bc3d0f60d0, 0x000001bc3d0f7040,
0x000001bc3d0f9de0, 0x000001bc3d101a70, 0x000001bc3d100aa0, 0x000001bc3d102a30,
0x000001bc3d1057e0, 0x000001bc3d0bd500, 0x000001bc7ea97100, 0x000001bc7e7b3070
}

Java Threads: ( => current thread )
  0x000001bc1d765630 JavaThread "main" [_thread_blocked, id=37644, stack(0x0000000852700000,0x0000000852800000)]
  0x000001bc3d0f54a0 JavaThread "Reference Handler" daemon [_thread_blocked, id=16068, stack(0x0000000852e00000,0x0000000852f00000)]
  0x000001bc3d0f60d0 JavaThread "Finalizer" daemon [_thread_blocked, id=20132, stack(0x0000000852f00000,0x0000000853000000)]
  0x000001bc3d0f7040 JavaThread "Signal Dispatcher" daemon [_thread_blocked, id=21776, stack(0x0000000853000000,0x0000000853100000)]
  0x000001bc3d0f9de0 JavaThread "Attach Listener" daemon [_thread_blocked, id=37556, stack(0x0000000853100000,0x0000000853200000)]
  0x000001bc3d101a70 JavaThread "Service Thread" daemon [_thread_blocked, id=15472, stack(0x0000000853200000,0x0000000853300000)]
  0x000001bc3d100aa0 JavaThread "Monitor Deflation Thread" daemon [_thread_blocked, id=2288, stack(0x0000000853300000,0x0000000853400000)]
  0x000001bc3d102a30 JavaThread "C2 CompilerThread0" daemon [_thread_blocked, id=2848, stack(0x0000000853400000,0x0000000853500000)]
  0x000001bc3d1057e0 JavaThread "C1 CompilerThread0" daemon [_thread_blocked, id=20700, stack(0x0000000853500000,0x0000000853600000)]
  0x000001bc3d0bd500 JavaThread "Common-Cleaner" daemon [_thread_blocked, id=38172, stack(0x0000000853600000,0x0000000853700000)]
  0x000001bc7ea97100 JavaThread "Monitor Ctrl-Break" daemon [_thread_in_native, id=12688, stack(0x0000000853900000,0x0000000853a00000)]
  0x000001bc7e7b3070 JavaThread "Notification Thread" daemon [_thread_blocked, id=29608, stack(0x0000000853a00000,0x0000000853b00000)]

Other Threads:
=>0x000001bc3d0d39b0 VMThread "VM Thread" [stack: 0x0000000852d00000,0x0000000852e00000] [id=16452]
  0x000001bc1d7d7c50 WorkerThread "GC Thread#0" [stack: 0x0000000852800000,0x0000000852900000] [id=28380]
  0x000001bc09622610 WorkerThread "GC Thread#1" [stack: 0x0000000854100000,0x0000000854200000] [id=13496]
  0x000001bc096236f0 WorkerThread "GC Thread#2" [stack: 0x0000000854200000,0x0000000854300000] [id=26364]
  0x000001bc09622bb0 WorkerThread "GC Thread#3" [stack: 0x0000000854300000,0x0000000854400000] [id=20524]
  0x000001bc09623150 WorkerThread "GC Thread#4" [stack: 0x0000000854400000,0x0000000854500000] [id=18912]
  0x000001bc09622340 WorkerThread "GC Thread#5" [stack: 0x0000000854500000,0x0000000854600000] [id=27556]
  0x000001bc096239c0 WorkerThread "GC Thread#6" [stack: 0x0000000854600000,0x0000000854700000] [id=13200]
  0x000001bc09623c90 WorkerThread "GC Thread#7" [stack: 0x0000000854700000,0x0000000854800000] [id=28632]
  0x000001bc09622070 WorkerThread "GC Thread#8" [stack: 0x0000000854800000,0x0000000854900000] [id=28664]
  0x000001bc096228e0 WorkerThread "GC Thread#9" [stack: 0x0000000854900000,0x0000000854a00000] [id=11408]
  0x000001bc1d7e9660 ConcurrentGCThread "G1 Main Marker" terminated
  0x000001bc1d7ea090 WorkerThread "G1 Conc#0" [stack: 0x0000000852a00000,0x0000000852b00000] [id=8004]
  0x000001bc3cf8e390 ConcurrentGCThread "G1 Refine#0" terminated
  0x000001bc3cf8ee30 ConcurrentGCThread "G1 Service" terminated

Threads with active compile tasks:

VM state: at safepoint (shutting down)

VM Mutex/Monitor currently owned by a thread:  ([mutex/lock_event])
[0x000001bc1d7649f0] Threads_lock - owner thread: 0x000001bc3d0d39b0
[0x000001bc1d7644e0] Heap_lock - owner thread: 0x000001bc1d765630

Heap address: 0x0000000703600000, size: 4042 MB, Compressed Oops mode: Zero based, Oop shift amount: 3

CDS archive(s) mapped at: [0x000001bc3d400000-0x000001bc3e060000-0x000001bc3e060000), size 12976128, SharedBaseAddress: 0x000001bc3d400000, ArchiveRelocationMode: 1.
Compressed class space mapped at: 0x000001bc3e400000-0x000001bc7e400000, reserved size: 1073741824
Narrow klass base: 0x000001bc3d400000, Narrow klass shift: 0, Narrow klass range: 0x100000000

GC Precious Log:
 CardTable entry size: 512
 Card Set container configuration: InlinePtr #cards 4 size 8 Array Of Cards #cards 16 size 48 Howl #buckets 8 coarsen threshold 3686 Howl Bitmap #cards 512 size 80 coarsen threshold 460 Card regions per heap region 1 cards per card region 4096
 CPUs: 12 total, 12 available
 Memory: 16163M
 Large Page Support: Disabled
 NUMA Support: Disabled
 Compressed Oops: Enabled (Zero based)
 Heap Region Size: 2M
 Heap Min Capacity: 8M
 Heap Initial Capacity: 254M
 Heap Max Capacity: 4042M
 Pre-touch: Disabled
 Parallel Workers: 10
 Concurrent Workers: 3
 Concurrent Refinement Workers: 10
 Periodic GC: Disabled

Heap:
 garbage-first heap   total 260096K, used 20245K [0x0000000703600000, 0x0000000800000000)
  region size 2048K, 11 young (22528K), 2 survivors (4096K)
 Metaspace       used 8692K, committed 8896K, reserved 1114112K
  class space    used 476K, committed 576K, reserved 1048576K

Heap Regions: E=young(eden), S=young(survivor), O=old, HS=humongous(starts), HC=humongous(continues), CS=collection set, F=free, OA=open archive, CA=closed archive, TAMS=top-at-mark-start, PB=parsable bottom
|   0|0x0000000703600000, 0x0000000703600000, 0x0000000703800000|  0%| F|  |TAMS 0x0000000703600000| PB 0x0000000703600000| Untracked 
|   1|0x0000000703800000, 0x0000000703800000, 0x0000000703a00000|  0%| F|  |TAMS 0x0000000703800000| PB 0x0000000703800000| Untracked 
|   2|0x0000000703a00000, 0x0000000703a00000, 0x0000000703c00000|  0%| F|  |TAMS 0x0000000703a00000| PB 0x0000000703a00000| Untracked 
|   3|0x0000000703c00000, 0x0000000703c00000, 0x0000000703e00000|  0%| F|  |TAMS 0x0000000703c00000| PB 0x0000000703c00000| Untracked 
|   4|0x0000000703e00000, 0x0000000703e00000, 0x0000000704000000|  0%| F|  |TAMS 0x0000000703e00000| PB 0x0000000703e00000| Untracked 
|   5|0x0000000704000000, 0x0000000704000000, 0x0000000704200000|  0%| F|  |TAMS 0x0000000704000000| PB 0x0000000704000000| Untracked 
|   6|0x0000000704200000, 0x0000000704200000, 0x0000000704400000|  0%| F|  |TAMS 0x0000000704200000| PB 0x0000000704200000| Untracked 
|   7|0x0000000704400000, 0x0000000704400000, 0x0000000704600000|  0%| F|  |TAMS 0x0000000704400000| PB 0x0000000704400000| Untracked 
|   8|0x0000000704600000, 0x0000000704600000, 0x0000000704800000|  0%| F|  |TAMS 0x0000000704600000| PB 0x0000000704600000| Untracked 
|   9|0x0000000704800000, 0x0000000704800000, 0x0000000704a00000|  0%| F|  |TAMS 0x0000000704800000| PB 0x0000000704800000| Untracked 
|  10|0x0000000704a00000, 0x0000000704a00000, 0x0000000704c00000|  0%| F|  |TAMS 0x0000000704a00000| PB 0x0000000704a00000| Untracked 
|  11|0x0000000704c00000, 0x0000000704c00000, 0x0000000704e00000|  0%| F|  |TAMS 0x0000000704c00000| PB 0x0000000704c00000| Untracked 
|  12|0x0000000704e00000, 0x0000000704e00000, 0x0000000705000000|  0%| F|  |TAMS 0x0000000704e00000| PB 0x0000000704e00000| Untracked 
|  13|0x0000000705000000, 0x0000000705000000, 0x0000000705200000|  0%| F|  |TAMS 0x0000000705000000| PB 0x0000000705000000| Untracked 
|  14|0x0000000705200000, 0x0000000705200000, 0x0000000705400000|  0%| F|  |TAMS 0x0000000705200000| PB 0x0000000705200000| Untracked 
|  15|0x0000000705400000, 0x0000000705400000, 0x0000000705600000|  0%| F|  |TAMS 0x0000000705400000| PB 0x0000000705400000| Untracked 
|  16|0x0000000705600000, 0x0000000705600000, 0x0000000705800000|  0%| F|  |TAMS 0x0000000705600000| PB 0x0000000705600000| Untracked 
|  17|0x0000000705800000, 0x0000000705800000, 0x0000000705a00000|  0%| F|  |TAMS 0x0000000705800000| PB 0x0000000705800000| Untracked 
|  18|0x0000000705a00000, 0x0000000705a00000, 0x0000000705c00000|  0%| F|  |TAMS 0x0000000705a00000| PB 0x0000000705a00000| Untracked 
|  19|0x0000000705c00000, 0x0000000705c00000, 0x0000000705e00000|  0%| F|  |TAMS 0x0000000705c00000| PB 0x0000000705c00000| Untracked 
|  20|0x0000000705e00000, 0x0000000705e00000, 0x0000000706000000|  0%| F|  |TAMS 0x0000000705e00000| PB 0x0000000705e00000| Untracked 
|  21|0x0000000706000000, 0x0000000706000000, 0x0000000706200000|  0%| F|  |TAMS 0x0000000706000000| PB 0x0000000706000000| Untracked 
|  22|0x0000000706200000, 0x0000000706200000, 0x0000000706400000|  0%| F|  |TAMS 0x0000000706200000| PB 0x0000000706200000| Untracked 
|  23|0x0000000706400000, 0x0000000706400000, 0x0000000706600000|  0%| F|  |TAMS 0x0000000706400000| PB 0x0000000706400000| Untracked 
|  24|0x0000000706600000, 0x0000000706600000, 0x0000000706800000|  0%| F|  |TAMS 0x0000000706600000| PB 0x0000000706600000| Untracked 
|  25|0x0000000706800000, 0x0000000706800000, 0x0000000706a00000|  0%| F|  |TAMS 0x0000000706800000| PB 0x0000000706800000| Untracked 
|  26|0x0000000706a00000, 0x0000000706a00000, 0x0000000706c00000|  0%| F|  |TAMS 0x0000000706a00000| PB 0x0000000706a00000| Untracked 
|  27|0x0000000706c00000, 0x0000000706c00000, 0x0000000706e00000|  0%| F|  |TAMS 0x0000000706c00000| PB 0x0000000706c00000| Untracked 
|  28|0x0000000706e00000, 0x0000000706e00000, 0x0000000707000000|  0%| F|  |TAMS 0x0000000706e00000| PB 0x0000000706e00000| Untracked 
|  29|0x0000000707000000, 0x0000000707000000, 0x0000000707200000|  0%| F|  |TAMS 0x0000000707000000| PB 0x0000000707000000| Untracked 
|  30|0x0000000707200000, 0x0000000707200000, 0x0000000707400000|  0%| F|  |TAMS 0x0000000707200000| PB 0x0000000707200000| Untracked 
|  31|0x0000000707400000, 0x0000000707400000, 0x0000000707600000|  0%| F|  |TAMS 0x0000000707400000| PB 0x0000000707400000| Untracked 
|  32|0x0000000707600000, 0x0000000707600000, 0x0000000707800000|  0%| F|  |TAMS 0x0000000707600000| PB 0x0000000707600000| Untracked 
|  33|0x0000000707800000, 0x0000000707800000, 0x0000000707a00000|  0%| F|  |TAMS 0x0000000707800000| PB 0x0000000707800000| Untracked 
|  34|0x0000000707a00000, 0x0000000707a00000, 0x0000000707c00000|  0%| F|  |TAMS 0x0000000707a00000| PB 0x0000000707a00000| Untracked 
|  35|0x0000000707c00000, 0x0000000707c00000, 0x0000000707e00000|  0%| F|  |TAMS 0x0000000707c00000| PB 0x0000000707c00000| Untracked 
|  36|0x0000000707e00000, 0x0000000707e00000, 0x0000000708000000|  0%| F|  |TAMS 0x0000000707e00000| PB 0x0000000707e00000| Untracked 
|  37|0x0000000708000000, 0x0000000708000000, 0x0000000708200000|  0%| F|  |TAMS 0x0000000708000000| PB 0x0000000708000000| Untracked 
|  38|0x0000000708200000, 0x0000000708200000, 0x0000000708400000|  0%| F|  |TAMS 0x0000000708200000| PB 0x0000000708200000| Untracked 
|  39|0x0000000708400000, 0x0000000708400000, 0x0000000708600000|  0%| F|  |TAMS 0x0000000708400000| PB 0x0000000708400000| Untracked 
|  40|0x0000000708600000, 0x0000000708600000, 0x0000000708800000|  0%| F|  |TAMS 0x0000000708600000| PB 0x0000000708600000| Untracked 
|  41|0x0000000708800000, 0x0000000708800000, 0x0000000708a00000|  0%| F|  |TAMS 0x0000000708800000| PB 0x0000000708800000| Untracked 
|  42|0x0000000708a00000, 0x0000000708a00000, 0x0000000708c00000|  0%| F|  |TAMS 0x0000000708a00000| PB 0x0000000708a00000| Untracked 
|  43|0x0000000708c00000, 0x0000000708c00000, 0x0000000708e00000|  0%| F|  |TAMS 0x0000000708c00000| PB 0x0000000708c00000| Untracked 
|  44|0x0000000708e00000, 0x0000000708e00000, 0x0000000709000000|  0%| F|  |TAMS 0x0000000708e00000| PB 0x0000000708e00000| Untracked 
|  45|0x0000000709000000, 0x0000000709000000, 0x0000000709200000|  0%| F|  |TAMS 0x0000000709000000| PB 0x0000000709000000| Untracked 
|  46|0x0000000709200000, 0x0000000709200000, 0x0000000709400000|  0%| F|  |TAMS 0x0000000709200000| PB 0x0000000709200000| Untracked 
|  47|0x0000000709400000, 0x0000000709400000, 0x0000000709600000|  0%| F|  |TAMS 0x0000000709400000| PB 0x0000000709400000| Untracked 
|  48|0x0000000709600000, 0x0000000709600000, 0x0000000709800000|  0%| F|  |TAMS 0x0000000709600000| PB 0x0000000709600000| Untracked 
|  49|0x0000000709800000, 0x0000000709800000, 0x0000000709a00000|  0%| F|  |TAMS 0x0000000709800000| PB 0x0000000709800000| Untracked 
|  50|0x0000000709a00000, 0x0000000709a00000, 0x0000000709c00000|  0%| F|  |TAMS 0x0000000709a00000| PB 0x0000000709a00000| Untracked 
|  51|0x0000000709c00000, 0x0000000709c00000, 0x0000000709e00000|  0%| F|  |TAMS 0x0000000709c00000| PB 0x0000000709c00000| Untracked 
|  52|0x0000000709e00000, 0x0000000709e00000, 0x000000070a000000|  0%| F|  |TAMS 0x0000000709e00000| PB 0x0000000709e00000| Untracked 
|  53|0x000000070a000000, 0x000000070a000000, 0x000000070a200000|  0%| F|  |TAMS 0x000000070a000000| PB 0x000000070a000000| Untracked 
|  54|0x000000070a200000, 0x000000070a200000, 0x000000070a400000|  0%| F|  |TAMS 0x000000070a200000| PB 0x000000070a200000| Untracked 
|  55|0x000000070a400000, 0x000000070a400000, 0x000000070a600000|  0%| F|  |TAMS 0x000000070a400000| PB 0x000000070a400000| Untracked 
|  56|0x000000070a600000, 0x000000070a600000, 0x000000070a800000|  0%| F|  |TAMS 0x000000070a600000| PB 0x000000070a600000| Untracked 
|  57|0x000000070a800000, 0x000000070a800000, 0x000000070aa00000|  0%| F|  |TAMS 0x000000070a800000| PB 0x000000070a800000| Untracked 
|  58|0x000000070aa00000, 0x000000070aa00000, 0x000000070ac00000|  0%| F|  |TAMS 0x000000070aa00000| PB 0x000000070aa00000| Untracked 
|  59|0x000000070ac00000, 0x000000070ac00000, 0x000000070ae00000|  0%| F|  |TAMS 0x000000070ac00000| PB 0x000000070ac00000| Untracked 
|  60|0x000000070ae00000, 0x000000070ae00000, 0x000000070b000000|  0%| F|  |TAMS 0x000000070ae00000| PB 0x000000070ae00000| Untracked 
|  61|0x000000070b000000, 0x000000070b000000, 0x000000070b200000|  0%| F|  |TAMS 0x000000070b000000| PB 0x000000070b000000| Untracked 
|  62|0x000000070b200000, 0x000000070b200000, 0x000000070b400000|  0%| F|  |TAMS 0x000000070b200000| PB 0x000000070b200000| Untracked 
|  63|0x000000070b400000, 0x000000070b400000, 0x000000070b600000|  0%| F|  |TAMS 0x000000070b400000| PB 0x000000070b400000| Untracked 
|  64|0x000000070b600000, 0x000000070b600000, 0x000000070b800000|  0%| F|  |TAMS 0x000000070b600000| PB 0x000000070b600000| Untracked 
|  65|0x000000070b800000, 0x000000070b800000, 0x000000070ba00000|  0%| F|  |TAMS 0x000000070b800000| PB 0x000000070b800000| Untracked 
|  66|0x000000070ba00000, 0x000000070ba00000, 0x000000070bc00000|  0%| F|  |TAMS 0x000000070ba00000| PB 0x000000070ba00000| Untracked 
|  67|0x000000070bc00000, 0x000000070bc00000, 0x000000070be00000|  0%| F|  |TAMS 0x000000070bc00000| PB 0x000000070bc00000| Untracked 
|  68|0x000000070be00000, 0x000000070be00000, 0x000000070c000000|  0%| F|  |TAMS 0x000000070be00000| PB 0x000000070be00000| Untracked 
|  69|0x000000070c000000, 0x000000070c000000, 0x000000070c200000|  0%| F|  |TAMS 0x000000070c000000| PB 0x000000070c000000| Untracked 
|  70|0x000000070c200000, 0x000000070c200000, 0x000000070c400000|  0%| F|  |TAMS 0x000000070c200000| PB 0x000000070c200000| Untracked 
|  71|0x000000070c400000, 0x000000070c400000, 0x000000070c600000|  0%| F|  |TAMS 0x000000070c400000| PB 0x000000070c400000| Untracked 
|  72|0x000000070c600000, 0x000000070c600000, 0x000000070c800000|  0%| F|  |TAMS 0x000000070c600000| PB 0x000000070c600000| Untracked 
|  73|0x000000070c800000, 0x000000070c800000, 0x000000070ca00000|  0%| F|  |TAMS 0x000000070c800000| PB 0x000000070c800000| Untracked 
|  74|0x000000070ca00000, 0x000000070ca00000, 0x000000070cc00000|  0%| F|  |TAMS 0x000000070ca00000| PB 0x000000070ca00000| Untracked 
|  75|0x000000070cc00000, 0x000000070cc00000, 0x000000070ce00000|  0%| F|  |TAMS 0x000000070cc00000| PB 0x000000070cc00000| Untracked 
|  76|0x000000070ce00000, 0x000000070ce00000, 0x000000070d000000|  0%| F|  |TAMS 0x000000070ce00000| PB 0x000000070ce00000| Untracked 
|  77|0x000000070d000000, 0x000000070d000000, 0x000000070d200000|  0%| F|  |TAMS 0x000000070d000000| PB 0x000000070d000000| Untracked 
|  78|0x000000070d200000, 0x000000070d200000, 0x000000070d400000|  0%| F|  |TAMS 0x000000070d200000| PB 0x000000070d200000| Untracked 
|  79|0x000000070d400000, 0x000000070d400000, 0x000000070d600000|  0%| F|  |TAMS 0x000000070d400000| PB 0x000000070d400000| Untracked 
|  80|0x000000070d600000, 0x000000070d600000, 0x000000070d800000|  0%| F|  |TAMS 0x000000070d600000| PB 0x000000070d600000| Untracked 
|  81|0x000000070d800000, 0x000000070d800000, 0x000000070da00000|  0%| F|  |TAMS 0x000000070d800000| PB 0x000000070d800000| Untracked 
|  82|0x000000070da00000, 0x000000070da00000, 0x000000070dc00000|  0%| F|  |TAMS 0x000000070da00000| PB 0x000000070da00000| Untracked 
|  83|0x000000070dc00000, 0x000000070dc00000, 0x000000070de00000|  0%| F|  |TAMS 0x000000070dc00000| PB 0x000000070dc00000| Untracked 
|  84|0x000000070de00000, 0x000000070de00000, 0x000000070e000000|  0%| F|  |TAMS 0x000000070de00000| PB 0x000000070de00000| Untracked 
|  85|0x000000070e000000, 0x000000070e000000, 0x000000070e200000|  0%| F|  |TAMS 0x000000070e000000| PB 0x000000070e000000| Untracked 
|  86|0x000000070e200000, 0x000000070e200000, 0x000000070e400000|  0%| F|  |TAMS 0x000000070e200000| PB 0x000000070e200000| Untracked 
|  87|0x000000070e400000, 0x000000070e400000, 0x000000070e600000|  0%| F|  |TAMS 0x000000070e400000| PB 0x000000070e400000| Untracked 
|  88|0x000000070e600000, 0x000000070e600000, 0x000000070e800000|  0%| F|  |TAMS 0x000000070e600000| PB 0x000000070e600000| Untracked 
|  89|0x000000070e800000, 0x000000070e800000, 0x000000070ea00000|  0%| F|  |TAMS 0x000000070e800000| PB 0x000000070e800000| Untracked 
|  90|0x000000070ea00000, 0x000000070ea00000, 0x000000070ec00000|  0%| F|  |TAMS 0x000000070ea00000| PB 0x000000070ea00000| Untracked 
|  91|0x000000070ec00000, 0x000000070ec00000, 0x000000070ee00000|  0%| F|  |TAMS 0x000000070ec00000| PB 0x000000070ec00000| Untracked 
|  92|0x000000070ee00000, 0x000000070ee00000, 0x000000070f000000|  0%| F|  |TAMS 0x000000070ee00000| PB 0x000000070ee00000| Untracked 
|  93|0x000000070f000000, 0x000000070f000000, 0x000000070f200000|  0%| F|  |TAMS 0x000000070f000000| PB 0x000000070f000000| Untracked 
|  94|0x000000070f200000, 0x000000070f200000, 0x000000070f400000|  0%| F|  |TAMS 0x000000070f200000| PB 0x000000070f200000| Untracked 
|  95|0x000000070f400000, 0x000000070f400000, 0x000000070f600000|  0%| F|  |TAMS 0x000000070f400000| PB 0x000000070f400000| Untracked 
|  96|0x000000070f600000, 0x000000070f600000, 0x000000070f800000|  0%| F|  |TAMS 0x000000070f600000| PB 0x000000070f600000| Untracked 
|  97|0x000000070f800000, 0x000000070f800000, 0x000000070fa00000|  0%| F|  |TAMS 0x000000070f800000| PB 0x000000070f800000| Untracked 
|  98|0x000000070fa00000, 0x000000070fa00000, 0x000000070fc00000|  0%| F|  |TAMS 0x000000070fa00000| PB 0x000000070fa00000| Untracked 
|  99|0x000000070fc00000, 0x000000070fc00000, 0x000000070fe00000|  0%| F|  |TAMS 0x000000070fc00000| PB 0x000000070fc00000| Untracked 
| 100|0x000000070fe00000, 0x000000070fe00000, 0x0000000710000000|  0%| F|  |TAMS 0x000000070fe00000| PB 0x000000070fe00000| Untracked 
| 101|0x0000000710000000, 0x0000000710000000, 0x0000000710200000|  0%| F|  |TAMS 0x0000000710000000| PB 0x0000000710000000| Untracked 
| 102|0x0000000710200000, 0x0000000710200000, 0x0000000710400000|  0%| F|  |TAMS 0x0000000710200000| PB 0x0000000710200000| Untracked 
| 103|0x0000000710400000, 0x0000000710400000, 0x0000000710600000|  0%| F|  |TAMS 0x0000000710400000| PB 0x0000000710400000| Untracked 
| 104|0x0000000710600000, 0x0000000710600000, 0x0000000710800000|  0%| F|  |TAMS 0x0000000710600000| PB 0x0000000710600000| Untracked 
| 105|0x0000000710800000, 0x0000000710800000, 0x0000000710a00000|  0%| F|  |TAMS 0x0000000710800000| PB 0x0000000710800000| Untracked 
| 106|0x0000000710a00000, 0x0000000710a00000, 0x0000000710c00000|  0%| F|  |TAMS 0x0000000710a00000| PB 0x0000000710a00000| Untracked 
| 107|0x0000000710c00000, 0x0000000710c00000, 0x0000000710e00000|  0%| F|  |TAMS 0x0000000710c00000| PB 0x0000000710c00000| Untracked 
| 108|0x0000000710e00000, 0x0000000710e00000, 0x0000000711000000|  0%| F|  |TAMS 0x0000000710e00000| PB 0x0000000710e00000| Untracked 
| 109|0x0000000711000000, 0x0000000711000000, 0x0000000711200000|  0%| F|  |TAMS 0x0000000711000000| PB 0x0000000711000000| Untracked 
| 110|0x0000000711200000, 0x0000000711200000, 0x0000000711400000|  0%| F|  |TAMS 0x0000000711200000| PB 0x0000000711200000| Untracked 
| 111|0x0000000711400000, 0x0000000711400000, 0x0000000711600000|  0%| F|  |TAMS 0x0000000711400000| PB 0x0000000711400000| Untracked 
| 112|0x0000000711600000, 0x0000000711600000, 0x0000000711800000|  0%| F|  |TAMS 0x0000000711600000| PB 0x0000000711600000| Untracked 
| 113|0x0000000711800000, 0x0000000711800000, 0x0000000711a00000|  0%| F|  |TAMS 0x0000000711800000| PB 0x0000000711800000| Untracked 
| 114|0x0000000711a00000, 0x0000000711bc54a0, 0x0000000711c00000| 88%| S|CS|TAMS 0x0000000711a00000| PB 0x0000000711a00000| Complete 
| 115|0x0000000711c00000, 0x0000000711e00000, 0x0000000711e00000|100%| S|CS|TAMS 0x0000000711c00000| PB 0x0000000711c00000| Complete 
| 116|0x0000000711e00000, 0x0000000711e00000, 0x0000000712000000|  0%| F|  |TAMS 0x0000000711e00000| PB 0x0000000711e00000| Untracked 
| 117|0x0000000712000000, 0x0000000712000000, 0x0000000712200000|  0%| F|  |TAMS 0x0000000712000000| PB 0x0000000712000000| Untracked 
| 118|0x0000000712200000, 0x0000000712400000, 0x0000000712400000|100%| E|  |TAMS 0x0000000712200000| PB 0x0000000712200000| Complete 
| 119|0x0000000712400000, 0x0000000712600000, 0x0000000712600000|100%| E|CS|TAMS 0x0000000712400000| PB 0x0000000712400000| Complete 
| 120|0x0000000712600000, 0x0000000712800000, 0x0000000712800000|100%| E|CS|TAMS 0x0000000712600000| PB 0x0000000712600000| Complete 
| 121|0x0000000712800000, 0x0000000712a00000, 0x0000000712a00000|100%| E|CS|TAMS 0x0000000712800000| PB 0x0000000712800000| Complete 
| 122|0x0000000712a00000, 0x0000000712c00000, 0x0000000712c00000|100%| E|CS|TAMS 0x0000000712a00000| PB 0x0000000712a00000| Complete 
| 123|0x0000000712c00000, 0x0000000712e00000, 0x0000000712e00000|100%| E|CS|TAMS 0x0000000712c00000| PB 0x0000000712c00000| Complete 
| 124|0x0000000712e00000, 0x0000000713000000, 0x0000000713000000|100%| E|CS|TAMS 0x0000000712e00000| PB 0x0000000712e00000| Complete 
| 125|0x0000000713000000, 0x0000000713200000, 0x0000000713200000|100%| E|CS|TAMS 0x0000000713000000| PB 0x0000000713000000| Complete 
| 126|0x0000000713200000, 0x0000000713400000, 0x0000000713400000|100%| E|CS|TAMS 0x0000000713200000| PB 0x0000000713200000| Complete 

Card table byte_map: [0x000001bc35570000,0x000001bc35d60000] _byte_map_base: 0x000001bc31d55000

Marking Bits: (CMBitMap*) 0x000001bc1d7d8280
 Bits: [0x000001bc36550000, 0x000001bc3a478000)

Polling page: 0x000001bc1b680000

Metaspace:

Usage:
  Non-class:      8.02 MB used.
      Class:    476.23 KB used.
       Both:      8.49 MB used.

Virtual space:
  Non-class space:       64.00 MB reserved,       8.12 MB ( 13%) committed,  1 nodes.
      Class space:        1.00 GB reserved,     576.00 KB ( <1%) committed,  1 nodes.
             Both:        1.06 GB reserved,       8.69 MB ( <1%) committed. 

Chunk freelists:
   Non-Class:  2.48 MB
       Class:  3.48 MB
        Both:  5.97 MB

MaxMetaspaceSize: unlimited
CompressedClassSpaceSize: 1.00 GB
Initial GC threshold: 21.00 MB
Current GC threshold: 21.00 MB
CDS: on
MetaspaceReclaimPolicy: balanced
 - commit_granule_bytes: 65536.
 - commit_granule_words: 8192.
 - virtual_space_node_default_size: 8388608.
 - enlarge_chunks_in_place: 1.
 - new_chunks_are_fully_committed: 0.
 - uncommit_free_chunks: 1.
 - use_allocation_guard: 0.


Internal statistics:

num_allocs_failed_limit: 0.
num_arena_births: 114.
num_arena_deaths: 0.
num_vsnodes_births: 2.
num_vsnodes_deaths: 0.
num_space_committed: 137.
num_space_uncommitted: 0.
num_chunks_returned_to_freelist: 0.
num_chunks_taken_from_freelist: 338.
num_chunk_merges: 0.
num_chunk_splits: 251.
num_chunks_enlarged: 194.
num_inconsistent_stats: 0.

CodeHeap 'non-profiled nmethods': size=120000Kb used=491Kb max_used=491Kb free=119509Kb
 bounds [0x000001bc2d2f0000, 0x000001bc2d560000, 0x000001bc34820000]
CodeHeap 'profiled nmethods': size=120000Kb used=1951Kb max_used=1951Kb free=118049Kb
 bounds [0x000001bc25820000, 0x000001bc25a90000, 0x000001bc2cd50000]
CodeHeap 'non-nmethods': size=5760Kb used=2856Kb max_used=2870Kb free=2903Kb
 bounds [0x000001bc2cd50000, 0x000001bc2d030000, 0x000001bc2d2f0000]
 total_blobs=2668 nmethods=1286 adapters=1293
 compilation: enabled
              stopped_count=0, restarted_count=0
 full_count=0

Compilation events (20 events):
Event: 1.549 Thread 0x000001bc3d1057e0 1276       3       java.util.concurrent.ConcurrentHashMap$Traverser::<init> (36 bytes)
Event: 1.549 Thread 0x000001bc3d1057e0 nmethod 1276 0x000001bc25a03310 code [0x000001bc25a034a0, 0x000001bc25a036b0]
Event: 1.552 Thread 0x000001bc3d1057e0 1277       3       java.util.concurrent.ConcurrentHashMap::values (25 bytes)
Event: 1.553 Thread 0x000001bc3d1057e0 nmethod 1277 0x000001bc25a03790 code [0x000001bc25a03940, 0x000001bc25a03cf8]
Event: 1.553 Thread 0x000001bc3d1057e0 1278       3       java.util.concurrent.ConcurrentHashMap$ValuesView::iterator (34 bytes)
Event: 1.553 Thread 0x000001bc3d1057e0 nmethod 1278 0x000001bc25a03e10 code [0x000001bc25a03fa0, 0x000001bc25a041d8]
Event: 1.557 Thread 0x000001bc3d1057e0 1280       3       java.lang.invoke.MethodHandles$Lookup::hasFullPrivilegeAccess (18 bytes)
Event: 1.558 Thread 0x000001bc3d1057e0 nmethod 1280 0x000001bc25a04310 code [0x000001bc25a044a0, 0x000001bc25a04610]
Event: 1.558 Thread 0x000001bc3d1057e0 1281       3       sun.invoke.util.VerifyAccess::isMemberAccessible (338 bytes)
Event: 1.559 Thread 0x000001bc3d1057e0 nmethod 1281 0x000001bc25a04690 code [0x000001bc25a04a00, 0x000001bc25a05cc0]
Event: 1.570 Thread 0x000001bc3d102a30 1282       4       jdk.internal.org.objectweb.asm.ClassReader::readUnsignedShort (26 bytes)
Event: 1.571 Thread 0x000001bc3d102a30 nmethod 1282 0x000001bc2d36a890 code [0x000001bc2d36aa00, 0x000001bc2d36aaf0]
Event: 1.579 Thread 0x000001bc3d1057e0 1283       3       java.lang.String::getChars (55 bytes)
Event: 1.580 Thread 0x000001bc3d1057e0 nmethod 1283 0x000001bc25a06210 code [0x000001bc25a06420, 0x000001bc25a06b60]
Event: 1.580 Thread 0x000001bc3d1057e0 1284       3       java.lang.StringLatin1::getChars (12 bytes)
Event: 1.581 Thread 0x000001bc3d1057e0 nmethod 1284 0x000001bc25a06e90 code [0x000001bc25a07020, 0x000001bc25a07140]
Event: 1.581 Thread 0x000001bc3d1057e0 1285       3       java.util.Collections$UnmodifiableCollection$1::hasNext (10 bytes)
Event: 1.581 Thread 0x000001bc3d1057e0 nmethod 1285 0x000001bc25a07210 code [0x000001bc25a073a0, 0x000001bc25a07578]
Event: 1.581 Thread 0x000001bc3d1057e0 1286       3       java.nio.ByteBuffer::array (35 bytes)
Event: 1.581 Thread 0x000001bc3d1057e0 nmethod 1286 0x000001bc25a07610 code [0x000001bc25a077c0, 0x000001bc25a07a98]

GC Heap History (2 events):
Event: 0.979 GC heap before
{Heap before GC invocations=0 (full 0):
 garbage-first heap   total 260096K, used 20480K [0x0000000703600000, 0x0000000800000000)
  region size 2048K, 11 young (22528K), 0 survivors (0K)
 Metaspace       used 7018K, committed 7232K, reserved 1114112K
  class space    used 401K, committed 512K, reserved 1048576K
}
Event: 0.984 GC heap after
{Heap after GC invocations=1 (full 0):
 garbage-first heap   total 260096K, used 3861K [0x0000000703600000, 0x0000000800000000)
  region size 2048K, 2 young (4096K), 2 survivors (4096K)
 Metaspace       used 7018K, committed 7232K, reserved 1114112K
  class space    used 401K, committed 512K, reserved 1048576K
}

Dll operation events (14 events):
Event: 0.012 Loaded shared library C:\Users\stas2\.jdks\openjdk-20.0.2-1\bin\java.dll
Event: 0.031 Loaded shared library C:\Users\stas2\.jdks\openjdk-20.0.2-1\bin\jsvml.dll
Event: 0.076 Loaded shared library C:\Users\stas2\.jdks\openjdk-20.0.2-1\bin\net.dll
Event: 0.078 Loaded shared library C:\Users\stas2\.jdks\openjdk-20.0.2-1\bin\nio.dll
Event: 0.081 Loaded shared library C:\Users\stas2\.jdks\openjdk-20.0.2-1\bin\zip.dll
Event: 0.209 Loaded shared library C:\Users\stas2\.jdks\openjdk-20.0.2-1\bin\zip.dll
Event: 0.212 Loaded shared library C:\Users\stas2\.jdks\openjdk-20.0.2-1\bin\instrument.dll
Event: 0.231 Loaded shared library C:\IntelliJ IDEA Community Edition 2021.3.2\IntelliJ IDEA Community Edition 2023.2.1\bin\breakgen64.dll
Event: 0.273 Loaded shared library C:\Users\stas2\.jdks\openjdk-20.0.2-1\bin\jimage.dll
Event: 0.299 Loaded shared library C:\Users\stas2\AppData\Local\Temp\lwjgl_stas2\3.3.4+7\x64\lwjgl.dll
Event: 0.585 Loaded shared library C:\Users\stas2\AppData\Local\Temp\lwjgl_stas2\3.3.4+7\x64\lwjgl_opengl.dll
Event: 0.662 Loaded shared library C:\Users\stas2\.jdks\openjdk-20.0.2-1\bin\verify.dll
Event: 1.035 Loaded shared library C:\Users\stas2\AppData\Local\Temp\lwjgl_stas2\3.3.4+7\x64\lwjgl_stb.dll
Event: 1.519 Loaded shared library C:\Users\stas2\AppData\Local\Temp\imgui-java-natives\1.89.0\imgui-java64.dll

Deoptimization events (20 events):
Event: 0.899 Thread 0x000001bc1d765630 DEOPT PACKING pc=0x000001bc25982d3a sp=0x00000008527fe150
Event: 0.899 Thread 0x000001bc1d765630 DEOPT UNPACKING pc=0x000001bc2cdbe462 sp=0x00000008527fd5e8 mode 0
Event: 0.900 Thread 0x000001bc1d765630 DEOPT PACKING pc=0x000001bc25982d3a sp=0x00000008527fe150
Event: 0.900 Thread 0x000001bc1d765630 DEOPT UNPACKING pc=0x000001bc2cdbe462 sp=0x00000008527fd5e8 mode 0
Event: 0.901 Thread 0x000001bc1d765630 DEOPT PACKING pc=0x000001bc25982d3a sp=0x00000008527fe150
Event: 0.901 Thread 0x000001bc1d765630 DEOPT UNPACKING pc=0x000001bc2cdbe462 sp=0x00000008527fd5e8 mode 0
Event: 0.902 Thread 0x000001bc1d765630 DEOPT PACKING pc=0x000001bc25982d3a sp=0x00000008527fe150
Event: 0.902 Thread 0x000001bc1d765630 DEOPT UNPACKING pc=0x000001bc2cdbe462 sp=0x00000008527fd5e8 mode 0
Event: 0.903 Thread 0x000001bc1d765630 DEOPT PACKING pc=0x000001bc25982d3a sp=0x00000008527fe150
Event: 0.903 Thread 0x000001bc1d765630 DEOPT UNPACKING pc=0x000001bc2cdbe462 sp=0x00000008527fd5e8 mode 0
Event: 0.904 Thread 0x000001bc1d765630 DEOPT PACKING pc=0x000001bc25982d3a sp=0x00000008527fe150
Event: 0.904 Thread 0x000001bc1d765630 DEOPT UNPACKING pc=0x000001bc2cdbe462 sp=0x00000008527fd5e8 mode 0
Event: 1.089 Thread 0x000001bc3d0f9de0 Uncommon trap: trap_request=0xffffff45 fr.pc=0x000001bc2d345084 relative=0x0000000000000144
Event: 1.089 Thread 0x000001bc3d0f9de0 Uncommon trap: reason=unstable_if action=reinterpret pc=0x000001bc2d345084 method=java.util.regex.Pattern$BmpCharPropertyGreedy.match(Ljava/util/regex/Matcher;ILjava/lang/CharSequence;)Z @ 12 c2
Event: 1.089 Thread 0x000001bc3d0f9de0 DEOPT PACKING pc=0x000001bc2d345084 sp=0x00000008531fe3d0
Event: 1.089 Thread 0x000001bc3d0f9de0 DEOPT UNPACKING pc=0x000001bc2cd6d2a2 sp=0x00000008531fe368 mode 2
Event: 1.090 Thread 0x000001bc3d0f9de0 Uncommon trap: trap_request=0xffffff45 fr.pc=0x000001bc2d30030c relative=0x000000000000010c
Event: 1.090 Thread 0x000001bc3d0f9de0 Uncommon trap: reason=unstable_if action=reinterpret pc=0x000001bc2d30030c method=java.lang.StringLatin1.lastIndexOf([BI[BII)I @ 86 c2
Event: 1.090 Thread 0x000001bc3d0f9de0 DEOPT PACKING pc=0x000001bc2d30030c sp=0x00000008531fe090
Event: 1.090 Thread 0x000001bc3d0f9de0 DEOPT UNPACKING pc=0x000001bc2cd6d2a2 sp=0x00000008531fdfe8 mode 2

Classes loaded (20 events):
Event: 1.098 Loading class java/time/zone/ZoneOffsetTransition
Event: 1.098 Loading class java/time/zone/ZoneOffsetTransition done
Event: 1.099 Loading class sun/util/cldr/CLDRBaseLocaleDataMetaInfo$TZCanonicalIDMapHolder
Event: 1.100 Loading class sun/util/cldr/CLDRBaseLocaleDataMetaInfo$TZCanonicalIDMapHolder done
Event: 1.101 Loading class sun/util/resources/TimeZoneNames
Event: 1.102 Loading class sun/util/resources/TimeZoneNames done
Event: 1.102 Loading class sun/util/resources/TimeZoneNames_en
Event: 1.102 Loading class sun/util/resources/TimeZoneNames_en done
Event: 1.153 Loading class java/nio/file/AccessDeniedException
Event: 1.153 Loading class java/nio/file/AccessDeniedException done
Event: 1.153 Loading class java/io/UncheckedIOException
Event: 1.153 Loading class java/io/UncheckedIOException done
Event: 1.161 Loading class java/nio/file/StandardCopyOption
Event: 1.161 Loading class java/nio/file/StandardCopyOption done
Event: 1.579 Loading class java/lang/Throwable$WrappedPrintStream
Event: 1.580 Loading class java/lang/Throwable$PrintStreamOrWriter
Event: 1.580 Loading class java/lang/Throwable$PrintStreamOrWriter done
Event: 1.580 Loading class java/lang/Throwable$WrappedPrintStream done
Event: 1.580 Loading class java/lang/StackTraceElement$HashedModules
Event: 1.580 Loading class java/lang/StackTraceElement$HashedModules done

Classes unloaded (0 events):
No events

Classes redefined (0 events):
No events

Internal exceptions (20 events):
Event: 0.845 Thread 0x000001bc1d765630 Exception <a 'sun/nio/fs/WindowsException'{0x000000071214a0b8}> (0x000000071214a0b8) 
thrown [s\open\src\hotspot\share\prims\jni.cpp, line 519]
Event: 0.845 Thread 0x000001bc1d765630 Exception <a 'sun/nio/fs/WindowsException'{0x000000071214a430}> (0x000000071214a430) 
thrown [s\open\src\hotspot\share\prims\jni.cpp, line 519]
Event: 0.847 Thread 0x000001bc1d765630 Exception <a 'sun/nio/fs/WindowsException'{0x000000071214be50}> (0x000000071214be50) 
thrown [s\open\src\hotspot\share\prims\jni.cpp, line 519]
Event: 0.852 Thread 0x000001bc1d765630 Exception <a 'sun/nio/fs/WindowsException'{0x0000000712150fb0}> (0x0000000712150fb0) 
thrown [s\open\src\hotspot\share\prims\jni.cpp, line 519]
Event: 0.889 Thread 0x000001bc1d765630 Exception <a 'sun/nio/fs/WindowsException'{0x000000071215a2e0}> (0x000000071215a2e0) 
thrown [s\open\src\hotspot\share\prims\jni.cpp, line 519]
Event: 0.889 Thread 0x000001bc1d765630 Exception <a 'sun/nio/fs/WindowsException'{0x000000071215a660}> (0x000000071215a660) 
thrown [s\open\src\hotspot\share\prims\jni.cpp, line 519]
Event: 0.891 Thread 0x000001bc1d765630 Exception <a 'sun/nio/fs/WindowsException'{0x000000071215c088}> (0x000000071215c088) 
thrown [s\open\src\hotspot\share\prims\jni.cpp, line 519]
Event: 1.025 Thread 0x000001bc1d765630 Exception <a 'java/lang/NoSuchMethodError'{0x0000000712cbd870}: 'void java.lang.System.load(java.lang.String, java.lang.Class)'> (0x0000000712cbd870) 
thrown [s\open\src\hotspot\share\interpreter\linkResolver.cpp, line 773]
Event: 1.026 Thread 0x000001bc1d765630 Exception <a 'java/lang/NoSuchMethodError'{0x0000000712cc06b8}: 'void java.lang.System.loadLibrary(java.lang.String, java.lang.Class)'> (0x0000000712cc06b8) 
thrown [s\open\src\hotspot\share\interpreter\linkResolver.cpp, line 773]
Event: 1.027 Thread 0x000001bc1d765630 Exception <a 'sun/nio/fs/WindowsException'{0x0000000712cc3b90}> (0x0000000712cc3b90) 
thrown [s\open\src\hotspot\share\prims\jni.cpp, line 519]
Event: 1.033 Thread 0x000001bc1d765630 Exception <a 'sun/nio/fs/WindowsException'{0x0000000712cd0d20}> (0x0000000712cd0d20) 
thrown [s\open\src\hotspot\share\prims\jni.cpp, line 519]
Event: 1.033 Thread 0x000001bc1d765630 Exception <a 'sun/nio/fs/WindowsException'{0x0000000712cd10a0}> (0x0000000712cd10a0) 
thrown [s\open\src\hotspot\share\prims\jni.cpp, line 519]
Event: 1.036 Thread 0x000001bc1d765630 Exception <a 'sun/nio/fs/WindowsException'{0x0000000712cd3448}> (0x0000000712cd3448) 
thrown [s\open\src\hotspot\share\prims\jni.cpp, line 519]
Event: 1.095 Thread 0x000001bc3d0f9de0 Exception <a 'sun/nio/fs/WindowsException'{0x0000000712dc1d88}> (0x0000000712dc1d88) 
thrown [s\open\src\hotspot\share\prims\jni.cpp, line 519]
Event: 1.104 Thread 0x000001bc3d0f9de0 Exception <a 'java/lang/NoSuchMethodError'{0x0000000712df5310}: 'java.lang.Object java.lang.invoke.Invokers$Holder.invokeExact_MT(java.lang.Object, java.lang.Object, java.lang.Object, java.lang.Object, java.lang.Object, java.lang.Object)'> (0x0000000712df5310) 
thrown [s\open\src\hotspot\share\interpreter\linkResolver.cpp, line 773]
Event: 1.159 Thread 0x000001bc1d765630 Exception <a 'sun/nio/fs/WindowsException'{0x00000007122a14b0}> (0x00000007122a14b0) 
thrown [s\open\src\hotspot\share\prims\jni.cpp, line 519]
Event: 1.543 Thread 0x000001bc1d765630 Exception <a 'java/lang/NoSuchMethodError'{0x0000000712376c58}: 'void java.lang.invoke.DirectMethodHandle$Holder.invokeStatic(java.lang.Object, java.lang.Object, long, int, int, int, int)'> (0x0000000712376c58) 
thrown [s\open\src\hotspot\share\interpreter\linkResolver.cpp, line 773]
Event: 1.545 Thread 0x000001bc1d765630 Exception <a 'java/lang/NoSuchMethodError'{0x000000071237fce8}: 'void java.lang.invoke.DirectMethodHandle$Holder.invokeStatic(java.lang.Object, java.lang.Object, long, int)'> (0x000000071237fce8) 
thrown [s\open\src\hotspot\share\interpreter\linkResolver.cpp, line 773]
Event: 1.546 Thread 0x000001bc1d765630 Exception <a 'java/lang/NoSuchMethodError'{0x000000071238bab8}: 'void java.lang.invoke.DirectMethodHandle$Holder.invokeStatic(java.lang.Object, java.lang.Object, long, int, int, int)'> (0x000000071238bab8) 
thrown [s\open\src\hotspot\share\interpreter\linkResolver.cpp, line 773]
Event: 1.547 Thread 0x000001bc1d765630 Exception <a 'java/lang/NoSuchMethodError'{0x00000007123914e8}: 'void java.lang.invoke.DirectMethodHandle$Holder.invokeStatic(java.lang.Object, java.lang.Object, long, double, double)'> (0x00000007123914e8) 
thrown [s\open\src\hotspot\share\interpreter\linkResolver.cpp, line 773]

VM Operations (20 events):
Event: 0.195 Executing VM operation: HandshakeAllThreads done
Event: 0.233 Executing VM operation: HandshakeAllThreads
Event: 0.233 Executing VM operation: HandshakeAllThreads done
Event: 0.290 Executing VM operation: HandshakeAllThreads
Event: 0.290 Executing VM operation: HandshakeAllThreads done
Event: 0.685 Executing VM operation: HandshakeAllThreads
Event: 0.685 Executing VM operation: HandshakeAllThreads done
Event: 0.698 Executing VM operation: HandshakeAllThreads
Event: 0.698 Executing VM operation: HandshakeAllThreads done
Event: 0.775 Executing VM operation: HandshakeAllThreads
Event: 0.775 Executing VM operation: HandshakeAllThreads done
Event: 0.897 Executing VM operation: ICBufferFull
Event: 0.897 Executing VM operation: ICBufferFull done
Event: 0.979 Executing VM operation: G1CollectForAllocation
Event: 0.984 Executing VM operation: G1CollectForAllocation done
Event: 0.999 Executing VM operation: HandshakeAllThreads
Event: 0.999 Executing VM operation: HandshakeAllThreads done
Event: 1.023 Executing VM operation: HandshakeAllThreads
Event: 1.023 Executing VM operation: HandshakeAllThreads done
Event: 1.582 Executing VM operation: Exit

Events (20 events):
Event: 0.031 Thread 0x000001bc1d765630 Thread added: 0x000001bc1d765630
Event: 0.043 Thread 0x000001bc3d0f54a0 Thread added: 0x000001bc3d0f54a0
Event: 0.043 Thread 0x000001bc3d0f60d0 Thread added: 0x000001bc3d0f60d0
Event: 0.043 Thread 0x000001bc3d0f7040 Thread added: 0x000001bc3d0f7040
Event: 0.043 Thread 0x000001bc3d0f9de0 Thread added: 0x000001bc3d0f9de0
Event: 0.043 Thread 0x000001bc3d101a70 Thread added: 0x000001bc3d101a70
Event: 0.043 Thread 0x000001bc3d100aa0 Thread added: 0x000001bc3d100aa0
Event: 0.043 Thread 0x000001bc3d102a30 Thread added: 0x000001bc3d102a30
Event: 0.043 Thread 0x000001bc3d1057e0 Thread added: 0x000001bc3d1057e0
Event: 0.070 Thread 0x000001bc3d0bd500 Thread added: 0x000001bc3d0bd500
Event: 0.118 Thread 0x000001bc3d103680 Thread added: 0x000001bc3d103680
Event: 0.129 Thread 0x000001bc3d105d70 Thread added: 0x000001bc3d105d70
Event: 0.231 Thread 0x000001bc7ea97100 Thread added: 0x000001bc7ea97100
Event: 0.231 Thread 0x000001bc7e7b3070 Thread added: 0x000001bc7e7b3070
Event: 0.576 Thread 0x000001bc3d105d70 Thread exited: 0x000001bc3d105d70
Event: 0.576 Thread 0x000001bc3d103680 Thread exited: 0x000001bc3d103680
Event: 0.974 Thread 0x000001bc3d104730 Thread added: 0x000001bc3d104730
Event: 0.975 Thread 0x000001bc3d104cc0 Thread added: 0x000001bc3d104cc0
Event: 1.521 Thread 0x000001bc3d104cc0 Thread exited: 0x000001bc3d104cc0
Event: 1.522 Thread 0x000001bc3d104730 Thread exited: 0x000001bc3d104730


Dynamic libraries:
0x00007ff642cb0000 - 0x00007ff642cbe000 	C:\Users\stas2\.jdks\openjdk-20.0.2-1\bin\java.exe
0x00007ffb8d1c0000 - 0x00007ffb8d428000 	C:\WINDOWS\SYSTEM32\ntdll.dll
0x00007ffb8c6f0000 - 0x00007ffb8c7b9000 	C:\WINDOWS\System32\KERNEL32.DLL
0x00007ffb8a690000 - 0x00007ffb8aa7d000 	C:\WINDOWS\System32\KERNELBASE.dll
0x00007ffb8a540000 - 0x00007ffb8a68b000 	C:\WINDOWS\System32\ucrtbase.dll
0x00007ffb348b0000 - 0x00007ffb348c7000 	C:\Users\stas2\.jdks\openjdk-20.0.2-1\bin\jli.dll
0x00007ffb3f6c0000 - 0x00007ffb3f6db000 	C:\Users\stas2\.jdks\openjdk-20.0.2-1\bin\VCRUNTIME140.dll
0x00007ffb8b9a0000 - 0x00007ffb8bb6c000 	C:\WINDOWS\System32\USER32.dll
0x00007ffb8aa80000 - 0x00007ffb8aaa7000 	C:\WINDOWS\System32\win32u.dll
0x00007ffb89490000 - 0x00007ffb8972a000 	C:\WINDOWS\WinSxS\amd64_microsoft.windows.common-controls_6595b64144ccf1df_6.0.26100.4484_none_3e0e6d4ce32ef3b3\COMCTL32.dll
0x00007ffb8c980000 - 0x00007ffb8c9ab000 	C:\WINDOWS\System32\GDI32.dll
0x00007ffb8ab50000 - 0x00007ffb8ac87000 	C:\WINDOWS\System32\gdi32full.dll
0x00007ffb8a310000 - 0x00007ffb8a3b3000 	C:\WINDOWS\System32\msvcp_win.dll
0x00007ffb8d040000 - 0x00007ffb8d0e9000 	C:\WINDOWS\System32\msvcrt.dll
0x00007ffb8b470000 - 0x00007ffb8b49f000 	C:\WINDOWS\System32\IMM32.DLL
0x00007ffb3f6b0000 - 0x00007ffb3f6bc000 	C:\Users\stas2\.jdks\openjdk-20.0.2-1\bin\vcruntime140_1.dll
0x00007ffb31a60000 - 0x00007ffb31aee000 	C:\Users\stas2\.jdks\openjdk-20.0.2-1\bin\msvcp140.dll
0x00007ffb21730000 - 0x00007ffb223c8000 	C:\Users\stas2\.jdks\openjdk-20.0.2-1\bin\server\jvm.dll
0x00007ffb8ce10000 - 0x00007ffb8cec4000 	C:\WINDOWS\System32\ADVAPI32.dll
0x00007ffb8bc70000 - 0x00007ffb8bd16000 	C:\WINDOWS\System32\sechost.dll
0x00007ffb8b640000 - 0x00007ffb8b758000 	C:\WINDOWS\System32\RPCRT4.dll
0x00007ffb76af0000 - 0x00007ffb76b25000 	C:\WINDOWS\SYSTEM32\WINMM.dll
0x00007ffb7f290000 - 0x00007ffb7f29b000 	C:\WINDOWS\SYSTEM32\VERSION.dll
0x00007ffb6a2d0000 - 0x00007ffb6a2da000 	C:\WINDOWS\SYSTEM32\WSOCK32.dll
0x00007ffb8b5c0000 - 0x00007ffb8b634000 	C:\WINDOWS\System32\WS2_32.dll
0x00007ffb88a00000 - 0x00007ffb88a1b000 	C:\WINDOWS\SYSTEM32\kernel.appcore.dll
0x00007ffb372d0000 - 0x00007ffb372da000 	C:\Users\stas2\.jdks\openjdk-20.0.2-1\bin\jimage.dll
0x00007ffb89be0000 - 0x00007ffb89e21000 	C:\WINDOWS\SYSTEM32\DBGHELP.DLL
0x00007ffb8ca60000 - 0x00007ffb8cde6000 	C:\WINDOWS\System32\combase.dll
0x00007ffb8b760000 - 0x00007ffb8b840000 	C:\WINDOWS\System32\OLEAUT32.dll
0x00007ffb89a50000 - 0x00007ffb89a93000 	C:\WINDOWS\SYSTEM32\dbgcore.DLL
0x00007ffb8aab0000 - 0x00007ffb8ab49000 	C:\WINDOWS\System32\bcryptPrimitives.dll
0x00007ffb74490000 - 0x00007ffb7449e000 	C:\Users\stas2\.jdks\openjdk-20.0.2-1\bin\instrument.dll
0x00007ffb31a30000 - 0x00007ffb31a56000 	C:\Users\stas2\.jdks\openjdk-20.0.2-1\bin\java.dll
0x00007ffb2d600000 - 0x00007ffb2d6d7000 	C:\Users\stas2\.jdks\openjdk-20.0.2-1\bin\jsvml.dll
0x00007ffb8bf00000 - 0x00007ffb8c64a000 	C:\WINDOWS\System32\SHELL32.dll
0x00007ffb8ad50000 - 0x00007ffb8aec4000 	C:\WINDOWS\System32\wintypes.dll
0x00007ffb87830000 - 0x00007ffb8808b000 	C:\WINDOWS\SYSTEM32\windows.storage.dll
0x00007ffb8b4b0000 - 0x00007ffb8b5a5000 	C:\WINDOWS\System32\SHCORE.dll
0x00007ffb8bb70000 - 0x00007ffb8bbda000 	C:\WINDOWS\System32\shlwapi.dll
0x00007ffb8a220000 - 0x00007ffb8a24f000 	C:\WINDOWS\SYSTEM32\profapi.dll
0x00007ffb31a10000 - 0x00007ffb31a23000 	C:\Users\stas2\.jdks\openjdk-20.0.2-1\bin\net.dll
0x00007ffb7fd50000 - 0x00007ffb7fe6e000 	C:\WINDOWS\SYSTEM32\WINHTTP.dll
0x00007ffb88f20000 - 0x00007ffb88f8a000 	C:\WINDOWS\system32\mswsock.dll
0x00007ffb319f0000 - 0x00007ffb31a06000 	C:\Users\stas2\.jdks\openjdk-20.0.2-1\bin\nio.dll
0x00007ffb319b0000 - 0x00007ffb319c8000 	C:\Users\stas2\.jdks\openjdk-20.0.2-1\bin\zip.dll
0x00007ffb73050000 - 0x00007ffb7306a000 	C:\IntelliJ IDEA Community Edition 2021.3.2\IntelliJ IDEA Community Edition 2023.2.1\bin\breakgen64.dll
0x00007ffb41290000 - 0x00007ffb4130b000 	C:\Users\stas2\AppData\Local\Temp\lwjgl_stas2\3.3.4+7\x64\lwjgl.dll
0x00007ffb41200000 - 0x00007ffb41285000 	C:\Users\stas2\AppData\Local\Temp\lwjgl_stas2\3.3.4+7\x64\glfw.dll
0x00007ffb52ff0000 - 0x00007ffb5303b000 	C:\WINDOWS\SYSTEM32\dinput8.dll
0x00007ffb70a30000 - 0x00007ffb70a42000 	C:\WINDOWS\SYSTEM32\xinput1_4.dll
0x00007ffb89f70000 - 0x00007ffb89fc7000 	C:\WINDOWS\SYSTEM32\cfgmgr32.dll
0x00007ffb89fd0000 - 0x00007ffb89ffd000 	C:\WINDOWS\SYSTEM32\DEVOBJ.dll
0x00007ffb86c40000 - 0x00007ffb86c76000 	C:\WINDOWS\SYSTEM32\dwmapi.dll
0x00007ffb6a560000 - 0x00007ffb6a743000 	C:\WINDOWS\SYSTEM32\inputhost.dll
0x00007ffb83820000 - 0x00007ffb83945000 	C:\WINDOWS\SYSTEM32\CoreMessaging.dll
0x00007ffb84290000 - 0x00007ffb8433f000 	C:\WINDOWS\system32\uxtheme.dll
0x00007ffb8ced0000 - 0x00007ffb8d030000 	C:\WINDOWS\System32\MSCTF.dll
0x00007ffb893d0000 - 0x00007ffb893dc000 	C:\WINDOWS\SYSTEM32\CRYPTBASE.DLL
0x00007ffb6f0f0000 - 0x00007ffb6f208000 	C:\WINDOWS\SYSTEM32\opengl32.dll
0x00007ffb747b0000 - 0x00007ffb747dd000 	C:\WINDOWS\SYSTEM32\GLU32.dll
0x00007ffb86e70000 - 0x00007ffb86ebd000 	C:\WINDOWS\SYSTEM32\dxcore.dll
0x00007ffb86b90000 - 0x00007ffb86bf4000 	C:\WINDOWS\SYSTEM32\directxdatabasehelper.dll
0x00007ffb74a20000 - 0x00007ffb74a3a000 	C:\WINDOWS\SYSTEM32\windows.staterepositorycore.dll
0x00007ffb05b30000 - 0x00007ffb06b23000 	C:\WINDOWS\System32\DriverStore\FileRepository\iigd_dch.inf_amd64_5802b1615520e41c\igxelpicd64.dll
0x00007ffb8c7d0000 - 0x00007ffb8c96e000 	C:\WINDOWS\System32\ole32.dll
0x00007ffb843e0000 - 0x00007ffb84518000 	C:\WINDOWS\system32\dxgi.dll
0x00007ffb05840000 - 0x00007ffb05b27000 	C:\WINDOWS\System32\DriverStore\FileRepository\iigd_dch.inf_amd64_5802b1615520e41c\igdml64.dll
0x00007ffb7cd40000 - 0x00007ffb7d107000 	C:\WINDOWS\System32\DriverStore\FileRepository\iigd_dch.inf_amd64_5802b1615520e41c\igdgmm64.dll
0x00007ffb791d0000 - 0x00007ffb7c7e1000 	C:\WINDOWS\System32\DriverStore\FileRepository\iigd_dch.inf_amd64_5802b1615520e41c\igc64.dll
0x00007ffb89b70000 - 0x00007ffb89bce000 	C:\WINDOWS\SYSTEM32\powrprof.dll
0x00007ffb89830000 - 0x00007ffb89844000 	C:\WINDOWS\SYSTEM32\UMPDC.dll
0x00007ffb75740000 - 0x00007ffb75890000 	C:\WINDOWS\SYSTEM32\textinputframework.dll
0x00007ffb34750000 - 0x00007ffb347b1000 	C:\Users\stas2\AppData\Local\Temp\lwjgl_stas2\3.3.4+7\x64\lwjgl_opengl.dll
0x00007ffb319a0000 - 0x00007ffb319b0000 	C:\Users\stas2\.jdks\openjdk-20.0.2-1\bin\verify.dll
0x00007ffb31280000 - 0x00007ffb313a8000 	C:\Users\stas2\AppData\Local\Temp\lwjgl_stas2\3.3.4+7\x64\draco.dll
0x00007ffb1f7f0000 - 0x00007ffb1feab000 	C:\Users\stas2\AppData\Local\Temp\lwjgl_stas2\3.3.4+7\x64\assimp.dll
0x00007ffb346b0000 - 0x00007ffb34750000 	C:\Users\stas2\AppData\Local\Temp\lwjgl_stas2\3.3.4+7\x64\lwjgl_stb.dll
0x00007ffb00840000 - 0x00007ffb01034000 	C:\Users\stas2\AppData\Local\Temp\imgui-java-natives\1.89.0\imgui-java64.dll

dbghelp: loaded successfully - version: 4.0.5 - missing functions: none
symbol engine: initialized successfully - sym options: 0x614 - pdb path: .;C:\Users\stas2\.jdks\openjdk-20.0.2-1\bin;C:\WINDOWS\SYSTEM32;C:\WINDOWS\WinSxS\amd64_microsoft.windows.common-controls_6595b64144ccf1df_6.0.26100.4484_none_3e0e6d4ce32ef3b3;C:\Users\stas2\.jdks\openjdk-20.0.2-1\bin\server;C:\IntelliJ IDEA Community Edition 2021.3.2\IntelliJ IDEA Community Edition 2023.2.1\bin;C:\Users\stas2\AppData\Local\Temp\lwjgl_stas2\3.3.4+7\x64;C:\WINDOWS\System32\DriverStore\FileRepository\iigd_dch.inf_amd64_5802b1615520e41c;C:\Users\stas2\AppData\Local\Temp\imgui-java-natives\1.89.0

VM Arguments:
jvm_args: -javaagent:C:\IntelliJ IDEA Community Edition 2021.3.2\IntelliJ IDEA Community Edition 2023.2.1\lib\idea_rt.jar=61898:C:\IntelliJ IDEA Community Edition 2021.3.2\IntelliJ IDEA Community Edition 2023.2.1\bin -Dfile.encoding=windows-1252 -Dsun.stdout.encoding=windows-1252 -Dsun.stderr.encoding=windows-1252 --module-path=C:\Users\stas2\.m2\repository\org\lwjgl\lwjgl-glfw\3.3.4\lwjgl-glfw-3.3.4.jar;C:\Users\stas2\.m2\repository\org\joml\joml-primitives\1.10.0\joml-primitives-1.10.0.jar;C:\Users\stas2\.m2\repository\io\github\spair\imgui-java-binding\1.89.0\imgui-java-binding-1.89.0.jar;C:\Users\stas2\.m2\repository\org\lwjgl\lwjgl-stb\3.3.4\lwjgl-stb-3.3.4.jar;C:\Users\stas2\.m2\repository\org\lwjgl\lwjgl\3.3.4\lwjgl-3.3.4.jar;C:\Users\stas2\.m2\repository\org\joml\joml\1.10.7\joml-1.10.7.jar;C:\Users\stas2\.m2\repository\io\github\spair\imgui-java-lwjgl3\1.89.0\imgui-java-lwjgl3-1.89.0.jar;C:\Users\stas2\.m2\repository\org\lwjgl\lwjgl-vulkan\3.3.4\lwjgl-vulkan-3.3.4.jar;C:\Users\stas2\.m2\repository\org\lwjgl\lwjgl-opengl\3.3.4\lwjgl-opengl-3.3.4.jar;C:\Users\stas2\.m2\repository\org\lwjgl\lwjgl-assimp\3.3.4\lwjgl-assimp-3.3.4.jar;O:\GIt\MultiplayerShooter\target\classes -Djdk.module.main=com.bedrye.multiplayershooter 
java_command: com.bedrye.multiplayershooter/com.bedrye.bjge.GameEngine.TestMain
java_class_path (initial): C:\Users\stas2\.m2\repository\io\github\spair\imgui-java-natives-windows\1.89.0\imgui-java-natives-windows-1.89.0.jar;C:\Users\stas2\.m2\repository\org\lwjgl\lwjgl-bgfx\3.3.4\lwjgl-bgfx-3.3.4.jar;C:\Users\stas2\.m2\repository\org\lwjgl\lwjgl-nanovg\3.3.4\lwjgl-nanovg-3.3.4.jar;C:\Users\stas2\.m2\repository\org\lwjgl\lwjgl-nuklear\3.3.4\lwjgl-nuklear-3.3.4.jar;C:\Users\stas2\.m2\repository\org\lwjgl\lwjgl-openal\3.3.4\lwjgl-openal-3.3.4.jar;C:\Users\stas2\.m2\repository\org\lwjgl\lwjgl-par\3.3.4\lwjgl-par-3.3.4.jar;C:\Users\stas2\.m2\repository\org\lwjgl\lwjgl\3.3.4\lwjgl-3.3.4-natives-windows.jar;C:\Users\stas2\.m2\repository\org\lwjgl\lwjgl-assimp\3.3.4\lwjgl-assimp-3.3.4-natives-windows.jar;C:\Users\stas2\.m2\repository\org\lwjgl\lwjgl-bgfx\3.3.4\lwjgl-bgfx-3.3.4-natives-windows.jar;C:\Users\stas2\.m2\repository\org\lwjgl\lwjgl-glfw\3.3.4\lwjgl-glfw-3.3.4-natives-windows.jar;C:\Users\stas2\.m2\repository\org\lwjgl\lwjgl-nanovg\3.3.4\lwjgl-nanovg-3.3.4-natives-windows.jar;C:\Users\stas2\.m2\repository\org\lwjgl\lwjgl-nuklear\3.3.4\lwjgl-nuklear-3.3.4-natives-windows.jar;C:\Users\stas2\.m2\repository\org\lwjgl\lwjgl-openal\3.3.4\lwjgl-openal-3.3.4-natives-windows.jar;C:\Users\stas2\.m2\repository\org\lwjgl\lwjgl-opengl\3.3.4\lwjgl-opengl-3.3.4-natives-windows.jar;C:\Users\stas2\.m2\repository\org\lwjgl\lwjgl-par\3.3.4\lwjgl-par-3.3.4-natives-windows.jar;C:\Users\stas2\.m2\repository\org\lwjgl\lwjgl-stb\3.3.4\lwjgl-stb-3.3.4-natives-windows.jar
Launcher Type: SUN_STANDARD

[Global flags]
     intx CICompilerCount                          = 4                                         {product} {ergonomic}
     uint ConcGCThreads                            = 3                                         {product} {ergonomic}
     uint G1ConcRefinementThreads                  = 10                                        {product} {ergonomic}
   size_t G1HeapRegionSize                         = 2097152                                   {product} {ergonomic}
    uintx GCDrainStackTargetSize                   = 64                                        {product} {ergonomic}
   size_t InitialHeapSize                          = 266338304                                 {product} {ergonomic}
   size_t MarkStackSize                            = 4194304                                   {product} {ergonomic}
   size_t MaxHeapSize                              = 4238344192                                {product} {ergonomic}
   size_t MaxNewSize                               = 2541748224                                {product} {ergonomic}
   size_t MinHeapDeltaBytes                        = 2097152                                   {product} {ergonomic}
   size_t MinHeapSize                              = 8388608                                   {product} {ergonomic}
    uintx NonNMethodCodeHeapSize                   = 5839372                                {pd product} {ergonomic}
    uintx NonProfiledCodeHeapSize                  = 122909434                              {pd product} {ergonomic}
    uintx ProfiledCodeHeapSize                     = 122909434                              {pd product} {ergonomic}
    uintx ReservedCodeCacheSize                    = 251658240                              {pd product} {ergonomic}
     bool SegmentedCodeCache                       = true                                      {product} {ergonomic}
   size_t SoftMaxHeapSize                          = 4238344192                             {manageable} {ergonomic}
     bool UseCompressedClassPointers               = true                           {product lp64_product} {ergonomic}
     bool UseCompressedOops                        = true                           {product lp64_product} {ergonomic}
     bool UseG1GC                                  = true                                      {product} {ergonomic}
     bool UseLargePagesIndividualAllocation        = false                                  {pd product} {ergonomic}

Logging:
Log output configuration:
 #0: stdout all=off uptime,level,tags foldmultilines=false
 #1: stderr all=off uptime,level,tags foldmultilines=false

Environment Variables:
JAVA_HOME=C:\Program Files\Java\jdk-11.0.2
PATH=C:\Program Files\PlasticSCM5\server;C:\Program Files\PlasticSCM5\client;C:\Program Files\NVIDIA GPU Computing Toolkit\CUDA\v12.6\bin;C:\Program Files\NVIDIA GPU Computing Toolkit\CUDA\v12.6\libnvvp;C:\Program Files\Common Files\Oracle\Java\javapath;C:\Windows\system32;C:\Windows;C:\Program Files\Java\jdk-11.0.2\bin;C:\Windows\System32\Wbem;C:\ORacleDatabase\dbhomeXE\bin;C:\Windows\System32\WindowsPowerShell\v1.0\;C:\Windows\System32\OpenSSH\;C:\Program Files (x86)\NVIDIA Corporation\PhysX\Common;C:\Program Files\NVIDIA Corporation\NVIDIA NvDLISR;C:\Program Files\Docker\Docker\resources\bin;C:\Program Files\Git LFS;C:\Program Files\Git\cmd;C:\Program Files (x86)\Windows Kits\10\Windows Performance Toolkit\;C:\Program Files (x86)\Steam\steamapps\common\Counter-Strike Global Offensive\game\bin\win64;C:\Users\stas2\AppData\Local\Programs\Python\Python311;C:\Program Files\dotnet\;C:\Program Files\Microsoft SQL Server\150\Tools\Binn\;C:\Program Files\Microsoft SQL Server\Client SDK\ODBC\170\Tools\Binn\;C:\Program Files\NVIDIA Corporation\Nsight Compute 2024.3.2\;C:\Program Files (x86)\Microsoft SQL Server\160\Tools\Binn\;C:\Program Files\Microsoft SQL Server\160\Tools\Binn\;C:\Program Files\Microsoft SQL Server\160\DTS\Binn\;C:\Program Files (x86)\Microsoft SQL Server\160\DTS\Binn\;C:\WINDOWS\system32;C:\WINDOWS;C:\WINDOWS\System32\Wbem;C:\WINDOWS\System32\WindowsPowerShell\v1.0\;C:\WINDOWS\System32\OpenSSH\;C:\Users\stas2\AppData\Local\Microsoft\WindowsApps;C:\Users\stas2\AppData\Local\Programs\Microsoft VS Code\bin;C:\Users\stas2\AppData\Local\GitHubDesktop\bin;C:\Users\stas2\AppData\Local\Programs\Python\Python311;C:\Program Files (x86)\Steam\steamapps\common\Counter-Strike Global Offensive\game\bin\win64;C:\Users\stas2\.dotnet\tools;C:\Users\stas2\AppData\Local\Muse Hub\lib;
USERNAME=stas2
OS=Windows_NT
PROCESSOR_IDENTIFIER=Intel64 Family 6 Model 141 Stepping 1, GenuineIntel
TMP=C:\Users\stas2\AppData\Local\Temp
TEMP=C:\Users\stas2\AppData\Local\Temp




---------------  S Y S T E M  ---------------

OS:
 Windows 11 , 64 bit Build 26100 (10.0.26100.4484)
OS uptime: 7 days 14:19 hours
Hyper-V role detected

CPU: total 12 (initial active 12) (6 cores per cpu, 2 threads per core) family 6 model 141 stepping 1 microcode 0x3c, cx8, cmov, fxsr, ht, mmx, 3dnowpref, sse, sse2, sse3, ssse3, sse4.1, sse4.2, popcnt, lzcnt, tsc, tscinvbit, avx, avx2, aes, erms, clmul, bmi1, bmi2, adx, avx512f, avx512dq, avx512cd, avx512bw, avx512vl, sha, fma, vzeroupper, avx512_vpopcntdq, avx512_vpclmulqdq, avx512_vaes, avx512_vnni, clflush, clflushopt, clwb, avx512_vbmi2, avx512_vbmi, hv, rdtscp, rdpid, fsrm, gfni, avx512_bitalg, f16c, cet_ibt, cet_ss, avx512_ifma

Memory: 4k page, system-wide physical 16163M (1661M free)
TotalPageFile size 37667M (AvailPageFile size 16669M)
current process WorkingSet (physical memory assigned to process): 221M, peak: 221M
current process commit charge ("private bytes"): 425M, peak: 427M

vm_info: OpenJDK 64-Bit Server VM (20.0.2+9-78) for windows-amd64 JRE (20.0.2+9-78), built on 2023-06-14T10:08:48Z by "mach5one" with MS VC++ 17.1 (VS2022)

END.
