#
# A fatal error has been detected by the Java Runtime Environment:
#
#  EXCEPTION_ACCESS_VIOLATION (0xc0000005) at pc=0x00007ffa47cc6fa6, pid=1216, tid=17848
#
# JRE version: OpenJDK Runtime Environment (21.0.1+12) (build 21.0.1+12-29)
# Java VM: OpenJDK 64-Bit Server VM (21.0.1+12-29, mixed mode, sharing, tiered, compressed oops, compressed class ptrs, g1 gc, windows-amd64)
# Problematic frame:
# C  [igxelpicd64.dll+0x16fa6]
#
# No core dump will be written. Minidumps are not enabled by default on client versions of Windows
#
# If you would like to submit a bug report, please visit:
#   https://bugreport.java.com/bugreport/crash.jsp
# The crash happened outside the Java Virtual Machine in native code.
# See problematic frame for where to report the bug.
#

---------------  S U M M A R Y ------------

Command Line: -javaagent:C:\IntelliJ IDEA Community Edition 2021.3.2\IntelliJ IDEA Community Edition 2023.2.1\lib\idea_rt.jar=58715:C:\IntelliJ IDEA Community Edition 2021.3.2\IntelliJ IDEA Community Edition 2023.2.1\bin -Dfile.encoding=windows-1252 -Dsun.stdout.encoding=windows-1252 -Dsun.stderr.encoding=windows-1252 --module-path=C:\Users\stas2\.m2\repository\com\fasterxml\jackson\core\jackson-databind\2.17.2\jackson-databind-2.17.2.jar;C:\Users\stas2\.m2\repository\org\joml\joml-primitives\1.10.0\joml-primitives-1.10.0.jar;C:\Users\stas2\.m2\repository\io\github\spair\imgui-java-binding\1.89.0\imgui-java-binding-1.89.0.jar;C:\Users\stas2\.m2\repository\org\lwjgl\lwjgl-stb\3.3.4\lwjgl-stb-3.3.4.jar;C:\Users\stas2\.m2\repository\io\github\spair\imgui-java-lwjgl3\1.89.0\imgui-java-lwjgl3-1.89.0.jar;C:\Users\stas2\.m2\repository\com\fasterxml\jackson\core\jackson-core\2.17.2\jackson-core-2.17.2.jar;C:\Users\stas2\.m2\repository\org\lwjgl\lwjgl\3.3.4\lwjgl-3.3.4.jar;O:\GIt\MultiplayerShooter\target\classes;C:\Users\stas2\.m2\repository\org\lwjgl\lwjgl-vulkan\3.3.4\lwjgl-vulkan-3.3.4.jar;C:\Users\stas2\.m2\repository\org\lwjgl\lwjgl-glfw\3.3.4\lwjgl-glfw-3.3.4.jar;C:\Users\stas2\.m2\repository\org\lwjgl\lwjgl-opengl\3.3.4\lwjgl-opengl-3.3.4.jar;C:\Users\stas2\.m2\repository\org\joml\joml\1.10.7\joml-1.10.7.jar;C:\Users\stas2\.m2\repository\com\fasterxml\jackson\core\jackson-annotations\2.17.2\jackson-annotations-2.17.2.jar;C:\Users\stas2\.m2\repository\org\lwjgl\lwjgl-assimp\3.3.4\lwjgl-assimp-3.3.4.jar -Djdk.module.main=com.bedrye.bjge com.bedrye.bjge/com.bedrye.bjge.TestMain

Host: 11th Gen Intel(R) Core(TM) i5-11400H @ 2.70GHz, 12 cores, 15G,  Windows 11 , 64 bit Build 26100 (10.0.26100.6725)
Time: Thu Oct 16 22:32:07 2025 FLE Summer Time elapsed time: 116.392552 seconds (0d 0h 1m 56s)

---------------  T H R E A D  ---------------

Current thread (0x00000284ef75d560):  JavaThread "main"             [_thread_in_native, id=17848, stack(0x000000ac15700000,0x000000ac15800000) (1024K)]

Stack: [0x000000ac15700000,0x000000ac15800000],  sp=0x000000ac157fef80,  free space=1019k
Native frames: (J=compiled Java code, j=interpreted, Vv=VM code, C=native code)
C  [igxelpicd64.dll+0x16fa6]

Java frames: (J=compiled Java code, j=interpreted, Vv=VM code)
J 2830  org.lwjgl.opengl.GL11C.glClear(I)V org.lwjgl.opengl@3.3.4+7 (0 bytes) @ 0x0000028487bdcc19 [0x0000028487bdcbc0+0x0000000000000059]
J 3070 c2 com.bedrye.bjge.GameEngine.Objects.Scene.preRender()V com.bedrye.bjge@1.0-SNAPSHOT (67 bytes) @ 0x0000028487c15a68 [0x0000028487c15a20+0x0000000000000048]
j  com.bedrye.bjge.GameEngine.EngineManager.update()V+120 com.bedrye.bjge@1.0-SNAPSHOT
j  com.bedrye.bjge.GameEngine.EngineManager.run()V+5 com.bedrye.bjge@1.0-SNAPSHOT
j  com.bedrye.bjge.TestMain.main([Ljava/lang/String;)V+3 com.bedrye.bjge@1.0-SNAPSHOT
v  ~StubRoutines::call_stub 0x00000284875310e7

siginfo: EXCEPTION_ACCESS_VIOLATION (0xc0000005), writing address 0x00000284dad60000


Registers:
RAX=0x00000000680b0000, RBX=0x00000284d730f6d0, RCX=0x00000284dad60000, RDX=0x00007ffa48bc7e00
RSP=0x000000ac157fef80, RBP=0x000000ac157ff0b0, RSI=0x0000000000000000, RDI=0x00000284d72da8c0
R8 =0x0000000000000004, R9 =0x000000ac157ff160, R10=0x0000000000000780, R11=0x0000028487c15a40
R12=0x0000000000000000, R13=0x0000000000004000, R14=0x0000000000000001, R15=0x00000284ef75d560
RIP=0x00007ffa47cc6fa6, EFLAGS=0x0000000000010202


Register to memory mapping:

RAX=0x00000000680b0000 is an unknown value
RBX=0x00000284d730f6d0 points into unknown readable memory: 0x0000000000000000 | 00 00 00 00 00 00 00 00
RCX=0x00000284dad60000 is an unknown value
RDX=0x00007ffa48bc7e00 igxelpicd64.dll
RSP=0x000000ac157fef80 is pointing into the stack for thread: 0x00000284ef75d560
RBP=0x000000ac157ff0b0 is pointing into the stack for thread: 0x00000284ef75d560
RSI=0x0 is null
RDI=0x00000284d72da8c0 points into unknown readable memory: 0x00000284d7414700 | 00 47 41 d7 84 02 00 00
R8 =0x0000000000000004 is an unknown value
R9 =0x000000ac157ff160 is pointing into the stack for thread: 0x00000284ef75d560
R10=0x0000000000000780 is an unknown value
R11=0x0000028487c15a40 is at entry_point+32 in (nmethod*)0x0000028487c15810
Compiled method (c2)  116429 3070       4       com.bedrye.bjge.GameEngine.Objects.Scene::preRender (67 bytes)
 total in heap  [0x0000028487c15810,0x0000028487c160e8] = 2264
 relocation     [0x0000028487c15970,0x0000028487c15a10] = 160
 main code      [0x0000028487c15a20,0x0000028487c15c70] = 592
 stub code      [0x0000028487c15c70,0x0000028487c15ce0] = 112
 oops           [0x0000028487c15ce0,0x0000028487c15d10] = 48
 metadata       [0x0000028487c15d10,0x0000028487c15db8] = 168
 scopes data    [0x0000028487c15db8,0x0000028487c15ee0] = 296
 scopes pcs     [0x0000028487c15ee0,0x0000028487c15ff0] = 272
 dependencies   [0x0000028487c15ff0,0x0000028487c16018] = 40
 handler table  [0x0000028487c16018,0x0000028487c160c0] = 168
 nul chk table  [0x0000028487c160c0,0x0000028487c160e8] = 40
R12=0x0 is null
R13=0x0000000000004000 is an unknown value
R14=0x0000000000000001 is an unknown value
R15=0x00000284ef75d560 is a thread

Top of Stack: (sp=0x000000ac157fef80)
0x000000ac157fef80:   000005669d3d2d9a 0000000000001406
0x000000ac157fef90:   0000000000000700 00000284d70dbaa8
0x000000ac157fefa0:   0000000000000700 00007ffa47de5722
0x000000ac157fefb0:   00000284d72da8c0 0000000000000000
0x000000ac157fefc0:   000000ac157ff0d0 00007ffa47de5d08
0x000000ac157fefd0:   00000284d73d9d00 00000284d731b3a0
0x000000ac157fefe0:   00000284d72da8c0 00000284d73d9d00
0x000000ac157feff0:   00000001d6f67c24 0000000000000000
0x000000ac157ff000:   0000400000000001 0000078000000438
0x000000ac157ff010:   000000ac157ff160 0000000000000000
0x000000ac157ff020:   0000410000000000 0000078000000438
0x000000ac157ff030:   0000000000000000 0000000000000001
0x000000ac157ff040:   0000000000000001 00000284d755c030
0x000000ac157ff050:   0000056600000000 0000000000000000
0x000000ac157ff060:   0000043800000780 00000284d73d9d00
0x000000ac157ff070:   000000ac157ff058 000000ac157ff0b0
0x000000ac157ff080:   000000ac157ff048 0000000000000000
0x000000ac157ff090:   000000000000ff01 0000000000000000
0x000000ac157ff0a0:   0000043800000780 00000284d73d9d00
0x000000ac157ff0b0:   0000000000000000 3f80000000000000
0x000000ac157ff0c0:   3ff0000000000000 0000000000000700
0x000000ac157ff0d0:   000005669d3d2cda 0000000000000000
0x000000ac157ff0e0:   0000000080000000 0000000000000000
0x000000ac157ff0f0:   0000000000000000 0000000000000000
0x000000ac157ff100:   00000284ef75d560 000000ac157ff1d0
0x000000ac157ff110:   000000ac157ff230 0000000000000000
0x000000ac157ff120:   00000284d730ffd0 0000000000000000
0x000000ac157ff130:   000000ac157ff1e0 00007ffa47de5081
0x000000ac157ff140:   00000284d72da8c0 00000284d72da8c0
0x000000ac157ff150:   0000000000000000 0000000000004000
0x000000ac157ff160:   0000000000000000 0000043800000780
0x000000ac157ff170:   0000000000000001 0000028487bdccb0 

Instructions: (pc=0x00007ffa47cc6fa6)
0x00007ffa47cc6ea6:   49 83 e2 f0 48 c1 e8 04 49 03 ca 49 03 d2 48 83
0x00007ffa47cc6eb6:   f8 07 77 31 83 f8 04 0f 85 fd 00 00 00 f3 0f 6f
0x00007ffa47cc6ec6:   42 c0 f3 0f 7f 41 c0 f3 0f 6f 42 d0 f3 0f 7f 41
0x00007ffa47cc6ed6:   d0 f3 0f 6f 42 e0 f3 0f 7f 41 e0 f3 0f 6f 42 f0
0x00007ffa47cc6ee6:   f3 0f 7f 41 f0 0f 28 3c 24 4d 2b c2 0f 28 74 24
0x00007ffa47cc6ef6:   10 4d 85 c0 0f 84 63 ff ff ff 49 8b c0 48 83 e0
0x00007ffa47cc6f06:   fc 48 03 c8 48 03 d0 49 8b c0 48 c1 e8 02 48 83
0x00007ffa47cc6f16:   e8 01 74 18 48 83 e8 01 74 0c 48 83 f8 01 75 12
0x00007ffa47cc6f26:   8b 42 f4 89 41 f4 8b 42 f8 89 41 f8 8b 42 fc 89
0x00007ffa47cc6f36:   41 fc 41 f6 c0 01 0f 85 ea 01 00 00 41 f6 c0 02
0x00007ffa47cc6f46:   0f 84 17 ff ff ff 0f b7 02 66 89 01 e9 0c ff ff
0x00007ffa47cc6f56:   ff f6 c1 01 74 0e 0f b6 02 49 ff c8 88 01 48 ff
0x00007ffa47cc6f66:   c1 48 ff c2 f6 c1 02 0f 84 33 fe ff ff 0f b7 02
0x00007ffa47cc6f76:   49 83 e8 02 66 89 01 48 83 c1 02 48 83 c2 02 e9
0x00007ffa47cc6f86:   1c fe ff ff 49 83 f8 01 0f 84 8e 01 00 00 49 83
0x00007ffa47cc6f96:   f8 02 74 b2 49 83 f8 03 0f 84 51 02 00 00 8b 02
0x00007ffa47cc6fa6:   89 01 48 83 c4 28 c3 0f b6 02 49 ff c8 88 01 48
0x00007ffa47cc6fb6:   ff c1 48 ff c2 e9 99 fe ff ff ff c8 83 f8 06 0f
0x00007ffa47cc6fc6:   87 20 ff ff ff 4c 8d 0d 2e 90 fe ff 41 8b 84 81
0x00007ffa47cc6fd6:   48 72 01 00 49 03 c1 ff e0 f3 0f 6f 42 a0 f3 0f
0x00007ffa47cc6fe6:   7f 41 a0 f3 0f 6f 42 b0 f3 0f 7f 41 b0 e9 cb fe
0x00007ffa47cc6ff6:   ff ff 4d 8b c8 49 c1 e9 07 49 6b c1 80 4c 03 c0
0x00007ffa47cc7006:   f3 0f 6f 02 48 83 ea 80 48 83 e9 80 f3 0f 6f 4a
0x00007ffa47cc7016:   90 f3 0f 6f 52 a0 f3 0f 6f 5a b0 f3 0f 6f 62 c0
0x00007ffa47cc7026:   f3 0f 6f 6a d0 f3 0f 6f 72 e0 f3 0f 6f 7a f0 f3
0x00007ffa47cc7036:   0f 7f 41 80 f3 0f 7f 49 90 f3 0f 7f 51 a0 f3 0f
0x00007ffa47cc7046:   7f 59 b0 f3 0f 7f 61 c0 f3 0f 7f 69 d0 f3 0f 7f
0x00007ffa47cc7056:   71 e0 f3 0f 7f 79 f0 49 83 e9 01 0f 84 39 fe ff
0x00007ffa47cc7066:   ff eb 9d 49 81 f8 80 00 00 00 0f 83 c9 00 00 00
0x00007ffa47cc7076:   4d 8b d0 49 8b c0 49 83 e2 f0 48 c1 e8 04 49 03
0x00007ffa47cc7086:   ca 49 03 d2 48 83 f8 07 0f 87 57 fe ff ff 83 f8
0x00007ffa47cc7096:   07 0f 85 15 01 00 00 f3 0f 6f 42 90 f3 0f 7f 41 


Stack slot to memory mapping:

stack at sp + 0 slots: 0x000005669d3d2d9a is an unknown value
stack at sp + 1 slots: 0x0000000000001406 is an unknown value
stack at sp + 2 slots: 0x0000000000000700 is an unknown value
stack at sp + 3 slots: 0x00000284d70dbaa8 points into unknown readable memory: 0x00007ffa4879d090 | 90 d0 79 48 fa 7f 00 00
stack at sp + 4 slots: 0x0000000000000700 is an unknown value
stack at sp + 5 slots: 0x00007ffa47de5722 igxelpicd64.dll
stack at sp + 6 slots: 0x00000284d72da8c0 points into unknown readable memory: 0x00000284d7414700 | 00 47 41 d7 84 02 00 00
stack at sp + 7 slots: 0x0 is null


Compiled method (n/a)  116452 2830     n 0       org.lwjgl.opengl.GL11C::glClear (native)
 total in heap  [0x0000028487bdca10,0x0000028487bdcde0] = 976
 relocation     [0x0000028487bdcb70,0x0000028487bdcba8] = 56
 main code      [0x0000028487bdcbc0,0x0000028487bdcdd4] = 532
 stub code      [0x0000028487bdcdd4,0x0000028487bdcdd8] = 4
 oops           [0x0000028487bdcdd8,0x0000028487bdcde0] = 8

[Constant Pool (empty)]

[MachCode]
[Entry Point]
  # {method} {0x00000284d29fddf8} 'glClear' '(I)V' in 'org/lwjgl/opengl/GL11C'
  # parm0:    rdx       = int
  #           [sp+0x70]  (sp of caller)
  0x0000028487bdcbc0: 448b 5208 | 49bb 0000 | 0091 8402 | 0000 4d03 | d349 3bc2 | 0f84 0600 

  0x0000028487bdcbd8: ;   {runtime_call ic_miss_stub}
  0x0000028487bdcbd8: 0000 e9a1 | 1d9a ff90 
[Verified Entry Point]
  0x0000028487bdcbe0: 8984 2400 | 80ff ff55 | 488b ec48 | 83ec 6090 | 4181 7f20 | 0300 0000 

  0x0000028487bdcbf8: ;   {runtime_call StubRoutines (final stubs)}
  0x0000028487bdcbf8: 7405 e801 | 9698 ff4c 

  0x0000028487bdcc00: ;   {oop(a 'java/lang/Class'{0x0000000703aee238} = 'org/lwjgl/opengl/GL11C')}
  0x0000028487bdcc00: 8bc2 49be | 38e2 ae03 | 0700 0000 | 4c89 7424 | 504c 8d74 | 2450 498b | d6c5 f877 

  0x0000028487bdcc1c: ;   {internal_word}
  0x0000028487bdcc1c: 49ba 19cc | bd87 8402 | 0000 4d89 | 97a0 0300 | 0049 89a7 | 9803 0000 

  0x0000028487bdcc34: ;   {external_word}
  0x0000028487bdcc34: 49ba c925 | 78d7 fa7f | 0000 4180 | 3a00 0f84 | 4a00 0000 

  0x0000028487bdcc48: ;   {metadata({method} {0x00000284d29fddf8} 'glClear' '(I)V' in 'org/lwjgl/opengl/GL11C')}
  0x0000028487bdcc48: 5241 5048 | baf0 dd9f | d284 0200 | 0049 8bcf | 4883 ec20 | 40f6 c40f | 0f84 1900 | 0000 4883 
  0x0000028487bdcc68: ;   {runtime_call}
  0x0000028487bdcc68: ec08 48b8 | 30eb 28d7 | fa7f 0000 | ffd0 4883 | c408 e90c 

  0x0000028487bdcc7c: ;   {runtime_call}
  0x0000028487bdcc7c: 0000 0048 | b830 eb28 | d7fa 7f00 | 00ff d048 | 83c4 2041 | 585a 498d | 8fb8 0300 | 0041 c787 
  0x0000028487bdcc9c: 4c04 0000 | 0400 0000 

  0x0000028487bdcca4: ;   {runtime_call}
  0x0000028487bdcca4: 48b8 d0d1 | ced9 fa7f | 0000 ffd0 | c5f8 7741 | c787 4c04 | 0000 0500 | 0000 f083 | 4424 c000 
  0x0000028487bdccc4: 493b af50 | 0400 000f | 870e 0000 | 0041 83bf | 4804 0000 | 000f 8423 | 0000 00c5 | f877 498b 
  0x0000028487bdcce4: cf4c 8be4 | 4883 ec20 | 4883 e4f0 

  0x0000028487bdccf0: ;   {runtime_call}
  0x0000028487bdccf0: 48b8 c0be | f4d6 fa7f | 0000 ffd0 | 498b e44d | 33e4 41c7 | 874c 0400 | 0008 0000 | 0041 83bf 
  0x0000028487bdcd10: c804 0000 | 020f 8494 

  0x0000028487bdcd18: ;   {external_word}
  0x0000028487bdcd18: 0000 0049 | bac9 2578 | d7fa 7f00 | 0041 803a | 000f 8444 

  0x0000028487bdcd2c: ;   {metadata({method} {0x00000284d29fddf8} 'glClear' '(I)V' in 'org/lwjgl/opengl/GL11C')}
  0x0000028487bdcd2c: 0000 0048 | baf0 dd9f | d284 0200 | 0049 8bcf | 4883 ec20 | 40f6 c40f | 0f84 1900 | 0000 4883 
  0x0000028487bdcd4c: ;   {runtime_call}
  0x0000028487bdcd4c: ec08 48b8 | 30eb 28d7 | fa7f 0000 | ffd0 4883 | c408 e90c 

  0x0000028487bdcd60: ;   {runtime_call}
  0x0000028487bdcd60: 0000 0048 | b830 eb28 | d7fa 7f00 | 00ff d048 | 83c4 2049 | c787 9803 | 0000 0000 | 0000 49c7 
  0x0000028487bdcd80: 87a0 0300 | 0000 0000 | 00c5 f877 | 498b 8f28 | 0400 00c7 | 8100 0100 | 0000 0000 | 00c9 4983 
  0x0000028487bdcda0: 7f08 000f | 8501 0000 

  0x0000028487bdcda8: ;   {runtime_call StubRoutines (initial stubs)}
  0x0000028487bdcda8: 00c3 e951 | 4195 ffc5 | f877 4c8b | e448 83ec | 2048 83e4 

  0x0000028487bdcdbc: ;   {runtime_call}
  0x0000028487bdcdbc: f048 b860 | 2329 d7fa | 7f00 00ff | d049 8be4 | 4d33 e4e9 | 47ff ffff 
[Stub Code]
  0x0000028487bdcdd4: f4f4 f4f4 
[/MachCode]


Compiled method (c2)  116458 3070       4       com.bedrye.bjge.GameEngine.Objects.Scene::preRender (67 bytes)
 total in heap  [0x0000028487c15810,0x0000028487c160e8] = 2264
 relocation     [0x0000028487c15970,0x0000028487c15a10] = 160
 main code      [0x0000028487c15a20,0x0000028487c15c70] = 592
 stub code      [0x0000028487c15c70,0x0000028487c15ce0] = 112
 oops           [0x0000028487c15ce0,0x0000028487c15d10] = 48
 metadata       [0x0000028487c15d10,0x0000028487c15db8] = 168
 scopes data    [0x0000028487c15db8,0x0000028487c15ee0] = 296
 scopes pcs     [0x0000028487c15ee0,0x0000028487c15ff0] = 272
 dependencies   [0x0000028487c15ff0,0x0000028487c16018] = 40
 handler table  [0x0000028487c16018,0x0000028487c160c0] = 168
 nul chk table  [0x0000028487c160c0,0x0000028487c160e8] = 40

[Constant Pool (empty)]

[MachCode]
[Entry Point]
  # {method} {0x00000284d2419628} 'preRender' '()V' in 'com/bedrye/bjge/GameEngine/Objects/Scene'
  #           [sp+0x40]  (sp of caller)
  0x0000028487c15a20: 448b 5208 | 49bb 0000 | 0091 8402 | 0000 4d03 | d349 3bc2 

  0x0000028487c15a34: ;   {runtime_call ic_miss_stub}
  0x0000028487c15a34: 0f85 468f | 96ff 6690 | 0f1f 4000 
[Verified Entry Point]
  0x0000028487c15a40: 8984 2400 | 80ff ff55 | 4883 ec30 | 4181 7f20 | 0300 0000 | 0f85 0802 | 0000 4889 | 1424 ba00 
  0x0000028487c15a60: ;   {static_call}
  0x0000028487c15a60: 4000 00e8 

  0x0000028487c15a64: ; ImmutableOopMap {[0]=Oop }
                      ;*invokestatic glClear {reexecute=0 rethrow=0 return_oop=0}
                      ; - org.lwjgl.opengl.GL11::glClear@1 (line 992)
                      ; - com.bedrye.bjge.GameEngine.Objects.Scene::preRender@3 (line 118)
  0x0000028487c15a64: 7871 fcff 

  0x0000028487c15a68: ;   {other}
  0x0000028487c15a68: 0f1f 8400 | 5802 0000 | 4c8b 1424 | 458b 5218 

  0x0000028487c15a78: ; implicit exception: dispatches to 0x0000028487c15bfb
  0x0000028487c15a78: 438b 54d4 

  0x0000028487c15a7c: ;   {static_call}
  0x0000028487c15a7c: 1466 90e8 

  0x0000028487c15a80: ; ImmutableOopMap {[0]=Oop }
                      ;*invokestatic glUseProgram {reexecute=0 rethrow=0 return_oop=0}
                      ; - org.lwjgl.opengl.GL20::glUseProgram@1 (line 398)
                      ; - com.bedrye.bjge.GameEngine.Util.Shaders.BasicProgramShader::Run@4 (line 57)
                      ; - com.bedrye.bjge.GameEngine.Objects.Scene::preRender@10 (line 119)
  0x0000028487c15a80: 5c57 fbff 

  0x0000028487c15a84: ;   {other}
  0x0000028487c15a84: 0f1f 8400 | 7402 0001 | 4c8b 1424 | 458b 5218 | 4585 d20f | 84d1 0000 | 004b 8d14 

  0x0000028487c15aa0: ;   {oop("directionalLight.intensity"{0x00000007048105f8})}
  0x0000028487c15aa0: d449 b8f8 | 0581 0407 

  0x0000028487c15aa8: ;   {optimized virtual_call}
  0x0000028487c15aa8: 0000 00e8 

  0x0000028487c15aac: ; ImmutableOopMap {[0]=Oop }
                      ;*invokevirtual getKey {reexecute=0 rethrow=0 return_oop=0}
                      ; - com.bedrye.bjge.GameEngine.Util.Shaders.ShaderProgram::uploadFloat@2 (line 77)
                      ; - com.bedrye.bjge.GameEngine.Objects.Scene::preRender@23 (line 120)
  0x0000028487c15aac: 10c0 fdff 

  0x0000028487c15ab0: ;   {other}
  0x0000028487c15ab0: 0f1f 8400 | a002 0002 | 8bd0 c5f8 

  0x0000028487c15abc: ;   {static_call}
  0x0000028487c15abc: 57c0 90e8 

  0x0000028487c15ac0: ; ImmutableOopMap {[0]=Oop }
                      ;*invokestatic glUniform1f {reexecute=0 rethrow=0 return_oop=0}
                      ; - org.lwjgl.opengl.GL20::glUniform1f@2 (line 425)
                      ; - com.bedrye.bjge.GameEngine.Util.Shaders.ShaderProgram::uploadFloat@11 (line 78)
                      ; - com.bedrye.bjge.GameEngine.Objects.Scene::preRender@23 (line 120)
  0x0000028487c15ac0: 1cf9 fcff 

  0x0000028487c15ac4: ;   {other}
  0x0000028487c15ac4: 0f1f 8400 | b402 0003 

  0x0000028487c15acc: ;   {oop(a 'java/lang/Class'{0x00000007038012d8} = 'com/bedrye/bjge/GameEngine/EngineWindowManager')}
  0x0000028487c15acc: 49ba d812 | 8003 0700 | 0000 418b | 6a70 458b | 5cec 4847 | 8b54 dc18 | 4585 d20f | 8493 0000 
  0x0000028487c15aec: 004b 8d14 

  0x0000028487c15af0: ;   {oop("ambientLight"{0x00000007048105c0})}
  0x0000028487c15af0: d449 b8c0 | 0581 0407 

  0x0000028487c15af8: ;   {optimized virtual_call}
  0x0000028487c15af8: 0000 00e8 

  0x0000028487c15afc: ; ImmutableOopMap {[0]=Oop }
                      ;*invokevirtual getKey {reexecute=0 rethrow=0 return_oop=0}
                      ; - com.bedrye.bjge.GameEngine.Util.Shaders.ShaderProgram::uploadVec3f@2 (line 67)
                      ; - com.bedrye.bjge.GameEngine.Objects.Scene::preRender@44 (line 121)
  0x0000028487c15afc: c0bf fdff 

  0x0000028487c15b00: ;   {other}
  0x0000028487c15b00: 0f1f 8400 | f002 0004 | 8bd0 c5f8 | 57c0 c5f0 | 57c9 c5e8 

  0x0000028487c15b14: ;   {static_call}
  0x0000028487c15b14: 57d2 90e8 

  0x0000028487c15b18: ; ImmutableOopMap {[0]=Oop }
                      ;*invokestatic glUniform3f {reexecute=0 rethrow=0 return_oop=0}
                      ; - org.lwjgl.opengl.GL20::glUniform3f@4 (line 456)
                      ; - com.bedrye.bjge.GameEngine.Util.Shaders.ShaderProgram::uploadVec3f@19 (line 68)
                      ; - com.bedrye.bjge.GameEngine.Objects.Scene::preRender@44 (line 121)
  0x0000028487c15b18: c474 fcff 

  0x0000028487c15b1c: ;   {other}
  0x0000028487c15b1c: 0f1f 8400 | 0c03 0005 | bac0 8400 

  0x0000028487c15b28: ;   {static_call}
  0x0000028487c15b28: 0066 90e8 

  0x0000028487c15b2c: ; ImmutableOopMap {[0]=Oop }
                      ;*invokestatic glActiveTexture {reexecute=0 rethrow=0 return_oop=0}
                      ; - org.lwjgl.opengl.GL13::glActiveTexture@1 (line 570)
                      ; - com.bedrye.bjge.GameEngine.Objects.Scene::preRender@49 (line 122)
  0x0000028487c15b2c: b05d fbff 

  0x0000028487c15b30: ;   {other}
  0x0000028487c15b30: 0f1f 8400 | 2003 0006 | 4c8b 1424 | 418b 6a14 

  0x0000028487c15b40: ; implicit exception: dispatches to 0x0000028487c15c24
  0x0000028487c15b40: 458b 5cec 

  0x0000028487c15b44: ;   {metadata('java/util/ArrayList')}
  0x0000028487c15b44: 0841 81fb | 48ad 0b00 | 7546 4d8d | 14ec 458b | 4210 4585 | c07f 4d48 | 83c4 305d 

  0x0000028487c15b60: ;   {poll_return}
  0x0000028487c15b60: 493b a750 | 0400 000f | 87df 0000 | 00c3 baf6 

  0x0000028487c15b70: ;   {runtime_call UncommonTrapBlob}
  0x0000028487c15b70: ffff ffe8 

  0x0000028487c15b74: ; ImmutableOopMap {}
                      ;*invokevirtual uploadFloat {reexecute=0 rethrow=0 return_oop=0}
                      ; - com.bedrye.bjge.GameEngine.Objects.Scene::preRender@23 (line 120)
  0x0000028487c15b74: 8821 97ff 

  0x0000028487c15b78: ;   {other}
  0x0000028487c15b78: 0f1f 8400 | 6803 0007 | baf6 ffff 

  0x0000028487c15b84: ;   {runtime_call UncommonTrapBlob}
  0x0000028487c15b84: ff66 90e8 

  0x0000028487c15b88: ; ImmutableOopMap {}
                      ;*invokevirtual uploadVec3f {reexecute=0 rethrow=0 return_oop=0}
                      ; - com.bedrye.bjge.GameEngine.Objects.Scene::preRender@44 (line 121)
  0x0000028487c15b88: 7421 97ff 

  0x0000028487c15b8c: ;   {other}
  0x0000028487c15b8c: 0f1f 8400 | 7c03 0008 | bade ffff 

  0x0000028487c15b98: ;   {runtime_call UncommonTrapBlob}
  0x0000028487c15b98: ff66 90e8 

  0x0000028487c15b9c: ; ImmutableOopMap {rbp=NarrowOop }
                      ;*invokeinterface forEach {reexecute=0 rethrow=0 return_oop=0}
                      ; - com.bedrye.bjge.GameEngine.Objects.Scene::preRender@61 (line 123)
  0x0000028487c15b9c: 6021 97ff 

  0x0000028487c15ba0: ;   {other}
  0x0000028487c15ba0: 0f1f 8400 | 9003 0009 | 458b 5a14 | 418b 6a0c | ba45 ffff | ff4c 8914 | 2444 895c | 2408 4489 
  0x0000028487c15bc0: ;   {runtime_call UncommonTrapBlob}
  0x0000028487c15bc0: 4424 10e8 

  0x0000028487c15bc4: ; ImmutableOopMap {[0]=Oop [8]=NarrowOop }
                      ;*if_icmpge {reexecute=1 rethrow=0 return_oop=0}
                      ; - (reexecute) java.util.ArrayList::forEach@36 (line 1595)
                      ; - com.bedrye.bjge.GameEngine.Objects.Scene::preRender@61 (line 123)
  0x0000028487c15bc4: 3821 97ff 

  0x0000028487c15bc8: ;   {other}
  0x0000028487c15bc8: 0f1f 8400 | b803 000a | 488b d0eb | 1c48 8bd0 | eb17 488b | d0eb 1248 | 8bd0 eb0d | 488b d0eb 
  0x0000028487c15be8: 0848 8bd0 | eb03 488b | d048 83c4 

  0x0000028487c15bf4: ;   {runtime_call _rethrow_Java}
  0x0000028487c15bf4: 305d e905 | dba4 ffba | f6ff ffff 

  0x0000028487c15c00: ;   {runtime_call UncommonTrapBlob}
  0x0000028487c15c00: 6666 90e8 

  0x0000028487c15c04: ; ImmutableOopMap {}
                      ;*invokevirtual Run {reexecute=0 rethrow=0 return_oop=0}
                      ; - com.bedrye.bjge.GameEngine.Objects.Scene::preRender@10 (line 119)
  0x0000028487c15c04: f820 97ff 

  0x0000028487c15c08: ;   {other}
  0x0000028487c15c08: 0f1f 8400 | f803 000b | baf6 ffff 

  0x0000028487c15c14: ;   {runtime_call UncommonTrapBlob}
  0x0000028487c15c14: ff66 90e8 

  0x0000028487c15c18: ; ImmutableOopMap {}
                      ;*invokevirtual getShaderProgram {reexecute=0 rethrow=0 return_oop=0}
                      ; - com.bedrye.bjge.GameEngine.Objects.Scene::preRender@32 (line 121)
  0x0000028487c15c18: e420 97ff 

  0x0000028487c15c1c: ;   {other}
  0x0000028487c15c1c: 0f1f 8400 | 0c04 000c | baf6 ffff 

  0x0000028487c15c28: ;   {runtime_call UncommonTrapBlob}
  0x0000028487c15c28: ff66 90e8 

  0x0000028487c15c2c: ; ImmutableOopMap {}
                      ;*invokeinterface forEach {reexecute=0 rethrow=0 return_oop=0}
                      ; - com.bedrye.bjge.GameEngine.Objects.Scene::preRender@61 (line 123)
  0x0000028487c15c2c: d020 97ff 

  0x0000028487c15c30: ;   {other}
  0x0000028487c15c30: 0f1f 8400 | 2004 000d | ba45 ffff 

  0x0000028487c15c3c: ;   {runtime_call UncommonTrapBlob}
  0x0000028487c15c3c: ff66 90e8 

  0x0000028487c15c40: ; ImmutableOopMap {rbp=NarrowOop [0]=Oop }
                      ;*ifnonnull {reexecute=1 rethrow=0 return_oop=0}
                      ; - (reexecute) com.bedrye.bjge.GameEngine.EngineManager::getInstance@3 (line 107)
                      ; - com.bedrye.bjge.GameEngine.Objects.Scene::preRender@26 (line 121)
  0x0000028487c15c40: bc20 97ff 

  0x0000028487c15c44: ;   {other}
  0x0000028487c15c44: 0f1f 8400 | 3404 000e 

  0x0000028487c15c4c: ;   {internal_word}
  0x0000028487c15c4c: 49ba 605b | c187 8402 | 0000 4d89 | 9768 0400 

  0x0000028487c15c5c: ;   {runtime_call SafepointBlob}
  0x0000028487c15c5c: 00e9 1e0f 

  0x0000028487c15c60: ;   {runtime_call StubRoutines (final stubs)}
  0x0000028487c15c60: 97ff e899 | 0595 ffe9 | eefd ffff | f4f4 f4f4 
[Stub Code]
  0x0000028487c15c70: ;   {no_reloc}
  0x0000028487c15c70: 48bb 0000 | 0000 0000 

  0x0000028487c15c78: ;   {runtime_call}
  0x0000028487c15c78: 0000 e9fb 

  0x0000028487c15c7c: ;   {static_stub}
  0x0000028487c15c7c: ffff ff48 | bb00 0000 | 0000 0000 

  0x0000028487c15c88: ;   {runtime_call}
  0x0000028487c15c88: 00e9 fbff 

  0x0000028487c15c8c: ;   {static_stub}
  0x0000028487c15c8c: ffff 48bb | 0000 0000 | 0000 0000 

  0x0000028487c15c98: ;   {runtime_call}
  0x0000028487c15c98: e9fb ffff 

  0x0000028487c15c9c: ;   {static_stub}
  0x0000028487c15c9c: ff48 bb00 | 0000 0000 

  0x0000028487c15ca4: ;   {runtime_call}
  0x0000028487c15ca4: 0000 00e9 | fbff ffff 

  0x0000028487c15cac: ;   {static_stub}
  0x0000028487c15cac: 48bb 0000 | 0000 0000 

  0x0000028487c15cb4: ;   {runtime_call}
  0x0000028487c15cb4: 0000 e9fb 

  0x0000028487c15cb8: ;   {static_stub}
  0x0000028487c15cb8: ffff ff48 | bb00 0000 | 0000 0000 

  0x0000028487c15cc4: ;   {runtime_call}
  0x0000028487c15cc4: 00e9 fbff 

  0x0000028487c15cc8: ;   {runtime_call ExceptionBlob}
  0x0000028487c15cc8: ffff e931 | 84a4 ffe8 | 0000 0000 | 4883 2c24 

  0x0000028487c15cd8: ;   {runtime_call DeoptimizationBlob}
  0x0000028487c15cd8: 05e9 4223 | 97ff f4f4 
[/MachCode]


---------------  P R O C E S S  ---------------

Threads class SMR info:
_java_thread_list=0x00000284d7bbd290, length=14, elements={
0x00000284ef75d560, 0x00000284fff85c00, 0x00000284fff86e00, 0x00000284fff8af30,
0x00000284fff8b990, 0x00000284fff8e400, 0x00000284fff8f600, 0x00000284fff95e20,
0x00000284fffadb60, 0x00000284d621b6f0, 0x00000284d6668570, 0x00000284d650e130,
0x00000284d76d9630, 0x00000284d638d4b0
}

Java Threads: ( => current thread )
=>0x00000284ef75d560 JavaThread "main"                              [_thread_in_native, id=17848, stack(0x000000ac15700000,0x000000ac15800000) (1024K)]
  0x00000284fff85c00 JavaThread "Reference Handler"          daemon [_thread_blocked, id=30216, stack(0x000000ac15f00000,0x000000ac16000000) (1024K)]
  0x00000284fff86e00 JavaThread "Finalizer"                  daemon [_thread_blocked, id=24236, stack(0x000000ac16000000,0x000000ac16100000) (1024K)]
  0x00000284fff8af30 JavaThread "Signal Dispatcher"          daemon [_thread_blocked, id=30688, stack(0x000000ac16100000,0x000000ac16200000) (1024K)]
  0x00000284fff8b990 JavaThread "Attach Listener"            daemon [_thread_blocked, id=29580, stack(0x000000ac16200000,0x000000ac16300000) (1024K)]
  0x00000284fff8e400 JavaThread "Service Thread"             daemon [_thread_blocked, id=23596, stack(0x000000ac16300000,0x000000ac16400000) (1024K)]
  0x00000284fff8f600 JavaThread "Monitor Deflation Thread"   daemon [_thread_blocked, id=27324, stack(0x000000ac16400000,0x000000ac16500000) (1024K)]
  0x00000284fff95e20 JavaThread "C2 CompilerThread0"         daemon [_thread_blocked, id=26680, stack(0x000000ac16500000,0x000000ac16600000) (1024K)]
  0x00000284fffadb60 JavaThread "C1 CompilerThread0"         daemon [_thread_blocked, id=28256, stack(0x000000ac16600000,0x000000ac16700000) (1024K)]
  0x00000284d621b6f0 JavaThread "Common-Cleaner"             daemon [_thread_blocked, id=6592, stack(0x000000ac16700000,0x000000ac16800000) (1024K)]
  0x00000284d6668570 JavaThread "Monitor Ctrl-Break"         daemon [_thread_in_native, id=6868, stack(0x000000ac16a00000,0x000000ac16b00000) (1024K)]
  0x00000284d650e130 JavaThread "Notification Thread"        daemon [_thread_blocked, id=16360, stack(0x000000ac16b00000,0x000000ac16c00000) (1024K)]
  0x00000284d76d9630 JavaThread "FileSystemWatchService"     daemon [_thread_in_native, id=28560, stack(0x000000ac16900000,0x000000ac16a00000) (1024K)]
  0x00000284d638d4b0 JavaThread "BJE-Asset-Watcher"          daemon [_thread_blocked, id=5900, stack(0x000000ac17800000,0x000000ac17900000) (1024K)]
Total: 14

Other Threads:
  0x00000284ef745d40 VMThread "VM Thread"                           [id=29808, stack(0x000000ac15e00000,0x000000ac15f00000) (1024K)]
  0x00000284fff4ee30 WatcherThread "VM Periodic Task Thread"        [id=23892, stack(0x000000ac15d00000,0x000000ac15e00000) (1024K)]
  0x00000284ef744780 WorkerThread "GC Thread#0"                     [id=9564, stack(0x000000ac15800000,0x000000ac15900000) (1024K)]
  0x00000284ef744b20 WorkerThread "GC Thread#1"                     [id=24784, stack(0x000000ac16c00000,0x000000ac16d00000) (1024K)]
  0x00000284ef745600 WorkerThread "GC Thread#2"                     [id=8344, stack(0x000000ac16d00000,0x000000ac16e00000) (1024K)]
  0x00000284ef744ec0 WorkerThread "GC Thread#3"                     [id=16472, stack(0x000000ac16e00000,0x000000ac16f00000) (1024K)]
  0x00000284ef745260 WorkerThread "GC Thread#4"                     [id=8396, stack(0x000000ac16f00000,0x000000ac17000000) (1024K)]
  0x00000284d69afb30 WorkerThread "GC Thread#5"                     [id=27680, stack(0x000000ac17000000,0x000000ac17100000) (1024K)]
  0x00000284d69b09b0 WorkerThread "GC Thread#6"                     [id=25984, stack(0x000000ac17100000,0x000000ac17200000) (1024K)]
  0x00000284d69b1bd0 WorkerThread "GC Thread#7"                     [id=21236, stack(0x000000ac17900000,0x000000ac17a00000) (1024K)]
  0x00000284d69b1f70 WorkerThread "GC Thread#8"                     [id=26100, stack(0x000000ac17a00000,0x000000ac17b00000) (1024K)]
  0x00000284d69af790 WorkerThread "GC Thread#9"                     [id=27908, stack(0x000000ac17b00000,0x000000ac17c00000) (1024K)]
  0x00000284f12c9950 ConcurrentGCThread "G1 Main Marker"            [id=4344, stack(0x000000ac15900000,0x000000ac15a00000) (1024K)]
  0x00000284ef7443e0 WorkerThread "G1 Conc#0"                       [id=2116, stack(0x000000ac15a00000,0x000000ac15b00000) (1024K)]
  0x00000284d69b3190 WorkerThread "G1 Conc#1"                       [id=28872, stack(0x000000ac16800000,0x000000ac16900000) (1024K)]
  0x00000284d69b0270 WorkerThread "G1 Conc#2"                       [id=15972, stack(0x000000ac17700000,0x000000ac17800000) (1024K)]
  0x00000284ffe236d0 ConcurrentGCThread "G1 Refine#0"               [id=7136, stack(0x000000ac15b00000,0x000000ac15c00000) (1024K)]
  0x00000284ffe23ef0 ConcurrentGCThread "G1 Service"                [id=14496, stack(0x000000ac15c00000,0x000000ac15d00000) (1024K)]
Total: 18

Threads with active compile tasks:
Total: 0

VM state: not at safepoint (normal execution)

VM Mutex/Monitor currently owned by a thread: None

Heap address: 0x0000000703600000, size: 4042 MB, Compressed Oops mode: Zero based, Oop shift amount: 3

CDS archive(s) mapped at: [0x0000028491000000-0x0000028491c90000-0x0000028491c90000), size 13172736, SharedBaseAddress: 0x0000028491000000, ArchiveRelocationMode: 1.
Compressed class space mapped at: 0x0000028492000000-0x00000284d2000000, reserved size: 1073741824
Narrow klass base: 0x0000028491000000, Narrow klass shift: 0, Narrow klass range: 0x100000000

GC Precious Log:
 CardTable entry size: 512
 Card Set container configuration: InlinePtr #cards 4 size 8 Array Of Cards #cards 16 size 48 Howl #buckets 8 coarsen threshold 3686 Howl Bitmap #cards 512 size 80 coarsen threshold 460 Card regions per heap region 1 cards per card region 4096
 CPUs: 12 total, 12 available
 Memory: 16163M
 Large Page Support: Disabled
 NUMA Support: Disabled
 Compressed Oops: Enabled (Zero based)
 Heap Region Size: 2M
 Heap Min Capacity: 8M
 Heap Initial Capacity: 254M
 Heap Max Capacity: 4042M
 Pre-touch: Disabled
 Parallel Workers: 10
 Concurrent Workers: 3
 Concurrent Refinement Workers: 10
 Periodic GC: Disabled

Heap:
 garbage-first heap   total 49152K, used 31830K [0x0000000703600000, 0x0000000800000000)
  region size 2048K, 14 young (28672K), 1 survivors (2048K)
 Metaspace       used 21514K, committed 21760K, reserved 1114112K
  class space    used 1927K, committed 2048K, reserved 1048576K

Heap Regions: E=young(eden), S=young(survivor), O=old, HS=humongous(starts), HC=humongous(continues), CS=collection set, F=free, TAMS=top-at-mark-start, PB=parsable bottom
|   0|0x0000000703600000, 0x0000000703600000, 0x0000000703800000|  0%| F|  |TAMS 0x0000000703600000| PB 0x0000000703600000| Untracked 
|   1|0x0000000703800000, 0x0000000703a00000, 0x0000000703a00000|100%| O|  |TAMS 0x0000000703800000| PB 0x0000000703800000| Untracked 
|   2|0x0000000703a00000, 0x0000000703c00000, 0x0000000703c00000|100%| O|  |TAMS 0x0000000703a00000| PB 0x0000000703a00000| Untracked 
|   3|0x0000000703c00000, 0x0000000703ddd800, 0x0000000703e00000| 93%| O|  |TAMS 0x0000000703c00000| PB 0x0000000703c00000| Untracked 
|   4|0x0000000703e00000, 0x0000000703e00000, 0x0000000704000000|  0%| F|  |TAMS 0x0000000703e00000| PB 0x0000000703e00000| Untracked 
|   5|0x0000000704000000, 0x0000000704000000, 0x0000000704200000|  0%| F|  |TAMS 0x0000000704000000| PB 0x0000000704000000| Untracked 
|   6|0x0000000704200000, 0x0000000704200000, 0x0000000704400000|  0%| F|  |TAMS 0x0000000704200000| PB 0x0000000704200000| Untracked 
|   7|0x0000000704400000, 0x0000000704400000, 0x0000000704600000|  0%| F|  |TAMS 0x0000000704400000| PB 0x0000000704400000| Untracked 
|   8|0x0000000704600000, 0x0000000704600000, 0x0000000704800000|  0%| F|  |TAMS 0x0000000704600000| PB 0x0000000704600000| Untracked 
|   9|0x0000000704800000, 0x0000000704938078, 0x0000000704a00000| 60%| S|CS|TAMS 0x0000000704800000| PB 0x0000000704800000| Complete 
|  10|0x0000000704a00000, 0x0000000704a00000, 0x0000000704c00000|  0%| F|  |TAMS 0x0000000704a00000| PB 0x0000000704a00000| Untracked 
|  11|0x0000000704c00000, 0x0000000704dfad00, 0x0000000704e00000| 98%| E|  |TAMS 0x0000000704c00000| PB 0x0000000704c00000| Complete 
|  12|0x0000000704e00000, 0x0000000705000000, 0x0000000705000000|100%| E|CS|TAMS 0x0000000704e00000| PB 0x0000000704e00000| Complete 
|  13|0x0000000705000000, 0x0000000705200000, 0x0000000705200000|100%| E|CS|TAMS 0x0000000705000000| PB 0x0000000705000000| Complete 
|  14|0x0000000705200000, 0x0000000705400000, 0x0000000705400000|100%| E|CS|TAMS 0x0000000705200000| PB 0x0000000705200000| Complete 
|  15|0x0000000705400000, 0x0000000705600000, 0x0000000705600000|100%| E|CS|TAMS 0x0000000705400000| PB 0x0000000705400000| Complete 
|  16|0x0000000705600000, 0x0000000705800000, 0x0000000705800000|100%| E|CS|TAMS 0x0000000705600000| PB 0x0000000705600000| Complete 
|  17|0x0000000705800000, 0x0000000705a00000, 0x0000000705a00000|100%| E|CS|TAMS 0x0000000705800000| PB 0x0000000705800000| Complete 
|  18|0x0000000705a00000, 0x0000000705c00000, 0x0000000705c00000|100%| E|CS|TAMS 0x0000000705a00000| PB 0x0000000705a00000| Complete 
| 121|0x0000000712800000, 0x0000000712a00000, 0x0000000712a00000|100%| E|CS|TAMS 0x0000000712800000| PB 0x0000000712800000| Complete 
| 122|0x0000000712a00000, 0x0000000712c00000, 0x0000000712c00000|100%| E|CS|TAMS 0x0000000712a00000| PB 0x0000000712a00000| Complete 
| 123|0x0000000712c00000, 0x0000000712e00000, 0x0000000712e00000|100%| E|CS|TAMS 0x0000000712c00000| PB 0x0000000712c00000| Complete 
| 124|0x0000000712e00000, 0x0000000713000000, 0x0000000713000000|100%| E|CS|TAMS 0x0000000712e00000| PB 0x0000000712e00000| Complete 
| 126|0x0000000713200000, 0x0000000713400000, 0x0000000713400000|100%| E|CS|TAMS 0x0000000713200000| PB 0x0000000713200000| Complete 

Card table byte_map: [0x00000284fab60000,0x00000284fb350000] _byte_map_base: 0x00000284f7345000

Marking Bits: (CMBitMap*) 0x00000284f12b93e0
 Bits: [0x00000284fb350000, 0x00000284ff278000)

Polling page: 0x00000284ef9b0000

Metaspace:

Usage:
  Non-class:     19.13 MB used.
      Class:      1.88 MB used.
       Both:     21.01 MB used.

Virtual space:
  Non-class space:       64.00 MB reserved,      19.25 MB ( 30%) committed,  1 nodes.
      Class space:        1.00 GB reserved,       2.00 MB ( <1%) committed,  1 nodes.
             Both:        1.06 GB reserved,      21.25 MB (  2%) committed. 

Chunk freelists:
   Non-Class:  12.14 MB
       Class:  13.91 MB
        Both:  26.05 MB

MaxMetaspaceSize: unlimited
CompressedClassSpaceSize: 1.00 GB
Initial GC threshold: 21.00 MB
Current GC threshold: 35.12 MB
CDS: on
 - commit_granule_bytes: 65536.
 - commit_granule_words: 8192.
 - virtual_space_node_default_size: 8388608.
 - enlarge_chunks_in_place: 1.
 - use_allocation_guard: 0.


Internal statistics:

num_allocs_failed_limit: 3.
num_arena_births: 166.
num_arena_deaths: 0.
num_vsnodes_births: 2.
num_vsnodes_deaths: 0.
num_space_committed: 338.
num_space_uncommitted: 0.
num_chunks_returned_to_freelist: 3.
num_chunks_taken_from_freelist: 814.
num_chunk_merges: 3.
num_chunk_splits: 612.
num_chunks_enlarged: 508.
num_inconsistent_stats: 0.

CodeHeap 'non-profiled nmethods': size=120000Kb used=1341Kb max_used=1341Kb free=118658Kb
 bounds [0x0000028487ad0000, 0x0000028487d40000, 0x000002848f000000]
CodeHeap 'profiled nmethods': size=120000Kb used=5185Kb max_used=5185Kb free=114814Kb
 bounds [0x0000028480000000, 0x0000028480520000, 0x0000028487530000]
CodeHeap 'non-nmethods': size=5760Kb used=2961Kb max_used=3002Kb free=2798Kb
 bounds [0x0000028487530000, 0x0000028487830000, 0x0000028487ad0000]
 total_blobs=4508 nmethods=3077 adapters=1335
 compilation: enabled
              stopped_count=0, restarted_count=0
 full_count=0

Compilation events (20 events):
Event: 62.194 Thread 0x00000284fff95e20 3069       4       com.bedrye.bjge.GameEngine.Listeners.MouseListener::isHold (38 bytes)
Event: 62.194 Thread 0x00000284fffac6f0 3070       4       com.bedrye.bjge.GameEngine.Objects.Scene::preRender (67 bytes)
Event: 62.194 Thread 0x00000284fffaabb0 3071       4       com.bedrye.bjge.GameEngine.Objects.BJEEditorScene::render (52 bytes)
Event: 62.195 Thread 0x00000284fff95e20 nmethod 3069 0x0000028487c15510 code [0x0000028487c156a0, 0x0000028487c15770]
Event: 62.195 Thread 0x00000284fff95e20 3072       4       com.bedrye.bjge.GameEngine.Objects.Camera::render (55 bytes)
Event: 62.197 Thread 0x00000284fffac6f0 nmethod 3070 0x0000028487c15810 code [0x0000028487c15a20, 0x0000028487c15ce0]
Event: 62.197 Thread 0x00000284fffac6f0 3073       4       com.bedrye.bjge.GameEngine.Objects.BJEEditorScene::renderGizmos (93 bytes)
Event: 62.198 Thread 0x00000284fffac6f0 nmethod 3073 0x0000028487c16110 code [0x0000028487c162e0, 0x0000028487c16478]
Event: 62.198 Thread 0x00000284fffac6f0 3074       4       com.bedrye.bjge.GameEngine.Util.BJEFrameBuffer::unbind (7 bytes)
Event: 62.199 Thread 0x00000284fffac6f0 nmethod 3074 0x0000028487c16690 code [0x0000028487c16820, 0x0000028487c168d8]
Event: 62.232 Thread 0x00000284fff95e20 nmethod 3072 0x0000028487c16990 code [0x0000028487c16d60, 0x0000028487c18f60]
Event: 62.245 Thread 0x00000284fffaabb0 nmethod 3071 0x0000028487c1a210 code [0x0000028487c1a6a0, 0x0000028487c1cbc0]
Event: 69.317 Thread 0x00000284fff95e20 3075       4       com.bedrye.bjge.GameEngine.Objects.Editor.BJEResourceManager::update (25 bytes)
Event: 69.317 Thread 0x00000284fffac6f0 3076       4       java.util.concurrent.ConcurrentSkipListSet::clear (10 bytes)
Event: 69.318 Thread 0x00000284fffac6f0 nmethod 3076 0x0000028487c1e310 code [0x0000028487c1e4a0, 0x0000028487c1e588]
Event: 69.318 Thread 0x00000284fffac6f0 3077       4       java.util.concurrent.ConcurrentSkipListMap::clear (146 bytes)
Event: 69.319 Thread 0x00000284fffac6f0 nmethod 3077 0x0000028487c1e690 code [0x0000028487c1e820, 0x0000028487c1e8d0]
Event: 69.319 Thread 0x00000284fffac6f0 3078       4       org.lwjgl.glfw.GLFW::glfwSwapBuffers (21 bytes)
Event: 69.319 Thread 0x00000284fffac6f0 nmethod 3078 0x0000028487c1e990 code [0x0000028487c1eb20, 0x0000028487c1ebf0]
Event: 69.321 Thread 0x00000284fff95e20 nmethod 3075 0x0000028487c1ed10 code [0x0000028487c1eee0, 0x0000028487c1f140]

GC Heap History (10 events):
Event: 0.293 GC heap before
{Heap before GC invocations=0 (full 0):
 garbage-first heap   total 260096K, used 22528K [0x0000000703600000, 0x0000000800000000)
  region size 2048K, 11 young (22528K), 0 survivors (0K)
 Metaspace       used 3917K, committed 4096K, reserved 1114112K
  class space    used 336K, committed 448K, reserved 1048576K
}
Event: 0.295 GC heap after
{Heap after GC invocations=1 (full 0):
 garbage-first heap   total 260096K, used 2527K [0x0000000703600000, 0x0000000800000000)
  region size 2048K, 2 young (4096K), 2 survivors (4096K)
 Metaspace       used 3917K, committed 4096K, reserved 1114112K
  class space    used 336K, committed 448K, reserved 1048576K
}
Event: 1.440 GC heap before
{Heap before GC invocations=1 (full 0):
 garbage-first heap   total 260096K, used 39391K [0x0000000703600000, 0x0000000800000000)
  region size 2048K, 21 young (43008K), 2 survivors (4096K)
 Metaspace       used 19680K, committed 19904K, reserved 1114112K
  class space    used 1842K, committed 1920K, reserved 1048576K
}
Event: 1.445 GC heap after
{Heap after GC invocations=2 (full 0):
 garbage-first heap   total 260096K, used 6203K [0x0000000703600000, 0x0000000800000000)
  region size 2048K, 3 young (6144K), 3 survivors (6144K)
 Metaspace       used 19680K, committed 19904K, reserved 1114112K
  class space    used 1842K, committed 1920K, reserved 1048576K
}
Event: 1.569 GC heap before
{Heap before GC invocations=2 (full 0):
 garbage-first heap   total 260096K, used 8251K [0x0000000703600000, 0x0000000800000000)
  region size 2048K, 5 young (10240K), 3 survivors (6144K)
 Metaspace       used 21294K, committed 21504K, reserved 1114112K
  class space    used 1922K, committed 2048K, reserved 1048576K
}
Event: 1.572 GC heap after
{Heap after GC invocations=3 (full 0):
 garbage-first heap   total 260096K, used 6358K [0x0000000703600000, 0x0000000800000000)
  region size 2048K, 4 young (8192K), 4 survivors (8192K)
 Metaspace       used 21294K, committed 21504K, reserved 1114112K
  class space    used 1922K, committed 2048K, reserved 1048576K
}
Event: 44.990 GC heap before
{Heap before GC invocations=4 (full 0):
 garbage-first heap   total 40960K, used 37078K [0x0000000703600000, 0x0000000800000000)
  region size 2048K, 19 young (38912K), 4 survivors (8192K)
 Metaspace       used 21512K, committed 21760K, reserved 1114112K
  class space    used 1927K, committed 2048K, reserved 1048576K
}
Event: 44.996 GC heap after
{Heap after GC invocations=5 (full 0):
 garbage-first heap   total 49152K, used 7786K [0x0000000703600000, 0x0000000800000000)
  region size 2048K, 4 young (8192K), 4 survivors (8192K)
 Metaspace       used 21512K, committed 21760K, reserved 1114112K
  class space    used 1927K, committed 2048K, reserved 1048576K
}
Event: 75.131 GC heap before
{Heap before GC invocations=5 (full 0):
 garbage-first heap   total 49152K, used 28266K [0x0000000703600000, 0x0000000800000000)
  region size 2048K, 14 young (28672K), 4 survivors (8192K)
 Metaspace       used 21514K, committed 21760K, reserved 1114112K
  class space    used 1927K, committed 2048K, reserved 1048576K
}
Event: 75.136 GC heap after
{Heap after GC invocations=6 (full 0):
 garbage-first heap   total 49152K, used 7254K [0x0000000703600000, 0x0000000800000000)
  region size 2048K, 1 young (2048K), 1 survivors (2048K)
 Metaspace       used 21514K, committed 21760K, reserved 1114112K
  class space    used 1927K, committed 2048K, reserved 1048576K
}

Dll operation events (14 events):
Event: 0.007 Loaded shared library C:\Users\stas2\.jdks\openjdk-21.0.1\bin\java.dll
Event: 0.034 Loaded shared library C:\Users\stas2\.jdks\openjdk-21.0.1\bin\jsvml.dll
Event: 0.068 Loaded shared library C:\Users\stas2\.jdks\openjdk-21.0.1\bin\net.dll
Event: 0.069 Loaded shared library C:\Users\stas2\.jdks\openjdk-21.0.1\bin\nio.dll
Event: 0.074 Loaded shared library C:\Users\stas2\.jdks\openjdk-21.0.1\bin\zip.dll
Event: 0.175 Loaded shared library C:\Users\stas2\.jdks\openjdk-21.0.1\bin\zip.dll
Event: 0.178 Loaded shared library C:\Users\stas2\.jdks\openjdk-21.0.1\bin\instrument.dll
Event: 0.195 Loaded shared library C:\IntelliJ IDEA Community Edition 2021.3.2\IntelliJ IDEA Community Edition 2023.2.1\bin\breakgen64.dll
Event: 0.246 Loaded shared library C:\Users\stas2\.jdks\openjdk-21.0.1\bin\jimage.dll
Event: 0.366 Loaded shared library C:\Users\stas2\AppData\Local\Temp\lwjgl_stas2\3.3.4+7\x64\lwjgl.dll
Event: 0.548 Loaded shared library C:\Users\stas2\AppData\Local\Temp\lwjgl_stas2\3.3.4+7\x64\lwjgl_opengl.dll
Event: 0.813 Loaded shared library C:\Users\stas2\AppData\Local\Temp\imgui-java-natives\1.89.0\imgui-java64.dll
Event: 0.846 Loaded shared library C:\Users\stas2\.jdks\openjdk-21.0.1\bin\verify.dll
Event: 0.857 Loaded shared library C:\Users\stas2\AppData\Local\Temp\lwjgl_stas2\3.3.4+7\x64\lwjgl_stb.dll

Deoptimization events (20 events):
Event: 1.564 Thread 0x00000284ef75d560 Uncommon trap: trap_request=0xffffffde fr.pc=0x0000028487b89190 relative=0x0000000000000950
Event: 1.564 Thread 0x00000284ef75d560 Uncommon trap: reason=class_check action=maybe_recompile pc=0x0000028487b89190 method=java.util.HashMap.putVal(ILjava/lang/Object;Ljava/lang/Object;ZZ)Ljava/lang/Object; @ 253 c2
Event: 1.564 Thread 0x00000284ef75d560 DEOPT PACKING pc=0x0000028487b89190 sp=0x000000ac157feaf0
Event: 1.564 Thread 0x00000284ef75d560 DEOPT UNPACKING pc=0x0000028487587da2 sp=0x000000ac157fea28 mode 2
Event: 1.564 Thread 0x00000284ef75d560 Uncommon trap: trap_request=0xffffffde fr.pc=0x0000028487b89190 relative=0x0000000000000950
Event: 1.564 Thread 0x00000284ef75d560 Uncommon trap: reason=class_check action=maybe_recompile pc=0x0000028487b89190 method=java.util.HashMap.putVal(ILjava/lang/Object;Ljava/lang/Object;ZZ)Ljava/lang/Object; @ 253 c2
Event: 1.564 Thread 0x00000284ef75d560 DEOPT PACKING pc=0x0000028487b89190 sp=0x000000ac157feaf0
Event: 1.564 Thread 0x00000284ef75d560 DEOPT UNPACKING pc=0x0000028487587da2 sp=0x000000ac157fea28 mode 2
Event: 1.564 Thread 0x00000284ef75d560 Uncommon trap: trap_request=0xffffff45 fr.pc=0x0000028487b7a1bc relative=0x0000000000000c3c
Event: 1.564 Thread 0x00000284ef75d560 Uncommon trap: reason=unstable_if action=reinterpret pc=0x0000028487b7a1bc method=jdk.internal.org.objectweb.asm.SymbolTable.put(Ljdk/internal/org/objectweb/asm/SymbolTable$Entry;)Ljdk/internal/org/objectweb/asm/SymbolTable$Entry; @ 13 c2
Event: 1.564 Thread 0x00000284ef75d560 DEOPT PACKING pc=0x0000028487b7a1bc sp=0x000000ac157fe200
Event: 1.564 Thread 0x00000284ef75d560 DEOPT UNPACKING pc=0x0000028487587da2 sp=0x000000ac157fe138 mode 2
Event: 1.576 Thread 0x00000284ef75d560 Uncommon trap: trap_request=0xffffff54 fr.pc=0x0000028487b48a0c relative=0x000000000000006c
Event: 1.576 Thread 0x00000284ef75d560 Uncommon trap: reason=speculate_null_assert action=make_not_entrant pc=0x0000028487b48a0c method=sun.misc.Unsafe.getLong(Ljava/lang/Object;J)J @ 5 c2
Event: 1.576 Thread 0x00000284ef75d560 DEOPT PACKING pc=0x0000028487b48a0c sp=0x000000ac157fefc0
Event: 1.576 Thread 0x00000284ef75d560 DEOPT UNPACKING pc=0x0000028487587da2 sp=0x000000ac157fef48 mode 2
Event: 44.997 Thread 0x00000284ef75d560 Uncommon trap: trap_request=0xffffff45 fr.pc=0x0000028487bf7c98 relative=0x0000000000000e18
Event: 44.997 Thread 0x00000284ef75d560 Uncommon trap: reason=unstable_if action=reinterpret pc=0x0000028487bf7c98 method=java.nio.Bits.tryReserveMemory(JJ)Z @ 30 c2
Event: 44.997 Thread 0x00000284ef75d560 DEOPT PACKING pc=0x0000028487bf7c98 sp=0x000000ac157ff060
Event: 44.997 Thread 0x00000284ef75d560 DEOPT UNPACKING pc=0x0000028487587da2 sp=0x000000ac157feec8 mode 2

Classes loaded (20 events):
Event: 1.559 Loading class java/lang/reflect/ProxyGenerator$ProxyMethod
Event: 1.559 Loading class java/lang/reflect/ProxyGenerator$ProxyMethod done
Event: 1.560 Loading class java/lang/reflect/ProxyGenerator$PrimitiveTypeInfo
Event: 1.560 Loading class java/lang/reflect/ProxyGenerator$PrimitiveTypeInfo done
Event: 1.560 Loading class jdk/internal/org/objectweb/asm/Edge
Event: 1.560 Loading class jdk/internal/org/objectweb/asm/Edge done
Event: 1.561 Loading class java/lang/reflect/Proxy$ProxyBuilder$1
Event: 1.561 Loading class java/lang/reflect/Proxy$ProxyBuilder$1 done
Event: 1.561 Loading class java/lang/annotation/Target
Event: 1.561 Loading class java/lang/annotation/Target done
Event: 1.562 Loading class java/lang/reflect/UndeclaredThrowableException
Event: 1.562 Loading class java/lang/reflect/UndeclaredThrowableException done
Event: 1.567 Loading class java/lang/Class$AnnotationData
Event: 1.568 Loading class java/lang/Class$AnnotationData done
Event: 1.577 Loading class java/util/concurrent/ConcurrentSkipListMap$KeySet
Event: 1.577 Loading class java/util/concurrent/ConcurrentSkipListMap$KeySet done
Event: 1.577 Loading class java/util/concurrent/ConcurrentSkipListMap$KeyIterator
Event: 1.577 Loading class java/util/concurrent/ConcurrentSkipListMap$Iter
Event: 1.577 Loading class java/util/concurrent/ConcurrentSkipListMap$Iter done
Event: 1.577 Loading class java/util/concurrent/ConcurrentSkipListMap$KeyIterator done

Classes unloaded (0 events):
No events

Classes redefined (0 events):
No events

Internal exceptions (20 events):
Event: 0.856 Thread 0x00000284ef75d560 Exception <a 'sun/nio/fs/WindowsException'{0x00000007125dbc40}> (0x00000007125dbc40) 
thrown [s\open\src\hotspot\share\prims\jni.cpp, line 520]
Event: 0.857 Thread 0x00000284ef75d560 Exception <a 'sun/nio/fs/WindowsException'{0x00000007125ddfa0}> (0x00000007125ddfa0) 
thrown [s\open\src\hotspot\share\prims\jni.cpp, line 520]
Event: 1.000 Thread 0x00000284ef75d560 Exception <a 'java/lang/NoSuchMethodError'{0x000000071230b1a8}: 'int java.lang.invoke.DirectMethodHandle$Holder.invokeVirtual(java.lang.Object, java.lang.Object, java.lang.Object)'> (0x000000071230b1a8) 
thrown [s\open\src\hotspot\share\interpreter\linkResolver.cpp, line 773]
Event: 1.001 Thread 0x00000284ef75d560 Exception <a 'java/lang/NoSuchMethodError'{0x0000000712310c90}: 'void java.lang.invoke.DirectMethodHandle$Holder.invokeInterface(java.lang.Object, java.lang.Object, java.lang.Object)'> (0x0000000712310c90) 
thrown [s\open\src\hotspot\share\interpreter\linkResolver.cpp, line 773]
Event: 1.025 Thread 0x00000284fff8b990 Exception <a 'sun/nio/fs/WindowsException'{0x00000007120521a8}> (0x00000007120521a8) 
thrown [s\open\src\hotspot\share\prims\jni.cpp, line 520]
Event: 1.032 Thread 0x00000284fff8b990 Exception <a 'java/lang/NoSuchMethodError'{0x00000007120850c8}: 'java.lang.Object java.lang.invoke.Invokers$Holder.invokeExact_MT(java.lang.Object, java.lang.Object, java.lang.Object, java.lang.Object, java.lang.Object, java.lang.Object)'> (0x00000007120850c8) 
thrown [s\open\src\hotspot\share\interpreter\linkResolver.cpp, line 773]
Event: 1.054 Thread 0x00000284ef75d560 Exception <a 'java/lang/NoSuchMethodError'{0x00000007120dd048}: 'int java.lang.invoke.DirectMethodHandle$Holder.invokeStaticInit(java.lang.Object, java.lang.Object)'> (0x00000007120dd048) 
thrown [s\open\src\hotspot\share\interpreter\linkResolver.cpp, line 773]
Event: 1.104 Thread 0x00000284ef75d560 Exception <a 'java/lang/NoSuchMethodError'{0x00000007121ee4b8}: 'int java.lang.invoke.DirectMethodHandle$Holder.invokeVirtual(java.lang.Object, java.lang.Object)'> (0x00000007121ee4b8) 
thrown [s\open\src\hotspot\share\interpreter\linkResolver.cpp, line 773]
Event: 1.106 Thread 0x00000284ef75d560 Exception <a 'java/lang/NoSuchMethodError'{0x0000000711e101d0}: 'java.lang.Object java.lang.invoke.DirectMethodHandle$Holder.newInvokeSpecial(java.lang.Object, java.lang.Object, java.lang.Object, java.lang.Object, java.lang.Object)'> (0x0000000711e101d0) 
thrown [s\open\src\hotspot\share\interpreter\linkResolver.cpp, line 773]
Event: 1.107 Thread 0x00000284ef75d560 Exception <a 'java/lang/NoSuchMethodError'{0x0000000711e1cc18}: 'java.lang.Object java.lang.invoke.DirectMethodHandle$Holder.newInvokeSpecial(java.lang.Object, java.lang.Object, java.lang.Object, java.lang.Object, java.lang.Object, java.lang.Object)'> (0x0000000711e1cc18) 
thrown [s\open\src\hotspot\share\interpreter\linkResolver.cpp, line 773]
Event: 1.122 Thread 0x00000284ef75d560 Exception <a 'java/lang/NoSuchMethodError'{0x0000000711e68528}: 'int java.lang.invoke.DirectMethodHandle$Holder.invokeInterface(java.lang.Object, java.lang.Object)'> (0x0000000711e68528) 
thrown [s\open\src\hotspot\share\interpreter\linkResolver.cpp, line 773]
Event: 1.123 Thread 0x00000284ef75d560 Exception <a 'sun/nio/fs/WindowsException'{0x0000000711e6e080}> (0x0000000711e6e080) 
thrown [s\open\src\hotspot\share\prims\jni.cpp, line 520]
Event: 1.126 Thread 0x00000284ef75d560 Exception <a 'sun/nio/fs/WindowsException'{0x0000000711e75c38}> (0x0000000711e75c38) 
thrown [s\open\src\hotspot\share\prims\jni.cpp, line 520]
Event: 1.154 Thread 0x00000284ef75d560 Exception <a 'sun/nio/fs/WindowsException'{0x0000000711f2b758}> (0x0000000711f2b758) 
thrown [s\open\src\hotspot\share\prims\jni.cpp, line 520]
Event: 1.162 Thread 0x00000284ef75d560 Exception <a 'sun/nio/fs/WindowsException'{0x0000000711f811c8}> (0x0000000711f811c8) 
thrown [s\open\src\hotspot\share\prims\jni.cpp, line 520]
Event: 1.196 Thread 0x00000284ef75d560 Exception <a 'java/lang/NoSuchMethodError'{0x0000000711858a38}: 'java.lang.Object java.lang.invoke.DirectMethodHandle$Holder.invokeSpecial(java.lang.Object, java.lang.Object, java.lang.Object, int, int)'> (0x0000000711858a38) 
thrown [s\open\src\hotspot\share\interpreter\linkResolver.cpp, line 773]
Event: 1.197 Thread 0x00000284ef75d560 Exception <a 'java/lang/NoSuchMethodError'{0x000000071185eb18}: 'java.lang.Object java.lang.invoke.DirectMethodHandle$Holder.invokeVirtual(java.lang.Object, java.lang.Object, int)'> (0x000000071185eb18) 
thrown [s\open\src\hotspot\share\interpreter\linkResolver.cpp, line 773]
Event: 1.228 Thread 0x00000284ef75d560 Exception <a 'java/lang/NoSuchMethodError'{0x00000007119c0d58}: 'java.lang.Object java.lang.invoke.DirectMethodHandle$Holder.invokeStatic(java.lang.Object, int, java.lang.Object)'> (0x00000007119c0d58) 
thrown [s\open\src\hotspot\share\interpreter\linkResolver.cpp, line 773]
Event: 1.343 Thread 0x00000284ef75d560 Exception <a 'java/lang/NoSuchMethodError'{0x0000000710e99990}: 'java.lang.Object java.lang.invoke.DirectMethodHandle$Holder.invokeVirtual(java.lang.Object, java.lang.Object, java.lang.Object, int, int)'> (0x0000000710e99990) 
thrown [s\open\src\hotspot\share\interpreter\linkResolver.cpp, line 773]
Event: 1.362 Thread 0x00000284ef75d560 Exception <a 'java/lang/NoSuchMethodError'{0x0000000710c0c4a0}: 'int java.lang.invoke.DirectMethodHandle$Holder.invokeStatic(java.lang.Object, java.lang.Object, java.lang.Object, java.lang.Object)'> (0x0000000710c0c4a0) 
thrown [s\open\src\hotspot\share\interpreter\linkResolver.cpp, line 773]

ZGC Phase Switch (0 events):
No events

VM Operations (20 events):
Event: 9.660 Executing VM operation: Cleanup
Event: 9.660 Executing VM operation: Cleanup done
Event: 15.729 Executing VM operation: Cleanup
Event: 15.729 Executing VM operation: Cleanup done
Event: 21.777 Executing VM operation: Cleanup
Event: 21.777 Executing VM operation: Cleanup done
Event: 22.787 Executing VM operation: Cleanup
Event: 22.787 Executing VM operation: Cleanup done
Event: 38.988 Executing VM operation: Cleanup
Event: 38.988 Executing VM operation: Cleanup done
Event: 44.990 Executing VM operation: G1CollectForAllocation (G1 Evacuation Pause)
Event: 44.996 Executing VM operation: G1CollectForAllocation (G1 Evacuation Pause) done
Event: 48.019 Executing VM operation: Cleanup
Event: 48.019 Executing VM operation: Cleanup done
Event: 60.056 Executing VM operation: HandshakeAllThreads (HandshakeForDeflation)
Event: 60.056 Executing VM operation: HandshakeAllThreads (HandshakeForDeflation) done
Event: 60.056 Executing VM operation: RendezvousGCThreads
Event: 60.056 Executing VM operation: RendezvousGCThreads done
Event: 75.130 Executing VM operation: G1CollectForAllocation (G1 Evacuation Pause)
Event: 75.136 Executing VM operation: G1CollectForAllocation (G1 Evacuation Pause) done

Events (20 events):
Event: 0.113 Thread 0x00000284fffab280 Thread added: 0x00000284fffab280
Event: 0.124 Thread 0x00000284fffaabb0 Thread added: 0x00000284fffaabb0
Event: 0.195 Thread 0x00000284d6668570 Thread added: 0x00000284d6668570
Event: 0.195 Thread 0x00000284d650e130 Thread added: 0x00000284d650e130
Event: 0.541 Thread 0x00000284fffaabb0 Thread exited: 0x00000284fffaabb0
Event: 0.876 Thread 0x00000284d76d9630 Thread added: 0x00000284d76d9630
Event: 1.293 Thread 0x00000284fffaa4e0 Thread added: 0x00000284fffaa4e0
Event: 1.416 Thread 0x00000284d638d4b0 Thread added: 0x00000284d638d4b0
Event: 1.548 Thread 0x00000284fffaa4e0 Thread exited: 0x00000284fffaa4e0
Event: 1.548 Thread 0x00000284fffab280 Thread exited: 0x00000284fffab280
Event: 3.463 Thread 0x00000284fffaabb0 Thread added: 0x00000284fffaabb0
Event: 3.464 Thread 0x00000284fffab950 Thread added: 0x00000284fffab950
Event: 3.747 Thread 0x00000284fffab950 Thread exited: 0x00000284fffab950
Event: 3.893 Thread 0x00000284fffaabb0 Thread exited: 0x00000284fffaabb0
Event: 55.082 Thread 0x00000284fffab280 Thread added: 0x00000284fffab280
Event: 60.118 Thread 0x00000284fffab280 Thread exited: 0x00000284fffab280
Event: 62.194 Thread 0x00000284fffac6f0 Thread added: 0x00000284fffac6f0
Event: 62.194 Thread 0x00000284fffaabb0 Thread added: 0x00000284fffaabb0
Event: 67.203 Thread 0x00000284fffaabb0 Thread exited: 0x00000284fffaabb0
Event: 74.332 Thread 0x00000284fffac6f0 Thread exited: 0x00000284fffac6f0


Dynamic libraries:
0x00007ff7a7fe0000 - 0x00007ff7a7fee000 	C:\Users\stas2\.jdks\openjdk-21.0.1\bin\java.exe
0x00007ffaf71e0000 - 0x00007ffaf7448000 	C:\WINDOWS\SYSTEM32\ntdll.dll
0x00007ffaf5480000 - 0x00007ffaf5549000 	C:\WINDOWS\System32\KERNEL32.DLL
0x00007ffaf4610000 - 0x00007ffaf4a02000 	C:\WINDOWS\System32\KERNELBASE.dll
0x00007ffaf44c0000 - 0x00007ffaf460b000 	C:\WINDOWS\System32\ucrtbase.dll
0x00007ffada1d0000 - 0x00007ffada1eb000 	C:\Users\stas2\.jdks\openjdk-21.0.1\bin\VCRUNTIME140.dll
0x00007ffada1f0000 - 0x00007ffada208000 	C:\Users\stas2\.jdks\openjdk-21.0.1\bin\jli.dll
0x00007ffaf6150000 - 0x00007ffaf6315000 	C:\WINDOWS\System32\USER32.dll
0x00007ffaf4e00000 - 0x00007ffaf4e27000 	C:\WINDOWS\System32\win32u.dll
0x00007ffadd150000 - 0x00007ffadd3e3000 	C:\WINDOWS\WinSxS\amd64_microsoft.windows.common-controls_6595b64144ccf1df_6.0.26100.6899_none_3e0efeeae32e88c1\COMCTL32.dll
0x00007ffaf5dc0000 - 0x00007ffaf5deb000 	C:\WINDOWS\System32\GDI32.dll
0x00007ffaf6f40000 - 0x00007ffaf6fe9000 	C:\WINDOWS\System32\msvcrt.dll
0x00007ffaf4a10000 - 0x00007ffaf4b3d000 	C:\WINDOWS\System32\gdi32full.dll
0x00007ffaf4be0000 - 0x00007ffaf4c83000 	C:\WINDOWS\System32\msvcp_win.dll
0x00007ffaf5440000 - 0x00007ffaf546f000 	C:\WINDOWS\System32\IMM32.DLL
0x00007ffaea1f0000 - 0x00007ffaea1fc000 	C:\Users\stas2\.jdks\openjdk-21.0.1\bin\vcruntime140_1.dll
0x00007ffada140000 - 0x00007ffada1ce000 	C:\Users\stas2\.jdks\openjdk-21.0.1\bin\msvcp140.dll
0x00007ffad6b60000 - 0x00007ffad7875000 	C:\Users\stas2\.jdks\openjdk-21.0.1\bin\server\jvm.dll
0x00007ffaf6d50000 - 0x00007ffaf6e04000 	C:\WINDOWS\System32\ADVAPI32.dll
0x00007ffaf6320000 - 0x00007ffaf63c6000 	C:\WINDOWS\System32\sechost.dll
0x00007ffaf6ff0000 - 0x00007ffaf7108000 	C:\WINDOWS\System32\RPCRT4.dll
0x00007ffaf6c60000 - 0x00007ffaf6cd4000 	C:\WINDOWS\System32\WS2_32.dll
0x00007ffaf2f70000 - 0x00007ffaf2fce000 	C:\WINDOWS\SYSTEM32\POWRPROF.dll
0x00007ffae1570000 - 0x00007ffae15a5000 	C:\WINDOWS\SYSTEM32\WINMM.dll
0x00007ffaea8b0000 - 0x00007ffaea8bb000 	C:\WINDOWS\SYSTEM32\VERSION.dll
0x00007ffaf2f50000 - 0x00007ffaf2f64000 	C:\WINDOWS\SYSTEM32\UMPDC.dll
0x00007ffaf3230000 - 0x00007ffaf324b000 	C:\WINDOWS\SYSTEM32\kernel.appcore.dll
0x00007ffada130000 - 0x00007ffada13a000 	C:\Users\stas2\.jdks\openjdk-21.0.1\bin\jimage.dll
0x00007ffaf1ae0000 - 0x00007ffaf1d22000 	C:\WINDOWS\SYSTEM32\DBGHELP.DLL
0x00007ffaf68e0000 - 0x00007ffaf6c5b000 	C:\WINDOWS\System32\combase.dll
0x00007ffaf63d0000 - 0x00007ffaf64a7000 	C:\WINDOWS\System32\OLEAUT32.dll
0x00007ffad4fb0000 - 0x00007ffad4fec000 	C:\WINDOWS\SYSTEM32\dbgcore.DLL
0x00007ffaf4b40000 - 0x00007ffaf4bd8000 	C:\WINDOWS\System32\bcryptPrimitives.dll
0x00007ffada080000 - 0x00007ffada08f000 	C:\Users\stas2\.jdks\openjdk-21.0.1\bin\instrument.dll
0x00007ffada110000 - 0x00007ffada12f000 	C:\Users\stas2\.jdks\openjdk-21.0.1\bin\java.dll
0x00007ffaf5560000 - 0x00007ffaf5cad000 	C:\WINDOWS\System32\SHELL32.dll
0x00007ffaf4c90000 - 0x00007ffaf4dfb000 	C:\WINDOWS\System32\wintypes.dll
0x00007ffaf1fc0000 - 0x00007ffaf281d000 	C:\WINDOWS\SYSTEM32\windows.storage.dll
0x00007ffaf5e70000 - 0x00007ffaf5f62000 	C:\WINDOWS\System32\SHCORE.dll
0x00007ffaf6870000 - 0x00007ffaf68d2000 	C:\WINDOWS\System32\shlwapi.dll
0x00007ffaf4290000 - 0x00007ffaf42b9000 	C:\WINDOWS\SYSTEM32\profapi.dll
0x00007ffad9e30000 - 0x00007ffad9f07000 	C:\Users\stas2\.jdks\openjdk-21.0.1\bin\jsvml.dll
0x00007ffada100000 - 0x00007ffada110000 	C:\Users\stas2\.jdks\openjdk-21.0.1\bin\net.dll
0x00007ffaeb340000 - 0x00007ffaeb45f000 	C:\WINDOWS\SYSTEM32\WINHTTP.dll
0x00007ffaf37d0000 - 0x00007ffaf383b000 	C:\WINDOWS\system32\mswsock.dll
0x00007ffada0e0000 - 0x00007ffada0f6000 	C:\Users\stas2\.jdks\openjdk-21.0.1\bin\nio.dll
0x00007ffada0c0000 - 0x00007ffada0d8000 	C:\Users\stas2\.jdks\openjdk-21.0.1\bin\zip.dll
0x00007ffada090000 - 0x00007ffada0aa000 	C:\IntelliJ IDEA Community Edition 2021.3.2\IntelliJ IDEA Community Edition 2023.2.1\bin\breakgen64.dll
0x00007ffad9f60000 - 0x00007ffad9fdb000 	C:\Users\stas2\AppData\Local\Temp\lwjgl_stas2\3.3.4+7\x64\lwjgl.dll
0x00007ffad9da0000 - 0x00007ffad9e25000 	C:\Users\stas2\AppData\Local\Temp\lwjgl_stas2\3.3.4+7\x64\glfw.dll
0x00007ffad9d50000 - 0x00007ffad9d9b000 	C:\WINDOWS\SYSTEM32\dinput8.dll
0x00007ffad9f40000 - 0x00007ffad9f5c000 	C:\WINDOWS\SYSTEM32\xinput1_4.dll
0x00007ffaf4010000 - 0x00007ffaf4067000 	C:\WINDOWS\SYSTEM32\cfgmgr32.dll
0x00007ffaf3fe0000 - 0x00007ffaf400d000 	C:\WINDOWS\SYSTEM32\DEVOBJ.dll
0x00007ffaeecb0000 - 0x00007ffaeecdd000 	C:\WINDOWS\SYSTEM32\dwmapi.dll
0x00007ffab5190000 - 0x00007ffab536e000 	C:\WINDOWS\SYSTEM32\inputhost.dll
0x00007ffaee310000 - 0x00007ffaee435000 	C:\WINDOWS\SYSTEM32\CoreMessaging.dll
0x00007ffaee8a0000 - 0x00007ffaee94a000 	C:\WINDOWS\system32\uxtheme.dll
0x00007ffaf3aa0000 - 0x00007ffaf3aac000 	C:\WINDOWS\SYSTEM32\CRYPTBASE.DLL
0x00007ffaf66e0000 - 0x00007ffaf683b000 	C:\WINDOWS\System32\MSCTF.dll
0x00007ffabd8a0000 - 0x00007ffabd9ac000 	C:\WINDOWS\SYSTEM32\opengl32.dll
0x00007ffacdd30000 - 0x00007ffacdd5d000 	C:\WINDOWS\SYSTEM32\GLU32.dll
0x00007ffaf12f0000 - 0x00007ffaf1334000 	C:\WINDOWS\SYSTEM32\dxcore.dll
0x00007ffaeae00000 - 0x00007ffaeae63000 	C:\WINDOWS\SYSTEM32\directxdatabasehelper.dll
0x00007ffae0c10000 - 0x00007ffae0c2a000 	C:\WINDOWS\SYSTEM32\windows.staterepositorycore.dll
0x00007ffa47cb0000 - 0x00007ffa48ca3000 	C:\WINDOWS\System32\DriverStore\FileRepository\iigd_dch.inf_amd64_5802b1615520e41c\igxelpicd64.dll
0x00007ffaf64b0000 - 0x00007ffaf6648000 	C:\WINDOWS\System32\ole32.dll
0x00007ffaeeb50000 - 0x00007ffaeec8b000 	C:\WINDOWS\system32\dxgi.dll
0x00007ffa479c0000 - 0x00007ffa47ca7000 	C:\WINDOWS\System32\DriverStore\FileRepository\iigd_dch.inf_amd64_5802b1615520e41c\igdml64.dll
0x00007ffae6a70000 - 0x00007ffae6e37000 	C:\WINDOWS\System32\DriverStore\FileRepository\iigd_dch.inf_amd64_5802b1615520e41c\igdgmm64.dll
0x00007ffae33e0000 - 0x00007ffae69f1000 	C:\WINDOWS\System32\DriverStore\FileRepository\iigd_dch.inf_amd64_5802b1615520e41c\igc64.dll
0x00007ffac0770000 - 0x00007ffac08ba000 	C:\WINDOWS\SYSTEM32\textinputframework.dll
0x00007ffae93b0000 - 0x00007ffae9693000 	C:\WINDOWS\SYSTEM32\CoreUIComponents.dll
0x00007ffad9ce0000 - 0x00007ffad9d41000 	C:\Users\stas2\AppData\Local\Temp\lwjgl_stas2\3.3.4+7\x64\lwjgl_opengl.dll
0x00007ffad94e0000 - 0x00007ffad9cd4000 	C:\Users\stas2\AppData\Local\Temp\imgui-java-natives\1.89.0\imgui-java64.dll
0x00007ffada0b0000 - 0x00007ffada0c0000 	C:\Users\stas2\.jdks\openjdk-21.0.1\bin\verify.dll
0x00007ffad9440000 - 0x00007ffad94e0000 	C:\Users\stas2\AppData\Local\Temp\lwjgl_stas2\3.3.4+7\x64\lwjgl_stb.dll

dbghelp: loaded successfully - version: 4.0.5 - missing functions: none
symbol engine: initialized successfully - sym options: 0x614 - pdb path: .;C:\Users\stas2\.jdks\openjdk-21.0.1\bin;C:\WINDOWS\SYSTEM32;C:\WINDOWS\WinSxS\amd64_microsoft.windows.common-controls_6595b64144ccf1df_6.0.26100.6899_none_3e0efeeae32e88c1;C:\Users\stas2\.jdks\openjdk-21.0.1\bin\server;C:\IntelliJ IDEA Community Edition 2021.3.2\IntelliJ IDEA Community Edition 2023.2.1\bin;C:\Users\stas2\AppData\Local\Temp\lwjgl_stas2\3.3.4+7\x64;C:\WINDOWS\System32\DriverStore\FileRepository\iigd_dch.inf_amd64_5802b1615520e41c;C:\Users\stas2\AppData\Local\Temp\imgui-java-natives\1.89.0

VM Arguments:
jvm_args: -javaagent:C:\IntelliJ IDEA Community Edition 2021.3.2\IntelliJ IDEA Community Edition 2023.2.1\lib\idea_rt.jar=58715:C:\IntelliJ IDEA Community Edition 2021.3.2\IntelliJ IDEA Community Edition 2023.2.1\bin -Dfile.encoding=windows-1252 -Dsun.stdout.encoding=windows-1252 -Dsun.stderr.encoding=windows-1252 --module-path=C:\Users\stas2\.m2\repository\com\fasterxml\jackson\core\jackson-databind\2.17.2\jackson-databind-2.17.2.jar;C:\Users\stas2\.m2\repository\org\joml\joml-primitives\1.10.0\joml-primitives-1.10.0.jar;C:\Users\stas2\.m2\repository\io\github\spair\imgui-java-binding\1.89.0\imgui-java-binding-1.89.0.jar;C:\Users\stas2\.m2\repository\org\lwjgl\lwjgl-stb\3.3.4\lwjgl-stb-3.3.4.jar;C:\Users\stas2\.m2\repository\io\github\spair\imgui-java-lwjgl3\1.89.0\imgui-java-lwjgl3-1.89.0.jar;C:\Users\stas2\.m2\repository\com\fasterxml\jackson\core\jackson-core\2.17.2\jackson-core-2.17.2.jar;C:\Users\stas2\.m2\repository\org\lwjgl\lwjgl\3.3.4\lwjgl-3.3.4.jar;O:\GIt\MultiplayerShooter\target\classes;C:\Users\stas2\.m2\repository\org\lwjgl\lwjgl-vulkan\3.3.4\lwjgl-vulkan-3.3.4.jar;C:\Users\stas2\.m2\repository\org\lwjgl\lwjgl-glfw\3.3.4\lwjgl-glfw-3.3.4.jar;C:\Users\stas2\.m2\repository\org\lwjgl\lwjgl-opengl\3.3.4\lwjgl-opengl-3.3.4.jar;C:\Users\stas2\.m2\repository\org\joml\joml\1.10.7\joml-1.10.7.jar;C:\Users\stas2\.m2\repository\com\fasterxml\jackson\core\jackson-annotations\2.17.2\jackson-annotations-2.17.2.jar;C:\Users\stas2\.m2\repository\org\lwjgl\lwjgl-assimp\3.3.4\lwjgl-assimp-3.3.4.jar -Djdk.module.main=com.bedrye.bjge 
java_command: com.bedrye.bjge/com.bedrye.bjge.TestMain
java_class_path (initial): C:\Users\stas2\.m2\repository\io\github\spair\imgui-java-natives-windows\1.89.0\imgui-java-natives-windows-1.89.0.jar;C:\Users\stas2\.m2\repository\org\junit\jupiter\junit-jupiter-api\5.9.2\junit-jupiter-api-5.9.2.jar;C:\Users\stas2\.m2\repository\org\opentest4j\opentest4j\1.2.0\opentest4j-1.2.0.jar;C:\Users\stas2\.m2\repository\org\junit\platform\junit-platform-commons\1.9.2\junit-platform-commons-1.9.2.jar;C:\Users\stas2\.m2\repository\org\apiguardian\apiguardian-api\1.1.2\apiguardian-api-1.1.2.jar;C:\Users\stas2\.m2\repository\org\junit\jupiter\junit-jupiter-engine\5.9.2\junit-jupiter-engine-5.9.2.jar;C:\Users\stas2\.m2\repository\org\junit\platform\junit-platform-engine\1.9.2\junit-platform-engine-1.9.2.jar;C:\Users\stas2\.m2\repository\org\lwjgl\lwjgl-bgfx\3.3.4\lwjgl-bgfx-3.3.4.jar;C:\Users\stas2\.m2\repository\org\lwjgl\lwjgl-nanovg\3.3.4\lwjgl-nanovg-3.3.4.jar;C:\Users\stas2\.m2\repository\org\lwjgl\lwjgl-nuklear\3.3.4\lwjgl-nuklear-3.3.4.jar;C:\Users\stas2\.m2\repository\org\lwjgl\lwjgl-openal\3.3.4\lwjgl-openal-3.3.4.jar;C:\Users\stas2\.m2\repository\org\lwjgl\lwjgl-par\3.3.4\lwjgl-par-3.3.4.jar;C:\Users\stas2\.m2\repository\org\lwjgl\lwjgl\3.3.4\lwjgl-3.3.4-natives-windows.jar;C:\Users\stas2\.m2\repository\org\lwjgl\lwjgl-assimp\3.3.4\lwjgl-assimp-3.3.4-natives-windows.jar;C:\Users\stas2\.m2\repository\org\lwjgl\lwjgl-bgfx\3.3.4\lwjgl-bgfx-3.3.4-natives-windows.jar;C:\Users\stas2\.m2\repository\org\lwjgl\lwjgl-glfw\3.3.4\lwjgl-glfw-3.3.4-natives-windows.jar;C:\Users\stas2\.m2\repository\org\lwjgl\lwjgl-nanovg\3.3.4\lwjgl-nanovg-3.3.4-natives-windows.jar;C:\Users\stas2\.m2\repository\org\lwjgl\lwjgl-nuklear\3.3.4\lwjgl-nuklear-3.3.4-natives-windows.jar;C:\Users\stas2\.m2\repository\org\lwjgl\lwjgl-openal\3.3.4\lwjgl-openal-3.3.4-natives-windows.jar;C:\Users\stas2\.m2\repository\org\lwjgl\lwjgl-opengl\3.3.4\lwjgl-opengl-3.3.4-natives-windows.jar;C:\Users\stas2\.m2\repository\org\lwjgl\lwjgl-par\3.3.4\lwjgl-par-3.3.4-natives-windows.jar;C:\Users\stas2\.m2\repository\org\lwjgl\lwjgl-stb\3.3.4\lwjgl-stb-3.3.4-natives-windows.jar
Launcher Type: SUN_STANDARD

[Global flags]
     intx CICompilerCount                          = 4                                         {product} {ergonomic}
     uint ConcGCThreads                            = 3                                         {product} {ergonomic}
     uint G1ConcRefinementThreads                  = 10                                        {product} {ergonomic}
   size_t G1HeapRegionSize                         = 2097152                                   {product} {ergonomic}
    uintx GCDrainStackTargetSize                   = 64                                        {product} {ergonomic}
   size_t InitialHeapSize                          = 266338304                                 {product} {ergonomic}
   size_t MarkStackSize                            = 4194304                                   {product} {ergonomic}
   size_t MaxHeapSize                              = 4238344192                                {product} {ergonomic}
   size_t MaxNewSize                               = 2541748224                                {product} {ergonomic}
   size_t MinHeapDeltaBytes                        = 2097152                                   {product} {ergonomic}
   size_t MinHeapSize                              = 8388608                                   {product} {ergonomic}
    uintx NonNMethodCodeHeapSize                   = 5839372                                {pd product} {ergonomic}
    uintx NonProfiledCodeHeapSize                  = 122909434                              {pd product} {ergonomic}
    uintx ProfiledCodeHeapSize                     = 122909434                              {pd product} {ergonomic}
    uintx ReservedCodeCacheSize                    = 251658240                              {pd product} {ergonomic}
     bool SegmentedCodeCache                       = true                                      {product} {ergonomic}
   size_t SoftMaxHeapSize                          = 4238344192                             {manageable} {ergonomic}
     bool UseCompressedOops                        = true                           {product lp64_product} {ergonomic}
     bool UseG1GC                                  = true                                      {product} {ergonomic}
     bool UseLargePagesIndividualAllocation        = false                                  {pd product} {ergonomic}

Logging:
Log output configuration:
 #0: stdout all=warning uptime,level,tags foldmultilines=false
 #1: stderr all=off uptime,level,tags foldmultilines=false

Environment Variables:
JAVA_HOME=C:\Program Files\Java\jdk-21
PATH=C:\Program Files\PlasticSCM5\server;C:\Program Files\PlasticSCM5\client;C:\Program Files\NVIDIA GPU Computing Toolkit\CUDA\v12.6\bin;C:\Program Files\NVIDIA GPU Computing Toolkit\CUDA\v12.6\libnvvp;C:\Program Files\Common Files\Oracle\Java\javapath;C:\Windows\system32;C:\Windows;C:\Program Files\Java\jdk-11.0.2\bin;C:\Windows\System32\Wbem;C:\ORacleDatabase\dbhomeXE\bin;C:\Windows\System32\WindowsPowerShell\v1.0\;C:\Windows\System32\OpenSSH\;C:\Program Files (x86)\NVIDIA Corporation\PhysX\Common;C:\Program Files\NVIDIA Corporation\NVIDIA NvDLISR;C:\Program Files\Git LFS;C:\Program Files\Git\cmd;C:\Program Files (x86)\Windows Kits\10\Windows Performance Toolkit\;C:\Program Files (x86)\Steam\steamapps\common\Counter-Strike Global Offensive\game\bin\win64;C:\Users\stas2\AppData\Local\Programs\Python\Python311;C:\Program Files\dotnet\;C:\Program Files\Microsoft SQL Server\150\Tools\Binn\;C:\Program Files\Microsoft SQL Server\Client SDK\ODBC\170\Tools\Binn\;C:\Program Files\NVIDIA Corporation\Nsight Compute 2024.3.2\;C:\Program Files (x86)\Microsoft SQL Server\160\Tools\Binn\;C:\Program Files\Microsoft SQL Server\160\Tools\Binn\;C:\Program Files\Microsoft SQL Server\160\DTS\Binn\;C:\Program Files (x86)\Microsoft SQL Server\160\DTS\Binn\;C:\WINDOWS\system32;C:\WINDOWS;C:\WINDOWS\System32\Wbem;C:\WINDOWS\System32\WindowsPowerShell\v1.0\;C:\WINDOWS\System32\OpenSSH\;C:\Program Files\Docker\Docker\resources\bin;O:\npdejs\;C:\Users\stas2\AppData\Local\Programs\Python\Python312\Scripts;C:\Users\stas2\AppData\Local\Microsoft\WindowsApps;C:\Users\stas2\AppData\Local\Programs\Microsoft VS Code\bin;C:\Users\stas2\AppData\Local\GitHubDesktop\bin;C:\Users\stas2\AppData\Local\Programs\Python\Python311;C:\Program Files (x86)\Steam\steamapps\common\Counter-Strike Global Offensive\game\bin\win64;C:\Users\stas2\.dotnet\tools;C:\Users\stas2\AppData\Local\Muse Hub\lib;C:\Users\stas2\AppData\Roaming\npm;C:\Users\stas2\AppData\Local\Programs\Python\Python312\Scripts;
USERNAME=stas2
OS=Windows_NT
PROCESSOR_IDENTIFIER=Intel64 Family 6 Model 141 Stepping 1, GenuineIntel
TMP=C:\Users\stas2\AppData\Local\Temp
TEMP=C:\Users\stas2\AppData\Local\Temp




Periodic native trim disabled

---------------  S Y S T E M  ---------------

OS:
 Windows 11 , 64 bit Build 26100 (10.0.26100.6725)
OS uptime: 0 days 17:42 hours
Hyper-V role detected

CPU: total 12 (initial active 12) (6 cores per cpu, 2 threads per core) family 6 model 141 stepping 1 microcode 0x3c, cx8, cmov, fxsr, ht, mmx, 3dnowpref, sse, sse2, sse3, ssse3, sse4.1, sse4.2, popcnt, lzcnt, tsc, tscinvbit, avx, avx2, aes, erms, clmul, bmi1, bmi2, adx, avx512f, avx512dq, avx512cd, avx512bw, avx512vl, sha, fma, vzeroupper, avx512_vpopcntdq, avx512_vpclmulqdq, avx512_vaes, avx512_vnni, clflush, clflushopt, clwb, avx512_vbmi2, avx512_vbmi, hv, rdtscp, rdpid, fsrm, gfni, avx512_bitalg, f16c, cet_ibt, cet_ss, avx512_ifma
Processor Information for all 12 processors :
  Max Mhz: 2688, Current Mhz: 2688, Mhz Limit: 2688

Memory: 4k page, system-wide physical 16163M (1822M free)
TotalPageFile size 42787M (AvailPageFile size 12092M)
current process WorkingSet (physical memory assigned to process): 289M, peak: 311M
current process commit charge ("private bytes"): 243M, peak: 476M

vm_info: OpenJDK 64-Bit Server VM (21.0.1+12-29) for windows-amd64 JRE (21.0.1+12-29), built on 2023-10-05T13:27:09Z by "mach5one" with MS VC++ 17.1 (VS2022)

END.
