#
# A fatal error has been detected by the Java Runtime Environment:
#
#  EXCEPTION_ACCESS_VIOLATION (0xc0000005) at pc=0x00007ffa5f186fa6, pid=25280, tid=24776
#
# JRE version: OpenJDK Runtime Environment (21.0.1+12) (build 21.0.1+12-29)
# Java VM: OpenJDK 64-Bit Server VM (21.0.1+12-29, mixed mode, sharing, tiered, compressed oops, compressed class ptrs, g1 gc, windows-amd64)
# Problematic frame:
# C  [igxelpicd64.dll+0x16fa6]
#
# No core dump will be written. Minidumps are not enabled by default on client versions of Windows
#
# If you would like to submit a bug report, please visit:
#   https://bugreport.java.com/bugreport/crash.jsp
# The crash happened outside the Java Virtual Machine in native code.
# See problematic frame for where to report the bug.
#

---------------  S U M M A R Y ------------

Command Line: -javaagent:C:\IntelliJ IDEA Community Edition 2021.3.2\IntelliJ IDEA Community Edition 2023.2.1\lib\idea_rt.jar=50102:C:\IntelliJ IDEA Community Edition 2021.3.2\IntelliJ IDEA Community Edition 2023.2.1\bin -Dfile.encoding=windows-1252 -Dsun.stdout.encoding=windows-1252 -Dsun.stderr.encoding=windows-1252 --module-path=C:\Users\stas2\.m2\repository\io\github\spair\imgui-java-binding\1.89.0\imgui-java-binding-1.89.0.jar;C:\Users\stas2\.m2\repository\com\fasterxml\jackson\core\jackson-annotations\2.17.2\jackson-annotations-2.17.2.jar;C:\Users\stas2\.m2\repository\org\lwjgl\lwjgl-vulkan\3.3.4\lwjgl-vulkan-3.3.4.jar;C:\Users\stas2\.m2\repository\org\lwjgl\lwjgl-opengl\3.3.4\lwjgl-opengl-3.3.4.jar;C:\Users\stas2\.m2\repository\com\fasterxml\jackson\core\jackson-databind\2.17.2\jackson-databind-2.17.2.jar;C:\Users\stas2\.m2\repository\org\lwjgl\lwjgl-stb\3.3.4\lwjgl-stb-3.3.4.jar;C:\Users\stas2\.m2\repository\com\fasterxml\jackson\core\jackson-core\2.17.2\jackson-core-2.17.2.jar;O:\GIt\MultiplayerShooter\target\classes;C:\Users\stas2\.m2\repository\io\github\spair\imgui-java-lwjgl3\1.89.0\imgui-java-lwjgl3-1.89.0.jar;C:\Users\stas2\.m2\repository\org\lwjgl\lwjgl-glfw\3.3.4\lwjgl-glfw-3.3.4.jar;C:\Users\stas2\.m2\repository\org\lwjgl\lwjgl\3.3.4\lwjgl-3.3.4.jar;C:\Users\stas2\.m2\repository\org\lwjgl\lwjgl-assimp\3.3.4\lwjgl-assimp-3.3.4.jar;C:\Users\stas2\.m2\repository\org\joml\joml-primitives\1.10.0\joml-primitives-1.10.0.jar;C:\Users\stas2\.m2\repository\org\joml\joml\1.10.7\joml-1.10.7.jar -Djdk.module.main=com.bedrye.bjge com.bedrye.bjge/com.bedrye.bjge.TestMain

Host: 11th Gen Intel(R) Core(TM) i5-11400H @ 2.70GHz, 12 cores, 15G,  Windows 11 , 64 bit Build 26100 (10.0.26100.6725)
Time: Wed Oct 29 13:31:34 2025 FLE Standard Time elapsed time: 118.095112 seconds (0d 0h 1m 58s)

---------------  T H R E A D  ---------------

Current thread (0x000001b37c62a6a0):  JavaThread "main"             [_thread_in_native, id=24776, stack(0x0000000100600000,0x0000000100700000) (1024K)]

Stack: [0x0000000100600000,0x0000000100700000],  sp=0x00000001006fee20,  free space=1019k
Native frames: (J=compiled Java code, j=interpreted, Vv=VM code, C=native code)
C  [igxelpicd64.dll+0x16fa6]

Java frames: (J=compiled Java code, j=interpreted, Vv=VM code)
J 2865  org.lwjgl.opengl.GL11C.glClear(I)V org.lwjgl.opengl@3.3.4+7 (0 bytes) @ 0x000001b30ff63e19 [0x000001b30ff63dc0+0x0000000000000059]
J 3081 c2 com.bedrye.bjge.GameEngine.Objects.Scene.preRender()V com.bedrye.bjge@1.0-SNAPSHOT (67 bytes) @ 0x000001b30ff9c1e8 [0x000001b30ff9c1a0+0x0000000000000048]
j  com.bedrye.bjge.GameEngine.EngineManager.update()V+120 com.bedrye.bjge@1.0-SNAPSHOT
j  com.bedrye.bjge.GameEngine.EngineManager.run()V+5 com.bedrye.bjge@1.0-SNAPSHOT
j  com.bedrye.bjge.TestMain.main([Ljava/lang/String;)V+3 com.bedrye.bjge@1.0-SNAPSHOT
v  ~StubRoutines::call_stub 0x000001b30f8b10e7

siginfo: EXCEPTION_ACCESS_VIOLATION (0xc0000005), writing address 0x000001b367c00000


Registers:
RAX=0x00000000680b0000, RBX=0x000001b364240d10, RCX=0x000001b367c00000, RDX=0x00007ffa60087e00
RSP=0x00000001006fee20, RBP=0x00000001006fef50, RSI=0x0000000000000000, RDI=0x000001b36420bf00
R8 =0x0000000000000004, R9 =0x00000001006ff000, R10=0x0000000000000780, R11=0x000001b30ff9c1c0
R12=0x0000000000000000, R13=0x0000000000004000, R14=0x0000000000000001, R15=0x000001b37c62a6a0
RIP=0x00007ffa5f186fa6, EFLAGS=0x0000000000010202


Register to memory mapping:

RAX=0x00000000680b0000 is an unknown value
RBX=0x000001b364240d10 points into unknown readable memory: 0x0000000000000000 | 00 00 00 00 00 00 00 00
RCX=0x000001b367c00000 is an unknown value
RDX=0x00007ffa60087e00 igxelpicd64.dll
RSP=0x00000001006fee20 is pointing into the stack for thread: 0x000001b37c62a6a0
RBP=0x00000001006fef50 is pointing into the stack for thread: 0x000001b37c62a6a0
RSI=0x0 is null
RDI=0x000001b36420bf00 points into unknown readable memory: 0x000001b36457a040 | 40 a0 57 64 b3 01 00 00
R8 =0x0000000000000004 is an unknown value
R9 =0x00000001006ff000 is pointing into the stack for thread: 0x000001b37c62a6a0
R10=0x0000000000000780 is an unknown value
R11=0x000001b30ff9c1c0 is at entry_point+32 in (nmethod*)0x000001b30ff9bf90
Compiled method (c2)  118114 3081       4       com.bedrye.bjge.GameEngine.Objects.Scene::preRender (67 bytes)
 total in heap  [0x000001b30ff9bf90,0x000001b30ff9c868] = 2264
 relocation     [0x000001b30ff9c0f0,0x000001b30ff9c190] = 160
 main code      [0x000001b30ff9c1a0,0x000001b30ff9c3f0] = 592
 stub code      [0x000001b30ff9c3f0,0x000001b30ff9c460] = 112
 oops           [0x000001b30ff9c460,0x000001b30ff9c490] = 48
 metadata       [0x000001b30ff9c490,0x000001b30ff9c538] = 168
 scopes data    [0x000001b30ff9c538,0x000001b30ff9c660] = 296
 scopes pcs     [0x000001b30ff9c660,0x000001b30ff9c770] = 272
 dependencies   [0x000001b30ff9c770,0x000001b30ff9c798] = 40
 handler table  [0x000001b30ff9c798,0x000001b30ff9c840] = 168
 nul chk table  [0x000001b30ff9c840,0x000001b30ff9c868] = 40
R12=0x0 is null
R13=0x0000000000004000 is an unknown value
R14=0x0000000000000001 is an unknown value
R15=0x000001b37c62a6a0 is a thread

Top of Stack: (sp=0x00000001006fee20)
0x00000001006fee20:   0000343d7901f38a 0000000000001406
0x00000001006fee30:   0000000000000700 000001b364250a08
0x00000001006fee40:   0000000000000700 00007ffa5f2a5722
0x00000001006fee50:   000001b36420bf00 0000000000000000
0x00000001006fee60:   00000001006fef70 00007ffa5f2a5d08
0x00000001006fee70:   000001b363bfa010 000001b36424c9e0
0x00000001006fee80:   000001b36420bf00 000001b363bfa010
0x00000001006fee90:   000000016427b414 0000000000000000
0x00000001006feea0:   0000400000000001 0000078000000438
0x00000001006feeb0:   00000001006ff000 0000000000000000
0x00000001006feec0:   0000410000000000 0000078000000438
0x00000001006feed0:   0000000000000000 0000000000000001
0x00000001006feee0:   0000000000000001 000001b364667020
0x00000001006feef0:   0000343d00000000 0000000000000000
0x00000001006fef00:   0000043800000780 000001b363bfa010
0x00000001006fef10:   00000001006feef8 00000001006fef50
0x00000001006fef20:   00000001006feee8 0000000000000000
0x00000001006fef30:   000000000000ff01 0000000000000000
0x00000001006fef40:   0000043800000780 000001b363bfa010
0x00000001006fef50:   0000000000000000 3f80000000000000
0x00000001006fef60:   3ff0000000000000 0000000000000700
0x00000001006fef70:   0000343d7901f04a 0000000000000000
0x00000001006fef80:   0000000080000000 0000000000000000
0x00000001006fef90:   0000000080000000 0000000000000000
0x00000001006fefa0:   000001b37c62a6a0 00000001006ff070
0x00000001006fefb0:   00000001006ff0d0 0000000000000000
0x00000001006fefc0:   000001b364241610 0000000000000000
0x00000001006fefd0:   00000001006ff080 00007ffa5f2a5081
0x00000001006fefe0:   000001b36420bf00 000001b36420bf00
0x00000001006feff0:   0000000000000000 0000000000004000
0x00000001006ff000:   0000000000000000 0000043800000780
0x00000001006ff010:   0000000000000001 000001b30ff63eb0 

Instructions: (pc=0x00007ffa5f186fa6)
0x00007ffa5f186ea6:   49 83 e2 f0 48 c1 e8 04 49 03 ca 49 03 d2 48 83
0x00007ffa5f186eb6:   f8 07 77 31 83 f8 04 0f 85 fd 00 00 00 f3 0f 6f
0x00007ffa5f186ec6:   42 c0 f3 0f 7f 41 c0 f3 0f 6f 42 d0 f3 0f 7f 41
0x00007ffa5f186ed6:   d0 f3 0f 6f 42 e0 f3 0f 7f 41 e0 f3 0f 6f 42 f0
0x00007ffa5f186ee6:   f3 0f 7f 41 f0 0f 28 3c 24 4d 2b c2 0f 28 74 24
0x00007ffa5f186ef6:   10 4d 85 c0 0f 84 63 ff ff ff 49 8b c0 48 83 e0
0x00007ffa5f186f06:   fc 48 03 c8 48 03 d0 49 8b c0 48 c1 e8 02 48 83
0x00007ffa5f186f16:   e8 01 74 18 48 83 e8 01 74 0c 48 83 f8 01 75 12
0x00007ffa5f186f26:   8b 42 f4 89 41 f4 8b 42 f8 89 41 f8 8b 42 fc 89
0x00007ffa5f186f36:   41 fc 41 f6 c0 01 0f 85 ea 01 00 00 41 f6 c0 02
0x00007ffa5f186f46:   0f 84 17 ff ff ff 0f b7 02 66 89 01 e9 0c ff ff
0x00007ffa5f186f56:   ff f6 c1 01 74 0e 0f b6 02 49 ff c8 88 01 48 ff
0x00007ffa5f186f66:   c1 48 ff c2 f6 c1 02 0f 84 33 fe ff ff 0f b7 02
0x00007ffa5f186f76:   49 83 e8 02 66 89 01 48 83 c1 02 48 83 c2 02 e9
0x00007ffa5f186f86:   1c fe ff ff 49 83 f8 01 0f 84 8e 01 00 00 49 83
0x00007ffa5f186f96:   f8 02 74 b2 49 83 f8 03 0f 84 51 02 00 00 8b 02
0x00007ffa5f186fa6:   89 01 48 83 c4 28 c3 0f b6 02 49 ff c8 88 01 48
0x00007ffa5f186fb6:   ff c1 48 ff c2 e9 99 fe ff ff ff c8 83 f8 06 0f
0x00007ffa5f186fc6:   87 20 ff ff ff 4c 8d 0d 2e 90 fe ff 41 8b 84 81
0x00007ffa5f186fd6:   48 72 01 00 49 03 c1 ff e0 f3 0f 6f 42 a0 f3 0f
0x00007ffa5f186fe6:   7f 41 a0 f3 0f 6f 42 b0 f3 0f 7f 41 b0 e9 cb fe
0x00007ffa5f186ff6:   ff ff 4d 8b c8 49 c1 e9 07 49 6b c1 80 4c 03 c0
0x00007ffa5f187006:   f3 0f 6f 02 48 83 ea 80 48 83 e9 80 f3 0f 6f 4a
0x00007ffa5f187016:   90 f3 0f 6f 52 a0 f3 0f 6f 5a b0 f3 0f 6f 62 c0
0x00007ffa5f187026:   f3 0f 6f 6a d0 f3 0f 6f 72 e0 f3 0f 6f 7a f0 f3
0x00007ffa5f187036:   0f 7f 41 80 f3 0f 7f 49 90 f3 0f 7f 51 a0 f3 0f
0x00007ffa5f187046:   7f 59 b0 f3 0f 7f 61 c0 f3 0f 7f 69 d0 f3 0f 7f
0x00007ffa5f187056:   71 e0 f3 0f 7f 79 f0 49 83 e9 01 0f 84 39 fe ff
0x00007ffa5f187066:   ff eb 9d 49 81 f8 80 00 00 00 0f 83 c9 00 00 00
0x00007ffa5f187076:   4d 8b d0 49 8b c0 49 83 e2 f0 48 c1 e8 04 49 03
0x00007ffa5f187086:   ca 49 03 d2 48 83 f8 07 0f 87 57 fe ff ff 83 f8
0x00007ffa5f187096:   07 0f 85 15 01 00 00 f3 0f 6f 42 90 f3 0f 7f 41 


Stack slot to memory mapping:

stack at sp + 0 slots: 0x0000343d7901f38a is an unknown value
stack at sp + 1 slots: 0x0000000000001406 is an unknown value
stack at sp + 2 slots: 0x0000000000000700 is an unknown value
stack at sp + 3 slots: 0x000001b364250a08 points into unknown readable memory: 0x00007ffa5fc5d090 | 90 d0 c5 5f fa 7f 00 00
stack at sp + 4 slots: 0x0000000000000700 is an unknown value
stack at sp + 5 slots: 0x00007ffa5f2a5722 igxelpicd64.dll
stack at sp + 6 slots: 0x000001b36420bf00 points into unknown readable memory: 0x000001b36457a040 | 40 a0 57 64 b3 01 00 00
stack at sp + 7 slots: 0x0 is null


Compiled method (n/a)  118134 2865     n 0       org.lwjgl.opengl.GL11C::glClear (native)
 total in heap  [0x000001b30ff63c10,0x000001b30ff63fe0] = 976
 relocation     [0x000001b30ff63d70,0x000001b30ff63da8] = 56
 main code      [0x000001b30ff63dc0,0x000001b30ff63fd4] = 532
 stub code      [0x000001b30ff63fd4,0x000001b30ff63fd8] = 4
 oops           [0x000001b30ff63fd8,0x000001b30ff63fe0] = 8

[Constant Pool (empty)]

[MachCode]
[Entry Point]
  # {method} {0x000001b35f9fe8f0} 'glClear' '(I)V' in 'org/lwjgl/opengl/GL11C'
  # parm0:    rdx       = int
  #           [sp+0x70]  (sp of caller)
  0x000001b30ff63dc0: 448b 5208 | 49bb 0000 | 001e b301 | 0000 4d03 | d349 3bc2 | 0f84 0600 

  0x000001b30ff63dd8: ;   {runtime_call ic_miss_stub}
  0x000001b30ff63dd8: 0000 e9a1 | ab99 ff90 
[Verified Entry Point]
  0x000001b30ff63de0: 8984 2400 | 80ff ff55 | 488b ec48 | 83ec 6090 | 4181 7f20 | 0300 0000 

  0x000001b30ff63df8: ;   {runtime_call StubRoutines (final stubs)}
  0x000001b30ff63df8: 7405 e881 | 1f98 ff4c 

  0x000001b30ff63e00: ;   {oop(a 'java/lang/Class'{0x0000000703b19aa0} = 'org/lwjgl/opengl/GL11C')}
  0x000001b30ff63e00: 8bc2 49be | a09a b103 | 0700 0000 | 4c89 7424 | 504c 8d74 | 2450 498b | d6c5 f877 

  0x000001b30ff63e1c: ;   {internal_word}
  0x000001b30ff63e1c: 49ba 193e | f60f b301 | 0000 4d89 | 97a0 0300 | 0049 89a7 | 9803 0000 

  0x000001b30ff63e34: ;   {external_word}
  0x000001b30ff63e34: 49ba c925 | c8ed f97f | 0000 4180 | 3a00 0f84 | 4a00 0000 

  0x000001b30ff63e48: ;   {metadata({method} {0x000001b35f9fe8f0} 'glClear' '(I)V' in 'org/lwjgl/opengl/GL11C')}
  0x000001b30ff63e48: 5241 5048 | bae8 e89f | 5fb3 0100 | 0049 8bcf | 4883 ec20 | 40f6 c40f | 0f84 1900 | 0000 4883 
  0x000001b30ff63e68: ;   {runtime_call}
  0x000001b30ff63e68: ec08 48b8 | 30eb 78ed | f97f 0000 | ffd0 4883 | c408 e90c 

  0x000001b30ff63e7c: ;   {runtime_call}
  0x000001b30ff63e7c: 0000 0048 | b830 eb78 | edf9 7f00 | 00ff d048 | 83c4 2041 | 585a 498d | 8fb8 0300 | 0041 c787 
  0x000001b30ff63e9c: 4c04 0000 | 0400 0000 

  0x000001b30ff63ea4: ;   {runtime_call}
  0x000001b30ff63ea4: 48b8 d0d1 | 321a fa7f | 0000 ffd0 | c5f8 7741 | c787 4c04 | 0000 0500 | 0000 f083 | 4424 c000 
  0x000001b30ff63ec4: 493b af50 | 0400 000f | 870e 0000 | 0041 83bf | 4804 0000 | 000f 8423 | 0000 00c5 | f877 498b 
  0x000001b30ff63ee4: cf4c 8be4 | 4883 ec20 | 4883 e4f0 

  0x000001b30ff63ef0: ;   {runtime_call}
  0x000001b30ff63ef0: 48b8 c0be | 44ed f97f | 0000 ffd0 | 498b e44d | 33e4 41c7 | 874c 0400 | 0008 0000 | 0041 83bf 
  0x000001b30ff63f10: c804 0000 | 020f 8494 

  0x000001b30ff63f18: ;   {external_word}
  0x000001b30ff63f18: 0000 0049 | bac9 25c8 | edf9 7f00 | 0041 803a | 000f 8444 

  0x000001b30ff63f2c: ;   {metadata({method} {0x000001b35f9fe8f0} 'glClear' '(I)V' in 'org/lwjgl/opengl/GL11C')}
  0x000001b30ff63f2c: 0000 0048 | bae8 e89f | 5fb3 0100 | 0049 8bcf | 4883 ec20 | 40f6 c40f | 0f84 1900 | 0000 4883 
  0x000001b30ff63f4c: ;   {runtime_call}
  0x000001b30ff63f4c: ec08 48b8 | 30eb 78ed | f97f 0000 | ffd0 4883 | c408 e90c 

  0x000001b30ff63f60: ;   {runtime_call}
  0x000001b30ff63f60: 0000 0048 | b830 eb78 | edf9 7f00 | 00ff d048 | 83c4 2049 | c787 9803 | 0000 0000 | 0000 49c7 
  0x000001b30ff63f80: 87a0 0300 | 0000 0000 | 00c5 f877 | 498b 8f28 | 0400 00c7 | 8100 0100 | 0000 0000 | 00c9 4983 
  0x000001b30ff63fa0: 7f08 000f | 8501 0000 

  0x000001b30ff63fa8: ;   {runtime_call StubRoutines (initial stubs)}
  0x000001b30ff63fa8: 00c3 e951 | cf94 ffc5 | f877 4c8b | e448 83ec | 2048 83e4 

  0x000001b30ff63fbc: ;   {runtime_call}
  0x000001b30ff63fbc: f048 b860 | 2379 edf9 | 7f00 00ff | d049 8be4 | 4d33 e4e9 | 47ff ffff 
[Stub Code]
  0x000001b30ff63fd4: f4f4 f4f4 
[/MachCode]


Compiled method (c2)  118139 3081       4       com.bedrye.bjge.GameEngine.Objects.Scene::preRender (67 bytes)
 total in heap  [0x000001b30ff9bf90,0x000001b30ff9c868] = 2264
 relocation     [0x000001b30ff9c0f0,0x000001b30ff9c190] = 160
 main code      [0x000001b30ff9c1a0,0x000001b30ff9c3f0] = 592
 stub code      [0x000001b30ff9c3f0,0x000001b30ff9c460] = 112
 oops           [0x000001b30ff9c460,0x000001b30ff9c490] = 48
 metadata       [0x000001b30ff9c490,0x000001b30ff9c538] = 168
 scopes data    [0x000001b30ff9c538,0x000001b30ff9c660] = 296
 scopes pcs     [0x000001b30ff9c660,0x000001b30ff9c770] = 272
 dependencies   [0x000001b30ff9c770,0x000001b30ff9c798] = 40
 handler table  [0x000001b30ff9c798,0x000001b30ff9c840] = 168
 nul chk table  [0x000001b30ff9c840,0x000001b30ff9c868] = 40

[Constant Pool (empty)]

[MachCode]
[Entry Point]
  # {method} {0x000001b35f419628} 'preRender' '()V' in 'com/bedrye/bjge/GameEngine/Objects/Scene'
  #           [sp+0x40]  (sp of caller)
  0x000001b30ff9c1a0: 448b 5208 | 49bb 0000 | 001e b301 | 0000 4d03 | d349 3bc2 

  0x000001b30ff9c1b4: ;   {runtime_call ic_miss_stub}
  0x000001b30ff9c1b4: 0f85 c627 | 96ff 6690 | 0f1f 4000 
[Verified Entry Point]
  0x000001b30ff9c1c0: 8984 2400 | 80ff ff55 | 4883 ec30 | 4181 7f20 | 0300 0000 | 0f85 0802 | 0000 4889 | 1424 ba00 
  0x000001b30ff9c1e0: ;   {static_call}
  0x000001b30ff9c1e0: 4000 00e8 

  0x000001b30ff9c1e4: ; ImmutableOopMap {[0]=Oop }
                      ;*invokestatic glClear {reexecute=0 rethrow=0 return_oop=0}
                      ; - org.lwjgl.opengl.GL11::glClear@1 (line 992)
                      ; - com.bedrye.bjge.GameEngine.Objects.Scene::preRender@3 (line 123)
  0x000001b30ff9c1e4: f87b fcff 

  0x000001b30ff9c1e8: ;   {other}
  0x000001b30ff9c1e8: 0f1f 8400 | 5802 0000 | 4c8b 1424 | 458b 521c 

  0x000001b30ff9c1f8: ; implicit exception: dispatches to 0x000001b30ff9c37b
  0x000001b30ff9c1f8: 438b 54d4 

  0x000001b30ff9c1fc: ;   {static_call}
  0x000001b30ff9c1fc: 1466 90e8 

  0x000001b30ff9c200: ; ImmutableOopMap {[0]=Oop }
                      ;*invokestatic glUseProgram {reexecute=0 rethrow=0 return_oop=0}
                      ; - org.lwjgl.opengl.GL20::glUseProgram@1 (line 398)
                      ; - com.bedrye.bjge.GameEngine.Util.Shaders.BasicProgramShader::Run@4 (line 57)
                      ; - com.bedrye.bjge.GameEngine.Objects.Scene::preRender@10 (line 124)
  0x000001b30ff9c200: dc62 fbff 

  0x000001b30ff9c204: ;   {other}
  0x000001b30ff9c204: 0f1f 8400 | 7402 0001 | 4c8b 1424 | 458b 521c | 4585 d20f | 84d1 0000 | 004b 8d14 

  0x000001b30ff9c220: ;   {oop("directionalLight.intensity"{0x0000000704879c10})}
  0x000001b30ff9c220: d449 b810 | 9c87 0407 

  0x000001b30ff9c228: ;   {optimized virtual_call}
  0x000001b30ff9c228: 0000 00e8 

  0x000001b30ff9c22c: ; ImmutableOopMap {[0]=Oop }
                      ;*invokevirtual getKey {reexecute=0 rethrow=0 return_oop=0}
                      ; - com.bedrye.bjge.GameEngine.Util.Shaders.ShaderProgram::uploadFloat@2 (line 77)
                      ; - com.bedrye.bjge.GameEngine.Objects.Scene::preRender@23 (line 125)
  0x000001b30ff9c22c: 10cf fdff 

  0x000001b30ff9c230: ;   {other}
  0x000001b30ff9c230: 0f1f 8400 | a002 0002 | 8bd0 c5f8 

  0x000001b30ff9c23c: ;   {static_call}
  0x000001b30ff9c23c: 57c0 90e8 

  0x000001b30ff9c240: ; ImmutableOopMap {[0]=Oop }
                      ;*invokestatic glUniform1f {reexecute=0 rethrow=0 return_oop=0}
                      ; - org.lwjgl.opengl.GL20::glUniform1f@2 (line 425)
                      ; - com.bedrye.bjge.GameEngine.Util.Shaders.ShaderProgram::uploadFloat@11 (line 78)
                      ; - com.bedrye.bjge.GameEngine.Objects.Scene::preRender@23 (line 125)
  0x000001b30ff9c240: 1c08 fdff 

  0x000001b30ff9c244: ;   {other}
  0x000001b30ff9c244: 0f1f 8400 | b402 0003 

  0x000001b30ff9c24c: ;   {oop(a 'java/lang/Class'{0x0000000703800190} = 'com/bedrye/bjge/GameEngine/EngineManager')}
  0x000001b30ff9c24c: 49ba 9001 | 8003 0700 | 0000 418b | 6a70 458b | 5cec 4847 | 8b54 dc1c | 4585 d20f | 8493 0000 
  0x000001b30ff9c26c: 004b 8d14 

  0x000001b30ff9c270: ;   {oop("ambientLight"{0x0000000704879bd8})}
  0x000001b30ff9c270: d449 b8d8 | 9b87 0407 

  0x000001b30ff9c278: ;   {optimized virtual_call}
  0x000001b30ff9c278: 0000 00e8 

  0x000001b30ff9c27c: ; ImmutableOopMap {[0]=Oop }
                      ;*invokevirtual getKey {reexecute=0 rethrow=0 return_oop=0}
                      ; - com.bedrye.bjge.GameEngine.Util.Shaders.ShaderProgram::uploadVec3f@2 (line 67)
                      ; - com.bedrye.bjge.GameEngine.Objects.Scene::preRender@44 (line 126)
  0x000001b30ff9c27c: c0ce fdff 

  0x000001b30ff9c280: ;   {other}
  0x000001b30ff9c280: 0f1f 8400 | f002 0004 | 8bd0 c5f8 | 57c0 c5f0 | 57c9 c5e8 

  0x000001b30ff9c294: ;   {static_call}
  0x000001b30ff9c294: 57d2 90e8 

  0x000001b30ff9c298: ; ImmutableOopMap {[0]=Oop }
                      ;*invokestatic glUniform3f {reexecute=0 rethrow=0 return_oop=0}
                      ; - org.lwjgl.opengl.GL20::glUniform3f@4 (line 456)
                      ; - com.bedrye.bjge.GameEngine.Util.Shaders.ShaderProgram::uploadVec3f@19 (line 68)
                      ; - com.bedrye.bjge.GameEngine.Objects.Scene::preRender@44 (line 126)
  0x000001b30ff9c298: 447f fcff 

  0x000001b30ff9c29c: ;   {other}
  0x000001b30ff9c29c: 0f1f 8400 | 0c03 0005 | bac0 8400 

  0x000001b30ff9c2a8: ;   {static_call}
  0x000001b30ff9c2a8: 0066 90e8 

  0x000001b30ff9c2ac: ; ImmutableOopMap {[0]=Oop }
                      ;*invokestatic glActiveTexture {reexecute=0 rethrow=0 return_oop=0}
                      ; - org.lwjgl.opengl.GL13::glActiveTexture@1 (line 570)
                      ; - com.bedrye.bjge.GameEngine.Objects.Scene::preRender@49 (line 127)
  0x000001b30ff9c2ac: 3066 fbff 

  0x000001b30ff9c2b0: ;   {other}
  0x000001b30ff9c2b0: 0f1f 8400 | 2003 0006 | 4c8b 1424 | 418b 6a18 

  0x000001b30ff9c2c0: ; implicit exception: dispatches to 0x000001b30ff9c3a4
  0x000001b30ff9c2c0: 458b 5cec 

  0x000001b30ff9c2c4: ;   {metadata('java/util/ArrayList')}
  0x000001b30ff9c2c4: 0841 81fb | 48ad 0b00 | 7546 4d8d | 14ec 458b | 4210 4585 | c07f 4d48 | 83c4 305d 

  0x000001b30ff9c2e0: ;   {poll_return}
  0x000001b30ff9c2e0: 493b a750 | 0400 000f | 87df 0000 | 00c3 baf6 

  0x000001b30ff9c2f0: ;   {runtime_call UncommonTrapBlob}
  0x000001b30ff9c2f0: ffff ffe8 

  0x000001b30ff9c2f4: ; ImmutableOopMap {}
                      ;*invokevirtual uploadFloat {reexecute=0 rethrow=0 return_oop=0}
                      ; - com.bedrye.bjge.GameEngine.Objects.Scene::preRender@23 (line 125)
  0x000001b30ff9c2f4: 08ba 96ff 

  0x000001b30ff9c2f8: ;   {other}
  0x000001b30ff9c2f8: 0f1f 8400 | 6803 0007 | baf6 ffff 

  0x000001b30ff9c304: ;   {runtime_call UncommonTrapBlob}
  0x000001b30ff9c304: ff66 90e8 

  0x000001b30ff9c308: ; ImmutableOopMap {}
                      ;*invokevirtual uploadVec3f {reexecute=0 rethrow=0 return_oop=0}
                      ; - com.bedrye.bjge.GameEngine.Objects.Scene::preRender@44 (line 126)
  0x000001b30ff9c308: f4b9 96ff 

  0x000001b30ff9c30c: ;   {other}
  0x000001b30ff9c30c: 0f1f 8400 | 7c03 0008 | bade ffff 

  0x000001b30ff9c318: ;   {runtime_call UncommonTrapBlob}
  0x000001b30ff9c318: ff66 90e8 

  0x000001b30ff9c31c: ; ImmutableOopMap {rbp=NarrowOop }
                      ;*invokeinterface forEach {reexecute=0 rethrow=0 return_oop=0}
                      ; - com.bedrye.bjge.GameEngine.Objects.Scene::preRender@61 (line 128)
  0x000001b30ff9c31c: e0b9 96ff 

  0x000001b30ff9c320: ;   {other}
  0x000001b30ff9c320: 0f1f 8400 | 9003 0009 | 458b 5a14 | 418b 6a0c | ba45 ffff | ff4c 8914 | 2444 895c | 2408 4489 
  0x000001b30ff9c340: ;   {runtime_call UncommonTrapBlob}
  0x000001b30ff9c340: 4424 10e8 

  0x000001b30ff9c344: ; ImmutableOopMap {[0]=Oop [8]=NarrowOop }
                      ;*if_icmpge {reexecute=1 rethrow=0 return_oop=0}
                      ; - (reexecute) java.util.ArrayList::forEach@36 (line 1595)
                      ; - com.bedrye.bjge.GameEngine.Objects.Scene::preRender@61 (line 128)
  0x000001b30ff9c344: b8b9 96ff 

  0x000001b30ff9c348: ;   {other}
  0x000001b30ff9c348: 0f1f 8400 | b803 000a | 488b d0eb | 1c48 8bd0 | eb17 488b | d0eb 1248 | 8bd0 eb0d | 488b d0eb 
  0x000001b30ff9c368: 0848 8bd0 | eb03 488b | d048 83c4 

  0x000001b30ff9c374: ;   {runtime_call _rethrow_Java}
  0x000001b30ff9c374: 305d e985 | 7ba4 ffba | f6ff ffff 

  0x000001b30ff9c380: ;   {runtime_call UncommonTrapBlob}
  0x000001b30ff9c380: 6666 90e8 

  0x000001b30ff9c384: ; ImmutableOopMap {}
                      ;*invokevirtual Run {reexecute=0 rethrow=0 return_oop=0}
                      ; - com.bedrye.bjge.GameEngine.Objects.Scene::preRender@10 (line 124)
  0x000001b30ff9c384: 78b9 96ff 

  0x000001b30ff9c388: ;   {other}
  0x000001b30ff9c388: 0f1f 8400 | f803 000b | baf6 ffff 

  0x000001b30ff9c394: ;   {runtime_call UncommonTrapBlob}
  0x000001b30ff9c394: ff66 90e8 

  0x000001b30ff9c398: ; ImmutableOopMap {}
                      ;*invokevirtual getShaderProgram {reexecute=0 rethrow=0 return_oop=0}
                      ; - com.bedrye.bjge.GameEngine.Objects.Scene::preRender@32 (line 126)
  0x000001b30ff9c398: 64b9 96ff 

  0x000001b30ff9c39c: ;   {other}
  0x000001b30ff9c39c: 0f1f 8400 | 0c04 000c | baf6 ffff 

  0x000001b30ff9c3a8: ;   {runtime_call UncommonTrapBlob}
  0x000001b30ff9c3a8: ff66 90e8 

  0x000001b30ff9c3ac: ; ImmutableOopMap {}
                      ;*invokeinterface forEach {reexecute=0 rethrow=0 return_oop=0}
                      ; - com.bedrye.bjge.GameEngine.Objects.Scene::preRender@61 (line 128)
  0x000001b30ff9c3ac: 50b9 96ff 

  0x000001b30ff9c3b0: ;   {other}
  0x000001b30ff9c3b0: 0f1f 8400 | 2004 000d | ba45 ffff 

  0x000001b30ff9c3bc: ;   {runtime_call UncommonTrapBlob}
  0x000001b30ff9c3bc: ff66 90e8 

  0x000001b30ff9c3c0: ; ImmutableOopMap {rbp=NarrowOop [0]=Oop }
                      ;*ifnonnull {reexecute=1 rethrow=0 return_oop=0}
                      ; - (reexecute) com.bedrye.bjge.GameEngine.EngineManager::getInstance@3 (line 107)
                      ; - com.bedrye.bjge.GameEngine.Objects.Scene::preRender@26 (line 126)
  0x000001b30ff9c3c0: 3cb9 96ff 

  0x000001b30ff9c3c4: ;   {other}
  0x000001b30ff9c3c4: 0f1f 8400 | 3404 000e 

  0x000001b30ff9c3cc: ;   {internal_word}
  0x000001b30ff9c3cc: 49ba e0c2 | f90f b301 | 0000 4d89 | 9768 0400 

  0x000001b30ff9c3dc: ;   {runtime_call SafepointBlob}
  0x000001b30ff9c3dc: 00e9 9ea7 

  0x000001b30ff9c3e0: ;   {runtime_call StubRoutines (final stubs)}
  0x000001b30ff9c3e0: 96ff e899 | 9994 ffe9 | eefd ffff | f4f4 f4f4 
[Stub Code]
  0x000001b30ff9c3f0: ;   {no_reloc}
  0x000001b30ff9c3f0: 48bb 0000 | 0000 0000 

  0x000001b30ff9c3f8: ;   {runtime_call}
  0x000001b30ff9c3f8: 0000 e9fb 

  0x000001b30ff9c3fc: ;   {static_stub}
  0x000001b30ff9c3fc: ffff ff48 | bb00 0000 | 0000 0000 

  0x000001b30ff9c408: ;   {runtime_call}
  0x000001b30ff9c408: 00e9 fbff 

  0x000001b30ff9c40c: ;   {static_stub}
  0x000001b30ff9c40c: ffff 48bb | 0000 0000 | 0000 0000 

  0x000001b30ff9c418: ;   {runtime_call}
  0x000001b30ff9c418: e9fb ffff 

  0x000001b30ff9c41c: ;   {static_stub}
  0x000001b30ff9c41c: ff48 bb00 | 0000 0000 

  0x000001b30ff9c424: ;   {runtime_call}
  0x000001b30ff9c424: 0000 00e9 | fbff ffff 

  0x000001b30ff9c42c: ;   {static_stub}
  0x000001b30ff9c42c: 48bb 0000 | 0000 0000 

  0x000001b30ff9c434: ;   {runtime_call}
  0x000001b30ff9c434: 0000 e9fb 

  0x000001b30ff9c438: ;   {static_stub}
  0x000001b30ff9c438: ffff ff48 | bb00 0000 | 0000 0000 

  0x000001b30ff9c444: ;   {runtime_call}
  0x000001b30ff9c444: 00e9 fbff 

  0x000001b30ff9c448: ;   {runtime_call ExceptionBlob}
  0x000001b30ff9c448: ffff e9b1 | 1ca4 ffe8 | 0000 0000 | 4883 2c24 

  0x000001b30ff9c458: ;   {runtime_call DeoptimizationBlob}
  0x000001b30ff9c458: 05e9 c2bb | 96ff f4f4 
[/MachCode]


---------------  P R O C E S S  ---------------

Threads class SMR info:
_java_thread_list=0x000001b364167470, length=14, elements={
0x000001b37c62a6a0, 0x000001b31df1e6b0, 0x000001b31df1f400, 0x000001b31df276d0,
0x000001b31df29360, 0x000001b31df2e0e0, 0x000001b31df32c00, 0x000001b31df37c40,
0x000001b31df54cb0, 0x000001b31df2fe10, 0x000001b31df304a0, 0x000001b31df311c0,
0x000001b36470ad20, 0x000001b36476a450
}

Java Threads: ( => current thread )
=>0x000001b37c62a6a0 JavaThread "main"                              [_thread_in_native, id=24776, stack(0x0000000100600000,0x0000000100700000) (1024K)]
  0x000001b31df1e6b0 JavaThread "Reference Handler"          daemon [_thread_blocked, id=19580, stack(0x0000000100e00000,0x0000000100f00000) (1024K)]
  0x000001b31df1f400 JavaThread "Finalizer"                  daemon [_thread_blocked, id=20080, stack(0x0000000100f00000,0x0000000101000000) (1024K)]
  0x000001b31df276d0 JavaThread "Signal Dispatcher"          daemon [_thread_blocked, id=23696, stack(0x0000000101000000,0x0000000101100000) (1024K)]
  0x000001b31df29360 JavaThread "Attach Listener"            daemon [_thread_blocked, id=33812, stack(0x0000000101100000,0x0000000101200000) (1024K)]
  0x000001b31df2e0e0 JavaThread "Service Thread"             daemon [_thread_blocked, id=1752, stack(0x0000000101200000,0x0000000101300000) (1024K)]
  0x000001b31df32c00 JavaThread "Monitor Deflation Thread"   daemon [_thread_blocked, id=12480, stack(0x0000000101300000,0x0000000101400000) (1024K)]
  0x000001b31df37c40 JavaThread "C2 CompilerThread0"         daemon [_thread_blocked, id=32116, stack(0x0000000101400000,0x0000000101500000) (1024K)]
  0x000001b31df54cb0 JavaThread "C1 CompilerThread0"         daemon [_thread_blocked, id=22656, stack(0x0000000101500000,0x0000000101600000) (1024K)]
  0x000001b31df2fe10 JavaThread "Common-Cleaner"             daemon [_thread_blocked, id=21512, stack(0x0000000101600000,0x0000000101700000) (1024K)]
  0x000001b31df304a0 JavaThread "Monitor Ctrl-Break"         daemon [_thread_in_native, id=32200, stack(0x0000000101900000,0x0000000101a00000) (1024K)]
  0x000001b31df311c0 JavaThread "Notification Thread"        daemon [_thread_blocked, id=32748, stack(0x0000000101a00000,0x0000000101b00000) (1024K)]
  0x000001b36470ad20 JavaThread "FileSystemWatchService"     daemon [_thread_in_native, id=3860, stack(0x0000000101700000,0x0000000101800000) (1024K)]
  0x000001b36476a450 JavaThread "BJE-Asset-Watcher"          daemon [_thread_blocked, id=10468, stack(0x0000000102700000,0x0000000102800000) (1024K)]
Total: 14

Other Threads:
  0x000001b31deffea0 VMThread "VM Thread"                           [id=14392, stack(0x0000000100d00000,0x0000000100e00000) (1024K)]
  0x000001b31dee70c0 WatcherThread "VM Periodic Task Thread"        [id=33716, stack(0x0000000100c00000,0x0000000100d00000) (1024K)]
  0x000001b37e9d8920 WorkerThread "GC Thread#0"                     [id=22208, stack(0x0000000100700000,0x0000000100800000) (1024K)]
  0x000001b3639d58b0 WorkerThread "GC Thread#1"                     [id=28948, stack(0x0000000101b00000,0x0000000101c00000) (1024K)]
  0x000001b3639d5c50 WorkerThread "GC Thread#2"                     [id=11732, stack(0x0000000101c00000,0x0000000101d00000) (1024K)]
  0x000001b3639d5ff0 WorkerThread "GC Thread#3"                     [id=7836, stack(0x0000000101d00000,0x0000000101e00000) (1024K)]
  0x000001b3639d6390 WorkerThread "GC Thread#4"                     [id=11140, stack(0x0000000101e00000,0x0000000101f00000) (1024K)]
  0x000001b3639d6730 WorkerThread "GC Thread#5"                     [id=10540, stack(0x0000000101f00000,0x0000000102000000) (1024K)]
  0x000001b363a88940 WorkerThread "GC Thread#6"                     [id=6764, stack(0x0000000102000000,0x0000000102100000) (1024K)]
  0x000001b3648a8f50 WorkerThread "GC Thread#7"                     [id=16996, stack(0x0000000101800000,0x0000000101900000) (1024K)]
  0x000001b3648a92f0 WorkerThread "GC Thread#8"                     [id=14208, stack(0x0000000102600000,0x0000000102700000) (1024K)]
  0x000001b3648a9a30 WorkerThread "GC Thread#9"                     [id=32176, stack(0x0000000102800000,0x0000000102900000) (1024K)]
  0x000001b37e9e9590 ConcurrentGCThread "G1 Main Marker"            [id=10700, stack(0x0000000100800000,0x0000000100900000) (1024K)]
  0x000001b37e9eaf10 WorkerThread "G1 Conc#0"                       [id=14784, stack(0x0000000100900000,0x0000000100a00000) (1024K)]
  0x000001b3648a9dd0 WorkerThread "G1 Conc#1"                       [id=29668, stack(0x0000000102900000,0x0000000102a00000) (1024K)]
  0x000001b3648aa170 WorkerThread "G1 Conc#2"                       [id=32696, stack(0x0000000102a00000,0x0000000102b00000) (1024K)]
  0x000001b37ea2e490 ConcurrentGCThread "G1 Refine#0"               [id=16392, stack(0x0000000100a00000,0x0000000100b00000) (1024K)]
  0x000001b31ddbab00 ConcurrentGCThread "G1 Service"                [id=13384, stack(0x0000000100b00000,0x0000000100c00000) (1024K)]
Total: 18

Threads with active compile tasks:
Total: 0

VM state: not at safepoint (normal execution)

VM Mutex/Monitor currently owned by a thread: None

Heap address: 0x0000000703600000, size: 4042 MB, Compressed Oops mode: Zero based, Oop shift amount: 3

CDS archive(s) mapped at: [0x000001b31e000000-0x000001b31ec90000-0x000001b31ec90000), size 13172736, SharedBaseAddress: 0x000001b31e000000, ArchiveRelocationMode: 1.
Compressed class space mapped at: 0x000001b31f000000-0x000001b35f000000, reserved size: 1073741824
Narrow klass base: 0x000001b31e000000, Narrow klass shift: 0, Narrow klass range: 0x100000000

GC Precious Log:
 CardTable entry size: 512
 Card Set container configuration: InlinePtr #cards 4 size 8 Array Of Cards #cards 16 size 48 Howl #buckets 8 coarsen threshold 3686 Howl Bitmap #cards 512 size 80 coarsen threshold 460 Card regions per heap region 1 cards per card region 4096
 CPUs: 12 total, 12 available
 Memory: 16163M
 Large Page Support: Disabled
 NUMA Support: Disabled
 Compressed Oops: Enabled (Zero based)
 Heap Region Size: 2M
 Heap Min Capacity: 8M
 Heap Initial Capacity: 254M
 Heap Max Capacity: 4042M
 Pre-touch: Disabled
 Parallel Workers: 10
 Concurrent Workers: 3
 Concurrent Refinement Workers: 10
 Periodic GC: Disabled

Heap:
 garbage-first heap   total 49152K, used 30175K [0x0000000703600000, 0x0000000800000000)
  region size 2048K, 13 young (26624K), 1 survivors (2048K)
 Metaspace       used 21533K, committed 21760K, reserved 1114112K
  class space    used 1930K, committed 2048K, reserved 1048576K

Heap Regions: E=young(eden), S=young(survivor), O=old, HS=humongous(starts), HC=humongous(continues), CS=collection set, F=free, TAMS=top-at-mark-start, PB=parsable bottom
|   0|0x0000000703600000, 0x0000000703600000, 0x0000000703800000|  0%| F|  |TAMS 0x0000000703600000| PB 0x0000000703600000| Untracked 
|   1|0x0000000703800000, 0x0000000703a00000, 0x0000000703a00000|100%| O|  |TAMS 0x0000000703800000| PB 0x0000000703800000| Untracked 
|   2|0x0000000703a00000, 0x0000000703c00000, 0x0000000703c00000|100%| O|  |TAMS 0x0000000703a00000| PB 0x0000000703a00000| Untracked 
|   3|0x0000000703c00000, 0x0000000703dd3a00, 0x0000000703e00000| 91%| O|  |TAMS 0x0000000703c00000| PB 0x0000000703c00000| Untracked 
|   4|0x0000000703e00000, 0x0000000703e00000, 0x0000000704000000|  0%| F|  |TAMS 0x0000000703e00000| PB 0x0000000703e00000| Untracked 
|   5|0x0000000704000000, 0x0000000704000000, 0x0000000704200000|  0%| F|  |TAMS 0x0000000704000000| PB 0x0000000704000000| Untracked 
|   6|0x0000000704200000, 0x0000000704200000, 0x0000000704400000|  0%| F|  |TAMS 0x0000000704200000| PB 0x0000000704200000| Untracked 
|   7|0x0000000704400000, 0x0000000704400000, 0x0000000704600000|  0%| F|  |TAMS 0x0000000704400000| PB 0x0000000704400000| Untracked 
|   8|0x0000000704600000, 0x0000000704600000, 0x0000000704800000|  0%| F|  |TAMS 0x0000000704600000| PB 0x0000000704600000| Untracked 
|   9|0x0000000704800000, 0x00000007049a4400, 0x0000000704a00000| 82%| S|CS|TAMS 0x0000000704800000| PB 0x0000000704800000| Complete 
|  10|0x0000000704a00000, 0x0000000704a00000, 0x0000000704c00000|  0%| F|  |TAMS 0x0000000704a00000| PB 0x0000000704a00000| Untracked 
|  11|0x0000000704c00000, 0x0000000704c00000, 0x0000000704e00000|  0%| F|  |TAMS 0x0000000704c00000| PB 0x0000000704c00000| Untracked 
|  12|0x0000000704e00000, 0x0000000704e7ef28, 0x0000000705000000| 24%| E|  |TAMS 0x0000000704e00000| PB 0x0000000704e00000| Complete 
|  13|0x0000000705000000, 0x0000000705200000, 0x0000000705200000|100%| E|CS|TAMS 0x0000000705000000| PB 0x0000000705000000| Complete 
|  14|0x0000000705200000, 0x0000000705400000, 0x0000000705400000|100%| E|CS|TAMS 0x0000000705200000| PB 0x0000000705200000| Complete 
|  15|0x0000000705400000, 0x0000000705600000, 0x0000000705600000|100%| E|CS|TAMS 0x0000000705400000| PB 0x0000000705400000| Complete 
|  16|0x0000000705600000, 0x0000000705800000, 0x0000000705800000|100%| E|CS|TAMS 0x0000000705600000| PB 0x0000000705600000| Complete 
|  17|0x0000000705800000, 0x0000000705a00000, 0x0000000705a00000|100%| E|CS|TAMS 0x0000000705800000| PB 0x0000000705800000| Complete 
|  18|0x0000000705a00000, 0x0000000705c00000, 0x0000000705c00000|100%| E|CS|TAMS 0x0000000705a00000| PB 0x0000000705a00000| Complete 
| 121|0x0000000712800000, 0x0000000712a00000, 0x0000000712a00000|100%| E|CS|TAMS 0x0000000712800000| PB 0x0000000712800000| Complete 
| 122|0x0000000712a00000, 0x0000000712c00000, 0x0000000712c00000|100%| E|CS|TAMS 0x0000000712a00000| PB 0x0000000712a00000| Complete 
| 123|0x0000000712c00000, 0x0000000712e00000, 0x0000000712e00000|100%| E|CS|TAMS 0x0000000712c00000| PB 0x0000000712c00000| Complete 
| 124|0x0000000712e00000, 0x0000000713000000, 0x0000000713000000|100%| E|CS|TAMS 0x0000000712e00000| PB 0x0000000712e00000| Complete 
| 126|0x0000000713200000, 0x0000000713400000, 0x0000000713400000|100%| E|CS|TAMS 0x0000000713200000| PB 0x0000000713200000| Complete 

Card table byte_map: [0x000001b37f770000,0x000001b37ff60000] _byte_map_base: 0x000001b37bf55000

Marking Bits: (CMBitMap*) 0x000001b37e9d9020
 Bits: [0x000001b317380000, 0x000001b31b2a8000)

Polling page: 0x000001b37c890000

Metaspace:

Usage:
  Non-class:     19.14 MB used.
      Class:      1.89 MB used.
       Both:     21.03 MB used.

Virtual space:
  Non-class space:       64.00 MB reserved,      19.25 MB ( 30%) committed,  1 nodes.
      Class space:        1.00 GB reserved,       2.00 MB ( <1%) committed,  1 nodes.
             Both:        1.06 GB reserved,      21.25 MB (  2%) committed. 

Chunk freelists:
   Non-Class:  12.14 MB
       Class:  14.03 MB
        Both:  26.17 MB

MaxMetaspaceSize: unlimited
CompressedClassSpaceSize: 1.00 GB
Initial GC threshold: 21.00 MB
Current GC threshold: 35.12 MB
CDS: on
 - commit_granule_bytes: 65536.
 - commit_granule_words: 8192.
 - virtual_space_node_default_size: 8388608.
 - enlarge_chunks_in_place: 1.
 - use_allocation_guard: 0.


Internal statistics:

num_allocs_failed_limit: 3.
num_arena_births: 168.
num_arena_deaths: 0.
num_vsnodes_births: 2.
num_vsnodes_deaths: 0.
num_space_committed: 338.
num_space_uncommitted: 0.
num_chunks_returned_to_freelist: 3.
num_chunks_taken_from_freelist: 807.
num_chunk_merges: 0.
num_chunk_splits: 608.
num_chunks_enlarged: 507.
num_inconsistent_stats: 0.

CodeHeap 'non-profiled nmethods': size=120000Kb used=1348Kb max_used=1348Kb free=118651Kb
 bounds [0x000001b30fe50000, 0x000001b3100c0000, 0x000001b317380000]
CodeHeap 'profiled nmethods': size=120000Kb used=5196Kb max_used=5196Kb free=114803Kb
 bounds [0x000001b308380000, 0x000001b3088a0000, 0x000001b30f8b0000]
CodeHeap 'non-nmethods': size=5760Kb used=2965Kb max_used=2999Kb free=2794Kb
 bounds [0x000001b30f8b0000, 0x000001b30fbb0000, 0x000001b30fe50000]
 total_blobs=4519 nmethods=3088 adapters=1335
 compilation: enabled
              stopped_count=0, restarted_count=0
 full_count=0

Compilation events (20 events):
Event: 56.747 Thread 0x000001b31df37c40 nmethod 3080 0x000001b30ff99410 code [0x000001b30ff995a0, 0x000001b30ff99670]
Event: 56.768 Thread 0x000001b31df55380 nmethod 3078 0x000001b30ff99710 code [0x000001b30ff99ae0, 0x000001b30ff9adc0]
Event: 63.846 Thread 0x000001b31df37c40 3081       4       com.bedrye.bjge.GameEngine.Objects.Scene::preRender (67 bytes)
Event: 63.848 Thread 0x000001b31df37c40 nmethod 3081 0x000001b30ff9bf90 code [0x000001b30ff9c1a0, 0x000001b30ff9c460]
Event: 63.849 Thread 0x000001b31df37c40 3082       4       com.bedrye.bjge.GameEngine.Objects.BJEEditorScene::render (48 bytes)
Event: 63.849 Thread 0x000001b31df52aa0 3083       4       com.bedrye.bjge.GameEngine.Objects.Camera::render (55 bytes)
Event: 63.849 Thread 0x000001b31df51d00 3084       4       com.bedrye.bjge.GameEngine.Objects.BJEEditorScene::renderGizmos (93 bytes)
Event: 63.850 Thread 0x000001b31df51d00 nmethod 3084 0x000001b30ff9c890 code [0x000001b30ff9ca60, 0x000001b30ff9cbf8]
Event: 63.850 Thread 0x000001b31df51d00 3085       4       com.bedrye.bjge.GameEngine.Util.BJEFrameBuffer::unbind (7 bytes)
Event: 63.850 Thread 0x000001b31df51d00 nmethod 3085 0x000001b30ff9ce10 code [0x000001b30ff9cfa0, 0x000001b30ff9d058]
Event: 63.850 Thread 0x000001b31df51d00 3086       4       com.bedrye.bjge.GameEngine.Objects.Editor.BJEResourceManager::update (25 bytes)
Event: 63.854 Thread 0x000001b31df51d00 nmethod 3086 0x000001b30ff9d110 code [0x000001b30ff9d2e0, 0x000001b30ff9d540]
Event: 63.854 Thread 0x000001b31df51d00 3087       4       java.util.concurrent.ConcurrentSkipListSet::clear (10 bytes)
Event: 63.855 Thread 0x000001b31df51d00 nmethod 3087 0x000001b30ff9d910 code [0x000001b30ff9daa0, 0x000001b30ff9db88]
Event: 63.863 Thread 0x000001b31df52aa0 nmethod 3083 0x000001b30ff9dc90 code [0x000001b30ff9dee0, 0x000001b30ff9e650]
Event: 63.864 Thread 0x000001b31df37c40 nmethod 3082 0x000001b30ff9f110 code [0x000001b30ff9f3e0, 0x000001b30ff9fd70]
Event: 66.513 Thread 0x000001b31df51d00 3088       4       org.lwjgl.opengl.GL11::glClear (5 bytes)
Event: 66.513 Thread 0x000001b31df51d00 nmethod 3088 0x000001b30ffa0b10 code [0x000001b30ffa0ca0, 0x000001b30ffa0d30]
Event: 70.957 Thread 0x000001b31df51d00 3089       4       org.lwjgl.glfw.GLFW::glfwSwapBuffers (21 bytes)
Event: 70.957 Thread 0x000001b31df51d00 nmethod 3089 0x000001b30ffa0e10 code [0x000001b30ffa0fa0, 0x000001b30ffa1070]

GC Heap History (10 events):
Event: 0.494 GC heap before
{Heap before GC invocations=0 (full 0):
 garbage-first heap   total 260096K, used 20480K [0x0000000703600000, 0x0000000800000000)
  region size 2048K, 11 young (22528K), 0 survivors (0K)
 Metaspace       used 3912K, committed 4096K, reserved 1114112K
  class space    used 335K, committed 448K, reserved 1048576K
}
Event: 0.497 GC heap after
{Heap after GC invocations=1 (full 0):
 garbage-first heap   total 260096K, used 2474K [0x0000000703600000, 0x0000000800000000)
  region size 2048K, 2 young (4096K), 2 survivors (4096K)
 Metaspace       used 3912K, committed 4096K, reserved 1114112K
  class space    used 335K, committed 448K, reserved 1048576K
}
Event: 3.114 GC heap before
{Heap before GC invocations=1 (full 0):
 garbage-first heap   total 260096K, used 39338K [0x0000000703600000, 0x0000000800000000)
  region size 2048K, 21 young (43008K), 2 survivors (4096K)
 Metaspace       used 19732K, committed 19968K, reserved 1114112K
  class space    used 1844K, committed 1920K, reserved 1048576K
}
Event: 3.119 GC heap after
{Heap after GC invocations=2 (full 0):
 garbage-first heap   total 260096K, used 6389K [0x0000000703600000, 0x0000000800000000)
  region size 2048K, 3 young (6144K), 3 survivors (6144K)
 Metaspace       used 19732K, committed 19968K, reserved 1114112K
  class space    used 1844K, committed 1920K, reserved 1048576K
}
Event: 3.259 GC heap before
{Heap before GC invocations=2 (full 0):
 garbage-first heap   total 260096K, used 8437K [0x0000000703600000, 0x0000000800000000)
  region size 2048K, 5 young (10240K), 3 survivors (6144K)
 Metaspace       used 21318K, committed 21504K, reserved 1114112K
  class space    used 1927K, committed 2048K, reserved 1048576K
}
Event: 3.262 GC heap after
{Heap after GC invocations=3 (full 0):
 garbage-first heap   total 260096K, used 6848K [0x0000000703600000, 0x0000000800000000)
  region size 2048K, 4 young (8192K), 4 survivors (8192K)
 Metaspace       used 21318K, committed 21504K, reserved 1114112K
  class space    used 1927K, committed 2048K, reserved 1048576K
}
Event: 48.924 GC heap before
{Heap before GC invocations=4 (full 0):
 garbage-first heap   total 40960K, used 37568K [0x0000000703600000, 0x0000000800000000)
  region size 2048K, 19 young (38912K), 4 survivors (8192K)
 Metaspace       used 21531K, committed 21760K, reserved 1114112K
  class space    used 1930K, committed 2048K, reserved 1048576K
}
Event: 48.930 GC heap after
{Heap after GC invocations=5 (full 0):
 garbage-first heap   total 49152K, used 7702K [0x0000000703600000, 0x0000000800000000)
  region size 2048K, 4 young (8192K), 4 survivors (8192K)
 Metaspace       used 21531K, committed 21760K, reserved 1114112K
  class space    used 1930K, committed 2048K, reserved 1048576K
}
Event: 80.832 GC heap before
{Heap before GC invocations=5 (full 0):
 garbage-first heap   total 49152K, used 28182K [0x0000000703600000, 0x0000000800000000)
  region size 2048K, 14 young (28672K), 4 survivors (8192K)
 Metaspace       used 21533K, committed 21760K, reserved 1114112K
  class space    used 1930K, committed 2048K, reserved 1048576K
}
Event: 80.839 GC heap after
{Heap after GC invocations=6 (full 0):
 garbage-first heap   total 49152K, used 7647K [0x0000000703600000, 0x0000000800000000)
  region size 2048K, 1 young (2048K), 1 survivors (2048K)
 Metaspace       used 21533K, committed 21760K, reserved 1114112K
  class space    used 1930K, committed 2048K, reserved 1048576K
}

Dll operation events (14 events):
Event: 0.010 Loaded shared library C:\Users\stas2\.jdks\openjdk-21.0.1\bin\java.dll
Event: 0.038 Loaded shared library C:\Users\stas2\.jdks\openjdk-21.0.1\bin\jsvml.dll
Event: 0.074 Loaded shared library C:\Users\stas2\.jdks\openjdk-21.0.1\bin\net.dll
Event: 0.076 Loaded shared library C:\Users\stas2\.jdks\openjdk-21.0.1\bin\nio.dll
Event: 0.080 Loaded shared library C:\Users\stas2\.jdks\openjdk-21.0.1\bin\zip.dll
Event: 0.217 Loaded shared library C:\Users\stas2\.jdks\openjdk-21.0.1\bin\zip.dll
Event: 0.221 Loaded shared library C:\Users\stas2\.jdks\openjdk-21.0.1\bin\instrument.dll
Event: 0.247 Loaded shared library C:\IntelliJ IDEA Community Edition 2021.3.2\IntelliJ IDEA Community Edition 2023.2.1\bin\breakgen64.dll
Event: 0.438 Loaded shared library C:\Users\stas2\.jdks\openjdk-21.0.1\bin\jimage.dll
Event: 0.663 Loaded shared library C:\Users\stas2\AppData\Local\Temp\lwjgl_stas2\3.3.4+7\x64\lwjgl.dll
Event: 1.071 Loaded shared library C:\Users\stas2\AppData\Local\Temp\lwjgl_stas2\3.3.4+7\x64\lwjgl_opengl.dll
Event: 2.029 Loaded shared library C:\Users\stas2\AppData\Local\Temp\imgui-java-natives\1.89.0\imgui-java64.dll
Event: 2.168 Loaded shared library C:\Users\stas2\.jdks\openjdk-21.0.1\bin\verify.dll
Event: 2.258 Loaded shared library C:\Users\stas2\AppData\Local\Temp\lwjgl_stas2\3.3.4+7\x64\lwjgl_stb.dll

Deoptimization events (20 events):
Event: 2.955 Thread 0x000001b37c62a6a0 Uncommon trap: trap_request=0xffffff66 fr.pc=0x000001b30ff30e04 relative=0x0000000000000064
Event: 2.955 Thread 0x000001b37c62a6a0 Uncommon trap: reason=speculate_class_check action=maybe_recompile pc=0x000001b30ff30e04 method=java.lang.invoke.Invokers$Holder.linkToTargetMethod(Ljava/lang/Object;Ljava/lang/Object;)Ljava/lang/Object; @ 1 c2
Event: 2.955 Thread 0x000001b37c62a6a0 DEOPT PACKING pc=0x000001b30ff30e04 sp=0x00000001006fead0
Event: 2.955 Thread 0x000001b37c62a6a0 DEOPT UNPACKING pc=0x000001b30f907da2 sp=0x00000001006fea60 mode 2
Event: 3.219 Thread 0x000001b37c62a6a0 Uncommon trap: trap_request=0xffffffc6 fr.pc=0x000001b30ff38008 relative=0x0000000000001548
Event: 3.219 Thread 0x000001b37c62a6a0 Uncommon trap: reason=bimorphic_or_optimized_type_check action=maybe_recompile pc=0x000001b30ff38008 method=java.util.regex.Pattern$Start.<init>(Ljava/util/regex/Pattern$Node;)V @ 22 c2
Event: 3.219 Thread 0x000001b37c62a6a0 DEOPT PACKING pc=0x000001b30ff38008 sp=0x00000001006fed70
Event: 3.219 Thread 0x000001b37c62a6a0 DEOPT UNPACKING pc=0x000001b30f907da2 sp=0x00000001006feca0 mode 2
Event: 3.253 Thread 0x000001b37c62a6a0 Uncommon trap: trap_request=0xffffff45 fr.pc=0x000001b30ff0b008 relative=0x0000000000000068
Event: 3.253 Thread 0x000001b37c62a6a0 Uncommon trap: reason=unstable_if action=reinterpret pc=0x000001b30ff0b008 method=java.util.LinkedHashMap.afterNodeInsertion(Z)V @ 1 c2
Event: 3.253 Thread 0x000001b37c62a6a0 DEOPT PACKING pc=0x000001b30ff0b008 sp=0x00000001006fe860
Event: 3.253 Thread 0x000001b37c62a6a0 DEOPT UNPACKING pc=0x000001b30f907da2 sp=0x00000001006fe7d0 mode 2
Event: 3.254 Thread 0x000001b37c62a6a0 Uncommon trap: trap_request=0xffffff45 fr.pc=0x000001b30ff2993c relative=0x0000000000000c3c
Event: 3.254 Thread 0x000001b37c62a6a0 Uncommon trap: reason=unstable_if action=reinterpret pc=0x000001b30ff2993c method=jdk.internal.org.objectweb.asm.SymbolTable.put(Ljdk/internal/org/objectweb/asm/SymbolTable$Entry;)Ljdk/internal/org/objectweb/asm/SymbolTable$Entry; @ 13 c2
Event: 3.254 Thread 0x000001b37c62a6a0 DEOPT PACKING pc=0x000001b30ff2993c sp=0x00000001006fe0a0
Event: 3.254 Thread 0x000001b37c62a6a0 DEOPT UNPACKING pc=0x000001b30f907da2 sp=0x00000001006fdfd8 mode 2
Event: 3.258 Thread 0x000001b37c62a6a0 Uncommon trap: trap_request=0xffffff54 fr.pc=0x000001b30fecc50c relative=0x000000000000006c
Event: 3.258 Thread 0x000001b37c62a6a0 Uncommon trap: reason=speculate_null_assert action=make_not_entrant pc=0x000001b30fecc50c method=sun.misc.Unsafe.getLong(Ljava/lang/Object;J)J @ 5 c2
Event: 3.258 Thread 0x000001b37c62a6a0 DEOPT PACKING pc=0x000001b30fecc50c sp=0x00000001006fee60
Event: 3.258 Thread 0x000001b37c62a6a0 DEOPT UNPACKING pc=0x000001b30f907da2 sp=0x00000001006fede8 mode 2

Classes loaded (20 events):
Event: 3.248 Loading class java/lang/reflect/ProxyGenerator$ProxyMethod
Event: 3.248 Loading class java/lang/reflect/ProxyGenerator$ProxyMethod done
Event: 3.249 Loading class java/lang/reflect/ProxyGenerator$PrimitiveTypeInfo
Event: 3.249 Loading class java/lang/reflect/ProxyGenerator$PrimitiveTypeInfo done
Event: 3.249 Loading class jdk/internal/org/objectweb/asm/Edge
Event: 3.250 Loading class jdk/internal/org/objectweb/asm/Edge done
Event: 3.250 Loading class java/lang/reflect/Proxy$ProxyBuilder$1
Event: 3.250 Loading class java/lang/reflect/Proxy$ProxyBuilder$1 done
Event: 3.251 Loading class java/lang/annotation/Target
Event: 3.251 Loading class java/lang/annotation/Target done
Event: 3.251 Loading class java/lang/reflect/UndeclaredThrowableException
Event: 3.252 Loading class java/lang/reflect/UndeclaredThrowableException done
Event: 3.257 Loading class java/lang/Class$AnnotationData
Event: 3.257 Loading class java/lang/Class$AnnotationData done
Event: 3.259 Loading class java/util/concurrent/ConcurrentSkipListMap$KeySet
Event: 3.262 Loading class java/util/concurrent/ConcurrentSkipListMap$KeySet done
Event: 3.262 Loading class java/util/concurrent/ConcurrentSkipListMap$KeyIterator
Event: 3.262 Loading class java/util/concurrent/ConcurrentSkipListMap$Iter
Event: 3.262 Loading class java/util/concurrent/ConcurrentSkipListMap$Iter done
Event: 3.262 Loading class java/util/concurrent/ConcurrentSkipListMap$KeyIterator done

Classes unloaded (0 events):
No events

Classes redefined (0 events):
No events

Internal exceptions (20 events):
Event: 2.256 Thread 0x000001b37c62a6a0 Exception <a 'sun/nio/fs/WindowsException'{0x00000007122c99d0}> (0x00000007122c99d0) 
thrown [s\open\src\hotspot\share\prims\jni.cpp, line 520]
Event: 2.256 Thread 0x000001b37c62a6a0 Exception <a 'sun/nio/fs/WindowsException'{0x00000007122c9d50}> (0x00000007122c9d50) 
thrown [s\open\src\hotspot\share\prims\jni.cpp, line 520]
Event: 2.258 Thread 0x000001b37c62a6a0 Exception <a 'sun/nio/fs/WindowsException'{0x00000007122cc0b0}> (0x00000007122cc0b0) 
thrown [s\open\src\hotspot\share\prims\jni.cpp, line 520]
Event: 2.521 Thread 0x000001b37c62a6a0 Exception <a 'java/lang/NoSuchMethodError'{0x00000007123f6758}: 'int java.lang.invoke.DirectMethodHandle$Holder.invokeVirtual(java.lang.Object, java.lang.Object, java.lang.Object)'> (0x00000007123f6758) 
thrown [s\open\src\hotspot\share\interpreter\linkResolver.cpp, line 773]
Event: 2.521 Thread 0x000001b37c62a6a0 Exception <a 'java/lang/NoSuchMethodError'{0x00000007123fc240}: 'void java.lang.invoke.DirectMethodHandle$Holder.invokeInterface(java.lang.Object, java.lang.Object, java.lang.Object)'> (0x00000007123fc240) 
thrown [s\open\src\hotspot\share\interpreter\linkResolver.cpp, line 773]
Event: 2.565 Thread 0x000001b37c62a6a0 Exception <a 'java/lang/NoSuchMethodError'{0x00000007120ff428}: 'int java.lang.invoke.DirectMethodHandle$Holder.invokeStaticInit(java.lang.Object, java.lang.Object)'> (0x00000007120ff428) 
thrown [s\open\src\hotspot\share\interpreter\linkResolver.cpp, line 773]
Event: 2.617 Thread 0x000001b37c62a6a0 Exception <a 'java/lang/NoSuchMethodError'{0x00000007121b48e8}: 'int java.lang.invoke.DirectMethodHandle$Holder.invokeVirtual(java.lang.Object, java.lang.Object)'> (0x00000007121b48e8) 
thrown [s\open\src\hotspot\share\interpreter\linkResolver.cpp, line 773]
Event: 2.619 Thread 0x000001b37c62a6a0 Exception <a 'java/lang/NoSuchMethodError'{0x00000007121d6138}: 'java.lang.Object java.lang.invoke.DirectMethodHandle$Holder.newInvokeSpecial(java.lang.Object, java.lang.Object, java.lang.Object, java.lang.Object, java.lang.Object)'> (0x00000007121d6138) 
thrown [s\open\src\hotspot\share\interpreter\linkResolver.cpp, line 773]
Event: 2.621 Thread 0x000001b37c62a6a0 Exception <a 'java/lang/NoSuchMethodError'{0x00000007121e2b80}: 'java.lang.Object java.lang.invoke.DirectMethodHandle$Holder.newInvokeSpecial(java.lang.Object, java.lang.Object, java.lang.Object, java.lang.Object, java.lang.Object, java.lang.Object)'> (0x00000007121e2b80) 
thrown [s\open\src\hotspot\share\interpreter\linkResolver.cpp, line 773]
Event: 2.636 Thread 0x000001b37c62a6a0 Exception <a 'java/lang/NoSuchMethodError'{0x0000000711e2e7a0}: 'int java.lang.invoke.DirectMethodHandle$Holder.invokeInterface(java.lang.Object, java.lang.Object)'> (0x0000000711e2e7a0) 
thrown [s\open\src\hotspot\share\interpreter\linkResolver.cpp, line 773]
Event: 2.637 Thread 0x000001b37c62a6a0 Exception <a 'sun/nio/fs/WindowsException'{0x0000000711e342f8}> (0x0000000711e342f8) 
thrown [s\open\src\hotspot\share\prims\jni.cpp, line 520]
Event: 2.640 Thread 0x000001b37c62a6a0 Exception <a 'sun/nio/fs/WindowsException'{0x0000000711e3bf20}> (0x0000000711e3bf20) 
thrown [s\open\src\hotspot\share\prims\jni.cpp, line 520]
Event: 2.669 Thread 0x000001b37c62a6a0 Exception <a 'sun/nio/fs/WindowsException'{0x0000000711ef0760}> (0x0000000711ef0760) 
thrown [s\open\src\hotspot\share\prims\jni.cpp, line 520]
Event: 2.676 Thread 0x000001b37c62a6a0 Exception <a 'sun/nio/fs/WindowsException'{0x0000000711f46098}> (0x0000000711f46098) 
thrown [s\open\src\hotspot\share\prims\jni.cpp, line 520]
Event: 2.713 Thread 0x000001b37c62a6a0 Exception <a 'java/lang/NoSuchMethodError'{0x000000071181dd08}: 'java.lang.Object java.lang.invoke.DirectMethodHandle$Holder.invokeSpecial(java.lang.Object, java.lang.Object, java.lang.Object, int, int)'> (0x000000071181dd08) 
thrown [s\open\src\hotspot\share\interpreter\linkResolver.cpp, line 773]
Event: 2.713 Thread 0x000001b37c62a6a0 Exception <a 'java/lang/NoSuchMethodError'{0x0000000711823de8}: 'java.lang.Object java.lang.invoke.DirectMethodHandle$Holder.invokeVirtual(java.lang.Object, java.lang.Object, int)'> (0x0000000711823de8) 
thrown [s\open\src\hotspot\share\interpreter\linkResolver.cpp, line 773]
Event: 2.752 Thread 0x000001b37c62a6a0 Exception <a 'java/lang/NoSuchMethodError'{0x0000000711986a20}: 'java.lang.Object java.lang.invoke.DirectMethodHandle$Holder.invokeStatic(java.lang.Object, int, java.lang.Object)'> (0x0000000711986a20) 
thrown [s\open\src\hotspot\share\interpreter\linkResolver.cpp, line 773]
Event: 2.886 Thread 0x000001b37c62a6a0 Exception <a 'java/lang/NoSuchMethodError'{0x0000000710e5fd58}: 'java.lang.Object java.lang.invoke.DirectMethodHandle$Holder.invokeVirtual(java.lang.Object, java.lang.Object, java.lang.Object, int, int)'> (0x0000000710e5fd58) 
thrown [s\open\src\hotspot\share\interpreter\linkResolver.cpp, line 773]
Event: 2.905 Thread 0x000001b37c62a6a0 Exception <a 'java/lang/NoSuchMethodError'{0x0000000710fd20f8}: 'int java.lang.invoke.DirectMethodHandle$Holder.invokeStatic(java.lang.Object, java.lang.Object, java.lang.Object, java.lang.Object)'> (0x0000000710fd20f8) 
thrown [s\open\src\hotspot\share\interpreter\linkResolver.cpp, line 773]
Event: 3.243 Thread 0x000001b37c62a6a0 Exception <a 'java/lang/NoSuchMethodError'{0x000000071307c348}: 'void java.lang.invoke.DirectMethodHandle$Holder.invokeInterface(java.lang.Object, java.lang.Object)'> (0x000000071307c348) 
thrown [s\open\src\hotspot\share\interpreter\linkResolver.cpp, line 773]

ZGC Phase Switch (0 events):
No events

VM Operations (20 events):
Event: 23.367 Executing VM operation: Cleanup
Event: 23.367 Executing VM operation: Cleanup done
Event: 24.380 Executing VM operation: Cleanup
Event: 24.381 Executing VM operation: Cleanup done
Event: 40.452 Executing VM operation: Cleanup
Event: 40.452 Executing VM operation: Cleanup done
Event: 41.465 Executing VM operation: Cleanup
Event: 41.465 Executing VM operation: Cleanup done
Event: 43.490 Executing VM operation: Cleanup
Event: 43.490 Executing VM operation: Cleanup done
Event: 48.924 Executing VM operation: G1CollectForAllocation (G1 Evacuation Pause)
Event: 48.930 Executing VM operation: G1CollectForAllocation (G1 Evacuation Pause) done
Event: 49.941 Executing VM operation: Cleanup
Event: 49.941 Executing VM operation: Cleanup done
Event: 60.162 Executing VM operation: HandshakeAllThreads (HandshakeForDeflation)
Event: 60.163 Executing VM operation: HandshakeAllThreads (HandshakeForDeflation) done
Event: 60.163 Executing VM operation: RendezvousGCThreads
Event: 60.163 Executing VM operation: RendezvousGCThreads done
Event: 80.832 Executing VM operation: G1CollectForAllocation (G1 Evacuation Pause)
Event: 80.839 Executing VM operation: G1CollectForAllocation (G1 Evacuation Pause) done

Events (20 events):
Event: 0.933 Thread 0x000001b31df53170 Thread exited: 0x000001b31df53170
Event: 0.933 Thread 0x000001b31df53840 Thread exited: 0x000001b31df53840
Event: 1.260 Thread 0x000001b31df55380 Thread added: 0x000001b31df55380
Event: 2.033 Thread 0x000001b31df55380 Thread exited: 0x000001b31df55380
Event: 2.364 Thread 0x000001b36470ad20 Thread added: 0x000001b36470ad20
Event: 2.722 Thread 0x000001b31df52aa0 Thread added: 0x000001b31df52aa0
Event: 2.725 Thread 0x000001b31df545e0 Thread added: 0x000001b31df545e0
Event: 2.961 Thread 0x000001b36476a450 Thread added: 0x000001b36476a450
Event: 3.105 Thread 0x000001b31df545e0 Thread exited: 0x000001b31df545e0
Event: 3.105 Thread 0x000001b31df52aa0 Thread exited: 0x000001b31df52aa0
Event: 5.139 Thread 0x000001b31df545e0 Thread added: 0x000001b31df545e0
Event: 5.139 Thread 0x000001b31df55380 Thread added: 0x000001b31df55380
Event: 5.749 Thread 0x000001b31df55380 Thread exited: 0x000001b31df55380
Event: 6.464 Thread 0x000001b31df545e0 Thread exited: 0x000001b31df545e0
Event: 56.737 Thread 0x000001b31df55380 Thread added: 0x000001b31df55380
Event: 61.781 Thread 0x000001b31df55380 Thread exited: 0x000001b31df55380
Event: 63.849 Thread 0x000001b31df52aa0 Thread added: 0x000001b31df52aa0
Event: 63.849 Thread 0x000001b31df51d00 Thread added: 0x000001b31df51d00
Event: 75.969 Thread 0x000001b31df51d00 Thread exited: 0x000001b31df51d00
Event: 75.969 Thread 0x000001b31df52aa0 Thread exited: 0x000001b31df52aa0


Dynamic libraries:
0x00007ff6af6e0000 - 0x00007ff6af6ee000 	C:\Users\stas2\.jdks\openjdk-21.0.1\bin\java.exe
0x00007ffaf71e0000 - 0x00007ffaf7448000 	C:\WINDOWS\SYSTEM32\ntdll.dll
0x00007ffaf5480000 - 0x00007ffaf5549000 	C:\WINDOWS\System32\KERNEL32.DLL
0x00007ffaf4610000 - 0x00007ffaf4a02000 	C:\WINDOWS\System32\KERNELBASE.dll
0x00007ffaf44c0000 - 0x00007ffaf460b000 	C:\WINDOWS\System32\ucrtbase.dll
0x00007ffa4c190000 - 0x00007ffa4c1a8000 	C:\Users\stas2\.jdks\openjdk-21.0.1\bin\jli.dll
0x00007ffa4c510000 - 0x00007ffa4c52b000 	C:\Users\stas2\.jdks\openjdk-21.0.1\bin\VCRUNTIME140.dll
0x00007ffaf6150000 - 0x00007ffaf6315000 	C:\WINDOWS\System32\USER32.dll
0x00007ffaf4e00000 - 0x00007ffaf4e27000 	C:\WINDOWS\System32\win32u.dll
0x00007ffadd150000 - 0x00007ffadd3e3000 	C:\WINDOWS\WinSxS\amd64_microsoft.windows.common-controls_6595b64144ccf1df_6.0.26100.6899_none_3e0efeeae32e88c1\COMCTL32.dll
0x00007ffaf5dc0000 - 0x00007ffaf5deb000 	C:\WINDOWS\System32\GDI32.dll
0x00007ffaf6f40000 - 0x00007ffaf6fe9000 	C:\WINDOWS\System32\msvcrt.dll
0x00007ffaf4a10000 - 0x00007ffaf4b3d000 	C:\WINDOWS\System32\gdi32full.dll
0x00007ffaf4be0000 - 0x00007ffaf4c83000 	C:\WINDOWS\System32\msvcp_win.dll
0x00007ffaf5440000 - 0x00007ffaf546f000 	C:\WINDOWS\System32\IMM32.DLL
0x00007ffa769a0000 - 0x00007ffa769ac000 	C:\Users\stas2\.jdks\openjdk-21.0.1\bin\vcruntime140_1.dll
0x00007ff9f62c0000 - 0x00007ff9f634e000 	C:\Users\stas2\.jdks\openjdk-21.0.1\bin\msvcp140.dll
0x00007ff9ed060000 - 0x00007ff9edd75000 	C:\Users\stas2\.jdks\openjdk-21.0.1\bin\server\jvm.dll
0x00007ffaf6d50000 - 0x00007ffaf6e04000 	C:\WINDOWS\System32\ADVAPI32.dll
0x00007ffaf6320000 - 0x00007ffaf63c6000 	C:\WINDOWS\System32\sechost.dll
0x00007ffaf6ff0000 - 0x00007ffaf7108000 	C:\WINDOWS\System32\RPCRT4.dll
0x00007ffaf6c60000 - 0x00007ffaf6cd4000 	C:\WINDOWS\System32\WS2_32.dll
0x00007ffaf2f70000 - 0x00007ffaf2fce000 	C:\WINDOWS\SYSTEM32\POWRPROF.dll
0x00007ffaea8b0000 - 0x00007ffaea8bb000 	C:\WINDOWS\SYSTEM32\VERSION.dll
0x00007ffae1570000 - 0x00007ffae15a5000 	C:\WINDOWS\SYSTEM32\WINMM.dll
0x00007ffaf2f50000 - 0x00007ffaf2f64000 	C:\WINDOWS\SYSTEM32\UMPDC.dll
0x00007ffaf3230000 - 0x00007ffaf324b000 	C:\WINDOWS\SYSTEM32\kernel.appcore.dll
0x00007ffa765e0000 - 0x00007ffa765ea000 	C:\Users\stas2\.jdks\openjdk-21.0.1\bin\jimage.dll
0x00007ffaf1ae0000 - 0x00007ffaf1d22000 	C:\WINDOWS\SYSTEM32\DBGHELP.DLL
0x00007ffaf68e0000 - 0x00007ffaf6c5b000 	C:\WINDOWS\System32\combase.dll
0x00007ffaf63d0000 - 0x00007ffaf64a7000 	C:\WINDOWS\System32\OLEAUT32.dll
0x00007ffad4fb0000 - 0x00007ffad4fec000 	C:\WINDOWS\SYSTEM32\dbgcore.DLL
0x00007ffaf4b40000 - 0x00007ffaf4bd8000 	C:\WINDOWS\System32\bcryptPrimitives.dll
0x00007ffa4e7e0000 - 0x00007ffa4e7ef000 	C:\Users\stas2\.jdks\openjdk-21.0.1\bin\instrument.dll
0x00007ffa451a0000 - 0x00007ffa451bf000 	C:\Users\stas2\.jdks\openjdk-21.0.1\bin\java.dll
0x00007ffaf5560000 - 0x00007ffaf5cad000 	C:\WINDOWS\System32\SHELL32.dll
0x00007ffaf4c90000 - 0x00007ffaf4dfb000 	C:\WINDOWS\System32\wintypes.dll
0x00007ffaf1fc0000 - 0x00007ffaf281d000 	C:\WINDOWS\SYSTEM32\windows.storage.dll
0x00007ffaf5e70000 - 0x00007ffaf5f62000 	C:\WINDOWS\System32\SHCORE.dll
0x00007ffaf6870000 - 0x00007ffaf68d2000 	C:\WINDOWS\System32\shlwapi.dll
0x00007ffaf4290000 - 0x00007ffaf42b9000 	C:\WINDOWS\SYSTEM32\profapi.dll
0x00007ff9f6390000 - 0x00007ff9f6467000 	C:\Users\stas2\.jdks\openjdk-21.0.1\bin\jsvml.dll
0x00007ffa75170000 - 0x00007ffa75180000 	C:\Users\stas2\.jdks\openjdk-21.0.1\bin\net.dll
0x00007ffaeb340000 - 0x00007ffaeb45f000 	C:\WINDOWS\SYSTEM32\WINHTTP.dll
0x00007ffaf37d0000 - 0x00007ffaf383b000 	C:\WINDOWS\system32\mswsock.dll
0x00007ffa374e0000 - 0x00007ffa374f6000 	C:\Users\stas2\.jdks\openjdk-21.0.1\bin\nio.dll
0x00007ffa37030000 - 0x00007ffa37048000 	C:\Users\stas2\.jdks\openjdk-21.0.1\bin\zip.dll
0x00007ffa42ee0000 - 0x00007ffa42efa000 	C:\IntelliJ IDEA Community Edition 2021.3.2\IntelliJ IDEA Community Edition 2023.2.1\bin\breakgen64.dll
0x00007ffa358e0000 - 0x00007ffa3595b000 	C:\Users\stas2\AppData\Local\Temp\lwjgl_stas2\3.3.4+7\x64\lwjgl.dll
0x00007ffa2c640000 - 0x00007ffa2c6c5000 	C:\Users\stas2\AppData\Local\Temp\lwjgl_stas2\3.3.4+7\x64\glfw.dll
0x00007ffa36fe0000 - 0x00007ffa3702b000 	C:\WINDOWS\SYSTEM32\dinput8.dll
0x00007ffa38a70000 - 0x00007ffa38a8c000 	C:\WINDOWS\SYSTEM32\xinput1_4.dll
0x00007ffaf4010000 - 0x00007ffaf4067000 	C:\WINDOWS\SYSTEM32\cfgmgr32.dll
0x00007ffaf3fe0000 - 0x00007ffaf400d000 	C:\WINDOWS\SYSTEM32\DEVOBJ.dll
0x00007ffaeecb0000 - 0x00007ffaeecdd000 	C:\WINDOWS\SYSTEM32\dwmapi.dll
0x00007ffad3bb0000 - 0x00007ffad3d8e000 	C:\WINDOWS\SYSTEM32\inputhost.dll
0x00007ffaee310000 - 0x00007ffaee435000 	C:\WINDOWS\SYSTEM32\CoreMessaging.dll
0x00007ffaee8a0000 - 0x00007ffaee94a000 	C:\WINDOWS\system32\uxtheme.dll
0x00007ffaf3aa0000 - 0x00007ffaf3aac000 	C:\WINDOWS\SYSTEM32\CRYPTBASE.DLL
0x00007ffaf66e0000 - 0x00007ffaf683b000 	C:\WINDOWS\System32\MSCTF.dll
0x00007ffad4810000 - 0x00007ffad491c000 	C:\WINDOWS\SYSTEM32\opengl32.dll
0x00007ffad6f80000 - 0x00007ffad6fad000 	C:\WINDOWS\SYSTEM32\GLU32.dll
0x00007ffaf12f0000 - 0x00007ffaf1334000 	C:\WINDOWS\SYSTEM32\dxcore.dll
0x00007ffaeae00000 - 0x00007ffaeae63000 	C:\WINDOWS\SYSTEM32\directxdatabasehelper.dll
0x00007ffae0c10000 - 0x00007ffae0c2a000 	C:\WINDOWS\SYSTEM32\windows.staterepositorycore.dll
0x00007ffa5f170000 - 0x00007ffa60163000 	C:\WINDOWS\System32\DriverStore\FileRepository\iigd_dch.inf_amd64_5802b1615520e41c\igxelpicd64.dll
0x00007ffaf64b0000 - 0x00007ffaf6648000 	C:\WINDOWS\System32\ole32.dll
0x00007ffaeeb50000 - 0x00007ffaeec8b000 	C:\WINDOWS\system32\dxgi.dll
0x00007ffa65130000 - 0x00007ffa65417000 	C:\WINDOWS\System32\DriverStore\FileRepository\iigd_dch.inf_amd64_5802b1615520e41c\igdml64.dll
0x00007ffae6a70000 - 0x00007ffae6e37000 	C:\WINDOWS\System32\DriverStore\FileRepository\iigd_dch.inf_amd64_5802b1615520e41c\igdgmm64.dll
0x00007ffae33e0000 - 0x00007ffae69f1000 	C:\WINDOWS\System32\DriverStore\FileRepository\iigd_dch.inf_amd64_5802b1615520e41c\igc64.dll
0x00007ffac0770000 - 0x00007ffac08ba000 	C:\WINDOWS\SYSTEM32\textinputframework.dll
0x00007ffae93b0000 - 0x00007ffae9693000 	C:\WINDOWS\SYSTEM32\CoreUIComponents.dll
0x00007ffa1a320000 - 0x00007ffa1a381000 	C:\Users\stas2\AppData\Local\Temp\lwjgl_stas2\3.3.4+7\x64\lwjgl_opengl.dll
0x00007ff9ec860000 - 0x00007ff9ed054000 	C:\Users\stas2\AppData\Local\Temp\imgui-java-natives\1.89.0\imgui-java64.dll
0x00007ffa4d590000 - 0x00007ffa4d5a0000 	C:\Users\stas2\.jdks\openjdk-21.0.1\bin\verify.dll
0x00007ff9f6220000 - 0x00007ff9f62c0000 	C:\Users\stas2\AppData\Local\Temp\lwjgl_stas2\3.3.4+7\x64\lwjgl_stb.dll

dbghelp: loaded successfully - version: 4.0.5 - missing functions: none
symbol engine: initialized successfully - sym options: 0x614 - pdb path: .;C:\Users\stas2\.jdks\openjdk-21.0.1\bin;C:\WINDOWS\SYSTEM32;C:\WINDOWS\WinSxS\amd64_microsoft.windows.common-controls_6595b64144ccf1df_6.0.26100.6899_none_3e0efeeae32e88c1;C:\Users\stas2\.jdks\openjdk-21.0.1\bin\server;C:\IntelliJ IDEA Community Edition 2021.3.2\IntelliJ IDEA Community Edition 2023.2.1\bin;C:\Users\stas2\AppData\Local\Temp\lwjgl_stas2\3.3.4+7\x64;C:\WINDOWS\System32\DriverStore\FileRepository\iigd_dch.inf_amd64_5802b1615520e41c;C:\Users\stas2\AppData\Local\Temp\imgui-java-natives\1.89.0

VM Arguments:
jvm_args: -javaagent:C:\IntelliJ IDEA Community Edition 2021.3.2\IntelliJ IDEA Community Edition 2023.2.1\lib\idea_rt.jar=50102:C:\IntelliJ IDEA Community Edition 2021.3.2\IntelliJ IDEA Community Edition 2023.2.1\bin -Dfile.encoding=windows-1252 -Dsun.stdout.encoding=windows-1252 -Dsun.stderr.encoding=windows-1252 --module-path=C:\Users\stas2\.m2\repository\io\github\spair\imgui-java-binding\1.89.0\imgui-java-binding-1.89.0.jar;C:\Users\stas2\.m2\repository\com\fasterxml\jackson\core\jackson-annotations\2.17.2\jackson-annotations-2.17.2.jar;C:\Users\stas2\.m2\repository\org\lwjgl\lwjgl-vulkan\3.3.4\lwjgl-vulkan-3.3.4.jar;C:\Users\stas2\.m2\repository\org\lwjgl\lwjgl-opengl\3.3.4\lwjgl-opengl-3.3.4.jar;C:\Users\stas2\.m2\repository\com\fasterxml\jackson\core\jackson-databind\2.17.2\jackson-databind-2.17.2.jar;C:\Users\stas2\.m2\repository\org\lwjgl\lwjgl-stb\3.3.4\lwjgl-stb-3.3.4.jar;C:\Users\stas2\.m2\repository\com\fasterxml\jackson\core\jackson-core\2.17.2\jackson-core-2.17.2.jar;O:\GIt\MultiplayerShooter\target\classes;C:\Users\stas2\.m2\repository\io\github\spair\imgui-java-lwjgl3\1.89.0\imgui-java-lwjgl3-1.89.0.jar;C:\Users\stas2\.m2\repository\org\lwjgl\lwjgl-glfw\3.3.4\lwjgl-glfw-3.3.4.jar;C:\Users\stas2\.m2\repository\org\lwjgl\lwjgl\3.3.4\lwjgl-3.3.4.jar;C:\Users\stas2\.m2\repository\org\lwjgl\lwjgl-assimp\3.3.4\lwjgl-assimp-3.3.4.jar;C:\Users\stas2\.m2\repository\org\joml\joml-primitives\1.10.0\joml-primitives-1.10.0.jar;C:\Users\stas2\.m2\repository\org\joml\joml\1.10.7\joml-1.10.7.jar -Djdk.module.main=com.bedrye.bjge 
java_command: com.bedrye.bjge/com.bedrye.bjge.TestMain
java_class_path (initial): C:\Users\stas2\.m2\repository\io\github\spair\imgui-java-natives-windows\1.89.0\imgui-java-natives-windows-1.89.0.jar;C:\Users\stas2\.m2\repository\org\junit\jupiter\junit-jupiter-api\5.9.2\junit-jupiter-api-5.9.2.jar;C:\Users\stas2\.m2\repository\org\opentest4j\opentest4j\1.2.0\opentest4j-1.2.0.jar;C:\Users\stas2\.m2\repository\org\junit\platform\junit-platform-commons\1.9.2\junit-platform-commons-1.9.2.jar;C:\Users\stas2\.m2\repository\org\apiguardian\apiguardian-api\1.1.2\apiguardian-api-1.1.2.jar;C:\Users\stas2\.m2\repository\org\junit\jupiter\junit-jupiter-engine\5.9.2\junit-jupiter-engine-5.9.2.jar;C:\Users\stas2\.m2\repository\org\junit\platform\junit-platform-engine\1.9.2\junit-platform-engine-1.9.2.jar;C:\Users\stas2\.m2\repository\org\lwjgl\lwjgl-bgfx\3.3.4\lwjgl-bgfx-3.3.4.jar;C:\Users\stas2\.m2\repository\org\lwjgl\lwjgl-nanovg\3.3.4\lwjgl-nanovg-3.3.4.jar;C:\Users\stas2\.m2\repository\org\lwjgl\lwjgl-nuklear\3.3.4\lwjgl-nuklear-3.3.4.jar;C:\Users\stas2\.m2\repository\org\lwjgl\lwjgl-openal\3.3.4\lwjgl-openal-3.3.4.jar;C:\Users\stas2\.m2\repository\org\lwjgl\lwjgl-par\3.3.4\lwjgl-par-3.3.4.jar;C:\Users\stas2\.m2\repository\org\lwjgl\lwjgl\3.3.4\lwjgl-3.3.4-natives-windows.jar;C:\Users\stas2\.m2\repository\org\lwjgl\lwjgl-assimp\3.3.4\lwjgl-assimp-3.3.4-natives-windows.jar;C:\Users\stas2\.m2\repository\org\lwjgl\lwjgl-bgfx\3.3.4\lwjgl-bgfx-3.3.4-natives-windows.jar;C:\Users\stas2\.m2\repository\org\lwjgl\lwjgl-glfw\3.3.4\lwjgl-glfw-3.3.4-natives-windows.jar;C:\Users\stas2\.m2\repository\org\lwjgl\lwjgl-nanovg\3.3.4\lwjgl-nanovg-3.3.4-natives-windows.jar;C:\Users\stas2\.m2\repository\org\lwjgl\lwjgl-nuklear\3.3.4\lwjgl-nuklear-3.3.4-natives-windows.jar;C:\Users\stas2\.m2\repository\org\lwjgl\lwjgl-openal\3.3.4\lwjgl-openal-3.3.4-natives-windows.jar;C:\Users\stas2\.m2\repository\org\lwjgl\lwjgl-opengl\3.3.4\lwjgl-opengl-3.3.4-natives-windows.jar;C:\Users\stas2\.m2\repository\org\lwjgl\lwjgl-par\3.3.4\lwjgl-par-3.3.4-natives-windows.jar;C:\Users\stas2\.m2\repository\org\lwjgl\lwjgl-stb\3.3.4\lwjgl-stb-3.3.4-natives-windows.jar
Launcher Type: SUN_STANDARD

[Global flags]
     intx CICompilerCount                          = 4                                         {product} {ergonomic}
     uint ConcGCThreads                            = 3                                         {product} {ergonomic}
     uint G1ConcRefinementThreads                  = 10                                        {product} {ergonomic}
   size_t G1HeapRegionSize                         = 2097152                                   {product} {ergonomic}
    uintx GCDrainStackTargetSize                   = 64                                        {product} {ergonomic}
   size_t InitialHeapSize                          = 266338304                                 {product} {ergonomic}
   size_t MarkStackSize                            = 4194304                                   {product} {ergonomic}
   size_t MaxHeapSize                              = 4238344192                                {product} {ergonomic}
   size_t MaxNewSize                               = 2541748224                                {product} {ergonomic}
   size_t MinHeapDeltaBytes                        = 2097152                                   {product} {ergonomic}
   size_t MinHeapSize                              = 8388608                                   {product} {ergonomic}
    uintx NonNMethodCodeHeapSize                   = 5839372                                {pd product} {ergonomic}
    uintx NonProfiledCodeHeapSize                  = 122909434                              {pd product} {ergonomic}
    uintx ProfiledCodeHeapSize                     = 122909434                              {pd product} {ergonomic}
    uintx ReservedCodeCacheSize                    = 251658240                              {pd product} {ergonomic}
     bool SegmentedCodeCache                       = true                                      {product} {ergonomic}
   size_t SoftMaxHeapSize                          = 4238344192                             {manageable} {ergonomic}
     bool UseCompressedOops                        = true                           {product lp64_product} {ergonomic}
     bool UseG1GC                                  = true                                      {product} {ergonomic}
     bool UseLargePagesIndividualAllocation        = false                                  {pd product} {ergonomic}

Logging:
Log output configuration:
 #0: stdout all=warning uptime,level,tags foldmultilines=false
 #1: stderr all=off uptime,level,tags foldmultilines=false

Environment Variables:
JAVA_HOME=C:\Program Files\Java\jdk-21
PATH=C:\Program Files\PlasticSCM5\server;C:\Program Files\PlasticSCM5\client;C:\Program Files\NVIDIA GPU Computing Toolkit\CUDA\v12.6\bin;C:\Program Files\NVIDIA GPU Computing Toolkit\CUDA\v12.6\libnvvp;C:\Program Files\Common Files\Oracle\Java\javapath;C:\Windows\system32;C:\Windows;C:\Program Files\Java\jdk-11.0.2\bin;C:\Windows\System32\Wbem;C:\ORacleDatabase\dbhomeXE\bin;C:\Windows\System32\WindowsPowerShell\v1.0\;C:\Windows\System32\OpenSSH\;C:\Program Files (x86)\NVIDIA Corporation\PhysX\Common;C:\Program Files\NVIDIA Corporation\NVIDIA NvDLISR;C:\Program Files\Git LFS;C:\Program Files\Git\cmd;C:\Program Files (x86)\Windows Kits\10\Windows Performance Toolkit\;C:\Program Files (x86)\Steam\steamapps\common\Counter-Strike Global Offensive\game\bin\win64;C:\Users\stas2\AppData\Local\Programs\Python\Python311;C:\Program Files\dotnet\;C:\Program Files\Microsoft SQL Server\150\Tools\Binn\;C:\Program Files\Microsoft SQL Server\Client SDK\ODBC\170\Tools\Binn\;C:\Program Files\NVIDIA Corporation\Nsight Compute 2024.3.2\;C:\Program Files (x86)\Microsoft SQL Server\160\Tools\Binn\;C:\Program Files\Microsoft SQL Server\160\Tools\Binn\;C:\Program Files\Microsoft SQL Server\160\DTS\Binn\;C:\Program Files (x86)\Microsoft SQL Server\160\DTS\Binn\;C:\WINDOWS\system32;C:\WINDOWS;C:\WINDOWS\System32\Wbem;C:\WINDOWS\System32\WindowsPowerShell\v1.0\;C:\WINDOWS\System32\OpenSSH\;C:\Program Files\Docker\Docker\resources\bin;O:\npdejs\;C:\Users\stas2\AppData\Local\Programs\Python\Python312\Scripts;C:\Users\stas2\AppData\Local\Microsoft\WindowsApps;C:\Users\stas2\AppData\Local\Programs\Microsoft VS Code\bin;C:\Users\stas2\AppData\Local\GitHubDesktop\bin;C:\Users\stas2\AppData\Local\Programs\Python\Python311;C:\Program Files (x86)\Steam\steamapps\common\Counter-Strike Global Offensive\game\bin\win64;C:\Users\stas2\.dotnet\tools;C:\Users\stas2\AppData\Local\Muse Hub\lib;C:\Users\stas2\AppData\Roaming\npm;C:\Users\stas2\AppData\Local\Programs\Python\Python312\Scripts;
USERNAME=stas2
OS=Windows_NT
PROCESSOR_IDENTIFIER=Intel64 Family 6 Model 141 Stepping 1, GenuineIntel
TMP=C:\Users\stas2\AppData\Local\Temp
TEMP=C:\Users\stas2\AppData\Local\Temp




Periodic native trim disabled

---------------  S Y S T E M  ---------------

OS:
 Windows 11 , 64 bit Build 26100 (10.0.26100.6725)
OS uptime: 13 days 9:41 hours
Hyper-V role detected

CPU: total 12 (initial active 12) (6 cores per cpu, 2 threads per core) family 6 model 141 stepping 1 microcode 0x3c, cx8, cmov, fxsr, ht, mmx, 3dnowpref, sse, sse2, sse3, ssse3, sse4.1, sse4.2, popcnt, lzcnt, tsc, tscinvbit, avx, avx2, aes, erms, clmul, bmi1, bmi2, adx, avx512f, avx512dq, avx512cd, avx512bw, avx512vl, sha, fma, vzeroupper, avx512_vpopcntdq, avx512_vpclmulqdq, avx512_vaes, avx512_vnni, clflush, clflushopt, clwb, avx512_vbmi2, avx512_vbmi, hv, rdtscp, rdpid, fsrm, gfni, avx512_bitalg, f16c, cet_ibt, cet_ss, avx512_ifma
Processor Information for all 12 processors :
  Max Mhz: 2688, Current Mhz: 2688, Mhz Limit: 2688

Memory: 4k page, system-wide physical 16163M (1167M free)
TotalPageFile size 42787M (AvailPageFile size 18108M)
current process WorkingSet (physical memory assigned to process): 288M, peak: 310M
current process commit charge ("private bytes"): 242M, peak: 475M

vm_info: OpenJDK 64-Bit Server VM (21.0.1+12-29) for windows-amd64 JRE (21.0.1+12-29), built on 2023-10-05T13:27:09Z by "mach5one" with MS VC++ 17.1 (VS2022)

END.
