#
# A fatal error has been detected by the Java Runtime Environment:
#
#  EXCEPTION_ACCESS_VIOLATION (0xc0000005) at pc=0x00007ffb118c366c, pid=21212, tid=26376
#
# JRE version: OpenJDK Runtime Environment (20.0.2+9) (build 20.0.2+9-78)
# Java VM: OpenJDK 64-Bit Server VM (20.0.2+9-78, mixed mode, sharing, tiered, compressed oops, compressed class ptrs, g1 gc, windows-amd64)
# Problematic frame:
# C  [igxelpicd64.dll+0x13366c]
#
# No core dump will be written. Minidumps are not enabled by default on client versions of Windows
#
# If you would like to submit a bug report, please visit:
#   https://bugreport.java.com/bugreport/crash.jsp
#

---------------  S U M M A R Y ------------

Command Line: -javaagent:C:\IntelliJ IDEA Community Edition 2021.3.2\IntelliJ IDEA Community Edition 2023.2.1\lib\idea_rt.jar=56388:C:\IntelliJ IDEA Community Edition 2021.3.2\IntelliJ IDEA Community Edition 2023.2.1\bin -Dfile.encoding=windows-1252 -Dsun.stdout.encoding=windows-1252 -Dsun.stderr.encoding=windows-1252 --module-path=C:\Users\stas2\.m2\repository\org\lwjgl\lwjgl-vulkan\3.3.4\lwjgl-vulkan-3.3.4.jar;C:\Users\stas2\.m2\repository\org\lwjgl\lwjgl-opengl\3.3.4\lwjgl-opengl-3.3.4.jar;C:\Users\stas2\.m2\repository\io\github\spair\imgui-java-binding\1.89.0\imgui-java-binding-1.89.0.jar;C:\Users\stas2\.m2\repository\org\lwjgl\lwjgl-assimp\3.3.4\lwjgl-assimp-3.3.4.jar;O:\GIt\MultiplayerShooter\target\classes;C:\Users\stas2\.m2\repository\org\lwjgl\lwjgl-stb\3.3.4\lwjgl-stb-3.3.4.jar;C:\Users\stas2\.m2\repository\org\joml\joml\1.10.7\joml-1.10.7.jar;C:\Users\stas2\.m2\repository\org\lwjgl\lwjgl-glfw\3.3.4\lwjgl-glfw-3.3.4.jar;C:\Users\stas2\.m2\repository\io\github\spair\imgui-java-lwjgl3\1.89.0\imgui-java-lwjgl3-1.89.0.jar;C:\Users\stas2\.m2\repository\org\lwjgl\lwjgl\3.3.4\lwjgl-3.3.4.jar;C:\Users\stas2\.m2\repository\org\joml\joml-primitives\1.10.0\joml-primitives-1.10.0.jar -Djdk.module.main=com.bedrye.multiplayershooter com.bedrye.multiplayershooter/com.bedrye.bjge.GameEngine.TestMain

Host: 11th Gen Intel(R) Core(TM) i5-11400H @ 2.70GHz, 12 cores, 15G,  Windows 11 , 64 bit Build 26100 (10.0.26100.4484)
Time: Mon Aug 11 10:54:37 2025 FLE Summer Time elapsed time: 7.434671 seconds (0d 0h 0m 7s)

---------------  T H R E A D  ---------------

Current thread (0x000001f3f8a1aa20):  VMThread "VM Thread" [stack: 0x00000068e2f00000,0x00000068e3000000] [id=26376]

Stack: [0x00000068e2f00000,0x00000068e3000000],  sp=0x00000068e2ffe570,  free space=1017k
Native frames: (J=compiled Java code, j=interpreted, Vv=VM code, C=native code)
C  [igxelpicd64.dll+0x13366c]


siginfo: EXCEPTION_ACCESS_VIOLATION (0xc0000005), reading address 0x00000000000356f8


Registers:
RAX=0x000001f3fd87ee28, RBX=0x000001f3fd87ed20, RCX=0x0000000000000000, RDX=0x0000000000000000
RSP=0x00000068e2ffe570, RBP=0x0000000000000000, RSI=0x000001f3fd87f2f0, RDI=0x000001f3fd7f84a0
R8 =0x0000000000000014, R9 =0x00000068e2486000, R10=0x0000000000000000, R11=0x0000000000000000
R12=0x0000000000000000, R13=0x000001f3c6dc8420, R14=0x00000000000aea00, R15=0x0000000000000016
RIP=0x00007ffb118c366c, EFLAGS=0x0000000000010206


Register to memory mapping:

RIP=0x00007ffb118c366c igxelpicd64.dll
RAX=0x000001f3fd87ee28 points into unknown readable memory: 0x00000000000ae214 | 14 e2 0a 00 00 00 00 00
RBX=0x000001f3fd87ed20 points into unknown readable memory: 0x000001f3fd4853d0 | d0 53 48 fd f3 01 00 00
RCX=0x0 is NULL
RDX=0x0 is NULL
RSP=0x00000068e2ffe570 points into unknown readable memory: 0x000001f3fd6082f0 | f0 82 60 fd f3 01 00 00
RBP=0x0 is NULL
RSI=0x000001f3fd87f2f0 points into unknown readable memory: 0x000001f3c6dc8420 | 20 84 dc c6 f3 01 00 00
RDI=0x000001f3fd7f84a0 points into unknown readable memory: 0x000001f3fd750001 | 01 00 75 fd f3 01 00 00
R8 =0x0000000000000014 is an unknown value
R9 =0x00000068e2486000 points into unknown readable memory: 0x0000000000000000 | 00 00 00 00 00 00 00 00
R10=0x0 is NULL
R11=0x0 is NULL
R12=0x0 is NULL
R13=0x000001f3c6dc8420 points into unknown readable memory: 0x000001f3fd4853d0 | d0 53 48 fd f3 01 00 00
R14=0x00000000000aea00 is an unknown value
R15=0x0000000000000016 is an unknown value


Top of Stack: (sp=0x00000068e2ffe570)
0x00000068e2ffe570:   000001f3fd6082f0 0000000000000000
0x00000068e2ffe580:   000001f3fd8c4340 00007ffb8d325df4
0x00000068e2ffe590:   000001f3fd8c4340 00007ffb117d5db3
0x00000068e2ffe5a0:   000000007a000004 0000000000000000
0x00000068e2ffe5b0:   000001f3fd8b8d78 00000000000aea01
0x00000068e2ffe5c0:   0000000000000000 0000000000000010
0x00000068e2ffe5d0:   0000000000000000 0000000000000000
0x00000068e2ffe5e0:   00000068e2ffe6f0 00007ffb11a3bc3c
0x00000068e2ffe5f0:   000001f3fd6082f0 000001f3fd7f84a0
0x00000068e2ffe600:   000001f3fd8b8a00 000001f3fd883f00
0x00000068e2ffe610:   00000068000008c4 0000b80219600000
0x00000068e2ffe620:   0000000000000000 031d72a700a836a7
0x00000068e2ffe630:   0133c2a700000028 0000800400112000
0x00000068e2ffe640:   0343a5a803596da8 036bcfa9033f53a9
0x00000068e2ffe650:   02fe53aa0366f2a9 00007ffb11a319a0
0x00000068e2ffe660:   02c01eac00000000 02fc88ac034833ac
0x00000068e2ffe670:   0000000000000000 0000000000000000
0x00000068e2ffe680:   035b030000000000 0000000000000000
0x00000068e2ffe690:   0000000000000000 00007ffb11813cdf
0x00000068e2ffe6a0:   0000b80219600000 00000000000008c4
0x00000068e2ffe6b0:   0000000000000000 4000188000000001
0x00000068e2ffe6c0:   0000000000000000 0000000000000000
0x00000068e2ffe6d0:   0000000000000000 0000000000000000
0x00000068e2ffe6e0:   0000000000000000 0000000000000000
0x00000068e2ffe6f0:   0000000000000000 0000000000000000
0x00000068e2ffe700:   0000000000000000 0000000000000000
0x00000068e2ffe710:   0000000000000000 0000000000000000
0x00000068e2ffe720:   0000000000000000 0000000000000000
0x00000068e2ffe730:   0000000000000000 0000000000000000
0x00000068e2ffe740:   0000000000000000 0000000000000000
0x00000068e2ffe750:   0000000000000000 0000000000000000
0x00000068e2ffe760:   0000000000000000 0000000000000000 

Instructions: (pc=0x00007ffb118c366c)
0x00007ffb118c356c:   ec 40 45 8a e1 48 8b fa 48 8b e9 48 8b 1d 42 08
0x00007ffb118c357c:   e0 00 48 89 58 08 48 8b cb ff 15 85 5b 9a 00 90
0x00007ffb118c358c:   4c 8b af 78 02 00 00 48 8b 05 c6 e4 cf 00 44 8b
0x00007ffb118c359c:   b8 40 0b 00 00 45 33 db 45 8a f3 4c 89 9f 78 02
0x00007ffb118c35ac:   00 00 44 89 9f 80 02 00 00 4c 89 9f 98 02 00 00
0x00007ffb118c35bc:   4c 89 9f 88 02 00 00 48 85 ed 75 38 8b 35 4a e2
0x00007ffb118c35cc:   df 00 65 48 8b 04 25 58 00 00 00 b9 14 00 00 00
0x00007ffb118c35dc:   48 8b 04 f0 44 38 1c 01 0f 84 9d da 86 00 65 48
0x00007ffb118c35ec:   8b 04 25 58 00 00 00 bd 20 00 00 00 48 8b 04 f0
0x00007ffb118c35fc:   48 8b 2c 28 48 3b 2d 39 07 e0 00 45 0f 44 fb 4d
0x00007ffb118c360c:   85 ed 0f 84 21 01 00 00 44 8a a4 24 90 00 00 00
0x00007ffb118c361c:   49 8b dd 49 8d b5 d0 05 00 00 4c 8b 2e 45 84 e4
0x00007ffb118c362c:   0f 85 2a 03 00 00 8b 97 c8 01 00 00 48 8b 05 21
0x00007ffb118c363c:   e4 cf 00 83 b8 78 03 00 00 02 75 31 83 fa 10 0f
0x00007ffb118c364c:   83 20 01 00 00 48 8d 04 d5 21 00 00 00 48 03 c2
0x00007ffb118c365c:   48 8d 04 c3 48 85 c0 0f 85 ff 00 00 00 49 8b cb
0x00007ffb118c366c:   48 3b 8d f8 56 03 00 0f 87 f3 02 00 00 4c 39 9b
0x00007ffb118c367c:   48 06 00 00 0f 85 41 da 86 00 44 8b 97 c8 01 00
0x00007ffb118c368c:   00 48 8b 87 e0 01 00 00 4c 8b 08 8b 97 c8 01 00
0x00007ffb118c369c:   00 83 fa 10 0f 83 03 01 00 00 48 8d 04 d5 21 00
0x00007ffb118c36ac:   00 00 48 03 c2 48 8d 04 c3 48 85 c0 0f 85 e2 00
0x00007ffb118c36bc:   00 00 49 8b cb 49 3b c9 0f 86 0e 01 00 00 48 8b
0x00007ffb118c36cc:   87 78 02 00 00 48 89 06 48 89 9f 78 02 00 00 ff
0x00007ffb118c36dc:   87 80 02 00 00 48 8b 43 08 48 8b 88 18 01 00 00
0x00007ffb118c36ec:   48 81 e1 00 00 ff ff 48 81 c1 00 00 01 00 48 01
0x00007ffb118c36fc:   8f 88 02 00 00 48 8b 43 08 48 8b 88 18 01 00 00
0x00007ffb118c370c:   48 01 8f 98 02 00 00 4d 85 ed 0f 85 00 ff ff ff
0x00007ffb118c371c:   45 84 f6 44 8a a4 24 98 00 00 00 0f 85 82 03 00
0x00007ffb118c372c:   00 48 8b 9c 24 80 00 00 00 48 8b cf 45 84 e4 0f
0x00007ffb118c373c:   85 8a 03 00 00 e8 fa f9 ff ff 90 48 8b cb 48 8b
0x00007ffb118c374c:   9c 24 88 00 00 00 48 83 c4 40 41 5f 41 5e 41 5d
0x00007ffb118c375c:   41 5c 5f 5e 5d 48 ff 25 b0 59 9a 00 48 8b 48 08 


Stack slot to memory mapping:
stack at sp + 0 slots: 0x000001f3fd6082f0 points into unknown readable memory: 0xffffffffffffffff | ff ff ff ff ff ff ff ff
stack at sp + 1 slots: 0x0 is NULL
stack at sp + 2 slots: 0x000001f3fd8c4340 points into unknown readable memory: 0x0000000000000001 | 01 00 00 00 00 00 00 00
stack at sp + 3 slots: 0x00007ffb8d325df4 ntdll.dll
stack at sp + 4 slots: 0x000001f3fd8c4340 points into unknown readable memory: 0x0000000000000001 | 01 00 00 00 00 00 00 00
stack at sp + 5 slots: 0x00007ffb117d5db3 igxelpicd64.dll
stack at sp + 6 slots: 0x000000007a000004 is an unknown value
stack at sp + 7 slots: 0x0 is NULL

VM_Operation (0x00000068e4aff1c0): Exit, mode: safepoint, requested by thread 0x000001f3c9d20ff0


---------------  P R O C E S S  ---------------

Threads class SMR info:
_java_thread_list=0x000001f3fcfae6c0, length=13, elements={
0x000001f3d9166c50, 0x000001f3fcc1b4d0, 0x000001f3fcc1cf20, 0x000001f3fcc1da60,
0x000001f3fcc20850, 0x000001f3fcc1f410, 0x000001f3fcc2c4c0, 0x000001f3fcc31960,
0x000001f3fcc357e0, 0x000001f3fcd059f0, 0x000001f3fd318cb0, 0x000001f3fd319200,
0x000001f3c9d20ff0
}

Java Threads: ( => current thread )
  0x000001f3d9166c50 JavaThread "main" [_thread_blocked, id=6256, stack(0x00000068e2900000,0x00000068e2a00000)]
  0x000001f3fcc1b4d0 JavaThread "Reference Handler" daemon [_thread_blocked, id=26608, stack(0x00000068e3000000,0x00000068e3100000)]
  0x000001f3fcc1cf20 JavaThread "Finalizer" daemon [_thread_blocked, id=31988, stack(0x00000068e3100000,0x00000068e3200000)]
  0x000001f3fcc1da60 JavaThread "Signal Dispatcher" daemon [_thread_blocked, id=11560, stack(0x00000068e3200000,0x00000068e3300000)]
  0x000001f3fcc20850 JavaThread "Attach Listener" daemon [_thread_blocked, id=19808, stack(0x00000068e3300000,0x00000068e3400000)]
  0x000001f3fcc1f410 JavaThread "Service Thread" daemon [_thread_blocked, id=36848, stack(0x00000068e3400000,0x00000068e3500000)]
  0x000001f3fcc2c4c0 JavaThread "Monitor Deflation Thread" daemon [_thread_blocked, id=20332, stack(0x00000068e3500000,0x00000068e3600000)]
  0x000001f3fcc31960 JavaThread "C2 CompilerThread0" daemon [_thread_blocked, id=31936, stack(0x00000068e3600000,0x00000068e3700000)]
  0x000001f3fcc357e0 JavaThread "C1 CompilerThread0" daemon [_thread_blocked, id=21144, stack(0x00000068e3700000,0x00000068e3800000)]
  0x000001f3fcd059f0 JavaThread "Common-Cleaner" daemon [_thread_blocked, id=12436, stack(0x00000068e3800000,0x00000068e3900000)]
  0x000001f3fd318cb0 JavaThread "Monitor Ctrl-Break" daemon [_thread_in_native, id=21584, stack(0x00000068e3b00000,0x00000068e3c00000)]
  0x000001f3fd319200 JavaThread "Notification Thread" daemon [_thread_blocked, id=20280, stack(0x00000068e3c00000,0x00000068e3d00000)]
  0x000001f3c9d20ff0 JavaThread "SIGINT handler" daemon [_thread_blocked, id=20688, stack(0x00000068e4a00000,0x00000068e4b00000)]

Other Threads:
=>0x000001f3f8a1aa20 VMThread "VM Thread" [stack: 0x00000068e2f00000,0x00000068e3000000] [id=26376]
  0x000001f3d91d8fc0 WorkerThread "GC Thread#0" [stack: 0x00000068e2a00000,0x00000068e2b00000] [id=28828]
  0x000001f3c6283c70 WorkerThread "GC Thread#1" [stack: 0x00000068e3900000,0x00000068e3a00000] [id=32512]
  0x000001f3c6283f40 WorkerThread "GC Thread#2" [stack: 0x00000068e3a00000,0x00000068e3b00000] [id=30216]
  0x000001f3c62825f0 WorkerThread "GC Thread#3" [stack: 0x00000068e4300000,0x00000068e4400000] [id=33332]
  0x000001f3c6283400 WorkerThread "GC Thread#4" [stack: 0x00000068e4400000,0x00000068e4500000] [id=30628]
  0x000001f3c62836d0 WorkerThread "GC Thread#5" [stack: 0x00000068e4500000,0x00000068e4600000] [id=16076]
  0x000001f3c6284210 WorkerThread "GC Thread#6" [stack: 0x00000068e4600000,0x00000068e4700000] [id=29220]
  0x000001f3c6282e60 WorkerThread "GC Thread#7" [stack: 0x00000068e4700000,0x00000068e4800000] [id=15688]
  0x000001f3c62839a0 WorkerThread "GC Thread#8" [stack: 0x00000068e4800000,0x00000068e4900000] [id=32136]
  0x000001f3c62828c0 WorkerThread "GC Thread#9" [stack: 0x00000068e4900000,0x00000068e4a00000] [id=2528]
  0x000001f3d91e9b60 ConcurrentGCThread "G1 Main Marker" terminated
  0x000001f3d91ea590 WorkerThread "G1 Conc#0" [stack: 0x00000068e2c00000,0x00000068e2d00000] [id=12984]
  0x000001f3f88ca040 ConcurrentGCThread "G1 Refine#0" terminated
  0x000001f3f88ca980 ConcurrentGCThread "G1 Service" terminated

Threads with active compile tasks:

VM state: at safepoint (shutting down)

VM Mutex/Monitor currently owned by a thread:  ([mutex/lock_event])
[0x000001f3d9165d40] Threads_lock - owner thread: 0x000001f3f8a1aa20
[0x000001f3d9164900] Heap_lock - owner thread: 0x000001f3c9d20ff0

Heap address: 0x0000000703600000, size: 4042 MB, Compressed Oops mode: Zero based, Oop shift amount: 3

CDS archive(s) mapped at: [0x000001f380000000-0x000001f380c60000-0x000001f380c60000), size 12976128, SharedBaseAddress: 0x000001f380000000, ArchiveRelocationMode: 1.
Compressed class space mapped at: 0x000001f381000000-0x000001f3c1000000, reserved size: 1073741824
Narrow klass base: 0x000001f380000000, Narrow klass shift: 0, Narrow klass range: 0x100000000

GC Precious Log:
 CardTable entry size: 512
 Card Set container configuration: InlinePtr #cards 4 size 8 Array Of Cards #cards 16 size 48 Howl #buckets 8 coarsen threshold 3686 Howl Bitmap #cards 512 size 80 coarsen threshold 460 Card regions per heap region 1 cards per card region 4096
 CPUs: 12 total, 12 available
 Memory: 16163M
 Large Page Support: Disabled
 NUMA Support: Disabled
 Compressed Oops: Enabled (Zero based)
 Heap Region Size: 2M
 Heap Min Capacity: 8M
 Heap Initial Capacity: 254M
 Heap Max Capacity: 4042M
 Pre-touch: Disabled
 Parallel Workers: 10
 Concurrent Workers: 3
 Concurrent Refinement Workers: 10
 Periodic GC: Disabled

Heap:
 garbage-first heap   total 260096K, used 23221K [0x0000000703600000, 0x0000000800000000)
  region size 2048K, 13 young (26624K), 2 survivors (4096K)
 Metaspace       used 9409K, committed 9664K, reserved 1114112K
  class space    used 518K, committed 640K, reserved 1048576K

Heap Regions: E=young(eden), S=young(survivor), O=old, HS=humongous(starts), HC=humongous(continues), CS=collection set, F=free, OA=open archive, CA=closed archive, TAMS=top-at-mark-start, PB=parsable bottom
|   0|0x0000000703600000, 0x0000000703600000, 0x0000000703800000|  0%| F|  |TAMS 0x0000000703600000| PB 0x0000000703600000| Untracked 
|   1|0x0000000703800000, 0x0000000703800000, 0x0000000703a00000|  0%| F|  |TAMS 0x0000000703800000| PB 0x0000000703800000| Untracked 
|   2|0x0000000703a00000, 0x0000000703a00000, 0x0000000703c00000|  0%| F|  |TAMS 0x0000000703a00000| PB 0x0000000703a00000| Untracked 
|   3|0x0000000703c00000, 0x0000000703c00000, 0x0000000703e00000|  0%| F|  |TAMS 0x0000000703c00000| PB 0x0000000703c00000| Untracked 
|   4|0x0000000703e00000, 0x0000000703e00000, 0x0000000704000000|  0%| F|  |TAMS 0x0000000703e00000| PB 0x0000000703e00000| Untracked 
|   5|0x0000000704000000, 0x0000000704000000, 0x0000000704200000|  0%| F|  |TAMS 0x0000000704000000| PB 0x0000000704000000| Untracked 
|   6|0x0000000704200000, 0x0000000704200000, 0x0000000704400000|  0%| F|  |TAMS 0x0000000704200000| PB 0x0000000704200000| Untracked 
|   7|0x0000000704400000, 0x0000000704400000, 0x0000000704600000|  0%| F|  |TAMS 0x0000000704400000| PB 0x0000000704400000| Untracked 
|   8|0x0000000704600000, 0x0000000704600000, 0x0000000704800000|  0%| F|  |TAMS 0x0000000704600000| PB 0x0000000704600000| Untracked 
|   9|0x0000000704800000, 0x0000000704800000, 0x0000000704a00000|  0%| F|  |TAMS 0x0000000704800000| PB 0x0000000704800000| Untracked 
|  10|0x0000000704a00000, 0x0000000704a00000, 0x0000000704c00000|  0%| F|  |TAMS 0x0000000704a00000| PB 0x0000000704a00000| Untracked 
|  11|0x0000000704c00000, 0x0000000704c00000, 0x0000000704e00000|  0%| F|  |TAMS 0x0000000704c00000| PB 0x0000000704c00000| Untracked 
|  12|0x0000000704e00000, 0x0000000704e00000, 0x0000000705000000|  0%| F|  |TAMS 0x0000000704e00000| PB 0x0000000704e00000| Untracked 
|  13|0x0000000705000000, 0x0000000705000000, 0x0000000705200000|  0%| F|  |TAMS 0x0000000705000000| PB 0x0000000705000000| Untracked 
|  14|0x0000000705200000, 0x0000000705200000, 0x0000000705400000|  0%| F|  |TAMS 0x0000000705200000| PB 0x0000000705200000| Untracked 
|  15|0x0000000705400000, 0x0000000705400000, 0x0000000705600000|  0%| F|  |TAMS 0x0000000705400000| PB 0x0000000705400000| Untracked 
|  16|0x0000000705600000, 0x0000000705600000, 0x0000000705800000|  0%| F|  |TAMS 0x0000000705600000| PB 0x0000000705600000| Untracked 
|  17|0x0000000705800000, 0x0000000705800000, 0x0000000705a00000|  0%| F|  |TAMS 0x0000000705800000| PB 0x0000000705800000| Untracked 
|  18|0x0000000705a00000, 0x0000000705a00000, 0x0000000705c00000|  0%| F|  |TAMS 0x0000000705a00000| PB 0x0000000705a00000| Untracked 
|  19|0x0000000705c00000, 0x0000000705c00000, 0x0000000705e00000|  0%| F|  |TAMS 0x0000000705c00000| PB 0x0000000705c00000| Untracked 
|  20|0x0000000705e00000, 0x0000000705e00000, 0x0000000706000000|  0%| F|  |TAMS 0x0000000705e00000| PB 0x0000000705e00000| Untracked 
|  21|0x0000000706000000, 0x0000000706000000, 0x0000000706200000|  0%| F|  |TAMS 0x0000000706000000| PB 0x0000000706000000| Untracked 
|  22|0x0000000706200000, 0x0000000706200000, 0x0000000706400000|  0%| F|  |TAMS 0x0000000706200000| PB 0x0000000706200000| Untracked 
|  23|0x0000000706400000, 0x0000000706400000, 0x0000000706600000|  0%| F|  |TAMS 0x0000000706400000| PB 0x0000000706400000| Untracked 
|  24|0x0000000706600000, 0x0000000706600000, 0x0000000706800000|  0%| F|  |TAMS 0x0000000706600000| PB 0x0000000706600000| Untracked 
|  25|0x0000000706800000, 0x0000000706800000, 0x0000000706a00000|  0%| F|  |TAMS 0x0000000706800000| PB 0x0000000706800000| Untracked 
|  26|0x0000000706a00000, 0x0000000706a00000, 0x0000000706c00000|  0%| F|  |TAMS 0x0000000706a00000| PB 0x0000000706a00000| Untracked 
|  27|0x0000000706c00000, 0x0000000706c00000, 0x0000000706e00000|  0%| F|  |TAMS 0x0000000706c00000| PB 0x0000000706c00000| Untracked 
|  28|0x0000000706e00000, 0x0000000706e00000, 0x0000000707000000|  0%| F|  |TAMS 0x0000000706e00000| PB 0x0000000706e00000| Untracked 
|  29|0x0000000707000000, 0x0000000707000000, 0x0000000707200000|  0%| F|  |TAMS 0x0000000707000000| PB 0x0000000707000000| Untracked 
|  30|0x0000000707200000, 0x0000000707200000, 0x0000000707400000|  0%| F|  |TAMS 0x0000000707200000| PB 0x0000000707200000| Untracked 
|  31|0x0000000707400000, 0x0000000707400000, 0x0000000707600000|  0%| F|  |TAMS 0x0000000707400000| PB 0x0000000707400000| Untracked 
|  32|0x0000000707600000, 0x0000000707600000, 0x0000000707800000|  0%| F|  |TAMS 0x0000000707600000| PB 0x0000000707600000| Untracked 
|  33|0x0000000707800000, 0x0000000707800000, 0x0000000707a00000|  0%| F|  |TAMS 0x0000000707800000| PB 0x0000000707800000| Untracked 
|  34|0x0000000707a00000, 0x0000000707a00000, 0x0000000707c00000|  0%| F|  |TAMS 0x0000000707a00000| PB 0x0000000707a00000| Untracked 
|  35|0x0000000707c00000, 0x0000000707c00000, 0x0000000707e00000|  0%| F|  |TAMS 0x0000000707c00000| PB 0x0000000707c00000| Untracked 
|  36|0x0000000707e00000, 0x0000000707e00000, 0x0000000708000000|  0%| F|  |TAMS 0x0000000707e00000| PB 0x0000000707e00000| Untracked 
|  37|0x0000000708000000, 0x0000000708000000, 0x0000000708200000|  0%| F|  |TAMS 0x0000000708000000| PB 0x0000000708000000| Untracked 
|  38|0x0000000708200000, 0x0000000708200000, 0x0000000708400000|  0%| F|  |TAMS 0x0000000708200000| PB 0x0000000708200000| Untracked 
|  39|0x0000000708400000, 0x0000000708400000, 0x0000000708600000|  0%| F|  |TAMS 0x0000000708400000| PB 0x0000000708400000| Untracked 
|  40|0x0000000708600000, 0x0000000708600000, 0x0000000708800000|  0%| F|  |TAMS 0x0000000708600000| PB 0x0000000708600000| Untracked 
|  41|0x0000000708800000, 0x0000000708800000, 0x0000000708a00000|  0%| F|  |TAMS 0x0000000708800000| PB 0x0000000708800000| Untracked 
|  42|0x0000000708a00000, 0x0000000708a00000, 0x0000000708c00000|  0%| F|  |TAMS 0x0000000708a00000| PB 0x0000000708a00000| Untracked 
|  43|0x0000000708c00000, 0x0000000708c00000, 0x0000000708e00000|  0%| F|  |TAMS 0x0000000708c00000| PB 0x0000000708c00000| Untracked 
|  44|0x0000000708e00000, 0x0000000708e00000, 0x0000000709000000|  0%| F|  |TAMS 0x0000000708e00000| PB 0x0000000708e00000| Untracked 
|  45|0x0000000709000000, 0x0000000709000000, 0x0000000709200000|  0%| F|  |TAMS 0x0000000709000000| PB 0x0000000709000000| Untracked 
|  46|0x0000000709200000, 0x0000000709200000, 0x0000000709400000|  0%| F|  |TAMS 0x0000000709200000| PB 0x0000000709200000| Untracked 
|  47|0x0000000709400000, 0x0000000709400000, 0x0000000709600000|  0%| F|  |TAMS 0x0000000709400000| PB 0x0000000709400000| Untracked 
|  48|0x0000000709600000, 0x0000000709600000, 0x0000000709800000|  0%| F|  |TAMS 0x0000000709600000| PB 0x0000000709600000| Untracked 
|  49|0x0000000709800000, 0x0000000709800000, 0x0000000709a00000|  0%| F|  |TAMS 0x0000000709800000| PB 0x0000000709800000| Untracked 
|  50|0x0000000709a00000, 0x0000000709a00000, 0x0000000709c00000|  0%| F|  |TAMS 0x0000000709a00000| PB 0x0000000709a00000| Untracked 
|  51|0x0000000709c00000, 0x0000000709c00000, 0x0000000709e00000|  0%| F|  |TAMS 0x0000000709c00000| PB 0x0000000709c00000| Untracked 
|  52|0x0000000709e00000, 0x0000000709e00000, 0x000000070a000000|  0%| F|  |TAMS 0x0000000709e00000| PB 0x0000000709e00000| Untracked 
|  53|0x000000070a000000, 0x000000070a000000, 0x000000070a200000|  0%| F|  |TAMS 0x000000070a000000| PB 0x000000070a000000| Untracked 
|  54|0x000000070a200000, 0x000000070a200000, 0x000000070a400000|  0%| F|  |TAMS 0x000000070a200000| PB 0x000000070a200000| Untracked 
|  55|0x000000070a400000, 0x000000070a400000, 0x000000070a600000|  0%| F|  |TAMS 0x000000070a400000| PB 0x000000070a400000| Untracked 
|  56|0x000000070a600000, 0x000000070a600000, 0x000000070a800000|  0%| F|  |TAMS 0x000000070a600000| PB 0x000000070a600000| Untracked 
|  57|0x000000070a800000, 0x000000070a800000, 0x000000070aa00000|  0%| F|  |TAMS 0x000000070a800000| PB 0x000000070a800000| Untracked 
|  58|0x000000070aa00000, 0x000000070aa00000, 0x000000070ac00000|  0%| F|  |TAMS 0x000000070aa00000| PB 0x000000070aa00000| Untracked 
|  59|0x000000070ac00000, 0x000000070ac00000, 0x000000070ae00000|  0%| F|  |TAMS 0x000000070ac00000| PB 0x000000070ac00000| Untracked 
|  60|0x000000070ae00000, 0x000000070ae00000, 0x000000070b000000|  0%| F|  |TAMS 0x000000070ae00000| PB 0x000000070ae00000| Untracked 
|  61|0x000000070b000000, 0x000000070b000000, 0x000000070b200000|  0%| F|  |TAMS 0x000000070b000000| PB 0x000000070b000000| Untracked 
|  62|0x000000070b200000, 0x000000070b200000, 0x000000070b400000|  0%| F|  |TAMS 0x000000070b200000| PB 0x000000070b200000| Untracked 
|  63|0x000000070b400000, 0x000000070b400000, 0x000000070b600000|  0%| F|  |TAMS 0x000000070b400000| PB 0x000000070b400000| Untracked 
|  64|0x000000070b600000, 0x000000070b600000, 0x000000070b800000|  0%| F|  |TAMS 0x000000070b600000| PB 0x000000070b600000| Untracked 
|  65|0x000000070b800000, 0x000000070b800000, 0x000000070ba00000|  0%| F|  |TAMS 0x000000070b800000| PB 0x000000070b800000| Untracked 
|  66|0x000000070ba00000, 0x000000070ba00000, 0x000000070bc00000|  0%| F|  |TAMS 0x000000070ba00000| PB 0x000000070ba00000| Untracked 
|  67|0x000000070bc00000, 0x000000070bc00000, 0x000000070be00000|  0%| F|  |TAMS 0x000000070bc00000| PB 0x000000070bc00000| Untracked 
|  68|0x000000070be00000, 0x000000070be00000, 0x000000070c000000|  0%| F|  |TAMS 0x000000070be00000| PB 0x000000070be00000| Untracked 
|  69|0x000000070c000000, 0x000000070c000000, 0x000000070c200000|  0%| F|  |TAMS 0x000000070c000000| PB 0x000000070c000000| Untracked 
|  70|0x000000070c200000, 0x000000070c200000, 0x000000070c400000|  0%| F|  |TAMS 0x000000070c200000| PB 0x000000070c200000| Untracked 
|  71|0x000000070c400000, 0x000000070c400000, 0x000000070c600000|  0%| F|  |TAMS 0x000000070c400000| PB 0x000000070c400000| Untracked 
|  72|0x000000070c600000, 0x000000070c600000, 0x000000070c800000|  0%| F|  |TAMS 0x000000070c600000| PB 0x000000070c600000| Untracked 
|  73|0x000000070c800000, 0x000000070c800000, 0x000000070ca00000|  0%| F|  |TAMS 0x000000070c800000| PB 0x000000070c800000| Untracked 
|  74|0x000000070ca00000, 0x000000070ca00000, 0x000000070cc00000|  0%| F|  |TAMS 0x000000070ca00000| PB 0x000000070ca00000| Untracked 
|  75|0x000000070cc00000, 0x000000070cc00000, 0x000000070ce00000|  0%| F|  |TAMS 0x000000070cc00000| PB 0x000000070cc00000| Untracked 
|  76|0x000000070ce00000, 0x000000070ce00000, 0x000000070d000000|  0%| F|  |TAMS 0x000000070ce00000| PB 0x000000070ce00000| Untracked 
|  77|0x000000070d000000, 0x000000070d000000, 0x000000070d200000|  0%| F|  |TAMS 0x000000070d000000| PB 0x000000070d000000| Untracked 
|  78|0x000000070d200000, 0x000000070d200000, 0x000000070d400000|  0%| F|  |TAMS 0x000000070d200000| PB 0x000000070d200000| Untracked 
|  79|0x000000070d400000, 0x000000070d400000, 0x000000070d600000|  0%| F|  |TAMS 0x000000070d400000| PB 0x000000070d400000| Untracked 
|  80|0x000000070d600000, 0x000000070d600000, 0x000000070d800000|  0%| F|  |TAMS 0x000000070d600000| PB 0x000000070d600000| Untracked 
|  81|0x000000070d800000, 0x000000070d800000, 0x000000070da00000|  0%| F|  |TAMS 0x000000070d800000| PB 0x000000070d800000| Untracked 
|  82|0x000000070da00000, 0x000000070da00000, 0x000000070dc00000|  0%| F|  |TAMS 0x000000070da00000| PB 0x000000070da00000| Untracked 
|  83|0x000000070dc00000, 0x000000070dc00000, 0x000000070de00000|  0%| F|  |TAMS 0x000000070dc00000| PB 0x000000070dc00000| Untracked 
|  84|0x000000070de00000, 0x000000070de00000, 0x000000070e000000|  0%| F|  |TAMS 0x000000070de00000| PB 0x000000070de00000| Untracked 
|  85|0x000000070e000000, 0x000000070e000000, 0x000000070e200000|  0%| F|  |TAMS 0x000000070e000000| PB 0x000000070e000000| Untracked 
|  86|0x000000070e200000, 0x000000070e200000, 0x000000070e400000|  0%| F|  |TAMS 0x000000070e200000| PB 0x000000070e200000| Untracked 
|  87|0x000000070e400000, 0x000000070e400000, 0x000000070e600000|  0%| F|  |TAMS 0x000000070e400000| PB 0x000000070e400000| Untracked 
|  88|0x000000070e600000, 0x000000070e600000, 0x000000070e800000|  0%| F|  |TAMS 0x000000070e600000| PB 0x000000070e600000| Untracked 
|  89|0x000000070e800000, 0x000000070e800000, 0x000000070ea00000|  0%| F|  |TAMS 0x000000070e800000| PB 0x000000070e800000| Untracked 
|  90|0x000000070ea00000, 0x000000070ea00000, 0x000000070ec00000|  0%| F|  |TAMS 0x000000070ea00000| PB 0x000000070ea00000| Untracked 
|  91|0x000000070ec00000, 0x000000070ec00000, 0x000000070ee00000|  0%| F|  |TAMS 0x000000070ec00000| PB 0x000000070ec00000| Untracked 
|  92|0x000000070ee00000, 0x000000070ee00000, 0x000000070f000000|  0%| F|  |TAMS 0x000000070ee00000| PB 0x000000070ee00000| Untracked 
|  93|0x000000070f000000, 0x000000070f000000, 0x000000070f200000|  0%| F|  |TAMS 0x000000070f000000| PB 0x000000070f000000| Untracked 
|  94|0x000000070f200000, 0x000000070f200000, 0x000000070f400000|  0%| F|  |TAMS 0x000000070f200000| PB 0x000000070f200000| Untracked 
|  95|0x000000070f400000, 0x000000070f400000, 0x000000070f600000|  0%| F|  |TAMS 0x000000070f400000| PB 0x000000070f400000| Untracked 
|  96|0x000000070f600000, 0x000000070f600000, 0x000000070f800000|  0%| F|  |TAMS 0x000000070f600000| PB 0x000000070f600000| Untracked 
|  97|0x000000070f800000, 0x000000070f800000, 0x000000070fa00000|  0%| F|  |TAMS 0x000000070f800000| PB 0x000000070f800000| Untracked 
|  98|0x000000070fa00000, 0x000000070fa00000, 0x000000070fc00000|  0%| F|  |TAMS 0x000000070fa00000| PB 0x000000070fa00000| Untracked 
|  99|0x000000070fc00000, 0x000000070fc00000, 0x000000070fe00000|  0%| F|  |TAMS 0x000000070fc00000| PB 0x000000070fc00000| Untracked 
| 100|0x000000070fe00000, 0x000000070fe00000, 0x0000000710000000|  0%| F|  |TAMS 0x000000070fe00000| PB 0x000000070fe00000| Untracked 
| 101|0x0000000710000000, 0x0000000710000000, 0x0000000710200000|  0%| F|  |TAMS 0x0000000710000000| PB 0x0000000710000000| Untracked 
| 102|0x0000000710200000, 0x0000000710200000, 0x0000000710400000|  0%| F|  |TAMS 0x0000000710200000| PB 0x0000000710200000| Untracked 
| 103|0x0000000710400000, 0x0000000710400000, 0x0000000710600000|  0%| F|  |TAMS 0x0000000710400000| PB 0x0000000710400000| Untracked 
| 104|0x0000000710600000, 0x0000000710600000, 0x0000000710800000|  0%| F|  |TAMS 0x0000000710600000| PB 0x0000000710600000| Untracked 
| 105|0x0000000710800000, 0x0000000710800000, 0x0000000710a00000|  0%| F|  |TAMS 0x0000000710800000| PB 0x0000000710800000| Untracked 
| 106|0x0000000710a00000, 0x0000000710a00000, 0x0000000710c00000|  0%| F|  |TAMS 0x0000000710a00000| PB 0x0000000710a00000| Untracked 
| 107|0x0000000710c00000, 0x0000000710c00000, 0x0000000710e00000|  0%| F|  |TAMS 0x0000000710c00000| PB 0x0000000710c00000| Untracked 
| 108|0x0000000710e00000, 0x0000000710e00000, 0x0000000711000000|  0%| F|  |TAMS 0x0000000710e00000| PB 0x0000000710e00000| Untracked 
| 109|0x0000000711000000, 0x0000000711000000, 0x0000000711200000|  0%| F|  |TAMS 0x0000000711000000| PB 0x0000000711000000| Untracked 
| 110|0x0000000711200000, 0x0000000711200000, 0x0000000711400000|  0%| F|  |TAMS 0x0000000711200000| PB 0x0000000711200000| Untracked 
| 111|0x0000000711400000, 0x0000000711400000, 0x0000000711600000|  0%| F|  |TAMS 0x0000000711400000| PB 0x0000000711400000| Untracked 
| 112|0x0000000711600000, 0x0000000711600000, 0x0000000711800000|  0%| F|  |TAMS 0x0000000711600000| PB 0x0000000711600000| Untracked 
| 113|0x0000000711800000, 0x0000000711800000, 0x0000000711a00000|  0%| F|  |TAMS 0x0000000711800000| PB 0x0000000711800000| Untracked 
| 114|0x0000000711a00000, 0x0000000711aad510, 0x0000000711c00000| 33%| S|CS|TAMS 0x0000000711a00000| PB 0x0000000711a00000| Complete 
| 115|0x0000000711c00000, 0x0000000711e00000, 0x0000000711e00000|100%| S|CS|TAMS 0x0000000711c00000| PB 0x0000000711c00000| Complete 
| 116|0x0000000711e00000, 0x0000000711fe9e68, 0x0000000712000000| 95%| E|  |TAMS 0x0000000711e00000| PB 0x0000000711e00000| Complete 
| 117|0x0000000712000000, 0x0000000712200000, 0x0000000712200000|100%| E|CS|TAMS 0x0000000712000000| PB 0x0000000712000000| Complete 
| 118|0x0000000712200000, 0x0000000712400000, 0x0000000712400000|100%| E|CS|TAMS 0x0000000712200000| PB 0x0000000712200000| Complete 
| 119|0x0000000712400000, 0x0000000712600000, 0x0000000712600000|100%| E|CS|TAMS 0x0000000712400000| PB 0x0000000712400000| Complete 
| 120|0x0000000712600000, 0x0000000712800000, 0x0000000712800000|100%| E|CS|TAMS 0x0000000712600000| PB 0x0000000712600000| Complete 
| 121|0x0000000712800000, 0x0000000712a00000, 0x0000000712a00000|100%| E|CS|TAMS 0x0000000712800000| PB 0x0000000712800000| Complete 
| 122|0x0000000712a00000, 0x0000000712c00000, 0x0000000712c00000|100%| E|CS|TAMS 0x0000000712a00000| PB 0x0000000712a00000| Complete 
| 123|0x0000000712c00000, 0x0000000712e00000, 0x0000000712e00000|100%| E|CS|TAMS 0x0000000712c00000| PB 0x0000000712c00000| Complete 
| 124|0x0000000712e00000, 0x0000000713000000, 0x0000000713000000|100%| E|CS|TAMS 0x0000000712e00000| PB 0x0000000712e00000| Complete 
| 125|0x0000000713000000, 0x0000000713200000, 0x0000000713200000|100%| E|CS|TAMS 0x0000000713000000| PB 0x0000000713000000| Complete 
| 126|0x0000000713200000, 0x0000000713400000, 0x0000000713400000|100%| E|CS|TAMS 0x0000000713200000| PB 0x0000000713200000| Complete 

Card table byte_map: [0x000001f3f0f70000,0x000001f3f1760000] _byte_map_base: 0x000001f3ed755000

Marking Bits: (CMBitMap*) 0x000001f3d91d95f0
 Bits: [0x000001f3f1f50000, 0x000001f3f5e78000)

Polling page: 0x000001f3d72c0000

Metaspace:

Usage:
  Non-class:      8.68 MB used.
      Class:    518.58 KB used.
       Both:      9.19 MB used.

Virtual space:
  Non-class space:       64.00 MB reserved,       8.81 MB ( 14%) committed,  1 nodes.
      Class space:        1.00 GB reserved,     640.00 KB ( <1%) committed,  1 nodes.
             Both:        1.06 GB reserved,       9.44 MB ( <1%) committed. 

Chunk freelists:
   Non-Class:  1.95 MB
       Class:  3.42 MB
        Both:  5.37 MB

MaxMetaspaceSize: unlimited
CompressedClassSpaceSize: 1.00 GB
Initial GC threshold: 21.00 MB
Current GC threshold: 21.00 MB
CDS: on
MetaspaceReclaimPolicy: balanced
 - commit_granule_bytes: 65536.
 - commit_granule_words: 8192.
 - virtual_space_node_default_size: 8388608.
 - enlarge_chunks_in_place: 1.
 - new_chunks_are_fully_committed: 0.
 - uncommit_free_chunks: 1.
 - use_allocation_guard: 0.


Internal statistics:

num_allocs_failed_limit: 0.
num_arena_births: 196.
num_arena_deaths: 0.
num_vsnodes_births: 2.
num_vsnodes_deaths: 0.
num_space_committed: 149.
num_space_uncommitted: 0.
num_chunks_returned_to_freelist: 0.
num_chunks_taken_from_freelist: 455.
num_chunk_merges: 0.
num_chunk_splits: 332.
num_chunks_enlarged: 246.
num_inconsistent_stats: 0.

CodeHeap 'non-profiled nmethods': size=120000Kb used=775Kb max_used=775Kb free=119224Kb
 bounds [0x000001f3e8cf0000, 0x000001f3e8f60000, 0x000001f3f0220000]
CodeHeap 'profiled nmethods': size=120000Kb used=2878Kb max_used=2878Kb free=117121Kb
 bounds [0x000001f3e1220000, 0x000001f3e14f0000, 0x000001f3e8750000]
CodeHeap 'non-nmethods': size=5760Kb used=2867Kb max_used=2891Kb free=2892Kb
 bounds [0x000001f3e8750000, 0x000001f3e8a30000, 0x000001f3e8cf0000]
 total_blobs=3326 nmethods=1936 adapters=1301
 compilation: enabled
              stopped_count=0, restarted_count=0
 full_count=0

Compilation events (20 events):
Event: 6.432 Thread 0x000001f3fcc357e0 1923       3       com.bedrye.Objects.DirectionalLight::update (85 bytes)
Event: 6.432 Thread 0x000001f3fcc357e0 nmethod 1923 0x000001f3e14e4f90 code [0x000001f3e14e5300, 0x000001f3e14e6d50]
Event: 6.432 Thread 0x000001f3fcc357e0 1924       3       org.joml.AxisAngle4f::<init> (10 bytes)
Event: 6.432 Thread 0x000001f3fcc357e0 nmethod 1924 0x000001f3e14e7590 code [0x000001f3e14e7720, 0x000001f3e14e7890]
Event: 6.432 Thread 0x000001f3fcc357e0 1925       3       org.joml.AxisAngle4f::set (686 bytes)
Event: 6.433 Thread 0x000001f3fcc357e0 nmethod 1925 0x000001f3e14e7990 code [0x000001f3e14e7e20, 0x000001f3e14e9c20]
Event: 6.433 Thread 0x000001f3fcc357e0 1926       3       org.joml.Math::safeAcos (23 bytes)
Event: 6.433 Thread 0x000001f3fcc357e0 nmethod 1926 0x000001f3e14ea610 code [0x000001f3e14ea800, 0x000001f3e14eaaf8]
Event: 6.433 Thread 0x000001f3fcc357e0 1927       3       org.joml.Math::acos (7 bytes)
Event: 6.433 Thread 0x000001f3fcc357e0 nmethod 1927 0x000001f3e14eac10 code [0x000001f3e14eada0, 0x000001f3e14eaf10]
Event: 6.433 Thread 0x000001f3fcc357e0 1928       3       java.lang.Math::acos (5 bytes)
Event: 6.433 Thread 0x000001f3fcc357e0 nmethod 1928 0x000001f3e14eb010 code [0x000001f3e14eb1a0, 0x000001f3e14eb2b0]
Event: 6.433 Thread 0x000001f3fcc357e0 1932   !   3       jdk.internal.reflect.MethodHandleIntegerFieldAccessorImpl::setInt (68 bytes)
Event: 6.434 Thread 0x000001f3fcc357e0 nmethod 1932 0x000001f3e14eb390 code [0x000001f3e14eb680, 0x000001f3e14ec8d8]
Event: 6.434 Thread 0x000001f3fcc357e0 1934   !   3       jdk.internal.reflect.MethodHandleDoubleFieldAccessorImpl::setDouble (73 bytes)
Event: 6.435 Thread 0x000001f3fcc357e0 nmethod 1934 0x000001f3e14ed090 code [0x000001f3e14ed380, 0x000001f3e14ee638]
Event: 6.435 Thread 0x000001f3fcc357e0 1935       3       java.lang.invoke.LambdaForm$MH/0x000001f381091000::invokeExact_MT (25 bytes)
Event: 6.435 Thread 0x000001f3fcc357e0 nmethod 1935 0x000001f3e14eee10 code [0x000001f3e14ef000, 0x000001f3e14ef738]
Event: 6.563 Thread 0x000001f3fcc31960 1936       4       java.nio.ByteBuffer::order (48 bytes)
Event: 6.564 Thread 0x000001f3fcc31960 nmethod 1936 0x000001f3e8db1a10 code [0x000001f3e8db1b80, 0x000001f3e8db1c38]

GC Heap History (2 events):
Event: 0.976 GC heap before
{Heap before GC invocations=0 (full 0):
 garbage-first heap   total 260096K, used 20480K [0x0000000703600000, 0x0000000800000000)
  region size 2048K, 11 young (22528K), 0 survivors (0K)
 Metaspace       used 8241K, committed 8512K, reserved 1114112K
  class space    used 450K, committed 576K, reserved 1048576K
}
Event: 0.980 GC heap after
{Heap after GC invocations=1 (full 0):
 garbage-first heap   total 260096K, used 2741K [0x0000000703600000, 0x0000000800000000)
  region size 2048K, 2 young (4096K), 2 survivors (4096K)
 Metaspace       used 8241K, committed 8512K, reserved 1114112K
  class space    used 450K, committed 576K, reserved 1048576K
}

Dll operation events (14 events):
Event: 0.007 Loaded shared library C:\Users\stas2\.jdks\openjdk-20.0.2-1\bin\java.dll
Event: 0.025 Loaded shared library C:\Users\stas2\.jdks\openjdk-20.0.2-1\bin\jsvml.dll
Event: 0.073 Loaded shared library C:\Users\stas2\.jdks\openjdk-20.0.2-1\bin\net.dll
Event: 0.076 Loaded shared library C:\Users\stas2\.jdks\openjdk-20.0.2-1\bin\nio.dll
Event: 0.083 Loaded shared library C:\Users\stas2\.jdks\openjdk-20.0.2-1\bin\zip.dll
Event: 0.227 Loaded shared library C:\Users\stas2\.jdks\openjdk-20.0.2-1\bin\zip.dll
Event: 0.229 Loaded shared library C:\Users\stas2\.jdks\openjdk-20.0.2-1\bin\instrument.dll
Event: 0.250 Loaded shared library C:\IntelliJ IDEA Community Edition 2021.3.2\IntelliJ IDEA Community Edition 2023.2.1\bin\breakgen64.dll
Event: 0.281 Loaded shared library C:\Users\stas2\.jdks\openjdk-20.0.2-1\bin\jimage.dll
Event: 0.299 Loaded shared library C:\Users\stas2\AppData\Local\Temp\lwjgl_stas2\3.3.4+7\x64\lwjgl.dll
Event: 0.513 Loaded shared library C:\Users\stas2\AppData\Local\Temp\lwjgl_stas2\3.3.4+7\x64\lwjgl_opengl.dll
Event: 0.647 Loaded shared library C:\Users\stas2\AppData\Local\Temp\imgui-java-natives\1.89.0\imgui-java64.dll
Event: 0.713 Loaded shared library C:\Users\stas2\.jdks\openjdk-20.0.2-1\bin\verify.dll
Event: 1.019 Loaded shared library C:\Users\stas2\AppData\Local\Temp\lwjgl_stas2\3.3.4+7\x64\lwjgl_stb.dll

Deoptimization events (20 events):
Event: 1.114 Thread 0x000001f3d9166c50 Uncommon trap: trap_request=0xffffff54 fr.pc=0x000001f3e8d4656c relative=0x000000000000006c
Event: 1.114 Thread 0x000001f3d9166c50 Uncommon trap: reason=speculate_null_assert action=make_not_entrant pc=0x000001f3e8d4656c method=sun.misc.Unsafe.getLong(Ljava/lang/Object;J)J @ 5 c2
Event: 1.114 Thread 0x000001f3d9166c50 DEOPT PACKING pc=0x000001f3e8d4656c sp=0x00000068e29feeb0
Event: 1.115 Thread 0x000001f3d9166c50 DEOPT UNPACKING pc=0x000001f3e876d2a2 sp=0x00000068e29fee38 mode 2
Event: 3.194 Thread 0x000001f3d9166c50 Uncommon trap: trap_request=0xffffffde fr.pc=0x000001f3e8da2720 relative=0x0000000000000120
Event: 3.194 Thread 0x000001f3d9166c50 Uncommon trap: reason=class_check action=maybe_recompile pc=0x000001f3e8da2720 method=jdk.internal.misc.Unsafe.allocateUninitializedArray(Ljava/lang/Class;I)Ljava/lang/Object; @ 51 c2
Event: 3.194 Thread 0x000001f3d9166c50 DEOPT PACKING pc=0x000001f3e8da2720 sp=0x00000068e29febc0
Event: 3.194 Thread 0x000001f3d9166c50 DEOPT UNPACKING pc=0x000001f3e876d2a2 sp=0x00000068e29feb38 mode 2
Event: 3.194 Thread 0x000001f3d9166c50 Uncommon trap: trap_request=0xffffffde fr.pc=0x000001f3e8da2720 relative=0x0000000000000120
Event: 3.194 Thread 0x000001f3d9166c50 Uncommon trap: reason=class_check action=maybe_recompile pc=0x000001f3e8da2720 method=jdk.internal.misc.Unsafe.allocateUninitializedArray(Ljava/lang/Class;I)Ljava/lang/Object; @ 51 c2
Event: 3.194 Thread 0x000001f3d9166c50 DEOPT PACKING pc=0x000001f3e8da2720 sp=0x00000068e29febc0
Event: 3.195 Thread 0x000001f3d9166c50 DEOPT UNPACKING pc=0x000001f3e876d2a2 sp=0x00000068e29feb38 mode 2
Event: 3.195 Thread 0x000001f3d9166c50 Uncommon trap: trap_request=0xffffffde fr.pc=0x000001f3e8da2720 relative=0x0000000000000120
Event: 3.195 Thread 0x000001f3d9166c50 Uncommon trap: reason=class_check action=maybe_recompile pc=0x000001f3e8da2720 method=jdk.internal.misc.Unsafe.allocateUninitializedArray(Ljava/lang/Class;I)Ljava/lang/Object; @ 51 c2
Event: 3.195 Thread 0x000001f3d9166c50 DEOPT PACKING pc=0x000001f3e8da2720 sp=0x00000068e29febc0
Event: 3.195 Thread 0x000001f3d9166c50 DEOPT UNPACKING pc=0x000001f3e876d2a2 sp=0x00000068e29feb38 mode 2
Event: 3.195 Thread 0x000001f3d9166c50 Uncommon trap: trap_request=0xffffffde fr.pc=0x000001f3e8da2720 relative=0x0000000000000120
Event: 3.195 Thread 0x000001f3d9166c50 Uncommon trap: reason=class_check action=maybe_recompile pc=0x000001f3e8da2720 method=jdk.internal.misc.Unsafe.allocateUninitializedArray(Ljava/lang/Class;I)Ljava/lang/Object; @ 51 c2
Event: 3.195 Thread 0x000001f3d9166c50 DEOPT PACKING pc=0x000001f3e8da2720 sp=0x00000068e29febc0
Event: 3.195 Thread 0x000001f3d9166c50 DEOPT UNPACKING pc=0x000001f3e876d2a2 sp=0x00000068e29feb38 mode 2

Classes loaded (20 events):
Event: 1.050 Loading class java/time/DayOfWeek
Event: 1.050 Loading class java/time/DayOfWeek done
Event: 1.050 Loading class java/time/zone/ZoneOffsetTransitionRule$TimeDefinition
Event: 1.050 Loading class java/time/zone/ZoneOffsetTransitionRule$TimeDefinition done
Event: 1.051 Loading class java/time/zone/ZoneOffsetTransition
Event: 1.051 Loading class java/time/zone/ZoneOffsetTransition done
Event: 1.052 Loading class sun/util/cldr/CLDRBaseLocaleDataMetaInfo$TZCanonicalIDMapHolder
Event: 1.052 Loading class sun/util/cldr/CLDRBaseLocaleDataMetaInfo$TZCanonicalIDMapHolder done
Event: 1.053 Loading class sun/util/resources/TimeZoneNames
Event: 1.053 Loading class sun/util/resources/TimeZoneNames done
Event: 1.054 Loading class sun/util/resources/TimeZoneNames_en
Event: 1.054 Loading class sun/util/resources/TimeZoneNames_en done
Event: 1.132 Loading class jdk/internal/reflect/MethodHandleBooleanFieldAccessorImpl
Event: 1.133 Loading class jdk/internal/reflect/MethodHandleBooleanFieldAccessorImpl done
Event: 1.138 Loading class jdk/internal/reflect/MethodHandleDoubleFieldAccessorImpl
Event: 1.138 Loading class jdk/internal/reflect/MethodHandleDoubleFieldAccessorImpl done
Event: 2.245 Loading class java/lang/invoke/MethodHandle$1
Event: 2.245 Loading class java/lang/invoke/MethodHandle$1 done
Event: 6.915 Loading class jdk/internal/misc/Signal$1
Event: 6.916 Loading class jdk/internal/misc/Signal$1 done

Classes unloaded (0 events):
No events

Classes redefined (0 events):
No events

Internal exceptions (20 events):
Event: 0.878 Thread 0x000001f3d9166c50 Exception <a 'sun/nio/fs/WindowsException'{0x0000000711f5f6e0}> (0x0000000711f5f6e0) 
thrown [s\open\src\hotspot\share\prims\jni.cpp, line 519]
Event: 0.881 Thread 0x000001f3d9166c50 Exception <a 'sun/nio/fs/WindowsException'{0x0000000711f64888}> (0x0000000711f64888) 
thrown [s\open\src\hotspot\share\prims\jni.cpp, line 519]
Event: 0.921 Thread 0x000001f3d9166c50 Exception <a 'sun/nio/fs/WindowsException'{0x0000000711f6de18}> (0x0000000711f6de18) 
thrown [s\open\src\hotspot\share\prims\jni.cpp, line 519]
Event: 0.922 Thread 0x000001f3d9166c50 Exception <a 'sun/nio/fs/WindowsException'{0x0000000711f6e198}> (0x0000000711f6e198) 
thrown [s\open\src\hotspot\share\prims\jni.cpp, line 519]
Event: 0.924 Thread 0x000001f3d9166c50 Exception <a 'sun/nio/fs/WindowsException'{0x0000000711f6fda0}> (0x0000000711f6fda0) 
thrown [s\open\src\hotspot\share\prims\jni.cpp, line 519]
Event: 1.010 Thread 0x000001f3d9166c50 Exception <a 'java/lang/NoSuchMethodError'{0x0000000712a7c2d8}: 'void java.lang.System.load(java.lang.String, java.lang.Class)'> (0x0000000712a7c2d8) 
thrown [s\open\src\hotspot\share\interpreter\linkResolver.cpp, line 773]
Event: 1.010 Thread 0x000001f3d9166c50 Exception <a 'java/lang/NoSuchMethodError'{0x0000000712a7f120}: 'void java.lang.System.loadLibrary(java.lang.String, java.lang.Class)'> (0x0000000712a7f120) 
thrown [s\open\src\hotspot\share\interpreter\linkResolver.cpp, line 773]
Event: 1.011 Thread 0x000001f3d9166c50 Exception <a 'sun/nio/fs/WindowsException'{0x0000000712a82418}> (0x0000000712a82418) 
thrown [s\open\src\hotspot\share\prims\jni.cpp, line 519]
Event: 1.017 Thread 0x000001f3d9166c50 Exception <a 'sun/nio/fs/WindowsException'{0x0000000712a8f4b8}> (0x0000000712a8f4b8) 
thrown [s\open\src\hotspot\share\prims\jni.cpp, line 519]
Event: 1.017 Thread 0x000001f3d9166c50 Exception <a 'sun/nio/fs/WindowsException'{0x0000000712a8f838}> (0x0000000712a8f838) 
thrown [s\open\src\hotspot\share\prims\jni.cpp, line 519]
Event: 1.020 Thread 0x000001f3d9166c50 Exception <a 'sun/nio/fs/WindowsException'{0x0000000712a91be0}> (0x0000000712a91be0) 
thrown [s\open\src\hotspot\share\prims\jni.cpp, line 519]
Event: 1.049 Thread 0x000001f3fcc20850 Exception <a 'sun/nio/fs/WindowsException'{0x0000000712b97c58}> (0x0000000712b97c58) 
thrown [s\open\src\hotspot\share\prims\jni.cpp, line 519]
Event: 1.056 Thread 0x000001f3fcc20850 Exception <a 'java/lang/NoSuchMethodError'{0x0000000712bcb1b0}: 'java.lang.Object java.lang.invoke.Invokers$Holder.invokeExact_MT(java.lang.Object, java.lang.Object, java.lang.Object, java.lang.Object, java.lang.Object, java.lang.Object)'> (0x0000000712bcb1b0) 
thrown [s\open\src\hotspot\share\interpreter\linkResolver.cpp, line 773]
Event: 1.131 Thread 0x000001f3d9166c50 Exception <a 'java/lang/NoSuchMethodError'{0x0000000712056368}: 'void java.lang.invoke.DelegatingMethodHandle$Holder.reinvoke_L(java.lang.Object, java.lang.Object, int)'> (0x0000000712056368) 
thrown [s\open\src\hotspot\share\interpreter\linkResolver.cpp, line 773]
Event: 1.131 Thread 0x000001f3d9166c50 Exception <a 'java/lang/NoSuchMethodError'{0x000000071205cdc0}: 'int java.lang.invoke.Invokers$Holder.invokeExact_MT(java.lang.Object, java.lang.Object, java.lang.Object)'> (0x000000071205cdc0) 
thrown [s\open\src\hotspot\share\interpreter\linkResolver.cpp, line 773]
Event: 1.132 Thread 0x000001f3d9166c50 Exception <a 'java/lang/NoSuchMethodError'{0x0000000712060aa8}: 'void java.lang.invoke.Invokers$Holder.invokeExact_MT(java.lang.Object, java.lang.Object, int, java.lang.Object)'> (0x0000000712060aa8) 
thrown [s\open\src\hotspot\share\interpreter\linkResolver.cpp, line 773]
Event: 1.138 Thread 0x000001f3d9166c50 Exception <a 'java/lang/NoSuchMethodError'{0x0000000712071e90}: 'double java.lang.invoke.DelegatingMethodHandle$Holder.reinvoke_L(java.lang.Object, java.lang.Object)'> (0x0000000712071e90) 
thrown [s\open\src\hotspot\share\interpreter\linkResolver.cpp, line 773]
Event: 1.140 Thread 0x000001f3d9166c50 Exception <a 'java/lang/NoSuchMethodError'{0x000000071207be18}: 'void java.lang.invoke.DelegatingMethodHandle$Holder.reinvoke_L(java.lang.Object, java.lang.Object, double)'> (0x000000071207be18) 
thrown [s\open\src\hotspot\share\interpreter\linkResolver.cpp, line 773]
Event: 1.142 Thread 0x000001f3d9166c50 Exception <a 'java/lang/NoSuchMethodError'{0x00000007120826e8}: 'double java.lang.invoke.Invokers$Holder.invokeExact_MT(java.lang.Object, java.lang.Object, java.lang.Object)'> (0x00000007120826e8) 
thrown [s\open\src\hotspot\share\interpreter\linkResolver.cpp, line 773]
Event: 1.149 Thread 0x000001f3d9166c50 Exception <a 'java/lang/NoSuchMethodError'{0x000000071209ac88}: 'void java.lang.invoke.Invokers$Holder.invokeExact_MT(java.lang.Object, java.lang.Object, java.lang.Object, java.lang.Object)'> (0x000000071209ac88) 
thrown [s\open\src\hotspot\share\interpreter\linkResolver.cpp, line 773]

VM Operations (20 events):
Event: 0.756 Executing VM operation: HandshakeAllThreads done
Event: 0.824 Executing VM operation: HandshakeAllThreads
Event: 0.825 Executing VM operation: HandshakeAllThreads done
Event: 0.976 Executing VM operation: G1CollectForAllocation
Event: 0.980 Executing VM operation: G1CollectForAllocation done
Event: 0.997 Executing VM operation: HandshakeAllThreads
Event: 0.997 Executing VM operation: HandshakeAllThreads done
Event: 1.008 Executing VM operation: HandshakeAllThreads
Event: 1.008 Executing VM operation: HandshakeAllThreads done
Event: 1.055 Executing VM operation: HandshakeAllThreads
Event: 1.055 Executing VM operation: HandshakeAllThreads done
Event: 2.066 Executing VM operation: Cleanup
Event: 2.066 Executing VM operation: Cleanup done
Event: 3.074 Executing VM operation: Cleanup
Event: 3.074 Executing VM operation: Cleanup done
Event: 4.086 Executing VM operation: Cleanup
Event: 4.086 Executing VM operation: Cleanup done
Event: 6.109 Executing VM operation: Cleanup
Event: 6.109 Executing VM operation: Cleanup done
Event: 6.917 Executing VM operation: Exit

Events (20 events):
Event: 0.039 Thread 0x000001f3fcc1b4d0 Thread added: 0x000001f3fcc1b4d0
Event: 0.039 Thread 0x000001f3fcc1cf20 Thread added: 0x000001f3fcc1cf20
Event: 0.039 Thread 0x000001f3fcc1da60 Thread added: 0x000001f3fcc1da60
Event: 0.039 Thread 0x000001f3fcc20850 Thread added: 0x000001f3fcc20850
Event: 0.039 Thread 0x000001f3fcc1f410 Thread added: 0x000001f3fcc1f410
Event: 0.039 Thread 0x000001f3fcc2c4c0 Thread added: 0x000001f3fcc2c4c0
Event: 0.039 Thread 0x000001f3fcc31960 Thread added: 0x000001f3fcc31960
Event: 0.039 Thread 0x000001f3fcc357e0 Thread added: 0x000001f3fcc357e0
Event: 0.067 Thread 0x000001f3fcd059f0 Thread added: 0x000001f3fcd059f0
Event: 0.105 Thread 0x000001f3fce1d6e0 Thread added: 0x000001f3fce1d6e0
Event: 0.117 Thread 0x000001f3fce5cfa0 Thread added: 0x000001f3fce5cfa0
Event: 0.251 Thread 0x000001f3fd318cb0 Thread added: 0x000001f3fd318cb0
Event: 0.251 Thread 0x000001f3fd319200 Thread added: 0x000001f3fd319200
Event: 0.505 Thread 0x000001f3fce5cfa0 Thread exited: 0x000001f3fce5cfa0
Event: 0.506 Thread 0x000001f3fce1d6e0 Thread exited: 0x000001f3fce1d6e0
Event: 0.982 Thread 0x000001f3c676f5c0 Thread added: 0x000001f3c676f5c0
Event: 0.985 Thread 0x000001f3c62444a0 Thread added: 0x000001f3c62444a0
Event: 1.461 Thread 0x000001f3c62444a0 Thread exited: 0x000001f3c62444a0
Event: 1.461 Thread 0x000001f3c676f5c0 Thread exited: 0x000001f3c676f5c0
Event: 6.916 Thread 0x000001f3c9d20ff0 Thread added: 0x000001f3c9d20ff0


Dynamic libraries:
0x00007ff7e6540000 - 0x00007ff7e654e000 	C:\Users\stas2\.jdks\openjdk-20.0.2-1\bin\java.exe
0x00007ffb8d1c0000 - 0x00007ffb8d428000 	C:\WINDOWS\SYSTEM32\ntdll.dll
0x00007ffb8c6f0000 - 0x00007ffb8c7b9000 	C:\WINDOWS\System32\KERNEL32.DLL
0x00007ffb8a690000 - 0x00007ffb8aa7d000 	C:\WINDOWS\System32\KERNELBASE.dll
0x00007ffb8a540000 - 0x00007ffb8a68b000 	C:\WINDOWS\System32\ucrtbase.dll
0x00007ffb34db0000 - 0x00007ffb34dc7000 	C:\Users\stas2\.jdks\openjdk-20.0.2-1\bin\jli.dll
0x00007ffb34d90000 - 0x00007ffb34dab000 	C:\Users\stas2\.jdks\openjdk-20.0.2-1\bin\VCRUNTIME140.dll
0x00007ffb8b9a0000 - 0x00007ffb8bb6c000 	C:\WINDOWS\System32\USER32.dll
0x00007ffb8aa80000 - 0x00007ffb8aaa7000 	C:\WINDOWS\System32\win32u.dll
0x00007ffb89490000 - 0x00007ffb8972a000 	C:\WINDOWS\WinSxS\amd64_microsoft.windows.common-controls_6595b64144ccf1df_6.0.26100.4484_none_3e0e6d4ce32ef3b3\COMCTL32.dll
0x00007ffb8c980000 - 0x00007ffb8c9ab000 	C:\WINDOWS\System32\GDI32.dll
0x00007ffb8ab50000 - 0x00007ffb8ac87000 	C:\WINDOWS\System32\gdi32full.dll
0x00007ffb8d040000 - 0x00007ffb8d0e9000 	C:\WINDOWS\System32\msvcrt.dll
0x00007ffb8a310000 - 0x00007ffb8a3b3000 	C:\WINDOWS\System32\msvcp_win.dll
0x00007ffb8b470000 - 0x00007ffb8b49f000 	C:\WINDOWS\System32\IMM32.DLL
0x00007ffb745c0000 - 0x00007ffb745cc000 	C:\Users\stas2\.jdks\openjdk-20.0.2-1\bin\vcruntime140_1.dll
0x00007ffb30190000 - 0x00007ffb3021e000 	C:\Users\stas2\.jdks\openjdk-20.0.2-1\bin\msvcp140.dll
0x00007ffaf7a30000 - 0x00007ffaf86c8000 	C:\Users\stas2\.jdks\openjdk-20.0.2-1\bin\server\jvm.dll
0x00007ffb8ce10000 - 0x00007ffb8cec4000 	C:\WINDOWS\System32\ADVAPI32.dll
0x00007ffb8bc70000 - 0x00007ffb8bd16000 	C:\WINDOWS\System32\sechost.dll
0x00007ffb8b640000 - 0x00007ffb8b758000 	C:\WINDOWS\System32\RPCRT4.dll
0x00007ffb6a2d0000 - 0x00007ffb6a2da000 	C:\WINDOWS\SYSTEM32\WSOCK32.dll
0x00007ffb7f290000 - 0x00007ffb7f29b000 	C:\WINDOWS\SYSTEM32\VERSION.dll
0x00007ffb76af0000 - 0x00007ffb76b25000 	C:\WINDOWS\SYSTEM32\WINMM.dll
0x00007ffb8b5c0000 - 0x00007ffb8b634000 	C:\WINDOWS\System32\WS2_32.dll
0x00007ffb88a00000 - 0x00007ffb88a1b000 	C:\WINDOWS\SYSTEM32\kernel.appcore.dll
0x00007ffb5d290000 - 0x00007ffb5d29a000 	C:\Users\stas2\.jdks\openjdk-20.0.2-1\bin\jimage.dll
0x00007ffb89be0000 - 0x00007ffb89e21000 	C:\WINDOWS\SYSTEM32\DBGHELP.DLL
0x00007ffb8ca60000 - 0x00007ffb8cde6000 	C:\WINDOWS\System32\combase.dll
0x00007ffb8b760000 - 0x00007ffb8b840000 	C:\WINDOWS\System32\OLEAUT32.dll
0x00007ffb89a50000 - 0x00007ffb89a93000 	C:\WINDOWS\SYSTEM32\dbgcore.DLL
0x00007ffb8aab0000 - 0x00007ffb8ab49000 	C:\WINDOWS\System32\bcryptPrimitives.dll
0x00007ffb84060000 - 0x00007ffb8406e000 	C:\Users\stas2\.jdks\openjdk-20.0.2-1\bin\instrument.dll
0x00007ffb31600000 - 0x00007ffb31626000 	C:\Users\stas2\.jdks\openjdk-20.0.2-1\bin\java.dll
0x00007ffb0a190000 - 0x00007ffb0a267000 	C:\Users\stas2\.jdks\openjdk-20.0.2-1\bin\jsvml.dll
0x00007ffb8bf00000 - 0x00007ffb8c64a000 	C:\WINDOWS\System32\SHELL32.dll
0x00007ffb8ad50000 - 0x00007ffb8aec4000 	C:\WINDOWS\System32\wintypes.dll
0x00007ffb87830000 - 0x00007ffb8808b000 	C:\WINDOWS\SYSTEM32\windows.storage.dll
0x00007ffb8b4b0000 - 0x00007ffb8b5a5000 	C:\WINDOWS\System32\SHCORE.dll
0x00007ffb8bb70000 - 0x00007ffb8bbda000 	C:\WINDOWS\System32\shlwapi.dll
0x00007ffb8a220000 - 0x00007ffb8a24f000 	C:\WINDOWS\SYSTEM32\profapi.dll
0x00007ffb33f30000 - 0x00007ffb33f43000 	C:\Users\stas2\.jdks\openjdk-20.0.2-1\bin\net.dll
0x00007ffb7fd50000 - 0x00007ffb7fe6e000 	C:\WINDOWS\SYSTEM32\WINHTTP.dll
0x00007ffb88f20000 - 0x00007ffb88f8a000 	C:\WINDOWS\system32\mswsock.dll
0x00007ffb315e0000 - 0x00007ffb315f6000 	C:\Users\stas2\.jdks\openjdk-20.0.2-1\bin\nio.dll
0x00007ffb30170000 - 0x00007ffb30188000 	C:\Users\stas2\.jdks\openjdk-20.0.2-1\bin\zip.dll
0x00007ffb81de0000 - 0x00007ffb81dfa000 	C:\IntelliJ IDEA Community Edition 2021.3.2\IntelliJ IDEA Community Edition 2023.2.1\bin\breakgen64.dll
0x00007ffb746e0000 - 0x00007ffb7475b000 	C:\Users\stas2\AppData\Local\Temp\lwjgl_stas2\3.3.4+7\x64\lwjgl.dll
0x00007ffb73f70000 - 0x00007ffb73ff5000 	C:\Users\stas2\AppData\Local\Temp\lwjgl_stas2\3.3.4+7\x64\glfw.dll
0x00007ffb74620000 - 0x00007ffb7466b000 	C:\WINDOWS\SYSTEM32\dinput8.dll
0x00007ffb807d0000 - 0x00007ffb807e2000 	C:\WINDOWS\SYSTEM32\xinput1_4.dll
0x00007ffb89f70000 - 0x00007ffb89fc7000 	C:\WINDOWS\SYSTEM32\cfgmgr32.dll
0x00007ffb89fd0000 - 0x00007ffb89ffd000 	C:\WINDOWS\SYSTEM32\DEVOBJ.dll
0x00007ffb86c40000 - 0x00007ffb86c76000 	C:\WINDOWS\SYSTEM32\dwmapi.dll
0x00007ffb6b0e0000 - 0x00007ffb6b2c3000 	C:\WINDOWS\SYSTEM32\inputhost.dll
0x00007ffb83820000 - 0x00007ffb83945000 	C:\WINDOWS\SYSTEM32\CoreMessaging.dll
0x00007ffb84290000 - 0x00007ffb8433f000 	C:\WINDOWS\system32\uxtheme.dll
0x00007ffb893d0000 - 0x00007ffb893dc000 	C:\WINDOWS\SYSTEM32\CRYPTBASE.DLL
0x00007ffb8ced0000 - 0x00007ffb8d030000 	C:\WINDOWS\System32\MSCTF.dll
0x00007ffb6ecc0000 - 0x00007ffb6edd8000 	C:\WINDOWS\SYSTEM32\opengl32.dll
0x00007ffb70430000 - 0x00007ffb7045d000 	C:\WINDOWS\SYSTEM32\GLU32.dll
0x00007ffb86e70000 - 0x00007ffb86ebd000 	C:\WINDOWS\SYSTEM32\dxcore.dll
0x00007ffb86b90000 - 0x00007ffb86bf4000 	C:\WINDOWS\SYSTEM32\directxdatabasehelper.dll
0x00007ffb74a20000 - 0x00007ffb74a3a000 	C:\WINDOWS\SYSTEM32\windows.staterepositorycore.dll
0x00007ffb11790000 - 0x00007ffb12783000 	C:\WINDOWS\System32\DriverStore\FileRepository\iigd_dch.inf_amd64_5802b1615520e41c\igxelpicd64.dll
0x00007ffb8c7d0000 - 0x00007ffb8c96e000 	C:\WINDOWS\System32\ole32.dll
0x00007ffb843e0000 - 0x00007ffb84518000 	C:\WINDOWS\system32\dxgi.dll
0x00007ffb114a0000 - 0x00007ffb11787000 	C:\WINDOWS\System32\DriverStore\FileRepository\iigd_dch.inf_amd64_5802b1615520e41c\igdml64.dll
0x00007ffb7cd40000 - 0x00007ffb7d107000 	C:\WINDOWS\System32\DriverStore\FileRepository\iigd_dch.inf_amd64_5802b1615520e41c\igdgmm64.dll
0x00007ffb791d0000 - 0x00007ffb7c7e1000 	C:\WINDOWS\System32\DriverStore\FileRepository\iigd_dch.inf_amd64_5802b1615520e41c\igc64.dll
0x00007ffb89b70000 - 0x00007ffb89bce000 	C:\WINDOWS\SYSTEM32\powrprof.dll
0x00007ffb89830000 - 0x00007ffb89844000 	C:\WINDOWS\SYSTEM32\UMPDC.dll
0x00007ffb75740000 - 0x00007ffb75890000 	C:\WINDOWS\SYSTEM32\textinputframework.dll
0x00007ffb7f5d0000 - 0x00007ffb7f8b3000 	C:\WINDOWS\SYSTEM32\CoreUIComponents.dll
0x00007ffb418e0000 - 0x00007ffb41941000 	C:\Users\stas2\AppData\Local\Temp\lwjgl_stas2\3.3.4+7\x64\lwjgl_opengl.dll
0x00007ffafb770000 - 0x00007ffafbf64000 	C:\Users\stas2\AppData\Local\Temp\imgui-java-natives\1.89.0\imgui-java64.dll
0x00007ffb4b8f0000 - 0x00007ffb4b900000 	C:\Users\stas2\.jdks\openjdk-20.0.2-1\bin\verify.dll
0x00007ffb0adf0000 - 0x00007ffb0af18000 	C:\Users\stas2\AppData\Local\Temp\lwjgl_stas2\3.3.4+7\x64\draco.dll
0x00007ffaf9870000 - 0x00007ffaf9f2b000 	C:\Users\stas2\AppData\Local\Temp\lwjgl_stas2\3.3.4+7\x64\assimp.dll
0x00007ffb41840000 - 0x00007ffb418e0000 	C:\Users\stas2\AppData\Local\Temp\lwjgl_stas2\3.3.4+7\x64\lwjgl_stb.dll

dbghelp: loaded successfully - version: 4.0.5 - missing functions: none
symbol engine: initialized successfully - sym options: 0x614 - pdb path: .;C:\Users\stas2\.jdks\openjdk-20.0.2-1\bin;C:\WINDOWS\SYSTEM32;C:\WINDOWS\WinSxS\amd64_microsoft.windows.common-controls_6595b64144ccf1df_6.0.26100.4484_none_3e0e6d4ce32ef3b3;C:\Users\stas2\.jdks\openjdk-20.0.2-1\bin\server;C:\IntelliJ IDEA Community Edition 2021.3.2\IntelliJ IDEA Community Edition 2023.2.1\bin;C:\Users\stas2\AppData\Local\Temp\lwjgl_stas2\3.3.4+7\x64;C:\WINDOWS\System32\DriverStore\FileRepository\iigd_dch.inf_amd64_5802b1615520e41c;C:\Users\stas2\AppData\Local\Temp\imgui-java-natives\1.89.0

VM Arguments:
jvm_args: -javaagent:C:\IntelliJ IDEA Community Edition 2021.3.2\IntelliJ IDEA Community Edition 2023.2.1\lib\idea_rt.jar=56388:C:\IntelliJ IDEA Community Edition 2021.3.2\IntelliJ IDEA Community Edition 2023.2.1\bin -Dfile.encoding=windows-1252 -Dsun.stdout.encoding=windows-1252 -Dsun.stderr.encoding=windows-1252 --module-path=C:\Users\stas2\.m2\repository\org\lwjgl\lwjgl-vulkan\3.3.4\lwjgl-vulkan-3.3.4.jar;C:\Users\stas2\.m2\repository\org\lwjgl\lwjgl-opengl\3.3.4\lwjgl-opengl-3.3.4.jar;C:\Users\stas2\.m2\repository\io\github\spair\imgui-java-binding\1.89.0\imgui-java-binding-1.89.0.jar;C:\Users\stas2\.m2\repository\org\lwjgl\lwjgl-assimp\3.3.4\lwjgl-assimp-3.3.4.jar;O:\GIt\MultiplayerShooter\target\classes;C:\Users\stas2\.m2\repository\org\lwjgl\lwjgl-stb\3.3.4\lwjgl-stb-3.3.4.jar;C:\Users\stas2\.m2\repository\org\joml\joml\1.10.7\joml-1.10.7.jar;C:\Users\stas2\.m2\repository\org\lwjgl\lwjgl-glfw\3.3.4\lwjgl-glfw-3.3.4.jar;C:\Users\stas2\.m2\repository\io\github\spair\imgui-java-lwjgl3\1.89.0\imgui-java-lwjgl3-1.89.0.jar;C:\Users\stas2\.m2\repository\org\lwjgl\lwjgl\3.3.4\lwjgl-3.3.4.jar;C:\Users\stas2\.m2\repository\org\joml\joml-primitives\1.10.0\joml-primitives-1.10.0.jar -Djdk.module.main=com.bedrye.multiplayershooter 
java_command: com.bedrye.multiplayershooter/com.bedrye.bjge.GameEngine.TestMain
java_class_path (initial): C:\Users\stas2\.m2\repository\io\github\spair\imgui-java-natives-windows\1.89.0\imgui-java-natives-windows-1.89.0.jar;C:\Users\stas2\.m2\repository\org\lwjgl\lwjgl-bgfx\3.3.4\lwjgl-bgfx-3.3.4.jar;C:\Users\stas2\.m2\repository\org\lwjgl\lwjgl-nanovg\3.3.4\lwjgl-nanovg-3.3.4.jar;C:\Users\stas2\.m2\repository\org\lwjgl\lwjgl-nuklear\3.3.4\lwjgl-nuklear-3.3.4.jar;C:\Users\stas2\.m2\repository\org\lwjgl\lwjgl-openal\3.3.4\lwjgl-openal-3.3.4.jar;C:\Users\stas2\.m2\repository\org\lwjgl\lwjgl-par\3.3.4\lwjgl-par-3.3.4.jar;C:\Users\stas2\.m2\repository\org\lwjgl\lwjgl\3.3.4\lwjgl-3.3.4-natives-windows.jar;C:\Users\stas2\.m2\repository\org\lwjgl\lwjgl-assimp\3.3.4\lwjgl-assimp-3.3.4-natives-windows.jar;C:\Users\stas2\.m2\repository\org\lwjgl\lwjgl-bgfx\3.3.4\lwjgl-bgfx-3.3.4-natives-windows.jar;C:\Users\stas2\.m2\repository\org\lwjgl\lwjgl-glfw\3.3.4\lwjgl-glfw-3.3.4-natives-windows.jar;C:\Users\stas2\.m2\repository\org\lwjgl\lwjgl-nanovg\3.3.4\lwjgl-nanovg-3.3.4-natives-windows.jar;C:\Users\stas2\.m2\repository\org\lwjgl\lwjgl-nuklear\3.3.4\lwjgl-nuklear-3.3.4-natives-windows.jar;C:\Users\stas2\.m2\repository\org\lwjgl\lwjgl-openal\3.3.4\lwjgl-openal-3.3.4-natives-windows.jar;C:\Users\stas2\.m2\repository\org\lwjgl\lwjgl-opengl\3.3.4\lwjgl-opengl-3.3.4-natives-windows.jar;C:\Users\stas2\.m2\repository\org\lwjgl\lwjgl-par\3.3.4\lwjgl-par-3.3.4-natives-windows.jar;C:\Users\stas2\.m2\repository\org\lwjgl\lwjgl-stb\3.3.4\lwjgl-stb-3.3.4-natives-windows.jar
Launcher Type: SUN_STANDARD

[Global flags]
     intx CICompilerCount                          = 4                                         {product} {ergonomic}
     uint ConcGCThreads                            = 3                                         {product} {ergonomic}
     uint G1ConcRefinementThreads                  = 10                                        {product} {ergonomic}
   size_t G1HeapRegionSize                         = 2097152                                   {product} {ergonomic}
    uintx GCDrainStackTargetSize                   = 64                                        {product} {ergonomic}
   size_t InitialHeapSize                          = 266338304                                 {product} {ergonomic}
   size_t MarkStackSize                            = 4194304                                   {product} {ergonomic}
   size_t MaxHeapSize                              = 4238344192                                {product} {ergonomic}
   size_t MaxNewSize                               = 2541748224                                {product} {ergonomic}
   size_t MinHeapDeltaBytes                        = 2097152                                   {product} {ergonomic}
   size_t MinHeapSize                              = 8388608                                   {product} {ergonomic}
    uintx NonNMethodCodeHeapSize                   = 5839372                                {pd product} {ergonomic}
    uintx NonProfiledCodeHeapSize                  = 122909434                              {pd product} {ergonomic}
    uintx ProfiledCodeHeapSize                     = 122909434                              {pd product} {ergonomic}
    uintx ReservedCodeCacheSize                    = 251658240                              {pd product} {ergonomic}
     bool SegmentedCodeCache                       = true                                      {product} {ergonomic}
   size_t SoftMaxHeapSize                          = 4238344192                             {manageable} {ergonomic}
     bool UseCompressedClassPointers               = true                           {product lp64_product} {ergonomic}
     bool UseCompressedOops                        = true                           {product lp64_product} {ergonomic}
     bool UseG1GC                                  = true                                      {product} {ergonomic}
     bool UseLargePagesIndividualAllocation        = false                                  {pd product} {ergonomic}

Logging:
Log output configuration:
 #0: stdout all=off uptime,level,tags foldmultilines=false
 #1: stderr all=off uptime,level,tags foldmultilines=false

Environment Variables:
JAVA_HOME=C:\Program Files\Java\jdk-11.0.2
PATH=C:\Program Files\PlasticSCM5\server;C:\Program Files\PlasticSCM5\client;C:\Program Files\NVIDIA GPU Computing Toolkit\CUDA\v12.6\bin;C:\Program Files\NVIDIA GPU Computing Toolkit\CUDA\v12.6\libnvvp;C:\Program Files\Common Files\Oracle\Java\javapath;C:\Windows\system32;C:\Windows;C:\Program Files\Java\jdk-11.0.2\bin;C:\Windows\System32\Wbem;C:\ORacleDatabase\dbhomeXE\bin;C:\Windows\System32\WindowsPowerShell\v1.0\;C:\Windows\System32\OpenSSH\;C:\Program Files (x86)\NVIDIA Corporation\PhysX\Common;C:\Program Files\NVIDIA Corporation\NVIDIA NvDLISR;C:\Program Files\Docker\Docker\resources\bin;C:\Program Files\Git LFS;C:\Program Files\Git\cmd;C:\Program Files (x86)\Windows Kits\10\Windows Performance Toolkit\;C:\Program Files (x86)\Steam\steamapps\common\Counter-Strike Global Offensive\game\bin\win64;C:\Users\stas2\AppData\Local\Programs\Python\Python311;C:\Program Files\dotnet\;C:\Program Files\Microsoft SQL Server\150\Tools\Binn\;C:\Program Files\Microsoft SQL Server\Client SDK\ODBC\170\Tools\Binn\;C:\Program Files\NVIDIA Corporation\Nsight Compute 2024.3.2\;C:\Program Files (x86)\Microsoft SQL Server\160\Tools\Binn\;C:\Program Files\Microsoft SQL Server\160\Tools\Binn\;C:\Program Files\Microsoft SQL Server\160\DTS\Binn\;C:\Program Files (x86)\Microsoft SQL Server\160\DTS\Binn\;C:\WINDOWS\system32;C:\WINDOWS;C:\WINDOWS\System32\Wbem;C:\WINDOWS\System32\WindowsPowerShell\v1.0\;C:\WINDOWS\System32\OpenSSH\;C:\Users\stas2\AppData\Local\Microsoft\WindowsApps;C:\Users\stas2\AppData\Local\Programs\Microsoft VS Code\bin;C:\Users\stas2\AppData\Local\GitHubDesktop\bin;C:\Users\stas2\AppData\Local\Programs\Python\Python311;C:\Program Files (x86)\Steam\steamapps\common\Counter-Strike Global Offensive\game\bin\win64;C:\Users\stas2\.dotnet\tools;C:\Users\stas2\AppData\Local\Muse Hub\lib;
USERNAME=stas2
OS=Windows_NT
PROCESSOR_IDENTIFIER=Intel64 Family 6 Model 141 Stepping 1, GenuineIntel
TMP=C:\Users\stas2\AppData\Local\Temp
TEMP=C:\Users\stas2\AppData\Local\Temp




---------------  S Y S T E M  ---------------

OS:
 Windows 11 , 64 bit Build 26100 (10.0.26100.4484)
OS uptime: 9 days 14:31 hours
Hyper-V role detected

CPU: total 12 (initial active 12) (6 cores per cpu, 2 threads per core) family 6 model 141 stepping 1 microcode 0x3c, cx8, cmov, fxsr, ht, mmx, 3dnowpref, sse, sse2, sse3, ssse3, sse4.1, sse4.2, popcnt, lzcnt, tsc, tscinvbit, avx, avx2, aes, erms, clmul, bmi1, bmi2, adx, avx512f, avx512dq, avx512cd, avx512bw, avx512vl, sha, fma, vzeroupper, avx512_vpopcntdq, avx512_vpclmulqdq, avx512_vaes, avx512_vnni, clflush, clflushopt, clwb, avx512_vbmi2, avx512_vbmi, hv, rdtscp, rdpid, fsrm, gfni, avx512_bitalg, f16c, cet_ibt, cet_ss, avx512_ifma

Memory: 4k page, system-wide physical 16163M (2706M free)
TotalPageFile size 37667M (AvailPageFile size 15783M)
current process WorkingSet (physical memory assigned to process): 206M, peak: 235M
current process commit charge ("private bytes"): 436M, peak: 439M

vm_info: OpenJDK 64-Bit Server VM (20.0.2+9-78) for windows-amd64 JRE (20.0.2+9-78), built on 2023-06-14T10:08:48Z by "mach5one" with MS VC++ 17.1 (VS2022)

END.
