#
# A fatal error has been detected by the Java Runtime Environment:
#
#  EXCEPTION_ACCESS_VIOLATION (0xc0000005) at pc=0x00007ffd0410366c, pid=23636, tid=15736
#
# JRE version: OpenJDK Runtime Environment (20.0.2+9) (build 20.0.2+9-78)
# Java VM: OpenJDK 64-Bit Server VM (20.0.2+9-78, mixed mode, sharing, tiered, compressed oops, compressed class ptrs, g1 gc, windows-amd64)
# Problematic frame:
# C  [igxelpicd64.dll+0x13366c]
#
# No core dump will be written. Minidumps are not enabled by default on client versions of Windows
#
# If you would like to submit a bug report, please visit:
#   https://bugreport.java.com/bugreport/crash.jsp
#

---------------  S U M M A R Y ------------

Command Line: -javaagent:C:\IntelliJ IDEA Community Edition 2021.3.2\IntelliJ IDEA Community Edition 2023.2.1\lib\idea_rt.jar=61262:C:\IntelliJ IDEA Community Edition 2021.3.2\IntelliJ IDEA Community Edition 2023.2.1\bin -Dfile.encoding=windows-1252 -Dsun.stdout.encoding=windows-1252 -Dsun.stderr.encoding=windows-1252 --module-path=C:\Users\stas2\.m2\repository\com\fasterxml\jackson\core\jackson-annotations\2.12.1\jackson-annotations-2.12.1.jar;C:\Users\stas2\.m2\repository\org\joml\joml\1.10.7\joml-1.10.7.jar;C:\Users\stas2\.m2\repository\com\fasterxml\jackson\core\jackson-databind\2.12.1\jackson-databind-2.12.1.jar;C:\Users\stas2\.m2\repository\com\gluonhq\attach\storage\4.0.13\storage-4.0.13.jar;C:\Users\stas2\.m2\repository\com\github\almasb\fxgl-gameplay\17.2\fxgl-gameplay-17.2.jar;C:\Users\stas2\.m2\repository\com\github\almasb\fxgl-scene\17.2\fxgl-scene-17.2.jar;C:\Users\stas2\.m2\repository\org\jetbrains\kotlin\kotlin-stdlib\1.6.0\kotlin-stdlib-1.6.0-modular.jar;C:\Users\stas2\.m2\repository\com\fasterxml\jackson\core\jackson-core\2.12.1\jackson-core-2.12.1.jar;C:\Users\stas2\.m2\repository\com\github\almasb\fxgl-entity\17.2\fxgl-entity-17.2.jar;C:\Users\stas2\.m2\repository\com\gluonhq\attach\util\4.0.13\util-4.0.13.jar;C:\Users\stas2\.m2\repository\org\lwjgl\lwjgl\3.3.4\lwjgl-3.3.4.jar;C:\Users\stas2\.m2\repository\org\openjfx\javafx-fxml\20.0.1\javafx-fxml-20.0.1-win.jar;C:\Users\stas2\.m2\repository\com\github\almasb\fxgl-io\17.2\fxgl-io-17.2.jar;C:\Users\stas2\.m2\repository\org\openjfx\javafx-controls\20.0.1\javafx-controls-20.0.1-win.jar;C:\Users\stas2\.m2\repository\com\gluonhq\attach\audio\4.0.13\audio-4.0.13.jar;C:\Users\stas2\.m2\repository\org\lwjgl\lwjgl-opengl\3.3.4\lwjgl-opengl-3.3.4.jar;O:\GIt\MultiplayerShooter\target\classes;C:\Users\stas2\.m2\repository\org\lwjgl\lwjgl-glfw\3.3.4\lwjgl-glfw-3.3.4.jar;C:\Users\stas2\.m2\repository\org\lwjgl\lwjgl-vulkan\3.3.4\lwjgl-vulkan-3.3.4.jar;C:\Users\stas2\.m2\repository\com\github\almasb\fxgl\17.2\fxgl-17.2.jar;C:\Users\stas2\.m2\repository\org\openjfx\javafx-media\20.0.1\javafx-media-20.0.1-win.jar;C:\Users\stas2\.m2\repository\com\gluonhq\attach\lifecycle\4.0.13\lifecycle-4.0.13.jar;C:\Users\stas2\.m2\repository\org\joml\joml-primitives\1.10.0\joml-primitives-1.10.0.jar;C:\Users\stas2\.m2\repository\org\openjf-Djdk.module.main=com.bedrye.multiplayershooter com.bedrye.multiplayershooter/com.bedrye.bjge.GameEngine.TestMain

Host: 11th Gen Intel(R) Core(TM) i5-11400H @ 2.70GHz, 12 cores, 15G,  Windows 11 , 64 bit Build 22621 (10.0.22621.4974)
Time: Mon Mar 24 17:53:32 2025 FLE Standard Time elapsed time: 46.081873 seconds (0d 0h 0m 46s)

---------------  T H R E A D  ---------------

Current thread (0x0000021aa364c140):  VMThread "VM Thread" [stack: 0x000000781d200000,0x000000781d300000] [id=15736]

Stack: [0x000000781d200000,0x000000781d300000],  sp=0x000000781d2fe700,  free space=1017k
Native frames: (J=compiled Java code, j=interpreted, Vv=VM code, C=native code)
C  [igxelpicd64.dll+0x13366c]


siginfo: EXCEPTION_ACCESS_VIOLATION (0xc0000005), reading address 0x00000000000356f8


Registers:
RAX=0x0000021ae96fc388, RBX=0x0000021ae96fc280, RCX=0x0000000000000000, RDX=0x0000000000000000
RSP=0x000000781d2fe700, RBP=0x0000000000000000, RSI=0x0000021ae96fc850, RDI=0x0000021ae9612f80
R8 =0x0000000000000014, R9 =0x0000000000000000, R10=0x0000000000000000, R11=0x0000000000000000
R12=0x0000000000000000, R13=0x0000021b2e904c90, R14=0x00000000004b9b00, R15=0x0000000000000016
RIP=0x00007ffd0410366c, EFLAGS=0x0000000000010206


Register to memory mapping:

RIP=0x00007ffd0410366c igxelpicd64.dll
RAX=0x0000021ae96fc388 points into unknown readable memory: 0x00000000004b9393 | 93 93 4b 00 00 00 00 00
RBX=0x0000021ae96fc280 points into unknown readable memory: 0x0000021ae93ccfd0 | d0 cf 3c e9 1a 02 00 00
RCX=0x0 is NULL
RDX=0x0 is NULL
RSP=0x000000781d2fe700 points into unknown readable memory: 0x0000021ae949c910 | 10 c9 49 e9 1a 02 00 00
RBP=0x0 is NULL
RSI=0x0000021ae96fc850 points into unknown readable memory: 0x0000021b2e904c90 | 90 4c 90 2e 1b 02 00 00
RDI=0x0000021ae9612f80 points into unknown readable memory: 0x0000021ae93e6701 | 01 67 3e e9 1a 02 00 00
R8 =0x0000000000000014 is an unknown value
R9 =0x0 is NULL
R10=0x0 is NULL
R11=0x0 is NULL
R12=0x0 is NULL
R13=0x0000021b2e904c90 points into unknown readable memory: 0x0000021ae93ccfd0 | d0 cf 3c e9 1a 02 00 00
R14=0x00000000004b9b00 is an unknown value
R15=0x0000000000000016 is an unknown value


Top of Stack: (sp=0x000000781d2fe700)
0x000000781d2fe700:   0000021ae949c910 0000000000000000
0x000000781d2fe710:   0000021ae9529cd0 00007ffdb15d4424
0x000000781d2fe720:   0000021aede40594 00007ffd0425ed1d
0x000000781d2fe730:   404e000000000000 0000000000000000
0x000000781d2fe740:   0000021ae9528a78 00000000004b9b73
0x000000781d2fe750:   0000000000000000 000000000000000d
0x000000781d2fe760:   0000000000000000 0000000000000000
0x000000781d2fe770:   000000781d2fe880 00007ffd0427bc3c
0x000000781d2fe780:   0000021ae949c910 0000021ae9612f80
0x000000781d2fe790:   0000021ae9528f00 0000021ae94f3c00
0x000000781d2fe7a0:   00000078000007dc 0000b8021d940000
0x000000781d2fe7b0:   0000000000000000 000000781d2feb08
0x000000781d2fe7c0:   000000781c789000 0000021ae9528770
0x000000781d2fe7d0:   0000021a81930000 0000000000000002
0x000000781d2fe7e0:   0000000200000101 00007ffd042719a0
0x000000781d2fe7f0:   00007ffdb1599de0 00000000000004b4
0x000000781d2fe800:   0000000000000000 0000000000000000
0x000000781d2fe810:   0000000000000000 0000000000000000
0x000000781d2fe820:   0000000000000000 00007ffd04053cdf
0x000000781d2fe830:   0000b8021d940000 00000000000007dc
0x000000781d2fe840:   0000000000000000 4000170000000001
0x000000781d2fe850:   0000000000000000 0000000000000000
0x000000781d2fe860:   0000000000000000 0000000000000000
0x000000781d2fe870:   0000000000000000 0000000000000000
0x000000781d2fe880:   0000000000000000 0000000000000000
0x000000781d2fe890:   0000000000000000 0000000000000000
0x000000781d2fe8a0:   0000000000000000 0000000000000000
0x000000781d2fe8b0:   0000000000000000 0000000000000000
0x000000781d2fe8c0:   0000000000000000 0000000000000000
0x000000781d2fe8d0:   0000000000000000 0000000000000000
0x000000781d2fe8e0:   0000000000000000 0000000000000000
0x000000781d2fe8f0:   0000000000000000 0000000000000000 

Instructions: (pc=0x00007ffd0410366c)
0x00007ffd0410356c:   ec 40 45 8a e1 48 8b fa 48 8b e9 48 8b 1d 42 08
0x00007ffd0410357c:   e0 00 48 89 58 08 48 8b cb ff 15 85 5b 9a 00 90
0x00007ffd0410358c:   4c 8b af 78 02 00 00 48 8b 05 c6 e4 cf 00 44 8b
0x00007ffd0410359c:   b8 40 0b 00 00 45 33 db 45 8a f3 4c 89 9f 78 02
0x00007ffd041035ac:   00 00 44 89 9f 80 02 00 00 4c 89 9f 98 02 00 00
0x00007ffd041035bc:   4c 89 9f 88 02 00 00 48 85 ed 75 38 8b 35 4a e2
0x00007ffd041035cc:   df 00 65 48 8b 04 25 58 00 00 00 b9 14 00 00 00
0x00007ffd041035dc:   48 8b 04 f0 44 38 1c 01 0f 84 9d da 86 00 65 48
0x00007ffd041035ec:   8b 04 25 58 00 00 00 bd 20 00 00 00 48 8b 04 f0
0x00007ffd041035fc:   48 8b 2c 28 48 3b 2d 39 07 e0 00 45 0f 44 fb 4d
0x00007ffd0410360c:   85 ed 0f 84 21 01 00 00 44 8a a4 24 90 00 00 00
0x00007ffd0410361c:   49 8b dd 49 8d b5 d0 05 00 00 4c 8b 2e 45 84 e4
0x00007ffd0410362c:   0f 85 2a 03 00 00 8b 97 c8 01 00 00 48 8b 05 21
0x00007ffd0410363c:   e4 cf 00 83 b8 78 03 00 00 02 75 31 83 fa 10 0f
0x00007ffd0410364c:   83 20 01 00 00 48 8d 04 d5 21 00 00 00 48 03 c2
0x00007ffd0410365c:   48 8d 04 c3 48 85 c0 0f 85 ff 00 00 00 49 8b cb
0x00007ffd0410366c:   48 3b 8d f8 56 03 00 0f 87 f3 02 00 00 4c 39 9b
0x00007ffd0410367c:   48 06 00 00 0f 85 41 da 86 00 44 8b 97 c8 01 00
0x00007ffd0410368c:   00 48 8b 87 e0 01 00 00 4c 8b 08 8b 97 c8 01 00
0x00007ffd0410369c:   00 83 fa 10 0f 83 03 01 00 00 48 8d 04 d5 21 00
0x00007ffd041036ac:   00 00 48 03 c2 48 8d 04 c3 48 85 c0 0f 85 e2 00
0x00007ffd041036bc:   00 00 49 8b cb 49 3b c9 0f 86 0e 01 00 00 48 8b
0x00007ffd041036cc:   87 78 02 00 00 48 89 06 48 89 9f 78 02 00 00 ff
0x00007ffd041036dc:   87 80 02 00 00 48 8b 43 08 48 8b 88 18 01 00 00
0x00007ffd041036ec:   48 81 e1 00 00 ff ff 48 81 c1 00 00 01 00 48 01
0x00007ffd041036fc:   8f 88 02 00 00 48 8b 43 08 48 8b 88 18 01 00 00
0x00007ffd0410370c:   48 01 8f 98 02 00 00 4d 85 ed 0f 85 00 ff ff ff
0x00007ffd0410371c:   45 84 f6 44 8a a4 24 98 00 00 00 0f 85 82 03 00
0x00007ffd0410372c:   00 48 8b 9c 24 80 00 00 00 48 8b cf 45 84 e4 0f
0x00007ffd0410373c:   85 8a 03 00 00 e8 fa f9 ff ff 90 48 8b cb 48 8b
0x00007ffd0410374c:   9c 24 88 00 00 00 48 83 c4 40 41 5f 41 5e 41 5d
0x00007ffd0410375c:   41 5c 5f 5e 5d 48 ff 25 b0 59 9a 00 48 8b 48 08 


Stack slot to memory mapping:
stack at sp + 0 slots: 0x0000021ae949c910 points into unknown readable memory: 0xffffffffffffffff | ff ff ff ff ff ff ff ff
stack at sp + 1 slots: 0x0 is NULL
stack at sp + 2 slots: 0x0000021ae9529cd0 points into unknown readable memory: 0x0000021ae9529d40 | 40 9d 52 e9 1a 02 00 00
stack at sp + 3 slots: 0x00007ffdb15d4424 ntdll.dll
stack at sp + 4 slots: 0x0000021aede40594 points into unknown readable memory: 01 00 00 00
stack at sp + 5 slots: 0x00007ffd0425ed1d igxelpicd64.dll
stack at sp + 6 slots: 0x404e000000000000 is an unknown value
stack at sp + 7 slots: 0x0 is NULL

VM_Operation (0x000000781dcff1c0): Exit, mode: safepoint, requested by thread 0x0000021ae9189230


---------------  P R O C E S S  ---------------

Threads class SMR info:
_java_thread_list=0x0000021b3435de00, length=13, elements={
0x0000021a83cfb1f0, 0x0000021aa366af20, 0x0000021aa366be10, 0x0000021aa366d040,
0x0000021aa3670cf0, 0x0000021aa3671ed0, 0x0000021aa3674e80, 0x0000021aa367b670,
0x0000021aa3687a70, 0x0000021aa3636ab0, 0x0000021ae8ec8b80, 0x0000021ae8ec90d0,
0x0000021ae9189230
}

Java Threads: ( => current thread )
  0x0000021a83cfb1f0 JavaThread "main" [_thread_blocked, id=4544, stack(0x000000781cc00000,0x000000781cd00000)]
  0x0000021aa366af20 JavaThread "Reference Handler" daemon [_thread_blocked, id=16148, stack(0x000000781d300000,0x000000781d400000)]
  0x0000021aa366be10 JavaThread "Finalizer" daemon [_thread_blocked, id=4100, stack(0x000000781d400000,0x000000781d500000)]
  0x0000021aa366d040 JavaThread "Signal Dispatcher" daemon [_thread_blocked, id=2700, stack(0x000000781d500000,0x000000781d600000)]
  0x0000021aa3670cf0 JavaThread "Attach Listener" daemon [_thread_blocked, id=31860, stack(0x000000781d600000,0x000000781d700000)]
  0x0000021aa3671ed0 JavaThread "Service Thread" daemon [_thread_blocked, id=29976, stack(0x000000781d700000,0x000000781d800000)]
  0x0000021aa3674e80 JavaThread "Monitor Deflation Thread" daemon [_thread_blocked, id=7788, stack(0x000000781d800000,0x000000781d900000)]
  0x0000021aa367b670 JavaThread "C2 CompilerThread0" daemon [_thread_blocked, id=33064, stack(0x000000781d900000,0x000000781da00000)]
  0x0000021aa3687a70 JavaThread "C1 CompilerThread0" daemon [_thread_blocked, id=14260, stack(0x000000781da00000,0x000000781db00000)]
  0x0000021aa3636ab0 JavaThread "Common-Cleaner" daemon [_thread_blocked, id=340, stack(0x000000781db00000,0x000000781dc00000)]
  0x0000021ae8ec8b80 JavaThread "Monitor Ctrl-Break" daemon [_thread_in_native, id=18792, stack(0x000000781de00000,0x000000781df00000)]
  0x0000021ae8ec90d0 JavaThread "Notification Thread" daemon [_thread_blocked, id=5752, stack(0x000000781df00000,0x000000781e000000)]
  0x0000021ae9189230 JavaThread "SIGINT handler" daemon [_thread_blocked, id=30944, stack(0x000000781dc00000,0x000000781dd00000)]

Other Threads:
=>0x0000021aa364c140 VMThread "VM Thread" [stack: 0x000000781d200000,0x000000781d300000] [id=15736]
  0x0000021a83d6b840 WorkerThread "GC Thread#0" [stack: 0x000000781cd00000,0x000000781ce00000] [id=33092]
  0x0000021ae9755e20 WorkerThread "GC Thread#1" [stack: 0x000000781dd00000,0x000000781de00000] [id=5936]
  0x0000021ae97563c0 WorkerThread "GC Thread#2" [stack: 0x000000781e700000,0x000000781e800000] [id=18876]
  0x0000021ae9754d40 WorkerThread "GC Thread#3" [stack: 0x000000781e900000,0x000000781ea00000] [id=9872]
  0x0000021ae9755010 WorkerThread "GC Thread#4" [stack: 0x000000781ea00000,0x000000781eb00000] [id=16108]
  0x0000021ae9756690 WorkerThread "GC Thread#5" [stack: 0x000000781eb00000,0x000000781ec00000] [id=20584]
  0x0000021ae97555b0 WorkerThread "GC Thread#6" [stack: 0x000000781ec00000,0x000000781ed00000] [id=20196]
  0x0000021ae97552e0 WorkerThread "GC Thread#7" [stack: 0x000000781ed00000,0x000000781ee00000] [id=18780]
  0x0000021a83d7c3e0 ConcurrentGCThread "G1 Main Marker" terminated
  0x0000021a83d7de20 WorkerThread "G1 Conc#0" [stack: 0x000000781cf00000,0x000000781d000000] [id=22160]
  0x0000021aa350dee0 ConcurrentGCThread "G1 Refine#0" terminated
  0x0000021aa350e790 ConcurrentGCThread "G1 Service" terminated

Threads with active compile tasks:

VM state: at safepoint (shutting down)

VM Mutex/Monitor currently owned by a thread:  ([mutex/lock_event])
[0x0000021a83cf6c00] Threads_lock - owner thread: 0x0000021aa364c140
[0x0000021a83cf6c90] Heap_lock - owner thread: 0x0000021ae9189230

Heap address: 0x0000000703600000, size: 4042 MB, Compressed Oops mode: Zero based, Oop shift amount: 3

CDS archive(s) mapped at: [0x0000021aa3800000-0x0000021aa4460000-0x0000021aa4460000), size 12976128, SharedBaseAddress: 0x0000021aa3800000, ArchiveRelocationMode: 1.
Compressed class space mapped at: 0x0000021aa4800000-0x0000021ae4800000, reserved size: 1073741824
Narrow klass base: 0x0000021aa3800000, Narrow klass shift: 0, Narrow klass range: 0x100000000

GC Precious Log:
 CardTable entry size: 512
 Card Set container configuration: InlinePtr #cards 4 size 8 Array Of Cards #cards 16 size 48 Howl #buckets 8 coarsen threshold 3686 Howl Bitmap #cards 512 size 80 coarsen threshold 460 Card regions per heap region 1 cards per card region 4096
 CPUs: 12 total, 12 available
 Memory: 16163M
 Large Page Support: Disabled
 NUMA Support: Disabled
 Compressed Oops: Enabled (Zero based)
 Heap Region Size: 2M
 Heap Min Capacity: 8M
 Heap Initial Capacity: 254M
 Heap Max Capacity: 4042M
 Pre-touch: Disabled
 Parallel Workers: 10
 Concurrent Workers: 3
 Concurrent Refinement Workers: 10
 Periodic GC: Disabled

Heap:
 garbage-first heap   total 260096K, used 17582K [0x0000000703600000, 0x0000000800000000)
  region size 2048K, 10 young (20480K), 2 survivors (4096K)
 Metaspace       used 7330K, committed 7488K, reserved 1114112K
  class space    used 418K, committed 512K, reserved 1048576K

Heap Regions: E=young(eden), S=young(survivor), O=old, HS=humongous(starts), HC=humongous(continues), CS=collection set, F=free, OA=open archive, CA=closed archive, TAMS=top-at-mark-start, PB=parsable bottom
|   0|0x0000000703600000, 0x0000000703600000, 0x0000000703800000|  0%| F|  |TAMS 0x0000000703600000| PB 0x0000000703600000| Untracked 
|   1|0x0000000703800000, 0x0000000703800000, 0x0000000703a00000|  0%| F|  |TAMS 0x0000000703800000| PB 0x0000000703800000| Untracked 
|   2|0x0000000703a00000, 0x0000000703a00000, 0x0000000703c00000|  0%| F|  |TAMS 0x0000000703a00000| PB 0x0000000703a00000| Untracked 
|   3|0x0000000703c00000, 0x0000000703c00000, 0x0000000703e00000|  0%| F|  |TAMS 0x0000000703c00000| PB 0x0000000703c00000| Untracked 
|   4|0x0000000703e00000, 0x0000000703e00000, 0x0000000704000000|  0%| F|  |TAMS 0x0000000703e00000| PB 0x0000000703e00000| Untracked 
|   5|0x0000000704000000, 0x0000000704000000, 0x0000000704200000|  0%| F|  |TAMS 0x0000000704000000| PB 0x0000000704000000| Untracked 
|   6|0x0000000704200000, 0x0000000704200000, 0x0000000704400000|  0%| F|  |TAMS 0x0000000704200000| PB 0x0000000704200000| Untracked 
|   7|0x0000000704400000, 0x0000000704400000, 0x0000000704600000|  0%| F|  |TAMS 0x0000000704400000| PB 0x0000000704400000| Untracked 
|   8|0x0000000704600000, 0x0000000704600000, 0x0000000704800000|  0%| F|  |TAMS 0x0000000704600000| PB 0x0000000704600000| Untracked 
|   9|0x0000000704800000, 0x0000000704800000, 0x0000000704a00000|  0%| F|  |TAMS 0x0000000704800000| PB 0x0000000704800000| Untracked 
|  10|0x0000000704a00000, 0x0000000704a00000, 0x0000000704c00000|  0%| F|  |TAMS 0x0000000704a00000| PB 0x0000000704a00000| Untracked 
|  11|0x0000000704c00000, 0x0000000704c00000, 0x0000000704e00000|  0%| F|  |TAMS 0x0000000704c00000| PB 0x0000000704c00000| Untracked 
|  12|0x0000000704e00000, 0x0000000704e00000, 0x0000000705000000|  0%| F|  |TAMS 0x0000000704e00000| PB 0x0000000704e00000| Untracked 
|  13|0x0000000705000000, 0x0000000705000000, 0x0000000705200000|  0%| F|  |TAMS 0x0000000705000000| PB 0x0000000705000000| Untracked 
|  14|0x0000000705200000, 0x0000000705200000, 0x0000000705400000|  0%| F|  |TAMS 0x0000000705200000| PB 0x0000000705200000| Untracked 
|  15|0x0000000705400000, 0x0000000705400000, 0x0000000705600000|  0%| F|  |TAMS 0x0000000705400000| PB 0x0000000705400000| Untracked 
|  16|0x0000000705600000, 0x0000000705600000, 0x0000000705800000|  0%| F|  |TAMS 0x0000000705600000| PB 0x0000000705600000| Untracked 
|  17|0x0000000705800000, 0x0000000705800000, 0x0000000705a00000|  0%| F|  |TAMS 0x0000000705800000| PB 0x0000000705800000| Untracked 
|  18|0x0000000705a00000, 0x0000000705a00000, 0x0000000705c00000|  0%| F|  |TAMS 0x0000000705a00000| PB 0x0000000705a00000| Untracked 
|  19|0x0000000705c00000, 0x0000000705c00000, 0x0000000705e00000|  0%| F|  |TAMS 0x0000000705c00000| PB 0x0000000705c00000| Untracked 
|  20|0x0000000705e00000, 0x0000000705e00000, 0x0000000706000000|  0%| F|  |TAMS 0x0000000705e00000| PB 0x0000000705e00000| Untracked 
|  21|0x0000000706000000, 0x0000000706000000, 0x0000000706200000|  0%| F|  |TAMS 0x0000000706000000| PB 0x0000000706000000| Untracked 
|  22|0x0000000706200000, 0x0000000706200000, 0x0000000706400000|  0%| F|  |TAMS 0x0000000706200000| PB 0x0000000706200000| Untracked 
|  23|0x0000000706400000, 0x0000000706400000, 0x0000000706600000|  0%| F|  |TAMS 0x0000000706400000| PB 0x0000000706400000| Untracked 
|  24|0x0000000706600000, 0x0000000706600000, 0x0000000706800000|  0%| F|  |TAMS 0x0000000706600000| PB 0x0000000706600000| Untracked 
|  25|0x0000000706800000, 0x0000000706800000, 0x0000000706a00000|  0%| F|  |TAMS 0x0000000706800000| PB 0x0000000706800000| Untracked 
|  26|0x0000000706a00000, 0x0000000706a00000, 0x0000000706c00000|  0%| F|  |TAMS 0x0000000706a00000| PB 0x0000000706a00000| Untracked 
|  27|0x0000000706c00000, 0x0000000706c00000, 0x0000000706e00000|  0%| F|  |TAMS 0x0000000706c00000| PB 0x0000000706c00000| Untracked 
|  28|0x0000000706e00000, 0x0000000706e00000, 0x0000000707000000|  0%| F|  |TAMS 0x0000000706e00000| PB 0x0000000706e00000| Untracked 
|  29|0x0000000707000000, 0x0000000707000000, 0x0000000707200000|  0%| F|  |TAMS 0x0000000707000000| PB 0x0000000707000000| Untracked 
|  30|0x0000000707200000, 0x0000000707200000, 0x0000000707400000|  0%| F|  |TAMS 0x0000000707200000| PB 0x0000000707200000| Untracked 
|  31|0x0000000707400000, 0x0000000707400000, 0x0000000707600000|  0%| F|  |TAMS 0x0000000707400000| PB 0x0000000707400000| Untracked 
|  32|0x0000000707600000, 0x0000000707600000, 0x0000000707800000|  0%| F|  |TAMS 0x0000000707600000| PB 0x0000000707600000| Untracked 
|  33|0x0000000707800000, 0x0000000707800000, 0x0000000707a00000|  0%| F|  |TAMS 0x0000000707800000| PB 0x0000000707800000| Untracked 
|  34|0x0000000707a00000, 0x0000000707a00000, 0x0000000707c00000|  0%| F|  |TAMS 0x0000000707a00000| PB 0x0000000707a00000| Untracked 
|  35|0x0000000707c00000, 0x0000000707c00000, 0x0000000707e00000|  0%| F|  |TAMS 0x0000000707c00000| PB 0x0000000707c00000| Untracked 
|  36|0x0000000707e00000, 0x0000000707e00000, 0x0000000708000000|  0%| F|  |TAMS 0x0000000707e00000| PB 0x0000000707e00000| Untracked 
|  37|0x0000000708000000, 0x0000000708000000, 0x0000000708200000|  0%| F|  |TAMS 0x0000000708000000| PB 0x0000000708000000| Untracked 
|  38|0x0000000708200000, 0x0000000708200000, 0x0000000708400000|  0%| F|  |TAMS 0x0000000708200000| PB 0x0000000708200000| Untracked 
|  39|0x0000000708400000, 0x0000000708400000, 0x0000000708600000|  0%| F|  |TAMS 0x0000000708400000| PB 0x0000000708400000| Untracked 
|  40|0x0000000708600000, 0x0000000708600000, 0x0000000708800000|  0%| F|  |TAMS 0x0000000708600000| PB 0x0000000708600000| Untracked 
|  41|0x0000000708800000, 0x0000000708800000, 0x0000000708a00000|  0%| F|  |TAMS 0x0000000708800000| PB 0x0000000708800000| Untracked 
|  42|0x0000000708a00000, 0x0000000708a00000, 0x0000000708c00000|  0%| F|  |TAMS 0x0000000708a00000| PB 0x0000000708a00000| Untracked 
|  43|0x0000000708c00000, 0x0000000708c00000, 0x0000000708e00000|  0%| F|  |TAMS 0x0000000708c00000| PB 0x0000000708c00000| Untracked 
|  44|0x0000000708e00000, 0x0000000708e00000, 0x0000000709000000|  0%| F|  |TAMS 0x0000000708e00000| PB 0x0000000708e00000| Untracked 
|  45|0x0000000709000000, 0x0000000709000000, 0x0000000709200000|  0%| F|  |TAMS 0x0000000709000000| PB 0x0000000709000000| Untracked 
|  46|0x0000000709200000, 0x0000000709200000, 0x0000000709400000|  0%| F|  |TAMS 0x0000000709200000| PB 0x0000000709200000| Untracked 
|  47|0x0000000709400000, 0x0000000709400000, 0x0000000709600000|  0%| F|  |TAMS 0x0000000709400000| PB 0x0000000709400000| Untracked 
|  48|0x0000000709600000, 0x0000000709600000, 0x0000000709800000|  0%| F|  |TAMS 0x0000000709600000| PB 0x0000000709600000| Untracked 
|  49|0x0000000709800000, 0x0000000709800000, 0x0000000709a00000|  0%| F|  |TAMS 0x0000000709800000| PB 0x0000000709800000| Untracked 
|  50|0x0000000709a00000, 0x0000000709a00000, 0x0000000709c00000|  0%| F|  |TAMS 0x0000000709a00000| PB 0x0000000709a00000| Untracked 
|  51|0x0000000709c00000, 0x0000000709c00000, 0x0000000709e00000|  0%| F|  |TAMS 0x0000000709c00000| PB 0x0000000709c00000| Untracked 
|  52|0x0000000709e00000, 0x0000000709e00000, 0x000000070a000000|  0%| F|  |TAMS 0x0000000709e00000| PB 0x0000000709e00000| Untracked 
|  53|0x000000070a000000, 0x000000070a000000, 0x000000070a200000|  0%| F|  |TAMS 0x000000070a000000| PB 0x000000070a000000| Untracked 
|  54|0x000000070a200000, 0x000000070a200000, 0x000000070a400000|  0%| F|  |TAMS 0x000000070a200000| PB 0x000000070a200000| Untracked 
|  55|0x000000070a400000, 0x000000070a400000, 0x000000070a600000|  0%| F|  |TAMS 0x000000070a400000| PB 0x000000070a400000| Untracked 
|  56|0x000000070a600000, 0x000000070a600000, 0x000000070a800000|  0%| F|  |TAMS 0x000000070a600000| PB 0x000000070a600000| Untracked 
|  57|0x000000070a800000, 0x000000070a800000, 0x000000070aa00000|  0%| F|  |TAMS 0x000000070a800000| PB 0x000000070a800000| Untracked 
|  58|0x000000070aa00000, 0x000000070aa00000, 0x000000070ac00000|  0%| F|  |TAMS 0x000000070aa00000| PB 0x000000070aa00000| Untracked 
|  59|0x000000070ac00000, 0x000000070ac00000, 0x000000070ae00000|  0%| F|  |TAMS 0x000000070ac00000| PB 0x000000070ac00000| Untracked 
|  60|0x000000070ae00000, 0x000000070ae00000, 0x000000070b000000|  0%| F|  |TAMS 0x000000070ae00000| PB 0x000000070ae00000| Untracked 
|  61|0x000000070b000000, 0x000000070b000000, 0x000000070b200000|  0%| F|  |TAMS 0x000000070b000000| PB 0x000000070b000000| Untracked 
|  62|0x000000070b200000, 0x000000070b200000, 0x000000070b400000|  0%| F|  |TAMS 0x000000070b200000| PB 0x000000070b200000| Untracked 
|  63|0x000000070b400000, 0x000000070b400000, 0x000000070b600000|  0%| F|  |TAMS 0x000000070b400000| PB 0x000000070b400000| Untracked 
|  64|0x000000070b600000, 0x000000070b600000, 0x000000070b800000|  0%| F|  |TAMS 0x000000070b600000| PB 0x000000070b600000| Untracked 
|  65|0x000000070b800000, 0x000000070b800000, 0x000000070ba00000|  0%| F|  |TAMS 0x000000070b800000| PB 0x000000070b800000| Untracked 
|  66|0x000000070ba00000, 0x000000070ba00000, 0x000000070bc00000|  0%| F|  |TAMS 0x000000070ba00000| PB 0x000000070ba00000| Untracked 
|  67|0x000000070bc00000, 0x000000070bc00000, 0x000000070be00000|  0%| F|  |TAMS 0x000000070bc00000| PB 0x000000070bc00000| Untracked 
|  68|0x000000070be00000, 0x000000070be00000, 0x000000070c000000|  0%| F|  |TAMS 0x000000070be00000| PB 0x000000070be00000| Untracked 
|  69|0x000000070c000000, 0x000000070c000000, 0x000000070c200000|  0%| F|  |TAMS 0x000000070c000000| PB 0x000000070c000000| Untracked 
|  70|0x000000070c200000, 0x000000070c200000, 0x000000070c400000|  0%| F|  |TAMS 0x000000070c200000| PB 0x000000070c200000| Untracked 
|  71|0x000000070c400000, 0x000000070c400000, 0x000000070c600000|  0%| F|  |TAMS 0x000000070c400000| PB 0x000000070c400000| Untracked 
|  72|0x000000070c600000, 0x000000070c600000, 0x000000070c800000|  0%| F|  |TAMS 0x000000070c600000| PB 0x000000070c600000| Untracked 
|  73|0x000000070c800000, 0x000000070c800000, 0x000000070ca00000|  0%| F|  |TAMS 0x000000070c800000| PB 0x000000070c800000| Untracked 
|  74|0x000000070ca00000, 0x000000070ca00000, 0x000000070cc00000|  0%| F|  |TAMS 0x000000070ca00000| PB 0x000000070ca00000| Untracked 
|  75|0x000000070cc00000, 0x000000070cc00000, 0x000000070ce00000|  0%| F|  |TAMS 0x000000070cc00000| PB 0x000000070cc00000| Untracked 
|  76|0x000000070ce00000, 0x000000070ce00000, 0x000000070d000000|  0%| F|  |TAMS 0x000000070ce00000| PB 0x000000070ce00000| Untracked 
|  77|0x000000070d000000, 0x000000070d000000, 0x000000070d200000|  0%| F|  |TAMS 0x000000070d000000| PB 0x000000070d000000| Untracked 
|  78|0x000000070d200000, 0x000000070d200000, 0x000000070d400000|  0%| F|  |TAMS 0x000000070d200000| PB 0x000000070d200000| Untracked 
|  79|0x000000070d400000, 0x000000070d400000, 0x000000070d600000|  0%| F|  |TAMS 0x000000070d400000| PB 0x000000070d400000| Untracked 
|  80|0x000000070d600000, 0x000000070d600000, 0x000000070d800000|  0%| F|  |TAMS 0x000000070d600000| PB 0x000000070d600000| Untracked 
|  81|0x000000070d800000, 0x000000070d800000, 0x000000070da00000|  0%| F|  |TAMS 0x000000070d800000| PB 0x000000070d800000| Untracked 
|  82|0x000000070da00000, 0x000000070da00000, 0x000000070dc00000|  0%| F|  |TAMS 0x000000070da00000| PB 0x000000070da00000| Untracked 
|  83|0x000000070dc00000, 0x000000070dc00000, 0x000000070de00000|  0%| F|  |TAMS 0x000000070dc00000| PB 0x000000070dc00000| Untracked 
|  84|0x000000070de00000, 0x000000070de00000, 0x000000070e000000|  0%| F|  |TAMS 0x000000070de00000| PB 0x000000070de00000| Untracked 
|  85|0x000000070e000000, 0x000000070e000000, 0x000000070e200000|  0%| F|  |TAMS 0x000000070e000000| PB 0x000000070e000000| Untracked 
|  86|0x000000070e200000, 0x000000070e200000, 0x000000070e400000|  0%| F|  |TAMS 0x000000070e200000| PB 0x000000070e200000| Untracked 
|  87|0x000000070e400000, 0x000000070e400000, 0x000000070e600000|  0%| F|  |TAMS 0x000000070e400000| PB 0x000000070e400000| Untracked 
|  88|0x000000070e600000, 0x000000070e600000, 0x000000070e800000|  0%| F|  |TAMS 0x000000070e600000| PB 0x000000070e600000| Untracked 
|  89|0x000000070e800000, 0x000000070e800000, 0x000000070ea00000|  0%| F|  |TAMS 0x000000070e800000| PB 0x000000070e800000| Untracked 
|  90|0x000000070ea00000, 0x000000070ea00000, 0x000000070ec00000|  0%| F|  |TAMS 0x000000070ea00000| PB 0x000000070ea00000| Untracked 
|  91|0x000000070ec00000, 0x000000070ec00000, 0x000000070ee00000|  0%| F|  |TAMS 0x000000070ec00000| PB 0x000000070ec00000| Untracked 
|  92|0x000000070ee00000, 0x000000070ee00000, 0x000000070f000000|  0%| F|  |TAMS 0x000000070ee00000| PB 0x000000070ee00000| Untracked 
|  93|0x000000070f000000, 0x000000070f000000, 0x000000070f200000|  0%| F|  |TAMS 0x000000070f000000| PB 0x000000070f000000| Untracked 
|  94|0x000000070f200000, 0x000000070f200000, 0x000000070f400000|  0%| F|  |TAMS 0x000000070f200000| PB 0x000000070f200000| Untracked 
|  95|0x000000070f400000, 0x000000070f400000, 0x000000070f600000|  0%| F|  |TAMS 0x000000070f400000| PB 0x000000070f400000| Untracked 
|  96|0x000000070f600000, 0x000000070f600000, 0x000000070f800000|  0%| F|  |TAMS 0x000000070f600000| PB 0x000000070f600000| Untracked 
|  97|0x000000070f800000, 0x000000070f800000, 0x000000070fa00000|  0%| F|  |TAMS 0x000000070f800000| PB 0x000000070f800000| Untracked 
|  98|0x000000070fa00000, 0x000000070fa00000, 0x000000070fc00000|  0%| F|  |TAMS 0x000000070fa00000| PB 0x000000070fa00000| Untracked 
|  99|0x000000070fc00000, 0x000000070fc00000, 0x000000070fe00000|  0%| F|  |TAMS 0x000000070fc00000| PB 0x000000070fc00000| Untracked 
| 100|0x000000070fe00000, 0x000000070fe00000, 0x0000000710000000|  0%| F|  |TAMS 0x000000070fe00000| PB 0x000000070fe00000| Untracked 
| 101|0x0000000710000000, 0x0000000710000000, 0x0000000710200000|  0%| F|  |TAMS 0x0000000710000000| PB 0x0000000710000000| Untracked 
| 102|0x0000000710200000, 0x0000000710200000, 0x0000000710400000|  0%| F|  |TAMS 0x0000000710200000| PB 0x0000000710200000| Untracked 
| 103|0x0000000710400000, 0x0000000710400000, 0x0000000710600000|  0%| F|  |TAMS 0x0000000710400000| PB 0x0000000710400000| Untracked 
| 104|0x0000000710600000, 0x0000000710600000, 0x0000000710800000|  0%| F|  |TAMS 0x0000000710600000| PB 0x0000000710600000| Untracked 
| 105|0x0000000710800000, 0x0000000710800000, 0x0000000710a00000|  0%| F|  |TAMS 0x0000000710800000| PB 0x0000000710800000| Untracked 
| 106|0x0000000710a00000, 0x0000000710a00000, 0x0000000710c00000|  0%| F|  |TAMS 0x0000000710a00000| PB 0x0000000710a00000| Untracked 
| 107|0x0000000710c00000, 0x0000000710c00000, 0x0000000710e00000|  0%| F|  |TAMS 0x0000000710c00000| PB 0x0000000710c00000| Untracked 
| 108|0x0000000710e00000, 0x0000000710e00000, 0x0000000711000000|  0%| F|  |TAMS 0x0000000710e00000| PB 0x0000000710e00000| Untracked 
| 109|0x0000000711000000, 0x0000000711000000, 0x0000000711200000|  0%| F|  |TAMS 0x0000000711000000| PB 0x0000000711000000| Untracked 
| 110|0x0000000711200000, 0x0000000711200000, 0x0000000711400000|  0%| F|  |TAMS 0x0000000711200000| PB 0x0000000711200000| Untracked 
| 111|0x0000000711400000, 0x0000000711400000, 0x0000000711600000|  0%| F|  |TAMS 0x0000000711400000| PB 0x0000000711400000| Untracked 
| 112|0x0000000711600000, 0x0000000711600000, 0x0000000711800000|  0%| F|  |TAMS 0x0000000711600000| PB 0x0000000711600000| Untracked 
| 113|0x0000000711800000, 0x0000000711800000, 0x0000000711a00000|  0%| F|  |TAMS 0x0000000711800000| PB 0x0000000711800000| Untracked 
| 114|0x0000000711a00000, 0x0000000711b2b9c8, 0x0000000711c00000| 58%| S|CS|TAMS 0x0000000711a00000| PB 0x0000000711a00000| Complete 
| 115|0x0000000711c00000, 0x0000000711e00000, 0x0000000711e00000|100%| S|CS|TAMS 0x0000000711c00000| PB 0x0000000711c00000| Complete 
| 116|0x0000000711e00000, 0x0000000711e00000, 0x0000000712000000|  0%| F|  |TAMS 0x0000000711e00000| PB 0x0000000711e00000| Untracked 
| 117|0x0000000712000000, 0x0000000712000000, 0x0000000712200000|  0%| F|  |TAMS 0x0000000712000000| PB 0x0000000712000000| Untracked 
| 118|0x0000000712200000, 0x0000000712200000, 0x0000000712400000|  0%| F|  |TAMS 0x0000000712200000| PB 0x0000000712200000| Untracked 
| 119|0x0000000712400000, 0x0000000712400800, 0x0000000712600000|  0%| E|  |TAMS 0x0000000712400000| PB 0x0000000712400000| Complete 
| 120|0x0000000712600000, 0x0000000712800000, 0x0000000712800000|100%| E|CS|TAMS 0x0000000712600000| PB 0x0000000712600000| Complete 
| 121|0x0000000712800000, 0x0000000712a00000, 0x0000000712a00000|100%| E|CS|TAMS 0x0000000712800000| PB 0x0000000712800000| Complete 
| 122|0x0000000712a00000, 0x0000000712c00000, 0x0000000712c00000|100%| E|CS|TAMS 0x0000000712a00000| PB 0x0000000712a00000| Complete 
| 123|0x0000000712c00000, 0x0000000712e00000, 0x0000000712e00000|100%| E|CS|TAMS 0x0000000712c00000| PB 0x0000000712c00000| Complete 
| 124|0x0000000712e00000, 0x0000000713000000, 0x0000000713000000|100%| E|CS|TAMS 0x0000000712e00000| PB 0x0000000712e00000| Complete 
| 125|0x0000000713000000, 0x0000000713200000, 0x0000000713200000|100%| E|CS|TAMS 0x0000000713000000| PB 0x0000000713000000| Complete 
| 126|0x0000000713200000, 0x0000000713400000, 0x0000000713400000|100%| E|CS|TAMS 0x0000000713200000| PB 0x0000000713200000| Complete 

Card table byte_map: [0x0000021a9baf0000,0x0000021a9c2e0000] _byte_map_base: 0x0000021a982d5000

Marking Bits: (CMBitMap*) 0x0000021a83d6be70
 Bits: [0x0000021a9cad0000, 0x0000021aa09f8000)

Polling page: 0x0000021a834b0000

Metaspace:

Usage:
  Non-class:      6.75 MB used.
      Class:    418.51 KB used.
       Both:      7.16 MB used.

Virtual space:
  Non-class space:       64.00 MB reserved,       6.81 MB ( 11%) committed,  1 nodes.
      Class space:        1.00 GB reserved,     512.00 KB ( <1%) committed,  1 nodes.
             Both:        1.06 GB reserved,       7.31 MB ( <1%) committed. 

Chunk freelists:
   Non-Class:  3.75 MB
       Class:  3.54 MB
        Both:  7.29 MB

MaxMetaspaceSize: unlimited
CompressedClassSpaceSize: 1.00 GB
Initial GC threshold: 21.00 MB
Current GC threshold: 21.00 MB
CDS: on
MetaspaceReclaimPolicy: balanced
 - commit_granule_bytes: 65536.
 - commit_granule_words: 8192.
 - virtual_space_node_default_size: 8388608.
 - enlarge_chunks_in_place: 1.
 - new_chunks_are_fully_committed: 0.
 - uncommit_free_chunks: 1.
 - use_allocation_guard: 0.


Internal statistics:

num_allocs_failed_limit: 0.
num_arena_births: 98.
num_arena_deaths: 0.
num_vsnodes_births: 2.
num_vsnodes_deaths: 0.
num_space_committed: 115.
num_space_uncommitted: 0.
num_chunks_returned_to_freelist: 0.
num_chunks_taken_from_freelist: 283.
num_chunk_merges: 0.
num_chunk_splits: 198.
num_chunks_enlarged: 151.
num_inconsistent_stats: 0.

CodeHeap 'non-profiled nmethods': size=120000Kb used=637Kb max_used=637Kb free=119362Kb
 bounds [0x0000021a93880000, 0x0000021a93af0000, 0x0000021a9adb0000]
CodeHeap 'profiled nmethods': size=120000Kb used=1886Kb max_used=1886Kb free=118114Kb
 bounds [0x0000021a8bdb0000, 0x0000021a8c020000, 0x0000021a932e0000]
CodeHeap 'non-nmethods': size=5760Kb used=2563Kb max_used=2603Kb free=3196Kb
 bounds [0x0000021a932e0000, 0x0000021a93580000, 0x0000021a93880000]
 total_blobs=2551 nmethods=1375 adapters=1087
 compilation: enabled
              stopped_count=0, restarted_count=0
 full_count=0

Compilation events (20 events):
Event: 13.332 Thread 0x0000021aa367b670 1368       4       org.joml.Vector4f::<init> (26 bytes)
Event: 13.333 Thread 0x0000021aa367b670 nmethod 1368 0x0000021a93914210 code [0x0000021a93914380, 0x0000021a93914420]
Event: 13.333 Thread 0x0000021aa367b670 1369       4       org.joml.Vector4f::mul (7 bytes)
Event: 13.336 Thread 0x0000021aa367b670 nmethod 1369 0x0000021a93914510 code [0x0000021a93914680, 0x0000021a93914860]
Event: 13.457 Thread 0x0000021aa367b670 1370       4       com.bedrye.bjge.GameEngine.Util.BJEMesh::setVertexesPosition (104 bytes)
Event: 13.557 Thread 0x0000021aa367b670 nmethod 1370 0x0000021a93914a90 code [0x0000021a93914e00, 0x0000021a93916a20]
Event: 13.882 Thread 0x0000021aa367b670 1371   !   4       org.lwjgl.opengl.GL20C::glGetUniformLocation (48 bytes)
Event: 13.897 Thread 0x0000021aa367b670 nmethod 1371 0x0000021a93919410 code [0x0000021a93919600, 0x0000021a93919ce0]
Event: 13.897 Thread 0x0000021aa367b670 1372       4       com.bedrye.Objects.Object3D$$Lambda$95/0x0000021aa4833d70::accept (8 bytes)
Event: 13.901 Thread 0x0000021aa367b670 nmethod 1372 0x0000021a9391a490 code [0x0000021a9391a6c0, 0x0000021a9391aa00]
Event: 20.128 Thread 0x0000021aa367b670 1373       4       com.bedrye.Objects.Object3D::update (29 bytes)
Event: 20.138 Thread 0x0000021aa367b670 nmethod 1373 0x0000021a9391af90 code [0x0000021a9391b2a0, 0x0000021a9391c1d8]
Event: 20.572 Thread 0x0000021aa367b670 1374       4       com.bedrye.bjge.GameEngine.Util.Shaders.ShaderProgram::UploadMatrix (31 bytes)
Event: 20.591 Thread 0x0000021aa367b670 nmethod 1374 0x0000021a9391d290 code [0x0000021a9391d4a0, 0x0000021a9391de70]
Event: 38.859 Thread 0x0000021aa367b670 1375       4       org.lwjgl.glfw.GLFW::glfwWindowShouldClose (29 bytes)
Event: 38.860 Thread 0x0000021aa367b670 nmethod 1375 0x0000021a9391ea90 code [0x0000021a9391ec00, 0x0000021a9391ecd0]
Event: 38.867 Thread 0x0000021aa367b670 1376       4       com.bedrye.Objects.GameScene$$Lambda$94/0x0000021aa4833b50::accept (8 bytes)
Event: 38.868 Thread 0x0000021aa367b670 nmethod 1376 0x0000021a9391ee10 code [0x0000021a9391ef80, 0x0000021a9391f050]
Event: 39.757 Thread 0x0000021aa367b670 1377       4       org.lwjgl.glfw.GLFW::glfwSwapBuffers (21 bytes)
Event: 39.758 Thread 0x0000021aa367b670 nmethod 1377 0x0000021a9391f190 code [0x0000021a9391f300, 0x0000021a9391f3c0]

GC Heap History (2 events):
Event: 0.857 GC heap before
{Heap before GC invocations=0 (full 0):
 garbage-first heap   total 260096K, used 20480K [0x0000000703600000, 0x0000000800000000)
  region size 2048K, 11 young (22528K), 0 survivors (0K)
 Metaspace       used 4342K, committed 4544K, reserved 1114112K
  class space    used 308K, committed 448K, reserved 1048576K
}
Event: 0.861 GC heap after
{Heap after GC invocations=1 (full 0):
 garbage-first heap   total 260096K, used 3246K [0x0000000703600000, 0x0000000800000000)
  region size 2048K, 2 young (4096K), 2 survivors (4096K)
 Metaspace       used 4342K, committed 4544K, reserved 1114112K
  class space    used 308K, committed 448K, reserved 1048576K
}

Dll operation events (13 events):
Event: 0.011 Loaded shared library C:\Users\stas2\.jdks\openjdk-20.0.2-1\bin\java.dll
Event: 0.036 Loaded shared library C:\Users\stas2\.jdks\openjdk-20.0.2-1\bin\jsvml.dll
Event: 0.079 Loaded shared library C:\Users\stas2\.jdks\openjdk-20.0.2-1\bin\net.dll
Event: 0.082 Loaded shared library C:\Users\stas2\.jdks\openjdk-20.0.2-1\bin\nio.dll
Event: 0.085 Loaded shared library C:\Users\stas2\.jdks\openjdk-20.0.2-1\bin\zip.dll
Event: 0.243 Loaded shared library C:\Users\stas2\.jdks\openjdk-20.0.2-1\bin\zip.dll
Event: 0.246 Loaded shared library C:\Users\stas2\.jdks\openjdk-20.0.2-1\bin\instrument.dll
Event: 0.273 Loaded shared library C:\IntelliJ IDEA Community Edition 2021.3.2\IntelliJ IDEA Community Edition 2023.2.1\bin\breakgen64.dll
Event: 0.346 Loaded shared library C:\Users\stas2\.jdks\openjdk-20.0.2-1\bin\jimage.dll
Event: 0.375 Loaded shared library C:\Users\stas2\AppData\Local\Temp\lwjgl_stas2\3.3.4+7\x64\lwjgl.dll
Event: 0.787 Loaded shared library C:\Users\stas2\AppData\Local\Temp\lwjgl_stas2\3.3.4+7\x64\lwjgl_opengl.dll
Event: 0.840 Loaded shared library C:\Users\stas2\.jdks\openjdk-20.0.2-1\bin\verify.dll
Event: 0.947 Loaded shared library C:\Users\stas2\AppData\Local\Temp\lwjgl_stas2\3.3.4+7\x64\lwjgl_stb.dll

Deoptimization events (20 events):
Event: 1.083 Thread 0x0000021a83cfb1f0 Uncommon trap: trap_request=0xffffff54 fr.pc=0x0000021a938e02ec relative=0x000000000000006c
Event: 1.083 Thread 0x0000021a83cfb1f0 Uncommon trap: reason=speculate_null_assert action=make_not_entrant pc=0x0000021a938e02ec method=sun.misc.Unsafe.getLong(Ljava/lang/Object;J)J @ 5 c2
Event: 1.083 Thread 0x0000021a83cfb1f0 DEOPT PACKING pc=0x0000021a938e02ec sp=0x000000781ccfefb0
Event: 1.083 Thread 0x0000021a83cfb1f0 DEOPT UNPACKING pc=0x0000021a932fd2a2 sp=0x000000781ccfef38 mode 2
Event: 13.094 Thread 0x0000021a83cfb1f0 Uncommon trap: trap_request=0xffffffbe fr.pc=0x0000021a9391085c relative=0x00000000000012dc
Event: 13.094 Thread 0x0000021a83cfb1f0 Uncommon trap: reason=profile_predicate action=maybe_recompile pc=0x0000021a9391085c method=com.bedrye.bjge.GameEngine.Util.BJEMesh.setVertexesPosition(Lorg/joml/Matrix4f;)V @ 8 c2
Event: 13.094 Thread 0x0000021a83cfb1f0 DEOPT PACKING pc=0x0000021a9391085c sp=0x000000781ccfeec0
Event: 13.094 Thread 0x0000021a83cfb1f0 DEOPT UNPACKING pc=0x0000021a932fd2a2 sp=0x000000781ccfee90 mode 2
Event: 13.101 Thread 0x0000021a83cfb1f0 Uncommon trap: trap_request=0xffffffbe fr.pc=0x0000021a9391085c relative=0x00000000000012dc
Event: 13.101 Thread 0x0000021a83cfb1f0 Uncommon trap: reason=profile_predicate action=maybe_recompile pc=0x0000021a9391085c method=com.bedrye.bjge.GameEngine.Util.BJEMesh.setVertexesPosition(Lorg/joml/Matrix4f;)V @ 8 c2
Event: 13.101 Thread 0x0000021a83cfb1f0 DEOPT PACKING pc=0x0000021a9391085c sp=0x000000781ccfeec0
Event: 13.101 Thread 0x0000021a83cfb1f0 DEOPT UNPACKING pc=0x0000021a932fd2a2 sp=0x000000781ccfee90 mode 2
Event: 13.108 Thread 0x0000021a83cfb1f0 Uncommon trap: trap_request=0xffffffbe fr.pc=0x0000021a9391085c relative=0x00000000000012dc
Event: 13.108 Thread 0x0000021a83cfb1f0 Uncommon trap: reason=profile_predicate action=maybe_recompile pc=0x0000021a9391085c method=com.bedrye.bjge.GameEngine.Util.BJEMesh.setVertexesPosition(Lorg/joml/Matrix4f;)V @ 8 c2
Event: 13.108 Thread 0x0000021a83cfb1f0 DEOPT PACKING pc=0x0000021a9391085c sp=0x000000781ccfeec0
Event: 13.108 Thread 0x0000021a83cfb1f0 DEOPT UNPACKING pc=0x0000021a932fd2a2 sp=0x000000781ccfee90 mode 2
Event: 13.115 Thread 0x0000021a83cfb1f0 Uncommon trap: trap_request=0xffffffbe fr.pc=0x0000021a9391085c relative=0x00000000000012dc
Event: 13.115 Thread 0x0000021a83cfb1f0 Uncommon trap: reason=profile_predicate action=maybe_recompile pc=0x0000021a9391085c method=com.bedrye.bjge.GameEngine.Util.BJEMesh.setVertexesPosition(Lorg/joml/Matrix4f;)V @ 8 c2
Event: 13.115 Thread 0x0000021a83cfb1f0 DEOPT PACKING pc=0x0000021a9391085c sp=0x000000781ccfeec0
Event: 13.115 Thread 0x0000021a83cfb1f0 DEOPT UNPACKING pc=0x0000021a932fd2a2 sp=0x000000781ccfee90 mode 2

Classes loaded (20 events):
Event: 1.070 Loading class java/time/zone/Ser
Event: 1.070 Loading class java/time/zone/Ser done
Event: 1.070 Loading class java/lang/NumberFormatException
Event: 1.070 Loading class java/lang/NumberFormatException done
Event: 1.072 Loading class java/time/Month
Event: 1.072 Loading class java/time/Month done
Event: 1.072 Loading class java/time/DayOfWeek
Event: 1.072 Loading class java/time/DayOfWeek done
Event: 1.072 Loading class java/time/zone/ZoneOffsetTransitionRule$TimeDefinition
Event: 1.072 Loading class java/time/zone/ZoneOffsetTransitionRule$TimeDefinition done
Event: 1.073 Loading class java/time/zone/ZoneOffsetTransition
Event: 1.073 Loading class java/time/zone/ZoneOffsetTransition done
Event: 1.074 Loading class sun/util/cldr/CLDRBaseLocaleDataMetaInfo$TZCanonicalIDMapHolder
Event: 1.075 Loading class sun/util/cldr/CLDRBaseLocaleDataMetaInfo$TZCanonicalIDMapHolder done
Event: 1.077 Loading class sun/util/resources/TimeZoneNames
Event: 1.077 Loading class sun/util/resources/TimeZoneNames done
Event: 1.078 Loading class sun/util/resources/TimeZoneNames_en
Event: 1.078 Loading class sun/util/resources/TimeZoneNames_en done
Event: 45.571 Loading class jdk/internal/misc/Signal$1
Event: 45.571 Loading class jdk/internal/misc/Signal$1 done

Classes unloaded (0 events):
No events

Classes redefined (0 events):
No events

Internal exceptions (20 events):
Event: 0.471 Thread 0x0000021a83cfb1f0 Exception <a 'sun/nio/fs/WindowsException'{0x00000007121a28e8}> (0x00000007121a28e8) 
thrown [s\open\src\hotspot\share\prims\jni.cpp, line 519]
Event: 0.476 Thread 0x0000021a83cfb1f0 Exception <a 'sun/nio/fs/WindowsException'{0x00000007121b8d48}> (0x00000007121b8d48) 
thrown [s\open\src\hotspot\share\prims\jni.cpp, line 519]
Event: 0.478 Thread 0x0000021a83cfb1f0 Exception <a 'java/lang/NoSuchMethodError'{0x00000007121bda60}: 'int java.lang.invoke.Invokers$Holder.invokeExact_MT(java.lang.Object, java.lang.Object)'> (0x00000007121bda60) 
thrown [s\open\src\hotspot\share\interpreter\linkResolver.cpp, line 773]
Event: 0.776 Thread 0x0000021a83cfb1f0 Exception <a 'java/lang/NoSuchMethodError'{0x0000000711e6dbb8}: 'void java.lang.System.load(java.lang.String, java.lang.Class)'> (0x0000000711e6dbb8) 
thrown [s\open\src\hotspot\share\interpreter\linkResolver.cpp, line 773]
Event: 0.778 Thread 0x0000021a83cfb1f0 Exception <a 'java/lang/NoSuchMethodError'{0x0000000711e709a0}: 'void java.lang.System.loadLibrary(java.lang.String, java.lang.Class)'> (0x0000000711e709a0) 
thrown [s\open\src\hotspot\share\interpreter\linkResolver.cpp, line 773]
Event: 0.779 Thread 0x0000021a83cfb1f0 Exception <a 'sun/nio/fs/WindowsException'{0x0000000711e73de0}> (0x0000000711e73de0) 
thrown [s\open\src\hotspot\share\prims\jni.cpp, line 519]
Event: 0.784 Thread 0x0000021a83cfb1f0 Exception <a 'sun/nio/fs/WindowsException'{0x0000000711e82ad8}> (0x0000000711e82ad8) 
thrown [s\open\src\hotspot\share\prims\jni.cpp, line 519]
Event: 0.784 Thread 0x0000021a83cfb1f0 Exception <a 'sun/nio/fs/WindowsException'{0x0000000711e82e78}> (0x0000000711e82e78) 
thrown [s\open\src\hotspot\share\prims\jni.cpp, line 519]
Event: 0.788 Thread 0x0000021a83cfb1f0 Exception <a 'sun/nio/fs/WindowsException'{0x0000000711e852f0}> (0x0000000711e852f0) 
thrown [s\open\src\hotspot\share\prims\jni.cpp, line 519]
Event: 0.790 Thread 0x0000021a83cfb1f0 Exception <a 'sun/nio/fs/WindowsException'{0x0000000711e8c628}> (0x0000000711e8c628) 
thrown [s\open\src\hotspot\share\prims\jni.cpp, line 519]
Event: 0.790 Thread 0x0000021a83cfb1f0 Exception <a 'sun/nio/fs/WindowsException'{0x0000000711e8dc88}> (0x0000000711e8dc88) 
thrown [s\open\src\hotspot\share\prims\jni.cpp, line 519]
Event: 0.790 Thread 0x0000021a83cfb1f0 Exception <a 'sun/nio/fs/WindowsException'{0x0000000711e8df58}> (0x0000000711e8df58) 
thrown [s\open\src\hotspot\share\prims\jni.cpp, line 519]
Event: 0.939 Thread 0x0000021a83cfb1f0 Exception <a 'java/lang/NoSuchMethodError'{0x0000000713054f50}: 'void java.lang.System.load(java.lang.String, java.lang.Class)'> (0x0000000713054f50) 
thrown [s\open\src\hotspot\share\interpreter\linkResolver.cpp, line 773]
Event: 0.940 Thread 0x0000021a83cfb1f0 Exception <a 'java/lang/NoSuchMethodError'{0x0000000713057d98}: 'void java.lang.System.loadLibrary(java.lang.String, java.lang.Class)'> (0x0000000713057d98) 
thrown [s\open\src\hotspot\share\interpreter\linkResolver.cpp, line 773]
Event: 0.941 Thread 0x0000021a83cfb1f0 Exception <a 'sun/nio/fs/WindowsException'{0x000000071305b080}> (0x000000071305b080) 
thrown [s\open\src\hotspot\share\prims\jni.cpp, line 519]
Event: 0.946 Thread 0x0000021a83cfb1f0 Exception <a 'sun/nio/fs/WindowsException'{0x00000007130672b0}> (0x00000007130672b0) 
thrown [s\open\src\hotspot\share\prims\jni.cpp, line 519]
Event: 0.946 Thread 0x0000021a83cfb1f0 Exception <a 'sun/nio/fs/WindowsException'{0x0000000713067630}> (0x0000000713067630) 
thrown [s\open\src\hotspot\share\prims\jni.cpp, line 519]
Event: 0.948 Thread 0x0000021a83cfb1f0 Exception <a 'sun/nio/fs/WindowsException'{0x00000007130699d8}> (0x00000007130699d8) 
thrown [s\open\src\hotspot\share\prims\jni.cpp, line 519]
Event: 1.070 Thread 0x0000021aa3670cf0 Exception <a 'sun/nio/fs/WindowsException'{0x0000000712f69e50}> (0x0000000712f69e50) 
thrown [s\open\src\hotspot\share\prims\jni.cpp, line 519]
Event: 1.080 Thread 0x0000021aa3670cf0 Exception <a 'java/lang/NoSuchMethodError'{0x0000000712f9d338}: 'java.lang.Object java.lang.invoke.Invokers$Holder.invokeExact_MT(java.lang.Object, java.lang.Object, java.lang.Object, java.lang.Object, java.lang.Object, java.lang.Object)'> (0x0000000712f9d338) 
thrown [s\open\src\hotspot\share\interpreter\linkResolver.cpp, line 773]

VM Operations (20 events):
Event: 0.368 Executing VM operation: HandshakeAllThreads done
Event: 0.857 Executing VM operation: G1CollectForAllocation
Event: 0.861 Executing VM operation: G1CollectForAllocation done
Event: 0.869 Executing VM operation: HandshakeAllThreads
Event: 0.869 Executing VM operation: HandshakeAllThreads done
Event: 0.887 Executing VM operation: HandshakeAllThreads
Event: 0.887 Executing VM operation: HandshakeAllThreads done
Event: 1.070 Executing VM operation: HandshakeAllThreads
Event: 1.070 Executing VM operation: HandshakeAllThreads done
Event: 2.072 Executing VM operation: Cleanup
Event: 2.072 Executing VM operation: Cleanup done
Event: 5.097 Executing VM operation: Cleanup
Event: 5.097 Executing VM operation: Cleanup done
Event: 9.133 Executing VM operation: Cleanup
Event: 9.133 Executing VM operation: Cleanup done
Event: 11.147 Executing VM operation: Cleanup
Event: 11.147 Executing VM operation: Cleanup done
Event: 20.222 Executing VM operation: Cleanup
Event: 20.222 Executing VM operation: Cleanup done
Event: 45.572 Executing VM operation: Exit

Events (20 events):
Event: 0.046 Thread 0x0000021aa366af20 Thread added: 0x0000021aa366af20
Event: 0.046 Thread 0x0000021aa366be10 Thread added: 0x0000021aa366be10
Event: 0.047 Thread 0x0000021aa366d040 Thread added: 0x0000021aa366d040
Event: 0.047 Thread 0x0000021aa3670cf0 Thread added: 0x0000021aa3670cf0
Event: 0.047 Thread 0x0000021aa3671ed0 Thread added: 0x0000021aa3671ed0
Event: 0.047 Thread 0x0000021aa3674e80 Thread added: 0x0000021aa3674e80
Event: 0.047 Thread 0x0000021aa367b670 Thread added: 0x0000021aa367b670
Event: 0.047 Thread 0x0000021aa3687a70 Thread added: 0x0000021aa3687a70
Event: 0.075 Thread 0x0000021aa3636ab0 Thread added: 0x0000021aa3636ab0
Event: 0.111 Thread 0x0000021aa3684860 Thread added: 0x0000021aa3684860
Event: 0.139 Thread 0x0000021aa3686430 Thread added: 0x0000021aa3686430
Event: 0.274 Thread 0x0000021ae8ec8b80 Thread added: 0x0000021ae8ec8b80
Event: 0.275 Thread 0x0000021ae8ec90d0 Thread added: 0x0000021ae8ec90d0
Event: 0.656 Thread 0x0000021aa3686430 Thread exited: 0x0000021aa3686430
Event: 0.656 Thread 0x0000021aa3684860 Thread exited: 0x0000021aa3684860
Event: 0.796 Thread 0x0000021aa3685910 Thread added: 0x0000021aa3685910
Event: 1.018 Thread 0x0000021aa3685910 Thread exited: 0x0000021aa3685910
Event: 1.068 Thread 0x0000021aa3685ea0 Thread added: 0x0000021aa3685ea0
Event: 1.235 Thread 0x0000021aa3685ea0 Thread exited: 0x0000021aa3685ea0
Event: 45.572 Thread 0x0000021ae9189230 Thread added: 0x0000021ae9189230


Dynamic libraries:
0x00007ff6a1460000 - 0x00007ff6a146e000 	C:\Users\stas2\.jdks\openjdk-20.0.2-1\bin\java.exe
0x00007ffdb1530000 - 0x00007ffdb1747000 	C:\Windows\SYSTEM32\ntdll.dll
0x00007ffdaf4d0000 - 0x00007ffdaf594000 	C:\Windows\System32\KERNEL32.DLL
0x00007ffdaeda0000 - 0x00007ffdaf171000 	C:\Windows\System32\KERNELBASE.dll
0x00007ffdae670000 - 0x00007ffdae781000 	C:\Windows\System32\ucrtbase.dll
0x00007ffd96d90000 - 0x00007ffd96da7000 	C:\Users\stas2\.jdks\openjdk-20.0.2-1\bin\jli.dll
0x00007ffd97ef0000 - 0x00007ffd97f0b000 	C:\Users\stas2\.jdks\openjdk-20.0.2-1\bin\VCRUNTIME140.dll
0x00007ffdaf830000 - 0x00007ffdaf9e1000 	C:\Windows\System32\USER32.dll
0x00007ffdae860000 - 0x00007ffdae886000 	C:\Windows\System32\win32u.dll
0x00007ffd8c1d0000 - 0x00007ffd8c462000 	C:\Windows\WinSxS\amd64_microsoft.windows.common-controls_6595b64144ccf1df_6.0.22621.4830_none_270fe7d773858e80\COMCTL32.dll
0x00007ffdaf200000 - 0x00007ffdaf229000 	C:\Windows\System32\GDI32.dll
0x00007ffdb0490000 - 0x00007ffdb0537000 	C:\Windows\System32\msvcrt.dll
0x00007ffdae9d0000 - 0x00007ffdaeaeb000 	C:\Windows\System32\gdi32full.dll
0x00007ffdae7c0000 - 0x00007ffdae85a000 	C:\Windows\System32\msvcp_win.dll
0x00007ffdafd30000 - 0x00007ffdafd61000 	C:\Windows\System32\IMM32.DLL
0x00007ffd96d80000 - 0x00007ffd96d8c000 	C:\Users\stas2\.jdks\openjdk-20.0.2-1\bin\vcruntime140_1.dll
0x00007ffd7d3b0000 - 0x00007ffd7d43e000 	C:\Users\stas2\.jdks\openjdk-20.0.2-1\bin\msvcp140.dll
0x00007ffca2760000 - 0x00007ffca33f8000 	C:\Users\stas2\.jdks\openjdk-20.0.2-1\bin\server\jvm.dll
0x00007ffdb0af0000 - 0x00007ffdb0ba1000 	C:\Windows\System32\ADVAPI32.dll
0x00007ffdb09e0000 - 0x00007ffdb0a87000 	C:\Windows\System32\sechost.dll
0x00007ffdae790000 - 0x00007ffdae7b8000 	C:\Windows\System32\bcrypt.dll
0x00007ffdb0200000 - 0x00007ffdb0314000 	C:\Windows\System32\RPCRT4.dll
0x00007ffd68240000 - 0x00007ffd68249000 	C:\Windows\SYSTEM32\WSOCK32.dll
0x00007ffdaf230000 - 0x00007ffdaf2a1000 	C:\Windows\System32\WS2_32.dll
0x00007ffda7c70000 - 0x00007ffda7c7a000 	C:\Windows\SYSTEM32\VERSION.dll
0x00007ffda59d0000 - 0x00007ffda5a04000 	C:\Windows\SYSTEM32\WINMM.dll
0x00007ffdad7b0000 - 0x00007ffdad7c8000 	C:\Windows\SYSTEM32\kernel.appcore.dll
0x00007ffd96680000 - 0x00007ffd9668a000 	C:\Users\stas2\.jdks\openjdk-20.0.2-1\bin\jimage.dll
0x00007ffdac100000 - 0x00007ffdac332000 	C:\Windows\SYSTEM32\DBGHELP.DLL
0x00007ffdb0650000 - 0x00007ffdb09e0000 	C:\Windows\System32\combase.dll
0x00007ffdb03a0000 - 0x00007ffdb0477000 	C:\Windows\System32\OLEAUT32.dll
0x00007ffd94c50000 - 0x00007ffd94c82000 	C:\Windows\SYSTEM32\dbgcore.DLL
0x00007ffdaf180000 - 0x00007ffdaf1fb000 	C:\Windows\System32\bcryptPrimitives.dll
0x00007ffda88b0000 - 0x00007ffda88be000 	C:\Users\stas2\.jdks\openjdk-20.0.2-1\bin\instrument.dll
0x00007ffd7e200000 - 0x00007ffd7e226000 	C:\Users\stas2\.jdks\openjdk-20.0.2-1\bin\java.dll
0x00007ffd7bd20000 - 0x00007ffd7bdf7000 	C:\Users\stas2\.jdks\openjdk-20.0.2-1\bin\jsvml.dll
0x00007ffdb0bd0000 - 0x00007ffdb1458000 	C:\Windows\System32\SHELL32.dll
0x00007ffdae890000 - 0x00007ffdae9cf000 	C:\Windows\System32\wintypes.dll
0x00007ffdac590000 - 0x00007ffdace9d000 	C:\Windows\SYSTEM32\windows.storage.dll
0x00007ffdaf9f0000 - 0x00007ffdafafa000 	C:\Windows\System32\SHCORE.dll
0x00007ffdb0a90000 - 0x00007ffdb0aee000 	C:\Windows\System32\shlwapi.dll
0x00007ffdae5a0000 - 0x00007ffdae5cb000 	C:\Windows\SYSTEM32\profapi.dll
0x00007ffd8a2e0000 - 0x00007ffd8a2f3000 	C:\Users\stas2\.jdks\openjdk-20.0.2-1\bin\net.dll
0x00007ffda7a70000 - 0x00007ffda7b9c000 	C:\Windows\SYSTEM32\WINHTTP.dll
0x00007ffdadc20000 - 0x00007ffdadc8a000 	C:\Windows\system32\mswsock.dll
0x00007ffd7e1e0000 - 0x00007ffd7e1f6000 	C:\Users\stas2\.jdks\openjdk-20.0.2-1\bin\nio.dll
0x00007ffd7e1c0000 - 0x00007ffd7e1d8000 	C:\Users\stas2\.jdks\openjdk-20.0.2-1\bin\zip.dll
0x00007ffda5420000 - 0x00007ffda543a000 	C:\IntelliJ IDEA Community Edition 2021.3.2\IntelliJ IDEA Community Edition 2023.2.1\bin\breakgen64.dll
0x00007ffd7e790000 - 0x00007ffd7e80b000 	C:\Users\stas2\AppData\Local\Temp\lwjgl_stas2\3.3.4+7\x64\lwjgl.dll
0x00007ffd7d890000 - 0x00007ffd7d915000 	C:\Users\stas2\AppData\Local\Temp\lwjgl_stas2\3.3.4+7\x64\glfw.dll
0x00007ffd8b030000 - 0x00007ffd8b076000 	C:\Windows\SYSTEM32\dinput8.dll
0x00007ffd98380000 - 0x00007ffd98391000 	C:\Windows\SYSTEM32\xinput1_4.dll
0x00007ffdae360000 - 0x00007ffdae3ae000 	C:\Windows\SYSTEM32\cfgmgr32.dll
0x00007ffdae330000 - 0x00007ffdae35c000 	C:\Windows\SYSTEM32\DEVOBJ.dll
0x00007ffda91d0000 - 0x00007ffda91fb000 	C:\Windows\SYSTEM32\dwmapi.dll
0x00007ffda8f70000 - 0x00007ffda9023000 	C:\Windows\system32\uxtheme.dll
0x00007ffd81fe0000 - 0x00007ffd821f4000 	C:\Windows\SYSTEM32\inputhost.dll
0x00007ffda7780000 - 0x00007ffda78b5000 	C:\Windows\SYSTEM32\CoreMessaging.dll
0x00007ffdaf6d0000 - 0x00007ffdaf82d000 	C:\Windows\System32\MSCTF.dll
0x00007ffdade90000 - 0x00007ffdade9c000 	C:\Windows\SYSTEM32\CRYPTBASE.DLL
0x00007ffd8bda0000 - 0x00007ffd8bea0000 	C:\Windows\SYSTEM32\opengl32.dll
0x00007ffd96a30000 - 0x00007ffd96a5d000 	C:\Windows\SYSTEM32\GLU32.dll
0x00007ffdab8f0000 - 0x00007ffdab927000 	C:\Windows\SYSTEM32\dxcore.dll
0x00007ffda4b90000 - 0x00007ffda4bd9000 	C:\Windows\SYSTEM32\directxdatabasehelper.dll
0x00007ffdaf5d0000 - 0x00007ffdaf680000 	C:\Windows\System32\clbcatq.dll
0x00007ffda4340000 - 0x00007ffda4484000 	C:\Windows\System32\AppXDeploymentClient.dll
0x00007ffd945b0000 - 0x00007ffd946ac000 	C:\Windows\System32\Windows.ApplicationModel.dll
0x00007ffdaf2b0000 - 0x00007ffdaf451000 	C:\Windows\System32\ole32.dll
0x00007ffda85f0000 - 0x00007ffda86f6000 	C:\Windows\system32\propsys.dll
0x00007ffda8b70000 - 0x00007ffda8c07000 	C:\Windows\SYSTEM32\apphelp.dll
0x00007ffd8c1a0000 - 0x00007ffd8c1ba000 	C:\Windows\system32\NetworkExplorer.dll
0x00007ffd5a610000 - 0x00007ffd5a636000 	C:\Windows\system32\mssprxy.dll
0x00007ffd03fd0000 - 0x00007ffd04fc3000 	C:\Windows\System32\DriverStore\FileRepository\iigd_dch.inf_amd64_5802b1615520e41c\igxelpicd64.dll
0x00007ffda90b0000 - 0x00007ffda91a7000 	C:\Windows\system32\dxgi.dll
0x00007ffd03ce0000 - 0x00007ffd03fc7000 	C:\Windows\System32\DriverStore\FileRepository\iigd_dch.inf_amd64_5802b1615520e41c\igdml64.dll
0x00007ffd9cc50000 - 0x00007ffd9d017000 	C:\Windows\System32\DriverStore\FileRepository\iigd_dch.inf_amd64_5802b1615520e41c\igdgmm64.dll
0x00007ffd99630000 - 0x00007ffd9cc41000 	C:\Windows\System32\DriverStore\FileRepository\iigd_dch.inf_amd64_5802b1615520e41c\igc64.dll
0x00007ffdad500000 - 0x00007ffdad54d000 	C:\Windows\SYSTEM32\powrprof.dll
0x00007ffdad4e0000 - 0x00007ffdad4f3000 	C:\Windows\SYSTEM32\UMPDC.dll
0x00007ffd95b40000 - 0x00007ffd95c83000 	C:\Windows\SYSTEM32\textinputframework.dll
0x00007ffd9fe00000 - 0x00007ffda016c000 	C:\Windows\SYSTEM32\CoreUIComponents.dll
0x00007ffd7e6d0000 - 0x00007ffd7e731000 	C:\Users\stas2\AppData\Local\Temp\lwjgl_stas2\3.3.4+7\x64\lwjgl_opengl.dll
0x00007ffd89710000 - 0x00007ffd89720000 	C:\Users\stas2\.jdks\openjdk-20.0.2-1\bin\verify.dll
0x00007ffd7d7f0000 - 0x00007ffd7d890000 	C:\Users\stas2\AppData\Local\Temp\lwjgl_stas2\3.3.4+7\x64\lwjgl_stb.dll

dbghelp: loaded successfully - version: 4.0.5 - missing functions: none
symbol engine: initialized successfully - sym options: 0x614 - pdb path: .;C:\Users\stas2\.jdks\openjdk-20.0.2-1\bin;C:\Windows\SYSTEM32;C:\Windows\WinSxS\amd64_microsoft.windows.common-controls_6595b64144ccf1df_6.0.22621.4830_none_270fe7d773858e80;C:\Users\stas2\.jdks\openjdk-20.0.2-1\bin\server;C:\IntelliJ IDEA Community Edition 2021.3.2\IntelliJ IDEA Community Edition 2023.2.1\bin;C:\Users\stas2\AppData\Local\Temp\lwjgl_stas2\3.3.4+7\x64;C:\Windows\System32\DriverStore\FileRepository\iigd_dch.inf_amd64_5802b1615520e41c

VM Arguments:
jvm_args: -javaagent:C:\IntelliJ IDEA Community Edition 2021.3.2\IntelliJ IDEA Community Edition 2023.2.1\lib\idea_rt.jar=61262:C:\IntelliJ IDEA Community Edition 2021.3.2\IntelliJ IDEA Community Edition 2023.2.1\bin -Dfile.encoding=windows-1252 -Dsun.stdout.encoding=windows-1252 -Dsun.stderr.encoding=windows-1252 --module-path=C:\Users\stas2\.m2\repository\com\fasterxml\jackson\core\jackson-annotations\2.12.1\jackson-annotations-2.12.1.jar;C:\Users\stas2\.m2\repository\org\joml\joml\1.10.7\joml-1.10.7.jar;C:\Users\stas2\.m2\repository\com\fasterxml\jackson\core\jackson-databind\2.12.1\jackson-databind-2.12.1.jar;C:\Users\stas2\.m2\repository\com\gluonhq\attach\storage\4.0.13\storage-4.0.13.jar;C:\Users\stas2\.m2\repository\com\github\almasb\fxgl-gameplay\17.2\fxgl-gameplay-17.2.jar;C:\Users\stas2\.m2\repository\com\github\almasb\fxgl-scene\17.2\fxgl-scene-17.2.jar;C:\Users\stas2\.m2\repository\org\jetbrains\kotlin\kotlin-stdlib\1.6.0\kotlin-stdlib-1.6.0-modular.jar;C:\Users\stas2\.m2\repository\com\fasterxml\jackson\core\jackson-core\2.12.1\jackson-core-2.12.1.jar;C:\Users\stas2\.m2\repository\com\github\almasb\fxgl-entity\17.2\fxgl-entity-17.2.jar;C:\Users\stas2\.m2\repository\com\gluonhq\attach\util\4.0.13\util-4.0.13.jar;C:\Users\stas2\.m2\repository\org\lwjgl\lwjgl\3.3.4\lwjgl-3.3.4.jar;C:\Users\stas2\.m2\repository\org\openjfx\javafx-fxml\20.0.1\javafx-fxml-20.0.1-win.jar;C:\Users\stas2\.m2\repository\com\github\almasb\fxgl-io\17.2\fxgl-io-17.2.jar;C:\Users\stas2\.m2\repository\org\openjfx\javafx-controls\20.0.1\javafx-controls-20.0.1-win.jar;C:\Users\stas2\.m2\repository\com\gluonhq\attach\audio\4.0.13\audio-4.0.13.jar;C:\Users\stas2\.m2\repository\org\lwjgl\lwjgl-opengl\3.3.4\lwjgl-opengl-3.3.4.jar;O:\GIt\MultiplayerShooter\target\classes;C:\Users\stas2\.m2\repository\org\lwjgl\lwjgl-glfw\3.3.4\lwjgl-glfw-3.3.4.jar;C:\Users\stas2\.m2\repository\org\lwjgl\lwjgl-vulkan\3.3.4\lwjgl-vulkan-3.3.4.jar;C:\Users\stas2\.m2\repository\com\github\almasb\fxgl\17.2\fxgl-17.2.jar;C:\Users\stas2\.m2\repository\org\openjfx\javafx-media\20.0.1\javafx-media-20.0.1-win.jar;C:\Users\stas2\.m2\repository\com\gluonhq\attach\lifecycle\4.0.13\lifecycle-4.0.13.jar;C:\Users\stas2\.m2\repository\org\joml\joml-primitives\1.10.0\joml-primitives-1.10.0.jar;C:\Users\stas2\.m2\repository\org\openjf-Djdk.module.main=com.bedrye.multiplayershooter 
java_command: com.bedrye.multiplayershooter/com.bedrye.bjge.GameEngine.TestMain
java_class_path (initial): C:\Users\stas2\.m2\repository\org\openjfx\javafx-controls\20.0.1\javafx-controls-20.0.1.jar;C:\Users\stas2\.m2\repository\org\openjfx\javafx-graphics\20.0.1\javafx-graphics-20.0.1.jar;C:\Users\stas2\.m2\repository\org\openjfx\javafx-base\20.0.1\javafx-base-20.0.1.jar;C:\Users\stas2\.m2\repository\org\openjfx\javafx-fxml\20.0.1\javafx-fxml-20.0.1.jar;C:\Users\stas2\.m2\repository\org\openjfx\javafx-media\20.0.1\javafx-media-20.0.1.jar;C:\Users\stas2\.m2\repository\org\jetbrains\annotations\13.0\annotations-13.0.jar;C:\Users\stas2\.m2\repository\org\jetbrains\kotlin\kotlin-stdlib-common\1.6.0\kotlin-stdlib-common-1.6.0.jar;C:\Users\stas2\.m2\repository\org\lwjgl\lwjgl-assimp\3.3.4\lwjgl-assimp-3.3.4.jar;C:\Users\stas2\.m2\repository\org\lwjgl\lwjgl-bgfx\3.3.4\lwjgl-bgfx-3.3.4.jar;C:\Users\stas2\.m2\repository\org\lwjgl\lwjgl-nanovg\3.3.4\lwjgl-nanovg-3.3.4.jar;C:\Users\stas2\.m2\repository\org\lwjgl\lwjgl-nuklear\3.3.4\lwjgl-nuklear-3.3.4.jar;C:\Users\stas2\.m2\repository\org\lwjgl\lwjgl-openal\3.3.4\lwjgl-openal-3.3.4.jar;C:\Users\stas2\.m2\repository\org\lwjgl\lwjgl-par\3.3.4\lwjgl-par-3.3.4.jar;C:\Users\stas2\.m2\repository\org\lwjgl\lwjgl\3.3.4\lwjgl-3.3.4-natives-windows.jar;C:\Users\stas2\.m2\repository\org\lwjgl\lwjgl-assimp\3.3.4\lwjgl-assimp-3.3.4-natives-windows.jar;C:\Users\stas2\.m2\repository\org\lwjgl\lwjgl-bgfx\3.3.4\lwjgl-bgfx-3.3.4-natives-windows.jar;C:\Users\stas2\.m2\repository\org\lwjgl\lwjgl-glfw\3.3.4\lwjgl-glfw-3.3.4-natives-windows.jar;C:\Users\stas2\.m2\repository\org\lwjgl\lwjgl-nanovg\3.3.4\lwjgl-nanovg-3.3.4-natives-windows.jar;C:\Users\stas2\.m2\repository\org\lwjgl\lwjgl-nuklear\3.3.4\lwjgl-nuklear-3.3.4-natives-windows.jar;C:\Users\stas2\.m2\repository\org\lwjgl\lwjgl-openal\3.3.4\lwjgl-openal-3.3.4-natives-windows.jar;C:\Users\stas2\.m2\repository\org\lwjgl\lwjgl-opengl\3.3.4\lwjgl-opengl-3.3.4-natives-windows.jar;C:\Users\stas2\.m2\repository\org\lwjgl\lwjgl-par\3.3.4\lwjgl-par-3.3.4-natives-windows.jar;C:\Users\stas2\.m2\repository\org\lwjgl\lwjgl-stb\3.3.4\lwjgl-stb-3.3.4-natives-windows.jar
Launcher Type: SUN_STANDARD

[Global flags]
     intx CICompilerCount                          = 4                                         {product} {ergonomic}
     uint ConcGCThreads                            = 3                                         {product} {ergonomic}
     uint G1ConcRefinementThreads                  = 10                                        {product} {ergonomic}
   size_t G1HeapRegionSize                         = 2097152                                   {product} {ergonomic}
    uintx GCDrainStackTargetSize                   = 64                                        {product} {ergonomic}
   size_t InitialHeapSize                          = 266338304                                 {product} {ergonomic}
   size_t MarkStackSize                            = 4194304                                   {product} {ergonomic}
   size_t MaxHeapSize                              = 4238344192                                {product} {ergonomic}
   size_t MaxNewSize                               = 2541748224                                {product} {ergonomic}
   size_t MinHeapDeltaBytes                        = 2097152                                   {product} {ergonomic}
   size_t MinHeapSize                              = 8388608                                   {product} {ergonomic}
    uintx NonNMethodCodeHeapSize                   = 5839372                                {pd product} {ergonomic}
    uintx NonProfiledCodeHeapSize                  = 122909434                              {pd product} {ergonomic}
    uintx ProfiledCodeHeapSize                     = 122909434                              {pd product} {ergonomic}
    uintx ReservedCodeCacheSize                    = 251658240                              {pd product} {ergonomic}
     bool SegmentedCodeCache                       = true                                      {product} {ergonomic}
   size_t SoftMaxHeapSize                          = 4238344192                             {manageable} {ergonomic}
     bool UseCompressedClassPointers               = true                           {product lp64_product} {ergonomic}
     bool UseCompressedOops                        = true                           {product lp64_product} {ergonomic}
     bool UseG1GC                                  = true                                      {product} {ergonomic}
     bool UseLargePagesIndividualAllocation        = false                                  {pd product} {ergonomic}

Logging:
Log output configuration:
 #0: stdout all=off uptime,level,tags foldmultilines=false
 #1: stderr all=off uptime,level,tags foldmultilines=false

Environment Variables:
JAVA_HOME=C:\Program Files\Java\jdk-11.0.2
PATH=C:\Program Files\NVIDIA GPU Computing Toolkit\CUDA\v12.6\bin;C:\Program Files\NVIDIA GPU Computing Toolkit\CUDA\v12.6\libnvvp;C:\Program Files\Common Files\Oracle\Java\javapath;C:\Windows\system32;C:\Windows;C:\Program Files\Java\jdk-11.0.2\bin;C:\Windows\System32\Wbem;C:\ORacleDatabase\dbhomeXE\bin;C:\Windows\System32\WindowsPowerShell\v1.0\;C:\Windows\System32\OpenSSH\;C:\Program Files (x86)\NVIDIA Corporation\PhysX\Common;C:\Program Files\NVIDIA Corporation\NVIDIA NvDLISR;C:\Program Files\Docker\Docker\resources\bin;C:\Program Files\Git LFS;C:\Program Files\Git\cmd;C:\Program Files (x86)\Windows Kits\10\Windows Performance Toolkit\;C:\Program Files (x86)\Steam\steamapps\common\Counter-Strike Global Offensive\game\bin\win64;C:\Users\stas2\AppData\Local\Programs\Python\Python311;C:\Program Files\dotnet\;C:\Program Files\Microsoft SQL Server\150\Tools\Binn\;C:\Program Files\Microsoft SQL Server\Client SDK\ODBC\170\Tools\Binn\;C:\Program Files\NVIDIA Corporation\Nsight Compute 2024.3.2\;C:\Program Files (x86)\Microsoft SQL Server\160\Tools\Binn\;C:\Program Files\Microsoft SQL Server\160\Tools\Binn\;C:\Program Files\Microsoft SQL Server\160\DTS\Binn\;C:\Program Files (x86)\Microsoft SQL Server\160\DTS\Binn\;C:\Users\stas2\AppData\Local\Microsoft\WindowsApps;C:\Users\stas2\AppData\Local\Programs\Microsoft VS Code\bin;C:\Users\stas2\AppData\Local\GitHubDesktop\bin;C:\Users\stas2\AppData\Local\Programs\Python\Python311;C:\Program Files (x86)\Steam\steamapps\common\Counter-Strike Global Offensive\game\bin\win64;C:\Users\stas2\.dotnet\tools;C:\Users\stas2\AppData\Local\Muse Hub\lib
USERNAME=stas2
OS=Windows_NT
PROCESSOR_IDENTIFIER=Intel64 Family 6 Model 141 Stepping 1, GenuineIntel
TMP=C:\Users\stas2\AppData\Local\Temp
TEMP=C:\Users\stas2\AppData\Local\Temp




---------------  S Y S T E M  ---------------

OS:
 Windows 11 , 64 bit Build 22621 (10.0.22621.4974)
OS uptime: 1 days 17:50 hours
Hyper-V role detected

CPU: total 12 (initial active 12) (6 cores per cpu, 2 threads per core) family 6 model 141 stepping 1 microcode 0x3c, cx8, cmov, fxsr, ht, mmx, 3dnowpref, sse, sse2, sse3, ssse3, sse4.1, sse4.2, popcnt, lzcnt, tsc, tscinvbit, avx, avx2, aes, erms, clmul, bmi1, bmi2, adx, avx512f, avx512dq, avx512cd, avx512bw, avx512vl, sha, fma, vzeroupper, avx512_vpopcntdq, avx512_vpclmulqdq, avx512_vaes, avx512_vnni, clflush, clflushopt, clwb, avx512_vbmi2, avx512_vbmi, hv, rdtscp, rdpid, fsrm, gfni, avx512_bitalg, f16c, cet_ibt, cet_ss, avx512_ifma

Memory: 4k page, system-wide physical 16163M (5698M free)
TotalPageFile size 36643M (AvailPageFile size 15106M)
current process WorkingSet (physical memory assigned to process): 1247M, peak: 1247M
current process commit charge ("private bytes"): 1485M, peak: 1485M

vm_info: OpenJDK 64-Bit Server VM (20.0.2+9-78) for windows-amd64 JRE (20.0.2+9-78), built on 2023-06-14T10:08:48Z by "mach5one" with MS VC++ 17.1 (VS2022)

END.
