#
# A fatal error has been detected by the Java Runtime Environment:
#
#  EXCEPTION_ACCESS_VIOLATION (0xc0000005) at pc=0x00007ffd7d8bd39a, pid=2788, tid=25760
#
# JRE version: OpenJDK Runtime Environment (20.0.2+9) (build 20.0.2+9-78)
# Java VM: OpenJDK 64-Bit Server VM (20.0.2+9-78, mixed mode, sharing, tiered, compressed oops, compressed class ptrs, g1 gc, windows-amd64)
# Problematic frame:
# C  [lwjgl_opengl.dll+0xd39a]
#
# No core dump will be written. Minidumps are not enabled by default on client versions of Windows
#
# If you would like to submit a bug report, please visit:
#   https://bugreport.java.com/bugreport/crash.jsp
# The crash happened outside the Java Virtual Machine in native code.
# See problematic frame for where to report the bug.
#

---------------  S U M M A R Y ------------

Command Line: -javaagent:C:\IntelliJ IDEA Community Edition 2021.3.2\IntelliJ IDEA Community Edition 2023.2.1\lib\idea_rt.jar=61566:C:\IntelliJ IDEA Community Edition 2021.3.2\IntelliJ IDEA Community Edition 2023.2.1\bin -Dfile.encoding=windows-1252 -Dsun.stdout.encoding=windows-1252 -Dsun.stderr.encoding=windows-1252 --module-path=C:\Users\stas2\.m2\repository\com\fasterxml\jackson\core\jackson-annotations\2.12.1\jackson-annotations-2.12.1.jar;C:\Users\stas2\.m2\repository\org\joml\joml\1.10.7\joml-1.10.7.jar;C:\Users\stas2\.m2\repository\com\fasterxml\jackson\core\jackson-databind\2.12.1\jackson-databind-2.12.1.jar;C:\Users\stas2\.m2\repository\com\gluonhq\attach\storage\4.0.13\storage-4.0.13.jar;C:\Users\stas2\.m2\repository\com\github\almasb\fxgl-gameplay\17.2\fxgl-gameplay-17.2.jar;C:\Users\stas2\.m2\repository\com\github\almasb\fxgl-scene\17.2\fxgl-scene-17.2.jar;C:\Users\stas2\.m2\repository\org\jetbrains\kotlin\kotlin-stdlib\1.6.0\kotlin-stdlib-1.6.0-modular.jar;C:\Users\stas2\.m2\repository\com\fasterxml\jackson\core\jackson-core\2.12.1\jackson-core-2.12.1.jar;C:\Users\stas2\.m2\repository\com\github\almasb\fxgl-entity\17.2\fxgl-entity-17.2.jar;C:\Users\stas2\.m2\repository\com\gluonhq\attach\util\4.0.13\util-4.0.13.jar;C:\Users\stas2\.m2\repository\org\lwjgl\lwjgl\3.3.4\lwjgl-3.3.4.jar;C:\Users\stas2\.m2\repository\org\openjfx\javafx-fxml\20.0.1\javafx-fxml-20.0.1-win.jar;C:\Users\stas2\.m2\repository\com\github\almasb\fxgl-io\17.2\fxgl-io-17.2.jar;C:\Users\stas2\.m2\repository\org\openjfx\javafx-controls\20.0.1\javafx-controls-20.0.1-win.jar;C:\Users\stas2\.m2\repository\com\gluonhq\attach\audio\4.0.13\audio-4.0.13.jar;C:\Users\stas2\.m2\repository\org\lwjgl\lwjgl-opengl\3.3.4\lwjgl-opengl-3.3.4.jar;O:\GIt\MultiplayerShooter\target\classes;C:\Users\stas2\.m2\repository\org\lwjgl\lwjgl-glfw\3.3.4\lwjgl-glfw-3.3.4.jar;C:\Users\stas2\.m2\repository\org\lwjgl\lwjgl-vulkan\3.3.4\lwjgl-vulkan-3.3.4.jar;C:\Users\stas2\.m2\repository\com\github\almasb\fxgl\17.2\fxgl-17.2.jar;C:\Users\stas2\.m2\repository\org\openjfx\javafx-media\20.0.1\javafx-media-20.0.1-win.jar;C:\Users\stas2\.m2\repository\com\gluonhq\attach\lifecycle\4.0.13\lifecycle-4.0.13.jar;C:\Users\stas2\.m2\repository\org\joml\joml-primitives\1.10.0\joml-primitives-1.10.0.jar;C:\Users\stas2\.m2\repository\org\openjf-Djdk.module.main=com.bedrye.multiplayershooter com.bedrye.multiplayershooter/com.bedrye.bjge.GameEngine.TestMain

Host: 11th Gen Intel(R) Core(TM) i5-11400H @ 2.70GHz, 12 cores, 15G,  Windows 11 , 64 bit Build 22621 (10.0.22621.4974)
Time: Mon Mar 24 18:41:28 2025 FLE Standard Time elapsed time: 0.511313 seconds (0d 0h 0m 0s)

---------------  T H R E A D  ---------------

Current thread (0x00000240c8ae0e40):  JavaThread "main" [_thread_in_native, id=25760, stack(0x000000499cf00000,0x000000499d000000)]

Stack: [0x000000499cf00000,0x000000499d000000],  sp=0x000000499cfff1b8,  free space=1020k
Native frames: (J=compiled Java code, j=interpreted, Vv=VM code, C=native code)
C  [lwjgl_opengl.dll+0xd39a]

Java frames: (J=compiled Java code, j=interpreted, Vv=VM code)
j  org.lwjgl.opengl.GL11C.nglGenTextures(IJ)V+0 org.lwjgl.opengl@3.3.4+7
j  org.lwjgl.opengl.GL11C.glGenTextures()I+20 org.lwjgl.opengl@3.3.4+7
j  org.lwjgl.opengl.GL11.glGenTextures()I+0 org.lwjgl.opengl@3.3.4+7
j  com.bedrye.bjge.GameEngine.Util.BJETexture.<init>(Ljava/lang/String;)V+16 com.bedrye.multiplayershooter
j  com.bedrye.bjge.GameEngine.EngineFileSystem.listFilesForFolder(Ljava/io/File;)V+83 com.bedrye.multiplayershooter
j  com.bedrye.bjge.GameEngine.EngineFileSystem.<init>(Ljava/lang/String;)V+32 com.bedrye.multiplayershooter
j  com.bedrye.bjge.GameEngine.GameEngineMain.<init>()V+16 com.bedrye.multiplayershooter
j  com.bedrye.bjge.GameEngine.GameEngineMain.getInstance()Lcom/bedrye/bjge/GameEngine/GameEngineMain;+10 com.bedrye.multiplayershooter
j  com.bedrye.bjge.GameEngine.TestMain.main([Ljava/lang/String;)V+0 com.bedrye.multiplayershooter
v  ~StubRoutines::call_stub 0x00000240d80c10e7

siginfo: EXCEPTION_ACCESS_VIOLATION (0xc0000005), reading address 0x00000000000002d8


Registers:
RAX=0x0000000000000000, RBX=0x00000240e8cc2350, RCX=0x00000240c8ae1120, RDX=0x00000240ed2a7afc
RSP=0x000000499cfff1b8, RBP=0x000000499cfff240, RSI=0x00000240e8a01ee8, RDI=0x00000240d80dde8a
R8 =0x0000000000000001, R9 =0x00000240ed2a7afc, R10=0x00000240d80e20c4, R11=0x000000071219a170
R12=0x0000000000000000, R13=0x00000240e8cc2350, R14=0x000000499cfff270, R15=0x00000240c8ae0e40
RIP=0x00007ffd7d8bd39a, EFLAGS=0x0000000000010202


Register to memory mapping:

RIP=0x00007ffd7d8bd39a lwjgl_opengl.dll
RAX=0x0 is NULL
RBX={method} {0x00000240e8cc2358} 'nglGenTextures' '(IJ)V' in 'org/lwjgl/opengl/GL11C'
RCX=0x00000240c8ae1120 points into unknown readable memory: 0x00000240ecc3ebe0 | e0 eb c3 ec 40 02 00 00
RDX=0x00000240ed2a7afc points into unknown readable memory: 00 00 00 00
RSP=0x000000499cfff1b8 is pointing into the stack for thread: 0x00000240c8ae0e40
RBP=0x000000499cfff240 is pointing into the stack for thread: 0x00000240c8ae0e40
RSI=0x00000240e8a01ee8 is pointing into metadata
RDI=0x00000240d80dde8a is at code_begin+1098 in an Interpreter codelet
return entry points  [0x00000240d80dda40, 0x00000240d80de508]  2760 bytes
R8 =0x0000000000000001 is an unknown value
R9 =0x00000240ed2a7afc points into unknown readable memory: 00 00 00 00
R10=0x00000240d80e20c4 is at code_begin+996 in an Interpreter codelet
method entry point (kind = native)  [0x00000240d80e1ce0, 0x00000240d80e28d0]  3056 bytes
R11=0x000000071219a170 is an oop: java.lang.Class 
{0x000000071219a170} - klass: 'java/lang/Class'
 - ---- fields (total size 116 words):
 - private volatile transient 'classRedefinedCount' 'I' @12  0 (0x00000000)
 - abstract internal 'klass' 'J' @16  2476065516064 (0x0000024081016a20)
 - abstract internal 'array_klass' 'J' @24  0 (0x0000000000000000)
 - abstract internal 'oop_size' 'I' @32  116 (0x00000074)
 - abstract internal 'static_oop_field_count' 'I' @36  0 (0x00000000)
 - private volatile transient 'cachedConstructor' 'Ljava/lang/reflect/Constructor;' @40  NULL (0x00000000)
 - private transient 'name' 'Ljava/lang/String;' @44  "org.lwjgl.opengl.GL11C"{0x000000071219a510} (0xe24334a2)
 - private transient 'module' 'Ljava/lang/Module;' @48  a 'java/lang/Module'{0x00000007124a2170} (0xe249442e)
 - private final 'classLoader' 'Ljava/lang/ClassLoader;' @52  a 'jdk/internal/loader/ClassLoaders$AppClassLoader'{0x0000000713356110} (0xe266ac22)
 - private transient 'classData' 'Ljava/lang/Object;' @56  NULL (0x00000000)
 - private transient 'packageName' 'Ljava/lang/String;' @60  "org.lwjgl.opengl"{0x00000007125ba010} (0xe24b7402)
 - private final 'componentType' 'Ljava/lang/Class;' @64  NULL (0x00000000)
 - private volatile transient 'reflectionData' 'Ljava/lang/ref/SoftReference;' @68  NULL (0x00000000)
 - private volatile transient 'genericInfo' 'Lsun/reflect/generics/repository/ClassRepository;' @72  NULL (0x00000000)
 - private volatile transient 'enumConstants' '[Ljava/lang/Object;' @76  NULL (0x00000000)
 - private volatile transient 'enumConstantDirectory' 'Ljava/util/Map;' @80  NULL (0x00000000)
 - private volatile transient 'annotationData' 'Ljava/lang/Class$AnnotationData;' @84  NULL (0x00000000)
 - private volatile transient 'annotationType' 'Lsun/reflect/annotation/AnnotationType;' @88  NULL (0x00000000)
 - transient 'classValueMap' 'Ljava/lang/ClassValue$ClassValueMap;' @92  NULL (0x00000000)
 - abstract internal 'protection_domain' 'Ljava/lang/Object;' @96  a 'java/security/ProtectionDomain'{0x00000007125b9540} (0xe24b72a8)
 - abstract internal 'signers_name' 'Ljava/lang/Object;' @100  NULL (0x00000000)
 - abstract internal 'source_file' 'Ljava/lang/Object;' @104  NULL (0x00000000)
 - signature: Lorg/lwjgl/opengl/GL11C;
 - ---- static fields (0):
 - public static final 'GL_NEVER' 'I' @112  512 (0x00000200)
 - public static final 'GL_LESS' 'I' @116  513 (0x00000201)
 - public static final 'GL_EQUAL' 'I' @120  514 (0x00000202)
 - public static final 'GL_LEQUAL' 'I' @124  515 (0x00000203)
 - public static final 'GL_GREATER' 'I' @128  516 (0x00000204)
 - public static final 'GL_NOTEQUAL' 'I' @132  517 (0x00000205)
 - public static final 'GL_GEQUAL' 'I' @136  518 (0x00000206)
 - public static final 'GL_ALWAYS' 'I' @140  519 (0x00000207)
 - public static final 'GL_DEPTH_BUFFER_BIT' 'I' @144  256 (0x00000100)
 - public static final 'GL_STENCIL_BUFFER_BIT' 'I' @148  1024 (0x00000400)
 - public static final 'GL_COLOR_BUFFER_BIT' 'I' @152  16384 (0x00004000)
 - public static final 'GL_POINTS' 'I' @156  0 (0x00000000)
 - public static final 'GL_LINES' 'I' @160  1 (0x00000001)
 - public static final 'GL_LINE_LOOP' 'I' @164  2 (0x00000002)
 - public static final 'GL_LINE_STRIP' 'I' @168  3 (0x00000003)
 - public static final 'GL_TRIANGLES' 'I' @172  4 (0x00000004)
 - public static final 'GL_TRIANGLE_STRIP' 'I' @176  5 (0x00000005)
 - public static final 'GL_TRIANGLE_FAN' 'I' @180  6 (0x00000006)
 - public static final 'GL_QUADS' 'I' @184  7 (0x00000007)
 - public static final 'GL_ZERO' 'I' @188  0 (0x00000000)
 - public static final 'GL_ONE' 'I' @192  1 (0x00000001)
 - public static final 'GL_SRC_COLOR' 'I' @196  768 (0x00000300)
 - public static final 'GL_ONE_MINUS_SRC_COLOR' 'I' @200  769 (0x00000301)
 - public static final 'GL_SRC_ALPHA' 'I' @204  770 (0x00000302)
 - public static final 'GL_ONE_MINUS_SRC_ALPHA' 'I' @208  771 (0x00000303)
 - public static final 'GL_DST_ALPHA' 'I' @212  772 (0x00000304)
 - public static final 'GL_ONE_MINUS_DST_ALPHA' 'I' @216  773 (0x00000305)
 - public static final 'GL_DST_COLOR' 'I' @220  774 (0x00000306)
 - public static final 'GL_ONE_MINUS_DST_COLOR' 'I' @224  775 (0x00000307)
 - public static final 'GL_SRC_ALPHA_SATURATE' 'I' @228  776 (0x00000308)
 - public static final 'GL_TRUE' 'I' @232  1 (0x00000001)
 - public static final 'GL_FALSE' 'I' @236  0 (0x00000000)
 - public static final 'GL_BYTE' 'I' @240  5120 (0x00001400)
 - public static final 'GL_UNSIGNED_BYTE' 'I' @244  5121 (0x00001401)
 - public static final 'GL_SHORT' 'I' @248  5122 (0x00001402)
 - public static final 'GL_UNSIGNED_SHORT' 'I' @252  5123 (0x00001403)
 - public static final 'GL_INT' 'I' @256  5124 (0x00001404)
 - public static final 'GL_UNSIGNED_INT' 'I' @260  5125 (0x00001405)
 - public static final 'GL_FLOAT' 'I' @264  5126 (0x00001406)
 - public static final 'GL_DOUBLE' 'I' @268  5130 (0x0000140a)
 - public static final 'GL_NONE' 'I' @272  0 (0x00000000)
 - public static final 'GL_FRONT_LEFT' 'I' @276  1024 (0x00000400)
 - public static final 'GL_FRONT_RIGHT' 'I' @280  1025 (0x00000401)
 - public static final 'GL_BACK_LEFT' 'I' @284  1026 (0x00000402)
 - public static final 'GL_BACK_RIGHT' 'I' @288  1027 (0x00000403)
 - public static final 'GL_FRONT' 'I' @292  1028 (0x00000404)
 - public static final 'GL_BACK' 'I' @296  1029 (0x00000405)
 - public static final 'GL_LEFT' 'I' @300  1030 (0x00000406)
 - public static final 'GL_RIGHT' 'I' @304  1031 (0x00000407)
 - public static final 'GL_FRONT_AND_BACK' 'I' @308  1032 (0x00000408)
 - public static final 'GL_NO_ERROR' 'I' @312  0 (0x00000000)
 - public static final 'GL_INVALID_ENUM' 'I' @316  1280 (0x00000500)
 - public static final 'GL_INVALID_VALUE' 'I' @320  1281 (0x00000501)
 - public static final 'GL_INVALID_OPERATION' 'I' @324  1282 (0x00000502)
 - public static final 'GL_STACK_OVERFLOW' 'I' @328  1283 (0x00000503)
 - public static final 'GL_STACK_UNDERFLOW' 'I' @332  1284 (0x00000504)
 - public static final 'GL_OUT_OF_MEMORY' 'I' @336  1285 (0x00000505)
 - public static final 'GL_CW' 'I' @340  2304 (0x00000900)
 - public static final 'GL_CCW' 'I' @344  2305 (0x00000901)
 - public static final 'GL_POINT_SIZE' 'I' @348  2833 (0x00000b11)
 - public static final 'GL_POINT_SIZE_RANGE' 'I' @352  2834 (0x00000b12)
 - public static final 'GL_POINT_SIZE_GRANULARITY' 'I' @356  2835 (0x00000b13)
 - public static final 'GL_LINE_SMOOTH' 'I' @360  2848 (0x00000b20)
 - public static final 'GL_LINE_WIDTH' 'I' @364  2849 (0x00000b21)
 - public static final 'GL_LINE_WIDTH_RANGE' 'I' @368  2850 (0x00000b22)
 - public static final 'GL_LINE_WIDTH_GRANULARITY' 'I' @372  2851 (0x00000b23)
 - public static final 'GL_POLYGON_MODE' 'I' @376  2880 (0x00000b40)
 - public static final 'GL_POLYGON_SMOOTH' 'I' @380  2881 (0x00000b41)
 - public static final 'GL_CULL_FACE' 'I' @384  2884 (0x00000b44)
 - public static final 'GL_CULL_FACE_MODE' 'I' @388  2885 (0x00000b45)
 - public static final 'GL_FRONT_FACE' 'I' @392  2886 (0x00000b46)
 - public static final 'GL_DEPTH_RANGE' 'I' @396  2928 (0x00000b70)
 - public static final 'GL_DEPTH_TEST' 'I' @400  2929 (0x00000b71)
 - public static final 'GL_DEPTH_WRITEMASK' 'I' @404  2930 (0x00000b72)
 - public static final 'GL_DEPTH_CLEAR_VALUE' 'I' @408  2931 (0x00000b73)
 - public static final 'GL_DEPTH_FUNC' 'I' @412  2932 (0x00000b74)
 - public static final 'GL_STENCIL_TEST' 'I' @416  2960 (0x00000b90)
 - public static final 'GL_STENCIL_CLEAR_VALUE' 'I' @420  2961 (0x00000b91)
 - public static final 'GL_STENCIL_FUNC' 'I' @424  2962 (0x00000b92)
 - public static final 'GL_STENCIL_VALUE_MASK' 'I' @428  2963 (0x00000b93)
 - public static final 'GL_STENCIL_FAIL' 'I' @432  2964 (0x00000b94)
 - public static final 'GL_STENCIL_PASS_DEPTH_FAIL' 'I' @436  2965 (0x00000b95)
 - public static final 'GL_STENCIL_PASS_DEPTH_PASS' 'I' @440  2966 (0x00000b96)
 - public static final 'GL_STENCIL_REF' 'I' @444  2967 (0x00000b97)
 - public static final 'GL_STENCIL_WRITEMASK' 'I' @448  2968 (0x00000b98)
 - public static final 'GL_VIEWPORT' 'I' @452  2978 (0x00000ba2)
 - public static final 'GL_DITHER' 'I' @456  3024 (0x00000bd0)
 - public static final 'GL_BLEND_DST' 'I' @460  3040 (0x00000be0)
 - public static final 'GL_BLEND_SRC' 'I' @464  3041 (0x00000be1)
 - public static final 'GL_BLEND' 'I' @468  3042 (0x00000be2)
 - public static final 'GL_LOGIC_OP_MODE' 'I' @472  3056 (0x00000bf0)
 - public static final 'GL_COLOR_LOGIC_OP' 'I' @476  3058 (0x00000bf2)
 - public static final 'GL_DRAW_BUFFER' 'I' @480  3073 (0x00000c01)
 - public static final 'GL_READ_BUFFER' 'I' @484  3074 (0x00000c02)
 - public static final 'GL_SCISSOR_BOX' 'I' @488  3088 (0x00000c10)
 - public static final 'GL_SCISSOR_TEST' 'I' @492  3089 (0x00000c11)
 - public static final 'GL_COLOR_CLEAR_VALUE' 'I' @496  3106 (0x00000c22)
 - public static final 'GL_COLOR_WRITEMASK' 'I' @500  3107 (0x00000c23)
 - public static final 'GL_DOUBLEBUFFER' 'I' @504  3122 (0x00000c32)
 - public static final 'GL_STEREO' 'I' @508  3123 (0x00000c33)
 - public static final 'GL_LINE_SMOOTH_HINT' 'I' @512  3154 (0x00000c52)
 - public static final 'GL_POLYGON_SMOOTH_HINT' 'I' @516  3155 (0x00000c53)
 - public static final 'GL_UNPACK_SWAP_BYTES' 'I' @520  3312 (0x00000cf0)
 - public static final 'GL_UNPACK_LSB_FIRST' 'I' @524  3313 (0x00000cf1)
 - public static final 'GL_UNPACK_ROW_LENGTH' 'I' @528  3314 (0x00000cf2)
 - public static final 'GL_UNPACK_SKIP_ROWS' 'I' @532  3315 (0x00000cf3)
 - public static final 'GL_UNPACK_SKIP_PIXELS' 'I' @536  3316 (0x00000cf4)
 - public static final 'GL_UNPACK_ALIGNMENT' 'I' @540  3317 (0x00000cf5)
 - public static final 'GL_PACK_SWAP_BYTES' 'I' @544  3328 (0x00000d00)
 - public static final 'GL_PACK_LSB_FIRST' 'I' @548  3329 (0x00000d01)
 - public static final 'GL_PACK_ROW_LENGTH' 'I' @552  3330 (0x00000d02)
 - public static final 'GL_PACK_SKIP_ROWS' 'I' @556  3331 (0x00000d03)
 - public static final 'GL_PACK_SKIP_PIXELS' 'I' @560  3332 (0x00000d04)
 - public static final 'GL_PACK_ALIGNMENT' 'I' @564  3333 (0x00000d05)
 - public static final 'GL_MAX_TEXTURE_SIZE' 'I' @568  3379 (0x00000d33)
 - public static final 'GL_MAX_VIEWPORT_DIMS' 'I' @572  3386 (0x00000d3a)
 - public static final 'GL_SUBPIXEL_BITS' 'I' @576  3408 (0x00000d50)
 - public static final 'GL_TEXTURE_1D' 'I' @580  3552 (0x00000de0)
 - public static final 'GL_TEXTURE_2D' 'I' @584  3553 (0x00000de1)
 - public static final 'GL_TEXTURE_WIDTH' 'I' @588  4096 (0x00001000)
 - public static final 'GL_TEXTURE_HEIGHT' 'I' @592  4097 (0x00001001)
 - public static final 'GL_TEXTURE_INTERNAL_FORMAT' 'I' @596  4099 (0x00001003)
 - public static final 'GL_TEXTURE_BORDER_COLOR' 'I' @600  4100 (0x00001004)
 - public static final 'GL_DONT_CARE' 'I' @604  4352 (0x00001100)
 - public static final 'GL_FASTEST' 'I' @608  4353 (0x00001101)
 - public static final 'GL_NICEST' 'I' @612  4354 (0x00001102)
 - public static final 'GL_CLEAR' 'I' @616  5376 (0x00001500)
 - public static final 'GL_AND' 'I' @620  5377 (0x00001501)
 - public static final 'GL_AND_REVERSE' 'I' @624  5378 (0x00001502)
 - public static final 'GL_COPY' 'I' @628  5379 (0x00001503)
 - public static final 'GL_AND_INVERTED' 'I' @632  5380 (0x00001504)
 - public static final 'GL_NOOP' 'I' @636  5381 (0x00001505)
 - public static final 'GL_XOR' 'I' @640  5382 (0x00001506)
 - public static final 'GL_OR' 'I' @644  5383 (0x00001507)
 - public static final 'GL_NOR' 'I' @648  5384 (0x00001508)
 - public static final 'GL_EQUIV' 'I' @652  5385 (0x00001509)
 - public static final 'GL_INVERT' 'I' @656  5386 (0x0000150a)
 - public static final 'GL_OR_REVERSE' 'I' @660  5387 (0x0000150b)
 - public static final 'GL_COPY_INVERTED' 'I' @664  5388 (0x0000150c)
 - public static final 'GL_OR_INVERTED' 'I' @668  5389 (0x0000150d)
 - public static final 'GL_NAND' 'I' @672  5390 (0x0000150e)
 - public static final 'GL_SET' 'I' @676  5391 (0x0000150f)
 - public static final 'GL_TEXTURE' 'I' @680  5890 (0x00001702)
 - public static final 'GL_COLOR' 'I' @684  6144 (0x00001800)
 - public static final 'GL_DEPTH' 'I' @688  6145 (0x00001801)
 - public static final 'GL_STENCIL' 'I' @692  6146 (0x00001802)
 - public static final 'GL_STENCIL_INDEX' 'I' @696  6401 (0x00001901)
 - public static final 'GL_DEPTH_COMPONENT' 'I' @700  6402 (0x00001902)
 - public static final 'GL_RED' 'I' @704  6403 (0x00001903)
 - public static final 'GL_GREEN' 'I' @708  6404 (0x00001904)
 - public static final 'GL_BLUE' 'I' @712  6405 (0x00001905)
 - public static final 'GL_ALPHA' 'I' @716  6406 (0x00001906)
 - public static final 'GL_RGB' 'I' @720  6407 (0x00001907)
 - public static final 'GL_RGBA' 'I' @724  6408 (0x00001908)
 - public static final 'GL_POINT' 'I' @728  6912 (0x00001b00)
 - public static final 'GL_LINE' 'I' @732  6913 (0x00001b01)
 - public static final 'GL_FILL' 'I' @736  6914 (0x00001b02)
 - public static final 'GL_KEEP' 'I' @740  7680 (0x00001e00)
 - public static final 'GL_REPLACE' 'I' @744  7681 (0x00001e01)
 - public static final 'GL_INCR' 'I' @748  7682 (0x00001e02)
 - public static final 'GL_DECR' 'I' @752  7683 (0x00001e03)
 - public static final 'GL_VENDOR' 'I' @756  7936 (0x00001f00)
 - public static final 'GL_RENDERER' 'I' @760  7937 (0x00001f01)
 - public static final 'GL_VERSION' 'I' @764  7938 (0x00001f02)
 - public static final 'GL_EXTENSIONS' 'I' @768  7939 (0x00001f03)
 - public static final 'GL_NEAREST' 'I' @772  9728 (0x00002600)
 - public static final 'GL_LINEAR' 'I' @776  9729 (0x00002601)
 - public static final 'GL_NEAREST_MIPMAP_NEAREST' 'I' @780  9984 (0x00002700)
 - public static final 'GL_LINEAR_MIPMAP_NEAREST' 'I' @784  9985 (0x00002701)
 - public static final 'GL_NEAREST_MIPMAP_LINEAR' 'I' @788  9986 (0x00002702)
 - public static final 'GL_LINEAR_MIPMAP_LINEAR' 'I' @792  9987 (0x00002703)
 - public static final 'GL_TEXTURE_MAG_FILTER' 'I' @796  10240 (0x00002800)
 - public static final 'GL_TEXTURE_MIN_FILTER' 'I' @800  10241 (0x00002801)
 - public static final 'GL_TEXTURE_WRAP_S' 'I' @804  10242 (0x00002802)
 - public static final 'GL_TEXTURE_WRAP_T' 'I' @808  10243 (0x00002803)
 - public static final 'GL_REPEAT' 'I' @812  10497 (0x00002901)
 - public static final 'GL_POLYGON_OFFSET_FACTOR' 'I' @816  32824 (0x00008038)
 - public static final 'GL_POLYGON_OFFSET_UNITS' 'I' @820  10752 (0x00002a00)
 - public static final 'GL_POLYGON_OFFSET_POINT' 'I' @824  10753 (0x00002a01)
 - public static final 'GL_POLYGON_OFFSET_LINE' 'I' @828  10754 (0x00002a02)
 - public static final 'GL_POLYGON_OFFSET_FILL' 'I' @832  32823 (0x00008037)
 - public static final 'GL_R3_G3_B2' 'I' @836  10768 (0x00002a10)
 - public static final 'GL_RGB4' 'I' @840  32847 (0x0000804f)
 - public static final 'GL_RGB5' 'I' @844  32848 (0x00008050)
 - public static final 'GL_RGB8' 'I' @848  32849 (0x00008051)
 - public static final 'GL_RGB10' 'I' @852  32850 (0x00008052)
 - public static final 'GL_RGB12' 'I' @856  32851 (0x00008053)
 - public static final 'GL_RGB16' 'I' @860  32852 (0x00008054)
 - public static final 'GL_RGBA2' 'I' @864  32853 (0x00008055)
 - public static final 'GL_RGBA4' 'I' @868  32854 (0x00008056)
 - public static final 'GL_RGB5_A1' 'I' @872  32855 (0x00008057)
 - public static final 'GL_RGBA8' 'I' @876  32856 (0x00008058)
 - public static final 'GL_RGB10_A2' 'I' @880  32857 (0x00008059)
 - public static final 'GL_RGBA12' 'I' @884  32858 (0x0000805a)
 - public static final 'GL_RGBA16' 'I' @888  32859 (0x0000805b)
 - public static final 'GL_TEXTURE_RED_SIZE' 'I' @892  32860 (0x0000805c)
 - public static final 'GL_TEXTURE_GREEN_SIZE' 'I' @896  32861 (0x0000805d)
 - public static final 'GL_TEXTURE_BLUE_SIZE' 'I' @900  32862 (0x0000805e)
 - public static final 'GL_TEXTURE_ALPHA_SIZE' 'I' @904  32863 (0x0000805f)
 - public static final 'GL_PROXY_TEXTURE_1D' 'I' @908  32867 (0x00008063)
 - public static final 'GL_PROXY_TEXTURE_2D' 'I' @912  32868 (0x00008064)
 - public static final 'GL_TEXTURE_BINDING_1D' 'I' @916  32872 (0x00008068)
 - public static final 'GL_TEXTURE_BINDING_2D' 'I' @920  32873 (0x00008069)
 - public static final 'GL_VERTEX_ARRAY' 'I' @924  32884 (0x00008074)
R12=0x0 is NULL
R13={method} {0x00000240e8cc2358} 'nglGenTextures' '(IJ)V' in 'org/lwjgl/opengl/GL11C'
R14=0x000000499cfff270 is pointing into the stack for thread: 0x00000240c8ae0e40
R15=0x00000240c8ae0e40 is a thread


Top of Stack: (sp=0x000000499cfff1b8)
0x000000499cfff1b8:   00000240d80e20f3 00000240d80dde8a
0x000000499cfff1c8:   00000240d80e1dee 00000240e8cc2350
0x000000499cfff1d8:   00000240e8a01ee8 000000499cfff258
0x000000499cfff1e8:   00000240d80ddf59 00000240d80e1d96
0x000000499cfff1f8:   000000499cfff1f8 00000240e8cc2350
0x000000499cfff208:   000000499cfff270 00000240e8ccc6d8
0x000000499cfff218:   0000000000000000 000000071219a170
0x000000499cfff228:   00000240e8cc2350 0000000000000000
0x000000499cfff238:   000000499cfff260 000000499cfff2c0
0x000000499cfff248:   00000240d80dde8a 000000071219a170
0x000000499cfff258:   00000240d80df897 00000240ed2a7afc
0x000000499cfff268:   0000000000000000 0000000000000001
0x000000499cfff278:   000000499cfff278 00000240e8cc24d4
0x000000499cfff288:   000000499cfff2f0 00000240e8ccc6d8
0x000000499cfff298:   0000000000000000 000000071219a170
0x000000499cfff2a8:   00000240e8cc2540 000000499cfff260
0x000000499cfff2b8:   000000499cfff2f8 000000499cfff340
0x000000499cfff2c8:   00000240d80ddf9e 0000000000000000
0x000000499cfff2d8:   0000000000000000 00000007121af530
0x000000499cfff2e8:   0000000000010000 0000000712157dd8
0x000000499cfff2f8:   000000499cfff2f8 00000240e8c0c8f0
0x000000499cfff308:   000000499cfff348 00000240e8c43ac0
0x000000499cfff318:   0000000000000000 00000007125b9720
0x000000499cfff328:   00000240e8c0c908 000000499cfff2f8
0x000000499cfff338:   000000499cfff350 000000499cfff3a0
0x000000499cfff348:   00000240d80ddf9e 000000071256a9a8
0x000000499cfff358:   000000499cfff358 00000240e8c0b100
0x000000499cfff368:   000000499cfff3d8 00000240e8c0b718
0x000000499cfff378:   0000000000000000 000000071256a7f0
0x000000499cfff388:   00000240e8c0b1f8 000000499cfff350
0x000000499cfff398:   000000499cfff3d0 000000499cfff438
0x000000499cfff3a8:   00000240d80dde8a 0000000000000000 

Instructions: (pc=0x00007ffd7d8bd39a)
0x00007ffd7d8bd29a:   cc cc cc cc cc cc 48 8b 01 48 8b 40 18 44 89 c1
0x00007ffd7d8bd2aa:   48 ff a0 d0 01 00 00 cc cc cc cc cc cc cc cc cc
0x00007ffd7d8bd2ba:   cc cc cc cc cc cc 0f 28 cb 0f 28 c2 48 8b 01 48
0x00007ffd7d8bd2ca:   8b 40 18 48 8b 80 d8 01 00 00 48 ff e0 cc cc cc
0x00007ffd7d8bd2da:   cc cc cc cc cc cc 44 89 ca 44 89 c0 44 8b 44 24
0x00007ffd7d8bd2ea:   28 48 8b 09 48 8b 49 18 4c 8b 89 e8 01 00 00 89
0x00007ffd7d8bd2fa:   c1 49 ff e1 cc cc 48 8b 01 48 8b 40 18 44 89 c1
0x00007ffd7d8bd30a:   48 ff a0 f0 01 00 00 cc cc cc cc cc cc cc cc cc
0x00007ffd7d8bd31a:   cc cc cc cc cc cc 44 89 ca 44 89 c0 44 8b 44 24
0x00007ffd7d8bd32a:   28 4c 8b 4c 24 30 48 8b 09 48 8b 49 18 4c 8b 91
0x00007ffd7d8bd33a:   f8 01 00 00 89 c1 49 ff e2 cc cc cc cc cc cc cc
0x00007ffd7d8bd34a:   cc cc cc cc cc cc 48 8b 01 48 8b 40 18 48 ff a0
0x00007ffd7d8bd35a:   98 02 00 00 cc cc 48 8b 01 48 8b 40 18 48 ff a0
0x00007ffd7d8bd36a:   a0 02 00 00 cc cc 48 8b 01 48 8b 40 18 44 89 c1
0x00007ffd7d8bd37a:   48 ff a0 c8 02 00 00 cc cc cc cc cc cc cc cc cc
0x00007ffd7d8bd38a:   cc cc cc cc cc cc 4c 89 ca 48 8b 01 48 8b 40 18
0x00007ffd7d8bd39a:   48 8b 80 d8 02 00 00 44 89 c1 48 ff e0 cc cc cc
0x00007ffd7d8bd3aa:   cc cc cc cc cc cc 4c 89 ca 48 8b 01 48 8b 40 18
0x00007ffd7d8bd3ba:   48 8b 80 e0 02 00 00 44 89 c1 48 ff e0 cc cc cc
0x00007ffd7d8bd3ca:   cc cc cc cc cc cc 4c 89 ca 48 8b 01 48 8b 40 18
0x00007ffd7d8bd3da:   48 8b 80 f0 02 00 00 44 89 c1 48 ff e0 cc cc cc
0x00007ffd7d8bd3ea:   cc cc cc cc cc cc 4c 89 ca 48 8b 01 48 8b 40 18
0x00007ffd7d8bd3fa:   48 8b 80 f8 02 00 00 44 89 c1 48 ff e0 cc cc cc
0x00007ffd7d8bd40a:   cc cc cc cc cc cc 4c 89 ca 48 8b 01 48 8b 40 18
0x00007ffd7d8bd41a:   48 8b 80 00 03 00 00 44 89 c1 48 ff e0 cc cc cc
0x00007ffd7d8bd42a:   cc cc cc cc cc cc 4c 89 ca 48 8b 01 48 8b 40 18
0x00007ffd7d8bd43a:   48 8b 80 08 03 00 00 44 89 c1 48 ff e0 cc cc cc
0x00007ffd7d8bd44a:   cc cc cc cc cc cc 48 8b 01 48 8b 40 18 48 ff a0
0x00007ffd7d8bd45a:   10 03 00 00 cc cc 4c 89 ca 48 8b 01 48 8b 40 18
0x00007ffd7d8bd46a:   48 8b 80 68 03 00 00 44 89 c1 48 ff e0 cc cc cc
0x00007ffd7d8bd47a:   cc cc cc cc cc cc 48 8b 01 48 8b 40 18 44 89 c1
0x00007ffd7d8bd48a:   48 ff a0 78 03 00 00 cc cc cc cc cc cc cc cc cc 


Stack slot to memory mapping:
stack at sp + 0 slots: 0x00000240d80e20f3 is at code_begin+1043 in an Interpreter codelet
method entry point (kind = native)  [0x00000240d80e1ce0, 0x00000240d80e28d0]  3056 bytes
stack at sp + 1 slots: 0x00000240d80dde8a is at code_begin+1098 in an Interpreter codelet
return entry points  [0x00000240d80dda40, 0x00000240d80de508]  2760 bytes
stack at sp + 2 slots: 0x00000240d80e1dee is at code_begin+270 in an Interpreter codelet
method entry point (kind = native)  [0x00000240d80e1ce0, 0x00000240d80e28d0]  3056 bytes
stack at sp + 3 slots: {method} {0x00000240e8cc2358} 'nglGenTextures' '(IJ)V' in 'org/lwjgl/opengl/GL11C'
stack at sp + 4 slots: 0x00000240e8a01ee8 is pointing into metadata
stack at sp + 5 slots: 0x000000499cfff258 is pointing into the stack for thread: 0x00000240c8ae0e40
stack at sp + 6 slots: 0x00000240d80ddf59 is at code_begin+1305 in an Interpreter codelet
return entry points  [0x00000240d80dda40, 0x00000240d80de508]  2760 bytes
stack at sp + 7 slots: 0x00000240d80e1d96 is at code_begin+182 in an Interpreter codelet
method entry point (kind = native)  [0x00000240d80e1ce0, 0x00000240d80e28d0]  3056 bytes


---------------  P R O C E S S  ---------------

Threads class SMR info:
_java_thread_list=0x00000240ece5e730, length=14, elements={
0x00000240c8ae0e40, 0x00000240e7f3b970, 0x00000240e7f3d780, 0x00000240e7f3e7e0,
0x00000240ec8035c0, 0x00000240ec804240, 0x00000240ec805620, 0x00000240ec80a8c0,
0x00000240ec80b8b0, 0x00000240ec8db620, 0x00000240ec9842f0, 0x00000240eca4f220,
0x00000240ecf90f40, 0x00000240ed00efe0
}

Java Threads: ( => current thread )
=>0x00000240c8ae0e40 JavaThread "main" [_thread_in_native, id=25760, stack(0x000000499cf00000,0x000000499d000000)]
  0x00000240e7f3b970 JavaThread "Reference Handler" daemon [_thread_blocked, id=23808, stack(0x000000499d600000,0x000000499d700000)]
  0x00000240e7f3d780 JavaThread "Finalizer" daemon [_thread_blocked, id=32136, stack(0x000000499d700000,0x000000499d800000)]
  0x00000240e7f3e7e0 JavaThread "Signal Dispatcher" daemon [_thread_blocked, id=4328, stack(0x000000499d800000,0x000000499d900000)]
  0x00000240ec8035c0 JavaThread "Attach Listener" daemon [_thread_blocked, id=29140, stack(0x000000499d900000,0x000000499da00000)]
  0x00000240ec804240 JavaThread "Service Thread" daemon [_thread_blocked, id=28936, stack(0x000000499da00000,0x000000499db00000)]
  0x00000240ec805620 JavaThread "Monitor Deflation Thread" daemon [_thread_blocked, id=19896, stack(0x000000499db00000,0x000000499dc00000)]
  0x00000240ec80a8c0 JavaThread "C2 CompilerThread0" daemon [_thread_blocked, id=28128, stack(0x000000499dc00000,0x000000499dd00000)]
  0x00000240ec80b8b0 JavaThread "C1 CompilerThread0" daemon [_thread_blocked, id=1636, stack(0x000000499dd00000,0x000000499de00000)]
  0x00000240ec8db620 JavaThread "Common-Cleaner" daemon [_thread_blocked, id=20196, stack(0x000000499de00000,0x000000499df00000)]
  0x00000240ec9842f0 JavaThread "C2 CompilerThread1" daemon [_thread_blocked, id=28220, stack(0x000000499df00000,0x000000499e000000)]
  0x00000240eca4f220 JavaThread "C2 CompilerThread2" daemon [_thread_blocked, id=33052, stack(0x000000499e000000,0x000000499e100000)]
  0x00000240ecf90f40 JavaThread "Monitor Ctrl-Break" daemon [_thread_in_native, id=22428, stack(0x000000499e100000,0x000000499e200000)]
  0x00000240ed00efe0 JavaThread "Notification Thread" daemon [_thread_blocked, id=340, stack(0x000000499e200000,0x000000499e300000)]

Other Threads:
  0x00000240e7f18650 VMThread "VM Thread" [stack: 0x000000499d500000,0x000000499d600000] [id=33548]
  0x00000240eca511e0 WatcherThread "VM Periodic Task Thread" [stack: 0x000000499e300000,0x000000499e400000] [id=4472]
  0x00000240c8b503a0 WorkerThread "GC Thread#0" [stack: 0x000000499d000000,0x000000499d100000] [id=31940]
  0x00000240c693dea0 ConcurrentGCThread "G1 Main Marker" [stack: 0x000000499d100000,0x000000499d200000] [id=30080]
  0x00000240c693e7e0 WorkerThread "G1 Conc#0" [stack: 0x000000499d200000,0x000000499d300000] [id=14284]
  0x00000240c8b8ec10 ConcurrentGCThread "G1 Refine#0" [stack: 0x000000499d300000,0x000000499d400000] [id=30560]
  0x00000240e7dd9a60 ConcurrentGCThread "G1 Service" [stack: 0x000000499d400000,0x000000499d500000] [id=10072]

Threads with active compile tasks:

VM state: not at safepoint (normal execution)

VM Mutex/Monitor currently owned by a thread: None

Heap address: 0x0000000703600000, size: 4042 MB, Compressed Oops mode: Zero based, Oop shift amount: 3

CDS archive(s) mapped at: [0x0000024080000000-0x0000024080c60000-0x0000024080c60000), size 12976128, SharedBaseAddress: 0x0000024080000000, ArchiveRelocationMode: 1.
Compressed class space mapped at: 0x0000024081000000-0x00000240c1000000, reserved size: 1073741824
Narrow klass base: 0x0000024080000000, Narrow klass shift: 0, Narrow klass range: 0x100000000

GC Precious Log:
 CardTable entry size: 512
 Card Set container configuration: InlinePtr #cards 4 size 8 Array Of Cards #cards 16 size 48 Howl #buckets 8 coarsen threshold 3686 Howl Bitmap #cards 512 size 80 coarsen threshold 460 Card regions per heap region 1 cards per card region 4096
 CPUs: 12 total, 12 available
 Memory: 16163M
 Large Page Support: Disabled
 NUMA Support: Disabled
 Compressed Oops: Enabled (Zero based)
 Heap Region Size: 2M
 Heap Min Capacity: 8M
 Heap Initial Capacity: 254M
 Heap Max Capacity: 4042M
 Pre-touch: Disabled
 Parallel Workers: 10
 Concurrent Workers: 3
 Concurrent Refinement Workers: 10
 Periodic GC: Disabled

Heap:
 garbage-first heap   total 260096K, used 16384K [0x0000000703600000, 0x0000000800000000)
  region size 2048K, 10 young (20480K), 0 survivors (0K)
 Metaspace       used 3122K, committed 3392K, reserved 1114112K
  class space    used 256K, committed 384K, reserved 1048576K

Heap Regions: E=young(eden), S=young(survivor), O=old, HS=humongous(starts), HC=humongous(continues), CS=collection set, F=free, OA=open archive, CA=closed archive, TAMS=top-at-mark-start, PB=parsable bottom
|   0|0x0000000703600000, 0x0000000703600000, 0x0000000703800000|  0%| F|  |TAMS 0x0000000703600000| PB 0x0000000703600000| Untracked 
|   1|0x0000000703800000, 0x0000000703800000, 0x0000000703a00000|  0%| F|  |TAMS 0x0000000703800000| PB 0x0000000703800000| Untracked 
|   2|0x0000000703a00000, 0x0000000703a00000, 0x0000000703c00000|  0%| F|  |TAMS 0x0000000703a00000| PB 0x0000000703a00000| Untracked 
|   3|0x0000000703c00000, 0x0000000703c00000, 0x0000000703e00000|  0%| F|  |TAMS 0x0000000703c00000| PB 0x0000000703c00000| Untracked 
|   4|0x0000000703e00000, 0x0000000703e00000, 0x0000000704000000|  0%| F|  |TAMS 0x0000000703e00000| PB 0x0000000703e00000| Untracked 
|   5|0x0000000704000000, 0x0000000704000000, 0x0000000704200000|  0%| F|  |TAMS 0x0000000704000000| PB 0x0000000704000000| Untracked 
|   6|0x0000000704200000, 0x0000000704200000, 0x0000000704400000|  0%| F|  |TAMS 0x0000000704200000| PB 0x0000000704200000| Untracked 
|   7|0x0000000704400000, 0x0000000704400000, 0x0000000704600000|  0%| F|  |TAMS 0x0000000704400000| PB 0x0000000704400000| Untracked 
|   8|0x0000000704600000, 0x0000000704600000, 0x0000000704800000|  0%| F|  |TAMS 0x0000000704600000| PB 0x0000000704600000| Untracked 
|   9|0x0000000704800000, 0x0000000704800000, 0x0000000704a00000|  0%| F|  |TAMS 0x0000000704800000| PB 0x0000000704800000| Untracked 
|  10|0x0000000704a00000, 0x0000000704a00000, 0x0000000704c00000|  0%| F|  |TAMS 0x0000000704a00000| PB 0x0000000704a00000| Untracked 
|  11|0x0000000704c00000, 0x0000000704c00000, 0x0000000704e00000|  0%| F|  |TAMS 0x0000000704c00000| PB 0x0000000704c00000| Untracked 
|  12|0x0000000704e00000, 0x0000000704e00000, 0x0000000705000000|  0%| F|  |TAMS 0x0000000704e00000| PB 0x0000000704e00000| Untracked 
|  13|0x0000000705000000, 0x0000000705000000, 0x0000000705200000|  0%| F|  |TAMS 0x0000000705000000| PB 0x0000000705000000| Untracked 
|  14|0x0000000705200000, 0x0000000705200000, 0x0000000705400000|  0%| F|  |TAMS 0x0000000705200000| PB 0x0000000705200000| Untracked 
|  15|0x0000000705400000, 0x0000000705400000, 0x0000000705600000|  0%| F|  |TAMS 0x0000000705400000| PB 0x0000000705400000| Untracked 
|  16|0x0000000705600000, 0x0000000705600000, 0x0000000705800000|  0%| F|  |TAMS 0x0000000705600000| PB 0x0000000705600000| Untracked 
|  17|0x0000000705800000, 0x0000000705800000, 0x0000000705a00000|  0%| F|  |TAMS 0x0000000705800000| PB 0x0000000705800000| Untracked 
|  18|0x0000000705a00000, 0x0000000705a00000, 0x0000000705c00000|  0%| F|  |TAMS 0x0000000705a00000| PB 0x0000000705a00000| Untracked 
|  19|0x0000000705c00000, 0x0000000705c00000, 0x0000000705e00000|  0%| F|  |TAMS 0x0000000705c00000| PB 0x0000000705c00000| Untracked 
|  20|0x0000000705e00000, 0x0000000705e00000, 0x0000000706000000|  0%| F|  |TAMS 0x0000000705e00000| PB 0x0000000705e00000| Untracked 
|  21|0x0000000706000000, 0x0000000706000000, 0x0000000706200000|  0%| F|  |TAMS 0x0000000706000000| PB 0x0000000706000000| Untracked 
|  22|0x0000000706200000, 0x0000000706200000, 0x0000000706400000|  0%| F|  |TAMS 0x0000000706200000| PB 0x0000000706200000| Untracked 
|  23|0x0000000706400000, 0x0000000706400000, 0x0000000706600000|  0%| F|  |TAMS 0x0000000706400000| PB 0x0000000706400000| Untracked 
|  24|0x0000000706600000, 0x0000000706600000, 0x0000000706800000|  0%| F|  |TAMS 0x0000000706600000| PB 0x0000000706600000| Untracked 
|  25|0x0000000706800000, 0x0000000706800000, 0x0000000706a00000|  0%| F|  |TAMS 0x0000000706800000| PB 0x0000000706800000| Untracked 
|  26|0x0000000706a00000, 0x0000000706a00000, 0x0000000706c00000|  0%| F|  |TAMS 0x0000000706a00000| PB 0x0000000706a00000| Untracked 
|  27|0x0000000706c00000, 0x0000000706c00000, 0x0000000706e00000|  0%| F|  |TAMS 0x0000000706c00000| PB 0x0000000706c00000| Untracked 
|  28|0x0000000706e00000, 0x0000000706e00000, 0x0000000707000000|  0%| F|  |TAMS 0x0000000706e00000| PB 0x0000000706e00000| Untracked 
|  29|0x0000000707000000, 0x0000000707000000, 0x0000000707200000|  0%| F|  |TAMS 0x0000000707000000| PB 0x0000000707000000| Untracked 
|  30|0x0000000707200000, 0x0000000707200000, 0x0000000707400000|  0%| F|  |TAMS 0x0000000707200000| PB 0x0000000707200000| Untracked 
|  31|0x0000000707400000, 0x0000000707400000, 0x0000000707600000|  0%| F|  |TAMS 0x0000000707400000| PB 0x0000000707400000| Untracked 
|  32|0x0000000707600000, 0x0000000707600000, 0x0000000707800000|  0%| F|  |TAMS 0x0000000707600000| PB 0x0000000707600000| Untracked 
|  33|0x0000000707800000, 0x0000000707800000, 0x0000000707a00000|  0%| F|  |TAMS 0x0000000707800000| PB 0x0000000707800000| Untracked 
|  34|0x0000000707a00000, 0x0000000707a00000, 0x0000000707c00000|  0%| F|  |TAMS 0x0000000707a00000| PB 0x0000000707a00000| Untracked 
|  35|0x0000000707c00000, 0x0000000707c00000, 0x0000000707e00000|  0%| F|  |TAMS 0x0000000707c00000| PB 0x0000000707c00000| Untracked 
|  36|0x0000000707e00000, 0x0000000707e00000, 0x0000000708000000|  0%| F|  |TAMS 0x0000000707e00000| PB 0x0000000707e00000| Untracked 
|  37|0x0000000708000000, 0x0000000708000000, 0x0000000708200000|  0%| F|  |TAMS 0x0000000708000000| PB 0x0000000708000000| Untracked 
|  38|0x0000000708200000, 0x0000000708200000, 0x0000000708400000|  0%| F|  |TAMS 0x0000000708200000| PB 0x0000000708200000| Untracked 
|  39|0x0000000708400000, 0x0000000708400000, 0x0000000708600000|  0%| F|  |TAMS 0x0000000708400000| PB 0x0000000708400000| Untracked 
|  40|0x0000000708600000, 0x0000000708600000, 0x0000000708800000|  0%| F|  |TAMS 0x0000000708600000| PB 0x0000000708600000| Untracked 
|  41|0x0000000708800000, 0x0000000708800000, 0x0000000708a00000|  0%| F|  |TAMS 0x0000000708800000| PB 0x0000000708800000| Untracked 
|  42|0x0000000708a00000, 0x0000000708a00000, 0x0000000708c00000|  0%| F|  |TAMS 0x0000000708a00000| PB 0x0000000708a00000| Untracked 
|  43|0x0000000708c00000, 0x0000000708c00000, 0x0000000708e00000|  0%| F|  |TAMS 0x0000000708c00000| PB 0x0000000708c00000| Untracked 
|  44|0x0000000708e00000, 0x0000000708e00000, 0x0000000709000000|  0%| F|  |TAMS 0x0000000708e00000| PB 0x0000000708e00000| Untracked 
|  45|0x0000000709000000, 0x0000000709000000, 0x0000000709200000|  0%| F|  |TAMS 0x0000000709000000| PB 0x0000000709000000| Untracked 
|  46|0x0000000709200000, 0x0000000709200000, 0x0000000709400000|  0%| F|  |TAMS 0x0000000709200000| PB 0x0000000709200000| Untracked 
|  47|0x0000000709400000, 0x0000000709400000, 0x0000000709600000|  0%| F|  |TAMS 0x0000000709400000| PB 0x0000000709400000| Untracked 
|  48|0x0000000709600000, 0x0000000709600000, 0x0000000709800000|  0%| F|  |TAMS 0x0000000709600000| PB 0x0000000709600000| Untracked 
|  49|0x0000000709800000, 0x0000000709800000, 0x0000000709a00000|  0%| F|  |TAMS 0x0000000709800000| PB 0x0000000709800000| Untracked 
|  50|0x0000000709a00000, 0x0000000709a00000, 0x0000000709c00000|  0%| F|  |TAMS 0x0000000709a00000| PB 0x0000000709a00000| Untracked 
|  51|0x0000000709c00000, 0x0000000709c00000, 0x0000000709e00000|  0%| F|  |TAMS 0x0000000709c00000| PB 0x0000000709c00000| Untracked 
|  52|0x0000000709e00000, 0x0000000709e00000, 0x000000070a000000|  0%| F|  |TAMS 0x0000000709e00000| PB 0x0000000709e00000| Untracked 
|  53|0x000000070a000000, 0x000000070a000000, 0x000000070a200000|  0%| F|  |TAMS 0x000000070a000000| PB 0x000000070a000000| Untracked 
|  54|0x000000070a200000, 0x000000070a200000, 0x000000070a400000|  0%| F|  |TAMS 0x000000070a200000| PB 0x000000070a200000| Untracked 
|  55|0x000000070a400000, 0x000000070a400000, 0x000000070a600000|  0%| F|  |TAMS 0x000000070a400000| PB 0x000000070a400000| Untracked 
|  56|0x000000070a600000, 0x000000070a600000, 0x000000070a800000|  0%| F|  |TAMS 0x000000070a600000| PB 0x000000070a600000| Untracked 
|  57|0x000000070a800000, 0x000000070a800000, 0x000000070aa00000|  0%| F|  |TAMS 0x000000070a800000| PB 0x000000070a800000| Untracked 
|  58|0x000000070aa00000, 0x000000070aa00000, 0x000000070ac00000|  0%| F|  |TAMS 0x000000070aa00000| PB 0x000000070aa00000| Untracked 
|  59|0x000000070ac00000, 0x000000070ac00000, 0x000000070ae00000|  0%| F|  |TAMS 0x000000070ac00000| PB 0x000000070ac00000| Untracked 
|  60|0x000000070ae00000, 0x000000070ae00000, 0x000000070b000000|  0%| F|  |TAMS 0x000000070ae00000| PB 0x000000070ae00000| Untracked 
|  61|0x000000070b000000, 0x000000070b000000, 0x000000070b200000|  0%| F|  |TAMS 0x000000070b000000| PB 0x000000070b000000| Untracked 
|  62|0x000000070b200000, 0x000000070b200000, 0x000000070b400000|  0%| F|  |TAMS 0x000000070b200000| PB 0x000000070b200000| Untracked 
|  63|0x000000070b400000, 0x000000070b400000, 0x000000070b600000|  0%| F|  |TAMS 0x000000070b400000| PB 0x000000070b400000| Untracked 
|  64|0x000000070b600000, 0x000000070b600000, 0x000000070b800000|  0%| F|  |TAMS 0x000000070b600000| PB 0x000000070b600000| Untracked 
|  65|0x000000070b800000, 0x000000070b800000, 0x000000070ba00000|  0%| F|  |TAMS 0x000000070b800000| PB 0x000000070b800000| Untracked 
|  66|0x000000070ba00000, 0x000000070ba00000, 0x000000070bc00000|  0%| F|  |TAMS 0x000000070ba00000| PB 0x000000070ba00000| Untracked 
|  67|0x000000070bc00000, 0x000000070bc00000, 0x000000070be00000|  0%| F|  |TAMS 0x000000070bc00000| PB 0x000000070bc00000| Untracked 
|  68|0x000000070be00000, 0x000000070be00000, 0x000000070c000000|  0%| F|  |TAMS 0x000000070be00000| PB 0x000000070be00000| Untracked 
|  69|0x000000070c000000, 0x000000070c000000, 0x000000070c200000|  0%| F|  |TAMS 0x000000070c000000| PB 0x000000070c000000| Untracked 
|  70|0x000000070c200000, 0x000000070c200000, 0x000000070c400000|  0%| F|  |TAMS 0x000000070c200000| PB 0x000000070c200000| Untracked 
|  71|0x000000070c400000, 0x000000070c400000, 0x000000070c600000|  0%| F|  |TAMS 0x000000070c400000| PB 0x000000070c400000| Untracked 
|  72|0x000000070c600000, 0x000000070c600000, 0x000000070c800000|  0%| F|  |TAMS 0x000000070c600000| PB 0x000000070c600000| Untracked 
|  73|0x000000070c800000, 0x000000070c800000, 0x000000070ca00000|  0%| F|  |TAMS 0x000000070c800000| PB 0x000000070c800000| Untracked 
|  74|0x000000070ca00000, 0x000000070ca00000, 0x000000070cc00000|  0%| F|  |TAMS 0x000000070ca00000| PB 0x000000070ca00000| Untracked 
|  75|0x000000070cc00000, 0x000000070cc00000, 0x000000070ce00000|  0%| F|  |TAMS 0x000000070cc00000| PB 0x000000070cc00000| Untracked 
|  76|0x000000070ce00000, 0x000000070ce00000, 0x000000070d000000|  0%| F|  |TAMS 0x000000070ce00000| PB 0x000000070ce00000| Untracked 
|  77|0x000000070d000000, 0x000000070d000000, 0x000000070d200000|  0%| F|  |TAMS 0x000000070d000000| PB 0x000000070d000000| Untracked 
|  78|0x000000070d200000, 0x000000070d200000, 0x000000070d400000|  0%| F|  |TAMS 0x000000070d200000| PB 0x000000070d200000| Untracked 
|  79|0x000000070d400000, 0x000000070d400000, 0x000000070d600000|  0%| F|  |TAMS 0x000000070d400000| PB 0x000000070d400000| Untracked 
|  80|0x000000070d600000, 0x000000070d600000, 0x000000070d800000|  0%| F|  |TAMS 0x000000070d600000| PB 0x000000070d600000| Untracked 
|  81|0x000000070d800000, 0x000000070d800000, 0x000000070da00000|  0%| F|  |TAMS 0x000000070d800000| PB 0x000000070d800000| Untracked 
|  82|0x000000070da00000, 0x000000070da00000, 0x000000070dc00000|  0%| F|  |TAMS 0x000000070da00000| PB 0x000000070da00000| Untracked 
|  83|0x000000070dc00000, 0x000000070dc00000, 0x000000070de00000|  0%| F|  |TAMS 0x000000070dc00000| PB 0x000000070dc00000| Untracked 
|  84|0x000000070de00000, 0x000000070de00000, 0x000000070e000000|  0%| F|  |TAMS 0x000000070de00000| PB 0x000000070de00000| Untracked 
|  85|0x000000070e000000, 0x000000070e000000, 0x000000070e200000|  0%| F|  |TAMS 0x000000070e000000| PB 0x000000070e000000| Untracked 
|  86|0x000000070e200000, 0x000000070e200000, 0x000000070e400000|  0%| F|  |TAMS 0x000000070e200000| PB 0x000000070e200000| Untracked 
|  87|0x000000070e400000, 0x000000070e400000, 0x000000070e600000|  0%| F|  |TAMS 0x000000070e400000| PB 0x000000070e400000| Untracked 
|  88|0x000000070e600000, 0x000000070e600000, 0x000000070e800000|  0%| F|  |TAMS 0x000000070e600000| PB 0x000000070e600000| Untracked 
|  89|0x000000070e800000, 0x000000070e800000, 0x000000070ea00000|  0%| F|  |TAMS 0x000000070e800000| PB 0x000000070e800000| Untracked 
|  90|0x000000070ea00000, 0x000000070ea00000, 0x000000070ec00000|  0%| F|  |TAMS 0x000000070ea00000| PB 0x000000070ea00000| Untracked 
|  91|0x000000070ec00000, 0x000000070ec00000, 0x000000070ee00000|  0%| F|  |TAMS 0x000000070ec00000| PB 0x000000070ec00000| Untracked 
|  92|0x000000070ee00000, 0x000000070ee00000, 0x000000070f000000|  0%| F|  |TAMS 0x000000070ee00000| PB 0x000000070ee00000| Untracked 
|  93|0x000000070f000000, 0x000000070f000000, 0x000000070f200000|  0%| F|  |TAMS 0x000000070f000000| PB 0x000000070f000000| Untracked 
|  94|0x000000070f200000, 0x000000070f200000, 0x000000070f400000|  0%| F|  |TAMS 0x000000070f200000| PB 0x000000070f200000| Untracked 
|  95|0x000000070f400000, 0x000000070f400000, 0x000000070f600000|  0%| F|  |TAMS 0x000000070f400000| PB 0x000000070f400000| Untracked 
|  96|0x000000070f600000, 0x000000070f600000, 0x000000070f800000|  0%| F|  |TAMS 0x000000070f600000| PB 0x000000070f600000| Untracked 
|  97|0x000000070f800000, 0x000000070f800000, 0x000000070fa00000|  0%| F|  |TAMS 0x000000070f800000| PB 0x000000070f800000| Untracked 
|  98|0x000000070fa00000, 0x000000070fa00000, 0x000000070fc00000|  0%| F|  |TAMS 0x000000070fa00000| PB 0x000000070fa00000| Untracked 
|  99|0x000000070fc00000, 0x000000070fc00000, 0x000000070fe00000|  0%| F|  |TAMS 0x000000070fc00000| PB 0x000000070fc00000| Untracked 
| 100|0x000000070fe00000, 0x000000070fe00000, 0x0000000710000000|  0%| F|  |TAMS 0x000000070fe00000| PB 0x000000070fe00000| Untracked 
| 101|0x0000000710000000, 0x0000000710000000, 0x0000000710200000|  0%| F|  |TAMS 0x0000000710000000| PB 0x0000000710000000| Untracked 
| 102|0x0000000710200000, 0x0000000710200000, 0x0000000710400000|  0%| F|  |TAMS 0x0000000710200000| PB 0x0000000710200000| Untracked 
| 103|0x0000000710400000, 0x0000000710400000, 0x0000000710600000|  0%| F|  |TAMS 0x0000000710400000| PB 0x0000000710400000| Untracked 
| 104|0x0000000710600000, 0x0000000710600000, 0x0000000710800000|  0%| F|  |TAMS 0x0000000710600000| PB 0x0000000710600000| Untracked 
| 105|0x0000000710800000, 0x0000000710800000, 0x0000000710a00000|  0%| F|  |TAMS 0x0000000710800000| PB 0x0000000710800000| Untracked 
| 106|0x0000000710a00000, 0x0000000710a00000, 0x0000000710c00000|  0%| F|  |TAMS 0x0000000710a00000| PB 0x0000000710a00000| Untracked 
| 107|0x0000000710c00000, 0x0000000710c00000, 0x0000000710e00000|  0%| F|  |TAMS 0x0000000710c00000| PB 0x0000000710c00000| Untracked 
| 108|0x0000000710e00000, 0x0000000710e00000, 0x0000000711000000|  0%| F|  |TAMS 0x0000000710e00000| PB 0x0000000710e00000| Untracked 
| 109|0x0000000711000000, 0x0000000711000000, 0x0000000711200000|  0%| F|  |TAMS 0x0000000711000000| PB 0x0000000711000000| Untracked 
| 110|0x0000000711200000, 0x0000000711200000, 0x0000000711400000|  0%| F|  |TAMS 0x0000000711200000| PB 0x0000000711200000| Untracked 
| 111|0x0000000711400000, 0x0000000711400000, 0x0000000711600000|  0%| F|  |TAMS 0x0000000711400000| PB 0x0000000711400000| Untracked 
| 112|0x0000000711600000, 0x0000000711600000, 0x0000000711800000|  0%| F|  |TAMS 0x0000000711600000| PB 0x0000000711600000| Untracked 
| 113|0x0000000711800000, 0x0000000711800000, 0x0000000711a00000|  0%| F|  |TAMS 0x0000000711800000| PB 0x0000000711800000| Untracked 
| 114|0x0000000711a00000, 0x0000000711a00000, 0x0000000711c00000|  0%| F|  |TAMS 0x0000000711a00000| PB 0x0000000711a00000| Untracked 
| 115|0x0000000711c00000, 0x0000000711c00000, 0x0000000711e00000|  0%| F|  |TAMS 0x0000000711c00000| PB 0x0000000711c00000| Untracked 
| 116|0x0000000711e00000, 0x0000000711e00000, 0x0000000712000000|  0%| F|  |TAMS 0x0000000711e00000| PB 0x0000000711e00000| Untracked 
| 117|0x0000000712000000, 0x0000000712200000, 0x0000000712200000|100%| E|  |TAMS 0x0000000712000000| PB 0x0000000712000000| Complete 
| 118|0x0000000712200000, 0x0000000712400000, 0x0000000712400000|100%| E|  |TAMS 0x0000000712200000| PB 0x0000000712200000| Complete 
| 119|0x0000000712400000, 0x0000000712600000, 0x0000000712600000|100%| E|CS|TAMS 0x0000000712400000| PB 0x0000000712400000| Complete 
| 120|0x0000000712600000, 0x0000000712800000, 0x0000000712800000|100%| E|CS|TAMS 0x0000000712600000| PB 0x0000000712600000| Complete 
| 121|0x0000000712800000, 0x0000000712a00000, 0x0000000712a00000|100%| E|CS|TAMS 0x0000000712800000| PB 0x0000000712800000| Complete 
| 122|0x0000000712a00000, 0x0000000712c00000, 0x0000000712c00000|100%| E|CS|TAMS 0x0000000712a00000| PB 0x0000000712a00000| Complete 
| 123|0x0000000712c00000, 0x0000000712e00000, 0x0000000712e00000|100%| E|CS|TAMS 0x0000000712c00000| PB 0x0000000712c00000| Complete 
| 124|0x0000000712e00000, 0x0000000713000000, 0x0000000713000000|100%| E|CS|TAMS 0x0000000712e00000| PB 0x0000000712e00000| Complete 
| 125|0x0000000713000000, 0x0000000713200000, 0x0000000713200000|100%| E|CS|TAMS 0x0000000713000000| PB 0x0000000713000000| Complete 
| 126|0x0000000713200000, 0x0000000713400000, 0x0000000713400000|100%| E|CS|TAMS 0x0000000713200000| PB 0x0000000713200000| Complete 

Card table byte_map: [0x00000240e08d0000,0x00000240e10c0000] _byte_map_base: 0x00000240dd0b5000

Marking Bits: (CMBitMap*) 0x00000240c8b508e0
 Bits: [0x00000240e18b0000, 0x00000240e57d8000)

Polling page: 0x00000240c8290000

Metaspace:

Usage:
  Non-class:      2.80 MB used.
      Class:    256.38 KB used.
       Both:      3.05 MB used.

Virtual space:
  Non-class space:       64.00 MB reserved,       2.94 MB (  5%) committed,  1 nodes.
      Class space:        1.00 GB reserved,     384.00 KB ( <1%) committed,  1 nodes.
             Both:        1.06 GB reserved,       3.31 MB ( <1%) committed. 

Chunk freelists:
   Non-Class:  3.17 MB
       Class:  3.66 MB
        Both:  6.83 MB

MaxMetaspaceSize: unlimited
CompressedClassSpaceSize: 1.00 GB
Initial GC threshold: 21.00 MB
Current GC threshold: 21.00 MB
CDS: on
MetaspaceReclaimPolicy: balanced
 - commit_granule_bytes: 65536.
 - commit_granule_words: 8192.
 - virtual_space_node_default_size: 8388608.
 - enlarge_chunks_in_place: 1.
 - new_chunks_are_fully_committed: 0.
 - uncommit_free_chunks: 1.
 - use_allocation_guard: 0.


Internal statistics:

num_allocs_failed_limit: 0.
num_arena_births: 84.
num_arena_deaths: 0.
num_vsnodes_births: 2.
num_vsnodes_deaths: 0.
num_space_committed: 53.
num_space_uncommitted: 0.
num_chunks_returned_to_freelist: 0.
num_chunks_taken_from_freelist: 133.
num_chunk_merges: 0.
num_chunk_splits: 85.
num_chunks_enlarged: 52.
num_inconsistent_stats: 0.

CodeHeap 'non-profiled nmethods': size=120000Kb used=368Kb max_used=368Kb free=119631Kb
 bounds [0x00000240d8660000, 0x00000240d88d0000, 0x00000240dfb90000]
CodeHeap 'profiled nmethods': size=120000Kb used=1201Kb max_used=1201Kb free=118798Kb
 bounds [0x00000240d0b90000, 0x00000240d0e00000, 0x00000240d80c0000]
CodeHeap 'non-nmethods': size=5760Kb used=1543Kb max_used=1543Kb free=4216Kb
 bounds [0x00000240d80c0000, 0x00000240d8330000, 0x00000240d8660000]
 total_blobs=1322 nmethods=847 adapters=386
 compilation: enabled
              stopped_count=0, restarted_count=0
 full_count=0

Compilation events (20 events):
Event: 0.498 Thread 0x00000240ec80b8b0  833       1       jdk.internal.loader.BuiltinClassLoader$LoadedModule::loader (5 bytes)
Event: 0.498 Thread 0x00000240ec80b8b0 nmethod 833 0x00000240d86bac10 code [0x00000240d86bad80, 0x00000240d86bae50]
Event: 0.501 Thread 0x00000240ec80b8b0  834       3       java.lang.StringConcatHelper::stringOf (20 bytes)
Event: 0.502 Thread 0x00000240ec80b8b0 nmethod 834 0x00000240d0cba010 code [0x00000240d0cba1a0, 0x00000240d0cba3d8]
Event: 0.502 Thread 0x00000240ec80b8b0  836       1       java.security.CodeSource::getLocationNoFragString (5 bytes)
Event: 0.502 Thread 0x00000240ec80b8b0 nmethod 836 0x00000240d86baf10 code [0x00000240d86bb080, 0x00000240d86bb150]
Event: 0.502 Thread 0x00000240ec80b8b0  835       3       java.lang.StringConcatHelper::mix (27 bytes)
Event: 0.502 Thread 0x00000240ec80b8b0 nmethod 835 0x00000240d0cba490 code [0x00000240d0cba660, 0x00000240d0cbaa58]
Event: 0.503 Thread 0x00000240ec80b8b0  837       3       java.util.regex.Pattern::isSupplementary (21 bytes)
Event: 0.504 Thread 0x00000240ec80b8b0 nmethod 837 0x00000240d0cbac10 code [0x00000240d0cbada0, 0x00000240d0cbb020]
Event: 0.504 Thread 0x00000240ec80b8b0  839       3       java.util.regex.Pattern::peek (26 bytes)
Event: 0.504 Thread 0x00000240ec80b8b0 nmethod 839 0x00000240d0cbb110 code [0x00000240d0cbb2c0, 0x00000240d0cbb528]
Event: 0.504 Thread 0x00000240ec80b8b0  838       3       java.lang.Character::isSurrogate (18 bytes)
Event: 0.504 Thread 0x00000240ec80b8b0 nmethod 838 0x00000240d0cbb690 code [0x00000240d0cbb820, 0x00000240d0cbb9a8]
Event: 0.505 Thread 0x00000240ec80b8b0  847       3       org.lwjgl.system.MemoryUtil::memPutAddress (29 bytes)
Event: 0.506 Thread 0x00000240ec80b8b0 nmethod 847 0x00000240d0cbba10 code [0x00000240d0cbbba0, 0x00000240d0cbbd98]
Event: 0.506 Thread 0x00000240ec80b8b0  845       3       java.lang.Integer::toUnsignedLong (7 bytes)
Event: 0.506 Thread 0x00000240ec80b8b0 nmethod 845 0x00000240d0cbbe90 code [0x00000240d0cbc020, 0x00000240d0cbc120]
Event: 0.506 Thread 0x00000240ec80b8b0  846       3       sun.misc.Unsafe::putLong (11 bytes)
Event: 0.506 Thread 0x00000240ec80b8b0 nmethod 846 0x00000240d0cbc190 code [0x00000240d0cbc320, 0x00000240d0cbc430]

GC Heap History (0 events):
No events

Dll operation events (11 events):
Event: 0.009 Loaded shared library C:\Users\stas2\.jdks\openjdk-20.0.2-1\bin\java.dll
Event: 0.037 Loaded shared library C:\Users\stas2\.jdks\openjdk-20.0.2-1\bin\jsvml.dll
Event: 0.092 Loaded shared library C:\Users\stas2\.jdks\openjdk-20.0.2-1\bin\net.dll
Event: 0.094 Loaded shared library C:\Users\stas2\.jdks\openjdk-20.0.2-1\bin\nio.dll
Event: 0.096 Loaded shared library C:\Users\stas2\.jdks\openjdk-20.0.2-1\bin\zip.dll
Event: 0.264 Loaded shared library C:\Users\stas2\.jdks\openjdk-20.0.2-1\bin\zip.dll
Event: 0.267 Loaded shared library C:\Users\stas2\.jdks\openjdk-20.0.2-1\bin\instrument.dll
Event: 0.297 Loaded shared library C:\IntelliJ IDEA Community Edition 2021.3.2\IntelliJ IDEA Community Edition 2023.2.1\bin\breakgen64.dll
Event: 0.380 Loaded shared library C:\Users\stas2\.jdks\openjdk-20.0.2-1\bin\jimage.dll
Event: 0.411 Loaded shared library C:\Users\stas2\AppData\Local\Temp\lwjgl_stas2\3.3.4+7\x64\lwjgl.dll
Event: 0.458 Loaded shared library C:\Users\stas2\AppData\Local\Temp\lwjgl_stas2\3.3.4+7\x64\lwjgl_opengl.dll

Deoptimization events (20 events):
Event: 0.356 Thread 0x00000240c8ae0e40 Uncommon trap: trap_request=0xffffffde fr.pc=0x00000240d8699ba0 relative=0x0000000000000120
Event: 0.356 Thread 0x00000240c8ae0e40 Uncommon trap: reason=class_check action=maybe_recompile pc=0x00000240d8699ba0 method=jdk.internal.misc.Unsafe.allocateUninitializedArray(Ljava/lang/Class;I)Ljava/lang/Object; @ 51 c2
Event: 0.356 Thread 0x00000240c8ae0e40 DEOPT PACKING pc=0x00000240d8699ba0 sp=0x000000499cffd6a0
Event: 0.356 Thread 0x00000240c8ae0e40 DEOPT UNPACKING pc=0x00000240d80dd2a2 sp=0x000000499cffd618 mode 2
Event: 0.357 Thread 0x00000240c8ae0e40 Uncommon trap: trap_request=0xffffffde fr.pc=0x00000240d8699ba0 relative=0x0000000000000120
Event: 0.357 Thread 0x00000240c8ae0e40 Uncommon trap: reason=class_check action=maybe_recompile pc=0x00000240d8699ba0 method=jdk.internal.misc.Unsafe.allocateUninitializedArray(Ljava/lang/Class;I)Ljava/lang/Object; @ 51 c2
Event: 0.357 Thread 0x00000240c8ae0e40 DEOPT PACKING pc=0x00000240d8699ba0 sp=0x000000499cff9fb0
Event: 0.357 Thread 0x00000240c8ae0e40 DEOPT UNPACKING pc=0x00000240d80dd2a2 sp=0x000000499cff9f28 mode 2
Event: 0.358 Thread 0x00000240c8ae0e40 Uncommon trap: trap_request=0xffffffde fr.pc=0x00000240d8699ba0 relative=0x0000000000000120
Event: 0.358 Thread 0x00000240c8ae0e40 Uncommon trap: reason=class_check action=maybe_recompile pc=0x00000240d8699ba0 method=jdk.internal.misc.Unsafe.allocateUninitializedArray(Ljava/lang/Class;I)Ljava/lang/Object; @ 51 c2
Event: 0.358 Thread 0x00000240c8ae0e40 DEOPT PACKING pc=0x00000240d8699ba0 sp=0x000000499cff9fc0
Event: 0.358 Thread 0x00000240c8ae0e40 DEOPT UNPACKING pc=0x00000240d80dd2a2 sp=0x000000499cff9f38 mode 2
Event: 0.358 Thread 0x00000240c8ae0e40 Uncommon trap: trap_request=0xffffffde fr.pc=0x00000240d8699ba0 relative=0x0000000000000120
Event: 0.358 Thread 0x00000240c8ae0e40 Uncommon trap: reason=class_check action=maybe_recompile pc=0x00000240d8699ba0 method=jdk.internal.misc.Unsafe.allocateUninitializedArray(Ljava/lang/Class;I)Ljava/lang/Object; @ 51 c2
Event: 0.358 Thread 0x00000240c8ae0e40 DEOPT PACKING pc=0x00000240d8699ba0 sp=0x000000499cff9fc0
Event: 0.358 Thread 0x00000240c8ae0e40 DEOPT UNPACKING pc=0x00000240d80dd2a2 sp=0x000000499cff9f38 mode 2
Event: 0.428 Thread 0x00000240c8ae0e40 Uncommon trap: trap_request=0xffffff45 fr.pc=0x00000240d86784f4 relative=0x0000000000000174
Event: 0.428 Thread 0x00000240c8ae0e40 Uncommon trap: reason=unstable_if action=reinterpret pc=0x00000240d86784f4 method=java.lang.String.startsWith(Ljava/lang/String;I)Z @ 1 c2
Event: 0.428 Thread 0x00000240c8ae0e40 DEOPT PACKING pc=0x00000240d86784f4 sp=0x000000499cffbcd0
Event: 0.428 Thread 0x00000240c8ae0e40 DEOPT UNPACKING pc=0x00000240d80dd2a2 sp=0x000000499cffbc38 mode 2

Classes loaded (20 events):
Event: 0.491 Loading class java/nio/DirectFloatBufferU
Event: 0.491 Loading class java/nio/DirectFloatBufferU done
Event: 0.491 Loading class java/nio/DirectDoubleBufferU
Event: 0.491 Loading class java/nio/DirectDoubleBufferU done
Event: 0.491 Loading class sun/misc/Unsafe
Event: 0.491 Loading class sun/misc/Unsafe done
Event: 0.491 Loading class java/lang/invoke/DirectMethodHandle$StaticAccessor
Event: 0.491 Loading class java/lang/invoke/DirectMethodHandle$StaticAccessor done
Event: 0.493 Loading class java/util/function/LongPredicate
Event: 0.493 Loading class java/util/function/LongPredicate done
Event: 0.494 Loading class java/lang/foreign/MemorySegment
Event: 0.494 Loading class java/lang/foreign/MemorySegment done
Event: 0.498 Loading class java/nio/InvalidMarkException
Event: 0.498 Loading class java/nio/InvalidMarkException done
Event: 0.498 Loading class java/nio/BufferUnderflowException
Event: 0.498 Loading class java/nio/BufferUnderflowException done
Event: 0.499 Loading class java/lang/IndexOutOfBoundsException
Event: 0.500 Loading class java/lang/IndexOutOfBoundsException done
Event: 0.504 Loading class java/util/Formatter$FixedString
Event: 0.504 Loading class java/util/Formatter$FixedString done

Classes unloaded (0 events):
No events

Classes redefined (0 events):
No events

Internal exceptions (20 events):
Event: 0.367 Thread 0x00000240c8ae0e40 Exception <a 'java/lang/NoSuchMethodError'{0x0000000712266d08}: 'void java.lang.System.loadLibrary(java.lang.String, java.lang.Class)'> (0x0000000712266d08) 
thrown [s\open\src\hotspot\share\interpreter\linkResolver.cpp, line 773]
Event: 0.377 Thread 0x00000240c8ae0e40 Exception <a 'java/lang/NoSuchMethodError'{0x00000007122c93f8}: 'void java.lang.System.load(java.lang.String, java.lang.Class)'> (0x00000007122c93f8) 
thrown [s\open\src\hotspot\share\interpreter\linkResolver.cpp, line 773]
Event: 0.378 Thread 0x00000240c8ae0e40 Exception <a 'java/lang/NoSuchMethodError'{0x00000007122cc2d8}: 'void java.lang.System.loadLibrary(java.lang.String, java.lang.Class)'> (0x00000007122cc2d8) 
thrown [s\open\src\hotspot\share\interpreter\linkResolver.cpp, line 773]
Event: 0.385 Thread 0x00000240c8ae0e40 Exception <a 'sun/nio/fs/WindowsException'{0x0000000712343c58}> (0x0000000712343c58) 
thrown [s\open\src\hotspot\share\prims\jni.cpp, line 519]
Event: 0.418 Thread 0x00000240c8ae0e40 Exception <a 'sun/nio/fs/WindowsException'{0x00000007123e5030}> (0x00000007123e5030) 
thrown [s\open\src\hotspot\share\prims\jni.cpp, line 519]
Event: 0.418 Thread 0x00000240c8ae0e40 Exception <a 'sun/nio/fs/WindowsException'{0x00000007123e5380}> (0x00000007123e5380) 
thrown [s\open\src\hotspot\share\prims\jni.cpp, line 519]
Event: 0.422 Thread 0x00000240c8ae0e40 Exception <a 'sun/nio/fs/WindowsException'{0x000000071204f540}> (0x000000071204f540) 
thrown [s\open\src\hotspot\share\prims\jni.cpp, line 519]
Event: 0.453 Thread 0x00000240c8ae0e40 Exception <a 'sun/nio/fs/WindowsException'{0x00000007120a1f98}> (0x00000007120a1f98) 
thrown [s\open\src\hotspot\share\prims\jni.cpp, line 519]
Event: 0.456 Thread 0x00000240c8ae0e40 Exception <a 'sun/nio/fs/WindowsException'{0x00000007120af120}> (0x00000007120af120) 
thrown [s\open\src\hotspot\share\prims\jni.cpp, line 519]
Event: 0.457 Thread 0x00000240c8ae0e40 Exception <a 'sun/nio/fs/WindowsException'{0x00000007120af4c0}> (0x00000007120af4c0) 
thrown [s\open\src\hotspot\share\prims\jni.cpp, line 519]
Event: 0.459 Thread 0x00000240c8ae0e40 Exception <a 'sun/nio/fs/WindowsException'{0x00000007120b1938}> (0x00000007120b1938) 
thrown [s\open\src\hotspot\share\prims\jni.cpp, line 519]
Event: 0.464 Thread 0x00000240c8ae0e40 Exception <a 'sun/nio/fs/WindowsException'{0x00000007120b8d98}> (0x00000007120b8d98) 
thrown [s\open\src\hotspot\share\prims\jni.cpp, line 519]
Event: 0.465 Thread 0x00000240c8ae0e40 Exception <a 'sun/nio/fs/WindowsException'{0x00000007120ba3f8}> (0x00000007120ba3f8) 
thrown [s\open\src\hotspot\share\prims\jni.cpp, line 519]
Event: 0.465 Thread 0x00000240c8ae0e40 Exception <a 'sun/nio/fs/WindowsException'{0x00000007120ba6c8}> (0x00000007120ba6c8) 
thrown [s\open\src\hotspot\share\prims\jni.cpp, line 519]
Event: 0.493 Thread 0x00000240c8ae0e40 Exception <a 'java/lang/NoSuchMethodError'{0x0000000712108bc8}: 'int java.lang.invoke.DirectMethodHandle$Holder.invokeStaticInit(java.lang.Object, java.lang.Object, int, long)'> (0x0000000712108bc8) 
thrown [s\open\src\hotspot\share\interpreter\linkResolver.cpp, line 773]
Event: 0.494 Thread 0x00000240c8ae0e40 Exception <a 'java/lang/NoSuchMethodError'{0x000000071210e478}: 'java.lang.Object java.lang.invoke.DirectMethodHandle$Holder.newInvokeSpecial(java.lang.Object, java.lang.Object, int)'> (0x000000071210e478) 
thrown [s\open\src\hotspot\share\interpreter\linkResolver.cpp, line 773]
Event: 0.496 Thread 0x00000240c8ae0e40 Exception <a 'java/lang/NoSuchMethodError'{0x000000071211d320}: 'int java.lang.invoke.DirectMethodHandle$Holder.invokeStaticInit(java.lang.Object, java.lang.Object, long, long)'> (0x000000071211d320) 
thrown [s\open\src\hotspot\share\interpreter\linkResolver.cpp, line 773]
Event: 0.496 Thread 0x00000240c8ae0e40 Exception <a 'java/lang/NoSuchMethodError'{0x0000000712123418}: 'java.lang.Object java.lang.invoke.DirectMethodHandle$Holder.newInvokeSpecial(java.lang.Object, java.lang.Object, long)'> (0x0000000712123418) 
thrown [s\open\src\hotspot\share\interpreter\linkResolver.cpp, line 773]
Event: 0.497 Thread 0x00000240c8ae0e40 Exception <a 'java/lang/NoSuchMethodError'{0x0000000712127480}: 'java.lang.Object java.lang.invoke.Invokers$Holder.linkToTargetMethod(java.lang.Object, long, java.lang.Object)'> (0x0000000712127480) 
thrown [s\open\src\hotspot\share\interpreter\linkResolver.cpp, line 773]
Event: 0.497 Thread 0x00000240c8ae0e40 Exception <a 'java/lang/NoSuchMethodError'{0x000000071212e6f8}: 'int java.lang.invoke.DirectMethodHandle$Holder.invokeStaticInit(java.lang.Object, java.lang.Object, java.lang.Object, long)'> (0x000000071212e6f8) 
thrown [s\open\src\hotspot\share\interpreter\linkResolver.cpp, line 773]

VM Operations (8 events):
Event: 0.130 Executing VM operation: HandshakeAllThreads
Event: 0.130 Executing VM operation: HandshakeAllThreads done
Event: 0.245 Executing VM operation: HandshakeAllThreads
Event: 0.245 Executing VM operation: HandshakeAllThreads done
Event: 0.301 Executing VM operation: HandshakeAllThreads
Event: 0.301 Executing VM operation: HandshakeAllThreads done
Event: 0.402 Executing VM operation: HandshakeAllThreads
Event: 0.402 Executing VM operation: HandshakeAllThreads done

Events (14 events):
Event: 0.037 Thread 0x00000240c8ae0e40 Thread added: 0x00000240c8ae0e40
Event: 0.050 Thread 0x00000240e7f3b970 Thread added: 0x00000240e7f3b970
Event: 0.050 Thread 0x00000240e7f3d780 Thread added: 0x00000240e7f3d780
Event: 0.050 Thread 0x00000240e7f3e7e0 Thread added: 0x00000240e7f3e7e0
Event: 0.050 Thread 0x00000240ec8035c0 Thread added: 0x00000240ec8035c0
Event: 0.050 Thread 0x00000240ec804240 Thread added: 0x00000240ec804240
Event: 0.051 Thread 0x00000240ec805620 Thread added: 0x00000240ec805620
Event: 0.051 Thread 0x00000240ec80a8c0 Thread added: 0x00000240ec80a8c0
Event: 0.051 Thread 0x00000240ec80b8b0 Thread added: 0x00000240ec80b8b0
Event: 0.088 Thread 0x00000240ec8db620 Thread added: 0x00000240ec8db620
Event: 0.119 Thread 0x00000240ec9842f0 Thread added: 0x00000240ec9842f0
Event: 0.139 Thread 0x00000240eca4f220 Thread added: 0x00000240eca4f220
Event: 0.298 Thread 0x00000240ecf90f40 Thread added: 0x00000240ecf90f40
Event: 0.298 Thread 0x00000240ed00efe0 Thread added: 0x00000240ed00efe0


Dynamic libraries:
0x00007ff6a1460000 - 0x00007ff6a146e000 	C:\Users\stas2\.jdks\openjdk-20.0.2-1\bin\java.exe
0x00007ffdb1530000 - 0x00007ffdb1747000 	C:\Windows\SYSTEM32\ntdll.dll
0x00007ffdaf4d0000 - 0x00007ffdaf594000 	C:\Windows\System32\KERNEL32.DLL
0x00007ffdaeda0000 - 0x00007ffdaf171000 	C:\Windows\System32\KERNELBASE.dll
0x00007ffdae670000 - 0x00007ffdae781000 	C:\Windows\System32\ucrtbase.dll
0x00007ffd96d90000 - 0x00007ffd96da7000 	C:\Users\stas2\.jdks\openjdk-20.0.2-1\bin\jli.dll
0x00007ffd97ef0000 - 0x00007ffd97f0b000 	C:\Users\stas2\.jdks\openjdk-20.0.2-1\bin\VCRUNTIME140.dll
0x00007ffdaf830000 - 0x00007ffdaf9e1000 	C:\Windows\System32\USER32.dll
0x00007ffdae860000 - 0x00007ffdae886000 	C:\Windows\System32\win32u.dll
0x00007ffd8c1d0000 - 0x00007ffd8c462000 	C:\Windows\WinSxS\amd64_microsoft.windows.common-controls_6595b64144ccf1df_6.0.22621.4830_none_270fe7d773858e80\COMCTL32.dll
0x00007ffdaf200000 - 0x00007ffdaf229000 	C:\Windows\System32\GDI32.dll
0x00007ffdb0490000 - 0x00007ffdb0537000 	C:\Windows\System32\msvcrt.dll
0x00007ffdae9d0000 - 0x00007ffdaeaeb000 	C:\Windows\System32\gdi32full.dll
0x00007ffdae7c0000 - 0x00007ffdae85a000 	C:\Windows\System32\msvcp_win.dll
0x00007ffdafd30000 - 0x00007ffdafd61000 	C:\Windows\System32\IMM32.DLL
0x00007ffd96d80000 - 0x00007ffd96d8c000 	C:\Users\stas2\.jdks\openjdk-20.0.2-1\bin\vcruntime140_1.dll
0x00007ffd7d3b0000 - 0x00007ffd7d43e000 	C:\Users\stas2\.jdks\openjdk-20.0.2-1\bin\msvcp140.dll
0x00007ffca2760000 - 0x00007ffca33f8000 	C:\Users\stas2\.jdks\openjdk-20.0.2-1\bin\server\jvm.dll
0x00007ffdb0af0000 - 0x00007ffdb0ba1000 	C:\Windows\System32\ADVAPI32.dll
0x00007ffdb09e0000 - 0x00007ffdb0a87000 	C:\Windows\System32\sechost.dll
0x00007ffdae790000 - 0x00007ffdae7b8000 	C:\Windows\System32\bcrypt.dll
0x00007ffdb0200000 - 0x00007ffdb0314000 	C:\Windows\System32\RPCRT4.dll
0x00007ffd68240000 - 0x00007ffd68249000 	C:\Windows\SYSTEM32\WSOCK32.dll
0x00007ffda7c70000 - 0x00007ffda7c7a000 	C:\Windows\SYSTEM32\VERSION.dll
0x00007ffda59d0000 - 0x00007ffda5a04000 	C:\Windows\SYSTEM32\WINMM.dll
0x00007ffdaf230000 - 0x00007ffdaf2a1000 	C:\Windows\System32\WS2_32.dll
0x00007ffdad7b0000 - 0x00007ffdad7c8000 	C:\Windows\SYSTEM32\kernel.appcore.dll
0x00007ffd96680000 - 0x00007ffd9668a000 	C:\Users\stas2\.jdks\openjdk-20.0.2-1\bin\jimage.dll
0x00007ffdac100000 - 0x00007ffdac332000 	C:\Windows\SYSTEM32\DBGHELP.DLL
0x00007ffdb0650000 - 0x00007ffdb09e0000 	C:\Windows\System32\combase.dll
0x00007ffdb03a0000 - 0x00007ffdb0477000 	C:\Windows\System32\OLEAUT32.dll
0x00007ffd94c50000 - 0x00007ffd94c82000 	C:\Windows\SYSTEM32\dbgcore.DLL
0x00007ffdaf180000 - 0x00007ffdaf1fb000 	C:\Windows\System32\bcryptPrimitives.dll
0x00007ffda88b0000 - 0x00007ffda88be000 	C:\Users\stas2\.jdks\openjdk-20.0.2-1\bin\instrument.dll
0x00007ffd7e200000 - 0x00007ffd7e226000 	C:\Users\stas2\.jdks\openjdk-20.0.2-1\bin\java.dll
0x00007ffd7bd20000 - 0x00007ffd7bdf7000 	C:\Users\stas2\.jdks\openjdk-20.0.2-1\bin\jsvml.dll
0x00007ffdb0bd0000 - 0x00007ffdb1458000 	C:\Windows\System32\SHELL32.dll
0x00007ffdae890000 - 0x00007ffdae9cf000 	C:\Windows\System32\wintypes.dll
0x00007ffdac590000 - 0x00007ffdace9d000 	C:\Windows\SYSTEM32\windows.storage.dll
0x00007ffdaf9f0000 - 0x00007ffdafafa000 	C:\Windows\System32\SHCORE.dll
0x00007ffdb0a90000 - 0x00007ffdb0aee000 	C:\Windows\System32\shlwapi.dll
0x00007ffdae5a0000 - 0x00007ffdae5cb000 	C:\Windows\SYSTEM32\profapi.dll
0x00007ffd8a2e0000 - 0x00007ffd8a2f3000 	C:\Users\stas2\.jdks\openjdk-20.0.2-1\bin\net.dll
0x00007ffda7a70000 - 0x00007ffda7b9c000 	C:\Windows\SYSTEM32\WINHTTP.dll
0x00007ffdadc20000 - 0x00007ffdadc8a000 	C:\Windows\system32\mswsock.dll
0x00007ffd7e1e0000 - 0x00007ffd7e1f6000 	C:\Users\stas2\.jdks\openjdk-20.0.2-1\bin\nio.dll
0x00007ffd7e1c0000 - 0x00007ffd7e1d8000 	C:\Users\stas2\.jdks\openjdk-20.0.2-1\bin\zip.dll
0x00007ffd98380000 - 0x00007ffd9839a000 	C:\IntelliJ IDEA Community Edition 2021.3.2\IntelliJ IDEA Community Edition 2023.2.1\bin\breakgen64.dll
0x00007ffd7e6c0000 - 0x00007ffd7e73b000 	C:\Users\stas2\AppData\Local\Temp\lwjgl_stas2\3.3.4+7\x64\lwjgl.dll
0x00007ffd7d8b0000 - 0x00007ffd7d911000 	C:\Users\stas2\AppData\Local\Temp\lwjgl_stas2\3.3.4+7\x64\lwjgl_opengl.dll
0x00007ffd8bda0000 - 0x00007ffd8bea0000 	C:\Windows\SYSTEM32\opengl32.dll
0x00007ffd96a30000 - 0x00007ffd96a5d000 	C:\Windows\SYSTEM32\GLU32.dll
0x00007ffdab8f0000 - 0x00007ffdab927000 	C:\Windows\SYSTEM32\dxcore.dll

dbghelp: loaded successfully - version: 4.0.5 - missing functions: none
symbol engine: initialized successfully - sym options: 0x614 - pdb path: .;C:\Users\stas2\.jdks\openjdk-20.0.2-1\bin;C:\Windows\SYSTEM32;C:\Windows\WinSxS\amd64_microsoft.windows.common-controls_6595b64144ccf1df_6.0.22621.4830_none_270fe7d773858e80;C:\Users\stas2\.jdks\openjdk-20.0.2-1\bin\server;C:\IntelliJ IDEA Community Edition 2021.3.2\IntelliJ IDEA Community Edition 2023.2.1\bin;C:\Users\stas2\AppData\Local\Temp\lwjgl_stas2\3.3.4+7\x64

VM Arguments:
jvm_args: -javaagent:C:\IntelliJ IDEA Community Edition 2021.3.2\IntelliJ IDEA Community Edition 2023.2.1\lib\idea_rt.jar=61566:C:\IntelliJ IDEA Community Edition 2021.3.2\IntelliJ IDEA Community Edition 2023.2.1\bin -Dfile.encoding=windows-1252 -Dsun.stdout.encoding=windows-1252 -Dsun.stderr.encoding=windows-1252 --module-path=C:\Users\stas2\.m2\repository\com\fasterxml\jackson\core\jackson-annotations\2.12.1\jackson-annotations-2.12.1.jar;C:\Users\stas2\.m2\repository\org\joml\joml\1.10.7\joml-1.10.7.jar;C:\Users\stas2\.m2\repository\com\fasterxml\jackson\core\jackson-databind\2.12.1\jackson-databind-2.12.1.jar;C:\Users\stas2\.m2\repository\com\gluonhq\attach\storage\4.0.13\storage-4.0.13.jar;C:\Users\stas2\.m2\repository\com\github\almasb\fxgl-gameplay\17.2\fxgl-gameplay-17.2.jar;C:\Users\stas2\.m2\repository\com\github\almasb\fxgl-scene\17.2\fxgl-scene-17.2.jar;C:\Users\stas2\.m2\repository\org\jetbrains\kotlin\kotlin-stdlib\1.6.0\kotlin-stdlib-1.6.0-modular.jar;C:\Users\stas2\.m2\repository\com\fasterxml\jackson\core\jackson-core\2.12.1\jackson-core-2.12.1.jar;C:\Users\stas2\.m2\repository\com\github\almasb\fxgl-entity\17.2\fxgl-entity-17.2.jar;C:\Users\stas2\.m2\repository\com\gluonhq\attach\util\4.0.13\util-4.0.13.jar;C:\Users\stas2\.m2\repository\org\lwjgl\lwjgl\3.3.4\lwjgl-3.3.4.jar;C:\Users\stas2\.m2\repository\org\openjfx\javafx-fxml\20.0.1\javafx-fxml-20.0.1-win.jar;C:\Users\stas2\.m2\repository\com\github\almasb\fxgl-io\17.2\fxgl-io-17.2.jar;C:\Users\stas2\.m2\repository\org\openjfx\javafx-controls\20.0.1\javafx-controls-20.0.1-win.jar;C:\Users\stas2\.m2\repository\com\gluonhq\attach\audio\4.0.13\audio-4.0.13.jar;C:\Users\stas2\.m2\repository\org\lwjgl\lwjgl-opengl\3.3.4\lwjgl-opengl-3.3.4.jar;O:\GIt\MultiplayerShooter\target\classes;C:\Users\stas2\.m2\repository\org\lwjgl\lwjgl-glfw\3.3.4\lwjgl-glfw-3.3.4.jar;C:\Users\stas2\.m2\repository\org\lwjgl\lwjgl-vulkan\3.3.4\lwjgl-vulkan-3.3.4.jar;C:\Users\stas2\.m2\repository\com\github\almasb\fxgl\17.2\fxgl-17.2.jar;C:\Users\stas2\.m2\repository\org\openjfx\javafx-media\20.0.1\javafx-media-20.0.1-win.jar;C:\Users\stas2\.m2\repository\com\gluonhq\attach\lifecycle\4.0.13\lifecycle-4.0.13.jar;C:\Users\stas2\.m2\repository\org\joml\joml-primitives\1.10.0\joml-primitives-1.10.0.jar;C:\Users\stas2\.m2\repository\org\openjf-Djdk.module.main=com.bedrye.multiplayershooter 
java_command: com.bedrye.multiplayershooter/com.bedrye.bjge.GameEngine.TestMain
java_class_path (initial): C:\Users\stas2\.m2\repository\org\openjfx\javafx-controls\20.0.1\javafx-controls-20.0.1.jar;C:\Users\stas2\.m2\repository\org\openjfx\javafx-graphics\20.0.1\javafx-graphics-20.0.1.jar;C:\Users\stas2\.m2\repository\org\openjfx\javafx-base\20.0.1\javafx-base-20.0.1.jar;C:\Users\stas2\.m2\repository\org\openjfx\javafx-fxml\20.0.1\javafx-fxml-20.0.1.jar;C:\Users\stas2\.m2\repository\org\openjfx\javafx-media\20.0.1\javafx-media-20.0.1.jar;C:\Users\stas2\.m2\repository\org\jetbrains\annotations\13.0\annotations-13.0.jar;C:\Users\stas2\.m2\repository\org\jetbrains\kotlin\kotlin-stdlib-common\1.6.0\kotlin-stdlib-common-1.6.0.jar;C:\Users\stas2\.m2\repository\org\lwjgl\lwjgl-assimp\3.3.4\lwjgl-assimp-3.3.4.jar;C:\Users\stas2\.m2\repository\org\lwjgl\lwjgl-bgfx\3.3.4\lwjgl-bgfx-3.3.4.jar;C:\Users\stas2\.m2\repository\org\lwjgl\lwjgl-nanovg\3.3.4\lwjgl-nanovg-3.3.4.jar;C:\Users\stas2\.m2\repository\org\lwjgl\lwjgl-nuklear\3.3.4\lwjgl-nuklear-3.3.4.jar;C:\Users\stas2\.m2\repository\org\lwjgl\lwjgl-openal\3.3.4\lwjgl-openal-3.3.4.jar;C:\Users\stas2\.m2\repository\org\lwjgl\lwjgl-par\3.3.4\lwjgl-par-3.3.4.jar;C:\Users\stas2\.m2\repository\org\lwjgl\lwjgl\3.3.4\lwjgl-3.3.4-natives-windows.jar;C:\Users\stas2\.m2\repository\org\lwjgl\lwjgl-assimp\3.3.4\lwjgl-assimp-3.3.4-natives-windows.jar;C:\Users\stas2\.m2\repository\org\lwjgl\lwjgl-bgfx\3.3.4\lwjgl-bgfx-3.3.4-natives-windows.jar;C:\Users\stas2\.m2\repository\org\lwjgl\lwjgl-glfw\3.3.4\lwjgl-glfw-3.3.4-natives-windows.jar;C:\Users\stas2\.m2\repository\org\lwjgl\lwjgl-nanovg\3.3.4\lwjgl-nanovg-3.3.4-natives-windows.jar;C:\Users\stas2\.m2\repository\org\lwjgl\lwjgl-nuklear\3.3.4\lwjgl-nuklear-3.3.4-natives-windows.jar;C:\Users\stas2\.m2\repository\org\lwjgl\lwjgl-openal\3.3.4\lwjgl-openal-3.3.4-natives-windows.jar;C:\Users\stas2\.m2\repository\org\lwjgl\lwjgl-opengl\3.3.4\lwjgl-opengl-3.3.4-natives-windows.jar;C:\Users\stas2\.m2\repository\org\lwjgl\lwjgl-par\3.3.4\lwjgl-par-3.3.4-natives-windows.jar;C:\Users\stas2\.m2\repository\org\lwjgl\lwjgl-stb\3.3.4\lwjgl-stb-3.3.4-natives-windows.jar
Launcher Type: SUN_STANDARD

[Global flags]
     intx CICompilerCount                          = 4                                         {product} {ergonomic}
     uint ConcGCThreads                            = 3                                         {product} {ergonomic}
     uint G1ConcRefinementThreads                  = 10                                        {product} {ergonomic}
   size_t G1HeapRegionSize                         = 2097152                                   {product} {ergonomic}
    uintx GCDrainStackTargetSize                   = 64                                        {product} {ergonomic}
   size_t InitialHeapSize                          = 266338304                                 {product} {ergonomic}
   size_t MarkStackSize                            = 4194304                                   {product} {ergonomic}
   size_t MaxHeapSize                              = 4238344192                                {product} {ergonomic}
   size_t MaxNewSize                               = 2541748224                                {product} {ergonomic}
   size_t MinHeapDeltaBytes                        = 2097152                                   {product} {ergonomic}
   size_t MinHeapSize                              = 8388608                                   {product} {ergonomic}
    uintx NonNMethodCodeHeapSize                   = 5839372                                {pd product} {ergonomic}
    uintx NonProfiledCodeHeapSize                  = 122909434                              {pd product} {ergonomic}
    uintx ProfiledCodeHeapSize                     = 122909434                              {pd product} {ergonomic}
    uintx ReservedCodeCacheSize                    = 251658240                              {pd product} {ergonomic}
     bool SegmentedCodeCache                       = true                                      {product} {ergonomic}
   size_t SoftMaxHeapSize                          = 4238344192                             {manageable} {ergonomic}
     bool UseCompressedClassPointers               = true                           {product lp64_product} {ergonomic}
     bool UseCompressedOops                        = true                           {product lp64_product} {ergonomic}
     bool UseG1GC                                  = true                                      {product} {ergonomic}
     bool UseLargePagesIndividualAllocation        = false                                  {pd product} {ergonomic}

Logging:
Log output configuration:
 #0: stdout all=warning uptime,level,tags foldmultilines=false
 #1: stderr all=off uptime,level,tags foldmultilines=false

Environment Variables:
JAVA_HOME=C:\Program Files\Java\jdk-11.0.2
PATH=C:\Program Files\NVIDIA GPU Computing Toolkit\CUDA\v12.6\bin;C:\Program Files\NVIDIA GPU Computing Toolkit\CUDA\v12.6\libnvvp;C:\Program Files\Common Files\Oracle\Java\javapath;C:\Windows\system32;C:\Windows;C:\Program Files\Java\jdk-11.0.2\bin;C:\Windows\System32\Wbem;C:\ORacleDatabase\dbhomeXE\bin;C:\Windows\System32\WindowsPowerShell\v1.0\;C:\Windows\System32\OpenSSH\;C:\Program Files (x86)\NVIDIA Corporation\PhysX\Common;C:\Program Files\NVIDIA Corporation\NVIDIA NvDLISR;C:\Program Files\Docker\Docker\resources\bin;C:\Program Files\Git LFS;C:\Program Files\Git\cmd;C:\Program Files (x86)\Windows Kits\10\Windows Performance Toolkit\;C:\Program Files (x86)\Steam\steamapps\common\Counter-Strike Global Offensive\game\bin\win64;C:\Users\stas2\AppData\Local\Programs\Python\Python311;C:\Program Files\dotnet\;C:\Program Files\Microsoft SQL Server\150\Tools\Binn\;C:\Program Files\Microsoft SQL Server\Client SDK\ODBC\170\Tools\Binn\;C:\Program Files\NVIDIA Corporation\Nsight Compute 2024.3.2\;C:\Program Files (x86)\Microsoft SQL Server\160\Tools\Binn\;C:\Program Files\Microsoft SQL Server\160\Tools\Binn\;C:\Program Files\Microsoft SQL Server\160\DTS\Binn\;C:\Program Files (x86)\Microsoft SQL Server\160\DTS\Binn\;C:\Users\stas2\AppData\Local\Microsoft\WindowsApps;C:\Users\stas2\AppData\Local\Programs\Microsoft VS Code\bin;C:\Users\stas2\AppData\Local\GitHubDesktop\bin;C:\Users\stas2\AppData\Local\Programs\Python\Python311;C:\Program Files (x86)\Steam\steamapps\common\Counter-Strike Global Offensive\game\bin\win64;C:\Users\stas2\.dotnet\tools;C:\Users\stas2\AppData\Local\Muse Hub\lib
USERNAME=stas2
OS=Windows_NT
PROCESSOR_IDENTIFIER=Intel64 Family 6 Model 141 Stepping 1, GenuineIntel
TMP=C:\Users\stas2\AppData\Local\Temp
TEMP=C:\Users\stas2\AppData\Local\Temp




---------------  S Y S T E M  ---------------

OS:
 Windows 11 , 64 bit Build 22621 (10.0.22621.4974)
OS uptime: 1 days 18:38 hours
Hyper-V role detected

CPU: total 12 (initial active 12) (6 cores per cpu, 2 threads per core) family 6 model 141 stepping 1 microcode 0x3c, cx8, cmov, fxsr, ht, mmx, 3dnowpref, sse, sse2, sse3, ssse3, sse4.1, sse4.2, popcnt, lzcnt, tsc, tscinvbit, avx, avx2, aes, erms, clmul, bmi1, bmi2, adx, avx512f, avx512dq, avx512cd, avx512bw, avx512vl, sha, fma, vzeroupper, avx512_vpopcntdq, avx512_vpclmulqdq, avx512_vaes, avx512_vnni, clflush, clflushopt, clwb, avx512_vbmi2, avx512_vbmi, hv, rdtscp, rdpid, fsrm, gfni, avx512_bitalg, f16c, cet_ibt, cet_ss, avx512_ifma

Memory: 4k page, system-wide physical 16163M (3803M free)
TotalPageFile size 36643M (AvailPageFile size 14493M)
current process WorkingSet (physical memory assigned to process): 70M, peak: 70M
current process commit charge ("private bytes"): 357M, peak: 357M

vm_info: OpenJDK 64-Bit Server VM (20.0.2+9-78) for windows-amd64 JRE (20.0.2+9-78), built on 2023-06-14T10:08:48Z by "mach5one" with MS VC++ 17.1 (VS2022)

END.
