#
# A fatal error has been detected by the Java Runtime Environment:
#
#  EXCEPTION_ACCESS_VIOLATION (0xc0000005) at pc=0x00007ff9237d366c, pid=11512, tid=13660
#
# JRE version: OpenJDK Runtime Environment (20.0.2+9) (build 20.0.2+9-78)
# Java VM: OpenJDK 64-Bit Server VM (20.0.2+9-78, mixed mode, sharing, tiered, compressed oops, compressed class ptrs, g1 gc, windows-amd64)
# Problematic frame:
# C  [igxelpicd64.dll+0x13366c]
#
# No core dump will be written. Minidumps are not enabled by default on client versions of Windows
#
# If you would like to submit a bug report, please visit:
#   https://bugreport.java.com/bugreport/crash.jsp
#

---------------  S U M M A R Y ------------

Command Line: -javaagent:C:\IntelliJ IDEA Community Edition 2021.3.2\IntelliJ IDEA Community Edition 2023.2.1\lib\idea_rt.jar=54824:C:\IntelliJ IDEA Community Edition 2021.3.2\IntelliJ IDEA Community Edition 2023.2.1\bin -Dfile.encoding=windows-1252 -Dsun.stdout.encoding=windows-1252 -Dsun.stderr.encoding=windows-1252 --module-path=C:\Users\stas2\.m2\repository\org\lwjgl\lwjgl-stb\3.3.4\lwjgl-stb-3.3.4.jar;C:\Users\stas2\.m2\repository\org\joml\joml-primitives\1.10.0\joml-primitives-1.10.0.jar;O:\GIt\MultiplayerShooter\target\classes;C:\Users\stas2\.m2\repository\org\lwjgl\lwjgl\3.3.4\lwjgl-3.3.4.jar;C:\Users\stas2\.m2\repository\org\lwjgl\lwjgl-vulkan\3.3.4\lwjgl-vulkan-3.3.4.jar;C:\Users\stas2\.m2\repository\org\lwjgl\lwjgl-opengl\3.3.4\lwjgl-opengl-3.3.4.jar;C:\Users\stas2\.m2\repository\org\lwjgl\lwjgl-glfw\3.3.4\lwjgl-glfw-3.3.4.jar;C:\Users\stas2\.m2\repository\org\lwjgl\lwjgl-assimp\3.3.4\lwjgl-assimp-3.3.4.jar;C:\Users\stas2\.m2\repository\org\joml\joml\1.10.7\joml-1.10.7.jar -Djdk.module.main=com.bedrye.multiplayershooter com.bedrye.multiplayershooter/com.bedrye.bjge.GameEngine.TestMain

Host: 11th Gen Intel(R) Core(TM) i5-11400H @ 2.70GHz, 12 cores, 15G,  Windows 11 , 64 bit Build 26100 (10.0.26100.4484)
Time: Mon Jul 14 13:03:39 2025 FLE Summer Time elapsed time: 14.593455 seconds (0d 0h 0m 14s)

---------------  T H R E A D  ---------------

Current thread (0x000001e33a7ba040):  VMThread "VM Thread" [stack: 0x0000006818300000,0x0000006818400000] [id=13660]

Stack: [0x0000006818300000,0x0000006818400000],  sp=0x00000068183fe720,  free space=1017k
Native frames: (J=compiled Java code, j=interpreted, Vv=VM code, C=native code)
C  [igxelpicd64.dll+0x13366c]


siginfo: EXCEPTION_ACCESS_VIOLATION (0xc0000005), reading address 0x00000000000356f8


Registers:
RAX=0x000001e3078b2658, RBX=0x000001e3078b2550, RCX=0x0000000000000000, RDX=0x0000000000000000
RSP=0x00000068183fe720, RBP=0x0000000000000000, RSI=0x000001e3078b2b20, RDI=0x000001e37cd8a4b0
R8 =0x0000000000000014, R9 =0x00000068178a2000, R10=0x0000000000000000, R11=0x0000000000000000
R12=0x0000000000000000, R13=0x000001e30743a2b0, R14=0x0000000000065a00, R15=0x0000000000000016
RIP=0x00007ff9237d366c, EFLAGS=0x0000000000010202


Register to memory mapping:

RIP=0x00007ff9237d366c igxelpicd64.dll
RAX=0x000001e3078b2658 points into unknown readable memory: 0x000000000006523b | 3b 52 06 00 00 00 00 00
RBX=0x000001e3078b2550 points into unknown readable memory: 0x000001e37cb94bd0 | d0 4b b9 7c e3 01 00 00
RCX=0x0 is NULL
RDX=0x0 is NULL
RSP=0x00000068183fe720 points into unknown readable memory: 0x000001e37cb527f0 | f0 27 b5 7c e3 01 00 00
RBP=0x0 is NULL
RSI=0x000001e3078b2b20 points into unknown readable memory: 0x000001e30743a2b0 | b0 a2 43 07 e3 01 00 00
RDI=0x000001e37cd8a4b0 points into unknown readable memory: 0x000001e37cffea00 | 00 ea ff 7c e3 01 00 00
R8 =0x0000000000000014 is an unknown value
R9 =0x00000068178a2000 points into unknown readable memory: 0x0000000000000000 | 00 00 00 00 00 00 00 00
R10=0x0 is NULL
R11=0x0 is NULL
R12=0x0 is NULL
R13=0x000001e30743a2b0 points into unknown readable memory: 0x000001e37cb94bd0 | d0 4b b9 7c e3 01 00 00
R14=0x0000000000065a00 is an unknown value
R15=0x0000000000000016 is an unknown value


Top of Stack: (sp=0x00000068183fe720)
0x00000068183fe720:   000001e37cb527f0 0000000000000000
0x00000068183fe730:   000001e3070604c0 00007ff9d5c65df4
0x00000068183fe740:   000001e3070604c0 00007ff9236e5db3
0x00000068183fe750:   000000007a000004 0000000000000000
0x00000068183fe760:   000001e307054ef8 0000000000065a1f
0x00000068183fe770:   0000000000000000 0000000000000010
0x00000068183fe780:   0000000000000000 0000000000000000
0x00000068183fe790:   00000068183fe8a0 00007ff92394bc3c
0x00000068183fe7a0:   000001e37cb527f0 000001e37cd8a4b0
0x00000068183fe7b0:   000001e307054b00 000001e307020000
0x00000068183fe7c0:   0000006800000844 0000b80219600000
0x00000068183fe7d0:   0000000000000000 02f761b1033f55b1
0x00000068183fe7e0:   029d98b100000028 0000800400112000
0x00000068183fe7f0:   02894db202dce9b1 02c0ccb203619ab2
0x00000068183fe800:   024852b4022073b3 00007ff9239419a0
0x00000068183fe810:   02bfc7b500000000 03448bb6021707b6
0x00000068183fe820:   0000000000000000 0000000000000000
0x00000068183fe830:   02f5e30000000000 0000000000000000
0x00000068183fe840:   0000000000000000 00007ff923723cdf
0x00000068183fe850:   0000b80219600000 0000000000000844
0x00000068183fe860:   0000000000000000 4000188000000001
0x00000068183fe870:   0000000000000000 0000000000000000
0x00000068183fe880:   0000000000000000 0000000000000000
0x00000068183fe890:   0000000000000000 0000000000000000
0x00000068183fe8a0:   0000000000000000 0000000000000000
0x00000068183fe8b0:   0000000000000000 0000000000000000
0x00000068183fe8c0:   0000000000000000 0000000000000000
0x00000068183fe8d0:   0000000000000000 0000000000000000
0x00000068183fe8e0:   0000000000000000 0000000000000000
0x00000068183fe8f0:   0000000000000000 0000000000000000
0x00000068183fe900:   0000000000000000 0000000000000000
0x00000068183fe910:   0000000000000000 0000000000000000 

Instructions: (pc=0x00007ff9237d366c)
0x00007ff9237d356c:   ec 40 45 8a e1 48 8b fa 48 8b e9 48 8b 1d 42 08
0x00007ff9237d357c:   e0 00 48 89 58 08 48 8b cb ff 15 85 5b 9a 00 90
0x00007ff9237d358c:   4c 8b af 78 02 00 00 48 8b 05 c6 e4 cf 00 44 8b
0x00007ff9237d359c:   b8 40 0b 00 00 45 33 db 45 8a f3 4c 89 9f 78 02
0x00007ff9237d35ac:   00 00 44 89 9f 80 02 00 00 4c 89 9f 98 02 00 00
0x00007ff9237d35bc:   4c 89 9f 88 02 00 00 48 85 ed 75 38 8b 35 4a e2
0x00007ff9237d35cc:   df 00 65 48 8b 04 25 58 00 00 00 b9 14 00 00 00
0x00007ff9237d35dc:   48 8b 04 f0 44 38 1c 01 0f 84 9d da 86 00 65 48
0x00007ff9237d35ec:   8b 04 25 58 00 00 00 bd 20 00 00 00 48 8b 04 f0
0x00007ff9237d35fc:   48 8b 2c 28 48 3b 2d 39 07 e0 00 45 0f 44 fb 4d
0x00007ff9237d360c:   85 ed 0f 84 21 01 00 00 44 8a a4 24 90 00 00 00
0x00007ff9237d361c:   49 8b dd 49 8d b5 d0 05 00 00 4c 8b 2e 45 84 e4
0x00007ff9237d362c:   0f 85 2a 03 00 00 8b 97 c8 01 00 00 48 8b 05 21
0x00007ff9237d363c:   e4 cf 00 83 b8 78 03 00 00 02 75 31 83 fa 10 0f
0x00007ff9237d364c:   83 20 01 00 00 48 8d 04 d5 21 00 00 00 48 03 c2
0x00007ff9237d365c:   48 8d 04 c3 48 85 c0 0f 85 ff 00 00 00 49 8b cb
0x00007ff9237d366c:   48 3b 8d f8 56 03 00 0f 87 f3 02 00 00 4c 39 9b
0x00007ff9237d367c:   48 06 00 00 0f 85 41 da 86 00 44 8b 97 c8 01 00
0x00007ff9237d368c:   00 48 8b 87 e0 01 00 00 4c 8b 08 8b 97 c8 01 00
0x00007ff9237d369c:   00 83 fa 10 0f 83 03 01 00 00 48 8d 04 d5 21 00
0x00007ff9237d36ac:   00 00 48 03 c2 48 8d 04 c3 48 85 c0 0f 85 e2 00
0x00007ff9237d36bc:   00 00 49 8b cb 49 3b c9 0f 86 0e 01 00 00 48 8b
0x00007ff9237d36cc:   87 78 02 00 00 48 89 06 48 89 9f 78 02 00 00 ff
0x00007ff9237d36dc:   87 80 02 00 00 48 8b 43 08 48 8b 88 18 01 00 00
0x00007ff9237d36ec:   48 81 e1 00 00 ff ff 48 81 c1 00 00 01 00 48 01
0x00007ff9237d36fc:   8f 88 02 00 00 48 8b 43 08 48 8b 88 18 01 00 00
0x00007ff9237d370c:   48 01 8f 98 02 00 00 4d 85 ed 0f 85 00 ff ff ff
0x00007ff9237d371c:   45 84 f6 44 8a a4 24 98 00 00 00 0f 85 82 03 00
0x00007ff9237d372c:   00 48 8b 9c 24 80 00 00 00 48 8b cf 45 84 e4 0f
0x00007ff9237d373c:   85 8a 03 00 00 e8 fa f9 ff ff 90 48 8b cb 48 8b
0x00007ff9237d374c:   9c 24 88 00 00 00 48 83 c4 40 41 5f 41 5e 41 5d
0x00007ff9237d375c:   41 5c 5f 5e 5d 48 ff 25 b0 59 9a 00 48 8b 48 08 


Stack slot to memory mapping:
stack at sp + 0 slots: 0x000001e37cb527f0 points into unknown readable memory: 0xffffffffffffffff | ff ff ff ff ff ff ff ff
stack at sp + 1 slots: 0x0 is NULL
stack at sp + 2 slots: 0x000001e3070604c0 points into unknown readable memory: 0x0000000000000001 | 01 00 00 00 00 00 00 00
stack at sp + 3 slots: 0x00007ff9d5c65df4 ntdll.dll
stack at sp + 4 slots: 0x000001e3070604c0 points into unknown readable memory: 0x0000000000000001 | 01 00 00 00 00 00 00 00
stack at sp + 5 slots: 0x00007ff9236e5db3 igxelpicd64.dll
stack at sp + 6 slots: 0x000000007a000004 is an unknown value
stack at sp + 7 slots: 0x0 is NULL

VM_Operation (0x0000006818dff360): Exit, mode: safepoint, requested by thread 0x000001e37c401b60


---------------  P R O C E S S  ---------------

Threads class SMR info:
_java_thread_list=0x000001e3075f4510, length=13, elements={
0x000001e3196938c0, 0x000001e33a7e2bd0, 0x000001e33a7e39a0, 0x000001e33a7e69e0,
0x000001e33a7eab40, 0x000001e37c402b50, 0x000001e37c401610, 0x000001e33a7ed390,
0x000001e33a7ee320, 0x000001e37c400620, 0x000001e37c400b70, 0x000001e37c4010c0,
0x000001e37c401b60
}

Java Threads: ( => current thread )
  0x000001e3196938c0 JavaThread "main" [_thread_blocked, id=27064, stack(0x0000006817d00000,0x0000006817e00000)]
  0x000001e33a7e2bd0 JavaThread "Reference Handler" daemon [_thread_blocked, id=26020, stack(0x0000006818400000,0x0000006818500000)]
  0x000001e33a7e39a0 JavaThread "Finalizer" daemon [_thread_blocked, id=20428, stack(0x0000006818500000,0x0000006818600000)]
  0x000001e33a7e69e0 JavaThread "Signal Dispatcher" daemon [_thread_blocked, id=30484, stack(0x0000006818600000,0x0000006818700000)]
  0x000001e33a7eab40 JavaThread "Attach Listener" daemon [_thread_blocked, id=13536, stack(0x0000006818700000,0x0000006818800000)]
  0x000001e37c402b50 JavaThread "Service Thread" daemon [_thread_blocked, id=32292, stack(0x0000006818800000,0x0000006818900000)]
  0x000001e37c401610 JavaThread "Monitor Deflation Thread" daemon [_thread_blocked, id=14640, stack(0x0000006818900000,0x0000006818a00000)]
  0x000001e33a7ed390 JavaThread "C2 CompilerThread0" daemon [_thread_blocked, id=29880, stack(0x0000006818a00000,0x0000006818b00000)]
  0x000001e33a7ee320 JavaThread "C1 CompilerThread0" daemon [_thread_blocked, id=34080, stack(0x0000006818b00000,0x0000006818c00000)]
  0x000001e37c400620 JavaThread "Common-Cleaner" daemon [_thread_blocked, id=20208, stack(0x0000006818c00000,0x0000006818d00000)]
  0x000001e37c400b70 JavaThread "Monitor Ctrl-Break" daemon [_thread_in_native, id=8636, stack(0x0000006818f00000,0x0000006819000000)]
  0x000001e37c4010c0 JavaThread "Notification Thread" daemon [_thread_blocked, id=812, stack(0x0000006819000000,0x0000006819100000)]
  0x000001e37c401b60 JavaThread "SIGINT handler" daemon [_thread_blocked, id=25784, stack(0x0000006818d00000,0x0000006818e00000)]

Other Threads:
=>0x000001e33a7ba040 VMThread "VM Thread" [stack: 0x0000006818300000,0x0000006818400000] [id=13660]
  0x000001e319704de0 WorkerThread "GC Thread#0" [stack: 0x0000006817e00000,0x0000006817f00000] [id=26820]
  0x000001e30741bba0 WorkerThread "GC Thread#1" [stack: 0x0000006819700000,0x0000006819800000] [id=13052]
  0x000001e30741c6e0 WorkerThread "GC Thread#2" [stack: 0x0000006819800000,0x0000006819900000] [id=28220]
  0x000001e30741b8d0 WorkerThread "GC Thread#3" [stack: 0x0000006819900000,0x0000006819a00000] [id=32240]
  0x000001e30741b600 WorkerThread "GC Thread#4" [stack: 0x0000006819a00000,0x0000006819b00000] [id=30520]
  0x000001e30741c140 WorkerThread "GC Thread#5" [stack: 0x0000006819b00000,0x0000006819c00000] [id=17260]
  0x000001e30741c9b0 WorkerThread "GC Thread#6" [stack: 0x0000006819c00000,0x0000006819d00000] [id=20136]
  0x000001e30741cc80 WorkerThread "GC Thread#7" [stack: 0x0000006819d00000,0x0000006819e00000] [id=34380]
  0x000001e30741be70 WorkerThread "GC Thread#8" [stack: 0x0000006819e00000,0x0000006819f00000] [id=5200]
  0x000001e30741c410 WorkerThread "GC Thread#9" [stack: 0x0000006819f00000,0x000000681a000000] [id=30960]
  0x000001e319715980 ConcurrentGCThread "G1 Main Marker" terminated
  0x000001e319717220 WorkerThread "G1 Conc#0" [stack: 0x0000006818000000,0x0000006818100000] [id=1196]
  0x000001e33a677c00 ConcurrentGCThread "G1 Refine#0" terminated
  0x000001e33a677f60 ConcurrentGCThread "G1 Service" terminated

Threads with active compile tasks:

VM state: at safepoint (shutting down)

VM Mutex/Monitor currently owned by a thread:  ([mutex/lock_event])
[0x000001e3196911c0] Threads_lock - owner thread: 0x000001e33a7ba040
[0x000001e3196908c0] Heap_lock - owner thread: 0x000001e37c401b60

Heap address: 0x0000000703600000, size: 4042 MB, Compressed Oops mode: Zero based, Oop shift amount: 3

CDS archive(s) mapped at: [0x000001e33b400000-0x000001e33c060000-0x000001e33c060000), size 12976128, SharedBaseAddress: 0x000001e33b400000, ArchiveRelocationMode: 1.
Compressed class space mapped at: 0x000001e33c400000-0x000001e37c400000, reserved size: 1073741824
Narrow klass base: 0x000001e33b400000, Narrow klass shift: 0, Narrow klass range: 0x100000000

GC Precious Log:
 CardTable entry size: 512
 Card Set container configuration: InlinePtr #cards 4 size 8 Array Of Cards #cards 16 size 48 Howl #buckets 8 coarsen threshold 3686 Howl Bitmap #cards 512 size 80 coarsen threshold 460 Card regions per heap region 1 cards per card region 4096
 CPUs: 12 total, 12 available
 Memory: 16163M
 Large Page Support: Disabled
 NUMA Support: Disabled
 Compressed Oops: Enabled (Zero based)
 Heap Region Size: 2M
 Heap Min Capacity: 8M
 Heap Initial Capacity: 254M
 Heap Max Capacity: 4042M
 Pre-touch: Disabled
 Parallel Workers: 10
 Concurrent Workers: 3
 Concurrent Refinement Workers: 10
 Periodic GC: Disabled

Heap:
 garbage-first heap   total 260096K, used 12075K [0x0000000703600000, 0x0000000800000000)
  region size 2048K, 5 young (10240K), 3 survivors (6144K)
 Metaspace       used 7770K, committed 7936K, reserved 1114112K
  class space    used 432K, committed 512K, reserved 1048576K

Heap Regions: E=young(eden), S=young(survivor), O=old, HS=humongous(starts), HC=humongous(continues), CS=collection set, F=free, OA=open archive, CA=closed archive, TAMS=top-at-mark-start, PB=parsable bottom
|   0|0x0000000703600000, 0x0000000703800000, 0x0000000703800000|100%| O|  |TAMS 0x0000000703600000| PB 0x0000000703600000| Untracked 
|   1|0x0000000703800000, 0x00000007039cac00, 0x0000000703a00000| 89%| O|  |TAMS 0x0000000703800000| PB 0x0000000703800000| Untracked 
|   2|0x0000000703a00000, 0x0000000703a00000, 0x0000000703c00000|  0%| F|  |TAMS 0x0000000703a00000| PB 0x0000000703a00000| Untracked 
|   3|0x0000000703c00000, 0x0000000703c00000, 0x0000000703e00000|  0%| F|  |TAMS 0x0000000703c00000| PB 0x0000000703c00000| Untracked 
|   4|0x0000000703e00000, 0x0000000703e00000, 0x0000000704000000|  0%| F|  |TAMS 0x0000000703e00000| PB 0x0000000703e00000| Untracked 
|   5|0x0000000704000000, 0x0000000704000000, 0x0000000704200000|  0%| F|  |TAMS 0x0000000704000000| PB 0x0000000704000000| Untracked 
|   6|0x0000000704200000, 0x0000000704200000, 0x0000000704400000|  0%| F|  |TAMS 0x0000000704200000| PB 0x0000000704200000| Untracked 
|   7|0x0000000704400000, 0x0000000704400000, 0x0000000704600000|  0%| F|  |TAMS 0x0000000704400000| PB 0x0000000704400000| Untracked 
|   8|0x0000000704600000, 0x0000000704600000, 0x0000000704800000|  0%| F|  |TAMS 0x0000000704600000| PB 0x0000000704600000| Untracked 
|   9|0x0000000704800000, 0x0000000704800000, 0x0000000704a00000|  0%| F|  |TAMS 0x0000000704800000| PB 0x0000000704800000| Untracked 
|  10|0x0000000704a00000, 0x0000000704a00000, 0x0000000704c00000|  0%| F|  |TAMS 0x0000000704a00000| PB 0x0000000704a00000| Untracked 
|  11|0x0000000704c00000, 0x0000000704c00000, 0x0000000704e00000|  0%| F|  |TAMS 0x0000000704c00000| PB 0x0000000704c00000| Untracked 
|  12|0x0000000704e00000, 0x0000000704e00000, 0x0000000705000000|  0%| F|  |TAMS 0x0000000704e00000| PB 0x0000000704e00000| Untracked 
|  13|0x0000000705000000, 0x0000000705000000, 0x0000000705200000|  0%| F|  |TAMS 0x0000000705000000| PB 0x0000000705000000| Untracked 
|  14|0x0000000705200000, 0x0000000705200000, 0x0000000705400000|  0%| F|  |TAMS 0x0000000705200000| PB 0x0000000705200000| Untracked 
|  15|0x0000000705400000, 0x0000000705400000, 0x0000000705600000|  0%| F|  |TAMS 0x0000000705400000| PB 0x0000000705400000| Untracked 
|  16|0x0000000705600000, 0x0000000705600000, 0x0000000705800000|  0%| F|  |TAMS 0x0000000705600000| PB 0x0000000705600000| Untracked 
|  17|0x0000000705800000, 0x0000000705800000, 0x0000000705a00000|  0%| F|  |TAMS 0x0000000705800000| PB 0x0000000705800000| Untracked 
|  18|0x0000000705a00000, 0x0000000705a00000, 0x0000000705c00000|  0%| F|  |TAMS 0x0000000705a00000| PB 0x0000000705a00000| Untracked 
|  19|0x0000000705c00000, 0x0000000705c00000, 0x0000000705e00000|  0%| F|  |TAMS 0x0000000705c00000| PB 0x0000000705c00000| Untracked 
|  20|0x0000000705e00000, 0x0000000705e00000, 0x0000000706000000|  0%| F|  |TAMS 0x0000000705e00000| PB 0x0000000705e00000| Untracked 
|  21|0x0000000706000000, 0x0000000706000000, 0x0000000706200000|  0%| F|  |TAMS 0x0000000706000000| PB 0x0000000706000000| Untracked 
|  22|0x0000000706200000, 0x0000000706200000, 0x0000000706400000|  0%| F|  |TAMS 0x0000000706200000| PB 0x0000000706200000| Untracked 
|  23|0x0000000706400000, 0x0000000706400000, 0x0000000706600000|  0%| F|  |TAMS 0x0000000706400000| PB 0x0000000706400000| Untracked 
|  24|0x0000000706600000, 0x0000000706600000, 0x0000000706800000|  0%| F|  |TAMS 0x0000000706600000| PB 0x0000000706600000| Untracked 
|  25|0x0000000706800000, 0x0000000706800000, 0x0000000706a00000|  0%| F|  |TAMS 0x0000000706800000| PB 0x0000000706800000| Untracked 
|  26|0x0000000706a00000, 0x0000000706a00000, 0x0000000706c00000|  0%| F|  |TAMS 0x0000000706a00000| PB 0x0000000706a00000| Untracked 
|  27|0x0000000706c00000, 0x0000000706c00000, 0x0000000706e00000|  0%| F|  |TAMS 0x0000000706c00000| PB 0x0000000706c00000| Untracked 
|  28|0x0000000706e00000, 0x0000000706e00000, 0x0000000707000000|  0%| F|  |TAMS 0x0000000706e00000| PB 0x0000000706e00000| Untracked 
|  29|0x0000000707000000, 0x0000000707000000, 0x0000000707200000|  0%| F|  |TAMS 0x0000000707000000| PB 0x0000000707000000| Untracked 
|  30|0x0000000707200000, 0x0000000707200000, 0x0000000707400000|  0%| F|  |TAMS 0x0000000707200000| PB 0x0000000707200000| Untracked 
|  31|0x0000000707400000, 0x0000000707400000, 0x0000000707600000|  0%| F|  |TAMS 0x0000000707400000| PB 0x0000000707400000| Untracked 
|  32|0x0000000707600000, 0x0000000707600000, 0x0000000707800000|  0%| F|  |TAMS 0x0000000707600000| PB 0x0000000707600000| Untracked 
|  33|0x0000000707800000, 0x0000000707800000, 0x0000000707a00000|  0%| F|  |TAMS 0x0000000707800000| PB 0x0000000707800000| Untracked 
|  34|0x0000000707a00000, 0x0000000707a00000, 0x0000000707c00000|  0%| F|  |TAMS 0x0000000707a00000| PB 0x0000000707a00000| Untracked 
|  35|0x0000000707c00000, 0x0000000707c00000, 0x0000000707e00000|  0%| F|  |TAMS 0x0000000707c00000| PB 0x0000000707c00000| Untracked 
|  36|0x0000000707e00000, 0x0000000707e00000, 0x0000000708000000|  0%| F|  |TAMS 0x0000000707e00000| PB 0x0000000707e00000| Untracked 
|  37|0x0000000708000000, 0x0000000708000000, 0x0000000708200000|  0%| F|  |TAMS 0x0000000708000000| PB 0x0000000708000000| Untracked 
|  38|0x0000000708200000, 0x0000000708200000, 0x0000000708400000|  0%| F|  |TAMS 0x0000000708200000| PB 0x0000000708200000| Untracked 
|  39|0x0000000708400000, 0x0000000708400000, 0x0000000708600000|  0%| F|  |TAMS 0x0000000708400000| PB 0x0000000708400000| Untracked 
|  40|0x0000000708600000, 0x0000000708600000, 0x0000000708800000|  0%| F|  |TAMS 0x0000000708600000| PB 0x0000000708600000| Untracked 
|  41|0x0000000708800000, 0x0000000708800000, 0x0000000708a00000|  0%| F|  |TAMS 0x0000000708800000| PB 0x0000000708800000| Untracked 
|  42|0x0000000708a00000, 0x0000000708a00000, 0x0000000708c00000|  0%| F|  |TAMS 0x0000000708a00000| PB 0x0000000708a00000| Untracked 
|  43|0x0000000708c00000, 0x0000000708c00000, 0x0000000708e00000|  0%| F|  |TAMS 0x0000000708c00000| PB 0x0000000708c00000| Untracked 
|  44|0x0000000708e00000, 0x0000000708e00000, 0x0000000709000000|  0%| F|  |TAMS 0x0000000708e00000| PB 0x0000000708e00000| Untracked 
|  45|0x0000000709000000, 0x0000000709000000, 0x0000000709200000|  0%| F|  |TAMS 0x0000000709000000| PB 0x0000000709000000| Untracked 
|  46|0x0000000709200000, 0x0000000709200000, 0x0000000709400000|  0%| F|  |TAMS 0x0000000709200000| PB 0x0000000709200000| Untracked 
|  47|0x0000000709400000, 0x0000000709400000, 0x0000000709600000|  0%| F|  |TAMS 0x0000000709400000| PB 0x0000000709400000| Untracked 
|  48|0x0000000709600000, 0x0000000709600000, 0x0000000709800000|  0%| F|  |TAMS 0x0000000709600000| PB 0x0000000709600000| Untracked 
|  49|0x0000000709800000, 0x0000000709800000, 0x0000000709a00000|  0%| F|  |TAMS 0x0000000709800000| PB 0x0000000709800000| Untracked 
|  50|0x0000000709a00000, 0x0000000709a00000, 0x0000000709c00000|  0%| F|  |TAMS 0x0000000709a00000| PB 0x0000000709a00000| Untracked 
|  51|0x0000000709c00000, 0x0000000709c00000, 0x0000000709e00000|  0%| F|  |TAMS 0x0000000709c00000| PB 0x0000000709c00000| Untracked 
|  52|0x0000000709e00000, 0x0000000709e00000, 0x000000070a000000|  0%| F|  |TAMS 0x0000000709e00000| PB 0x0000000709e00000| Untracked 
|  53|0x000000070a000000, 0x000000070a000000, 0x000000070a200000|  0%| F|  |TAMS 0x000000070a000000| PB 0x000000070a000000| Untracked 
|  54|0x000000070a200000, 0x000000070a200000, 0x000000070a400000|  0%| F|  |TAMS 0x000000070a200000| PB 0x000000070a200000| Untracked 
|  55|0x000000070a400000, 0x000000070a400000, 0x000000070a600000|  0%| F|  |TAMS 0x000000070a400000| PB 0x000000070a400000| Untracked 
|  56|0x000000070a600000, 0x000000070a600000, 0x000000070a800000|  0%| F|  |TAMS 0x000000070a600000| PB 0x000000070a600000| Untracked 
|  57|0x000000070a800000, 0x000000070a800000, 0x000000070aa00000|  0%| F|  |TAMS 0x000000070a800000| PB 0x000000070a800000| Untracked 
|  58|0x000000070aa00000, 0x000000070aa00000, 0x000000070ac00000|  0%| F|  |TAMS 0x000000070aa00000| PB 0x000000070aa00000| Untracked 
|  59|0x000000070ac00000, 0x000000070ac00000, 0x000000070ae00000|  0%| F|  |TAMS 0x000000070ac00000| PB 0x000000070ac00000| Untracked 
|  60|0x000000070ae00000, 0x000000070ae00000, 0x000000070b000000|  0%| F|  |TAMS 0x000000070ae00000| PB 0x000000070ae00000| Untracked 
|  61|0x000000070b000000, 0x000000070b000000, 0x000000070b200000|  0%| F|  |TAMS 0x000000070b000000| PB 0x000000070b000000| Untracked 
|  62|0x000000070b200000, 0x000000070b200000, 0x000000070b400000|  0%| F|  |TAMS 0x000000070b200000| PB 0x000000070b200000| Untracked 
|  63|0x000000070b400000, 0x000000070b400000, 0x000000070b600000|  0%| F|  |TAMS 0x000000070b400000| PB 0x000000070b400000| Untracked 
|  64|0x000000070b600000, 0x000000070b600000, 0x000000070b800000|  0%| F|  |TAMS 0x000000070b600000| PB 0x000000070b600000| Untracked 
|  65|0x000000070b800000, 0x000000070b800000, 0x000000070ba00000|  0%| F|  |TAMS 0x000000070b800000| PB 0x000000070b800000| Untracked 
|  66|0x000000070ba00000, 0x000000070ba00000, 0x000000070bc00000|  0%| F|  |TAMS 0x000000070ba00000| PB 0x000000070ba00000| Untracked 
|  67|0x000000070bc00000, 0x000000070bc00000, 0x000000070be00000|  0%| F|  |TAMS 0x000000070bc00000| PB 0x000000070bc00000| Untracked 
|  68|0x000000070be00000, 0x000000070be00000, 0x000000070c000000|  0%| F|  |TAMS 0x000000070be00000| PB 0x000000070be00000| Untracked 
|  69|0x000000070c000000, 0x000000070c000000, 0x000000070c200000|  0%| F|  |TAMS 0x000000070c000000| PB 0x000000070c000000| Untracked 
|  70|0x000000070c200000, 0x000000070c200000, 0x000000070c400000|  0%| F|  |TAMS 0x000000070c200000| PB 0x000000070c200000| Untracked 
|  71|0x000000070c400000, 0x000000070c400000, 0x000000070c600000|  0%| F|  |TAMS 0x000000070c400000| PB 0x000000070c400000| Untracked 
|  72|0x000000070c600000, 0x000000070c600000, 0x000000070c800000|  0%| F|  |TAMS 0x000000070c600000| PB 0x000000070c600000| Untracked 
|  73|0x000000070c800000, 0x000000070c800000, 0x000000070ca00000|  0%| F|  |TAMS 0x000000070c800000| PB 0x000000070c800000| Untracked 
|  74|0x000000070ca00000, 0x000000070ca00000, 0x000000070cc00000|  0%| F|  |TAMS 0x000000070ca00000| PB 0x000000070ca00000| Untracked 
|  75|0x000000070cc00000, 0x000000070cc00000, 0x000000070ce00000|  0%| F|  |TAMS 0x000000070cc00000| PB 0x000000070cc00000| Untracked 
|  76|0x000000070ce00000, 0x000000070ce00000, 0x000000070d000000|  0%| F|  |TAMS 0x000000070ce00000| PB 0x000000070ce00000| Untracked 
|  77|0x000000070d000000, 0x000000070d000000, 0x000000070d200000|  0%| F|  |TAMS 0x000000070d000000| PB 0x000000070d000000| Untracked 
|  78|0x000000070d200000, 0x000000070d200000, 0x000000070d400000|  0%| F|  |TAMS 0x000000070d200000| PB 0x000000070d200000| Untracked 
|  79|0x000000070d400000, 0x000000070d400000, 0x000000070d600000|  0%| F|  |TAMS 0x000000070d400000| PB 0x000000070d400000| Untracked 
|  80|0x000000070d600000, 0x000000070d600000, 0x000000070d800000|  0%| F|  |TAMS 0x000000070d600000| PB 0x000000070d600000| Untracked 
|  81|0x000000070d800000, 0x000000070d800000, 0x000000070da00000|  0%| F|  |TAMS 0x000000070d800000| PB 0x000000070d800000| Untracked 
|  82|0x000000070da00000, 0x000000070da00000, 0x000000070dc00000|  0%| F|  |TAMS 0x000000070da00000| PB 0x000000070da00000| Untracked 
|  83|0x000000070dc00000, 0x000000070dc00000, 0x000000070de00000|  0%| F|  |TAMS 0x000000070dc00000| PB 0x000000070dc00000| Untracked 
|  84|0x000000070de00000, 0x000000070de00000, 0x000000070e000000|  0%| F|  |TAMS 0x000000070de00000| PB 0x000000070de00000| Untracked 
|  85|0x000000070e000000, 0x000000070e000000, 0x000000070e200000|  0%| F|  |TAMS 0x000000070e000000| PB 0x000000070e000000| Untracked 
|  86|0x000000070e200000, 0x000000070e200000, 0x000000070e400000|  0%| F|  |TAMS 0x000000070e200000| PB 0x000000070e200000| Untracked 
|  87|0x000000070e400000, 0x000000070e400000, 0x000000070e600000|  0%| F|  |TAMS 0x000000070e400000| PB 0x000000070e400000| Untracked 
|  88|0x000000070e600000, 0x000000070e600000, 0x000000070e800000|  0%| F|  |TAMS 0x000000070e600000| PB 0x000000070e600000| Untracked 
|  89|0x000000070e800000, 0x000000070e800000, 0x000000070ea00000|  0%| F|  |TAMS 0x000000070e800000| PB 0x000000070e800000| Untracked 
|  90|0x000000070ea00000, 0x000000070ea00000, 0x000000070ec00000|  0%| F|  |TAMS 0x000000070ea00000| PB 0x000000070ea00000| Untracked 
|  91|0x000000070ec00000, 0x000000070ec00000, 0x000000070ee00000|  0%| F|  |TAMS 0x000000070ec00000| PB 0x000000070ec00000| Untracked 
|  92|0x000000070ee00000, 0x000000070ee00000, 0x000000070f000000|  0%| F|  |TAMS 0x000000070ee00000| PB 0x000000070ee00000| Untracked 
|  93|0x000000070f000000, 0x000000070f000000, 0x000000070f200000|  0%| F|  |TAMS 0x000000070f000000| PB 0x000000070f000000| Untracked 
|  94|0x000000070f200000, 0x000000070f200000, 0x000000070f400000|  0%| F|  |TAMS 0x000000070f200000| PB 0x000000070f200000| Untracked 
|  95|0x000000070f400000, 0x000000070f400000, 0x000000070f600000|  0%| F|  |TAMS 0x000000070f400000| PB 0x000000070f400000| Untracked 
|  96|0x000000070f600000, 0x000000070f600000, 0x000000070f800000|  0%| F|  |TAMS 0x000000070f600000| PB 0x000000070f600000| Untracked 
|  97|0x000000070f800000, 0x000000070f800000, 0x000000070fa00000|  0%| F|  |TAMS 0x000000070f800000| PB 0x000000070f800000| Untracked 
|  98|0x000000070fa00000, 0x000000070fa00000, 0x000000070fc00000|  0%| F|  |TAMS 0x000000070fa00000| PB 0x000000070fa00000| Untracked 
|  99|0x000000070fc00000, 0x000000070fc00000, 0x000000070fe00000|  0%| F|  |TAMS 0x000000070fc00000| PB 0x000000070fc00000| Untracked 
| 100|0x000000070fe00000, 0x000000070fe00000, 0x0000000710000000|  0%| F|  |TAMS 0x000000070fe00000| PB 0x000000070fe00000| Untracked 
| 101|0x0000000710000000, 0x0000000710000000, 0x0000000710200000|  0%| F|  |TAMS 0x0000000710000000| PB 0x0000000710000000| Untracked 
| 102|0x0000000710200000, 0x0000000710200000, 0x0000000710400000|  0%| F|  |TAMS 0x0000000710200000| PB 0x0000000710200000| Untracked 
| 103|0x0000000710400000, 0x0000000710400000, 0x0000000710600000|  0%| F|  |TAMS 0x0000000710400000| PB 0x0000000710400000| Untracked 
| 104|0x0000000710600000, 0x0000000710600000, 0x0000000710800000|  0%| F|  |TAMS 0x0000000710600000| PB 0x0000000710600000| Untracked 
| 105|0x0000000710800000, 0x0000000710a00000, 0x0000000710a00000|100%| S|CS|TAMS 0x0000000710800000| PB 0x0000000710800000| Complete 
| 106|0x0000000710a00000, 0x0000000710c00000, 0x0000000710c00000|100%| S|CS|TAMS 0x0000000710a00000| PB 0x0000000710a00000| Complete 
| 107|0x0000000710c00000, 0x0000000710e00000, 0x0000000710e00000|100%| S|CS|TAMS 0x0000000710c00000| PB 0x0000000710c00000| Complete 
| 108|0x0000000710e00000, 0x0000000710e00000, 0x0000000711000000|  0%| F|  |TAMS 0x0000000710e00000| PB 0x0000000710e00000| Untracked 
| 109|0x0000000711000000, 0x0000000711000000, 0x0000000711200000|  0%| F|  |TAMS 0x0000000711000000| PB 0x0000000711000000| Untracked 
| 110|0x0000000711200000, 0x0000000711200000, 0x0000000711400000|  0%| F|  |TAMS 0x0000000711200000| PB 0x0000000711200000| Untracked 
| 111|0x0000000711400000, 0x0000000711400000, 0x0000000711600000|  0%| F|  |TAMS 0x0000000711400000| PB 0x0000000711400000| Untracked 
| 112|0x0000000711600000, 0x0000000711600000, 0x0000000711800000|  0%| F|  |TAMS 0x0000000711600000| PB 0x0000000711600000| Untracked 
| 113|0x0000000711800000, 0x0000000711800000, 0x0000000711a00000|  0%| F|  |TAMS 0x0000000711800000| PB 0x0000000711800000| Untracked 
| 114|0x0000000711a00000, 0x0000000711a00000, 0x0000000711c00000|  0%| F|  |TAMS 0x0000000711a00000| PB 0x0000000711a00000| Untracked 
| 115|0x0000000711c00000, 0x0000000711c00000, 0x0000000711e00000|  0%| F|  |TAMS 0x0000000711c00000| PB 0x0000000711c00000| Untracked 
| 116|0x0000000711e00000, 0x0000000711e00000, 0x0000000712000000|  0%| F|  |TAMS 0x0000000711e00000| PB 0x0000000711e00000| Untracked 
| 117|0x0000000712000000, 0x0000000712000000, 0x0000000712200000|  0%| F|  |TAMS 0x0000000712000000| PB 0x0000000712000000| Untracked 
| 118|0x0000000712200000, 0x0000000712200000, 0x0000000712400000|  0%| F|  |TAMS 0x0000000712200000| PB 0x0000000712200000| Untracked 
| 119|0x0000000712400000, 0x0000000712400000, 0x0000000712600000|  0%| F|  |TAMS 0x0000000712400000| PB 0x0000000712400000| Untracked 
| 120|0x0000000712600000, 0x0000000712600000, 0x0000000712800000|  0%| F|  |TAMS 0x0000000712600000| PB 0x0000000712600000| Untracked 
| 121|0x0000000712800000, 0x0000000712800000, 0x0000000712a00000|  0%| F|  |TAMS 0x0000000712800000| PB 0x0000000712800000| Untracked 
| 122|0x0000000712a00000, 0x0000000712a00000, 0x0000000712c00000|  0%| F|  |TAMS 0x0000000712a00000| PB 0x0000000712a00000| Untracked 
| 123|0x0000000712c00000, 0x0000000712c00000, 0x0000000712e00000|  0%| F|  |TAMS 0x0000000712c00000| PB 0x0000000712c00000| Untracked 
| 124|0x0000000712e00000, 0x0000000712e00000, 0x0000000713000000|  0%| F|  |TAMS 0x0000000712e00000| PB 0x0000000712e00000| Untracked 
| 125|0x0000000713000000, 0x0000000713033bb8, 0x0000000713200000| 10%| E|  |TAMS 0x0000000713000000| PB 0x0000000713000000| Complete 
| 126|0x0000000713200000, 0x0000000713400000, 0x0000000713400000|100%| E|CS|TAMS 0x0000000713200000| PB 0x0000000713200000| Complete 

Card table byte_map: [0x000001e3334b0000,0x000001e333ca0000] _byte_map_base: 0x000001e32fc95000

Marking Bits: (CMBitMap*) 0x000001e319705410
 Bits: [0x000001e334490000, 0x000001e3383b8000)

Polling page: 0x000001e319750000

Metaspace:

Usage:
  Non-class:      7.17 MB used.
      Class:    432.52 KB used.
       Both:      7.59 MB used.

Virtual space:
  Non-class space:       64.00 MB reserved,       7.25 MB ( 11%) committed,  1 nodes.
      Class space:        1.00 GB reserved,     512.00 KB ( <1%) committed,  1 nodes.
             Both:        1.06 GB reserved,       7.75 MB ( <1%) committed. 

Chunk freelists:
   Non-Class:  3.33 MB
       Class:  3.53 MB
        Both:  6.85 MB

MaxMetaspaceSize: unlimited
CompressedClassSpaceSize: 1.00 GB
Initial GC threshold: 21.00 MB
Current GC threshold: 21.00 MB
CDS: on
MetaspaceReclaimPolicy: balanced
 - commit_granule_bytes: 65536.
 - commit_granule_words: 8192.
 - virtual_space_node_default_size: 8388608.
 - enlarge_chunks_in_place: 1.
 - new_chunks_are_fully_committed: 0.
 - uncommit_free_chunks: 1.
 - use_allocation_guard: 0.


Internal statistics:

num_allocs_failed_limit: 0.
num_arena_births: 98.
num_arena_deaths: 0.
num_vsnodes_births: 2.
num_vsnodes_deaths: 0.
num_space_committed: 122.
num_space_uncommitted: 0.
num_chunks_returned_to_freelist: 0.
num_chunks_taken_from_freelist: 299.
num_chunk_merges: 0.
num_chunk_splits: 211.
num_chunks_enlarged: 162.
num_inconsistent_stats: 0.

CodeHeap 'non-profiled nmethods': size=120000Kb used=586Kb max_used=586Kb free=119413Kb
 bounds [0x000001e32ac00000, 0x000001e32ae70000, 0x000001e332130000]
CodeHeap 'profiled nmethods': size=120000Kb used=2152Kb max_used=2152Kb free=117847Kb
 bounds [0x000001e323130000, 0x000001e3233a0000, 0x000001e32a660000]
CodeHeap 'non-nmethods': size=5760Kb used=2576Kb max_used=2607Kb free=3183Kb
 bounds [0x000001e32a660000, 0x000001e32a900000, 0x000001e32ac00000]
 total_blobs=2735 nmethods=1550 adapters=1096
 compilation: enabled
              stopped_count=0, restarted_count=0
 full_count=0

Compilation events (20 events):
Event: 7.894 Thread 0x000001e33a7ed390 1541       4       jdk.internal.misc.Unsafe::checkOffset (32 bytes)
Event: 7.895 Thread 0x000001e33a7ed390 nmethod 1541 0x000001e32ac8c990 code [0x000001e32ac8cb00, 0x000001e32ac8cbb0]
Event: 8.176 Thread 0x000001e33a7ed390 1542       4       org.joml.Math::cosFromSinInternal (55 bytes)
Event: 8.177 Thread 0x000001e33a7ed390 nmethod 1542 0x000001e32ac8cc90 code [0x000001e32ac8ce40, 0x000001e32ac8cf50]
Event: 8.447 Thread 0x000001e33a7ed390 1543       4       jdk.internal.misc.Unsafe::copyMemory (33 bytes)
Event: 8.450 Thread 0x000001e33a7ed390 nmethod 1543 0x000001e32ac8d010 code [0x000001e32ac8d180, 0x000001e32ac8d4e8]
Event: 10.288 Thread 0x000001e33a7ed390 1544       4       java.nio.ByteBuffer::<init> (47 bytes)
Event: 10.292 Thread 0x000001e33a7ed390 nmethod 1544 0x000001e32ac8d890 code [0x000001e32ac8da00, 0x000001e32ac8dcf8]
Event: 10.344 Thread 0x000001e33a7ed390 1545   !   4       java.nio.DirectByteBuffer::<init> (171 bytes)
Event: 10.358 Thread 0x000001e33a7ed390 nmethod 1545 0x000001e32ac8de90 code [0x000001e32ac8e0a0, 0x000001e32ac8ef78]
Event: 10.817 Thread 0x000001e33a7ed390 1546       4       com.bedrye.bjge.GameEngine.Util.Shaders.ShaderProgram::UploadMatrix (28 bytes)
Event: 10.835 Thread 0x000001e33a7ed390 nmethod 1546 0x000001e32ac8f710 code [0x000001e32ac8f920, 0x000001e32ac903a0]
Event: 11.041 Thread 0x000001e33a7ed390 1547       4       com.bedrye.bjge.GameEngine.Util.Shaders.ShaderProgram::uploadVec3f (23 bytes)
Event: 11.066 Thread 0x000001e33a7ed390 nmethod 1547 0x000001e32ac90f90 code [0x000001e32ac91180, 0x000001e32ac919f8]
Event: 11.279 Thread 0x000001e33a7ed390 1548       4       com.bedrye.Objects.AmbientLight::update (1 bytes)
Event: 11.279 Thread 0x000001e33a7ed390 nmethod 1548 0x000001e32ac92210 code [0x000001e32ac92380, 0x000001e32ac92408]
Event: 13.977 Thread 0x000001e33a7ed390 1549       4       jdk.internal.math.FloatToDecimal::rop (32 bytes)
Event: 13.977 Thread 0x000001e33a7ed390 nmethod 1549 0x000001e32ac92510 code [0x000001e32ac92680, 0x000001e32ac92708]
Event: 13.984 Thread 0x000001e33a7ed390 1550       4       com.bedrye.Objects.GameScene$$Lambda$94/0x000001e33c437570::accept (8 bytes)
Event: 13.985 Thread 0x000001e33a7ed390 nmethod 1550 0x000001e32ac92810 code [0x000001e32ac92980, 0x000001e32ac92a60]

GC Heap History (4 events):
Event: 1.034 GC heap before
{Heap before GC invocations=0 (full 0):
 garbage-first heap   total 260096K, used 20480K [0x0000000703600000, 0x0000000800000000)
  region size 2048K, 11 young (22528K), 0 survivors (0K)
 Metaspace       used 6982K, committed 7232K, reserved 1114112K
  class space    used 394K, committed 512K, reserved 1048576K
}
Event: 1.039 GC heap after
{Heap after GC invocations=1 (full 0):
 garbage-first heap   total 260096K, used 4085K [0x0000000703600000, 0x0000000800000000)
  region size 2048K, 2 young (4096K), 2 survivors (4096K)
 Metaspace       used 6982K, committed 7232K, reserved 1114112K
  class space    used 394K, committed 512K, reserved 1048576K
}
Event: 4.629 GC heap before
{Heap before GC invocations=1 (full 0):
 garbage-first heap   total 260096K, used 36853K [0x0000000703600000, 0x0000000800000000)
  region size 2048K, 19 young (38912K), 2 survivors (4096K)
 Metaspace       used 7744K, committed 7936K, reserved 1114112K
  class space    used 431K, committed 512K, reserved 1048576K
}
Event: 4.638 GC heap after
{Heap after GC invocations=2 (full 0):
 garbage-first heap   total 260096K, used 10027K [0x0000000703600000, 0x0000000800000000)
  region size 2048K, 3 young (6144K), 3 survivors (6144K)
 Metaspace       used 7744K, committed 7936K, reserved 1114112K
  class space    used 431K, committed 512K, reserved 1048576K
}

Dll operation events (13 events):
Event: 0.012 Loaded shared library C:\Users\stas2\.jdks\openjdk-20.0.2-1\bin\java.dll
Event: 0.035 Loaded shared library C:\Users\stas2\.jdks\openjdk-20.0.2-1\bin\jsvml.dll
Event: 0.088 Loaded shared library C:\Users\stas2\.jdks\openjdk-20.0.2-1\bin\net.dll
Event: 0.090 Loaded shared library C:\Users\stas2\.jdks\openjdk-20.0.2-1\bin\nio.dll
Event: 0.093 Loaded shared library C:\Users\stas2\.jdks\openjdk-20.0.2-1\bin\zip.dll
Event: 0.188 Loaded shared library C:\Users\stas2\.jdks\openjdk-20.0.2-1\bin\zip.dll
Event: 0.191 Loaded shared library C:\Users\stas2\.jdks\openjdk-20.0.2-1\bin\instrument.dll
Event: 0.218 Loaded shared library C:\IntelliJ IDEA Community Edition 2021.3.2\IntelliJ IDEA Community Edition 2023.2.1\bin\breakgen64.dll
Event: 0.276 Loaded shared library C:\Users\stas2\.jdks\openjdk-20.0.2-1\bin\jimage.dll
Event: 0.306 Loaded shared library C:\Users\stas2\AppData\Local\Temp\lwjgl_stas2\3.3.4+7\x64\lwjgl.dll
Event: 0.667 Loaded shared library C:\Users\stas2\AppData\Local\Temp\lwjgl_stas2\3.3.4+7\x64\lwjgl_opengl.dll
Event: 0.725 Loaded shared library C:\Users\stas2\.jdks\openjdk-20.0.2-1\bin\verify.dll
Event: 1.111 Loaded shared library C:\Users\stas2\AppData\Local\Temp\lwjgl_stas2\3.3.4+7\x64\lwjgl_stb.dll

Deoptimization events (20 events):
Event: 0.975 Thread 0x000001e3196938c0 DEOPT PACKING pc=0x000001e32326e0ba sp=0x0000006817dfe080
Event: 0.975 Thread 0x000001e3196938c0 DEOPT UNPACKING pc=0x000001e32a6ce462 sp=0x0000006817dfd518 mode 0
Event: 0.975 Thread 0x000001e3196938c0 DEOPT PACKING pc=0x000001e32326e0ba sp=0x0000006817dfe080
Event: 0.975 Thread 0x000001e3196938c0 DEOPT UNPACKING pc=0x000001e32a6ce462 sp=0x0000006817dfd518 mode 0
Event: 0.976 Thread 0x000001e3196938c0 DEOPT PACKING pc=0x000001e32326e0ba sp=0x0000006817dfe080
Event: 0.976 Thread 0x000001e3196938c0 DEOPT UNPACKING pc=0x000001e32a6ce462 sp=0x0000006817dfd518 mode 0
Event: 1.056 Thread 0x000001e33a7eab40 Uncommon trap: trap_request=0xffffff45 fr.pc=0x000001e32ac11d8c relative=0x000000000000010c
Event: 1.056 Thread 0x000001e33a7eab40 Uncommon trap: reason=unstable_if action=reinterpret pc=0x000001e32ac11d8c method=java.lang.StringLatin1.lastIndexOf([BI[BII)I @ 86 c2
Event: 1.056 Thread 0x000001e33a7eab40 DEOPT PACKING pc=0x000001e32ac11d8c sp=0x00000068187fe4c0
Event: 1.056 Thread 0x000001e33a7eab40 DEOPT UNPACKING pc=0x000001e32a67d2a2 sp=0x00000068187fe418 mode 2
Event: 1.211 Thread 0x000001e3196938c0 Uncommon trap: trap_request=0xffffff54 fr.pc=0x000001e32ac4936c relative=0x000000000000006c
Event: 1.211 Thread 0x000001e3196938c0 Uncommon trap: reason=speculate_null_assert action=make_not_entrant pc=0x000001e32ac4936c method=sun.misc.Unsafe.getLong(Ljava/lang/Object;J)J @ 5 c2
Event: 1.211 Thread 0x000001e3196938c0 DEOPT PACKING pc=0x000001e32ac4936c sp=0x0000006817dff070
Event: 1.211 Thread 0x000001e3196938c0 DEOPT UNPACKING pc=0x000001e32a67d2a2 sp=0x0000006817dfeff8 mode 2
Event: 1.892 Thread 0x000001e3196938c0 DEOPT PACKING pc=0x000001e3232bc5b0 sp=0x0000006817dfecf0
Event: 1.892 Thread 0x000001e3196938c0 DEOPT UNPACKING pc=0x000001e32a6ce462 sp=0x0000006817dfe1e0 mode 0
Event: 1.901 Thread 0x000001e3196938c0 DEOPT PACKING pc=0x000001e3232bc5b0 sp=0x0000006817dfeb80
Event: 1.901 Thread 0x000001e3196938c0 DEOPT UNPACKING pc=0x000001e32a6ce462 sp=0x0000006817dfe070 mode 0
Event: 1.903 Thread 0x000001e3196938c0 DEOPT PACKING pc=0x000001e3232bc5b0 sp=0x0000006817dfecf0
Event: 1.903 Thread 0x000001e3196938c0 DEOPT UNPACKING pc=0x000001e32a6ce462 sp=0x0000006817dfe1e0 mode 0

Classes loaded (20 events):
Event: 1.059 Loading class java/time/zone/TzdbZoneRulesProvider
Event: 1.059 Loading class java/time/zone/TzdbZoneRulesProvider done
Event: 1.063 Loading class java/time/zone/Ser
Event: 1.064 Loading class java/time/zone/Ser done
Event: 1.065 Loading class java/time/Month
Event: 1.065 Loading class java/time/Month done
Event: 1.065 Loading class java/time/DayOfWeek
Event: 1.065 Loading class java/time/DayOfWeek done
Event: 1.066 Loading class java/time/zone/ZoneOffsetTransitionRule$TimeDefinition
Event: 1.066 Loading class java/time/zone/ZoneOffsetTransitionRule$TimeDefinition done
Event: 1.067 Loading class java/time/zone/ZoneOffsetTransition
Event: 1.068 Loading class java/time/zone/ZoneOffsetTransition done
Event: 1.070 Loading class sun/util/cldr/CLDRBaseLocaleDataMetaInfo$TZCanonicalIDMapHolder
Event: 1.070 Loading class sun/util/cldr/CLDRBaseLocaleDataMetaInfo$TZCanonicalIDMapHolder done
Event: 1.073 Loading class sun/util/resources/TimeZoneNames
Event: 1.073 Loading class sun/util/resources/TimeZoneNames done
Event: 1.073 Loading class sun/util/resources/TimeZoneNames_en
Event: 1.074 Loading class sun/util/resources/TimeZoneNames_en done
Event: 14.059 Loading class jdk/internal/misc/Signal$1
Event: 14.059 Loading class jdk/internal/misc/Signal$1 done

Classes unloaded (0 events):
No events

Classes redefined (0 events):
No events

Internal exceptions (20 events):
Event: 0.669 Thread 0x000001e3196938c0 Exception <a 'sun/nio/fs/WindowsException'{0x000000071271fe08}> (0x000000071271fe08) 
thrown [s\open\src\hotspot\share\prims\jni.cpp, line 519]
Event: 0.672 Thread 0x000001e3196938c0 Exception <a 'sun/nio/fs/WindowsException'{0x0000000712727140}> (0x0000000712727140) 
thrown [s\open\src\hotspot\share\prims\jni.cpp, line 519]
Event: 0.673 Thread 0x000001e3196938c0 Exception <a 'sun/nio/fs/WindowsException'{0x00000007127286e8}> (0x00000007127286e8) 
thrown [s\open\src\hotspot\share\prims\jni.cpp, line 519]
Event: 0.673 Thread 0x000001e3196938c0 Exception <a 'sun/nio/fs/WindowsException'{0x00000007127289b8}> (0x00000007127289b8) 
thrown [s\open\src\hotspot\share\prims\jni.cpp, line 519]
Event: 0.904 Thread 0x000001e3196938c0 Exception <a 'sun/nio/fs/WindowsException'{0x00000007120c1930}> (0x00000007120c1930) 
thrown [s\open\src\hotspot\share\prims\jni.cpp, line 519]
Event: 0.911 Thread 0x000001e3196938c0 Exception <a 'sun/nio/fs/WindowsException'{0x00000007120ce150}> (0x00000007120ce150) 
thrown [s\open\src\hotspot\share\prims\jni.cpp, line 519]
Event: 0.911 Thread 0x000001e3196938c0 Exception <a 'sun/nio/fs/WindowsException'{0x00000007120ce4c8}> (0x00000007120ce4c8) 
thrown [s\open\src\hotspot\share\prims\jni.cpp, line 519]
Event: 0.912 Thread 0x000001e3196938c0 Exception <a 'sun/nio/fs/WindowsException'{0x00000007120cfee8}> (0x00000007120cfee8) 
thrown [s\open\src\hotspot\share\prims\jni.cpp, line 519]
Event: 0.917 Thread 0x000001e3196938c0 Exception <a 'sun/nio/fs/WindowsException'{0x00000007120d5048}> (0x00000007120d5048) 
thrown [s\open\src\hotspot\share\prims\jni.cpp, line 519]
Event: 0.965 Thread 0x000001e3196938c0 Exception <a 'sun/nio/fs/WindowsException'{0x00000007120ddfb8}> (0x00000007120ddfb8) 
thrown [s\open\src\hotspot\share\prims\jni.cpp, line 519]
Event: 0.965 Thread 0x000001e3196938c0 Exception <a 'sun/nio/fs/WindowsException'{0x00000007120de338}> (0x00000007120de338) 
thrown [s\open\src\hotspot\share\prims\jni.cpp, line 519]
Event: 0.968 Thread 0x000001e3196938c0 Exception <a 'sun/nio/fs/WindowsException'{0x00000007120dfd60}> (0x00000007120dfd60) 
thrown [s\open\src\hotspot\share\prims\jni.cpp, line 519]
Event: 1.063 Thread 0x000001e33a7eab40 Exception <a 'sun/nio/fs/WindowsException'{0x0000000712e7af08}> (0x0000000712e7af08) 
thrown [s\open\src\hotspot\share\prims\jni.cpp, line 519]
Event: 1.076 Thread 0x000001e33a7eab40 Exception <a 'java/lang/NoSuchMethodError'{0x0000000712ecd328}: 'java.lang.Object java.lang.invoke.Invokers$Holder.invokeExact_MT(java.lang.Object, java.lang.Object, java.lang.Object, java.lang.Object, java.lang.Object, java.lang.Object)'> (0x0000000712ecd328) 
thrown [s\open\src\hotspot\share\interpreter\linkResolver.cpp, line 773]
Event: 1.104 Thread 0x000001e3196938c0 Exception <a 'java/lang/NoSuchMethodError'{0x0000000712d47e80}: 'void java.lang.System.load(java.lang.String, java.lang.Class)'> (0x0000000712d47e80) 
thrown [s\open\src\hotspot\share\interpreter\linkResolver.cpp, line 773]
Event: 1.104 Thread 0x000001e3196938c0 Exception <a 'java/lang/NoSuchMethodError'{0x0000000712d4acc8}: 'void java.lang.System.loadLibrary(java.lang.String, java.lang.Class)'> (0x0000000712d4acc8) 
thrown [s\open\src\hotspot\share\interpreter\linkResolver.cpp, line 773]
Event: 1.105 Thread 0x000001e3196938c0 Exception <a 'sun/nio/fs/WindowsException'{0x0000000712d4dfc0}> (0x0000000712d4dfc0) 
thrown [s\open\src\hotspot\share\prims\jni.cpp, line 519]
Event: 1.109 Thread 0x000001e3196938c0 Exception <a 'sun/nio/fs/WindowsException'{0x0000000712d5b060}> (0x0000000712d5b060) 
thrown [s\open\src\hotspot\share\prims\jni.cpp, line 519]
Event: 1.109 Thread 0x000001e3196938c0 Exception <a 'sun/nio/fs/WindowsException'{0x0000000712d5b3e0}> (0x0000000712d5b3e0) 
thrown [s\open\src\hotspot\share\prims\jni.cpp, line 519]
Event: 1.112 Thread 0x000001e3196938c0 Exception <a 'sun/nio/fs/WindowsException'{0x0000000712d5d788}> (0x0000000712d5d788) 
thrown [s\open\src\hotspot\share\prims\jni.cpp, line 519]

VM Operations (20 events):
Event: 1.039 Executing VM operation: G1CollectForAllocation done
Event: 1.069 Executing VM operation: HandshakeAllThreads
Event: 1.069 Executing VM operation: HandshakeAllThreads done
Event: 1.102 Executing VM operation: HandshakeAllThreads
Event: 1.102 Executing VM operation: HandshakeAllThreads done
Event: 2.105 Executing VM operation: Cleanup
Event: 2.105 Executing VM operation: Cleanup done
Event: 3.117 Executing VM operation: Cleanup
Event: 3.117 Executing VM operation: Cleanup done
Event: 4.130 Executing VM operation: Cleanup
Event: 4.130 Executing VM operation: Cleanup done
Event: 4.629 Executing VM operation: G1CollectForAllocation
Event: 4.638 Executing VM operation: G1CollectForAllocation done
Event: 5.638 Executing VM operation: Cleanup
Event: 5.638 Executing VM operation: Cleanup done
Event: 6.647 Executing VM operation: Cleanup
Event: 6.647 Executing VM operation: Cleanup done
Event: 7.660 Executing VM operation: Cleanup
Event: 7.660 Executing VM operation: Cleanup done
Event: 14.060 Executing VM operation: Exit

Events (20 events):
Event: 0.049 Thread 0x000001e33a7e2bd0 Thread added: 0x000001e33a7e2bd0
Event: 0.049 Thread 0x000001e33a7e39a0 Thread added: 0x000001e33a7e39a0
Event: 0.050 Thread 0x000001e33a7e69e0 Thread added: 0x000001e33a7e69e0
Event: 0.050 Thread 0x000001e33a7eab40 Thread added: 0x000001e33a7eab40
Event: 0.050 Thread 0x000001e37c402b50 Thread added: 0x000001e37c402b50
Event: 0.050 Thread 0x000001e37c401610 Thread added: 0x000001e37c401610
Event: 0.050 Thread 0x000001e33a7ed390 Thread added: 0x000001e33a7ed390
Event: 0.050 Thread 0x000001e33a7ee320 Thread added: 0x000001e33a7ee320
Event: 0.083 Thread 0x000001e37c400620 Thread added: 0x000001e37c400620
Event: 0.138 Thread 0x000001e37c5512b0 Thread added: 0x000001e37c5512b0
Event: 0.151 Thread 0x000001e37c61bdd0 Thread added: 0x000001e37c61bdd0
Event: 0.218 Thread 0x000001e37c400b70 Thread added: 0x000001e37c400b70
Event: 0.218 Thread 0x000001e37c4010c0 Thread added: 0x000001e37c4010c0
Event: 0.548 Thread 0x000001e37c61bdd0 Thread exited: 0x000001e37c61bdd0
Event: 0.548 Thread 0x000001e37c5512b0 Thread exited: 0x000001e37c5512b0
Event: 0.761 Thread 0x000001e3071b4b40 Thread added: 0x000001e3071b4b40
Event: 1.030 Thread 0x000001e3072964c0 Thread added: 0x000001e3072964c0
Event: 1.377 Thread 0x000001e3072964c0 Thread exited: 0x000001e3072964c0
Event: 1.377 Thread 0x000001e3071b4b40 Thread exited: 0x000001e3071b4b40
Event: 14.060 Thread 0x000001e37c401b60 Thread added: 0x000001e37c401b60


Dynamic libraries:
0x00007ff69aa20000 - 0x00007ff69aa2e000 	C:\Users\stas2\.jdks\openjdk-20.0.2-1\bin\java.exe
0x00007ff9d5b00000 - 0x00007ff9d5d68000 	C:\WINDOWS\SYSTEM32\ntdll.dll
0x00007ff9d3c10000 - 0x00007ff9d3cd9000 	C:\WINDOWS\System32\KERNEL32.DLL
0x00007ff9d34b0000 - 0x00007ff9d389d000 	C:\WINDOWS\System32\KERNELBASE.dll
0x00007ff9d31f0000 - 0x00007ff9d333b000 	C:\WINDOWS\System32\ucrtbase.dll
0x00007ff9c3420000 - 0x00007ff9c3437000 	C:\Users\stas2\.jdks\openjdk-20.0.2-1\bin\jli.dll
0x00007ff9b6030000 - 0x00007ff9b604b000 	C:\Users\stas2\.jdks\openjdk-20.0.2-1\bin\VCRUNTIME140.dll
0x00007ff9d38a0000 - 0x00007ff9d3a6c000 	C:\WINDOWS\System32\USER32.dll
0x00007ff9d3340000 - 0x00007ff9d3367000 	C:\WINDOWS\System32\win32u.dll
0x00007ff9ba2f0000 - 0x00007ff9ba58a000 	C:\WINDOWS\WinSxS\amd64_microsoft.windows.common-controls_6595b64144ccf1df_6.0.26100.4484_none_3e0e6d4ce32ef3b3\COMCTL32.dll
0x00007ff9d4f20000 - 0x00007ff9d4f4b000 	C:\WINDOWS\System32\GDI32.dll
0x00007ff9d3370000 - 0x00007ff9d34a7000 	C:\WINDOWS\System32\gdi32full.dll
0x00007ff9d4870000 - 0x00007ff9d4919000 	C:\WINDOWS\System32\msvcrt.dll
0x00007ff9d2c50000 - 0x00007ff9d2cf3000 	C:\WINDOWS\System32\msvcp_win.dll
0x00007ff9d3ad0000 - 0x00007ff9d3aff000 	C:\WINDOWS\System32\IMM32.DLL
0x00007ff9b5c00000 - 0x00007ff9b5c0c000 	C:\Users\stas2\.jdks\openjdk-20.0.2-1\bin\vcruntime140_1.dll
0x00007ff975c30000 - 0x00007ff975cbe000 	C:\Users\stas2\.jdks\openjdk-20.0.2-1\bin\msvcp140.dll
0x00007ff90c710000 - 0x00007ff90d3a8000 	C:\Users\stas2\.jdks\openjdk-20.0.2-1\bin\server\jvm.dll
0x00007ff9d4920000 - 0x00007ff9d49d4000 	C:\WINDOWS\System32\ADVAPI32.dll
0x00007ff9d47c0000 - 0x00007ff9d4866000 	C:\WINDOWS\System32\sechost.dll
0x00007ff9d5000000 - 0x00007ff9d5118000 	C:\WINDOWS\System32\RPCRT4.dll
0x00007ff9c5f10000 - 0x00007ff9c5f45000 	C:\WINDOWS\SYSTEM32\WINMM.dll
0x00007ff9b1bf0000 - 0x00007ff9b1bfa000 	C:\WINDOWS\SYSTEM32\WSOCK32.dll
0x00007ff9c8e30000 - 0x00007ff9c8e3b000 	C:\WINDOWS\SYSTEM32\VERSION.dll
0x00007ff9d3b10000 - 0x00007ff9d3b84000 	C:\WINDOWS\System32\WS2_32.dll
0x00007ff9d1b10000 - 0x00007ff9d1b2b000 	C:\WINDOWS\SYSTEM32\kernel.appcore.dll
0x00007ff9b53c0000 - 0x00007ff9b53ca000 	C:\Users\stas2\.jdks\openjdk-20.0.2-1\bin\jimage.dll
0x00007ff9d03c0000 - 0x00007ff9d0601000 	C:\WINDOWS\SYSTEM32\DBGHELP.DLL
0x00007ff9d3ce0000 - 0x00007ff9d4066000 	C:\WINDOWS\System32\combase.dll
0x00007ff9d4080000 - 0x00007ff9d4160000 	C:\WINDOWS\System32\OLEAUT32.dll
0x00007ff9b53e0000 - 0x00007ff9b5423000 	C:\WINDOWS\SYSTEM32\dbgcore.DLL
0x00007ff9d3150000 - 0x00007ff9d31e9000 	C:\WINDOWS\System32\bcryptPrimitives.dll
0x00007ff9ca9a0000 - 0x00007ff9ca9ae000 	C:\Users\stas2\.jdks\openjdk-20.0.2-1\bin\instrument.dll
0x00007ff9b4f80000 - 0x00007ff9b4fa6000 	C:\Users\stas2\.jdks\openjdk-20.0.2-1\bin\java.dll
0x00007ff920400000 - 0x00007ff9204d7000 	C:\Users\stas2\.jdks\openjdk-20.0.2-1\bin\jsvml.dll
0x00007ff9d5130000 - 0x00007ff9d587a000 	C:\WINDOWS\System32\SHELL32.dll
0x00007ff9d2fd0000 - 0x00007ff9d3144000 	C:\WINDOWS\System32\wintypes.dll
0x00007ff9d08a0000 - 0x00007ff9d10fb000 	C:\WINDOWS\SYSTEM32\windows.storage.dll
0x00007ff9d4e20000 - 0x00007ff9d4f15000 	C:\WINDOWS\System32\SHCORE.dll
0x00007ff9d4a60000 - 0x00007ff9d4aca000 	C:\WINDOWS\System32\shlwapi.dll
0x00007ff9d2b60000 - 0x00007ff9d2b8f000 	C:\WINDOWS\SYSTEM32\profapi.dll
0x00007ff9b4e90000 - 0x00007ff9b4ea3000 	C:\Users\stas2\.jdks\openjdk-20.0.2-1\bin\net.dll
0x00007ff9c9c00000 - 0x00007ff9c9d1e000 	C:\WINDOWS\SYSTEM32\WINHTTP.dll
0x00007ff9d20a0000 - 0x00007ff9d210a000 	C:\WINDOWS\system32\mswsock.dll
0x00007ff9b4e70000 - 0x00007ff9b4e86000 	C:\Users\stas2\.jdks\openjdk-20.0.2-1\bin\nio.dll
0x00007ff9a7290000 - 0x00007ff9a72a8000 	C:\Users\stas2\.jdks\openjdk-20.0.2-1\bin\zip.dll
0x00007ff9c4900000 - 0x00007ff9c491a000 	C:\IntelliJ IDEA Community Edition 2021.3.2\IntelliJ IDEA Community Edition 2023.2.1\bin\breakgen64.dll
0x00007ff975bb0000 - 0x00007ff975c2b000 	C:\Users\stas2\AppData\Local\Temp\lwjgl_stas2\3.3.4+7\x64\lwjgl.dll
0x00007ff975820000 - 0x00007ff9758a5000 	C:\Users\stas2\AppData\Local\Temp\lwjgl_stas2\3.3.4+7\x64\glfw.dll
0x00007ff9ab070000 - 0x00007ff9ab0bb000 	C:\WINDOWS\SYSTEM32\dinput8.dll
0x00007ff9ab480000 - 0x00007ff9ab492000 	C:\WINDOWS\SYSTEM32\xinput1_4.dll
0x00007ff9d28b0000 - 0x00007ff9d28dd000 	C:\WINDOWS\SYSTEM32\DEVOBJ.dll
0x00007ff9d28e0000 - 0x00007ff9d2937000 	C:\WINDOWS\SYSTEM32\cfgmgr32.dll
0x00007ff9cd540000 - 0x00007ff9cd576000 	C:\WINDOWS\SYSTEM32\dwmapi.dll
0x00007ff999a30000 - 0x00007ff999c13000 	C:\WINDOWS\SYSTEM32\inputhost.dll
0x00007ff9ccc60000 - 0x00007ff9ccd85000 	C:\WINDOWS\SYSTEM32\CoreMessaging.dll
0x00007ff9cd150000 - 0x00007ff9cd1ff000 	C:\WINDOWS\system32\uxtheme.dll
0x00007ff9d4cb0000 - 0x00007ff9d4e10000 	C:\WINDOWS\System32\MSCTF.dll
0x00007ff9d2370000 - 0x00007ff9d237c000 	C:\WINDOWS\SYSTEM32\CRYPTBASE.DLL
0x00007ff99d040000 - 0x00007ff99d158000 	C:\WINDOWS\SYSTEM32\opengl32.dll
0x00007ff9aa6a0000 - 0x00007ff9aa6cd000 	C:\WINDOWS\SYSTEM32\GLU32.dll
0x00007ff9cfb90000 - 0x00007ff9cfbdd000 	C:\WINDOWS\SYSTEM32\dxcore.dll
0x00007ff9cd370000 - 0x00007ff9cd3d4000 	C:\WINDOWS\SYSTEM32\directxdatabasehelper.dll
0x00007ff9c3380000 - 0x00007ff9c339a000 	C:\WINDOWS\SYSTEM32\windows.staterepositorycore.dll
0x00007ff9236a0000 - 0x00007ff924693000 	C:\WINDOWS\System32\DriverStore\FileRepository\iigd_dch.inf_amd64_5802b1615520e41c\igxelpicd64.dll
0x00007ff9d4610000 - 0x00007ff9d47ae000 	C:\WINDOWS\System32\ole32.dll
0x00007ff9cd3e0000 - 0x00007ff9cd518000 	C:\WINDOWS\system32\dxgi.dll
0x00007ff93bdb0000 - 0x00007ff93c097000 	C:\WINDOWS\System32\DriverStore\FileRepository\iigd_dch.inf_amd64_5802b1615520e41c\igdml64.dll
0x00007ff9c10e0000 - 0x00007ff9c14a7000 	C:\WINDOWS\System32\DriverStore\FileRepository\iigd_dch.inf_amd64_5802b1615520e41c\igdgmm64.dll
0x00007ff9bdac0000 - 0x00007ff9c10d1000 	C:\WINDOWS\System32\DriverStore\FileRepository\iigd_dch.inf_amd64_5802b1615520e41c\igc64.dll
0x00007ff9d1850000 - 0x00007ff9d18ae000 	C:\WINDOWS\SYSTEM32\powrprof.dll
0x00007ff9d1830000 - 0x00007ff9d1844000 	C:\WINDOWS\SYSTEM32\UMPDC.dll
0x00007ff9a4000000 - 0x00007ff9a4150000 	C:\WINDOWS\SYSTEM32\textinputframework.dll
0x00007ff9c3510000 - 0x00007ff9c37f3000 	C:\WINDOWS\SYSTEM32\CoreUIComponents.dll
0x00007ff99d400000 - 0x00007ff99d461000 	C:\Users\stas2\AppData\Local\Temp\lwjgl_stas2\3.3.4+7\x64\lwjgl_opengl.dll
0x00007ff9a4900000 - 0x00007ff9a4910000 	C:\Users\stas2\.jdks\openjdk-20.0.2-1\bin\verify.dll
0x00007ff949560000 - 0x00007ff949688000 	C:\Users\stas2\AppData\Local\Temp\lwjgl_stas2\3.3.4+7\x64\draco.dll
0x00007ff8eef00000 - 0x00007ff8ef5bb000 	C:\Users\stas2\AppData\Local\Temp\lwjgl_stas2\3.3.4+7\x64\assimp.dll
0x00007ff9494c0000 - 0x00007ff949560000 	C:\Users\stas2\AppData\Local\Temp\lwjgl_stas2\3.3.4+7\x64\lwjgl_stb.dll

dbghelp: loaded successfully - version: 4.0.5 - missing functions: none
symbol engine: initialized successfully - sym options: 0x614 - pdb path: .;C:\Users\stas2\.jdks\openjdk-20.0.2-1\bin;C:\WINDOWS\SYSTEM32;C:\WINDOWS\WinSxS\amd64_microsoft.windows.common-controls_6595b64144ccf1df_6.0.26100.4484_none_3e0e6d4ce32ef3b3;C:\Users\stas2\.jdks\openjdk-20.0.2-1\bin\server;C:\IntelliJ IDEA Community Edition 2021.3.2\IntelliJ IDEA Community Edition 2023.2.1\bin;C:\Users\stas2\AppData\Local\Temp\lwjgl_stas2\3.3.4+7\x64;C:\WINDOWS\System32\DriverStore\FileRepository\iigd_dch.inf_amd64_5802b1615520e41c

VM Arguments:
jvm_args: -javaagent:C:\IntelliJ IDEA Community Edition 2021.3.2\IntelliJ IDEA Community Edition 2023.2.1\lib\idea_rt.jar=54824:C:\IntelliJ IDEA Community Edition 2021.3.2\IntelliJ IDEA Community Edition 2023.2.1\bin -Dfile.encoding=windows-1252 -Dsun.stdout.encoding=windows-1252 -Dsun.stderr.encoding=windows-1252 --module-path=C:\Users\stas2\.m2\repository\org\lwjgl\lwjgl-stb\3.3.4\lwjgl-stb-3.3.4.jar;C:\Users\stas2\.m2\repository\org\joml\joml-primitives\1.10.0\joml-primitives-1.10.0.jar;O:\GIt\MultiplayerShooter\target\classes;C:\Users\stas2\.m2\repository\org\lwjgl\lwjgl\3.3.4\lwjgl-3.3.4.jar;C:\Users\stas2\.m2\repository\org\lwjgl\lwjgl-vulkan\3.3.4\lwjgl-vulkan-3.3.4.jar;C:\Users\stas2\.m2\repository\org\lwjgl\lwjgl-opengl\3.3.4\lwjgl-opengl-3.3.4.jar;C:\Users\stas2\.m2\repository\org\lwjgl\lwjgl-glfw\3.3.4\lwjgl-glfw-3.3.4.jar;C:\Users\stas2\.m2\repository\org\lwjgl\lwjgl-assimp\3.3.4\lwjgl-assimp-3.3.4.jar;C:\Users\stas2\.m2\repository\org\joml\joml\1.10.7\joml-1.10.7.jar -Djdk.module.main=com.bedrye.multiplayershooter 
java_command: com.bedrye.multiplayershooter/com.bedrye.bjge.GameEngine.TestMain
java_class_path (initial): C:\Users\stas2\.m2\repository\io\github\spair\imgui-java-binding\1.89.0\imgui-java-binding-1.89.0.jar;C:\Users\stas2\.m2\repository\io\github\spair\imgui-java-lwjgl3\1.89.0\imgui-java-lwjgl3-1.89.0.jar;C:\Users\stas2\.m2\repository\io\github\spair\imgui-java-natives-windows-ft\1.86.11\imgui-java-natives-windows-ft-1.86.11.jar;C:\Users\stas2\.m2\repository\org\lwjgl\lwjgl-bgfx\3.3.4\lwjgl-bgfx-3.3.4.jar;C:\Users\stas2\.m2\repository\org\lwjgl\lwjgl-nanovg\3.3.4\lwjgl-nanovg-3.3.4.jar;C:\Users\stas2\.m2\repository\org\lwjgl\lwjgl-nuklear\3.3.4\lwjgl-nuklear-3.3.4.jar;C:\Users\stas2\.m2\repository\org\lwjgl\lwjgl-openal\3.3.4\lwjgl-openal-3.3.4.jar;C:\Users\stas2\.m2\repository\org\lwjgl\lwjgl-par\3.3.4\lwjgl-par-3.3.4.jar;C:\Users\stas2\.m2\repository\org\lwjgl\lwjgl\3.3.4\lwjgl-3.3.4-natives-windows.jar;C:\Users\stas2\.m2\repository\org\lwjgl\lwjgl-assimp\3.3.4\lwjgl-assimp-3.3.4-natives-windows.jar;C:\Users\stas2\.m2\repository\org\lwjgl\lwjgl-bgfx\3.3.4\lwjgl-bgfx-3.3.4-natives-windows.jar;C:\Users\stas2\.m2\repository\org\lwjgl\lwjgl-glfw\3.3.4\lwjgl-glfw-3.3.4-natives-windows.jar;C:\Users\stas2\.m2\repository\org\lwjgl\lwjgl-nanovg\3.3.4\lwjgl-nanovg-3.3.4-natives-windows.jar;C:\Users\stas2\.m2\repository\org\lwjgl\lwjgl-nuklear\3.3.4\lwjgl-nuklear-3.3.4-natives-windows.jar;C:\Users\stas2\.m2\repository\org\lwjgl\lwjgl-openal\3.3.4\lwjgl-openal-3.3.4-natives-windows.jar;C:\Users\stas2\.m2\repository\org\lwjgl\lwjgl-opengl\3.3.4\lwjgl-opengl-3.3.4-natives-windows.jar;C:\Users\stas2\.m2\repository\org\lwjgl\lwjgl-par\3.3.4\lwjgl-par-3.3.4-natives-windows.jar;C:\Users\stas2\.m2\repository\org\lwjgl\lwjgl-stb\3.3.4\lwjgl-stb-3.3.4-natives-windows.jar
Launcher Type: SUN_STANDARD

[Global flags]
     intx CICompilerCount                          = 4                                         {product} {ergonomic}
     uint ConcGCThreads                            = 3                                         {product} {ergonomic}
     uint G1ConcRefinementThreads                  = 10                                        {product} {ergonomic}
   size_t G1HeapRegionSize                         = 2097152                                   {product} {ergonomic}
    uintx GCDrainStackTargetSize                   = 64                                        {product} {ergonomic}
   size_t InitialHeapSize                          = 266338304                                 {product} {ergonomic}
   size_t MarkStackSize                            = 4194304                                   {product} {ergonomic}
   size_t MaxHeapSize                              = 4238344192                                {product} {ergonomic}
   size_t MaxNewSize                               = 2541748224                                {product} {ergonomic}
   size_t MinHeapDeltaBytes                        = 2097152                                   {product} {ergonomic}
   size_t MinHeapSize                              = 8388608                                   {product} {ergonomic}
    uintx NonNMethodCodeHeapSize                   = 5839372                                {pd product} {ergonomic}
    uintx NonProfiledCodeHeapSize                  = 122909434                              {pd product} {ergonomic}
    uintx ProfiledCodeHeapSize                     = 122909434                              {pd product} {ergonomic}
    uintx ReservedCodeCacheSize                    = 251658240                              {pd product} {ergonomic}
     bool SegmentedCodeCache                       = true                                      {product} {ergonomic}
   size_t SoftMaxHeapSize                          = 4238344192                             {manageable} {ergonomic}
     bool UseCompressedClassPointers               = true                           {product lp64_product} {ergonomic}
     bool UseCompressedOops                        = true                           {product lp64_product} {ergonomic}
     bool UseG1GC                                  = true                                      {product} {ergonomic}
     bool UseLargePagesIndividualAllocation        = false                                  {pd product} {ergonomic}

Logging:
Log output configuration:
 #0: stdout all=off uptime,level,tags foldmultilines=false
 #1: stderr all=off uptime,level,tags foldmultilines=false

Environment Variables:
JAVA_HOME=C:\Program Files\Java\jdk-11.0.2
PATH=C:\Program Files\PlasticSCM5\server;C:\Program Files\PlasticSCM5\client;C:\Program Files\NVIDIA GPU Computing Toolkit\CUDA\v12.6\bin;C:\Program Files\NVIDIA GPU Computing Toolkit\CUDA\v12.6\libnvvp;C:\Program Files\Common Files\Oracle\Java\javapath;C:\Windows\system32;C:\Windows;C:\Program Files\Java\jdk-11.0.2\bin;C:\Windows\System32\Wbem;C:\ORacleDatabase\dbhomeXE\bin;C:\Windows\System32\WindowsPowerShell\v1.0\;C:\Windows\System32\OpenSSH\;C:\Program Files (x86)\NVIDIA Corporation\PhysX\Common;C:\Program Files\NVIDIA Corporation\NVIDIA NvDLISR;C:\Program Files\Docker\Docker\resources\bin;C:\Program Files\Git LFS;C:\Program Files\Git\cmd;C:\Program Files (x86)\Windows Kits\10\Windows Performance Toolkit\;C:\Program Files (x86)\Steam\steamapps\common\Counter-Strike Global Offensive\game\bin\win64;C:\Users\stas2\AppData\Local\Programs\Python\Python311;C:\Program Files\dotnet\;C:\Program Files\Microsoft SQL Server\150\Tools\Binn\;C:\Program Files\Microsoft SQL Server\Client SDK\ODBC\170\Tools\Binn\;C:\Program Files\NVIDIA Corporation\Nsight Compute 2024.3.2\;C:\Program Files (x86)\Microsoft SQL Server\160\Tools\Binn\;C:\Program Files\Microsoft SQL Server\160\Tools\Binn\;C:\Program Files\Microsoft SQL Server\160\DTS\Binn\;C:\Program Files (x86)\Microsoft SQL Server\160\DTS\Binn\;C:\WINDOWS\system32;C:\WINDOWS;C:\WINDOWS\System32\Wbem;C:\WINDOWS\System32\WindowsPowerShell\v1.0\;C:\WINDOWS\System32\OpenSSH\;C:\Users\stas2\AppData\Local\Microsoft\WindowsApps;C:\Users\stas2\AppData\Local\Programs\Microsoft VS Code\bin;C:\Users\stas2\AppData\Local\GitHubDesktop\bin;C:\Users\stas2\AppData\Local\Programs\Python\Python311;C:\Program Files (x86)\Steam\steamapps\common\Counter-Strike Global Offensive\game\bin\win64;C:\Users\stas2\.dotnet\tools;C:\Users\stas2\AppData\Local\Muse Hub\lib;
USERNAME=stas2
OS=Windows_NT
PROCESSOR_IDENTIFIER=Intel64 Family 6 Model 141 Stepping 1, GenuineIntel
TMP=C:\Users\stas2\AppData\Local\Temp
TEMP=C:\Users\stas2\AppData\Local\Temp




---------------  S Y S T E M  ---------------

OS:
 Windows 11 , 64 bit Build 26100 (10.0.26100.4484)
OS uptime: 4 days 8:04 hours
Hyper-V role detected

CPU: total 12 (initial active 12) (6 cores per cpu, 2 threads per core) family 6 model 141 stepping 1 microcode 0x3c, cx8, cmov, fxsr, ht, mmx, 3dnowpref, sse, sse2, sse3, ssse3, sse4.1, sse4.2, popcnt, lzcnt, tsc, tscinvbit, avx, avx2, aes, erms, clmul, bmi1, bmi2, adx, avx512f, avx512dq, avx512cd, avx512bw, avx512vl, sha, fma, vzeroupper, avx512_vpopcntdq, avx512_vpclmulqdq, avx512_vaes, avx512_vnni, clflush, clflushopt, clwb, avx512_vbmi2, avx512_vbmi, hv, rdtscp, rdpid, fsrm, gfni, avx512_bitalg, f16c, cet_ibt, cet_ss, avx512_ifma

Memory: 4k page, system-wide physical 16163M (2781M free)
TotalPageFile size 42787M (AvailPageFile size 18942M)
current process WorkingSet (physical memory assigned to process): 234M, peak: 242M
current process commit charge ("private bytes"): 412M, peak: 423M

vm_info: OpenJDK 64-Bit Server VM (20.0.2+9-78) for windows-amd64 JRE (20.0.2+9-78), built on 2023-06-14T10:08:48Z by "mach5one" with MS VC++ 17.1 (VS2022)

END.
