#
# A fatal error has been detected by the Java Runtime Environment:
#
#  EXCEPTION_ACCESS_VIOLATION (0xc0000005) at pc=0x00007ff9702f366c, pid=31996, tid=10988
#
# JRE version: OpenJDK Runtime Environment (20.0.2+9) (build 20.0.2+9-78)
# Java VM: OpenJDK 64-Bit Server VM (20.0.2+9-78, mixed mode, sharing, tiered, compressed oops, compressed class ptrs, g1 gc, windows-amd64)
# Problematic frame:
# C  [igxelpicd64.dll+0x13366c]
#
# No core dump will be written. Minidumps are not enabled by default on client versions of Windows
#
# If you would like to submit a bug report, please visit:
#   https://bugreport.java.com/bugreport/crash.jsp
#

---------------  S U M M A R Y ------------

Command Line: -javaagent:C:\IntelliJ IDEA Community Edition 2021.3.2\IntelliJ IDEA Community Edition 2023.2.1\lib\idea_rt.jar=51273:C:\IntelliJ IDEA Community Edition 2021.3.2\IntelliJ IDEA Community Edition 2023.2.1\bin -Dfile.encoding=windows-1252 -Dsun.stdout.encoding=windows-1252 -Dsun.stderr.encoding=windows-1252 --module-path=C:\Users\stas2\.m2\repository\org\lwjgl\lwjgl-assimp\3.3.4\lwjgl-assimp-3.3.4.jar;C:\Users\stas2\.m2\repository\org\lwjgl\lwjgl\3.3.4\lwjgl-3.3.4.jar;C:\Users\stas2\.m2\repository\org\joml\joml\1.10.7\joml-1.10.7.jar;C:\Users\stas2\.m2\repository\org\lwjgl\lwjgl-opengl\3.3.4\lwjgl-opengl-3.3.4.jar;C:\Users\stas2\.m2\repository\org\lwjgl\lwjgl-stb\3.3.4\lwjgl-stb-3.3.4.jar;C:\Users\stas2\.m2\repository\org\lwjgl\lwjgl-vulkan\3.3.4\lwjgl-vulkan-3.3.4.jar;C:\Users\stas2\.m2\repository\io\github\spair\imgui-java-lwjgl3\1.89.0\imgui-java-lwjgl3-1.89.0.jar;C:\Users\stas2\.m2\repository\io\github\spair\imgui-java-binding\1.89.0\imgui-java-binding-1.89.0.jar;C:\Users\stas2\.m2\repository\org\lwjgl\lwjgl-glfw\3.3.4\lwjgl-glfw-3.3.4.jar;O:\GIt\MultiplayerShooter\target\classes;C:\Users\stas2\.m2\repository\org\joml\joml-primitives\1.10.0\joml-primitives-1.10.0.jar -Djdk.module.main=com.bedrye.multiplayershooter com.bedrye.multiplayershooter/com.bedrye.bjge.GameEngine.TestMain

Host: 11th Gen Intel(R) Core(TM) i5-11400H @ 2.70GHz, 12 cores, 15G,  Windows 11 , 64 bit Build 26100 (10.0.26100.4768)
Time: Fri Sep  5 13:27:42 2025 FLE Summer Time elapsed time: 94.761384 seconds (0d 0h 1m 34s)

---------------  T H R E A D  ---------------

Current thread (0x0000028ee0531e60):  VMThread "VM Thread" [stack: 0x000000e5cf000000,0x000000e5cf100000] [id=10988]

Stack: [0x000000e5cf000000,0x000000e5cf100000],  sp=0x000000e5cf0fe900,  free space=1018k
Native frames: (J=compiled Java code, j=interpreted, Vv=VM code, C=native code)
C  [igxelpicd64.dll+0x13366c]


siginfo: EXCEPTION_ACCESS_VIOLATION (0xc0000005), reading address 0x00000000000356f8


Registers:
RAX=0x0000028f259016c8, RBX=0x0000028f259015c0, RCX=0x0000000000000000, RDX=0x0000000000000000
RSP=0x000000e5cf0fe900, RBP=0x0000000000000000, RSI=0x0000028f25901b90, RDI=0x0000028f2600eb60
R8 =0x0000000000000014, R9 =0x000000e5ce454000, R10=0x0000000000000000, R11=0x0000000000000000
R12=0x0000000000000000, R13=0x0000028f25900f30, R14=0x0000000000fbc200, R15=0x0000000000000016
RIP=0x00007ff9702f366c, EFLAGS=0x0000000000010202


Register to memory mapping:

RIP=0x00007ff9702f366c igxelpicd64.dll
RAX=0x0000028f259016c8 points into unknown readable memory: 0x0000000000fae449 | 49 e4 fa 00 00 00 00 00
RBX=0x0000028f259015c0 points into unknown readable memory: 0x0000028f2607c0e0 | e0 c0 07 26 8f 02 00 00
RCX=0x0 is NULL
RDX=0x0 is NULL
RSP=0x000000e5cf0fe900 points into unknown readable memory: 0x0000028f25fdfd30 | 30 fd fd 25 8f 02 00 00
RBP=0x0 is NULL
RSI=0x0000028f25901b90 points into unknown readable memory: 0x0000028f25900f30 | 30 0f 90 25 8f 02 00 00
RDI=0x0000028f2600eb60 points into unknown readable memory: 0x0000028f2608bd00 | 00 bd 08 26 8f 02 00 00
R8 =0x0000000000000014 is an unknown value
R9 =0x000000e5ce454000 points into unknown readable memory: 0x0000000000000000 | 00 00 00 00 00 00 00 00
R10=0x0 is NULL
R11=0x0 is NULL
R12=0x0 is NULL
R13=0x0000028f25900f30 points into unknown readable memory: 0x0000028f2607c0e0 | e0 c0 07 26 8f 02 00 00
R14=0x0000000000fbc200 is an unknown value
R15=0x0000000000000016 is an unknown value


Top of Stack: (sp=0x000000e5cf0fe900)
0x000000e5cf0fe900:   0000028f25fdfd30 0000000000000000
0x000000e5cf0fe910:   7a47035b34440373 00007ff9fcfa68d4
0x000000e5cf0fe920:   264c0338394b0357 f34d0313424c0335
0x000000e5cf0fe930:   2150036c444f0259 6152036a13520358
0x000000e5cf0fe940:   0000028f2638d778 0000000000fbc2c9
0x000000e5cf0fe950:   0000000000000000 0000000000000010
0x000000e5cf0fe960:   0000000000000000 0000000000000000
0x000000e5cf0fe970:   000000e5cf0fea80 00007ff97046bc3c
0x000000e5cf0fe980:   0000028f25fdfd30 0000028f2600eb60
0x000000e5cf0fe990:   3885034027850300 a8880332b6850300
0x000000e5cf0fe9a0:   000000e5000008f8 0000b8021e540000
0x000000e5cf0fe9b0:   0000000000000000 1b9e0359ea980360
0x000000e5cf0fe9c0:   01a00250f39f035a 9ea702b2a7a6034b
0x000000e5cf0fe9d0:   5aaa0368e0a802ca 44ad02b97dab0347
0x000000e5cf0fe9e0:   c2b503681ab5036f 00007ff9704619a0
0x000000e5cf0fe9f0:   38be036248b902c4 cbc3035917c20338
0x000000e5cf0fea00:   bec7036c41c40370 86ca036f88c80340
0x000000e5cf0fea10:   cfcb033837cb0370 0fcc035ccfcb0347
0x000000e5cf0fea20:   f3cc037086cc02e0 00007ff970243cdf
0x000000e5cf0fea30:   0000b8021e540000 00000000000008f8
0x000000e5cf0fea40:   0000000000000000 4000188000000001
0x000000e5cf0fea50:   0000000000000000 0000000000000000
0x000000e5cf0fea60:   0000000000000000 0000000000000000
0x000000e5cf0fea70:   0000000000000000 0000000000000000
0x000000e5cf0fea80:   0000000000000000 0000000000000000
0x000000e5cf0fea90:   0000000000000000 0000000000000000
0x000000e5cf0feaa0:   0000000000000000 0000000000000000
0x000000e5cf0feab0:   0000000000000000 0000000000000000
0x000000e5cf0feac0:   0000000000000000 0000000000000000
0x000000e5cf0fead0:   0000000000000000 0000000000000000
0x000000e5cf0feae0:   0000000000000000 0000000000000000
0x000000e5cf0feaf0:   0000000000000000 0000000000000000 

Instructions: (pc=0x00007ff9702f366c)
0x00007ff9702f356c:   ec 40 45 8a e1 48 8b fa 48 8b e9 48 8b 1d 42 08
0x00007ff9702f357c:   e0 00 48 89 58 08 48 8b cb ff 15 85 5b 9a 00 90
0x00007ff9702f358c:   4c 8b af 78 02 00 00 48 8b 05 c6 e4 cf 00 44 8b
0x00007ff9702f359c:   b8 40 0b 00 00 45 33 db 45 8a f3 4c 89 9f 78 02
0x00007ff9702f35ac:   00 00 44 89 9f 80 02 00 00 4c 89 9f 98 02 00 00
0x00007ff9702f35bc:   4c 89 9f 88 02 00 00 48 85 ed 75 38 8b 35 4a e2
0x00007ff9702f35cc:   df 00 65 48 8b 04 25 58 00 00 00 b9 14 00 00 00
0x00007ff9702f35dc:   48 8b 04 f0 44 38 1c 01 0f 84 9d da 86 00 65 48
0x00007ff9702f35ec:   8b 04 25 58 00 00 00 bd 20 00 00 00 48 8b 04 f0
0x00007ff9702f35fc:   48 8b 2c 28 48 3b 2d 39 07 e0 00 45 0f 44 fb 4d
0x00007ff9702f360c:   85 ed 0f 84 21 01 00 00 44 8a a4 24 90 00 00 00
0x00007ff9702f361c:   49 8b dd 49 8d b5 d0 05 00 00 4c 8b 2e 45 84 e4
0x00007ff9702f362c:   0f 85 2a 03 00 00 8b 97 c8 01 00 00 48 8b 05 21
0x00007ff9702f363c:   e4 cf 00 83 b8 78 03 00 00 02 75 31 83 fa 10 0f
0x00007ff9702f364c:   83 20 01 00 00 48 8d 04 d5 21 00 00 00 48 03 c2
0x00007ff9702f365c:   48 8d 04 c3 48 85 c0 0f 85 ff 00 00 00 49 8b cb
0x00007ff9702f366c:   48 3b 8d f8 56 03 00 0f 87 f3 02 00 00 4c 39 9b
0x00007ff9702f367c:   48 06 00 00 0f 85 41 da 86 00 44 8b 97 c8 01 00
0x00007ff9702f368c:   00 48 8b 87 e0 01 00 00 4c 8b 08 8b 97 c8 01 00
0x00007ff9702f369c:   00 83 fa 10 0f 83 03 01 00 00 48 8d 04 d5 21 00
0x00007ff9702f36ac:   00 00 48 03 c2 48 8d 04 c3 48 85 c0 0f 85 e2 00
0x00007ff9702f36bc:   00 00 49 8b cb 49 3b c9 0f 86 0e 01 00 00 48 8b
0x00007ff9702f36cc:   87 78 02 00 00 48 89 06 48 89 9f 78 02 00 00 ff
0x00007ff9702f36dc:   87 80 02 00 00 48 8b 43 08 48 8b 88 18 01 00 00
0x00007ff9702f36ec:   48 81 e1 00 00 ff ff 48 81 c1 00 00 01 00 48 01
0x00007ff9702f36fc:   8f 88 02 00 00 48 8b 43 08 48 8b 88 18 01 00 00
0x00007ff9702f370c:   48 01 8f 98 02 00 00 4d 85 ed 0f 85 00 ff ff ff
0x00007ff9702f371c:   45 84 f6 44 8a a4 24 98 00 00 00 0f 85 82 03 00
0x00007ff9702f372c:   00 48 8b 9c 24 80 00 00 00 48 8b cf 45 84 e4 0f
0x00007ff9702f373c:   85 8a 03 00 00 e8 fa f9 ff ff 90 48 8b cb 48 8b
0x00007ff9702f374c:   9c 24 88 00 00 00 48 83 c4 40 41 5f 41 5e 41 5d
0x00007ff9702f375c:   41 5c 5f 5e 5d 48 ff 25 b0 59 9a 00 48 8b 48 08 


Stack slot to memory mapping:
stack at sp + 0 slots: 0x0000028f25fdfd30 points into unknown readable memory: 0xffffffffffffffff | ff ff ff ff ff ff ff ff
stack at sp + 1 slots: 0x0 is NULL
stack at sp + 2 slots: 0x7a47035b34440373 is an unknown value
stack at sp + 3 slots: 0x00007ff9fcfa68d4 ntdll.dll
stack at sp + 4 slots: 0x264c0338394b0357 is an unknown value
stack at sp + 5 slots: 0xf34d0313424c0335 is an unknown value
stack at sp + 6 slots: 0x2150036c444f0259 is an unknown value
stack at sp + 7 slots: 0x6152036a13520358 is an unknown value

VM_Operation (0x000000e5ce7ff210): Exit, mode: safepoint, requested by thread 0x0000028ebe70eaa0


---------------  P R O C E S S  ---------------

Threads class SMR info:
_java_thread_list=0x0000028f2c6813d0, length=13, elements={
0x0000028ec0bb2f10, 0x0000028ee05515d0, 0x0000028ee0554210, 0x0000028ee0554e40,
0x0000028ee0557ae0, 0x0000028ee055a690, 0x0000028ee0559650, 0x0000028ee0566740,
0x0000028ee05670c0, 0x0000028f258b84d0, 0x0000028f25c1e8e0, 0x0000028f25e1fcd0,
0x0000028ebe70eaa0
}

Java Threads: ( => current thread )
  0x0000028ec0bb2f10 JavaThread "main" [_thread_blocked, id=32912, stack(0x000000e5cea00000,0x000000e5ceb00000)]
  0x0000028ee05515d0 JavaThread "Reference Handler" daemon [_thread_blocked, id=4072, stack(0x000000e5cf100000,0x000000e5cf200000)]
  0x0000028ee0554210 JavaThread "Finalizer" daemon [_thread_blocked, id=5200, stack(0x000000e5cf200000,0x000000e5cf300000)]
  0x0000028ee0554e40 JavaThread "Signal Dispatcher" daemon [_thread_blocked, id=20824, stack(0x000000e5cf300000,0x000000e5cf400000)]
  0x0000028ee0557ae0 JavaThread "Attach Listener" daemon [_thread_blocked, id=35528, stack(0x000000e5cf400000,0x000000e5cf500000)]
  0x0000028ee055a690 JavaThread "Service Thread" daemon [_thread_blocked, id=33472, stack(0x000000e5cf500000,0x000000e5cf600000)]
  0x0000028ee0559650 JavaThread "Monitor Deflation Thread" daemon [_thread_blocked, id=22536, stack(0x000000e5cf600000,0x000000e5cf700000)]
  0x0000028ee0566740 JavaThread "C2 CompilerThread0" daemon [_thread_blocked, id=17732, stack(0x000000e5cf700000,0x000000e5cf800000)]
  0x0000028ee05670c0 JavaThread "C1 CompilerThread0" daemon [_thread_blocked, id=23852, stack(0x000000e5cf800000,0x000000e5cf900000)]
  0x0000028f258b84d0 JavaThread "Common-Cleaner" daemon [_thread_blocked, id=15216, stack(0x000000e5cf900000,0x000000e5cfa00000)]
  0x0000028f25c1e8e0 JavaThread "Monitor Ctrl-Break" daemon [_thread_in_native, id=24332, stack(0x000000e5cfc00000,0x000000e5cfd00000)]
  0x0000028f25e1fcd0 JavaThread "Notification Thread" daemon [_thread_blocked, id=37268, stack(0x000000e5cfd00000,0x000000e5cfe00000)]
  0x0000028ebe70eaa0 JavaThread "SIGINT handler" daemon [_thread_blocked, id=34888, stack(0x000000e5ce700000,0x000000e5ce800000)]

Other Threads:
=>0x0000028ee0531e60 VMThread "VM Thread" [stack: 0x000000e5cf000000,0x000000e5cf100000] [id=10988]
  0x0000028ec0c27540 WorkerThread "GC Thread#0" [stack: 0x000000e5ceb00000,0x000000e5cec00000] [id=26704]
  0x0000028f2c36d2b0 WorkerThread "GC Thread#1" [stack: 0x000000e5d0400000,0x000000e5d0500000] [id=36168]
  0x0000028f2c36ca40 WorkerThread "GC Thread#2" [stack: 0x000000e5d0500000,0x000000e5d0600000] [id=37480]
  0x0000028f2c36c770 WorkerThread "GC Thread#3" [stack: 0x000000e5d0600000,0x000000e5d0700000] [id=19236]
  0x0000028f2c36cd10 WorkerThread "GC Thread#4" [stack: 0x000000e5d0700000,0x000000e5d0800000] [id=24732]
  0x0000028f2c36cfe0 WorkerThread "GC Thread#5" [stack: 0x000000e5d0800000,0x000000e5d0900000] [id=7992]
  0x0000028f2c36d580 WorkerThread "GC Thread#6" [stack: 0x000000e5d0900000,0x000000e5d0a00000] [id=26116]
  0x0000028f2c36c4a0 WorkerThread "GC Thread#7" [stack: 0x000000e5d0a00000,0x000000e5d0b00000] [id=29588]
  0x0000028f2c36d850 WorkerThread "GC Thread#8" [stack: 0x000000e5d0b00000,0x000000e5d0c00000] [id=11396]
  0x0000028f2c36ddf0 WorkerThread "GC Thread#9" [stack: 0x000000e5d0c00000,0x000000e5d0d00000] [id=15964]
  0x0000028ec0c38240 ConcurrentGCThread "G1 Main Marker" terminated
  0x0000028ec0c3a830 WorkerThread "G1 Conc#0" [stack: 0x000000e5ced00000,0x000000e5cee00000] [id=8820]
  0x0000028ee03ebd60 ConcurrentGCThread "G1 Refine#0" terminated
  0x0000028ee03ec5b0 ConcurrentGCThread "G1 Service" terminated

Threads with active compile tasks:

VM state: at safepoint (shutting down)

VM Mutex/Monitor currently owned by a thread:  ([mutex/lock_event])
[0x0000028ec0bb1350] Threads_lock - owner thread: 0x0000028ee0531e60
[0x0000028ec0bb1080] Heap_lock - owner thread: 0x0000028ebe70eaa0

Heap address: 0x0000000703600000, size: 4042 MB, Compressed Oops mode: Zero based, Oop shift amount: 3

CDS archive(s) mapped at: [0x0000028ee0800000-0x0000028ee1460000-0x0000028ee1460000), size 12976128, SharedBaseAddress: 0x0000028ee0800000, ArchiveRelocationMode: 1.
Compressed class space mapped at: 0x0000028ee1800000-0x0000028f21800000, reserved size: 1073741824
Narrow klass base: 0x0000028ee0800000, Narrow klass shift: 0, Narrow klass range: 0x100000000

GC Precious Log:
 CardTable entry size: 512
 Card Set container configuration: InlinePtr #cards 4 size 8 Array Of Cards #cards 16 size 48 Howl #buckets 8 coarsen threshold 3686 Howl Bitmap #cards 512 size 80 coarsen threshold 460 Card regions per heap region 1 cards per card region 4096
 CPUs: 12 total, 12 available
 Memory: 16163M
 Large Page Support: Disabled
 NUMA Support: Disabled
 Compressed Oops: Enabled (Zero based)
 Heap Region Size: 2M
 Heap Min Capacity: 8M
 Heap Initial Capacity: 254M
 Heap Max Capacity: 4042M
 Pre-touch: Disabled
 Parallel Workers: 10
 Concurrent Workers: 3
 Concurrent Refinement Workers: 10
 Periodic GC: Disabled

Heap:
 garbage-first heap   total 260096K, used 39105K [0x0000000703600000, 0x0000000800000000)
  region size 2048K, 18 young (36864K), 3 survivors (6144K)
 Metaspace       used 9873K, committed 10176K, reserved 1114112K
  class space    used 562K, committed 704K, reserved 1048576K

Heap Regions: E=young(eden), S=young(survivor), O=old, HS=humongous(starts), HC=humongous(continues), CS=collection set, F=free, OA=open archive, CA=closed archive, TAMS=top-at-mark-start, PB=parsable bottom
|   0|0x0000000703600000, 0x0000000703800000, 0x0000000703800000|100%| O|  |TAMS 0x0000000703600000| PB 0x0000000703600000| Untracked 
|   1|0x0000000703800000, 0x0000000703a00000, 0x0000000703a00000|100%| O|  |TAMS 0x0000000703800000| PB 0x0000000703800000| Untracked 
|   2|0x0000000703a00000, 0x0000000703c00000, 0x0000000703c00000|100%| O|  |TAMS 0x0000000703a00000| PB 0x0000000703a00000| Untracked 
|   3|0x0000000703c00000, 0x0000000703c30600, 0x0000000703e00000|  9%| O|  |TAMS 0x0000000703c00000| PB 0x0000000703c00000| Untracked 
|   4|0x0000000703e00000, 0x0000000703e00000, 0x0000000704000000|  0%| F|  |TAMS 0x0000000703e00000| PB 0x0000000703e00000| Untracked 
|   5|0x0000000704000000, 0x0000000704000000, 0x0000000704200000|  0%| F|  |TAMS 0x0000000704000000| PB 0x0000000704000000| Untracked 
|   6|0x0000000704200000, 0x0000000704200000, 0x0000000704400000|  0%| F|  |TAMS 0x0000000704200000| PB 0x0000000704200000| Untracked 
|   7|0x0000000704400000, 0x0000000704400000, 0x0000000704600000|  0%| F|  |TAMS 0x0000000704400000| PB 0x0000000704400000| Untracked 
|   8|0x0000000704600000, 0x0000000704600000, 0x0000000704800000|  0%| F|  |TAMS 0x0000000704600000| PB 0x0000000704600000| Untracked 
|   9|0x0000000704800000, 0x0000000704800000, 0x0000000704a00000|  0%| F|  |TAMS 0x0000000704800000| PB 0x0000000704800000| Untracked 
|  10|0x0000000704a00000, 0x0000000704a00000, 0x0000000704c00000|  0%| F|  |TAMS 0x0000000704a00000| PB 0x0000000704a00000| Untracked 
|  11|0x0000000704c00000, 0x0000000704c00000, 0x0000000704e00000|  0%| F|  |TAMS 0x0000000704c00000| PB 0x0000000704c00000| Untracked 
|  12|0x0000000704e00000, 0x0000000704e00000, 0x0000000705000000|  0%| F|  |TAMS 0x0000000704e00000| PB 0x0000000704e00000| Untracked 
|  13|0x0000000705000000, 0x0000000705000000, 0x0000000705200000|  0%| F|  |TAMS 0x0000000705000000| PB 0x0000000705000000| Untracked 
|  14|0x0000000705200000, 0x0000000705200000, 0x0000000705400000|  0%| F|  |TAMS 0x0000000705200000| PB 0x0000000705200000| Untracked 
|  15|0x0000000705400000, 0x0000000705400000, 0x0000000705600000|  0%| F|  |TAMS 0x0000000705400000| PB 0x0000000705400000| Untracked 
|  16|0x0000000705600000, 0x0000000705600000, 0x0000000705800000|  0%| F|  |TAMS 0x0000000705600000| PB 0x0000000705600000| Untracked 
|  17|0x0000000705800000, 0x0000000705800000, 0x0000000705a00000|  0%| F|  |TAMS 0x0000000705800000| PB 0x0000000705800000| Untracked 
|  18|0x0000000705a00000, 0x0000000705a00000, 0x0000000705c00000|  0%| F|  |TAMS 0x0000000705a00000| PB 0x0000000705a00000| Untracked 
|  19|0x0000000705c00000, 0x0000000705c00000, 0x0000000705e00000|  0%| F|  |TAMS 0x0000000705c00000| PB 0x0000000705c00000| Untracked 
|  20|0x0000000705e00000, 0x0000000705e00000, 0x0000000706000000|  0%| F|  |TAMS 0x0000000705e00000| PB 0x0000000705e00000| Untracked 
|  21|0x0000000706000000, 0x0000000706000000, 0x0000000706200000|  0%| F|  |TAMS 0x0000000706000000| PB 0x0000000706000000| Untracked 
|  22|0x0000000706200000, 0x0000000706200000, 0x0000000706400000|  0%| F|  |TAMS 0x0000000706200000| PB 0x0000000706200000| Untracked 
|  23|0x0000000706400000, 0x0000000706400000, 0x0000000706600000|  0%| F|  |TAMS 0x0000000706400000| PB 0x0000000706400000| Untracked 
|  24|0x0000000706600000, 0x0000000706600000, 0x0000000706800000|  0%| F|  |TAMS 0x0000000706600000| PB 0x0000000706600000| Untracked 
|  25|0x0000000706800000, 0x0000000706800000, 0x0000000706a00000|  0%| F|  |TAMS 0x0000000706800000| PB 0x0000000706800000| Untracked 
|  26|0x0000000706a00000, 0x0000000706a00000, 0x0000000706c00000|  0%| F|  |TAMS 0x0000000706a00000| PB 0x0000000706a00000| Untracked 
|  27|0x0000000706c00000, 0x0000000706c00000, 0x0000000706e00000|  0%| F|  |TAMS 0x0000000706c00000| PB 0x0000000706c00000| Untracked 
|  28|0x0000000706e00000, 0x0000000706e00000, 0x0000000707000000|  0%| F|  |TAMS 0x0000000706e00000| PB 0x0000000706e00000| Untracked 
|  29|0x0000000707000000, 0x0000000707000000, 0x0000000707200000|  0%| F|  |TAMS 0x0000000707000000| PB 0x0000000707000000| Untracked 
|  30|0x0000000707200000, 0x0000000707200000, 0x0000000707400000|  0%| F|  |TAMS 0x0000000707200000| PB 0x0000000707200000| Untracked 
|  31|0x0000000707400000, 0x0000000707400000, 0x0000000707600000|  0%| F|  |TAMS 0x0000000707400000| PB 0x0000000707400000| Untracked 
|  32|0x0000000707600000, 0x0000000707600000, 0x0000000707800000|  0%| F|  |TAMS 0x0000000707600000| PB 0x0000000707600000| Untracked 
|  33|0x0000000707800000, 0x0000000707800000, 0x0000000707a00000|  0%| F|  |TAMS 0x0000000707800000| PB 0x0000000707800000| Untracked 
|  34|0x0000000707a00000, 0x0000000707a00000, 0x0000000707c00000|  0%| F|  |TAMS 0x0000000707a00000| PB 0x0000000707a00000| Untracked 
|  35|0x0000000707c00000, 0x0000000707c00000, 0x0000000707e00000|  0%| F|  |TAMS 0x0000000707c00000| PB 0x0000000707c00000| Untracked 
|  36|0x0000000707e00000, 0x0000000707e00000, 0x0000000708000000|  0%| F|  |TAMS 0x0000000707e00000| PB 0x0000000707e00000| Untracked 
|  37|0x0000000708000000, 0x0000000708000000, 0x0000000708200000|  0%| F|  |TAMS 0x0000000708000000| PB 0x0000000708000000| Untracked 
|  38|0x0000000708200000, 0x0000000708200000, 0x0000000708400000|  0%| F|  |TAMS 0x0000000708200000| PB 0x0000000708200000| Untracked 
|  39|0x0000000708400000, 0x0000000708400000, 0x0000000708600000|  0%| F|  |TAMS 0x0000000708400000| PB 0x0000000708400000| Untracked 
|  40|0x0000000708600000, 0x0000000708600000, 0x0000000708800000|  0%| F|  |TAMS 0x0000000708600000| PB 0x0000000708600000| Untracked 
|  41|0x0000000708800000, 0x0000000708800000, 0x0000000708a00000|  0%| F|  |TAMS 0x0000000708800000| PB 0x0000000708800000| Untracked 
|  42|0x0000000708a00000, 0x0000000708a00000, 0x0000000708c00000|  0%| F|  |TAMS 0x0000000708a00000| PB 0x0000000708a00000| Untracked 
|  43|0x0000000708c00000, 0x0000000708c00000, 0x0000000708e00000|  0%| F|  |TAMS 0x0000000708c00000| PB 0x0000000708c00000| Untracked 
|  44|0x0000000708e00000, 0x0000000708e00000, 0x0000000709000000|  0%| F|  |TAMS 0x0000000708e00000| PB 0x0000000708e00000| Untracked 
|  45|0x0000000709000000, 0x0000000709000000, 0x0000000709200000|  0%| F|  |TAMS 0x0000000709000000| PB 0x0000000709000000| Untracked 
|  46|0x0000000709200000, 0x0000000709200000, 0x0000000709400000|  0%| F|  |TAMS 0x0000000709200000| PB 0x0000000709200000| Untracked 
|  47|0x0000000709400000, 0x0000000709400000, 0x0000000709600000|  0%| F|  |TAMS 0x0000000709400000| PB 0x0000000709400000| Untracked 
|  48|0x0000000709600000, 0x0000000709600000, 0x0000000709800000|  0%| F|  |TAMS 0x0000000709600000| PB 0x0000000709600000| Untracked 
|  49|0x0000000709800000, 0x0000000709800000, 0x0000000709a00000|  0%| F|  |TAMS 0x0000000709800000| PB 0x0000000709800000| Untracked 
|  50|0x0000000709a00000, 0x0000000709a00000, 0x0000000709c00000|  0%| F|  |TAMS 0x0000000709a00000| PB 0x0000000709a00000| Untracked 
|  51|0x0000000709c00000, 0x0000000709c00000, 0x0000000709e00000|  0%| F|  |TAMS 0x0000000709c00000| PB 0x0000000709c00000| Untracked 
|  52|0x0000000709e00000, 0x0000000709e00000, 0x000000070a000000|  0%| F|  |TAMS 0x0000000709e00000| PB 0x0000000709e00000| Untracked 
|  53|0x000000070a000000, 0x000000070a000000, 0x000000070a200000|  0%| F|  |TAMS 0x000000070a000000| PB 0x000000070a000000| Untracked 
|  54|0x000000070a200000, 0x000000070a200000, 0x000000070a400000|  0%| F|  |TAMS 0x000000070a200000| PB 0x000000070a200000| Untracked 
|  55|0x000000070a400000, 0x000000070a400000, 0x000000070a600000|  0%| F|  |TAMS 0x000000070a400000| PB 0x000000070a400000| Untracked 
|  56|0x000000070a600000, 0x000000070a600000, 0x000000070a800000|  0%| F|  |TAMS 0x000000070a600000| PB 0x000000070a600000| Untracked 
|  57|0x000000070a800000, 0x000000070a800000, 0x000000070aa00000|  0%| F|  |TAMS 0x000000070a800000| PB 0x000000070a800000| Untracked 
|  58|0x000000070aa00000, 0x000000070aa00000, 0x000000070ac00000|  0%| F|  |TAMS 0x000000070aa00000| PB 0x000000070aa00000| Untracked 
|  59|0x000000070ac00000, 0x000000070ac00000, 0x000000070ae00000|  0%| F|  |TAMS 0x000000070ac00000| PB 0x000000070ac00000| Untracked 
|  60|0x000000070ae00000, 0x000000070ae00000, 0x000000070b000000|  0%| F|  |TAMS 0x000000070ae00000| PB 0x000000070ae00000| Untracked 
|  61|0x000000070b000000, 0x000000070b000000, 0x000000070b200000|  0%| F|  |TAMS 0x000000070b000000| PB 0x000000070b000000| Untracked 
|  62|0x000000070b200000, 0x000000070b200000, 0x000000070b400000|  0%| F|  |TAMS 0x000000070b200000| PB 0x000000070b200000| Untracked 
|  63|0x000000070b400000, 0x000000070b400000, 0x000000070b600000|  0%| F|  |TAMS 0x000000070b400000| PB 0x000000070b400000| Untracked 
|  64|0x000000070b600000, 0x000000070b600000, 0x000000070b800000|  0%| F|  |TAMS 0x000000070b600000| PB 0x000000070b600000| Untracked 
|  65|0x000000070b800000, 0x000000070b800000, 0x000000070ba00000|  0%| F|  |TAMS 0x000000070b800000| PB 0x000000070b800000| Untracked 
|  66|0x000000070ba00000, 0x000000070ba00000, 0x000000070bc00000|  0%| F|  |TAMS 0x000000070ba00000| PB 0x000000070ba00000| Untracked 
|  67|0x000000070bc00000, 0x000000070bc00000, 0x000000070be00000|  0%| F|  |TAMS 0x000000070bc00000| PB 0x000000070bc00000| Untracked 
|  68|0x000000070be00000, 0x000000070be00000, 0x000000070c000000|  0%| F|  |TAMS 0x000000070be00000| PB 0x000000070be00000| Untracked 
|  69|0x000000070c000000, 0x000000070c000000, 0x000000070c200000|  0%| F|  |TAMS 0x000000070c000000| PB 0x000000070c000000| Untracked 
|  70|0x000000070c200000, 0x000000070c200000, 0x000000070c400000|  0%| F|  |TAMS 0x000000070c200000| PB 0x000000070c200000| Untracked 
|  71|0x000000070c400000, 0x000000070c400000, 0x000000070c600000|  0%| F|  |TAMS 0x000000070c400000| PB 0x000000070c400000| Untracked 
|  72|0x000000070c600000, 0x000000070c600000, 0x000000070c800000|  0%| F|  |TAMS 0x000000070c600000| PB 0x000000070c600000| Untracked 
|  73|0x000000070c800000, 0x000000070c800000, 0x000000070ca00000|  0%| F|  |TAMS 0x000000070c800000| PB 0x000000070c800000| Untracked 
|  74|0x000000070ca00000, 0x000000070ca00000, 0x000000070cc00000|  0%| F|  |TAMS 0x000000070ca00000| PB 0x000000070ca00000| Untracked 
|  75|0x000000070cc00000, 0x000000070cc00000, 0x000000070ce00000|  0%| F|  |TAMS 0x000000070cc00000| PB 0x000000070cc00000| Untracked 
|  76|0x000000070ce00000, 0x000000070ce00000, 0x000000070d000000|  0%| F|  |TAMS 0x000000070ce00000| PB 0x000000070ce00000| Untracked 
|  77|0x000000070d000000, 0x000000070d000000, 0x000000070d200000|  0%| F|  |TAMS 0x000000070d000000| PB 0x000000070d000000| Untracked 
|  78|0x000000070d200000, 0x000000070d200000, 0x000000070d400000|  0%| F|  |TAMS 0x000000070d200000| PB 0x000000070d200000| Untracked 
|  79|0x000000070d400000, 0x000000070d400000, 0x000000070d600000|  0%| F|  |TAMS 0x000000070d400000| PB 0x000000070d400000| Untracked 
|  80|0x000000070d600000, 0x000000070d600000, 0x000000070d800000|  0%| F|  |TAMS 0x000000070d600000| PB 0x000000070d600000| Untracked 
|  81|0x000000070d800000, 0x000000070d800000, 0x000000070da00000|  0%| F|  |TAMS 0x000000070d800000| PB 0x000000070d800000| Untracked 
|  82|0x000000070da00000, 0x000000070da00000, 0x000000070dc00000|  0%| F|  |TAMS 0x000000070da00000| PB 0x000000070da00000| Untracked 
|  83|0x000000070dc00000, 0x000000070dc00000, 0x000000070de00000|  0%| F|  |TAMS 0x000000070dc00000| PB 0x000000070dc00000| Untracked 
|  84|0x000000070de00000, 0x000000070de00000, 0x000000070e000000|  0%| F|  |TAMS 0x000000070de00000| PB 0x000000070de00000| Untracked 
|  85|0x000000070e000000, 0x000000070e000000, 0x000000070e200000|  0%| F|  |TAMS 0x000000070e000000| PB 0x000000070e000000| Untracked 
|  86|0x000000070e200000, 0x000000070e200000, 0x000000070e400000|  0%| F|  |TAMS 0x000000070e200000| PB 0x000000070e200000| Untracked 
|  87|0x000000070e400000, 0x000000070e400000, 0x000000070e600000|  0%| F|  |TAMS 0x000000070e400000| PB 0x000000070e400000| Untracked 
|  88|0x000000070e600000, 0x000000070e600000, 0x000000070e800000|  0%| F|  |TAMS 0x000000070e600000| PB 0x000000070e600000| Untracked 
|  89|0x000000070e800000, 0x000000070e800000, 0x000000070ea00000|  0%| F|  |TAMS 0x000000070e800000| PB 0x000000070e800000| Untracked 
|  90|0x000000070ea00000, 0x000000070ea00000, 0x000000070ec00000|  0%| F|  |TAMS 0x000000070ea00000| PB 0x000000070ea00000| Untracked 
|  91|0x000000070ec00000, 0x000000070ec00000, 0x000000070ee00000|  0%| F|  |TAMS 0x000000070ec00000| PB 0x000000070ec00000| Untracked 
|  92|0x000000070ee00000, 0x000000070ee00000, 0x000000070f000000|  0%| F|  |TAMS 0x000000070ee00000| PB 0x000000070ee00000| Untracked 
|  93|0x000000070f000000, 0x000000070f000000, 0x000000070f200000|  0%| F|  |TAMS 0x000000070f000000| PB 0x000000070f000000| Untracked 
|  94|0x000000070f200000, 0x000000070f200000, 0x000000070f400000|  0%| F|  |TAMS 0x000000070f200000| PB 0x000000070f200000| Untracked 
|  95|0x000000070f400000, 0x000000070f400000, 0x000000070f600000|  0%| F|  |TAMS 0x000000070f400000| PB 0x000000070f400000| Untracked 
|  96|0x000000070f600000, 0x000000070f600000, 0x000000070f800000|  0%| F|  |TAMS 0x000000070f600000| PB 0x000000070f600000| Untracked 
|  97|0x000000070f800000, 0x000000070f800000, 0x000000070fa00000|  0%| F|  |TAMS 0x000000070f800000| PB 0x000000070f800000| Untracked 
|  98|0x000000070fa00000, 0x000000070fa00000, 0x000000070fc00000|  0%| F|  |TAMS 0x000000070fa00000| PB 0x000000070fa00000| Untracked 
|  99|0x000000070fc00000, 0x000000070fc00000, 0x000000070fe00000|  0%| F|  |TAMS 0x000000070fc00000| PB 0x000000070fc00000| Untracked 
| 100|0x000000070fe00000, 0x000000070fe00000, 0x0000000710000000|  0%| F|  |TAMS 0x000000070fe00000| PB 0x000000070fe00000| Untracked 
| 101|0x0000000710000000, 0x0000000710000000, 0x0000000710200000|  0%| F|  |TAMS 0x0000000710000000| PB 0x0000000710000000| Untracked 
| 102|0x0000000710200000, 0x0000000710200000, 0x0000000710400000|  0%| F|  |TAMS 0x0000000710200000| PB 0x0000000710200000| Untracked 
| 103|0x0000000710400000, 0x0000000710400000, 0x0000000710600000|  0%| F|  |TAMS 0x0000000710400000| PB 0x0000000710400000| Untracked 
| 104|0x0000000710600000, 0x0000000710600000, 0x0000000710800000|  0%| F|  |TAMS 0x0000000710600000| PB 0x0000000710600000| Untracked 
| 105|0x0000000710800000, 0x0000000710a00000, 0x0000000710a00000|100%| S|CS|TAMS 0x0000000710800000| PB 0x0000000710800000| Complete 
| 106|0x0000000710a00000, 0x0000000710c00000, 0x0000000710c00000|100%| S|CS|TAMS 0x0000000710a00000| PB 0x0000000710a00000| Complete 
| 107|0x0000000710c00000, 0x0000000710e00000, 0x0000000710e00000|100%| S|CS|TAMS 0x0000000710c00000| PB 0x0000000710c00000| Complete 
| 108|0x0000000710e00000, 0x0000000710e00000, 0x0000000711000000|  0%| F|  |TAMS 0x0000000710e00000| PB 0x0000000710e00000| Untracked 
| 109|0x0000000711000000, 0x0000000711000000, 0x0000000711200000|  0%| F|  |TAMS 0x0000000711000000| PB 0x0000000711000000| Untracked 
| 110|0x0000000711200000, 0x0000000711200000, 0x0000000711400000|  0%| F|  |TAMS 0x0000000711200000| PB 0x0000000711200000| Untracked 
| 111|0x0000000711400000, 0x0000000711400000, 0x0000000711600000|  0%| F|  |TAMS 0x0000000711400000| PB 0x0000000711400000| Untracked 
| 112|0x0000000711600000, 0x0000000711600800, 0x0000000711800000|  0%| E|  |TAMS 0x0000000711600000| PB 0x0000000711600000| Complete 
| 113|0x0000000711800000, 0x0000000711a00000, 0x0000000711a00000|100%| E|CS|TAMS 0x0000000711800000| PB 0x0000000711800000| Complete 
| 114|0x0000000711a00000, 0x0000000711c00000, 0x0000000711c00000|100%| E|CS|TAMS 0x0000000711a00000| PB 0x0000000711a00000| Complete 
| 115|0x0000000711c00000, 0x0000000711e00000, 0x0000000711e00000|100%| E|CS|TAMS 0x0000000711c00000| PB 0x0000000711c00000| Complete 
| 116|0x0000000711e00000, 0x0000000712000000, 0x0000000712000000|100%| E|CS|TAMS 0x0000000711e00000| PB 0x0000000711e00000| Complete 
| 117|0x0000000712000000, 0x0000000712200000, 0x0000000712200000|100%| E|CS|TAMS 0x0000000712000000| PB 0x0000000712000000| Complete 
| 118|0x0000000712200000, 0x0000000712400000, 0x0000000712400000|100%| E|CS|TAMS 0x0000000712200000| PB 0x0000000712200000| Complete 
| 119|0x0000000712400000, 0x0000000712600000, 0x0000000712600000|100%| E|CS|TAMS 0x0000000712400000| PB 0x0000000712400000| Complete 
| 120|0x0000000712600000, 0x0000000712800000, 0x0000000712800000|100%| E|  |TAMS 0x0000000712600000| PB 0x0000000712600000| Complete 
| 121|0x0000000712800000, 0x0000000712a00000, 0x0000000712a00000|100%| E|CS|TAMS 0x0000000712800000| PB 0x0000000712800000| Complete 
| 122|0x0000000712a00000, 0x0000000712c00000, 0x0000000712c00000|100%| E|CS|TAMS 0x0000000712a00000| PB 0x0000000712a00000| Complete 
| 123|0x0000000712c00000, 0x0000000712e00000, 0x0000000712e00000|100%| E|CS|TAMS 0x0000000712c00000| PB 0x0000000712c00000| Complete 
| 124|0x0000000712e00000, 0x0000000713000000, 0x0000000713000000|100%| E|CS|TAMS 0x0000000712e00000| PB 0x0000000712e00000| Complete 
| 125|0x0000000713000000, 0x0000000713200000, 0x0000000713200000|100%| E|CS|TAMS 0x0000000713000000| PB 0x0000000713000000| Complete 
| 126|0x0000000713200000, 0x0000000713400000, 0x0000000713400000|100%| E|CS|TAMS 0x0000000713200000| PB 0x0000000713200000| Complete 

Card table byte_map: [0x0000028ed89b0000,0x0000028ed91a0000] _byte_map_base: 0x0000028ed5195000

Marking Bits: (CMBitMap*) 0x0000028ec0c27b70
 Bits: [0x0000028ed9990000, 0x0000028edd8b8000)

Polling page: 0x0000028ebea70000

Metaspace:

Usage:
  Non-class:      9.09 MB used.
      Class:    562.36 KB used.
       Both:      9.64 MB used.

Virtual space:
  Non-class space:       64.00 MB reserved,       9.25 MB ( 14%) committed,  1 nodes.
      Class space:        1.00 GB reserved,     704.00 KB ( <1%) committed,  1 nodes.
             Both:        1.06 GB reserved,       9.94 MB ( <1%) committed. 

Chunk freelists:
   Non-Class:  1.85 MB
       Class:  3.16 MB
        Both:  5.01 MB

MaxMetaspaceSize: unlimited
CompressedClassSpaceSize: 1.00 GB
Initial GC threshold: 21.00 MB
Current GC threshold: 21.00 MB
CDS: on
MetaspaceReclaimPolicy: balanced
 - commit_granule_bytes: 65536.
 - commit_granule_words: 8192.
 - virtual_space_node_default_size: 8388608.
 - enlarge_chunks_in_place: 1.
 - new_chunks_are_fully_committed: 0.
 - uncommit_free_chunks: 1.
 - use_allocation_guard: 0.


Internal statistics:

num_allocs_failed_limit: 0.
num_arena_births: 208.
num_arena_deaths: 0.
num_vsnodes_births: 2.
num_vsnodes_deaths: 0.
num_space_committed: 157.
num_space_uncommitted: 0.
num_chunks_returned_to_freelist: 0.
num_chunks_taken_from_freelist: 482.
num_chunk_merges: 0.
num_chunk_splits: 340.
num_chunks_enlarged: 245.
num_inconsistent_stats: 0.

CodeHeap 'non-profiled nmethods': size=120000Kb used=1389Kb max_used=1389Kb free=118610Kb
 bounds [0x0000028ed0740000, 0x0000028ed09b0000, 0x0000028ed7c70000]
CodeHeap 'profiled nmethods': size=120000Kb used=3395Kb max_used=3395Kb free=116604Kb
 bounds [0x0000028ec8c70000, 0x0000028ec8fd0000, 0x0000028ed01a0000]
CodeHeap 'non-nmethods': size=5760Kb used=2868Kb max_used=2917Kb free=2891Kb
 bounds [0x0000028ed01a0000, 0x0000028ed0490000, 0x0000028ed0740000]
 total_blobs=3713 nmethods=2323 adapters=1301
 compilation: enabled
              stopped_count=0, restarted_count=0
 full_count=0

Compilation events (20 events):
Event: 71.626 Thread 0x0000028ee0566740 2314       4       java.lang.invoke.LambdaForm$MH/0x0000028ee1897400::invoke (42 bytes)
Event: 71.627 Thread 0x0000028ee0566740 nmethod 2314 0x0000028ed0895190 code [0x0000028ed0895300, 0x0000028ed0895390]
Event: 71.638 Thread 0x0000028ee0566740 2315   !   4       jdk.internal.reflect.MethodHandleIntegerFieldAccessorImpl::setInt (68 bytes)
Event: 71.641 Thread 0x0000028ee0566740 nmethod 2315 0x0000028ed0895510 code [0x0000028ed08956c0, 0x0000028ed08958d8]
Event: 74.637 Thread 0x0000028ee0566740 2316       4       imgui.glfw.ImGuiImplGlfw::updateMouseData (328 bytes)
Event: 74.644 Thread 0x0000028ee0566740 nmethod 2316 0x0000028ed0895b90 code [0x0000028ed0895e20, 0x0000028ed0896500]
Event: 74.644 Thread 0x0000028ee0566740 2317       4       org.lwjgl.glfw.GLFW::glfwSetWindowAttrib (25 bytes)
Event: 74.644 Thread 0x0000028ebe70eaa0 2318   !   4       imgui.glfw.ImGuiImplGlfw::updateGamepads (497 bytes)
Event: 74.645 Thread 0x0000028ee0566740 nmethod 2317 0x0000028ed0896f10 code [0x0000028ed0897080, 0x0000028ed0897148]
Event: 74.645 Thread 0x0000028ee0566740 2319       4       com.bedrye.bjge.GameEngine.BJEIMGUILayer::setupDockspace (70 bytes)
Event: 74.645 Thread 0x0000028ebe70eaa0 nmethod 2318 0x0000028ed0897210 code [0x0000028ed08973a0, 0x0000028ed0897490]
Event: 74.645 Thread 0x0000028ebe70eaa0 2320       4       com.bedrye.Objects.GameScene::updateUILayer (29 bytes)
Event: 74.646 Thread 0x0000028ee0566740 nmethod 2319 0x0000028ed0897610 code [0x0000028ed08977e0, 0x0000028ed0897a20]
Event: 74.662 Thread 0x0000028ebe70eaa0 nmethod 2320 0x0000028ed0897d90 code [0x0000028ed0898160, 0x0000028ed0899068]
Event: 80.379 Thread 0x0000028ee0566740 2321       4       java.lang.invoke.LambdaForm$MH/0x0000028ee1897800::invoke (45 bytes)
Event: 80.380 Thread 0x0000028ee0566740 nmethod 2321 0x0000028ed089a890 code [0x0000028ed089aa00, 0x0000028ed089aa98]
Event: 83.415 Thread 0x0000028ee0566740 2322       4       com.bedrye.bjge.GameEngine.Objects.Editor.BJEFolder::show (38 bytes)
Event: 83.415 Thread 0x0000028ee0566740 nmethod 2322 0x0000028ed089ac10 code [0x0000028ed089ada0, 0x0000028ed089aeb0]
Event: 83.415 Thread 0x0000028ee0566740 2323       4       com.bedrye.bjge.GameEngine.BJEIMGUILayer::endFrame (43 bytes)
Event: 83.417 Thread 0x0000028ee0566740 nmethod 2323 0x0000028ed089b010 code [0x0000028ed089b1c0, 0x0000028ed089b338]

GC Heap History (4 events):
Event: 1.101 GC heap before
{Heap before GC invocations=0 (full 0):
 garbage-first heap   total 260096K, used 22528K [0x0000000703600000, 0x0000000800000000)
  region size 2048K, 11 young (22528K), 0 survivors (0K)
 Metaspace       used 8121K, committed 8256K, reserved 1114112K
  class space    used 464K, committed 512K, reserved 1048576K
}
Event: 1.106 GC heap after
{Heap after GC invocations=1 (full 0):
 garbage-first heap   total 260096K, used 3392K [0x0000000703600000, 0x0000000800000000)
  region size 2048K, 2 young (4096K), 2 survivors (4096K)
 Metaspace       used 8121K, committed 8256K, reserved 1114112K
  class space    used 464K, committed 512K, reserved 1048576K
}
Event: 37.765 GC heap before
{Heap before GC invocations=1 (full 0):
 garbage-first heap   total 260096K, used 38208K [0x0000000703600000, 0x0000000800000000)
  region size 2048K, 19 young (38912K), 2 survivors (4096K)
 Metaspace       used 9869K, committed 10176K, reserved 1114112K
  class space    used 561K, committed 704K, reserved 1048576K
}
Event: 37.781 GC heap after
{Heap after GC invocations=2 (full 0):
 garbage-first heap   total 260096K, used 12481K [0x0000000703600000, 0x0000000800000000)
  region size 2048K, 3 young (6144K), 3 survivors (6144K)
 Metaspace       used 9869K, committed 10176K, reserved 1114112K
  class space    used 561K, committed 704K, reserved 1048576K
}

Dll operation events (14 events):
Event: 0.010 Loaded shared library C:\Users\stas2\.jdks\openjdk-20.0.2-1\bin\java.dll
Event: 0.030 Loaded shared library C:\Users\stas2\.jdks\openjdk-20.0.2-1\bin\jsvml.dll
Event: 0.070 Loaded shared library C:\Users\stas2\.jdks\openjdk-20.0.2-1\bin\net.dll
Event: 0.072 Loaded shared library C:\Users\stas2\.jdks\openjdk-20.0.2-1\bin\nio.dll
Event: 0.075 Loaded shared library C:\Users\stas2\.jdks\openjdk-20.0.2-1\bin\zip.dll
Event: 0.183 Loaded shared library C:\Users\stas2\.jdks\openjdk-20.0.2-1\bin\zip.dll
Event: 0.185 Loaded shared library C:\Users\stas2\.jdks\openjdk-20.0.2-1\bin\instrument.dll
Event: 0.204 Loaded shared library C:\IntelliJ IDEA Community Edition 2021.3.2\IntelliJ IDEA Community Edition 2023.2.1\bin\breakgen64.dll
Event: 0.256 Loaded shared library C:\Users\stas2\.jdks\openjdk-20.0.2-1\bin\jimage.dll
Event: 0.285 Loaded shared library C:\Users\stas2\AppData\Local\Temp\lwjgl_stas2\3.3.4+7\x64\lwjgl.dll
Event: 0.569 Loaded shared library C:\Users\stas2\AppData\Local\Temp\lwjgl_stas2\3.3.4+7\x64\lwjgl_opengl.dll
Event: 0.904 Loaded shared library C:\Users\stas2\AppData\Local\Temp\imgui-java-natives\1.89.0\imgui-java64.dll
Event: 0.965 Loaded shared library C:\Users\stas2\.jdks\openjdk-20.0.2-1\bin\verify.dll
Event: 1.275 Loaded shared library C:\Users\stas2\AppData\Local\Temp\lwjgl_stas2\3.3.4+7\x64\lwjgl_stb.dll

Deoptimization events (20 events):
Event: 17.080 Thread 0x0000028ec0bb2f10 Uncommon trap: trap_request=0xffffff45 fr.pc=0x0000028ed082437c relative=0x00000000000001fc
Event: 17.080 Thread 0x0000028ec0bb2f10 Uncommon trap: reason=unstable_if action=reinterpret pc=0x0000028ed082437c method=com.bedrye.bjge.GameEngine.Objects.Editor.UI.BJEUISceneHierarchy.AddTreeNode(Lcom/bedrye/Objects/Object3DAbstract;)V @ 126 c2
Event: 17.080 Thread 0x0000028ec0bb2f10 DEOPT PACKING pc=0x0000028ed082437c sp=0x000000e5ceaff480
Event: 17.080 Thread 0x0000028ec0bb2f10 DEOPT UNPACKING pc=0x0000028ed01bd2a2 sp=0x000000e5ceaff408 mode 2
Event: 17.082 Thread 0x0000028ec0bb2f10 Uncommon trap: trap_request=0xffffff45 fr.pc=0x0000028ed08075cc relative=0x000000000000014c
Event: 17.082 Thread 0x0000028ec0bb2f10 Uncommon trap: reason=unstable_if action=reinterpret pc=0x0000028ed08075cc method=java.lang.Class.reflectionData()Ljava/lang/Class$ReflectionData; @ 11 c2
Event: 17.082 Thread 0x0000028ec0bb2f10 DEOPT PACKING pc=0x0000028ed08075cc sp=0x000000e5ceaff2c0
Event: 17.082 Thread 0x0000028ec0bb2f10 DEOPT UNPACKING pc=0x0000028ed01bd2a2 sp=0x000000e5ceaff200 mode 2
Event: 17.082 Thread 0x0000028ec0bb2f10 Uncommon trap: trap_request=0xffffff45 fr.pc=0x0000028ed07fc824 relative=0x0000000000000124
Event: 17.082 Thread 0x0000028ec0bb2f10 Uncommon trap: reason=unstable_if action=reinterpret pc=0x0000028ed07fc824 method=java.lang.Class.reflectionData()Ljava/lang/Class$ReflectionData; @ 11 c2
Event: 17.082 Thread 0x0000028ec0bb2f10 DEOPT PACKING pc=0x0000028ed07fc824 sp=0x000000e5ceafee40
Event: 17.082 Thread 0x0000028ec0bb2f10 DEOPT UNPACKING pc=0x0000028ed01bd2a2 sp=0x000000e5ceafedf8 mode 2
Event: 22.710 Thread 0x0000028ec0bb2f10 Uncommon trap: trap_request=0xfffffff4 fr.pc=0x0000028ed0839df4 relative=0x00000000000085f4
Event: 22.710 Thread 0x0000028ec0bb2f10 Uncommon trap: reason=null_check action=make_not_entrant pc=0x0000028ed0839df4 method=com.bedrye.bjge.GameEngine.Objects.Editor.UI.BJEUIInspector.inspectObject(Ljava/lang/Object;)V @ 47 c2
Event: 22.710 Thread 0x0000028ec0bb2f10 DEOPT PACKING pc=0x0000028ed0839df4 sp=0x000000e5ceaff230
Event: 22.710 Thread 0x0000028ec0bb2f10 DEOPT UNPACKING pc=0x0000028ed01bd2a2 sp=0x000000e5ceaff248 mode 2
Event: 23.029 Thread 0x0000028ec0bb2f10 Uncommon trap: trap_request=0xfffffff4 fr.pc=0x0000028ed084ae50 relative=0x00000000000084d0
Event: 23.029 Thread 0x0000028ec0bb2f10 Uncommon trap: reason=null_check action=make_not_entrant pc=0x0000028ed084ae50 method=com.bedrye.bjge.GameEngine.Objects.Editor.UI.BJEUIInspector.inspectObject(Ljava/lang/Object;)V @ 73 c2
Event: 23.029 Thread 0x0000028ec0bb2f10 DEOPT PACKING pc=0x0000028ed084ae50 sp=0x000000e5ceaff230
Event: 23.029 Thread 0x0000028ec0bb2f10 DEOPT UNPACKING pc=0x0000028ed01bd2a2 sp=0x000000e5ceaff248 mode 2

Classes loaded (20 events):
Event: 3.950 Loading class java/lang/InterruptedException
Event: 3.950 Loading class java/lang/InterruptedException done
Event: 3.950 Loading class java/lang/reflect/ProxyGenerator$PrimitiveTypeInfo
Event: 3.950 Loading class java/lang/reflect/ProxyGenerator$PrimitiveTypeInfo done
Event: 3.950 Loading class jdk/internal/org/objectweb/asm/Edge
Event: 3.951 Loading class jdk/internal/org/objectweb/asm/Edge done
Event: 3.951 Loading class java/lang/reflect/Proxy$ProxyBuilder$1
Event: 3.952 Loading class java/lang/reflect/Proxy$ProxyBuilder$1 done
Event: 3.952 Loading class java/lang/annotation/Target
Event: 3.952 Loading class java/lang/annotation/Target done
Event: 3.953 Loading class java/lang/reflect/UndeclaredThrowableException
Event: 3.953 Loading class java/lang/reflect/UndeclaredThrowableException done
Event: 3.953 Loading class java/lang/Class$AnnotationData
Event: 3.953 Loading class java/lang/Class$AnnotationData done
Event: 3.960 Loading class jdk/internal/reflect/MethodHandleFloatFieldAccessorImpl
Event: 3.960 Loading class jdk/internal/reflect/MethodHandleFloatFieldAccessorImpl done
Event: 4.335 Loading class java/lang/invoke/MethodHandle$1
Event: 4.336 Loading class java/lang/invoke/MethodHandle$1 done
Event: 94.239 Loading class jdk/internal/misc/Signal$1
Event: 94.239 Loading class jdk/internal/misc/Signal$1 done

Classes unloaded (0 events):
No events

Classes redefined (0 events):
No events

Internal exceptions (20 events):
Event: 1.183 Thread 0x0000028ec0bb2f10 Exception <a 'sun/nio/fs/WindowsException'{0x00000007133271e8}> (0x00000007133271e8) 
thrown [s\open\src\hotspot\share\prims\jni.cpp, line 519]
Event: 1.221 Thread 0x0000028ec0bb2f10 Exception <a 'sun/nio/fs/WindowsException'{0x00000007133302b8}> (0x00000007133302b8) 
thrown [s\open\src\hotspot\share\prims\jni.cpp, line 519]
Event: 1.221 Thread 0x0000028ec0bb2f10 Exception <a 'sun/nio/fs/WindowsException'{0x0000000713330638}> (0x0000000713330638) 
thrown [s\open\src\hotspot\share\prims\jni.cpp, line 519]
Event: 1.223 Thread 0x0000028ec0bb2f10 Exception <a 'sun/nio/fs/WindowsException'{0x0000000713332060}> (0x0000000713332060) 
thrown [s\open\src\hotspot\share\prims\jni.cpp, line 519]
Event: 1.267 Thread 0x0000028ec0bb2f10 Exception <a 'java/lang/NoSuchMethodError'{0x000000071308f768}: 'void java.lang.System.load(java.lang.String, java.lang.Class)'> (0x000000071308f768) 
thrown [s\open\src\hotspot\share\interpreter\linkResolver.cpp, line 773]
Event: 1.268 Thread 0x0000028ec0bb2f10 Exception <a 'java/lang/NoSuchMethodError'{0x0000000713092558}: 'void java.lang.System.loadLibrary(java.lang.String, java.lang.Class)'> (0x0000000713092558) 
thrown [s\open\src\hotspot\share\interpreter\linkResolver.cpp, line 773]
Event: 1.268 Thread 0x0000028ec0bb2f10 Exception <a 'sun/nio/fs/WindowsException'{0x0000000713095ac8}> (0x0000000713095ac8) 
thrown [s\open\src\hotspot\share\prims\jni.cpp, line 519]
Event: 1.273 Thread 0x0000028ec0bb2f10 Exception <a 'sun/nio/fs/WindowsException'{0x00000007130a2be8}> (0x00000007130a2be8) 
thrown [s\open\src\hotspot\share\prims\jni.cpp, line 519]
Event: 1.273 Thread 0x0000028ec0bb2f10 Exception <a 'sun/nio/fs/WindowsException'{0x00000007130a2f68}> (0x00000007130a2f68) 
thrown [s\open\src\hotspot\share\prims\jni.cpp, line 519]
Event: 1.276 Thread 0x0000028ec0bb2f10 Exception <a 'sun/nio/fs/WindowsException'{0x00000007130a5310}> (0x00000007130a5310) 
thrown [s\open\src\hotspot\share\prims\jni.cpp, line 519]
Event: 3.961 Thread 0x0000028ec0bb2f10 Exception <a 'java/lang/NoSuchMethodError'{0x0000000711e74118}: 'float java.lang.invoke.DelegatingMethodHandle$Holder.reinvoke_L(java.lang.Object, java.lang.Object)'> (0x0000000711e74118) 
thrown [s\open\src\hotspot\share\interpreter\linkResolver.cpp, line 773]
Event: 3.961 Thread 0x0000028ec0bb2f10 Exception <a 'java/lang/NoSuchMethodError'{0x0000000711e7e0a0}: 'void java.lang.invoke.DelegatingMethodHandle$Holder.reinvoke_L(java.lang.Object, java.lang.Object, float)'> (0x0000000711e7e0a0) 
thrown [s\open\src\hotspot\share\interpreter\linkResolver.cpp, line 773]
Event: 3.961 Thread 0x0000028ec0bb2f10 Exception <a 'java/lang/NoSuchMethodError'{0x0000000711e84960}: 'float java.lang.invoke.Invokers$Holder.invokeExact_MT(java.lang.Object, java.lang.Object, java.lang.Object)'> (0x0000000711e84960) 
thrown [s\open\src\hotspot\share\interpreter\linkResolver.cpp, line 773]
Event: 17.082 Thread 0x0000028ec0bb2f10 Implicit null exception at 0x0000028ed08074c3 to 0x0000028ed08075b4
Event: 17.082 Thread 0x0000028ec0bb2f10 Implicit null exception at 0x0000028ed07fc744 to 0x0000028ed07fc80c
Event: 17.083 Thread 0x0000028ec0bb2f10 Exception <a 'java/lang/NoSuchMethodError'{0x0000000711799730}: 'void java.lang.invoke.DelegatingMethodHandle$Holder.reinvoke_L(java.lang.Object, java.lang.Object, int)'> (0x0000000711799730) 
thrown [s\open\src\hotspot\share\interpreter\linkResolver.cpp, line 773]
Event: 17.084 Thread 0x0000028ec0bb2f10 Exception <a 'java/lang/NoSuchMethodError'{0x000000071179ff40}: 'int java.lang.invoke.Invokers$Holder.invokeExact_MT(java.lang.Object, java.lang.Object, java.lang.Object)'> (0x000000071179ff40) 
thrown [s\open\src\hotspot\share\interpreter\linkResolver.cpp, line 773]
Event: 17.085 Thread 0x0000028ec0bb2f10 Exception <a 'java/lang/NoSuchMethodError'{0x00000007117a3c28}: 'void java.lang.invoke.Invokers$Holder.invokeExact_MT(java.lang.Object, java.lang.Object, int, java.lang.Object)'> (0x00000007117a3c28) 
thrown [s\open\src\hotspot\share\interpreter\linkResolver.cpp, line 773]
Event: 22.710 Thread 0x0000028ec0bb2f10 Implicit null exception at 0x0000028ed0831dd9 to 0x0000028ed0839dd8
Event: 23.029 Thread 0x0000028ec0bb2f10 Implicit null exception at 0x0000028ed0844392 to 0x0000028ed084ae34

VM Operations (20 events):
Event: 17.400 Executing VM operation: Cleanup done
Event: 18.406 Executing VM operation: Cleanup
Event: 18.406 Executing VM operation: Cleanup done
Event: 20.415 Executing VM operation: Cleanup
Event: 20.416 Executing VM operation: Cleanup done
Event: 23.437 Executing VM operation: Cleanup
Event: 23.438 Executing VM operation: Cleanup done
Event: 25.456 Executing VM operation: Cleanup
Event: 25.456 Executing VM operation: Cleanup done
Event: 37.765 Executing VM operation: G1CollectForAllocation
Event: 37.781 Executing VM operation: G1CollectForAllocation done
Event: 38.795 Executing VM operation: Cleanup
Event: 38.795 Executing VM operation: Cleanup done
Event: 65.027 Executing VM operation: Cleanup
Event: 65.027 Executing VM operation: Cleanup done
Event: 69.060 Executing VM operation: Cleanup
Event: 69.060 Executing VM operation: Cleanup done
Event: 72.084 Executing VM operation: Cleanup
Event: 72.084 Executing VM operation: Cleanup done
Event: 94.240 Executing VM operation: Exit

Events (20 events):
Event: 0.041 Thread 0x0000028ee0566740 Thread added: 0x0000028ee0566740
Event: 0.042 Thread 0x0000028ee05670c0 Thread added: 0x0000028ee05670c0
Event: 0.066 Thread 0x0000028f258b84d0 Thread added: 0x0000028f258b84d0
Event: 0.107 Thread 0x0000028f25a01ae0 Thread added: 0x0000028f25a01ae0
Event: 0.120 Thread 0x0000028f259b8c70 Thread added: 0x0000028f259b8c70
Event: 0.205 Thread 0x0000028f25c1e8e0 Thread added: 0x0000028f25c1e8e0
Event: 0.205 Thread 0x0000028f25e1fcd0 Thread added: 0x0000028f25e1fcd0
Event: 0.495 Thread 0x0000028f259b8c70 Thread exited: 0x0000028f259b8c70
Event: 0.561 Thread 0x0000028f25a01ae0 Thread exited: 0x0000028f25a01ae0
Event: 0.576 Thread 0x0000028f2c153100 Thread added: 0x0000028f2c153100
Event: 0.908 Thread 0x0000028f2c153100 Thread exited: 0x0000028f2c153100
Event: 1.026 Thread 0x0000028f2c1b1c70 Thread added: 0x0000028f2c1b1c70
Event: 1.044 Thread 0x0000028f2c3073f0 Thread added: 0x0000028f2c3073f0
Event: 1.169 Thread 0x0000028f2c3073f0 Thread exited: 0x0000028f2c3073f0
Event: 1.355 Thread 0x0000028f2c9165b0 Thread added: 0x0000028f2c9165b0
Event: 1.539 Thread 0x0000028f2c9165b0 Thread exited: 0x0000028f2c9165b0
Event: 1.576 Thread 0x0000028f2c1b1c70 Thread exited: 0x0000028f2c1b1c70
Event: 74.644 Thread 0x0000028ebe70eaa0 Thread added: 0x0000028ebe70eaa0
Event: 79.674 Thread 0x0000028ebe70eaa0 Thread exited: 0x0000028ebe70eaa0
Event: 94.240 Thread 0x0000028ebe70eaa0 Thread added: 0x0000028ebe70eaa0


Dynamic libraries:
0x00007ff7280a0000 - 0x00007ff7280ae000 	C:\Users\stas2\.jdks\openjdk-20.0.2-1\bin\java.exe
0x00007ff9fce40000 - 0x00007ff9fd0a7000 	C:\WINDOWS\SYSTEM32\ntdll.dll
0x00007ff9fc700000 - 0x00007ff9fc7c9000 	C:\WINDOWS\System32\KERNEL32.DLL
0x00007ff9fa650000 - 0x00007ff9faa40000 	C:\WINDOWS\System32\KERNELBASE.dll
0x00007ff9faa50000 - 0x00007ff9fab9b000 	C:\WINDOWS\System32\ucrtbase.dll
0x00007ff9bbcb0000 - 0x00007ff9bbcc7000 	C:\Users\stas2\.jdks\openjdk-20.0.2-1\bin\jli.dll
0x00007ff9ade10000 - 0x00007ff9ade2b000 	C:\Users\stas2\.jdks\openjdk-20.0.2-1\bin\VCRUNTIME140.dll
0x00007ff9fcb70000 - 0x00007ff9fcd35000 	C:\WINDOWS\System32\USER32.dll
0x00007ff9faba0000 - 0x00007ff9fabc7000 	C:\WINDOWS\System32\win32u.dll
0x00007ff9e1710000 - 0x00007ff9e19aa000 	C:\WINDOWS\WinSxS\amd64_microsoft.windows.common-controls_6595b64144ccf1df_6.0.26100.4768_none_3e0c112ce331287c\COMCTL32.dll
0x00007ff9fc960000 - 0x00007ff9fc98b000 	C:\WINDOWS\System32\GDI32.dll
0x00007ff9f9f70000 - 0x00007ff9fa0a8000 	C:\WINDOWS\System32\gdi32full.dll
0x00007ff9fc3c0000 - 0x00007ff9fc469000 	C:\WINDOWS\System32\msvcrt.dll
0x00007ff9fa2c0000 - 0x00007ff9fa363000 	C:\WINDOWS\System32\msvcp_win.dll
0x00007ff9fc920000 - 0x00007ff9fc94f000 	C:\WINDOWS\System32\IMM32.DLL
0x00007ff9c5ac0000 - 0x00007ff9c5acc000 	C:\Users\stas2\.jdks\openjdk-20.0.2-1\bin\vcruntime140_1.dll
0x00007ff993750000 - 0x00007ff9937de000 	C:\Users\stas2\.jdks\openjdk-20.0.2-1\bin\msvcp140.dll
0x00007ff9562b0000 - 0x00007ff956f48000 	C:\Users\stas2\.jdks\openjdk-20.0.2-1\bin\server\jvm.dll
0x00007ff9fcd40000 - 0x00007ff9fcdf4000 	C:\WINDOWS\System32\ADVAPI32.dll
0x00007ff9fc9a0000 - 0x00007ff9fca46000 	C:\WINDOWS\System32\sechost.dll
0x00007ff9fb180000 - 0x00007ff9fb298000 	C:\WINDOWS\System32\RPCRT4.dll
0x00007ff9d7bc0000 - 0x00007ff9d7bca000 	C:\WINDOWS\SYSTEM32\WSOCK32.dll
0x00007ff9ed180000 - 0x00007ff9ed1b5000 	C:\WINDOWS\SYSTEM32\WINMM.dll
0x00007ff9efc40000 - 0x00007ff9efc4b000 	C:\WINDOWS\SYSTEM32\VERSION.dll
0x00007ff9fabd0000 - 0x00007ff9fac44000 	C:\WINDOWS\System32\WS2_32.dll
0x00007ff9f8e10000 - 0x00007ff9f8e2b000 	C:\WINDOWS\SYSTEM32\kernel.appcore.dll
0x00007ff9be470000 - 0x00007ff9be47a000 	C:\Users\stas2\.jdks\openjdk-20.0.2-1\bin\jimage.dll
0x00007ff9f76a0000 - 0x00007ff9f78e1000 	C:\WINDOWS\SYSTEM32\DBGHELP.DLL
0x00007ff9fc030000 - 0x00007ff9fc3b5000 	C:\WINDOWS\System32\combase.dll
0x00007ff9fafe0000 - 0x00007ff9fb0c0000 	C:\WINDOWS\System32\OLEAUT32.dll
0x00007ff9dd2e0000 - 0x00007ff9dd323000 	C:\WINDOWS\SYSTEM32\dbgcore.DLL
0x00007ff9fa5b0000 - 0x00007ff9fa649000 	C:\WINDOWS\System32\bcryptPrimitives.dll
0x00007ff9f41d0000 - 0x00007ff9f41de000 	C:\Users\stas2\.jdks\openjdk-20.0.2-1\bin\instrument.dll
0x00007ff99fb90000 - 0x00007ff99fbb6000 	C:\Users\stas2\.jdks\openjdk-20.0.2-1\bin\java.dll
0x00007ff993670000 - 0x00007ff993747000 	C:\Users\stas2\.jdks\openjdk-20.0.2-1\bin\jsvml.dll
0x00007ff9fb8e0000 - 0x00007ff9fc02d000 	C:\WINDOWS\System32\SHELL32.dll
0x00007ff9fa430000 - 0x00007ff9fa5a3000 	C:\WINDOWS\System32\wintypes.dll
0x00007ff9f7b60000 - 0x00007ff9f83c0000 	C:\WINDOWS\SYSTEM32\windows.storage.dll
0x00007ff9faec0000 - 0x00007ff9fafb5000 	C:\WINDOWS\System32\SHCORE.dll
0x00007ff9fcb00000 - 0x00007ff9fcb6a000 	C:\WINDOWS\System32\shlwapi.dll
0x00007ff9f9e90000 - 0x00007ff9f9eb9000 	C:\WINDOWS\SYSTEM32\profapi.dll
0x00007ff99fb70000 - 0x00007ff99fb83000 	C:\Users\stas2\.jdks\openjdk-20.0.2-1\bin\net.dll
0x00007ff9f0e30000 - 0x00007ff9f0f4e000 	C:\WINDOWS\SYSTEM32\WINHTTP.dll
0x00007ff9f93a0000 - 0x00007ff9f940b000 	C:\WINDOWS\system32\mswsock.dll
0x00007ff99fb50000 - 0x00007ff99fb66000 	C:\Users\stas2\.jdks\openjdk-20.0.2-1\bin\nio.dll
0x00007ff993650000 - 0x00007ff993668000 	C:\Users\stas2\.jdks\openjdk-20.0.2-1\bin\zip.dll
0x00007ff9f2320000 - 0x00007ff9f233a000 	C:\IntelliJ IDEA Community Edition 2021.3.2\IntelliJ IDEA Community Edition 2023.2.1\bin\breakgen64.dll
0x00007ff9c7fe0000 - 0x00007ff9c805b000 	C:\Users\stas2\AppData\Local\Temp\lwjgl_stas2\3.3.4+7\x64\lwjgl.dll
0x00007ff9a6210000 - 0x00007ff9a6295000 	C:\Users\stas2\AppData\Local\Temp\lwjgl_stas2\3.3.4+7\x64\glfw.dll
0x00007ff9c7bb0000 - 0x00007ff9c7bfb000 	C:\WINDOWS\SYSTEM32\dinput8.dll
0x00007ff9eba10000 - 0x00007ff9eba22000 	C:\WINDOWS\SYSTEM32\xinput1_4.dll
0x00007ff9f9c10000 - 0x00007ff9f9c67000 	C:\WINDOWS\SYSTEM32\cfgmgr32.dll
0x00007ff9f9be0000 - 0x00007ff9f9c0d000 	C:\WINDOWS\SYSTEM32\DEVOBJ.dll
0x00007ff9f4220000 - 0x00007ff9f4255000 	C:\WINDOWS\SYSTEM32\dwmapi.dll
0x00007ff9c8320000 - 0x00007ff9c8502000 	C:\WINDOWS\SYSTEM32\inputhost.dll
0x00007ff9f3a60000 - 0x00007ff9f3b85000 	C:\WINDOWS\SYSTEM32\CoreMessaging.dll
0x00007ff9f4520000 - 0x00007ff9f45cf000 	C:\WINDOWS\system32\uxtheme.dll
0x00007ff9fac50000 - 0x00007ff9fadb1000 	C:\WINDOWS\System32\MSCTF.dll
0x00007ff9f9680000 - 0x00007ff9f968c000 	C:\WINDOWS\SYSTEM32\CRYPTBASE.DLL
0x00007ff9c57f0000 - 0x00007ff9c5908000 	C:\WINDOWS\SYSTEM32\opengl32.dll
0x00007ff9ca790000 - 0x00007ff9ca7bd000 	C:\WINDOWS\SYSTEM32\GLU32.dll
0x00007ff9f6e70000 - 0x00007ff9f6ebd000 	C:\WINDOWS\SYSTEM32\dxcore.dll
0x00007ff9f4620000 - 0x00007ff9f468a000 	C:\WINDOWS\SYSTEM32\directxdatabasehelper.dll
0x00007ff9ea330000 - 0x00007ff9ea34a000 	C:\WINDOWS\SYSTEM32\windows.staterepositorycore.dll
0x00007ff9701c0000 - 0x00007ff9711b3000 	C:\WINDOWS\System32\DriverStore\FileRepository\iigd_dch.inf_amd64_5802b1615520e41c\igxelpicd64.dll
0x00007ff9fb2a0000 - 0x00007ff9fb440000 	C:\WINDOWS\System32\ole32.dll
0x00007ff9f46b0000 - 0x00007ff9f47ee000 	C:\WINDOWS\system32\dxgi.dll
0x00007ff96fed0000 - 0x00007ff9701b7000 	C:\WINDOWS\System32\DriverStore\FileRepository\iigd_dch.inf_amd64_5802b1615520e41c\igdml64.dll
0x00007ff9e7c60000 - 0x00007ff9e8027000 	C:\WINDOWS\System32\DriverStore\FileRepository\iigd_dch.inf_amd64_5802b1615520e41c\igdgmm64.dll
0x00007ff9e4640000 - 0x00007ff9e7c51000 	C:\WINDOWS\System32\DriverStore\FileRepository\iigd_dch.inf_amd64_5802b1615520e41c\igc64.dll
0x00007ff9f8b50000 - 0x00007ff9f8bae000 	C:\WINDOWS\SYSTEM32\powrprof.dll
0x00007ff9f8b10000 - 0x00007ff9f8b24000 	C:\WINDOWS\SYSTEM32\UMPDC.dll
0x00007ff9c55c0000 - 0x00007ff9c5711000 	C:\WINDOWS\SYSTEM32\textinputframework.dll
0x00007ff9ead60000 - 0x00007ff9eb043000 	C:\WINDOWS\SYSTEM32\CoreUIComponents.dll
0x00007ff9b7160000 - 0x00007ff9b71c1000 	C:\Users\stas2\AppData\Local\Temp\lwjgl_stas2\3.3.4+7\x64\lwjgl_opengl.dll
0x00007ff980680000 - 0x00007ff980e74000 	C:\Users\stas2\AppData\Local\Temp\imgui-java-natives\1.89.0\imgui-java64.dll
0x00007ff99fb40000 - 0x00007ff99fb50000 	C:\Users\stas2\.jdks\openjdk-20.0.2-1\bin\verify.dll
0x00007ff98b1d0000 - 0x00007ff98b2f8000 	C:\Users\stas2\AppData\Local\Temp\lwjgl_stas2\3.3.4+7\x64\draco.dll
0x00007ff94a890000 - 0x00007ff94af4b000 	C:\Users\stas2\AppData\Local\Temp\lwjgl_stas2\3.3.4+7\x64\assimp.dll
0x00007ff9a3390000 - 0x00007ff9a3430000 	C:\Users\stas2\AppData\Local\Temp\lwjgl_stas2\3.3.4+7\x64\lwjgl_stb.dll

dbghelp: loaded successfully - version: 4.0.5 - missing functions: none
symbol engine: initialized successfully - sym options: 0x614 - pdb path: .;C:\Users\stas2\.jdks\openjdk-20.0.2-1\bin;C:\WINDOWS\SYSTEM32;C:\WINDOWS\WinSxS\amd64_microsoft.windows.common-controls_6595b64144ccf1df_6.0.26100.4768_none_3e0c112ce331287c;C:\Users\stas2\.jdks\openjdk-20.0.2-1\bin\server;C:\IntelliJ IDEA Community Edition 2021.3.2\IntelliJ IDEA Community Edition 2023.2.1\bin;C:\Users\stas2\AppData\Local\Temp\lwjgl_stas2\3.3.4+7\x64;C:\WINDOWS\System32\DriverStore\FileRepository\iigd_dch.inf_amd64_5802b1615520e41c;C:\Users\stas2\AppData\Local\Temp\imgui-java-natives\1.89.0

VM Arguments:
jvm_args: -javaagent:C:\IntelliJ IDEA Community Edition 2021.3.2\IntelliJ IDEA Community Edition 2023.2.1\lib\idea_rt.jar=51273:C:\IntelliJ IDEA Community Edition 2021.3.2\IntelliJ IDEA Community Edition 2023.2.1\bin -Dfile.encoding=windows-1252 -Dsun.stdout.encoding=windows-1252 -Dsun.stderr.encoding=windows-1252 --module-path=C:\Users\stas2\.m2\repository\org\lwjgl\lwjgl-assimp\3.3.4\lwjgl-assimp-3.3.4.jar;C:\Users\stas2\.m2\repository\org\lwjgl\lwjgl\3.3.4\lwjgl-3.3.4.jar;C:\Users\stas2\.m2\repository\org\joml\joml\1.10.7\joml-1.10.7.jar;C:\Users\stas2\.m2\repository\org\lwjgl\lwjgl-opengl\3.3.4\lwjgl-opengl-3.3.4.jar;C:\Users\stas2\.m2\repository\org\lwjgl\lwjgl-stb\3.3.4\lwjgl-stb-3.3.4.jar;C:\Users\stas2\.m2\repository\org\lwjgl\lwjgl-vulkan\3.3.4\lwjgl-vulkan-3.3.4.jar;C:\Users\stas2\.m2\repository\io\github\spair\imgui-java-lwjgl3\1.89.0\imgui-java-lwjgl3-1.89.0.jar;C:\Users\stas2\.m2\repository\io\github\spair\imgui-java-binding\1.89.0\imgui-java-binding-1.89.0.jar;C:\Users\stas2\.m2\repository\org\lwjgl\lwjgl-glfw\3.3.4\lwjgl-glfw-3.3.4.jar;O:\GIt\MultiplayerShooter\target\classes;C:\Users\stas2\.m2\repository\org\joml\joml-primitives\1.10.0\joml-primitives-1.10.0.jar -Djdk.module.main=com.bedrye.multiplayershooter 
java_command: com.bedrye.multiplayershooter/com.bedrye.bjge.GameEngine.TestMain
java_class_path (initial): C:\Users\stas2\.m2\repository\io\github\spair\imgui-java-natives-windows\1.89.0\imgui-java-natives-windows-1.89.0.jar;C:\Users\stas2\.m2\repository\org\lwjgl\lwjgl-bgfx\3.3.4\lwjgl-bgfx-3.3.4.jar;C:\Users\stas2\.m2\repository\org\lwjgl\lwjgl-nanovg\3.3.4\lwjgl-nanovg-3.3.4.jar;C:\Users\stas2\.m2\repository\org\lwjgl\lwjgl-nuklear\3.3.4\lwjgl-nuklear-3.3.4.jar;C:\Users\stas2\.m2\repository\org\lwjgl\lwjgl-openal\3.3.4\lwjgl-openal-3.3.4.jar;C:\Users\stas2\.m2\repository\org\lwjgl\lwjgl-par\3.3.4\lwjgl-par-3.3.4.jar;C:\Users\stas2\.m2\repository\org\lwjgl\lwjgl\3.3.4\lwjgl-3.3.4-natives-windows.jar;C:\Users\stas2\.m2\repository\org\lwjgl\lwjgl-assimp\3.3.4\lwjgl-assimp-3.3.4-natives-windows.jar;C:\Users\stas2\.m2\repository\org\lwjgl\lwjgl-bgfx\3.3.4\lwjgl-bgfx-3.3.4-natives-windows.jar;C:\Users\stas2\.m2\repository\org\lwjgl\lwjgl-glfw\3.3.4\lwjgl-glfw-3.3.4-natives-windows.jar;C:\Users\stas2\.m2\repository\org\lwjgl\lwjgl-nanovg\3.3.4\lwjgl-nanovg-3.3.4-natives-windows.jar;C:\Users\stas2\.m2\repository\org\lwjgl\lwjgl-nuklear\3.3.4\lwjgl-nuklear-3.3.4-natives-windows.jar;C:\Users\stas2\.m2\repository\org\lwjgl\lwjgl-openal\3.3.4\lwjgl-openal-3.3.4-natives-windows.jar;C:\Users\stas2\.m2\repository\org\lwjgl\lwjgl-opengl\3.3.4\lwjgl-opengl-3.3.4-natives-windows.jar;C:\Users\stas2\.m2\repository\org\lwjgl\lwjgl-par\3.3.4\lwjgl-par-3.3.4-natives-windows.jar;C:\Users\stas2\.m2\repository\org\lwjgl\lwjgl-stb\3.3.4\lwjgl-stb-3.3.4-natives-windows.jar
Launcher Type: SUN_STANDARD

[Global flags]
     intx CICompilerCount                          = 4                                         {product} {ergonomic}
     uint ConcGCThreads                            = 3                                         {product} {ergonomic}
     uint G1ConcRefinementThreads                  = 10                                        {product} {ergonomic}
   size_t G1HeapRegionSize                         = 2097152                                   {product} {ergonomic}
    uintx GCDrainStackTargetSize                   = 64                                        {product} {ergonomic}
   size_t InitialHeapSize                          = 266338304                                 {product} {ergonomic}
   size_t MarkStackSize                            = 4194304                                   {product} {ergonomic}
   size_t MaxHeapSize                              = 4238344192                                {product} {ergonomic}
   size_t MaxNewSize                               = 2541748224                                {product} {ergonomic}
   size_t MinHeapDeltaBytes                        = 2097152                                   {product} {ergonomic}
   size_t MinHeapSize                              = 8388608                                   {product} {ergonomic}
    uintx NonNMethodCodeHeapSize                   = 5839372                                {pd product} {ergonomic}
    uintx NonProfiledCodeHeapSize                  = 122909434                              {pd product} {ergonomic}
    uintx ProfiledCodeHeapSize                     = 122909434                              {pd product} {ergonomic}
    uintx ReservedCodeCacheSize                    = 251658240                              {pd product} {ergonomic}
     bool SegmentedCodeCache                       = true                                      {product} {ergonomic}
   size_t SoftMaxHeapSize                          = 4238344192                             {manageable} {ergonomic}
     bool UseCompressedClassPointers               = true                           {product lp64_product} {ergonomic}
     bool UseCompressedOops                        = true                           {product lp64_product} {ergonomic}
     bool UseG1GC                                  = true                                      {product} {ergonomic}
     bool UseLargePagesIndividualAllocation        = false                                  {pd product} {ergonomic}

Logging:
Log output configuration:
 #0: stdout all=off uptime,level,tags foldmultilines=false
 #1: stderr all=off uptime,level,tags foldmultilines=false

Environment Variables:
JAVA_HOME=C:\Program Files\Java\jdk-11.0.2
PATH=C:\Program Files\PlasticSCM5\server;C:\Program Files\PlasticSCM5\client;C:\Program Files\NVIDIA GPU Computing Toolkit\CUDA\v12.6\bin;C:\Program Files\NVIDIA GPU Computing Toolkit\CUDA\v12.6\libnvvp;C:\Program Files\Common Files\Oracle\Java\javapath;C:\Windows\system32;C:\Windows;C:\Program Files\Java\jdk-11.0.2\bin;C:\Windows\System32\Wbem;C:\ORacleDatabase\dbhomeXE\bin;C:\Windows\System32\WindowsPowerShell\v1.0\;C:\Windows\System32\OpenSSH\;C:\Program Files (x86)\NVIDIA Corporation\PhysX\Common;C:\Program Files\NVIDIA Corporation\NVIDIA NvDLISR;C:\Program Files\Git LFS;C:\Program Files\Git\cmd;C:\Program Files (x86)\Windows Kits\10\Windows Performance Toolkit\;C:\Program Files (x86)\Steam\steamapps\common\Counter-Strike Global Offensive\game\bin\win64;C:\Users\stas2\AppData\Local\Programs\Python\Python311;C:\Program Files\dotnet\;C:\Program Files\Microsoft SQL Server\150\Tools\Binn\;C:\Program Files\Microsoft SQL Server\Client SDK\ODBC\170\Tools\Binn\;C:\Program Files\NVIDIA Corporation\Nsight Compute 2024.3.2\;C:\Program Files (x86)\Microsoft SQL Server\160\Tools\Binn\;C:\Program Files\Microsoft SQL Server\160\Tools\Binn\;C:\Program Files\Microsoft SQL Server\160\DTS\Binn\;C:\Program Files (x86)\Microsoft SQL Server\160\DTS\Binn\;C:\WINDOWS\system32;C:\WINDOWS;C:\WINDOWS\System32\Wbem;C:\WINDOWS\System32\WindowsPowerShell\v1.0\;C:\WINDOWS\System32\OpenSSH\;C:\Program Files\Docker\Docker\resources\bin;O:\npdejs\;C:\Users\stas2\AppData\Local\Microsoft\WindowsApps;C:\Users\stas2\AppData\Local\Programs\Microsoft VS Code\bin;C:\Users\stas2\AppData\Local\GitHubDesktop\bin;C:\Users\stas2\AppData\Local\Programs\Python\Python311;C:\Program Files (x86)\Steam\steamapps\common\Counter-Strike Global Offensive\game\bin\win64;C:\Users\stas2\.dotnet\tools;C:\Users\stas2\AppData\Local\Muse Hub\lib;C:\Users\stas2\AppData\Roaming\npm
USERNAME=stas2
OS=Windows_NT
PROCESSOR_IDENTIFIER=Intel64 Family 6 Model 141 Stepping 1, GenuineIntel
TMP=C:\Users\stas2\AppData\Local\Temp
TEMP=C:\Users\stas2\AppData\Local\Temp




---------------  S Y S T E M  ---------------

OS:
 Windows 11 , 64 bit Build 26100 (10.0.26100.4768)
OS uptime: 17 days 8:48 hours
Hyper-V role detected

CPU: total 12 (initial active 12) (6 cores per cpu, 2 threads per core) family 6 model 141 stepping 1 microcode 0x3c, cx8, cmov, fxsr, ht, mmx, 3dnowpref, sse, sse2, sse3, ssse3, sse4.1, sse4.2, popcnt, lzcnt, tsc, tscinvbit, avx, avx2, aes, erms, clmul, bmi1, bmi2, adx, avx512f, avx512dq, avx512cd, avx512bw, avx512vl, sha, fma, vzeroupper, avx512_vpopcntdq, avx512_vpclmulqdq, avx512_vaes, avx512_vnni, clflush, clflushopt, clwb, avx512_vbmi2, avx512_vbmi, hv, rdtscp, rdpid, fsrm, gfni, avx512_bitalg, f16c, cet_ibt, cet_ss, avx512_ifma

Memory: 4k page, system-wide physical 16163M (2711M free)
TotalPageFile size 33571M (AvailPageFile size 11083M)
current process WorkingSet (physical memory assigned to process): 278M, peak: 287M
current process commit charge ("private bytes"): 445M, peak: 473M

vm_info: OpenJDK 64-Bit Server VM (20.0.2+9-78) for windows-amd64 JRE (20.0.2+9-78), built on 2023-06-14T10:08:48Z by "mach5one" with MS VC++ 17.1 (VS2022)

END.
