#
# A fatal error has been detected by the Java Runtime Environment:
#
#  EXCEPTION_ACCESS_VIOLATION (0xc0000005) at pc=0x00007ffa4210366c, pid=18840, tid=1776
#
# JRE version: OpenJDK Runtime Environment (21.0.1+12) (build 21.0.1+12-29)
# Java VM: OpenJDK 64-Bit Server VM (21.0.1+12-29, mixed mode, sharing, tiered, compressed oops, compressed class ptrs, g1 gc, windows-amd64)
# Problematic frame:
# C  [igxelpicd64.dll+0x13366c]
#
# No core dump will be written. Minidumps are not enabled by default on client versions of Windows
#
# If you would like to submit a bug report, please visit:
#   https://bugreport.java.com/bugreport/crash.jsp
#

---------------  S U M M A R Y ------------

Command Line: -javaagent:C:\IntelliJ IDEA Community Edition 2021.3.2\IntelliJ IDEA Community Edition 2023.2.1\lib\idea_rt.jar=53444:C:\IntelliJ IDEA Community Edition 2021.3.2\IntelliJ IDEA Community Edition 2023.2.1\bin -Dfile.encoding=windows-1252 -Dsun.stdout.encoding=windows-1252 -Dsun.stderr.encoding=windows-1252 --module-path=C:\Users\stas2\.m2\repository\org\lwjgl\lwjgl\3.3.4\lwjgl-3.3.4.jar;C:\Users\stas2\.m2\repository\org\lwjgl\lwjgl-glfw\3.3.4\lwjgl-glfw-3.3.4.jar;C:\Users\stas2\.m2\repository\org\lwjgl\lwjgl-vulkan\3.3.4\lwjgl-vulkan-3.3.4.jar;C:\Users\stas2\.m2\repository\io\github\spair\imgui-java-lwjgl3\1.89.0\imgui-java-lwjgl3-1.89.0.jar;O:\GIt\MultiplayerShooter\target\classes;C:\Users\stas2\.m2\repository\com\fasterxml\jackson\core\jackson-core\2.17.2\jackson-core-2.17.2.jar;C:\Users\stas2\.m2\repository\org\lwjgl\lwjgl-stb\3.3.4\lwjgl-stb-3.3.4.jar;C:\Users\stas2\.m2\repository\com\fasterxml\jackson\core\jackson-annotations\2.17.2\jackson-annotations-2.17.2.jar;C:\Users\stas2\.m2\repository\io\github\spair\imgui-java-binding\1.89.0\imgui-java-binding-1.89.0.jar;C:\Users\stas2\.m2\repository\org\joml\joml\1.10.7\joml-1.10.7.jar;C:\Users\stas2\.m2\repository\org\lwjgl\lwjgl-assimp\3.3.4\lwjgl-assimp-3.3.4.jar;C:\Users\stas2\.m2\repository\org\lwjgl\lwjgl-opengl\3.3.4\lwjgl-opengl-3.3.4.jar;C:\Users\stas2\.m2\repository\org\joml\joml-primitives\1.10.0\joml-primitives-1.10.0.jar;C:\Users\stas2\.m2\repository\com\fasterxml\jackson\core\jackson-databind\2.17.2\jackson-databind-2.17.2.jar -Djdk.module.main=com.bedrye.bjge com.bedrye.bjge/com.bedrye.bjge.TestMain

Host: 11th Gen Intel(R) Core(TM) i5-11400H @ 2.70GHz, 12 cores, 15G,  Windows 11 , 64 bit Build 26100 (10.0.26100.5074)
Time: Mon Oct  6 22:45:11 2025 FLE Summer Time elapsed time: 50.795162 seconds (0d 0h 0m 50s)

---------------  T H R E A D  ---------------

Current thread (0x00000209365312b0):  VMThread "VM Thread"          [id=1776, stack(0x000000714a100000,0x000000714a200000) (1024K)]

Stack: [0x000000714a100000,0x000000714a200000],  sp=0x000000714a1fe130,  free space=1016k
Native frames: (J=compiled Java code, j=interpreted, Vv=VM code, C=native code)
C  [igxelpicd64.dll+0x13366c]


siginfo: EXCEPTION_ACCESS_VIOLATION (0xc0000005), reading address 0x00000000000356f8


Registers:
RAX=0x000002097f5d25f8, RBX=0x000002097f5d24f0, RCX=0x0000000000000000, RDX=0x0000000000000000
RSP=0x000000714a1fe130, RBP=0x0000000000000000, RSI=0x000002097f5d2ac0, RDI=0x000002097f0cdc00
R8 =0x0000000000000014, R9 =0x00000071494c4000, R10=0x0000000000000000, R11=0x0000000000000000
R12=0x0000000000000000, R13=0x000002097f272720, R14=0x0000000000000000, R15=0x0000000000000016
RIP=0x00007ffa4210366c, EFLAGS=0x0000000000010202


Register to memory mapping:

RAX=0x000002097f5d25f8 points into unknown readable memory: 0x0000000000000057 | 57 00 00 00 00 00 00 00
RBX=0x000002097f5d24f0 points into unknown readable memory: 0x000002097ec9ba00 | 00 ba c9 7e 09 02 00 00
RCX=0x0 is null
RDX=0x0 is null
RSP=0x000000714a1fe130 points into unknown readable memory: 0x000002097f023bc0 | c0 3b 02 7f 09 02 00 00
RBP=0x0 is null
RSI=0x000002097f5d2ac0 points into unknown readable memory: 0x000002097f272720 | 20 27 27 7f 09 02 00 00
RDI=0x000002097f0cdc00 points into unknown readable memory: 0x000002097f067c00 | 00 7c 06 7f 09 02 00 00
R8 =0x0000000000000014 is an unknown value
R9 =0x00000071494c4000 points into unknown readable memory: 0x0000000000000000 | 00 00 00 00 00 00 00 00
R10=0x0 is null
R11=0x0 is null
R12=0x0 is null
R13=0x000002097f272720 points into unknown readable memory: 0x000002097ec9ba00 | 00 ba c9 7e 09 02 00 00
R14=0x0 is null
R15=0x0000000000000016 is an unknown value

Top of Stack: (sp=0x000000714a1fe130)
0x000000714a1fe130:   000002097f023bc0 0000000000000000
0x000000714a1fe140:   02ac83e1028f19e0 00007ffac7de7254
0x000000714a1fe150:   027f07e20376e8e1 036249e2033915e2
0x000000714a1fe160:   0353a8e2036352e2 034d97e303287ae3
0x000000714a1fe170:   000002097f0b6d38 0000000000000058
0x000000714a1fe180:   0000000000000000 0000000000000010
0x000000714a1fe190:   0000000000000000 0000000000000000
0x000000714a1fe1a0:   000000714a1fe2b0 00007ffa4227bc3c
0x000000714a1fe1b0:   000002097f023bc0 000002097f0cdc00
0x000000714a1fe1c0:   027a29ec031fb800 033d7aec03335000
0x000000714a1fe1d0:   0000007100001910 0000b80200000000
0x000000714a1fe1e0:   0000000000000000 02f5e0ee0373b4ee
0x000000714a1fe1f0:   029f24f002718eef 00b6e0f0025b37f0
0x000000714a1fe200:   0060fcf102f31ef1 03582ef300db08f3
0x000000714a1fe210:   0366f5f30228d5f3 00007ffa422719a0
0x000000714a1fe220:   02c74ef5029748f5 01b9eef5036b73f5
0x000000714a1fe230:   02312df6031111f6 033113f7005e12f7
0x000000714a1fe240:   036190f702a826f7 006fd3f7027dcef7
0x000000714a1fe250:   023338f80335dcf7 00007ffa42053cdf
0x000000714a1fe260:   0000b80200000000 0000000000001910
0x000000714a1fe270:   0000000000000000 4000188000000001
0x000000714a1fe280:   0000000000000000 0000000000000000
0x000000714a1fe290:   0000000000000000 0000000000000000
0x000000714a1fe2a0:   0000000000000000 0000000000000000
0x000000714a1fe2b0:   0000000000000000 0000000000000000
0x000000714a1fe2c0:   0000000000000000 0000000000000000
0x000000714a1fe2d0:   0000000000000000 0000000000000000
0x000000714a1fe2e0:   0000000000000000 0000000000000000
0x000000714a1fe2f0:   0000000000000000 0000000000000000
0x000000714a1fe300:   0000000000000000 0000000000000000
0x000000714a1fe310:   0000000000000000 0000000000000000
0x000000714a1fe320:   0000000000000000 0000000000000000 

Instructions: (pc=0x00007ffa4210366c)
0x00007ffa4210356c:   ec 40 45 8a e1 48 8b fa 48 8b e9 48 8b 1d 42 08
0x00007ffa4210357c:   e0 00 48 89 58 08 48 8b cb ff 15 85 5b 9a 00 90
0x00007ffa4210358c:   4c 8b af 78 02 00 00 48 8b 05 c6 e4 cf 00 44 8b
0x00007ffa4210359c:   b8 40 0b 00 00 45 33 db 45 8a f3 4c 89 9f 78 02
0x00007ffa421035ac:   00 00 44 89 9f 80 02 00 00 4c 89 9f 98 02 00 00
0x00007ffa421035bc:   4c 89 9f 88 02 00 00 48 85 ed 75 38 8b 35 4a e2
0x00007ffa421035cc:   df 00 65 48 8b 04 25 58 00 00 00 b9 14 00 00 00
0x00007ffa421035dc:   48 8b 04 f0 44 38 1c 01 0f 84 9d da 86 00 65 48
0x00007ffa421035ec:   8b 04 25 58 00 00 00 bd 20 00 00 00 48 8b 04 f0
0x00007ffa421035fc:   48 8b 2c 28 48 3b 2d 39 07 e0 00 45 0f 44 fb 4d
0x00007ffa4210360c:   85 ed 0f 84 21 01 00 00 44 8a a4 24 90 00 00 00
0x00007ffa4210361c:   49 8b dd 49 8d b5 d0 05 00 00 4c 8b 2e 45 84 e4
0x00007ffa4210362c:   0f 85 2a 03 00 00 8b 97 c8 01 00 00 48 8b 05 21
0x00007ffa4210363c:   e4 cf 00 83 b8 78 03 00 00 02 75 31 83 fa 10 0f
0x00007ffa4210364c:   83 20 01 00 00 48 8d 04 d5 21 00 00 00 48 03 c2
0x00007ffa4210365c:   48 8d 04 c3 48 85 c0 0f 85 ff 00 00 00 49 8b cb
0x00007ffa4210366c:   48 3b 8d f8 56 03 00 0f 87 f3 02 00 00 4c 39 9b
0x00007ffa4210367c:   48 06 00 00 0f 85 41 da 86 00 44 8b 97 c8 01 00
0x00007ffa4210368c:   00 48 8b 87 e0 01 00 00 4c 8b 08 8b 97 c8 01 00
0x00007ffa4210369c:   00 83 fa 10 0f 83 03 01 00 00 48 8d 04 d5 21 00
0x00007ffa421036ac:   00 00 48 03 c2 48 8d 04 c3 48 85 c0 0f 85 e2 00
0x00007ffa421036bc:   00 00 49 8b cb 49 3b c9 0f 86 0e 01 00 00 48 8b
0x00007ffa421036cc:   87 78 02 00 00 48 89 06 48 89 9f 78 02 00 00 ff
0x00007ffa421036dc:   87 80 02 00 00 48 8b 43 08 48 8b 88 18 01 00 00
0x00007ffa421036ec:   48 81 e1 00 00 ff ff 48 81 c1 00 00 01 00 48 01
0x00007ffa421036fc:   8f 88 02 00 00 48 8b 43 08 48 8b 88 18 01 00 00
0x00007ffa4210370c:   48 01 8f 98 02 00 00 4d 85 ed 0f 85 00 ff ff ff
0x00007ffa4210371c:   45 84 f6 44 8a a4 24 98 00 00 00 0f 85 82 03 00
0x00007ffa4210372c:   00 48 8b 9c 24 80 00 00 00 48 8b cf 45 84 e4 0f
0x00007ffa4210373c:   85 8a 03 00 00 e8 fa f9 ff ff 90 48 8b cb 48 8b
0x00007ffa4210374c:   9c 24 88 00 00 00 48 83 c4 40 41 5f 41 5e 41 5d
0x00007ffa4210375c:   41 5c 5f 5e 5d 48 ff 25 b0 59 9a 00 48 8b 48 08 


Stack slot to memory mapping:

stack at sp + 0 slots: 0x000002097f023bc0 points into unknown readable memory: 0xffffffffffffffff | ff ff ff ff ff ff ff ff
stack at sp + 1 slots: 0x0 is null
stack at sp + 2 slots: 0x02ac83e1028f19e0 is an unknown value
stack at sp + 3 slots: 0x00007ffac7de7254 ntdll.dll
stack at sp + 4 slots: 0x027f07e20376e8e1 is an unknown value
stack at sp + 5 slots: 0x036249e2033915e2 is an unknown value
stack at sp + 6 slots: 0x0353a8e2036352e2 is an unknown value
stack at sp + 7 slots: 0x034d97e303287ae3 is an unknown value

VM_Operation (0x000000714bcff490): Exit, mode: safepoint, requested by thread 0x000002097f5f49b0


---------------  P R O C E S S  ---------------

Threads class SMR info:
_java_thread_list=0x000002097f53fc80, length=17, elements={
0x000002093654d860, 0x000002093654e660, 0x000002097e119970, 0x000002097e11aba0,
0x000002097e11ba50, 0x000002097e11e720, 0x000002097e13c470, 0x000002097e13cf10,
0x000002097e2466a0, 0x000002097e8287d0, 0x000002097e3700d0, 0x000002097ecad8b0,
0x000002097ece8820, 0x000002097f536280, 0x000002097e338230, 0x00000209176f9c80,
0x000002097f5f49b0
}

Java Threads: ( => current thread )
  0x000002093654d860 JavaThread "Reference Handler"          daemon [_thread_blocked, id=3272, stack(0x000000714a200000,0x000000714a300000) (1024K)]
  0x000002093654e660 JavaThread "Finalizer"                  daemon [_thread_blocked, id=21476, stack(0x000000714a300000,0x000000714a400000) (1024K)]
  0x000002097e119970 JavaThread "Signal Dispatcher"          daemon [_thread_blocked, id=6968, stack(0x000000714a400000,0x000000714a500000) (1024K)]
  0x000002097e11aba0 JavaThread "Attach Listener"            daemon [_thread_blocked, id=4716, stack(0x000000714a500000,0x000000714a600000) (1024K)]
  0x000002097e11ba50 JavaThread "Service Thread"             daemon [_thread_blocked, id=31072, stack(0x000000714a600000,0x000000714a700000) (1024K)]
  0x000002097e11e720 JavaThread "Monitor Deflation Thread"   daemon [_thread_blocked, id=21828, stack(0x000000714a700000,0x000000714a800000) (1024K)]
  0x000002097e13c470 JavaThread "C2 CompilerThread0"         daemon [_thread_blocked, id=17812, stack(0x000000714a800000,0x000000714a900000) (1024K)]
  0x000002097e13cf10 JavaThread "C1 CompilerThread0"         daemon [_thread_blocked, id=29456, stack(0x000000714a900000,0x000000714aa00000) (1024K)]
  0x000002097e2466a0 JavaThread "Common-Cleaner"             daemon [_thread_blocked, id=15920, stack(0x000000714aa00000,0x000000714ab00000) (1024K)]
  0x000002097e8287d0 JavaThread "Monitor Ctrl-Break"         daemon [_thread_in_native, id=31860, stack(0x000000714ad00000,0x000000714ae00000) (1024K)]
  0x000002097e3700d0 JavaThread "Notification Thread"        daemon [_thread_blocked, id=14892, stack(0x000000714ae00000,0x000000714af00000) (1024K)]
  0x000002097ecad8b0 JavaThread "FileSystemWatchService"     daemon [_thread_in_native, id=22404, stack(0x000000714b500000,0x000000714b600000) (1024K)]
  0x000002097ece8820 JavaThread "ScriptWatcher"                     [_thread_blocked, id=37556, stack(0x000000714b600000,0x000000714b700000) (1024K)]
  0x000002097f536280 JavaThread "FileSystemWatchService"     daemon [_thread_in_native, id=21204, stack(0x000000714ab00000,0x000000714ac00000) (1024K)]
  0x000002097e338230 JavaThread "BJE-Asset-Watcher"          daemon [_thread_blocked, id=34180, stack(0x000000714ac00000,0x000000714ad00000) (1024K)]
  0x00000209176f9c80 JavaThread "DestroyJavaVM"                     [_thread_blocked, id=21592, stack(0x0000007149a00000,0x0000007149b00000) (1024K)]
  0x000002097f5f49b0 JavaThread "SIGINT handler"             daemon [_thread_blocked, id=17688, stack(0x000000714bc00000,0x000000714bd00000) (1024K)]
Total: 17

Other Threads:
=>0x00000209365312b0 VMThread "VM Thread"                           [id=1776, stack(0x000000714a100000,0x000000714a200000) (1024K)]
  0x0000020919b15af0 WorkerThread "GC Thread#0"                     [id=33236, stack(0x0000007149b00000,0x0000007149c00000) (1024K)]
  0x000002097ebf51b0 WorkerThread "GC Thread#1"                     [id=27768, stack(0x000000714af00000,0x000000714b000000) (1024K)]
  0x000002097ebf5550 WorkerThread "GC Thread#2"                     [id=36024, stack(0x000000714b000000,0x000000714b100000) (1024K)]
  0x000002097ec60b40 WorkerThread "GC Thread#3"                     [id=11860, stack(0x000000714b100000,0x000000714b200000) (1024K)]
  0x000002097ec60ee0 WorkerThread "GC Thread#4"                     [id=21512, stack(0x000000714b200000,0x000000714b300000) (1024K)]
  0x000002097ec61280 WorkerThread "GC Thread#5"                     [id=4184, stack(0x000000714b300000,0x000000714b400000) (1024K)]
  0x000002097ec0ab90 WorkerThread "GC Thread#6"                     [id=28988, stack(0x000000714b400000,0x000000714b500000) (1024K)]
  0x0000020919b65010 ConcurrentGCThread "G1 Main Marker"            terminated
  0x0000020919b662b0 WorkerThread "G1 Conc#0"                       [id=14616, stack(0x0000007149d00000,0x0000007149e00000) (1024K)]
  0x00000209363eabd0 ConcurrentGCThread "G1 Refine#0"               terminated
  0x00000209363eb740 ConcurrentGCThread "G1 Service"                terminated
Total: 12

Threads with active compile tasks:
Total: 0

VM state: at safepoint (shutting down)

VM Mutex/Monitor currently owned by a thread:  ([mutex/lock_event])
[0x00007ffa1338a5f8] Threads_lock - owner thread: 0x00000209365312b0
[0x00007ffa1338a6f8] Heap_lock - owner thread: 0x000002097f5f49b0

Heap address: 0x0000000703600000, size: 4042 MB, Compressed Oops mode: Zero based, Oop shift amount: 3

CDS archive(s) mapped at: [0x0000020939000000-0x0000020939c90000-0x0000020939c90000), size 13172736, SharedBaseAddress: 0x0000020939000000, ArchiveRelocationMode: 1.
Compressed class space mapped at: 0x000002093a000000-0x000002097a000000, reserved size: 1073741824
Narrow klass base: 0x0000020939000000, Narrow klass shift: 0, Narrow klass range: 0x100000000

GC Precious Log:
 CardTable entry size: 512
 Card Set container configuration: InlinePtr #cards 4 size 8 Array Of Cards #cards 16 size 48 Howl #buckets 8 coarsen threshold 3686 Howl Bitmap #cards 512 size 80 coarsen threshold 460 Card regions per heap region 1 cards per card region 4096
 CPUs: 12 total, 12 available
 Memory: 16163M
 Large Page Support: Disabled
 NUMA Support: Disabled
 Compressed Oops: Enabled (Zero based)
 Heap Region Size: 2M
 Heap Min Capacity: 8M
 Heap Initial Capacity: 254M
 Heap Max Capacity: 4042M
 Pre-touch: Disabled
 Parallel Workers: 10
 Concurrent Workers: 3
 Concurrent Refinement Workers: 10
 Periodic GC: Disabled

Heap:
 garbage-first heap   total 260096K, used 18911K [0x0000000703600000, 0x0000000800000000)
  region size 2048K, 12 young (24576K), 2 survivors (4096K)
 Metaspace       used 10637K, committed 10816K, reserved 1114112K
  class space    used 824K, committed 896K, reserved 1048576K

Heap Regions: E=young(eden), S=young(survivor), O=old, HS=humongous(starts), HC=humongous(continues), CS=collection set, F=free, TAMS=top-at-mark-start, PB=parsable bottom
|   0|0x0000000703600000, 0x0000000703600000, 0x0000000703800000|  0%| F|  |TAMS 0x0000000703600000| PB 0x0000000703600000| Untracked 
|   1|0x0000000703800000, 0x0000000703800000, 0x0000000703a00000|  0%| F|  |TAMS 0x0000000703800000| PB 0x0000000703800000| Untracked 
|   2|0x0000000703a00000, 0x0000000703a00000, 0x0000000703c00000|  0%| F|  |TAMS 0x0000000703a00000| PB 0x0000000703a00000| Untracked 
|   3|0x0000000703c00000, 0x0000000703c00000, 0x0000000703e00000|  0%| F|  |TAMS 0x0000000703c00000| PB 0x0000000703c00000| Untracked 
|   4|0x0000000703e00000, 0x0000000703e00000, 0x0000000704000000|  0%| F|  |TAMS 0x0000000703e00000| PB 0x0000000703e00000| Untracked 
|   5|0x0000000704000000, 0x0000000704000000, 0x0000000704200000|  0%| F|  |TAMS 0x0000000704000000| PB 0x0000000704000000| Untracked 
|   6|0x0000000704200000, 0x0000000704200000, 0x0000000704400000|  0%| F|  |TAMS 0x0000000704200000| PB 0x0000000704200000| Untracked 
|   7|0x0000000704400000, 0x0000000704400000, 0x0000000704600000|  0%| F|  |TAMS 0x0000000704400000| PB 0x0000000704400000| Untracked 
|   8|0x0000000704600000, 0x0000000704600000, 0x0000000704800000|  0%| F|  |TAMS 0x0000000704600000| PB 0x0000000704600000| Untracked 
|   9|0x0000000704800000, 0x0000000704800000, 0x0000000704a00000|  0%| F|  |TAMS 0x0000000704800000| PB 0x0000000704800000| Untracked 
|  10|0x0000000704a00000, 0x0000000704a00000, 0x0000000704c00000|  0%| F|  |TAMS 0x0000000704a00000| PB 0x0000000704a00000| Untracked 
|  11|0x0000000704c00000, 0x0000000704c00000, 0x0000000704e00000|  0%| F|  |TAMS 0x0000000704c00000| PB 0x0000000704c00000| Untracked 
|  12|0x0000000704e00000, 0x0000000704e00000, 0x0000000705000000|  0%| F|  |TAMS 0x0000000704e00000| PB 0x0000000704e00000| Untracked 
|  13|0x0000000705000000, 0x0000000705000000, 0x0000000705200000|  0%| F|  |TAMS 0x0000000705000000| PB 0x0000000705000000| Untracked 
|  14|0x0000000705200000, 0x0000000705200000, 0x0000000705400000|  0%| F|  |TAMS 0x0000000705200000| PB 0x0000000705200000| Untracked 
|  15|0x0000000705400000, 0x0000000705400000, 0x0000000705600000|  0%| F|  |TAMS 0x0000000705400000| PB 0x0000000705400000| Untracked 
|  16|0x0000000705600000, 0x0000000705600000, 0x0000000705800000|  0%| F|  |TAMS 0x0000000705600000| PB 0x0000000705600000| Untracked 
|  17|0x0000000705800000, 0x0000000705800000, 0x0000000705a00000|  0%| F|  |TAMS 0x0000000705800000| PB 0x0000000705800000| Untracked 
|  18|0x0000000705a00000, 0x0000000705a00000, 0x0000000705c00000|  0%| F|  |TAMS 0x0000000705a00000| PB 0x0000000705a00000| Untracked 
|  19|0x0000000705c00000, 0x0000000705c00000, 0x0000000705e00000|  0%| F|  |TAMS 0x0000000705c00000| PB 0x0000000705c00000| Untracked 
|  20|0x0000000705e00000, 0x0000000705e00000, 0x0000000706000000|  0%| F|  |TAMS 0x0000000705e00000| PB 0x0000000705e00000| Untracked 
|  21|0x0000000706000000, 0x0000000706000000, 0x0000000706200000|  0%| F|  |TAMS 0x0000000706000000| PB 0x0000000706000000| Untracked 
|  22|0x0000000706200000, 0x0000000706200000, 0x0000000706400000|  0%| F|  |TAMS 0x0000000706200000| PB 0x0000000706200000| Untracked 
|  23|0x0000000706400000, 0x0000000706400000, 0x0000000706600000|  0%| F|  |TAMS 0x0000000706400000| PB 0x0000000706400000| Untracked 
|  24|0x0000000706600000, 0x0000000706600000, 0x0000000706800000|  0%| F|  |TAMS 0x0000000706600000| PB 0x0000000706600000| Untracked 
|  25|0x0000000706800000, 0x0000000706800000, 0x0000000706a00000|  0%| F|  |TAMS 0x0000000706800000| PB 0x0000000706800000| Untracked 
|  26|0x0000000706a00000, 0x0000000706a00000, 0x0000000706c00000|  0%| F|  |TAMS 0x0000000706a00000| PB 0x0000000706a00000| Untracked 
|  27|0x0000000706c00000, 0x0000000706c00000, 0x0000000706e00000|  0%| F|  |TAMS 0x0000000706c00000| PB 0x0000000706c00000| Untracked 
|  28|0x0000000706e00000, 0x0000000706e00000, 0x0000000707000000|  0%| F|  |TAMS 0x0000000706e00000| PB 0x0000000706e00000| Untracked 
|  29|0x0000000707000000, 0x0000000707000000, 0x0000000707200000|  0%| F|  |TAMS 0x0000000707000000| PB 0x0000000707000000| Untracked 
|  30|0x0000000707200000, 0x0000000707200000, 0x0000000707400000|  0%| F|  |TAMS 0x0000000707200000| PB 0x0000000707200000| Untracked 
|  31|0x0000000707400000, 0x0000000707400000, 0x0000000707600000|  0%| F|  |TAMS 0x0000000707400000| PB 0x0000000707400000| Untracked 
|  32|0x0000000707600000, 0x0000000707600000, 0x0000000707800000|  0%| F|  |TAMS 0x0000000707600000| PB 0x0000000707600000| Untracked 
|  33|0x0000000707800000, 0x0000000707800000, 0x0000000707a00000|  0%| F|  |TAMS 0x0000000707800000| PB 0x0000000707800000| Untracked 
|  34|0x0000000707a00000, 0x0000000707a00000, 0x0000000707c00000|  0%| F|  |TAMS 0x0000000707a00000| PB 0x0000000707a00000| Untracked 
|  35|0x0000000707c00000, 0x0000000707c00000, 0x0000000707e00000|  0%| F|  |TAMS 0x0000000707c00000| PB 0x0000000707c00000| Untracked 
|  36|0x0000000707e00000, 0x0000000707e00000, 0x0000000708000000|  0%| F|  |TAMS 0x0000000707e00000| PB 0x0000000707e00000| Untracked 
|  37|0x0000000708000000, 0x0000000708000000, 0x0000000708200000|  0%| F|  |TAMS 0x0000000708000000| PB 0x0000000708000000| Untracked 
|  38|0x0000000708200000, 0x0000000708200000, 0x0000000708400000|  0%| F|  |TAMS 0x0000000708200000| PB 0x0000000708200000| Untracked 
|  39|0x0000000708400000, 0x0000000708400000, 0x0000000708600000|  0%| F|  |TAMS 0x0000000708400000| PB 0x0000000708400000| Untracked 
|  40|0x0000000708600000, 0x0000000708600000, 0x0000000708800000|  0%| F|  |TAMS 0x0000000708600000| PB 0x0000000708600000| Untracked 
|  41|0x0000000708800000, 0x0000000708800000, 0x0000000708a00000|  0%| F|  |TAMS 0x0000000708800000| PB 0x0000000708800000| Untracked 
|  42|0x0000000708a00000, 0x0000000708a00000, 0x0000000708c00000|  0%| F|  |TAMS 0x0000000708a00000| PB 0x0000000708a00000| Untracked 
|  43|0x0000000708c00000, 0x0000000708c00000, 0x0000000708e00000|  0%| F|  |TAMS 0x0000000708c00000| PB 0x0000000708c00000| Untracked 
|  44|0x0000000708e00000, 0x0000000708e00000, 0x0000000709000000|  0%| F|  |TAMS 0x0000000708e00000| PB 0x0000000708e00000| Untracked 
|  45|0x0000000709000000, 0x0000000709000000, 0x0000000709200000|  0%| F|  |TAMS 0x0000000709000000| PB 0x0000000709000000| Untracked 
|  46|0x0000000709200000, 0x0000000709200000, 0x0000000709400000|  0%| F|  |TAMS 0x0000000709200000| PB 0x0000000709200000| Untracked 
|  47|0x0000000709400000, 0x0000000709400000, 0x0000000709600000|  0%| F|  |TAMS 0x0000000709400000| PB 0x0000000709400000| Untracked 
|  48|0x0000000709600000, 0x0000000709600000, 0x0000000709800000|  0%| F|  |TAMS 0x0000000709600000| PB 0x0000000709600000| Untracked 
|  49|0x0000000709800000, 0x0000000709800000, 0x0000000709a00000|  0%| F|  |TAMS 0x0000000709800000| PB 0x0000000709800000| Untracked 
|  50|0x0000000709a00000, 0x0000000709a00000, 0x0000000709c00000|  0%| F|  |TAMS 0x0000000709a00000| PB 0x0000000709a00000| Untracked 
|  51|0x0000000709c00000, 0x0000000709c00000, 0x0000000709e00000|  0%| F|  |TAMS 0x0000000709c00000| PB 0x0000000709c00000| Untracked 
|  52|0x0000000709e00000, 0x0000000709e00000, 0x000000070a000000|  0%| F|  |TAMS 0x0000000709e00000| PB 0x0000000709e00000| Untracked 
|  53|0x000000070a000000, 0x000000070a000000, 0x000000070a200000|  0%| F|  |TAMS 0x000000070a000000| PB 0x000000070a000000| Untracked 
|  54|0x000000070a200000, 0x000000070a200000, 0x000000070a400000|  0%| F|  |TAMS 0x000000070a200000| PB 0x000000070a200000| Untracked 
|  55|0x000000070a400000, 0x000000070a400000, 0x000000070a600000|  0%| F|  |TAMS 0x000000070a400000| PB 0x000000070a400000| Untracked 
|  56|0x000000070a600000, 0x000000070a600000, 0x000000070a800000|  0%| F|  |TAMS 0x000000070a600000| PB 0x000000070a600000| Untracked 
|  57|0x000000070a800000, 0x000000070a800000, 0x000000070aa00000|  0%| F|  |TAMS 0x000000070a800000| PB 0x000000070a800000| Untracked 
|  58|0x000000070aa00000, 0x000000070aa00000, 0x000000070ac00000|  0%| F|  |TAMS 0x000000070aa00000| PB 0x000000070aa00000| Untracked 
|  59|0x000000070ac00000, 0x000000070ac00000, 0x000000070ae00000|  0%| F|  |TAMS 0x000000070ac00000| PB 0x000000070ac00000| Untracked 
|  60|0x000000070ae00000, 0x000000070ae00000, 0x000000070b000000|  0%| F|  |TAMS 0x000000070ae00000| PB 0x000000070ae00000| Untracked 
|  61|0x000000070b000000, 0x000000070b000000, 0x000000070b200000|  0%| F|  |TAMS 0x000000070b000000| PB 0x000000070b000000| Untracked 
|  62|0x000000070b200000, 0x000000070b200000, 0x000000070b400000|  0%| F|  |TAMS 0x000000070b200000| PB 0x000000070b200000| Untracked 
|  63|0x000000070b400000, 0x000000070b400000, 0x000000070b600000|  0%| F|  |TAMS 0x000000070b400000| PB 0x000000070b400000| Untracked 
|  64|0x000000070b600000, 0x000000070b600000, 0x000000070b800000|  0%| F|  |TAMS 0x000000070b600000| PB 0x000000070b600000| Untracked 
|  65|0x000000070b800000, 0x000000070b800000, 0x000000070ba00000|  0%| F|  |TAMS 0x000000070b800000| PB 0x000000070b800000| Untracked 
|  66|0x000000070ba00000, 0x000000070ba00000, 0x000000070bc00000|  0%| F|  |TAMS 0x000000070ba00000| PB 0x000000070ba00000| Untracked 
|  67|0x000000070bc00000, 0x000000070bc00000, 0x000000070be00000|  0%| F|  |TAMS 0x000000070bc00000| PB 0x000000070bc00000| Untracked 
|  68|0x000000070be00000, 0x000000070be00000, 0x000000070c000000|  0%| F|  |TAMS 0x000000070be00000| PB 0x000000070be00000| Untracked 
|  69|0x000000070c000000, 0x000000070c000000, 0x000000070c200000|  0%| F|  |TAMS 0x000000070c000000| PB 0x000000070c000000| Untracked 
|  70|0x000000070c200000, 0x000000070c200000, 0x000000070c400000|  0%| F|  |TAMS 0x000000070c200000| PB 0x000000070c200000| Untracked 
|  71|0x000000070c400000, 0x000000070c400000, 0x000000070c600000|  0%| F|  |TAMS 0x000000070c400000| PB 0x000000070c400000| Untracked 
|  72|0x000000070c600000, 0x000000070c600000, 0x000000070c800000|  0%| F|  |TAMS 0x000000070c600000| PB 0x000000070c600000| Untracked 
|  73|0x000000070c800000, 0x000000070c800000, 0x000000070ca00000|  0%| F|  |TAMS 0x000000070c800000| PB 0x000000070c800000| Untracked 
|  74|0x000000070ca00000, 0x000000070ca00000, 0x000000070cc00000|  0%| F|  |TAMS 0x000000070ca00000| PB 0x000000070ca00000| Untracked 
|  75|0x000000070cc00000, 0x000000070cc00000, 0x000000070ce00000|  0%| F|  |TAMS 0x000000070cc00000| PB 0x000000070cc00000| Untracked 
|  76|0x000000070ce00000, 0x000000070ce00000, 0x000000070d000000|  0%| F|  |TAMS 0x000000070ce00000| PB 0x000000070ce00000| Untracked 
|  77|0x000000070d000000, 0x000000070d000000, 0x000000070d200000|  0%| F|  |TAMS 0x000000070d000000| PB 0x000000070d000000| Untracked 
|  78|0x000000070d200000, 0x000000070d200000, 0x000000070d400000|  0%| F|  |TAMS 0x000000070d200000| PB 0x000000070d200000| Untracked 
|  79|0x000000070d400000, 0x000000070d400000, 0x000000070d600000|  0%| F|  |TAMS 0x000000070d400000| PB 0x000000070d400000| Untracked 
|  80|0x000000070d600000, 0x000000070d600000, 0x000000070d800000|  0%| F|  |TAMS 0x000000070d600000| PB 0x000000070d600000| Untracked 
|  81|0x000000070d800000, 0x000000070d800000, 0x000000070da00000|  0%| F|  |TAMS 0x000000070d800000| PB 0x000000070d800000| Untracked 
|  82|0x000000070da00000, 0x000000070da00000, 0x000000070dc00000|  0%| F|  |TAMS 0x000000070da00000| PB 0x000000070da00000| Untracked 
|  83|0x000000070dc00000, 0x000000070dc00000, 0x000000070de00000|  0%| F|  |TAMS 0x000000070dc00000| PB 0x000000070dc00000| Untracked 
|  84|0x000000070de00000, 0x000000070de00000, 0x000000070e000000|  0%| F|  |TAMS 0x000000070de00000| PB 0x000000070de00000| Untracked 
|  85|0x000000070e000000, 0x000000070e000000, 0x000000070e200000|  0%| F|  |TAMS 0x000000070e000000| PB 0x000000070e000000| Untracked 
|  86|0x000000070e200000, 0x000000070e200000, 0x000000070e400000|  0%| F|  |TAMS 0x000000070e200000| PB 0x000000070e200000| Untracked 
|  87|0x000000070e400000, 0x000000070e400000, 0x000000070e600000|  0%| F|  |TAMS 0x000000070e400000| PB 0x000000070e400000| Untracked 
|  88|0x000000070e600000, 0x000000070e600000, 0x000000070e800000|  0%| F|  |TAMS 0x000000070e600000| PB 0x000000070e600000| Untracked 
|  89|0x000000070e800000, 0x000000070e800000, 0x000000070ea00000|  0%| F|  |TAMS 0x000000070e800000| PB 0x000000070e800000| Untracked 
|  90|0x000000070ea00000, 0x000000070ea00000, 0x000000070ec00000|  0%| F|  |TAMS 0x000000070ea00000| PB 0x000000070ea00000| Untracked 
|  91|0x000000070ec00000, 0x000000070ec00000, 0x000000070ee00000|  0%| F|  |TAMS 0x000000070ec00000| PB 0x000000070ec00000| Untracked 
|  92|0x000000070ee00000, 0x000000070ee00000, 0x000000070f000000|  0%| F|  |TAMS 0x000000070ee00000| PB 0x000000070ee00000| Untracked 
|  93|0x000000070f000000, 0x000000070f000000, 0x000000070f200000|  0%| F|  |TAMS 0x000000070f000000| PB 0x000000070f000000| Untracked 
|  94|0x000000070f200000, 0x000000070f200000, 0x000000070f400000|  0%| F|  |TAMS 0x000000070f200000| PB 0x000000070f200000| Untracked 
|  95|0x000000070f400000, 0x000000070f400000, 0x000000070f600000|  0%| F|  |TAMS 0x000000070f400000| PB 0x000000070f400000| Untracked 
|  96|0x000000070f600000, 0x000000070f600000, 0x000000070f800000|  0%| F|  |TAMS 0x000000070f600000| PB 0x000000070f600000| Untracked 
|  97|0x000000070f800000, 0x000000070f800000, 0x000000070fa00000|  0%| F|  |TAMS 0x000000070f800000| PB 0x000000070f800000| Untracked 
|  98|0x000000070fa00000, 0x000000070fa00000, 0x000000070fc00000|  0%| F|  |TAMS 0x000000070fa00000| PB 0x000000070fa00000| Untracked 
|  99|0x000000070fc00000, 0x000000070fc00000, 0x000000070fe00000|  0%| F|  |TAMS 0x000000070fc00000| PB 0x000000070fc00000| Untracked 
| 100|0x000000070fe00000, 0x000000070fe00000, 0x0000000710000000|  0%| F|  |TAMS 0x000000070fe00000| PB 0x000000070fe00000| Untracked 
| 101|0x0000000710000000, 0x0000000710000000, 0x0000000710200000|  0%| F|  |TAMS 0x0000000710000000| PB 0x0000000710000000| Untracked 
| 102|0x0000000710200000, 0x0000000710200000, 0x0000000710400000|  0%| F|  |TAMS 0x0000000710200000| PB 0x0000000710200000| Untracked 
| 103|0x0000000710400000, 0x0000000710400000, 0x0000000710600000|  0%| F|  |TAMS 0x0000000710400000| PB 0x0000000710400000| Untracked 
| 104|0x0000000710600000, 0x0000000710600000, 0x0000000710800000|  0%| F|  |TAMS 0x0000000710600000| PB 0x0000000710600000| Untracked 
| 105|0x0000000710800000, 0x0000000710800000, 0x0000000710a00000|  0%| F|  |TAMS 0x0000000710800000| PB 0x0000000710800000| Untracked 
| 106|0x0000000710a00000, 0x0000000710a00000, 0x0000000710c00000|  0%| F|  |TAMS 0x0000000710a00000| PB 0x0000000710a00000| Untracked 
| 107|0x0000000710c00000, 0x0000000710c00000, 0x0000000710e00000|  0%| F|  |TAMS 0x0000000710c00000| PB 0x0000000710c00000| Untracked 
| 108|0x0000000710e00000, 0x0000000710e00000, 0x0000000711000000|  0%| F|  |TAMS 0x0000000710e00000| PB 0x0000000710e00000| Untracked 
| 109|0x0000000711000000, 0x0000000711000000, 0x0000000711200000|  0%| F|  |TAMS 0x0000000711000000| PB 0x0000000711000000| Untracked 
| 110|0x0000000711200000, 0x0000000711200000, 0x0000000711400000|  0%| F|  |TAMS 0x0000000711200000| PB 0x0000000711200000| Untracked 
| 111|0x0000000711400000, 0x0000000711400000, 0x0000000711600000|  0%| F|  |TAMS 0x0000000711400000| PB 0x0000000711400000| Untracked 
| 112|0x0000000711600000, 0x0000000711600000, 0x0000000711800000|  0%| F|  |TAMS 0x0000000711600000| PB 0x0000000711600000| Untracked 
| 113|0x0000000711800000, 0x0000000711800000, 0x0000000711a00000|  0%| F|  |TAMS 0x0000000711800000| PB 0x0000000711800000| Untracked 
| 114|0x0000000711a00000, 0x0000000711a77fd0, 0x0000000711c00000| 23%| S|CS|TAMS 0x0000000711a00000| PB 0x0000000711a00000| Complete 
| 115|0x0000000711c00000, 0x0000000711e00000, 0x0000000711e00000|100%| S|CS|TAMS 0x0000000711c00000| PB 0x0000000711c00000| Complete 
| 116|0x0000000711e00000, 0x0000000711e00000, 0x0000000712000000|  0%| F|  |TAMS 0x0000000711e00000| PB 0x0000000711e00000| Untracked 
| 117|0x0000000712000000, 0x0000000712148540, 0x0000000712200000| 64%| E|  |TAMS 0x0000000712000000| PB 0x0000000712000000| Complete 
| 118|0x0000000712200000, 0x0000000712400000, 0x0000000712400000|100%| E|CS|TAMS 0x0000000712200000| PB 0x0000000712200000| Complete 
| 119|0x0000000712400000, 0x0000000712600000, 0x0000000712600000|100%| E|CS|TAMS 0x0000000712400000| PB 0x0000000712400000| Complete 
| 120|0x0000000712600000, 0x0000000712800000, 0x0000000712800000|100%| E|CS|TAMS 0x0000000712600000| PB 0x0000000712600000| Complete 
| 121|0x0000000712800000, 0x0000000712a00000, 0x0000000712a00000|100%| E|CS|TAMS 0x0000000712800000| PB 0x0000000712800000| Complete 
| 122|0x0000000712a00000, 0x0000000712c00000, 0x0000000712c00000|100%| E|CS|TAMS 0x0000000712a00000| PB 0x0000000712a00000| Complete 
| 123|0x0000000712c00000, 0x0000000712e00000, 0x0000000712e00000|100%| E|CS|TAMS 0x0000000712c00000| PB 0x0000000712c00000| Complete 
| 124|0x0000000712e00000, 0x0000000713000000, 0x0000000713000000|100%| E|CS|TAMS 0x0000000712e00000| PB 0x0000000712e00000| Complete 
| 125|0x0000000713000000, 0x0000000713200000, 0x0000000713200000|100%| E|CS|TAMS 0x0000000713000000| PB 0x0000000713000000| Complete 
| 126|0x0000000713200000, 0x0000000713400000, 0x0000000713400000|100%| E|  |TAMS 0x0000000713200000| PB 0x0000000713200000| Complete 

Card table byte_map: [0x0000020931c30000,0x0000020932420000] _byte_map_base: 0x000002092e415000

Marking Bits: (CMBitMap*) 0x0000020919b161f0
 Bits: [0x0000020932420000, 0x0000020936348000)

Polling page: 0x00000209179b0000

Metaspace:

Usage:
  Non-class:      9.58 MB used.
      Class:    824.21 KB used.
       Both:     10.39 MB used.

Virtual space:
  Non-class space:       64.00 MB reserved,       9.69 MB ( 15%) committed,  1 nodes.
      Class space:        1.00 GB reserved,     896.00 KB ( <1%) committed,  1 nodes.
             Both:        1.06 GB reserved,      10.56 MB ( <1%) committed. 

Chunk freelists:
   Non-Class:  5.51 MB
       Class:  15.07 MB
        Both:  20.58 MB

MaxMetaspaceSize: unlimited
CompressedClassSpaceSize: 1.00 GB
Initial GC threshold: 21.00 MB
Current GC threshold: 21.00 MB
CDS: on
 - commit_granule_bytes: 65536.
 - commit_granule_words: 8192.
 - virtual_space_node_default_size: 8388608.
 - enlarge_chunks_in_place: 1.
 - use_allocation_guard: 0.


Internal statistics:

num_allocs_failed_limit: 0.
num_arena_births: 114.
num_arena_deaths: 0.
num_vsnodes_births: 2.
num_vsnodes_deaths: 0.
num_space_committed: 167.
num_space_uncommitted: 0.
num_chunks_returned_to_freelist: 0.
num_chunks_taken_from_freelist: 386.
num_chunk_merges: 0.
num_chunk_splits: 296.
num_chunks_enlarged: 237.
num_inconsistent_stats: 0.

CodeHeap 'non-profiled nmethods': size=120000Kb used=576Kb max_used=576Kb free=119423Kb
 bounds [0x00000209299c0000, 0x0000020929c30000, 0x0000020930ef0000]
CodeHeap 'profiled nmethods': size=120000Kb used=2431Kb max_used=2431Kb free=117568Kb
 bounds [0x0000020921ef0000, 0x0000020922160000, 0x0000020929420000]
CodeHeap 'non-nmethods': size=5760Kb used=2820Kb max_used=2849Kb free=2939Kb
 bounds [0x0000020929420000, 0x0000020929700000, 0x00000209299c0000]
 total_blobs=2762 nmethods=1426 adapters=1240
 compilation: enabled
              stopped_count=0, restarted_count=0
 full_count=0

Compilation events (20 events):
Event: 1.026 Thread 0x000002097e13cf10 1421       3       java.lang.StringLatin1::getChars (12 bytes)
Event: 1.026 Thread 0x000002097e13cf10 nmethod 1421 0x000002092214d690 code [0x000002092214d840, 0x000002092214d968]
Event: 1.026 Thread 0x000002097e13cf10 1422       1       java.util.concurrent.ConcurrentHashMap$MapEntry::getValue (5 bytes)
Event: 1.026 Thread 0x000002097e13cf10 nmethod 1422 0x0000020929a45290 code [0x0000020929a45420, 0x0000020929a454f0]
Event: 1.030 Thread 0x000002097f599310 nmethod 1418 0x0000020929a45590 code [0x0000020929a45780, 0x0000020929a45f08]
Event: 1.030 Thread 0x000002097f599310 1398       4       java.io.DataInputStream::readUTF (501 bytes)
Event: 1.038 Thread 0x000002097e13c470 nmethod 1402 0x0000020929a46290 code [0x0000020929a46580, 0x0000020929a47db8]
Event: 1.038 Thread 0x000002097e13c470 1419       4       java.lang.AbstractStringBuilder::append (77 bytes)
Event: 1.042 Thread 0x000002097e13c470 nmethod 1419 0x0000020929a48a90 code [0x0000020929a48c80, 0x0000020929a49400]
Event: 1.042 Thread 0x000002097e13c470 1400       4       java.util.concurrent.locks.AbstractQueuedSynchronizer::signalNext (34 bytes)
Event: 1.043 Thread 0x000002097e13c470 nmethod 1400 0x0000020929a49710 code [0x0000020929a498a0, 0x0000020929a49990]
Event: 1.043 Thread 0x000002097e13c470 1423       4       java.util.concurrent.locks.ReentrantLock$Sync::tryRelease (51 bytes)
Event: 1.043 Thread 0x000002097e13c470 nmethod 1423 0x0000020929a49a90 code [0x0000020929a49c20, 0x0000020929a49d50]
Event: 1.076 Thread 0x000002097f599310 nmethod 1398 0x0000020929a49e10 code [0x0000020929a4a300, 0x0000020929a4dea8]
Event: 50.291 Thread 0x000002097e13cf10 1426       3       jdk.internal.jimage.ImageStringsReader::stringFromByteBufferMatches (138 bytes)
Event: 50.291 Thread 0x000002097e13cf10 nmethod 1426 0x000002092214da10 code [0x000002092214dd00, 0x000002092214ee78]
Event: 50.291 Thread 0x000002097e13cf10 1424       3       java.util.concurrent.ConcurrentHashMap$BaseIterator::<init> (21 bytes)
Event: 50.292 Thread 0x000002097e13cf10 nmethod 1424 0x000002092214f590 code [0x000002092214f740, 0x000002092214f930]
Event: 50.292 Thread 0x000002097e13cf10 1425       3       java.util.concurrent.ConcurrentHashMap$Traverser::<init> (36 bytes)
Event: 50.292 Thread 0x000002097e13cf10 nmethod 1425 0x000002092214fa10 code [0x000002092214fbc0, 0x000002092214fdd0]

GC Heap History (2 events):
Event: 0.311 GC heap before
{Heap before GC invocations=0 (full 0):
 garbage-first heap   total 260096K, used 20480K [0x0000000703600000, 0x0000000800000000)
  region size 2048K, 11 young (22528K), 0 survivors (0K)
 Metaspace       used 3880K, committed 4032K, reserved 1114112K
  class space    used 332K, committed 448K, reserved 1048576K
}
Event: 0.314 GC heap after
{Heap after GC invocations=1 (full 0):
 garbage-first heap   total 260096K, used 2527K [0x0000000703600000, 0x0000000800000000)
  region size 2048K, 2 young (4096K), 2 survivors (4096K)
 Metaspace       used 3880K, committed 4032K, reserved 1114112K
  class space    used 332K, committed 448K, reserved 1048576K
}

Dll operation events (14 events):
Event: 0.007 Loaded shared library C:\Users\stas2\.jdks\openjdk-21.0.1\bin\java.dll
Event: 0.033 Loaded shared library C:\Users\stas2\.jdks\openjdk-21.0.1\bin\jsvml.dll
Event: 0.065 Loaded shared library C:\Users\stas2\.jdks\openjdk-21.0.1\bin\net.dll
Event: 0.066 Loaded shared library C:\Users\stas2\.jdks\openjdk-21.0.1\bin\nio.dll
Event: 0.070 Loaded shared library C:\Users\stas2\.jdks\openjdk-21.0.1\bin\zip.dll
Event: 0.179 Loaded shared library C:\Users\stas2\.jdks\openjdk-21.0.1\bin\zip.dll
Event: 0.182 Loaded shared library C:\Users\stas2\.jdks\openjdk-21.0.1\bin\instrument.dll
Event: 0.203 Loaded shared library C:\IntelliJ IDEA Community Edition 2021.3.2\IntelliJ IDEA Community Edition 2023.2.1\bin\breakgen64.dll
Event: 0.258 Loaded shared library C:\Users\stas2\.jdks\openjdk-21.0.1\bin\jimage.dll
Event: 0.393 Loaded shared library C:\Users\stas2\AppData\Local\Temp\lwjgl_stas2\3.3.4+7\x64\lwjgl.dll
Event: 0.618 Loaded shared library C:\Users\stas2\AppData\Local\Temp\lwjgl_stas2\3.3.4+7\x64\lwjgl_opengl.dll
Event: 0.883 Loaded shared library C:\Users\stas2\AppData\Local\Temp\imgui-java-natives\1.89.0\imgui-java64.dll
Event: 0.915 Loaded shared library C:\Users\stas2\.jdks\openjdk-21.0.1\bin\verify.dll
Event: 0.933 Loaded shared library C:\Users\stas2\AppData\Local\Temp\lwjgl_stas2\3.3.4+7\x64\lwjgl_stb.dll

Deoptimization events (20 events):
Event: 0.460 Thread 0x00000209176f9c80 Uncommon trap: trap_request=0xffffffde fr.pc=0x0000020929a1270c relative=0x00000000000002ac
Event: 0.460 Thread 0x00000209176f9c80 Uncommon trap: reason=class_check action=maybe_recompile pc=0x0000020929a1270c method=java.util.HashMap.getNode(Ljava/lang/Object;)Ljava/util/HashMap$Node; @ 63 c2
Event: 0.460 Thread 0x00000209176f9c80 DEOPT PACKING pc=0x0000020929a1270c sp=0x0000007149afdef0
Event: 0.460 Thread 0x00000209176f9c80 DEOPT UNPACKING pc=0x0000020929477da2 sp=0x0000007149afde58 mode 2
Event: 0.615 Thread 0x00000209176f9c80 Uncommon trap: trap_request=0xffffffde fr.pc=0x0000020929a12730 relative=0x00000000000002d0
Event: 0.615 Thread 0x00000209176f9c80 Uncommon trap: reason=class_check action=maybe_recompile pc=0x0000020929a12730 method=java.util.HashMap.getNode(Ljava/lang/Object;)Ljava/util/HashMap$Node; @ 128 c2
Event: 0.615 Thread 0x00000209176f9c80 DEOPT PACKING pc=0x0000020929a12730 sp=0x0000007149afe050
Event: 0.615 Thread 0x00000209176f9c80 DEOPT UNPACKING pc=0x0000020929477da2 sp=0x0000007149afdfb8 mode 2
Event: 0.829 Thread 0x00000209176f9c80 Uncommon trap: trap_request=0xffffffde fr.pc=0x0000020929a1270c relative=0x00000000000002ac
Event: 0.829 Thread 0x00000209176f9c80 Uncommon trap: reason=class_check action=maybe_recompile pc=0x0000020929a1270c method=java.util.HashMap.getNode(Ljava/lang/Object;)Ljava/util/HashMap$Node; @ 63 c2
Event: 0.829 Thread 0x00000209176f9c80 DEOPT PACKING pc=0x0000020929a1270c sp=0x0000007149afe0c0
Event: 0.829 Thread 0x00000209176f9c80 DEOPT UNPACKING pc=0x0000020929477da2 sp=0x0000007149afe028 mode 2
Event: 1.014 Thread 0x000002097e11aba0 Uncommon trap: trap_request=0xffffff45 fr.pc=0x0000020929a243e0 relative=0x0000000000000de0
Event: 1.014 Thread 0x000002097e11aba0 Uncommon trap: reason=unstable_if action=reinterpret pc=0x0000020929a243e0 method=java.util.concurrent.ConcurrentHashMap.putVal(Ljava/lang/Object;Ljava/lang/Object;Z)Ljava/lang/Object; @ 148 c2
Event: 1.014 Thread 0x000002097e11aba0 DEOPT PACKING pc=0x0000020929a243e0 sp=0x000000714a5fdf20
Event: 1.014 Thread 0x000002097e11aba0 DEOPT UNPACKING pc=0x0000020929477da2 sp=0x000000714a5fde90 mode 2
Event: 1.014 Thread 0x000002097e11aba0 Uncommon trap: trap_request=0xffffff45 fr.pc=0x0000020929a0def0 relative=0x0000000000000190
Event: 1.014 Thread 0x000002097e11aba0 Uncommon trap: reason=unstable_if action=reinterpret pc=0x0000020929a0def0 method=java.util.regex.Pattern$BmpCharPropertyGreedy.match(Ljava/util/regex/Matcher;ILjava/lang/CharSequence;)Z @ 12 c2
Event: 1.014 Thread 0x000002097e11aba0 DEOPT PACKING pc=0x0000020929a0def0 sp=0x000000714a5fe230
Event: 1.014 Thread 0x000002097e11aba0 DEOPT UNPACKING pc=0x0000020929477da2 sp=0x000000714a5fe1c8 mode 2

Classes loaded (20 events):
Event: 50.291 Loading class jdk/internal/logger/AbstractLoggerWrapper
Event: 50.291 Loading class jdk/internal/logger/AbstractLoggerWrapper done
Event: 50.291 Loading class jdk/internal/logger/LazyLoggers$LazyLoggerWrapper done
Event: 50.291 Loading class jdk/internal/logger/LazyLoggers$JdkLazyLogger done
Event: 50.291 Loading class jdk/internal/logger/LazyLoggers$LazyLoggerAccessor
Event: 50.291 Loading class jdk/internal/logger/LazyLoggers$LoggerAccessor
Event: 50.291 Loading class jdk/internal/logger/LazyLoggers$LoggerAccessor done
Event: 50.291 Loading class jdk/internal/logger/LazyLoggers$LazyLoggerAccessor done
Event: 50.291 Loading class java/lang/System$Logger$Level
Event: 50.291 Loading class java/lang/System$Logger$Level done
Event: 50.291 Loading class jdk/internal/logger/SurrogateLogger
Event: 50.291 Loading class jdk/internal/logger/SimpleConsoleLogger
Event: 50.292 Loading class sun/util/logging/PlatformLogger$ConfigurableBridge$LoggerConfiguration
Event: 50.292 Loading class sun/util/logging/PlatformLogger$ConfigurableBridge$LoggerConfiguration done
Event: 50.292 Loading class jdk/internal/logger/SimpleConsoleLogger done
Event: 50.292 Loading class jdk/internal/logger/SurrogateLogger done
Event: 50.292 Loading class sun/util/logging/PlatformLogger
Event: 50.292 Loading class sun/util/logging/PlatformLogger done
Event: 50.292 Loading class sun/util/logging/PlatformLogger$Level
Event: 50.292 Loading class sun/util/logging/PlatformLogger$Level done

Classes unloaded (0 events):
No events

Classes redefined (0 events):
No events

Internal exceptions (20 events):
Event: 0.617 Thread 0x00000209176f9c80 Exception <a 'sun/nio/fs/WindowsException'{0x000000071293bf00}> (0x000000071293bf00) 
thrown [s\open\src\hotspot\share\prims\jni.cpp, line 520]
Event: 0.619 Thread 0x00000209176f9c80 Exception <a 'sun/nio/fs/WindowsException'{0x000000071293dc18}> (0x000000071293dc18) 
thrown [s\open\src\hotspot\share\prims\jni.cpp, line 520]
Event: 0.621 Thread 0x00000209176f9c80 Exception <a 'sun/nio/fs/WindowsException'{0x0000000712947468}> (0x0000000712947468) 
thrown [s\open\src\hotspot\share\prims\jni.cpp, line 520]
Event: 0.621 Thread 0x00000209176f9c80 Exception <a 'sun/nio/fs/WindowsException'{0x0000000712948298}> (0x0000000712948298) 
thrown [s\open\src\hotspot\share\prims\jni.cpp, line 520]
Event: 0.621 Thread 0x00000209176f9c80 Exception <a 'sun/nio/fs/WindowsException'{0x0000000712948568}> (0x0000000712948568) 
thrown [s\open\src\hotspot\share\prims\jni.cpp, line 520]
Event: 0.829 Thread 0x00000209176f9c80 Exception <a 'sun/nio/fs/WindowsException'{0x000000071278d5d0}> (0x000000071278d5d0) 
thrown [s\open\src\hotspot\share\prims\jni.cpp, line 520]
Event: 0.891 Thread 0x00000209176f9c80 Exception <a 'java/lang/NoSuchMethodError'{0x0000000712453650}: 'void java.lang.invoke.DirectMethodHandle$Holder.invokeVirtual(java.lang.Object, java.lang.Object, long, int)'> (0x0000000712453650) 
thrown [s\open\src\hotspot\share\interpreter\linkResolver.cpp, line 773]
Event: 0.892 Thread 0x00000209176f9c80 Exception <a 'java/lang/NoSuchMethodError'{0x000000071245f758}: 'void java.lang.invoke.DirectMethodHandle$Holder.invokeVirtual(java.lang.Object, java.lang.Object, long, double, double)'> (0x000000071245f758) 
thrown [s\open\src\hotspot\share\interpreter\linkResolver.cpp, line 773]
Event: 0.892 Thread 0x00000209176f9c80 Exception <a 'java/lang/NoSuchMethodError'{0x0000000712464958}: 'void java.lang.invoke.DirectMethodHandle$Holder.invokeVirtual(java.lang.Object, java.lang.Object, long, int, int, int)'> (0x0000000712464958) 
thrown [s\open\src\hotspot\share\interpreter\linkResolver.cpp, line 773]
Event: 0.893 Thread 0x00000209176f9c80 Exception <a 'java/lang/NoSuchMethodError'{0x000000071246bc00}: 'void java.lang.invoke.DirectMethodHandle$Holder.invokeVirtual(java.lang.Object, java.lang.Object, long, int, int, int, int)'> (0x000000071246bc00) 
thrown [s\open\src\hotspot\share\interpreter\linkResolver.cpp, line 773]
Event: 0.925 Thread 0x00000209176f9c80 Exception <a 'java/lang/NoSuchMethodError'{0x0000000712253c50}: 'void java.lang.System.load(java.lang.String, java.lang.Class)'> (0x0000000712253c50) 
thrown [s\open\src\hotspot\share\interpreter\linkResolver.cpp, line 773]
Event: 0.926 Thread 0x00000209176f9c80 Exception <a 'java/lang/NoSuchMethodError'{0x00000007122568a0}: 'void java.lang.System.loadLibrary(java.lang.String, java.lang.Class)'> (0x00000007122568a0) 
thrown [s\open\src\hotspot\share\interpreter\linkResolver.cpp, line 773]
Event: 0.926 Thread 0x00000209176f9c80 Exception <a 'sun/nio/fs/WindowsException'{0x0000000712259ad0}> (0x0000000712259ad0) 
thrown [s\open\src\hotspot\share\prims\jni.cpp, line 520]
Event: 0.931 Thread 0x00000209176f9c80 Exception <a 'sun/nio/fs/WindowsException'{0x00000007122995a8}> (0x00000007122995a8) 
thrown [s\open\src\hotspot\share\prims\jni.cpp, line 520]
Event: 0.931 Thread 0x00000209176f9c80 Exception <a 'sun/nio/fs/WindowsException'{0x0000000712299968}> (0x0000000712299968) 
thrown [s\open\src\hotspot\share\prims\jni.cpp, line 520]
Event: 0.934 Thread 0x00000209176f9c80 Exception <a 'sun/nio/fs/WindowsException'{0x000000071229c228}> (0x000000071229c228) 
thrown [s\open\src\hotspot\share\prims\jni.cpp, line 520]
Event: 0.985 Thread 0x00000209176f9c80 Exception <a 'java/lang/NullPointerException'{0x0000000712319f98}> (0x0000000712319f98) 
thrown [s\open\src\hotspot\share\interpreter\linkResolver.cpp, line 1372]
Event: 1.019 Thread 0x000002097e11aba0 Exception <a 'sun/nio/fs/WindowsException'{0x0000000712025108}> (0x0000000712025108) 
thrown [s\open\src\hotspot\share\prims\jni.cpp, line 520]
Event: 1.024 Thread 0x000002097e11aba0 Exception <a 'java/lang/NoSuchMethodError'{0x0000000712058088}: 'java.lang.Object java.lang.invoke.Invokers$Holder.invokeExact_MT(java.lang.Object, java.lang.Object, java.lang.Object, java.lang.Object, java.lang.Object, java.lang.Object)'> (0x0000000712058088) 
thrown [s\open\src\hotspot\share\interpreter\linkResolver.cpp, line 773]
Event: 50.291 Thread 0x000002097f5f49b0 Exception <a 'sun/nio/fs/WindowsException'{0x0000000712116a30}> (0x0000000712116a30) 
thrown [s\open\src\hotspot\share\prims\jni.cpp, line 520]

ZGC Phase Switch (0 events):
No events

VM Operations (20 events):
Event: 0.123 Executing VM operation: HandshakeAllThreads (Deoptimize) done
Event: 0.167 Executing VM operation: HandshakeAllThreads (Deoptimize)
Event: 0.167 Executing VM operation: HandshakeAllThreads (Deoptimize) done
Event: 0.227 Executing VM operation: HandshakeAllThreads (Deoptimize)
Event: 0.227 Executing VM operation: HandshakeAllThreads (Deoptimize) done
Event: 0.276 Executing VM operation: ICBufferFull
Event: 0.276 Executing VM operation: ICBufferFull done
Event: 0.283 Executing VM operation: HandshakeAllThreads (Deoptimize)
Event: 0.283 Executing VM operation: HandshakeAllThreads (Deoptimize) done
Event: 0.311 Executing VM operation: G1CollectForAllocation (G1 Evacuation Pause)
Event: 0.314 Executing VM operation: G1CollectForAllocation (G1 Evacuation Pause) done
Event: 0.373 Executing VM operation: HandshakeAllThreads (Deoptimize)
Event: 0.373 Executing VM operation: HandshakeAllThreads (Deoptimize) done
Event: 0.387 Executing VM operation: HandshakeAllThreads (Deoptimize)
Event: 0.387 Executing VM operation: HandshakeAllThreads (Deoptimize) done
Event: 0.387 Executing VM operation: HandshakeAllThreads (Deoptimize)
Event: 0.387 Executing VM operation: HandshakeAllThreads (Deoptimize) done
Event: 1.400 Executing VM operation: Cleanup
Event: 1.400 Executing VM operation: Cleanup done
Event: 50.292 Executing VM operation: Exit

Events (20 events):
Event: 0.031 Thread 0x000002097e11ba50 Thread added: 0x000002097e11ba50
Event: 0.031 Thread 0x000002097e11e720 Thread added: 0x000002097e11e720
Event: 0.032 Thread 0x000002097e13c470 Thread added: 0x000002097e13c470
Event: 0.032 Thread 0x000002097e13cf10 Thread added: 0x000002097e13cf10
Event: 0.060 Thread 0x000002097e2466a0 Thread added: 0x000002097e2466a0
Event: 0.105 Thread 0x000002097e3120b0 Thread added: 0x000002097e3120b0
Event: 0.110 Thread 0x000002097e317880 Thread added: 0x000002097e317880
Event: 0.203 Thread 0x000002097e8287d0 Thread added: 0x000002097e8287d0
Event: 0.203 Thread 0x000002097e3700d0 Thread added: 0x000002097e3700d0
Event: 0.352 Thread 0x000002097ecad8b0 Thread added: 0x000002097ecad8b0
Event: 0.354 Thread 0x000002097ece8820 Thread added: 0x000002097ece8820
Event: 0.572 Thread 0x000002097e317880 Thread exited: 0x000002097e317880
Event: 0.611 Thread 0x000002097e3120b0 Thread exited: 0x000002097e3120b0
Event: 0.919 Thread 0x000002097f536280 Thread added: 0x000002097f536280
Event: 0.980 Thread 0x000002097e338230 Thread added: 0x000002097e338230
Event: 0.986 Thread 0x00000209176f9c80 Thread exited: 0x00000209176f9c80
Event: 0.986 Thread 0x00000209176f9c80 Thread added: 0x00000209176f9c80
Event: 1.018 Thread 0x000002097f599310 Thread added: 0x000002097f599310
Event: 6.080 Thread 0x000002097f599310 Thread exited: 0x000002097f599310
Event: 50.290 Thread 0x000002097f5f49b0 Thread added: 0x000002097f5f49b0


Dynamic libraries:
0x00007ff673940000 - 0x00007ff67394e000 	C:\Users\stas2\.jdks\openjdk-21.0.1\bin\java.exe
0x00007ffac7c80000 - 0x00007ffac7ee9000 	C:\WINDOWS\SYSTEM32\ntdll.dll
0x00007ffac5b10000 - 0x00007ffac5bd9000 	C:\WINDOWS\System32\KERNEL32.DLL
0x00007ffac5310000 - 0x00007ffac5703000 	C:\WINDOWS\System32\KERNELBASE.dll
0x00007ffac4e10000 - 0x00007ffac4f5b000 	C:\WINDOWS\System32\ucrtbase.dll
0x00007ffab94e0000 - 0x00007ffab94f8000 	C:\Users\stas2\.jdks\openjdk-21.0.1\bin\jli.dll
0x00007ffab9ed0000 - 0x00007ffab9eeb000 	C:\Users\stas2\.jdks\openjdk-21.0.1\bin\VCRUNTIME140.dll
0x00007ffac60a0000 - 0x00007ffac6264000 	C:\WINDOWS\System32\USER32.dll
0x00007ffaacac0000 - 0x00007ffaacd53000 	C:\WINDOWS\WinSxS\amd64_microsoft.windows.common-controls_6595b64144ccf1df_6.0.26100.5074_none_3e0d6f78e32fd63f\COMCTL32.dll
0x00007ffac5250000 - 0x00007ffac5277000 	C:\WINDOWS\System32\win32u.dll
0x00007ffac7170000 - 0x00007ffac7219000 	C:\WINDOWS\System32\msvcrt.dll
0x00007ffac6070000 - 0x00007ffac609b000 	C:\WINDOWS\System32\GDI32.dll
0x00007ffac5920000 - 0x00007ffac5a4d000 	C:\WINDOWS\System32\gdi32full.dll
0x00007ffac5710000 - 0x00007ffac57b3000 	C:\WINDOWS\System32\msvcp_win.dll
0x00007ffac7c00000 - 0x00007ffac7c2f000 	C:\WINDOWS\System32\IMM32.DLL
0x00007ffabf240000 - 0x00007ffabf24c000 	C:\Users\stas2\.jdks\openjdk-21.0.1\bin\vcruntime140_1.dll
0x00007ffa76f40000 - 0x00007ffa76fce000 	C:\Users\stas2\.jdks\openjdk-21.0.1\bin\msvcp140.dll
0x00007ffa12750000 - 0x00007ffa13465000 	C:\Users\stas2\.jdks\openjdk-21.0.1\bin\server\jvm.dll
0x00007ffac66a0000 - 0x00007ffac6754000 	C:\WINDOWS\System32\ADVAPI32.dll
0x00007ffac70c0000 - 0x00007ffac7166000 	C:\WINDOWS\System32\sechost.dll
0x00007ffac7ae0000 - 0x00007ffac7bf8000 	C:\WINDOWS\System32\RPCRT4.dll
0x00007ffac6a60000 - 0x00007ffac6ad4000 	C:\WINDOWS\System32\WS2_32.dll
0x00007ffac3a50000 - 0x00007ffac3aae000 	C:\WINDOWS\SYSTEM32\POWRPROF.dll
0x00007ffabab30000 - 0x00007ffabab3b000 	C:\WINDOWS\SYSTEM32\VERSION.dll
0x00007ffab73c0000 - 0x00007ffab73f5000 	C:\WINDOWS\SYSTEM32\WINMM.dll
0x00007ffac3a30000 - 0x00007ffac3a44000 	C:\WINDOWS\SYSTEM32\UMPDC.dll
0x00007ffac3d10000 - 0x00007ffac3d2b000 	C:\WINDOWS\SYSTEM32\kernel.appcore.dll
0x00007ffabd430000 - 0x00007ffabd43a000 	C:\Users\stas2\.jdks\openjdk-21.0.1\bin\jimage.dll
0x00007ffac2590000 - 0x00007ffac27d2000 	C:\WINDOWS\SYSTEM32\DBGHELP.DLL
0x00007ffac6b70000 - 0x00007ffac6eeb000 	C:\WINDOWS\System32\combase.dll
0x00007ffac7970000 - 0x00007ffac7a47000 	C:\WINDOWS\System32\OLEAUT32.dll
0x00007ffaa9e70000 - 0x00007ffaa9ead000 	C:\WINDOWS\SYSTEM32\dbgcore.DLL
0x00007ffac5880000 - 0x00007ffac5919000 	C:\WINDOWS\System32\bcryptPrimitives.dll
0x00007ffabbdd0000 - 0x00007ffabbddf000 	C:\Users\stas2\.jdks\openjdk-21.0.1\bin\instrument.dll
0x00007ffab83a0000 - 0x00007ffab83bf000 	C:\Users\stas2\.jdks\openjdk-21.0.1\bin\java.dll
0x00007ffac7220000 - 0x00007ffac796d000 	C:\WINDOWS\System32\SHELL32.dll
0x00007ffac50e0000 - 0x00007ffac524c000 	C:\WINDOWS\System32\wintypes.dll
0x00007ffac2a80000 - 0x00007ffac32d9000 	C:\WINDOWS\SYSTEM32\windows.storage.dll
0x00007ffac6ef0000 - 0x00007ffac6fe0000 	C:\WINDOWS\System32\SHCORE.dll
0x00007ffac6ae0000 - 0x00007ffac6b42000 	C:\WINDOWS\System32\shlwapi.dll
0x00007ffac4d30000 - 0x00007ffac4d59000 	C:\WINDOWS\SYSTEM32\profapi.dll
0x00007ffa76e60000 - 0x00007ffa76f37000 	C:\Users\stas2\.jdks\openjdk-21.0.1\bin\jsvml.dll
0x00007ffabbaf0000 - 0x00007ffabbb00000 	C:\Users\stas2\.jdks\openjdk-21.0.1\bin\net.dll
0x00007ffabbf60000 - 0x00007ffabc07f000 	C:\WINDOWS\SYSTEM32\WINHTTP.dll
0x00007ffac4290000 - 0x00007ffac42fb000 	C:\WINDOWS\system32\mswsock.dll
0x00007ffaaeb10000 - 0x00007ffaaeb26000 	C:\Users\stas2\.jdks\openjdk-21.0.1\bin\nio.dll
0x00007ffaaa010000 - 0x00007ffaaa028000 	C:\Users\stas2\.jdks\openjdk-21.0.1\bin\zip.dll
0x00007ffaa9ff0000 - 0x00007ffaaa00a000 	C:\IntelliJ IDEA Community Edition 2021.3.2\IntelliJ IDEA Community Edition 2023.2.1\bin\breakgen64.dll
0x00007ffa974f0000 - 0x00007ffa9756b000 	C:\Users\stas2\AppData\Local\Temp\lwjgl_stas2\3.3.4+7\x64\lwjgl.dll
0x00007ffa5ccf0000 - 0x00007ffa5cd75000 	C:\Users\stas2\AppData\Local\Temp\lwjgl_stas2\3.3.4+7\x64\glfw.dll
0x00007ffa5cca0000 - 0x00007ffa5cceb000 	C:\WINDOWS\SYSTEM32\dinput8.dll
0x00007ffaa36b0000 - 0x00007ffaa36c2000 	C:\WINDOWS\SYSTEM32\xinput1_4.dll
0x00007ffac4a90000 - 0x00007ffac4abd000 	C:\WINDOWS\SYSTEM32\DEVOBJ.dll
0x00007ffac4ac0000 - 0x00007ffac4b17000 	C:\WINDOWS\SYSTEM32\cfgmgr32.dll
0x00007ffac1d20000 - 0x00007ffac1d4b000 	C:\WINDOWS\SYSTEM32\dwmapi.dll
0x00007ffa9a160000 - 0x00007ffa9a33a000 	C:\WINDOWS\SYSTEM32\inputhost.dll
0x00007ffabef10000 - 0x00007ffabf035000 	C:\WINDOWS\SYSTEM32\CoreMessaging.dll
0x00007ffabf4e0000 - 0x00007ffabf588000 	C:\WINDOWS\system32\uxtheme.dll
0x00007ffac4550000 - 0x00007ffac455c000 	C:\WINDOWS\SYSTEM32\CRYPTBASE.DLL
0x00007ffac6530000 - 0x00007ffac6688000 	C:\WINDOWS\System32\MSCTF.dll
0x00007ffa94640000 - 0x00007ffa9474c000 	C:\WINDOWS\SYSTEM32\opengl32.dll
0x00007ffa96270000 - 0x00007ffa9629d000 	C:\WINDOWS\SYSTEM32\GLU32.dll
0x00007ffac1da0000 - 0x00007ffac1de4000 	C:\WINDOWS\SYSTEM32\dxcore.dll
0x00007ffabd0b0000 - 0x00007ffabd110000 	C:\WINDOWS\SYSTEM32\directxdatabasehelper.dll
0x00007ffab54c0000 - 0x00007ffab54da000 	C:\WINDOWS\SYSTEM32\windows.staterepositorycore.dll
0x00007ffa41fd0000 - 0x00007ffa42fc3000 	C:\WINDOWS\System32\DriverStore\FileRepository\iigd_dch.inf_amd64_5802b1615520e41c\igxelpicd64.dll
0x00007ffac68c0000 - 0x00007ffac6a58000 	C:\WINDOWS\System32\ole32.dll
0x00007ffac1ba0000 - 0x00007ffac1cda000 	C:\WINDOWS\system32\dxgi.dll
0x00007ffa48d00000 - 0x00007ffa48fe7000 	C:\WINDOWS\System32\DriverStore\FileRepository\iigd_dch.inf_amd64_5802b1615520e41c\igdml64.dll
0x00007ffab2f10000 - 0x00007ffab32d7000 	C:\WINDOWS\System32\DriverStore\FileRepository\iigd_dch.inf_amd64_5802b1615520e41c\igdgmm64.dll
0x00007ffaaf880000 - 0x00007ffab2e91000 	C:\WINDOWS\System32\DriverStore\FileRepository\iigd_dch.inf_amd64_5802b1615520e41c\igc64.dll
0x00007ffa91ad0000 - 0x00007ffa91c19000 	C:\WINDOWS\SYSTEM32\textinputframework.dll
0x00007ffab5eb0000 - 0x00007ffab6193000 	C:\WINDOWS\SYSTEM32\CoreUIComponents.dll
0x00007ffa5cc30000 - 0x00007ffa5cc91000 	C:\Users\stas2\AppData\Local\Temp\lwjgl_stas2\3.3.4+7\x64\lwjgl_opengl.dll
0x00007ff9d3c00000 - 0x00007ff9d43f4000 	C:\Users\stas2\AppData\Local\Temp\imgui-java-natives\1.89.0\imgui-java64.dll
0x00007ffabbaa0000 - 0x00007ffabbab0000 	C:\Users\stas2\.jdks\openjdk-21.0.1\bin\verify.dll
0x00007ffa5a300000 - 0x00007ffa5a3a0000 	C:\Users\stas2\AppData\Local\Temp\lwjgl_stas2\3.3.4+7\x64\lwjgl_stb.dll

dbghelp: loaded successfully - version: 4.0.5 - missing functions: none
symbol engine: initialized successfully - sym options: 0x614 - pdb path: .;C:\Users\stas2\.jdks\openjdk-21.0.1\bin;C:\WINDOWS\SYSTEM32;C:\WINDOWS\WinSxS\amd64_microsoft.windows.common-controls_6595b64144ccf1df_6.0.26100.5074_none_3e0d6f78e32fd63f;C:\Users\stas2\.jdks\openjdk-21.0.1\bin\server;C:\IntelliJ IDEA Community Edition 2021.3.2\IntelliJ IDEA Community Edition 2023.2.1\bin;C:\Users\stas2\AppData\Local\Temp\lwjgl_stas2\3.3.4+7\x64;C:\WINDOWS\System32\DriverStore\FileRepository\iigd_dch.inf_amd64_5802b1615520e41c;C:\Users\stas2\AppData\Local\Temp\imgui-java-natives\1.89.0

VM Arguments:
jvm_args: -javaagent:C:\IntelliJ IDEA Community Edition 2021.3.2\IntelliJ IDEA Community Edition 2023.2.1\lib\idea_rt.jar=53444:C:\IntelliJ IDEA Community Edition 2021.3.2\IntelliJ IDEA Community Edition 2023.2.1\bin -Dfile.encoding=windows-1252 -Dsun.stdout.encoding=windows-1252 -Dsun.stderr.encoding=windows-1252 --module-path=C:\Users\stas2\.m2\repository\org\lwjgl\lwjgl\3.3.4\lwjgl-3.3.4.jar;C:\Users\stas2\.m2\repository\org\lwjgl\lwjgl-glfw\3.3.4\lwjgl-glfw-3.3.4.jar;C:\Users\stas2\.m2\repository\org\lwjgl\lwjgl-vulkan\3.3.4\lwjgl-vulkan-3.3.4.jar;C:\Users\stas2\.m2\repository\io\github\spair\imgui-java-lwjgl3\1.89.0\imgui-java-lwjgl3-1.89.0.jar;O:\GIt\MultiplayerShooter\target\classes;C:\Users\stas2\.m2\repository\com\fasterxml\jackson\core\jackson-core\2.17.2\jackson-core-2.17.2.jar;C:\Users\stas2\.m2\repository\org\lwjgl\lwjgl-stb\3.3.4\lwjgl-stb-3.3.4.jar;C:\Users\stas2\.m2\repository\com\fasterxml\jackson\core\jackson-annotations\2.17.2\jackson-annotations-2.17.2.jar;C:\Users\stas2\.m2\repository\io\github\spair\imgui-java-binding\1.89.0\imgui-java-binding-1.89.0.jar;C:\Users\stas2\.m2\repository\org\joml\joml\1.10.7\joml-1.10.7.jar;C:\Users\stas2\.m2\repository\org\lwjgl\lwjgl-assimp\3.3.4\lwjgl-assimp-3.3.4.jar;C:\Users\stas2\.m2\repository\org\lwjgl\lwjgl-opengl\3.3.4\lwjgl-opengl-3.3.4.jar;C:\Users\stas2\.m2\repository\org\joml\joml-primitives\1.10.0\joml-primitives-1.10.0.jar;C:\Users\stas2\.m2\repository\com\fasterxml\jackson\core\jackson-databind\2.17.2\jackson-databind-2.17.2.jar -Djdk.module.main=com.bedrye.bjge 
java_command: com.bedrye.bjge/com.bedrye.bjge.TestMain
java_class_path (initial): C:\Users\stas2\.m2\repository\io\github\spair\imgui-java-natives-windows\1.89.0\imgui-java-natives-windows-1.89.0.jar;C:\Users\stas2\.m2\repository\org\junit\jupiter\junit-jupiter-api\5.9.2\junit-jupiter-api-5.9.2.jar;C:\Users\stas2\.m2\repository\org\opentest4j\opentest4j\1.2.0\opentest4j-1.2.0.jar;C:\Users\stas2\.m2\repository\org\junit\platform\junit-platform-commons\1.9.2\junit-platform-commons-1.9.2.jar;C:\Users\stas2\.m2\repository\org\apiguardian\apiguardian-api\1.1.2\apiguardian-api-1.1.2.jar;C:\Users\stas2\.m2\repository\org\junit\jupiter\junit-jupiter-engine\5.9.2\junit-jupiter-engine-5.9.2.jar;C:\Users\stas2\.m2\repository\org\junit\platform\junit-platform-engine\1.9.2\junit-platform-engine-1.9.2.jar;C:\Users\stas2\.m2\repository\org\lwjgl\lwjgl-bgfx\3.3.4\lwjgl-bgfx-3.3.4.jar;C:\Users\stas2\.m2\repository\org\lwjgl\lwjgl-nanovg\3.3.4\lwjgl-nanovg-3.3.4.jar;C:\Users\stas2\.m2\repository\org\lwjgl\lwjgl-nuklear\3.3.4\lwjgl-nuklear-3.3.4.jar;C:\Users\stas2\.m2\repository\org\lwjgl\lwjgl-openal\3.3.4\lwjgl-openal-3.3.4.jar;C:\Users\stas2\.m2\repository\org\lwjgl\lwjgl-par\3.3.4\lwjgl-par-3.3.4.jar;C:\Users\stas2\.m2\repository\org\lwjgl\lwjgl\3.3.4\lwjgl-3.3.4-natives-windows.jar;C:\Users\stas2\.m2\repository\org\lwjgl\lwjgl-assimp\3.3.4\lwjgl-assimp-3.3.4-natives-windows.jar;C:\Users\stas2\.m2\repository\org\lwjgl\lwjgl-bgfx\3.3.4\lwjgl-bgfx-3.3.4-natives-windows.jar;C:\Users\stas2\.m2\repository\org\lwjgl\lwjgl-glfw\3.3.4\lwjgl-glfw-3.3.4-natives-windows.jar;C:\Users\stas2\.m2\repository\org\lwjgl\lwjgl-nanovg\3.3.4\lwjgl-nanovg-3.3.4-natives-windows.jar;C:\Users\stas2\.m2\repository\org\lwjgl\lwjgl-nuklear\3.3.4\lwjgl-nuklear-3.3.4-natives-windows.jar;C:\Users\stas2\.m2\repository\org\lwjgl\lwjgl-openal\3.3.4\lwjgl-openal-3.3.4-natives-windows.jar;C:\Users\stas2\.m2\repository\org\lwjgl\lwjgl-opengl\3.3.4\lwjgl-opengl-3.3.4-natives-windows.jar;C:\Users\stas2\.m2\repository\org\lwjgl\lwjgl-par\3.3.4\lwjgl-par-3.3.4-natives-windows.jar;C:\Users\stas2\.m2\repository\org\lwjgl\lwjgl-stb\3.3.4\lwjgl-stb-3.3.4-natives-windows.jar
Launcher Type: SUN_STANDARD

[Global flags]
     intx CICompilerCount                          = 4                                         {product} {ergonomic}
     uint ConcGCThreads                            = 3                                         {product} {ergonomic}
     uint G1ConcRefinementThreads                  = 10                                        {product} {ergonomic}
   size_t G1HeapRegionSize                         = 2097152                                   {product} {ergonomic}
    uintx GCDrainStackTargetSize                   = 64                                        {product} {ergonomic}
   size_t InitialHeapSize                          = 266338304                                 {product} {ergonomic}
   size_t MarkStackSize                            = 4194304                                   {product} {ergonomic}
   size_t MaxHeapSize                              = 4238344192                                {product} {ergonomic}
   size_t MaxNewSize                               = 2541748224                                {product} {ergonomic}
   size_t MinHeapDeltaBytes                        = 2097152                                   {product} {ergonomic}
   size_t MinHeapSize                              = 8388608                                   {product} {ergonomic}
    uintx NonNMethodCodeHeapSize                   = 5839372                                {pd product} {ergonomic}
    uintx NonProfiledCodeHeapSize                  = 122909434                              {pd product} {ergonomic}
    uintx ProfiledCodeHeapSize                     = 122909434                              {pd product} {ergonomic}
    uintx ReservedCodeCacheSize                    = 251658240                              {pd product} {ergonomic}
     bool SegmentedCodeCache                       = true                                      {product} {ergonomic}
   size_t SoftMaxHeapSize                          = 4238344192                             {manageable} {ergonomic}
     bool UseCompressedOops                        = true                           {product lp64_product} {ergonomic}
     bool UseG1GC                                  = true                                      {product} {ergonomic}
     bool UseLargePagesIndividualAllocation        = false                                  {pd product} {ergonomic}

Logging:
Log output configuration:
 #0: stdout all=off uptime,level,tags foldmultilines=false
 #1: stderr all=off uptime,level,tags foldmultilines=false

Environment Variables:
JAVA_HOME=C:\Program Files\Java\jdk-21
PATH=C:\Program Files\PlasticSCM5\server;C:\Program Files\PlasticSCM5\client;C:\Program Files\NVIDIA GPU Computing Toolkit\CUDA\v12.6\bin;C:\Program Files\NVIDIA GPU Computing Toolkit\CUDA\v12.6\libnvvp;C:\Program Files\Common Files\Oracle\Java\javapath;C:\Windows\system32;C:\Windows;C:\Program Files\Java\jdk-11.0.2\bin;C:\Windows\System32\Wbem;C:\ORacleDatabase\dbhomeXE\bin;C:\Windows\System32\WindowsPowerShell\v1.0\;C:\Windows\System32\OpenSSH\;C:\Program Files (x86)\NVIDIA Corporation\PhysX\Common;C:\Program Files\NVIDIA Corporation\NVIDIA NvDLISR;C:\Program Files\Git LFS;C:\Program Files\Git\cmd;C:\Program Files (x86)\Windows Kits\10\Windows Performance Toolkit\;C:\Program Files (x86)\Steam\steamapps\common\Counter-Strike Global Offensive\game\bin\win64;C:\Users\stas2\AppData\Local\Programs\Python\Python311;C:\Program Files\dotnet\;C:\Program Files\Microsoft SQL Server\150\Tools\Binn\;C:\Program Files\Microsoft SQL Server\Client SDK\ODBC\170\Tools\Binn\;C:\Program Files\NVIDIA Corporation\Nsight Compute 2024.3.2\;C:\Program Files (x86)\Microsoft SQL Server\160\Tools\Binn\;C:\Program Files\Microsoft SQL Server\160\Tools\Binn\;C:\Program Files\Microsoft SQL Server\160\DTS\Binn\;C:\Program Files (x86)\Microsoft SQL Server\160\DTS\Binn\;C:\WINDOWS\system32;C:\WINDOWS;C:\WINDOWS\System32\Wbem;C:\WINDOWS\System32\WindowsPowerShell\v1.0\;C:\WINDOWS\System32\OpenSSH\;C:\Program Files\Docker\Docker\resources\bin;O:\npdejs\;C:\Users\stas2\AppData\Local\Microsoft\WindowsApps;C:\Users\stas2\AppData\Local\Programs\Microsoft VS Code\bin;C:\Users\stas2\AppData\Local\GitHubDesktop\bin;C:\Users\stas2\AppData\Local\Programs\Python\Python311;C:\Program Files (x86)\Steam\steamapps\common\Counter-Strike Global Offensive\game\bin\win64;C:\Users\stas2\.dotnet\tools;C:\Users\stas2\AppData\Local\Muse Hub\lib;C:\Users\stas2\AppData\Roaming\npm
USERNAME=stas2
OS=Windows_NT
PROCESSOR_IDENTIFIER=Intel64 Family 6 Model 141 Stepping 1, GenuineIntel
TMP=C:\Users\stas2\AppData\Local\Temp
TEMP=C:\Users\stas2\AppData\Local\Temp




Periodic native trim disabled

---------------  S Y S T E M  ---------------

OS:
 Windows 11 , 64 bit Build 26100 (10.0.26100.5074)
OS uptime: 26 days 5:29 hours
Hyper-V role detected

CPU: total 12 (initial active 12) (6 cores per cpu, 2 threads per core) family 6 model 141 stepping 1 microcode 0x3c, cx8, cmov, fxsr, ht, mmx, 3dnowpref, sse, sse2, sse3, ssse3, sse4.1, sse4.2, popcnt, lzcnt, tsc, tscinvbit, avx, avx2, aes, erms, clmul, bmi1, bmi2, adx, avx512f, avx512dq, avx512cd, avx512bw, avx512vl, sha, fma, vzeroupper, avx512_vpopcntdq, avx512_vpclmulqdq, avx512_vaes, avx512_vnni, clflush, clflushopt, clwb, avx512_vbmi2, avx512_vbmi, hv, rdtscp, rdpid, fsrm, gfni, avx512_bitalg, f16c, cet_ibt, cet_ss, avx512_ifma
Processor Information for all 12 processors :
  Max Mhz: 2688, Current Mhz: 2688, Mhz Limit: 2688

Memory: 4k page, system-wide physical 16163M (2079M free)
TotalPageFile size 36643M (AvailPageFile size 5651M)
current process WorkingSet (physical memory assigned to process): 223M, peak: 232M
current process commit charge ("private bytes"): 424M, peak: 433M

vm_info: OpenJDK 64-Bit Server VM (21.0.1+12-29) for windows-amd64 JRE (21.0.1+12-29), built on 2023-10-05T13:27:09Z by "mach5one" with MS VC++ 17.1 (VS2022)

END.
