#
# A fatal error has been detected by the Java Runtime Environment:
#
#  EXCEPTION_ACCESS_VIOLATION (0xc0000005) at pc=0x00007ffdb54c366c, pid=29328, tid=32732
#
# JRE version: OpenJDK Runtime Environment (21.0.1+12) (build 21.0.1+12-29)
# Java VM: OpenJDK 64-Bit Server VM (21.0.1+12-29, mixed mode, sharing, tiered, compressed oops, compressed class ptrs, g1 gc, windows-amd64)
# Problematic frame:
# C  [igxelpicd64.dll+0x13366c]
#
# No core dump will be written. Minidumps are not enabled by default on client versions of Windows
#
# If you would like to submit a bug report, please visit:
#   https://bugreport.java.com/bugreport/crash.jsp
#

---------------  S U M M A R Y ------------

Command Line: -javaagent:C:\IntelliJ IDEA Community Edition 2021.3.2\IntelliJ IDEA Community Edition 2023.2.1\lib\idea_rt.jar=59331:C:\IntelliJ IDEA Community Edition 2021.3.2\IntelliJ IDEA Community Edition 2023.2.1\bin -Dfile.encoding=windows-1252 -Dsun.stdout.encoding=windows-1252 -Dsun.stderr.encoding=windows-1252 --module-path=C:\Users\stas2\.m2\repository\org\lwjgl\lwjgl-opengl\3.3.4\lwjgl-opengl-3.3.4.jar;C:\Users\stas2\.m2\repository\com\fasterxml\jackson\core\jackson-annotations\2.17.2\jackson-annotations-2.17.2.jar;O:\GIt\MultiplayerShooter\target\classes;C:\Users\stas2\.m2\repository\org\lwjgl\lwjgl-glfw\3.3.4\lwjgl-glfw-3.3.4.jar;C:\Users\stas2\.m2\repository\org\lwjgl\lwjgl-vulkan\3.3.4\lwjgl-vulkan-3.3.4.jar;C:\Users\stas2\.m2\repository\org\lwjgl\lwjgl-stb\3.3.4\lwjgl-stb-3.3.4.jar;C:\Users\stas2\.m2\repository\io\github\spair\imgui-java-binding\1.89.0\imgui-java-binding-1.89.0.jar;C:\Users\stas2\.m2\repository\com\fasterxml\jackson\core\jackson-databind\2.17.2\jackson-databind-2.17.2.jar;C:\Users\stas2\.m2\repository\org\joml\joml-primitives\1.10.0\joml-primitives-1.10.0.jar;C:\Users\stas2\.m2\repository\org\joml\joml\1.10.7\joml-1.10.7.jar;C:\Users\stas2\.m2\repository\io\github\spair\imgui-java-lwjgl3\1.89.0\imgui-java-lwjgl3-1.89.0.jar;C:\Users\stas2\.m2\repository\org\lwjgl\lwjgl-assimp\3.3.4\lwjgl-assimp-3.3.4.jar;C:\Users\stas2\.m2\repository\com\fasterxml\jackson\core\jackson-core\2.17.2\jackson-core-2.17.2.jar;C:\Users\stas2\.m2\repository\org\lwjgl\lwjgl\3.3.4\lwjgl-3.3.4.jar -Djdk.module.main=com.bedrye.bjge com.bedrye.bjge/com.bedrye.bjge.TestMain

Host: 11th Gen Intel(R) Core(TM) i5-11400H @ 2.70GHz, 12 cores, 15G,  Windows 11 , 64 bit Build 26100 (10.0.26100.5074)
Time: Wed Oct 15 20:18:09 2025 FLE Summer Time elapsed time: 140.719453 seconds (0d 0h 2m 20s)

---------------  T H R E A D  ---------------

Current thread (0x000002164e7bb730):  VMThread "VM Thread"          [id=32732, stack(0x0000006432e00000,0x0000006432f00000) (1024K)]

Stack: [0x0000006432e00000,0x0000006432f00000],  sp=0x0000006432efe600,  free space=1017k
Native frames: (J=compiled Java code, j=interpreted, Vv=VM code, C=native code)
C  [igxelpicd64.dll+0x13366c]


siginfo: EXCEPTION_ACCESS_VIOLATION (0xc0000005), reading address 0x00000000000356f8


Registers:
RAX=0x00000216a1e7ddc8, RBX=0x00000216a1e7dcc0, RCX=0x0000000000000000, RDX=0x0000000000000000
RSP=0x0000006432efe600, RBP=0x0000000000000000, RSI=0x00000216a1e7e290, RDI=0x0000021694d94140
R8 =0x0000000000000014, R9 =0x000000643226a000, R10=0x0000000000000000, R11=0x0000000000000000
R12=0x0000000000000000, R13=0x00000216a1e7e9e0, R14=0x0000000002403a00, R15=0x0000000000000016
RIP=0x00007ffdb54c366c, EFLAGS=0x0000000000010202


Register to memory mapping:

RAX=0x00000216a1e7ddc8 points into unknown readable memory: 0x0000000002403a49 | 49 3a 40 02 00 00 00 00
RBX=0x00000216a1e7dcc0 points into unknown readable memory: 0x00000216944d3190 | 90 31 4d 94 16 02 00 00
RCX=0x0 is null
RDX=0x0 is null
RSP=0x0000006432efe600 points into unknown readable memory: 0x00000216946a2210 | 10 22 6a 94 16 02 00 00
RBP=0x0 is null
RSI=0x00000216a1e7e290 points into unknown readable memory: 0x00000216a1e7e9e0 | e0 e9 e7 a1 16 02 00 00
RDI=0x0000021694d94140 points into unknown readable memory: 0x0000021694fd9a00 | 00 9a fd 94 16 02 00 00
R8 =0x0000000000000014 is an unknown value
R9 =0x000000643226a000 points into unknown readable memory: 0x0000000000000000 | 00 00 00 00 00 00 00 00
R10=0x0 is null
R11=0x0 is null
R12=0x0 is null
R13=0x00000216a1e7e9e0 points into unknown readable memory: 0x00000216944d3190 | 90 31 4d 94 16 02 00 00
R14=0x0000000002403a00 is an unknown value
R15=0x0000000000000016 is an unknown value

Top of Stack: (sp=0x0000006432efe600)
0x0000006432efe600:   00000216946a2210 0000000000000000
0x0000006432efe610:   0000021694b63840 00007ffe67727254
0x0000006432efe620:   0000021694b63840 00007ffdb53d5db3
0x0000006432efe630:   000000007a000004 0000000000000000
0x0000006432efe640:   0000021694b58278 0000000002403a5a
0x0000006432efe650:   0000000000000000 0000000000000010
0x0000006432efe660:   0000000000000000 0000000000000000
0x0000006432efe670:   0000006432efe780 00007ffdb563bc3c
0x0000006432efe680:   00000216946a2210 0000021694d94140
0x0000006432efe690:   0000021694b57f00 0000021694b23400
0x0000006432efe6a0:   00000064000005f8 0000b802195e0000
0x0000006432efe6b0:   0000000000000000 033fdad5027662d5
0x0000006432efe6c0:   0346acd600000028 0000800400112000
0x0000006432efe6d0:   02fc43d802c925d7 037f9fd8037d74d8
0x0000006432efe6e0:   034c05d902f6bfd8 00007ffdb56319a0
0x0000006432efe6f0:   025d34da00000000 03799bda035e73da
0x0000006432efe700:   0000000000000000 0000000000000000
0x0000006432efe710:   03680e0000000000 0000000000000000
0x0000006432efe720:   0000000000000000 00007ffdb5413cdf
0x0000006432efe730:   0000b802195e0000 00000000000005f8
0x0000006432efe740:   0000000000000000 4000188000000001
0x0000006432efe750:   0000000000000000 0000000000000000
0x0000006432efe760:   0000000000000000 0000000000000000
0x0000006432efe770:   0000000000000000 0000000000000000
0x0000006432efe780:   0000000000000000 0000000000000000
0x0000006432efe790:   0000000000000000 0000000000000000
0x0000006432efe7a0:   0000000000000000 0000000000000000
0x0000006432efe7b0:   0000000000000000 0000000000000000
0x0000006432efe7c0:   0000000000000000 0000000000000000
0x0000006432efe7d0:   0000000000000000 0000000000000000
0x0000006432efe7e0:   0000000000000000 0000000000000000
0x0000006432efe7f0:   0000000000000000 0000000000000000 

Instructions: (pc=0x00007ffdb54c366c)
0x00007ffdb54c356c:   ec 40 45 8a e1 48 8b fa 48 8b e9 48 8b 1d 42 08
0x00007ffdb54c357c:   e0 00 48 89 58 08 48 8b cb ff 15 85 5b 9a 00 90
0x00007ffdb54c358c:   4c 8b af 78 02 00 00 48 8b 05 c6 e4 cf 00 44 8b
0x00007ffdb54c359c:   b8 40 0b 00 00 45 33 db 45 8a f3 4c 89 9f 78 02
0x00007ffdb54c35ac:   00 00 44 89 9f 80 02 00 00 4c 89 9f 98 02 00 00
0x00007ffdb54c35bc:   4c 89 9f 88 02 00 00 48 85 ed 75 38 8b 35 4a e2
0x00007ffdb54c35cc:   df 00 65 48 8b 04 25 58 00 00 00 b9 14 00 00 00
0x00007ffdb54c35dc:   48 8b 04 f0 44 38 1c 01 0f 84 9d da 86 00 65 48
0x00007ffdb54c35ec:   8b 04 25 58 00 00 00 bd 20 00 00 00 48 8b 04 f0
0x00007ffdb54c35fc:   48 8b 2c 28 48 3b 2d 39 07 e0 00 45 0f 44 fb 4d
0x00007ffdb54c360c:   85 ed 0f 84 21 01 00 00 44 8a a4 24 90 00 00 00
0x00007ffdb54c361c:   49 8b dd 49 8d b5 d0 05 00 00 4c 8b 2e 45 84 e4
0x00007ffdb54c362c:   0f 85 2a 03 00 00 8b 97 c8 01 00 00 48 8b 05 21
0x00007ffdb54c363c:   e4 cf 00 83 b8 78 03 00 00 02 75 31 83 fa 10 0f
0x00007ffdb54c364c:   83 20 01 00 00 48 8d 04 d5 21 00 00 00 48 03 c2
0x00007ffdb54c365c:   48 8d 04 c3 48 85 c0 0f 85 ff 00 00 00 49 8b cb
0x00007ffdb54c366c:   48 3b 8d f8 56 03 00 0f 87 f3 02 00 00 4c 39 9b
0x00007ffdb54c367c:   48 06 00 00 0f 85 41 da 86 00 44 8b 97 c8 01 00
0x00007ffdb54c368c:   00 48 8b 87 e0 01 00 00 4c 8b 08 8b 97 c8 01 00
0x00007ffdb54c369c:   00 83 fa 10 0f 83 03 01 00 00 48 8d 04 d5 21 00
0x00007ffdb54c36ac:   00 00 48 03 c2 48 8d 04 c3 48 85 c0 0f 85 e2 00
0x00007ffdb54c36bc:   00 00 49 8b cb 49 3b c9 0f 86 0e 01 00 00 48 8b
0x00007ffdb54c36cc:   87 78 02 00 00 48 89 06 48 89 9f 78 02 00 00 ff
0x00007ffdb54c36dc:   87 80 02 00 00 48 8b 43 08 48 8b 88 18 01 00 00
0x00007ffdb54c36ec:   48 81 e1 00 00 ff ff 48 81 c1 00 00 01 00 48 01
0x00007ffdb54c36fc:   8f 88 02 00 00 48 8b 43 08 48 8b 88 18 01 00 00
0x00007ffdb54c370c:   48 01 8f 98 02 00 00 4d 85 ed 0f 85 00 ff ff ff
0x00007ffdb54c371c:   45 84 f6 44 8a a4 24 98 00 00 00 0f 85 82 03 00
0x00007ffdb54c372c:   00 48 8b 9c 24 80 00 00 00 48 8b cf 45 84 e4 0f
0x00007ffdb54c373c:   85 8a 03 00 00 e8 fa f9 ff ff 90 48 8b cb 48 8b
0x00007ffdb54c374c:   9c 24 88 00 00 00 48 83 c4 40 41 5f 41 5e 41 5d
0x00007ffdb54c375c:   41 5c 5f 5e 5d 48 ff 25 b0 59 9a 00 48 8b 48 08 


Stack slot to memory mapping:

stack at sp + 0 slots: 0x00000216946a2210 points into unknown readable memory: 0xffffffffffffffff | ff ff ff ff ff ff ff ff
stack at sp + 1 slots: 0x0 is null
stack at sp + 2 slots: 0x0000021694b63840 points into unknown readable memory: 0x0000000000000001 | 01 00 00 00 00 00 00 00
stack at sp + 3 slots: 0x00007ffe67727254 ntdll.dll
stack at sp + 4 slots: 0x0000021694b63840 points into unknown readable memory: 0x0000000000000001 | 01 00 00 00 00 00 00 00
stack at sp + 5 slots: 0x00007ffdb53d5db3 igxelpicd64.dll
stack at sp + 6 slots: 0x000000007a000004 is an unknown value
stack at sp + 7 slots: 0x0 is null

VM_Operation (0x00000064324fed90): Exit, mode: safepoint, requested by thread 0x00000216a2994920


---------------  P R O C E S S  ---------------

Threads class SMR info:
_java_thread_list=0x0000021695573bc0, length=15, elements={
0x000002162d10bfa0, 0x000002164e7d9c30, 0x000002164e7db5a0, 0x000002164e7e0080,
0x000002164e7e1f20, 0x000002164e7e8e10, 0x000002164e7ea890, 0x000002164e7fdfe0,
0x000002164e7feaa0, 0x000002164e9d9be0, 0x000002164ed1e310, 0x000002169414e770,
0x0000021694ee8880, 0x000002164eadda00, 0x00000216a2994920
}

Java Threads: ( => current thread )
  0x000002162d10bfa0 JavaThread "main"                              [_thread_blocked, id=37244, stack(0x0000006432700000,0x0000006432800000) (1024K)]
  0x000002164e7d9c30 JavaThread "Reference Handler"          daemon [_thread_blocked, id=21080, stack(0x0000006432f00000,0x0000006433000000) (1024K)]
  0x000002164e7db5a0 JavaThread "Finalizer"                  daemon [_thread_blocked, id=35304, stack(0x0000006433000000,0x0000006433100000) (1024K)]
  0x000002164e7e0080 JavaThread "Signal Dispatcher"          daemon [_thread_blocked, id=33648, stack(0x0000006433100000,0x0000006433200000) (1024K)]
  0x000002164e7e1f20 JavaThread "Attach Listener"            daemon [_thread_blocked, id=28040, stack(0x0000006433200000,0x0000006433300000) (1024K)]
  0x000002164e7e8e10 JavaThread "Service Thread"             daemon [_thread_blocked, id=27364, stack(0x0000006433300000,0x0000006433400000) (1024K)]
  0x000002164e7ea890 JavaThread "Monitor Deflation Thread"   daemon [_thread_blocked, id=35564, stack(0x0000006433400000,0x0000006433500000) (1024K)]
  0x000002164e7fdfe0 JavaThread "C2 CompilerThread0"         daemon [_thread_blocked, id=30608, stack(0x0000006433500000,0x0000006433600000) (1024K)]
  0x000002164e7feaa0 JavaThread "C1 CompilerThread0"         daemon [_thread_blocked, id=32696, stack(0x0000006433600000,0x0000006433700000) (1024K)]
  0x000002164e9d9be0 JavaThread "Common-Cleaner"             daemon [_thread_blocked, id=35288, stack(0x0000006433700000,0x0000006433800000) (1024K)]
  0x000002164ed1e310 JavaThread "Monitor Ctrl-Break"         daemon [_thread_in_native, id=29504, stack(0x0000006433a00000,0x0000006433b00000) (1024K)]
  0x000002169414e770 JavaThread "Notification Thread"        daemon [_thread_blocked, id=27120, stack(0x0000006433b00000,0x0000006433c00000) (1024K)]
  0x0000021694ee8880 JavaThread "FileSystemWatchService"     daemon [_thread_in_native, id=29548, stack(0x0000006433800000,0x0000006433900000) (1024K)]
  0x000002164eadda00 JavaThread "BJE-Asset-Watcher"          daemon [_thread_blocked, id=23772, stack(0x0000006434700000,0x0000006434800000) (1024K)]
  0x00000216a2994920 JavaThread "SIGINT handler"             daemon [_thread_blocked, id=30492, stack(0x0000006432400000,0x0000006432500000) (1024K)]
Total: 15

Other Threads:
=>0x000002164e7bb730 VMThread "VM Thread"                           [id=32732, stack(0x0000006432e00000,0x0000006432f00000) (1024K)]
  0x000002162f3175e0 WorkerThread "GC Thread#0"                     [id=36288, stack(0x0000006432800000,0x0000006432900000) (1024K)]
  0x000002169427e090 WorkerThread "GC Thread#1"                     [id=25228, stack(0x0000006433c00000,0x0000006433d00000) (1024K)]
  0x0000021694454020 WorkerThread "GC Thread#2"                     [id=32224, stack(0x0000006433d00000,0x0000006433e00000) (1024K)]
  0x00000216944543c0 WorkerThread "GC Thread#3"                     [id=26148, stack(0x0000006433e00000,0x0000006433f00000) (1024K)]
  0x000002169436c200 WorkerThread "GC Thread#4"                     [id=36880, stack(0x0000006433f00000,0x0000006434000000) (1024K)]
  0x0000021694455380 WorkerThread "GC Thread#5"                     [id=37568, stack(0x0000006434000000,0x0000006434100000) (1024K)]
  0x0000021694faff60 WorkerThread "GC Thread#6"                     [id=37064, stack(0x0000006434800000,0x0000006434900000) (1024K)]
  0x0000021694fafbc0 WorkerThread "GC Thread#7"                     [id=28124, stack(0x0000006434900000,0x0000006434a00000) (1024K)]
  0x0000021694fb0300 WorkerThread "GC Thread#8"                     [id=32976, stack(0x0000006434a00000,0x0000006434b00000) (1024K)]
  0x0000021694fb06a0 WorkerThread "GC Thread#9"                     [id=28480, stack(0x0000006434b00000,0x0000006434c00000) (1024K)]
  0x000002162f3283b0 ConcurrentGCThread "G1 Main Marker"            terminated
  0x000002162f32aa80 WorkerThread "G1 Conc#0"                       [id=11396, stack(0x0000006432a00000,0x0000006432b00000) (1024K)]
  0x0000021695553540 WorkerThread "G1 Conc#1"                       [id=25872, stack(0x0000006433900000,0x0000006433a00000) (1024K)]
  0x00000216955538e0 WorkerThread "G1 Conc#2"                       [id=26364, stack(0x0000006434600000,0x0000006434700000) (1024K)]
  0x000002164e66ada0 ConcurrentGCThread "G1 Refine#0"               terminated
  0x000002164e66b2d0 ConcurrentGCThread "G1 Service"                terminated
Total: 17

Threads with active compile tasks:
Total: 0

VM state: at safepoint (shutting down)

VM Mutex/Monitor currently owned by a thread:  ([mutex/lock_event])
[0x00007ffda83ea5f8] Threads_lock - owner thread: 0x000002164e7bb730
[0x00007ffda83ea6f8] Heap_lock - owner thread: 0x00000216a2994920

Heap address: 0x0000000703600000, size: 4042 MB, Compressed Oops mode: Zero based, Oop shift amount: 3

CDS archive(s) mapped at: [0x000002164f000000-0x000002164fc90000-0x000002164fc90000), size 13172736, SharedBaseAddress: 0x000002164f000000, ArchiveRelocationMode: 1.
Compressed class space mapped at: 0x0000021650000000-0x0000021690000000, reserved size: 1073741824
Narrow klass base: 0x000002164f000000, Narrow klass shift: 0, Narrow klass range: 0x100000000

GC Precious Log:
 CardTable entry size: 512
 Card Set container configuration: InlinePtr #cards 4 size 8 Array Of Cards #cards 16 size 48 Howl #buckets 8 coarsen threshold 3686 Howl Bitmap #cards 512 size 80 coarsen threshold 460 Card regions per heap region 1 cards per card region 4096
 CPUs: 12 total, 12 available
 Memory: 16163M
 Large Page Support: Disabled
 NUMA Support: Disabled
 Compressed Oops: Enabled (Zero based)
 Heap Region Size: 2M
 Heap Min Capacity: 8M
 Heap Initial Capacity: 254M
 Heap Max Capacity: 4042M
 Pre-touch: Disabled
 Parallel Workers: 10
 Concurrent Workers: 3
 Concurrent Refinement Workers: 10
 Periodic GC: Disabled

Heap:
 garbage-first heap   total 51200K, used 31745K [0x0000000703600000, 0x0000000800000000)
  region size 2048K, 11 young (22528K), 2 survivors (4096K)
 Metaspace       used 22140K, committed 22400K, reserved 1114112K
  class space    used 1966K, committed 2112K, reserved 1048576K

Heap Regions: E=young(eden), S=young(survivor), O=old, HS=humongous(starts), HC=humongous(continues), CS=collection set, F=free, TAMS=top-at-mark-start, PB=parsable bottom
|   0|0x0000000703600000, 0x0000000703800000, 0x0000000703800000|100%| O|  |TAMS 0x0000000703600000| PB 0x0000000703600000| Untracked 
|   1|0x0000000703800000, 0x0000000703a00000, 0x0000000703a00000|100%| O|  |TAMS 0x0000000703800000| PB 0x0000000703800000| Untracked 
|   2|0x0000000703a00000, 0x0000000703c00000, 0x0000000703c00000|100%| O|  |TAMS 0x0000000703a00000| PB 0x0000000703a00000| Untracked 
|   3|0x0000000703c00000, 0x0000000703e00000, 0x0000000703e00000|100%| O|  |TAMS 0x0000000703c00000| PB 0x0000000703c00000| Untracked 
|   4|0x0000000703e00000, 0x0000000704000000, 0x0000000704000000|100%| O|  |TAMS 0x0000000703e00000| PB 0x0000000703e00000| Untracked 
|   5|0x0000000704000000, 0x00000007041e39f8, 0x0000000704200000| 94%| O|  |TAMS 0x0000000704000000| PB 0x0000000704000000| Untracked 
|   6|0x0000000704200000, 0x0000000704200000, 0x0000000704400000|  0%| F|  |TAMS 0x0000000704200000| PB 0x0000000704200000| Untracked 
|   7|0x0000000704400000, 0x0000000704400000, 0x0000000704600000|  0%| F|  |TAMS 0x0000000704400000| PB 0x0000000704400000| Untracked 
|   8|0x0000000704600000, 0x0000000704600000, 0x0000000704800000|  0%| F|  |TAMS 0x0000000704600000| PB 0x0000000704600000| Untracked 
|   9|0x0000000704800000, 0x0000000704800000, 0x0000000704a00000|  0%| F|  |TAMS 0x0000000704800000| PB 0x0000000704800000| Untracked 
|  10|0x0000000704a00000, 0x0000000704b1cd80, 0x0000000704c00000| 55%| S|CS|TAMS 0x0000000704a00000| PB 0x0000000704a00000| Complete 
|  11|0x0000000704c00000, 0x0000000704e00000, 0x0000000704e00000|100%| S|CS|TAMS 0x0000000704c00000| PB 0x0000000704c00000| Complete 
|  12|0x0000000704e00000, 0x0000000704e00000, 0x0000000705000000|  0%| F|  |TAMS 0x0000000704e00000| PB 0x0000000704e00000| Untracked 
|  13|0x0000000705000000, 0x0000000705000000, 0x0000000705200000|  0%| F|  |TAMS 0x0000000705000000| PB 0x0000000705000000| Untracked 
|  14|0x0000000705200000, 0x0000000705200000, 0x0000000705400000|  0%| F|  |TAMS 0x0000000705200000| PB 0x0000000705200000| Untracked 
|  15|0x0000000705400000, 0x0000000705400000, 0x0000000705600000|  0%| F|  |TAMS 0x0000000705400000| PB 0x0000000705400000| Untracked 
|  16|0x0000000705600000, 0x00000007057461d0, 0x0000000705800000| 63%| E|  |TAMS 0x0000000705600000| PB 0x0000000705600000| Complete 
|  17|0x0000000705800000, 0x0000000705a00000, 0x0000000705a00000|100%| E|CS|TAMS 0x0000000705800000| PB 0x0000000705800000| Complete 
|  18|0x0000000705a00000, 0x0000000705c00000, 0x0000000705c00000|100%| E|CS|TAMS 0x0000000705a00000| PB 0x0000000705a00000| Complete 
|  19|0x0000000705c00000, 0x0000000705e00000, 0x0000000705e00000|100%| E|CS|TAMS 0x0000000705c00000| PB 0x0000000705c00000| Complete 
| 119|0x0000000712400000, 0x0000000712600000, 0x0000000712600000|100%| E|CS|TAMS 0x0000000712400000| PB 0x0000000712400000| Complete 
| 120|0x0000000712600000, 0x0000000712800000, 0x0000000712800000|100%| E|CS|TAMS 0x0000000712600000| PB 0x0000000712600000| Complete 
| 121|0x0000000712800000, 0x0000000712a00000, 0x0000000712a00000|100%| E|CS|TAMS 0x0000000712800000| PB 0x0000000712800000| Complete 
| 122|0x0000000712a00000, 0x0000000712c00000, 0x0000000712c00000|100%| E|CS|TAMS 0x0000000712a00000| PB 0x0000000712a00000| Complete 
| 126|0x0000000713200000, 0x0000000713400000, 0x0000000713400000|100%| E|CS|TAMS 0x0000000713200000| PB 0x0000000713200000| Complete 

Card table byte_map: [0x0000021647440000,0x0000021647c30000] _byte_map_base: 0x0000021643c25000

Marking Bits: (CMBitMap*) 0x000002162f317ce0
 Bits: [0x0000021647c30000, 0x000002164bb58000)

Polling page: 0x000002162d4a0000

Metaspace:

Usage:
  Non-class:     19.70 MB used.
      Class:      1.92 MB used.
       Both:     21.62 MB used.

Virtual space:
  Non-class space:       64.00 MB reserved,      19.81 MB ( 31%) committed,  1 nodes.
      Class space:        1.00 GB reserved,       2.06 MB ( <1%) committed,  1 nodes.
             Both:        1.06 GB reserved,      21.88 MB (  2%) committed. 

Chunk freelists:
   Non-Class:  11.70 MB
       Class:  14.00 MB
        Both:  25.70 MB

MaxMetaspaceSize: unlimited
CompressedClassSpaceSize: 1.00 GB
Initial GC threshold: 21.00 MB
Current GC threshold: 35.12 MB
CDS: on
 - commit_granule_bytes: 65536.
 - commit_granule_words: 8192.
 - virtual_space_node_default_size: 8388608.
 - enlarge_chunks_in_place: 1.
 - use_allocation_guard: 0.


Internal statistics:

num_allocs_failed_limit: 3.
num_arena_births: 204.
num_arena_deaths: 0.
num_vsnodes_births: 2.
num_vsnodes_deaths: 0.
num_space_committed: 348.
num_space_uncommitted: 0.
num_chunks_returned_to_freelist: 3.
num_chunks_taken_from_freelist: 870.
num_chunk_merges: 3.
num_chunk_splits: 663.
num_chunks_enlarged: 536.
num_inconsistent_stats: 0.

CodeHeap 'non-profiled nmethods': size=120000Kb used=1678Kb max_used=1678Kb free=118321Kb
 bounds [0x000002163f1c0000, 0x000002163f430000, 0x00000216466f0000]
CodeHeap 'profiled nmethods': size=120000Kb used=5764Kb max_used=5764Kb free=114235Kb
 bounds [0x00000216376f0000, 0x0000021637ca0000, 0x000002163ec20000]
CodeHeap 'non-nmethods': size=5760Kb used=2980Kb max_used=3019Kb free=2779Kb
 bounds [0x000002163ec20000, 0x000002163ef20000, 0x000002163f1c0000]
 total_blobs=4898 nmethods=3458 adapters=1344
 compilation: enabled
              stopped_count=0, restarted_count=0
 full_count=0

Compilation events (20 events):
Event: 54.972 Thread 0x000002164e7fdfe0 3450       4       org.lwjgl.glfw.GLFW::glfwSwapBuffers (21 bytes)
Event: 54.973 Thread 0x000002164e7fdfe0 nmethod 3450 0x000002163f35fb90 code [0x000002163f35fd20, 0x000002163f35fdf0]
Event: 55.021 Thread 0x000002164e7fdfe0 3451   !   4       java.nio.DirectByteBuffer::<init> (171 bytes)
Event: 55.030 Thread 0x000002164e7fdfe0 nmethod 3451 0x000002163f35ff10 code [0x000002163f360180, 0x000002163f361210]
Event: 99.465 Thread 0x000002164e7feaa0 3452 % !   3       java.lang.ref.Reference::processPendingReferences @ 27 (118 bytes)
Event: 99.466 Thread 0x000002164e7feaa0 nmethod 3452% 0x0000021637c8c490 code [0x0000021637c8c700, 0x0000021637c8d150]
Event: 99.467 Thread 0x000002164e7feaa0 3453   !   3       java.lang.ref.Reference::processPendingReferences (118 bytes)
Event: 99.467 Thread 0x000002164e7feaa0 nmethod 3453 0x0000021637c8d490 code [0x0000021637c8d6e0, 0x0000021637c8e0c8]
Event: 110.430 Thread 0x000002164e7feaa0 3454       3       org.lwjgl.system.Checks::checkSafe (11 bytes)
Event: 110.431 Thread 0x000002164e7feaa0 nmethod 3454 0x0000021637c8e390 code [0x0000021637c8e540, 0x0000021637c8e730]
Event: 118.715 Thread 0x000002164e7fdfe0 3456       4       org.lwjgl.glfw.GLFW::glfwSetWindowAttrib (25 bytes)
Event: 118.716 Thread 0x000002164e7fdfe0 nmethod 3456 0x000002163f361e90 code [0x000002163f362020, 0x000002163f3620f8]
Event: 118.716 Thread 0x000002164e7fdfe0 3457       4       imgui.ImGuiIO::hasBackendFlags (15 bytes)
Event: 118.716 Thread 0x000002164e7fdfe0 nmethod 3457 0x000002163f362210 code [0x000002163f3623a0, 0x000002163f362478]
Event: 118.722 Thread 0x000002164e7feaa0 3458       3       imgui.glfw.ImGuiImplGlfw::updateMouseData (328 bytes)
Event: 118.723 Thread 0x000002164e7feaa0 nmethod 3458 0x0000021637c8e810 code [0x0000021637c8ec20, 0x0000021637c90028]
Event: 125.226 Thread 0x000002164e7fdfe0 3459 % !   4       java.lang.ref.Reference::processPendingReferences @ 27 (118 bytes)
Event: 125.232 Thread 0x000002164e7fdfe0 nmethod 3459% 0x000002163f362590 code [0x000002163f3627c0, 0x000002163f363578]
Event: 140.199 Thread 0x000002164e7feaa0 3460       3       jdk.internal.loader.URLClassPath$JarLoader::findResource (18 bytes)
Event: 140.199 Thread 0x000002164e7feaa0 nmethod 3460 0x0000021637c90c10 code [0x0000021637c90de0, 0x0000021637c91060]

GC Heap History (16 events):
Event: 0.323 GC heap before
{Heap before GC invocations=0 (full 0):
 garbage-first heap   total 260096K, used 20480K [0x0000000703600000, 0x0000000800000000)
  region size 2048K, 11 young (22528K), 0 survivors (0K)
 Metaspace       used 3882K, committed 4032K, reserved 1114112K
  class space    used 332K, committed 448K, reserved 1048576K
}
Event: 0.326 GC heap after
{Heap after GC invocations=1 (full 0):
 garbage-first heap   total 260096K, used 2581K [0x0000000703600000, 0x0000000800000000)
  region size 2048K, 2 young (4096K), 2 survivors (4096K)
 Metaspace       used 3882K, committed 4032K, reserved 1114112K
  class space    used 332K, committed 448K, reserved 1048576K
}
Event: 1.436 GC heap before
{Heap before GC invocations=1 (full 0):
 garbage-first heap   total 260096K, used 39445K [0x0000000703600000, 0x0000000800000000)
  region size 2048K, 21 young (43008K), 2 survivors (4096K)
 Metaspace       used 19693K, committed 19904K, reserved 1114112K
  class space    used 1841K, committed 1920K, reserved 1048576K
}
Event: 1.440 GC heap after
{Heap after GC invocations=2 (full 0):
 garbage-first heap   total 260096K, used 6298K [0x0000000703600000, 0x0000000800000000)
  region size 2048K, 3 young (6144K), 3 survivors (6144K)
 Metaspace       used 19693K, committed 19904K, reserved 1114112K
  class space    used 1841K, committed 1920K, reserved 1048576K
}
Event: 7.699 GC heap before
{Heap before GC invocations=2 (full 0):
 garbage-first heap   total 260096K, used 12442K [0x0000000703600000, 0x0000000800000000)
  region size 2048K, 7 young (14336K), 3 survivors (6144K)
 Metaspace       used 21339K, committed 21504K, reserved 1114112K
  class space    used 1890K, committed 1984K, reserved 1048576K
}
Event: 7.703 GC heap after
{Heap after GC invocations=3 (full 0):
 garbage-first heap   total 260096K, used 6760K [0x0000000703600000, 0x0000000800000000)
  region size 2048K, 4 young (8192K), 4 survivors (8192K)
 Metaspace       used 21339K, committed 21504K, reserved 1114112K
  class space    used 1890K, committed 1984K, reserved 1048576K
}
Event: 31.653 GC heap before
{Heap before GC invocations=4 (full 0):
 garbage-first heap   total 40960K, used 37480K [0x0000000703600000, 0x0000000800000000)
  region size 2048K, 19 young (38912K), 4 survivors (8192K)
 Metaspace       used 22056K, committed 22336K, reserved 1114112K
  class space    used 1953K, committed 2112K, reserved 1048576K
}
Event: 31.661 GC heap after
{Heap after GC invocations=5 (full 0):
 garbage-first heap   total 51200K, used 9972K [0x0000000703600000, 0x0000000800000000)
  region size 2048K, 5 young (10240K), 5 survivors (10240K)
 Metaspace       used 22056K, committed 22336K, reserved 1114112K
  class space    used 1953K, committed 2112K, reserved 1048576K
}
Event: 49.097 GC heap before
{Heap before GC invocations=5 (full 0):
 garbage-first heap   total 51200K, used 30452K [0x0000000703600000, 0x0000000800000000)
  region size 2048K, 15 young (30720K), 5 survivors (10240K)
 Metaspace       used 22056K, committed 22336K, reserved 1114112K
  class space    used 1953K, committed 2112K, reserved 1048576K
}
Event: 49.105 GC heap after
{Heap after GC invocations=6 (full 0):
 garbage-first heap   total 51200K, used 10767K [0x0000000703600000, 0x0000000800000000)
  region size 2048K, 2 young (4096K), 2 survivors (4096K)
 Metaspace       used 22056K, committed 22336K, reserved 1114112K
  class space    used 1953K, committed 2112K, reserved 1048576K
}
Event: 74.431 GC heap before
{Heap before GC invocations=6 (full 0):
 garbage-first heap   total 51200K, used 37391K [0x0000000703600000, 0x0000000800000000)
  region size 2048K, 15 young (30720K), 2 survivors (4096K)
 Metaspace       used 22056K, committed 22336K, reserved 1114112K
  class space    used 1953K, committed 2112K, reserved 1048576K
}
Event: 74.437 GC heap after
{Heap after GC invocations=7 (full 0):
 garbage-first heap   total 51200K, used 12227K [0x0000000703600000, 0x0000000800000000)
  region size 2048K, 2 young (4096K), 2 survivors (4096K)
 Metaspace       used 22056K, committed 22336K, reserved 1114112K
  class space    used 1953K, committed 2112K, reserved 1048576K
}
Event: 99.458 GC heap before
{Heap before GC invocations=7 (full 0):
 garbage-first heap   total 51200K, used 36803K [0x0000000703600000, 0x0000000800000000)
  region size 2048K, 15 young (30720K), 2 survivors (4096K)
 Metaspace       used 22056K, committed 22336K, reserved 1114112K
  class space    used 1953K, committed 2112K, reserved 1048576K
}
Event: 99.465 GC heap after
{Heap after GC invocations=8 (full 0):
 garbage-first heap   total 51200K, used 13659K [0x0000000703600000, 0x0000000800000000)
  region size 2048K, 2 young (4096K), 2 survivors (4096K)
 Metaspace       used 22056K, committed 22336K, reserved 1114112K
  class space    used 1953K, committed 2112K, reserved 1048576K
}
Event: 125.216 GC heap before
{Heap before GC invocations=8 (full 0):
 garbage-first heap   total 51200K, used 40283K [0x0000000703600000, 0x0000000800000000)
  region size 2048K, 15 young (30720K), 2 survivors (4096K)
 Metaspace       used 22057K, committed 22336K, reserved 1114112K
  class space    used 1953K, committed 2112K, reserved 1048576K
}
Event: 125.223 GC heap after
{Heap after GC invocations=9 (full 0):
 garbage-first heap   total 51200K, used 15361K [0x0000000703600000, 0x0000000800000000)
  region size 2048K, 2 young (4096K), 2 survivors (4096K)
 Metaspace       used 22057K, committed 22336K, reserved 1114112K
  class space    used 1953K, committed 2112K, reserved 1048576K
}

Dll operation events (14 events):
Event: 0.009 Loaded shared library C:\Users\stas2\.jdks\openjdk-21.0.1\bin\java.dll
Event: 0.043 Loaded shared library C:\Users\stas2\.jdks\openjdk-21.0.1\bin\jsvml.dll
Event: 0.079 Loaded shared library C:\Users\stas2\.jdks\openjdk-21.0.1\bin\net.dll
Event: 0.081 Loaded shared library C:\Users\stas2\.jdks\openjdk-21.0.1\bin\nio.dll
Event: 0.086 Loaded shared library C:\Users\stas2\.jdks\openjdk-21.0.1\bin\zip.dll
Event: 0.188 Loaded shared library C:\Users\stas2\.jdks\openjdk-21.0.1\bin\zip.dll
Event: 0.191 Loaded shared library C:\Users\stas2\.jdks\openjdk-21.0.1\bin\instrument.dll
Event: 0.213 Loaded shared library C:\IntelliJ IDEA Community Edition 2021.3.2\IntelliJ IDEA Community Edition 2023.2.1\bin\breakgen64.dll
Event: 0.274 Loaded shared library C:\Users\stas2\.jdks\openjdk-21.0.1\bin\jimage.dll
Event: 0.397 Loaded shared library C:\Users\stas2\AppData\Local\Temp\lwjgl_stas2\3.3.4+7\x64\lwjgl.dll
Event: 0.607 Loaded shared library C:\Users\stas2\AppData\Local\Temp\lwjgl_stas2\3.3.4+7\x64\lwjgl_opengl.dll
Event: 0.818 Loaded shared library C:\Users\stas2\AppData\Local\Temp\imgui-java-natives\1.89.0\imgui-java64.dll
Event: 0.852 Loaded shared library C:\Users\stas2\.jdks\openjdk-21.0.1\bin\verify.dll
Event: 0.864 Loaded shared library C:\Users\stas2\AppData\Local\Temp\lwjgl_stas2\3.3.4+7\x64\lwjgl_stb.dll

Deoptimization events (20 events):
Event: 25.472 Thread 0x000002162d10bfa0 Uncommon trap: trap_request=0xffffff45 fr.pc=0x000002163f30f2f4 relative=0x0000000000000854
Event: 25.472 Thread 0x000002162d10bfa0 Uncommon trap: reason=unstable_if action=reinterpret pc=0x000002163f30f2f4 method=org.joml.Math.cosFromSinInternal(FF)F @ 32 c2
Event: 25.472 Thread 0x000002162d10bfa0 DEOPT PACKING pc=0x000002163f30f2f4 sp=0x00000064327ff370
Event: 25.473 Thread 0x000002162d10bfa0 DEOPT UNPACKING pc=0x000002163ec77da2 sp=0x00000064327fef88 mode 2
Event: 25.473 Thread 0x000002162d10bfa0 Uncommon trap: trap_request=0xffffff45 fr.pc=0x000002163f305540 relative=0x00000000000002c0
Event: 25.473 Thread 0x000002162d10bfa0 Uncommon trap: reason=unstable_if action=reinterpret pc=0x000002163f305540 method=org.joml.Math.cosFromSinInternal(FF)F @ 32 c2
Event: 25.473 Thread 0x000002162d10bfa0 DEOPT PACKING pc=0x000002163f305540 sp=0x00000064327ff140
Event: 25.473 Thread 0x000002162d10bfa0 DEOPT UNPACKING pc=0x000002163ec77da2 sp=0x00000064327fef70 mode 2
Event: 25.473 Thread 0x000002162d10bfa0 Uncommon trap: trap_request=0xffffff45 fr.pc=0x000002163f2fea9c relative=0x00000000000000bc
Event: 25.473 Thread 0x000002162d10bfa0 Uncommon trap: reason=unstable_if action=reinterpret pc=0x000002163f2fea9c method=org.joml.Math.cosFromSinInternal(FF)F @ 32 c2
Event: 25.473 Thread 0x000002162d10bfa0 DEOPT PACKING pc=0x000002163f2fea9c sp=0x00000064327ff070
Event: 25.473 Thread 0x000002162d10bfa0 DEOPT UNPACKING pc=0x000002163ec77da2 sp=0x00000064327fefe8 mode 2
Event: 49.106 Thread 0x000002162d10bfa0 Uncommon trap: trap_request=0xffffff45 fr.pc=0x000002163f307bd4 relative=0x0000000000000e54
Event: 49.106 Thread 0x000002162d10bfa0 Uncommon trap: reason=unstable_if action=reinterpret pc=0x000002163f307bd4 method=java.nio.Bits.tryReserveMemory(JJ)Z @ 30 c2
Event: 49.106 Thread 0x000002162d10bfa0 DEOPT PACKING pc=0x000002163f307bd4 sp=0x00000064327ff4b0
Event: 49.106 Thread 0x000002162d10bfa0 DEOPT UNPACKING pc=0x000002163ec77da2 sp=0x00000064327ff318 mode 2
Event: 117.837 Thread 0x000002162d10bfa0 Uncommon trap: trap_request=0xffffff45 fr.pc=0x000002163f33c874 relative=0x0000000000000474
Event: 117.837 Thread 0x000002162d10bfa0 Uncommon trap: reason=unstable_if action=reinterpret pc=0x000002163f33c874 method=imgui.glfw.ImGuiImplGlfw.updateMouseData()V @ 55 c2
Event: 117.837 Thread 0x000002162d10bfa0 DEOPT PACKING pc=0x000002163f33c874 sp=0x00000064327ff4e0
Event: 117.837 Thread 0x000002162d10bfa0 DEOPT UNPACKING pc=0x000002163ec77da2 sp=0x00000064327ff448 mode 2

Classes loaded (20 events):
Event: 140.200 Loading class jdk/internal/logger/AbstractLoggerWrapper
Event: 140.200 Loading class jdk/internal/logger/AbstractLoggerWrapper done
Event: 140.200 Loading class jdk/internal/logger/LazyLoggers$LazyLoggerWrapper done
Event: 140.200 Loading class jdk/internal/logger/LazyLoggers$JdkLazyLogger done
Event: 140.200 Loading class jdk/internal/logger/LazyLoggers$LazyLoggerAccessor
Event: 140.200 Loading class jdk/internal/logger/LazyLoggers$LoggerAccessor
Event: 140.200 Loading class jdk/internal/logger/LazyLoggers$LoggerAccessor done
Event: 140.200 Loading class jdk/internal/logger/LazyLoggers$LazyLoggerAccessor done
Event: 140.200 Loading class java/lang/System$Logger$Level
Event: 140.200 Loading class java/lang/System$Logger$Level done
Event: 140.200 Loading class jdk/internal/logger/SurrogateLogger
Event: 140.200 Loading class jdk/internal/logger/SimpleConsoleLogger
Event: 140.200 Loading class sun/util/logging/PlatformLogger$ConfigurableBridge$LoggerConfiguration
Event: 140.200 Loading class sun/util/logging/PlatformLogger$ConfigurableBridge$LoggerConfiguration done
Event: 140.200 Loading class jdk/internal/logger/SimpleConsoleLogger done
Event: 140.200 Loading class jdk/internal/logger/SurrogateLogger done
Event: 140.201 Loading class sun/util/logging/PlatformLogger
Event: 140.201 Loading class sun/util/logging/PlatformLogger done
Event: 140.201 Loading class sun/util/logging/PlatformLogger$Level
Event: 140.201 Loading class sun/util/logging/PlatformLogger$Level done

Classes unloaded (0 events):
No events

Classes redefined (0 events):
No events

Internal exceptions (20 events):
Event: 1.097 Thread 0x000002162d10bfa0 Exception <a 'java/lang/NoSuchMethodError'{0x00000007121dcb78}: 'java.lang.Object java.lang.invoke.DirectMethodHandle$Holder.newInvokeSpecial(java.lang.Object, java.lang.Object, java.lang.Object, java.lang.Object, java.lang.Object, java.lang.Object)'> (0x00000007121dcb78) 
thrown [s\open\src\hotspot\share\interpreter\linkResolver.cpp, line 773]
Event: 1.109 Thread 0x000002162d10bfa0 Exception <a 'java/lang/NoSuchMethodError'{0x0000000711e28e38}: 'int java.lang.invoke.DirectMethodHandle$Holder.invokeInterface(java.lang.Object, java.lang.Object)'> (0x0000000711e28e38) 
thrown [s\open\src\hotspot\share\interpreter\linkResolver.cpp, line 773]
Event: 1.110 Thread 0x000002162d10bfa0 Exception <a 'sun/nio/fs/WindowsException'{0x0000000711e2e990}> (0x0000000711e2e990) 
thrown [s\open\src\hotspot\share\prims\jni.cpp, line 520]
Event: 1.113 Thread 0x000002162d10bfa0 Exception <a 'sun/nio/fs/WindowsException'{0x0000000711e36568}> (0x0000000711e36568) 
thrown [s\open\src\hotspot\share\prims\jni.cpp, line 520]
Event: 1.139 Thread 0x000002162d10bfa0 Exception <a 'sun/nio/fs/WindowsException'{0x0000000711eead40}> (0x0000000711eead40) 
thrown [s\open\src\hotspot\share\prims\jni.cpp, line 520]
Event: 1.145 Thread 0x000002162d10bfa0 Exception <a 'sun/nio/fs/WindowsException'{0x0000000711f40bf8}> (0x0000000711f40bf8) 
thrown [s\open\src\hotspot\share\prims\jni.cpp, line 520]
Event: 1.176 Thread 0x000002162d10bfa0 Exception <a 'java/lang/NoSuchMethodError'{0x0000000711818740}: 'java.lang.Object java.lang.invoke.DirectMethodHandle$Holder.invokeSpecial(java.lang.Object, java.lang.Object, java.lang.Object, int, int)'> (0x0000000711818740) 
thrown [s\open\src\hotspot\share\interpreter\linkResolver.cpp, line 773]
Event: 1.177 Thread 0x000002162d10bfa0 Exception <a 'java/lang/NoSuchMethodError'{0x000000071181e820}: 'java.lang.Object java.lang.invoke.DirectMethodHandle$Holder.invokeVirtual(java.lang.Object, java.lang.Object, int)'> (0x000000071181e820) 
thrown [s\open\src\hotspot\share\interpreter\linkResolver.cpp, line 773]
Event: 1.209 Thread 0x000002162d10bfa0 Exception <a 'java/lang/NoSuchMethodError'{0x0000000711985c98}: 'java.lang.Object java.lang.invoke.DirectMethodHandle$Holder.invokeStatic(java.lang.Object, int, java.lang.Object)'> (0x0000000711985c98) 
thrown [s\open\src\hotspot\share\interpreter\linkResolver.cpp, line 773]
Event: 1.325 Thread 0x000002162d10bfa0 Exception <a 'java/lang/NoSuchMethodError'{0x0000000710e5e8e8}: 'java.lang.Object java.lang.invoke.DirectMethodHandle$Holder.invokeVirtual(java.lang.Object, java.lang.Object, java.lang.Object, int, int)'> (0x0000000710e5e8e8) 
thrown [s\open\src\hotspot\share\interpreter\linkResolver.cpp, line 773]
Event: 1.343 Thread 0x000002162d10bfa0 Exception <a 'java/lang/NoSuchMethodError'{0x0000000710fd0c70}: 'int java.lang.invoke.DirectMethodHandle$Holder.invokeStatic(java.lang.Object, java.lang.Object, java.lang.Object, java.lang.Object)'> (0x0000000710fd0c70) 
thrown [s\open\src\hotspot\share\interpreter\linkResolver.cpp, line 773]
Event: 7.706 Thread 0x000002162d10bfa0 Exception <a 'sun/nio/fs/WindowsException'{0x0000000713203ee0}> (0x0000000713203ee0) 
thrown [s\open\src\hotspot\share\prims\jni.cpp, line 520]
Event: 7.716 Thread 0x000002162d10bfa0 Exception <a 'sun/nio/fs/WindowsException'{0x000000071320fe90}> (0x000000071320fe90) 
thrown [s\open\src\hotspot\share\prims\jni.cpp, line 520]
Event: 7.716 Thread 0x000002162d10bfa0 Exception <a 'sun/nio/fs/WindowsException'{0x0000000713210208}> (0x0000000713210208) 
thrown [s\open\src\hotspot\share\prims\jni.cpp, line 520]
Event: 7.717 Thread 0x000002162d10bfa0 Exception <a 'sun/nio/fs/WindowsException'{0x0000000713211c28}> (0x0000000713211c28) 
thrown [s\open\src\hotspot\share\prims\jni.cpp, line 520]
Event: 7.719 Thread 0x000002162d10bfa0 Exception <a 'sun/nio/fs/WindowsException'{0x0000000713216b90}> (0x0000000713216b90) 
thrown [s\open\src\hotspot\share\prims\jni.cpp, line 520]
Event: 7.766 Thread 0x000002162d10bfa0 Exception <a 'sun/nio/fs/WindowsException'{0x000000071321f330}> (0x000000071321f330) 
thrown [s\open\src\hotspot\share\prims\jni.cpp, line 520]
Event: 7.766 Thread 0x000002162d10bfa0 Exception <a 'sun/nio/fs/WindowsException'{0x000000071321f6b0}> (0x000000071321f6b0) 
thrown [s\open\src\hotspot\share\prims\jni.cpp, line 520]
Event: 7.767 Thread 0x000002162d10bfa0 Exception <a 'sun/nio/fs/WindowsException'{0x00000007132210d8}> (0x00000007132210d8) 
thrown [s\open\src\hotspot\share\prims\jni.cpp, line 520]
Event: 140.199 Thread 0x00000216a2994920 Exception <a 'sun/nio/fs/WindowsException'{0x000000070570a108}> (0x000000070570a108) 
thrown [s\open\src\hotspot\share\prims\jni.cpp, line 520]

ZGC Phase Switch (0 events):
No events

VM Operations (20 events):
Event: 39.729 Executing VM operation: Cleanup done
Event: 45.794 Executing VM operation: Cleanup
Event: 45.794 Executing VM operation: Cleanup done
Event: 49.097 Executing VM operation: G1CollectForAllocation (G1 Evacuation Pause)
Event: 49.105 Executing VM operation: G1CollectForAllocation (G1 Evacuation Pause) done
Event: 60.221 Executing VM operation: HandshakeAllThreads (HandshakeForDeflation)
Event: 60.221 Executing VM operation: HandshakeAllThreads (HandshakeForDeflation) done
Event: 60.221 Executing VM operation: RendezvousGCThreads
Event: 60.221 Executing VM operation: RendezvousGCThreads done
Event: 74.431 Executing VM operation: G1CollectForAllocation (G1 Evacuation Pause)
Event: 74.437 Executing VM operation: G1CollectForAllocation (G1 Evacuation Pause) done
Event: 99.458 Executing VM operation: G1CollectForAllocation (G1 Evacuation Pause)
Event: 99.465 Executing VM operation: G1CollectForAllocation (G1 Evacuation Pause) done
Event: 120.450 Executing VM operation: HandshakeAllThreads (HandshakeForDeflation)
Event: 120.451 Executing VM operation: HandshakeAllThreads (HandshakeForDeflation) done
Event: 120.451 Executing VM operation: RendezvousGCThreads
Event: 120.451 Executing VM operation: RendezvousGCThreads done
Event: 125.216 Executing VM operation: G1CollectForAllocation (G1 Evacuation Pause)
Event: 125.223 Executing VM operation: G1CollectForAllocation (G1 Evacuation Pause) done
Event: 140.201 Executing VM operation: Exit

Events (20 events):
Event: 0.041 Thread 0x000002164e7fdfe0 Thread added: 0x000002164e7fdfe0
Event: 0.041 Thread 0x000002164e7feaa0 Thread added: 0x000002164e7feaa0
Event: 0.073 Thread 0x000002164e9d9be0 Thread added: 0x000002164e9d9be0
Event: 0.133 Thread 0x000002164ead5760 Thread added: 0x000002164ead5760
Event: 0.137 Thread 0x000002164eadb050 Thread added: 0x000002164eadb050
Event: 0.214 Thread 0x000002164ed1e310 Thread added: 0x000002164ed1e310
Event: 0.214 Thread 0x000002169414e770 Thread added: 0x000002169414e770
Event: 0.598 Thread 0x000002164eadb050 Thread exited: 0x000002164eadb050
Event: 0.598 Thread 0x000002164ead5760 Thread exited: 0x000002164ead5760
Event: 0.882 Thread 0x0000021694ee8880 Thread added: 0x0000021694ee8880
Event: 1.027 Thread 0x000002169525ac40 Thread added: 0x000002169525ac40
Event: 1.027 Thread 0x000002169525ce70 Thread added: 0x000002169525ce70
Event: 1.399 Thread 0x000002164eadda00 Thread added: 0x000002164eadda00
Event: 1.510 Thread 0x000002169525ce70 Thread exited: 0x000002169525ce70
Event: 1.639 Thread 0x000002169525ac40 Thread exited: 0x000002169525ac40
Event: 3.299 Thread 0x000002169525ac40 Thread added: 0x000002169525ac40
Event: 3.299 Thread 0x000002169525ce70 Thread added: 0x000002169525ce70
Event: 3.736 Thread 0x000002169525ce70 Thread exited: 0x000002169525ce70
Event: 4.021 Thread 0x000002169525ac40 Thread exited: 0x000002169525ac40
Event: 140.198 Thread 0x00000216a2994920 Thread added: 0x00000216a2994920


Dynamic libraries:
0x00007ff72a670000 - 0x00007ff72a67e000 	C:\Users\stas2\.jdks\openjdk-21.0.1\bin\java.exe
0x00007ffe675c0000 - 0x00007ffe67829000 	C:\WINDOWS\SYSTEM32\ntdll.dll
0x00007ffe660f0000 - 0x00007ffe661b9000 	C:\WINDOWS\System32\KERNEL32.DLL
0x00007ffe64ca0000 - 0x00007ffe65093000 	C:\WINDOWS\System32\KERNELBASE.dll
0x00007ffe64ac0000 - 0x00007ffe64c0b000 	C:\WINDOWS\System32\ucrtbase.dll
0x00007ffe4ebc0000 - 0x00007ffe4ebdb000 	C:\Users\stas2\.jdks\openjdk-21.0.1\bin\VCRUNTIME140.dll
0x00007ffe4eba0000 - 0x00007ffe4ebb8000 	C:\Users\stas2\.jdks\openjdk-21.0.1\bin\jli.dll
0x00007ffe65d40000 - 0x00007ffe65f04000 	C:\WINDOWS\System32\USER32.dll
0x00007ffe4bea0000 - 0x00007ffe4c133000 	C:\WINDOWS\WinSxS\amd64_microsoft.windows.common-controls_6595b64144ccf1df_6.0.26100.5074_none_3e0d6f78e32fd63f\COMCTL32.dll
0x00007ffe64880000 - 0x00007ffe648a7000 	C:\WINDOWS\System32\win32u.dll
0x00007ffe66870000 - 0x00007ffe6689b000 	C:\WINDOWS\System32\GDI32.dll
0x00007ffe66270000 - 0x00007ffe66319000 	C:\WINDOWS\System32\msvcrt.dll
0x00007ffe64750000 - 0x00007ffe6487d000 	C:\WINDOWS\System32\gdi32full.dll
0x00007ffe652e0000 - 0x00007ffe65383000 	C:\WINDOWS\System32\msvcp_win.dll
0x00007ffe666a0000 - 0x00007ffe666cf000 	C:\WINDOWS\System32\IMM32.DLL
0x00007ffe5e9c0000 - 0x00007ffe5e9cc000 	C:\Users\stas2\.jdks\openjdk-21.0.1\bin\vcruntime140_1.dll
0x00007ffdfc5c0000 - 0x00007ffdfc64e000 	C:\Users\stas2\.jdks\openjdk-21.0.1\bin\msvcp140.dll
0x00007ffda77b0000 - 0x00007ffda84c5000 	C:\Users\stas2\.jdks\openjdk-21.0.1\bin\server\jvm.dll
0x00007ffe674c0000 - 0x00007ffe67574000 	C:\WINDOWS\System32\ADVAPI32.dll
0x00007ffe661c0000 - 0x00007ffe66266000 	C:\WINDOWS\System32\sechost.dll
0x00007ffe65fd0000 - 0x00007ffe660e8000 	C:\WINDOWS\System32\RPCRT4.dll
0x00007ffe67360000 - 0x00007ffe673d4000 	C:\WINDOWS\System32\WS2_32.dll
0x00007ffe63360000 - 0x00007ffe633be000 	C:\WINDOWS\SYSTEM32\POWRPROF.dll
0x00007ffe523a0000 - 0x00007ffe523d5000 	C:\WINDOWS\SYSTEM32\WINMM.dll
0x00007ffe5b280000 - 0x00007ffe5b28b000 	C:\WINDOWS\SYSTEM32\VERSION.dll
0x00007ffe63340000 - 0x00007ffe63354000 	C:\WINDOWS\SYSTEM32\UMPDC.dll
0x00007ffe63620000 - 0x00007ffe6363b000 	C:\WINDOWS\SYSTEM32\kernel.appcore.dll
0x00007ffe5df10000 - 0x00007ffe5df1a000 	C:\Users\stas2\.jdks\openjdk-21.0.1\bin\jimage.dll
0x00007ffe61ef0000 - 0x00007ffe62132000 	C:\WINDOWS\SYSTEM32\DBGHELP.DLL
0x00007ffe66320000 - 0x00007ffe6669b000 	C:\WINDOWS\System32\combase.dll
0x00007ffe673e0000 - 0x00007ffe674b7000 	C:\WINDOWS\System32\OLEAUT32.dll
0x00007ffe48660000 - 0x00007ffe4869d000 	C:\WINDOWS\SYSTEM32\dbgcore.DLL
0x00007ffe64a20000 - 0x00007ffe64ab9000 	C:\WINDOWS\System32\bcryptPrimitives.dll
0x00007ffe4f500000 - 0x00007ffe4f50f000 	C:\Users\stas2\.jdks\openjdk-21.0.1\bin\instrument.dll
0x00007ffe4eb70000 - 0x00007ffe4eb8f000 	C:\Users\stas2\.jdks\openjdk-21.0.1\bin\java.dll
0x00007ffe669b0000 - 0x00007ffe670fd000 	C:\WINDOWS\System32\SHELL32.dll
0x00007ffe648b0000 - 0x00007ffe64a1c000 	C:\WINDOWS\System32\wintypes.dll
0x00007ffe623b0000 - 0x00007ffe62c09000 	C:\WINDOWS\SYSTEM32\windows.storage.dll
0x00007ffe668a0000 - 0x00007ffe66990000 	C:\WINDOWS\System32\SHCORE.dll
0x00007ffe65f60000 - 0x00007ffe65fc2000 	C:\WINDOWS\System32\shlwapi.dll
0x00007ffe64670000 - 0x00007ffe64699000 	C:\WINDOWS\SYSTEM32\profapi.dll
0x00007ffdf3dd0000 - 0x00007ffdf3ea7000 	C:\Users\stas2\.jdks\openjdk-21.0.1\bin\jsvml.dll
0x00007ffe4f4b0000 - 0x00007ffe4f4c0000 	C:\Users\stas2\.jdks\openjdk-21.0.1\bin\net.dll
0x00007ffe5b130000 - 0x00007ffe5b24f000 	C:\WINDOWS\SYSTEM32\WINHTTP.dll
0x00007ffe63bd0000 - 0x00007ffe63c3b000 	C:\WINDOWS\system32\mswsock.dll
0x00007ffe4eb50000 - 0x00007ffe4eb66000 	C:\Users\stas2\.jdks\openjdk-21.0.1\bin\nio.dll
0x00007ffe4eb00000 - 0x00007ffe4eb18000 	C:\Users\stas2\.jdks\openjdk-21.0.1\bin\zip.dll
0x00007ffe4c6b0000 - 0x00007ffe4c6ca000 	C:\IntelliJ IDEA Community Edition 2021.3.2\IntelliJ IDEA Community Edition 2023.2.1\bin\breakgen64.dll
0x00007ffdfc540000 - 0x00007ffdfc5bb000 	C:\Users\stas2\AppData\Local\Temp\lwjgl_stas2\3.3.4+7\x64\lwjgl.dll
0x00007ffdf3d40000 - 0x00007ffdf3dc5000 	C:\Users\stas2\AppData\Local\Temp\lwjgl_stas2\3.3.4+7\x64\glfw.dll
0x00007ffddc290000 - 0x00007ffddc2db000 	C:\WINDOWS\SYSTEM32\dinput8.dll
0x00007ffe5ea60000 - 0x00007ffe5ea72000 	C:\WINDOWS\SYSTEM32\xinput1_4.dll
0x00007ffe643d0000 - 0x00007ffe643fd000 	C:\WINDOWS\SYSTEM32\DEVOBJ.dll
0x00007ffe64400000 - 0x00007ffe64457000 	C:\WINDOWS\SYSTEM32\cfgmgr32.dll
0x00007ffe5f0a0000 - 0x00007ffe5f0cb000 	C:\WINDOWS\SYSTEM32\dwmapi.dll
0x00007ffe4f620000 - 0x00007ffe4f7fa000 	C:\WINDOWS\SYSTEM32\inputhost.dll
0x00007ffe5e710000 - 0x00007ffe5e835000 	C:\WINDOWS\SYSTEM32\CoreMessaging.dll
0x00007ffe5ec90000 - 0x00007ffe5ed38000 	C:\WINDOWS\system32\uxtheme.dll
0x00007ffe63e90000 - 0x00007ffe63e9c000 	C:\WINDOWS\SYSTEM32\CRYPTBASE.DLL
0x00007ffe659b0000 - 0x00007ffe65b08000 	C:\WINDOWS\System32\MSCTF.dll
0x00007ffe1b0f0000 - 0x00007ffe1b1fc000 	C:\WINDOWS\SYSTEM32\opengl32.dll
0x00007ffe1bfe0000 - 0x00007ffe1c00d000 	C:\WINDOWS\SYSTEM32\GLU32.dll
0x00007ffe616e0000 - 0x00007ffe61724000 	C:\WINDOWS\SYSTEM32\dxcore.dll
0x00007ffe5b0c0000 - 0x00007ffe5b120000 	C:\WINDOWS\SYSTEM32\directxdatabasehelper.dll
0x00007ffe4fc50000 - 0x00007ffe4fc6a000 	C:\WINDOWS\SYSTEM32\windows.staterepositorycore.dll
0x00007ffdb5390000 - 0x00007ffdb6383000 	C:\WINDOWS\System32\DriverStore\FileRepository\iigd_dch.inf_amd64_5802b1615520e41c\igxelpicd64.dll
0x00007ffe65ba0000 - 0x00007ffe65d38000 	C:\WINDOWS\System32\ole32.dll
0x00007ffe5ef40000 - 0x00007ffe5f07a000 	C:\WINDOWS\system32\dxgi.dll
0x00007ffdb50a0000 - 0x00007ffdb5387000 	C:\WINDOWS\System32\DriverStore\FileRepository\iigd_dch.inf_amd64_5802b1615520e41c\igdml64.dll
0x00007ffe57970000 - 0x00007ffe57d37000 	C:\WINDOWS\System32\DriverStore\FileRepository\iigd_dch.inf_amd64_5802b1615520e41c\igdgmm64.dll
0x00007ffe542e0000 - 0x00007ffe578f1000 	C:\WINDOWS\System32\DriverStore\FileRepository\iigd_dch.inf_amd64_5802b1615520e41c\igc64.dll
0x00007ffe50410000 - 0x00007ffe50559000 	C:\WINDOWS\SYSTEM32\textinputframework.dll
0x00007ffe5a3d0000 - 0x00007ffe5a6b3000 	C:\WINDOWS\SYSTEM32\CoreUIComponents.dll
0x00007ffdf3cd0000 - 0x00007ffdf3d31000 	C:\Users\stas2\AppData\Local\Temp\lwjgl_stas2\3.3.4+7\x64\lwjgl_opengl.dll
0x00007ffd77b30000 - 0x00007ffd78324000 	C:\Users\stas2\AppData\Local\Temp\imgui-java-natives\1.89.0\imgui-java64.dll
0x00007ffe4eaf0000 - 0x00007ffe4eb00000 	C:\Users\stas2\.jdks\openjdk-21.0.1\bin\verify.dll
0x00007ffdf3c30000 - 0x00007ffdf3cd0000 	C:\Users\stas2\AppData\Local\Temp\lwjgl_stas2\3.3.4+7\x64\lwjgl_stb.dll
0x00007ffdd50e0000 - 0x00007ffdd5208000 	C:\Users\stas2\AppData\Local\Temp\lwjgl_stas2\3.3.4+7\x64\draco.dll
0x00007ffd91210000 - 0x00007ffd918cb000 	C:\Users\stas2\AppData\Local\Temp\lwjgl_stas2\3.3.4+7\x64\assimp.dll

dbghelp: loaded successfully - version: 4.0.5 - missing functions: none
symbol engine: initialized successfully - sym options: 0x614 - pdb path: .;C:\Users\stas2\.jdks\openjdk-21.0.1\bin;C:\WINDOWS\SYSTEM32;C:\WINDOWS\WinSxS\amd64_microsoft.windows.common-controls_6595b64144ccf1df_6.0.26100.5074_none_3e0d6f78e32fd63f;C:\Users\stas2\.jdks\openjdk-21.0.1\bin\server;C:\IntelliJ IDEA Community Edition 2021.3.2\IntelliJ IDEA Community Edition 2023.2.1\bin;C:\Users\stas2\AppData\Local\Temp\lwjgl_stas2\3.3.4+7\x64;C:\WINDOWS\System32\DriverStore\FileRepository\iigd_dch.inf_amd64_5802b1615520e41c;C:\Users\stas2\AppData\Local\Temp\imgui-java-natives\1.89.0

VM Arguments:
jvm_args: -javaagent:C:\IntelliJ IDEA Community Edition 2021.3.2\IntelliJ IDEA Community Edition 2023.2.1\lib\idea_rt.jar=59331:C:\IntelliJ IDEA Community Edition 2021.3.2\IntelliJ IDEA Community Edition 2023.2.1\bin -Dfile.encoding=windows-1252 -Dsun.stdout.encoding=windows-1252 -Dsun.stderr.encoding=windows-1252 --module-path=C:\Users\stas2\.m2\repository\org\lwjgl\lwjgl-opengl\3.3.4\lwjgl-opengl-3.3.4.jar;C:\Users\stas2\.m2\repository\com\fasterxml\jackson\core\jackson-annotations\2.17.2\jackson-annotations-2.17.2.jar;O:\GIt\MultiplayerShooter\target\classes;C:\Users\stas2\.m2\repository\org\lwjgl\lwjgl-glfw\3.3.4\lwjgl-glfw-3.3.4.jar;C:\Users\stas2\.m2\repository\org\lwjgl\lwjgl-vulkan\3.3.4\lwjgl-vulkan-3.3.4.jar;C:\Users\stas2\.m2\repository\org\lwjgl\lwjgl-stb\3.3.4\lwjgl-stb-3.3.4.jar;C:\Users\stas2\.m2\repository\io\github\spair\imgui-java-binding\1.89.0\imgui-java-binding-1.89.0.jar;C:\Users\stas2\.m2\repository\com\fasterxml\jackson\core\jackson-databind\2.17.2\jackson-databind-2.17.2.jar;C:\Users\stas2\.m2\repository\org\joml\joml-primitives\1.10.0\joml-primitives-1.10.0.jar;C:\Users\stas2\.m2\repository\org\joml\joml\1.10.7\joml-1.10.7.jar;C:\Users\stas2\.m2\repository\io\github\spair\imgui-java-lwjgl3\1.89.0\imgui-java-lwjgl3-1.89.0.jar;C:\Users\stas2\.m2\repository\org\lwjgl\lwjgl-assimp\3.3.4\lwjgl-assimp-3.3.4.jar;C:\Users\stas2\.m2\repository\com\fasterxml\jackson\core\jackson-core\2.17.2\jackson-core-2.17.2.jar;C:\Users\stas2\.m2\repository\org\lwjgl\lwjgl\3.3.4\lwjgl-3.3.4.jar -Djdk.module.main=com.bedrye.bjge 
java_command: com.bedrye.bjge/com.bedrye.bjge.TestMain
java_class_path (initial): C:\Users\stas2\.m2\repository\io\github\spair\imgui-java-natives-windows\1.89.0\imgui-java-natives-windows-1.89.0.jar;C:\Users\stas2\.m2\repository\org\junit\jupiter\junit-jupiter-api\5.9.2\junit-jupiter-api-5.9.2.jar;C:\Users\stas2\.m2\repository\org\opentest4j\opentest4j\1.2.0\opentest4j-1.2.0.jar;C:\Users\stas2\.m2\repository\org\junit\platform\junit-platform-commons\1.9.2\junit-platform-commons-1.9.2.jar;C:\Users\stas2\.m2\repository\org\apiguardian\apiguardian-api\1.1.2\apiguardian-api-1.1.2.jar;C:\Users\stas2\.m2\repository\org\junit\jupiter\junit-jupiter-engine\5.9.2\junit-jupiter-engine-5.9.2.jar;C:\Users\stas2\.m2\repository\org\junit\platform\junit-platform-engine\1.9.2\junit-platform-engine-1.9.2.jar;C:\Users\stas2\.m2\repository\org\lwjgl\lwjgl-bgfx\3.3.4\lwjgl-bgfx-3.3.4.jar;C:\Users\stas2\.m2\repository\org\lwjgl\lwjgl-nanovg\3.3.4\lwjgl-nanovg-3.3.4.jar;C:\Users\stas2\.m2\repository\org\lwjgl\lwjgl-nuklear\3.3.4\lwjgl-nuklear-3.3.4.jar;C:\Users\stas2\.m2\repository\org\lwjgl\lwjgl-openal\3.3.4\lwjgl-openal-3.3.4.jar;C:\Users\stas2\.m2\repository\org\lwjgl\lwjgl-par\3.3.4\lwjgl-par-3.3.4.jar;C:\Users\stas2\.m2\repository\org\lwjgl\lwjgl\3.3.4\lwjgl-3.3.4-natives-windows.jar;C:\Users\stas2\.m2\repository\org\lwjgl\lwjgl-assimp\3.3.4\lwjgl-assimp-3.3.4-natives-windows.jar;C:\Users\stas2\.m2\repository\org\lwjgl\lwjgl-bgfx\3.3.4\lwjgl-bgfx-3.3.4-natives-windows.jar;C:\Users\stas2\.m2\repository\org\lwjgl\lwjgl-glfw\3.3.4\lwjgl-glfw-3.3.4-natives-windows.jar;C:\Users\stas2\.m2\repository\org\lwjgl\lwjgl-nanovg\3.3.4\lwjgl-nanovg-3.3.4-natives-windows.jar;C:\Users\stas2\.m2\repository\org\lwjgl\lwjgl-nuklear\3.3.4\lwjgl-nuklear-3.3.4-natives-windows.jar;C:\Users\stas2\.m2\repository\org\lwjgl\lwjgl-openal\3.3.4\lwjgl-openal-3.3.4-natives-windows.jar;C:\Users\stas2\.m2\repository\org\lwjgl\lwjgl-opengl\3.3.4\lwjgl-opengl-3.3.4-natives-windows.jar;C:\Users\stas2\.m2\repository\org\lwjgl\lwjgl-par\3.3.4\lwjgl-par-3.3.4-natives-windows.jar;C:\Users\stas2\.m2\repository\org\lwjgl\lwjgl-stb\3.3.4\lwjgl-stb-3.3.4-natives-windows.jar
Launcher Type: SUN_STANDARD

[Global flags]
     intx CICompilerCount                          = 4                                         {product} {ergonomic}
     uint ConcGCThreads                            = 3                                         {product} {ergonomic}
     uint G1ConcRefinementThreads                  = 10                                        {product} {ergonomic}
   size_t G1HeapRegionSize                         = 2097152                                   {product} {ergonomic}
    uintx GCDrainStackTargetSize                   = 64                                        {product} {ergonomic}
   size_t InitialHeapSize                          = 266338304                                 {product} {ergonomic}
   size_t MarkStackSize                            = 4194304                                   {product} {ergonomic}
   size_t MaxHeapSize                              = 4238344192                                {product} {ergonomic}
   size_t MaxNewSize                               = 2541748224                                {product} {ergonomic}
   size_t MinHeapDeltaBytes                        = 2097152                                   {product} {ergonomic}
   size_t MinHeapSize                              = 8388608                                   {product} {ergonomic}
    uintx NonNMethodCodeHeapSize                   = 5839372                                {pd product} {ergonomic}
    uintx NonProfiledCodeHeapSize                  = 122909434                              {pd product} {ergonomic}
    uintx ProfiledCodeHeapSize                     = 122909434                              {pd product} {ergonomic}
    uintx ReservedCodeCacheSize                    = 251658240                              {pd product} {ergonomic}
     bool SegmentedCodeCache                       = true                                      {product} {ergonomic}
   size_t SoftMaxHeapSize                          = 4238344192                             {manageable} {ergonomic}
     bool UseCompressedOops                        = true                           {product lp64_product} {ergonomic}
     bool UseG1GC                                  = true                                      {product} {ergonomic}
     bool UseLargePagesIndividualAllocation        = false                                  {pd product} {ergonomic}

Logging:
Log output configuration:
 #0: stdout all=off uptime,level,tags foldmultilines=false
 #1: stderr all=off uptime,level,tags foldmultilines=false

Environment Variables:
JAVA_HOME=C:\Program Files\Java\jdk-21
PATH=C:\Program Files\PlasticSCM5\server;C:\Program Files\PlasticSCM5\client;C:\Program Files\NVIDIA GPU Computing Toolkit\CUDA\v12.6\bin;C:\Program Files\NVIDIA GPU Computing Toolkit\CUDA\v12.6\libnvvp;C:\Program Files\Common Files\Oracle\Java\javapath;C:\Windows\system32;C:\Windows;C:\Program Files\Java\jdk-11.0.2\bin;C:\Windows\System32\Wbem;C:\ORacleDatabase\dbhomeXE\bin;C:\Windows\System32\WindowsPowerShell\v1.0\;C:\Windows\System32\OpenSSH\;C:\Program Files (x86)\NVIDIA Corporation\PhysX\Common;C:\Program Files\NVIDIA Corporation\NVIDIA NvDLISR;C:\Program Files\Git LFS;C:\Program Files\Git\cmd;C:\Program Files (x86)\Windows Kits\10\Windows Performance Toolkit\;C:\Program Files (x86)\Steam\steamapps\common\Counter-Strike Global Offensive\game\bin\win64;C:\Users\stas2\AppData\Local\Programs\Python\Python311;C:\Program Files\dotnet\;C:\Program Files\Microsoft SQL Server\150\Tools\Binn\;C:\Program Files\Microsoft SQL Server\Client SDK\ODBC\170\Tools\Binn\;C:\Program Files\NVIDIA Corporation\Nsight Compute 2024.3.2\;C:\Program Files (x86)\Microsoft SQL Server\160\Tools\Binn\;C:\Program Files\Microsoft SQL Server\160\Tools\Binn\;C:\Program Files\Microsoft SQL Server\160\DTS\Binn\;C:\Program Files (x86)\Microsoft SQL Server\160\DTS\Binn\;C:\WINDOWS\system32;C:\WINDOWS;C:\WINDOWS\System32\Wbem;C:\WINDOWS\System32\WindowsPowerShell\v1.0\;C:\WINDOWS\System32\OpenSSH\;C:\Program Files\Docker\Docker\resources\bin;O:\npdejs\;C:\Users\stas2\AppData\Local\Programs\Python\Python312\Scripts;C:\Users\stas2\AppData\Local\Microsoft\WindowsApps;C:\Users\stas2\AppData\Local\Programs\Microsoft VS Code\bin;C:\Users\stas2\AppData\Local\GitHubDesktop\bin;C:\Users\stas2\AppData\Local\Programs\Python\Python311;C:\Program Files (x86)\Steam\steamapps\common\Counter-Strike Global Offensive\game\bin\win64;C:\Users\stas2\.dotnet\tools;C:\Users\stas2\AppData\Local\Muse Hub\lib;C:\Users\stas2\AppData\Roaming\npm;C:\Users\stas2\AppData\Local\Programs\Python\Python312\Scripts;
USERNAME=stas2
OS=Windows_NT
PROCESSOR_IDENTIFIER=Intel64 Family 6 Model 141 Stepping 1, GenuineIntel
TMP=C:\Users\stas2\AppData\Local\Temp
TEMP=C:\Users\stas2\AppData\Local\Temp




Periodic native trim disabled

---------------  S Y S T E M  ---------------

OS:
 Windows 11 , 64 bit Build 26100 (10.0.26100.5074)
OS uptime: 3 days 0:40 hours
Hyper-V role detected

CPU: total 12 (initial active 12) (6 cores per cpu, 2 threads per core) family 6 model 141 stepping 1 microcode 0x3c, cx8, cmov, fxsr, ht, mmx, 3dnowpref, sse, sse2, sse3, ssse3, sse4.1, sse4.2, popcnt, lzcnt, tsc, tscinvbit, avx, avx2, aes, erms, clmul, bmi1, bmi2, adx, avx512f, avx512dq, avx512cd, avx512bw, avx512vl, sha, fma, vzeroupper, avx512_vpopcntdq, avx512_vpclmulqdq, avx512_vaes, avx512_vnni, clflush, clflushopt, clwb, avx512_vbmi2, avx512_vbmi, hv, rdtscp, rdpid, fsrm, gfni, avx512_bitalg, f16c, cet_ibt, cet_ss, avx512_ifma
Processor Information for all 12 processors :
  Max Mhz: 2688, Current Mhz: 2688, Mhz Limit: 2688

Memory: 4k page, system-wide physical 16163M (1760M free)
TotalPageFile size 48445M (AvailPageFile size 5748M)
current process WorkingSet (physical memory assigned to process): 302M, peak: 312M
current process commit charge ("private bytes"): 252M, peak: 477M

vm_info: OpenJDK 64-Bit Server VM (21.0.1+12-29) for windows-amd64 JRE (21.0.1+12-29), built on 2023-10-05T13:27:09Z by "mach5one" with MS VC++ 17.1 (VS2022)

END.
