#
# A fatal error has been detected by the Java Runtime Environment:
#
#  EXCEPTION_ACCESS_VIOLATION (0xc0000005) at pc=0x00007ffa47cc64fa, pid=6592, tid=26292
#
# JRE version: OpenJDK Runtime Environment (21.0.1+12) (build 21.0.1+12-29)
# Java VM: OpenJDK 64-Bit Server VM (21.0.1+12-29, mixed mode, sharing, tiered, compressed oops, compressed class ptrs, g1 gc, windows-amd64)
# Problematic frame:
# C  [igxelpicd64.dll+0x164fa]
#
# No core dump will be written. Minidumps are not enabled by default on client versions of Windows
#
# If you would like to submit a bug report, please visit:
#   https://bugreport.java.com/bugreport/crash.jsp
# The crash happened outside the Java Virtual Machine in native code.
# See problematic frame for where to report the bug.
#

---------------  S U M M A R Y ------------

Command Line: -javaagent:C:\IntelliJ IDEA Community Edition 2021.3.2\IntelliJ IDEA Community Edition 2023.2.1\lib\idea_rt.jar=64862:C:\IntelliJ IDEA Community Edition 2021.3.2\IntelliJ IDEA Community Edition 2023.2.1\bin -Dfile.encoding=windows-1252 -Dsun.stdout.encoding=windows-1252 -Dsun.stderr.encoding=windows-1252 --module-path=C:\Users\stas2\.m2\repository\com\fasterxml\jackson\core\jackson-databind\2.17.2\jackson-databind-2.17.2.jar;C:\Users\stas2\.m2\repository\org\joml\joml-primitives\1.10.0\joml-primitives-1.10.0.jar;C:\Users\stas2\.m2\repository\io\github\spair\imgui-java-binding\1.89.0\imgui-java-binding-1.89.0.jar;C:\Users\stas2\.m2\repository\org\lwjgl\lwjgl-stb\3.3.4\lwjgl-stb-3.3.4.jar;C:\Users\stas2\.m2\repository\io\github\spair\imgui-java-lwjgl3\1.89.0\imgui-java-lwjgl3-1.89.0.jar;C:\Users\stas2\.m2\repository\com\fasterxml\jackson\core\jackson-core\2.17.2\jackson-core-2.17.2.jar;C:\Users\stas2\.m2\repository\org\lwjgl\lwjgl\3.3.4\lwjgl-3.3.4.jar;O:\GIt\MultiplayerShooter\target\classes;C:\Users\stas2\.m2\repository\org\lwjgl\lwjgl-vulkan\3.3.4\lwjgl-vulkan-3.3.4.jar;C:\Users\stas2\.m2\repository\org\lwjgl\lwjgl-glfw\3.3.4\lwjgl-glfw-3.3.4.jar;C:\Users\stas2\.m2\repository\org\lwjgl\lwjgl-opengl\3.3.4\lwjgl-opengl-3.3.4.jar;C:\Users\stas2\.m2\repository\org\joml\joml\1.10.7\joml-1.10.7.jar;C:\Users\stas2\.m2\repository\com\fasterxml\jackson\core\jackson-annotations\2.17.2\jackson-annotations-2.17.2.jar;C:\Users\stas2\.m2\repository\org\lwjgl\lwjgl-assimp\3.3.4\lwjgl-assimp-3.3.4.jar -Djdk.module.main=com.bedrye.bjge com.bedrye.bjge/com.bedrye.bjge.TestMain

Host: 11th Gen Intel(R) Core(TM) i5-11400H @ 2.70GHz, 12 cores, 15G,  Windows 11 , 64 bit Build 26100 (10.0.26100.6725)
Time: Fri Oct 17 00:22:58 2025 FLE Summer Time elapsed time: 5.353985 seconds (0d 0h 0m 5s)

---------------  T H R E A D  ---------------

Current thread (0x0000028eabb2ab40):  JavaThread "main"             [_thread_in_native, id=26292, stack(0x000000f407400000,0x000000f407500000) (1024K)]

Stack: [0x000000f407400000,0x000000f407500000],  sp=0x000000f4074fde50,  free space=1015k
Native frames: (J=compiled Java code, j=interpreted, Vv=VM code, C=native code)
C  [igxelpicd64.dll+0x164fa]

Java frames: (J=compiled Java code, j=interpreted, Vv=VM code)
j  org.lwjgl.opengl.GL11C.nglTexImage2D(IIIIIIIIJ)V+0 org.lwjgl.opengl@3.3.4+7
j  org.lwjgl.opengl.GL11C.glTexImage2D(IIIIIIIILjava/nio/ByteBuffer;)V+17 org.lwjgl.opengl@3.3.4+7
j  org.lwjgl.opengl.GL11.glTexImage2D(IIIIIIIILjava/nio/ByteBuffer;)V+14 org.lwjgl.opengl@3.3.4+7
j  com.bedrye.bjge.GameEngine.Util.BJETexture.initialize()V+138 com.bedrye.bjge@1.0-SNAPSHOT
j  com.bedrye.bjge.GameEngine.Util.BJETexture.<init>(Ljava/lang/String;Ljava/lang/String;)V+62 com.bedrye.bjge@1.0-SNAPSHOT
j  com.bedrye.bjge.GameEngine.Objects.Editor.BJEResourceManager.loadResource(Ljava/nio/file/Path;)V+288 com.bedrye.bjge@1.0-SNAPSHOT
j  com.bedrye.bjge.GameEngine.Objects.Editor.BJEResourceManager$$Lambda+0x0000028ecf0ce248.accept(Ljava/lang/Object;)V+8 com.bedrye.bjge@1.0-SNAPSHOT
j  java.util.stream.ForEachOps$ForEachOp$OfRef.accept(Ljava/lang/Object;)V+5 java.base@21.0.1
J 456 c2 java.util.stream.ReferencePipeline$2$1.accept(Ljava/lang/Object;)V java.base@21.0.1 (27 bytes) @ 0x0000028ebdde142c [0x0000028ebdde13a0+0x000000000000008c]
J 458 c2 java.util.stream.ReferencePipeline$3$1.accept(Ljava/lang/Object;)V java.base@21.0.1 (23 bytes) @ 0x0000028ebdde2020 [0x0000028ebdde1fa0+0x0000000000000080]
j  java.util.Iterator.forEachRemaining(Ljava/util/function/Consumer;)V+21 java.base@21.0.1
j  java.util.Spliterators$IteratorSpliterator.forEachRemaining(Ljava/util/function/Consumer;)V+52 java.base@21.0.1
J 2810 c2 java.util.stream.AbstractPipeline.wrapAndCopyInto(Ljava/util/stream/Sink;Ljava/util/Spliterator;)Ljava/util/stream/Sink; java.base@21.0.1 (18 bytes) @ 0x0000028ebdebbe2c [0x0000028ebdebbb00+0x000000000000032c]
j  java.util.stream.ForEachOps$ForEachOp.evaluateSequential(Ljava/util/stream/PipelineHelper;Ljava/util/Spliterator;)Ljava/lang/Void;+3 java.base@21.0.1
j  java.util.stream.ForEachOps$ForEachOp$OfRef.evaluateSequential(Ljava/util/stream/PipelineHelper;Ljava/util/Spliterator;)Ljava/lang/Object;+3 java.base@21.0.1
J 2800 c2 java.util.stream.AbstractPipeline.evaluate(Ljava/util/stream/TerminalOp;)Ljava/lang/Object; java.base@21.0.1 (94 bytes) @ 0x0000028ebdeb85c8 [0x0000028ebdeb84c0+0x0000000000000108]
j  java.util.stream.ReferencePipeline.forEach(Ljava/util/function/Consumer;)V+6 java.base@21.0.1
j  com.bedrye.bjge.GameEngine.Objects.Editor.BJEResourceManager.loadAllResources()V+27 com.bedrye.bjge@1.0-SNAPSHOT
j  com.bedrye.bjge.GameEngine.Objects.Editor.BJEResourceManager.init()V+1 com.bedrye.bjge@1.0-SNAPSHOT
j  com.bedrye.bjge.GameEngine.EngineManager.setWorkSpace(Ljava/lang/String;Ljava/lang/String;)V+52 com.bedrye.bjge@1.0-SNAPSHOT
j  com.bedrye.bjge.GameEngine.EngineManager.loadWorkSpace()V+68 com.bedrye.bjge@1.0-SNAPSHOT
j  com.bedrye.bjge.GameEngine.Objects.Editor.UI.BJEEditorViewport.update()V+160 com.bedrye.bjge@1.0-SNAPSHOT
j  com.bedrye.bjge.GameEngine.Objects.BJEEditorScene.updateUILayer()V+18 com.bedrye.bjge@1.0-SNAPSHOT
j  com.bedrye.bjge.GameEngine.EngineManager.update()V+56 com.bedrye.bjge@1.0-SNAPSHOT
j  com.bedrye.bjge.GameEngine.EngineManager.run()V+5 com.bedrye.bjge@1.0-SNAPSHOT
j  com.bedrye.bjge.TestMain.main([Ljava/lang/String;)V+3 com.bedrye.bjge@1.0-SNAPSHOT
v  ~StubRoutines::call_stub 0x0000028ebd8210e7

siginfo: EXCEPTION_ACCESS_VIOLATION (0xc0000005), reading address 0x0000028f20ad8000


Registers:
RAX=0x0000000000001820, RBX=0x0000028f1f1e0000, RCX=0x0000000000001821, RDX=0x0000028f20ad7fb0
RSP=0x000000f4074fde50, RBP=0x000000f4074fdf80, RSI=0x0000000000000000, RDI=0x0000028f1f2a1000
R8 =0x0000000000100000, R9 =0x0000000000002000, R10=0x0000000000000000, R11=0x000000f4074fded0
R12=0x0000000000000000, R13=0x0000000000000001, R14=0x000000f4074fe060, R15=0x0000000000000000
RIP=0x00007ffa47cc64fa, EFLAGS=0x0000000000010207


Register to memory mapping:

RAX=0x0000000000001820 is an unknown value
RBX=0x0000028f1f1e0000 points into unknown readable memory: 0xafa8bbb1aac3bab3 | b3 ba c3 aa b1 bb a8 af
RCX=0x0000000000001821 is an unknown value
RDX=0x0000028f20ad7fb0 points into unknown readable memory: 0x0000028f209b05e0 | e0 05 9b 20 8f 02 00 00
RSP=0x000000f4074fde50 is pointing into the stack for thread: 0x0000028eabb2ab40
RBP=0x000000f4074fdf80 is pointing into the stack for thread: 0x0000028eabb2ab40
RSI=0x0 is null
RDI=0x0000028f1f2a1000 points into unknown readable memory: 0x003a3a3a953a3a3a | 3a 3a 3a 95 3a 3a 3a 00
R8 =0x0000000000100000 is an unknown value
R9 =0x0000000000002000 is an unknown value
R10=0x0 is null
R11=0x000000f4074fded0 is pointing into the stack for thread: 0x0000028eabb2ab40
R12=0x0 is null
R13=0x0000000000000001 is an unknown value
R14=0x000000f4074fe060 is pointing into the stack for thread: 0x0000028eabb2ab40
R15=0x0 is null

Top of Stack: (sp=0x000000f4074fde50)
0x000000f4074fde50:   0000000000000000 0000000000000000
0x000000f4074fde60:   0000000000000000 0000000000000000
0x000000f4074fde70:   0000028f20a16fb0 00007ffa47dc5ff4
0x000000f4074fde80:   0000028f20a16fb0 000000f4074fdf80
0x000000f4074fde90:   0000000000000000 0000000000000000
0x000000f4074fdea0:   0000028f1f1e0049 0000000000000001
0x000000f4074fdeb0:   0000028f20a16fb0 0000000000000000
0x000000f4074fdec0:   0000028f1457b4a0 0000028f13929b10
0x000000f4074fded0:   00007ffa4879b788 0000028f138f4fc0
0x000000f4074fdee0:   0000020000000200 0000004900000000
0x000000f4074fdef0:   0000080000000004 0000028f20a16fb0
0x000000f4074fdf00:   0000000400000049 0000028f00000800
0x000000f4074fdf10:   0000028f1f1e0000 0000028f1379dcd0
0x000000f4074fdf20:   ffffffff00000000 0000028f1f1e0000
0x000000f4074fdf30:   0000000000000000 0000028f135a3a30
0x000000f4074fdf40:   0000000000000035 0000000000000200
0x000000f4074fdf50:   0000000000000200 0000000000000001
0x000000f4074fdf60:   0000000000000000 00007ffa48bc73f0
0x000000f4074fdf70:   0000000000000000 0000000000000000
0x000000f4074fdf80:   0000000000000000 000000f4074fe020
0x000000f4074fdf90:   00007ae8088bdab1 00007ffa47dc6b19
0x000000f4074fdfa0:   0000000000000000 0000000000000001
0x000000f4074fdfb0:   0000000000000000 0000000000000000
0x000000f4074fdfc0:   000000f4074fe230 0000028f1457b4a0
0x000000f4074fdfd0:   000000f4074fe0e0 00007ffa47dc8a7e
0x000000f4074fdfe0:   0000000000000800 000000f4074fe0e0
0x000000f4074fdff0:   0000000000000000 000000f4074fe230
0x000000f4074fe000:   00007ffa48bc73f0 0000028f00000000
0x000000f4074fe010:   0000000000000038 00007ffa4848b424
0x000000f4074fe020:   00007ffa48799e50 000000f4074fe230
0x000000f4074fe030:   0000000000000049 0000000000000000
0x000000f4074fe040:   0000028f1f1e0000 00007ffa47000000 

Instructions: (pc=0x00007ffa47cc64fa)
0x00007ffa47cc63fa:   0f 84 d4 00 00 00 4d 85 c9 74 6a 66 66 66 0f 1f
0x00007ffa47cc640a:   84 00 00 00 00 00 f3 0f 6f 02 ff c1 f3 0f 6f 4a
0x00007ffa47cc641a:   10 8b c1 f3 0f 6f 52 20 f3 0f 6f 5a 30 f3 0f 6f
0x00007ffa47cc642a:   62 40 f3 0f 6f 6a 50 f3 0f 6f 72 60 f3 0f 6f 7a
0x00007ffa47cc643a:   70 66 0f e7 07 66 0f e7 4f 10 66 0f e7 57 20 66
0x00007ffa47cc644a:   0f e7 5f 30 66 0f e7 67 40 66 0f e7 6f 50 66 0f
0x00007ffa47cc645a:   e7 77 60 66 0f e7 7f 70 48 83 ef 80 48 83 ea 80
0x00007ffa47cc646a:   49 3b c1 72 a1 41 83 e0 7f 0f 85 05 01 00 00 0f
0x00007ffa47cc647a:   28 74 24 10 0f 28 3c 24 41 83 e0 0f 75 06 48 83
0x00007ffa47cc648a:   c4 20 5f c3 49 8b c8 45 8b ca 48 c1 e9 02 48 85
0x00007ffa47cc649a:   c9 74 17 8b 02 41 ff c1 89 07 48 83 c2 04 48 83
0x00007ffa47cc64aa:   c7 04 41 8b c1 48 3b c1 72 e9 41 83 e0 03 76 ce
0x00007ffa47cc64ba:   48 2b d7 0f b6 04 3a 41 ff c2 88 07 48 8d 7f 01
0x00007ffa47cc64ca:   41 8b c2 49 3b c0 72 eb eb b4 4d 85 c9 74 66 0f
0x00007ffa47cc64da:   1f 80 00 00 00 00 f3 0f 6f 02 ff c1 f3 0f 6f 4a
0x00007ffa47cc64ea:   10 f3 0f 6f 52 20 f3 0f 6f 5a 30 f3 0f 6f 62 40
0x00007ffa47cc64fa:   f3 0f 6f 6a 50 f3 0f 6f 72 60 f3 0f 6f 7a 70 48
0x00007ffa47cc650a:   83 ea 80 66 0f e7 07 66 0f e7 4f 10 66 0f e7 57
0x00007ffa47cc651a:   20 66 0f e7 5f 30 66 0f e7 67 40 66 0f e7 6f 50
0x00007ffa47cc652a:   66 0f e7 77 60 66 0f e7 7f 70 48 83 ef 80 8b c1
0x00007ffa47cc653a:   49 3b c1 72 a1 41 83 e0 7f 0f 84 30 ff ff ff 45
0x00007ffa47cc654a:   8b c8 41 8b ca 49 c1 e9 04 4d 85 c9 0f 84 1d ff
0x00007ffa47cc655a:   ff ff 0f 1f 40 00 f3 0f 6f 02 ff c1 66 0f e7 07
0x00007ffa47cc656a:   48 83 c7 10 8b c1 48 83 c2 10 49 3b c1 72 e7 e9
0x00007ffa47cc657a:   fb fe ff ff 49 8b c8 45 8b ca 48 c1 e9 04 48 85
0x00007ffa47cc658a:   c9 0f 84 e8 fe ff ff f3 0f 6f 02 41 ff c1 48 83
0x00007ffa47cc659a:   c2 10 41 8b c1 66 0f e7 07 48 83 c7 10 48 3b c1
0x00007ffa47cc65aa:   72 e5 e9 c8 fe ff ff 66 0f 6f 0d a7 3d c0 00 b8
0x00007ffa47cc65ba:   10 00 00 00 2b c1 8b c8 b8 0f 00 00 00 2a c1 0f
0x00007ffa47cc65ca:   be c0 66 0f 6e c0 66 0f 60 c0 66 0f 61 c0 66 0f
0x00007ffa47cc65da:   70 c0 00 66 0f 64 c8 f3 0f 6f 02 48 03 d1 66 0f
0x00007ffa47cc65ea:   f7 c1 48 03 f9 e9 eb fd ff ff cc cc cc cc cc cc 


Stack slot to memory mapping:

stack at sp + 0 slots: 0x0 is null
stack at sp + 1 slots: 0x0 is null
stack at sp + 2 slots: 0x0 is null
stack at sp + 3 slots: 0x0 is null
stack at sp + 4 slots: 0x0000028f20a16fb0 points into unknown readable memory: 0xafa8bbb1aac3bab3 | b3 ba c3 aa b1 bb a8 af
stack at sp + 5 slots: 0x00007ffa47dc5ff4 igxelpicd64.dll
stack at sp + 6 slots: 0x0000028f20a16fb0 points into unknown readable memory: 0xafa8bbb1aac3bab3 | b3 ba c3 aa b1 bb a8 af
stack at sp + 7 slots: 0x000000f4074fdf80 is pointing into the stack for thread: 0x0000028eabb2ab40


Compiled method (c2)    5409  456       4       java.util.stream.ReferencePipeline$2$1::accept (27 bytes)
 total in heap  [0x0000028ebdde1210,0x0000028ebdde1570] = 864
 relocation     [0x0000028ebdde1370,0x0000028ebdde1398] = 40
 main code      [0x0000028ebdde13a0,0x0000028ebdde1490] = 240
 stub code      [0x0000028ebdde1490,0x0000028ebdde14a8] = 24
 metadata       [0x0000028ebdde14a8,0x0000028ebdde14b0] = 8
 scopes data    [0x0000028ebdde14b0,0x0000028ebdde14d8] = 40
 scopes pcs     [0x0000028ebdde14d8,0x0000028ebdde1528] = 80
 dependencies   [0x0000028ebdde1528,0x0000028ebdde1530] = 8
 handler table  [0x0000028ebdde1530,0x0000028ebdde1560] = 48
 nul chk table  [0x0000028ebdde1560,0x0000028ebdde1570] = 16

[Constant Pool (empty)]

[MachCode]
[Entry Point]
  # {method} {0x0000028ece35fe98} 'accept' '(Ljava/lang/Object;)V' in 'java/util/stream/ReferencePipeline$2$1'
  # this:     rdx:rdx   = 'java/util/stream/ReferencePipeline$2$1'
  # parm0:    r8:r8     = 'java/lang/Object'
  #           [sp+0x30]  (sp of caller)
  0x0000028ebdde13a0: 448b 5208 | 49bb 0000 | 00ce 8e02 | 0000 4d03 | d349 3bc2 

  0x0000028ebdde13b4: ;   {runtime_call ic_miss_stub}
  0x0000028ebdde13b4: 0f85 c6d5 | a8ff 6690 | 0f1f 4000 
[Verified Entry Point]
  0x0000028ebdde13c0: 8984 2400 | 80ff ff55 | 4883 ec20 | 4181 7f20 | 0300 0000 | 0f85 a800 | 0000 4c89 | 0424 488b 
  0x0000028ebdde13e0: ea44 8b5a | 1047 8b54 | dc34 498b | d248 c1e2 | 0348 b8d0 | 076b cd8e 

  0x0000028ebdde13f8: ;   {virtual_call}
  0x0000028ebdde13f8: 0200 00e8 

  0x0000028ebdde13fc: ; ImmutableOopMap {rbp=Oop [0]=Oop }
                      ;*invokeinterface test {reexecute=0 rethrow=0 return_oop=0}
                      ; - java.util.stream.ReferencePipeline$2$1::accept@8 (line 178)
  0x0000028ebdde13fc: 9016 b7ff 

  0x0000028ebdde1400: ;   {other}
  0x0000028ebdde1400: 0f1f 8400 | f001 0000 | 85c0 7428 | 448b 550c | 498b d248 | c1e2 034c | 8b04 2466 | 9048 b850 
  0x0000028ebdde1420: 066b cd8e 

  0x0000028ebdde1424: ;   {virtual_call}
  0x0000028ebdde1424: 0200 00e8 

  0x0000028ebdde1428: ; ImmutableOopMap {}
                      ;*invokeinterface accept {reexecute=0 rethrow=0 return_oop=0}
                      ; - java.util.stream.ReferencePipeline$2$1::accept@21 (line 179)
  0x0000028ebdde1428: 7417 b7ff 

  0x0000028ebdde142c: ;   {other}
  0x0000028ebdde142c: 0f1f 8400 | 1c02 0001 | 4883 c420 

  0x0000028ebdde1438: ;   {poll_return}
  0x0000028ebdde1438: 5d49 3ba7 | 5004 0000 | 0f87 2600 | 0000 c348 | 8bd0 eb03 | 488b d048 | 83c4 205d 

  0x0000028ebdde1454: ;   {runtime_call _rethrow_Java}
  0x0000028ebdde1454: e927 6cb7 | ffba f6ff 

  0x0000028ebdde145c: ;   {runtime_call UncommonTrapBlob}
  0x0000028ebdde145c: ffff 90e8 

  0x0000028ebdde1460: ; ImmutableOopMap {}
                      ;*getfield val$predicate {reexecute=1 rethrow=0 return_oop=0}
                      ; - (reexecute) java.util.stream.ReferencePipeline$2$1::accept@4 (line 178)
  0x0000028ebdde1460: 9c68 a9ff 

  0x0000028ebdde1464: ;   {other}
  0x0000028ebdde1464: 0f1f 8400 | 5402 0002 

  0x0000028ebdde146c: ;   {internal_word}
  0x0000028ebdde146c: 49ba 3914 | debd 8e02 | 0000 4d89 | 9768 0400 

  0x0000028ebdde147c: ;   {runtime_call SafepointBlob}
  0x0000028ebdde147c: 00e9 fe56 

  0x0000028ebdde1480: ;   {runtime_call StubRoutines (final stubs)}
  0x0000028ebdde1480: a9ff e879 | 4da7 ffe9 | 4eff ffff | f4f4 f4f4 
[Exception Handler]
  0x0000028ebdde1490: ;   {no_reloc}
  0x0000028ebdde1490: e96b d2b6 | ffe8 0000 | 0000 4883 

  0x0000028ebdde149c: ;   {runtime_call DeoptimizationBlob}
  0x0000028ebdde149c: 2c24 05e9 | 7c6b a9ff | f4f4 f4f4 
[/MachCode]


Compiled method (c2)    5411  458       4       java.util.stream.ReferencePipeline$3$1::accept (23 bytes)
 total in heap  [0x0000028ebdde1e10,0x0000028ebdde2160] = 848
 relocation     [0x0000028ebdde1f70,0x0000028ebdde1f98] = 40
 main code      [0x0000028ebdde1fa0,0x0000028ebdde2080] = 224
 stub code      [0x0000028ebdde2080,0x0000028ebdde2098] = 24
 metadata       [0x0000028ebdde2098,0x0000028ebdde20a0] = 8
 scopes data    [0x0000028ebdde20a0,0x0000028ebdde20c8] = 40
 scopes pcs     [0x0000028ebdde20c8,0x0000028ebdde2118] = 80
 dependencies   [0x0000028ebdde2118,0x0000028ebdde2120] = 8
 handler table  [0x0000028ebdde2120,0x0000028ebdde2150] = 48
 nul chk table  [0x0000028ebdde2150,0x0000028ebdde2160] = 16

[Constant Pool (empty)]

[MachCode]
[Entry Point]
  # {method} {0x0000028ece35f7b8} 'accept' '(Ljava/lang/Object;)V' in 'java/util/stream/ReferencePipeline$3$1'
  # this:     rdx:rdx   = 'java/util/stream/ReferencePipeline$3$1'
  # parm0:    r8:r8     = 'java/lang/Object'
  #           [sp+0x20]  (sp of caller)
  0x0000028ebdde1fa0: 448b 5208 | 49bb 0000 | 00ce 8e02 | 0000 4d03 | d349 3bc2 

  0x0000028ebdde1fb4: ;   {runtime_call ic_miss_stub}
  0x0000028ebdde1fb4: 0f85 c6c9 | a8ff 6690 | 0f1f 4000 
[Verified Entry Point]
  0x0000028ebdde1fc0: 8984 2400 | 80ff ff55 | 4883 ec10 | 4181 7f20 | 0300 0000 | 0f85 9c00 | 0000 448b | 5a10 478b 
  0x0000028ebdde1fe0: 54dc 348b | 6a0c 498b | d248 c1e2 | 0348 b8c0 | 026b cd8e 

  0x0000028ebdde1ff4: ;   {virtual_call}
  0x0000028ebdde1ff4: 0200 00e8 

  0x0000028ebdde1ff8: ; ImmutableOopMap {rbp=NarrowOop }
                      ;*invokeinterface apply {reexecute=0 rethrow=0 return_oop=1}
                      ; - java.util.stream.ReferencePipeline$3$1::accept@12 (line 197)
  0x0000028ebdde1ff8: 940a b7ff 

  0x0000028ebdde1ffc: ;   {other}
  0x0000028ebdde1ffc: 0f1f 8400 | ec01 0000 | 488b d548 | c1e2 034c | 8bc0 6666 | 9048 b830 | 056b cd8e 

  0x0000028ebdde2018: ;   {virtual_call}
  0x0000028ebdde2018: 0200 00e8 

  0x0000028ebdde201c: ; ImmutableOopMap {}
                      ;*invokeinterface accept {reexecute=0 rethrow=0 return_oop=0}
                      ; - java.util.stream.ReferencePipeline$3$1::accept@17 (line 197)
  0x0000028ebdde201c: 800b b7ff 

  0x0000028ebdde2020: ;   {other}
  0x0000028ebdde2020: 0f1f 8400 | 1002 0001 | 4883 c410 

  0x0000028ebdde202c: ;   {poll_return}
  0x0000028ebdde202c: 5d49 3ba7 | 5004 0000 | 0f87 2600 | 0000 c348 | 8bd0 eb03 | 488b d048 | 83c4 105d 

  0x0000028ebdde2048: ;   {runtime_call _rethrow_Java}
  0x0000028ebdde2048: e933 60b7 | ffba f6ff 

  0x0000028ebdde2050: ;   {runtime_call UncommonTrapBlob}
  0x0000028ebdde2050: ffff 90e8 

  0x0000028ebdde2054: ; ImmutableOopMap {}
                      ;*getfield val$mapper {reexecute=1 rethrow=0 return_oop=0}
                      ; - (reexecute) java.util.stream.ReferencePipeline$3$1::accept@8 (line 197)
  0x0000028ebdde2054: a85c a9ff 

  0x0000028ebdde2058: ;   {other}
  0x0000028ebdde2058: 0f1f 8400 | 4802 0002 

  0x0000028ebdde2060: ;   {internal_word}
  0x0000028ebdde2060: 49ba 2d20 | debd 8e02 | 0000 4d89 | 9768 0400 

  0x0000028ebdde2070: ;   {runtime_call SafepointBlob}
  0x0000028ebdde2070: 00e9 0a4b 

  0x0000028ebdde2074: ;   {runtime_call StubRoutines (final stubs)}
  0x0000028ebdde2074: a9ff e885 | 41a7 ffe9 | 5aff ffff 
[Exception Handler]
  0x0000028ebdde2080: ;   {no_reloc}
  0x0000028ebdde2080: e97b c6b6 | ffe8 0000 | 0000 4883 

  0x0000028ebdde208c: ;   {runtime_call DeoptimizationBlob}
  0x0000028ebdde208c: 2c24 05e9 | 8c5f a9ff | f4f4 f4f4 
[/MachCode]


Compiled method (c2)    5413 2810       4       java.util.stream.AbstractPipeline::wrapAndCopyInto (18 bytes)
 total in heap  [0x0000028ebdebb890,0x0000028ebdebc738] = 3752
 relocation     [0x0000028ebdebb9f0,0x0000028ebdebbae8] = 248
 main code      [0x0000028ebdebbb00,0x0000028ebdebc050] = 1360
 stub code      [0x0000028ebdebc050,0x0000028ebdebc0c0] = 112
 metadata       [0x0000028ebdebc0c0,0x0000028ebdebc118] = 88
 scopes data    [0x0000028ebdebc118,0x0000028ebdebc350] = 568
 scopes pcs     [0x0000028ebdebc350,0x0000028ebdebc550] = 512
 dependencies   [0x0000028ebdebc550,0x0000028ebdebc558] = 8
 handler table  [0x0000028ebdebc558,0x0000028ebdebc708] = 432
 nul chk table  [0x0000028ebdebc708,0x0000028ebdebc738] = 48

[Constant Pool (empty)]

[MachCode]
[Entry Point]
  # {method} {0x0000028ece0e67c8} 'wrapAndCopyInto' '(Ljava/util/stream/Sink;Ljava/util/Spliterator;)Ljava/util/stream/Sink;' in 'java/util/stream/AbstractPipeline'
  # this:     rdx:rdx   = 'java/util/stream/AbstractPipeline'
  # parm0:    r8:r8     = 'java/util/stream/Sink'
  # parm1:    r9:r9     = 'java/util/Spliterator'
  #           [sp+0x50]  (sp of caller)
  0x0000028ebdebbb00: 448b 5208 | 49bb 0000 | 00ce 8e02 | 0000 4d03 | d349 3bc2 

  0x0000028ebdebbb14: ;   {runtime_call ic_miss_stub}
  0x0000028ebdebbb14: 0f85 662e | 9bff 6690 | 0f1f 4000 
[Verified Entry Point]
  0x0000028ebdebbb20: 8984 2400 | 80ff ff55 | 4883 ec40 | 4181 7f20 | 0300 0000 | 0f85 0a05 | 0000 4c8b | d24c 894c 
  0x0000028ebdebbb40: 2410 4c89 | 4424 1845 

  0x0000028ebdebbb48: ;   {metadata('java/util/stream/Sink')}
  0x0000028ebdebbb48: 8b58 0848 | b800 4c34 | ce8e 0200 | 0048 be00 | 0000 ce8e | 0200 0049 | 03f3 4c8b | 5e20 4c3b 
  0x0000028ebdebbb68: d80f 85c5 | 0100 004d | 8bc8 488b | ea44 8b5a | 1045 85db | 7f19 4c89 | 4c24 08eb | 6966 6666 
  0x0000028ebdebbb88: 0f1f 8400 | 0000 0000 | 4f8d 14c4 | 4c8b c84c | 8914 2445 | 8b5a 2047 | 8b44 dc14 | 498b d266 
  0x0000028ebdebbba8: 9048 b8e8 | d235 ce8e 

  0x0000028ebdebbbb0: ;   {virtual_call}
  0x0000028ebdebbbb0: 0200 00e8 

  0x0000028ebdebbbb4: ; ImmutableOopMap {rbp=Oop [0]=Oop [16]=Oop [24]=Oop }
                      ;*invokevirtual opWrapSink {reexecute=0 rethrow=0 return_oop=1}
                      ; - java.util.stream.AbstractPipeline::wrapSink@23 (line 547)
                      ; - java.util.stream.AbstractPipeline::wrapAndCopyInto@9 (line 499)
  0x0000028ebdebbbb4: 68fd 9aff 

  0x0000028ebdebbbb8: ;   {other}
  0x0000028ebdebbbb8: 0f1f 8400 | 2803 0000 | 4d8b 9758 | 0400 004c | 8b1c 2445 

  0x0000028ebdebbbcc: ; ImmutableOopMap {r8=NarrowOop rax=Oop rbp=Oop [16]=Oop [24]=Oop }
                      ;*goto {reexecute=1 rethrow=0 return_oop=0}
                      ; - (reexecute) java.util.stream.AbstractPipeline::wrapSink@32 (line 546)
                      ; - java.util.stream.AbstractPipeline::wrapAndCopyInto@9 (line 499)
                      ;   {poll}
  0x0000028ebdebbbcc: 8b43 2041 | 8502 478b | 5cc4 1045 | 85db 7fb4 | 4885 c00f | 8435 0300 | 0044 8b5d | 1048 8944 
  0x0000028ebdebbbec: ;   {oop(a 'java/util/stream/StreamOpFlag'{0x0000000712cbc138})}
  0x0000028ebdebbbec: 2408 49ba | 38c1 cb12 | 0700 0000 | 458b 4a24 | 4423 4d14 | 458b 421c | 453b c80f | 855f 0100 
  0x0000028ebdebbc0c: 0045 85db | 7e2a 6666 | 0f1f 8400 | 0000 0000 | 6666 6690 | 4d8b 9758 | 0400 0044 

  0x0000028ebdebbc28: ; ImmutableOopMap {r11=NarrowOop [8]=Oop [16]=Oop [24]=Oop }
                      ;*goto {reexecute=1 rethrow=0 return_oop=0}
                      ; - (reexecute) java.util.stream.AbstractPipeline::copyIntoWithCancel@14 (line 523)
                      ; - java.util.stream.AbstractPipeline::copyInto@49 (line 513)
                      ; - java.util.stream.AbstractPipeline::wrapAndCopyInto@13 (line 499)
                      ;   {poll}
  0x0000028ebdebbc28: 8b5d 2041 | 8502 478b | 54dc 104b | 8d2c dc45 | 85d2 7fe4 | 488b 5424 | 1048 b860 | ab0f cf8e 
  0x0000028ebdebbc48: ;   {virtual_call}
  0x0000028ebdebbc48: 0200 00e8 

  0x0000028ebdebbc4c: ; ImmutableOopMap {rbp=Oop [8]=Oop [16]=Oop [24]=Oop }
                      ;*invokeinterface getExactSizeIfKnown {reexecute=0 rethrow=0 return_oop=0}
                      ; - java.util.stream.AbstractPipeline::copyIntoWithCancel@19 (line 526)
                      ; - java.util.stream.AbstractPipeline::copyInto@49 (line 513)
                      ; - java.util.stream.AbstractPipeline::wrapAndCopyInto@13 (line 499)
  0x0000028ebdebbc4c: 90e6 ffff 

  0x0000028ebdebbc50: ;   {other}
  0x0000028ebdebbc50: 0f1f 8400 | c003 0003 | 488b 5424 | 084c 8bc0 | 9048 b8e8 | f935 ce8e 

  0x0000028ebdebbc68: ;   {virtual_call}
  0x0000028ebdebbc68: 0200 00e8 

  0x0000028ebdebbc6c: ; ImmutableOopMap {rbp=Oop [8]=Oop [16]=Oop [24]=Oop }
                      ;*invokeinterface begin {reexecute=0 rethrow=0 return_oop=0}
                      ; - java.util.stream.AbstractPipeline::copyIntoWithCancel@24 (line 526)
                      ; - java.util.stream.AbstractPipeline::copyInto@49 (line 513)
                      ; - java.util.stream.AbstractPipeline::wrapAndCopyInto@13 (line 499)
  0x0000028ebdebbc6c: 5028 8bf8 

  0x0000028ebdebbc70: ;   {other}
  0x0000028ebdebbc70: 0f1f 8400 | e003 0004 | 448b 5508 

  0x0000028ebdebbc7c: ;   {metadata('java/util/stream/ReferencePipeline$Head')}
  0x0000028ebdebbc7c: 4181 fae0 | 550e 000f | 85d4 0100 | 0048 8b54 | 2408 6666 | 9048 b8e8 | f935 ce8e 

  0x0000028ebdebbc98: ;   {virtual_call}
  0x0000028ebdebbc98: 0200 00e8 

  0x0000028ebdebbc9c: ; ImmutableOopMap {[8]=Oop [16]=Oop [24]=Oop }
                      ;*invokeinterface cancellationRequested {reexecute=0 rethrow=0 return_oop=0}
                      ; - java.util.stream.ReferencePipeline::forEachWithCancel@1 (line 129)
                      ; - java.util.stream.AbstractPipeline::copyIntoWithCancel@32 (line 527)
                      ; - java.util.stream.AbstractPipeline::copyInto@49 (line 513)
                      ; - java.util.stream.AbstractPipeline::wrapAndCopyInto@13 (line 499)
  0x0000028ebdebbc9c: 0023 fcff 

  0x0000028ebdebbca0: ;   {other}
  0x0000028ebdebbca0: 0f1f 8400 | 1004 0005 | 85c0 7550 | 0f1f 4000 | 488b 5424 | 104c 8b44 | 2408 6666 | 9048 b860 
  0x0000028ebdebbcc0: ab0f cf8e 

  0x0000028ebdebbcc4: ;   {virtual_call}
  0x0000028ebdebbcc4: 0200 00e8 

  0x0000028ebdebbcc8: ; ImmutableOopMap {[8]=Oop [16]=Oop [24]=Oop }
                      ;*invokeinterface tryAdvance {reexecute=0 rethrow=0 return_oop=0}
                      ; - java.util.stream.ReferencePipeline::forEachWithCancel@13 (line 129)
                      ; - java.util.stream.AbstractPipeline::copyIntoWithCancel@32 (line 527)
                      ; - java.util.stream.AbstractPipeline::copyInto@49 (line 513)
                      ; - java.util.stream.AbstractPipeline::wrapAndCopyInto@13 (line 499)
  0x0000028ebdebbcc8: 14e6 fdff 

  0x0000028ebdebbccc: ;   {other}
  0x0000028ebdebbccc: 0f1f 8400 | 3c04 0006 | 85c0 7422 | 488b 5424 | 0848 b8e8 | f935 ce8e 

  0x0000028ebdebbce4: ;   {virtual_call}
  0x0000028ebdebbce4: 0200 00e8 

  0x0000028ebdebbce8: ; ImmutableOopMap {[8]=Oop [16]=Oop [24]=Oop }
                      ;*invokeinterface cancellationRequested {reexecute=0 rethrow=0 return_oop=0}
                      ; - java.util.stream.ReferencePipeline::forEachWithCancel@1 (line 129)
                      ; - java.util.stream.AbstractPipeline::copyIntoWithCancel@32 (line 527)
                      ; - java.util.stream.AbstractPipeline::copyInto@49 (line 513)
                      ; - java.util.stream.AbstractPipeline::wrapAndCopyInto@13 (line 499)
  0x0000028ebdebbce8: b422 fcff 

  0x0000028ebdebbcec: ;   {other}
  0x0000028ebdebbcec: 0f1f 8400 | 5c04 0007 | 85c0 74b8 | eb02 33c0 | 8be8 488b | 5424 0866 | 9048 b8e8 | f935 ce8e 
  0x0000028ebdebbd0c: ;   {virtual_call}
  0x0000028ebdebbd0c: 0200 00e8 

  0x0000028ebdebbd10: ; ImmutableOopMap {[24]=Oop }
                      ;*invokeinterface end {reexecute=0 rethrow=0 return_oop=0}
                      ; - java.util.stream.AbstractPipeline::copyIntoWithCancel@38 (line 528)
                      ; - java.util.stream.AbstractPipeline::copyInto@49 (line 513)
                      ; - java.util.stream.AbstractPipeline::wrapAndCopyInto@13 (line 499)
  0x0000028ebdebbd10: 0c0c 0000 

  0x0000028ebdebbd14: ;   {other}
  0x0000028ebdebbd14: 0f1f 8400 | 8404 0008 | 488b 4424 | 1848 83c4 

  0x0000028ebdebbd24: ;   {poll_return}
  0x0000028ebdebbd24: 405d 493b | a750 0400 | 000f 87fb | 0200 00c3 | 488b 7e28 | 8b0f 4883 | c708 4885 | c0f2 48af 
  0x0000028ebdebbd44: 0f85 0400 | 0000 4889 | 4620 0f84 | 1bfe ffff | bade ffff | ff49 8be8 

  0x0000028ebdebbd5c: ;   {runtime_call UncommonTrapBlob}
  0x0000028ebdebbd5c: 6666 90e8 

  0x0000028ebdebbd60: ; ImmutableOopMap {rbp=Oop }
                      ;*checkcast {reexecute=0 rethrow=0 return_oop=0}
                      ; - java.util.stream.AbstractPipeline::wrapAndCopyInto@6 (line 499)
  0x0000028ebdebbd60: 9cbf 9bff 

  0x0000028ebdebbd64: ;   {other}
  0x0000028ebdebbd64: 0f1f 8400 | d404 0009 | 488b 6c24 | 1044 8b5d 

  0x0000028ebdebbd74: ;   {metadata('java/util/Spliterators$IteratorSpliterator')}
  0x0000028ebdebbd74: 0841 81fb | e031 3000 

  0x0000028ebdebbd7c: ;   {metadata('java/util/Spliterators$ArraySpliterator')}
  0x0000028ebdebbd7c: 742b 4181 | fb20 ce0e | 000f 85b5 | 0100 004c | 8bd5 498b | d24c 8954 

  0x0000028ebdebbd94: ;   {optimized virtual_call}
  0x0000028ebdebbd94: 2410 90e8 

  0x0000028ebdebbd98: ; ImmutableOopMap {rbp=Oop [8]=Oop [16]=Oop [24]=Oop }
                      ;*invokeinterface getExactSizeIfKnown {reexecute=0 rethrow=0 return_oop=0}
                      ; - java.util.stream.AbstractPipeline::copyInto@20 (line 508)
                      ; - java.util.stream.AbstractPipeline::wrapAndCopyInto@13 (line 499)
  0x0000028ebdebbd98: e430 9bff 

  0x0000028ebdebbd9c: ;   {other}
  0x0000028ebdebbd9c: 0f1f 8400 | 0c05 000a | 4c8b c0eb | 1e4c 8bd5 | 498b d24c | 8954 2410 

  0x0000028ebdebbdb4: ;   {optimized virtual_call}
  0x0000028ebdebbdb4: 6666 90e8 

  0x0000028ebdebbdb8: ; ImmutableOopMap {rbp=Oop [8]=Oop [16]=Oop [24]=Oop }
                      ;*invokeinterface getExactSizeIfKnown {reexecute=0 rethrow=0 return_oop=0}
                      ; - java.util.stream.AbstractPipeline::copyInto@20 (line 508)
                      ; - java.util.stream.AbstractPipeline::wrapAndCopyInto@13 (line 499)
  0x0000028ebdebbdb8: 44e5 ffff 

  0x0000028ebdebbdbc: ;   {other}
  0x0000028ebdebbdbc: 0f1f 8400 | 2c05 000b | 4c8b c048 | 8b54 2408 | 9048 b8ff | ffff ffff 

  0x0000028ebdebbdd4: ;   {virtual_call}
  0x0000028ebdebbdd4: ffff ffe8 

  0x0000028ebdebbdd8: ; ImmutableOopMap {rbp=Oop [8]=Oop [24]=Oop }
                      ;*invokeinterface begin {reexecute=0 rethrow=0 return_oop=0}
                      ; - java.util.stream.AbstractPipeline::copyInto@25 (line 508)
                      ; - java.util.stream.AbstractPipeline::wrapAndCopyInto@13 (line 499)
  0x0000028ebdebbdd8: 84fb 9aff 

  0x0000028ebdebbddc: ;   {other}
  0x0000028ebdebbddc: 0f1f 8400 | 4c05 000c | 448b 5508 

  0x0000028ebdebbde8: ;   {metadata('java/util/Spliterators$IteratorSpliterator')}
  0x0000028ebdebbde8: 4181 fae0 | 3130 0074 

  0x0000028ebdebbdf0: ;   {metadata('java/util/Spliterators$ArraySpliterator')}
  0x0000028ebdebbdf0: 2941 81fa | 20ce 0e00 | 0f85 5e01 | 0000 488b | d54c 8b44 | 2408 488b 

  0x0000028ebdebbe08: ;   {optimized virtual_call}
  0x0000028ebdebbe08: 6c24 18e8 

  0x0000028ebdebbe0c: ; ImmutableOopMap {rbp=Oop [8]=Oop [24]=Oop }
                      ;*invokeinterface forEachRemaining {reexecute=0 rethrow=0 return_oop=0}
                      ; - java.util.stream.AbstractPipeline::copyInto@32 (line 509)
                      ; - java.util.stream.AbstractPipeline::wrapAndCopyInto@13 (line 499)
  0x0000028ebdebbe0c: 7030 9bff 

  0x0000028ebdebbe10: ;   {other}
  0x0000028ebdebbe10: 0f1f 8400 | 8005 000d | eb1a 488b | d54c 8b44 | 2408 488b 

  0x0000028ebdebbe24: ;   {optimized virtual_call}
  0x0000028ebdebbe24: 6c24 18e8 

  0x0000028ebdebbe28: ; ImmutableOopMap {rbp=Oop [8]=Oop [24]=Oop }
                      ;*invokeinterface forEachRemaining {reexecute=0 rethrow=0 return_oop=0}
                      ; - java.util.stream.AbstractPipeline::copyInto@32 (line 509)
                      ; - java.util.stream.AbstractPipeline::wrapAndCopyInto@13 (line 499)
  0x0000028ebdebbe28: 4202 0000 

  0x0000028ebdebbe2c: ;   {other}
  0x0000028ebdebbe2c: 0f1f 8400 | 9c05 000e | 488b 5424 | 0848 8b6c | 2418 6666 | 9048 b8f8 | cb35 ce8e 

  0x0000028ebdebbe48: ;   {virtual_call}
  0x0000028ebdebbe48: 0200 00e8 

  0x0000028ebdebbe4c: ; ImmutableOopMap {rbp=Oop [24]=Oop }
                      ;*invokeinterface end {reexecute=0 rethrow=0 return_oop=0}
                      ; - java.util.stream.AbstractPipeline::copyInto@38 (line 510)
                      ; - java.util.stream.AbstractPipeline::wrapAndCopyInto@13 (line 499)
  0x0000028ebdebbe4c: 501e fcff 

  0x0000028ebdebbe50: ;   {other}
  0x0000028ebdebbe50: 0f1f 8400 | c005 000f | e9bf feff 

  0x0000028ebdebbe5c: ;   {metadata('java/util/stream/IntPipeline$Head')}
  0x0000028ebdebbe5c: ff41 81fa | b056 3500 | 0f85 0601 | 0000 488b | 5424 1048 | 8b6c 2418 

  0x0000028ebdebbe74: ;   {static_call}
  0x0000028ebdebbe74: 6666 90e8 

  0x0000028ebdebbe78: ; ImmutableOopMap {rbp=Oop [8]=Oop [24]=Oop }
                      ;*invokestatic adapt {reexecute=0 rethrow=0 return_oop=1}
                      ; - java.util.stream.IntPipeline::forEachWithCancel@1 (line 160)
                      ; - java.util.stream.AbstractPipeline::copyIntoWithCancel@32 (line 527)
                      ; - java.util.stream.AbstractPipeline::copyInto@49 (line 513)
                      ; - java.util.stream.AbstractPipeline::wrapAndCopyInto@13 (line 499)
  0x0000028ebdebbe78: 043a 9bff 

  0x0000028ebdebbe7c: ;   {other}
  0x0000028ebdebbe7c: 0f1f 8400 | ec05 0010 | 488b e848 | 8b54 2408 

  0x0000028ebdebbe8c: ;   {static_call}
  0x0000028ebdebbe8c: 6666 90e8 

  0x0000028ebdebbe90: ; ImmutableOopMap {rbp=Oop [8]=Oop [24]=Oop }
                      ;*invokestatic adapt {reexecute=0 rethrow=0 return_oop=1}
                      ; - java.util.stream.IntPipeline::forEachWithCancel@6 (line 161)
                      ; - java.util.stream.AbstractPipeline::copyIntoWithCancel@32 (line 527)
                      ; - java.util.stream.AbstractPipeline::copyInto@49 (line 513)
                      ; - java.util.stream.AbstractPipeline::wrapAndCopyInto@13 (line 499)
  0x0000028ebdebbe90: ec39 9bff 

  0x0000028ebdebbe94: ;   {other}
  0x0000028ebdebbe94: 0f1f 8400 | 0406 0011 | 4889 0424 | 488b 5424 | 0848 b8ff | ffff ffff 

  0x0000028ebdebbeac: ;   {virtual_call}
  0x0000028ebdebbeac: ffff ffe8 

  0x0000028ebdebbeb0: ; ImmutableOopMap {rbp=Oop [0]=Oop [8]=Oop [24]=Oop }
                      ;*invokeinterface cancellationRequested {reexecute=0 rethrow=0 return_oop=0}
                      ; - java.util.stream.IntPipeline::forEachWithCancel@12 (line 163)
                      ; - java.util.stream.AbstractPipeline::copyIntoWithCancel@32 (line 527)
                      ; - java.util.stream.AbstractPipeline::copyInto@49 (line 513)
                      ; - java.util.stream.AbstractPipeline::wrapAndCopyInto@13 (line 499)
  0x0000028ebdebbeb0: cc34 9bff 

  0x0000028ebdebbeb4: ;   {other}
  0x0000028ebdebbeb4: 0f1f 8400 | 2406 0012 | 85c0 7410 | 8be8 e937 | feff ff66 | 0f1f 8400 | 0000 0000 | 488b d54c 
  0x0000028ebdebbed4: 8b04 2466 | 9048 b8ff | ffff ffff 

  0x0000028ebdebbee0: ;   {virtual_call}
  0x0000028ebdebbee0: ffff ffe8 

  0x0000028ebdebbee4: ; ImmutableOopMap {rbp=Oop [0]=Oop [8]=Oop [24]=Oop }
                      ;*invokeinterface tryAdvance {reexecute=0 rethrow=0 return_oop=0}
                      ; - java.util.stream.IntPipeline::forEachWithCancel@26 (line 163)
                      ; - java.util.stream.AbstractPipeline::copyIntoWithCancel@32 (line 527)
                      ; - java.util.stream.AbstractPipeline::copyInto@49 (line 513)
                      ; - java.util.stream.AbstractPipeline::wrapAndCopyInto@13 (line 499)
  0x0000028ebdebbee4: 9834 9bff 

  0x0000028ebdebbee8: ;   {other}
  0x0000028ebdebbee8: 0f1f 8400 | 5806 0013 | 85c0 7422 | 488b 5424 | 0848 b8ff | ffff ffff 

  0x0000028ebdebbf00: ;   {virtual_call}
  0x0000028ebdebbf00: ffff ffe8 

  0x0000028ebdebbf04: ; ImmutableOopMap {rbp=Oop [0]=Oop [8]=Oop [24]=Oop }
                      ;*invokeinterface cancellationRequested {reexecute=0 rethrow=0 return_oop=0}
                      ; - java.util.stream.IntPipeline::forEachWithCancel@12 (line 163)
                      ; - java.util.stream.AbstractPipeline::copyIntoWithCancel@32 (line 527)
                      ; - java.util.stream.AbstractPipeline::copyInto@49 (line 513)
                      ; - java.util.stream.AbstractPipeline::wrapAndCopyInto@13 (line 499)
  0x0000028ebdebbf04: 7834 9bff 

  0x0000028ebdebbf08: ;   {other}
  0x0000028ebdebbf08: 0f1f 8400 | 7806 0014 | 85c0 74bc | ebaa 33c0 | eba6 ba45 | ffff ff48 | ff74 2418 | 488f 0424 
  0x0000028ebdebbf28: 4889 4424 | 1848 8944 

  0x0000028ebdebbf30: ;   {runtime_call UncommonTrapBlob}
  0x0000028ebdebbf30: 2420 90e8 

  0x0000028ebdebbf34: ; ImmutableOopMap {rbp=Oop [0]=Oop [16]=Oop [24]=Oop [32]=Oop }
                      ;*ifnonnull {reexecute=1 rethrow=0 return_oop=0}
                      ; - (reexecute) java.util.Objects::requireNonNull@1 (line 232)
                      ; - java.util.stream.AbstractPipeline::copyInto@1 (line 505)
                      ; - java.util.stream.AbstractPipeline::wrapAndCopyInto@13 (line 499)
  0x0000028ebdebbf34: c8bd 9bff 

  0x0000028ebdebbf38: ;   {other}
  0x0000028ebdebbf38: 0f1f 8400 | a806 0015 | bac6 ffff | ff48 ff74 | 2418 488f 

  0x0000028ebdebbf4c: ;   {runtime_call UncommonTrapBlob}
  0x0000028ebdebbf4c: 0424 90e8 

  0x0000028ebdebbf50: ; ImmutableOopMap {rbp=Oop [0]=Oop [8]=Oop }
                      ;*invokeinterface getExactSizeIfKnown {reexecute=0 rethrow=0 return_oop=0}
                      ; - java.util.stream.AbstractPipeline::copyInto@20 (line 508)
                      ; - java.util.stream.AbstractPipeline::wrapAndCopyInto@13 (line 499)
  0x0000028ebdebbf50: acbd 9bff 

  0x0000028ebdebbf54: ;   {other}
  0x0000028ebdebbf54: 0f1f 8400 | c406 0016 | bac6 ffff 

  0x0000028ebdebbf60: ;   {runtime_call UncommonTrapBlob}
  0x0000028ebdebbf60: ff66 90e8 

  0x0000028ebdebbf64: ; ImmutableOopMap {rbp=Oop [8]=Oop [24]=Oop }
                      ;*invokeinterface forEachRemaining {reexecute=0 rethrow=0 return_oop=0}
                      ; - java.util.stream.AbstractPipeline::copyInto@32 (line 509)
                      ; - java.util.stream.AbstractPipeline::wrapAndCopyInto@13 (line 499)
  0x0000028ebdebbf64: 98bd 9bff 

  0x0000028ebdebbf68: ;   {other}
  0x0000028ebdebbf68: 0f1f 8400 | d806 0017 | bac6 ffff | ff48 ff74 | 2418 488f 

  0x0000028ebdebbf7c: ;   {runtime_call UncommonTrapBlob}
  0x0000028ebdebbf7c: 0424 90e8 

  0x0000028ebdebbf80: ; ImmutableOopMap {rbp=Oop [0]=Oop [8]=Oop [16]=Oop }
                      ;*invokevirtual forEachWithCancel {reexecute=0 rethrow=0 return_oop=0}
                      ; - java.util.stream.AbstractPipeline::copyIntoWithCancel@32 (line 527)
                      ; - java.util.stream.AbstractPipeline::copyInto@49 (line 513)
                      ; - java.util.stream.AbstractPipeline::wrapAndCopyInto@13 (line 499)
  0x0000028ebdebbf80: 7cbd 9bff 

  0x0000028ebdebbf84: ;   {other}
  0x0000028ebdebbf84: 0f1f 8400 | f406 0018 | baf6 ffff 

  0x0000028ebdebbf90: ;   {runtime_call UncommonTrapBlob}
  0x0000028ebdebbf90: ff66 90e8 

  0x0000028ebdebbf94: ; ImmutableOopMap {}
                      ;*getfield combinedFlags {reexecute=1 rethrow=0 return_oop=0}
                      ; - (reexecute) java.util.stream.AbstractPipeline::wrapSink@19 (line 547)
                      ; - java.util.stream.AbstractPipeline::wrapAndCopyInto@9 (line 499)
  0x0000028ebdebbf94: 68bd 9bff 

  0x0000028ebdebbf98: ;   {other}
  0x0000028ebdebbf98: 0f1f 8400 | 0807 0019 | baf6 ffff 

  0x0000028ebdebbfa4: ;   {runtime_call UncommonTrapBlob}
  0x0000028ebdebbfa4: ff66 90e8 

  0x0000028ebdebbfa8: ; ImmutableOopMap {}
                      ;*getfield depth {reexecute=1 rethrow=0 return_oop=0}
                      ; - (reexecute) java.util.stream.AbstractPipeline::wrapSink@8 (line 546)
                      ; - java.util.stream.AbstractPipeline::wrapAndCopyInto@9 (line 499)
  0x0000028ebdebbfa8: 54bd 9bff 

  0x0000028ebdebbfac: ;   {other}
  0x0000028ebdebbfac: 0f1f 8400 | 1c07 001a | baf6 ffff 

  0x0000028ebdebbfb8: ;   {runtime_call UncommonTrapBlob}
  0x0000028ebdebbfb8: ff66 90e8 

  0x0000028ebdebbfbc: ; ImmutableOopMap {}
                      ;*getfield depth {reexecute=1 rethrow=0 return_oop=0}
                      ; - (reexecute) java.util.stream.AbstractPipeline::copyIntoWithCancel@3 (line 522)
                      ; - java.util.stream.AbstractPipeline::copyInto@49 (line 513)
                      ; - java.util.stream.AbstractPipeline::wrapAndCopyInto@13 (line 499)
  0x0000028ebdebbfbc: 40bd 9bff 

  0x0000028ebdebbfc0: ;   {other}
  0x0000028ebdebbfc0: 0f1f 8400 | 3007 001b | ba45 ffff | ff4c 890c | 244c 8954 | 2410 4c89 

  0x0000028ebdebbfd8: ;   {runtime_call UncommonTrapBlob}
  0x0000028ebdebbfd8: 4424 20e8 

  0x0000028ebdebbfdc: ; ImmutableOopMap {[0]=Oop [16]=Oop [24]=Oop [32]=Oop }
                      ;*ifnonnull {reexecute=1 rethrow=0 return_oop=0}
                      ; - (reexecute) java.util.Objects::requireNonNull@1 (line 232)
                      ; - java.util.stream.AbstractPipeline::wrapAndCopyInto@3 (line 499)
  0x0000028ebdebbfdc: 20bd 9bff 

  0x0000028ebdebbfe0: ;   {other}
  0x0000028ebdebbfe0: 0f1f 8400 | 5007 001c | baf6 ffff 

  0x0000028ebdebbfec: ;   {runtime_call UncommonTrapBlob}
  0x0000028ebdebbfec: ff66 90e8 

  0x0000028ebdebbff0: ; ImmutableOopMap {}
                      ;*invokeinterface getExactSizeIfKnown {reexecute=0 rethrow=0 return_oop=0}
                      ; - java.util.stream.AbstractPipeline::copyInto@20 (line 508)
                      ; - java.util.stream.AbstractPipeline::wrapAndCopyInto@13 (line 499)
  0x0000028ebdebbff0: 0cbd 9bff 

  0x0000028ebdebbff4: ;   {other}
  0x0000028ebdebbff4: 0f1f 8400 | 6407 001d | eb23 eb21 | eb1f eb1d | eb1b eb19 | eb17 eb15 | eb13 eb11 | eb0f eb0d 
  0x0000028ebdebc014: eb0b eb09 | eb07 488b | d0eb 05eb | 0048 8bd0 | 4883 c440 

  0x0000028ebdebc028: ;   {runtime_call _rethrow_Java}
  0x0000028ebdebc028: 5de9 52c0 

  0x0000028ebdebc02c: ;   {internal_word}
  0x0000028ebdebc02c: a9ff 49ba | 26bd ebbd | 8e02 0000 | 4d89 9768 

  0x0000028ebdebc03c: ;   {runtime_call SafepointBlob}
  0x0000028ebdebc03c: 0400 00e9 | 3cab 9bff 

  0x0000028ebdebc044: ;   {runtime_call StubRoutines (final stubs)}
  0x0000028ebdebc044: e8b7 a199 | ffe9 ecfa | ffff f4f4 
[Stub Code]
  0x0000028ebdebc050: ;   {no_reloc}
  0x0000028ebdebc050: 48bb 0000 | 0000 0000 

  0x0000028ebdebc058: ;   {runtime_call}
  0x0000028ebdebc058: 0000 e9fb 

  0x0000028ebdebc05c: ;   {static_stub}
  0x0000028ebdebc05c: ffff ff48 | bb00 0000 | 0000 0000 

  0x0000028ebdebc068: ;   {runtime_call}
  0x0000028ebdebc068: 00e9 fbff 

  0x0000028ebdebc06c: ;   {static_stub}
  0x0000028ebdebc06c: ffff 48bb | 7834 30ce | 8e02 0000 

  0x0000028ebdebc078: ;   {runtime_call I2C/C2I adapters}
  0x0000028ebdebc078: e98a 8e9b 

  0x0000028ebdebc07c: ;   {static_stub}
  0x0000028ebdebc07c: ff48 bb00 | 0000 0000 

  0x0000028ebdebc084: ;   {runtime_call}
  0x0000028ebdebc084: 0000 00e9 | fbff ffff 

  0x0000028ebdebc08c: ;   {static_stub}
  0x0000028ebdebc08c: 48bb 0000 | 0000 0000 

  0x0000028ebdebc094: ;   {runtime_call}
  0x0000028ebdebc094: 0000 e9fb 

  0x0000028ebdebc098: ;   {static_stub}
  0x0000028ebdebc098: ffff ff48 | bb00 0000 | 0000 0000 

  0x0000028ebdebc0a4: ;   {runtime_call}
  0x0000028ebdebc0a4: 00e9 fbff 

  0x0000028ebdebc0a8: ;   {runtime_call ExceptionBlob}
  0x0000028ebdebc0a8: ffff e951 | 26a9 ffe8 | 0000 0000 | 4883 2c24 

  0x0000028ebdebc0b8: ;   {runtime_call DeoptimizationBlob}
  0x0000028ebdebc0b8: 05e9 62bf | 9bff f4f4 
[/MachCode]


---------------  P R O C E S S  ---------------

Threads class SMR info:
_java_thread_list=0x0000028f147858f0, length=18, elements={
0x0000028eabb2ab40, 0x0000028ecd5045d0, 0x0000028ecd5053e0, 0x0000028ecd508810,
0x0000028ecd50b520, 0x0000028ecd50a280, 0x0000028ecd50f7d0, 0x0000028ecd52fd10,
0x0000028ecd532ee0, 0x0000028ecd664c20, 0x0000028f13259440, 0x0000028ecd7aadc0,
0x0000028f13dde1c0, 0x0000028f1456cf10, 0x0000028f144b26a0, 0x0000028f1456a8d0,
0x0000028f13c29170, 0x0000028f141fdd10
}

Java Threads: ( => current thread )
=>0x0000028eabb2ab40 JavaThread "main"                              [_thread_in_native, id=26292, stack(0x000000f407400000,0x000000f407500000) (1024K)]
  0x0000028ecd5045d0 JavaThread "Reference Handler"          daemon [_thread_blocked, id=25332, stack(0x000000f407c00000,0x000000f407d00000) (1024K)]
  0x0000028ecd5053e0 JavaThread "Finalizer"                  daemon [_thread_blocked, id=28820, stack(0x000000f407d00000,0x000000f407e00000) (1024K)]
  0x0000028ecd508810 JavaThread "Signal Dispatcher"          daemon [_thread_blocked, id=13680, stack(0x000000f407e00000,0x000000f407f00000) (1024K)]
  0x0000028ecd50b520 JavaThread "Attach Listener"            daemon [_thread_blocked, id=27008, stack(0x000000f407f00000,0x000000f408000000) (1024K)]
  0x0000028ecd50a280 JavaThread "Service Thread"             daemon [_thread_blocked, id=20408, stack(0x000000f408000000,0x000000f408100000) (1024K)]
  0x0000028ecd50f7d0 JavaThread "Monitor Deflation Thread"   daemon [_thread_blocked, id=9736, stack(0x000000f408100000,0x000000f408200000) (1024K)]
  0x0000028ecd52fd10 JavaThread "C2 CompilerThread0"         daemon [_thread_blocked, id=29896, stack(0x000000f408200000,0x000000f408300000) (1024K)]
  0x0000028ecd532ee0 JavaThread "C1 CompilerThread0"         daemon [_thread_blocked, id=24676, stack(0x000000f408300000,0x000000f408400000) (1024K)]
  0x0000028ecd664c20 JavaThread "Common-Cleaner"             daemon [_thread_blocked, id=22912, stack(0x000000f408400000,0x000000f408500000) (1024K)]
  0x0000028f13259440 JavaThread "Monitor Ctrl-Break"         daemon [_thread_in_native, id=7892, stack(0x000000f408700000,0x000000f408800000) (1024K)]
  0x0000028ecd7aadc0 JavaThread "Notification Thread"        daemon [_thread_blocked, id=9696, stack(0x000000f408800000,0x000000f408900000) (1024K)]
  0x0000028f13dde1c0 JavaThread "FileSystemWatchService"     daemon [_thread_in_native, id=30328, stack(0x000000f408500000,0x000000f408600000) (1024K)]
  0x0000028f1456cf10 JavaThread "Java2D Disposer"            daemon [_thread_blocked, id=26724, stack(0x000000f409900000,0x000000f409a00000) (1024K)]
  0x0000028f144b26a0 JavaThread "AWT-Shutdown"                      [_thread_blocked, id=24420, stack(0x000000f409a00000,0x000000f409b00000) (1024K)]
  0x0000028f1456a8d0 JavaThread "AWT-Windows"                daemon [_thread_in_native, id=25236, stack(0x000000f409b00000,0x000000f409c00000) (1024K)]
  0x0000028f13c29170 JavaThread "AWT-EventQueue-0"                  [_thread_blocked, id=13176, stack(0x000000f409c00000,0x000000f409d00000) (1024K)]
  0x0000028f141fdd10 JavaThread "FileSystemWatchService"     daemon [_thread_in_native, id=18992, stack(0x000000f409500000,0x000000f409600000) (1024K)]
Total: 18

Other Threads:
  0x0000028ecc931ea0 VMThread "VM Thread"                           [id=26100, stack(0x000000f407b00000,0x000000f407c00000) (1024K)]
  0x0000028ecc91aa90 WatcherThread "VM Periodic Task Thread"        [id=20212, stack(0x000000f407a00000,0x000000f407b00000) (1024K)]
  0x0000028eadf172d0 WorkerThread "GC Thread#0"                     [id=27688, stack(0x000000f407500000,0x000000f407600000) (1024K)]
  0x0000028f13488b20 WorkerThread "GC Thread#1"                     [id=16056, stack(0x000000f408900000,0x000000f408a00000) (1024K)]
  0x0000028f13420300 WorkerThread "GC Thread#2"                     [id=24100, stack(0x000000f408a00000,0x000000f408b00000) (1024K)]
  0x0000028f134f50e0 WorkerThread "GC Thread#3"                     [id=16712, stack(0x000000f408b00000,0x000000f408c00000) (1024K)]
  0x0000028f134f5890 WorkerThread "GC Thread#4"                     [id=20196, stack(0x000000f408c00000,0x000000f408d00000) (1024K)]
  0x0000028f134f5c30 WorkerThread "GC Thread#5"                     [id=2000, stack(0x000000f408d00000,0x000000f408e00000) (1024K)]
  0x0000028f1351f430 WorkerThread "GC Thread#6"                     [id=26556, stack(0x000000f408e00000,0x000000f408f00000) (1024K)]
  0x0000028f13ec9a90 WorkerThread "GC Thread#7"                     [id=16660, stack(0x000000f409600000,0x000000f409700000) (1024K)]
  0x0000028f13ec8c10 WorkerThread "GC Thread#8"                     [id=2140, stack(0x000000f409700000,0x000000f409800000) (1024K)]
  0x0000028f13ec84d0 WorkerThread "GC Thread#9"                     [id=23544, stack(0x000000f409800000,0x000000f409900000) (1024K)]
  0x0000028eadf66010 ConcurrentGCThread "G1 Main Marker"            [id=29620, stack(0x000000f407600000,0x000000f407700000) (1024K)]
  0x0000028eadf671c0 WorkerThread "G1 Conc#0"                       [id=21636, stack(0x000000f407700000,0x000000f407800000) (1024K)]
  0x0000028f13ec8fb0 WorkerThread "G1 Conc#1"                       [id=27112, stack(0x000000f408600000,0x000000f408700000) (1024K)]
  0x0000028f13ec8870 WorkerThread "G1 Conc#2"                       [id=30020, stack(0x000000f409400000,0x000000f409500000) (1024K)]
  0x0000028ecc7f0070 ConcurrentGCThread "G1 Refine#0"               [id=27236, stack(0x000000f407800000,0x000000f407900000) (1024K)]
  0x0000028ecc7f0af0 ConcurrentGCThread "G1 Service"                [id=12388, stack(0x000000f407900000,0x000000f407a00000) (1024K)]
Total: 18

Threads with active compile tasks:
Total: 0

VM state: not at safepoint (normal execution)

VM Mutex/Monitor currently owned by a thread: None

Heap address: 0x0000000703600000, size: 4042 MB, Compressed Oops mode: Zero based, Oop shift amount: 3

CDS archive(s) mapped at: [0x0000028ece000000-0x0000028ecec90000-0x0000028ecec90000), size 13172736, SharedBaseAddress: 0x0000028ece000000, ArchiveRelocationMode: 1.
Compressed class space mapped at: 0x0000028ecf000000-0x0000028f0f000000, reserved size: 1073741824
Narrow klass base: 0x0000028ece000000, Narrow klass shift: 0, Narrow klass range: 0x100000000

GC Precious Log:
 CardTable entry size: 512
 Card Set container configuration: InlinePtr #cards 4 size 8 Array Of Cards #cards 16 size 48 Howl #buckets 8 coarsen threshold 3686 Howl Bitmap #cards 512 size 80 coarsen threshold 460 Card regions per heap region 1 cards per card region 4096
 CPUs: 12 total, 12 available
 Memory: 16163M
 Large Page Support: Disabled
 NUMA Support: Disabled
 Compressed Oops: Enabled (Zero based)
 Heap Region Size: 2M
 Heap Min Capacity: 8M
 Heap Initial Capacity: 254M
 Heap Max Capacity: 4042M
 Pre-touch: Disabled
 Parallel Workers: 10
 Concurrent Workers: 3
 Concurrent Refinement Workers: 10
 Periodic GC: Disabled

Heap:
 garbage-first heap   total 40960K, used 12807K [0x0000000703600000, 0x0000000800000000)
  region size 2048K, 8 young (16384K), 4 survivors (8192K)
 Metaspace       used 23921K, committed 24256K, reserved 1114112K
  class space    used 2199K, committed 2368K, reserved 1048576K

Heap Regions: E=young(eden), S=young(survivor), O=old, HS=humongous(starts), HC=humongous(continues), CS=collection set, F=free, TAMS=top-at-mark-start, PB=parsable bottom
|   0|0x0000000703600000, 0x0000000703635618, 0x0000000703800000| 10%| O|Cm|TAMS 0x0000000703600000| PB 0x0000000703600000| Complete 
|   1|0x0000000703800000, 0x0000000703800000, 0x0000000703a00000|  0%| F|  |TAMS 0x0000000703800000| PB 0x0000000703800000| Untracked 
|   2|0x0000000703a00000, 0x0000000703a00000, 0x0000000703c00000|  0%| F|  |TAMS 0x0000000703a00000| PB 0x0000000703a00000| Untracked 
|   3|0x0000000703c00000, 0x0000000703c00000, 0x0000000703e00000|  0%| F|  |TAMS 0x0000000703c00000| PB 0x0000000703c00000| Untracked 
|   4|0x0000000703e00000, 0x0000000703e00000, 0x0000000704000000|  0%| F|  |TAMS 0x0000000703e00000| PB 0x0000000703e00000| Untracked 
|   5|0x0000000704000000, 0x0000000704000000, 0x0000000704200000|  0%| F|  |TAMS 0x0000000704000000| PB 0x0000000704000000| Untracked 
|   6|0x0000000704200000, 0x0000000704200000, 0x0000000704400000|  0%| F|  |TAMS 0x0000000704200000| PB 0x0000000704200000| Untracked 
|   7|0x0000000704400000, 0x0000000704400000, 0x0000000704600000|  0%| F|  |TAMS 0x0000000704400000| PB 0x0000000704400000| Untracked 
|   8|0x0000000704600000, 0x0000000704600000, 0x0000000704800000|  0%| F|  |TAMS 0x0000000704600000| PB 0x0000000704600000| Untracked 
|   9|0x0000000704800000, 0x0000000704800000, 0x0000000704a00000|  0%| F|  |TAMS 0x0000000704800000| PB 0x0000000704800000| Untracked 
|  10|0x0000000704a00000, 0x0000000704a00000, 0x0000000704c00000|  0%| F|  |TAMS 0x0000000704a00000| PB 0x0000000704a00000| Untracked 
|  11|0x0000000704c00000, 0x0000000704c00000, 0x0000000704e00000|  0%| F|  |TAMS 0x0000000704c00000| PB 0x0000000704c00000| Untracked 
|  12|0x0000000704e00000, 0x0000000704e00800, 0x0000000705000000|  0%| E|  |TAMS 0x0000000704e00000| PB 0x0000000704e00000| Complete 
|  13|0x0000000705000000, 0x0000000705200000, 0x0000000705200000|100%| E|CS|TAMS 0x0000000705000000| PB 0x0000000705000000| Complete 
|  14|0x0000000705200000, 0x0000000705400000, 0x0000000705400000|100%| E|CS|TAMS 0x0000000705200000| PB 0x0000000705200000| Complete 
| 121|0x0000000712800000, 0x000000071284c640, 0x0000000712a00000| 14%| S|CS|TAMS 0x0000000712800000| PB 0x0000000712800000| Complete 
| 122|0x0000000712a00000, 0x0000000712c00000, 0x0000000712c00000|100%| S|CS|TAMS 0x0000000712a00000| PB 0x0000000712a00000| Complete 
| 123|0x0000000712c00000, 0x0000000712e00000, 0x0000000712e00000|100%| S|CS|TAMS 0x0000000712c00000| PB 0x0000000712c00000| Complete 
| 124|0x0000000712e00000, 0x0000000713000000, 0x0000000713000000|100%| S|CS|TAMS 0x0000000712e00000| PB 0x0000000712e00000| Complete 
| 126|0x0000000713200000, 0x0000000713400000, 0x0000000713400000|100%| E|CS|TAMS 0x0000000713200000| PB 0x0000000713200000| Complete 

Card table byte_map: [0x0000028ec6030000,0x0000028ec6820000] _byte_map_base: 0x0000028ec2815000

Marking Bits: (CMBitMap*) 0x0000028eadf178e0
 Bits: [0x0000028ec6820000, 0x0000028eca748000)

Polling page: 0x0000028ead5b0000

Metaspace:

Usage:
  Non-class:     21.21 MB used.
      Class:      2.15 MB used.
       Both:     23.36 MB used.

Virtual space:
  Non-class space:       64.00 MB reserved,      21.38 MB ( 33%) committed,  1 nodes.
      Class space:        1.00 GB reserved,       2.31 MB ( <1%) committed,  1 nodes.
             Both:        1.06 GB reserved,      23.69 MB (  2%) committed. 

Chunk freelists:
   Non-Class:  10.48 MB
       Class:  13.74 MB
        Both:  24.22 MB

MaxMetaspaceSize: unlimited
CompressedClassSpaceSize: 1.00 GB
Initial GC threshold: 21.00 MB
Current GC threshold: 35.12 MB
CDS: on
 - commit_granule_bytes: 65536.
 - commit_granule_words: 8192.
 - virtual_space_node_default_size: 8388608.
 - enlarge_chunks_in_place: 1.
 - use_allocation_guard: 0.


Internal statistics:

num_allocs_failed_limit: 3.
num_arena_births: 242.
num_arena_deaths: 0.
num_vsnodes_births: 2.
num_vsnodes_deaths: 0.
num_space_committed: 377.
num_space_uncommitted: 0.
num_chunks_returned_to_freelist: 3.
num_chunks_taken_from_freelist: 900.
num_chunk_merges: 0.
num_chunk_splits: 664.
num_chunks_enlarged: 525.
num_inconsistent_stats: 0.

CodeHeap 'non-profiled nmethods': size=120000Kb used=1051Kb max_used=1051Kb free=118949Kb
 bounds [0x0000028ebddc0000, 0x0000028ebe030000, 0x0000028ec52f0000]
CodeHeap 'profiled nmethods': size=120000Kb used=4936Kb max_used=4936Kb free=115063Kb
 bounds [0x0000028eb62f0000, 0x0000028eb67d0000, 0x0000028ebd820000]
CodeHeap 'non-nmethods': size=5760Kb used=3035Kb max_used=3051Kb free=2724Kb
 bounds [0x0000028ebd820000, 0x0000028ebdb20000, 0x0000028ebddc0000]
 total_blobs=4368 nmethods=2889 adapters=1383
 compilation: enabled
              stopped_count=0, restarted_count=0
 full_count=0

Compilation events (20 events):
Event: 3.391 Thread 0x0000028ecd532ee0 2878   !   3       java.lang.invoke.MethodHandles$Lookup::canBeCached (150 bytes)
Event: 3.392 Thread 0x0000028ecd532ee0 nmethod 2878 0x0000028eb67be090 code [0x0000028eb67be3c0, 0x0000028eb67bf7a8]
Event: 3.392 Thread 0x0000028ecd532ee0 2879       3       jdk.internal.org.objectweb.asm.MethodVisitor::visitFieldInsn (20 bytes)
Event: 3.392 Thread 0x0000028ecd532ee0 nmethod 2879 0x0000028eb67bfe90 code [0x0000028eb67c0040, 0x0000028eb67c0258]
Event: 3.398 Thread 0x0000028ecd532ee0 2880       3       jdk.internal.misc.Unsafe::storeFence (5 bytes)
Event: 3.398 Thread 0x0000028ecd532ee0 nmethod 2880 0x0000028eb67c0310 code [0x0000028eb67c04a0, 0x0000028eb67c05c8]
Event: 3.398 Thread 0x0000028ecd52fd10 nmethod 2877 0x0000028ebdec3790 code [0x0000028ebdec3940, 0x0000028ebdec4080]
Event: 3.404 Thread 0x0000028ecd532ee0 2881       1       java.lang.invoke.MethodHandle::isInvokeSpecial (2 bytes)
Event: 3.404 Thread 0x0000028ecd532ee0 nmethod 2881 0x0000028ebdec4390 code [0x0000028ebdec4520, 0x0000028ebdec45e8]
Event: 3.405 Thread 0x0000028ecd52fd10 2883       4       java.util.concurrent.ConcurrentHashMap::putIfAbsent (8 bytes)
Event: 3.406 Thread 0x0000028ecd52fd10 nmethod 2883 0x0000028ebdec4c90 code [0x0000028ebdec4e20, 0x0000028ebdec4ed8]
Event: 5.340 Thread 0x0000028ecd52fd10 2886       4       org.lwjgl.system.Checks::checkBuffer (11 bytes)
Event: 5.341 Thread 0x0000028ecd52fd10 nmethod 2886 0x0000028ebdec5290 code [0x0000028ebdec5420, 0x0000028ebdec54a8]
Event: 5.342 Thread 0x0000028ecd52fd10 2887       4       java.util.Optional::orElse (16 bytes)
Event: 5.343 Thread 0x0000028ecd52fd10 nmethod 2887 0x0000028ebdec5590 code [0x0000028ebdec5720, 0x0000028ebdec57c0]
Event: 5.343 Thread 0x0000028ecd532ee0 2888       3       java.io.BufferedReader::readLine (7 bytes)
Event: 5.343 Thread 0x0000028ecd532ee0 nmethod 2888 0x0000028eb67c0690 code [0x0000028eb67c0840, 0x0000028eb67c09a8]
Event: 5.343 Thread 0x0000028ecd532ee0 2889   !   3       java.io.BufferedReader::readLine (72 bytes)
Event: 5.343 Thread 0x0000028ecd52fd10 2890       4       java.util.regex.Pattern$GroupHead::match (47 bytes)
Event: 5.344 Thread 0x0000028ecd532ee0 nmethod 2889 0x0000028eb67c0a90 code [0x0000028eb67c0d20, 0x0000028eb67c1bc0]

GC Heap History (6 events):
Event: 0.320 GC heap before
{Heap before GC invocations=0 (full 0):
 garbage-first heap   total 260096K, used 22528K [0x0000000703600000, 0x0000000800000000)
  region size 2048K, 11 young (22528K), 0 survivors (0K)
 Metaspace       used 3922K, committed 4096K, reserved 1114112K
  class space    used 337K, committed 448K, reserved 1048576K
}
Event: 0.322 GC heap after
{Heap after GC invocations=1 (full 0):
 garbage-first heap   total 260096K, used 2634K [0x0000000703600000, 0x0000000800000000)
  region size 2048K, 2 young (4096K), 2 survivors (4096K)
 Metaspace       used 3922K, committed 4096K, reserved 1114112K
  class space    used 337K, committed 448K, reserved 1048576K
}
Event: 1.503 GC heap before
{Heap before GC invocations=1 (full 0):
 garbage-first heap   total 260096K, used 39498K [0x0000000703600000, 0x0000000800000000)
  region size 2048K, 21 young (43008K), 2 survivors (4096K)
 Metaspace       used 19732K, committed 19968K, reserved 1114112K
  class space    used 1844K, committed 1920K, reserved 1048576K
}
Event: 1.508 GC heap after
{Heap after GC invocations=2 (full 0):
 garbage-first heap   total 260096K, used 6357K [0x0000000703600000, 0x0000000800000000)
  region size 2048K, 3 young (6144K), 3 survivors (6144K)
 Metaspace       used 19732K, committed 19968K, reserved 1114112K
  class space    used 1844K, committed 1920K, reserved 1048576K
}
Event: 1.637 GC heap before
{Heap before GC invocations=2 (full 0):
 garbage-first heap   total 260096K, used 8405K [0x0000000703600000, 0x0000000800000000)
  region size 2048K, 5 young (10240K), 3 survivors (6144K)
 Metaspace       used 21319K, committed 21504K, reserved 1114112K
  class space    used 1927K, committed 2048K, reserved 1048576K
}
Event: 1.641 GC heap after
{Heap after GC invocations=3 (full 0):
 garbage-first heap   total 260096K, used 6663K [0x0000000703600000, 0x0000000800000000)
  region size 2048K, 4 young (8192K), 4 survivors (8192K)
 Metaspace       used 21319K, committed 21504K, reserved 1114112K
  class space    used 1927K, committed 2048K, reserved 1048576K
}

Dll operation events (15 events):
Event: 0.007 Loaded shared library C:\Users\stas2\.jdks\openjdk-21.0.1\bin\java.dll
Event: 0.034 Loaded shared library C:\Users\stas2\.jdks\openjdk-21.0.1\bin\jsvml.dll
Event: 0.067 Loaded shared library C:\Users\stas2\.jdks\openjdk-21.0.1\bin\net.dll
Event: 0.068 Loaded shared library C:\Users\stas2\.jdks\openjdk-21.0.1\bin\nio.dll
Event: 0.073 Loaded shared library C:\Users\stas2\.jdks\openjdk-21.0.1\bin\zip.dll
Event: 0.176 Loaded shared library C:\Users\stas2\.jdks\openjdk-21.0.1\bin\zip.dll
Event: 0.179 Loaded shared library C:\Users\stas2\.jdks\openjdk-21.0.1\bin\instrument.dll
Event: 0.199 Loaded shared library C:\IntelliJ IDEA Community Edition 2021.3.2\IntelliJ IDEA Community Edition 2023.2.1\bin\breakgen64.dll
Event: 0.269 Loaded shared library C:\Users\stas2\.jdks\openjdk-21.0.1\bin\jimage.dll
Event: 0.391 Loaded shared library C:\Users\stas2\AppData\Local\Temp\lwjgl_stas2\3.3.4+7\x64\lwjgl.dll
Event: 0.580 Loaded shared library C:\Users\stas2\AppData\Local\Temp\lwjgl_stas2\3.3.4+7\x64\lwjgl_opengl.dll
Event: 0.857 Loaded shared library C:\Users\stas2\AppData\Local\Temp\imgui-java-natives\1.89.0\imgui-java64.dll
Event: 0.893 Loaded shared library C:\Users\stas2\.jdks\openjdk-21.0.1\bin\verify.dll
Event: 0.906 Loaded shared library C:\Users\stas2\AppData\Local\Temp\lwjgl_stas2\3.3.4+7\x64\lwjgl_stb.dll
Event: 3.358 Loaded shared library C:\Users\stas2\.jdks\openjdk-21.0.1\bin\awt.dll

Deoptimization events (20 events):
Event: 1.632 Thread 0x0000028eabb2ab40 Uncommon trap: trap_request=0xffffff45 fr.pc=0x0000028ebde65c88 relative=0x0000000000000068
Event: 1.632 Thread 0x0000028eabb2ab40 Uncommon trap: reason=unstable_if action=reinterpret pc=0x0000028ebde65c88 method=java.util.LinkedHashMap.afterNodeInsertion(Z)V @ 1 c2
Event: 1.632 Thread 0x0000028eabb2ab40 DEOPT PACKING pc=0x0000028ebde65c88 sp=0x000000f4074feab0
Event: 1.632 Thread 0x0000028eabb2ab40 DEOPT UNPACKING pc=0x0000028ebd877da2 sp=0x000000f4074fea20 mode 2
Event: 1.633 Thread 0x0000028eabb2ab40 Uncommon trap: trap_request=0xffffff45 fr.pc=0x0000028ebde8193c relative=0x0000000000000c3c
Event: 1.633 Thread 0x0000028eabb2ab40 Uncommon trap: reason=unstable_if action=reinterpret pc=0x0000028ebde8193c method=jdk.internal.org.objectweb.asm.SymbolTable.put(Ljdk/internal/org/objectweb/asm/SymbolTable$Entry;)Ljdk/internal/org/objectweb/asm/SymbolTable$Entry; @ 13 c2
Event: 1.633 Thread 0x0000028eabb2ab40 DEOPT PACKING pc=0x0000028ebde8193c sp=0x000000f4074fe2f0
Event: 1.633 Thread 0x0000028eabb2ab40 DEOPT UNPACKING pc=0x0000028ebd877da2 sp=0x000000f4074fe228 mode 2
Event: 5.343 Thread 0x0000028eabb2ab40 Uncommon trap: trap_request=0xffffffc6 fr.pc=0x0000028ebde90688 relative=0x0000000000001548
Event: 5.343 Thread 0x0000028eabb2ab40 Uncommon trap: reason=bimorphic_or_optimized_type_check action=maybe_recompile pc=0x0000028ebde90688 method=java.util.regex.Pattern$Start.<init>(Ljava/util/regex/Pattern$Node;)V @ 22 c2
Event: 5.343 Thread 0x0000028eabb2ab40 DEOPT PACKING pc=0x0000028ebde90688 sp=0x000000f4074fed30
Event: 5.343 Thread 0x0000028eabb2ab40 DEOPT UNPACKING pc=0x0000028ebd877da2 sp=0x000000f4074fec60 mode 2
Event: 5.343 Thread 0x0000028eabb2ab40 Uncommon trap: trap_request=0xffffff45 fr.pc=0x0000028ebde75e7c relative=0x000000000000013c
Event: 5.343 Thread 0x0000028eabb2ab40 Uncommon trap: reason=unstable_if action=reinterpret pc=0x0000028ebde75e7c method=java.util.regex.Matcher.reset()Ljava/util/regex/Matcher; @ 47 c2
Event: 5.343 Thread 0x0000028eabb2ab40 DEOPT PACKING pc=0x0000028ebde75e7c sp=0x000000f4074fec70
Event: 5.343 Thread 0x0000028eabb2ab40 DEOPT UNPACKING pc=0x0000028ebd877da2 sp=0x000000f4074fec18 mode 2
Event: 5.343 Thread 0x0000028eabb2ab40 Uncommon trap: trap_request=0xffffffc6 fr.pc=0x0000028ebde90688 relative=0x0000000000001548
Event: 5.343 Thread 0x0000028eabb2ab40 Uncommon trap: reason=bimorphic_or_optimized_type_check action=maybe_recompile pc=0x0000028ebde90688 method=java.util.regex.Pattern$Start.<init>(Ljava/util/regex/Pattern$Node;)V @ 22 c2
Event: 5.343 Thread 0x0000028eabb2ab40 DEOPT PACKING pc=0x0000028ebde90688 sp=0x000000f4074fed30
Event: 5.343 Thread 0x0000028eabb2ab40 DEOPT UNPACKING pc=0x0000028ebd877da2 sp=0x000000f4074fec60 mode 2

Classes loaded (20 events):
Event: 3.406 Loading class java/awt/event/ActionEvent
Event: 3.406 Loading class java/awt/event/ActionEvent done
Event: 5.334 Loading class sun/awt/windows/WFileDialogPeer$1
Event: 5.334 Loading class sun/awt/windows/WFileDialogPeer$1 done
Event: 5.334 Loading class java/awt/SequencedEvent
Event: 5.334 Loading class java/awt/SequencedEvent done
Event: 5.334 Loading class java/awt/SequencedEvent$1
Event: 5.334 Loading class sun/awt/AWTAccessor$SequencedEventAccessor
Event: 5.334 Loading class sun/awt/AWTAccessor$SequencedEventAccessor done
Event: 5.334 Loading class java/awt/SequencedEvent$1 done
Event: 5.334 Loading class java/awt/SequencedEvent$2
Event: 5.334 Loading class java/awt/SequencedEvent$2 done
Event: 5.335 Loading class java/awt/EventQueue$5
Event: 5.335 Loading class java/awt/EventQueue$5 done
Event: 5.335 Loading class sun/awt/windows/WGlobalCursorManager
Event: 5.335 Loading class sun/awt/GlobalCursorManager
Event: 5.335 Loading class sun/awt/GlobalCursorManager done
Event: 5.335 Loading class sun/awt/windows/WGlobalCursorManager done
Event: 5.335 Loading class sun/awt/GlobalCursorManager$NativeUpdater
Event: 5.335 Loading class sun/awt/GlobalCursorManager$NativeUpdater done

Classes unloaded (0 events):
No events

Classes redefined (0 events):
No events

Internal exceptions (20 events):
Event: 1.136 Thread 0x0000028eabb2ab40 Exception <a 'java/lang/NoSuchMethodError'{0x00000007121d8b58}: 'int java.lang.invoke.DirectMethodHandle$Holder.invokeVirtual(java.lang.Object, java.lang.Object)'> (0x00000007121d8b58) 
thrown [s\open\src\hotspot\share\interpreter\linkResolver.cpp, line 773]
Event: 1.139 Thread 0x0000028eabb2ab40 Exception <a 'java/lang/NoSuchMethodError'{0x00000007121fa3a8}: 'java.lang.Object java.lang.invoke.DirectMethodHandle$Holder.newInvokeSpecial(java.lang.Object, java.lang.Object, java.lang.Object, java.lang.Object, java.lang.Object)'> (0x00000007121fa3a8) 
thrown [s\open\src\hotspot\share\interpreter\linkResolver.cpp, line 773]
Event: 1.141 Thread 0x0000028eabb2ab40 Exception <a 'java/lang/NoSuchMethodError'{0x0000000711e07398}: 'java.lang.Object java.lang.invoke.DirectMethodHandle$Holder.newInvokeSpecial(java.lang.Object, java.lang.Object, java.lang.Object, java.lang.Object, java.lang.Object, java.lang.Object)'> (0x0000000711e07398) 
thrown [s\open\src\hotspot\share\interpreter\linkResolver.cpp, line 773]
Event: 1.154 Thread 0x0000028eabb2ab40 Exception <a 'java/lang/NoSuchMethodError'{0x0000000711e52a58}: 'int java.lang.invoke.DirectMethodHandle$Holder.invokeInterface(java.lang.Object, java.lang.Object)'> (0x0000000711e52a58) 
thrown [s\open\src\hotspot\share\interpreter\linkResolver.cpp, line 773]
Event: 1.155 Thread 0x0000028eabb2ab40 Exception <a 'sun/nio/fs/WindowsException'{0x0000000711e58800}> (0x0000000711e58800) 
thrown [s\open\src\hotspot\share\prims\jni.cpp, line 520]
Event: 1.157 Thread 0x0000028eabb2ab40 Exception <a 'sun/nio/fs/WindowsException'{0x0000000711e603b8}> (0x0000000711e603b8) 
thrown [s\open\src\hotspot\share\prims\jni.cpp, line 520]
Event: 1.185 Thread 0x0000028eabb2ab40 Exception <a 'sun/nio/fs/WindowsException'{0x0000000711f15318}> (0x0000000711f15318) 
thrown [s\open\src\hotspot\share\prims\jni.cpp, line 520]
Event: 1.192 Thread 0x0000028eabb2ab40 Exception <a 'sun/nio/fs/WindowsException'{0x0000000711f6ac60}> (0x0000000711f6ac60) 
thrown [s\open\src\hotspot\share\prims\jni.cpp, line 520]
Event: 1.222 Thread 0x0000028eabb2ab40 Exception <a 'java/lang/NoSuchMethodError'{0x00000007118422d8}: 'java.lang.Object java.lang.invoke.DirectMethodHandle$Holder.invokeSpecial(java.lang.Object, java.lang.Object, java.lang.Object, int, int)'> (0x00000007118422d8) 
thrown [s\open\src\hotspot\share\interpreter\linkResolver.cpp, line 773]
Event: 1.224 Thread 0x0000028eabb2ab40 Exception <a 'java/lang/NoSuchMethodError'{0x00000007118483b8}: 'java.lang.Object java.lang.invoke.DirectMethodHandle$Holder.invokeVirtual(java.lang.Object, java.lang.Object, int)'> (0x00000007118483b8) 
thrown [s\open\src\hotspot\share\interpreter\linkResolver.cpp, line 773]
Event: 1.262 Thread 0x0000028eabb2ab40 Exception <a 'java/lang/NoSuchMethodError'{0x00000007119aa760}: 'java.lang.Object java.lang.invoke.DirectMethodHandle$Holder.invokeStatic(java.lang.Object, int, java.lang.Object)'> (0x00000007119aa760) 
thrown [s\open\src\hotspot\share\interpreter\linkResolver.cpp, line 773]
Event: 1.389 Thread 0x0000028eabb2ab40 Exception <a 'java/lang/NoSuchMethodError'{0x0000000710e83a90}: 'java.lang.Object java.lang.invoke.DirectMethodHandle$Holder.invokeVirtual(java.lang.Object, java.lang.Object, java.lang.Object, int, int)'> (0x0000000710e83a90) 
thrown [s\open\src\hotspot\share\interpreter\linkResolver.cpp, line 773]
Event: 1.410 Thread 0x0000028eabb2ab40 Exception <a 'java/lang/NoSuchMethodError'{0x0000000710ff5e88}: 'int java.lang.invoke.DirectMethodHandle$Holder.invokeStatic(java.lang.Object, java.lang.Object, java.lang.Object, java.lang.Object)'> (0x0000000710ff5e88) 
thrown [s\open\src\hotspot\share\interpreter\linkResolver.cpp, line 773]
Event: 1.622 Thread 0x0000028eabb2ab40 Exception <a 'java/lang/NoSuchMethodError'{0x000000071309ee98}: 'void java.lang.invoke.DirectMethodHandle$Holder.invokeInterface(java.lang.Object, java.lang.Object)'> (0x000000071309ee98) 
thrown [s\open\src\hotspot\share\interpreter\linkResolver.cpp, line 773]
Event: 3.354 Thread 0x0000028eabb2ab40 Exception <a 'sun/nio/fs/WindowsException'{0x000000070523aaf0}> (0x000000070523aaf0) 
thrown [s\open\src\hotspot\share\prims\jni.cpp, line 520]
Event: 3.355 Thread 0x0000028eabb2ab40 Exception <a 'java/lang/ClassNotFoundException'{0x000000070523c8e8}: sun/awt/resources/spi/awtProvider> (0x000000070523c8e8) 
thrown [s\open\src\hotspot\share\classfile\systemDictionary.cpp, line 312]
Event: 3.362 Thread 0x0000028eabb2ab40 Exception <a 'java/io/FileNotFoundException'{0x0000000705273658}> (0x0000000705273658) 
thrown [s\open\src\hotspot\share\prims\jni.cpp, line 520]
Event: 3.365 Thread 0x0000028eabb2ab40 Exception <a 'java/io/FileNotFoundException'{0x000000070529d2b8}> (0x000000070529d2b8) 
thrown [s\open\src\hotspot\share\prims\jni.cpp, line 520]
Event: 3.402 Thread 0x0000028eabb2ab40 Exception <a 'java/lang/ClassNotFoundException'{0x00000007052f1ad0}: sun/awt/windows/spi/awtLocalizationProvider> (0x00000007052f1ad0) 
thrown [s\open\src\hotspot\share\classfile\systemDictionary.cpp, line 312]
Event: 3.405 Thread 0x0000028eabb2ab40 Exception <a 'java/lang/NoSuchMethodError'{0x00000007052f9948}: 'int java.lang.invoke.DirectMethodHandle$Holder.invokeStatic(java.lang.Object)'> (0x00000007052f9948) 
thrown [s\open\src\hotspot\share\interpreter\linkResolver.cpp, line 773]

ZGC Phase Switch (0 events):
No events

VM Operations (20 events):
Event: 1.252 Executing VM operation: ICBufferFull
Event: 1.252 Executing VM operation: ICBufferFull done
Event: 1.378 Executing VM operation: HandshakeAllThreads (Deoptimize)
Event: 1.378 Executing VM operation: HandshakeAllThreads (Deoptimize) done
Event: 1.390 Executing VM operation: ICBufferFull
Event: 1.390 Executing VM operation: ICBufferFull done
Event: 1.503 Executing VM operation: G1CollectForAllocation (G1 Evacuation Pause)
Event: 1.508 Executing VM operation: G1CollectForAllocation (G1 Evacuation Pause) done
Event: 1.627 Executing VM operation: HandshakeAllThreads (Deoptimize)
Event: 1.627 Executing VM operation: HandshakeAllThreads (Deoptimize) done
Event: 1.637 Executing VM operation: CollectForMetadataAllocation (Metadata GC Threshold)
Event: 1.641 Executing VM operation: CollectForMetadataAllocation (Metadata GC Threshold) done
Event: 1.642 Executing VM operation: G1PauseRemark
Event: 1.644 Executing VM operation: G1PauseRemark done
Event: 1.644 Executing VM operation: G1PauseCleanup
Event: 1.644 Executing VM operation: G1PauseCleanup done
Event: 2.651 Executing VM operation: Cleanup
Event: 2.651 Executing VM operation: Cleanup done
Event: 3.663 Executing VM operation: Cleanup
Event: 3.663 Executing VM operation: Cleanup done

Events (20 events):
Event: 0.111 Thread 0x0000028ecd5335b0 Thread added: 0x0000028ecd5335b0
Event: 0.167 Thread 0x0000028ecd533c80 Thread added: 0x0000028ecd533c80
Event: 0.200 Thread 0x0000028f13259440 Thread added: 0x0000028f13259440
Event: 0.200 Thread 0x0000028ecd7aadc0 Thread added: 0x0000028ecd7aadc0
Event: 0.571 Thread 0x0000028ecd5335b0 Thread exited: 0x0000028ecd5335b0
Event: 0.571 Thread 0x0000028ecd533c80 Thread exited: 0x0000028ecd533c80
Event: 0.926 Thread 0x0000028f13dde1c0 Thread added: 0x0000028f13dde1c0
Event: 1.019 Thread 0x0000028ecd5335b0 Thread added: 0x0000028ecd5335b0
Event: 1.240 Thread 0x0000028ecd533c80 Thread added: 0x0000028ecd533c80
Event: 1.468 Thread 0x0000028f14573fe0 Thread added: 0x0000028f14573fe0
Event: 1.636 Thread 0x0000028ecd5335b0 Thread exited: 0x0000028ecd5335b0
Event: 1.636 Thread 0x0000028ecd533c80 Thread exited: 0x0000028ecd533c80
Event: 3.390 Thread 0x0000028f1456cf10 Thread added: 0x0000028f1456cf10
Event: 3.391 Thread 0x0000028f144b26a0 Thread added: 0x0000028f144b26a0
Event: 3.391 Thread 0x0000028f1456a8d0 Thread added: 0x0000028f1456a8d0
Event: 3.404 Thread 0x0000028f13c29170 Thread added: 0x0000028f13c29170
Event: 3.404 Thread 0x0000028f13c29170 Thread exited: 0x0000028f13c29170
Event: 3.405 Thread 0x0000028f13c29170 Thread added: 0x0000028f13c29170
Event: 5.337 Thread 0x0000028f14573fe0 Thread exited: 0x0000028f14573fe0
Event: 5.343 Thread 0x0000028f141fdd10 Thread added: 0x0000028f141fdd10


Dynamic libraries:
0x00007ff7a7fe0000 - 0x00007ff7a7fee000 	C:\Users\stas2\.jdks\openjdk-21.0.1\bin\java.exe
0x00007ffaf71e0000 - 0x00007ffaf7448000 	C:\WINDOWS\SYSTEM32\ntdll.dll
0x00007ffaf5480000 - 0x00007ffaf5549000 	C:\WINDOWS\System32\KERNEL32.DLL
0x00007ffaf4610000 - 0x00007ffaf4a02000 	C:\WINDOWS\System32\KERNELBASE.dll
0x00007ffaf44c0000 - 0x00007ffaf460b000 	C:\WINDOWS\System32\ucrtbase.dll
0x00007ffada1f0000 - 0x00007ffada208000 	C:\Users\stas2\.jdks\openjdk-21.0.1\bin\jli.dll
0x00007ffada1d0000 - 0x00007ffada1eb000 	C:\Users\stas2\.jdks\openjdk-21.0.1\bin\VCRUNTIME140.dll
0x00007ffaf6150000 - 0x00007ffaf6315000 	C:\WINDOWS\System32\USER32.dll
0x00007ffadd150000 - 0x00007ffadd3e3000 	C:\WINDOWS\WinSxS\amd64_microsoft.windows.common-controls_6595b64144ccf1df_6.0.26100.6899_none_3e0efeeae32e88c1\COMCTL32.dll
0x00007ffaf4e00000 - 0x00007ffaf4e27000 	C:\WINDOWS\System32\win32u.dll
0x00007ffaf6f40000 - 0x00007ffaf6fe9000 	C:\WINDOWS\System32\msvcrt.dll
0x00007ffaf5dc0000 - 0x00007ffaf5deb000 	C:\WINDOWS\System32\GDI32.dll
0x00007ffaf4a10000 - 0x00007ffaf4b3d000 	C:\WINDOWS\System32\gdi32full.dll
0x00007ffaf4be0000 - 0x00007ffaf4c83000 	C:\WINDOWS\System32\msvcp_win.dll
0x00007ffaf5440000 - 0x00007ffaf546f000 	C:\WINDOWS\System32\IMM32.DLL
0x00007ffaea1f0000 - 0x00007ffaea1fc000 	C:\Users\stas2\.jdks\openjdk-21.0.1\bin\vcruntime140_1.dll
0x00007ffada140000 - 0x00007ffada1ce000 	C:\Users\stas2\.jdks\openjdk-21.0.1\bin\msvcp140.dll
0x00007ffad6b60000 - 0x00007ffad7875000 	C:\Users\stas2\.jdks\openjdk-21.0.1\bin\server\jvm.dll
0x00007ffaf6d50000 - 0x00007ffaf6e04000 	C:\WINDOWS\System32\ADVAPI32.dll
0x00007ffaf6320000 - 0x00007ffaf63c6000 	C:\WINDOWS\System32\sechost.dll
0x00007ffaf6ff0000 - 0x00007ffaf7108000 	C:\WINDOWS\System32\RPCRT4.dll
0x00007ffaf6c60000 - 0x00007ffaf6cd4000 	C:\WINDOWS\System32\WS2_32.dll
0x00007ffaf2f70000 - 0x00007ffaf2fce000 	C:\WINDOWS\SYSTEM32\POWRPROF.dll
0x00007ffae1570000 - 0x00007ffae15a5000 	C:\WINDOWS\SYSTEM32\WINMM.dll
0x00007ffaea8b0000 - 0x00007ffaea8bb000 	C:\WINDOWS\SYSTEM32\VERSION.dll
0x00007ffaf2f50000 - 0x00007ffaf2f64000 	C:\WINDOWS\SYSTEM32\UMPDC.dll
0x00007ffaf3230000 - 0x00007ffaf324b000 	C:\WINDOWS\SYSTEM32\kernel.appcore.dll
0x00007ffada130000 - 0x00007ffada13a000 	C:\Users\stas2\.jdks\openjdk-21.0.1\bin\jimage.dll
0x00007ffaf1ae0000 - 0x00007ffaf1d22000 	C:\WINDOWS\SYSTEM32\DBGHELP.DLL
0x00007ffaf68e0000 - 0x00007ffaf6c5b000 	C:\WINDOWS\System32\combase.dll
0x00007ffaf63d0000 - 0x00007ffaf64a7000 	C:\WINDOWS\System32\OLEAUT32.dll
0x00007ffad4fb0000 - 0x00007ffad4fec000 	C:\WINDOWS\SYSTEM32\dbgcore.DLL
0x00007ffaf4b40000 - 0x00007ffaf4bd8000 	C:\WINDOWS\System32\bcryptPrimitives.dll
0x00007ffada100000 - 0x00007ffada10f000 	C:\Users\stas2\.jdks\openjdk-21.0.1\bin\instrument.dll
0x00007ffada110000 - 0x00007ffada12f000 	C:\Users\stas2\.jdks\openjdk-21.0.1\bin\java.dll
0x00007ffaf5560000 - 0x00007ffaf5cad000 	C:\WINDOWS\System32\SHELL32.dll
0x00007ffaf4c90000 - 0x00007ffaf4dfb000 	C:\WINDOWS\System32\wintypes.dll
0x00007ffaf1fc0000 - 0x00007ffaf281d000 	C:\WINDOWS\SYSTEM32\windows.storage.dll
0x00007ffaf5e70000 - 0x00007ffaf5f62000 	C:\WINDOWS\System32\SHCORE.dll
0x00007ffaf6870000 - 0x00007ffaf68d2000 	C:\WINDOWS\System32\shlwapi.dll
0x00007ffaf4290000 - 0x00007ffaf42b9000 	C:\WINDOWS\SYSTEM32\profapi.dll
0x00007ffad9e30000 - 0x00007ffad9f07000 	C:\Users\stas2\.jdks\openjdk-21.0.1\bin\jsvml.dll
0x00007ffada0f0000 - 0x00007ffada100000 	C:\Users\stas2\.jdks\openjdk-21.0.1\bin\net.dll
0x00007ffaeb340000 - 0x00007ffaeb45f000 	C:\WINDOWS\SYSTEM32\WINHTTP.dll
0x00007ffaf37d0000 - 0x00007ffaf383b000 	C:\WINDOWS\system32\mswsock.dll
0x00007ffada0d0000 - 0x00007ffada0e6000 	C:\Users\stas2\.jdks\openjdk-21.0.1\bin\nio.dll
0x00007ffada0b0000 - 0x00007ffada0c8000 	C:\Users\stas2\.jdks\openjdk-21.0.1\bin\zip.dll
0x00007ffada070000 - 0x00007ffada08a000 	C:\IntelliJ IDEA Community Edition 2021.3.2\IntelliJ IDEA Community Edition 2023.2.1\bin\breakgen64.dll
0x00007ffad9db0000 - 0x00007ffad9e2b000 	C:\Users\stas2\AppData\Local\Temp\lwjgl_stas2\3.3.4+7\x64\lwjgl.dll
0x00007ffad9b80000 - 0x00007ffad9c05000 	C:\Users\stas2\AppData\Local\Temp\lwjgl_stas2\3.3.4+7\x64\glfw.dll
0x00007ffad9b30000 - 0x00007ffad9b7b000 	C:\WINDOWS\SYSTEM32\dinput8.dll
0x00007ffad9b10000 - 0x00007ffad9b2c000 	C:\WINDOWS\SYSTEM32\xinput1_4.dll
0x00007ffaf3fe0000 - 0x00007ffaf400d000 	C:\WINDOWS\SYSTEM32\DEVOBJ.dll
0x00007ffaf4010000 - 0x00007ffaf4067000 	C:\WINDOWS\SYSTEM32\cfgmgr32.dll
0x00007ffaeecb0000 - 0x00007ffaeecdd000 	C:\WINDOWS\SYSTEM32\dwmapi.dll
0x00007ffab5190000 - 0x00007ffab536e000 	C:\WINDOWS\SYSTEM32\inputhost.dll
0x00007ffaee310000 - 0x00007ffaee435000 	C:\WINDOWS\SYSTEM32\CoreMessaging.dll
0x00007ffaee8a0000 - 0x00007ffaee94a000 	C:\WINDOWS\system32\uxtheme.dll
0x00007ffaf66e0000 - 0x00007ffaf683b000 	C:\WINDOWS\System32\MSCTF.dll
0x00007ffaf3aa0000 - 0x00007ffaf3aac000 	C:\WINDOWS\SYSTEM32\CRYPTBASE.DLL
0x00007ffabd8a0000 - 0x00007ffabd9ac000 	C:\WINDOWS\SYSTEM32\opengl32.dll
0x00007ffacdd30000 - 0x00007ffacdd5d000 	C:\WINDOWS\SYSTEM32\GLU32.dll
0x00007ffaf12f0000 - 0x00007ffaf1334000 	C:\WINDOWS\SYSTEM32\dxcore.dll
0x00007ffaeae00000 - 0x00007ffaeae63000 	C:\WINDOWS\SYSTEM32\directxdatabasehelper.dll
0x00007ffae0c10000 - 0x00007ffae0c2a000 	C:\WINDOWS\SYSTEM32\windows.staterepositorycore.dll
0x00007ffa47cb0000 - 0x00007ffa48ca3000 	C:\WINDOWS\System32\DriverStore\FileRepository\iigd_dch.inf_amd64_5802b1615520e41c\igxelpicd64.dll
0x00007ffaf64b0000 - 0x00007ffaf6648000 	C:\WINDOWS\System32\ole32.dll
0x00007ffaeeb50000 - 0x00007ffaeec8b000 	C:\WINDOWS\system32\dxgi.dll
0x00007ffa479c0000 - 0x00007ffa47ca7000 	C:\WINDOWS\System32\DriverStore\FileRepository\iigd_dch.inf_amd64_5802b1615520e41c\igdml64.dll
0x00007ffae6a70000 - 0x00007ffae6e37000 	C:\WINDOWS\System32\DriverStore\FileRepository\iigd_dch.inf_amd64_5802b1615520e41c\igdgmm64.dll
0x00007ffae33e0000 - 0x00007ffae69f1000 	C:\WINDOWS\System32\DriverStore\FileRepository\iigd_dch.inf_amd64_5802b1615520e41c\igc64.dll
0x00007ffac0770000 - 0x00007ffac08ba000 	C:\WINDOWS\SYSTEM32\textinputframework.dll
0x00007ffae93b0000 - 0x00007ffae9693000 	C:\WINDOWS\SYSTEM32\CoreUIComponents.dll
0x00007ffad9aa0000 - 0x00007ffad9b01000 	C:\Users\stas2\AppData\Local\Temp\lwjgl_stas2\3.3.4+7\x64\lwjgl_opengl.dll
0x00007ffad6360000 - 0x00007ffad6b54000 	C:\Users\stas2\AppData\Local\Temp\imgui-java-natives\1.89.0\imgui-java64.dll
0x00007ffada090000 - 0x00007ffada0a0000 	C:\Users\stas2\.jdks\openjdk-21.0.1\bin\verify.dll
0x00007ffad9a00000 - 0x00007ffad9aa0000 	C:\Users\stas2\AppData\Local\Temp\lwjgl_stas2\3.3.4+7\x64\lwjgl_stb.dll
0x00007ffad9870000 - 0x00007ffad99fe000 	C:\Users\stas2\.jdks\openjdk-21.0.1\bin\awt.dll
0x00007ffaee710000 - 0x00007ffaee7af000 	C:\WINDOWS\SYSTEM32\apphelp.dll
0x00007ffaf5cb0000 - 0x00007ffaf5da3000 	C:\WINDOWS\System32\COMDLG32.dll
0x00007ffaf6e70000 - 0x00007ffaf6f21000 	C:\WINDOWS\System32\clbcatq.dll
0x00007ffad95e0000 - 0x00007ffad967f000 	C:\Program Files\Common Files\microsoft shared\ink\tiptsf.dll
0x00007ffabdf10000 - 0x00007ffabdfc3000 	C:\WINDOWS\SYSTEM32\TextShaping.dll
0x00007ffacf3a0000 - 0x00007ffacf41a000 	C:\WINDOWS\SYSTEM32\OLEACC.dll
0x00007ffab53f0000 - 0x00007ffab5809000 	C:\WINDOWS\SYSTEM32\UIAutomationCore.DLL
0x00007ffac4b90000 - 0x00007ffac4bb9000 	C:\WINDOWS\SYSTEM32\edputil.dll
0x00007ffaecea0000 - 0x00007ffaed0d0000 	C:\WINDOWS\SYSTEM32\WindowsCodecs.dll
0x00007ffabbb60000 - 0x00007ffabbc28000 	C:\Windows\System32\OneCoreCommonProxyStub.dll
0x00007ffa9e3f0000 - 0x00007ffa9e45f000 	C:\Windows\System32\thumbcache.dll
0x00007ffab49c0000 - 0x00007ffab4a0f000 	C:\Windows\System32\vaultcli.dll
0x00007ffaebea0000 - 0x00007ffaebfa4000 	C:\WINDOWS\system32\propsys.dll
0x00007ffab1460000 - 0x00007ffab147b000 	C:\WINDOWS\system32\NetworkExplorer.dll
0x00007ffa96790000 - 0x00007ffa96838000 	C:\WINDOWS\SYSTEM32\ntshrui.dll
0x00007ffadb8a0000 - 0x00007ffadb8c9000 	C:\WINDOWS\SYSTEM32\srvcli.dll
0x00007ffac4d00000 - 0x00007ffac4d13000 	C:\WINDOWS\SYSTEM32\cscapi.dll
0x00007ffacc8f0000 - 0x00007ffacc9ae000 	C:\WINDOWS\System32\StructuredQuery.dll
0x00007ffadae50000 - 0x00007ffadb0ee000 	C:\WINDOWS\System32\icu.dll
0x00007ffadfa70000 - 0x00007ffae00be000 	C:\Windows\System32\OneCoreUAPCommonProxyStub.dll
0x00007ffabb820000 - 0x00007ffabb957000 	C:\WINDOWS\system32\Windows.Storage.Search.dll
0x00007ffabb960000 - 0x00007ffabbadb000 	C:\Windows\System32\Windows.System.Launcher.dll
0x00007ffaee640000 - 0x00007ffaee69a000 	C:\WINDOWS\system32\dataexchange.dll
0x00007ffaeaab0000 - 0x00007ffaeacf5000 	C:\WINDOWS\system32\twinapi.appcore.dll
0x00007ffabcea0000 - 0x00007ffabcf64000 	C:\Windows\System32\Windows.StateRepositoryPS.dll
0x00007ffadc850000 - 0x00007ffadca30000 	C:\Windows\System32\urlmon.dll
0x00007ffadbba0000 - 0x00007ffadbe65000 	C:\Windows\System32\iertutil.dll
0x00007ffaf2b50000 - 0x00007ffaf2b5d000 	C:\Windows\System32\netutils.dll
0x00007ffaf34e0000 - 0x00007ffaf3529000 	C:\Windows\System32\SspiCli.dll
0x00007ffa9a460000 - 0x00007ffa9a656000 	C:\Users\stas2\AppData\Local\Microsoft\OneDrive\25.179.0914.0003\FileSyncShell64.dll
0x00007ffaf4e30000 - 0x00007ffaf4fa7000 	C:\WINDOWS\System32\CRYPT32.dll
0x00007ffaf4260000 - 0x00007ffaf4286000 	C:\WINDOWS\SYSTEM32\bcrypt.dll
0x00007ffaee6d0000 - 0x00007ffaee6dd000 	C:\WINDOWS\SYSTEM32\Secur32.dll
0x00007ffaee6e0000 - 0x00007ffaee70a000 	C:\WINDOWS\SYSTEM32\WTSAPI32.dll
0x00007ffadd3f0000 - 0x00007ffadd679000 	C:\WINDOWS\SYSTEM32\WININET.dll
0x00007ffaf3870000 - 0x00007ffaf389b000 	C:\WINDOWS\SYSTEM32\USERENV.dll
0x00007ffa9ba40000 - 0x00007ffa9ba78000 	C:\Windows\System32\EhStorShell.dll
0x00007ffaf4fb0000 - 0x00007ffaf5438000 	C:\WINDOWS\System32\SETUPAPI.dll

dbghelp: loaded successfully - version: 4.0.5 - missing functions: none
symbol engine: initialized successfully - sym options: 0x614 - pdb path: .;C:\Users\stas2\.jdks\openjdk-21.0.1\bin;C:\WINDOWS\SYSTEM32;C:\WINDOWS\WinSxS\amd64_microsoft.windows.common-controls_6595b64144ccf1df_6.0.26100.6899_none_3e0efeeae32e88c1;C:\Users\stas2\.jdks\openjdk-21.0.1\bin\server;C:\IntelliJ IDEA Community Edition 2021.3.2\IntelliJ IDEA Community Edition 2023.2.1\bin;C:\Users\stas2\AppData\Local\Temp\lwjgl_stas2\3.3.4+7\x64;C:\WINDOWS\System32\DriverStore\FileRepository\iigd_dch.inf_amd64_5802b1615520e41c;C:\Users\stas2\AppData\Local\Temp\imgui-java-natives\1.89.0;C:\Program Files\Common Files\microsoft shared\ink;C:\Users\stas2\AppData\Local\Microsoft\OneDrive\25.179.0914.0003

VM Arguments:
jvm_args: -javaagent:C:\IntelliJ IDEA Community Edition 2021.3.2\IntelliJ IDEA Community Edition 2023.2.1\lib\idea_rt.jar=64862:C:\IntelliJ IDEA Community Edition 2021.3.2\IntelliJ IDEA Community Edition 2023.2.1\bin -Dfile.encoding=windows-1252 -Dsun.stdout.encoding=windows-1252 -Dsun.stderr.encoding=windows-1252 --module-path=C:\Users\stas2\.m2\repository\com\fasterxml\jackson\core\jackson-databind\2.17.2\jackson-databind-2.17.2.jar;C:\Users\stas2\.m2\repository\org\joml\joml-primitives\1.10.0\joml-primitives-1.10.0.jar;C:\Users\stas2\.m2\repository\io\github\spair\imgui-java-binding\1.89.0\imgui-java-binding-1.89.0.jar;C:\Users\stas2\.m2\repository\org\lwjgl\lwjgl-stb\3.3.4\lwjgl-stb-3.3.4.jar;C:\Users\stas2\.m2\repository\io\github\spair\imgui-java-lwjgl3\1.89.0\imgui-java-lwjgl3-1.89.0.jar;C:\Users\stas2\.m2\repository\com\fasterxml\jackson\core\jackson-core\2.17.2\jackson-core-2.17.2.jar;C:\Users\stas2\.m2\repository\org\lwjgl\lwjgl\3.3.4\lwjgl-3.3.4.jar;O:\GIt\MultiplayerShooter\target\classes;C:\Users\stas2\.m2\repository\org\lwjgl\lwjgl-vulkan\3.3.4\lwjgl-vulkan-3.3.4.jar;C:\Users\stas2\.m2\repository\org\lwjgl\lwjgl-glfw\3.3.4\lwjgl-glfw-3.3.4.jar;C:\Users\stas2\.m2\repository\org\lwjgl\lwjgl-opengl\3.3.4\lwjgl-opengl-3.3.4.jar;C:\Users\stas2\.m2\repository\org\joml\joml\1.10.7\joml-1.10.7.jar;C:\Users\stas2\.m2\repository\com\fasterxml\jackson\core\jackson-annotations\2.17.2\jackson-annotations-2.17.2.jar;C:\Users\stas2\.m2\repository\org\lwjgl\lwjgl-assimp\3.3.4\lwjgl-assimp-3.3.4.jar -Djdk.module.main=com.bedrye.bjge 
java_command: com.bedrye.bjge/com.bedrye.bjge.TestMain
java_class_path (initial): C:\Users\stas2\.m2\repository\io\github\spair\imgui-java-natives-windows\1.89.0\imgui-java-natives-windows-1.89.0.jar;C:\Users\stas2\.m2\repository\org\junit\jupiter\junit-jupiter-api\5.9.2\junit-jupiter-api-5.9.2.jar;C:\Users\stas2\.m2\repository\org\opentest4j\opentest4j\1.2.0\opentest4j-1.2.0.jar;C:\Users\stas2\.m2\repository\org\junit\platform\junit-platform-commons\1.9.2\junit-platform-commons-1.9.2.jar;C:\Users\stas2\.m2\repository\org\apiguardian\apiguardian-api\1.1.2\apiguardian-api-1.1.2.jar;C:\Users\stas2\.m2\repository\org\junit\jupiter\junit-jupiter-engine\5.9.2\junit-jupiter-engine-5.9.2.jar;C:\Users\stas2\.m2\repository\org\junit\platform\junit-platform-engine\1.9.2\junit-platform-engine-1.9.2.jar;C:\Users\stas2\.m2\repository\org\lwjgl\lwjgl-bgfx\3.3.4\lwjgl-bgfx-3.3.4.jar;C:\Users\stas2\.m2\repository\org\lwjgl\lwjgl-nanovg\3.3.4\lwjgl-nanovg-3.3.4.jar;C:\Users\stas2\.m2\repository\org\lwjgl\lwjgl-nuklear\3.3.4\lwjgl-nuklear-3.3.4.jar;C:\Users\stas2\.m2\repository\org\lwjgl\lwjgl-openal\3.3.4\lwjgl-openal-3.3.4.jar;C:\Users\stas2\.m2\repository\org\lwjgl\lwjgl-par\3.3.4\lwjgl-par-3.3.4.jar;C:\Users\stas2\.m2\repository\org\lwjgl\lwjgl\3.3.4\lwjgl-3.3.4-natives-windows.jar;C:\Users\stas2\.m2\repository\org\lwjgl\lwjgl-assimp\3.3.4\lwjgl-assimp-3.3.4-natives-windows.jar;C:\Users\stas2\.m2\repository\org\lwjgl\lwjgl-bgfx\3.3.4\lwjgl-bgfx-3.3.4-natives-windows.jar;C:\Users\stas2\.m2\repository\org\lwjgl\lwjgl-glfw\3.3.4\lwjgl-glfw-3.3.4-natives-windows.jar;C:\Users\stas2\.m2\repository\org\lwjgl\lwjgl-nanovg\3.3.4\lwjgl-nanovg-3.3.4-natives-windows.jar;C:\Users\stas2\.m2\repository\org\lwjgl\lwjgl-nuklear\3.3.4\lwjgl-nuklear-3.3.4-natives-windows.jar;C:\Users\stas2\.m2\repository\org\lwjgl\lwjgl-openal\3.3.4\lwjgl-openal-3.3.4-natives-windows.jar;C:\Users\stas2\.m2\repository\org\lwjgl\lwjgl-opengl\3.3.4\lwjgl-opengl-3.3.4-natives-windows.jar;C:\Users\stas2\.m2\repository\org\lwjgl\lwjgl-par\3.3.4\lwjgl-par-3.3.4-natives-windows.jar;C:\Users\stas2\.m2\repository\org\lwjgl\lwjgl-stb\3.3.4\lwjgl-stb-3.3.4-natives-windows.jar
Launcher Type: SUN_STANDARD

[Global flags]
     intx CICompilerCount                          = 4                                         {product} {ergonomic}
     uint ConcGCThreads                            = 3                                         {product} {ergonomic}
     uint G1ConcRefinementThreads                  = 10                                        {product} {ergonomic}
   size_t G1HeapRegionSize                         = 2097152                                   {product} {ergonomic}
    uintx GCDrainStackTargetSize                   = 64                                        {product} {ergonomic}
   size_t InitialHeapSize                          = 266338304                                 {product} {ergonomic}
   size_t MarkStackSize                            = 4194304                                   {product} {ergonomic}
   size_t MaxHeapSize                              = 4238344192                                {product} {ergonomic}
   size_t MaxNewSize                               = 2541748224                                {product} {ergonomic}
   size_t MinHeapDeltaBytes                        = 2097152                                   {product} {ergonomic}
   size_t MinHeapSize                              = 8388608                                   {product} {ergonomic}
    uintx NonNMethodCodeHeapSize                   = 5839372                                {pd product} {ergonomic}
    uintx NonProfiledCodeHeapSize                  = 122909434                              {pd product} {ergonomic}
    uintx ProfiledCodeHeapSize                     = 122909434                              {pd product} {ergonomic}
    uintx ReservedCodeCacheSize                    = 251658240                              {pd product} {ergonomic}
     bool SegmentedCodeCache                       = true                                      {product} {ergonomic}
   size_t SoftMaxHeapSize                          = 4238344192                             {manageable} {ergonomic}
     bool UseCompressedOops                        = true                           {product lp64_product} {ergonomic}
     bool UseG1GC                                  = true                                      {product} {ergonomic}
     bool UseLargePagesIndividualAllocation        = false                                  {pd product} {ergonomic}

Logging:
Log output configuration:
 #0: stdout all=warning uptime,level,tags foldmultilines=false
 #1: stderr all=off uptime,level,tags foldmultilines=false

Environment Variables:
JAVA_HOME=C:\Program Files\Java\jdk-21
PATH=C:\Program Files\PlasticSCM5\server;C:\Program Files\PlasticSCM5\client;C:\Program Files\NVIDIA GPU Computing Toolkit\CUDA\v12.6\bin;C:\Program Files\NVIDIA GPU Computing Toolkit\CUDA\v12.6\libnvvp;C:\Program Files\Common Files\Oracle\Java\javapath;C:\Windows\system32;C:\Windows;C:\Program Files\Java\jdk-11.0.2\bin;C:\Windows\System32\Wbem;C:\ORacleDatabase\dbhomeXE\bin;C:\Windows\System32\WindowsPowerShell\v1.0\;C:\Windows\System32\OpenSSH\;C:\Program Files (x86)\NVIDIA Corporation\PhysX\Common;C:\Program Files\NVIDIA Corporation\NVIDIA NvDLISR;C:\Program Files\Git LFS;C:\Program Files\Git\cmd;C:\Program Files (x86)\Windows Kits\10\Windows Performance Toolkit\;C:\Program Files (x86)\Steam\steamapps\common\Counter-Strike Global Offensive\game\bin\win64;C:\Users\stas2\AppData\Local\Programs\Python\Python311;C:\Program Files\dotnet\;C:\Program Files\Microsoft SQL Server\150\Tools\Binn\;C:\Program Files\Microsoft SQL Server\Client SDK\ODBC\170\Tools\Binn\;C:\Program Files\NVIDIA Corporation\Nsight Compute 2024.3.2\;C:\Program Files (x86)\Microsoft SQL Server\160\Tools\Binn\;C:\Program Files\Microsoft SQL Server\160\Tools\Binn\;C:\Program Files\Microsoft SQL Server\160\DTS\Binn\;C:\Program Files (x86)\Microsoft SQL Server\160\DTS\Binn\;C:\WINDOWS\system32;C:\WINDOWS;C:\WINDOWS\System32\Wbem;C:\WINDOWS\System32\WindowsPowerShell\v1.0\;C:\WINDOWS\System32\OpenSSH\;C:\Program Files\Docker\Docker\resources\bin;O:\npdejs\;C:\Users\stas2\AppData\Local\Programs\Python\Python312\Scripts;C:\Users\stas2\AppData\Local\Microsoft\WindowsApps;C:\Users\stas2\AppData\Local\Programs\Microsoft VS Code\bin;C:\Users\stas2\AppData\Local\GitHubDesktop\bin;C:\Users\stas2\AppData\Local\Programs\Python\Python311;C:\Program Files (x86)\Steam\steamapps\common\Counter-Strike Global Offensive\game\bin\win64;C:\Users\stas2\.dotnet\tools;C:\Users\stas2\AppData\Local\Muse Hub\lib;C:\Users\stas2\AppData\Roaming\npm;C:\Users\stas2\AppData\Local\Programs\Python\Python312\Scripts;
USERNAME=stas2
OS=Windows_NT
PROCESSOR_IDENTIFIER=Intel64 Family 6 Model 141 Stepping 1, GenuineIntel
TMP=C:\Users\stas2\AppData\Local\Temp
TEMP=C:\Users\stas2\AppData\Local\Temp




Periodic native trim disabled

---------------  S Y S T E M  ---------------

OS:
 Windows 11 , 64 bit Build 26100 (10.0.26100.6725)
OS uptime: 0 days 19:33 hours
Hyper-V role detected

CPU: total 12 (initial active 12) (6 cores per cpu, 2 threads per core) family 6 model 141 stepping 1 microcode 0x3c, cx8, cmov, fxsr, ht, mmx, 3dnowpref, sse, sse2, sse3, ssse3, sse4.1, sse4.2, popcnt, lzcnt, tsc, tscinvbit, avx, avx2, aes, erms, clmul, bmi1, bmi2, adx, avx512f, avx512dq, avx512cd, avx512bw, avx512vl, sha, fma, vzeroupper, avx512_vpopcntdq, avx512_vpclmulqdq, avx512_vaes, avx512_vnni, clflush, clflushopt, clwb, avx512_vbmi2, avx512_vbmi, hv, rdtscp, rdpid, fsrm, gfni, avx512_bitalg, f16c, cet_ibt, cet_ss, avx512_ifma
Processor Information for all 12 processors :
  Max Mhz: 2688, Current Mhz: 2688, Mhz Limit: 2688

Memory: 4k page, system-wide physical 16163M (795M free)
TotalPageFile size 42787M (AvailPageFile size 11293M)
current process WorkingSet (physical memory assigned to process): 303M, peak: 308M
current process commit charge ("private bytes"): 264M, peak: 474M

vm_info: OpenJDK 64-Bit Server VM (21.0.1+12-29) for windows-amd64 JRE (21.0.1+12-29), built on 2023-10-05T13:27:09Z by "mach5one" with MS VC++ 17.1 (VS2022)

END.
