#
# A fatal error has been detected by the Java Runtime Environment:
#
#  EXCEPTION_ACCESS_VIOLATION (0xc0000005) at pc=0x00007ffdb53a6fa6, pid=30696, tid=23440
#
# JRE version: OpenJDK Runtime Environment (21.0.1+12) (build 21.0.1+12-29)
# Java VM: OpenJDK 64-Bit Server VM (21.0.1+12-29, mixed mode, sharing, tiered, compressed oops, compressed class ptrs, g1 gc, windows-amd64)
# Problematic frame:
# C  [igxelpicd64.dll+0x16fa6]
#
# No core dump will be written. Minidumps are not enabled by default on client versions of Windows
#
# If you would like to submit a bug report, please visit:
#   https://bugreport.java.com/bugreport/crash.jsp
# The crash happened outside the Java Virtual Machine in native code.
# See problematic frame for where to report the bug.
#

---------------  S U M M A R Y ------------

Command Line: -javaagent:C:\IntelliJ IDEA Community Edition 2021.3.2\IntelliJ IDEA Community Edition 2023.2.1\lib\idea_rt.jar=62976:C:\IntelliJ IDEA Community Edition 2021.3.2\IntelliJ IDEA Community Edition 2023.2.1\bin -Dfile.encoding=windows-1252 -Dsun.stdout.encoding=windows-1252 -Dsun.stderr.encoding=windows-1252 --module-path=C:\Users\stas2\.m2\repository\com\fasterxml\jackson\core\jackson-databind\2.17.2\jackson-databind-2.17.2.jar;C:\Users\stas2\.m2\repository\com\fasterxml\jackson\core\jackson-annotations\2.17.2\jackson-annotations-2.17.2.jar;C:\Users\stas2\.m2\repository\org\lwjgl\lwjgl-glfw\3.3.4\lwjgl-glfw-3.3.4.jar;O:\GIt\MultiplayerShooter\target\classes;C:\Users\stas2\.m2\repository\org\joml\joml-primitives\1.10.0\joml-primitives-1.10.0.jar;C:\Users\stas2\.m2\repository\org\lwjgl\lwjgl-assimp\3.3.4\lwjgl-assimp-3.3.4.jar;C:\Users\stas2\.m2\repository\org\lwjgl\lwjgl-opengl\3.3.4\lwjgl-opengl-3.3.4.jar;C:\Users\stas2\.m2\repository\org\lwjgl\lwjgl-stb\3.3.4\lwjgl-stb-3.3.4.jar;C:\Users\stas2\.m2\repository\org\joml\joml\1.10.7\joml-1.10.7.jar;C:\Users\stas2\.m2\repository\io\github\spair\imgui-java-binding\1.89.0\imgui-java-binding-1.89.0.jar;C:\Users\stas2\.m2\repository\io\github\spair\imgui-java-lwjgl3\1.89.0\imgui-java-lwjgl3-1.89.0.jar;C:\Users\stas2\.m2\repository\org\lwjgl\lwjgl-vulkan\3.3.4\lwjgl-vulkan-3.3.4.jar;C:\Users\stas2\.m2\repository\com\fasterxml\jackson\core\jackson-core\2.17.2\jackson-core-2.17.2.jar;C:\Users\stas2\.m2\repository\org\lwjgl\lwjgl\3.3.4\lwjgl-3.3.4.jar -Djdk.module.main=com.bedrye.bjge com.bedrye.bjge/com.bedrye.bjge.TestMain

Host: 11th Gen Intel(R) Core(TM) i5-11400H @ 2.70GHz, 12 cores, 15G,  Windows 11 , 64 bit Build 26100 (10.0.26100.5074)
Time: Tue Oct 14 17:37:15 2025 FLE Summer Time elapsed time: 79.938940 seconds (0d 0h 1m 19s)

---------------  T H R E A D  ---------------

Current thread (0x00000174b5b3dad0):  JavaThread "main"             [_thread_in_native, id=23440, stack(0x0000000db5e00000,0x0000000db5f00000) (1024K)]

Stack: [0x0000000db5e00000,0x0000000db5f00000],  sp=0x0000000db5eff140,  free space=1020k
Native frames: (J=compiled Java code, j=interpreted, Vv=VM code, C=native code)
C  [igxelpicd64.dll+0x16fa6]

Java frames: (J=compiled Java code, j=interpreted, Vv=VM code)
J 2716  org.lwjgl.opengl.GL11C.glClear(I)V org.lwjgl.opengl@3.3.4+7 (0 bytes) @ 0x00000174c7df1499 [0x00000174c7df1440+0x0000000000000059]
J 3011 c2 com.bedrye.bjge.GameEngine.Objects.BJEEditorScene.render()V com.bedrye.bjge (64 bytes) @ 0x00000174c7e34538 [0x00000174c7e344c0+0x0000000000000078]
j  com.bedrye.bjge.GameEngine.EngineWindowManager.update()V+72 com.bedrye.bjge
j  com.bedrye.bjge.GameEngine.EngineWindowManager.run()V+5 com.bedrye.bjge
j  com.bedrye.bjge.TestMain.main([Ljava/lang/String;)V+3 com.bedrye.bjge
v  ~StubRoutines::call_stub 0x00000174c77510e7

siginfo: EXCEPTION_ACCESS_VIOLATION (0xc0000005), writing address 0x0000017521160000


Registers:
RAX=0x00000000680b0000, RBX=0x000001751de46d50, RCX=0x0000017521160000, RDX=0x00007ffdb62a7e00
RSP=0x0000000db5eff140, RBP=0x0000000db5eff270, RSI=0x0000000000000000, RDI=0x000001751de11f40
R8 =0x0000000000000004, R9 =0x0000000db5eff320, R10=0x0000000000000780, R11=0x00000174c7e344e0
R12=0x0000000000000000, R13=0x0000000000004000, R14=0x0000000000000001, R15=0x00000174b5b3dad0
RIP=0x00007ffdb53a6fa6, EFLAGS=0x0000000000010202


Register to memory mapping:

RAX=0x00000000680b0000 is an unknown value
RBX=0x000001751de46d50 points into unknown readable memory: 0x0000000000000000 | 00 00 00 00 00 00 00 00
RCX=0x0000017521160000 is an unknown value
RDX=0x00007ffdb62a7e00 igxelpicd64.dll
RSP=0x0000000db5eff140 is pointing into the stack for thread: 0x00000174b5b3dad0
RBP=0x0000000db5eff270 is pointing into the stack for thread: 0x00000174b5b3dad0
RSI=0x0 is null
RDI=0x000001751de11f40 points into unknown readable memory: 0x000001751dad48c0 | c0 48 ad 1d 75 01 00 00
R8 =0x0000000000000004 is an unknown value
R9 =0x0000000db5eff320 is pointing into the stack for thread: 0x00000174b5b3dad0
R10=0x0000000000000780 is an unknown value
R11=0x00000174c7e344e0 is at entry_point+32 in (nmethod*)0x00000174c7e34290
Compiled method (c2)   79963 3011       4       com.bedrye.bjge.GameEngine.Objects.BJEEditorScene::render (64 bytes)
 total in heap  [0x00000174c7e34290,0x00000174c7e34ac8] = 2104
 relocation     [0x00000174c7e343f0,0x00000174c7e34498] = 168
 constants      [0x00000174c7e344a0,0x00000174c7e344c0] = 32
 main code      [0x00000174c7e344c0,0x00000174c7e346e0] = 544
 stub code      [0x00000174c7e346e0,0x00000174c7e34750] = 112
 oops           [0x00000174c7e34750,0x00000174c7e34770] = 32
 metadata       [0x00000174c7e34770,0x00000174c7e34808] = 152
 scopes data    [0x00000174c7e34808,0x00000174c7e348f8] = 240
 scopes pcs     [0x00000174c7e348f8,0x00000174c7e349e8] = 240
 dependencies   [0x00000174c7e349e8,0x00000174c7e34a08] = 32
 handler table  [0x00000174c7e34a08,0x00000174c7e34ab0] = 168
 nul chk table  [0x00000174c7e34ab0,0x00000174c7e34ac8] = 24
R12=0x0 is null
R13=0x0000000000004000 is an unknown value
R14=0x0000000000000001 is an unknown value
R15=0x00000174b5b3dad0 is a thread

Top of Stack: (sp=0x0000000db5eff140)
0x0000000db5eff140:   0000e1e14d42a08d 00007ffdb53e9400
0x0000000db5eff150:   0000000000000700 000001751dd25a48
0x0000000db5eff160:   0000000000000700 00007ffdb54c5722
0x0000000db5eff170:   000001751de11f40 0000000000000000
0x0000000db5eff180:   0000000db5eff290 00007ffdb54c5d08
0x0000000db5eff190:   000001751da81f30 000001751de52a20
0x0000000db5eff1a0:   000001751de11f40 000001751da81f30
0x0000000db5eff1b0:   00000001b5eff200 0000000000000000
0x0000000db5eff1c0:   000040001df5bb60 0000078000000438
0x0000000db5eff1d0:   0000000db5eff320 0000000000000000
0x0000000db5eff1e0:   0000410000000000 0000078000000438
0x0000000db5eff1f0:   0000000000000000 0000000000000006
0x0000000db5eff200:   0000000000000001 000001751e075490
0x0000000db5eff210:   0000000000000000 0000000000000000
0x0000000db5eff220:   0000043800000780 000001751da81f30
0x0000000db5eff230:   0000000db5eff218 0000000db5eff270
0x0000000db5eff240:   0000000db5eff208 0000000000000000
0x0000000db5eff250:   0000000000000000 0000000000000000
0x0000000db5eff260:   000000003f4ccccd 0000000000000000
0x0000000db5eff270:   000000003f4ccccd 0000000000000000
0x0000000db5eff280:   000000003f4ccccd 0000000000000000
0x0000000db5eff290:   0000e1e14d42a14d 0000000000000000
0x0000000db5eff2a0:   0000000080000000 0000000000000000
0x0000000db5eff2b0:   0000000000000000 0000000000000000
0x0000000db5eff2c0:   00000174b5b3dad0 0000000db5eff390
0x0000000db5eff2d0:   0000000db5eff3f0 0000000000000000
0x0000000db5eff2e0:   000001751de47650 0000000000000000
0x0000000db5eff2f0:   0000000db5eff3a0 00007ffdb54c5081
0x0000000db5eff300:   000001751de11f40 000001751de11f40
0x0000000db5eff310:   0000000000000000 0000000000004000
0x0000000db5eff320:   0000000000000000 0000043800000780
0x0000000db5eff330:   0000000000000001 00000174c7df1530 

Instructions: (pc=0x00007ffdb53a6fa6)
0x00007ffdb53a6ea6:   49 83 e2 f0 48 c1 e8 04 49 03 ca 49 03 d2 48 83
0x00007ffdb53a6eb6:   f8 07 77 31 83 f8 04 0f 85 fd 00 00 00 f3 0f 6f
0x00007ffdb53a6ec6:   42 c0 f3 0f 7f 41 c0 f3 0f 6f 42 d0 f3 0f 7f 41
0x00007ffdb53a6ed6:   d0 f3 0f 6f 42 e0 f3 0f 7f 41 e0 f3 0f 6f 42 f0
0x00007ffdb53a6ee6:   f3 0f 7f 41 f0 0f 28 3c 24 4d 2b c2 0f 28 74 24
0x00007ffdb53a6ef6:   10 4d 85 c0 0f 84 63 ff ff ff 49 8b c0 48 83 e0
0x00007ffdb53a6f06:   fc 48 03 c8 48 03 d0 49 8b c0 48 c1 e8 02 48 83
0x00007ffdb53a6f16:   e8 01 74 18 48 83 e8 01 74 0c 48 83 f8 01 75 12
0x00007ffdb53a6f26:   8b 42 f4 89 41 f4 8b 42 f8 89 41 f8 8b 42 fc 89
0x00007ffdb53a6f36:   41 fc 41 f6 c0 01 0f 85 ea 01 00 00 41 f6 c0 02
0x00007ffdb53a6f46:   0f 84 17 ff ff ff 0f b7 02 66 89 01 e9 0c ff ff
0x00007ffdb53a6f56:   ff f6 c1 01 74 0e 0f b6 02 49 ff c8 88 01 48 ff
0x00007ffdb53a6f66:   c1 48 ff c2 f6 c1 02 0f 84 33 fe ff ff 0f b7 02
0x00007ffdb53a6f76:   49 83 e8 02 66 89 01 48 83 c1 02 48 83 c2 02 e9
0x00007ffdb53a6f86:   1c fe ff ff 49 83 f8 01 0f 84 8e 01 00 00 49 83
0x00007ffdb53a6f96:   f8 02 74 b2 49 83 f8 03 0f 84 51 02 00 00 8b 02
0x00007ffdb53a6fa6:   89 01 48 83 c4 28 c3 0f b6 02 49 ff c8 88 01 48
0x00007ffdb53a6fb6:   ff c1 48 ff c2 e9 99 fe ff ff ff c8 83 f8 06 0f
0x00007ffdb53a6fc6:   87 20 ff ff ff 4c 8d 0d 2e 90 fe ff 41 8b 84 81
0x00007ffdb53a6fd6:   48 72 01 00 49 03 c1 ff e0 f3 0f 6f 42 a0 f3 0f
0x00007ffdb53a6fe6:   7f 41 a0 f3 0f 6f 42 b0 f3 0f 7f 41 b0 e9 cb fe
0x00007ffdb53a6ff6:   ff ff 4d 8b c8 49 c1 e9 07 49 6b c1 80 4c 03 c0
0x00007ffdb53a7006:   f3 0f 6f 02 48 83 ea 80 48 83 e9 80 f3 0f 6f 4a
0x00007ffdb53a7016:   90 f3 0f 6f 52 a0 f3 0f 6f 5a b0 f3 0f 6f 62 c0
0x00007ffdb53a7026:   f3 0f 6f 6a d0 f3 0f 6f 72 e0 f3 0f 6f 7a f0 f3
0x00007ffdb53a7036:   0f 7f 41 80 f3 0f 7f 49 90 f3 0f 7f 51 a0 f3 0f
0x00007ffdb53a7046:   7f 59 b0 f3 0f 7f 61 c0 f3 0f 7f 69 d0 f3 0f 7f
0x00007ffdb53a7056:   71 e0 f3 0f 7f 79 f0 49 83 e9 01 0f 84 39 fe ff
0x00007ffdb53a7066:   ff eb 9d 49 81 f8 80 00 00 00 0f 83 c9 00 00 00
0x00007ffdb53a7076:   4d 8b d0 49 8b c0 49 83 e2 f0 48 c1 e8 04 49 03
0x00007ffdb53a7086:   ca 49 03 d2 48 83 f8 07 0f 87 57 fe ff ff 83 f8
0x00007ffdb53a7096:   07 0f 85 15 01 00 00 f3 0f 6f 42 90 f3 0f 7f 41 


Stack slot to memory mapping:

stack at sp + 0 slots: 0x0000e1e14d42a08d is an unknown value
stack at sp + 1 slots: 0x00007ffdb53e9400 igxelpicd64.dll
stack at sp + 2 slots: 0x0000000000000700 is an unknown value
stack at sp + 3 slots: 0x000001751dd25a48 points into unknown readable memory: 0x00007ffdb5e7d090 | 90 d0 e7 b5 fd 7f 00 00
stack at sp + 4 slots: 0x0000000000000700 is an unknown value
stack at sp + 5 slots: 0x00007ffdb54c5722 igxelpicd64.dll
stack at sp + 6 slots: 0x000001751de11f40 points into unknown readable memory: 0x000001751dad48c0 | c0 48 ad 1d 75 01 00 00
stack at sp + 7 slots: 0x0 is null


Compiled method (n/a)   79989 2716     n 0       org.lwjgl.opengl.GL11C::glClear (native)
 total in heap  [0x00000174c7df1290,0x00000174c7df1660] = 976
 relocation     [0x00000174c7df13f0,0x00000174c7df1428] = 56
 main code      [0x00000174c7df1440,0x00000174c7df1654] = 532
 stub code      [0x00000174c7df1654,0x00000174c7df1658] = 4
 oops           [0x00000174c7df1658,0x00000174c7df1660] = 8

[Constant Pool (empty)]

[MachCode]
[Entry Point]
  # {method} {0x00000175199fbf88} 'glClear' '(I)V' in 'org/lwjgl/opengl/GL11C'
  # parm0:    rdx       = int
  #           [sp+0x70]  (sp of caller)
  0x00000174c7df1440: 448b 5208 | 49bb 0000 | 00d8 7401 | 0000 4d03 | d349 3bc2 | 0f84 0600 

  0x00000174c7df1458: ;   {runtime_call ic_miss_stub}
  0x00000174c7df1458: 0000 e921 | d59a ff90 
[Verified Entry Point]
  0x00000174c7df1460: 8984 2400 | 80ff ff55 | 488b ec48 | 83ec 6090 | 4181 7f20 | 0100 0000 

  0x00000174c7df1478: ;   {runtime_call StubRoutines (final stubs)}
  0x00000174c7df1478: 7405 e881 | 4d99 ff4c 

  0x00000174c7df1480: ;   {oop(a 'java/lang/Class'{0x000000071077a828} = 'org/lwjgl/opengl/GL11C')}
  0x00000174c7df1480: 8bc2 49be | 28a8 7710 | 0700 0000 | 4c89 7424 | 504c 8d74 | 2450 498b | d6c5 f877 

  0x00000174c7df149c: ;   {internal_word}
  0x00000174c7df149c: 49ba 9914 | dfc7 7401 | 0000 4d89 | 97a0 0300 | 0049 89a7 | 9803 0000 

  0x00000174c7df14b4: ;   {external_word}
  0x00000174c7df14b4: 49ba c925 | 3da8 fd7f | 0000 4180 | 3a00 0f84 | 4a00 0000 

  0x00000174c7df14c8: ;   {metadata({method} {0x00000175199fbf88} 'glClear' '(I)V' in 'org/lwjgl/opengl/GL11C')}
  0x00000174c7df14c8: 5241 5048 | ba80 bf9f | 1975 0100 | 0049 8bcf | 4883 ec20 | 40f6 c40f | 0f84 1900 | 0000 4883 
  0x00000174c7df14e8: ;   {runtime_call}
  0x00000174c7df14e8: ec08 48b8 | 30eb eda7 | fd7f 0000 | ffd0 4883 | c408 e90c 

  0x00000174c7df14fc: ;   {runtime_call}
  0x00000174c7df14fc: 0000 0048 | b830 ebed | a7fd 7f00 | 00ff d048 | 83c4 2041 | 585a 498d | 8fb8 0300 | 0041 c787 
  0x00000174c7df151c: 4c04 0000 | 0400 0000 

  0x00000174c7df1524: ;   {runtime_call}
  0x00000174c7df1524: 48b8 d0d1 | c4d5 fd7f | 0000 ffd0 | c5f8 7741 | c787 4c04 | 0000 0500 | 0000 f083 | 4424 c000 
  0x00000174c7df1544: 493b af50 | 0400 000f | 870e 0000 | 0041 83bf | 4804 0000 | 000f 8423 | 0000 00c5 | f877 498b 
  0x00000174c7df1564: cf4c 8be4 | 4883 ec20 | 4883 e4f0 

  0x00000174c7df1570: ;   {runtime_call}
  0x00000174c7df1570: 48b8 c0be | b9a7 fd7f | 0000 ffd0 | 498b e44d | 33e4 41c7 | 874c 0400 | 0008 0000 | 0041 83bf 
  0x00000174c7df1590: c804 0000 | 020f 8494 

  0x00000174c7df1598: ;   {external_word}
  0x00000174c7df1598: 0000 0049 | bac9 253d | a8fd 7f00 | 0041 803a | 000f 8444 

  0x00000174c7df15ac: ;   {metadata({method} {0x00000175199fbf88} 'glClear' '(I)V' in 'org/lwjgl/opengl/GL11C')}
  0x00000174c7df15ac: 0000 0048 | ba80 bf9f | 1975 0100 | 0049 8bcf | 4883 ec20 | 40f6 c40f | 0f84 1900 | 0000 4883 
  0x00000174c7df15cc: ;   {runtime_call}
  0x00000174c7df15cc: ec08 48b8 | 30eb eda7 | fd7f 0000 | ffd0 4883 | c408 e90c 

  0x00000174c7df15e0: ;   {runtime_call}
  0x00000174c7df15e0: 0000 0048 | b830 ebed | a7fd 7f00 | 00ff d048 | 83c4 2049 | c787 9803 | 0000 0000 | 0000 49c7 
  0x00000174c7df1600: 87a0 0300 | 0000 0000 | 00c5 f877 | 498b 8f28 | 0400 00c7 | 8100 0100 | 0000 0000 | 00c9 4983 
  0x00000174c7df1620: 7f08 000f | 8501 0000 

  0x00000174c7df1628: ;   {runtime_call StubRoutines (initial stubs)}
  0x00000174c7df1628: 00c3 e9d1 | f895 ffc5 | f877 4c8b | e448 83ec | 2048 83e4 

  0x00000174c7df163c: ;   {runtime_call}
  0x00000174c7df163c: f048 b860 | 23ee a7fd | 7f00 00ff | d049 8be4 | 4d33 e4e9 | 47ff ffff 
[Stub Code]
  0x00000174c7df1654: f4f4 f4f4 
[/MachCode]


Compiled method (c2)   79994 3011       4       com.bedrye.bjge.GameEngine.Objects.BJEEditorScene::render (64 bytes)
 total in heap  [0x00000174c7e34290,0x00000174c7e34ac8] = 2104
 relocation     [0x00000174c7e343f0,0x00000174c7e34498] = 168
 constants      [0x00000174c7e344a0,0x00000174c7e344c0] = 32
 main code      [0x00000174c7e344c0,0x00000174c7e346e0] = 544
 stub code      [0x00000174c7e346e0,0x00000174c7e34750] = 112
 oops           [0x00000174c7e34750,0x00000174c7e34770] = 32
 metadata       [0x00000174c7e34770,0x00000174c7e34808] = 152
 scopes data    [0x00000174c7e34808,0x00000174c7e348f8] = 240
 scopes pcs     [0x00000174c7e348f8,0x00000174c7e349e8] = 240
 dependencies   [0x00000174c7e349e8,0x00000174c7e34a08] = 32
 handler table  [0x00000174c7e34a08,0x00000174c7e34ab0] = 168
 nul chk table  [0x00000174c7e34ab0,0x00000174c7e34ac8] = 24


[Constant Pool]
             Address          hex4                    hex8      
  0x00000174c7e344a0:   0x3f4ccccd      0x3f8000003f4ccccd      
  0x00000174c7e344a4:   0x3f800000                              
  0x00000174c7e344a8:   0x41200000      0xf4f4f4f441200000      
  0x00000174c7e344ac:   0xf4f4f4f4                              
  0x00000174c7e344b0:   0xf4f4f4f4      0xf4f4f4f4f4f4f4f4      
  0x00000174c7e344b4:   0xf4f4f4f4                              
  0x00000174c7e344b8:   0xf4f4f4f4      0xf4f4f4f4f4f4f4f4      
  0x00000174c7e344bc:   0xf4f4f4f4                              

[MachCode]
[Entry Point]
  # {method} {0x0000017519411348} 'render' '()V' in 'com/bedrye/bjge/GameEngine/Objects/BJEEditorScene'
  #           [sp+0x40]  (sp of caller)
  0x00000174c7e344c0: ;   {no_reloc}
  0x00000174c7e344c0: 448b 5208 | 49bb 0000 | 00d8 7401 | 0000 4d03 | d349 3bc2 

  0x00000174c7e344d4: ;   {runtime_call ic_miss_stub}
  0x00000174c7e344d4: 0f85 a6a4 | 96ff 6690 | 0f1f 4000 
[Verified Entry Point]
  0x00000174c7e344e0: 8984 2400 | 80ff ff55 | 4883 ec30 | 4181 7f20 | 0100 0000 | 0f85 dc01 | 0000 4889 

  0x00000174c7e344fc: ;   {section_word}
  0x00000174c7e344fc: 1424 c5fa | 101d 9eff 

  0x00000174c7e34504: ;   {section_word}
  0x00000174c7e34504: ffff c5fa | 1005 92ff 

  0x00000174c7e3450c: ;   {section_word}
  0x00000174c7e3450c: ffff c5fa | 100d 8aff 

  0x00000174c7e34514: ;   {section_word}
  0x00000174c7e34514: ffff c5fa | 1015 82ff 

  0x00000174c7e3451c: ;   {static_call}
  0x00000174c7e3451c: ffff 90e8 

  0x00000174c7e34520: ; ImmutableOopMap {[0]=Oop }
                      ;*invokestatic glClearColor {reexecute=0 rethrow=0 return_oop=0}
                      ; - org.lwjgl.opengl.GL11::glClearColor@4 (line 1022)
                      ; - com.bedrye.bjge.GameEngine.Objects.BJEEditorScene::render@7 (line 84)
  0x00000174c7e34520: bc88 fcff 

  0x00000174c7e34524: ;   {other}
  0x00000174c7e34524: 0f1f 8400 | 9402 0000 | ba00 4000 

  0x00000174c7e34530: ;   {static_call}
  0x00000174c7e34530: 0066 90e8 

  0x00000174c7e34534: ; ImmutableOopMap {[0]=Oop }
                      ;*invokestatic glClear {reexecute=0 rethrow=0 return_oop=0}
                      ; - org.lwjgl.opengl.GL11::glClear@1 (line 992)
                      ; - com.bedrye.bjge.GameEngine.Objects.BJEEditorScene::render@13 (line 86)
  0x00000174c7e34534: 28cf fbff 

  0x00000174c7e34538: ;   {other}
  0x00000174c7e34538: 0f1f 8400 | a802 0001 | 4c8b 1424 | 458b 5218 

  0x00000174c7e34548: ; implicit exception: dispatches to 0x00000174c7e34697
  0x00000174c7e34548: 438b 54d4 

  0x00000174c7e3454c: ;   {static_call}
  0x00000174c7e3454c: 0c66 90e8 

  0x00000174c7e34550: ; ImmutableOopMap {[0]=Oop }
                      ;*invokestatic glUseProgram {reexecute=0 rethrow=0 return_oop=0}
                      ; - org.lwjgl.opengl.GL20::glUseProgram@1 (line 398)
                      ; - com.bedrye.bjge.GameEngine.Util.Shaders.BasicProgramShader::Run@4 (line 39)
                      ; - com.bedrye.bjge.GameEngine.Objects.BJEEditorScene::render@20 (line 87)
  0x00000174c7e34550: 8c43 fbff 

  0x00000174c7e34554: ;   {other}
  0x00000174c7e34554: 0f1f 8400 | c402 0002 | bac0 8400 

  0x00000174c7e34560: ;   {static_call}
  0x00000174c7e34560: 0066 90e8 

  0x00000174c7e34564: ; ImmutableOopMap {[0]=Oop }
                      ;*invokestatic glActiveTexture {reexecute=0 rethrow=0 return_oop=0}
                      ; - org.lwjgl.opengl.GL13::glActiveTexture@1 (line 570)
                      ; - com.bedrye.bjge.GameEngine.Objects.BJEEditorScene::render@25 (line 89)
  0x00000174c7e34564: 7850 fbff 

  0x00000174c7e34568: ;   {other}
  0x00000174c7e34568: 0f1f 8400 | d802 0003 | 4c8b 1424 | 458b 5a18 | 4585 db0f | 8482 0000 | 004b 8d14 

  0x00000174c7e34584: ;   {oop("specularPower"{0x00000007130be400})}
  0x00000174c7e34584: dc49 b800 | e40b 1307 

  0x00000174c7e3458c: ;   {optimized virtual_call}
  0x00000174c7e3458c: 0000 00e8 

  0x00000174c7e34590: ; ImmutableOopMap {[0]=Oop }
                      ;*invokevirtual getKey {reexecute=0 rethrow=0 return_oop=0}
                      ; - com.bedrye.bjge.GameEngine.Util.Shaders.ShaderProgram::uploadFloat@2 (line 76)
                      ; - com.bedrye.bjge.GameEngine.Objects.BJEEditorScene::render@39 (line 90)
  0x00000174c7e34590: 2cd9 fdff 

  0x00000174c7e34594: ;   {other}
  0x00000174c7e34594: 0f1f 8400 | 0403 0004 

  0x00000174c7e3459c: ;   {section_word}
  0x00000174c7e3459c: c5fa 1005 | 04ff ffff 

  0x00000174c7e345a4: ;   {static_call}
  0x00000174c7e345a4: 8bd0 90e8 

  0x00000174c7e345a8: ; ImmutableOopMap {[0]=Oop }
                      ;*invokestatic glUniform1f {reexecute=0 rethrow=0 return_oop=0}
                      ; - org.lwjgl.opengl.GL20::glUniform1f@2 (line 425)
                      ; - com.bedrye.bjge.GameEngine.Util.Shaders.ShaderProgram::uploadFloat@11 (line 77)
                      ; - com.bedrye.bjge.GameEngine.Objects.BJEEditorScene::render@39 (line 90)
  0x00000174c7e345a8: 3401 fdff 

  0x00000174c7e345ac: ;   {other}
  0x00000174c7e345ac: 0f1f 8400 | 1c03 0005 | 4c8b 1424 | 418b 6a14 

  0x00000174c7e345bc: ; implicit exception: dispatches to 0x00000174c7e346ac
  0x00000174c7e345bc: 458b 5cec 

  0x00000174c7e345c0: ;   {metadata('java/util/ArrayList')}
  0x00000174c7e345c0: 0841 81fb | 48ad 0b00 | 7562 4d8d | 14ec 458b | 4210 4585 | c07f 694c | 8b14 2445 | 3b62 1874 
  0x00000174c7e345e0: ;   {static_call}
  0x00000174c7e345e0: 3733 d2e8 

  0x00000174c7e345e4: ; ImmutableOopMap {}
                      ;*invokestatic glUseProgram {reexecute=0 rethrow=0 return_oop=0}
                      ; - org.lwjgl.opengl.GL20::glUseProgram@1 (line 398)
                      ; - com.bedrye.bjge.GameEngine.Util.Shaders.BasicProgramShader::Clear@1 (line 62)
                      ; - com.bedrye.bjge.GameEngine.Objects.BJEEditorScene::render@60 (line 93)
  0x00000174c7e345e4: f842 fbff 

  0x00000174c7e345e8: ;   {other}
  0x00000174c7e345e8: 0f1f 8400 | 5803 0006 | 4883 c430 

  0x00000174c7e345f4: ;   {poll_return}
  0x00000174c7e345f4: 5d49 3ba7 | 5004 0000 | 0f87 be00 | 0000 c3ba | f6ff ffff 

  0x00000174c7e34608: ;   {runtime_call UncommonTrapBlob}
  0x00000174c7e34608: 6666 90e8 

  0x00000174c7e3460c: ; ImmutableOopMap {}
                      ;*invokevirtual uploadFloat {reexecute=0 rethrow=0 return_oop=0}
                      ; - com.bedrye.bjge.GameEngine.Objects.BJEEditorScene::render@39 (line 90)
  0x00000174c7e3460c: f036 97ff 

  0x00000174c7e34610: ;   {other}
  0x00000174c7e34610: 0f1f 8400 | 8003 0007 | baf6 ffff 

  0x00000174c7e3461c: ;   {runtime_call UncommonTrapBlob}
  0x00000174c7e3461c: ff66 90e8 

  0x00000174c7e34620: ; ImmutableOopMap {}
                      ;*invokevirtual Clear {reexecute=0 rethrow=0 return_oop=0}
                      ; - com.bedrye.bjge.GameEngine.Objects.BJEEditorScene::render@60 (line 93)
  0x00000174c7e34620: dc36 97ff 

  0x00000174c7e34624: ;   {other}
  0x00000174c7e34624: 0f1f 8400 | 9403 0008 | bade ffff 

  0x00000174c7e34630: ;   {runtime_call UncommonTrapBlob}
  0x00000174c7e34630: ff66 90e8 

  0x00000174c7e34634: ; ImmutableOopMap {rbp=NarrowOop [0]=Oop }
                      ;*invokeinterface forEach {reexecute=0 rethrow=0 return_oop=0}
                      ; - com.bedrye.bjge.GameEngine.Objects.BJEEditorScene::render@51 (line 91)
  0x00000174c7e34634: c836 97ff 

  0x00000174c7e34638: ;   {other}
  0x00000174c7e34638: 0f1f 8400 | a803 0009 | 458b 5a14 | 418b 6a0c | ba45 ffff | ff4c 8954 | 2408 4489 | 5c24 1044 
  0x00000174c7e34658: 8944 2418 

  0x00000174c7e3465c: ;   {runtime_call UncommonTrapBlob}
  0x00000174c7e3465c: 6666 90e8 

  0x00000174c7e34660: ; ImmutableOopMap {[0]=Oop [8]=Oop [16]=NarrowOop }
                      ;*if_icmpge {reexecute=1 rethrow=0 return_oop=0}
                      ; - (reexecute) java.util.ArrayList::forEach@36 (line 1595)
                      ; - com.bedrye.bjge.GameEngine.Objects.BJEEditorScene::render@51 (line 91)
  0x00000174c7e34660: 9c36 97ff 

  0x00000174c7e34664: ;   {other}
  0x00000174c7e34664: 0f1f 8400 | d403 000a | 488b d0eb | 1c48 8bd0 | eb17 488b | d0eb 1248 | 8bd0 eb0d | 488b d0eb 
  0x00000174c7e34684: 0848 8bd0 | eb03 488b | d048 83c4 

  0x00000174c7e34690: ;   {runtime_call _rethrow_Java}
  0x00000174c7e34690: 305d e969 | 4ca5 ffba | f6ff ffff 

  0x00000174c7e3469c: ;   {runtime_call UncommonTrapBlob}
  0x00000174c7e3469c: 6666 90e8 

  0x00000174c7e346a0: ; ImmutableOopMap {}
                      ;*invokevirtual Run {reexecute=0 rethrow=0 return_oop=0}
                      ; - com.bedrye.bjge.GameEngine.Objects.BJEEditorScene::render@20 (line 87)
  0x00000174c7e346a0: 5c36 97ff 

  0x00000174c7e346a4: ;   {other}
  0x00000174c7e346a4: 0f1f 8400 | 1404 000b | baf6 ffff 

  0x00000174c7e346b0: ;   {runtime_call UncommonTrapBlob}
  0x00000174c7e346b0: ff66 90e8 

  0x00000174c7e346b4: ; ImmutableOopMap {}
                      ;*invokeinterface forEach {reexecute=0 rethrow=0 return_oop=0}
                      ; - com.bedrye.bjge.GameEngine.Objects.BJEEditorScene::render@51 (line 91)
  0x00000174c7e346b4: 4836 97ff 

  0x00000174c7e346b8: ;   {other}
  0x00000174c7e346b8: 0f1f 8400 | 2804 000c 

  0x00000174c7e346c0: ;   {internal_word}
  0x00000174c7e346c0: 49ba f545 | e3c7 7401 | 0000 4d89 | 9768 0400 

  0x00000174c7e346d0: ;   {runtime_call SafepointBlob}
  0x00000174c7e346d0: 00e9 aa24 

  0x00000174c7e346d4: ;   {runtime_call StubRoutines (final stubs)}
  0x00000174c7e346d4: 97ff e825 | 1b95 ffe9 | 1afe ffff 
[Stub Code]
  0x00000174c7e346e0: ;   {no_reloc}
  0x00000174c7e346e0: 48bb 0000 | 0000 0000 

  0x00000174c7e346e8: ;   {runtime_call}
  0x00000174c7e346e8: 0000 e9fb 

  0x00000174c7e346ec: ;   {static_stub}
  0x00000174c7e346ec: ffff ff48 | bb00 0000 | 0000 0000 

  0x00000174c7e346f8: ;   {runtime_call}
  0x00000174c7e346f8: 00e9 fbff 

  0x00000174c7e346fc: ;   {static_stub}
  0x00000174c7e346fc: ffff 48bb | 0000 0000 | 0000 0000 

  0x00000174c7e34708: ;   {runtime_call}
  0x00000174c7e34708: e9fb ffff 

  0x00000174c7e3470c: ;   {static_stub}
  0x00000174c7e3470c: ff48 bb00 | 0000 0000 

  0x00000174c7e34714: ;   {runtime_call}
  0x00000174c7e34714: 0000 00e9 | fbff ffff 

  0x00000174c7e3471c: ;   {static_stub}
  0x00000174c7e3471c: 48bb 0000 | 0000 0000 

  0x00000174c7e34724: ;   {runtime_call}
  0x00000174c7e34724: 0000 e9fb 

  0x00000174c7e34728: ;   {static_stub}
  0x00000174c7e34728: ffff ff48 | bb00 0000 | 0000 0000 

  0x00000174c7e34734: ;   {runtime_call}
  0x00000174c7e34734: 00e9 fbff 

  0x00000174c7e34738: ;   {runtime_call ExceptionBlob}
  0x00000174c7e34738: ffff e9c1 | 99a4 ffe8 | 0000 0000 | 4883 2c24 

  0x00000174c7e34748: ;   {runtime_call DeoptimizationBlob}
  0x00000174c7e34748: 05e9 d238 | 97ff f4f4 
[/MachCode]


---------------  P R O C E S S  ---------------

Threads class SMR info:
_java_thread_list=0x000001751e7cdc20, length=14, elements={
0x00000174b5b3dad0, 0x00000174d487d7b0, 0x00000174d487e310, 0x00000174d744d4e0,
0x00000174d744e620, 0x00000174d74506f0, 0x00000174d744f9d0, 0x00000174d74554f0,
0x00000174d7493f80, 0x00000174d7451410, 0x00000174d744ecb0, 0x00000174d7450060,
0x000001751e174060, 0x000001751e6a0070
}

Java Threads: ( => current thread )
=>0x00000174b5b3dad0 JavaThread "main"                              [_thread_in_native, id=23440, stack(0x0000000db5e00000,0x0000000db5f00000) (1024K)]
  0x00000174d487d7b0 JavaThread "Reference Handler"          daemon [_thread_blocked, id=18372, stack(0x0000000db6600000,0x0000000db6700000) (1024K)]
  0x00000174d487e310 JavaThread "Finalizer"                  daemon [_thread_blocked, id=23532, stack(0x0000000db6700000,0x0000000db6800000) (1024K)]
  0x00000174d744d4e0 JavaThread "Signal Dispatcher"          daemon [_thread_blocked, id=31076, stack(0x0000000db6800000,0x0000000db6900000) (1024K)]
  0x00000174d744e620 JavaThread "Attach Listener"            daemon [_thread_blocked, id=26032, stack(0x0000000db6900000,0x0000000db6a00000) (1024K)]
  0x00000174d74506f0 JavaThread "Service Thread"             daemon [_thread_blocked, id=7656, stack(0x0000000db6a00000,0x0000000db6b00000) (1024K)]
  0x00000174d744f9d0 JavaThread "Monitor Deflation Thread"   daemon [_thread_blocked, id=30992, stack(0x0000000db6b00000,0x0000000db6c00000) (1024K)]
  0x00000174d74554f0 JavaThread "C2 CompilerThread0"         daemon [_thread_blocked, id=30976, stack(0x0000000db6c00000,0x0000000db6d00000) (1024K)]
  0x00000174d7493f80 JavaThread "C1 CompilerThread0"         daemon [_thread_blocked, id=30424, stack(0x0000000db6d00000,0x0000000db6e00000) (1024K)]
  0x00000174d7451410 JavaThread "Common-Cleaner"             daemon [_thread_blocked, id=10104, stack(0x0000000db6e00000,0x0000000db6f00000) (1024K)]
  0x00000174d744ecb0 JavaThread "Monitor Ctrl-Break"         daemon [_thread_in_native, id=1040, stack(0x0000000db7100000,0x0000000db7200000) (1024K)]
  0x00000174d7450060 JavaThread "Notification Thread"        daemon [_thread_blocked, id=24844, stack(0x0000000db7200000,0x0000000db7300000) (1024K)]
  0x000001751e174060 JavaThread "FileSystemWatchService"     daemon [_thread_in_native, id=30972, stack(0x0000000db6f00000,0x0000000db7000000) (1024K)]
  0x000001751e6a0070 JavaThread "BJE-Asset-Watcher"          daemon [_thread_blocked, id=27680, stack(0x0000000db7f00000,0x0000000db8000000) (1024K)]
Total: 14

Other Threads:
  0x00000174d4863b00 VMThread "VM Thread"                           [id=25044, stack(0x0000000db6500000,0x0000000db6600000) (1024K)]
  0x00000174d484c610 WatcherThread "VM Periodic Task Thread"        [id=28616, stack(0x0000000db6400000,0x0000000db6500000) (1024K)]
  0x00000174b7e48570 WorkerThread "GC Thread#0"                     [id=27616, stack(0x0000000db5f00000,0x0000000db6000000) (1024K)]
  0x000001751d1d0a20 WorkerThread "GC Thread#1"                     [id=9492, stack(0x0000000db7300000,0x0000000db7400000) (1024K)]
  0x000001751d564390 WorkerThread "GC Thread#2"                     [id=26644, stack(0x0000000db7400000,0x0000000db7500000) (1024K)]
  0x000001751d564b30 WorkerThread "GC Thread#3"                     [id=30196, stack(0x0000000db7500000,0x0000000db7600000) (1024K)]
  0x000001751d52ebe0 WorkerThread "GC Thread#4"                     [id=14272, stack(0x0000000db7600000,0x0000000db7700000) (1024K)]
  0x000001751d52e100 WorkerThread "GC Thread#5"                     [id=28204, stack(0x0000000db7700000,0x0000000db7800000) (1024K)]
  0x000001751d52e4a0 WorkerThread "GC Thread#6"                     [id=23836, stack(0x0000000db7800000,0x0000000db7900000) (1024K)]
  0x000001751d52dd60 WorkerThread "GC Thread#7"                     [id=30632, stack(0x0000000db8000000,0x0000000db8100000) (1024K)]
  0x000001751e598090 WorkerThread "GC Thread#8"                     [id=33076, stack(0x0000000db8100000,0x0000000db8200000) (1024K)]
  0x000001751e596ad0 WorkerThread "GC Thread#9"                     [id=2568, stack(0x0000000db8200000,0x0000000db8300000) (1024K)]
  0x00000174b7e98010 ConcurrentGCThread "G1 Main Marker"            [id=31056, stack(0x0000000db6000000,0x0000000db6100000) (1024K)]
  0x00000174b7e98b10 WorkerThread "G1 Conc#0"                       [id=26340, stack(0x0000000db6100000,0x0000000db6200000) (1024K)]
  0x00000174d4721f50 ConcurrentGCThread "G1 Refine#0"               [id=17628, stack(0x0000000db6200000,0x0000000db6300000) (1024K)]
  0x00000174d47239e0 ConcurrentGCThread "G1 Service"                [id=23900, stack(0x0000000db6300000,0x0000000db6400000) (1024K)]
Total: 16

Threads with active compile tasks:
Total: 0

VM state: not at safepoint (normal execution)

VM Mutex/Monitor currently owned by a thread: None

Heap address: 0x0000000703600000, size: 4042 MB, Compressed Oops mode: Zero based, Oop shift amount: 3

CDS archive(s) mapped at: [0x00000174d8000000-0x00000174d8c90000-0x00000174d8c90000), size 13172736, SharedBaseAddress: 0x00000174d8000000, ArchiveRelocationMode: 1.
Compressed class space mapped at: 0x00000174d9000000-0x0000017519000000, reserved size: 1073741824
Narrow klass base: 0x00000174d8000000, Narrow klass shift: 0, Narrow klass range: 0x100000000

GC Precious Log:
 CardTable entry size: 512
 Card Set container configuration: InlinePtr #cards 4 size 8 Array Of Cards #cards 16 size 48 Howl #buckets 8 coarsen threshold 3686 Howl Bitmap #cards 512 size 80 coarsen threshold 460 Card regions per heap region 1 cards per card region 4096
 CPUs: 12 total, 12 available
 Memory: 16163M
 Large Page Support: Disabled
 NUMA Support: Disabled
 Compressed Oops: Enabled (Zero based)
 Heap Region Size: 2M
 Heap Min Capacity: 8M
 Heap Initial Capacity: 254M
 Heap Max Capacity: 4042M
 Pre-touch: Disabled
 Parallel Workers: 10
 Concurrent Workers: 3
 Concurrent Refinement Workers: 10
 Periodic GC: Disabled

Heap:
 garbage-first heap   total 260096K, used 63559K [0x0000000703600000, 0x0000000800000000)
  region size 2048K, 32 young (65536K), 3 survivors (6144K)
 Metaspace       used 21221K, committed 21440K, reserved 1114112K
  class space    used 1886K, committed 1984K, reserved 1048576K

Heap Regions: E=young(eden), S=young(survivor), O=old, HS=humongous(starts), HC=humongous(continues), CS=collection set, F=free, TAMS=top-at-mark-start, PB=parsable bottom
|   0|0x0000000703600000, 0x0000000703611e78, 0x0000000703800000|  3%| O|  |TAMS 0x0000000703600000| PB 0x0000000703600000| Untracked 
|   1|0x0000000703800000, 0x0000000703800000, 0x0000000703a00000|  0%| F|  |TAMS 0x0000000703800000| PB 0x0000000703800000| Untracked 
|   2|0x0000000703a00000, 0x0000000703a00000, 0x0000000703c00000|  0%| F|  |TAMS 0x0000000703a00000| PB 0x0000000703a00000| Untracked 
|   3|0x0000000703c00000, 0x0000000703c00000, 0x0000000703e00000|  0%| F|  |TAMS 0x0000000703c00000| PB 0x0000000703c00000| Untracked 
|   4|0x0000000703e00000, 0x0000000703e00000, 0x0000000704000000|  0%| F|  |TAMS 0x0000000703e00000| PB 0x0000000703e00000| Untracked 
|   5|0x0000000704000000, 0x0000000704000000, 0x0000000704200000|  0%| F|  |TAMS 0x0000000704000000| PB 0x0000000704000000| Untracked 
|   6|0x0000000704200000, 0x0000000704200000, 0x0000000704400000|  0%| F|  |TAMS 0x0000000704200000| PB 0x0000000704200000| Untracked 
|   7|0x0000000704400000, 0x0000000704400000, 0x0000000704600000|  0%| F|  |TAMS 0x0000000704400000| PB 0x0000000704400000| Untracked 
|   8|0x0000000704600000, 0x0000000704600000, 0x0000000704800000|  0%| F|  |TAMS 0x0000000704600000| PB 0x0000000704600000| Untracked 
|   9|0x0000000704800000, 0x0000000704800000, 0x0000000704a00000|  0%| F|  |TAMS 0x0000000704800000| PB 0x0000000704800000| Untracked 
|  10|0x0000000704a00000, 0x0000000704a00000, 0x0000000704c00000|  0%| F|  |TAMS 0x0000000704a00000| PB 0x0000000704a00000| Untracked 
|  11|0x0000000704c00000, 0x0000000704c00000, 0x0000000704e00000|  0%| F|  |TAMS 0x0000000704c00000| PB 0x0000000704c00000| Untracked 
|  12|0x0000000704e00000, 0x0000000704e00000, 0x0000000705000000|  0%| F|  |TAMS 0x0000000704e00000| PB 0x0000000704e00000| Untracked 
|  13|0x0000000705000000, 0x0000000705000000, 0x0000000705200000|  0%| F|  |TAMS 0x0000000705000000| PB 0x0000000705000000| Untracked 
|  14|0x0000000705200000, 0x0000000705200000, 0x0000000705400000|  0%| F|  |TAMS 0x0000000705200000| PB 0x0000000705200000| Untracked 
|  15|0x0000000705400000, 0x0000000705400000, 0x0000000705600000|  0%| F|  |TAMS 0x0000000705400000| PB 0x0000000705400000| Untracked 
|  16|0x0000000705600000, 0x0000000705600000, 0x0000000705800000|  0%| F|  |TAMS 0x0000000705600000| PB 0x0000000705600000| Untracked 
|  17|0x0000000705800000, 0x0000000705800000, 0x0000000705a00000|  0%| F|  |TAMS 0x0000000705800000| PB 0x0000000705800000| Untracked 
|  18|0x0000000705a00000, 0x0000000705a00000, 0x0000000705c00000|  0%| F|  |TAMS 0x0000000705a00000| PB 0x0000000705a00000| Untracked 
|  19|0x0000000705c00000, 0x0000000705c00000, 0x0000000705e00000|  0%| F|  |TAMS 0x0000000705c00000| PB 0x0000000705c00000| Untracked 
|  20|0x0000000705e00000, 0x0000000705e00000, 0x0000000706000000|  0%| F|  |TAMS 0x0000000705e00000| PB 0x0000000705e00000| Untracked 
|  21|0x0000000706000000, 0x0000000706000000, 0x0000000706200000|  0%| F|  |TAMS 0x0000000706000000| PB 0x0000000706000000| Untracked 
|  22|0x0000000706200000, 0x0000000706200000, 0x0000000706400000|  0%| F|  |TAMS 0x0000000706200000| PB 0x0000000706200000| Untracked 
|  23|0x0000000706400000, 0x0000000706400000, 0x0000000706600000|  0%| F|  |TAMS 0x0000000706400000| PB 0x0000000706400000| Untracked 
|  24|0x0000000706600000, 0x0000000706600000, 0x0000000706800000|  0%| F|  |TAMS 0x0000000706600000| PB 0x0000000706600000| Untracked 
|  25|0x0000000706800000, 0x0000000706800000, 0x0000000706a00000|  0%| F|  |TAMS 0x0000000706800000| PB 0x0000000706800000| Untracked 
|  26|0x0000000706a00000, 0x0000000706a00000, 0x0000000706c00000|  0%| F|  |TAMS 0x0000000706a00000| PB 0x0000000706a00000| Untracked 
|  27|0x0000000706c00000, 0x0000000706c00000, 0x0000000706e00000|  0%| F|  |TAMS 0x0000000706c00000| PB 0x0000000706c00000| Untracked 
|  28|0x0000000706e00000, 0x0000000706e00000, 0x0000000707000000|  0%| F|  |TAMS 0x0000000706e00000| PB 0x0000000706e00000| Untracked 
|  29|0x0000000707000000, 0x0000000707000000, 0x0000000707200000|  0%| F|  |TAMS 0x0000000707000000| PB 0x0000000707000000| Untracked 
|  30|0x0000000707200000, 0x0000000707200000, 0x0000000707400000|  0%| F|  |TAMS 0x0000000707200000| PB 0x0000000707200000| Untracked 
|  31|0x0000000707400000, 0x0000000707400000, 0x0000000707600000|  0%| F|  |TAMS 0x0000000707400000| PB 0x0000000707400000| Untracked 
|  32|0x0000000707600000, 0x0000000707600000, 0x0000000707800000|  0%| F|  |TAMS 0x0000000707600000| PB 0x0000000707600000| Untracked 
|  33|0x0000000707800000, 0x0000000707800000, 0x0000000707a00000|  0%| F|  |TAMS 0x0000000707800000| PB 0x0000000707800000| Untracked 
|  34|0x0000000707a00000, 0x0000000707a00000, 0x0000000707c00000|  0%| F|  |TAMS 0x0000000707a00000| PB 0x0000000707a00000| Untracked 
|  35|0x0000000707c00000, 0x0000000707c00000, 0x0000000707e00000|  0%| F|  |TAMS 0x0000000707c00000| PB 0x0000000707c00000| Untracked 
|  36|0x0000000707e00000, 0x0000000707e00000, 0x0000000708000000|  0%| F|  |TAMS 0x0000000707e00000| PB 0x0000000707e00000| Untracked 
|  37|0x0000000708000000, 0x0000000708000000, 0x0000000708200000|  0%| F|  |TAMS 0x0000000708000000| PB 0x0000000708000000| Untracked 
|  38|0x0000000708200000, 0x0000000708200000, 0x0000000708400000|  0%| F|  |TAMS 0x0000000708200000| PB 0x0000000708200000| Untracked 
|  39|0x0000000708400000, 0x0000000708400000, 0x0000000708600000|  0%| F|  |TAMS 0x0000000708400000| PB 0x0000000708400000| Untracked 
|  40|0x0000000708600000, 0x0000000708600000, 0x0000000708800000|  0%| F|  |TAMS 0x0000000708600000| PB 0x0000000708600000| Untracked 
|  41|0x0000000708800000, 0x0000000708800000, 0x0000000708a00000|  0%| F|  |TAMS 0x0000000708800000| PB 0x0000000708800000| Untracked 
|  42|0x0000000708a00000, 0x0000000708a00000, 0x0000000708c00000|  0%| F|  |TAMS 0x0000000708a00000| PB 0x0000000708a00000| Untracked 
|  43|0x0000000708c00000, 0x0000000708c00000, 0x0000000708e00000|  0%| F|  |TAMS 0x0000000708c00000| PB 0x0000000708c00000| Untracked 
|  44|0x0000000708e00000, 0x0000000708e00000, 0x0000000709000000|  0%| F|  |TAMS 0x0000000708e00000| PB 0x0000000708e00000| Untracked 
|  45|0x0000000709000000, 0x0000000709000000, 0x0000000709200000|  0%| F|  |TAMS 0x0000000709000000| PB 0x0000000709000000| Untracked 
|  46|0x0000000709200000, 0x0000000709200000, 0x0000000709400000|  0%| F|  |TAMS 0x0000000709200000| PB 0x0000000709200000| Untracked 
|  47|0x0000000709400000, 0x0000000709400000, 0x0000000709600000|  0%| F|  |TAMS 0x0000000709400000| PB 0x0000000709400000| Untracked 
|  48|0x0000000709600000, 0x0000000709600000, 0x0000000709800000|  0%| F|  |TAMS 0x0000000709600000| PB 0x0000000709600000| Untracked 
|  49|0x0000000709800000, 0x0000000709800000, 0x0000000709a00000|  0%| F|  |TAMS 0x0000000709800000| PB 0x0000000709800000| Untracked 
|  50|0x0000000709a00000, 0x0000000709a00000, 0x0000000709c00000|  0%| F|  |TAMS 0x0000000709a00000| PB 0x0000000709a00000| Untracked 
|  51|0x0000000709c00000, 0x0000000709c00000, 0x0000000709e00000|  0%| F|  |TAMS 0x0000000709c00000| PB 0x0000000709c00000| Untracked 
|  52|0x0000000709e00000, 0x0000000709e00000, 0x000000070a000000|  0%| F|  |TAMS 0x0000000709e00000| PB 0x0000000709e00000| Untracked 
|  53|0x000000070a000000, 0x000000070a000000, 0x000000070a200000|  0%| F|  |TAMS 0x000000070a000000| PB 0x000000070a000000| Untracked 
|  54|0x000000070a200000, 0x000000070a200000, 0x000000070a400000|  0%| F|  |TAMS 0x000000070a200000| PB 0x000000070a200000| Untracked 
|  55|0x000000070a400000, 0x000000070a400000, 0x000000070a600000|  0%| F|  |TAMS 0x000000070a400000| PB 0x000000070a400000| Untracked 
|  56|0x000000070a600000, 0x000000070a600000, 0x000000070a800000|  0%| F|  |TAMS 0x000000070a600000| PB 0x000000070a600000| Untracked 
|  57|0x000000070a800000, 0x000000070a800000, 0x000000070aa00000|  0%| F|  |TAMS 0x000000070a800000| PB 0x000000070a800000| Untracked 
|  58|0x000000070aa00000, 0x000000070aa00000, 0x000000070ac00000|  0%| F|  |TAMS 0x000000070aa00000| PB 0x000000070aa00000| Untracked 
|  59|0x000000070ac00000, 0x000000070ac00000, 0x000000070ae00000|  0%| F|  |TAMS 0x000000070ac00000| PB 0x000000070ac00000| Untracked 
|  60|0x000000070ae00000, 0x000000070ae00000, 0x000000070b000000|  0%| F|  |TAMS 0x000000070ae00000| PB 0x000000070ae00000| Untracked 
|  61|0x000000070b000000, 0x000000070b000000, 0x000000070b200000|  0%| F|  |TAMS 0x000000070b000000| PB 0x000000070b000000| Untracked 
|  62|0x000000070b200000, 0x000000070b200000, 0x000000070b400000|  0%| F|  |TAMS 0x000000070b200000| PB 0x000000070b200000| Untracked 
|  63|0x000000070b400000, 0x000000070b400000, 0x000000070b600000|  0%| F|  |TAMS 0x000000070b400000| PB 0x000000070b400000| Untracked 
|  64|0x000000070b600000, 0x000000070b600000, 0x000000070b800000|  0%| F|  |TAMS 0x000000070b600000| PB 0x000000070b600000| Untracked 
|  65|0x000000070b800000, 0x000000070b800000, 0x000000070ba00000|  0%| F|  |TAMS 0x000000070b800000| PB 0x000000070b800000| Untracked 
|  66|0x000000070ba00000, 0x000000070ba00000, 0x000000070bc00000|  0%| F|  |TAMS 0x000000070ba00000| PB 0x000000070ba00000| Untracked 
|  67|0x000000070bc00000, 0x000000070bc00000, 0x000000070be00000|  0%| F|  |TAMS 0x000000070bc00000| PB 0x000000070bc00000| Untracked 
|  68|0x000000070be00000, 0x000000070be00000, 0x000000070c000000|  0%| F|  |TAMS 0x000000070be00000| PB 0x000000070be00000| Untracked 
|  69|0x000000070c000000, 0x000000070c000000, 0x000000070c200000|  0%| F|  |TAMS 0x000000070c000000| PB 0x000000070c000000| Untracked 
|  70|0x000000070c200000, 0x000000070c200000, 0x000000070c400000|  0%| F|  |TAMS 0x000000070c200000| PB 0x000000070c200000| Untracked 
|  71|0x000000070c400000, 0x000000070c400000, 0x000000070c600000|  0%| F|  |TAMS 0x000000070c400000| PB 0x000000070c400000| Untracked 
|  72|0x000000070c600000, 0x000000070c600000, 0x000000070c800000|  0%| F|  |TAMS 0x000000070c600000| PB 0x000000070c600000| Untracked 
|  73|0x000000070c800000, 0x000000070c800000, 0x000000070ca00000|  0%| F|  |TAMS 0x000000070c800000| PB 0x000000070c800000| Untracked 
|  74|0x000000070ca00000, 0x000000070ca00000, 0x000000070cc00000|  0%| F|  |TAMS 0x000000070ca00000| PB 0x000000070ca00000| Untracked 
|  75|0x000000070cc00000, 0x000000070cc00000, 0x000000070ce00000|  0%| F|  |TAMS 0x000000070cc00000| PB 0x000000070cc00000| Untracked 
|  76|0x000000070ce00000, 0x000000070ce00000, 0x000000070d000000|  0%| F|  |TAMS 0x000000070ce00000| PB 0x000000070ce00000| Untracked 
|  77|0x000000070d000000, 0x000000070d000000, 0x000000070d200000|  0%| F|  |TAMS 0x000000070d000000| PB 0x000000070d000000| Untracked 
|  78|0x000000070d200000, 0x000000070d200000, 0x000000070d400000|  0%| F|  |TAMS 0x000000070d200000| PB 0x000000070d200000| Untracked 
|  79|0x000000070d400000, 0x000000070d400000, 0x000000070d600000|  0%| F|  |TAMS 0x000000070d400000| PB 0x000000070d400000| Untracked 
|  80|0x000000070d600000, 0x000000070d600000, 0x000000070d800000|  0%| F|  |TAMS 0x000000070d600000| PB 0x000000070d600000| Untracked 
|  81|0x000000070d800000, 0x000000070d800000, 0x000000070da00000|  0%| F|  |TAMS 0x000000070d800000| PB 0x000000070d800000| Untracked 
|  82|0x000000070da00000, 0x000000070da00000, 0x000000070dc00000|  0%| F|  |TAMS 0x000000070da00000| PB 0x000000070da00000| Untracked 
|  83|0x000000070dc00000, 0x000000070dc00000, 0x000000070de00000|  0%| F|  |TAMS 0x000000070dc00000| PB 0x000000070dc00000| Untracked 
|  84|0x000000070de00000, 0x000000070de00000, 0x000000070e000000|  0%| F|  |TAMS 0x000000070de00000| PB 0x000000070de00000| Untracked 
|  85|0x000000070e000000, 0x000000070e000000, 0x000000070e200000|  0%| F|  |TAMS 0x000000070e000000| PB 0x000000070e000000| Untracked 
|  86|0x000000070e200000, 0x000000070e200000, 0x000000070e400000|  0%| F|  |TAMS 0x000000070e200000| PB 0x000000070e200000| Untracked 
|  87|0x000000070e400000, 0x000000070e400000, 0x000000070e600000|  0%| F|  |TAMS 0x000000070e400000| PB 0x000000070e400000| Untracked 
|  88|0x000000070e600000, 0x000000070e600000, 0x000000070e800000|  0%| F|  |TAMS 0x000000070e600000| PB 0x000000070e600000| Untracked 
|  89|0x000000070e800000, 0x000000070e800000, 0x000000070ea00000|  0%| F|  |TAMS 0x000000070e800000| PB 0x000000070e800000| Untracked 
|  90|0x000000070ea00000, 0x000000070ea00000, 0x000000070ec00000|  0%| F|  |TAMS 0x000000070ea00000| PB 0x000000070ea00000| Untracked 
|  91|0x000000070ec00000, 0x000000070ec00000, 0x000000070ee00000|  0%| F|  |TAMS 0x000000070ec00000| PB 0x000000070ec00000| Untracked 
|  92|0x000000070ee00000, 0x000000070ee00000, 0x000000070f000000|  0%| F|  |TAMS 0x000000070ee00000| PB 0x000000070ee00000| Untracked 
|  93|0x000000070f000000, 0x000000070f000000, 0x000000070f200000|  0%| F|  |TAMS 0x000000070f000000| PB 0x000000070f000000| Untracked 
|  94|0x000000070f200000, 0x000000070f200000, 0x000000070f400000|  0%| F|  |TAMS 0x000000070f200000| PB 0x000000070f200000| Untracked 
|  95|0x000000070f400000, 0x000000070f4af050, 0x000000070f600000| 34%| E|  |TAMS 0x000000070f400000| PB 0x000000070f400000| Complete 
|  96|0x000000070f600000, 0x000000070f800000, 0x000000070f800000|100%| E|CS|TAMS 0x000000070f600000| PB 0x000000070f600000| Complete 
|  97|0x000000070f800000, 0x000000070fa00000, 0x000000070fa00000|100%| E|CS|TAMS 0x000000070f800000| PB 0x000000070f800000| Complete 
|  98|0x000000070fa00000, 0x000000070fc00000, 0x000000070fc00000|100%| E|CS|TAMS 0x000000070fa00000| PB 0x000000070fa00000| Complete 
|  99|0x000000070fc00000, 0x000000070fe00000, 0x000000070fe00000|100%| E|CS|TAMS 0x000000070fc00000| PB 0x000000070fc00000| Complete 
| 100|0x000000070fe00000, 0x0000000710000000, 0x0000000710000000|100%| E|CS|TAMS 0x000000070fe00000| PB 0x000000070fe00000| Complete 
| 101|0x0000000710000000, 0x0000000710200000, 0x0000000710200000|100%| E|CS|TAMS 0x0000000710000000| PB 0x0000000710000000| Complete 
| 102|0x0000000710200000, 0x0000000710400000, 0x0000000710400000|100%| E|CS|TAMS 0x0000000710200000| PB 0x0000000710200000| Complete 
| 103|0x0000000710400000, 0x0000000710600000, 0x0000000710600000|100%| S|CS|TAMS 0x0000000710400000| PB 0x0000000710400000| Complete 
| 104|0x0000000710600000, 0x0000000710800000, 0x0000000710800000|100%| S|CS|TAMS 0x0000000710600000| PB 0x0000000710600000| Complete 
| 105|0x0000000710800000, 0x0000000710a00000, 0x0000000710a00000|100%| S|CS|TAMS 0x0000000710800000| PB 0x0000000710800000| Complete 
| 106|0x0000000710a00000, 0x0000000710c00000, 0x0000000710c00000|100%| E|CS|TAMS 0x0000000710a00000| PB 0x0000000710a00000| Complete 
| 107|0x0000000710c00000, 0x0000000710e00000, 0x0000000710e00000|100%| E|CS|TAMS 0x0000000710c00000| PB 0x0000000710c00000| Complete 
| 108|0x0000000710e00000, 0x0000000711000000, 0x0000000711000000|100%| E|CS|TAMS 0x0000000710e00000| PB 0x0000000710e00000| Complete 
| 109|0x0000000711000000, 0x0000000711200000, 0x0000000711200000|100%| E|CS|TAMS 0x0000000711000000| PB 0x0000000711000000| Complete 
| 110|0x0000000711200000, 0x0000000711400000, 0x0000000711400000|100%| E|CS|TAMS 0x0000000711200000| PB 0x0000000711200000| Complete 
| 111|0x0000000711400000, 0x0000000711600000, 0x0000000711600000|100%| E|CS|TAMS 0x0000000711400000| PB 0x0000000711400000| Complete 
| 112|0x0000000711600000, 0x0000000711800000, 0x0000000711800000|100%| E|CS|TAMS 0x0000000711600000| PB 0x0000000711600000| Complete 
| 113|0x0000000711800000, 0x0000000711a00000, 0x0000000711a00000|100%| E|CS|TAMS 0x0000000711800000| PB 0x0000000711800000| Complete 
| 114|0x0000000711a00000, 0x0000000711c00000, 0x0000000711c00000|100%| E|CS|TAMS 0x0000000711a00000| PB 0x0000000711a00000| Complete 
| 115|0x0000000711c00000, 0x0000000711e00000, 0x0000000711e00000|100%| E|CS|TAMS 0x0000000711c00000| PB 0x0000000711c00000| Complete 
| 116|0x0000000711e00000, 0x0000000712000000, 0x0000000712000000|100%| E|CS|TAMS 0x0000000711e00000| PB 0x0000000711e00000| Complete 
| 117|0x0000000712000000, 0x0000000712200000, 0x0000000712200000|100%| E|CS|TAMS 0x0000000712000000| PB 0x0000000712000000| Complete 
| 118|0x0000000712200000, 0x0000000712400000, 0x0000000712400000|100%| E|CS|TAMS 0x0000000712200000| PB 0x0000000712200000| Complete 
| 119|0x0000000712400000, 0x0000000712600000, 0x0000000712600000|100%| E|CS|TAMS 0x0000000712400000| PB 0x0000000712400000| Complete 
| 120|0x0000000712600000, 0x0000000712800000, 0x0000000712800000|100%| E|CS|TAMS 0x0000000712600000| PB 0x0000000712600000| Complete 
| 121|0x0000000712800000, 0x0000000712a00000, 0x0000000712a00000|100%| E|CS|TAMS 0x0000000712800000| PB 0x0000000712800000| Complete 
| 122|0x0000000712a00000, 0x0000000712c00000, 0x0000000712c00000|100%| E|CS|TAMS 0x0000000712a00000| PB 0x0000000712a00000| Complete 
| 123|0x0000000712c00000, 0x0000000712e00000, 0x0000000712e00000|100%| E|CS|TAMS 0x0000000712c00000| PB 0x0000000712c00000| Complete 
| 124|0x0000000712e00000, 0x0000000713000000, 0x0000000713000000|100%| E|CS|TAMS 0x0000000712e00000| PB 0x0000000712e00000| Complete 
| 125|0x0000000713000000, 0x0000000713200000, 0x0000000713200000|100%| E|CS|TAMS 0x0000000713000000| PB 0x0000000713000000| Complete 
| 126|0x0000000713200000, 0x0000000713400000, 0x0000000713400000|100%| E|CS|TAMS 0x0000000713200000| PB 0x0000000713200000| Complete 

Card table byte_map: [0x00000174cff60000,0x00000174d0750000] _byte_map_base: 0x00000174cc745000

Marking Bits: (CMBitMap*) 0x00000174b7e48c70
 Bits: [0x00000174d0750000, 0x00000174d4678000)

Polling page: 0x00000174b5cc0000

Metaspace:

Usage:
  Non-class:     18.88 MB used.
      Class:      1.84 MB used.
       Both:     20.72 MB used.

Virtual space:
  Non-class space:       64.00 MB reserved,      19.00 MB ( 30%) committed,  1 nodes.
      Class space:        1.00 GB reserved,       1.94 MB ( <1%) committed,  1 nodes.
             Both:        1.06 GB reserved,      20.94 MB (  2%) committed. 

Chunk freelists:
   Non-Class:  12.16 MB
       Class:  14.09 MB
        Both:  26.25 MB

MaxMetaspaceSize: unlimited
CompressedClassSpaceSize: 1.00 GB
Initial GC threshold: 21.00 MB
Current GC threshold: 21.00 MB
CDS: on
 - commit_granule_bytes: 65536.
 - commit_granule_words: 8192.
 - virtual_space_node_default_size: 8388608.
 - enlarge_chunks_in_place: 1.
 - use_allocation_guard: 0.


Internal statistics:

num_allocs_failed_limit: 0.
num_arena_births: 164.
num_arena_deaths: 0.
num_vsnodes_births: 2.
num_vsnodes_deaths: 0.
num_space_committed: 333.
num_space_uncommitted: 0.
num_chunks_returned_to_freelist: 0.
num_chunks_taken_from_freelist: 808.
num_chunk_merges: 0.
num_chunk_splits: 617.
num_chunks_enlarged: 509.
num_inconsistent_stats: 0.

CodeHeap 'non-profiled nmethods': size=120000Kb used=1301Kb max_used=1301Kb free=118698Kb
 bounds [0x00000174c7cf0000, 0x00000174c7f60000, 0x00000174cf220000]
CodeHeap 'profiled nmethods': size=120000Kb used=5065Kb max_used=5065Kb free=114934Kb
 bounds [0x00000174c0220000, 0x00000174c0720000, 0x00000174c7750000]
CodeHeap 'non-nmethods': size=5760Kb used=2964Kb max_used=2991Kb free=2795Kb
 bounds [0x00000174c7750000, 0x00000174c7a50000, 0x00000174c7cf0000]
 total_blobs=4446 nmethods=3015 adapters=1335
 compilation: enabled
              stopped_count=0, restarted_count=0
 full_count=0

Compilation events (20 events):
Event: 55.113 Thread 0x000001752a9ddde0 nmethod 3006 0x00000174c7e2cd90 code [0x00000174c7e2cf20, 0x00000174c7e2d018]
Event: 55.113 Thread 0x000001752a9ddde0 3007       4       com.bedrye.bjge.GameEngine.Objects.BJEEditorScene::update (71 bytes)
Event: 55.148 Thread 0x00000174d74554f0 nmethod 3008 0x00000174c7e2d110 code [0x00000174c7e2d520, 0x00000174c7e2e858]
Event: 55.157 Thread 0x000001752a9ddde0 nmethod 3007 0x00000174c7e2fb90 code [0x00000174c7e30040, 0x00000174c7e31680]
Event: 62.221 Thread 0x00000174d74554f0 3009       4       com.bedrye.bjge.GameEngine.Scripts.SimpleCameraControl::update (536 bytes)
Event: 62.223 Thread 0x00000174d74554f0 nmethod 3009 0x00000174c7e32d90 code [0x00000174c7e32f60, 0x00000174c7e332e8]
Event: 62.224 Thread 0x00000174d74554f0 3010       4       com.bedrye.bjge.GameEngine.Listeners.MouseListener::isHold (38 bytes)
Event: 62.224 Thread 0x000001752a9ddde0 3011       4       com.bedrye.bjge.GameEngine.Objects.BJEEditorScene::render (64 bytes)
Event: 62.224 Thread 0x000001751e5bcca0 3012       4       com.bedrye.bjge.GameEngine.Util.BJEFrameBuffer::unbind (7 bytes)
Event: 62.224 Thread 0x000001751e5bcca0 nmethod 3012 0x00000174c7e33610 code [0x00000174c7e337a0, 0x00000174c7e33858]
Event: 62.224 Thread 0x000001751e5bcca0 3013       4       com.bedrye.bjge.GameEngine.Objects.Editor.BJEResourceManager::update (25 bytes)
Event: 62.225 Thread 0x00000174d74554f0 nmethod 3010 0x00000174c7e33910 code [0x00000174c7e33aa0, 0x00000174c7e33b70]
Event: 62.225 Thread 0x00000174d74554f0 3014       4       java.util.concurrent.ConcurrentSkipListSet::clear (10 bytes)
Event: 62.226 Thread 0x00000174d74554f0 nmethod 3014 0x00000174c7e33c10 code [0x00000174c7e33da0, 0x00000174c7e33e88]
Event: 62.226 Thread 0x00000174d74554f0 3015       4       java.util.concurrent.ConcurrentSkipListMap::clear (146 bytes)
Event: 62.227 Thread 0x00000174d74554f0 nmethod 3015 0x00000174c7e33f90 code [0x00000174c7e34120, 0x00000174c7e341d0]
Event: 62.228 Thread 0x000001752a9ddde0 nmethod 3011 0x00000174c7e34290 code [0x00000174c7e344c0, 0x00000174c7e34750]
Event: 62.229 Thread 0x000001751e5bcca0 nmethod 3013 0x00000174c7e34b10 code [0x00000174c7e34ce0, 0x00000174c7e34f40]
Event: 69.332 Thread 0x00000174d74554f0 3016       4       org.lwjgl.glfw.GLFW::glfwSwapBuffers (21 bytes)
Event: 69.333 Thread 0x00000174d74554f0 nmethod 3016 0x00000174c7e35310 code [0x00000174c7e354a0, 0x00000174c7e35570]

GC Heap History (4 events):
Event: 0.316 GC heap before
{Heap before GC invocations=0 (full 0):
 garbage-first heap   total 260096K, used 20480K [0x0000000703600000, 0x0000000800000000)
  region size 2048K, 11 young (22528K), 0 survivors (0K)
 Metaspace       used 3869K, committed 4096K, reserved 1114112K
  class space    used 333K, committed 448K, reserved 1048576K
}
Event: 0.318 GC heap after
{Heap after GC invocations=1 (full 0):
 garbage-first heap   total 260096K, used 2581K [0x0000000703600000, 0x0000000800000000)
  region size 2048K, 2 young (4096K), 2 survivors (4096K)
 Metaspace       used 3869K, committed 4096K, reserved 1114112K
  class space    used 333K, committed 448K, reserved 1048576K
}
Event: 1.563 GC heap before
{Heap before GC invocations=1 (full 0):
 garbage-first heap   total 260096K, used 39445K [0x0000000703600000, 0x0000000800000000)
  region size 2048K, 21 young (43008K), 2 survivors (4096K)
 Metaspace       used 19640K, committed 19840K, reserved 1114112K
  class space    used 1838K, committed 1920K, reserved 1048576K
}
Event: 1.567 GC heap after
{Heap after GC invocations=2 (full 0):
 garbage-first heap   total 260096K, used 6215K [0x0000000703600000, 0x0000000800000000)
  region size 2048K, 3 young (6144K), 3 survivors (6144K)
 Metaspace       used 19640K, committed 19840K, reserved 1114112K
  class space    used 1838K, committed 1920K, reserved 1048576K
}

Dll operation events (14 events):
Event: 0.009 Loaded shared library C:\Users\stas2\.jdks\openjdk-21.0.1\bin\java.dll
Event: 0.034 Loaded shared library C:\Users\stas2\.jdks\openjdk-21.0.1\bin\jsvml.dll
Event: 0.059 Loaded shared library C:\Users\stas2\.jdks\openjdk-21.0.1\bin\net.dll
Event: 0.061 Loaded shared library C:\Users\stas2\.jdks\openjdk-21.0.1\bin\nio.dll
Event: 0.065 Loaded shared library C:\Users\stas2\.jdks\openjdk-21.0.1\bin\zip.dll
Event: 0.162 Loaded shared library C:\Users\stas2\.jdks\openjdk-21.0.1\bin\zip.dll
Event: 0.165 Loaded shared library C:\Users\stas2\.jdks\openjdk-21.0.1\bin\instrument.dll
Event: 0.189 Loaded shared library C:\IntelliJ IDEA Community Edition 2021.3.2\IntelliJ IDEA Community Edition 2023.2.1\bin\breakgen64.dll
Event: 0.268 Loaded shared library C:\Users\stas2\.jdks\openjdk-21.0.1\bin\jimage.dll
Event: 0.390 Loaded shared library C:\Users\stas2\AppData\Local\Temp\lwjgl_stas2\3.3.4+7\x64\lwjgl.dll
Event: 0.668 Loaded shared library C:\Users\stas2\AppData\Local\Temp\lwjgl_stas2\3.3.4+7\x64\lwjgl_opengl.dll
Event: 0.887 Loaded shared library C:\Users\stas2\AppData\Local\Temp\imgui-java-natives\1.89.0\imgui-java64.dll
Event: 0.931 Loaded shared library C:\Users\stas2\.jdks\openjdk-21.0.1\bin\verify.dll
Event: 0.944 Loaded shared library C:\Users\stas2\AppData\Local\Temp\lwjgl_stas2\3.3.4+7\x64\lwjgl_stb.dll

Deoptimization events (20 events):
Event: 1.617 Thread 0x00000174b5b3dad0 Uncommon trap: trap_request=0xffffffc6 fr.pc=0x00000174c7d82370 relative=0x00000000000007f0
Event: 1.617 Thread 0x00000174b5b3dad0 Uncommon trap: reason=bimorphic_or_optimized_type_check action=maybe_recompile pc=0x00000174c7d82370 method=java.util.regex.Pattern$Start.match(Ljava/util/regex/Matcher;ILjava/lang/CharSequence;)Z @ 44 c2
Event: 1.617 Thread 0x00000174b5b3dad0 DEOPT PACKING pc=0x00000174c7d82370 sp=0x0000000db5efef10
Event: 1.617 Thread 0x00000174b5b3dad0 DEOPT UNPACKING pc=0x00000174c77a7da2 sp=0x0000000db5efee70 mode 2
Event: 1.617 Thread 0x00000174b5b3dad0 Uncommon trap: trap_request=0xffffffc6 fr.pc=0x00000174c7d82370 relative=0x00000000000007f0
Event: 1.617 Thread 0x00000174b5b3dad0 Uncommon trap: reason=bimorphic_or_optimized_type_check action=maybe_recompile pc=0x00000174c7d82370 method=java.util.regex.Pattern$Start.match(Ljava/util/regex/Matcher;ILjava/lang/CharSequence;)Z @ 44 c2
Event: 1.617 Thread 0x00000174b5b3dad0 DEOPT PACKING pc=0x00000174c7d82370 sp=0x0000000db5efef10
Event: 1.617 Thread 0x00000174b5b3dad0 DEOPT UNPACKING pc=0x00000174c77a7da2 sp=0x0000000db5efee70 mode 2
Event: 1.617 Thread 0x00000174b5b3dad0 Uncommon trap: trap_request=0xffffffc6 fr.pc=0x00000174c7d82370 relative=0x00000000000007f0
Event: 1.617 Thread 0x00000174b5b3dad0 Uncommon trap: reason=bimorphic_or_optimized_type_check action=maybe_recompile pc=0x00000174c7d82370 method=java.util.regex.Pattern$Start.match(Ljava/util/regex/Matcher;ILjava/lang/CharSequence;)Z @ 44 c2
Event: 1.617 Thread 0x00000174b5b3dad0 DEOPT PACKING pc=0x00000174c7d82370 sp=0x0000000db5efef10
Event: 1.617 Thread 0x00000174b5b3dad0 DEOPT UNPACKING pc=0x00000174c77a7da2 sp=0x0000000db5efee70 mode 2
Event: 1.659 Thread 0x00000174b5b3dad0 Uncommon trap: trap_request=0xffffffc6 fr.pc=0x00000174c7dcf68c relative=0x000000000000154c
Event: 1.659 Thread 0x00000174b5b3dad0 Uncommon trap: reason=bimorphic_or_optimized_type_check action=maybe_recompile pc=0x00000174c7dcf68c method=java.util.regex.Pattern$Start.<init>(Ljava/util/regex/Pattern$Node;)V @ 22 c2
Event: 1.659 Thread 0x00000174b5b3dad0 DEOPT PACKING pc=0x00000174c7dcf68c sp=0x0000000db5eff090
Event: 1.659 Thread 0x00000174b5b3dad0 DEOPT UNPACKING pc=0x00000174c77a7da2 sp=0x0000000db5efefc0 mode 2
Event: 1.659 Thread 0x00000174b5b3dad0 Uncommon trap: trap_request=0xffffffc6 fr.pc=0x00000174c7d82454 relative=0x00000000000008d4
Event: 1.659 Thread 0x00000174b5b3dad0 Uncommon trap: reason=bimorphic_or_optimized_type_check action=maybe_recompile pc=0x00000174c7d82454 method=java.util.regex.Pattern$BmpCharPropertyGreedy.match(Ljava/util/regex/Matcher;ILjava/lang/CharSequence;)Z @ 26 c2
Event: 1.659 Thread 0x00000174b5b3dad0 DEOPT PACKING pc=0x00000174c7d82454 sp=0x0000000db5eff130
Event: 1.659 Thread 0x00000174b5b3dad0 DEOPT UNPACKING pc=0x00000174c77a7da2 sp=0x0000000db5eff018 mode 2

Classes loaded (20 events):
Event: 1.522 Loading class java/util/Stack
Event: 1.522 Loading class java/util/Vector
Event: 1.522 Loading class java/util/Vector done
Event: 1.522 Loading class java/util/Stack done
Event: 1.561 Loading class sun/util/resources/LocaleData$CommonResourceBundleProvider
Event: 1.561 Loading class sun/util/resources/LocaleData$LocaleDataResourceBundleProvider
Event: 1.561 Loading class java/util/spi/ResourceBundleProvider
Event: 1.561 Loading class java/util/spi/ResourceBundleProvider done
Event: 1.561 Loading class sun/util/resources/LocaleData$LocaleDataResourceBundleProvider done
Event: 1.561 Loading class sun/util/resources/LocaleData$CommonResourceBundleProvider done
Event: 1.561 Loading class java/util/ArrayList$SubList$1
Event: 1.561 Loading class java/util/ArrayList$SubList$1 done
Event: 1.561 Loading class sun/util/resources/Bundles$2
Event: 1.562 Loading class sun/util/resources/Bundles$2 done
Event: 1.693 Loading class java/util/concurrent/ConcurrentSkipListMap$KeySet
Event: 1.693 Loading class java/util/concurrent/ConcurrentSkipListMap$KeySet done
Event: 1.693 Loading class java/util/concurrent/ConcurrentSkipListMap$KeyIterator
Event: 1.693 Loading class java/util/concurrent/ConcurrentSkipListMap$Iter
Event: 1.693 Loading class java/util/concurrent/ConcurrentSkipListMap$Iter done
Event: 1.693 Loading class java/util/concurrent/ConcurrentSkipListMap$KeyIterator done

Classes unloaded (0 events):
No events

Classes redefined (0 events):
No events

Internal exceptions (20 events):
Event: 0.943 Thread 0x00000174b5b3dad0 Exception <a 'sun/nio/fs/WindowsException'{0x00000007125ed928}> (0x00000007125ed928) 
thrown [s\open\src\hotspot\share\prims\jni.cpp, line 520]
Event: 0.945 Thread 0x00000174b5b3dad0 Exception <a 'sun/nio/fs/WindowsException'{0x00000007125efc88}> (0x00000007125efc88) 
thrown [s\open\src\hotspot\share\prims\jni.cpp, line 520]
Event: 1.111 Thread 0x00000174b5b3dad0 Exception <a 'java/lang/NoSuchMethodError'{0x00000007122ceae0}: 'int java.lang.invoke.DirectMethodHandle$Holder.invokeVirtual(java.lang.Object, java.lang.Object, java.lang.Object)'> (0x00000007122ceae0) 
thrown [s\open\src\hotspot\share\interpreter\linkResolver.cpp, line 773]
Event: 1.111 Thread 0x00000174b5b3dad0 Exception <a 'java/lang/NoSuchMethodError'{0x00000007122d45c8}: 'void java.lang.invoke.DirectMethodHandle$Holder.invokeInterface(java.lang.Object, java.lang.Object, java.lang.Object)'> (0x00000007122d45c8) 
thrown [s\open\src\hotspot\share\interpreter\linkResolver.cpp, line 773]
Event: 1.153 Thread 0x00000174b5b3dad0 Exception <a 'java/lang/NoSuchMethodError'{0x00000007123d4780}: 'int java.lang.invoke.DirectMethodHandle$Holder.invokeStaticInit(java.lang.Object, java.lang.Object)'> (0x00000007123d4780) 
thrown [s\open\src\hotspot\share\interpreter\linkResolver.cpp, line 773]
Event: 1.200 Thread 0x00000174b5b3dad0 Exception <a 'java/lang/NoSuchMethodError'{0x000000071208ca98}: 'int java.lang.invoke.DirectMethodHandle$Holder.invokeVirtual(java.lang.Object, java.lang.Object)'> (0x000000071208ca98) 
thrown [s\open\src\hotspot\share\interpreter\linkResolver.cpp, line 773]
Event: 1.202 Thread 0x00000174b5b3dad0 Exception <a 'java/lang/NoSuchMethodError'{0x00000007120ae350}: 'java.lang.Object java.lang.invoke.DirectMethodHandle$Holder.newInvokeSpecial(java.lang.Object, java.lang.Object, java.lang.Object, java.lang.Object, java.lang.Object)'> (0x00000007120ae350) 
thrown [s\open\src\hotspot\share\interpreter\linkResolver.cpp, line 773]
Event: 1.203 Thread 0x00000174b5b3dad0 Exception <a 'java/lang/NoSuchMethodError'{0x00000007120bb3a8}: 'java.lang.Object java.lang.invoke.DirectMethodHandle$Holder.newInvokeSpecial(java.lang.Object, java.lang.Object, java.lang.Object, java.lang.Object, java.lang.Object, java.lang.Object)'> (0x00000007120bb3a8) 
thrown [s\open\src\hotspot\share\interpreter\linkResolver.cpp, line 773]
Event: 1.216 Thread 0x00000174b5b3dad0 Exception <a 'java/lang/NoSuchMethodError'{0x0000000712106fc0}: 'int java.lang.invoke.DirectMethodHandle$Holder.invokeInterface(java.lang.Object, java.lang.Object)'> (0x0000000712106fc0) 
thrown [s\open\src\hotspot\share\interpreter\linkResolver.cpp, line 773]
Event: 1.217 Thread 0x00000174b5b3dad0 Exception <a 'sun/nio/fs/WindowsException'{0x000000071210cb18}> (0x000000071210cb18) 
thrown [s\open\src\hotspot\share\prims\jni.cpp, line 520]
Event: 1.219 Thread 0x00000174b5b3dad0 Exception <a 'sun/nio/fs/WindowsException'{0x0000000712114510}> (0x0000000712114510) 
thrown [s\open\src\hotspot\share\prims\jni.cpp, line 520]
Event: 1.237 Thread 0x00000174d744e620 Exception <a 'sun/nio/fs/WindowsException'{0x0000000711e0c788}> (0x0000000711e0c788) 
thrown [s\open\src\hotspot\share\prims\jni.cpp, line 520]
Event: 1.244 Thread 0x00000174d744e620 Exception <a 'java/lang/NoSuchMethodError'{0x0000000711e43650}: 'java.lang.Object java.lang.invoke.Invokers$Holder.invokeExact_MT(java.lang.Object, java.lang.Object, java.lang.Object, java.lang.Object, java.lang.Object, java.lang.Object)'> (0x0000000711e43650) 
thrown [s\open\src\hotspot\share\interpreter\linkResolver.cpp, line 773]
Event: 1.249 Thread 0x00000174b5b3dad0 Exception <a 'sun/nio/fs/WindowsException'{0x0000000711e93ed8}> (0x0000000711e93ed8) 
thrown [s\open\src\hotspot\share\prims\jni.cpp, line 520]
Event: 1.256 Thread 0x00000174b5b3dad0 Exception <a 'sun/nio/fs/WindowsException'{0x0000000711f45c98}> (0x0000000711f45c98) 
thrown [s\open\src\hotspot\share\prims\jni.cpp, line 520]
Event: 1.285 Thread 0x00000174b5b3dad0 Exception <a 'java/lang/NoSuchMethodError'{0x000000071181d5c0}: 'java.lang.Object java.lang.invoke.DirectMethodHandle$Holder.invokeSpecial(java.lang.Object, java.lang.Object, java.lang.Object, int, int)'> (0x000000071181d5c0) 
thrown [s\open\src\hotspot\share\interpreter\linkResolver.cpp, line 773]
Event: 1.285 Thread 0x00000174b5b3dad0 Exception <a 'java/lang/NoSuchMethodError'{0x00000007118236a0}: 'java.lang.Object java.lang.invoke.DirectMethodHandle$Holder.invokeVirtual(java.lang.Object, java.lang.Object, int)'> (0x00000007118236a0) 
thrown [s\open\src\hotspot\share\interpreter\linkResolver.cpp, line 773]
Event: 1.318 Thread 0x00000174b5b3dad0 Exception <a 'java/lang/NoSuchMethodError'{0x000000071198abd8}: 'java.lang.Object java.lang.invoke.DirectMethodHandle$Holder.invokeStatic(java.lang.Object, int, java.lang.Object)'> (0x000000071198abd8) 
thrown [s\open\src\hotspot\share\interpreter\linkResolver.cpp, line 773]
Event: 1.440 Thread 0x00000174b5b3dad0 Exception <a 'java/lang/NoSuchMethodError'{0x0000000710e63b70}: 'java.lang.Object java.lang.invoke.DirectMethodHandle$Holder.invokeVirtual(java.lang.Object, java.lang.Object, java.lang.Object, int, int)'> (0x0000000710e63b70) 
thrown [s\open\src\hotspot\share\interpreter\linkResolver.cpp, line 773]
Event: 1.459 Thread 0x00000174b5b3dad0 Exception <a 'java/lang/NoSuchMethodError'{0x0000000710fd5f40}: 'int java.lang.invoke.DirectMethodHandle$Holder.invokeStatic(java.lang.Object, java.lang.Object, java.lang.Object, java.lang.Object)'> (0x0000000710fd5f40) 
thrown [s\open\src\hotspot\share\interpreter\linkResolver.cpp, line 773]

ZGC Phase Switch (0 events):
No events

VM Operations (20 events):
Event: 9.642 Executing VM operation: Cleanup
Event: 9.642 Executing VM operation: Cleanup done
Event: 14.694 Executing VM operation: Cleanup
Event: 14.695 Executing VM operation: Cleanup done
Event: 21.767 Executing VM operation: Cleanup
Event: 21.767 Executing VM operation: Cleanup done
Event: 23.781 Executing VM operation: Cleanup
Event: 23.781 Executing VM operation: Cleanup done
Event: 39.913 Executing VM operation: Cleanup
Event: 39.913 Executing VM operation: Cleanup done
Event: 40.926 Executing VM operation: Cleanup
Event: 40.926 Executing VM operation: Cleanup done
Event: 60.191 Executing VM operation: HandshakeAllThreads (HandshakeForDeflation)
Event: 60.191 Executing VM operation: HandshakeAllThreads (HandshakeForDeflation) done
Event: 60.191 Executing VM operation: RendezvousGCThreads
Event: 60.191 Executing VM operation: RendezvousGCThreads done
Event: 62.200 Executing VM operation: Cleanup
Event: 62.200 Executing VM operation: Cleanup done
Event: 63.203 Executing VM operation: Cleanup
Event: 63.203 Executing VM operation: Cleanup done

Events (20 events):
Event: 0.091 Thread 0x00000174d76b8360 Thread added: 0x00000174d76b8360
Event: 0.155 Thread 0x00000174d774d130 Thread added: 0x00000174d774d130
Event: 0.190 Thread 0x00000174d744ecb0 Thread added: 0x00000174d744ecb0
Event: 0.190 Thread 0x00000174d7450060 Thread added: 0x00000174d7450060
Event: 0.617 Thread 0x00000174d774d130 Thread exited: 0x00000174d774d130
Event: 0.618 Thread 0x00000174d76b8360 Thread exited: 0x00000174d76b8360
Event: 0.978 Thread 0x000001751e174060 Thread added: 0x000001751e174060
Event: 1.234 Thread 0x000001751e28c770 Thread added: 0x000001751e28c770
Event: 1.236 Thread 0x000001751e415120 Thread added: 0x000001751e415120
Event: 1.522 Thread 0x000001751e6a0070 Thread added: 0x000001751e6a0070
Event: 1.656 Thread 0x000001751e415120 Thread exited: 0x000001751e415120
Event: 1.673 Thread 0x000001751e28c770 Thread exited: 0x000001751e28c770
Event: 3.460 Thread 0x000001751e28c770 Thread added: 0x000001751e28c770
Event: 3.758 Thread 0x000001751e28c770 Thread exited: 0x000001751e28c770
Event: 55.112 Thread 0x000001752a9ddde0 Thread added: 0x000001752a9ddde0
Event: 60.159 Thread 0x000001752a9ddde0 Thread exited: 0x000001752a9ddde0
Event: 62.223 Thread 0x000001752a9ddde0 Thread added: 0x000001752a9ddde0
Event: 62.223 Thread 0x000001751e5bcca0 Thread added: 0x000001751e5bcca0
Event: 67.227 Thread 0x000001751e5bcca0 Thread exited: 0x000001751e5bcca0
Event: 69.332 Thread 0x000001752a9ddde0 Thread exited: 0x000001752a9ddde0


Dynamic libraries:
0x00007ff72a670000 - 0x00007ff72a67e000 	C:\Users\stas2\.jdks\openjdk-21.0.1\bin\java.exe
0x00007ffe675c0000 - 0x00007ffe67829000 	C:\WINDOWS\SYSTEM32\ntdll.dll
0x00007ffe660f0000 - 0x00007ffe661b9000 	C:\WINDOWS\System32\KERNEL32.DLL
0x00007ffe64ca0000 - 0x00007ffe65093000 	C:\WINDOWS\System32\KERNELBASE.dll
0x00007ffe64ac0000 - 0x00007ffe64c0b000 	C:\WINDOWS\System32\ucrtbase.dll
0x00007ffe4ebc0000 - 0x00007ffe4ebd8000 	C:\Users\stas2\.jdks\openjdk-21.0.1\bin\jli.dll
0x00007ffe4eba0000 - 0x00007ffe4ebbb000 	C:\Users\stas2\.jdks\openjdk-21.0.1\bin\VCRUNTIME140.dll
0x00007ffe65d40000 - 0x00007ffe65f04000 	C:\WINDOWS\System32\USER32.dll
0x00007ffe4bea0000 - 0x00007ffe4c133000 	C:\WINDOWS\WinSxS\amd64_microsoft.windows.common-controls_6595b64144ccf1df_6.0.26100.5074_none_3e0d6f78e32fd63f\COMCTL32.dll
0x00007ffe64880000 - 0x00007ffe648a7000 	C:\WINDOWS\System32\win32u.dll
0x00007ffe66270000 - 0x00007ffe66319000 	C:\WINDOWS\System32\msvcrt.dll
0x00007ffe66870000 - 0x00007ffe6689b000 	C:\WINDOWS\System32\GDI32.dll
0x00007ffe64750000 - 0x00007ffe6487d000 	C:\WINDOWS\System32\gdi32full.dll
0x00007ffe652e0000 - 0x00007ffe65383000 	C:\WINDOWS\System32\msvcp_win.dll
0x00007ffe666a0000 - 0x00007ffe666cf000 	C:\WINDOWS\System32\IMM32.DLL
0x00007ffe5e9c0000 - 0x00007ffe5e9cc000 	C:\Users\stas2\.jdks\openjdk-21.0.1\bin\vcruntime140_1.dll
0x00007ffde0020000 - 0x00007ffde00ae000 	C:\Users\stas2\.jdks\openjdk-21.0.1\bin\msvcp140.dll
0x00007ffda77b0000 - 0x00007ffda84c5000 	C:\Users\stas2\.jdks\openjdk-21.0.1\bin\server\jvm.dll
0x00007ffe674c0000 - 0x00007ffe67574000 	C:\WINDOWS\System32\ADVAPI32.dll
0x00007ffe661c0000 - 0x00007ffe66266000 	C:\WINDOWS\System32\sechost.dll
0x00007ffe65fd0000 - 0x00007ffe660e8000 	C:\WINDOWS\System32\RPCRT4.dll
0x00007ffe67360000 - 0x00007ffe673d4000 	C:\WINDOWS\System32\WS2_32.dll
0x00007ffe63360000 - 0x00007ffe633be000 	C:\WINDOWS\SYSTEM32\POWRPROF.dll
0x00007ffe5b280000 - 0x00007ffe5b28b000 	C:\WINDOWS\SYSTEM32\VERSION.dll
0x00007ffe523a0000 - 0x00007ffe523d5000 	C:\WINDOWS\SYSTEM32\WINMM.dll
0x00007ffe63340000 - 0x00007ffe63354000 	C:\WINDOWS\SYSTEM32\UMPDC.dll
0x00007ffe63620000 - 0x00007ffe6363b000 	C:\WINDOWS\SYSTEM32\kernel.appcore.dll
0x00007ffe5df10000 - 0x00007ffe5df1a000 	C:\Users\stas2\.jdks\openjdk-21.0.1\bin\jimage.dll
0x00007ffe61ef0000 - 0x00007ffe62132000 	C:\WINDOWS\SYSTEM32\DBGHELP.DLL
0x00007ffe66320000 - 0x00007ffe6669b000 	C:\WINDOWS\System32\combase.dll
0x00007ffe673e0000 - 0x00007ffe674b7000 	C:\WINDOWS\System32\OLEAUT32.dll
0x00007ffe48660000 - 0x00007ffe4869d000 	C:\WINDOWS\SYSTEM32\dbgcore.DLL
0x00007ffe64a20000 - 0x00007ffe64ab9000 	C:\WINDOWS\System32\bcryptPrimitives.dll
0x00007ffe4eaf0000 - 0x00007ffe4eaff000 	C:\Users\stas2\.jdks\openjdk-21.0.1\bin\instrument.dll
0x00007ffe4eb70000 - 0x00007ffe4eb8f000 	C:\Users\stas2\.jdks\openjdk-21.0.1\bin\java.dll
0x00007ffe669b0000 - 0x00007ffe670fd000 	C:\WINDOWS\System32\SHELL32.dll
0x00007ffe648b0000 - 0x00007ffe64a1c000 	C:\WINDOWS\System32\wintypes.dll
0x00007ffe623b0000 - 0x00007ffe62c09000 	C:\WINDOWS\SYSTEM32\windows.storage.dll
0x00007ffe668a0000 - 0x00007ffe66990000 	C:\WINDOWS\System32\SHCORE.dll
0x00007ffe65f60000 - 0x00007ffe65fc2000 	C:\WINDOWS\System32\shlwapi.dll
0x00007ffe64670000 - 0x00007ffe64699000 	C:\WINDOWS\SYSTEM32\profapi.dll
0x00007ffdd6db0000 - 0x00007ffdd6e87000 	C:\Users\stas2\.jdks\openjdk-21.0.1\bin\jsvml.dll
0x00007ffe5b640000 - 0x00007ffe5b650000 	C:\Users\stas2\.jdks\openjdk-21.0.1\bin\net.dll
0x00007ffe5b130000 - 0x00007ffe5b24f000 	C:\WINDOWS\SYSTEM32\WINHTTP.dll
0x00007ffe63bd0000 - 0x00007ffe63c3b000 	C:\WINDOWS\system32\mswsock.dll
0x00007ffe4eb50000 - 0x00007ffe4eb66000 	C:\Users\stas2\.jdks\openjdk-21.0.1\bin\nio.dll
0x00007ffe4eb00000 - 0x00007ffe4eb18000 	C:\Users\stas2\.jdks\openjdk-21.0.1\bin\zip.dll
0x00007ffde0000000 - 0x00007ffde001a000 	C:\IntelliJ IDEA Community Edition 2021.3.2\IntelliJ IDEA Community Edition 2023.2.1\bin\breakgen64.dll
0x00007ffdd6660000 - 0x00007ffdd66db000 	C:\Users\stas2\AppData\Local\Temp\lwjgl_stas2\3.3.4+7\x64\lwjgl.dll
0x00007ffdd4610000 - 0x00007ffdd4695000 	C:\Users\stas2\AppData\Local\Temp\lwjgl_stas2\3.3.4+7\x64\glfw.dll
0x00007ffddc290000 - 0x00007ffddc2db000 	C:\WINDOWS\SYSTEM32\dinput8.dll
0x00007ffe5ea60000 - 0x00007ffe5ea72000 	C:\WINDOWS\SYSTEM32\xinput1_4.dll
0x00007ffe64400000 - 0x00007ffe64457000 	C:\WINDOWS\SYSTEM32\cfgmgr32.dll
0x00007ffe643d0000 - 0x00007ffe643fd000 	C:\WINDOWS\SYSTEM32\DEVOBJ.dll
0x00007ffe5f0a0000 - 0x00007ffe5f0cb000 	C:\WINDOWS\SYSTEM32\dwmapi.dll
0x00007ffe4f620000 - 0x00007ffe4f7fa000 	C:\WINDOWS\SYSTEM32\inputhost.dll
0x00007ffe5e710000 - 0x00007ffe5e835000 	C:\WINDOWS\SYSTEM32\CoreMessaging.dll
0x00007ffe5ec90000 - 0x00007ffe5ed38000 	C:\WINDOWS\system32\uxtheme.dll
0x00007ffe63e90000 - 0x00007ffe63e9c000 	C:\WINDOWS\SYSTEM32\CRYPTBASE.DLL
0x00007ffe659b0000 - 0x00007ffe65b08000 	C:\WINDOWS\System32\MSCTF.dll
0x00007ffe1b0f0000 - 0x00007ffe1b1fc000 	C:\WINDOWS\SYSTEM32\opengl32.dll
0x00007ffe1bfe0000 - 0x00007ffe1c00d000 	C:\WINDOWS\SYSTEM32\GLU32.dll
0x00007ffe616e0000 - 0x00007ffe61724000 	C:\WINDOWS\SYSTEM32\dxcore.dll
0x00007ffe5b0c0000 - 0x00007ffe5b120000 	C:\WINDOWS\SYSTEM32\directxdatabasehelper.dll
0x00007ffe4fc50000 - 0x00007ffe4fc6a000 	C:\WINDOWS\SYSTEM32\windows.staterepositorycore.dll
0x00007ffdb5390000 - 0x00007ffdb6383000 	C:\WINDOWS\System32\DriverStore\FileRepository\iigd_dch.inf_amd64_5802b1615520e41c\igxelpicd64.dll
0x00007ffe65ba0000 - 0x00007ffe65d38000 	C:\WINDOWS\System32\ole32.dll
0x00007ffe5ef40000 - 0x00007ffe5f07a000 	C:\WINDOWS\system32\dxgi.dll
0x00007ffdb50a0000 - 0x00007ffdb5387000 	C:\WINDOWS\System32\DriverStore\FileRepository\iigd_dch.inf_amd64_5802b1615520e41c\igdml64.dll
0x00007ffe57970000 - 0x00007ffe57d37000 	C:\WINDOWS\System32\DriverStore\FileRepository\iigd_dch.inf_amd64_5802b1615520e41c\igdgmm64.dll
0x00007ffe542e0000 - 0x00007ffe578f1000 	C:\WINDOWS\System32\DriverStore\FileRepository\iigd_dch.inf_amd64_5802b1615520e41c\igc64.dll
0x00007ffe50410000 - 0x00007ffe50559000 	C:\WINDOWS\SYSTEM32\textinputframework.dll
0x00007ffe5a3d0000 - 0x00007ffe5a6b3000 	C:\WINDOWS\SYSTEM32\CoreUIComponents.dll
0x00007ffdd5c40000 - 0x00007ffdd5ca1000 	C:\Users\stas2\AppData\Local\Temp\lwjgl_stas2\3.3.4+7\x64\lwjgl_opengl.dll
0x00007ffd77b30000 - 0x00007ffd78324000 	C:\Users\stas2\AppData\Local\Temp\imgui-java-natives\1.89.0\imgui-java64.dll
0x00007ffe4eab0000 - 0x00007ffe4eac0000 	C:\Users\stas2\.jdks\openjdk-21.0.1\bin\verify.dll
0x00007ffdd4570000 - 0x00007ffdd4610000 	C:\Users\stas2\AppData\Local\Temp\lwjgl_stas2\3.3.4+7\x64\lwjgl_stb.dll

dbghelp: loaded successfully - version: 4.0.5 - missing functions: none
symbol engine: initialized successfully - sym options: 0x614 - pdb path: .;C:\Users\stas2\.jdks\openjdk-21.0.1\bin;C:\WINDOWS\SYSTEM32;C:\WINDOWS\WinSxS\amd64_microsoft.windows.common-controls_6595b64144ccf1df_6.0.26100.5074_none_3e0d6f78e32fd63f;C:\Users\stas2\.jdks\openjdk-21.0.1\bin\server;C:\IntelliJ IDEA Community Edition 2021.3.2\IntelliJ IDEA Community Edition 2023.2.1\bin;C:\Users\stas2\AppData\Local\Temp\lwjgl_stas2\3.3.4+7\x64;C:\WINDOWS\System32\DriverStore\FileRepository\iigd_dch.inf_amd64_5802b1615520e41c;C:\Users\stas2\AppData\Local\Temp\imgui-java-natives\1.89.0

VM Arguments:
jvm_args: -javaagent:C:\IntelliJ IDEA Community Edition 2021.3.2\IntelliJ IDEA Community Edition 2023.2.1\lib\idea_rt.jar=62976:C:\IntelliJ IDEA Community Edition 2021.3.2\IntelliJ IDEA Community Edition 2023.2.1\bin -Dfile.encoding=windows-1252 -Dsun.stdout.encoding=windows-1252 -Dsun.stderr.encoding=windows-1252 --module-path=C:\Users\stas2\.m2\repository\com\fasterxml\jackson\core\jackson-databind\2.17.2\jackson-databind-2.17.2.jar;C:\Users\stas2\.m2\repository\com\fasterxml\jackson\core\jackson-annotations\2.17.2\jackson-annotations-2.17.2.jar;C:\Users\stas2\.m2\repository\org\lwjgl\lwjgl-glfw\3.3.4\lwjgl-glfw-3.3.4.jar;O:\GIt\MultiplayerShooter\target\classes;C:\Users\stas2\.m2\repository\org\joml\joml-primitives\1.10.0\joml-primitives-1.10.0.jar;C:\Users\stas2\.m2\repository\org\lwjgl\lwjgl-assimp\3.3.4\lwjgl-assimp-3.3.4.jar;C:\Users\stas2\.m2\repository\org\lwjgl\lwjgl-opengl\3.3.4\lwjgl-opengl-3.3.4.jar;C:\Users\stas2\.m2\repository\org\lwjgl\lwjgl-stb\3.3.4\lwjgl-stb-3.3.4.jar;C:\Users\stas2\.m2\repository\org\joml\joml\1.10.7\joml-1.10.7.jar;C:\Users\stas2\.m2\repository\io\github\spair\imgui-java-binding\1.89.0\imgui-java-binding-1.89.0.jar;C:\Users\stas2\.m2\repository\io\github\spair\imgui-java-lwjgl3\1.89.0\imgui-java-lwjgl3-1.89.0.jar;C:\Users\stas2\.m2\repository\org\lwjgl\lwjgl-vulkan\3.3.4\lwjgl-vulkan-3.3.4.jar;C:\Users\stas2\.m2\repository\com\fasterxml\jackson\core\jackson-core\2.17.2\jackson-core-2.17.2.jar;C:\Users\stas2\.m2\repository\org\lwjgl\lwjgl\3.3.4\lwjgl-3.3.4.jar -Djdk.module.main=com.bedrye.bjge 
java_command: com.bedrye.bjge/com.bedrye.bjge.TestMain
java_class_path (initial): C:\Users\stas2\.m2\repository\io\github\spair\imgui-java-natives-windows\1.89.0\imgui-java-natives-windows-1.89.0.jar;C:\Users\stas2\.m2\repository\org\junit\jupiter\junit-jupiter-api\5.9.2\junit-jupiter-api-5.9.2.jar;C:\Users\stas2\.m2\repository\org\opentest4j\opentest4j\1.2.0\opentest4j-1.2.0.jar;C:\Users\stas2\.m2\repository\org\junit\platform\junit-platform-commons\1.9.2\junit-platform-commons-1.9.2.jar;C:\Users\stas2\.m2\repository\org\apiguardian\apiguardian-api\1.1.2\apiguardian-api-1.1.2.jar;C:\Users\stas2\.m2\repository\org\junit\jupiter\junit-jupiter-engine\5.9.2\junit-jupiter-engine-5.9.2.jar;C:\Users\stas2\.m2\repository\org\junit\platform\junit-platform-engine\1.9.2\junit-platform-engine-1.9.2.jar;C:\Users\stas2\.m2\repository\org\lwjgl\lwjgl-bgfx\3.3.4\lwjgl-bgfx-3.3.4.jar;C:\Users\stas2\.m2\repository\org\lwjgl\lwjgl-nanovg\3.3.4\lwjgl-nanovg-3.3.4.jar;C:\Users\stas2\.m2\repository\org\lwjgl\lwjgl-nuklear\3.3.4\lwjgl-nuklear-3.3.4.jar;C:\Users\stas2\.m2\repository\org\lwjgl\lwjgl-openal\3.3.4\lwjgl-openal-3.3.4.jar;C:\Users\stas2\.m2\repository\org\lwjgl\lwjgl-par\3.3.4\lwjgl-par-3.3.4.jar;C:\Users\stas2\.m2\repository\org\lwjgl\lwjgl\3.3.4\lwjgl-3.3.4-natives-windows.jar;C:\Users\stas2\.m2\repository\org\lwjgl\lwjgl-assimp\3.3.4\lwjgl-assimp-3.3.4-natives-windows.jar;C:\Users\stas2\.m2\repository\org\lwjgl\lwjgl-bgfx\3.3.4\lwjgl-bgfx-3.3.4-natives-windows.jar;C:\Users\stas2\.m2\repository\org\lwjgl\lwjgl-glfw\3.3.4\lwjgl-glfw-3.3.4-natives-windows.jar;C:\Users\stas2\.m2\repository\org\lwjgl\lwjgl-nanovg\3.3.4\lwjgl-nanovg-3.3.4-natives-windows.jar;C:\Users\stas2\.m2\repository\org\lwjgl\lwjgl-nuklear\3.3.4\lwjgl-nuklear-3.3.4-natives-windows.jar;C:\Users\stas2\.m2\repository\org\lwjgl\lwjgl-openal\3.3.4\lwjgl-openal-3.3.4-natives-windows.jar;C:\Users\stas2\.m2\repository\org\lwjgl\lwjgl-opengl\3.3.4\lwjgl-opengl-3.3.4-natives-windows.jar;C:\Users\stas2\.m2\repository\org\lwjgl\lwjgl-par\3.3.4\lwjgl-par-3.3.4-natives-windows.jar;C:\Users\stas2\.m2\repository\org\lwjgl\lwjgl-stb\3.3.4\lwjgl-stb-3.3.4-natives-windows.jar
Launcher Type: SUN_STANDARD

[Global flags]
     intx CICompilerCount                          = 4                                         {product} {ergonomic}
     uint ConcGCThreads                            = 3                                         {product} {ergonomic}
     uint G1ConcRefinementThreads                  = 10                                        {product} {ergonomic}
   size_t G1HeapRegionSize                         = 2097152                                   {product} {ergonomic}
    uintx GCDrainStackTargetSize                   = 64                                        {product} {ergonomic}
   size_t InitialHeapSize                          = 266338304                                 {product} {ergonomic}
   size_t MarkStackSize                            = 4194304                                   {product} {ergonomic}
   size_t MaxHeapSize                              = 4238344192                                {product} {ergonomic}
   size_t MaxNewSize                               = 2541748224                                {product} {ergonomic}
   size_t MinHeapDeltaBytes                        = 2097152                                   {product} {ergonomic}
   size_t MinHeapSize                              = 8388608                                   {product} {ergonomic}
    uintx NonNMethodCodeHeapSize                   = 5839372                                {pd product} {ergonomic}
    uintx NonProfiledCodeHeapSize                  = 122909434                              {pd product} {ergonomic}
    uintx ProfiledCodeHeapSize                     = 122909434                              {pd product} {ergonomic}
    uintx ReservedCodeCacheSize                    = 251658240                              {pd product} {ergonomic}
     bool SegmentedCodeCache                       = true                                      {product} {ergonomic}
   size_t SoftMaxHeapSize                          = 4238344192                             {manageable} {ergonomic}
     bool UseCompressedOops                        = true                           {product lp64_product} {ergonomic}
     bool UseG1GC                                  = true                                      {product} {ergonomic}
     bool UseLargePagesIndividualAllocation        = false                                  {pd product} {ergonomic}

Logging:
Log output configuration:
 #0: stdout all=warning uptime,level,tags foldmultilines=false
 #1: stderr all=off uptime,level,tags foldmultilines=false

Environment Variables:
JAVA_HOME=C:\Program Files\Java\jdk-21
PATH=C:\Program Files\PlasticSCM5\server;C:\Program Files\PlasticSCM5\client;C:\Program Files\NVIDIA GPU Computing Toolkit\CUDA\v12.6\bin;C:\Program Files\NVIDIA GPU Computing Toolkit\CUDA\v12.6\libnvvp;C:\Program Files\Common Files\Oracle\Java\javapath;C:\Windows\system32;C:\Windows;C:\Program Files\Java\jdk-11.0.2\bin;C:\Windows\System32\Wbem;C:\ORacleDatabase\dbhomeXE\bin;C:\Windows\System32\WindowsPowerShell\v1.0\;C:\Windows\System32\OpenSSH\;C:\Program Files (x86)\NVIDIA Corporation\PhysX\Common;C:\Program Files\NVIDIA Corporation\NVIDIA NvDLISR;C:\Program Files\Git LFS;C:\Program Files\Git\cmd;C:\Program Files (x86)\Windows Kits\10\Windows Performance Toolkit\;C:\Program Files (x86)\Steam\steamapps\common\Counter-Strike Global Offensive\game\bin\win64;C:\Users\stas2\AppData\Local\Programs\Python\Python311;C:\Program Files\dotnet\;C:\Program Files\Microsoft SQL Server\150\Tools\Binn\;C:\Program Files\Microsoft SQL Server\Client SDK\ODBC\170\Tools\Binn\;C:\Program Files\NVIDIA Corporation\Nsight Compute 2024.3.2\;C:\Program Files (x86)\Microsoft SQL Server\160\Tools\Binn\;C:\Program Files\Microsoft SQL Server\160\Tools\Binn\;C:\Program Files\Microsoft SQL Server\160\DTS\Binn\;C:\Program Files (x86)\Microsoft SQL Server\160\DTS\Binn\;C:\WINDOWS\system32;C:\WINDOWS;C:\WINDOWS\System32\Wbem;C:\WINDOWS\System32\WindowsPowerShell\v1.0\;C:\WINDOWS\System32\OpenSSH\;C:\Program Files\Docker\Docker\resources\bin;O:\npdejs\;C:\Users\stas2\AppData\Local\Programs\Python\Python312\Scripts;C:\Users\stas2\AppData\Local\Microsoft\WindowsApps;C:\Users\stas2\AppData\Local\Programs\Microsoft VS Code\bin;C:\Users\stas2\AppData\Local\GitHubDesktop\bin;C:\Users\stas2\AppData\Local\Programs\Python\Python311;C:\Program Files (x86)\Steam\steamapps\common\Counter-Strike Global Offensive\game\bin\win64;C:\Users\stas2\.dotnet\tools;C:\Users\stas2\AppData\Local\Muse Hub\lib;C:\Users\stas2\AppData\Roaming\npm;C:\Users\stas2\AppData\Local\Programs\Python\Python312\Scripts;
USERNAME=stas2
OS=Windows_NT
PROCESSOR_IDENTIFIER=Intel64 Family 6 Model 141 Stepping 1, GenuineIntel
TMP=C:\Users\stas2\AppData\Local\Temp
TEMP=C:\Users\stas2\AppData\Local\Temp




Periodic native trim disabled

---------------  S Y S T E M  ---------------

OS:
 Windows 11 , 64 bit Build 26100 (10.0.26100.5074)
OS uptime: 1 days 21:59 hours
Hyper-V role detected

CPU: total 12 (initial active 12) (6 cores per cpu, 2 threads per core) family 6 model 141 stepping 1 microcode 0x3c, cx8, cmov, fxsr, ht, mmx, 3dnowpref, sse, sse2, sse3, ssse3, sse4.1, sse4.2, popcnt, lzcnt, tsc, tscinvbit, avx, avx2, aes, erms, clmul, bmi1, bmi2, adx, avx512f, avx512dq, avx512cd, avx512bw, avx512vl, sha, fma, vzeroupper, avx512_vpopcntdq, avx512_vpclmulqdq, avx512_vaes, avx512_vnni, clflush, clflushopt, clwb, avx512_vbmi2, avx512_vbmi, hv, rdtscp, rdpid, fsrm, gfni, avx512_bitalg, f16c, cet_ibt, cet_ss, avx512_ifma
Processor Information for all 12 processors :
  Max Mhz: 2688, Current Mhz: 2688, Mhz Limit: 2688

Memory: 4k page, system-wide physical 16163M (1074M free)
TotalPageFile size 42787M (AvailPageFile size 5972M)
current process WorkingSet (physical memory assigned to process): 304M, peak: 311M
current process commit charge ("private bytes"): 453M, peak: 477M

vm_info: OpenJDK 64-Bit Server VM (21.0.1+12-29) for windows-amd64 JRE (21.0.1+12-29), built on 2023-10-05T13:27:09Z by "mach5one" with MS VC++ 17.1 (VS2022)

END.
