#
# A fatal error has been detected by the Java Runtime Environment:
#
#  EXCEPTION_ACCESS_VIOLATION (0xc0000005) at pc=0x00007ffc2cf9366c, pid=30804, tid=29044
#
# JRE version: OpenJDK Runtime Environment (20.0.2+9) (build 20.0.2+9-78)
# Java VM: OpenJDK 64-Bit Server VM (20.0.2+9-78, mixed mode, sharing, tiered, compressed oops, compressed class ptrs, g1 gc, windows-amd64)
# Problematic frame:
# C  [igxelpicd64.dll+0x13366c]
#
# No core dump will be written. Minidumps are not enabled by default on client versions of Windows
#
# If you would like to submit a bug report, please visit:
#   https://bugreport.java.com/bugreport/crash.jsp
#

---------------  S U M M A R Y ------------

Command Line: -javaagent:C:\IntelliJ IDEA Community Edition 2021.3.2\IntelliJ IDEA Community Edition 2023.2.1\lib\idea_rt.jar=49727:C:\IntelliJ IDEA Community Edition 2021.3.2\IntelliJ IDEA Community Edition 2023.2.1\bin -Dfile.encoding=windows-1252 -Dsun.stdout.encoding=windows-1252 -Dsun.stderr.encoding=windows-1252 --module-path=C:\Users\stas2\.m2\repository\org\joml\joml-primitives\1.10.0\joml-primitives-1.10.0.jar;C:\Users\stas2\.m2\repository\org\lwjgl\lwjgl-stb\3.3.4\lwjgl-stb-3.3.4.jar;C:\Users\stas2\.m2\repository\org\lwjgl\lwjgl\3.3.4\lwjgl-3.3.4.jar;C:\Users\stas2\.m2\repository\org\lwjgl\lwjgl-vulkan\3.3.4\lwjgl-vulkan-3.3.4.jar;C:\Users\stas2\.m2\repository\org\lwjgl\lwjgl-assimp\3.3.4\lwjgl-assimp-3.3.4.jar;C:\Users\stas2\.m2\repository\org\joml\joml\1.10.7\joml-1.10.7.jar;C:\Users\stas2\.m2\repository\org\lwjgl\lwjgl-opengl\3.3.4\lwjgl-opengl-3.3.4.jar;O:\GIt\MultiplayerShooter\target\classes;C:\Users\stas2\.m2\repository\org\lwjgl\lwjgl-glfw\3.3.4\lwjgl-glfw-3.3.4.jar -Djdk.module.main=com.bedrye.multiplayershooter com.bedrye.multiplayershooter/com.bedrye.bjge.GameEngine.TestMain

Host: 11th Gen Intel(R) Core(TM) i5-11400H @ 2.70GHz, 12 cores, 15G,  Windows 11 , 64 bit Build 26100 (10.0.26100.4202)
Time: Mon Jul  7 17:41:24 2025 FLE Summer Time elapsed time: 29.727772 seconds (0d 0h 0m 29s)

---------------  T H R E A D  ---------------

Current thread (0x00000260dbb6b400):  VMThread "VM Thread" [stack: 0x00000082c4200000,0x00000082c4300000] [id=29044]

Stack: [0x00000082c4200000,0x00000082c4300000],  sp=0x00000082c42fe6f0,  free space=1017k
Native frames: (J=compiled Java code, j=interpreted, Vv=VM code, C=native code)
C  [igxelpicd64.dll+0x13366c]


siginfo: EXCEPTION_ACCESS_VIOLATION (0xc0000005), reading address 0x00000000000356f8


Registers:
RAX=0x00000261218bbd18, RBX=0x00000261218bbc10, RCX=0x0000000000000000, RDX=0x0000000000000000
RSP=0x00000082c42fe6f0, RBP=0x0000000000000000, RSI=0x00000261218bc1e0, RDI=0x00000261217db590
R8 =0x0000000000000014, R9 =0x00000082c36a2000, R10=0x0000000000000000, R11=0x0000000000000000
R12=0x0000000000000000, R13=0x000002614fd23b60, R14=0x0000000000289d00, R15=0x0000000000000016
RIP=0x00007ffc2cf9366c, EFLAGS=0x0000000000010206


Register to memory mapping:

RIP=0x00007ffc2cf9366c igxelpicd64.dll
RAX=0x00000261218bbd18 points into unknown readable memory: 0x00000000002895dc | dc 95 28 00 00 00 00 00
RBX=0x00000261218bbc10 points into unknown readable memory: 0x00000261215e1960 | 60 19 5e 21 61 02 00 00
RCX=0x0 is NULL
RDX=0x0 is NULL
RSP=0x00000082c42fe6f0 points into unknown readable memory: 0x000002612162b6d0 | d0 b6 62 21 61 02 00 00
RBP=0x0 is NULL
RSI=0x00000261218bc1e0 points into unknown readable memory: 0x000002614fd23b60 | 60 3b d2 4f 61 02 00 00
RDI=0x00000261217db590 points into unknown readable memory: 0x000002612190c601 | 01 c6 90 21 61 02 00 00
R8 =0x0000000000000014 is an unknown value
R9 =0x00000082c36a2000 points into unknown readable memory: 0x0000000000000000 | 00 00 00 00 00 00 00 00
R10=0x0 is NULL
R11=0x0 is NULL
R12=0x0 is NULL
R13=0x000002614fd23b60 points into unknown readable memory: 0x00000261215e1960 | 60 19 5e 21 61 02 00 00
R14=0x0000000000289d00 is an unknown value
R15=0x0000000000000016 is an unknown value


Top of Stack: (sp=0x00000082c42fe6f0)
0x00000082c42fe6f0:   000002612162b6d0 0000000000000000
0x00000082c42fe700:   00000261276f04c0 00007ffcabdc5b24
0x00000082c42fe710:   00000261276f04c0 00007ffc2cea5db3
0x00000082c42fe720:   000000007a000004 0000000000000000
0x00000082c42fe730:   00000261276e4ef8 0000000000289dc0
0x00000082c42fe740:   0000000000000000 0000000000000010
0x00000082c42fe750:   0000000000000000 0000000000000000
0x00000082c42fe760:   00000082c42fe870 00007ffc2d10bc3c
0x00000082c42fe770:   000002612162b6d0 00000261217db590
0x00000082c42fe780:   00000261276e4b00 00000261276b0000
0x00000082c42fe790:   0000008200000678 0000b8021a750000
0x00000082c42fe7a0:   0000000000000000 0000000000000000
0x00000082c42fe7b0:   0000000000000028 0000800400112000
0x00000082c42fe7c0:   0000000000000000 0000000000000000
0x00000082c42fe7d0:   0000000000000000 00007ffc2d1019a0
0x00000082c42fe7e0:   0000000000000000 0000000000000000
0x00000082c42fe7f0:   0000000000000000 0000000000000000
0x00000082c42fe800:   0000000000000000 0000000000000000
0x00000082c42fe810:   0000000000000000 00007ffc2cee3cdf
0x00000082c42fe820:   0000b8021a750000 0000000000000678
0x00000082c42fe830:   0000000000000000 4000188000000001
0x00000082c42fe840:   0000000000000000 0000000000000000
0x00000082c42fe850:   0000000000000000 0000000000000000
0x00000082c42fe860:   0000000000000000 0000000000000000
0x00000082c42fe870:   0000000000000000 0000000000000000
0x00000082c42fe880:   0000000000000000 0000000000000000
0x00000082c42fe890:   0000000000000000 0000000000000000
0x00000082c42fe8a0:   0000000000000000 0000000000000000
0x00000082c42fe8b0:   0000000000000000 0000000000000000
0x00000082c42fe8c0:   0000000000000000 0000000000000000
0x00000082c42fe8d0:   0000000000000000 0000000000000000
0x00000082c42fe8e0:   0000000000000000 0000000000000000 

Instructions: (pc=0x00007ffc2cf9366c)
0x00007ffc2cf9356c:   ec 40 45 8a e1 48 8b fa 48 8b e9 48 8b 1d 42 08
0x00007ffc2cf9357c:   e0 00 48 89 58 08 48 8b cb ff 15 85 5b 9a 00 90
0x00007ffc2cf9358c:   4c 8b af 78 02 00 00 48 8b 05 c6 e4 cf 00 44 8b
0x00007ffc2cf9359c:   b8 40 0b 00 00 45 33 db 45 8a f3 4c 89 9f 78 02
0x00007ffc2cf935ac:   00 00 44 89 9f 80 02 00 00 4c 89 9f 98 02 00 00
0x00007ffc2cf935bc:   4c 89 9f 88 02 00 00 48 85 ed 75 38 8b 35 4a e2
0x00007ffc2cf935cc:   df 00 65 48 8b 04 25 58 00 00 00 b9 14 00 00 00
0x00007ffc2cf935dc:   48 8b 04 f0 44 38 1c 01 0f 84 9d da 86 00 65 48
0x00007ffc2cf935ec:   8b 04 25 58 00 00 00 bd 20 00 00 00 48 8b 04 f0
0x00007ffc2cf935fc:   48 8b 2c 28 48 3b 2d 39 07 e0 00 45 0f 44 fb 4d
0x00007ffc2cf9360c:   85 ed 0f 84 21 01 00 00 44 8a a4 24 90 00 00 00
0x00007ffc2cf9361c:   49 8b dd 49 8d b5 d0 05 00 00 4c 8b 2e 45 84 e4
0x00007ffc2cf9362c:   0f 85 2a 03 00 00 8b 97 c8 01 00 00 48 8b 05 21
0x00007ffc2cf9363c:   e4 cf 00 83 b8 78 03 00 00 02 75 31 83 fa 10 0f
0x00007ffc2cf9364c:   83 20 01 00 00 48 8d 04 d5 21 00 00 00 48 03 c2
0x00007ffc2cf9365c:   48 8d 04 c3 48 85 c0 0f 85 ff 00 00 00 49 8b cb
0x00007ffc2cf9366c:   48 3b 8d f8 56 03 00 0f 87 f3 02 00 00 4c 39 9b
0x00007ffc2cf9367c:   48 06 00 00 0f 85 41 da 86 00 44 8b 97 c8 01 00
0x00007ffc2cf9368c:   00 48 8b 87 e0 01 00 00 4c 8b 08 8b 97 c8 01 00
0x00007ffc2cf9369c:   00 83 fa 10 0f 83 03 01 00 00 48 8d 04 d5 21 00
0x00007ffc2cf936ac:   00 00 48 03 c2 48 8d 04 c3 48 85 c0 0f 85 e2 00
0x00007ffc2cf936bc:   00 00 49 8b cb 49 3b c9 0f 86 0e 01 00 00 48 8b
0x00007ffc2cf936cc:   87 78 02 00 00 48 89 06 48 89 9f 78 02 00 00 ff
0x00007ffc2cf936dc:   87 80 02 00 00 48 8b 43 08 48 8b 88 18 01 00 00
0x00007ffc2cf936ec:   48 81 e1 00 00 ff ff 48 81 c1 00 00 01 00 48 01
0x00007ffc2cf936fc:   8f 88 02 00 00 48 8b 43 08 48 8b 88 18 01 00 00
0x00007ffc2cf9370c:   48 01 8f 98 02 00 00 4d 85 ed 0f 85 00 ff ff ff
0x00007ffc2cf9371c:   45 84 f6 44 8a a4 24 98 00 00 00 0f 85 82 03 00
0x00007ffc2cf9372c:   00 48 8b 9c 24 80 00 00 00 48 8b cf 45 84 e4 0f
0x00007ffc2cf9373c:   85 8a 03 00 00 e8 fa f9 ff ff 90 48 8b cb 48 8b
0x00007ffc2cf9374c:   9c 24 88 00 00 00 48 83 c4 40 41 5f 41 5e 41 5d
0x00007ffc2cf9375c:   41 5c 5f 5e 5d 48 ff 25 b0 59 9a 00 48 8b 48 08 


Stack slot to memory mapping:
stack at sp + 0 slots: 0x000002612162b6d0 points into unknown readable memory: 0xffffffffffffffff | ff ff ff ff ff ff ff ff
stack at sp + 1 slots: 0x0 is NULL
stack at sp + 2 slots: 0x00000261276f04c0 points into unknown readable memory: 0x0000000000000001 | 01 00 00 00 00 00 00 00
stack at sp + 3 slots: 0x00007ffcabdc5b24 ntdll.dll
stack at sp + 4 slots: 0x00000261276f04c0 points into unknown readable memory: 0x0000000000000001 | 01 00 00 00 00 00 00 00
stack at sp + 5 slots: 0x00007ffc2cea5db3 igxelpicd64.dll
stack at sp + 6 slots: 0x000000007a000004 is an unknown value
stack at sp + 7 slots: 0x0 is NULL

VM_Operation (0x00000082c4cff230): Exit, mode: safepoint, requested by thread 0x000002613dfe9120


---------------  P R O C E S S  ---------------

Threads class SMR info:
_java_thread_list=0x000002612172afb0, length=13, elements={
0x00000260bb9c43b0, 0x00000260dbb8c8e0, 0x00000260dbb8e220, 0x00000260dbb91f00,
0x00000260dbb96fa0, 0x00000260dbb986e0, 0x00000260dbb98dd0, 0x00000260dbb9b590,
0x00000260dbb9da90, 0x0000026120dd1780, 0x00000261213612e0, 0x0000026121361830,
0x000002613dfe9120
}

Java Threads: ( => current thread )
  0x00000260bb9c43b0 JavaThread "main" [_thread_blocked, id=10668, stack(0x00000082c3c00000,0x00000082c3d00000)]
  0x00000260dbb8c8e0 JavaThread "Reference Handler" daemon [_thread_blocked, id=30104, stack(0x00000082c4300000,0x00000082c4400000)]
  0x00000260dbb8e220 JavaThread "Finalizer" daemon [_thread_blocked, id=2816, stack(0x00000082c4400000,0x00000082c4500000)]
  0x00000260dbb91f00 JavaThread "Signal Dispatcher" daemon [_thread_blocked, id=9408, stack(0x00000082c4500000,0x00000082c4600000)]
  0x00000260dbb96fa0 JavaThread "Attach Listener" daemon [_thread_blocked, id=29036, stack(0x00000082c4600000,0x00000082c4700000)]
  0x00000260dbb986e0 JavaThread "Service Thread" daemon [_thread_blocked, id=10948, stack(0x00000082c4700000,0x00000082c4800000)]
  0x00000260dbb98dd0 JavaThread "Monitor Deflation Thread" daemon [_thread_blocked, id=29184, stack(0x00000082c4800000,0x00000082c4900000)]
  0x00000260dbb9b590 JavaThread "C2 CompilerThread0" daemon [_thread_blocked, id=22176, stack(0x00000082c4900000,0x00000082c4a00000)]
  0x00000260dbb9da90 JavaThread "C1 CompilerThread0" daemon [_thread_blocked, id=8468, stack(0x00000082c4a00000,0x00000082c4b00000)]
  0x0000026120dd1780 JavaThread "Common-Cleaner" daemon [_thread_blocked, id=27116, stack(0x00000082c4b00000,0x00000082c4c00000)]
  0x00000261213612e0 JavaThread "Monitor Ctrl-Break" daemon [_thread_in_native, id=29820, stack(0x00000082c4e00000,0x00000082c4f00000)]
  0x0000026121361830 JavaThread "Notification Thread" daemon [_thread_blocked, id=29852, stack(0x00000082c4f00000,0x00000082c5000000)]
  0x000002613dfe9120 JavaThread "SIGINT handler" daemon [_thread_blocked, id=19460, stack(0x00000082c4c00000,0x00000082c4d00000)]

Other Threads:
=>0x00000260dbb6b400 VMThread "VM Thread" [stack: 0x00000082c4200000,0x00000082c4300000] [id=29044]
  0x00000260bba36650 WorkerThread "GC Thread#0" [stack: 0x00000082c3d00000,0x00000082c3e00000] [id=22320]
  0x0000026127bb0e00 WorkerThread "GC Thread#1" [stack: 0x00000082c5600000,0x00000082c5700000] [id=13368]
  0x0000026127bb02c0 WorkerThread "GC Thread#2" [stack: 0x00000082c5700000,0x00000082c5800000] [id=29272]
  0x0000026127bafa50 WorkerThread "GC Thread#3" [stack: 0x00000082c5800000,0x00000082c5900000] [id=27896]
  0x0000026127bafd20 WorkerThread "GC Thread#4" [stack: 0x00000082c5900000,0x00000082c5a00000] [id=29784]
  0x0000026127bb0590 WorkerThread "GC Thread#5" [stack: 0x00000082c5a00000,0x00000082c5b00000] [id=15548]
  0x0000026127bafff0 WorkerThread "GC Thread#6" [stack: 0x00000082c5b00000,0x00000082c5c00000] [id=21200]
  0x0000026127bb0860 WorkerThread "GC Thread#7" [stack: 0x00000082c5c00000,0x00000082c5d00000] [id=2536]
  0x0000026127bb10d0 WorkerThread "GC Thread#8" [stack: 0x00000082c5d00000,0x00000082c5e00000] [id=2652]
  0x0000026127baf780 WorkerThread "GC Thread#9" [stack: 0x00000082c5e00000,0x00000082c5f00000] [id=31584]
  0x00000260bba471f0 ConcurrentGCThread "G1 Main Marker" terminated
  0x00000260bba48a90 WorkerThread "G1 Conc#0" [stack: 0x00000082c3f00000,0x00000082c4000000] [id=17676]
  0x00000260dba29e80 ConcurrentGCThread "G1 Refine#0" terminated
  0x00000260dba2b5e0 ConcurrentGCThread "G1 Service" terminated

Threads with active compile tasks:

VM state: at safepoint (shutting down)

VM Mutex/Monitor currently owned by a thread:  ([mutex/lock_event])
[0x00000260bb9c2840] Threads_lock - owner thread: 0x00000260dbb6b400
[0x00000260bb9c35c0] Heap_lock - owner thread: 0x000002613dfe9120

Heap address: 0x0000000703600000, size: 4042 MB, Compressed Oops mode: Zero based, Oop shift amount: 3

CDS archive(s) mapped at: [0x00000260dbc00000-0x00000260dc860000-0x00000260dc860000), size 12976128, SharedBaseAddress: 0x00000260dbc00000, ArchiveRelocationMode: 1.
Compressed class space mapped at: 0x00000260dcc00000-0x000002611cc00000, reserved size: 1073741824
Narrow klass base: 0x00000260dbc00000, Narrow klass shift: 0, Narrow klass range: 0x100000000

GC Precious Log:
 CardTable entry size: 512
 Card Set container configuration: InlinePtr #cards 4 size 8 Array Of Cards #cards 16 size 48 Howl #buckets 8 coarsen threshold 3686 Howl Bitmap #cards 512 size 80 coarsen threshold 460 Card regions per heap region 1 cards per card region 4096
 CPUs: 12 total, 12 available
 Memory: 16163M
 Large Page Support: Disabled
 NUMA Support: Disabled
 Compressed Oops: Enabled (Zero based)
 Heap Region Size: 2M
 Heap Min Capacity: 8M
 Heap Initial Capacity: 254M
 Heap Max Capacity: 4042M
 Pre-touch: Disabled
 Parallel Workers: 10
 Concurrent Workers: 3
 Concurrent Refinement Workers: 10
 Periodic GC: Disabled

Heap:
 garbage-first heap   total 260096K, used 71680K [0x0000000703600000, 0x0000000800000000)
  region size 2048K, 36 young (73728K), 2 survivors (4096K)
 Metaspace       used 7911K, committed 8128K, reserved 1114112K
  class space    used 458K, committed 512K, reserved 1048576K

Heap Regions: E=young(eden), S=young(survivor), O=old, HS=humongous(starts), HC=humongous(continues), CS=collection set, F=free, OA=open archive, CA=closed archive, TAMS=top-at-mark-start, PB=parsable bottom
|   0|0x0000000703600000, 0x0000000703600000, 0x0000000703800000|  0%| F|  |TAMS 0x0000000703600000| PB 0x0000000703600000| Untracked 
|   1|0x0000000703800000, 0x0000000703800000, 0x0000000703a00000|  0%| F|  |TAMS 0x0000000703800000| PB 0x0000000703800000| Untracked 
|   2|0x0000000703a00000, 0x0000000703a00000, 0x0000000703c00000|  0%| F|  |TAMS 0x0000000703a00000| PB 0x0000000703a00000| Untracked 
|   3|0x0000000703c00000, 0x0000000703c00000, 0x0000000703e00000|  0%| F|  |TAMS 0x0000000703c00000| PB 0x0000000703c00000| Untracked 
|   4|0x0000000703e00000, 0x0000000703e00000, 0x0000000704000000|  0%| F|  |TAMS 0x0000000703e00000| PB 0x0000000703e00000| Untracked 
|   5|0x0000000704000000, 0x0000000704000000, 0x0000000704200000|  0%| F|  |TAMS 0x0000000704000000| PB 0x0000000704000000| Untracked 
|   6|0x0000000704200000, 0x0000000704200000, 0x0000000704400000|  0%| F|  |TAMS 0x0000000704200000| PB 0x0000000704200000| Untracked 
|   7|0x0000000704400000, 0x0000000704400000, 0x0000000704600000|  0%| F|  |TAMS 0x0000000704400000| PB 0x0000000704400000| Untracked 
|   8|0x0000000704600000, 0x0000000704600000, 0x0000000704800000|  0%| F|  |TAMS 0x0000000704600000| PB 0x0000000704600000| Untracked 
|   9|0x0000000704800000, 0x0000000704800000, 0x0000000704a00000|  0%| F|  |TAMS 0x0000000704800000| PB 0x0000000704800000| Untracked 
|  10|0x0000000704a00000, 0x0000000704a00000, 0x0000000704c00000|  0%| F|  |TAMS 0x0000000704a00000| PB 0x0000000704a00000| Untracked 
|  11|0x0000000704c00000, 0x0000000704c00000, 0x0000000704e00000|  0%| F|  |TAMS 0x0000000704c00000| PB 0x0000000704c00000| Untracked 
|  12|0x0000000704e00000, 0x0000000704e00000, 0x0000000705000000|  0%| F|  |TAMS 0x0000000704e00000| PB 0x0000000704e00000| Untracked 
|  13|0x0000000705000000, 0x0000000705000000, 0x0000000705200000|  0%| F|  |TAMS 0x0000000705000000| PB 0x0000000705000000| Untracked 
|  14|0x0000000705200000, 0x0000000705200000, 0x0000000705400000|  0%| F|  |TAMS 0x0000000705200000| PB 0x0000000705200000| Untracked 
|  15|0x0000000705400000, 0x0000000705400000, 0x0000000705600000|  0%| F|  |TAMS 0x0000000705400000| PB 0x0000000705400000| Untracked 
|  16|0x0000000705600000, 0x0000000705600000, 0x0000000705800000|  0%| F|  |TAMS 0x0000000705600000| PB 0x0000000705600000| Untracked 
|  17|0x0000000705800000, 0x0000000705800000, 0x0000000705a00000|  0%| F|  |TAMS 0x0000000705800000| PB 0x0000000705800000| Untracked 
|  18|0x0000000705a00000, 0x0000000705a00000, 0x0000000705c00000|  0%| F|  |TAMS 0x0000000705a00000| PB 0x0000000705a00000| Untracked 
|  19|0x0000000705c00000, 0x0000000705c00000, 0x0000000705e00000|  0%| F|  |TAMS 0x0000000705c00000| PB 0x0000000705c00000| Untracked 
|  20|0x0000000705e00000, 0x0000000705e00000, 0x0000000706000000|  0%| F|  |TAMS 0x0000000705e00000| PB 0x0000000705e00000| Untracked 
|  21|0x0000000706000000, 0x0000000706000000, 0x0000000706200000|  0%| F|  |TAMS 0x0000000706000000| PB 0x0000000706000000| Untracked 
|  22|0x0000000706200000, 0x0000000706200000, 0x0000000706400000|  0%| F|  |TAMS 0x0000000706200000| PB 0x0000000706200000| Untracked 
|  23|0x0000000706400000, 0x0000000706400000, 0x0000000706600000|  0%| F|  |TAMS 0x0000000706400000| PB 0x0000000706400000| Untracked 
|  24|0x0000000706600000, 0x0000000706600000, 0x0000000706800000|  0%| F|  |TAMS 0x0000000706600000| PB 0x0000000706600000| Untracked 
|  25|0x0000000706800000, 0x0000000706800000, 0x0000000706a00000|  0%| F|  |TAMS 0x0000000706800000| PB 0x0000000706800000| Untracked 
|  26|0x0000000706a00000, 0x0000000706a00000, 0x0000000706c00000|  0%| F|  |TAMS 0x0000000706a00000| PB 0x0000000706a00000| Untracked 
|  27|0x0000000706c00000, 0x0000000706c00000, 0x0000000706e00000|  0%| F|  |TAMS 0x0000000706c00000| PB 0x0000000706c00000| Untracked 
|  28|0x0000000706e00000, 0x0000000706e00000, 0x0000000707000000|  0%| F|  |TAMS 0x0000000706e00000| PB 0x0000000706e00000| Untracked 
|  29|0x0000000707000000, 0x0000000707000000, 0x0000000707200000|  0%| F|  |TAMS 0x0000000707000000| PB 0x0000000707000000| Untracked 
|  30|0x0000000707200000, 0x0000000707200000, 0x0000000707400000|  0%| F|  |TAMS 0x0000000707200000| PB 0x0000000707200000| Untracked 
|  31|0x0000000707400000, 0x0000000707400000, 0x0000000707600000|  0%| F|  |TAMS 0x0000000707400000| PB 0x0000000707400000| Untracked 
|  32|0x0000000707600000, 0x0000000707600000, 0x0000000707800000|  0%| F|  |TAMS 0x0000000707600000| PB 0x0000000707600000| Untracked 
|  33|0x0000000707800000, 0x0000000707800000, 0x0000000707a00000|  0%| F|  |TAMS 0x0000000707800000| PB 0x0000000707800000| Untracked 
|  34|0x0000000707a00000, 0x0000000707a00000, 0x0000000707c00000|  0%| F|  |TAMS 0x0000000707a00000| PB 0x0000000707a00000| Untracked 
|  35|0x0000000707c00000, 0x0000000707c00000, 0x0000000707e00000|  0%| F|  |TAMS 0x0000000707c00000| PB 0x0000000707c00000| Untracked 
|  36|0x0000000707e00000, 0x0000000707e00000, 0x0000000708000000|  0%| F|  |TAMS 0x0000000707e00000| PB 0x0000000707e00000| Untracked 
|  37|0x0000000708000000, 0x0000000708000000, 0x0000000708200000|  0%| F|  |TAMS 0x0000000708000000| PB 0x0000000708000000| Untracked 
|  38|0x0000000708200000, 0x0000000708200000, 0x0000000708400000|  0%| F|  |TAMS 0x0000000708200000| PB 0x0000000708200000| Untracked 
|  39|0x0000000708400000, 0x0000000708400000, 0x0000000708600000|  0%| F|  |TAMS 0x0000000708400000| PB 0x0000000708400000| Untracked 
|  40|0x0000000708600000, 0x0000000708600000, 0x0000000708800000|  0%| F|  |TAMS 0x0000000708600000| PB 0x0000000708600000| Untracked 
|  41|0x0000000708800000, 0x0000000708800000, 0x0000000708a00000|  0%| F|  |TAMS 0x0000000708800000| PB 0x0000000708800000| Untracked 
|  42|0x0000000708a00000, 0x0000000708a00000, 0x0000000708c00000|  0%| F|  |TAMS 0x0000000708a00000| PB 0x0000000708a00000| Untracked 
|  43|0x0000000708c00000, 0x0000000708c00000, 0x0000000708e00000|  0%| F|  |TAMS 0x0000000708c00000| PB 0x0000000708c00000| Untracked 
|  44|0x0000000708e00000, 0x0000000708e00000, 0x0000000709000000|  0%| F|  |TAMS 0x0000000708e00000| PB 0x0000000708e00000| Untracked 
|  45|0x0000000709000000, 0x0000000709000000, 0x0000000709200000|  0%| F|  |TAMS 0x0000000709000000| PB 0x0000000709000000| Untracked 
|  46|0x0000000709200000, 0x0000000709200000, 0x0000000709400000|  0%| F|  |TAMS 0x0000000709200000| PB 0x0000000709200000| Untracked 
|  47|0x0000000709400000, 0x0000000709400000, 0x0000000709600000|  0%| F|  |TAMS 0x0000000709400000| PB 0x0000000709400000| Untracked 
|  48|0x0000000709600000, 0x0000000709600000, 0x0000000709800000|  0%| F|  |TAMS 0x0000000709600000| PB 0x0000000709600000| Untracked 
|  49|0x0000000709800000, 0x0000000709800000, 0x0000000709a00000|  0%| F|  |TAMS 0x0000000709800000| PB 0x0000000709800000| Untracked 
|  50|0x0000000709a00000, 0x0000000709a00000, 0x0000000709c00000|  0%| F|  |TAMS 0x0000000709a00000| PB 0x0000000709a00000| Untracked 
|  51|0x0000000709c00000, 0x0000000709e00000, 0x0000000709e00000|100%| S|CS|TAMS 0x0000000709c00000| PB 0x0000000709c00000| Complete 
|  52|0x0000000709e00000, 0x000000070a000000, 0x000000070a000000|100%| S|CS|TAMS 0x0000000709e00000| PB 0x0000000709e00000| Complete 
|  53|0x000000070a000000, 0x000000070a000000, 0x000000070a200000|  0%| F|  |TAMS 0x000000070a000000| PB 0x000000070a000000| Untracked 
|  54|0x000000070a200000, 0x000000070a200000, 0x000000070a400000|  0%| F|  |TAMS 0x000000070a200000| PB 0x000000070a200000| Untracked 
|  55|0x000000070a400000, 0x000000070a400000, 0x000000070a600000|  0%| F|  |TAMS 0x000000070a400000| PB 0x000000070a400000| Untracked 
|  56|0x000000070a600000, 0x000000070a600000, 0x000000070a800000|  0%| F|  |TAMS 0x000000070a600000| PB 0x000000070a600000| Untracked 
|  57|0x000000070a800000, 0x000000070a800000, 0x000000070aa00000|  0%| F|  |TAMS 0x000000070a800000| PB 0x000000070a800000| Untracked 
|  58|0x000000070aa00000, 0x000000070aa00000, 0x000000070ac00000|  0%| F|  |TAMS 0x000000070aa00000| PB 0x000000070aa00000| Untracked 
|  59|0x000000070ac00000, 0x000000070ac00000, 0x000000070ae00000|  0%| F|  |TAMS 0x000000070ac00000| PB 0x000000070ac00000| Untracked 
|  60|0x000000070ae00000, 0x000000070ae00000, 0x000000070b000000|  0%| F|  |TAMS 0x000000070ae00000| PB 0x000000070ae00000| Untracked 
|  61|0x000000070b000000, 0x000000070b000000, 0x000000070b200000|  0%| F|  |TAMS 0x000000070b000000| PB 0x000000070b000000| Untracked 
|  62|0x000000070b200000, 0x000000070b200000, 0x000000070b400000|  0%| F|  |TAMS 0x000000070b200000| PB 0x000000070b200000| Untracked 
|  63|0x000000070b400000, 0x000000070b400000, 0x000000070b600000|  0%| F|  |TAMS 0x000000070b400000| PB 0x000000070b400000| Untracked 
|  64|0x000000070b600000, 0x000000070b600000, 0x000000070b800000|  0%| F|  |TAMS 0x000000070b600000| PB 0x000000070b600000| Untracked 
|  65|0x000000070b800000, 0x000000070b800000, 0x000000070ba00000|  0%| F|  |TAMS 0x000000070b800000| PB 0x000000070b800000| Untracked 
|  66|0x000000070ba00000, 0x000000070ba00000, 0x000000070bc00000|  0%| F|  |TAMS 0x000000070ba00000| PB 0x000000070ba00000| Untracked 
|  67|0x000000070bc00000, 0x000000070bc00000, 0x000000070be00000|  0%| F|  |TAMS 0x000000070bc00000| PB 0x000000070bc00000| Untracked 
|  68|0x000000070be00000, 0x000000070be00000, 0x000000070c000000|  0%| F|  |TAMS 0x000000070be00000| PB 0x000000070be00000| Untracked 
|  69|0x000000070c000000, 0x000000070c000000, 0x000000070c200000|  0%| F|  |TAMS 0x000000070c000000| PB 0x000000070c000000| Untracked 
|  70|0x000000070c200000, 0x000000070c200000, 0x000000070c400000|  0%| F|  |TAMS 0x000000070c200000| PB 0x000000070c200000| Untracked 
|  71|0x000000070c400000, 0x000000070c400000, 0x000000070c600000|  0%| F|  |TAMS 0x000000070c400000| PB 0x000000070c400000| Untracked 
|  72|0x000000070c600000, 0x000000070c600000, 0x000000070c800000|  0%| F|  |TAMS 0x000000070c600000| PB 0x000000070c600000| Untracked 
|  73|0x000000070c800000, 0x000000070c800000, 0x000000070ca00000|  0%| F|  |TAMS 0x000000070c800000| PB 0x000000070c800000| Untracked 
|  74|0x000000070ca00000, 0x000000070ca00000, 0x000000070cc00000|  0%| F|  |TAMS 0x000000070ca00000| PB 0x000000070ca00000| Untracked 
|  75|0x000000070cc00000, 0x000000070cc00000, 0x000000070ce00000|  0%| F|  |TAMS 0x000000070cc00000| PB 0x000000070cc00000| Untracked 
|  76|0x000000070ce00000, 0x000000070ce00000, 0x000000070d000000|  0%| F|  |TAMS 0x000000070ce00000| PB 0x000000070ce00000| Untracked 
|  77|0x000000070d000000, 0x000000070d000000, 0x000000070d200000|  0%| F|  |TAMS 0x000000070d000000| PB 0x000000070d000000| Untracked 
|  78|0x000000070d200000, 0x000000070d200000, 0x000000070d400000|  0%| F|  |TAMS 0x000000070d200000| PB 0x000000070d200000| Untracked 
|  79|0x000000070d400000, 0x000000070d400000, 0x000000070d600000|  0%| F|  |TAMS 0x000000070d400000| PB 0x000000070d400000| Untracked 
|  80|0x000000070d600000, 0x000000070d600000, 0x000000070d800000|  0%| F|  |TAMS 0x000000070d600000| PB 0x000000070d600000| Untracked 
|  81|0x000000070d800000, 0x000000070d800000, 0x000000070da00000|  0%| F|  |TAMS 0x000000070d800000| PB 0x000000070d800000| Untracked 
|  82|0x000000070da00000, 0x000000070da00000, 0x000000070dc00000|  0%| F|  |TAMS 0x000000070da00000| PB 0x000000070da00000| Untracked 
|  83|0x000000070dc00000, 0x000000070dc00000, 0x000000070de00000|  0%| F|  |TAMS 0x000000070dc00000| PB 0x000000070dc00000| Untracked 
|  84|0x000000070de00000, 0x000000070de00000, 0x000000070e000000|  0%| F|  |TAMS 0x000000070de00000| PB 0x000000070de00000| Untracked 
|  85|0x000000070e000000, 0x000000070e000000, 0x000000070e200000|  0%| F|  |TAMS 0x000000070e000000| PB 0x000000070e000000| Untracked 
|  86|0x000000070e200000, 0x000000070e200000, 0x000000070e400000|  0%| F|  |TAMS 0x000000070e200000| PB 0x000000070e200000| Untracked 
|  87|0x000000070e400000, 0x000000070e400000, 0x000000070e600000|  0%| F|  |TAMS 0x000000070e400000| PB 0x000000070e400000| Untracked 
|  88|0x000000070e600000, 0x000000070e600000, 0x000000070e800000|  0%| F|  |TAMS 0x000000070e600000| PB 0x000000070e600000| Untracked 
|  89|0x000000070e800000, 0x000000070e800000, 0x000000070ea00000|  0%| F|  |TAMS 0x000000070e800000| PB 0x000000070e800000| Untracked 
|  90|0x000000070ea00000, 0x000000070ea00000, 0x000000070ec00000|  0%| F|  |TAMS 0x000000070ea00000| PB 0x000000070ea00000| Untracked 
|  91|0x000000070ec00000, 0x000000070ec00000, 0x000000070ee00000|  0%| F|  |TAMS 0x000000070ec00000| PB 0x000000070ec00000| Untracked 
|  92|0x000000070ee00000, 0x000000070ee00000, 0x000000070f000000|  0%| F|  |TAMS 0x000000070ee00000| PB 0x000000070ee00000| Untracked 
|  93|0x000000070f000000, 0x000000070f0fd1e8, 0x000000070f200000| 49%| E|  |TAMS 0x000000070f000000| PB 0x000000070f000000| Complete 
|  94|0x000000070f200000, 0x000000070f400000, 0x000000070f400000|100%| E|CS|TAMS 0x000000070f200000| PB 0x000000070f200000| Complete 
|  95|0x000000070f400000, 0x000000070f600000, 0x000000070f600000|100%| E|CS|TAMS 0x000000070f400000| PB 0x000000070f400000| Complete 
|  96|0x000000070f600000, 0x000000070f800000, 0x000000070f800000|100%| E|CS|TAMS 0x000000070f600000| PB 0x000000070f600000| Complete 
|  97|0x000000070f800000, 0x000000070fa00000, 0x000000070fa00000|100%| E|CS|TAMS 0x000000070f800000| PB 0x000000070f800000| Complete 
|  98|0x000000070fa00000, 0x000000070fc00000, 0x000000070fc00000|100%| E|CS|TAMS 0x000000070fa00000| PB 0x000000070fa00000| Complete 
|  99|0x000000070fc00000, 0x000000070fe00000, 0x000000070fe00000|100%| E|CS|TAMS 0x000000070fc00000| PB 0x000000070fc00000| Complete 
| 100|0x000000070fe00000, 0x0000000710000000, 0x0000000710000000|100%| E|CS|TAMS 0x000000070fe00000| PB 0x000000070fe00000| Complete 
| 101|0x0000000710000000, 0x0000000710200000, 0x0000000710200000|100%| E|CS|TAMS 0x0000000710000000| PB 0x0000000710000000| Complete 
| 102|0x0000000710200000, 0x0000000710400000, 0x0000000710400000|100%| E|CS|TAMS 0x0000000710200000| PB 0x0000000710200000| Complete 
| 103|0x0000000710400000, 0x0000000710600000, 0x0000000710600000|100%| E|CS|TAMS 0x0000000710400000| PB 0x0000000710400000| Complete 
| 104|0x0000000710600000, 0x0000000710800000, 0x0000000710800000|100%| E|CS|TAMS 0x0000000710600000| PB 0x0000000710600000| Complete 
| 105|0x0000000710800000, 0x0000000710a00000, 0x0000000710a00000|100%| E|CS|TAMS 0x0000000710800000| PB 0x0000000710800000| Complete 
| 106|0x0000000710a00000, 0x0000000710c00000, 0x0000000710c00000|100%| E|CS|TAMS 0x0000000710a00000| PB 0x0000000710a00000| Complete 
| 107|0x0000000710c00000, 0x0000000710e00000, 0x0000000710e00000|100%| E|CS|TAMS 0x0000000710c00000| PB 0x0000000710c00000| Complete 
| 108|0x0000000710e00000, 0x0000000711000000, 0x0000000711000000|100%| E|CS|TAMS 0x0000000710e00000| PB 0x0000000710e00000| Complete 
| 109|0x0000000711000000, 0x0000000711200000, 0x0000000711200000|100%| E|CS|TAMS 0x0000000711000000| PB 0x0000000711000000| Complete 
| 110|0x0000000711200000, 0x0000000711400000, 0x0000000711400000|100%| E|CS|TAMS 0x0000000711200000| PB 0x0000000711200000| Complete 
| 111|0x0000000711400000, 0x0000000711600000, 0x0000000711600000|100%| E|CS|TAMS 0x0000000711400000| PB 0x0000000711400000| Complete 
| 112|0x0000000711600000, 0x0000000711800000, 0x0000000711800000|100%| E|CS|TAMS 0x0000000711600000| PB 0x0000000711600000| Complete 
| 113|0x0000000711800000, 0x0000000711a00000, 0x0000000711a00000|100%| E|CS|TAMS 0x0000000711800000| PB 0x0000000711800000| Complete 
| 114|0x0000000711a00000, 0x0000000711c00000, 0x0000000711c00000|100%| E|CS|TAMS 0x0000000711a00000| PB 0x0000000711a00000| Complete 
| 115|0x0000000711c00000, 0x0000000711e00000, 0x0000000711e00000|100%| E|CS|TAMS 0x0000000711c00000| PB 0x0000000711c00000| Complete 
| 116|0x0000000711e00000, 0x0000000712000000, 0x0000000712000000|100%| E|CS|TAMS 0x0000000711e00000| PB 0x0000000711e00000| Complete 
| 117|0x0000000712000000, 0x0000000712200000, 0x0000000712200000|100%| E|CS|TAMS 0x0000000712000000| PB 0x0000000712000000| Complete 
| 118|0x0000000712200000, 0x0000000712400000, 0x0000000712400000|100%| E|CS|TAMS 0x0000000712200000| PB 0x0000000712200000| Complete 
| 119|0x0000000712400000, 0x0000000712600000, 0x0000000712600000|100%| E|CS|TAMS 0x0000000712400000| PB 0x0000000712400000| Complete 
| 120|0x0000000712600000, 0x0000000712800000, 0x0000000712800000|100%| E|CS|TAMS 0x0000000712600000| PB 0x0000000712600000| Complete 
| 121|0x0000000712800000, 0x0000000712a00000, 0x0000000712a00000|100%| E|CS|TAMS 0x0000000712800000| PB 0x0000000712800000| Complete 
| 122|0x0000000712a00000, 0x0000000712c00000, 0x0000000712c00000|100%| E|CS|TAMS 0x0000000712a00000| PB 0x0000000712a00000| Complete 
| 123|0x0000000712c00000, 0x0000000712e00000, 0x0000000712e00000|100%| E|CS|TAMS 0x0000000712c00000| PB 0x0000000712c00000| Complete 
| 124|0x0000000712e00000, 0x0000000713000000, 0x0000000713000000|100%| E|CS|TAMS 0x0000000712e00000| PB 0x0000000712e00000| Complete 
| 125|0x0000000713000000, 0x0000000713200000, 0x0000000713200000|100%| E|CS|TAMS 0x0000000713000000| PB 0x0000000713000000| Complete 
| 126|0x0000000713200000, 0x0000000713400000, 0x0000000713400000|100%| E|CS|TAMS 0x0000000713200000| PB 0x0000000713200000| Complete 

Card table byte_map: [0x00000260d3f60000,0x00000260d4750000] _byte_map_base: 0x00000260d0745000

Marking Bits: (CMBitMap*) 0x00000260bba36c80
 Bits: [0x00000260d4f40000, 0x00000260d8e68000)

Polling page: 0x00000260ba130000

Metaspace:

Usage:
  Non-class:      7.28 MB used.
      Class:    458.90 KB used.
       Both:      7.73 MB used.

Virtual space:
  Non-class space:       64.00 MB reserved,       7.44 MB ( 12%) committed,  1 nodes.
      Class space:        1.00 GB reserved,     512.00 KB ( <1%) committed,  1 nodes.
             Both:        1.06 GB reserved,       7.94 MB ( <1%) committed. 

Chunk freelists:
   Non-Class:  3.49 MB
       Class:  3.51 MB
        Both:  6.99 MB

MaxMetaspaceSize: unlimited
CompressedClassSpaceSize: 1.00 GB
Initial GC threshold: 21.00 MB
Current GC threshold: 21.00 MB
CDS: on
MetaspaceReclaimPolicy: balanced
 - commit_granule_bytes: 65536.
 - commit_granule_words: 8192.
 - virtual_space_node_default_size: 8388608.
 - enlarge_chunks_in_place: 1.
 - new_chunks_are_fully_committed: 0.
 - uncommit_free_chunks: 1.
 - use_allocation_guard: 0.


Internal statistics:

num_allocs_failed_limit: 0.
num_arena_births: 108.
num_arena_deaths: 0.
num_vsnodes_births: 2.
num_vsnodes_deaths: 0.
num_space_committed: 125.
num_space_uncommitted: 0.
num_chunks_returned_to_freelist: 0.
num_chunks_taken_from_freelist: 301.
num_chunk_merges: 0.
num_chunk_splits: 216.
num_chunks_enlarged: 166.
num_inconsistent_stats: 0.

CodeHeap 'non-profiled nmethods': size=120000Kb used=616Kb max_used=616Kb free=119383Kb
 bounds [0x00000260cb5b0000, 0x00000260cb820000, 0x00000260d2ae0000]
CodeHeap 'profiled nmethods': size=120000Kb used=1945Kb max_used=1945Kb free=118055Kb
 bounds [0x00000260c3ae0000, 0x00000260c3d50000, 0x00000260cb010000]
CodeHeap 'non-nmethods': size=5760Kb used=2561Kb max_used=2583Kb free=3199Kb
 bounds [0x00000260cb010000, 0x00000260cb2a0000, 0x00000260cb5b0000]
 total_blobs=2666 nmethods=1492 adapters=1085
 compilation: enabled
              stopped_count=0, restarted_count=0
 full_count=0

Compilation events (20 events):
Event: 23.822 Thread 0x00000260dbb9b590 1483       4       java.nio.FloatBuffer::put (69 bytes)
Event: 23.824 Thread 0x00000260dbb9b590 nmethod 1483 0x00000260cb646e90 code [0x00000260cb647020, 0x00000260cb647340]
Event: 23.824 Thread 0x00000260dbb9b590 1484   !   4       java.nio.FloatBuffer::putArray (160 bytes)
Event: 23.827 Thread 0x00000260dbb9b590 nmethod 1484 0x00000260cb647810 code [0x00000260cb647980, 0x00000260cb647b68]
Event: 24.265 Thread 0x00000260dbb9b590 1485       4       org.lwjgl.opengl.GL15::glBufferData (7 bytes)
Event: 24.266 Thread 0x00000260dbb9b590 nmethod 1485 0x00000260cb647e90 code [0x00000260cb648000, 0x00000260cb6480c0]
Event: 24.266 Thread 0x00000260dbb9b590 1486       4       org.lwjgl.opengl.GL15C::glBufferData (19 bytes)
Event: 24.267 Thread 0x00000260dbb9b590 nmethod 1486 0x00000260cb648190 code [0x00000260cb648300, 0x00000260cb6483c0]
Event: 24.267 Thread 0x00000260dbb9b590 1487       4       java.nio.IntBuffer::put (9 bytes)
Event: 24.269 Thread 0x00000260dbb9b590 nmethod 1487 0x00000260cb648490 code [0x00000260cb648600, 0x00000260cb648848]
Event: 24.269 Thread 0x00000260dbb9b590 1488       4       java.nio.IntBuffer::put (69 bytes)
Event: 24.272 Thread 0x00000260dbb9b590 nmethod 1488 0x00000260cb648b90 code [0x00000260cb648d20, 0x00000260cb649070]
Event: 25.728 Thread 0x00000260dbb9b590 1489       4       com.bedrye.bjge.GameEngine.Listeners.MouseListener::isHold (38 bytes)
Event: 25.729 Thread 0x00000260dbb9b590 nmethod 1489 0x00000260cb649590 code [0x00000260cb649700, 0x00000260cb6497c0]
Event: 27.819 Thread 0x00000260dbb9b590 1490       4       java.nio.IntBuffer::flip (7 bytes)
Event: 27.820 Thread 0x00000260dbb9b590 nmethod 1490 0x00000260cb649890 code [0x00000260cb649a00, 0x00000260cb649aa0]
Event: 27.820 Thread 0x00000260dbb9b590 1491       4       org.lwjgl.opengl.GL15::glBufferData (7 bytes)
Event: 27.820 Thread 0x00000260dbb9b590 nmethod 1491 0x00000260cb649b90 code [0x00000260cb649d00, 0x00000260cb649dc0]
Event: 27.820 Thread 0x00000260dbb9b590 1492       4       org.lwjgl.opengl.GL15C::glBufferData (19 bytes)
Event: 27.821 Thread 0x00000260dbb9b590 nmethod 1492 0x00000260cb649e90 code [0x00000260cb64a000, 0x00000260cb64a0c0]

GC Heap History (8 events):
Event: 0.974 GC heap before
{Heap before GC invocations=0 (full 0):
 garbage-first heap   total 260096K, used 20480K [0x0000000703600000, 0x0000000800000000)
  region size 2048K, 11 young (22528K), 0 survivors (0K)
 Metaspace       used 7144K, committed 7360K, reserved 1114112K
  class space    used 396K, committed 512K, reserved 1048576K
}
Event: 0.977 GC heap after
{Heap after GC invocations=1 (full 0):
 garbage-first heap   total 260096K, used 2856K [0x0000000703600000, 0x0000000800000000)
  region size 2048K, 2 young (4096K), 2 survivors (4096K)
 Metaspace       used 7144K, committed 7360K, reserved 1114112K
  class space    used 396K, committed 512K, reserved 1048576K
}
Event: 2.004 GC heap before
{Heap before GC invocations=1 (full 0):
 garbage-first heap   total 260096K, used 39720K [0x0000000703600000, 0x0000000800000000)
  region size 2048K, 20 young (40960K), 2 survivors (4096K)
 Metaspace       used 7872K, committed 8000K, reserved 1114112K
  class space    used 457K, committed 512K, reserved 1048576K
}
Event: 2.007 GC heap after
{Heap after GC invocations=2 (full 0):
 garbage-first heap   total 260096K, used 3602K [0x0000000703600000, 0x0000000800000000)
  region size 2048K, 2 young (4096K), 2 survivors (4096K)
 Metaspace       used 7872K, committed 8000K, reserved 1114112K
  class space    used 457K, committed 512K, reserved 1048576K
}
Event: 6.971 GC heap before
{Heap before GC invocations=2 (full 0):
 garbage-first heap   total 260096K, used 155154K [0x0000000703600000, 0x0000000800000000)
  region size 2048K, 76 young (155648K), 2 survivors (4096K)
 Metaspace       used 7908K, committed 8064K, reserved 1114112K
  class space    used 457K, committed 512K, reserved 1048576K
}
Event: 6.976 GC heap after
{Heap after GC invocations=3 (full 0):
 garbage-first heap   total 260096K, used 3948K [0x0000000703600000, 0x0000000800000000)
  region size 2048K, 2 young (4096K), 2 survivors (4096K)
 Metaspace       used 7908K, committed 8064K, reserved 1114112K
  class space    used 457K, committed 512K, reserved 1048576K
}
Event: 11.833 GC heap before
{Heap before GC invocations=3 (full 0):
 garbage-first heap   total 260096K, used 155500K [0x0000000703600000, 0x0000000800000000)
  region size 2048K, 76 young (155648K), 2 survivors (4096K)
 Metaspace       used 7908K, committed 8064K, reserved 1114112K
  class space    used 457K, committed 512K, reserved 1048576K
}
Event: 11.837 GC heap after
{Heap after GC invocations=4 (full 0):
 garbage-first heap   total 260096K, used 4096K [0x0000000703600000, 0x0000000800000000)
  region size 2048K, 2 young (4096K), 2 survivors (4096K)
 Metaspace       used 7908K, committed 8064K, reserved 1114112K
  class space    used 457K, committed 512K, reserved 1048576K
}

Dll operation events (12 events):
Event: 0.008 Loaded shared library C:\Users\stas2\.jdks\openjdk-20.0.2-1\bin\java.dll
Event: 0.025 Loaded shared library C:\Users\stas2\.jdks\openjdk-20.0.2-1\bin\jsvml.dll
Event: 0.069 Loaded shared library C:\Users\stas2\.jdks\openjdk-20.0.2-1\bin\net.dll
Event: 0.071 Loaded shared library C:\Users\stas2\.jdks\openjdk-20.0.2-1\bin\nio.dll
Event: 0.074 Loaded shared library C:\Users\stas2\.jdks\openjdk-20.0.2-1\bin\zip.dll
Event: 0.165 Loaded shared library C:\Users\stas2\.jdks\openjdk-20.0.2-1\bin\zip.dll
Event: 0.168 Loaded shared library C:\Users\stas2\.jdks\openjdk-20.0.2-1\bin\instrument.dll
Event: 0.193 Loaded shared library C:\IntelliJ IDEA Community Edition 2021.3.2\IntelliJ IDEA Community Edition 2023.2.1\bin\breakgen64.dll
Event: 0.234 Loaded shared library C:\Users\stas2\.jdks\openjdk-20.0.2-1\bin\jimage.dll
Event: 0.263 Loaded shared library C:\Users\stas2\AppData\Local\Temp\lwjgl_stas2\3.3.4+7\x64\lwjgl.dll
Event: 0.533 Loaded shared library C:\Users\stas2\AppData\Local\Temp\lwjgl_stas2\3.3.4+7\x64\lwjgl_opengl.dll
Event: 0.625 Loaded shared library C:\Users\stas2\.jdks\openjdk-20.0.2-1\bin\verify.dll

Deoptimization events (20 events):
Event: 1.077 Thread 0x00000260dbb96fa0 DEOPT PACKING pc=0x00000260cb602a04 sp=0x00000082c46fe6f0
Event: 1.077 Thread 0x00000260dbb96fa0 DEOPT UNPACKING pc=0x00000260cb02d2a2 sp=0x00000082c46fe688 mode 2
Event: 1.077 Thread 0x00000260dbb96fa0 Uncommon trap: trap_request=0xffffff45 fr.pc=0x00000260cb614890 relative=0x0000000000000270
Event: 1.077 Thread 0x00000260dbb96fa0 Uncommon trap: reason=unstable_if action=reinterpret pc=0x00000260cb614890 method=java.util.regex.Pattern$Start.match(Ljava/util/regex/Matcher;ILjava/lang/CharSequence;)Z @ 10 c2
Event: 1.077 Thread 0x00000260dbb96fa0 DEOPT PACKING pc=0x00000260cb614890 sp=0x00000082c46fe790
Event: 1.077 Thread 0x00000260dbb96fa0 DEOPT UNPACKING pc=0x00000260cb02d2a2 sp=0x00000082c46fe6d0 mode 2
Event: 1.079 Thread 0x00000260dbb96fa0 Uncommon trap: trap_request=0xffffff45 fr.pc=0x00000260cb5be00c relative=0x000000000000010c
Event: 1.079 Thread 0x00000260dbb96fa0 Uncommon trap: reason=unstable_if action=reinterpret pc=0x00000260cb5be00c method=java.lang.StringLatin1.lastIndexOf([BI[BII)I @ 86 c2
Event: 1.079 Thread 0x00000260dbb96fa0 DEOPT PACKING pc=0x00000260cb5be00c sp=0x00000082c46fe3b0
Event: 1.080 Thread 0x00000260dbb96fa0 DEOPT UNPACKING pc=0x00000260cb02d2a2 sp=0x00000082c46fe308 mode 2
Event: 1.360 Thread 0x00000260bb9c43b0 Uncommon trap: trap_request=0xffffff45 fr.pc=0x00000260cb6117d4 relative=0x00000000000000d4
Event: 1.360 Thread 0x00000260bb9c43b0 Uncommon trap: reason=unstable_if action=reinterpret pc=0x00000260cb6117d4 method=org.joml.Vector4f.mul(Lorg/joml/Matrix4fc;Lorg/joml/Vector4f;)Lorg/joml/Vector4f; @ 10 c2
Event: 1.360 Thread 0x00000260bb9c43b0 DEOPT PACKING pc=0x00000260cb6117d4 sp=0x00000082c3cff1e0
Event: 1.360 Thread 0x00000260bb9c43b0 DEOPT UNPACKING pc=0x00000260cb02d2a2 sp=0x00000082c3cff170 mode 2
Event: 1.361 Thread 0x00000260bb9c43b0 DEOPT PACKING pc=0x00000260c3c7ee1f sp=0x00000082c3cff220
Event: 1.361 Thread 0x00000260bb9c43b0 DEOPT UNPACKING pc=0x00000260cb07e462 sp=0x00000082c3cfe718 mode 0
Event: 1.361 Thread 0x00000260bb9c43b0 Uncommon trap: trap_request=0xffffff45 fr.pc=0x00000260cb611420 relative=0x00000000000000a0
Event: 1.361 Thread 0x00000260bb9c43b0 Uncommon trap: reason=unstable_if action=reinterpret pc=0x00000260cb611420 method=org.joml.Vector4f.mul(Lorg/joml/Matrix4fc;Lorg/joml/Vector4f;)Lorg/joml/Vector4f; @ 10 c2
Event: 1.361 Thread 0x00000260bb9c43b0 DEOPT PACKING pc=0x00000260cb611420 sp=0x00000082c3cff200
Event: 1.361 Thread 0x00000260bb9c43b0 DEOPT UNPACKING pc=0x00000260cb02d2a2 sp=0x00000082c3cff138 mode 2

Classes loaded (20 events):
Event: 1.353 Loading class java/io/ObjectStreamClass$MemberSignature
Event: 1.353 Loading class java/io/ObjectStreamClass$MemberSignature done
Event: 1.353 Loading class java/io/ObjectStreamClass$3
Event: 1.353 Loading class java/io/ObjectStreamClass$3 done
Event: 1.353 Loading class java/io/ObjectStreamClass$4
Event: 1.353 Loading class java/io/ObjectStreamClass$4 done
Event: 1.353 Loading class java/io/ObjectStreamClass$5
Event: 1.353 Loading class java/io/ObjectStreamClass$5 done
Event: 1.354 Loading class java/io/ObjectStreamClass$ClassDataSlot
Event: 1.354 Loading class java/io/ObjectStreamClass$ClassDataSlot done
Event: 1.354 Loading class jdk/internal/reflect/MethodHandleLongFieldAccessorImpl
Event: 1.354 Loading class jdk/internal/reflect/MethodHandleLongFieldAccessorImpl done
Event: 1.356 Loading class java/io/UnsupportedEncodingException
Event: 1.356 Loading class java/io/UnsupportedEncodingException done
Event: 1.356 Loading class java/nio/charset/CharacterCodingException
Event: 1.356 Loading class java/nio/charset/CharacterCodingException done
Event: 1.357 Loading class java/io/FileOutputStream$1
Event: 1.357 Loading class java/io/FileOutputStream$1 done
Event: 29.200 Loading class jdk/internal/misc/Signal$1
Event: 29.200 Loading class jdk/internal/misc/Signal$1 done

Classes unloaded (0 events):
No events

Classes redefined (0 events):
No events

Internal exceptions (20 events):
Event: 0.531 Thread 0x00000260bb9c43b0 Exception <a 'sun/nio/fs/WindowsException'{0x00000007127198f8}> (0x00000007127198f8) 
thrown [s\open\src\hotspot\share\prims\jni.cpp, line 519]
Event: 0.531 Thread 0x00000260bb9c43b0 Exception <a 'sun/nio/fs/WindowsException'{0x0000000712719c98}> (0x0000000712719c98) 
thrown [s\open\src\hotspot\share\prims\jni.cpp, line 519]
Event: 0.534 Thread 0x00000260bb9c43b0 Exception <a 'sun/nio/fs/WindowsException'{0x000000071271c110}> (0x000000071271c110) 
thrown [s\open\src\hotspot\share\prims\jni.cpp, line 519]
Event: 0.537 Thread 0x00000260bb9c43b0 Exception <a 'sun/nio/fs/WindowsException'{0x0000000712723448}> (0x0000000712723448) 
thrown [s\open\src\hotspot\share\prims\jni.cpp, line 519]
Event: 0.538 Thread 0x00000260bb9c43b0 Exception <a 'sun/nio/fs/WindowsException'{0x00000007127249f0}> (0x00000007127249f0) 
thrown [s\open\src\hotspot\share\prims\jni.cpp, line 519]
Event: 0.538 Thread 0x00000260bb9c43b0 Exception <a 'sun/nio/fs/WindowsException'{0x0000000712724cc0}> (0x0000000712724cc0) 
thrown [s\open\src\hotspot\share\prims\jni.cpp, line 519]
Event: 0.717 Thread 0x00000260bb9c43b0 Exception <a 'sun/nio/fs/WindowsException'{0x0000000712270578}> (0x0000000712270578) 
thrown [s\open\src\hotspot\share\prims\jni.cpp, line 519]
Event: 0.728 Thread 0x00000260bb9c43b0 Exception <a 'sun/nio/fs/WindowsException'{0x00000007122925b0}> (0x00000007122925b0) 
thrown [s\open\src\hotspot\share\prims\jni.cpp, line 519]
Event: 0.728 Thread 0x00000260bb9c43b0 Exception <a 'sun/nio/fs/WindowsException'{0x0000000712292928}> (0x0000000712292928) 
thrown [s\open\src\hotspot\share\prims\jni.cpp, line 519]
Event: 0.730 Thread 0x00000260bb9c43b0 Exception <a 'sun/nio/fs/WindowsException'{0x0000000712294348}> (0x0000000712294348) 
thrown [s\open\src\hotspot\share\prims\jni.cpp, line 519]
Event: 0.736 Thread 0x00000260bb9c43b0 Exception <a 'sun/nio/fs/WindowsException'{0x00000007122994a8}> (0x00000007122994a8) 
thrown [s\open\src\hotspot\share\prims\jni.cpp, line 519]
Event: 0.795 Thread 0x00000260bb9c43b0 Exception <a 'sun/nio/fs/WindowsException'{0x00000007122a27d8}> (0x00000007122a27d8) 
thrown [s\open\src\hotspot\share\prims\jni.cpp, line 519]
Event: 0.795 Thread 0x00000260bb9c43b0 Exception <a 'sun/nio/fs/WindowsException'{0x00000007122a2b58}> (0x00000007122a2b58) 
thrown [s\open\src\hotspot\share\prims\jni.cpp, line 519]
Event: 0.797 Thread 0x00000260bb9c43b0 Exception <a 'sun/nio/fs/WindowsException'{0x00000007122a4580}> (0x00000007122a4580) 
thrown [s\open\src\hotspot\share\prims\jni.cpp, line 519]
Event: 1.084 Thread 0x00000260dbb96fa0 Exception <a 'sun/nio/fs/WindowsException'{0x0000000712f5fce8}> (0x0000000712f5fce8) 
thrown [s\open\src\hotspot\share\prims\jni.cpp, line 519]
Event: 1.095 Thread 0x00000260dbb96fa0 Exception <a 'java/lang/NoSuchMethodError'{0x0000000712c2b000}: 'java.lang.Object java.lang.invoke.Invokers$Holder.invokeExact_MT(java.lang.Object, java.lang.Object, java.lang.Object, java.lang.Object, java.lang.Object, java.lang.Object)'> (0x0000000712c2b000) 
thrown [s\open\src\hotspot\share\interpreter\linkResolver.cpp, line 773]
Event: 1.353 Thread 0x00000260bb9c43b0 Exception <a 'java/lang/NoSuchMethodError'{0x0000000712329640}: static Lcom/bedrye/bjge/GameEngine/Util/BJETexture;.<clinit>()V> (0x0000000712329640) 
thrown [s\open\src\hotspot\share\prims\jni.cpp, line 1105]
Event: 1.353 Thread 0x00000260bb9c43b0 Exception <a 'java/lang/NoSuchMethodError'{0x000000071232a6d8}: static Lcom/bedrye/bjge/GameEngine/Util/BJEResource;.<clinit>()V> (0x000000071232a6d8) 
thrown [s\open\src\hotspot\share\prims\jni.cpp, line 1105]
Event: 1.354 Thread 0x00000260bb9c43b0 Exception <a 'java/lang/NoSuchMethodError'{0x000000071232d178}: 'long java.lang.invoke.DirectMethodHandle$Holder.invokeSpecial(java.lang.Object, java.lang.Object)'> (0x000000071232d178) 
thrown [s\open\src\hotspot\share\interpreter\linkResolver.cpp, line 773]
Event: 1.355 Thread 0x00000260bb9c43b0 Exception <a 'java/lang/NoSuchMethodError'{0x00000007123306a8}: 'long java.lang.invoke.Invokers$Holder.invokeExact_MT(java.lang.Object, java.lang.Object)'> (0x00000007123306a8) 
thrown [s\open\src\hotspot\share\interpreter\linkResolver.cpp, line 773]

VM Operations (20 events):
Event: 1.987 Executing VM operation: Cleanup done
Event: 2.004 Executing VM operation: G1CollectForAllocation
Event: 2.007 Executing VM operation: G1CollectForAllocation done
Event: 3.009 Executing VM operation: Cleanup
Event: 3.010 Executing VM operation: Cleanup done
Event: 4.022 Executing VM operation: Cleanup
Event: 4.022 Executing VM operation: Cleanup done
Event: 6.971 Executing VM operation: G1CollectForAllocation
Event: 6.976 Executing VM operation: G1CollectForAllocation done
Event: 7.982 Executing VM operation: Cleanup
Event: 7.982 Executing VM operation: Cleanup done
Event: 8.995 Executing VM operation: Cleanup
Event: 8.996 Executing VM operation: Cleanup done
Event: 11.021 Executing VM operation: Cleanup
Event: 11.021 Executing VM operation: Cleanup done
Event: 11.832 Executing VM operation: G1CollectForAllocation
Event: 11.837 Executing VM operation: G1CollectForAllocation done
Event: 19.922 Executing VM operation: Cleanup
Event: 19.922 Executing VM operation: Cleanup done
Event: 29.201 Executing VM operation: Exit

Events (20 events):
Event: 0.037 Thread 0x00000260dbb91f00 Thread added: 0x00000260dbb91f00
Event: 0.037 Thread 0x00000260dbb96fa0 Thread added: 0x00000260dbb96fa0
Event: 0.037 Thread 0x00000260dbb986e0 Thread added: 0x00000260dbb986e0
Event: 0.037 Thread 0x00000260dbb98dd0 Thread added: 0x00000260dbb98dd0
Event: 0.037 Thread 0x00000260dbb9b590 Thread added: 0x00000260dbb9b590
Event: 0.037 Thread 0x00000260dbb9da90 Thread added: 0x00000260dbb9da90
Event: 0.065 Thread 0x0000026120dd1780 Thread added: 0x0000026120dd1780
Event: 0.108 Thread 0x0000026120e243e0 Thread added: 0x0000026120e243e0
Event: 0.113 Thread 0x0000026120f27bf0 Thread added: 0x0000026120f27bf0
Event: 0.194 Thread 0x00000261213612e0 Thread added: 0x00000261213612e0
Event: 0.194 Thread 0x0000026121361830 Thread added: 0x0000026121361830
Event: 0.465 Thread 0x0000026120f27bf0 Thread exited: 0x0000026120f27bf0
Event: 0.522 Thread 0x0000026120e243e0 Thread exited: 0x0000026120e243e0
Event: 0.929 Thread 0x00000261277c6620 Thread added: 0x00000261277c6620
Event: 0.929 Thread 0x0000026127b9b5c0 Thread added: 0x0000026127b9b5c0
Event: 1.065 Thread 0x0000026127b9b5c0 Thread exited: 0x0000026127b9b5c0
Event: 1.302 Thread 0x00000261277c6620 Thread exited: 0x00000261277c6620
Event: 1.481 Thread 0x00000261282e5a20 Thread added: 0x00000261282e5a20
Event: 1.903 Thread 0x00000261282e5a20 Thread exited: 0x00000261282e5a20
Event: 29.200 Thread 0x000002613dfe9120 Thread added: 0x000002613dfe9120


Dynamic libraries:
0x00007ff7fa6e0000 - 0x00007ff7fa6ee000 	C:\Users\stas2\.jdks\openjdk-20.0.2-1\bin\java.exe
0x00007ffcabc60000 - 0x00007ffcabec5000 	C:\WINDOWS\SYSTEM32\ntdll.dll
0x00007ffcaa9a0000 - 0x00007ffcaaa69000 	C:\WINDOWS\System32\KERNEL32.DLL
0x00007ffca91f0000 - 0x00007ffca95d8000 	C:\WINDOWS\System32\KERNELBASE.dll
0x00007ffca98b0000 - 0x00007ffca99fb000 	C:\WINDOWS\System32\ucrtbase.dll
0x00007ffc91050000 - 0x00007ffc91067000 	C:\Users\stas2\.jdks\openjdk-20.0.2-1\bin\jli.dll
0x00007ffc913d0000 - 0x00007ffc913eb000 	C:\Users\stas2\.jdks\openjdk-20.0.2-1\bin\VCRUNTIME140.dll
0x00007ffcab2a0000 - 0x00007ffcab46a000 	C:\WINDOWS\System32\USER32.dll
0x00007ffca9670000 - 0x00007ffca9697000 	C:\WINDOWS\System32\win32u.dll
0x00007ffc90ae0000 - 0x00007ffc90d7a000 	C:\WINDOWS\WinSxS\amd64_microsoft.windows.common-controls_6595b64144ccf1df_6.0.26100.4202_none_3e0698d4e335f517\COMCTL32.dll
0x00007ffca9b80000 - 0x00007ffca9bab000 	C:\WINDOWS\System32\GDI32.dll
0x00007ffcaba50000 - 0x00007ffcabaf9000 	C:\WINDOWS\System32\msvcrt.dll
0x00007ffca90b0000 - 0x00007ffca91e7000 	C:\WINDOWS\System32\gdi32full.dll
0x00007ffca9800000 - 0x00007ffca98a3000 	C:\WINDOWS\System32\msvcp_win.dll
0x00007ffca9bb0000 - 0x00007ffca9be0000 	C:\WINDOWS\System32\IMM32.DLL
0x00007ffca0b60000 - 0x00007ffca0b6c000 	C:\Users\stas2\.jdks\openjdk-20.0.2-1\bin\vcruntime140_1.dll
0x00007ffc52820000 - 0x00007ffc528ae000 	C:\Users\stas2\.jdks\openjdk-20.0.2-1\bin\msvcp140.dll
0x00007ffbe2d10000 - 0x00007ffbe39a8000 	C:\Users\stas2\.jdks\openjdk-20.0.2-1\bin\server\jvm.dll
0x00007ffcab960000 - 0x00007ffcaba13000 	C:\WINDOWS\System32\ADVAPI32.dll
0x00007ffcab480000 - 0x00007ffcab526000 	C:\WINDOWS\System32\sechost.dll
0x00007ffcaa6a0000 - 0x00007ffcaa7b5000 	C:\WINDOWS\System32\RPCRT4.dll
0x00007ffc95c60000 - 0x00007ffc95c95000 	C:\WINDOWS\SYSTEM32\WINMM.dll
0x00007ffc9e1f0000 - 0x00007ffc9e1fb000 	C:\WINDOWS\SYSTEM32\VERSION.dll
0x00007ffc880a0000 - 0x00007ffc880aa000 	C:\WINDOWS\SYSTEM32\WSOCK32.dll
0x00007ffcaaf50000 - 0x00007ffcaafc4000 	C:\WINDOWS\System32\WS2_32.dll
0x00007ffca7c90000 - 0x00007ffca7cab000 	C:\WINDOWS\SYSTEM32\kernel.appcore.dll
0x00007ffc9f070000 - 0x00007ffc9f07a000 	C:\Users\stas2\.jdks\openjdk-20.0.2-1\bin\jimage.dll
0x00007ffca66f0000 - 0x00007ffca6931000 	C:\WINDOWS\SYSTEM32\DBGHELP.DLL
0x00007ffcab540000 - 0x00007ffcab8c5000 	C:\WINDOWS\System32\combase.dll
0x00007ffcaa840000 - 0x00007ffcaa921000 	C:\WINDOWS\System32\OLEAUT32.dll
0x00007ffc8ad60000 - 0x00007ffc8ad99000 	C:\WINDOWS\SYSTEM32\dbgcore.DLL
0x00007ffca9760000 - 0x00007ffca97f9000 	C:\WINDOWS\System32\bcryptPrimitives.dll
0x00007ffc90f50000 - 0x00007ffc90f5e000 	C:\Users\stas2\.jdks\openjdk-20.0.2-1\bin\instrument.dll
0x00007ffc91020000 - 0x00007ffc91046000 	C:\Users\stas2\.jdks\openjdk-20.0.2-1\bin\java.dll
0x00007ffc50650000 - 0x00007ffc50727000 	C:\Users\stas2\.jdks\openjdk-20.0.2-1\bin\jsvml.dll
0x00007ffca9f50000 - 0x00007ffcaa692000 	C:\WINDOWS\System32\SHELL32.dll
0x00007ffca8db0000 - 0x00007ffca8f24000 	C:\WINDOWS\System32\wintypes.dll
0x00007ffca6a20000 - 0x00007ffca7278000 	C:\WINDOWS\SYSTEM32\windows.storage.dll
0x00007ffca9e50000 - 0x00007ffca9f41000 	C:\WINDOWS\System32\SHCORE.dll
0x00007ffcaa930000 - 0x00007ffcaa99a000 	C:\WINDOWS\System32\shlwapi.dll
0x00007ffca8cc0000 - 0x00007ffca8cef000 	C:\WINDOWS\SYSTEM32\profapi.dll
0x00007ffc90fe0000 - 0x00007ffc90ff3000 	C:\Users\stas2\.jdks\openjdk-20.0.2-1\bin\net.dll
0x00007ffc9f490000 - 0x00007ffc9f5ae000 	C:\WINDOWS\SYSTEM32\WINHTTP.dll
0x00007ffca8200000 - 0x00007ffca826a000 	C:\WINDOWS\system32\mswsock.dll
0x00007ffc90fc0000 - 0x00007ffc90fd6000 	C:\Users\stas2\.jdks\openjdk-20.0.2-1\bin\nio.dll
0x00007ffc90fa0000 - 0x00007ffc90fb8000 	C:\Users\stas2\.jdks\openjdk-20.0.2-1\bin\zip.dll
0x00007ffc68850000 - 0x00007ffc6886a000 	C:\IntelliJ IDEA Community Edition 2021.3.2\IntelliJ IDEA Community Edition 2023.2.1\bin\breakgen64.dll
0x00007ffc14c50000 - 0x00007ffc14ccb000 	C:\Users\stas2\AppData\Local\Temp\lwjgl_stas2\3.3.4+7\x64\lwjgl.dll
0x00007ffbf07b0000 - 0x00007ffbf0835000 	C:\Users\stas2\AppData\Local\Temp\lwjgl_stas2\3.3.4+7\x64\glfw.dll
0x00007ffc503f0000 - 0x00007ffc5043b000 	C:\WINDOWS\SYSTEM32\dinput8.dll
0x00007ffc9ee60000 - 0x00007ffc9ee72000 	C:\WINDOWS\SYSTEM32\xinput1_4.dll
0x00007ffca8a10000 - 0x00007ffca8a67000 	C:\WINDOWS\SYSTEM32\cfgmgr32.dll
0x00007ffca8a70000 - 0x00007ffca8a9d000 	C:\WINDOWS\SYSTEM32\DEVOBJ.dll
0x00007ffca3700000 - 0x00007ffca3736000 	C:\WINDOWS\SYSTEM32\dwmapi.dll
0x00007ffc6dab0000 - 0x00007ffc6dc91000 	C:\WINDOWS\SYSTEM32\inputhost.dll
0x00007ffca2d00000 - 0x00007ffca2e25000 	C:\WINDOWS\SYSTEM32\CoreMessaging.dll
0x00007ffca3200000 - 0x00007ffca32af000 	C:\WINDOWS\system32\uxtheme.dll
0x00007ffca84d0000 - 0x00007ffca84dc000 	C:\WINDOWS\SYSTEM32\CRYPTBASE.DLL
0x00007ffca9a00000 - 0x00007ffca9b60000 	C:\WINDOWS\System32\MSCTF.dll
0x00007ffc6fe40000 - 0x00007ffc6ff54000 	C:\WINDOWS\SYSTEM32\opengl32.dll
0x00007ffc82180000 - 0x00007ffc821ad000 	C:\WINDOWS\SYSTEM32\GLU32.dll
0x00007ffca5d20000 - 0x00007ffca5d6d000 	C:\WINDOWS\SYSTEM32\dxcore.dll
0x00007ffca3490000 - 0x00007ffca34f1000 	C:\WINDOWS\SYSTEM32\directxdatabasehelper.dll
0x00007ffc91d90000 - 0x00007ffc91daa000 	C:\WINDOWS\SYSTEM32\windows.staterepositorycore.dll
0x00007ffc2ce60000 - 0x00007ffc2de53000 	C:\WINDOWS\System32\DriverStore\FileRepository\iigd_dch.inf_amd64_5802b1615520e41c\igxelpicd64.dll
0x00007ffcab0f0000 - 0x00007ffcab28e000 	C:\WINDOWS\System32\ole32.dll
0x00007ffca3500000 - 0x00007ffca3635000 	C:\WINDOWS\system32\dxgi.dll
0x00007ffc2cb70000 - 0x00007ffc2ce57000 	C:\WINDOWS\System32\DriverStore\FileRepository\iigd_dch.inf_amd64_5802b1615520e41c\igdml64.dll
0x00007ffc9bed0000 - 0x00007ffc9c297000 	C:\WINDOWS\System32\DriverStore\FileRepository\iigd_dch.inf_amd64_5802b1615520e41c\igdgmm64.dll
0x00007ffc982a0000 - 0x00007ffc9b8b1000 	C:\WINDOWS\System32\DriverStore\FileRepository\iigd_dch.inf_amd64_5802b1615520e41c\igc64.dll
0x00007ffca79d0000 - 0x00007ffca7a2e000 	C:\WINDOWS\SYSTEM32\powrprof.dll
0x00007ffca79b0000 - 0x00007ffca79c4000 	C:\WINDOWS\SYSTEM32\UMPDC.dll
0x00007ffc94a10000 - 0x00007ffc94b60000 	C:\WINDOWS\SYSTEM32\textinputframework.dll
0x00007ffc9e530000 - 0x00007ffc9e813000 	C:\WINDOWS\SYSTEM32\CoreUIComponents.dll
0x00007ffbf0740000 - 0x00007ffbf07a1000 	C:\Users\stas2\AppData\Local\Temp\lwjgl_stas2\3.3.4+7\x64\lwjgl_opengl.dll
0x00007ffc913c0000 - 0x00007ffc913d0000 	C:\Users\stas2\.jdks\openjdk-20.0.2-1\bin\verify.dll
0x00007ffbd2f20000 - 0x00007ffbd3048000 	C:\Users\stas2\AppData\Local\Temp\lwjgl_stas2\3.3.4+7\x64\draco.dll
0x00007ffbd2860000 - 0x00007ffbd2f1b000 	C:\Users\stas2\AppData\Local\Temp\lwjgl_stas2\3.3.4+7\x64\assimp.dll

dbghelp: loaded successfully - version: 4.0.5 - missing functions: none
symbol engine: initialized successfully - sym options: 0x614 - pdb path: .;C:\Users\stas2\.jdks\openjdk-20.0.2-1\bin;C:\WINDOWS\SYSTEM32;C:\WINDOWS\WinSxS\amd64_microsoft.windows.common-controls_6595b64144ccf1df_6.0.26100.4202_none_3e0698d4e335f517;C:\Users\stas2\.jdks\openjdk-20.0.2-1\bin\server;C:\IntelliJ IDEA Community Edition 2021.3.2\IntelliJ IDEA Community Edition 2023.2.1\bin;C:\Users\stas2\AppData\Local\Temp\lwjgl_stas2\3.3.4+7\x64;C:\WINDOWS\System32\DriverStore\FileRepository\iigd_dch.inf_amd64_5802b1615520e41c

VM Arguments:
jvm_args: -javaagent:C:\IntelliJ IDEA Community Edition 2021.3.2\IntelliJ IDEA Community Edition 2023.2.1\lib\idea_rt.jar=49727:C:\IntelliJ IDEA Community Edition 2021.3.2\IntelliJ IDEA Community Edition 2023.2.1\bin -Dfile.encoding=windows-1252 -Dsun.stdout.encoding=windows-1252 -Dsun.stderr.encoding=windows-1252 --module-path=C:\Users\stas2\.m2\repository\org\joml\joml-primitives\1.10.0\joml-primitives-1.10.0.jar;C:\Users\stas2\.m2\repository\org\lwjgl\lwjgl-stb\3.3.4\lwjgl-stb-3.3.4.jar;C:\Users\stas2\.m2\repository\org\lwjgl\lwjgl\3.3.4\lwjgl-3.3.4.jar;C:\Users\stas2\.m2\repository\org\lwjgl\lwjgl-vulkan\3.3.4\lwjgl-vulkan-3.3.4.jar;C:\Users\stas2\.m2\repository\org\lwjgl\lwjgl-assimp\3.3.4\lwjgl-assimp-3.3.4.jar;C:\Users\stas2\.m2\repository\org\joml\joml\1.10.7\joml-1.10.7.jar;C:\Users\stas2\.m2\repository\org\lwjgl\lwjgl-opengl\3.3.4\lwjgl-opengl-3.3.4.jar;O:\GIt\MultiplayerShooter\target\classes;C:\Users\stas2\.m2\repository\org\lwjgl\lwjgl-glfw\3.3.4\lwjgl-glfw-3.3.4.jar -Djdk.module.main=com.bedrye.multiplayershooter 
java_command: com.bedrye.multiplayershooter/com.bedrye.bjge.GameEngine.TestMain
java_class_path (initial): C:\Users\stas2\.m2\repository\io\github\spair\imgui-java-binding\1.89.0\imgui-java-binding-1.89.0.jar;C:\Users\stas2\.m2\repository\io\github\spair\imgui-java-lwjgl3\1.89.0\imgui-java-lwjgl3-1.89.0.jar;C:\Users\stas2\.m2\repository\io\github\spair\imgui-java-natives-windows-ft\1.86.11\imgui-java-natives-windows-ft-1.86.11.jar;C:\Users\stas2\.m2\repository\org\lwjgl\lwjgl-bgfx\3.3.4\lwjgl-bgfx-3.3.4.jar;C:\Users\stas2\.m2\repository\org\lwjgl\lwjgl-nanovg\3.3.4\lwjgl-nanovg-3.3.4.jar;C:\Users\stas2\.m2\repository\org\lwjgl\lwjgl-nuklear\3.3.4\lwjgl-nuklear-3.3.4.jar;C:\Users\stas2\.m2\repository\org\lwjgl\lwjgl-openal\3.3.4\lwjgl-openal-3.3.4.jar;C:\Users\stas2\.m2\repository\org\lwjgl\lwjgl-par\3.3.4\lwjgl-par-3.3.4.jar;C:\Users\stas2\.m2\repository\org\lwjgl\lwjgl\3.3.4\lwjgl-3.3.4-natives-windows.jar;C:\Users\stas2\.m2\repository\org\lwjgl\lwjgl-assimp\3.3.4\lwjgl-assimp-3.3.4-natives-windows.jar;C:\Users\stas2\.m2\repository\org\lwjgl\lwjgl-bgfx\3.3.4\lwjgl-bgfx-3.3.4-natives-windows.jar;C:\Users\stas2\.m2\repository\org\lwjgl\lwjgl-glfw\3.3.4\lwjgl-glfw-3.3.4-natives-windows.jar;C:\Users\stas2\.m2\repository\org\lwjgl\lwjgl-nanovg\3.3.4\lwjgl-nanovg-3.3.4-natives-windows.jar;C:\Users\stas2\.m2\repository\org\lwjgl\lwjgl-nuklear\3.3.4\lwjgl-nuklear-3.3.4-natives-windows.jar;C:\Users\stas2\.m2\repository\org\lwjgl\lwjgl-openal\3.3.4\lwjgl-openal-3.3.4-natives-windows.jar;C:\Users\stas2\.m2\repository\org\lwjgl\lwjgl-opengl\3.3.4\lwjgl-opengl-3.3.4-natives-windows.jar;C:\Users\stas2\.m2\repository\org\lwjgl\lwjgl-par\3.3.4\lwjgl-par-3.3.4-natives-windows.jar;C:\Users\stas2\.m2\repository\org\lwjgl\lwjgl-stb\3.3.4\lwjgl-stb-3.3.4-natives-windows.jar
Launcher Type: SUN_STANDARD

[Global flags]
     intx CICompilerCount                          = 4                                         {product} {ergonomic}
     uint ConcGCThreads                            = 3                                         {product} {ergonomic}
     uint G1ConcRefinementThreads                  = 10                                        {product} {ergonomic}
   size_t G1HeapRegionSize                         = 2097152                                   {product} {ergonomic}
    uintx GCDrainStackTargetSize                   = 64                                        {product} {ergonomic}
   size_t InitialHeapSize                          = 266338304                                 {product} {ergonomic}
   size_t MarkStackSize                            = 4194304                                   {product} {ergonomic}
   size_t MaxHeapSize                              = 4238344192                                {product} {ergonomic}
   size_t MaxNewSize                               = 2541748224                                {product} {ergonomic}
   size_t MinHeapDeltaBytes                        = 2097152                                   {product} {ergonomic}
   size_t MinHeapSize                              = 8388608                                   {product} {ergonomic}
    uintx NonNMethodCodeHeapSize                   = 5839372                                {pd product} {ergonomic}
    uintx NonProfiledCodeHeapSize                  = 122909434                              {pd product} {ergonomic}
    uintx ProfiledCodeHeapSize                     = 122909434                              {pd product} {ergonomic}
    uintx ReservedCodeCacheSize                    = 251658240                              {pd product} {ergonomic}
     bool SegmentedCodeCache                       = true                                      {product} {ergonomic}
   size_t SoftMaxHeapSize                          = 4238344192                             {manageable} {ergonomic}
     bool UseCompressedClassPointers               = true                           {product lp64_product} {ergonomic}
     bool UseCompressedOops                        = true                           {product lp64_product} {ergonomic}
     bool UseG1GC                                  = true                                      {product} {ergonomic}
     bool UseLargePagesIndividualAllocation        = false                                  {pd product} {ergonomic}

Logging:
Log output configuration:
 #0: stdout all=off uptime,level,tags foldmultilines=false
 #1: stderr all=off uptime,level,tags foldmultilines=false

Environment Variables:
JAVA_HOME=C:\Program Files\Java\jdk-11.0.2
PATH=C:\Program Files\PlasticSCM5\server;C:\Program Files\PlasticSCM5\client;C:\Program Files\NVIDIA GPU Computing Toolkit\CUDA\v12.6\bin;C:\Program Files\NVIDIA GPU Computing Toolkit\CUDA\v12.6\libnvvp;C:\Program Files\Common Files\Oracle\Java\javapath;C:\Windows\system32;C:\Windows;C:\Program Files\Java\jdk-11.0.2\bin;C:\Windows\System32\Wbem;C:\ORacleDatabase\dbhomeXE\bin;C:\Windows\System32\WindowsPowerShell\v1.0\;C:\Windows\System32\OpenSSH\;C:\Program Files (x86)\NVIDIA Corporation\PhysX\Common;C:\Program Files\NVIDIA Corporation\NVIDIA NvDLISR;C:\Program Files\Docker\Docker\resources\bin;C:\Program Files\Git LFS;C:\Program Files\Git\cmd;C:\Program Files (x86)\Windows Kits\10\Windows Performance Toolkit\;C:\Program Files (x86)\Steam\steamapps\common\Counter-Strike Global Offensive\game\bin\win64;C:\Users\stas2\AppData\Local\Programs\Python\Python311;C:\Program Files\dotnet\;C:\Program Files\Microsoft SQL Server\150\Tools\Binn\;C:\Program Files\Microsoft SQL Server\Client SDK\ODBC\170\Tools\Binn\;C:\Program Files\NVIDIA Corporation\Nsight Compute 2024.3.2\;C:\Program Files (x86)\Microsoft SQL Server\160\Tools\Binn\;C:\Program Files\Microsoft SQL Server\160\Tools\Binn\;C:\Program Files\Microsoft SQL Server\160\DTS\Binn\;C:\Program Files (x86)\Microsoft SQL Server\160\DTS\Binn\;C:\WINDOWS\system32;C:\WINDOWS;C:\WINDOWS\System32\Wbem;C:\WINDOWS\System32\WindowsPowerShell\v1.0\;C:\WINDOWS\System32\OpenSSH\;C:\Users\stas2\AppData\Local\Microsoft\WindowsApps;C:\Users\stas2\AppData\Local\Programs\Microsoft VS Code\bin;C:\Users\stas2\AppData\Local\GitHubDesktop\bin;C:\Users\stas2\AppData\Local\Programs\Python\Python311;C:\Program Files (x86)\Steam\steamapps\common\Counter-Strike Global Offensive\game\bin\win64;C:\Users\stas2\.dotnet\tools;C:\Users\stas2\AppData\Local\Muse Hub\lib;
USERNAME=stas2
OS=Windows_NT
PROCESSOR_IDENTIFIER=Intel64 Family 6 Model 141 Stepping 1, GenuineIntel
TMP=C:\Users\stas2\AppData\Local\Temp
TEMP=C:\Users\stas2\AppData\Local\Temp




---------------  S Y S T E M  ---------------

OS:
 Windows 11 , 64 bit Build 26100 (10.0.26100.4202)
OS uptime: 3 days 20:30 hours
Hyper-V role detected

CPU: total 12 (initial active 12) (6 cores per cpu, 2 threads per core) family 6 model 141 stepping 1 microcode 0x3c, cx8, cmov, fxsr, ht, mmx, 3dnowpref, sse, sse2, sse3, ssse3, sse4.1, sse4.2, popcnt, lzcnt, tsc, tscinvbit, avx, avx2, aes, erms, clmul, bmi1, bmi2, adx, avx512f, avx512dq, avx512cd, avx512bw, avx512vl, sha, fma, vzeroupper, avx512_vpopcntdq, avx512_vpclmulqdq, avx512_vaes, avx512_vnni, clflush, clflushopt, clwb, avx512_vbmi2, avx512_vbmi, hv, rdtscp, rdpid, fsrm, gfni, avx512_bitalg, f16c, cet_ibt, cet_ss, avx512_ifma

Memory: 4k page, system-wide physical 16163M (2941M free)
TotalPageFile size 41763M (AvailPageFile size 16231M)
current process WorkingSet (physical memory assigned to process): 1344M, peak: 1344M
current process commit charge ("private bytes"): 1448M, peak: 1448M

vm_info: OpenJDK 64-Bit Server VM (20.0.2+9-78) for windows-amd64 JRE (20.0.2+9-78), built on 2023-06-14T10:08:48Z by "mach5one" with MS VC++ 17.1 (VS2022)

END.
