#
# A fatal error has been detected by the Java Runtime Environment:
#
#  EXCEPTION_ACCESS_VIOLATION (0xc0000005) at pc=0x00007ffb118c366c, pid=33016, tid=22072
#
# JRE version: OpenJDK Runtime Environment (20.0.2+9) (build 20.0.2+9-78)
# Java VM: OpenJDK 64-Bit Server VM (20.0.2+9-78, mixed mode, sharing, tiered, compressed oops, compressed class ptrs, g1 gc, windows-amd64)
# Problematic frame:
# C  [igxelpicd64.dll+0x13366c]
#
# No core dump will be written. Minidumps are not enabled by default on client versions of Windows
#
# If you would like to submit a bug report, please visit:
#   https://bugreport.java.com/bugreport/crash.jsp
#

---------------  S U M M A R Y ------------

Command Line: -javaagent:C:\IntelliJ IDEA Community Edition 2021.3.2\IntelliJ IDEA Community Edition 2023.2.1\lib\idea_rt.jar=57916:C:\IntelliJ IDEA Community Edition 2021.3.2\IntelliJ IDEA Community Edition 2023.2.1\bin -Dfile.encoding=windows-1252 -Dsun.stdout.encoding=windows-1252 -Dsun.stderr.encoding=windows-1252 --module-path=C:\Users\stas2\.m2\repository\org\lwjgl\lwjgl-vulkan\3.3.4\lwjgl-vulkan-3.3.4.jar;C:\Users\stas2\.m2\repository\org\lwjgl\lwjgl-opengl\3.3.4\lwjgl-opengl-3.3.4.jar;C:\Users\stas2\.m2\repository\io\github\spair\imgui-java-binding\1.89.0\imgui-java-binding-1.89.0.jar;C:\Users\stas2\.m2\repository\org\lwjgl\lwjgl-assimp\3.3.4\lwjgl-assimp-3.3.4.jar;O:\GIt\MultiplayerShooter\target\classes;C:\Users\stas2\.m2\repository\org\lwjgl\lwjgl-stb\3.3.4\lwjgl-stb-3.3.4.jar;C:\Users\stas2\.m2\repository\org\joml\joml\1.10.7\joml-1.10.7.jar;C:\Users\stas2\.m2\repository\org\lwjgl\lwjgl-glfw\3.3.4\lwjgl-glfw-3.3.4.jar;C:\Users\stas2\.m2\repository\io\github\spair\imgui-java-lwjgl3\1.89.0\imgui-java-lwjgl3-1.89.0.jar;C:\Users\stas2\.m2\repository\org\lwjgl\lwjgl\3.3.4\lwjgl-3.3.4.jar;C:\Users\stas2\.m2\repository\org\joml\joml-primitives\1.10.0\joml-primitives-1.10.0.jar -Djdk.module.main=com.bedrye.multiplayershooter com.bedrye.multiplayershooter/com.bedrye.bjge.GameEngine.TestMain

Host: 11th Gen Intel(R) Core(TM) i5-11400H @ 2.70GHz, 12 cores, 15G,  Windows 11 , 64 bit Build 26100 (10.0.26100.4484)
Time: Mon Aug 11 14:34:59 2025 FLE Summer Time elapsed time: 22.180515 seconds (0d 0h 0m 22s)

---------------  T H R E A D  ---------------

Current thread (0x0000020ec5d4eed0):  VMThread "VM Thread" [stack: 0x000000c83bd00000,0x000000c83be00000] [id=22072]

Stack: [0x000000c83bd00000,0x000000c83be00000],  sp=0x000000c83bdfe690,  free space=1017k
Native frames: (J=compiled Java code, j=interpreted, Vv=VM code, C=native code)
C  [igxelpicd64.dll+0x13366c]


siginfo: EXCEPTION_ACCESS_VIOLATION (0xc0000005), reading address 0x00000000000356f8


Registers:
RAX=0x0000020f11c8be58, RBX=0x0000020f11c8bd50, RCX=0x0000000000000000, RDX=0x0000000000000000
RSP=0x000000c83bdfe690, RBP=0x0000000000000000, RSI=0x0000020f11c8c320, RDI=0x0000020f118d1be0
R8 =0x0000000000000014, R9 =0x000000c83b2c7000, R10=0x0000000000000000, R11=0x0000000000000000
R12=0x0000000000000000, R13=0x0000020f11c601f0, R14=0x0000000000009c00, R15=0x0000000000000016
RIP=0x00007ffb118c366c, EFLAGS=0x0000000000010202


Register to memory mapping:

RIP=0x00007ffb118c366c igxelpicd64.dll
RAX=0x0000020f11c8be58 points into unknown readable memory: 0x0000000000008bee | ee 8b 00 00 00 00 00 00
RBX=0x0000020f11c8bd50 points into unknown readable memory: 0x0000020f0b718830 | 30 88 71 0b 0f 02 00 00
RCX=0x0 is NULL
RDX=0x0 is NULL
RSP=0x000000c83bdfe690 points into unknown readable memory: 0x0000020f0b92ecc0 | c0 ec 92 0b 0f 02 00 00
RBP=0x0 is NULL
RSI=0x0000020f11c8c320 points into unknown readable memory: 0x0000020f11c601f0 | f0 01 c6 11 0f 02 00 00
RDI=0x0000020f118d1be0 points into unknown readable memory: 0x0000020f0bad2001 | 01 20 ad 0b 0f 02 00 00
R8 =0x0000000000000014 is an unknown value
R9 =0x000000c83b2c7000 points into unknown readable memory: 0x0000000000000000 | 00 00 00 00 00 00 00 00
R10=0x0 is NULL
R11=0x0 is NULL
R12=0x0 is NULL
R13=0x0000020f11c601f0 points into unknown readable memory: 0x0000020f0b718830 | 30 88 71 0b 0f 02 00 00
R14=0x0000000000009c00 is an unknown value
R15=0x0000000000000016 is an unknown value


Top of Stack: (sp=0x000000c83bdfe690)
0x000000c83bdfe690:   0000020f0b92ecc0 0000000000000000
0x000000c83bdfe6a0:   00aa74cf02be56cf 00007ffb8d325df4
0x000000c83bdfe6b0:   01e4f6d0036ac6d0 033abfd1032481d1
0x000000c83bdfe6c0:   006182d302fc47d2 030e8ed3031786d3
0x000000c83bdfe6d0:   0000020f0ba5a538 0000000000009cce
0x000000c83bdfe6e0:   0000000000000000 0000000000000010
0x000000c83bdfe6f0:   0000000000000000 0000000000000000
0x000000c83bdfe700:   000000c83bdfe810 00007ffb11a3bc3c
0x000000c83bdfe710:   0000020f0b92ecc0 0000020f118d1be0
0x000000c83bdfe720:   034520dd01312500 03412dde03210500
0x000000c83bdfe730:   000000c800000aa0 0000b80219600000
0x000000c83bdfe740:   0000000000000000 00561be2033915e2
0x000000c83bdfe750:   036352e2035739e2 0289e2e303287ae3
0x000000c83bdfe760:   02bc24e5033875e4 035d79e502e472e5
0x000000c83bdfe770:   0347a1e6029acee5 00007ffb11a319a0
0x000000c83bdfe780:   033a74e7032b6be7 01248ee801e9a3e7
0x000000c83bdfe790:   032a79ea031386e9 01df7feb026cbcea
0x000000c83bdfe7a0:   035699eb034199eb 032df2eb031fb8eb
0x000000c83bdfe7b0:   0293a0ec033350ec 00007ffb11813cdf
0x000000c83bdfe7c0:   0000b80219600000 0000000000000aa0
0x000000c83bdfe7d0:   0000000000000000 4000188000000001
0x000000c83bdfe7e0:   0000000000000000 0000000000000000
0x000000c83bdfe7f0:   0000000000000000 0000000000000000
0x000000c83bdfe800:   0000000000000000 0000000000000000
0x000000c83bdfe810:   0000000000000000 0000000000000000
0x000000c83bdfe820:   0000000000000000 0000000000000000
0x000000c83bdfe830:   0000000000000000 0000000000000000
0x000000c83bdfe840:   0000000000000000 0000000000000000
0x000000c83bdfe850:   0000000000000000 0000000000000000
0x000000c83bdfe860:   0000000000000000 0000000000000000
0x000000c83bdfe870:   0000000000000000 0000000000000000
0x000000c83bdfe880:   0000000000000000 0000000000000000 

Instructions: (pc=0x00007ffb118c366c)
0x00007ffb118c356c:   ec 40 45 8a e1 48 8b fa 48 8b e9 48 8b 1d 42 08
0x00007ffb118c357c:   e0 00 48 89 58 08 48 8b cb ff 15 85 5b 9a 00 90
0x00007ffb118c358c:   4c 8b af 78 02 00 00 48 8b 05 c6 e4 cf 00 44 8b
0x00007ffb118c359c:   b8 40 0b 00 00 45 33 db 45 8a f3 4c 89 9f 78 02
0x00007ffb118c35ac:   00 00 44 89 9f 80 02 00 00 4c 89 9f 98 02 00 00
0x00007ffb118c35bc:   4c 89 9f 88 02 00 00 48 85 ed 75 38 8b 35 4a e2
0x00007ffb118c35cc:   df 00 65 48 8b 04 25 58 00 00 00 b9 14 00 00 00
0x00007ffb118c35dc:   48 8b 04 f0 44 38 1c 01 0f 84 9d da 86 00 65 48
0x00007ffb118c35ec:   8b 04 25 58 00 00 00 bd 20 00 00 00 48 8b 04 f0
0x00007ffb118c35fc:   48 8b 2c 28 48 3b 2d 39 07 e0 00 45 0f 44 fb 4d
0x00007ffb118c360c:   85 ed 0f 84 21 01 00 00 44 8a a4 24 90 00 00 00
0x00007ffb118c361c:   49 8b dd 49 8d b5 d0 05 00 00 4c 8b 2e 45 84 e4
0x00007ffb118c362c:   0f 85 2a 03 00 00 8b 97 c8 01 00 00 48 8b 05 21
0x00007ffb118c363c:   e4 cf 00 83 b8 78 03 00 00 02 75 31 83 fa 10 0f
0x00007ffb118c364c:   83 20 01 00 00 48 8d 04 d5 21 00 00 00 48 03 c2
0x00007ffb118c365c:   48 8d 04 c3 48 85 c0 0f 85 ff 00 00 00 49 8b cb
0x00007ffb118c366c:   48 3b 8d f8 56 03 00 0f 87 f3 02 00 00 4c 39 9b
0x00007ffb118c367c:   48 06 00 00 0f 85 41 da 86 00 44 8b 97 c8 01 00
0x00007ffb118c368c:   00 48 8b 87 e0 01 00 00 4c 8b 08 8b 97 c8 01 00
0x00007ffb118c369c:   00 83 fa 10 0f 83 03 01 00 00 48 8d 04 d5 21 00
0x00007ffb118c36ac:   00 00 48 03 c2 48 8d 04 c3 48 85 c0 0f 85 e2 00
0x00007ffb118c36bc:   00 00 49 8b cb 49 3b c9 0f 86 0e 01 00 00 48 8b
0x00007ffb118c36cc:   87 78 02 00 00 48 89 06 48 89 9f 78 02 00 00 ff
0x00007ffb118c36dc:   87 80 02 00 00 48 8b 43 08 48 8b 88 18 01 00 00
0x00007ffb118c36ec:   48 81 e1 00 00 ff ff 48 81 c1 00 00 01 00 48 01
0x00007ffb118c36fc:   8f 88 02 00 00 48 8b 43 08 48 8b 88 18 01 00 00
0x00007ffb118c370c:   48 01 8f 98 02 00 00 4d 85 ed 0f 85 00 ff ff ff
0x00007ffb118c371c:   45 84 f6 44 8a a4 24 98 00 00 00 0f 85 82 03 00
0x00007ffb118c372c:   00 48 8b 9c 24 80 00 00 00 48 8b cf 45 84 e4 0f
0x00007ffb118c373c:   85 8a 03 00 00 e8 fa f9 ff ff 90 48 8b cb 48 8b
0x00007ffb118c374c:   9c 24 88 00 00 00 48 83 c4 40 41 5f 41 5e 41 5d
0x00007ffb118c375c:   41 5c 5f 5e 5d 48 ff 25 b0 59 9a 00 48 8b 48 08 


Stack slot to memory mapping:
stack at sp + 0 slots: 0x0000020f0b92ecc0 points into unknown readable memory: 0xffffffffffffffff | ff ff ff ff ff ff ff ff
stack at sp + 1 slots: 0x0 is NULL
stack at sp + 2 slots: 0x00aa74cf02be56cf is an unknown value
stack at sp + 3 slots: 0x00007ffb8d325df4 ntdll.dll
stack at sp + 4 slots: 0x01e4f6d0036ac6d0 is an unknown value
stack at sp + 5 slots: 0x033abfd1032481d1 is an unknown value
stack at sp + 6 slots: 0x006182d302fc47d2 is an unknown value
stack at sp + 7 slots: 0x030e8ed3031786d3 is an unknown value

VM_Operation (0x000000c83c7ff360): Exit, mode: safepoint, requested by thread 0x0000020f0b3fc4d0


---------------  P R O C E S S  ---------------

Threads class SMR info:
_java_thread_list=0x0000020f12444ac0, length=12, elements={
0x0000020ea63e5690, 0x0000020ec5d705c0, 0x0000020ec5d71f00, 0x0000020ec5d7a440,
0x0000020ec5d79230, 0x0000020f0b008490, 0x0000020ec5d9d840, 0x0000020f0b00ef30,
0x0000020f0b0f0640, 0x0000020f0b823eb0, 0x0000020f0b824400, 0x0000020f0b3fc4d0
}

Java Threads: ( => current thread )
  0x0000020ea63e5690 JavaThread "main" [_thread_blocked, id=11384, stack(0x000000c83b700000,0x000000c83b800000)]
  0x0000020ec5d705c0 JavaThread "Reference Handler" daemon [_thread_blocked, id=1000, stack(0x000000c83be00000,0x000000c83bf00000)]
  0x0000020ec5d71f00 JavaThread "Finalizer" daemon [_thread_blocked, id=28856, stack(0x000000c83bf00000,0x000000c83c000000)]
  0x0000020ec5d7a440 JavaThread "Attach Listener" daemon [_thread_blocked, id=9180, stack(0x000000c83c100000,0x000000c83c200000)]
  0x0000020ec5d79230 JavaThread "Service Thread" daemon [_thread_blocked, id=9356, stack(0x000000c83c200000,0x000000c83c300000)]
  0x0000020f0b008490 JavaThread "Monitor Deflation Thread" daemon [_thread_blocked, id=4868, stack(0x000000c83c300000,0x000000c83c400000)]
  0x0000020ec5d9d840 JavaThread "C2 CompilerThread0" daemon [_thread_blocked, id=32536, stack(0x000000c83c400000,0x000000c83c500000)]
  0x0000020f0b00ef30 JavaThread "C1 CompilerThread0" daemon [_thread_blocked, id=10768, stack(0x000000c83c500000,0x000000c83c600000)]
  0x0000020f0b0f0640 JavaThread "Common-Cleaner" daemon [_thread_blocked, id=11152, stack(0x000000c83c600000,0x000000c83c700000)]
  0x0000020f0b823eb0 JavaThread "Monitor Ctrl-Break" daemon [_thread_in_native, id=24684, stack(0x000000c83c900000,0x000000c83ca00000)]
  0x0000020f0b824400 JavaThread "Notification Thread" daemon [_thread_blocked, id=27712, stack(0x000000c83ca00000,0x000000c83cb00000)]
  0x0000020f0b3fc4d0 JavaThread "SIGINT handler" daemon [_thread_blocked, id=12020, stack(0x000000c83c700000,0x000000c83c800000)]

Other Threads:
=>0x0000020ec5d4eed0 VMThread "VM Thread" [stack: 0x000000c83bd00000,0x000000c83be00000] [id=22072]
  0x0000020ea6457cb0 WorkerThread "GC Thread#0" [stack: 0x000000c83b800000,0x000000c83b900000] [id=36876]
  0x0000020f12017200 WorkerThread "GC Thread#1" [stack: 0x000000c83c800000,0x000000c83c900000] [id=20024]
  0x0000020f12018e20 WorkerThread "GC Thread#2" [stack: 0x000000c83d100000,0x000000c83d200000] [id=35096]
  0x0000020f12017a70 WorkerThread "GC Thread#3" [stack: 0x000000c83d200000,0x000000c83d300000] [id=2980]
  0x0000020f12017d40 WorkerThread "GC Thread#4" [stack: 0x000000c83d300000,0x000000c83d400000] [id=33648]
  0x0000020f120174d0 WorkerThread "GC Thread#5" [stack: 0x000000c83d400000,0x000000c83d500000] [id=16260]
  0x0000020f120177a0 WorkerThread "GC Thread#6" [stack: 0x000000c83d500000,0x000000c83d600000] [id=11428]
  0x0000020f12018010 WorkerThread "GC Thread#7" [stack: 0x000000c83d600000,0x000000c83d700000] [id=13456]
  0x0000020f120182e0 WorkerThread "GC Thread#8" [stack: 0x000000c83d700000,0x000000c83d800000] [id=38500]
  0x0000020f120185b0 WorkerThread "GC Thread#9" [stack: 0x000000c83d800000,0x000000c83d900000] [id=8084]
  0x0000020ea6468850 ConcurrentGCThread "G1 Main Marker" terminated
  0x0000020ea6469280 WorkerThread "G1 Conc#0" [stack: 0x000000c83ba00000,0x000000c83bb00000] [id=22552]
  0x0000020ec5c0b400 ConcurrentGCThread "G1 Refine#0" terminated
  0x0000020ec5c0bea0 ConcurrentGCThread "G1 Service" terminated

Threads with active compile tasks:

VM state: at safepoint (shutting down)

VM Mutex/Monitor currently owned by a thread:  ([mutex/lock_event])
[0x0000020ea63e3ac0] Threads_lock - owner thread: 0x0000020ec5d4eed0
[0x0000020ea63e40f0] Heap_lock - owner thread: 0x0000020f0b3fc4d0

Heap address: 0x0000000703600000, size: 4042 MB, Compressed Oops mode: Zero based, Oop shift amount: 3

CDS archive(s) mapped at: [0x0000020ec6000000-0x0000020ec6c60000-0x0000020ec6c60000), size 12976128, SharedBaseAddress: 0x0000020ec6000000, ArchiveRelocationMode: 1.
Compressed class space mapped at: 0x0000020ec7000000-0x0000020f07000000, reserved size: 1073741824
Narrow klass base: 0x0000020ec6000000, Narrow klass shift: 0, Narrow klass range: 0x100000000

GC Precious Log:
 CardTable entry size: 512
 Card Set container configuration: InlinePtr #cards 4 size 8 Array Of Cards #cards 16 size 48 Howl #buckets 8 coarsen threshold 3686 Howl Bitmap #cards 512 size 80 coarsen threshold 460 Card regions per heap region 1 cards per card region 4096
 CPUs: 12 total, 12 available
 Memory: 16163M
 Large Page Support: Disabled
 NUMA Support: Disabled
 Compressed Oops: Enabled (Zero based)
 Heap Region Size: 2M
 Heap Min Capacity: 8M
 Heap Initial Capacity: 254M
 Heap Max Capacity: 4042M
 Pre-touch: Disabled
 Parallel Workers: 10
 Concurrent Workers: 3
 Concurrent Refinement Workers: 10
 Periodic GC: Disabled

Heap:
 garbage-first heap   total 260096K, used 27595K [0x0000000703600000, 0x0000000800000000)
  region size 2048K, 16 young (32768K), 2 survivors (4096K)
 Metaspace       used 9233K, committed 9472K, reserved 1114112K
  class space    used 495K, committed 576K, reserved 1048576K

Heap Regions: E=young(eden), S=young(survivor), O=old, HS=humongous(starts), HC=humongous(continues), CS=collection set, F=free, OA=open archive, CA=closed archive, TAMS=top-at-mark-start, PB=parsable bottom
|   0|0x0000000703600000, 0x0000000703600000, 0x0000000703800000|  0%| F|  |TAMS 0x0000000703600000| PB 0x0000000703600000| Untracked 
|   1|0x0000000703800000, 0x0000000703800000, 0x0000000703a00000|  0%| F|  |TAMS 0x0000000703800000| PB 0x0000000703800000| Untracked 
|   2|0x0000000703a00000, 0x0000000703a00000, 0x0000000703c00000|  0%| F|  |TAMS 0x0000000703a00000| PB 0x0000000703a00000| Untracked 
|   3|0x0000000703c00000, 0x0000000703c00000, 0x0000000703e00000|  0%| F|  |TAMS 0x0000000703c00000| PB 0x0000000703c00000| Untracked 
|   4|0x0000000703e00000, 0x0000000703e00000, 0x0000000704000000|  0%| F|  |TAMS 0x0000000703e00000| PB 0x0000000703e00000| Untracked 
|   5|0x0000000704000000, 0x0000000704000000, 0x0000000704200000|  0%| F|  |TAMS 0x0000000704000000| PB 0x0000000704000000| Untracked 
|   6|0x0000000704200000, 0x0000000704200000, 0x0000000704400000|  0%| F|  |TAMS 0x0000000704200000| PB 0x0000000704200000| Untracked 
|   7|0x0000000704400000, 0x0000000704400000, 0x0000000704600000|  0%| F|  |TAMS 0x0000000704400000| PB 0x0000000704400000| Untracked 
|   8|0x0000000704600000, 0x0000000704600000, 0x0000000704800000|  0%| F|  |TAMS 0x0000000704600000| PB 0x0000000704600000| Untracked 
|   9|0x0000000704800000, 0x0000000704800000, 0x0000000704a00000|  0%| F|  |TAMS 0x0000000704800000| PB 0x0000000704800000| Untracked 
|  10|0x0000000704a00000, 0x0000000704a00000, 0x0000000704c00000|  0%| F|  |TAMS 0x0000000704a00000| PB 0x0000000704a00000| Untracked 
|  11|0x0000000704c00000, 0x0000000704c00000, 0x0000000704e00000|  0%| F|  |TAMS 0x0000000704c00000| PB 0x0000000704c00000| Untracked 
|  12|0x0000000704e00000, 0x0000000704e00000, 0x0000000705000000|  0%| F|  |TAMS 0x0000000704e00000| PB 0x0000000704e00000| Untracked 
|  13|0x0000000705000000, 0x0000000705000000, 0x0000000705200000|  0%| F|  |TAMS 0x0000000705000000| PB 0x0000000705000000| Untracked 
|  14|0x0000000705200000, 0x0000000705200000, 0x0000000705400000|  0%| F|  |TAMS 0x0000000705200000| PB 0x0000000705200000| Untracked 
|  15|0x0000000705400000, 0x0000000705400000, 0x0000000705600000|  0%| F|  |TAMS 0x0000000705400000| PB 0x0000000705400000| Untracked 
|  16|0x0000000705600000, 0x0000000705600000, 0x0000000705800000|  0%| F|  |TAMS 0x0000000705600000| PB 0x0000000705600000| Untracked 
|  17|0x0000000705800000, 0x0000000705800000, 0x0000000705a00000|  0%| F|  |TAMS 0x0000000705800000| PB 0x0000000705800000| Untracked 
|  18|0x0000000705a00000, 0x0000000705a00000, 0x0000000705c00000|  0%| F|  |TAMS 0x0000000705a00000| PB 0x0000000705a00000| Untracked 
|  19|0x0000000705c00000, 0x0000000705c00000, 0x0000000705e00000|  0%| F|  |TAMS 0x0000000705c00000| PB 0x0000000705c00000| Untracked 
|  20|0x0000000705e00000, 0x0000000705e00000, 0x0000000706000000|  0%| F|  |TAMS 0x0000000705e00000| PB 0x0000000705e00000| Untracked 
|  21|0x0000000706000000, 0x0000000706000000, 0x0000000706200000|  0%| F|  |TAMS 0x0000000706000000| PB 0x0000000706000000| Untracked 
|  22|0x0000000706200000, 0x0000000706200000, 0x0000000706400000|  0%| F|  |TAMS 0x0000000706200000| PB 0x0000000706200000| Untracked 
|  23|0x0000000706400000, 0x0000000706400000, 0x0000000706600000|  0%| F|  |TAMS 0x0000000706400000| PB 0x0000000706400000| Untracked 
|  24|0x0000000706600000, 0x0000000706600000, 0x0000000706800000|  0%| F|  |TAMS 0x0000000706600000| PB 0x0000000706600000| Untracked 
|  25|0x0000000706800000, 0x0000000706800000, 0x0000000706a00000|  0%| F|  |TAMS 0x0000000706800000| PB 0x0000000706800000| Untracked 
|  26|0x0000000706a00000, 0x0000000706a00000, 0x0000000706c00000|  0%| F|  |TAMS 0x0000000706a00000| PB 0x0000000706a00000| Untracked 
|  27|0x0000000706c00000, 0x0000000706c00000, 0x0000000706e00000|  0%| F|  |TAMS 0x0000000706c00000| PB 0x0000000706c00000| Untracked 
|  28|0x0000000706e00000, 0x0000000706e00000, 0x0000000707000000|  0%| F|  |TAMS 0x0000000706e00000| PB 0x0000000706e00000| Untracked 
|  29|0x0000000707000000, 0x0000000707000000, 0x0000000707200000|  0%| F|  |TAMS 0x0000000707000000| PB 0x0000000707000000| Untracked 
|  30|0x0000000707200000, 0x0000000707200000, 0x0000000707400000|  0%| F|  |TAMS 0x0000000707200000| PB 0x0000000707200000| Untracked 
|  31|0x0000000707400000, 0x0000000707400000, 0x0000000707600000|  0%| F|  |TAMS 0x0000000707400000| PB 0x0000000707400000| Untracked 
|  32|0x0000000707600000, 0x0000000707600000, 0x0000000707800000|  0%| F|  |TAMS 0x0000000707600000| PB 0x0000000707600000| Untracked 
|  33|0x0000000707800000, 0x0000000707800000, 0x0000000707a00000|  0%| F|  |TAMS 0x0000000707800000| PB 0x0000000707800000| Untracked 
|  34|0x0000000707a00000, 0x0000000707a00000, 0x0000000707c00000|  0%| F|  |TAMS 0x0000000707a00000| PB 0x0000000707a00000| Untracked 
|  35|0x0000000707c00000, 0x0000000707c00000, 0x0000000707e00000|  0%| F|  |TAMS 0x0000000707c00000| PB 0x0000000707c00000| Untracked 
|  36|0x0000000707e00000, 0x0000000707e00000, 0x0000000708000000|  0%| F|  |TAMS 0x0000000707e00000| PB 0x0000000707e00000| Untracked 
|  37|0x0000000708000000, 0x0000000708000000, 0x0000000708200000|  0%| F|  |TAMS 0x0000000708000000| PB 0x0000000708000000| Untracked 
|  38|0x0000000708200000, 0x0000000708200000, 0x0000000708400000|  0%| F|  |TAMS 0x0000000708200000| PB 0x0000000708200000| Untracked 
|  39|0x0000000708400000, 0x0000000708400000, 0x0000000708600000|  0%| F|  |TAMS 0x0000000708400000| PB 0x0000000708400000| Untracked 
|  40|0x0000000708600000, 0x0000000708600000, 0x0000000708800000|  0%| F|  |TAMS 0x0000000708600000| PB 0x0000000708600000| Untracked 
|  41|0x0000000708800000, 0x0000000708800000, 0x0000000708a00000|  0%| F|  |TAMS 0x0000000708800000| PB 0x0000000708800000| Untracked 
|  42|0x0000000708a00000, 0x0000000708a00000, 0x0000000708c00000|  0%| F|  |TAMS 0x0000000708a00000| PB 0x0000000708a00000| Untracked 
|  43|0x0000000708c00000, 0x0000000708c00000, 0x0000000708e00000|  0%| F|  |TAMS 0x0000000708c00000| PB 0x0000000708c00000| Untracked 
|  44|0x0000000708e00000, 0x0000000708e00000, 0x0000000709000000|  0%| F|  |TAMS 0x0000000708e00000| PB 0x0000000708e00000| Untracked 
|  45|0x0000000709000000, 0x0000000709000000, 0x0000000709200000|  0%| F|  |TAMS 0x0000000709000000| PB 0x0000000709000000| Untracked 
|  46|0x0000000709200000, 0x0000000709200000, 0x0000000709400000|  0%| F|  |TAMS 0x0000000709200000| PB 0x0000000709200000| Untracked 
|  47|0x0000000709400000, 0x0000000709400000, 0x0000000709600000|  0%| F|  |TAMS 0x0000000709400000| PB 0x0000000709400000| Untracked 
|  48|0x0000000709600000, 0x0000000709600000, 0x0000000709800000|  0%| F|  |TAMS 0x0000000709600000| PB 0x0000000709600000| Untracked 
|  49|0x0000000709800000, 0x0000000709800000, 0x0000000709a00000|  0%| F|  |TAMS 0x0000000709800000| PB 0x0000000709800000| Untracked 
|  50|0x0000000709a00000, 0x0000000709a00000, 0x0000000709c00000|  0%| F|  |TAMS 0x0000000709a00000| PB 0x0000000709a00000| Untracked 
|  51|0x0000000709c00000, 0x0000000709c00000, 0x0000000709e00000|  0%| F|  |TAMS 0x0000000709c00000| PB 0x0000000709c00000| Untracked 
|  52|0x0000000709e00000, 0x0000000709e00000, 0x000000070a000000|  0%| F|  |TAMS 0x0000000709e00000| PB 0x0000000709e00000| Untracked 
|  53|0x000000070a000000, 0x000000070a000000, 0x000000070a200000|  0%| F|  |TAMS 0x000000070a000000| PB 0x000000070a000000| Untracked 
|  54|0x000000070a200000, 0x000000070a200000, 0x000000070a400000|  0%| F|  |TAMS 0x000000070a200000| PB 0x000000070a200000| Untracked 
|  55|0x000000070a400000, 0x000000070a400000, 0x000000070a600000|  0%| F|  |TAMS 0x000000070a400000| PB 0x000000070a400000| Untracked 
|  56|0x000000070a600000, 0x000000070a600000, 0x000000070a800000|  0%| F|  |TAMS 0x000000070a600000| PB 0x000000070a600000| Untracked 
|  57|0x000000070a800000, 0x000000070a800000, 0x000000070aa00000|  0%| F|  |TAMS 0x000000070a800000| PB 0x000000070a800000| Untracked 
|  58|0x000000070aa00000, 0x000000070aa00000, 0x000000070ac00000|  0%| F|  |TAMS 0x000000070aa00000| PB 0x000000070aa00000| Untracked 
|  59|0x000000070ac00000, 0x000000070ac00000, 0x000000070ae00000|  0%| F|  |TAMS 0x000000070ac00000| PB 0x000000070ac00000| Untracked 
|  60|0x000000070ae00000, 0x000000070ae00000, 0x000000070b000000|  0%| F|  |TAMS 0x000000070ae00000| PB 0x000000070ae00000| Untracked 
|  61|0x000000070b000000, 0x000000070b000000, 0x000000070b200000|  0%| F|  |TAMS 0x000000070b000000| PB 0x000000070b000000| Untracked 
|  62|0x000000070b200000, 0x000000070b200000, 0x000000070b400000|  0%| F|  |TAMS 0x000000070b200000| PB 0x000000070b200000| Untracked 
|  63|0x000000070b400000, 0x000000070b400000, 0x000000070b600000|  0%| F|  |TAMS 0x000000070b400000| PB 0x000000070b400000| Untracked 
|  64|0x000000070b600000, 0x000000070b600000, 0x000000070b800000|  0%| F|  |TAMS 0x000000070b600000| PB 0x000000070b600000| Untracked 
|  65|0x000000070b800000, 0x000000070b800000, 0x000000070ba00000|  0%| F|  |TAMS 0x000000070b800000| PB 0x000000070b800000| Untracked 
|  66|0x000000070ba00000, 0x000000070ba00000, 0x000000070bc00000|  0%| F|  |TAMS 0x000000070ba00000| PB 0x000000070ba00000| Untracked 
|  67|0x000000070bc00000, 0x000000070bc00000, 0x000000070be00000|  0%| F|  |TAMS 0x000000070bc00000| PB 0x000000070bc00000| Untracked 
|  68|0x000000070be00000, 0x000000070be00000, 0x000000070c000000|  0%| F|  |TAMS 0x000000070be00000| PB 0x000000070be00000| Untracked 
|  69|0x000000070c000000, 0x000000070c000000, 0x000000070c200000|  0%| F|  |TAMS 0x000000070c000000| PB 0x000000070c000000| Untracked 
|  70|0x000000070c200000, 0x000000070c200000, 0x000000070c400000|  0%| F|  |TAMS 0x000000070c200000| PB 0x000000070c200000| Untracked 
|  71|0x000000070c400000, 0x000000070c400000, 0x000000070c600000|  0%| F|  |TAMS 0x000000070c400000| PB 0x000000070c400000| Untracked 
|  72|0x000000070c600000, 0x000000070c600000, 0x000000070c800000|  0%| F|  |TAMS 0x000000070c600000| PB 0x000000070c600000| Untracked 
|  73|0x000000070c800000, 0x000000070c800000, 0x000000070ca00000|  0%| F|  |TAMS 0x000000070c800000| PB 0x000000070c800000| Untracked 
|  74|0x000000070ca00000, 0x000000070ca00000, 0x000000070cc00000|  0%| F|  |TAMS 0x000000070ca00000| PB 0x000000070ca00000| Untracked 
|  75|0x000000070cc00000, 0x000000070cc00000, 0x000000070ce00000|  0%| F|  |TAMS 0x000000070cc00000| PB 0x000000070cc00000| Untracked 
|  76|0x000000070ce00000, 0x000000070ce00000, 0x000000070d000000|  0%| F|  |TAMS 0x000000070ce00000| PB 0x000000070ce00000| Untracked 
|  77|0x000000070d000000, 0x000000070d000000, 0x000000070d200000|  0%| F|  |TAMS 0x000000070d000000| PB 0x000000070d000000| Untracked 
|  78|0x000000070d200000, 0x000000070d200000, 0x000000070d400000|  0%| F|  |TAMS 0x000000070d200000| PB 0x000000070d200000| Untracked 
|  79|0x000000070d400000, 0x000000070d400000, 0x000000070d600000|  0%| F|  |TAMS 0x000000070d400000| PB 0x000000070d400000| Untracked 
|  80|0x000000070d600000, 0x000000070d600000, 0x000000070d800000|  0%| F|  |TAMS 0x000000070d600000| PB 0x000000070d600000| Untracked 
|  81|0x000000070d800000, 0x000000070d800000, 0x000000070da00000|  0%| F|  |TAMS 0x000000070d800000| PB 0x000000070d800000| Untracked 
|  82|0x000000070da00000, 0x000000070da00000, 0x000000070dc00000|  0%| F|  |TAMS 0x000000070da00000| PB 0x000000070da00000| Untracked 
|  83|0x000000070dc00000, 0x000000070dc00000, 0x000000070de00000|  0%| F|  |TAMS 0x000000070dc00000| PB 0x000000070dc00000| Untracked 
|  84|0x000000070de00000, 0x000000070de00000, 0x000000070e000000|  0%| F|  |TAMS 0x000000070de00000| PB 0x000000070de00000| Untracked 
|  85|0x000000070e000000, 0x000000070e000000, 0x000000070e200000|  0%| F|  |TAMS 0x000000070e000000| PB 0x000000070e000000| Untracked 
|  86|0x000000070e200000, 0x000000070e200000, 0x000000070e400000|  0%| F|  |TAMS 0x000000070e200000| PB 0x000000070e200000| Untracked 
|  87|0x000000070e400000, 0x000000070e400000, 0x000000070e600000|  0%| F|  |TAMS 0x000000070e400000| PB 0x000000070e400000| Untracked 
|  88|0x000000070e600000, 0x000000070e600000, 0x000000070e800000|  0%| F|  |TAMS 0x000000070e600000| PB 0x000000070e600000| Untracked 
|  89|0x000000070e800000, 0x000000070e800000, 0x000000070ea00000|  0%| F|  |TAMS 0x000000070e800000| PB 0x000000070e800000| Untracked 
|  90|0x000000070ea00000, 0x000000070ea00000, 0x000000070ec00000|  0%| F|  |TAMS 0x000000070ea00000| PB 0x000000070ea00000| Untracked 
|  91|0x000000070ec00000, 0x000000070ec00000, 0x000000070ee00000|  0%| F|  |TAMS 0x000000070ec00000| PB 0x000000070ec00000| Untracked 
|  92|0x000000070ee00000, 0x000000070ee00000, 0x000000070f000000|  0%| F|  |TAMS 0x000000070ee00000| PB 0x000000070ee00000| Untracked 
|  93|0x000000070f000000, 0x000000070f000000, 0x000000070f200000|  0%| F|  |TAMS 0x000000070f000000| PB 0x000000070f000000| Untracked 
|  94|0x000000070f200000, 0x000000070f200000, 0x000000070f400000|  0%| F|  |TAMS 0x000000070f200000| PB 0x000000070f200000| Untracked 
|  95|0x000000070f400000, 0x000000070f400000, 0x000000070f600000|  0%| F|  |TAMS 0x000000070f400000| PB 0x000000070f400000| Untracked 
|  96|0x000000070f600000, 0x000000070f600000, 0x000000070f800000|  0%| F|  |TAMS 0x000000070f600000| PB 0x000000070f600000| Untracked 
|  97|0x000000070f800000, 0x000000070f800000, 0x000000070fa00000|  0%| F|  |TAMS 0x000000070f800000| PB 0x000000070f800000| Untracked 
|  98|0x000000070fa00000, 0x000000070fa00000, 0x000000070fc00000|  0%| F|  |TAMS 0x000000070fa00000| PB 0x000000070fa00000| Untracked 
|  99|0x000000070fc00000, 0x000000070fc00000, 0x000000070fe00000|  0%| F|  |TAMS 0x000000070fc00000| PB 0x000000070fc00000| Untracked 
| 100|0x000000070fe00000, 0x000000070fe00000, 0x0000000710000000|  0%| F|  |TAMS 0x000000070fe00000| PB 0x000000070fe00000| Untracked 
| 101|0x0000000710000000, 0x0000000710000000, 0x0000000710200000|  0%| F|  |TAMS 0x0000000710000000| PB 0x0000000710000000| Untracked 
| 102|0x0000000710200000, 0x0000000710200000, 0x0000000710400000|  0%| F|  |TAMS 0x0000000710200000| PB 0x0000000710200000| Untracked 
| 103|0x0000000710400000, 0x0000000710400000, 0x0000000710600000|  0%| F|  |TAMS 0x0000000710400000| PB 0x0000000710400000| Untracked 
| 104|0x0000000710600000, 0x0000000710600000, 0x0000000710800000|  0%| F|  |TAMS 0x0000000710600000| PB 0x0000000710600000| Untracked 
| 105|0x0000000710800000, 0x0000000710800000, 0x0000000710a00000|  0%| F|  |TAMS 0x0000000710800000| PB 0x0000000710800000| Untracked 
| 106|0x0000000710a00000, 0x0000000710a00000, 0x0000000710c00000|  0%| F|  |TAMS 0x0000000710a00000| PB 0x0000000710a00000| Untracked 
| 107|0x0000000710c00000, 0x0000000710c00000, 0x0000000710e00000|  0%| F|  |TAMS 0x0000000710c00000| PB 0x0000000710c00000| Untracked 
| 108|0x0000000710e00000, 0x0000000710e00000, 0x0000000711000000|  0%| F|  |TAMS 0x0000000710e00000| PB 0x0000000710e00000| Untracked 
| 109|0x0000000711000000, 0x0000000711000000, 0x0000000711200000|  0%| F|  |TAMS 0x0000000711000000| PB 0x0000000711000000| Untracked 
| 110|0x0000000711200000, 0x0000000711200000, 0x0000000711400000|  0%| F|  |TAMS 0x0000000711200000| PB 0x0000000711200000| Untracked 
| 111|0x0000000711400000, 0x0000000711537f58, 0x0000000711600000| 60%| E|  |TAMS 0x0000000711400000| PB 0x0000000711400000| Complete 
| 112|0x0000000711600000, 0x0000000711800000, 0x0000000711800000|100%| E|CS|TAMS 0x0000000711600000| PB 0x0000000711600000| Complete 
| 113|0x0000000711800000, 0x0000000711a00000, 0x0000000711a00000|100%| E|CS|TAMS 0x0000000711800000| PB 0x0000000711800000| Complete 
| 114|0x0000000711a00000, 0x0000000711af2d50, 0x0000000711c00000| 47%| S|CS|TAMS 0x0000000711a00000| PB 0x0000000711a00000| Complete 
| 115|0x0000000711c00000, 0x0000000711e00000, 0x0000000711e00000|100%| S|CS|TAMS 0x0000000711c00000| PB 0x0000000711c00000| Complete 
| 116|0x0000000711e00000, 0x0000000712000000, 0x0000000712000000|100%| E|CS|TAMS 0x0000000711e00000| PB 0x0000000711e00000| Complete 
| 117|0x0000000712000000, 0x0000000712200000, 0x0000000712200000|100%| E|CS|TAMS 0x0000000712000000| PB 0x0000000712000000| Complete 
| 118|0x0000000712200000, 0x0000000712400000, 0x0000000712400000|100%| E|CS|TAMS 0x0000000712200000| PB 0x0000000712200000| Complete 
| 119|0x0000000712400000, 0x0000000712600000, 0x0000000712600000|100%| E|CS|TAMS 0x0000000712400000| PB 0x0000000712400000| Complete 
| 120|0x0000000712600000, 0x0000000712800000, 0x0000000712800000|100%| E|CS|TAMS 0x0000000712600000| PB 0x0000000712600000| Complete 
| 121|0x0000000712800000, 0x0000000712a00000, 0x0000000712a00000|100%| E|CS|TAMS 0x0000000712800000| PB 0x0000000712800000| Complete 
| 122|0x0000000712a00000, 0x0000000712c00000, 0x0000000712c00000|100%| E|CS|TAMS 0x0000000712a00000| PB 0x0000000712a00000| Complete 
| 123|0x0000000712c00000, 0x0000000712e00000, 0x0000000712e00000|100%| E|CS|TAMS 0x0000000712c00000| PB 0x0000000712c00000| Complete 
| 124|0x0000000712e00000, 0x0000000713000000, 0x0000000713000000|100%| E|  |TAMS 0x0000000712e00000| PB 0x0000000712e00000| Complete 
| 125|0x0000000713000000, 0x0000000713200000, 0x0000000713200000|100%| E|CS|TAMS 0x0000000713000000| PB 0x0000000713000000| Complete 
| 126|0x0000000713200000, 0x0000000713400000, 0x0000000713400000|100%| E|CS|TAMS 0x0000000713200000| PB 0x0000000713200000| Complete 

Card table byte_map: [0x0000020ebe1e0000,0x0000020ebe9d0000] _byte_map_base: 0x0000020eba9c5000

Marking Bits: (CMBitMap*) 0x0000020ea64582e0
 Bits: [0x0000020ebf1c0000, 0x0000020ec30e8000)

Polling page: 0x0000020ea4540000

Metaspace:

Usage:
  Non-class:      8.53 MB used.
      Class:    495.08 KB used.
       Both:      9.02 MB used.

Virtual space:
  Non-class space:       64.00 MB reserved,       8.69 MB ( 14%) committed,  1 nodes.
      Class space:        1.00 GB reserved,     576.00 KB ( <1%) committed,  1 nodes.
             Both:        1.06 GB reserved,       9.25 MB ( <1%) committed. 

Chunk freelists:
   Non-Class:  2.05 MB
       Class:  3.47 MB
        Both:  5.52 MB

MaxMetaspaceSize: unlimited
CompressedClassSpaceSize: 1.00 GB
Initial GC threshold: 21.00 MB
Current GC threshold: 21.00 MB
CDS: on
MetaspaceReclaimPolicy: balanced
 - commit_granule_bytes: 65536.
 - commit_granule_words: 8192.
 - virtual_space_node_default_size: 8388608.
 - enlarge_chunks_in_place: 1.
 - new_chunks_are_fully_committed: 0.
 - uncommit_free_chunks: 1.
 - use_allocation_guard: 0.


Internal statistics:

num_allocs_failed_limit: 0.
num_arena_births: 114.
num_arena_deaths: 0.
num_vsnodes_births: 2.
num_vsnodes_deaths: 0.
num_space_committed: 146.
num_space_uncommitted: 0.
num_chunks_returned_to_freelist: 0.
num_chunks_taken_from_freelist: 357.
num_chunk_merges: 0.
num_chunk_splits: 266.
num_chunks_enlarged: 211.
num_inconsistent_stats: 0.

CodeHeap 'non-profiled nmethods': size=120000Kb used=851Kb max_used=851Kb free=119148Kb
 bounds [0x0000020eb5f70000, 0x0000020eb61e0000, 0x0000020ebd4a0000]
CodeHeap 'profiled nmethods': size=120000Kb used=2666Kb max_used=2666Kb free=117333Kb
 bounds [0x0000020eae4a0000, 0x0000020eae740000, 0x0000020eb59d0000]
CodeHeap 'non-nmethods': size=5760Kb used=2865Kb max_used=2909Kb free=2894Kb
 bounds [0x0000020eb59d0000, 0x0000020eb5cc0000, 0x0000020eb5f70000]
 total_blobs=3296 nmethods=1906 adapters=1301
 compilation: enabled
              stopped_count=0, restarted_count=0
 full_count=0

Compilation events (20 events):
Event: 18.253 Thread 0x0000020ec5d9d840 1896       4       org.lwjgl.opengl.GL11C::glDrawElements (8 bytes)
Event: 18.254 Thread 0x0000020ec5d9d840 nmethod 1896 0x0000020eb6040690 code [0x0000020eb6040800, 0x0000020eb6040888]
Event: 18.404 Thread 0x0000020f0b00ef30 1897       3       imgui.ImGuiIO::addKeyEvent (7 bytes)
Event: 18.405 Thread 0x0000020f0b00ef30 nmethod 1897 0x0000020eae737090 code [0x0000020eae737220, 0x0000020eae737358]
Event: 18.614 Thread 0x0000020f0b00ef30 1899       3       com.bedrye.Objects.Object3DAbstract::updateTransform (153 bytes)
Event: 18.615 Thread 0x0000020f0b00ef30 nmethod 1899 0x0000020eae737410 code [0x0000020eae737760, 0x0000020eae738880]
Event: 18.657 Thread 0x0000020f0b00ef30 1900       3       org.joml.Matrix4f::rotateX (63 bytes)
Event: 18.657 Thread 0x0000020f0b00ef30 nmethod 1900 0x0000020eae739010 code [0x0000020eae739200, 0x0000020eae739710]
Event: 18.658 Thread 0x0000020f0b00ef30 1901       3       org.joml.Math::cosFromSinInternal (55 bytes)
Event: 18.658 Thread 0x0000020f0b00ef30 nmethod 1901 0x0000020eae739990 code [0x0000020eae739b80, 0x0000020eae739e48]
Event: 18.658 Thread 0x0000020f0b00ef30 1902       3       org.joml.Matrix4f::rotationX (53 bytes)
Event: 18.658 Thread 0x0000020f0b00ef30 nmethod 1902 0x0000020eae739f10 code [0x0000020eae73a100, 0x0000020eae73a680]
Event: 18.705 Thread 0x0000020ec5d9d840 1903       4       org.joml.MemUtil$MemUtilNIO::identity (67 bytes)
Event: 18.708 Thread 0x0000020ec5d9d840 nmethod 1903 0x0000020eb6040d90 code [0x0000020eb6040f00, 0x0000020eb6040fe0]
Event: 20.863 Thread 0x0000020ec5d9d840 1904       4       org.joml.Matrix4f::rotateX (63 bytes)
Event: 20.867 Thread 0x0000020ec5d9d840 nmethod 1904 0x0000020eb6041190 code [0x0000020eb6041340, 0x0000020eb60415d0]
Event: 20.867 Thread 0x0000020ec5d9d840 1905       4       org.joml.Math::cosFromSinInternal (55 bytes)
Event: 20.867 Thread 0x0000020ec5d9d840 nmethod 1905 0x0000020eb6041890 code [0x0000020eb6041a40, 0x0000020eb6041b50]
Event: 21.167 Thread 0x0000020ec5d9d840 1906       4       com.bedrye.Objects.Object3DAbstract::updateTransform (153 bytes)
Event: 21.211 Thread 0x0000020ec5d9d840 nmethod 1906 0x0000020eb6041c10 code [0x0000020eb6042120, 0x0000020eb6043a30]

GC Heap History (2 events):
Event: 1.022 GC heap before
{Heap before GC invocations=0 (full 0):
 garbage-first heap   total 260096K, used 20480K [0x0000000703600000, 0x0000000800000000)
  region size 2048K, 11 young (22528K), 0 survivors (0K)
 Metaspace       used 8239K, committed 8448K, reserved 1114112K
  class space    used 455K, committed 576K, reserved 1048576K
}
Event: 1.028 GC heap after
{Heap after GC invocations=1 (full 0):
 garbage-first heap   total 260096K, used 3019K [0x0000000703600000, 0x0000000800000000)
  region size 2048K, 2 young (4096K), 2 survivors (4096K)
 Metaspace       used 8239K, committed 8448K, reserved 1114112K
  class space    used 455K, committed 576K, reserved 1048576K
}

Dll operation events (14 events):
Event: 0.010 Loaded shared library C:\Users\stas2\.jdks\openjdk-20.0.2-1\bin\java.dll
Event: 0.030 Loaded shared library C:\Users\stas2\.jdks\openjdk-20.0.2-1\bin\jsvml.dll
Event: 0.080 Loaded shared library C:\Users\stas2\.jdks\openjdk-20.0.2-1\bin\net.dll
Event: 0.083 Loaded shared library C:\Users\stas2\.jdks\openjdk-20.0.2-1\bin\nio.dll
Event: 0.091 Loaded shared library C:\Users\stas2\.jdks\openjdk-20.0.2-1\bin\zip.dll
Event: 0.232 Loaded shared library C:\Users\stas2\.jdks\openjdk-20.0.2-1\bin\zip.dll
Event: 0.235 Loaded shared library C:\Users\stas2\.jdks\openjdk-20.0.2-1\bin\instrument.dll
Event: 0.257 Loaded shared library C:\IntelliJ IDEA Community Edition 2021.3.2\IntelliJ IDEA Community Edition 2023.2.1\bin\breakgen64.dll
Event: 0.294 Loaded shared library C:\Users\stas2\.jdks\openjdk-20.0.2-1\bin\jimage.dll
Event: 0.322 Loaded shared library C:\Users\stas2\AppData\Local\Temp\lwjgl_stas2\3.3.4+7\x64\lwjgl.dll
Event: 0.611 Loaded shared library C:\Users\stas2\AppData\Local\Temp\lwjgl_stas2\3.3.4+7\x64\lwjgl_opengl.dll
Event: 0.745 Loaded shared library C:\Users\stas2\AppData\Local\Temp\imgui-java-natives\1.89.0\imgui-java64.dll
Event: 0.792 Loaded shared library C:\Users\stas2\.jdks\openjdk-20.0.2-1\bin\verify.dll
Event: 1.136 Loaded shared library C:\Users\stas2\AppData\Local\Temp\lwjgl_stas2\3.3.4+7\x64\lwjgl_stb.dll

Deoptimization events (20 events):
Event: 6.064 Thread 0x0000020ea63e5690 Uncommon trap: trap_request=0xffffff45 fr.pc=0x0000020eb60182ac relative=0x00000000000001ac
Event: 6.065 Thread 0x0000020ea63e5690 Uncommon trap: reason=unstable_if action=reinterpret pc=0x0000020eb60182ac method=org.joml.Matrix4f.scaleGeneric(FFFLorg/joml/Matrix4f;)Lorg/joml/Matrix4f; @ 18 c2
Event: 6.065 Thread 0x0000020ea63e5690 DEOPT PACKING pc=0x0000020eb60182ac sp=0x000000c83b7ff3e0
Event: 6.065 Thread 0x0000020ea63e5690 DEOPT UNPACKING pc=0x0000020eb59ed2a2 sp=0x000000c83b7ff288 mode 2
Event: 18.613 Thread 0x0000020ea63e5690 Uncommon trap: trap_request=0xffffff45 fr.pc=0x0000020eb6028b18 relative=0x00000000000012f8
Event: 18.613 Thread 0x0000020ea63e5690 Uncommon trap: reason=unstable_if action=reinterpret pc=0x0000020eb6028b18 method=org.joml.Math.cosFromSinInternal(FF)F @ 47 c2
Event: 18.613 Thread 0x0000020ea63e5690 DEOPT PACKING pc=0x0000020eb6028b18 sp=0x000000c83b7ff370
Event: 18.613 Thread 0x0000020ea63e5690 DEOPT UNPACKING pc=0x0000020eb59ed2a2 sp=0x000000c83b7ff128 mode 2
Event: 18.613 Thread 0x0000020ea63e5690 Uncommon trap: trap_request=0xffffff45 fr.pc=0x0000020eb602345c relative=0x000000000000029c
Event: 18.613 Thread 0x0000020ea63e5690 Uncommon trap: reason=unstable_if action=reinterpret pc=0x0000020eb602345c method=org.joml.Math.cosFromSinInternal(FF)F @ 47 c2
Event: 18.613 Thread 0x0000020ea63e5690 DEOPT PACKING pc=0x0000020eb602345c sp=0x000000c83b7ff2f0
Event: 18.613 Thread 0x0000020ea63e5690 DEOPT UNPACKING pc=0x0000020eb59ed2a2 sp=0x000000c83b7ff130 mode 2
Event: 18.614 Thread 0x0000020ea63e5690 Uncommon trap: trap_request=0xffffff45 fr.pc=0x0000020eb600f31c relative=0x00000000000001dc
Event: 18.614 Thread 0x0000020ea63e5690 Uncommon trap: reason=unstable_if action=reinterpret pc=0x0000020eb600f31c method=org.joml.Math.cosFromSinInternal(FF)F @ 47 c2
Event: 18.614 Thread 0x0000020ea63e5690 DEOPT PACKING pc=0x0000020eb600f31c sp=0x000000c83b7ff250
Event: 18.614 Thread 0x0000020ea63e5690 DEOPT UNPACKING pc=0x0000020eb59ed2a2 sp=0x000000c83b7ff128 mode 2
Event: 18.614 Thread 0x0000020ea63e5690 Uncommon trap: trap_request=0xffffff45 fr.pc=0x0000020eb6000438 relative=0x00000000000000f8
Event: 18.614 Thread 0x0000020ea63e5690 Uncommon trap: reason=unstable_if action=reinterpret pc=0x0000020eb6000438 method=org.joml.Math.cosFromSinInternal(FF)F @ 47 c2
Event: 18.614 Thread 0x0000020ea63e5690 DEOPT PACKING pc=0x0000020eb6000438 sp=0x000000c83b7ff1c0
Event: 18.614 Thread 0x0000020ea63e5690 DEOPT UNPACKING pc=0x0000020eb59ed2a2 sp=0x000000c83b7ff138 mode 2

Classes loaded (20 events):
Event: 1.021 Loading class java/time/zone/TzdbZoneRulesProvider
Event: 1.021 Loading class java/time/zone/TzdbZoneRulesProvider done
Event: 1.031 Loading class java/time/zone/Ser
Event: 1.032 Loading class java/time/zone/Ser done
Event: 1.033 Loading class java/time/Month
Event: 1.033 Loading class java/time/Month done
Event: 1.033 Loading class java/time/DayOfWeek
Event: 1.033 Loading class java/time/DayOfWeek done
Event: 1.033 Loading class java/time/zone/ZoneOffsetTransitionRule$TimeDefinition
Event: 1.033 Loading class java/time/zone/ZoneOffsetTransitionRule$TimeDefinition done
Event: 1.034 Loading class java/time/zone/ZoneOffsetTransition
Event: 1.034 Loading class java/time/zone/ZoneOffsetTransition done
Event: 1.035 Loading class sun/util/cldr/CLDRBaseLocaleDataMetaInfo$TZCanonicalIDMapHolder
Event: 1.036 Loading class sun/util/cldr/CLDRBaseLocaleDataMetaInfo$TZCanonicalIDMapHolder done
Event: 1.038 Loading class sun/util/resources/TimeZoneNames
Event: 1.038 Loading class sun/util/resources/TimeZoneNames done
Event: 1.039 Loading class sun/util/resources/TimeZoneNames_en
Event: 1.039 Loading class sun/util/resources/TimeZoneNames_en done
Event: 21.646 Loading class jdk/internal/misc/Signal$1
Event: 21.646 Loading class jdk/internal/misc/Signal$1 done

Classes unloaded (0 events):
No events

Classes redefined (0 events):
No events

Internal exceptions (20 events):
Event: 0.755 Thread 0x0000020ea63e5690 Exception <a 'java/lang/NoSuchMethodError'{0x00000007122304b8}: 'void java.lang.invoke.DirectMethodHandle$Holder.invokeVirtual(java.lang.Object, java.lang.Object, long, int)'> (0x00000007122304b8) 
thrown [s\open\src\hotspot\share\interpreter\linkResolver.cpp, line 773]
Event: 0.756 Thread 0x0000020ea63e5690 Exception <a 'java/lang/NoSuchMethodError'{0x000000071223b278}: 'void java.lang.invoke.DirectMethodHandle$Holder.invokeVirtual(java.lang.Object, java.lang.Object, long, double, double)'> (0x000000071223b278) 
thrown [s\open\src\hotspot\share\interpreter\linkResolver.cpp, line 773]
Event: 0.757 Thread 0x0000020ea63e5690 Exception <a 'java/lang/NoSuchMethodError'{0x0000000712240a48}: 'void java.lang.invoke.DirectMethodHandle$Holder.invokeVirtual(java.lang.Object, java.lang.Object, long, int, int, int)'> (0x0000000712240a48) 
thrown [s\open\src\hotspot\share\interpreter\linkResolver.cpp, line 773]
Event: 0.758 Thread 0x0000020ea63e5690 Exception <a 'java/lang/NoSuchMethodError'{0x00000007122487a0}: 'void java.lang.invoke.DirectMethodHandle$Holder.invokeVirtual(java.lang.Object, java.lang.Object, long, int, int, int, int)'> (0x00000007122487a0) 
thrown [s\open\src\hotspot\share\interpreter\linkResolver.cpp, line 773]
Event: 0.951 Thread 0x0000020ea63e5690 Exception <a 'sun/nio/fs/WindowsException'{0x0000000711f4f670}> (0x0000000711f4f670) 
thrown [s\open\src\hotspot\share\prims\jni.cpp, line 519]
Event: 0.959 Thread 0x0000020ea63e5690 Exception <a 'sun/nio/fs/WindowsException'{0x0000000711f5bed8}> (0x0000000711f5bed8) 
thrown [s\open\src\hotspot\share\prims\jni.cpp, line 519]
Event: 0.959 Thread 0x0000020ea63e5690 Exception <a 'sun/nio/fs/WindowsException'{0x0000000711f5c250}> (0x0000000711f5c250) 
thrown [s\open\src\hotspot\share\prims\jni.cpp, line 519]
Event: 0.960 Thread 0x0000020ea63e5690 Exception <a 'sun/nio/fs/WindowsException'{0x0000000711f5dc70}> (0x0000000711f5dc70) 
thrown [s\open\src\hotspot\share\prims\jni.cpp, line 519]
Event: 0.964 Thread 0x0000020ea63e5690 Exception <a 'sun/nio/fs/WindowsException'{0x0000000711f62e18}> (0x0000000711f62e18) 
thrown [s\open\src\hotspot\share\prims\jni.cpp, line 519]
Event: 1.007 Thread 0x0000020ea63e5690 Exception <a 'sun/nio/fs/WindowsException'{0x0000000711f6bdf8}> (0x0000000711f6bdf8) 
thrown [s\open\src\hotspot\share\prims\jni.cpp, line 519]
Event: 1.007 Thread 0x0000020ea63e5690 Exception <a 'sun/nio/fs/WindowsException'{0x0000000711f6c178}> (0x0000000711f6c178) 
thrown [s\open\src\hotspot\share\prims\jni.cpp, line 519]
Event: 1.009 Thread 0x0000020ea63e5690 Exception <a 'sun/nio/fs/WindowsException'{0x0000000711fdeaa8}> (0x0000000711fdeaa8) 
thrown [s\open\src\hotspot\share\prims\jni.cpp, line 519]
Event: 1.031 Thread 0x0000020ec5d7a440 Exception <a 'sun/nio/fs/WindowsException'{0x00000007132c4ab8}> (0x00000007132c4ab8) 
thrown [s\open\src\hotspot\share\prims\jni.cpp, line 519]
Event: 1.041 Thread 0x0000020ec5d7a440 Exception <a 'java/lang/NoSuchMethodError'{0x0000000713326170}: 'java.lang.Object java.lang.invoke.Invokers$Holder.invokeExact_MT(java.lang.Object, java.lang.Object, java.lang.Object, java.lang.Object, java.lang.Object, java.lang.Object)'> (0x0000000713326170) 
thrown [s\open\src\hotspot\share\interpreter\linkResolver.cpp, line 773]
Event: 1.129 Thread 0x0000020ea63e5690 Exception <a 'java/lang/NoSuchMethodError'{0x0000000712bc7868}: 'void java.lang.System.load(java.lang.String, java.lang.Class)'> (0x0000000712bc7868) 
thrown [s\open\src\hotspot\share\interpreter\linkResolver.cpp, line 773]
Event: 1.130 Thread 0x0000020ea63e5690 Exception <a 'java/lang/NoSuchMethodError'{0x0000000712bca6b0}: 'void java.lang.System.loadLibrary(java.lang.String, java.lang.Class)'> (0x0000000712bca6b0) 
thrown [s\open\src\hotspot\share\interpreter\linkResolver.cpp, line 773]
Event: 1.130 Thread 0x0000020ea63e5690 Exception <a 'sun/nio/fs/WindowsException'{0x0000000712bcdc20}> (0x0000000712bcdc20) 
thrown [s\open\src\hotspot\share\prims\jni.cpp, line 519]
Event: 1.135 Thread 0x0000020ea63e5690 Exception <a 'sun/nio/fs/WindowsException'{0x0000000712bdacc0}> (0x0000000712bdacc0) 
thrown [s\open\src\hotspot\share\prims\jni.cpp, line 519]
Event: 1.135 Thread 0x0000020ea63e5690 Exception <a 'sun/nio/fs/WindowsException'{0x0000000712bdb040}> (0x0000000712bdb040) 
thrown [s\open\src\hotspot\share\prims\jni.cpp, line 519]
Event: 1.137 Thread 0x0000020ea63e5690 Exception <a 'sun/nio/fs/WindowsException'{0x0000000712bdd3e8}> (0x0000000712bdd3e8) 
thrown [s\open\src\hotspot\share\prims\jni.cpp, line 519]

VM Operations (20 events):
Event: 1.127 Executing VM operation: HandshakeAllThreads done
Event: 2.135 Executing VM operation: Cleanup
Event: 2.135 Executing VM operation: Cleanup done
Event: 3.147 Executing VM operation: Cleanup
Event: 3.148 Executing VM operation: Cleanup done
Event: 6.169 Executing VM operation: Cleanup
Event: 6.169 Executing VM operation: Cleanup done
Event: 9.197 Executing VM operation: Cleanup
Event: 9.197 Executing VM operation: Cleanup done
Event: 10.208 Executing VM operation: Cleanup
Event: 10.208 Executing VM operation: Cleanup done
Event: 11.214 Executing VM operation: Cleanup
Event: 11.214 Executing VM operation: Cleanup done
Event: 14.238 Executing VM operation: Cleanup
Event: 14.238 Executing VM operation: Cleanup done
Event: 16.262 Executing VM operation: Cleanup
Event: 16.262 Executing VM operation: Cleanup done
Event: 18.284 Executing VM operation: Cleanup
Event: 18.284 Executing VM operation: Cleanup done
Event: 21.647 Executing VM operation: Exit

Events (20 events):
Event: 0.043 Thread 0x0000020ec5d71f00 Thread added: 0x0000020ec5d71f00
Event: 0.043 Thread 0x0000020ec5d75880 Thread added: 0x0000020ec5d75880
Event: 0.043 Thread 0x0000020ec5d7a440 Thread added: 0x0000020ec5d7a440
Event: 0.043 Thread 0x0000020ec5d79230 Thread added: 0x0000020ec5d79230
Event: 0.043 Thread 0x0000020f0b008490 Thread added: 0x0000020f0b008490
Event: 0.043 Thread 0x0000020ec5d9d840 Thread added: 0x0000020ec5d9d840
Event: 0.043 Thread 0x0000020f0b00ef30 Thread added: 0x0000020f0b00ef30
Event: 0.073 Thread 0x0000020f0b0f0640 Thread added: 0x0000020f0b0f0640
Event: 0.126 Thread 0x0000020f0b1b1730 Thread added: 0x0000020f0b1b1730
Event: 0.136 Thread 0x0000020f0b1b28d0 Thread added: 0x0000020f0b1b28d0
Event: 0.258 Thread 0x0000020f0b823eb0 Thread added: 0x0000020f0b823eb0
Event: 0.258 Thread 0x0000020f0b824400 Thread added: 0x0000020f0b824400
Event: 0.509 Thread 0x0000020f0b1b28d0 Thread exited: 0x0000020f0b1b28d0
Event: 0.510 Thread 0x0000020f0b1b1730 Thread exited: 0x0000020f0b1b1730
Event: 1.010 Thread 0x0000020f11b94830 Thread added: 0x0000020f11b94830
Event: 1.089 Thread 0x0000020f121b65c0 Thread added: 0x0000020f121b65c0
Event: 1.255 Thread 0x0000020f121b65c0 Thread exited: 0x0000020f121b65c0
Event: 1.779 Thread 0x0000020f11b94830 Thread exited: 0x0000020f11b94830
Event: 21.647 Thread 0x0000020f0b3fc4d0 Thread added: 0x0000020f0b3fc4d0
Event: 21.647 Thread 0x0000020ec5d75880 Thread exited: 0x0000020ec5d75880


Dynamic libraries:
0x00007ff7e6540000 - 0x00007ff7e654e000 	C:\Users\stas2\.jdks\openjdk-20.0.2-1\bin\java.exe
0x00007ffb8d1c0000 - 0x00007ffb8d428000 	C:\WINDOWS\SYSTEM32\ntdll.dll
0x00007ffb8c6f0000 - 0x00007ffb8c7b9000 	C:\WINDOWS\System32\KERNEL32.DLL
0x00007ffb8a690000 - 0x00007ffb8aa7d000 	C:\WINDOWS\System32\KERNELBASE.dll
0x00007ffb8a540000 - 0x00007ffb8a68b000 	C:\WINDOWS\System32\ucrtbase.dll
0x00007ffb81f50000 - 0x00007ffb81f6b000 	C:\Users\stas2\.jdks\openjdk-20.0.2-1\bin\VCRUNTIME140.dll
0x00007ffb820d0000 - 0x00007ffb820e7000 	C:\Users\stas2\.jdks\openjdk-20.0.2-1\bin\jli.dll
0x00007ffb8b9a0000 - 0x00007ffb8bb6c000 	C:\WINDOWS\System32\USER32.dll
0x00007ffb89490000 - 0x00007ffb8972a000 	C:\WINDOWS\WinSxS\amd64_microsoft.windows.common-controls_6595b64144ccf1df_6.0.26100.4484_none_3e0e6d4ce32ef3b3\COMCTL32.dll
0x00007ffb8aa80000 - 0x00007ffb8aaa7000 	C:\WINDOWS\System32\win32u.dll
0x00007ffb8d040000 - 0x00007ffb8d0e9000 	C:\WINDOWS\System32\msvcrt.dll
0x00007ffb8c980000 - 0x00007ffb8c9ab000 	C:\WINDOWS\System32\GDI32.dll
0x00007ffb8ab50000 - 0x00007ffb8ac87000 	C:\WINDOWS\System32\gdi32full.dll
0x00007ffb8a310000 - 0x00007ffb8a3b3000 	C:\WINDOWS\System32\msvcp_win.dll
0x00007ffb8b470000 - 0x00007ffb8b49f000 	C:\WINDOWS\System32\IMM32.DLL
0x00007ffb820c0000 - 0x00007ffb820cc000 	C:\Users\stas2\.jdks\openjdk-20.0.2-1\bin\vcruntime140_1.dll
0x00007ffb41cc0000 - 0x00007ffb41d4e000 	C:\Users\stas2\.jdks\openjdk-20.0.2-1\bin\msvcp140.dll
0x00007ffaf7a30000 - 0x00007ffaf86c8000 	C:\Users\stas2\.jdks\openjdk-20.0.2-1\bin\server\jvm.dll
0x00007ffb8ce10000 - 0x00007ffb8cec4000 	C:\WINDOWS\System32\ADVAPI32.dll
0x00007ffb8bc70000 - 0x00007ffb8bd16000 	C:\WINDOWS\System32\sechost.dll
0x00007ffb8b640000 - 0x00007ffb8b758000 	C:\WINDOWS\System32\RPCRT4.dll
0x00007ffb6a2d0000 - 0x00007ffb6a2da000 	C:\WINDOWS\SYSTEM32\WSOCK32.dll
0x00007ffb76af0000 - 0x00007ffb76b25000 	C:\WINDOWS\SYSTEM32\WINMM.dll
0x00007ffb8b5c0000 - 0x00007ffb8b634000 	C:\WINDOWS\System32\WS2_32.dll
0x00007ffb7f290000 - 0x00007ffb7f29b000 	C:\WINDOWS\SYSTEM32\VERSION.dll
0x00007ffb88a00000 - 0x00007ffb88a1b000 	C:\WINDOWS\SYSTEM32\kernel.appcore.dll
0x00007ffb81f20000 - 0x00007ffb81f2a000 	C:\Users\stas2\.jdks\openjdk-20.0.2-1\bin\jimage.dll
0x00007ffb89be0000 - 0x00007ffb89e21000 	C:\WINDOWS\SYSTEM32\DBGHELP.DLL
0x00007ffb8ca60000 - 0x00007ffb8cde6000 	C:\WINDOWS\System32\combase.dll
0x00007ffb8b760000 - 0x00007ffb8b840000 	C:\WINDOWS\System32\OLEAUT32.dll
0x00007ffb89a50000 - 0x00007ffb89a93000 	C:\WINDOWS\SYSTEM32\dbgcore.DLL
0x00007ffb8aab0000 - 0x00007ffb8ab49000 	C:\WINDOWS\System32\bcryptPrimitives.dll
0x00007ffb81f10000 - 0x00007ffb81f1e000 	C:\Users\stas2\.jdks\openjdk-20.0.2-1\bin\instrument.dll
0x00007ffb74730000 - 0x00007ffb74756000 	C:\Users\stas2\.jdks\openjdk-20.0.2-1\bin\java.dll
0x00007ffb41870000 - 0x00007ffb41947000 	C:\Users\stas2\.jdks\openjdk-20.0.2-1\bin\jsvml.dll
0x00007ffb8bf00000 - 0x00007ffb8c64a000 	C:\WINDOWS\System32\SHELL32.dll
0x00007ffb8ad50000 - 0x00007ffb8aec4000 	C:\WINDOWS\System32\wintypes.dll
0x00007ffb87830000 - 0x00007ffb8808b000 	C:\WINDOWS\SYSTEM32\windows.storage.dll
0x00007ffb8b4b0000 - 0x00007ffb8b5a5000 	C:\WINDOWS\System32\SHCORE.dll
0x00007ffb8bb70000 - 0x00007ffb8bbda000 	C:\WINDOWS\System32\shlwapi.dll
0x00007ffb8a220000 - 0x00007ffb8a24f000 	C:\WINDOWS\SYSTEM32\profapi.dll
0x00007ffb81de0000 - 0x00007ffb81df3000 	C:\Users\stas2\.jdks\openjdk-20.0.2-1\bin\net.dll
0x00007ffb7fd50000 - 0x00007ffb7fe6e000 	C:\WINDOWS\SYSTEM32\WINHTTP.dll
0x00007ffb88f20000 - 0x00007ffb88f8a000 	C:\WINDOWS\system32\mswsock.dll
0x00007ffb807d0000 - 0x00007ffb807e6000 	C:\Users\stas2\.jdks\openjdk-20.0.2-1\bin\nio.dll
0x00007ffb791b0000 - 0x00007ffb791c8000 	C:\Users\stas2\.jdks\openjdk-20.0.2-1\bin\zip.dll
0x00007ffb75f00000 - 0x00007ffb75f1a000 	C:\IntelliJ IDEA Community Edition 2021.3.2\IntelliJ IDEA Community Edition 2023.2.1\bin\breakgen64.dll
0x00007ffb4aa30000 - 0x00007ffb4aaab000 	C:\Users\stas2\AppData\Local\Temp\lwjgl_stas2\3.3.4+7\x64\lwjgl.dll
0x00007ffb39cb0000 - 0x00007ffb39d35000 	C:\Users\stas2\AppData\Local\Temp\lwjgl_stas2\3.3.4+7\x64\glfw.dll
0x00007ffb73eb0000 - 0x00007ffb73efb000 	C:\WINDOWS\SYSTEM32\dinput8.dll
0x00007ffb74610000 - 0x00007ffb74622000 	C:\WINDOWS\SYSTEM32\xinput1_4.dll
0x00007ffb89fd0000 - 0x00007ffb89ffd000 	C:\WINDOWS\SYSTEM32\DEVOBJ.dll
0x00007ffb89f70000 - 0x00007ffb89fc7000 	C:\WINDOWS\SYSTEM32\cfgmgr32.dll
0x00007ffb86c40000 - 0x00007ffb86c76000 	C:\WINDOWS\SYSTEM32\dwmapi.dll
0x00007ffb6b0e0000 - 0x00007ffb6b2c3000 	C:\WINDOWS\SYSTEM32\inputhost.dll
0x00007ffb83820000 - 0x00007ffb83945000 	C:\WINDOWS\SYSTEM32\CoreMessaging.dll
0x00007ffb84290000 - 0x00007ffb8433f000 	C:\WINDOWS\system32\uxtheme.dll
0x00007ffb8ced0000 - 0x00007ffb8d030000 	C:\WINDOWS\System32\MSCTF.dll
0x00007ffb893d0000 - 0x00007ffb893dc000 	C:\WINDOWS\SYSTEM32\CRYPTBASE.DLL
0x00007ffb6ecc0000 - 0x00007ffb6edd8000 	C:\WINDOWS\SYSTEM32\opengl32.dll
0x00007ffb70430000 - 0x00007ffb7045d000 	C:\WINDOWS\SYSTEM32\GLU32.dll
0x00007ffb86e70000 - 0x00007ffb86ebd000 	C:\WINDOWS\SYSTEM32\dxcore.dll
0x00007ffb86b90000 - 0x00007ffb86bf4000 	C:\WINDOWS\SYSTEM32\directxdatabasehelper.dll
0x00007ffb74a20000 - 0x00007ffb74a3a000 	C:\WINDOWS\SYSTEM32\windows.staterepositorycore.dll
0x00007ffb11790000 - 0x00007ffb12783000 	C:\WINDOWS\System32\DriverStore\FileRepository\iigd_dch.inf_amd64_5802b1615520e41c\igxelpicd64.dll
0x00007ffb8c7d0000 - 0x00007ffb8c96e000 	C:\WINDOWS\System32\ole32.dll
0x00007ffb843e0000 - 0x00007ffb84518000 	C:\WINDOWS\system32\dxgi.dll
0x00007ffb114a0000 - 0x00007ffb11787000 	C:\WINDOWS\System32\DriverStore\FileRepository\iigd_dch.inf_amd64_5802b1615520e41c\igdml64.dll
0x00007ffb7cd40000 - 0x00007ffb7d107000 	C:\WINDOWS\System32\DriverStore\FileRepository\iigd_dch.inf_amd64_5802b1615520e41c\igdgmm64.dll
0x00007ffb791d0000 - 0x00007ffb7c7e1000 	C:\WINDOWS\System32\DriverStore\FileRepository\iigd_dch.inf_amd64_5802b1615520e41c\igc64.dll
0x00007ffb89b70000 - 0x00007ffb89bce000 	C:\WINDOWS\SYSTEM32\powrprof.dll
0x00007ffb89830000 - 0x00007ffb89844000 	C:\WINDOWS\SYSTEM32\UMPDC.dll
0x00007ffb75740000 - 0x00007ffb75890000 	C:\WINDOWS\SYSTEM32\textinputframework.dll
0x00007ffb7f5d0000 - 0x00007ffb7f8b3000 	C:\WINDOWS\SYSTEM32\CoreUIComponents.dll
0x00007ffb3a050000 - 0x00007ffb3a0b1000 	C:\Users\stas2\AppData\Local\Temp\lwjgl_stas2\3.3.4+7\x64\lwjgl_opengl.dll
0x00007ffaf9730000 - 0x00007ffaf9f24000 	C:\Users\stas2\AppData\Local\Temp\imgui-java-natives\1.89.0\imgui-java64.dll
0x00007ffb80830000 - 0x00007ffb80840000 	C:\Users\stas2\.jdks\openjdk-20.0.2-1\bin\verify.dll
0x00007ffb31320000 - 0x00007ffb31448000 	C:\Users\stas2\AppData\Local\Temp\lwjgl_stas2\3.3.4+7\x64\draco.dll
0x00007ffafb8b0000 - 0x00007ffafbf6b000 	C:\Users\stas2\AppData\Local\Temp\lwjgl_stas2\3.3.4+7\x64\assimp.dll
0x00007ffb39c10000 - 0x00007ffb39cb0000 	C:\Users\stas2\AppData\Local\Temp\lwjgl_stas2\3.3.4+7\x64\lwjgl_stb.dll

dbghelp: loaded successfully - version: 4.0.5 - missing functions: none
symbol engine: initialized successfully - sym options: 0x614 - pdb path: .;C:\Users\stas2\.jdks\openjdk-20.0.2-1\bin;C:\WINDOWS\SYSTEM32;C:\WINDOWS\WinSxS\amd64_microsoft.windows.common-controls_6595b64144ccf1df_6.0.26100.4484_none_3e0e6d4ce32ef3b3;C:\Users\stas2\.jdks\openjdk-20.0.2-1\bin\server;C:\IntelliJ IDEA Community Edition 2021.3.2\IntelliJ IDEA Community Edition 2023.2.1\bin;C:\Users\stas2\AppData\Local\Temp\lwjgl_stas2\3.3.4+7\x64;C:\WINDOWS\System32\DriverStore\FileRepository\iigd_dch.inf_amd64_5802b1615520e41c;C:\Users\stas2\AppData\Local\Temp\imgui-java-natives\1.89.0

VM Arguments:
jvm_args: -javaagent:C:\IntelliJ IDEA Community Edition 2021.3.2\IntelliJ IDEA Community Edition 2023.2.1\lib\idea_rt.jar=57916:C:\IntelliJ IDEA Community Edition 2021.3.2\IntelliJ IDEA Community Edition 2023.2.1\bin -Dfile.encoding=windows-1252 -Dsun.stdout.encoding=windows-1252 -Dsun.stderr.encoding=windows-1252 --module-path=C:\Users\stas2\.m2\repository\org\lwjgl\lwjgl-vulkan\3.3.4\lwjgl-vulkan-3.3.4.jar;C:\Users\stas2\.m2\repository\org\lwjgl\lwjgl-opengl\3.3.4\lwjgl-opengl-3.3.4.jar;C:\Users\stas2\.m2\repository\io\github\spair\imgui-java-binding\1.89.0\imgui-java-binding-1.89.0.jar;C:\Users\stas2\.m2\repository\org\lwjgl\lwjgl-assimp\3.3.4\lwjgl-assimp-3.3.4.jar;O:\GIt\MultiplayerShooter\target\classes;C:\Users\stas2\.m2\repository\org\lwjgl\lwjgl-stb\3.3.4\lwjgl-stb-3.3.4.jar;C:\Users\stas2\.m2\repository\org\joml\joml\1.10.7\joml-1.10.7.jar;C:\Users\stas2\.m2\repository\org\lwjgl\lwjgl-glfw\3.3.4\lwjgl-glfw-3.3.4.jar;C:\Users\stas2\.m2\repository\io\github\spair\imgui-java-lwjgl3\1.89.0\imgui-java-lwjgl3-1.89.0.jar;C:\Users\stas2\.m2\repository\org\lwjgl\lwjgl\3.3.4\lwjgl-3.3.4.jar;C:\Users\stas2\.m2\repository\org\joml\joml-primitives\1.10.0\joml-primitives-1.10.0.jar -Djdk.module.main=com.bedrye.multiplayershooter 
java_command: com.bedrye.multiplayershooter/com.bedrye.bjge.GameEngine.TestMain
java_class_path (initial): C:\Users\stas2\.m2\repository\io\github\spair\imgui-java-natives-windows\1.89.0\imgui-java-natives-windows-1.89.0.jar;C:\Users\stas2\.m2\repository\org\lwjgl\lwjgl-bgfx\3.3.4\lwjgl-bgfx-3.3.4.jar;C:\Users\stas2\.m2\repository\org\lwjgl\lwjgl-nanovg\3.3.4\lwjgl-nanovg-3.3.4.jar;C:\Users\stas2\.m2\repository\org\lwjgl\lwjgl-nuklear\3.3.4\lwjgl-nuklear-3.3.4.jar;C:\Users\stas2\.m2\repository\org\lwjgl\lwjgl-openal\3.3.4\lwjgl-openal-3.3.4.jar;C:\Users\stas2\.m2\repository\org\lwjgl\lwjgl-par\3.3.4\lwjgl-par-3.3.4.jar;C:\Users\stas2\.m2\repository\org\lwjgl\lwjgl\3.3.4\lwjgl-3.3.4-natives-windows.jar;C:\Users\stas2\.m2\repository\org\lwjgl\lwjgl-assimp\3.3.4\lwjgl-assimp-3.3.4-natives-windows.jar;C:\Users\stas2\.m2\repository\org\lwjgl\lwjgl-bgfx\3.3.4\lwjgl-bgfx-3.3.4-natives-windows.jar;C:\Users\stas2\.m2\repository\org\lwjgl\lwjgl-glfw\3.3.4\lwjgl-glfw-3.3.4-natives-windows.jar;C:\Users\stas2\.m2\repository\org\lwjgl\lwjgl-nanovg\3.3.4\lwjgl-nanovg-3.3.4-natives-windows.jar;C:\Users\stas2\.m2\repository\org\lwjgl\lwjgl-nuklear\3.3.4\lwjgl-nuklear-3.3.4-natives-windows.jar;C:\Users\stas2\.m2\repository\org\lwjgl\lwjgl-openal\3.3.4\lwjgl-openal-3.3.4-natives-windows.jar;C:\Users\stas2\.m2\repository\org\lwjgl\lwjgl-opengl\3.3.4\lwjgl-opengl-3.3.4-natives-windows.jar;C:\Users\stas2\.m2\repository\org\lwjgl\lwjgl-par\3.3.4\lwjgl-par-3.3.4-natives-windows.jar;C:\Users\stas2\.m2\repository\org\lwjgl\lwjgl-stb\3.3.4\lwjgl-stb-3.3.4-natives-windows.jar
Launcher Type: SUN_STANDARD

[Global flags]
     intx CICompilerCount                          = 4                                         {product} {ergonomic}
     uint ConcGCThreads                            = 3                                         {product} {ergonomic}
     uint G1ConcRefinementThreads                  = 10                                        {product} {ergonomic}
   size_t G1HeapRegionSize                         = 2097152                                   {product} {ergonomic}
    uintx GCDrainStackTargetSize                   = 64                                        {product} {ergonomic}
   size_t InitialHeapSize                          = 266338304                                 {product} {ergonomic}
   size_t MarkStackSize                            = 4194304                                   {product} {ergonomic}
   size_t MaxHeapSize                              = 4238344192                                {product} {ergonomic}
   size_t MaxNewSize                               = 2541748224                                {product} {ergonomic}
   size_t MinHeapDeltaBytes                        = 2097152                                   {product} {ergonomic}
   size_t MinHeapSize                              = 8388608                                   {product} {ergonomic}
    uintx NonNMethodCodeHeapSize                   = 5839372                                {pd product} {ergonomic}
    uintx NonProfiledCodeHeapSize                  = 122909434                              {pd product} {ergonomic}
    uintx ProfiledCodeHeapSize                     = 122909434                              {pd product} {ergonomic}
    uintx ReservedCodeCacheSize                    = 251658240                              {pd product} {ergonomic}
     bool SegmentedCodeCache                       = true                                      {product} {ergonomic}
   size_t SoftMaxHeapSize                          = 4238344192                             {manageable} {ergonomic}
     bool UseCompressedClassPointers               = true                           {product lp64_product} {ergonomic}
     bool UseCompressedOops                        = true                           {product lp64_product} {ergonomic}
     bool UseG1GC                                  = true                                      {product} {ergonomic}
     bool UseLargePagesIndividualAllocation        = false                                  {pd product} {ergonomic}

Logging:
Log output configuration:
 #0: stdout all=off uptime,level,tags foldmultilines=false
 #1: stderr all=off uptime,level,tags foldmultilines=false

Environment Variables:
JAVA_HOME=C:\Program Files\Java\jdk-11.0.2
PATH=C:\Program Files\PlasticSCM5\server;C:\Program Files\PlasticSCM5\client;C:\Program Files\NVIDIA GPU Computing Toolkit\CUDA\v12.6\bin;C:\Program Files\NVIDIA GPU Computing Toolkit\CUDA\v12.6\libnvvp;C:\Program Files\Common Files\Oracle\Java\javapath;C:\Windows\system32;C:\Windows;C:\Program Files\Java\jdk-11.0.2\bin;C:\Windows\System32\Wbem;C:\ORacleDatabase\dbhomeXE\bin;C:\Windows\System32\WindowsPowerShell\v1.0\;C:\Windows\System32\OpenSSH\;C:\Program Files (x86)\NVIDIA Corporation\PhysX\Common;C:\Program Files\NVIDIA Corporation\NVIDIA NvDLISR;C:\Program Files\Docker\Docker\resources\bin;C:\Program Files\Git LFS;C:\Program Files\Git\cmd;C:\Program Files (x86)\Windows Kits\10\Windows Performance Toolkit\;C:\Program Files (x86)\Steam\steamapps\common\Counter-Strike Global Offensive\game\bin\win64;C:\Users\stas2\AppData\Local\Programs\Python\Python311;C:\Program Files\dotnet\;C:\Program Files\Microsoft SQL Server\150\Tools\Binn\;C:\Program Files\Microsoft SQL Server\Client SDK\ODBC\170\Tools\Binn\;C:\Program Files\NVIDIA Corporation\Nsight Compute 2024.3.2\;C:\Program Files (x86)\Microsoft SQL Server\160\Tools\Binn\;C:\Program Files\Microsoft SQL Server\160\Tools\Binn\;C:\Program Files\Microsoft SQL Server\160\DTS\Binn\;C:\Program Files (x86)\Microsoft SQL Server\160\DTS\Binn\;C:\WINDOWS\system32;C:\WINDOWS;C:\WINDOWS\System32\Wbem;C:\WINDOWS\System32\WindowsPowerShell\v1.0\;C:\WINDOWS\System32\OpenSSH\;C:\Users\stas2\AppData\Local\Microsoft\WindowsApps;C:\Users\stas2\AppData\Local\Programs\Microsoft VS Code\bin;C:\Users\stas2\AppData\Local\GitHubDesktop\bin;C:\Users\stas2\AppData\Local\Programs\Python\Python311;C:\Program Files (x86)\Steam\steamapps\common\Counter-Strike Global Offensive\game\bin\win64;C:\Users\stas2\.dotnet\tools;C:\Users\stas2\AppData\Local\Muse Hub\lib;
USERNAME=stas2
OS=Windows_NT
PROCESSOR_IDENTIFIER=Intel64 Family 6 Model 141 Stepping 1, GenuineIntel
TMP=C:\Users\stas2\AppData\Local\Temp
TEMP=C:\Users\stas2\AppData\Local\Temp




---------------  S Y S T E M  ---------------

OS:
 Windows 11 , 64 bit Build 26100 (10.0.26100.4484)
OS uptime: 9 days 18:11 hours
Hyper-V role detected

CPU: total 12 (initial active 12) (6 cores per cpu, 2 threads per core) family 6 model 141 stepping 1 microcode 0x3c, cx8, cmov, fxsr, ht, mmx, 3dnowpref, sse, sse2, sse3, ssse3, sse4.1, sse4.2, popcnt, lzcnt, tsc, tscinvbit, avx, avx2, aes, erms, clmul, bmi1, bmi2, adx, avx512f, avx512dq, avx512cd, avx512bw, avx512vl, sha, fma, vzeroupper, avx512_vpopcntdq, avx512_vpclmulqdq, avx512_vaes, avx512_vnni, clflush, clflushopt, clwb, avx512_vbmi2, avx512_vbmi, hv, rdtscp, rdpid, fsrm, gfni, avx512_bitalg, f16c, cet_ibt, cet_ss, avx512_ifma

Memory: 4k page, system-wide physical 16163M (2305M free)
TotalPageFile size 37667M (AvailPageFile size 14134M)
current process WorkingSet (physical memory assigned to process): 226M, peak: 256M
current process commit charge ("private bytes"): 450M, peak: 456M

vm_info: OpenJDK 64-Bit Server VM (20.0.2+9-78) for windows-amd64 JRE (20.0.2+9-78), built on 2023-06-14T10:08:48Z by "mach5one" with MS VC++ 17.1 (VS2022)

END.
