#
# A fatal error has been detected by the Java Runtime Environment:
#
#  EXCEPTION_ACCESS_VIOLATION (0xc0000005) at pc=0x00007ffd7e6dd39a, pid=19080, tid=17756
#
# JRE version: OpenJDK Runtime Environment (20.0.2+9) (build 20.0.2+9-78)
# Java VM: OpenJDK 64-Bit Server VM (20.0.2+9-78, mixed mode, sharing, tiered, compressed oops, compressed class ptrs, g1 gc, windows-amd64)
# Problematic frame:
# C  [lwjgl_opengl.dll+0xd39a]
#
# No core dump will be written. Minidumps are not enabled by default on client versions of Windows
#
# If you would like to submit a bug report, please visit:
#   https://bugreport.java.com/bugreport/crash.jsp
# The crash happened outside the Java Virtual Machine in native code.
# See problematic frame for where to report the bug.
#

---------------  S U M M A R Y ------------

Command Line: -javaagent:C:\IntelliJ IDEA Community Edition 2021.3.2\IntelliJ IDEA Community Edition 2023.2.1\lib\idea_rt.jar=61142:C:\IntelliJ IDEA Community Edition 2021.3.2\IntelliJ IDEA Community Edition 2023.2.1\bin -Dfile.encoding=windows-1252 -Dsun.stdout.encoding=windows-1252 -Dsun.stderr.encoding=windows-1252 --module-path=C:\Users\stas2\.m2\repository\com\fasterxml\jackson\core\jackson-annotations\2.12.1\jackson-annotations-2.12.1.jar;C:\Users\stas2\.m2\repository\org\joml\joml\1.10.7\joml-1.10.7.jar;C:\Users\stas2\.m2\repository\com\fasterxml\jackson\core\jackson-databind\2.12.1\jackson-databind-2.12.1.jar;C:\Users\stas2\.m2\repository\com\gluonhq\attach\storage\4.0.13\storage-4.0.13.jar;C:\Users\stas2\.m2\repository\com\github\almasb\fxgl-gameplay\17.2\fxgl-gameplay-17.2.jar;C:\Users\stas2\.m2\repository\com\github\almasb\fxgl-scene\17.2\fxgl-scene-17.2.jar;C:\Users\stas2\.m2\repository\org\jetbrains\kotlin\kotlin-stdlib\1.6.0\kotlin-stdlib-1.6.0-modular.jar;C:\Users\stas2\.m2\repository\com\fasterxml\jackson\core\jackson-core\2.12.1\jackson-core-2.12.1.jar;C:\Users\stas2\.m2\repository\com\github\almasb\fxgl-entity\17.2\fxgl-entity-17.2.jar;C:\Users\stas2\.m2\repository\com\gluonhq\attach\util\4.0.13\util-4.0.13.jar;C:\Users\stas2\.m2\repository\org\lwjgl\lwjgl\3.3.4\lwjgl-3.3.4.jar;C:\Users\stas2\.m2\repository\org\openjfx\javafx-fxml\20.0.1\javafx-fxml-20.0.1-win.jar;C:\Users\stas2\.m2\repository\com\github\almasb\fxgl-io\17.2\fxgl-io-17.2.jar;C:\Users\stas2\.m2\repository\org\openjfx\javafx-controls\20.0.1\javafx-controls-20.0.1-win.jar;C:\Users\stas2\.m2\repository\com\gluonhq\attach\audio\4.0.13\audio-4.0.13.jar;C:\Users\stas2\.m2\repository\org\lwjgl\lwjgl-opengl\3.3.4\lwjgl-opengl-3.3.4.jar;O:\GIt\MultiplayerShooter\target\classes;C:\Users\stas2\.m2\repository\org\lwjgl\lwjgl-glfw\3.3.4\lwjgl-glfw-3.3.4.jar;C:\Users\stas2\.m2\repository\org\lwjgl\lwjgl-vulkan\3.3.4\lwjgl-vulkan-3.3.4.jar;C:\Users\stas2\.m2\repository\com\github\almasb\fxgl\17.2\fxgl-17.2.jar;C:\Users\stas2\.m2\repository\org\openjfx\javafx-media\20.0.1\javafx-media-20.0.1-win.jar;C:\Users\stas2\.m2\repository\com\gluonhq\attach\lifecycle\4.0.13\lifecycle-4.0.13.jar;C:\Users\stas2\.m2\repository\org\joml\joml-primitives\1.10.0\joml-primitives-1.10.0.jar;C:\Users\stas2\.m2\repository\org\openjf-Djdk.module.main=com.bedrye.multiplayershooter com.bedrye.multiplayershooter/com.bedrye.bjge.GameEngine.TestMain

Host: 11th Gen Intel(R) Core(TM) i5-11400H @ 2.70GHz, 12 cores, 15G,  Windows 11 , 64 bit Build 22621 (10.0.22621.4974)
Time: Mon Mar 24 17:39:48 2025 FLE Standard Time elapsed time: 0.377575 seconds (0d 0h 0m 0s)

---------------  T H R E A D  ---------------

Current thread (0x000001b57fd6b0f0):  JavaThread "main" [_thread_in_native, id=17756, stack(0x00000060bf500000,0x00000060bf600000)]

Stack: [0x00000060bf500000,0x00000060bf600000],  sp=0x00000060bf5ff0f8,  free space=1020k
Native frames: (J=compiled Java code, j=interpreted, Vv=VM code, C=native code)
C  [lwjgl_opengl.dll+0xd39a]

Java frames: (J=compiled Java code, j=interpreted, Vv=VM code)
j  org.lwjgl.opengl.GL11C.nglGenTextures(IJ)V+0 org.lwjgl.opengl@3.3.4+7
j  org.lwjgl.opengl.GL11C.glGenTextures()I+20 org.lwjgl.opengl@3.3.4+7
j  org.lwjgl.opengl.GL11.glGenTextures()I+0 org.lwjgl.opengl@3.3.4+7
j  com.bedrye.bjge.GameEngine.Util.BJETexture.<init>(Ljava/lang/String;)V+16 com.bedrye.multiplayershooter
j  com.bedrye.bjge.GameEngine.EngineFileSystem.listFilesForFolder(Ljava/io/File;)V+64 com.bedrye.multiplayershooter
j  com.bedrye.bjge.GameEngine.EngineFileSystem.<init>(Ljava/lang/String;)V+32 com.bedrye.multiplayershooter
j  com.bedrye.bjge.GameEngine.GameEngineMain.<init>()V+16 com.bedrye.multiplayershooter
j  com.bedrye.bjge.GameEngine.TestMain.main([Ljava/lang/String;)V+4 com.bedrye.multiplayershooter
v  ~StubRoutines::call_stub 0x000001b50f5310e7

siginfo: EXCEPTION_ACCESS_VIOLATION (0xc0000005), reading address 0x00000000000002d8


Registers:
RAX=0x0000000000000000, RBX=0x000001b560cc22c0, RCX=0x000001b57fd6b3d0, RDX=0x000001b56551808c
RSP=0x00000060bf5ff0f8, RBP=0x00000060bf5ff180, RSI=0x000001b560a05c20, RDI=0x000001b50f54de8a
R8 =0x0000000000000001, R9 =0x000001b56551808c, R10=0x000001b50f5520c4, R11=0x00000007121a6eb0
R12=0x0000000000000000, R13=0x000001b560cc22c0, R14=0x00000060bf5ff1b0, R15=0x000001b57fd6b0f0
RIP=0x00007ffd7e6dd39a, EFLAGS=0x0000000000010202


Register to memory mapping:

RIP=0x00007ffd7e6dd39a lwjgl_opengl.dll
RAX=0x0 is NULL
RBX={method} {0x000001b560cc22c8} 'nglGenTextures' '(IJ)V' in 'org/lwjgl/opengl/GL11C'
RCX=0x000001b57fd6b3d0 points into unknown readable memory: 0x000001b5655e6fb0 | b0 6f 5e 65 b5 01 00 00
RDX=0x000001b56551808c points into unknown readable memory: 00 00 00 00
RSP=0x00000060bf5ff0f8 is pointing into the stack for thread: 0x000001b57fd6b0f0
RBP=0x00000060bf5ff180 is pointing into the stack for thread: 0x000001b57fd6b0f0
RSI=0x000001b560a05c20 is pointing into metadata
RDI=0x000001b50f54de8a is at code_begin+1098 in an Interpreter codelet
return entry points  [0x000001b50f54da40, 0x000001b50f54e508]  2760 bytes
R8 =0x0000000000000001 is an unknown value
R9 =0x000001b56551808c points into unknown readable memory: 00 00 00 00
R10=0x000001b50f5520c4 is at code_begin+996 in an Interpreter codelet
method entry point (kind = native)  [0x000001b50f551ce0, 0x000001b50f5528d0]  3056 bytes
R11=0x00000007121a6eb0 is an oop: java.lang.Class 
{0x00000007121a6eb0} - klass: 'java/lang/Class'
 - ---- fields (total size 116 words):
 - private volatile transient 'classRedefinedCount' 'I' @12  0 (0x00000000)
 - abstract internal 'klass' 'J' @16  1877446060576 (0x000001b520816a20)
 - abstract internal 'array_klass' 'J' @24  0 (0x0000000000000000)
 - abstract internal 'oop_size' 'I' @32  116 (0x00000074)
 - abstract internal 'static_oop_field_count' 'I' @36  0 (0x00000000)
 - private volatile transient 'cachedConstructor' 'Ljava/lang/reflect/Constructor;' @40  NULL (0x00000000)
 - private transient 'name' 'Ljava/lang/String;' @44  "org.lwjgl.opengl.GL11C"{0x00000007121a7250} (0xe2434e4a)
 - private transient 'module' 'Ljava/lang/Module;' @48  a 'java/lang/Module'{0x00000007124a2738} (0xe24944e7)
 - private final 'classLoader' 'Ljava/lang/ClassLoader;' @52  a 'jdk/internal/loader/ClassLoaders$AppClassLoader'{0x0000000713356110} (0xe266ac22)
 - private transient 'classData' 'Ljava/lang/Object;' @56  NULL (0x00000000)
 - private transient 'packageName' 'Ljava/lang/String;' @60  "org.lwjgl.opengl"{0x00000007125b8fe8} (0xe24b71fd)
 - private final 'componentType' 'Ljava/lang/Class;' @64  NULL (0x00000000)
 - private volatile transient 'reflectionData' 'Ljava/lang/ref/SoftReference;' @68  NULL (0x00000000)
 - private volatile transient 'genericInfo' 'Lsun/reflect/generics/repository/ClassRepository;' @72  NULL (0x00000000)
 - private volatile transient 'enumConstants' '[Ljava/lang/Object;' @76  NULL (0x00000000)
 - private volatile transient 'enumConstantDirectory' 'Ljava/util/Map;' @80  NULL (0x00000000)
 - private volatile transient 'annotationData' 'Ljava/lang/Class$AnnotationData;' @84  NULL (0x00000000)
 - private volatile transient 'annotationType' 'Lsun/reflect/annotation/AnnotationType;' @88  NULL (0x00000000)
 - transient 'classValueMap' 'Ljava/lang/ClassValue$ClassValueMap;' @92  NULL (0x00000000)
 - abstract internal 'protection_domain' 'Ljava/lang/Object;' @96  a 'java/security/ProtectionDomain'{0x00000007125b8518} (0xe24b70a3)
 - abstract internal 'signers_name' 'Ljava/lang/Object;' @100  NULL (0x00000000)
 - abstract internal 'source_file' 'Ljava/lang/Object;' @104  NULL (0x00000000)
 - signature: Lorg/lwjgl/opengl/GL11C;
 - ---- static fields (0):
 - public static final 'GL_NEVER' 'I' @112  512 (0x00000200)
 - public static final 'GL_LESS' 'I' @116  513 (0x00000201)
 - public static final 'GL_EQUAL' 'I' @120  514 (0x00000202)
 - public static final 'GL_LEQUAL' 'I' @124  515 (0x00000203)
 - public static final 'GL_GREATER' 'I' @128  516 (0x00000204)
 - public static final 'GL_NOTEQUAL' 'I' @132  517 (0x00000205)
 - public static final 'GL_GEQUAL' 'I' @136  518 (0x00000206)
 - public static final 'GL_ALWAYS' 'I' @140  519 (0x00000207)
 - public static final 'GL_DEPTH_BUFFER_BIT' 'I' @144  256 (0x00000100)
 - public static final 'GL_STENCIL_BUFFER_BIT' 'I' @148  1024 (0x00000400)
 - public static final 'GL_COLOR_BUFFER_BIT' 'I' @152  16384 (0x00004000)
 - public static final 'GL_POINTS' 'I' @156  0 (0x00000000)
 - public static final 'GL_LINES' 'I' @160  1 (0x00000001)
 - public static final 'GL_LINE_LOOP' 'I' @164  2 (0x00000002)
 - public static final 'GL_LINE_STRIP' 'I' @168  3 (0x00000003)
 - public static final 'GL_TRIANGLES' 'I' @172  4 (0x00000004)
 - public static final 'GL_TRIANGLE_STRIP' 'I' @176  5 (0x00000005)
 - public static final 'GL_TRIANGLE_FAN' 'I' @180  6 (0x00000006)
 - public static final 'GL_QUADS' 'I' @184  7 (0x00000007)
 - public static final 'GL_ZERO' 'I' @188  0 (0x00000000)
 - public static final 'GL_ONE' 'I' @192  1 (0x00000001)
 - public static final 'GL_SRC_COLOR' 'I' @196  768 (0x00000300)
 - public static final 'GL_ONE_MINUS_SRC_COLOR' 'I' @200  769 (0x00000301)
 - public static final 'GL_SRC_ALPHA' 'I' @204  770 (0x00000302)
 - public static final 'GL_ONE_MINUS_SRC_ALPHA' 'I' @208  771 (0x00000303)
 - public static final 'GL_DST_ALPHA' 'I' @212  772 (0x00000304)
 - public static final 'GL_ONE_MINUS_DST_ALPHA' 'I' @216  773 (0x00000305)
 - public static final 'GL_DST_COLOR' 'I' @220  774 (0x00000306)
 - public static final 'GL_ONE_MINUS_DST_COLOR' 'I' @224  775 (0x00000307)
 - public static final 'GL_SRC_ALPHA_SATURATE' 'I' @228  776 (0x00000308)
 - public static final 'GL_TRUE' 'I' @232  1 (0x00000001)
 - public static final 'GL_FALSE' 'I' @236  0 (0x00000000)
 - public static final 'GL_BYTE' 'I' @240  5120 (0x00001400)
 - public static final 'GL_UNSIGNED_BYTE' 'I' @244  5121 (0x00001401)
 - public static final 'GL_SHORT' 'I' @248  5122 (0x00001402)
 - public static final 'GL_UNSIGNED_SHORT' 'I' @252  5123 (0x00001403)
 - public static final 'GL_INT' 'I' @256  5124 (0x00001404)
 - public static final 'GL_UNSIGNED_INT' 'I' @260  5125 (0x00001405)
 - public static final 'GL_FLOAT' 'I' @264  5126 (0x00001406)
 - public static final 'GL_DOUBLE' 'I' @268  5130 (0x0000140a)
 - public static final 'GL_NONE' 'I' @272  0 (0x00000000)
 - public static final 'GL_FRONT_LEFT' 'I' @276  1024 (0x00000400)
 - public static final 'GL_FRONT_RIGHT' 'I' @280  1025 (0x00000401)
 - public static final 'GL_BACK_LEFT' 'I' @284  1026 (0x00000402)
 - public static final 'GL_BACK_RIGHT' 'I' @288  1027 (0x00000403)
 - public static final 'GL_FRONT' 'I' @292  1028 (0x00000404)
 - public static final 'GL_BACK' 'I' @296  1029 (0x00000405)
 - public static final 'GL_LEFT' 'I' @300  1030 (0x00000406)
 - public static final 'GL_RIGHT' 'I' @304  1031 (0x00000407)
 - public static final 'GL_FRONT_AND_BACK' 'I' @308  1032 (0x00000408)
 - public static final 'GL_NO_ERROR' 'I' @312  0 (0x00000000)
 - public static final 'GL_INVALID_ENUM' 'I' @316  1280 (0x00000500)
 - public static final 'GL_INVALID_VALUE' 'I' @320  1281 (0x00000501)
 - public static final 'GL_INVALID_OPERATION' 'I' @324  1282 (0x00000502)
 - public static final 'GL_STACK_OVERFLOW' 'I' @328  1283 (0x00000503)
 - public static final 'GL_STACK_UNDERFLOW' 'I' @332  1284 (0x00000504)
 - public static final 'GL_OUT_OF_MEMORY' 'I' @336  1285 (0x00000505)
 - public static final 'GL_CW' 'I' @340  2304 (0x00000900)
 - public static final 'GL_CCW' 'I' @344  2305 (0x00000901)
 - public static final 'GL_POINT_SIZE' 'I' @348  2833 (0x00000b11)
 - public static final 'GL_POINT_SIZE_RANGE' 'I' @352  2834 (0x00000b12)
 - public static final 'GL_POINT_SIZE_GRANULARITY' 'I' @356  2835 (0x00000b13)
 - public static final 'GL_LINE_SMOOTH' 'I' @360  2848 (0x00000b20)
 - public static final 'GL_LINE_WIDTH' 'I' @364  2849 (0x00000b21)
 - public static final 'GL_LINE_WIDTH_RANGE' 'I' @368  2850 (0x00000b22)
 - public static final 'GL_LINE_WIDTH_GRANULARITY' 'I' @372  2851 (0x00000b23)
 - public static final 'GL_POLYGON_MODE' 'I' @376  2880 (0x00000b40)
 - public static final 'GL_POLYGON_SMOOTH' 'I' @380  2881 (0x00000b41)
 - public static final 'GL_CULL_FACE' 'I' @384  2884 (0x00000b44)
 - public static final 'GL_CULL_FACE_MODE' 'I' @388  2885 (0x00000b45)
 - public static final 'GL_FRONT_FACE' 'I' @392  2886 (0x00000b46)
 - public static final 'GL_DEPTH_RANGE' 'I' @396  2928 (0x00000b70)
 - public static final 'GL_DEPTH_TEST' 'I' @400  2929 (0x00000b71)
 - public static final 'GL_DEPTH_WRITEMASK' 'I' @404  2930 (0x00000b72)
 - public static final 'GL_DEPTH_CLEAR_VALUE' 'I' @408  2931 (0x00000b73)
 - public static final 'GL_DEPTH_FUNC' 'I' @412  2932 (0x00000b74)
 - public static final 'GL_STENCIL_TEST' 'I' @416  2960 (0x00000b90)
 - public static final 'GL_STENCIL_CLEAR_VALUE' 'I' @420  2961 (0x00000b91)
 - public static final 'GL_STENCIL_FUNC' 'I' @424  2962 (0x00000b92)
 - public static final 'GL_STENCIL_VALUE_MASK' 'I' @428  2963 (0x00000b93)
 - public static final 'GL_STENCIL_FAIL' 'I' @432  2964 (0x00000b94)
 - public static final 'GL_STENCIL_PASS_DEPTH_FAIL' 'I' @436  2965 (0x00000b95)
 - public static final 'GL_STENCIL_PASS_DEPTH_PASS' 'I' @440  2966 (0x00000b96)
 - public static final 'GL_STENCIL_REF' 'I' @444  2967 (0x00000b97)
 - public static final 'GL_STENCIL_WRITEMASK' 'I' @448  2968 (0x00000b98)
 - public static final 'GL_VIEWPORT' 'I' @452  2978 (0x00000ba2)
 - public static final 'GL_DITHER' 'I' @456  3024 (0x00000bd0)
 - public static final 'GL_BLEND_DST' 'I' @460  3040 (0x00000be0)
 - public static final 'GL_BLEND_SRC' 'I' @464  3041 (0x00000be1)
 - public static final 'GL_BLEND' 'I' @468  3042 (0x00000be2)
 - public static final 'GL_LOGIC_OP_MODE' 'I' @472  3056 (0x00000bf0)
 - public static final 'GL_COLOR_LOGIC_OP' 'I' @476  3058 (0x00000bf2)
 - public static final 'GL_DRAW_BUFFER' 'I' @480  3073 (0x00000c01)
 - public static final 'GL_READ_BUFFER' 'I' @484  3074 (0x00000c02)
 - public static final 'GL_SCISSOR_BOX' 'I' @488  3088 (0x00000c10)
 - public static final 'GL_SCISSOR_TEST' 'I' @492  3089 (0x00000c11)
 - public static final 'GL_COLOR_CLEAR_VALUE' 'I' @496  3106 (0x00000c22)
 - public static final 'GL_COLOR_WRITEMASK' 'I' @500  3107 (0x00000c23)
 - public static final 'GL_DOUBLEBUFFER' 'I' @504  3122 (0x00000c32)
 - public static final 'GL_STEREO' 'I' @508  3123 (0x00000c33)
 - public static final 'GL_LINE_SMOOTH_HINT' 'I' @512  3154 (0x00000c52)
 - public static final 'GL_POLYGON_SMOOTH_HINT' 'I' @516  3155 (0x00000c53)
 - public static final 'GL_UNPACK_SWAP_BYTES' 'I' @520  3312 (0x00000cf0)
 - public static final 'GL_UNPACK_LSB_FIRST' 'I' @524  3313 (0x00000cf1)
 - public static final 'GL_UNPACK_ROW_LENGTH' 'I' @528  3314 (0x00000cf2)
 - public static final 'GL_UNPACK_SKIP_ROWS' 'I' @532  3315 (0x00000cf3)
 - public static final 'GL_UNPACK_SKIP_PIXELS' 'I' @536  3316 (0x00000cf4)
 - public static final 'GL_UNPACK_ALIGNMENT' 'I' @540  3317 (0x00000cf5)
 - public static final 'GL_PACK_SWAP_BYTES' 'I' @544  3328 (0x00000d00)
 - public static final 'GL_PACK_LSB_FIRST' 'I' @548  3329 (0x00000d01)
 - public static final 'GL_PACK_ROW_LENGTH' 'I' @552  3330 (0x00000d02)
 - public static final 'GL_PACK_SKIP_ROWS' 'I' @556  3331 (0x00000d03)
 - public static final 'GL_PACK_SKIP_PIXELS' 'I' @560  3332 (0x00000d04)
 - public static final 'GL_PACK_ALIGNMENT' 'I' @564  3333 (0x00000d05)
 - public static final 'GL_MAX_TEXTURE_SIZE' 'I' @568  3379 (0x00000d33)
 - public static final 'GL_MAX_VIEWPORT_DIMS' 'I' @572  3386 (0x00000d3a)
 - public static final 'GL_SUBPIXEL_BITS' 'I' @576  3408 (0x00000d50)
 - public static final 'GL_TEXTURE_1D' 'I' @580  3552 (0x00000de0)
 - public static final 'GL_TEXTURE_2D' 'I' @584  3553 (0x00000de1)
 - public static final 'GL_TEXTURE_WIDTH' 'I' @588  4096 (0x00001000)
 - public static final 'GL_TEXTURE_HEIGHT' 'I' @592  4097 (0x00001001)
 - public static final 'GL_TEXTURE_INTERNAL_FORMAT' 'I' @596  4099 (0x00001003)
 - public static final 'GL_TEXTURE_BORDER_COLOR' 'I' @600  4100 (0x00001004)
 - public static final 'GL_DONT_CARE' 'I' @604  4352 (0x00001100)
 - public static final 'GL_FASTEST' 'I' @608  4353 (0x00001101)
 - public static final 'GL_NICEST' 'I' @612  4354 (0x00001102)
 - public static final 'GL_CLEAR' 'I' @616  5376 (0x00001500)
 - public static final 'GL_AND' 'I' @620  5377 (0x00001501)
 - public static final 'GL_AND_REVERSE' 'I' @624  5378 (0x00001502)
 - public static final 'GL_COPY' 'I' @628  5379 (0x00001503)
 - public static final 'GL_AND_INVERTED' 'I' @632  5380 (0x00001504)
 - public static final 'GL_NOOP' 'I' @636  5381 (0x00001505)
 - public static final 'GL_XOR' 'I' @640  5382 (0x00001506)
 - public static final 'GL_OR' 'I' @644  5383 (0x00001507)
 - public static final 'GL_NOR' 'I' @648  5384 (0x00001508)
 - public static final 'GL_EQUIV' 'I' @652  5385 (0x00001509)
 - public static final 'GL_INVERT' 'I' @656  5386 (0x0000150a)
 - public static final 'GL_OR_REVERSE' 'I' @660  5387 (0x0000150b)
 - public static final 'GL_COPY_INVERTED' 'I' @664  5388 (0x0000150c)
 - public static final 'GL_OR_INVERTED' 'I' @668  5389 (0x0000150d)
 - public static final 'GL_NAND' 'I' @672  5390 (0x0000150e)
 - public static final 'GL_SET' 'I' @676  5391 (0x0000150f)
 - public static final 'GL_TEXTURE' 'I' @680  5890 (0x00001702)
 - public static final 'GL_COLOR' 'I' @684  6144 (0x00001800)
 - public static final 'GL_DEPTH' 'I' @688  6145 (0x00001801)
 - public static final 'GL_STENCIL' 'I' @692  6146 (0x00001802)
 - public static final 'GL_STENCIL_INDEX' 'I' @696  6401 (0x00001901)
 - public static final 'GL_DEPTH_COMPONENT' 'I' @700  6402 (0x00001902)
 - public static final 'GL_RED' 'I' @704  6403 (0x00001903)
 - public static final 'GL_GREEN' 'I' @708  6404 (0x00001904)
 - public static final 'GL_BLUE' 'I' @712  6405 (0x00001905)
 - public static final 'GL_ALPHA' 'I' @716  6406 (0x00001906)
 - public static final 'GL_RGB' 'I' @720  6407 (0x00001907)
 - public static final 'GL_RGBA' 'I' @724  6408 (0x00001908)
 - public static final 'GL_POINT' 'I' @728  6912 (0x00001b00)
 - public static final 'GL_LINE' 'I' @732  6913 (0x00001b01)
 - public static final 'GL_FILL' 'I' @736  6914 (0x00001b02)
 - public static final 'GL_KEEP' 'I' @740  7680 (0x00001e00)
 - public static final 'GL_REPLACE' 'I' @744  7681 (0x00001e01)
 - public static final 'GL_INCR' 'I' @748  7682 (0x00001e02)
 - public static final 'GL_DECR' 'I' @752  7683 (0x00001e03)
 - public static final 'GL_VENDOR' 'I' @756  7936 (0x00001f00)
 - public static final 'GL_RENDERER' 'I' @760  7937 (0x00001f01)
 - public static final 'GL_VERSION' 'I' @764  7938 (0x00001f02)
 - public static final 'GL_EXTENSIONS' 'I' @768  7939 (0x00001f03)
 - public static final 'GL_NEAREST' 'I' @772  9728 (0x00002600)
 - public static final 'GL_LINEAR' 'I' @776  9729 (0x00002601)
 - public static final 'GL_NEAREST_MIPMAP_NEAREST' 'I' @780  9984 (0x00002700)
 - public static final 'GL_LINEAR_MIPMAP_NEAREST' 'I' @784  9985 (0x00002701)
 - public static final 'GL_NEAREST_MIPMAP_LINEAR' 'I' @788  9986 (0x00002702)
 - public static final 'GL_LINEAR_MIPMAP_LINEAR' 'I' @792  9987 (0x00002703)
 - public static final 'GL_TEXTURE_MAG_FILTER' 'I' @796  10240 (0x00002800)
 - public static final 'GL_TEXTURE_MIN_FILTER' 'I' @800  10241 (0x00002801)
 - public static final 'GL_TEXTURE_WRAP_S' 'I' @804  10242 (0x00002802)
 - public static final 'GL_TEXTURE_WRAP_T' 'I' @808  10243 (0x00002803)
 - public static final 'GL_REPEAT' 'I' @812  10497 (0x00002901)
 - public static final 'GL_POLYGON_OFFSET_FACTOR' 'I' @816  32824 (0x00008038)
 - public static final 'GL_POLYGON_OFFSET_UNITS' 'I' @820  10752 (0x00002a00)
 - public static final 'GL_POLYGON_OFFSET_POINT' 'I' @824  10753 (0x00002a01)
 - public static final 'GL_POLYGON_OFFSET_LINE' 'I' @828  10754 (0x00002a02)
 - public static final 'GL_POLYGON_OFFSET_FILL' 'I' @832  32823 (0x00008037)
 - public static final 'GL_R3_G3_B2' 'I' @836  10768 (0x00002a10)
 - public static final 'GL_RGB4' 'I' @840  32847 (0x0000804f)
 - public static final 'GL_RGB5' 'I' @844  32848 (0x00008050)
 - public static final 'GL_RGB8' 'I' @848  32849 (0x00008051)
 - public static final 'GL_RGB10' 'I' @852  32850 (0x00008052)
 - public static final 'GL_RGB12' 'I' @856  32851 (0x00008053)
 - public static final 'GL_RGB16' 'I' @860  32852 (0x00008054)
 - public static final 'GL_RGBA2' 'I' @864  32853 (0x00008055)
 - public static final 'GL_RGBA4' 'I' @868  32854 (0x00008056)
 - public static final 'GL_RGB5_A1' 'I' @872  32855 (0x00008057)
 - public static final 'GL_RGBA8' 'I' @876  32856 (0x00008058)
 - public static final 'GL_RGB10_A2' 'I' @880  32857 (0x00008059)
 - public static final 'GL_RGBA12' 'I' @884  32858 (0x0000805a)
 - public static final 'GL_RGBA16' 'I' @888  32859 (0x0000805b)
 - public static final 'GL_TEXTURE_RED_SIZE' 'I' @892  32860 (0x0000805c)
 - public static final 'GL_TEXTURE_GREEN_SIZE' 'I' @896  32861 (0x0000805d)
 - public static final 'GL_TEXTURE_BLUE_SIZE' 'I' @900  32862 (0x0000805e)
 - public static final 'GL_TEXTURE_ALPHA_SIZE' 'I' @904  32863 (0x0000805f)
 - public static final 'GL_PROXY_TEXTURE_1D' 'I' @908  32867 (0x00008063)
 - public static final 'GL_PROXY_TEXTURE_2D' 'I' @912  32868 (0x00008064)
 - public static final 'GL_TEXTURE_BINDING_1D' 'I' @916  32872 (0x00008068)
 - public static final 'GL_TEXTURE_BINDING_2D' 'I' @920  32873 (0x00008069)
 - public static final 'GL_VERTEX_ARRAY' 'I' @924  32884 (0x00008074)
R12=0x0 is NULL
R13={method} {0x000001b560cc22c8} 'nglGenTextures' '(IJ)V' in 'org/lwjgl/opengl/GL11C'
R14=0x00000060bf5ff1b0 is pointing into the stack for thread: 0x000001b57fd6b0f0
R15=0x000001b57fd6b0f0 is a thread


Top of Stack: (sp=0x00000060bf5ff0f8)
0x00000060bf5ff0f8:   000001b50f5520f3 000001b50f54de8a
0x00000060bf5ff108:   000001b50f551dee 000001b560cc22c0
0x00000060bf5ff118:   000001b560a05c20 00000060bf5ff198
0x00000060bf5ff128:   000001b50f54df59 000001b50f551d96
0x00000060bf5ff138:   00000060bf5ff138 000001b560cc22c0
0x00000060bf5ff148:   00000060bf5ff1b0 000001b560ccc648
0x00000060bf5ff158:   0000000000000000 00000007121a6eb0
0x00000060bf5ff168:   000001b560cc22c0 0000000000000000
0x00000060bf5ff178:   00000060bf5ff1a0 00000060bf5ff200
0x00000060bf5ff188:   000001b50f54de8a 00000007121a6eb0
0x00000060bf5ff198:   000001b50f54f897 000001b56551808c
0x00000060bf5ff1a8:   0000000000000000 0000000000000001
0x00000060bf5ff1b8:   00000060bf5ff1b8 000001b560cc2444
0x00000060bf5ff1c8:   00000060bf5ff230 000001b560ccc648
0x00000060bf5ff1d8:   0000000000000000 00000007121a6eb0
0x00000060bf5ff1e8:   000001b560cc24b0 00000060bf5ff1a0
0x00000060bf5ff1f8:   00000060bf5ff238 00000060bf5ff280
0x00000060bf5ff208:   000001b50f54df9e 0000000000000000
0x00000060bf5ff218:   0000000000000000 00000007121b0e50
0x00000060bf5ff228:   0000000000010000 000000071215b240
0x00000060bf5ff238:   00000060bf5ff238 000001b560c1e3e0
0x00000060bf5ff248:   00000060bf5ff288 000001b560c425b0
0x00000060bf5ff258:   0000000000000000 00000007125b86f8
0x00000060bf5ff268:   000001b560c1e3f8 00000060bf5ff238
0x00000060bf5ff278:   00000060bf5ff290 00000060bf5ff2e0
0x00000060bf5ff288:   000001b50f54df9e 0000000712569980
0x00000060bf5ff298:   00000060bf5ff298 000001b560c0be88
0x00000060bf5ff2a8:   00000060bf5ff318 000001b560c0c4a8
0x00000060bf5ff2b8:   0000000000000000 00000007125697c8
0x00000060bf5ff2c8:   000001b560c0bf80 00000060bf5ff290
0x00000060bf5ff2d8:   00000060bf5ff310 00000060bf5ff378
0x00000060bf5ff2e8:   000001b50f54de8a 0000000000000000 

Instructions: (pc=0x00007ffd7e6dd39a)
0x00007ffd7e6dd29a:   cc cc cc cc cc cc 48 8b 01 48 8b 40 18 44 89 c1
0x00007ffd7e6dd2aa:   48 ff a0 d0 01 00 00 cc cc cc cc cc cc cc cc cc
0x00007ffd7e6dd2ba:   cc cc cc cc cc cc 0f 28 cb 0f 28 c2 48 8b 01 48
0x00007ffd7e6dd2ca:   8b 40 18 48 8b 80 d8 01 00 00 48 ff e0 cc cc cc
0x00007ffd7e6dd2da:   cc cc cc cc cc cc 44 89 ca 44 89 c0 44 8b 44 24
0x00007ffd7e6dd2ea:   28 48 8b 09 48 8b 49 18 4c 8b 89 e8 01 00 00 89
0x00007ffd7e6dd2fa:   c1 49 ff e1 cc cc 48 8b 01 48 8b 40 18 44 89 c1
0x00007ffd7e6dd30a:   48 ff a0 f0 01 00 00 cc cc cc cc cc cc cc cc cc
0x00007ffd7e6dd31a:   cc cc cc cc cc cc 44 89 ca 44 89 c0 44 8b 44 24
0x00007ffd7e6dd32a:   28 4c 8b 4c 24 30 48 8b 09 48 8b 49 18 4c 8b 91
0x00007ffd7e6dd33a:   f8 01 00 00 89 c1 49 ff e2 cc cc cc cc cc cc cc
0x00007ffd7e6dd34a:   cc cc cc cc cc cc 48 8b 01 48 8b 40 18 48 ff a0
0x00007ffd7e6dd35a:   98 02 00 00 cc cc 48 8b 01 48 8b 40 18 48 ff a0
0x00007ffd7e6dd36a:   a0 02 00 00 cc cc 48 8b 01 48 8b 40 18 44 89 c1
0x00007ffd7e6dd37a:   48 ff a0 c8 02 00 00 cc cc cc cc cc cc cc cc cc
0x00007ffd7e6dd38a:   cc cc cc cc cc cc 4c 89 ca 48 8b 01 48 8b 40 18
0x00007ffd7e6dd39a:   48 8b 80 d8 02 00 00 44 89 c1 48 ff e0 cc cc cc
0x00007ffd7e6dd3aa:   cc cc cc cc cc cc 4c 89 ca 48 8b 01 48 8b 40 18
0x00007ffd7e6dd3ba:   48 8b 80 e0 02 00 00 44 89 c1 48 ff e0 cc cc cc
0x00007ffd7e6dd3ca:   cc cc cc cc cc cc 4c 89 ca 48 8b 01 48 8b 40 18
0x00007ffd7e6dd3da:   48 8b 80 f0 02 00 00 44 89 c1 48 ff e0 cc cc cc
0x00007ffd7e6dd3ea:   cc cc cc cc cc cc 4c 89 ca 48 8b 01 48 8b 40 18
0x00007ffd7e6dd3fa:   48 8b 80 f8 02 00 00 44 89 c1 48 ff e0 cc cc cc
0x00007ffd7e6dd40a:   cc cc cc cc cc cc 4c 89 ca 48 8b 01 48 8b 40 18
0x00007ffd7e6dd41a:   48 8b 80 00 03 00 00 44 89 c1 48 ff e0 cc cc cc
0x00007ffd7e6dd42a:   cc cc cc cc cc cc 4c 89 ca 48 8b 01 48 8b 40 18
0x00007ffd7e6dd43a:   48 8b 80 08 03 00 00 44 89 c1 48 ff e0 cc cc cc
0x00007ffd7e6dd44a:   cc cc cc cc cc cc 48 8b 01 48 8b 40 18 48 ff a0
0x00007ffd7e6dd45a:   10 03 00 00 cc cc 4c 89 ca 48 8b 01 48 8b 40 18
0x00007ffd7e6dd46a:   48 8b 80 68 03 00 00 44 89 c1 48 ff e0 cc cc cc
0x00007ffd7e6dd47a:   cc cc cc cc cc cc 48 8b 01 48 8b 40 18 44 89 c1
0x00007ffd7e6dd48a:   48 ff a0 78 03 00 00 cc cc cc cc cc cc cc cc cc 


Stack slot to memory mapping:
stack at sp + 0 slots: 0x000001b50f5520f3 is at code_begin+1043 in an Interpreter codelet
method entry point (kind = native)  [0x000001b50f551ce0, 0x000001b50f5528d0]  3056 bytes
stack at sp + 1 slots: 0x000001b50f54de8a is at code_begin+1098 in an Interpreter codelet
return entry points  [0x000001b50f54da40, 0x000001b50f54e508]  2760 bytes
stack at sp + 2 slots: 0x000001b50f551dee is at code_begin+270 in an Interpreter codelet
method entry point (kind = native)  [0x000001b50f551ce0, 0x000001b50f5528d0]  3056 bytes
stack at sp + 3 slots: {method} {0x000001b560cc22c8} 'nglGenTextures' '(IJ)V' in 'org/lwjgl/opengl/GL11C'
stack at sp + 4 slots: 0x000001b560a05c20 is pointing into metadata
stack at sp + 5 slots: 0x00000060bf5ff198 is pointing into the stack for thread: 0x000001b57fd6b0f0
stack at sp + 6 slots: 0x000001b50f54df59 is at code_begin+1305 in an Interpreter codelet
return entry points  [0x000001b50f54da40, 0x000001b50f54e508]  2760 bytes
stack at sp + 7 slots: 0x000001b50f551d96 is at code_begin+182 in an Interpreter codelet
method entry point (kind = native)  [0x000001b50f551ce0, 0x000001b50f5528d0]  3056 bytes


---------------  P R O C E S S  ---------------

Threads class SMR info:
_java_thread_list=0x000001b56548d7e0, length=14, elements={
0x000001b57fd6b0f0, 0x000001b5649050b0, 0x000001b564909d60, 0x000001b56490ef50,
0x000001b564912fb0, 0x000001b5649150b0, 0x000001b564916330, 0x000001b56491a290,
0x000001b5649259a0, 0x000001b564a65480, 0x000001b564924e80, 0x000001b564922d20,
0x000001b564db9420, 0x000001b564db9970
}

Java Threads: ( => current thread )
=>0x000001b57fd6b0f0 JavaThread "main" [_thread_in_native, id=17756, stack(0x00000060bf500000,0x00000060bf600000)]
  0x000001b5649050b0 JavaThread "Reference Handler" daemon [_thread_blocked, id=20292, stack(0x00000060bfc00000,0x00000060bfd00000)]
  0x000001b564909d60 JavaThread "Finalizer" daemon [_thread_blocked, id=7192, stack(0x00000060bfd00000,0x00000060bfe00000)]
  0x000001b56490ef50 JavaThread "Signal Dispatcher" daemon [_thread_blocked, id=15260, stack(0x00000060bfe00000,0x00000060bff00000)]
  0x000001b564912fb0 JavaThread "Attach Listener" daemon [_thread_blocked, id=23668, stack(0x00000060bff00000,0x00000060c0000000)]
  0x000001b5649150b0 JavaThread "Service Thread" daemon [_thread_blocked, id=29552, stack(0x00000060c0000000,0x00000060c0100000)]
  0x000001b564916330 JavaThread "Monitor Deflation Thread" daemon [_thread_blocked, id=7852, stack(0x00000060c0100000,0x00000060c0200000)]
  0x000001b56491a290 JavaThread "C2 CompilerThread0" daemon [_thread_blocked, id=29872, stack(0x00000060c0200000,0x00000060c0300000)]
  0x000001b5649259a0 JavaThread "C1 CompilerThread0" daemon [_thread_blocked, id=5940, stack(0x00000060c0300000,0x00000060c0400000)]
  0x000001b564a65480 JavaThread "Common-Cleaner" daemon [_thread_blocked, id=30172, stack(0x00000060c0400000,0x00000060c0500000)]
  0x000001b564924e80 JavaThread "C2 CompilerThread1" daemon [_thread_blocked, id=20484, stack(0x00000060c0500000,0x00000060c0600000)]
  0x000001b564922d20 JavaThread "C2 CompilerThread2" daemon [_thread_blocked, id=4748, stack(0x00000060c0600000,0x00000060c0700000)]
  0x000001b564db9420 JavaThread "Monitor Ctrl-Break" daemon [_thread_in_native, id=15640, stack(0x00000060c0700000,0x00000060c0800000)]
  0x000001b564db9970 JavaThread "Notification Thread" daemon [_thread_blocked, id=18556, stack(0x00000060c0800000,0x00000060c0900000)]

Other Threads:
  0x000001b51cd291b0 VMThread "VM Thread" [stack: 0x00000060bfb00000,0x00000060bfc00000] [id=28908]
  0x000001b564dc16c0 WatcherThread "VM Periodic Task Thread" [stack: 0x00000060c0900000,0x00000060c0a00000] [id=1072]
  0x000001b57fddb740 WorkerThread "GC Thread#0" [stack: 0x00000060bf600000,0x00000060bf700000] [id=28124]
  0x000001b57fde8b60 ConcurrentGCThread "G1 Main Marker" [stack: 0x00000060bf700000,0x00000060bf800000] [id=25240]
  0x000001b51cb83670 WorkerThread "G1 Conc#0" [stack: 0x00000060bf800000,0x00000060bf900000] [id=15816]
  0x000001b57fe1ebf0 ConcurrentGCThread "G1 Refine#0" [stack: 0x00000060bf900000,0x00000060bfa00000] [id=10996]
  0x000001b51cbea8c0 ConcurrentGCThread "G1 Service" [stack: 0x00000060bfa00000,0x00000060bfb00000] [id=31688]

Threads with active compile tasks:

VM state: not at safepoint (normal execution)

VM Mutex/Monitor currently owned by a thread: None

Heap address: 0x0000000703600000, size: 4042 MB, Compressed Oops mode: Zero based, Oop shift amount: 3

CDS archive(s) mapped at: [0x000001b51f800000-0x000001b520460000-0x000001b520460000), size 12976128, SharedBaseAddress: 0x000001b51f800000, ArchiveRelocationMode: 1.
Compressed class space mapped at: 0x000001b520800000-0x000001b560800000, reserved size: 1073741824
Narrow klass base: 0x000001b51f800000, Narrow klass shift: 0, Narrow klass range: 0x100000000

GC Precious Log:
 CardTable entry size: 512
 Card Set container configuration: InlinePtr #cards 4 size 8 Array Of Cards #cards 16 size 48 Howl #buckets 8 coarsen threshold 3686 Howl Bitmap #cards 512 size 80 coarsen threshold 460 Card regions per heap region 1 cards per card region 4096
 CPUs: 12 total, 12 available
 Memory: 16163M
 Large Page Support: Disabled
 NUMA Support: Disabled
 Compressed Oops: Enabled (Zero based)
 Heap Region Size: 2M
 Heap Min Capacity: 8M
 Heap Initial Capacity: 254M
 Heap Max Capacity: 4042M
 Pre-touch: Disabled
 Parallel Workers: 10
 Concurrent Workers: 3
 Concurrent Refinement Workers: 10
 Periodic GC: Disabled

Heap:
 garbage-first heap   total 260096K, used 16384K [0x0000000703600000, 0x0000000800000000)
  region size 2048K, 10 young (20480K), 0 survivors (0K)
 Metaspace       used 3137K, committed 3392K, reserved 1114112K
  class space    used 256K, committed 384K, reserved 1048576K

Heap Regions: E=young(eden), S=young(survivor), O=old, HS=humongous(starts), HC=humongous(continues), CS=collection set, F=free, OA=open archive, CA=closed archive, TAMS=top-at-mark-start, PB=parsable bottom
|   0|0x0000000703600000, 0x0000000703600000, 0x0000000703800000|  0%| F|  |TAMS 0x0000000703600000| PB 0x0000000703600000| Untracked 
|   1|0x0000000703800000, 0x0000000703800000, 0x0000000703a00000|  0%| F|  |TAMS 0x0000000703800000| PB 0x0000000703800000| Untracked 
|   2|0x0000000703a00000, 0x0000000703a00000, 0x0000000703c00000|  0%| F|  |TAMS 0x0000000703a00000| PB 0x0000000703a00000| Untracked 
|   3|0x0000000703c00000, 0x0000000703c00000, 0x0000000703e00000|  0%| F|  |TAMS 0x0000000703c00000| PB 0x0000000703c00000| Untracked 
|   4|0x0000000703e00000, 0x0000000703e00000, 0x0000000704000000|  0%| F|  |TAMS 0x0000000703e00000| PB 0x0000000703e00000| Untracked 
|   5|0x0000000704000000, 0x0000000704000000, 0x0000000704200000|  0%| F|  |TAMS 0x0000000704000000| PB 0x0000000704000000| Untracked 
|   6|0x0000000704200000, 0x0000000704200000, 0x0000000704400000|  0%| F|  |TAMS 0x0000000704200000| PB 0x0000000704200000| Untracked 
|   7|0x0000000704400000, 0x0000000704400000, 0x0000000704600000|  0%| F|  |TAMS 0x0000000704400000| PB 0x0000000704400000| Untracked 
|   8|0x0000000704600000, 0x0000000704600000, 0x0000000704800000|  0%| F|  |TAMS 0x0000000704600000| PB 0x0000000704600000| Untracked 
|   9|0x0000000704800000, 0x0000000704800000, 0x0000000704a00000|  0%| F|  |TAMS 0x0000000704800000| PB 0x0000000704800000| Untracked 
|  10|0x0000000704a00000, 0x0000000704a00000, 0x0000000704c00000|  0%| F|  |TAMS 0x0000000704a00000| PB 0x0000000704a00000| Untracked 
|  11|0x0000000704c00000, 0x0000000704c00000, 0x0000000704e00000|  0%| F|  |TAMS 0x0000000704c00000| PB 0x0000000704c00000| Untracked 
|  12|0x0000000704e00000, 0x0000000704e00000, 0x0000000705000000|  0%| F|  |TAMS 0x0000000704e00000| PB 0x0000000704e00000| Untracked 
|  13|0x0000000705000000, 0x0000000705000000, 0x0000000705200000|  0%| F|  |TAMS 0x0000000705000000| PB 0x0000000705000000| Untracked 
|  14|0x0000000705200000, 0x0000000705200000, 0x0000000705400000|  0%| F|  |TAMS 0x0000000705200000| PB 0x0000000705200000| Untracked 
|  15|0x0000000705400000, 0x0000000705400000, 0x0000000705600000|  0%| F|  |TAMS 0x0000000705400000| PB 0x0000000705400000| Untracked 
|  16|0x0000000705600000, 0x0000000705600000, 0x0000000705800000|  0%| F|  |TAMS 0x0000000705600000| PB 0x0000000705600000| Untracked 
|  17|0x0000000705800000, 0x0000000705800000, 0x0000000705a00000|  0%| F|  |TAMS 0x0000000705800000| PB 0x0000000705800000| Untracked 
|  18|0x0000000705a00000, 0x0000000705a00000, 0x0000000705c00000|  0%| F|  |TAMS 0x0000000705a00000| PB 0x0000000705a00000| Untracked 
|  19|0x0000000705c00000, 0x0000000705c00000, 0x0000000705e00000|  0%| F|  |TAMS 0x0000000705c00000| PB 0x0000000705c00000| Untracked 
|  20|0x0000000705e00000, 0x0000000705e00000, 0x0000000706000000|  0%| F|  |TAMS 0x0000000705e00000| PB 0x0000000705e00000| Untracked 
|  21|0x0000000706000000, 0x0000000706000000, 0x0000000706200000|  0%| F|  |TAMS 0x0000000706000000| PB 0x0000000706000000| Untracked 
|  22|0x0000000706200000, 0x0000000706200000, 0x0000000706400000|  0%| F|  |TAMS 0x0000000706200000| PB 0x0000000706200000| Untracked 
|  23|0x0000000706400000, 0x0000000706400000, 0x0000000706600000|  0%| F|  |TAMS 0x0000000706400000| PB 0x0000000706400000| Untracked 
|  24|0x0000000706600000, 0x0000000706600000, 0x0000000706800000|  0%| F|  |TAMS 0x0000000706600000| PB 0x0000000706600000| Untracked 
|  25|0x0000000706800000, 0x0000000706800000, 0x0000000706a00000|  0%| F|  |TAMS 0x0000000706800000| PB 0x0000000706800000| Untracked 
|  26|0x0000000706a00000, 0x0000000706a00000, 0x0000000706c00000|  0%| F|  |TAMS 0x0000000706a00000| PB 0x0000000706a00000| Untracked 
|  27|0x0000000706c00000, 0x0000000706c00000, 0x0000000706e00000|  0%| F|  |TAMS 0x0000000706c00000| PB 0x0000000706c00000| Untracked 
|  28|0x0000000706e00000, 0x0000000706e00000, 0x0000000707000000|  0%| F|  |TAMS 0x0000000706e00000| PB 0x0000000706e00000| Untracked 
|  29|0x0000000707000000, 0x0000000707000000, 0x0000000707200000|  0%| F|  |TAMS 0x0000000707000000| PB 0x0000000707000000| Untracked 
|  30|0x0000000707200000, 0x0000000707200000, 0x0000000707400000|  0%| F|  |TAMS 0x0000000707200000| PB 0x0000000707200000| Untracked 
|  31|0x0000000707400000, 0x0000000707400000, 0x0000000707600000|  0%| F|  |TAMS 0x0000000707400000| PB 0x0000000707400000| Untracked 
|  32|0x0000000707600000, 0x0000000707600000, 0x0000000707800000|  0%| F|  |TAMS 0x0000000707600000| PB 0x0000000707600000| Untracked 
|  33|0x0000000707800000, 0x0000000707800000, 0x0000000707a00000|  0%| F|  |TAMS 0x0000000707800000| PB 0x0000000707800000| Untracked 
|  34|0x0000000707a00000, 0x0000000707a00000, 0x0000000707c00000|  0%| F|  |TAMS 0x0000000707a00000| PB 0x0000000707a00000| Untracked 
|  35|0x0000000707c00000, 0x0000000707c00000, 0x0000000707e00000|  0%| F|  |TAMS 0x0000000707c00000| PB 0x0000000707c00000| Untracked 
|  36|0x0000000707e00000, 0x0000000707e00000, 0x0000000708000000|  0%| F|  |TAMS 0x0000000707e00000| PB 0x0000000707e00000| Untracked 
|  37|0x0000000708000000, 0x0000000708000000, 0x0000000708200000|  0%| F|  |TAMS 0x0000000708000000| PB 0x0000000708000000| Untracked 
|  38|0x0000000708200000, 0x0000000708200000, 0x0000000708400000|  0%| F|  |TAMS 0x0000000708200000| PB 0x0000000708200000| Untracked 
|  39|0x0000000708400000, 0x0000000708400000, 0x0000000708600000|  0%| F|  |TAMS 0x0000000708400000| PB 0x0000000708400000| Untracked 
|  40|0x0000000708600000, 0x0000000708600000, 0x0000000708800000|  0%| F|  |TAMS 0x0000000708600000| PB 0x0000000708600000| Untracked 
|  41|0x0000000708800000, 0x0000000708800000, 0x0000000708a00000|  0%| F|  |TAMS 0x0000000708800000| PB 0x0000000708800000| Untracked 
|  42|0x0000000708a00000, 0x0000000708a00000, 0x0000000708c00000|  0%| F|  |TAMS 0x0000000708a00000| PB 0x0000000708a00000| Untracked 
|  43|0x0000000708c00000, 0x0000000708c00000, 0x0000000708e00000|  0%| F|  |TAMS 0x0000000708c00000| PB 0x0000000708c00000| Untracked 
|  44|0x0000000708e00000, 0x0000000708e00000, 0x0000000709000000|  0%| F|  |TAMS 0x0000000708e00000| PB 0x0000000708e00000| Untracked 
|  45|0x0000000709000000, 0x0000000709000000, 0x0000000709200000|  0%| F|  |TAMS 0x0000000709000000| PB 0x0000000709000000| Untracked 
|  46|0x0000000709200000, 0x0000000709200000, 0x0000000709400000|  0%| F|  |TAMS 0x0000000709200000| PB 0x0000000709200000| Untracked 
|  47|0x0000000709400000, 0x0000000709400000, 0x0000000709600000|  0%| F|  |TAMS 0x0000000709400000| PB 0x0000000709400000| Untracked 
|  48|0x0000000709600000, 0x0000000709600000, 0x0000000709800000|  0%| F|  |TAMS 0x0000000709600000| PB 0x0000000709600000| Untracked 
|  49|0x0000000709800000, 0x0000000709800000, 0x0000000709a00000|  0%| F|  |TAMS 0x0000000709800000| PB 0x0000000709800000| Untracked 
|  50|0x0000000709a00000, 0x0000000709a00000, 0x0000000709c00000|  0%| F|  |TAMS 0x0000000709a00000| PB 0x0000000709a00000| Untracked 
|  51|0x0000000709c00000, 0x0000000709c00000, 0x0000000709e00000|  0%| F|  |TAMS 0x0000000709c00000| PB 0x0000000709c00000| Untracked 
|  52|0x0000000709e00000, 0x0000000709e00000, 0x000000070a000000|  0%| F|  |TAMS 0x0000000709e00000| PB 0x0000000709e00000| Untracked 
|  53|0x000000070a000000, 0x000000070a000000, 0x000000070a200000|  0%| F|  |TAMS 0x000000070a000000| PB 0x000000070a000000| Untracked 
|  54|0x000000070a200000, 0x000000070a200000, 0x000000070a400000|  0%| F|  |TAMS 0x000000070a200000| PB 0x000000070a200000| Untracked 
|  55|0x000000070a400000, 0x000000070a400000, 0x000000070a600000|  0%| F|  |TAMS 0x000000070a400000| PB 0x000000070a400000| Untracked 
|  56|0x000000070a600000, 0x000000070a600000, 0x000000070a800000|  0%| F|  |TAMS 0x000000070a600000| PB 0x000000070a600000| Untracked 
|  57|0x000000070a800000, 0x000000070a800000, 0x000000070aa00000|  0%| F|  |TAMS 0x000000070a800000| PB 0x000000070a800000| Untracked 
|  58|0x000000070aa00000, 0x000000070aa00000, 0x000000070ac00000|  0%| F|  |TAMS 0x000000070aa00000| PB 0x000000070aa00000| Untracked 
|  59|0x000000070ac00000, 0x000000070ac00000, 0x000000070ae00000|  0%| F|  |TAMS 0x000000070ac00000| PB 0x000000070ac00000| Untracked 
|  60|0x000000070ae00000, 0x000000070ae00000, 0x000000070b000000|  0%| F|  |TAMS 0x000000070ae00000| PB 0x000000070ae00000| Untracked 
|  61|0x000000070b000000, 0x000000070b000000, 0x000000070b200000|  0%| F|  |TAMS 0x000000070b000000| PB 0x000000070b000000| Untracked 
|  62|0x000000070b200000, 0x000000070b200000, 0x000000070b400000|  0%| F|  |TAMS 0x000000070b200000| PB 0x000000070b200000| Untracked 
|  63|0x000000070b400000, 0x000000070b400000, 0x000000070b600000|  0%| F|  |TAMS 0x000000070b400000| PB 0x000000070b400000| Untracked 
|  64|0x000000070b600000, 0x000000070b600000, 0x000000070b800000|  0%| F|  |TAMS 0x000000070b600000| PB 0x000000070b600000| Untracked 
|  65|0x000000070b800000, 0x000000070b800000, 0x000000070ba00000|  0%| F|  |TAMS 0x000000070b800000| PB 0x000000070b800000| Untracked 
|  66|0x000000070ba00000, 0x000000070ba00000, 0x000000070bc00000|  0%| F|  |TAMS 0x000000070ba00000| PB 0x000000070ba00000| Untracked 
|  67|0x000000070bc00000, 0x000000070bc00000, 0x000000070be00000|  0%| F|  |TAMS 0x000000070bc00000| PB 0x000000070bc00000| Untracked 
|  68|0x000000070be00000, 0x000000070be00000, 0x000000070c000000|  0%| F|  |TAMS 0x000000070be00000| PB 0x000000070be00000| Untracked 
|  69|0x000000070c000000, 0x000000070c000000, 0x000000070c200000|  0%| F|  |TAMS 0x000000070c000000| PB 0x000000070c000000| Untracked 
|  70|0x000000070c200000, 0x000000070c200000, 0x000000070c400000|  0%| F|  |TAMS 0x000000070c200000| PB 0x000000070c200000| Untracked 
|  71|0x000000070c400000, 0x000000070c400000, 0x000000070c600000|  0%| F|  |TAMS 0x000000070c400000| PB 0x000000070c400000| Untracked 
|  72|0x000000070c600000, 0x000000070c600000, 0x000000070c800000|  0%| F|  |TAMS 0x000000070c600000| PB 0x000000070c600000| Untracked 
|  73|0x000000070c800000, 0x000000070c800000, 0x000000070ca00000|  0%| F|  |TAMS 0x000000070c800000| PB 0x000000070c800000| Untracked 
|  74|0x000000070ca00000, 0x000000070ca00000, 0x000000070cc00000|  0%| F|  |TAMS 0x000000070ca00000| PB 0x000000070ca00000| Untracked 
|  75|0x000000070cc00000, 0x000000070cc00000, 0x000000070ce00000|  0%| F|  |TAMS 0x000000070cc00000| PB 0x000000070cc00000| Untracked 
|  76|0x000000070ce00000, 0x000000070ce00000, 0x000000070d000000|  0%| F|  |TAMS 0x000000070ce00000| PB 0x000000070ce00000| Untracked 
|  77|0x000000070d000000, 0x000000070d000000, 0x000000070d200000|  0%| F|  |TAMS 0x000000070d000000| PB 0x000000070d000000| Untracked 
|  78|0x000000070d200000, 0x000000070d200000, 0x000000070d400000|  0%| F|  |TAMS 0x000000070d200000| PB 0x000000070d200000| Untracked 
|  79|0x000000070d400000, 0x000000070d400000, 0x000000070d600000|  0%| F|  |TAMS 0x000000070d400000| PB 0x000000070d400000| Untracked 
|  80|0x000000070d600000, 0x000000070d600000, 0x000000070d800000|  0%| F|  |TAMS 0x000000070d600000| PB 0x000000070d600000| Untracked 
|  81|0x000000070d800000, 0x000000070d800000, 0x000000070da00000|  0%| F|  |TAMS 0x000000070d800000| PB 0x000000070d800000| Untracked 
|  82|0x000000070da00000, 0x000000070da00000, 0x000000070dc00000|  0%| F|  |TAMS 0x000000070da00000| PB 0x000000070da00000| Untracked 
|  83|0x000000070dc00000, 0x000000070dc00000, 0x000000070de00000|  0%| F|  |TAMS 0x000000070dc00000| PB 0x000000070dc00000| Untracked 
|  84|0x000000070de00000, 0x000000070de00000, 0x000000070e000000|  0%| F|  |TAMS 0x000000070de00000| PB 0x000000070de00000| Untracked 
|  85|0x000000070e000000, 0x000000070e000000, 0x000000070e200000|  0%| F|  |TAMS 0x000000070e000000| PB 0x000000070e000000| Untracked 
|  86|0x000000070e200000, 0x000000070e200000, 0x000000070e400000|  0%| F|  |TAMS 0x000000070e200000| PB 0x000000070e200000| Untracked 
|  87|0x000000070e400000, 0x000000070e400000, 0x000000070e600000|  0%| F|  |TAMS 0x000000070e400000| PB 0x000000070e400000| Untracked 
|  88|0x000000070e600000, 0x000000070e600000, 0x000000070e800000|  0%| F|  |TAMS 0x000000070e600000| PB 0x000000070e600000| Untracked 
|  89|0x000000070e800000, 0x000000070e800000, 0x000000070ea00000|  0%| F|  |TAMS 0x000000070e800000| PB 0x000000070e800000| Untracked 
|  90|0x000000070ea00000, 0x000000070ea00000, 0x000000070ec00000|  0%| F|  |TAMS 0x000000070ea00000| PB 0x000000070ea00000| Untracked 
|  91|0x000000070ec00000, 0x000000070ec00000, 0x000000070ee00000|  0%| F|  |TAMS 0x000000070ec00000| PB 0x000000070ec00000| Untracked 
|  92|0x000000070ee00000, 0x000000070ee00000, 0x000000070f000000|  0%| F|  |TAMS 0x000000070ee00000| PB 0x000000070ee00000| Untracked 
|  93|0x000000070f000000, 0x000000070f000000, 0x000000070f200000|  0%| F|  |TAMS 0x000000070f000000| PB 0x000000070f000000| Untracked 
|  94|0x000000070f200000, 0x000000070f200000, 0x000000070f400000|  0%| F|  |TAMS 0x000000070f200000| PB 0x000000070f200000| Untracked 
|  95|0x000000070f400000, 0x000000070f400000, 0x000000070f600000|  0%| F|  |TAMS 0x000000070f400000| PB 0x000000070f400000| Untracked 
|  96|0x000000070f600000, 0x000000070f600000, 0x000000070f800000|  0%| F|  |TAMS 0x000000070f600000| PB 0x000000070f600000| Untracked 
|  97|0x000000070f800000, 0x000000070f800000, 0x000000070fa00000|  0%| F|  |TAMS 0x000000070f800000| PB 0x000000070f800000| Untracked 
|  98|0x000000070fa00000, 0x000000070fa00000, 0x000000070fc00000|  0%| F|  |TAMS 0x000000070fa00000| PB 0x000000070fa00000| Untracked 
|  99|0x000000070fc00000, 0x000000070fc00000, 0x000000070fe00000|  0%| F|  |TAMS 0x000000070fc00000| PB 0x000000070fc00000| Untracked 
| 100|0x000000070fe00000, 0x000000070fe00000, 0x0000000710000000|  0%| F|  |TAMS 0x000000070fe00000| PB 0x000000070fe00000| Untracked 
| 101|0x0000000710000000, 0x0000000710000000, 0x0000000710200000|  0%| F|  |TAMS 0x0000000710000000| PB 0x0000000710000000| Untracked 
| 102|0x0000000710200000, 0x0000000710200000, 0x0000000710400000|  0%| F|  |TAMS 0x0000000710200000| PB 0x0000000710200000| Untracked 
| 103|0x0000000710400000, 0x0000000710400000, 0x0000000710600000|  0%| F|  |TAMS 0x0000000710400000| PB 0x0000000710400000| Untracked 
| 104|0x0000000710600000, 0x0000000710600000, 0x0000000710800000|  0%| F|  |TAMS 0x0000000710600000| PB 0x0000000710600000| Untracked 
| 105|0x0000000710800000, 0x0000000710800000, 0x0000000710a00000|  0%| F|  |TAMS 0x0000000710800000| PB 0x0000000710800000| Untracked 
| 106|0x0000000710a00000, 0x0000000710a00000, 0x0000000710c00000|  0%| F|  |TAMS 0x0000000710a00000| PB 0x0000000710a00000| Untracked 
| 107|0x0000000710c00000, 0x0000000710c00000, 0x0000000710e00000|  0%| F|  |TAMS 0x0000000710c00000| PB 0x0000000710c00000| Untracked 
| 108|0x0000000710e00000, 0x0000000710e00000, 0x0000000711000000|  0%| F|  |TAMS 0x0000000710e00000| PB 0x0000000710e00000| Untracked 
| 109|0x0000000711000000, 0x0000000711000000, 0x0000000711200000|  0%| F|  |TAMS 0x0000000711000000| PB 0x0000000711000000| Untracked 
| 110|0x0000000711200000, 0x0000000711200000, 0x0000000711400000|  0%| F|  |TAMS 0x0000000711200000| PB 0x0000000711200000| Untracked 
| 111|0x0000000711400000, 0x0000000711400000, 0x0000000711600000|  0%| F|  |TAMS 0x0000000711400000| PB 0x0000000711400000| Untracked 
| 112|0x0000000711600000, 0x0000000711600000, 0x0000000711800000|  0%| F|  |TAMS 0x0000000711600000| PB 0x0000000711600000| Untracked 
| 113|0x0000000711800000, 0x0000000711800000, 0x0000000711a00000|  0%| F|  |TAMS 0x0000000711800000| PB 0x0000000711800000| Untracked 
| 114|0x0000000711a00000, 0x0000000711a00000, 0x0000000711c00000|  0%| F|  |TAMS 0x0000000711a00000| PB 0x0000000711a00000| Untracked 
| 115|0x0000000711c00000, 0x0000000711c00000, 0x0000000711e00000|  0%| F|  |TAMS 0x0000000711c00000| PB 0x0000000711c00000| Untracked 
| 116|0x0000000711e00000, 0x0000000711e00000, 0x0000000712000000|  0%| F|  |TAMS 0x0000000711e00000| PB 0x0000000711e00000| Untracked 
| 117|0x0000000712000000, 0x00000007121d0d88, 0x0000000712200000| 90%| E|  |TAMS 0x0000000712000000| PB 0x0000000712000000| Complete 
| 118|0x0000000712200000, 0x0000000712400000, 0x0000000712400000|100%| E|CS|TAMS 0x0000000712200000| PB 0x0000000712200000| Complete 
| 119|0x0000000712400000, 0x0000000712600000, 0x0000000712600000|100%| E|CS|TAMS 0x0000000712400000| PB 0x0000000712400000| Complete 
| 120|0x0000000712600000, 0x0000000712800000, 0x0000000712800000|100%| E|CS|TAMS 0x0000000712600000| PB 0x0000000712600000| Complete 
| 121|0x0000000712800000, 0x0000000712a00000, 0x0000000712a00000|100%| E|  |TAMS 0x0000000712800000| PB 0x0000000712800000| Complete 
| 122|0x0000000712a00000, 0x0000000712c00000, 0x0000000712c00000|100%| E|CS|TAMS 0x0000000712a00000| PB 0x0000000712a00000| Complete 
| 123|0x0000000712c00000, 0x0000000712e00000, 0x0000000712e00000|100%| E|CS|TAMS 0x0000000712c00000| PB 0x0000000712c00000| Complete 
| 124|0x0000000712e00000, 0x0000000713000000, 0x0000000713000000|100%| E|CS|TAMS 0x0000000712e00000| PB 0x0000000712e00000| Complete 
| 125|0x0000000713000000, 0x0000000713200000, 0x0000000713200000|100%| E|CS|TAMS 0x0000000713000000| PB 0x0000000713000000| Complete 
| 126|0x0000000713200000, 0x0000000713400000, 0x0000000713400000|100%| E|CS|TAMS 0x0000000713200000| PB 0x0000000713200000| Complete 

Card table byte_map: [0x000001b517c30000,0x000001b518420000] _byte_map_base: 0x000001b514415000

Marking Bits: (CMBitMap*) 0x000001b57fddbd70
 Bits: [0x000001b518c10000, 0x000001b51cb38000)

Polling page: 0x000001b57dce0000

Metaspace:

Usage:
  Non-class:      2.81 MB used.
      Class:    256.38 KB used.
       Both:      3.06 MB used.

Virtual space:
  Non-class space:       64.00 MB reserved,       2.94 MB (  5%) committed,  1 nodes.
      Class space:        1.00 GB reserved,     384.00 KB ( <1%) committed,  1 nodes.
             Both:        1.06 GB reserved,       3.31 MB ( <1%) committed. 

Chunk freelists:
   Non-Class:  3.17 MB
       Class:  3.66 MB
        Both:  6.83 MB

MaxMetaspaceSize: unlimited
CompressedClassSpaceSize: 1.00 GB
Initial GC threshold: 21.00 MB
Current GC threshold: 21.00 MB
CDS: on
MetaspaceReclaimPolicy: balanced
 - commit_granule_bytes: 65536.
 - commit_granule_words: 8192.
 - virtual_space_node_default_size: 8388608.
 - enlarge_chunks_in_place: 1.
 - new_chunks_are_fully_committed: 0.
 - uncommit_free_chunks: 1.
 - use_allocation_guard: 0.


Internal statistics:

num_allocs_failed_limit: 0.
num_arena_births: 84.
num_arena_deaths: 0.
num_vsnodes_births: 2.
num_vsnodes_deaths: 0.
num_space_committed: 53.
num_space_uncommitted: 0.
num_chunks_returned_to_freelist: 0.
num_chunks_taken_from_freelist: 132.
num_chunk_merges: 0.
num_chunk_splits: 85.
num_chunks_enlarged: 52.
num_inconsistent_stats: 0.

CodeHeap 'non-profiled nmethods': size=120000Kb used=385Kb max_used=385Kb free=119614Kb
 bounds [0x000001b50fad0000, 0x000001b50fd40000, 0x000001b517000000]
CodeHeap 'profiled nmethods': size=120000Kb used=1276Kb max_used=1276Kb free=118723Kb
 bounds [0x000001b508000000, 0x000001b508270000, 0x000001b50f530000]
CodeHeap 'non-nmethods': size=5760Kb used=1543Kb max_used=1556Kb free=4216Kb
 bounds [0x000001b50f530000, 0x000001b50f7a0000, 0x000001b50fad0000]
 total_blobs=1359 nmethods=884 adapters=386
 compilation: enabled
              stopped_count=0, restarted_count=0
 full_count=0

Compilation events (20 events):
Event: 0.366 Thread 0x000001b5649259a0  870       3       java.lang.StringConcatHelper::checkOverflow (17 bytes)
Event: 0.366 Thread 0x000001b5649259a0 nmethod 870 0x000001b50813d510 code [0x000001b50813d6a0, 0x000001b50813d870]
Event: 0.366 Thread 0x000001b5649259a0  871       1       java.security.CodeSource::getLocationNoFragString (5 bytes)
Event: 0.366 Thread 0x000001b5649259a0 nmethod 871 0x000001b50fb2ec10 code [0x000001b50fb2ed80, 0x000001b50fb2ee50]
Event: 0.368 Thread 0x000001b5649259a0  872       3       java.util.regex.Pattern::isSupplementary (21 bytes)
Event: 0.368 Thread 0x000001b5649259a0 nmethod 872 0x000001b50813d910 code [0x000001b50813daa0, 0x000001b50813dd20]
Event: 0.368 Thread 0x000001b5649259a0  874       3       java.util.regex.Pattern::peek (26 bytes)
Event: 0.368 Thread 0x000001b564922d20  876       4       java.lang.invoke.MethodType::parameterCount (6 bytes)
Event: 0.368 Thread 0x000001b5649259a0 nmethod 874 0x000001b50813de10 code [0x000001b50813dfc0, 0x000001b50813e228]
Event: 0.368 Thread 0x000001b5649259a0  873       3       java.lang.Character::isSurrogate (18 bytes)
Event: 0.368 Thread 0x000001b5649259a0 nmethod 873 0x000001b50813e390 code [0x000001b50813e520, 0x000001b50813e6a8]
Event: 0.368 Thread 0x000001b564922d20 nmethod 876 0x000001b50fb2fb10 code [0x000001b50fb2fc80, 0x000001b50fb2fd18]
Event: 0.370 Thread 0x000001b5649259a0  881       3       java.lang.Integer::toUnsignedLong (7 bytes)
Event: 0.370 Thread 0x000001b5649259a0 nmethod 881 0x000001b50813e710 code [0x000001b50813e8a0, 0x000001b50813e9a0]
Event: 0.370 Thread 0x000001b5649259a0  883       3       org.lwjgl.system.MemoryUtil::memPutAddress (29 bytes)
Event: 0.370 Thread 0x000001b564922d20  884       4       java.lang.Integer::toUnsignedLong (7 bytes)
Event: 0.370 Thread 0x000001b5649259a0 nmethod 883 0x000001b50813ea10 code [0x000001b50813eba0, 0x000001b50813ed98]
Event: 0.370 Thread 0x000001b5649259a0  882       3       sun.misc.Unsafe::putLong (11 bytes)
Event: 0.370 Thread 0x000001b5649259a0 nmethod 882 0x000001b50813ee90 code [0x000001b50813f020, 0x000001b50813f130]
Event: 0.370 Thread 0x000001b564922d20 nmethod 884 0x000001b50fb30210 code [0x000001b50fb30380, 0x000001b50fb303e8]

GC Heap History (0 events):
No events

Dll operation events (11 events):
Event: 0.008 Loaded shared library C:\Users\stas2\.jdks\openjdk-20.0.2-1\bin\java.dll
Event: 0.028 Loaded shared library C:\Users\stas2\.jdks\openjdk-20.0.2-1\bin\jsvml.dll
Event: 0.081 Loaded shared library C:\Users\stas2\.jdks\openjdk-20.0.2-1\bin\net.dll
Event: 0.083 Loaded shared library C:\Users\stas2\.jdks\openjdk-20.0.2-1\bin\nio.dll
Event: 0.086 Loaded shared library C:\Users\stas2\.jdks\openjdk-20.0.2-1\bin\zip.dll
Event: 0.227 Loaded shared library C:\Users\stas2\.jdks\openjdk-20.0.2-1\bin\zip.dll
Event: 0.229 Loaded shared library C:\Users\stas2\.jdks\openjdk-20.0.2-1\bin\instrument.dll
Event: 0.248 Loaded shared library C:\IntelliJ IDEA Community Edition 2021.3.2\IntelliJ IDEA Community Edition 2023.2.1\bin\breakgen64.dll
Event: 0.286 Loaded shared library C:\Users\stas2\.jdks\openjdk-20.0.2-1\bin\jimage.dll
Event: 0.307 Loaded shared library C:\Users\stas2\AppData\Local\Temp\lwjgl_stas2\3.3.4+7\x64\lwjgl.dll
Event: 0.348 Loaded shared library C:\Users\stas2\AppData\Local\Temp\lwjgl_stas2\3.3.4+7\x64\lwjgl_opengl.dll

Deoptimization events (20 events):
Event: 0.245 Thread 0x000001b57fd6b0f0 Uncommon trap: trap_request=0xffffffde fr.pc=0x000001b50fb084a0 relative=0x0000000000000120
Event: 0.245 Thread 0x000001b57fd6b0f0 Uncommon trap: reason=class_check action=maybe_recompile pc=0x000001b50fb084a0 method=jdk.internal.misc.Unsafe.allocateUninitializedArray(Ljava/lang/Class;I)Ljava/lang/Object; @ 51 c2
Event: 0.245 Thread 0x000001b57fd6b0f0 DEOPT PACKING pc=0x000001b50fb084a0 sp=0x00000060bf5fda10
Event: 0.245 Thread 0x000001b57fd6b0f0 DEOPT UNPACKING pc=0x000001b50f54d2a2 sp=0x00000060bf5fd9a0 mode 2
Event: 0.245 Thread 0x000001b57fd6b0f0 Uncommon trap: trap_request=0xffffffde fr.pc=0x000001b50fb084a0 relative=0x0000000000000120
Event: 0.245 Thread 0x000001b57fd6b0f0 Uncommon trap: reason=class_check action=maybe_recompile pc=0x000001b50fb084a0 method=jdk.internal.misc.Unsafe.allocateUninitializedArray(Ljava/lang/Class;I)Ljava/lang/Object; @ 51 c2
Event: 0.245 Thread 0x000001b57fd6b0f0 DEOPT PACKING pc=0x000001b50fb084a0 sp=0x00000060bf5fd760
Event: 0.245 Thread 0x000001b57fd6b0f0 DEOPT UNPACKING pc=0x000001b50f54d2a2 sp=0x00000060bf5fd6f0 mode 2
Event: 0.246 Thread 0x000001b57fd6b0f0 Uncommon trap: trap_request=0xffffffde fr.pc=0x000001b50fb084a0 relative=0x0000000000000120
Event: 0.246 Thread 0x000001b57fd6b0f0 Uncommon trap: reason=class_check action=maybe_recompile pc=0x000001b50fb084a0 method=jdk.internal.misc.Unsafe.allocateUninitializedArray(Ljava/lang/Class;I)Ljava/lang/Object; @ 51 c2
Event: 0.246 Thread 0x000001b57fd6b0f0 DEOPT PACKING pc=0x000001b50fb084a0 sp=0x00000060bf5fa330
Event: 0.246 Thread 0x000001b57fd6b0f0 DEOPT UNPACKING pc=0x000001b50f54d2a2 sp=0x00000060bf5fa2c0 mode 2
Event: 0.249 Thread 0x000001b57fd6b0f0 Uncommon trap: trap_request=0xffffff45 fr.pc=0x000001b50fad1634 relative=0x00000000000000b4
Event: 0.249 Thread 0x000001b57fd6b0f0 Uncommon trap: reason=unstable_if action=reinterpret pc=0x000001b50fad1634 method=java.lang.String.isLatin1()Z @ 10 c2
Event: 0.249 Thread 0x000001b57fd6b0f0 DEOPT PACKING pc=0x000001b50fad1634 sp=0x00000060bf5fef30
Event: 0.249 Thread 0x000001b57fd6b0f0 DEOPT UNPACKING pc=0x000001b50f54d2a2 sp=0x00000060bf5fee70 mode 2
Event: 0.320 Thread 0x000001b57fd6b0f0 Uncommon trap: trap_request=0xffffff45 fr.pc=0x000001b50fae76f4 relative=0x0000000000000174
Event: 0.320 Thread 0x000001b57fd6b0f0 Uncommon trap: reason=unstable_if action=reinterpret pc=0x000001b50fae76f4 method=java.lang.String.startsWith(Ljava/lang/String;I)Z @ 1 c2
Event: 0.320 Thread 0x000001b57fd6b0f0 DEOPT PACKING pc=0x000001b50fae76f4 sp=0x00000060bf5fbc10
Event: 0.320 Thread 0x000001b57fd6b0f0 DEOPT UNPACKING pc=0x000001b50f54d2a2 sp=0x00000060bf5fbb78 mode 2

Classes loaded (20 events):
Event: 0.356 Loading class java/nio/DirectFloatBufferU
Event: 0.356 Loading class java/nio/DirectFloatBufferU done
Event: 0.356 Loading class java/nio/DirectDoubleBufferU
Event: 0.356 Loading class java/nio/DirectDoubleBufferU done
Event: 0.356 Loading class sun/misc/Unsafe
Event: 0.357 Loading class sun/misc/Unsafe done
Event: 0.357 Loading class java/lang/invoke/DirectMethodHandle$StaticAccessor
Event: 0.357 Loading class java/lang/invoke/DirectMethodHandle$StaticAccessor done
Event: 0.358 Loading class java/util/function/LongPredicate
Event: 0.358 Loading class java/util/function/LongPredicate done
Event: 0.359 Loading class java/lang/foreign/MemorySegment
Event: 0.360 Loading class java/lang/foreign/MemorySegment done
Event: 0.363 Loading class java/nio/InvalidMarkException
Event: 0.363 Loading class java/nio/InvalidMarkException done
Event: 0.363 Loading class java/nio/BufferUnderflowException
Event: 0.363 Loading class java/nio/BufferUnderflowException done
Event: 0.364 Loading class java/lang/IndexOutOfBoundsException
Event: 0.364 Loading class java/lang/IndexOutOfBoundsException done
Event: 0.368 Loading class java/util/Formatter$FixedString
Event: 0.369 Loading class java/util/Formatter$FixedString done

Classes unloaded (0 events):
No events

Classes redefined (0 events):
No events

Internal exceptions (20 events):
Event: 0.278 Thread 0x000001b57fd6b0f0 Exception <a 'java/lang/NoSuchMethodError'{0x00000007122652f0}: 'void java.lang.System.loadLibrary(java.lang.String, java.lang.Class)'> (0x00000007122652f0) 
thrown [s\open\src\hotspot\share\interpreter\linkResolver.cpp, line 773]
Event: 0.285 Thread 0x000001b57fd6b0f0 Exception <a 'java/lang/NoSuchMethodError'{0x00000007122c8010}: 'void java.lang.System.load(java.lang.String, java.lang.Class)'> (0x00000007122c8010) 
thrown [s\open\src\hotspot\share\interpreter\linkResolver.cpp, line 773]
Event: 0.285 Thread 0x000001b57fd6b0f0 Exception <a 'java/lang/NoSuchMethodError'{0x00000007122caef0}: 'void java.lang.System.loadLibrary(java.lang.String, java.lang.Class)'> (0x00000007122caef0) 
thrown [s\open\src\hotspot\share\interpreter\linkResolver.cpp, line 773]
Event: 0.292 Thread 0x000001b57fd6b0f0 Exception <a 'sun/nio/fs/WindowsException'{0x0000000712343718}> (0x0000000712343718) 
thrown [s\open\src\hotspot\share\prims\jni.cpp, line 519]
Event: 0.311 Thread 0x000001b57fd6b0f0 Exception <a 'sun/nio/fs/WindowsException'{0x0000000712031a98}> (0x0000000712031a98) 
thrown [s\open\src\hotspot\share\prims\jni.cpp, line 519]
Event: 0.311 Thread 0x000001b57fd6b0f0 Exception <a 'sun/nio/fs/WindowsException'{0x0000000712031de8}> (0x0000000712031de8) 
thrown [s\open\src\hotspot\share\prims\jni.cpp, line 519]
Event: 0.315 Thread 0x000001b57fd6b0f0 Exception <a 'sun/nio/fs/WindowsException'{0x0000000712051388}> (0x0000000712051388) 
thrown [s\open\src\hotspot\share\prims\jni.cpp, line 519]
Event: 0.343 Thread 0x000001b57fd6b0f0 Exception <a 'sun/nio/fs/WindowsException'{0x00000007120a3dc0}> (0x00000007120a3dc0) 
thrown [s\open\src\hotspot\share\prims\jni.cpp, line 519]
Event: 0.347 Thread 0x000001b57fd6b0f0 Exception <a 'sun/nio/fs/WindowsException'{0x00000007120b0f48}> (0x00000007120b0f48) 
thrown [s\open\src\hotspot\share\prims\jni.cpp, line 519]
Event: 0.347 Thread 0x000001b57fd6b0f0 Exception <a 'sun/nio/fs/WindowsException'{0x00000007120b12e8}> (0x00000007120b12e8) 
thrown [s\open\src\hotspot\share\prims\jni.cpp, line 519]
Event: 0.349 Thread 0x000001b57fd6b0f0 Exception <a 'sun/nio/fs/WindowsException'{0x00000007120b3760}> (0x00000007120b3760) 
thrown [s\open\src\hotspot\share\prims\jni.cpp, line 519]
Event: 0.351 Thread 0x000001b57fd6b0f0 Exception <a 'sun/nio/fs/WindowsException'{0x00000007120babc0}> (0x00000007120babc0) 
thrown [s\open\src\hotspot\share\prims\jni.cpp, line 519]
Event: 0.351 Thread 0x000001b57fd6b0f0 Exception <a 'sun/nio/fs/WindowsException'{0x00000007120bc220}> (0x00000007120bc220) 
thrown [s\open\src\hotspot\share\prims\jni.cpp, line 519]
Event: 0.351 Thread 0x000001b57fd6b0f0 Exception <a 'sun/nio/fs/WindowsException'{0x00000007120bc4f0}> (0x00000007120bc4f0) 
thrown [s\open\src\hotspot\share\prims\jni.cpp, line 519]
Event: 0.359 Thread 0x000001b57fd6b0f0 Exception <a 'java/lang/NoSuchMethodError'{0x000000071210c240}: 'int java.lang.invoke.DirectMethodHandle$Holder.invokeStaticInit(java.lang.Object, java.lang.Object, int, long)'> (0x000000071210c240) 
thrown [s\open\src\hotspot\share\interpreter\linkResolver.cpp, line 773]
Event: 0.359 Thread 0x000001b57fd6b0f0 Exception <a 'java/lang/NoSuchMethodError'{0x0000000712111c48}: 'java.lang.Object java.lang.invoke.DirectMethodHandle$Holder.newInvokeSpecial(java.lang.Object, java.lang.Object, int)'> (0x0000000712111c48) 
thrown [s\open\src\hotspot\share\interpreter\linkResolver.cpp, line 773]
Event: 0.361 Thread 0x000001b57fd6b0f0 Exception <a 'java/lang/NoSuchMethodError'{0x0000000712120998}: 'int java.lang.invoke.DirectMethodHandle$Holder.invokeStaticInit(java.lang.Object, java.lang.Object, long, long)'> (0x0000000712120998) 
thrown [s\open\src\hotspot\share\interpreter\linkResolver.cpp, line 773]
Event: 0.361 Thread 0x000001b57fd6b0f0 Exception <a 'java/lang/NoSuchMethodError'{0x0000000712126a90}: 'java.lang.Object java.lang.invoke.DirectMethodHandle$Holder.newInvokeSpecial(java.lang.Object, java.lang.Object, long)'> (0x0000000712126a90) 
thrown [s\open\src\hotspot\share\interpreter\linkResolver.cpp, line 773]
Event: 0.361 Thread 0x000001b57fd6b0f0 Exception <a 'java/lang/NoSuchMethodError'{0x000000071212aaf8}: 'java.lang.Object java.lang.invoke.Invokers$Holder.linkToTargetMethod(java.lang.Object, long, java.lang.Object)'> (0x000000071212aaf8) 
thrown [s\open\src\hotspot\share\interpreter\linkResolver.cpp, line 773]
Event: 0.362 Thread 0x000001b57fd6b0f0 Exception <a 'java/lang/NoSuchMethodError'{0x0000000712131b60}: 'int java.lang.invoke.DirectMethodHandle$Holder.invokeStaticInit(java.lang.Object, java.lang.Object, java.lang.Object, long)'> (0x0000000712131b60) 
thrown [s\open\src\hotspot\share\interpreter\linkResolver.cpp, line 773]

VM Operations (12 events):
Event: 0.119 Executing VM operation: HandshakeAllThreads
Event: 0.119 Executing VM operation: HandshakeAllThreads done
Event: 0.120 Executing VM operation: HandshakeAllThreads
Event: 0.120 Executing VM operation: HandshakeAllThreads done
Event: 0.215 Executing VM operation: HandshakeAllThreads
Event: 0.215 Executing VM operation: HandshakeAllThreads done
Event: 0.251 Executing VM operation: HandshakeAllThreads
Event: 0.251 Executing VM operation: HandshakeAllThreads done
Event: 0.273 Executing VM operation: HandshakeAllThreads
Event: 0.273 Executing VM operation: HandshakeAllThreads done
Event: 0.302 Executing VM operation: HandshakeAllThreads
Event: 0.302 Executing VM operation: HandshakeAllThreads done

Events (14 events):
Event: 0.028 Thread 0x000001b57fd6b0f0 Thread added: 0x000001b57fd6b0f0
Event: 0.043 Thread 0x000001b5649050b0 Thread added: 0x000001b5649050b0
Event: 0.044 Thread 0x000001b564909d60 Thread added: 0x000001b564909d60
Event: 0.044 Thread 0x000001b56490ef50 Thread added: 0x000001b56490ef50
Event: 0.044 Thread 0x000001b564912fb0 Thread added: 0x000001b564912fb0
Event: 0.044 Thread 0x000001b5649150b0 Thread added: 0x000001b5649150b0
Event: 0.044 Thread 0x000001b564916330 Thread added: 0x000001b564916330
Event: 0.044 Thread 0x000001b56491a290 Thread added: 0x000001b56491a290
Event: 0.044 Thread 0x000001b5649259a0 Thread added: 0x000001b5649259a0
Event: 0.075 Thread 0x000001b564a65480 Thread added: 0x000001b564a65480
Event: 0.113 Thread 0x000001b564924e80 Thread added: 0x000001b564924e80
Event: 0.115 Thread 0x000001b564922d20 Thread added: 0x000001b564922d20
Event: 0.249 Thread 0x000001b564db9420 Thread added: 0x000001b564db9420
Event: 0.249 Thread 0x000001b564db9970 Thread added: 0x000001b564db9970


Dynamic libraries:
0x00007ff6a1460000 - 0x00007ff6a146e000 	C:\Users\stas2\.jdks\openjdk-20.0.2-1\bin\java.exe
0x00007ffdb1530000 - 0x00007ffdb1747000 	C:\Windows\SYSTEM32\ntdll.dll
0x00007ffdaf4d0000 - 0x00007ffdaf594000 	C:\Windows\System32\KERNEL32.DLL
0x00007ffdaeda0000 - 0x00007ffdaf171000 	C:\Windows\System32\KERNELBASE.dll
0x00007ffdae670000 - 0x00007ffdae781000 	C:\Windows\System32\ucrtbase.dll
0x00007ffd96d90000 - 0x00007ffd96da7000 	C:\Users\stas2\.jdks\openjdk-20.0.2-1\bin\jli.dll
0x00007ffd97ef0000 - 0x00007ffd97f0b000 	C:\Users\stas2\.jdks\openjdk-20.0.2-1\bin\VCRUNTIME140.dll
0x00007ffdaf830000 - 0x00007ffdaf9e1000 	C:\Windows\System32\USER32.dll
0x00007ffdae860000 - 0x00007ffdae886000 	C:\Windows\System32\win32u.dll
0x00007ffd8c1d0000 - 0x00007ffd8c462000 	C:\Windows\WinSxS\amd64_microsoft.windows.common-controls_6595b64144ccf1df_6.0.22621.4830_none_270fe7d773858e80\COMCTL32.dll
0x00007ffdaf200000 - 0x00007ffdaf229000 	C:\Windows\System32\GDI32.dll
0x00007ffdb0490000 - 0x00007ffdb0537000 	C:\Windows\System32\msvcrt.dll
0x00007ffdae9d0000 - 0x00007ffdaeaeb000 	C:\Windows\System32\gdi32full.dll
0x00007ffdae7c0000 - 0x00007ffdae85a000 	C:\Windows\System32\msvcp_win.dll
0x00007ffdafd30000 - 0x00007ffdafd61000 	C:\Windows\System32\IMM32.DLL
0x00007ffd96d80000 - 0x00007ffd96d8c000 	C:\Users\stas2\.jdks\openjdk-20.0.2-1\bin\vcruntime140_1.dll
0x00007ffd7d3b0000 - 0x00007ffd7d43e000 	C:\Users\stas2\.jdks\openjdk-20.0.2-1\bin\msvcp140.dll
0x00007ffca2760000 - 0x00007ffca33f8000 	C:\Users\stas2\.jdks\openjdk-20.0.2-1\bin\server\jvm.dll
0x00007ffdb0af0000 - 0x00007ffdb0ba1000 	C:\Windows\System32\ADVAPI32.dll
0x00007ffdb09e0000 - 0x00007ffdb0a87000 	C:\Windows\System32\sechost.dll
0x00007ffdae790000 - 0x00007ffdae7b8000 	C:\Windows\System32\bcrypt.dll
0x00007ffdb0200000 - 0x00007ffdb0314000 	C:\Windows\System32\RPCRT4.dll
0x00007ffda59d0000 - 0x00007ffda5a04000 	C:\Windows\SYSTEM32\WINMM.dll
0x00007ffd68240000 - 0x00007ffd68249000 	C:\Windows\SYSTEM32\WSOCK32.dll
0x00007ffda7c70000 - 0x00007ffda7c7a000 	C:\Windows\SYSTEM32\VERSION.dll
0x00007ffdaf230000 - 0x00007ffdaf2a1000 	C:\Windows\System32\WS2_32.dll
0x00007ffdad7b0000 - 0x00007ffdad7c8000 	C:\Windows\SYSTEM32\kernel.appcore.dll
0x00007ffd96680000 - 0x00007ffd9668a000 	C:\Users\stas2\.jdks\openjdk-20.0.2-1\bin\jimage.dll
0x00007ffdac100000 - 0x00007ffdac332000 	C:\Windows\SYSTEM32\DBGHELP.DLL
0x00007ffdb0650000 - 0x00007ffdb09e0000 	C:\Windows\System32\combase.dll
0x00007ffdb03a0000 - 0x00007ffdb0477000 	C:\Windows\System32\OLEAUT32.dll
0x00007ffd94c50000 - 0x00007ffd94c82000 	C:\Windows\SYSTEM32\dbgcore.DLL
0x00007ffdaf180000 - 0x00007ffdaf1fb000 	C:\Windows\System32\bcryptPrimitives.dll
0x00007ffda6f50000 - 0x00007ffda6f5e000 	C:\Users\stas2\.jdks\openjdk-20.0.2-1\bin\instrument.dll
0x00007ffd7e200000 - 0x00007ffd7e226000 	C:\Users\stas2\.jdks\openjdk-20.0.2-1\bin\java.dll
0x00007ffd7bd20000 - 0x00007ffd7bdf7000 	C:\Users\stas2\.jdks\openjdk-20.0.2-1\bin\jsvml.dll
0x00007ffdb0bd0000 - 0x00007ffdb1458000 	C:\Windows\System32\SHELL32.dll
0x00007ffdae890000 - 0x00007ffdae9cf000 	C:\Windows\System32\wintypes.dll
0x00007ffdac590000 - 0x00007ffdace9d000 	C:\Windows\SYSTEM32\windows.storage.dll
0x00007ffdaf9f0000 - 0x00007ffdafafa000 	C:\Windows\System32\SHCORE.dll
0x00007ffdb0a90000 - 0x00007ffdb0aee000 	C:\Windows\System32\shlwapi.dll
0x00007ffdae5a0000 - 0x00007ffdae5cb000 	C:\Windows\SYSTEM32\profapi.dll
0x00007ffd8a2e0000 - 0x00007ffd8a2f3000 	C:\Users\stas2\.jdks\openjdk-20.0.2-1\bin\net.dll
0x00007ffda7a70000 - 0x00007ffda7b9c000 	C:\Windows\SYSTEM32\WINHTTP.dll
0x00007ffdadc20000 - 0x00007ffdadc8a000 	C:\Windows\system32\mswsock.dll
0x00007ffd7e1e0000 - 0x00007ffd7e1f6000 	C:\Users\stas2\.jdks\openjdk-20.0.2-1\bin\nio.dll
0x00007ffd7e1c0000 - 0x00007ffd7e1d8000 	C:\Users\stas2\.jdks\openjdk-20.0.2-1\bin\zip.dll
0x00007ffd97e70000 - 0x00007ffd97e8a000 	C:\IntelliJ IDEA Community Edition 2021.3.2\IntelliJ IDEA Community Edition 2023.2.1\bin\breakgen64.dll
0x00007ffd7e790000 - 0x00007ffd7e80b000 	C:\Users\stas2\AppData\Local\Temp\lwjgl_stas2\3.3.4+7\x64\lwjgl.dll
0x00007ffd7e6d0000 - 0x00007ffd7e731000 	C:\Users\stas2\AppData\Local\Temp\lwjgl_stas2\3.3.4+7\x64\lwjgl_opengl.dll
0x00007ffd8bda0000 - 0x00007ffd8bea0000 	C:\Windows\SYSTEM32\opengl32.dll
0x00007ffd96a30000 - 0x00007ffd96a5d000 	C:\Windows\SYSTEM32\GLU32.dll
0x00007ffdab8f0000 - 0x00007ffdab927000 	C:\Windows\SYSTEM32\dxcore.dll

dbghelp: loaded successfully - version: 4.0.5 - missing functions: none
symbol engine: initialized successfully - sym options: 0x614 - pdb path: .;C:\Users\stas2\.jdks\openjdk-20.0.2-1\bin;C:\Windows\SYSTEM32;C:\Windows\WinSxS\amd64_microsoft.windows.common-controls_6595b64144ccf1df_6.0.22621.4830_none_270fe7d773858e80;C:\Users\stas2\.jdks\openjdk-20.0.2-1\bin\server;C:\IntelliJ IDEA Community Edition 2021.3.2\IntelliJ IDEA Community Edition 2023.2.1\bin;C:\Users\stas2\AppData\Local\Temp\lwjgl_stas2\3.3.4+7\x64

VM Arguments:
jvm_args: -javaagent:C:\IntelliJ IDEA Community Edition 2021.3.2\IntelliJ IDEA Community Edition 2023.2.1\lib\idea_rt.jar=61142:C:\IntelliJ IDEA Community Edition 2021.3.2\IntelliJ IDEA Community Edition 2023.2.1\bin -Dfile.encoding=windows-1252 -Dsun.stdout.encoding=windows-1252 -Dsun.stderr.encoding=windows-1252 --module-path=C:\Users\stas2\.m2\repository\com\fasterxml\jackson\core\jackson-annotations\2.12.1\jackson-annotations-2.12.1.jar;C:\Users\stas2\.m2\repository\org\joml\joml\1.10.7\joml-1.10.7.jar;C:\Users\stas2\.m2\repository\com\fasterxml\jackson\core\jackson-databind\2.12.1\jackson-databind-2.12.1.jar;C:\Users\stas2\.m2\repository\com\gluonhq\attach\storage\4.0.13\storage-4.0.13.jar;C:\Users\stas2\.m2\repository\com\github\almasb\fxgl-gameplay\17.2\fxgl-gameplay-17.2.jar;C:\Users\stas2\.m2\repository\com\github\almasb\fxgl-scene\17.2\fxgl-scene-17.2.jar;C:\Users\stas2\.m2\repository\org\jetbrains\kotlin\kotlin-stdlib\1.6.0\kotlin-stdlib-1.6.0-modular.jar;C:\Users\stas2\.m2\repository\com\fasterxml\jackson\core\jackson-core\2.12.1\jackson-core-2.12.1.jar;C:\Users\stas2\.m2\repository\com\github\almasb\fxgl-entity\17.2\fxgl-entity-17.2.jar;C:\Users\stas2\.m2\repository\com\gluonhq\attach\util\4.0.13\util-4.0.13.jar;C:\Users\stas2\.m2\repository\org\lwjgl\lwjgl\3.3.4\lwjgl-3.3.4.jar;C:\Users\stas2\.m2\repository\org\openjfx\javafx-fxml\20.0.1\javafx-fxml-20.0.1-win.jar;C:\Users\stas2\.m2\repository\com\github\almasb\fxgl-io\17.2\fxgl-io-17.2.jar;C:\Users\stas2\.m2\repository\org\openjfx\javafx-controls\20.0.1\javafx-controls-20.0.1-win.jar;C:\Users\stas2\.m2\repository\com\gluonhq\attach\audio\4.0.13\audio-4.0.13.jar;C:\Users\stas2\.m2\repository\org\lwjgl\lwjgl-opengl\3.3.4\lwjgl-opengl-3.3.4.jar;O:\GIt\MultiplayerShooter\target\classes;C:\Users\stas2\.m2\repository\org\lwjgl\lwjgl-glfw\3.3.4\lwjgl-glfw-3.3.4.jar;C:\Users\stas2\.m2\repository\org\lwjgl\lwjgl-vulkan\3.3.4\lwjgl-vulkan-3.3.4.jar;C:\Users\stas2\.m2\repository\com\github\almasb\fxgl\17.2\fxgl-17.2.jar;C:\Users\stas2\.m2\repository\org\openjfx\javafx-media\20.0.1\javafx-media-20.0.1-win.jar;C:\Users\stas2\.m2\repository\com\gluonhq\attach\lifecycle\4.0.13\lifecycle-4.0.13.jar;C:\Users\stas2\.m2\repository\org\joml\joml-primitives\1.10.0\joml-primitives-1.10.0.jar;C:\Users\stas2\.m2\repository\org\openjf-Djdk.module.main=com.bedrye.multiplayershooter 
java_command: com.bedrye.multiplayershooter/com.bedrye.bjge.GameEngine.TestMain
java_class_path (initial): C:\Users\stas2\.m2\repository\org\openjfx\javafx-controls\20.0.1\javafx-controls-20.0.1.jar;C:\Users\stas2\.m2\repository\org\openjfx\javafx-graphics\20.0.1\javafx-graphics-20.0.1.jar;C:\Users\stas2\.m2\repository\org\openjfx\javafx-base\20.0.1\javafx-base-20.0.1.jar;C:\Users\stas2\.m2\repository\org\openjfx\javafx-fxml\20.0.1\javafx-fxml-20.0.1.jar;C:\Users\stas2\.m2\repository\org\openjfx\javafx-media\20.0.1\javafx-media-20.0.1.jar;C:\Users\stas2\.m2\repository\org\jetbrains\annotations\13.0\annotations-13.0.jar;C:\Users\stas2\.m2\repository\org\jetbrains\kotlin\kotlin-stdlib-common\1.6.0\kotlin-stdlib-common-1.6.0.jar;C:\Users\stas2\.m2\repository\org\lwjgl\lwjgl-assimp\3.3.4\lwjgl-assimp-3.3.4.jar;C:\Users\stas2\.m2\repository\org\lwjgl\lwjgl-bgfx\3.3.4\lwjgl-bgfx-3.3.4.jar;C:\Users\stas2\.m2\repository\org\lwjgl\lwjgl-nanovg\3.3.4\lwjgl-nanovg-3.3.4.jar;C:\Users\stas2\.m2\repository\org\lwjgl\lwjgl-nuklear\3.3.4\lwjgl-nuklear-3.3.4.jar;C:\Users\stas2\.m2\repository\org\lwjgl\lwjgl-openal\3.3.4\lwjgl-openal-3.3.4.jar;C:\Users\stas2\.m2\repository\org\lwjgl\lwjgl-par\3.3.4\lwjgl-par-3.3.4.jar;C:\Users\stas2\.m2\repository\org\lwjgl\lwjgl\3.3.4\lwjgl-3.3.4-natives-windows.jar;C:\Users\stas2\.m2\repository\org\lwjgl\lwjgl-assimp\3.3.4\lwjgl-assimp-3.3.4-natives-windows.jar;C:\Users\stas2\.m2\repository\org\lwjgl\lwjgl-bgfx\3.3.4\lwjgl-bgfx-3.3.4-natives-windows.jar;C:\Users\stas2\.m2\repository\org\lwjgl\lwjgl-glfw\3.3.4\lwjgl-glfw-3.3.4-natives-windows.jar;C:\Users\stas2\.m2\repository\org\lwjgl\lwjgl-nanovg\3.3.4\lwjgl-nanovg-3.3.4-natives-windows.jar;C:\Users\stas2\.m2\repository\org\lwjgl\lwjgl-nuklear\3.3.4\lwjgl-nuklear-3.3.4-natives-windows.jar;C:\Users\stas2\.m2\repository\org\lwjgl\lwjgl-openal\3.3.4\lwjgl-openal-3.3.4-natives-windows.jar;C:\Users\stas2\.m2\repository\org\lwjgl\lwjgl-opengl\3.3.4\lwjgl-opengl-3.3.4-natives-windows.jar;C:\Users\stas2\.m2\repository\org\lwjgl\lwjgl-par\3.3.4\lwjgl-par-3.3.4-natives-windows.jar;C:\Users\stas2\.m2\repository\org\lwjgl\lwjgl-stb\3.3.4\lwjgl-stb-3.3.4-natives-windows.jar
Launcher Type: SUN_STANDARD

[Global flags]
     intx CICompilerCount                          = 4                                         {product} {ergonomic}
     uint ConcGCThreads                            = 3                                         {product} {ergonomic}
     uint G1ConcRefinementThreads                  = 10                                        {product} {ergonomic}
   size_t G1HeapRegionSize                         = 2097152                                   {product} {ergonomic}
    uintx GCDrainStackTargetSize                   = 64                                        {product} {ergonomic}
   size_t InitialHeapSize                          = 266338304                                 {product} {ergonomic}
   size_t MarkStackSize                            = 4194304                                   {product} {ergonomic}
   size_t MaxHeapSize                              = 4238344192                                {product} {ergonomic}
   size_t MaxNewSize                               = 2541748224                                {product} {ergonomic}
   size_t MinHeapDeltaBytes                        = 2097152                                   {product} {ergonomic}
   size_t MinHeapSize                              = 8388608                                   {product} {ergonomic}
    uintx NonNMethodCodeHeapSize                   = 5839372                                {pd product} {ergonomic}
    uintx NonProfiledCodeHeapSize                  = 122909434                              {pd product} {ergonomic}
    uintx ProfiledCodeHeapSize                     = 122909434                              {pd product} {ergonomic}
    uintx ReservedCodeCacheSize                    = 251658240                              {pd product} {ergonomic}
     bool SegmentedCodeCache                       = true                                      {product} {ergonomic}
   size_t SoftMaxHeapSize                          = 4238344192                             {manageable} {ergonomic}
     bool UseCompressedClassPointers               = true                           {product lp64_product} {ergonomic}
     bool UseCompressedOops                        = true                           {product lp64_product} {ergonomic}
     bool UseG1GC                                  = true                                      {product} {ergonomic}
     bool UseLargePagesIndividualAllocation        = false                                  {pd product} {ergonomic}

Logging:
Log output configuration:
 #0: stdout all=warning uptime,level,tags foldmultilines=false
 #1: stderr all=off uptime,level,tags foldmultilines=false

Environment Variables:
JAVA_HOME=C:\Program Files\Java\jdk-11.0.2
PATH=C:\Program Files\NVIDIA GPU Computing Toolkit\CUDA\v12.6\bin;C:\Program Files\NVIDIA GPU Computing Toolkit\CUDA\v12.6\libnvvp;C:\Program Files\Common Files\Oracle\Java\javapath;C:\Windows\system32;C:\Windows;C:\Program Files\Java\jdk-11.0.2\bin;C:\Windows\System32\Wbem;C:\ORacleDatabase\dbhomeXE\bin;C:\Windows\System32\WindowsPowerShell\v1.0\;C:\Windows\System32\OpenSSH\;C:\Program Files (x86)\NVIDIA Corporation\PhysX\Common;C:\Program Files\NVIDIA Corporation\NVIDIA NvDLISR;C:\Program Files\Docker\Docker\resources\bin;C:\Program Files\Git LFS;C:\Program Files\Git\cmd;C:\Program Files (x86)\Windows Kits\10\Windows Performance Toolkit\;C:\Program Files (x86)\Steam\steamapps\common\Counter-Strike Global Offensive\game\bin\win64;C:\Users\stas2\AppData\Local\Programs\Python\Python311;C:\Program Files\dotnet\;C:\Program Files\Microsoft SQL Server\150\Tools\Binn\;C:\Program Files\Microsoft SQL Server\Client SDK\ODBC\170\Tools\Binn\;C:\Program Files\NVIDIA Corporation\Nsight Compute 2024.3.2\;C:\Program Files (x86)\Microsoft SQL Server\160\Tools\Binn\;C:\Program Files\Microsoft SQL Server\160\Tools\Binn\;C:\Program Files\Microsoft SQL Server\160\DTS\Binn\;C:\Program Files (x86)\Microsoft SQL Server\160\DTS\Binn\;C:\Users\stas2\AppData\Local\Microsoft\WindowsApps;C:\Users\stas2\AppData\Local\Programs\Microsoft VS Code\bin;C:\Users\stas2\AppData\Local\GitHubDesktop\bin;C:\Users\stas2\AppData\Local\Programs\Python\Python311;C:\Program Files (x86)\Steam\steamapps\common\Counter-Strike Global Offensive\game\bin\win64;C:\Users\stas2\.dotnet\tools;C:\Users\stas2\AppData\Local\Muse Hub\lib
USERNAME=stas2
OS=Windows_NT
PROCESSOR_IDENTIFIER=Intel64 Family 6 Model 141 Stepping 1, GenuineIntel
TMP=C:\Users\stas2\AppData\Local\Temp
TEMP=C:\Users\stas2\AppData\Local\Temp




---------------  S Y S T E M  ---------------

OS:
 Windows 11 , 64 bit Build 22621 (10.0.22621.4974)
OS uptime: 1 days 17:36 hours
Hyper-V role detected

CPU: total 12 (initial active 12) (6 cores per cpu, 2 threads per core) family 6 model 141 stepping 1 microcode 0x3c, cx8, cmov, fxsr, ht, mmx, 3dnowpref, sse, sse2, sse3, ssse3, sse4.1, sse4.2, popcnt, lzcnt, tsc, tscinvbit, avx, avx2, aes, erms, clmul, bmi1, bmi2, adx, avx512f, avx512dq, avx512cd, avx512bw, avx512vl, sha, fma, vzeroupper, avx512_vpopcntdq, avx512_vpclmulqdq, avx512_vaes, avx512_vnni, clflush, clflushopt, clwb, avx512_vbmi2, avx512_vbmi, hv, rdtscp, rdpid, fsrm, gfni, avx512_bitalg, f16c, cet_ibt, cet_ss, avx512_ifma

Memory: 4k page, system-wide physical 16163M (2613M free)
TotalPageFile size 36643M (AvailPageFile size 14790M)
current process WorkingSet (physical memory assigned to process): 71M, peak: 71M
current process commit charge ("private bytes"): 357M, peak: 357M

vm_info: OpenJDK 64-Bit Server VM (20.0.2+9-78) for windows-amd64 JRE (20.0.2+9-78), built on 2023-06-14T10:08:48Z by "mach5one" with MS VC++ 17.1 (VS2022)

END.
