#
# A fatal error has been detected by the Java Runtime Environment:
#
#  EXCEPTION_ACCESS_VIOLATION (0xc0000005) at pc=0x00007ffa4210366c, pid=37196, tid=27464
#
# JRE version: OpenJDK Runtime Environment (21.0.1+12) (build 21.0.1+12-29)
# Java VM: OpenJDK 64-Bit Server VM (21.0.1+12-29, mixed mode, sharing, tiered, compressed oops, compressed class ptrs, g1 gc, windows-amd64)
# Problematic frame:
# C  [igxelpicd64.dll+0x13366c]
#
# No core dump will be written. Minidumps are not enabled by default on client versions of Windows
#
# If you would like to submit a bug report, please visit:
#   https://bugreport.java.com/bugreport/crash.jsp
#

---------------  S U M M A R Y ------------

Command Line: -javaagent:C:\IntelliJ IDEA Community Edition 2021.3.2\IntelliJ IDEA Community Edition 2023.2.1\lib\idea_rt.jar=53487:C:\IntelliJ IDEA Community Edition 2021.3.2\IntelliJ IDEA Community Edition 2023.2.1\bin -Dfile.encoding=windows-1252 -Dsun.stdout.encoding=windows-1252 -Dsun.stderr.encoding=windows-1252 --module-path=C:\Users\stas2\.m2\repository\org\lwjgl\lwjgl\3.3.4\lwjgl-3.3.4.jar;C:\Users\stas2\.m2\repository\org\lwjgl\lwjgl-glfw\3.3.4\lwjgl-glfw-3.3.4.jar;C:\Users\stas2\.m2\repository\org\lwjgl\lwjgl-vulkan\3.3.4\lwjgl-vulkan-3.3.4.jar;C:\Users\stas2\.m2\repository\io\github\spair\imgui-java-lwjgl3\1.89.0\imgui-java-lwjgl3-1.89.0.jar;O:\GIt\MultiplayerShooter\target\classes;C:\Users\stas2\.m2\repository\com\fasterxml\jackson\core\jackson-core\2.17.2\jackson-core-2.17.2.jar;C:\Users\stas2\.m2\repository\org\lwjgl\lwjgl-stb\3.3.4\lwjgl-stb-3.3.4.jar;C:\Users\stas2\.m2\repository\com\fasterxml\jackson\core\jackson-annotations\2.17.2\jackson-annotations-2.17.2.jar;C:\Users\stas2\.m2\repository\io\github\spair\imgui-java-binding\1.89.0\imgui-java-binding-1.89.0.jar;C:\Users\stas2\.m2\repository\org\joml\joml\1.10.7\joml-1.10.7.jar;C:\Users\stas2\.m2\repository\org\lwjgl\lwjgl-assimp\3.3.4\lwjgl-assimp-3.3.4.jar;C:\Users\stas2\.m2\repository\org\lwjgl\lwjgl-opengl\3.3.4\lwjgl-opengl-3.3.4.jar;C:\Users\stas2\.m2\repository\org\joml\joml-primitives\1.10.0\joml-primitives-1.10.0.jar;C:\Users\stas2\.m2\repository\com\fasterxml\jackson\core\jackson-databind\2.17.2\jackson-databind-2.17.2.jar -Djdk.module.main=com.bedrye.bjge com.bedrye.bjge/com.bedrye.bjge.TestMain

Host: 11th Gen Intel(R) Core(TM) i5-11400H @ 2.70GHz, 12 cores, 15G,  Windows 11 , 64 bit Build 26100 (10.0.26100.5074)
Time: Mon Oct  6 22:46:59 2025 FLE Summer Time elapsed time: 33.786036 seconds (0d 0h 0m 33s)

---------------  T H R E A D  ---------------

Current thread (0x0000028197c979d0):  VMThread "VM Thread"          [id=27464, stack(0x000000d6d2400000,0x000000d6d2500000) (1024K)]

Stack: [0x000000d6d2400000,0x000000d6d2500000],  sp=0x000000d6d24fe5a0,  free space=1017k
Native frames: (J=compiled Java code, j=interpreted, Vv=VM code, C=native code)
C  [igxelpicd64.dll+0x13366c]


siginfo: EXCEPTION_ACCESS_VIOLATION (0xc0000005), reading address 0x00000000000356f8


Registers:
RAX=0x00000281de173a98, RBX=0x00000281de173990, RCX=0x0000000000000000, RDX=0x0000000000000000
RSP=0x000000d6d24fe5a0, RBP=0x0000000000000000, RSI=0x00000281de173f60, RDI=0x00000281ddf25c90
R8 =0x0000000000000014, R9 =0x000000d6d1820000, R10=0x0000000000000000, R11=0x0000000000000000
R12=0x0000000000000000, R13=0x00000281de1753d0, R14=0x0000000000000000, R15=0x0000000000000016
RIP=0x00007ffa4210366c, EFLAGS=0x0000000000010202


Register to memory mapping:

RAX=0x00000281de173a98 points into unknown readable memory: 0x0000000000000057 | 57 00 00 00 00 00 00 00
RBX=0x00000281de173990 points into unknown readable memory: 0x00000281dd95daa0 | a0 da 95 dd 81 02 00 00
RCX=0x0 is null
RDX=0x0 is null
RSP=0x000000d6d24fe5a0 points into unknown readable memory: 0x00000281ddbd9560 | 60 95 bd dd 81 02 00 00
RBP=0x0 is null
RSI=0x00000281de173f60 points into unknown readable memory: 0x00000281de1753d0 | d0 53 17 de 81 02 00 00
RDI=0x00000281ddf25c90 points into unknown readable memory: 0x00000281ddab5b00 | 00 5b ab dd 81 02 00 00
R8 =0x0000000000000014 is an unknown value
R9 =0x000000d6d1820000 points into unknown readable memory: 0x0000000000000000 | 00 00 00 00 00 00 00 00
R10=0x0 is null
R11=0x0 is null
R12=0x0 is null
R13=0x00000281de1753d0 points into unknown readable memory: 0x00000281dd95daa0 | a0 da 95 dd 81 02 00 00
R14=0x0 is null
R15=0x0000000000000016 is an unknown value

Top of Stack: (sp=0x000000d6d24fe5a0)
0x000000d6d24fe5a0:   00000281ddbd9560 0000000000000000
0x000000d6d24fe5b0:   028f19e0035889df 00007ffac7de7254
0x000000d6d24fe5c0:   0376e8e1036c9ae1 033915e2027f07e2
0x000000d6d24fe5d0:   036352e2036249e2 03287ae30353a8e2
0x000000d6d24fe5e0:   00000281dddb3ef8 0000000000000058
0x000000d6d24fe5f0:   0000000000000000 0000000000000010
0x000000d6d24fe600:   0000000000000000 0000000000000000
0x000000d6d24fe610:   000000d6d24fe720 00007ffa4227bc3c
0x000000d6d24fe620:   00000281ddbd9560 00000281ddf25c90
0x000000d6d24fe630:   031fb8eb03569900 033350ec027a2900
0x000000d6d24fe640:   000000d600001910 0000b80200000000
0x000000d6d24fe650:   0000000000000000 0373b4ee0370afee
0x000000d6d24fe660:   02718eef02f5e0ee 025b37f0029f24f0
0x000000d6d24fe670:   02f31ef100b6e0f0 00db08f30060fcf1
0x000000d6d24fe680:   0228d5f303582ef3 00007ffa422719a0
0x000000d6d24fe690:   029748f502b831f5 036b73f502c74ef5
0x000000d6d24fe6a0:   031111f601b9eef5 005e12f702312df6
0x000000d6d24fe6b0:   02a826f7033113f7 027dcef7036190f7
0x000000d6d24fe6c0:   0335dcf7006fd3f7 00007ffa42053cdf
0x000000d6d24fe6d0:   0000b80200000000 0000000000001910
0x000000d6d24fe6e0:   0000000000000000 4000188000000001
0x000000d6d24fe6f0:   0000000000000000 0000000000000000
0x000000d6d24fe700:   0000000000000000 0000000000000000
0x000000d6d24fe710:   0000000000000000 0000000000000000
0x000000d6d24fe720:   0000000000000000 0000000000000000
0x000000d6d24fe730:   0000000000000000 0000000000000000
0x000000d6d24fe740:   0000000000000000 0000000000000000
0x000000d6d24fe750:   0000000000000000 0000000000000000
0x000000d6d24fe760:   0000000000000000 0000000000000000
0x000000d6d24fe770:   0000000000000000 0000000000000000
0x000000d6d24fe780:   0000000000000000 0000000000000000
0x000000d6d24fe790:   0000000000000000 0000000000000000 

Instructions: (pc=0x00007ffa4210366c)
0x00007ffa4210356c:   ec 40 45 8a e1 48 8b fa 48 8b e9 48 8b 1d 42 08
0x00007ffa4210357c:   e0 00 48 89 58 08 48 8b cb ff 15 85 5b 9a 00 90
0x00007ffa4210358c:   4c 8b af 78 02 00 00 48 8b 05 c6 e4 cf 00 44 8b
0x00007ffa4210359c:   b8 40 0b 00 00 45 33 db 45 8a f3 4c 89 9f 78 02
0x00007ffa421035ac:   00 00 44 89 9f 80 02 00 00 4c 89 9f 98 02 00 00
0x00007ffa421035bc:   4c 89 9f 88 02 00 00 48 85 ed 75 38 8b 35 4a e2
0x00007ffa421035cc:   df 00 65 48 8b 04 25 58 00 00 00 b9 14 00 00 00
0x00007ffa421035dc:   48 8b 04 f0 44 38 1c 01 0f 84 9d da 86 00 65 48
0x00007ffa421035ec:   8b 04 25 58 00 00 00 bd 20 00 00 00 48 8b 04 f0
0x00007ffa421035fc:   48 8b 2c 28 48 3b 2d 39 07 e0 00 45 0f 44 fb 4d
0x00007ffa4210360c:   85 ed 0f 84 21 01 00 00 44 8a a4 24 90 00 00 00
0x00007ffa4210361c:   49 8b dd 49 8d b5 d0 05 00 00 4c 8b 2e 45 84 e4
0x00007ffa4210362c:   0f 85 2a 03 00 00 8b 97 c8 01 00 00 48 8b 05 21
0x00007ffa4210363c:   e4 cf 00 83 b8 78 03 00 00 02 75 31 83 fa 10 0f
0x00007ffa4210364c:   83 20 01 00 00 48 8d 04 d5 21 00 00 00 48 03 c2
0x00007ffa4210365c:   48 8d 04 c3 48 85 c0 0f 85 ff 00 00 00 49 8b cb
0x00007ffa4210366c:   48 3b 8d f8 56 03 00 0f 87 f3 02 00 00 4c 39 9b
0x00007ffa4210367c:   48 06 00 00 0f 85 41 da 86 00 44 8b 97 c8 01 00
0x00007ffa4210368c:   00 48 8b 87 e0 01 00 00 4c 8b 08 8b 97 c8 01 00
0x00007ffa4210369c:   00 83 fa 10 0f 83 03 01 00 00 48 8d 04 d5 21 00
0x00007ffa421036ac:   00 00 48 03 c2 48 8d 04 c3 48 85 c0 0f 85 e2 00
0x00007ffa421036bc:   00 00 49 8b cb 49 3b c9 0f 86 0e 01 00 00 48 8b
0x00007ffa421036cc:   87 78 02 00 00 48 89 06 48 89 9f 78 02 00 00 ff
0x00007ffa421036dc:   87 80 02 00 00 48 8b 43 08 48 8b 88 18 01 00 00
0x00007ffa421036ec:   48 81 e1 00 00 ff ff 48 81 c1 00 00 01 00 48 01
0x00007ffa421036fc:   8f 88 02 00 00 48 8b 43 08 48 8b 88 18 01 00 00
0x00007ffa4210370c:   48 01 8f 98 02 00 00 4d 85 ed 0f 85 00 ff ff ff
0x00007ffa4210371c:   45 84 f6 44 8a a4 24 98 00 00 00 0f 85 82 03 00
0x00007ffa4210372c:   00 48 8b 9c 24 80 00 00 00 48 8b cf 45 84 e4 0f
0x00007ffa4210373c:   85 8a 03 00 00 e8 fa f9 ff ff 90 48 8b cb 48 8b
0x00007ffa4210374c:   9c 24 88 00 00 00 48 83 c4 40 41 5f 41 5e 41 5d
0x00007ffa4210375c:   41 5c 5f 5e 5d 48 ff 25 b0 59 9a 00 48 8b 48 08 


Stack slot to memory mapping:

stack at sp + 0 slots: 0x00000281ddbd9560 points into unknown readable memory: 0xffffffffffffffff | ff ff ff ff ff ff ff ff
stack at sp + 1 slots: 0x0 is null
stack at sp + 2 slots: 0x028f19e0035889df is an unknown value
stack at sp + 3 slots: 0x00007ffac7de7254 ntdll.dll
stack at sp + 4 slots: 0x0376e8e1036c9ae1 is an unknown value
stack at sp + 5 slots: 0x033915e2027f07e2 is an unknown value
stack at sp + 6 slots: 0x036352e2036249e2 is an unknown value
stack at sp + 7 slots: 0x03287ae30353a8e2 is an unknown value

VM_Operation (0x000000d6d3fff320): Exit, mode: safepoint, requested by thread 0x00000281de257b70


---------------  P R O C E S S  ---------------

Threads class SMR info:
_java_thread_list=0x00000281de084fd0, length=17, elements={
0x0000028197cb22b0, 0x0000028197cb50e0, 0x0000028197cba2a0, 0x0000028197cbe2d0,
0x0000028197cc74a0, 0x0000028197cc85e0, 0x0000028197ccf650, 0x0000028197cd35f0,
0x0000028197ccad40, 0x0000028197cca6b0, 0x0000028197cca020, 0x0000028197cc8c70,
0x0000028197cc9990, 0x00000281ddd3d140, 0x00000281de1725e0, 0x00000281de2567c0,
0x00000281de257b70
}

Java Threads: ( => current thread )
  0x0000028197cb22b0 JavaThread "Reference Handler"          daemon [_thread_blocked, id=17504, stack(0x000000d6d2500000,0x000000d6d2600000) (1024K)]
  0x0000028197cb50e0 JavaThread "Finalizer"                  daemon [_thread_blocked, id=17876, stack(0x000000d6d2600000,0x000000d6d2700000) (1024K)]
  0x0000028197cba2a0 JavaThread "Signal Dispatcher"          daemon [_thread_blocked, id=6568, stack(0x000000d6d2700000,0x000000d6d2800000) (1024K)]
  0x0000028197cbe2d0 JavaThread "Attach Listener"            daemon [_thread_blocked, id=28040, stack(0x000000d6d2800000,0x000000d6d2900000) (1024K)]
  0x0000028197cc74a0 JavaThread "Service Thread"             daemon [_thread_blocked, id=21312, stack(0x000000d6d2900000,0x000000d6d2a00000) (1024K)]
  0x0000028197cc85e0 JavaThread "Monitor Deflation Thread"   daemon [_thread_blocked, id=28336, stack(0x000000d6d2a00000,0x000000d6d2b00000) (1024K)]
  0x0000028197ccf650 JavaThread "C2 CompilerThread0"         daemon [_thread_blocked, id=18384, stack(0x000000d6d2b00000,0x000000d6d2c00000) (1024K)]
  0x0000028197cd35f0 JavaThread "C1 CompilerThread0"         daemon [_thread_blocked, id=18200, stack(0x000000d6d2c00000,0x000000d6d2d00000) (1024K)]
  0x0000028197ccad40 JavaThread "Common-Cleaner"             daemon [_thread_blocked, id=35260, stack(0x000000d6d2d00000,0x000000d6d2e00000) (1024K)]
  0x0000028197cca6b0 JavaThread "Monitor Ctrl-Break"         daemon [_thread_in_native, id=37696, stack(0x000000d6d3000000,0x000000d6d3100000) (1024K)]
  0x0000028197cca020 JavaThread "Notification Thread"        daemon [_thread_blocked, id=36932, stack(0x000000d6d3100000,0x000000d6d3200000) (1024K)]
  0x0000028197cc8c70 JavaThread "FileSystemWatchService"     daemon [_thread_in_native, id=12584, stack(0x000000d6d3800000,0x000000d6d3900000) (1024K)]
  0x0000028197cc9990 JavaThread "ScriptWatcher"                     [_thread_blocked, id=18612, stack(0x000000d6d3900000,0x000000d6d3a00000) (1024K)]
  0x00000281ddd3d140 JavaThread "FileSystemWatchService"     daemon [_thread_in_native, id=29588, stack(0x000000d6d2e00000,0x000000d6d2f00000) (1024K)]
  0x00000281de1725e0 JavaThread "BJE-Asset-Watcher"          daemon [_thread_blocked, id=28904, stack(0x000000d6d2f00000,0x000000d6d3000000) (1024K)]
  0x00000281de2567c0 JavaThread "DestroyJavaVM"                     [_thread_blocked, id=28020, stack(0x000000d6d1d00000,0x000000d6d1e00000) (1024K)]
  0x00000281de257b70 JavaThread "SIGINT handler"             daemon [_thread_blocked, id=35800, stack(0x000000d6d3f00000,0x000000d6d4000000) (1024K)]
Total: 17

Other Threads:
=>0x0000028197c979d0 VMThread "VM Thread"                           [id=27464, stack(0x000000d6d2400000,0x000000d6d2500000) (1024K)]
  0x00000281f87365c0 WorkerThread "GC Thread#0"                     [id=29708, stack(0x000000d6d1e00000,0x000000d6d1f00000) (1024K)]
  0x00000281dd895240 WorkerThread "GC Thread#1"                     [id=27388, stack(0x000000d6d3200000,0x000000d6d3300000) (1024K)]
  0x00000281dd909dc0 WorkerThread "GC Thread#2"                     [id=23672, stack(0x000000d6d3300000,0x000000d6d3400000) (1024K)]
  0x00000281dd90a160 WorkerThread "GC Thread#3"                     [id=29384, stack(0x000000d6d3400000,0x000000d6d3500000) (1024K)]
  0x00000281dd900f00 WorkerThread "GC Thread#4"                     [id=22464, stack(0x000000d6d3500000,0x000000d6d3600000) (1024K)]
  0x00000281dd9012a0 WorkerThread "GC Thread#5"                     [id=14520, stack(0x000000d6d3600000,0x000000d6d3700000) (1024K)]
  0x00000281dd8d2c30 WorkerThread "GC Thread#6"                     [id=32376, stack(0x000000d6d3700000,0x000000d6d3800000) (1024K)]
  0x00000281f87480b0 ConcurrentGCThread "G1 Main Marker"            terminated
  0x00000281f8748bb0 WorkerThread "G1 Conc#0"                       [id=30028, stack(0x000000d6d2000000,0x000000d6d2100000) (1024K)]
  0x0000028197b4b9a0 ConcurrentGCThread "G1 Refine#0"               terminated
  0x0000028197b4d3c0 ConcurrentGCThread "G1 Service"                terminated
Total: 12

Threads with active compile tasks:
C1 CompilerThread0    33822 1426       3       jdk.internal.jimage.ImageLocation::verifyName (161 bytes)
Total: 1

VM state: at safepoint (shutting down)

VM Mutex/Monitor currently owned by a thread:  ([mutex/lock_event])
[0x00007ffa1338a5f8] Threads_lock - owner thread: 0x0000028197c979d0
[0x00007ffa1338a6f8] Heap_lock - owner thread: 0x00000281de257b70

Heap address: 0x0000000703600000, size: 4042 MB, Compressed Oops mode: Zero based, Oop shift amount: 3

CDS archive(s) mapped at: [0x0000028198000000-0x0000028198c90000-0x0000028198c90000), size 13172736, SharedBaseAddress: 0x0000028198000000, ArchiveRelocationMode: 1.
Compressed class space mapped at: 0x0000028199000000-0x00000281d9000000, reserved size: 1073741824
Narrow klass base: 0x0000028198000000, Narrow klass shift: 0, Narrow klass range: 0x100000000

GC Precious Log:
 CardTable entry size: 512
 Card Set container configuration: InlinePtr #cards 4 size 8 Array Of Cards #cards 16 size 48 Howl #buckets 8 coarsen threshold 3686 Howl Bitmap #cards 512 size 80 coarsen threshold 460 Card regions per heap region 1 cards per card region 4096
 CPUs: 12 total, 12 available
 Memory: 16163M
 Large Page Support: Disabled
 NUMA Support: Disabled
 Compressed Oops: Enabled (Zero based)
 Heap Region Size: 2M
 Heap Min Capacity: 8M
 Heap Initial Capacity: 254M
 Heap Max Capacity: 4042M
 Pre-touch: Disabled
 Parallel Workers: 10
 Concurrent Workers: 3
 Concurrent Refinement Workers: 10
 Periodic GC: Disabled

Heap:
 garbage-first heap   total 260096K, used 18911K [0x0000000703600000, 0x0000000800000000)
  region size 2048K, 12 young (24576K), 2 survivors (4096K)
 Metaspace       used 10643K, committed 10816K, reserved 1114112K
  class space    used 824K, committed 896K, reserved 1048576K

Heap Regions: E=young(eden), S=young(survivor), O=old, HS=humongous(starts), HC=humongous(continues), CS=collection set, F=free, TAMS=top-at-mark-start, PB=parsable bottom
|   0|0x0000000703600000, 0x0000000703600000, 0x0000000703800000|  0%| F|  |TAMS 0x0000000703600000| PB 0x0000000703600000| Untracked 
|   1|0x0000000703800000, 0x0000000703800000, 0x0000000703a00000|  0%| F|  |TAMS 0x0000000703800000| PB 0x0000000703800000| Untracked 
|   2|0x0000000703a00000, 0x0000000703a00000, 0x0000000703c00000|  0%| F|  |TAMS 0x0000000703a00000| PB 0x0000000703a00000| Untracked 
|   3|0x0000000703c00000, 0x0000000703c00000, 0x0000000703e00000|  0%| F|  |TAMS 0x0000000703c00000| PB 0x0000000703c00000| Untracked 
|   4|0x0000000703e00000, 0x0000000703e00000, 0x0000000704000000|  0%| F|  |TAMS 0x0000000703e00000| PB 0x0000000703e00000| Untracked 
|   5|0x0000000704000000, 0x0000000704000000, 0x0000000704200000|  0%| F|  |TAMS 0x0000000704000000| PB 0x0000000704000000| Untracked 
|   6|0x0000000704200000, 0x0000000704200000, 0x0000000704400000|  0%| F|  |TAMS 0x0000000704200000| PB 0x0000000704200000| Untracked 
|   7|0x0000000704400000, 0x0000000704400000, 0x0000000704600000|  0%| F|  |TAMS 0x0000000704400000| PB 0x0000000704400000| Untracked 
|   8|0x0000000704600000, 0x0000000704600000, 0x0000000704800000|  0%| F|  |TAMS 0x0000000704600000| PB 0x0000000704600000| Untracked 
|   9|0x0000000704800000, 0x0000000704800000, 0x0000000704a00000|  0%| F|  |TAMS 0x0000000704800000| PB 0x0000000704800000| Untracked 
|  10|0x0000000704a00000, 0x0000000704a00000, 0x0000000704c00000|  0%| F|  |TAMS 0x0000000704a00000| PB 0x0000000704a00000| Untracked 
|  11|0x0000000704c00000, 0x0000000704c00000, 0x0000000704e00000|  0%| F|  |TAMS 0x0000000704c00000| PB 0x0000000704c00000| Untracked 
|  12|0x0000000704e00000, 0x0000000704e00000, 0x0000000705000000|  0%| F|  |TAMS 0x0000000704e00000| PB 0x0000000704e00000| Untracked 
|  13|0x0000000705000000, 0x0000000705000000, 0x0000000705200000|  0%| F|  |TAMS 0x0000000705000000| PB 0x0000000705000000| Untracked 
|  14|0x0000000705200000, 0x0000000705200000, 0x0000000705400000|  0%| F|  |TAMS 0x0000000705200000| PB 0x0000000705200000| Untracked 
|  15|0x0000000705400000, 0x0000000705400000, 0x0000000705600000|  0%| F|  |TAMS 0x0000000705400000| PB 0x0000000705400000| Untracked 
|  16|0x0000000705600000, 0x0000000705600000, 0x0000000705800000|  0%| F|  |TAMS 0x0000000705600000| PB 0x0000000705600000| Untracked 
|  17|0x0000000705800000, 0x0000000705800000, 0x0000000705a00000|  0%| F|  |TAMS 0x0000000705800000| PB 0x0000000705800000| Untracked 
|  18|0x0000000705a00000, 0x0000000705a00000, 0x0000000705c00000|  0%| F|  |TAMS 0x0000000705a00000| PB 0x0000000705a00000| Untracked 
|  19|0x0000000705c00000, 0x0000000705c00000, 0x0000000705e00000|  0%| F|  |TAMS 0x0000000705c00000| PB 0x0000000705c00000| Untracked 
|  20|0x0000000705e00000, 0x0000000705e00000, 0x0000000706000000|  0%| F|  |TAMS 0x0000000705e00000| PB 0x0000000705e00000| Untracked 
|  21|0x0000000706000000, 0x0000000706000000, 0x0000000706200000|  0%| F|  |TAMS 0x0000000706000000| PB 0x0000000706000000| Untracked 
|  22|0x0000000706200000, 0x0000000706200000, 0x0000000706400000|  0%| F|  |TAMS 0x0000000706200000| PB 0x0000000706200000| Untracked 
|  23|0x0000000706400000, 0x0000000706400000, 0x0000000706600000|  0%| F|  |TAMS 0x0000000706400000| PB 0x0000000706400000| Untracked 
|  24|0x0000000706600000, 0x0000000706600000, 0x0000000706800000|  0%| F|  |TAMS 0x0000000706600000| PB 0x0000000706600000| Untracked 
|  25|0x0000000706800000, 0x0000000706800000, 0x0000000706a00000|  0%| F|  |TAMS 0x0000000706800000| PB 0x0000000706800000| Untracked 
|  26|0x0000000706a00000, 0x0000000706a00000, 0x0000000706c00000|  0%| F|  |TAMS 0x0000000706a00000| PB 0x0000000706a00000| Untracked 
|  27|0x0000000706c00000, 0x0000000706c00000, 0x0000000706e00000|  0%| F|  |TAMS 0x0000000706c00000| PB 0x0000000706c00000| Untracked 
|  28|0x0000000706e00000, 0x0000000706e00000, 0x0000000707000000|  0%| F|  |TAMS 0x0000000706e00000| PB 0x0000000706e00000| Untracked 
|  29|0x0000000707000000, 0x0000000707000000, 0x0000000707200000|  0%| F|  |TAMS 0x0000000707000000| PB 0x0000000707000000| Untracked 
|  30|0x0000000707200000, 0x0000000707200000, 0x0000000707400000|  0%| F|  |TAMS 0x0000000707200000| PB 0x0000000707200000| Untracked 
|  31|0x0000000707400000, 0x0000000707400000, 0x0000000707600000|  0%| F|  |TAMS 0x0000000707400000| PB 0x0000000707400000| Untracked 
|  32|0x0000000707600000, 0x0000000707600000, 0x0000000707800000|  0%| F|  |TAMS 0x0000000707600000| PB 0x0000000707600000| Untracked 
|  33|0x0000000707800000, 0x0000000707800000, 0x0000000707a00000|  0%| F|  |TAMS 0x0000000707800000| PB 0x0000000707800000| Untracked 
|  34|0x0000000707a00000, 0x0000000707a00000, 0x0000000707c00000|  0%| F|  |TAMS 0x0000000707a00000| PB 0x0000000707a00000| Untracked 
|  35|0x0000000707c00000, 0x0000000707c00000, 0x0000000707e00000|  0%| F|  |TAMS 0x0000000707c00000| PB 0x0000000707c00000| Untracked 
|  36|0x0000000707e00000, 0x0000000707e00000, 0x0000000708000000|  0%| F|  |TAMS 0x0000000707e00000| PB 0x0000000707e00000| Untracked 
|  37|0x0000000708000000, 0x0000000708000000, 0x0000000708200000|  0%| F|  |TAMS 0x0000000708000000| PB 0x0000000708000000| Untracked 
|  38|0x0000000708200000, 0x0000000708200000, 0x0000000708400000|  0%| F|  |TAMS 0x0000000708200000| PB 0x0000000708200000| Untracked 
|  39|0x0000000708400000, 0x0000000708400000, 0x0000000708600000|  0%| F|  |TAMS 0x0000000708400000| PB 0x0000000708400000| Untracked 
|  40|0x0000000708600000, 0x0000000708600000, 0x0000000708800000|  0%| F|  |TAMS 0x0000000708600000| PB 0x0000000708600000| Untracked 
|  41|0x0000000708800000, 0x0000000708800000, 0x0000000708a00000|  0%| F|  |TAMS 0x0000000708800000| PB 0x0000000708800000| Untracked 
|  42|0x0000000708a00000, 0x0000000708a00000, 0x0000000708c00000|  0%| F|  |TAMS 0x0000000708a00000| PB 0x0000000708a00000| Untracked 
|  43|0x0000000708c00000, 0x0000000708c00000, 0x0000000708e00000|  0%| F|  |TAMS 0x0000000708c00000| PB 0x0000000708c00000| Untracked 
|  44|0x0000000708e00000, 0x0000000708e00000, 0x0000000709000000|  0%| F|  |TAMS 0x0000000708e00000| PB 0x0000000708e00000| Untracked 
|  45|0x0000000709000000, 0x0000000709000000, 0x0000000709200000|  0%| F|  |TAMS 0x0000000709000000| PB 0x0000000709000000| Untracked 
|  46|0x0000000709200000, 0x0000000709200000, 0x0000000709400000|  0%| F|  |TAMS 0x0000000709200000| PB 0x0000000709200000| Untracked 
|  47|0x0000000709400000, 0x0000000709400000, 0x0000000709600000|  0%| F|  |TAMS 0x0000000709400000| PB 0x0000000709400000| Untracked 
|  48|0x0000000709600000, 0x0000000709600000, 0x0000000709800000|  0%| F|  |TAMS 0x0000000709600000| PB 0x0000000709600000| Untracked 
|  49|0x0000000709800000, 0x0000000709800000, 0x0000000709a00000|  0%| F|  |TAMS 0x0000000709800000| PB 0x0000000709800000| Untracked 
|  50|0x0000000709a00000, 0x0000000709a00000, 0x0000000709c00000|  0%| F|  |TAMS 0x0000000709a00000| PB 0x0000000709a00000| Untracked 
|  51|0x0000000709c00000, 0x0000000709c00000, 0x0000000709e00000|  0%| F|  |TAMS 0x0000000709c00000| PB 0x0000000709c00000| Untracked 
|  52|0x0000000709e00000, 0x0000000709e00000, 0x000000070a000000|  0%| F|  |TAMS 0x0000000709e00000| PB 0x0000000709e00000| Untracked 
|  53|0x000000070a000000, 0x000000070a000000, 0x000000070a200000|  0%| F|  |TAMS 0x000000070a000000| PB 0x000000070a000000| Untracked 
|  54|0x000000070a200000, 0x000000070a200000, 0x000000070a400000|  0%| F|  |TAMS 0x000000070a200000| PB 0x000000070a200000| Untracked 
|  55|0x000000070a400000, 0x000000070a400000, 0x000000070a600000|  0%| F|  |TAMS 0x000000070a400000| PB 0x000000070a400000| Untracked 
|  56|0x000000070a600000, 0x000000070a600000, 0x000000070a800000|  0%| F|  |TAMS 0x000000070a600000| PB 0x000000070a600000| Untracked 
|  57|0x000000070a800000, 0x000000070a800000, 0x000000070aa00000|  0%| F|  |TAMS 0x000000070a800000| PB 0x000000070a800000| Untracked 
|  58|0x000000070aa00000, 0x000000070aa00000, 0x000000070ac00000|  0%| F|  |TAMS 0x000000070aa00000| PB 0x000000070aa00000| Untracked 
|  59|0x000000070ac00000, 0x000000070ac00000, 0x000000070ae00000|  0%| F|  |TAMS 0x000000070ac00000| PB 0x000000070ac00000| Untracked 
|  60|0x000000070ae00000, 0x000000070ae00000, 0x000000070b000000|  0%| F|  |TAMS 0x000000070ae00000| PB 0x000000070ae00000| Untracked 
|  61|0x000000070b000000, 0x000000070b000000, 0x000000070b200000|  0%| F|  |TAMS 0x000000070b000000| PB 0x000000070b000000| Untracked 
|  62|0x000000070b200000, 0x000000070b200000, 0x000000070b400000|  0%| F|  |TAMS 0x000000070b200000| PB 0x000000070b200000| Untracked 
|  63|0x000000070b400000, 0x000000070b400000, 0x000000070b600000|  0%| F|  |TAMS 0x000000070b400000| PB 0x000000070b400000| Untracked 
|  64|0x000000070b600000, 0x000000070b600000, 0x000000070b800000|  0%| F|  |TAMS 0x000000070b600000| PB 0x000000070b600000| Untracked 
|  65|0x000000070b800000, 0x000000070b800000, 0x000000070ba00000|  0%| F|  |TAMS 0x000000070b800000| PB 0x000000070b800000| Untracked 
|  66|0x000000070ba00000, 0x000000070ba00000, 0x000000070bc00000|  0%| F|  |TAMS 0x000000070ba00000| PB 0x000000070ba00000| Untracked 
|  67|0x000000070bc00000, 0x000000070bc00000, 0x000000070be00000|  0%| F|  |TAMS 0x000000070bc00000| PB 0x000000070bc00000| Untracked 
|  68|0x000000070be00000, 0x000000070be00000, 0x000000070c000000|  0%| F|  |TAMS 0x000000070be00000| PB 0x000000070be00000| Untracked 
|  69|0x000000070c000000, 0x000000070c000000, 0x000000070c200000|  0%| F|  |TAMS 0x000000070c000000| PB 0x000000070c000000| Untracked 
|  70|0x000000070c200000, 0x000000070c200000, 0x000000070c400000|  0%| F|  |TAMS 0x000000070c200000| PB 0x000000070c200000| Untracked 
|  71|0x000000070c400000, 0x000000070c400000, 0x000000070c600000|  0%| F|  |TAMS 0x000000070c400000| PB 0x000000070c400000| Untracked 
|  72|0x000000070c600000, 0x000000070c600000, 0x000000070c800000|  0%| F|  |TAMS 0x000000070c600000| PB 0x000000070c600000| Untracked 
|  73|0x000000070c800000, 0x000000070c800000, 0x000000070ca00000|  0%| F|  |TAMS 0x000000070c800000| PB 0x000000070c800000| Untracked 
|  74|0x000000070ca00000, 0x000000070ca00000, 0x000000070cc00000|  0%| F|  |TAMS 0x000000070ca00000| PB 0x000000070ca00000| Untracked 
|  75|0x000000070cc00000, 0x000000070cc00000, 0x000000070ce00000|  0%| F|  |TAMS 0x000000070cc00000| PB 0x000000070cc00000| Untracked 
|  76|0x000000070ce00000, 0x000000070ce00000, 0x000000070d000000|  0%| F|  |TAMS 0x000000070ce00000| PB 0x000000070ce00000| Untracked 
|  77|0x000000070d000000, 0x000000070d000000, 0x000000070d200000|  0%| F|  |TAMS 0x000000070d000000| PB 0x000000070d000000| Untracked 
|  78|0x000000070d200000, 0x000000070d200000, 0x000000070d400000|  0%| F|  |TAMS 0x000000070d200000| PB 0x000000070d200000| Untracked 
|  79|0x000000070d400000, 0x000000070d400000, 0x000000070d600000|  0%| F|  |TAMS 0x000000070d400000| PB 0x000000070d400000| Untracked 
|  80|0x000000070d600000, 0x000000070d600000, 0x000000070d800000|  0%| F|  |TAMS 0x000000070d600000| PB 0x000000070d600000| Untracked 
|  81|0x000000070d800000, 0x000000070d800000, 0x000000070da00000|  0%| F|  |TAMS 0x000000070d800000| PB 0x000000070d800000| Untracked 
|  82|0x000000070da00000, 0x000000070da00000, 0x000000070dc00000|  0%| F|  |TAMS 0x000000070da00000| PB 0x000000070da00000| Untracked 
|  83|0x000000070dc00000, 0x000000070dc00000, 0x000000070de00000|  0%| F|  |TAMS 0x000000070dc00000| PB 0x000000070dc00000| Untracked 
|  84|0x000000070de00000, 0x000000070de00000, 0x000000070e000000|  0%| F|  |TAMS 0x000000070de00000| PB 0x000000070de00000| Untracked 
|  85|0x000000070e000000, 0x000000070e000000, 0x000000070e200000|  0%| F|  |TAMS 0x000000070e000000| PB 0x000000070e000000| Untracked 
|  86|0x000000070e200000, 0x000000070e200000, 0x000000070e400000|  0%| F|  |TAMS 0x000000070e200000| PB 0x000000070e200000| Untracked 
|  87|0x000000070e400000, 0x000000070e400000, 0x000000070e600000|  0%| F|  |TAMS 0x000000070e400000| PB 0x000000070e400000| Untracked 
|  88|0x000000070e600000, 0x000000070e600000, 0x000000070e800000|  0%| F|  |TAMS 0x000000070e600000| PB 0x000000070e600000| Untracked 
|  89|0x000000070e800000, 0x000000070e800000, 0x000000070ea00000|  0%| F|  |TAMS 0x000000070e800000| PB 0x000000070e800000| Untracked 
|  90|0x000000070ea00000, 0x000000070ea00000, 0x000000070ec00000|  0%| F|  |TAMS 0x000000070ea00000| PB 0x000000070ea00000| Untracked 
|  91|0x000000070ec00000, 0x000000070ec00000, 0x000000070ee00000|  0%| F|  |TAMS 0x000000070ec00000| PB 0x000000070ec00000| Untracked 
|  92|0x000000070ee00000, 0x000000070ee00000, 0x000000070f000000|  0%| F|  |TAMS 0x000000070ee00000| PB 0x000000070ee00000| Untracked 
|  93|0x000000070f000000, 0x000000070f000000, 0x000000070f200000|  0%| F|  |TAMS 0x000000070f000000| PB 0x000000070f000000| Untracked 
|  94|0x000000070f200000, 0x000000070f200000, 0x000000070f400000|  0%| F|  |TAMS 0x000000070f200000| PB 0x000000070f200000| Untracked 
|  95|0x000000070f400000, 0x000000070f400000, 0x000000070f600000|  0%| F|  |TAMS 0x000000070f400000| PB 0x000000070f400000| Untracked 
|  96|0x000000070f600000, 0x000000070f600000, 0x000000070f800000|  0%| F|  |TAMS 0x000000070f600000| PB 0x000000070f600000| Untracked 
|  97|0x000000070f800000, 0x000000070f800000, 0x000000070fa00000|  0%| F|  |TAMS 0x000000070f800000| PB 0x000000070f800000| Untracked 
|  98|0x000000070fa00000, 0x000000070fa00000, 0x000000070fc00000|  0%| F|  |TAMS 0x000000070fa00000| PB 0x000000070fa00000| Untracked 
|  99|0x000000070fc00000, 0x000000070fc00000, 0x000000070fe00000|  0%| F|  |TAMS 0x000000070fc00000| PB 0x000000070fc00000| Untracked 
| 100|0x000000070fe00000, 0x000000070fe00000, 0x0000000710000000|  0%| F|  |TAMS 0x000000070fe00000| PB 0x000000070fe00000| Untracked 
| 101|0x0000000710000000, 0x0000000710000000, 0x0000000710200000|  0%| F|  |TAMS 0x0000000710000000| PB 0x0000000710000000| Untracked 
| 102|0x0000000710200000, 0x0000000710200000, 0x0000000710400000|  0%| F|  |TAMS 0x0000000710200000| PB 0x0000000710200000| Untracked 
| 103|0x0000000710400000, 0x0000000710400000, 0x0000000710600000|  0%| F|  |TAMS 0x0000000710400000| PB 0x0000000710400000| Untracked 
| 104|0x0000000710600000, 0x0000000710600000, 0x0000000710800000|  0%| F|  |TAMS 0x0000000710600000| PB 0x0000000710600000| Untracked 
| 105|0x0000000710800000, 0x0000000710800000, 0x0000000710a00000|  0%| F|  |TAMS 0x0000000710800000| PB 0x0000000710800000| Untracked 
| 106|0x0000000710a00000, 0x0000000710a00000, 0x0000000710c00000|  0%| F|  |TAMS 0x0000000710a00000| PB 0x0000000710a00000| Untracked 
| 107|0x0000000710c00000, 0x0000000710c00000, 0x0000000710e00000|  0%| F|  |TAMS 0x0000000710c00000| PB 0x0000000710c00000| Untracked 
| 108|0x0000000710e00000, 0x0000000710e00000, 0x0000000711000000|  0%| F|  |TAMS 0x0000000710e00000| PB 0x0000000710e00000| Untracked 
| 109|0x0000000711000000, 0x0000000711000000, 0x0000000711200000|  0%| F|  |TAMS 0x0000000711000000| PB 0x0000000711000000| Untracked 
| 110|0x0000000711200000, 0x0000000711200000, 0x0000000711400000|  0%| F|  |TAMS 0x0000000711200000| PB 0x0000000711200000| Untracked 
| 111|0x0000000711400000, 0x0000000711400000, 0x0000000711600000|  0%| F|  |TAMS 0x0000000711400000| PB 0x0000000711400000| Untracked 
| 112|0x0000000711600000, 0x0000000711600000, 0x0000000711800000|  0%| F|  |TAMS 0x0000000711600000| PB 0x0000000711600000| Untracked 
| 113|0x0000000711800000, 0x0000000711800000, 0x0000000711a00000|  0%| F|  |TAMS 0x0000000711800000| PB 0x0000000711800000| Untracked 
| 114|0x0000000711a00000, 0x0000000711a77fd0, 0x0000000711c00000| 23%| S|CS|TAMS 0x0000000711a00000| PB 0x0000000711a00000| Complete 
| 115|0x0000000711c00000, 0x0000000711e00000, 0x0000000711e00000|100%| S|CS|TAMS 0x0000000711c00000| PB 0x0000000711c00000| Complete 
| 116|0x0000000711e00000, 0x0000000711e00000, 0x0000000712000000|  0%| F|  |TAMS 0x0000000711e00000| PB 0x0000000711e00000| Untracked 
| 117|0x0000000712000000, 0x0000000712148540, 0x0000000712200000| 64%| E|  |TAMS 0x0000000712000000| PB 0x0000000712000000| Complete 
| 118|0x0000000712200000, 0x0000000712400000, 0x0000000712400000|100%| E|CS|TAMS 0x0000000712200000| PB 0x0000000712200000| Complete 
| 119|0x0000000712400000, 0x0000000712600000, 0x0000000712600000|100%| E|CS|TAMS 0x0000000712400000| PB 0x0000000712400000| Complete 
| 120|0x0000000712600000, 0x0000000712800000, 0x0000000712800000|100%| E|CS|TAMS 0x0000000712600000| PB 0x0000000712600000| Complete 
| 121|0x0000000712800000, 0x0000000712a00000, 0x0000000712a00000|100%| E|CS|TAMS 0x0000000712800000| PB 0x0000000712800000| Complete 
| 122|0x0000000712a00000, 0x0000000712c00000, 0x0000000712c00000|100%| E|  |TAMS 0x0000000712a00000| PB 0x0000000712a00000| Complete 
| 123|0x0000000712c00000, 0x0000000712e00000, 0x0000000712e00000|100%| E|CS|TAMS 0x0000000712c00000| PB 0x0000000712c00000| Complete 
| 124|0x0000000712e00000, 0x0000000713000000, 0x0000000713000000|100%| E|CS|TAMS 0x0000000712e00000| PB 0x0000000712e00000| Complete 
| 125|0x0000000713000000, 0x0000000713200000, 0x0000000713200000|100%| E|CS|TAMS 0x0000000713000000| PB 0x0000000713000000| Complete 
| 126|0x0000000713200000, 0x0000000713400000, 0x0000000713400000|100%| E|CS|TAMS 0x0000000713200000| PB 0x0000000713200000| Complete 

Card table byte_map: [0x00000281f94e0000,0x00000281f9cd0000] _byte_map_base: 0x00000281f5cc5000

Marking Bits: (CMBitMap*) 0x00000281f8736cc0
 Bits: [0x00000281f9cd0000, 0x00000281fdbf8000)

Polling page: 0x00000281f65c0000

Metaspace:

Usage:
  Non-class:      9.59 MB used.
      Class:    824.21 KB used.
       Both:     10.39 MB used.

Virtual space:
  Non-class space:       64.00 MB reserved,       9.69 MB ( 15%) committed,  1 nodes.
      Class space:        1.00 GB reserved,     896.00 KB ( <1%) committed,  1 nodes.
             Both:        1.06 GB reserved,      10.56 MB ( <1%) committed. 

Chunk freelists:
   Non-Class:  5.51 MB
       Class:  15.07 MB
        Both:  20.58 MB

MaxMetaspaceSize: unlimited
CompressedClassSpaceSize: 1.00 GB
Initial GC threshold: 21.00 MB
Current GC threshold: 21.00 MB
CDS: on
 - commit_granule_bytes: 65536.
 - commit_granule_words: 8192.
 - virtual_space_node_default_size: 8388608.
 - enlarge_chunks_in_place: 1.
 - use_allocation_guard: 0.


Internal statistics:

num_allocs_failed_limit: 0.
num_arena_births: 114.
num_arena_deaths: 0.
num_vsnodes_births: 2.
num_vsnodes_deaths: 0.
num_space_committed: 167.
num_space_uncommitted: 0.
num_chunks_returned_to_freelist: 0.
num_chunks_taken_from_freelist: 384.
num_chunk_merges: 0.
num_chunk_splits: 297.
num_chunks_enlarged: 238.
num_inconsistent_stats: 0.

CodeHeap 'non-profiled nmethods': size=120000Kb used=558Kb max_used=558Kb free=119441Kb
 bounds [0x000002818fe50000, 0x00000281900c0000, 0x0000028197380000]
CodeHeap 'profiled nmethods': size=120000Kb used=2471Kb max_used=2471Kb free=117529Kb
 bounds [0x0000028188380000, 0x00000281885f0000, 0x000002818f8b0000]
CodeHeap 'non-nmethods': size=5760Kb used=2822Kb max_used=2850Kb free=2938Kb
 bounds [0x000002818f8b0000, 0x000002818fb80000, 0x000002818fe50000]
 total_blobs=2760 nmethods=1424 adapters=1240
 compilation: enabled
              stopped_count=0, restarted_count=0
 full_count=0

Compilation events (20 events):
Event: 1.021 Thread 0x0000028197cd35f0 nmethod 1417 0x000002818fed0690 code [0x000002818fed0820, 0x000002818fed08f0]
Event: 1.021 Thread 0x0000028197cd35f0 1419       3       java.lang.StringLatin1::getChar (9 bytes)
Event: 1.021 Thread 0x0000028197cd35f0 nmethod 1419 0x00000281885e6810 code [0x00000281885e69a0, 0x00000281885e6ac0]
Event: 1.021 Thread 0x0000028197cd35f0 1422       1       java.util.concurrent.ConcurrentHashMap$MapEntry::getValue (5 bytes)
Event: 1.021 Thread 0x0000028197cd35f0 nmethod 1422 0x000002818fed0990 code [0x000002818fed0b20, 0x000002818fed0bf0]
Event: 1.030 Thread 0x00000281de0afb00 nmethod 1400 0x000002818fed0c90 code [0x000002818fed0f80, 0x000002818fed2780]
Event: 1.030 Thread 0x00000281de0afb00 1420       4       java.lang.StringBuilder::append (8 bytes)
Event: 1.034 Thread 0x00000281de0afb00 nmethod 1420 0x000002818fed3410 code [0x000002818fed3600, 0x000002818fed3d88]
Event: 1.034 Thread 0x00000281de0afb00 1421       4       java.lang.AbstractStringBuilder::append (77 bytes)
Event: 1.038 Thread 0x00000281de0afb00 nmethod 1421 0x000002818fed4110 code [0x000002818fed4300, 0x000002818fed4a80]
Event: 1.038 Thread 0x00000281de0afb00 1397       4       java.util.concurrent.locks.AbstractQueuedSynchronizer::signalNext (34 bytes)
Event: 1.038 Thread 0x00000281de0afb00 nmethod 1397 0x000002818fed4d90 code [0x000002818fed4f20, 0x000002818fed5010]
Event: 1.038 Thread 0x00000281de0afb00 1404       4       java.util.concurrent.ConcurrentHashMap$Node::<init> (20 bytes)
Event: 1.039 Thread 0x00000281de0afb00 nmethod 1404 0x000002818fed5110 code [0x000002818fed52a0, 0x000002818fed5510]
Event: 1.067 Thread 0x0000028197ccf650 nmethod 1398 0x000002818fed5590 code [0x000002818fed5a80, 0x000002818fed9628]
Event: 33.279 Thread 0x0000028197cd35f0 1425       3       jdk.internal.jimage.ImageStringsReader::stringFromByteBufferMatches (138 bytes)
Event: 33.280 Thread 0x0000028197cd35f0 nmethod 1425 0x00000281885e6b90 code [0x00000281885e6e80, 0x00000281885e7ff8]
Event: 33.280 Thread 0x0000028197cd35f0 1427       3       jdk.internal.jimage.ImageLocation::verify (218 bytes)
Event: 33.281 Thread 0x0000028197cd35f0 nmethod 1427 0x00000281885e8710 code [0x00000281885e89c0, 0x00000281885e9698]
Event: 33.281 Thread 0x0000028197cd35f0 1426       3       jdk.internal.jimage.ImageLocation::verifyName (161 bytes)

GC Heap History (2 events):
Event: 0.276 GC heap before
{Heap before GC invocations=0 (full 0):
 garbage-first heap   total 260096K, used 20480K [0x0000000703600000, 0x0000000800000000)
  region size 2048K, 11 young (22528K), 0 survivors (0K)
 Metaspace       used 3882K, committed 4032K, reserved 1114112K
  class space    used 332K, committed 448K, reserved 1048576K
}
Event: 0.278 GC heap after
{Heap after GC invocations=1 (full 0):
 garbage-first heap   total 260096K, used 2527K [0x0000000703600000, 0x0000000800000000)
  region size 2048K, 2 young (4096K), 2 survivors (4096K)
 Metaspace       used 3882K, committed 4032K, reserved 1114112K
  class space    used 332K, committed 448K, reserved 1048576K
}

Dll operation events (14 events):
Event: 0.006 Loaded shared library C:\Users\stas2\.jdks\openjdk-21.0.1\bin\java.dll
Event: 0.030 Loaded shared library C:\Users\stas2\.jdks\openjdk-21.0.1\bin\jsvml.dll
Event: 0.059 Loaded shared library C:\Users\stas2\.jdks\openjdk-21.0.1\bin\net.dll
Event: 0.061 Loaded shared library C:\Users\stas2\.jdks\openjdk-21.0.1\bin\nio.dll
Event: 0.064 Loaded shared library C:\Users\stas2\.jdks\openjdk-21.0.1\bin\zip.dll
Event: 0.158 Loaded shared library C:\Users\stas2\.jdks\openjdk-21.0.1\bin\zip.dll
Event: 0.160 Loaded shared library C:\Users\stas2\.jdks\openjdk-21.0.1\bin\instrument.dll
Event: 0.176 Loaded shared library C:\IntelliJ IDEA Community Edition 2021.3.2\IntelliJ IDEA Community Edition 2023.2.1\bin\breakgen64.dll
Event: 0.226 Loaded shared library C:\Users\stas2\.jdks\openjdk-21.0.1\bin\jimage.dll
Event: 0.349 Loaded shared library C:\Users\stas2\AppData\Local\Temp\lwjgl_stas2\3.3.4+7\x64\lwjgl.dll
Event: 0.557 Loaded shared library C:\Users\stas2\AppData\Local\Temp\lwjgl_stas2\3.3.4+7\x64\lwjgl_opengl.dll
Event: 0.824 Loaded shared library C:\Users\stas2\AppData\Local\Temp\imgui-java-natives\1.89.0\imgui-java64.dll
Event: 0.854 Loaded shared library C:\Users\stas2\.jdks\openjdk-21.0.1\bin\verify.dll
Event: 0.867 Loaded shared library C:\Users\stas2\AppData\Local\Temp\lwjgl_stas2\3.3.4+7\x64\lwjgl_stb.dll

Deoptimization events (20 events):
Event: 0.359 Thread 0x00000281f635a1f0 Uncommon trap: trap_request=0xffffff45 fr.pc=0x000002818fe6fc1c relative=0x000000000000025c
Event: 0.359 Thread 0x00000281f635a1f0 Uncommon trap: reason=unstable_if action=reinterpret pc=0x000002818fe6fc1c method=java.lang.String.startsWith(Ljava/lang/String;I)Z @ 1 c2
Event: 0.359 Thread 0x00000281f635a1f0 DEOPT PACKING pc=0x000002818fe6fc1c sp=0x000000d6d1dfabf0
Event: 0.359 Thread 0x00000281f635a1f0 DEOPT UNPACKING pc=0x000002818f907da2 sp=0x000000d6d1dfab98 mode 2
Event: 0.374 Thread 0x00000281f635a1f0 Uncommon trap: trap_request=0xffffff45 fr.pc=0x000002818fe83cc0 relative=0x0000000000000ec0
Event: 0.374 Thread 0x00000281f635a1f0 Uncommon trap: reason=unstable_if action=reinterpret pc=0x000002818fe83cc0 method=java.util.HashMap.putVal(ILjava/lang/Object;Ljava/lang/Object;ZZ)Ljava/lang/Object; @ 193 c2
Event: 0.374 Thread 0x00000281f635a1f0 DEOPT PACKING pc=0x000002818fe83cc0 sp=0x000000d6d1dfb8a0
Event: 0.374 Thread 0x00000281f635a1f0 DEOPT UNPACKING pc=0x000002818f907da2 sp=0x000000d6d1dfb860 mode 2
Event: 0.553 Thread 0x00000281f635a1f0 Uncommon trap: trap_request=0xffffffde fr.pc=0x000002818fe9d5c0 relative=0x00000000000002e0
Event: 0.553 Thread 0x00000281f635a1f0 Uncommon trap: reason=class_check action=maybe_recompile pc=0x000002818fe9d5c0 method=java.util.HashMap.getNode(Ljava/lang/Object;)Ljava/util/HashMap$Node; @ 128 c2
Event: 0.553 Thread 0x00000281f635a1f0 DEOPT PACKING pc=0x000002818fe9d5c0 sp=0x000000d6d1dfe2d0
Event: 0.553 Thread 0x00000281f635a1f0 DEOPT UNPACKING pc=0x000002818f907da2 sp=0x000000d6d1dfe238 mode 2
Event: 1.009 Thread 0x0000028197cbe2d0 Uncommon trap: trap_request=0xffffff45 fr.pc=0x000002818feaf860 relative=0x0000000000000de0
Event: 1.009 Thread 0x0000028197cbe2d0 Uncommon trap: reason=unstable_if action=reinterpret pc=0x000002818feaf860 method=java.util.concurrent.ConcurrentHashMap.putVal(Ljava/lang/Object;Ljava/lang/Object;Z)Ljava/lang/Object; @ 148 c2
Event: 1.009 Thread 0x0000028197cbe2d0 DEOPT PACKING pc=0x000002818feaf860 sp=0x000000d6d28fe4e0
Event: 1.009 Thread 0x0000028197cbe2d0 DEOPT UNPACKING pc=0x000002818f907da2 sp=0x000000d6d28fe450 mode 2
Event: 1.010 Thread 0x0000028197cbe2d0 Uncommon trap: trap_request=0xffffff45 fr.pc=0x000002818fecace8 relative=0x0000000000000d28
Event: 1.010 Thread 0x0000028197cbe2d0 Uncommon trap: reason=unstable_if action=reinterpret pc=0x000002818fecace8 method=java.util.regex.Pattern$BmpCharPropertyGreedy.match(Ljava/util/regex/Matcher;ILjava/lang/CharSequence;)Z @ 12 c2
Event: 1.010 Thread 0x0000028197cbe2d0 DEOPT PACKING pc=0x000002818fecace8 sp=0x000000d6d28fe8a0
Event: 1.010 Thread 0x0000028197cbe2d0 DEOPT UNPACKING pc=0x000002818f907da2 sp=0x000000d6d28fe788 mode 2

Classes loaded (20 events):
Event: 33.280 Loading class jdk/internal/logger/AbstractLoggerWrapper
Event: 33.280 Loading class jdk/internal/logger/AbstractLoggerWrapper done
Event: 33.280 Loading class jdk/internal/logger/LazyLoggers$LazyLoggerWrapper done
Event: 33.280 Loading class jdk/internal/logger/LazyLoggers$JdkLazyLogger done
Event: 33.281 Loading class jdk/internal/logger/LazyLoggers$LazyLoggerAccessor
Event: 33.281 Loading class jdk/internal/logger/LazyLoggers$LoggerAccessor
Event: 33.281 Loading class jdk/internal/logger/LazyLoggers$LoggerAccessor done
Event: 33.281 Loading class jdk/internal/logger/LazyLoggers$LazyLoggerAccessor done
Event: 33.281 Loading class java/lang/System$Logger$Level
Event: 33.281 Loading class java/lang/System$Logger$Level done
Event: 33.281 Loading class jdk/internal/logger/SurrogateLogger
Event: 33.281 Loading class jdk/internal/logger/SimpleConsoleLogger
Event: 33.281 Loading class sun/util/logging/PlatformLogger$ConfigurableBridge$LoggerConfiguration
Event: 33.281 Loading class sun/util/logging/PlatformLogger$ConfigurableBridge$LoggerConfiguration done
Event: 33.281 Loading class jdk/internal/logger/SimpleConsoleLogger done
Event: 33.281 Loading class jdk/internal/logger/SurrogateLogger done
Event: 33.281 Loading class sun/util/logging/PlatformLogger
Event: 33.282 Loading class sun/util/logging/PlatformLogger done
Event: 33.282 Loading class sun/util/logging/PlatformLogger$Level
Event: 33.282 Loading class sun/util/logging/PlatformLogger$Level done

Classes unloaded (0 events):
No events

Classes redefined (0 events):
No events

Internal exceptions (20 events):
Event: 0.556 Thread 0x00000281f635a1f0 Exception <a 'sun/nio/fs/WindowsException'{0x000000071293fd88}> (0x000000071293fd88) 
thrown [s\open\src\hotspot\share\prims\jni.cpp, line 520]
Event: 0.558 Thread 0x00000281f635a1f0 Exception <a 'sun/nio/fs/WindowsException'{0x0000000712941aa0}> (0x0000000712941aa0) 
thrown [s\open\src\hotspot\share\prims\jni.cpp, line 520]
Event: 0.560 Thread 0x00000281f635a1f0 Exception <a 'sun/nio/fs/WindowsException'{0x000000071294b2f0}> (0x000000071294b2f0) 
thrown [s\open\src\hotspot\share\prims\jni.cpp, line 520]
Event: 0.561 Thread 0x00000281f635a1f0 Exception <a 'sun/nio/fs/WindowsException'{0x000000071294c120}> (0x000000071294c120) 
thrown [s\open\src\hotspot\share\prims\jni.cpp, line 520]
Event: 0.561 Thread 0x00000281f635a1f0 Exception <a 'sun/nio/fs/WindowsException'{0x000000071294c3f0}> (0x000000071294c3f0) 
thrown [s\open\src\hotspot\share\prims\jni.cpp, line 520]
Event: 0.772 Thread 0x00000281f635a1f0 Exception <a 'sun/nio/fs/WindowsException'{0x0000000712768148}> (0x0000000712768148) 
thrown [s\open\src\hotspot\share\prims\jni.cpp, line 520]
Event: 0.832 Thread 0x00000281f635a1f0 Exception <a 'java/lang/NoSuchMethodError'{0x00000007124554b0}: 'void java.lang.invoke.DirectMethodHandle$Holder.invokeVirtual(java.lang.Object, java.lang.Object, long, int)'> (0x00000007124554b0) 
thrown [s\open\src\hotspot\share\interpreter\linkResolver.cpp, line 773]
Event: 0.833 Thread 0x00000281f635a1f0 Exception <a 'java/lang/NoSuchMethodError'{0x00000007124615b8}: 'void java.lang.invoke.DirectMethodHandle$Holder.invokeVirtual(java.lang.Object, java.lang.Object, long, double, double)'> (0x00000007124615b8) 
thrown [s\open\src\hotspot\share\interpreter\linkResolver.cpp, line 773]
Event: 0.833 Thread 0x00000281f635a1f0 Exception <a 'java/lang/NoSuchMethodError'{0x00000007124667b8}: 'void java.lang.invoke.DirectMethodHandle$Holder.invokeVirtual(java.lang.Object, java.lang.Object, long, int, int, int)'> (0x00000007124667b8) 
thrown [s\open\src\hotspot\share\interpreter\linkResolver.cpp, line 773]
Event: 0.834 Thread 0x00000281f635a1f0 Exception <a 'java/lang/NoSuchMethodError'{0x000000071246da60}: 'void java.lang.invoke.DirectMethodHandle$Holder.invokeVirtual(java.lang.Object, java.lang.Object, long, int, int, int, int)'> (0x000000071246da60) 
thrown [s\open\src\hotspot\share\interpreter\linkResolver.cpp, line 773]
Event: 0.860 Thread 0x00000281f635a1f0 Exception <a 'java/lang/NoSuchMethodError'{0x0000000712253430}: 'void java.lang.System.load(java.lang.String, java.lang.Class)'> (0x0000000712253430) 
thrown [s\open\src\hotspot\share\interpreter\linkResolver.cpp, line 773]
Event: 0.861 Thread 0x00000281f635a1f0 Exception <a 'java/lang/NoSuchMethodError'{0x0000000712256080}: 'void java.lang.System.loadLibrary(java.lang.String, java.lang.Class)'> (0x0000000712256080) 
thrown [s\open\src\hotspot\share\interpreter\linkResolver.cpp, line 773]
Event: 0.861 Thread 0x00000281f635a1f0 Exception <a 'sun/nio/fs/WindowsException'{0x00000007122592b0}> (0x00000007122592b0) 
thrown [s\open\src\hotspot\share\prims\jni.cpp, line 520]
Event: 0.866 Thread 0x00000281f635a1f0 Exception <a 'sun/nio/fs/WindowsException'{0x0000000712298de8}> (0x0000000712298de8) 
thrown [s\open\src\hotspot\share\prims\jni.cpp, line 520]
Event: 0.866 Thread 0x00000281f635a1f0 Exception <a 'sun/nio/fs/WindowsException'{0x0000000712299168}> (0x0000000712299168) 
thrown [s\open\src\hotspot\share\prims\jni.cpp, line 520]
Event: 0.867 Thread 0x00000281f635a1f0 Exception <a 'sun/nio/fs/WindowsException'{0x000000071229ba28}> (0x000000071229ba28) 
thrown [s\open\src\hotspot\share\prims\jni.cpp, line 520]
Event: 0.924 Thread 0x00000281f635a1f0 Exception <a 'java/lang/NullPointerException'{0x0000000712319860}> (0x0000000712319860) 
thrown [s\open\src\hotspot\share\interpreter\linkResolver.cpp, line 1372]
Event: 1.014 Thread 0x0000028197cbe2d0 Exception <a 'sun/nio/fs/WindowsException'{0x0000000712025108}> (0x0000000712025108) 
thrown [s\open\src\hotspot\share\prims\jni.cpp, line 520]
Event: 1.019 Thread 0x0000028197cbe2d0 Exception <a 'java/lang/NoSuchMethodError'{0x0000000712058088}: 'java.lang.Object java.lang.invoke.Invokers$Holder.invokeExact_MT(java.lang.Object, java.lang.Object, java.lang.Object, java.lang.Object, java.lang.Object, java.lang.Object)'> (0x0000000712058088) 
thrown [s\open\src\hotspot\share\interpreter\linkResolver.cpp, line 773]
Event: 33.280 Thread 0x00000281de257b70 Exception <a 'sun/nio/fs/WindowsException'{0x0000000712116a30}> (0x0000000712116a30) 
thrown [s\open\src\hotspot\share\prims\jni.cpp, line 520]

ZGC Phase Switch (0 events):
No events

VM Operations (20 events):
Event: 0.109 Executing VM operation: HandshakeAllThreads (Deoptimize) done
Event: 0.147 Executing VM operation: HandshakeAllThreads (Deoptimize)
Event: 0.147 Executing VM operation: HandshakeAllThreads (Deoptimize) done
Event: 0.199 Executing VM operation: HandshakeAllThreads (Deoptimize)
Event: 0.199 Executing VM operation: HandshakeAllThreads (Deoptimize) done
Event: 0.249 Executing VM operation: HandshakeAllThreads (Deoptimize)
Event: 0.249 Executing VM operation: HandshakeAllThreads (Deoptimize) done
Event: 0.251 Executing VM operation: ICBufferFull
Event: 0.251 Executing VM operation: ICBufferFull done
Event: 0.276 Executing VM operation: G1CollectForAllocation (G1 Evacuation Pause)
Event: 0.278 Executing VM operation: G1CollectForAllocation (G1 Evacuation Pause) done
Event: 0.332 Executing VM operation: HandshakeAllThreads (Deoptimize)
Event: 0.332 Executing VM operation: HandshakeAllThreads (Deoptimize) done
Event: 0.345 Executing VM operation: HandshakeAllThreads (Deoptimize)
Event: 0.345 Executing VM operation: HandshakeAllThreads (Deoptimize) done
Event: 0.345 Executing VM operation: HandshakeAllThreads (Deoptimize)
Event: 0.345 Executing VM operation: HandshakeAllThreads (Deoptimize) done
Event: 1.357 Executing VM operation: Cleanup
Event: 1.357 Executing VM operation: Cleanup done
Event: 33.282 Executing VM operation: Exit

Events (20 events):
Event: 0.028 Thread 0x0000028197cc74a0 Thread added: 0x0000028197cc74a0
Event: 0.028 Thread 0x0000028197cc85e0 Thread added: 0x0000028197cc85e0
Event: 0.028 Thread 0x0000028197ccf650 Thread added: 0x0000028197ccf650
Event: 0.028 Thread 0x0000028197cd35f0 Thread added: 0x0000028197cd35f0
Event: 0.054 Thread 0x0000028197ccad40 Thread added: 0x0000028197ccad40
Event: 0.094 Thread 0x00000281dd1f77b0 Thread added: 0x00000281dd1f77b0
Event: 0.098 Thread 0x00000281dd1e2dd0 Thread added: 0x00000281dd1e2dd0
Event: 0.176 Thread 0x0000028197cca6b0 Thread added: 0x0000028197cca6b0
Event: 0.176 Thread 0x0000028197cca020 Thread added: 0x0000028197cca020
Event: 0.313 Thread 0x0000028197cc8c70 Thread added: 0x0000028197cc8c70
Event: 0.314 Thread 0x0000028197cc9990 Thread added: 0x0000028197cc9990
Event: 0.548 Thread 0x00000281dd1f77b0 Thread exited: 0x00000281dd1f77b0
Event: 0.548 Thread 0x00000281dd1e2dd0 Thread exited: 0x00000281dd1e2dd0
Event: 0.856 Thread 0x00000281ddd3d140 Thread added: 0x00000281ddd3d140
Event: 0.906 Thread 0x00000281de1725e0 Thread added: 0x00000281de1725e0
Event: 0.925 Thread 0x00000281f635a1f0 Thread exited: 0x00000281f635a1f0
Event: 0.925 Thread 0x00000281de2567c0 Thread added: 0x00000281de2567c0
Event: 1.013 Thread 0x00000281de0afb00 Thread added: 0x00000281de0afb00
Event: 6.040 Thread 0x00000281de0afb00 Thread exited: 0x00000281de0afb00
Event: 33.278 Thread 0x00000281de257b70 Thread added: 0x00000281de257b70


Dynamic libraries:
0x00007ff673940000 - 0x00007ff67394e000 	C:\Users\stas2\.jdks\openjdk-21.0.1\bin\java.exe
0x00007ffac7c80000 - 0x00007ffac7ee9000 	C:\WINDOWS\SYSTEM32\ntdll.dll
0x00007ffac5b10000 - 0x00007ffac5bd9000 	C:\WINDOWS\System32\KERNEL32.DLL
0x00007ffac5310000 - 0x00007ffac5703000 	C:\WINDOWS\System32\KERNELBASE.dll
0x00007ffac4e10000 - 0x00007ffac4f5b000 	C:\WINDOWS\System32\ucrtbase.dll
0x00007ffab94e0000 - 0x00007ffab94fb000 	C:\Users\stas2\.jdks\openjdk-21.0.1\bin\VCRUNTIME140.dll
0x00007ffab9ed0000 - 0x00007ffab9ee8000 	C:\Users\stas2\.jdks\openjdk-21.0.1\bin\jli.dll
0x00007ffac60a0000 - 0x00007ffac6264000 	C:\WINDOWS\System32\USER32.dll
0x00007ffaacac0000 - 0x00007ffaacd53000 	C:\WINDOWS\WinSxS\amd64_microsoft.windows.common-controls_6595b64144ccf1df_6.0.26100.5074_none_3e0d6f78e32fd63f\COMCTL32.dll
0x00007ffac5250000 - 0x00007ffac5277000 	C:\WINDOWS\System32\win32u.dll
0x00007ffac7170000 - 0x00007ffac7219000 	C:\WINDOWS\System32\msvcrt.dll
0x00007ffac6070000 - 0x00007ffac609b000 	C:\WINDOWS\System32\GDI32.dll
0x00007ffac5920000 - 0x00007ffac5a4d000 	C:\WINDOWS\System32\gdi32full.dll
0x00007ffac5710000 - 0x00007ffac57b3000 	C:\WINDOWS\System32\msvcp_win.dll
0x00007ffac7c00000 - 0x00007ffac7c2f000 	C:\WINDOWS\System32\IMM32.DLL
0x00007ffabf240000 - 0x00007ffabf24c000 	C:\Users\stas2\.jdks\openjdk-21.0.1\bin\vcruntime140_1.dll
0x00007ffa76f40000 - 0x00007ffa76fce000 	C:\Users\stas2\.jdks\openjdk-21.0.1\bin\msvcp140.dll
0x00007ffa12750000 - 0x00007ffa13465000 	C:\Users\stas2\.jdks\openjdk-21.0.1\bin\server\jvm.dll
0x00007ffac66a0000 - 0x00007ffac6754000 	C:\WINDOWS\System32\ADVAPI32.dll
0x00007ffac70c0000 - 0x00007ffac7166000 	C:\WINDOWS\System32\sechost.dll
0x00007ffac7ae0000 - 0x00007ffac7bf8000 	C:\WINDOWS\System32\RPCRT4.dll
0x00007ffac6a60000 - 0x00007ffac6ad4000 	C:\WINDOWS\System32\WS2_32.dll
0x00007ffac3a50000 - 0x00007ffac3aae000 	C:\WINDOWS\SYSTEM32\POWRPROF.dll
0x00007ffab73c0000 - 0x00007ffab73f5000 	C:\WINDOWS\SYSTEM32\WINMM.dll
0x00007ffabab30000 - 0x00007ffabab3b000 	C:\WINDOWS\SYSTEM32\VERSION.dll
0x00007ffac3a30000 - 0x00007ffac3a44000 	C:\WINDOWS\SYSTEM32\UMPDC.dll
0x00007ffac3d10000 - 0x00007ffac3d2b000 	C:\WINDOWS\SYSTEM32\kernel.appcore.dll
0x00007ffabd430000 - 0x00007ffabd43a000 	C:\Users\stas2\.jdks\openjdk-21.0.1\bin\jimage.dll
0x00007ffac2590000 - 0x00007ffac27d2000 	C:\WINDOWS\SYSTEM32\DBGHELP.DLL
0x00007ffac6b70000 - 0x00007ffac6eeb000 	C:\WINDOWS\System32\combase.dll
0x00007ffac7970000 - 0x00007ffac7a47000 	C:\WINDOWS\System32\OLEAUT32.dll
0x00007ffaa9e70000 - 0x00007ffaa9ead000 	C:\WINDOWS\SYSTEM32\dbgcore.DLL
0x00007ffac5880000 - 0x00007ffac5919000 	C:\WINDOWS\System32\bcryptPrimitives.dll
0x00007ffabbdd0000 - 0x00007ffabbddf000 	C:\Users\stas2\.jdks\openjdk-21.0.1\bin\instrument.dll
0x00007ffab83a0000 - 0x00007ffab83bf000 	C:\Users\stas2\.jdks\openjdk-21.0.1\bin\java.dll
0x00007ffac7220000 - 0x00007ffac796d000 	C:\WINDOWS\System32\SHELL32.dll
0x00007ffac50e0000 - 0x00007ffac524c000 	C:\WINDOWS\System32\wintypes.dll
0x00007ffac2a80000 - 0x00007ffac32d9000 	C:\WINDOWS\SYSTEM32\windows.storage.dll
0x00007ffac6ef0000 - 0x00007ffac6fe0000 	C:\WINDOWS\System32\SHCORE.dll
0x00007ffac6ae0000 - 0x00007ffac6b42000 	C:\WINDOWS\System32\shlwapi.dll
0x00007ffac4d30000 - 0x00007ffac4d59000 	C:\WINDOWS\SYSTEM32\profapi.dll
0x00007ffa76e60000 - 0x00007ffa76f37000 	C:\Users\stas2\.jdks\openjdk-21.0.1\bin\jsvml.dll
0x00007ffabbaf0000 - 0x00007ffabbb00000 	C:\Users\stas2\.jdks\openjdk-21.0.1\bin\net.dll
0x00007ffabbf60000 - 0x00007ffabc07f000 	C:\WINDOWS\SYSTEM32\WINHTTP.dll
0x00007ffac4290000 - 0x00007ffac42fb000 	C:\WINDOWS\system32\mswsock.dll
0x00007ffaaeb10000 - 0x00007ffaaeb26000 	C:\Users\stas2\.jdks\openjdk-21.0.1\bin\nio.dll
0x00007ffaaa010000 - 0x00007ffaaa028000 	C:\Users\stas2\.jdks\openjdk-21.0.1\bin\zip.dll
0x00007ffaa9ff0000 - 0x00007ffaaa00a000 	C:\IntelliJ IDEA Community Edition 2021.3.2\IntelliJ IDEA Community Edition 2023.2.1\bin\breakgen64.dll
0x00007ffa974f0000 - 0x00007ffa9756b000 	C:\Users\stas2\AppData\Local\Temp\lwjgl_stas2\3.3.4+7\x64\lwjgl.dll
0x00007ffa5ccf0000 - 0x00007ffa5cd75000 	C:\Users\stas2\AppData\Local\Temp\lwjgl_stas2\3.3.4+7\x64\glfw.dll
0x00007ffa5cca0000 - 0x00007ffa5cceb000 	C:\WINDOWS\SYSTEM32\dinput8.dll
0x00007ffaa36b0000 - 0x00007ffaa36c2000 	C:\WINDOWS\SYSTEM32\xinput1_4.dll
0x00007ffac4ac0000 - 0x00007ffac4b17000 	C:\WINDOWS\SYSTEM32\cfgmgr32.dll
0x00007ffac4a90000 - 0x00007ffac4abd000 	C:\WINDOWS\SYSTEM32\DEVOBJ.dll
0x00007ffac1d20000 - 0x00007ffac1d4b000 	C:\WINDOWS\SYSTEM32\dwmapi.dll
0x00007ffa9a160000 - 0x00007ffa9a33a000 	C:\WINDOWS\SYSTEM32\inputhost.dll
0x00007ffabef10000 - 0x00007ffabf035000 	C:\WINDOWS\SYSTEM32\CoreMessaging.dll
0x00007ffac4550000 - 0x00007ffac455c000 	C:\WINDOWS\SYSTEM32\CRYPTBASE.DLL
0x00007ffabf4e0000 - 0x00007ffabf588000 	C:\WINDOWS\system32\uxtheme.dll
0x00007ffac6530000 - 0x00007ffac6688000 	C:\WINDOWS\System32\MSCTF.dll
0x00007ffa94640000 - 0x00007ffa9474c000 	C:\WINDOWS\SYSTEM32\opengl32.dll
0x00007ffa96270000 - 0x00007ffa9629d000 	C:\WINDOWS\SYSTEM32\GLU32.dll
0x00007ffac1da0000 - 0x00007ffac1de4000 	C:\WINDOWS\SYSTEM32\dxcore.dll
0x00007ffabd0b0000 - 0x00007ffabd110000 	C:\WINDOWS\SYSTEM32\directxdatabasehelper.dll
0x00007ffab54c0000 - 0x00007ffab54da000 	C:\WINDOWS\SYSTEM32\windows.staterepositorycore.dll
0x00007ffa41fd0000 - 0x00007ffa42fc3000 	C:\WINDOWS\System32\DriverStore\FileRepository\iigd_dch.inf_amd64_5802b1615520e41c\igxelpicd64.dll
0x00007ffac68c0000 - 0x00007ffac6a58000 	C:\WINDOWS\System32\ole32.dll
0x00007ffac1ba0000 - 0x00007ffac1cda000 	C:\WINDOWS\system32\dxgi.dll
0x00007ffa48d00000 - 0x00007ffa48fe7000 	C:\WINDOWS\System32\DriverStore\FileRepository\iigd_dch.inf_amd64_5802b1615520e41c\igdml64.dll
0x00007ffab2f10000 - 0x00007ffab32d7000 	C:\WINDOWS\System32\DriverStore\FileRepository\iigd_dch.inf_amd64_5802b1615520e41c\igdgmm64.dll
0x00007ffaaf880000 - 0x00007ffab2e91000 	C:\WINDOWS\System32\DriverStore\FileRepository\iigd_dch.inf_amd64_5802b1615520e41c\igc64.dll
0x00007ffa91ad0000 - 0x00007ffa91c19000 	C:\WINDOWS\SYSTEM32\textinputframework.dll
0x00007ffab5eb0000 - 0x00007ffab6193000 	C:\WINDOWS\SYSTEM32\CoreUIComponents.dll
0x00007ffa5cc30000 - 0x00007ffa5cc91000 	C:\Users\stas2\AppData\Local\Temp\lwjgl_stas2\3.3.4+7\x64\lwjgl_opengl.dll
0x00007ff9d3c00000 - 0x00007ff9d43f4000 	C:\Users\stas2\AppData\Local\Temp\imgui-java-natives\1.89.0\imgui-java64.dll
0x00007ffabbaa0000 - 0x00007ffabbab0000 	C:\Users\stas2\.jdks\openjdk-21.0.1\bin\verify.dll
0x00007ffa5a300000 - 0x00007ffa5a3a0000 	C:\Users\stas2\AppData\Local\Temp\lwjgl_stas2\3.3.4+7\x64\lwjgl_stb.dll

dbghelp: loaded successfully - version: 4.0.5 - missing functions: none
symbol engine: initialized successfully - sym options: 0x614 - pdb path: .;C:\Users\stas2\.jdks\openjdk-21.0.1\bin;C:\WINDOWS\SYSTEM32;C:\WINDOWS\WinSxS\amd64_microsoft.windows.common-controls_6595b64144ccf1df_6.0.26100.5074_none_3e0d6f78e32fd63f;C:\Users\stas2\.jdks\openjdk-21.0.1\bin\server;C:\IntelliJ IDEA Community Edition 2021.3.2\IntelliJ IDEA Community Edition 2023.2.1\bin;C:\Users\stas2\AppData\Local\Temp\lwjgl_stas2\3.3.4+7\x64;C:\WINDOWS\System32\DriverStore\FileRepository\iigd_dch.inf_amd64_5802b1615520e41c;C:\Users\stas2\AppData\Local\Temp\imgui-java-natives\1.89.0

VM Arguments:
jvm_args: -javaagent:C:\IntelliJ IDEA Community Edition 2021.3.2\IntelliJ IDEA Community Edition 2023.2.1\lib\idea_rt.jar=53487:C:\IntelliJ IDEA Community Edition 2021.3.2\IntelliJ IDEA Community Edition 2023.2.1\bin -Dfile.encoding=windows-1252 -Dsun.stdout.encoding=windows-1252 -Dsun.stderr.encoding=windows-1252 --module-path=C:\Users\stas2\.m2\repository\org\lwjgl\lwjgl\3.3.4\lwjgl-3.3.4.jar;C:\Users\stas2\.m2\repository\org\lwjgl\lwjgl-glfw\3.3.4\lwjgl-glfw-3.3.4.jar;C:\Users\stas2\.m2\repository\org\lwjgl\lwjgl-vulkan\3.3.4\lwjgl-vulkan-3.3.4.jar;C:\Users\stas2\.m2\repository\io\github\spair\imgui-java-lwjgl3\1.89.0\imgui-java-lwjgl3-1.89.0.jar;O:\GIt\MultiplayerShooter\target\classes;C:\Users\stas2\.m2\repository\com\fasterxml\jackson\core\jackson-core\2.17.2\jackson-core-2.17.2.jar;C:\Users\stas2\.m2\repository\org\lwjgl\lwjgl-stb\3.3.4\lwjgl-stb-3.3.4.jar;C:\Users\stas2\.m2\repository\com\fasterxml\jackson\core\jackson-annotations\2.17.2\jackson-annotations-2.17.2.jar;C:\Users\stas2\.m2\repository\io\github\spair\imgui-java-binding\1.89.0\imgui-java-binding-1.89.0.jar;C:\Users\stas2\.m2\repository\org\joml\joml\1.10.7\joml-1.10.7.jar;C:\Users\stas2\.m2\repository\org\lwjgl\lwjgl-assimp\3.3.4\lwjgl-assimp-3.3.4.jar;C:\Users\stas2\.m2\repository\org\lwjgl\lwjgl-opengl\3.3.4\lwjgl-opengl-3.3.4.jar;C:\Users\stas2\.m2\repository\org\joml\joml-primitives\1.10.0\joml-primitives-1.10.0.jar;C:\Users\stas2\.m2\repository\com\fasterxml\jackson\core\jackson-databind\2.17.2\jackson-databind-2.17.2.jar -Djdk.module.main=com.bedrye.bjge 
java_command: com.bedrye.bjge/com.bedrye.bjge.TestMain
java_class_path (initial): C:\Users\stas2\.m2\repository\io\github\spair\imgui-java-natives-windows\1.89.0\imgui-java-natives-windows-1.89.0.jar;C:\Users\stas2\.m2\repository\org\junit\jupiter\junit-jupiter-api\5.9.2\junit-jupiter-api-5.9.2.jar;C:\Users\stas2\.m2\repository\org\opentest4j\opentest4j\1.2.0\opentest4j-1.2.0.jar;C:\Users\stas2\.m2\repository\org\junit\platform\junit-platform-commons\1.9.2\junit-platform-commons-1.9.2.jar;C:\Users\stas2\.m2\repository\org\apiguardian\apiguardian-api\1.1.2\apiguardian-api-1.1.2.jar;C:\Users\stas2\.m2\repository\org\junit\jupiter\junit-jupiter-engine\5.9.2\junit-jupiter-engine-5.9.2.jar;C:\Users\stas2\.m2\repository\org\junit\platform\junit-platform-engine\1.9.2\junit-platform-engine-1.9.2.jar;C:\Users\stas2\.m2\repository\org\lwjgl\lwjgl-bgfx\3.3.4\lwjgl-bgfx-3.3.4.jar;C:\Users\stas2\.m2\repository\org\lwjgl\lwjgl-nanovg\3.3.4\lwjgl-nanovg-3.3.4.jar;C:\Users\stas2\.m2\repository\org\lwjgl\lwjgl-nuklear\3.3.4\lwjgl-nuklear-3.3.4.jar;C:\Users\stas2\.m2\repository\org\lwjgl\lwjgl-openal\3.3.4\lwjgl-openal-3.3.4.jar;C:\Users\stas2\.m2\repository\org\lwjgl\lwjgl-par\3.3.4\lwjgl-par-3.3.4.jar;C:\Users\stas2\.m2\repository\org\lwjgl\lwjgl\3.3.4\lwjgl-3.3.4-natives-windows.jar;C:\Users\stas2\.m2\repository\org\lwjgl\lwjgl-assimp\3.3.4\lwjgl-assimp-3.3.4-natives-windows.jar;C:\Users\stas2\.m2\repository\org\lwjgl\lwjgl-bgfx\3.3.4\lwjgl-bgfx-3.3.4-natives-windows.jar;C:\Users\stas2\.m2\repository\org\lwjgl\lwjgl-glfw\3.3.4\lwjgl-glfw-3.3.4-natives-windows.jar;C:\Users\stas2\.m2\repository\org\lwjgl\lwjgl-nanovg\3.3.4\lwjgl-nanovg-3.3.4-natives-windows.jar;C:\Users\stas2\.m2\repository\org\lwjgl\lwjgl-nuklear\3.3.4\lwjgl-nuklear-3.3.4-natives-windows.jar;C:\Users\stas2\.m2\repository\org\lwjgl\lwjgl-openal\3.3.4\lwjgl-openal-3.3.4-natives-windows.jar;C:\Users\stas2\.m2\repository\org\lwjgl\lwjgl-opengl\3.3.4\lwjgl-opengl-3.3.4-natives-windows.jar;C:\Users\stas2\.m2\repository\org\lwjgl\lwjgl-par\3.3.4\lwjgl-par-3.3.4-natives-windows.jar;C:\Users\stas2\.m2\repository\org\lwjgl\lwjgl-stb\3.3.4\lwjgl-stb-3.3.4-natives-windows.jar
Launcher Type: SUN_STANDARD

[Global flags]
     intx CICompilerCount                          = 4                                         {product} {ergonomic}
     uint ConcGCThreads                            = 3                                         {product} {ergonomic}
     uint G1ConcRefinementThreads                  = 10                                        {product} {ergonomic}
   size_t G1HeapRegionSize                         = 2097152                                   {product} {ergonomic}
    uintx GCDrainStackTargetSize                   = 64                                        {product} {ergonomic}
   size_t InitialHeapSize                          = 266338304                                 {product} {ergonomic}
   size_t MarkStackSize                            = 4194304                                   {product} {ergonomic}
   size_t MaxHeapSize                              = 4238344192                                {product} {ergonomic}
   size_t MaxNewSize                               = 2541748224                                {product} {ergonomic}
   size_t MinHeapDeltaBytes                        = 2097152                                   {product} {ergonomic}
   size_t MinHeapSize                              = 8388608                                   {product} {ergonomic}
    uintx NonNMethodCodeHeapSize                   = 5839372                                {pd product} {ergonomic}
    uintx NonProfiledCodeHeapSize                  = 122909434                              {pd product} {ergonomic}
    uintx ProfiledCodeHeapSize                     = 122909434                              {pd product} {ergonomic}
    uintx ReservedCodeCacheSize                    = 251658240                              {pd product} {ergonomic}
     bool SegmentedCodeCache                       = true                                      {product} {ergonomic}
   size_t SoftMaxHeapSize                          = 4238344192                             {manageable} {ergonomic}
     bool UseCompressedOops                        = true                           {product lp64_product} {ergonomic}
     bool UseG1GC                                  = true                                      {product} {ergonomic}
     bool UseLargePagesIndividualAllocation        = false                                  {pd product} {ergonomic}

Logging:
Log output configuration:
 #0: stdout all=off uptime,level,tags foldmultilines=false
 #1: stderr all=off uptime,level,tags foldmultilines=false

Environment Variables:
JAVA_HOME=C:\Program Files\Java\jdk-21
PATH=C:\Program Files\PlasticSCM5\server;C:\Program Files\PlasticSCM5\client;C:\Program Files\NVIDIA GPU Computing Toolkit\CUDA\v12.6\bin;C:\Program Files\NVIDIA GPU Computing Toolkit\CUDA\v12.6\libnvvp;C:\Program Files\Common Files\Oracle\Java\javapath;C:\Windows\system32;C:\Windows;C:\Program Files\Java\jdk-11.0.2\bin;C:\Windows\System32\Wbem;C:\ORacleDatabase\dbhomeXE\bin;C:\Windows\System32\WindowsPowerShell\v1.0\;C:\Windows\System32\OpenSSH\;C:\Program Files (x86)\NVIDIA Corporation\PhysX\Common;C:\Program Files\NVIDIA Corporation\NVIDIA NvDLISR;C:\Program Files\Git LFS;C:\Program Files\Git\cmd;C:\Program Files (x86)\Windows Kits\10\Windows Performance Toolkit\;C:\Program Files (x86)\Steam\steamapps\common\Counter-Strike Global Offensive\game\bin\win64;C:\Users\stas2\AppData\Local\Programs\Python\Python311;C:\Program Files\dotnet\;C:\Program Files\Microsoft SQL Server\150\Tools\Binn\;C:\Program Files\Microsoft SQL Server\Client SDK\ODBC\170\Tools\Binn\;C:\Program Files\NVIDIA Corporation\Nsight Compute 2024.3.2\;C:\Program Files (x86)\Microsoft SQL Server\160\Tools\Binn\;C:\Program Files\Microsoft SQL Server\160\Tools\Binn\;C:\Program Files\Microsoft SQL Server\160\DTS\Binn\;C:\Program Files (x86)\Microsoft SQL Server\160\DTS\Binn\;C:\WINDOWS\system32;C:\WINDOWS;C:\WINDOWS\System32\Wbem;C:\WINDOWS\System32\WindowsPowerShell\v1.0\;C:\WINDOWS\System32\OpenSSH\;C:\Program Files\Docker\Docker\resources\bin;O:\npdejs\;C:\Users\stas2\AppData\Local\Microsoft\WindowsApps;C:\Users\stas2\AppData\Local\Programs\Microsoft VS Code\bin;C:\Users\stas2\AppData\Local\GitHubDesktop\bin;C:\Users\stas2\AppData\Local\Programs\Python\Python311;C:\Program Files (x86)\Steam\steamapps\common\Counter-Strike Global Offensive\game\bin\win64;C:\Users\stas2\.dotnet\tools;C:\Users\stas2\AppData\Local\Muse Hub\lib;C:\Users\stas2\AppData\Roaming\npm
USERNAME=stas2
OS=Windows_NT
PROCESSOR_IDENTIFIER=Intel64 Family 6 Model 141 Stepping 1, GenuineIntel
TMP=C:\Users\stas2\AppData\Local\Temp
TEMP=C:\Users\stas2\AppData\Local\Temp




Periodic native trim disabled

---------------  S Y S T E M  ---------------

OS:
 Windows 11 , 64 bit Build 26100 (10.0.26100.5074)
OS uptime: 26 days 5:30 hours
Hyper-V role detected

CPU: total 12 (initial active 12) (6 cores per cpu, 2 threads per core) family 6 model 141 stepping 1 microcode 0x3c, cx8, cmov, fxsr, ht, mmx, 3dnowpref, sse, sse2, sse3, ssse3, sse4.1, sse4.2, popcnt, lzcnt, tsc, tscinvbit, avx, avx2, aes, erms, clmul, bmi1, bmi2, adx, avx512f, avx512dq, avx512cd, avx512bw, avx512vl, sha, fma, vzeroupper, avx512_vpopcntdq, avx512_vpclmulqdq, avx512_vaes, avx512_vnni, clflush, clflushopt, clwb, avx512_vbmi2, avx512_vbmi, hv, rdtscp, rdpid, fsrm, gfni, avx512_bitalg, f16c, cet_ibt, cet_ss, avx512_ifma
Processor Information for all 12 processors :
  Max Mhz: 2688, Current Mhz: 2688, Mhz Limit: 2688

Memory: 4k page, system-wide physical 16163M (2261M free)
TotalPageFile size 36643M (AvailPageFile size 5648M)
current process WorkingSet (physical memory assigned to process): 224M, peak: 231M
current process commit charge ("private bytes"): 426M, peak: 432M

vm_info: OpenJDK 64-Bit Server VM (21.0.1+12-29) for windows-amd64 JRE (21.0.1+12-29), built on 2023-10-05T13:27:09Z by "mach5one" with MS VC++ 17.1 (VS2022)

END.
