#
# A fatal error has been detected by the Java Runtime Environment:
#
#  EXCEPTION_ACCESS_VIOLATION (0xc0000005) at pc=0x00007ffa4d38366c, pid=6432, tid=6664
#
# JRE version: OpenJDK Runtime Environment (21.0.1+12) (build 21.0.1+12-29)
# Java VM: OpenJDK 64-Bit Server VM (21.0.1+12-29, mixed mode, sharing, tiered, compressed oops, compressed class ptrs, g1 gc, windows-amd64)
# Problematic frame:
# C  [igxelpicd64.dll+0x13366c]
#
# No core dump will be written. Minidumps are not enabled by default on client versions of Windows
#
# If you would like to submit a bug report, please visit:
#   https://bugreport.java.com/bugreport/crash.jsp
#

---------------  S U M M A R Y ------------

Command Line: -javaagent:C:\IntelliJ IDEA Community Edition 2021.3.2\IntelliJ IDEA Community Edition 2023.2.1\lib\idea_rt.jar=62173:C:\IntelliJ IDEA Community Edition 2021.3.2\IntelliJ IDEA Community Edition 2023.2.1\bin -Dfile.encoding=windows-1252 -Dsun.stdout.encoding=windows-1252 -Dsun.stderr.encoding=windows-1252 --module-path=C:\Users\stas2\.m2\repository\com\fasterxml\jackson\core\jackson-annotations\2.17.2\jackson-annotations-2.17.2.jar;C:\Users\stas2\.m2\repository\org\lwjgl\lwjgl-assimp\3.3.4\lwjgl-assimp-3.3.4.jar;C:\Users\stas2\.m2\repository\io\github\spair\imgui-java-lwjgl3\1.89.0\imgui-java-lwjgl3-1.89.0.jar;C:\Users\stas2\.m2\repository\org\lwjgl\lwjgl-vulkan\3.3.4\lwjgl-vulkan-3.3.4.jar;C:\Users\stas2\.m2\repository\org\lwjgl\lwjgl\3.3.4\lwjgl-3.3.4.jar;C:\Users\stas2\.m2\repository\org\joml\joml-primitives\1.10.0\joml-primitives-1.10.0.jar;C:\Users\stas2\.m2\repository\io\github\spair\imgui-java-binding\1.89.0\imgui-java-binding-1.89.0.jar;C:\Users\stas2\.m2\repository\org\lwjgl\lwjgl-glfw\3.3.4\lwjgl-glfw-3.3.4.jar;C:\Users\stas2\.m2\repository\com\fasterxml\jackson\core\jackson-core\2.17.2\jackson-core-2.17.2.jar;C:\Users\stas2\.m2\repository\org\lwjgl\lwjgl-stb\3.3.4\lwjgl-stb-3.3.4.jar;O:\GIt\MultiplayerShooter\target\classes;C:\Users\stas2\.m2\repository\com\fasterxml\jackson\core\jackson-databind\2.17.2\jackson-databind-2.17.2.jar;C:\Users\stas2\.m2\repository\org\joml\joml\1.10.7\joml-1.10.7.jar;C:\Users\stas2\.m2\repository\org\lwjgl\lwjgl-opengl\3.3.4\lwjgl-opengl-3.3.4.jar -Djdk.module.main=com.bedrye.bjge com.bedrye.bjge/com.bedrye.bjge.TestMain

Host: 11th Gen Intel(R) Core(TM) i5-11400H @ 2.70GHz, 12 cores, 15G,  Windows 11 , 64 bit Build 26100 (10.0.26100.5074)
Time: Sun Sep 28 12:34:45 2025 FLE Summer Time elapsed time: 274.964722 seconds (0d 0h 4m 34s)

---------------  T H R E A D  ---------------

Current thread (0x0000020b638f39a0):  VMThread "VM Thread"          [id=6664, stack(0x0000004a44700000,0x0000004a44800000) (1024K)]

Stack: [0x0000004a44700000,0x0000004a44800000],  sp=0x0000004a447fe390,  free space=1016k
Native frames: (J=compiled Java code, j=interpreted, Vv=VM code, C=native code)
C  [igxelpicd64.dll+0x13366c]


siginfo: EXCEPTION_ACCESS_VIOLATION (0xc0000005), reading address 0x00000000000356f8


Registers:
RAX=0x0000020b69717d68, RBX=0x0000020b69717c60, RCX=0x0000000000000000, RDX=0x0000000000000000
RSP=0x0000004a447fe390, RBP=0x0000000000000000, RSI=0x0000020b69718230, RDI=0x0000020b69122450
R8 =0x0000000000000014, R9 =0x0000004a43ae4000, R10=0x0000000000000000, R11=0x0000000000000000
R12=0x0000000000000000, R13=0x0000020b69716f40, R14=0x0000000000217e00, R15=0x0000000000000016
RIP=0x00007ffa4d38366c, EFLAGS=0x0000000000010202


Register to memory mapping:

RAX=0x0000020b69717d68 points into unknown readable memory: 0x0000000000217ec9 | c9 7e 21 00 00 00 00 00
RBX=0x0000020b69717c60 points into unknown readable memory: 0x0000020b64d3b240 | 40 b2 d3 64 0b 02 00 00
RCX=0x0 is null
RDX=0x0 is null
RSP=0x0000004a447fe390 points into unknown readable memory: 0x0000020b690d0080 | 80 00 0d 69 0b 02 00 00
RBP=0x0 is null
RSI=0x0000020b69718230 points into unknown readable memory: 0x0000020b69716f40 | 40 6f 71 69 0b 02 00 00
RDI=0x0000020b69122450 points into unknown readable memory: 0x0000020b690ca200 | 00 a2 0c 69 0b 02 00 00
R8 =0x0000000000000014 is an unknown value
R9 =0x0000004a43ae4000 points into unknown readable memory: 0x0000000000000000 | 00 00 00 00 00 00 00 00
R10=0x0 is null
R11=0x0 is null
R12=0x0 is null
R13=0x0000020b69716f40 points into unknown readable memory: 0x0000020b64d3b240 | 40 b2 d3 64 0b 02 00 00
R14=0x0000000000217e00 is an unknown value
R15=0x0000000000000016 is an unknown value

Top of Stack: (sp=0x0000004a447fe390)
0x0000004a447fe390:   0000020b690d0080 0000000000000000
0x0000004a447fe3a0:   183e036cea3a02db 00007ffac7de7254
0x0000004a447fe3b0:   384a032de2480334 264c0338394b0357
0x0000004a447fe3c0:   f34d0313424c0335 e350036c444f0259
0x0000004a447fe3d0:   0000020b6921cd38 0000000000217eca
0x0000004a447fe3e0:   0000000000000000 0000000000000010
0x0000004a447fe3f0:   0000000000000000 0000000000000000
0x0000004a447fe400:   0000004a447fe510 00007ffa4d4fbc3c
0x0000004a447fe410:   0000020b690d0080 0000020b69122450
0x0000004a447fe420:   2c6f02f4296f0300 9c720335b9700300
0x0000004a447fe430:   0000004a00000620 0000b802001a0000
0x0000004a447fe440:   0000000000000000 c27d0231be7d0379
0x0000004a447fe450:   9a7e034f777e0301 9d8103511281036d
0x0000004a447fe460:   2284035fc9820375 278503750a8502b5
0x0000004a447fe470:   6385033838850340 00007ffa4d4f19a0
0x0000004a447fe480:   73860374d1850332 2489032ba888037b
0x0000004a447fe490:   468a033e4489034f d58d0352b98d036e
0x0000004a447fe4a0:   65940306858f0303 759503639d940379
0x0000004a447fe4b0:   ea980360a0980338 00007ffa4d2d3cdf
0x0000004a447fe4c0:   0000b802001a0000 0000000000000620
0x0000004a447fe4d0:   0000000000000000 4000188000000001
0x0000004a447fe4e0:   0000000000000000 0000000000000000
0x0000004a447fe4f0:   0000000000000000 0000000000000000
0x0000004a447fe500:   0000000000000000 0000000000000000
0x0000004a447fe510:   0000000000000000 0000000000000000
0x0000004a447fe520:   0000000000000000 0000000000000000
0x0000004a447fe530:   0000000000000000 0000000000000000
0x0000004a447fe540:   0000000000000000 0000000000000000
0x0000004a447fe550:   0000000000000000 0000000000000000
0x0000004a447fe560:   0000000000000000 0000000000000000
0x0000004a447fe570:   0000000000000000 0000000000000000
0x0000004a447fe580:   0000000000000000 0000000000000000 

Instructions: (pc=0x00007ffa4d38366c)
0x00007ffa4d38356c:   ec 40 45 8a e1 48 8b fa 48 8b e9 48 8b 1d 42 08
0x00007ffa4d38357c:   e0 00 48 89 58 08 48 8b cb ff 15 85 5b 9a 00 90
0x00007ffa4d38358c:   4c 8b af 78 02 00 00 48 8b 05 c6 e4 cf 00 44 8b
0x00007ffa4d38359c:   b8 40 0b 00 00 45 33 db 45 8a f3 4c 89 9f 78 02
0x00007ffa4d3835ac:   00 00 44 89 9f 80 02 00 00 4c 89 9f 98 02 00 00
0x00007ffa4d3835bc:   4c 89 9f 88 02 00 00 48 85 ed 75 38 8b 35 4a e2
0x00007ffa4d3835cc:   df 00 65 48 8b 04 25 58 00 00 00 b9 14 00 00 00
0x00007ffa4d3835dc:   48 8b 04 f0 44 38 1c 01 0f 84 9d da 86 00 65 48
0x00007ffa4d3835ec:   8b 04 25 58 00 00 00 bd 20 00 00 00 48 8b 04 f0
0x00007ffa4d3835fc:   48 8b 2c 28 48 3b 2d 39 07 e0 00 45 0f 44 fb 4d
0x00007ffa4d38360c:   85 ed 0f 84 21 01 00 00 44 8a a4 24 90 00 00 00
0x00007ffa4d38361c:   49 8b dd 49 8d b5 d0 05 00 00 4c 8b 2e 45 84 e4
0x00007ffa4d38362c:   0f 85 2a 03 00 00 8b 97 c8 01 00 00 48 8b 05 21
0x00007ffa4d38363c:   e4 cf 00 83 b8 78 03 00 00 02 75 31 83 fa 10 0f
0x00007ffa4d38364c:   83 20 01 00 00 48 8d 04 d5 21 00 00 00 48 03 c2
0x00007ffa4d38365c:   48 8d 04 c3 48 85 c0 0f 85 ff 00 00 00 49 8b cb
0x00007ffa4d38366c:   48 3b 8d f8 56 03 00 0f 87 f3 02 00 00 4c 39 9b
0x00007ffa4d38367c:   48 06 00 00 0f 85 41 da 86 00 44 8b 97 c8 01 00
0x00007ffa4d38368c:   00 48 8b 87 e0 01 00 00 4c 8b 08 8b 97 c8 01 00
0x00007ffa4d38369c:   00 83 fa 10 0f 83 03 01 00 00 48 8d 04 d5 21 00
0x00007ffa4d3836ac:   00 00 48 03 c2 48 8d 04 c3 48 85 c0 0f 85 e2 00
0x00007ffa4d3836bc:   00 00 49 8b cb 49 3b c9 0f 86 0e 01 00 00 48 8b
0x00007ffa4d3836cc:   87 78 02 00 00 48 89 06 48 89 9f 78 02 00 00 ff
0x00007ffa4d3836dc:   87 80 02 00 00 48 8b 43 08 48 8b 88 18 01 00 00
0x00007ffa4d3836ec:   48 81 e1 00 00 ff ff 48 81 c1 00 00 01 00 48 01
0x00007ffa4d3836fc:   8f 88 02 00 00 48 8b 43 08 48 8b 88 18 01 00 00
0x00007ffa4d38370c:   48 01 8f 98 02 00 00 4d 85 ed 0f 85 00 ff ff ff
0x00007ffa4d38371c:   45 84 f6 44 8a a4 24 98 00 00 00 0f 85 82 03 00
0x00007ffa4d38372c:   00 48 8b 9c 24 80 00 00 00 48 8b cf 45 84 e4 0f
0x00007ffa4d38373c:   85 8a 03 00 00 e8 fa f9 ff ff 90 48 8b cb 48 8b
0x00007ffa4d38374c:   9c 24 88 00 00 00 48 83 c4 40 41 5f 41 5e 41 5d
0x00007ffa4d38375c:   41 5c 5f 5e 5d 48 ff 25 b0 59 9a 00 48 8b 48 08 


Stack slot to memory mapping:

stack at sp + 0 slots: 0x0000020b690d0080 points into unknown readable memory: 0xffffffffffffffff | ff ff ff ff ff ff ff ff
stack at sp + 1 slots: 0x0 is null
stack at sp + 2 slots: 0x183e036cea3a02db is an unknown value
stack at sp + 3 slots: 0x00007ffac7de7254 ntdll.dll
stack at sp + 4 slots: 0x384a032de2480334 is an unknown value
stack at sp + 5 slots: 0x264c0338394b0357 is an unknown value
stack at sp + 6 slots: 0xf34d0313424c0335 is an unknown value
stack at sp + 7 slots: 0xe350036c444f0259 is an unknown value

VM_Operation (0x0000004a43dff120): Exit, mode: safepoint, requested by thread 0x0000020b429af320


---------------  P R O C E S S  ---------------

Threads class SMR info:
_java_thread_list=0x0000020b64eb90d0, length=15, elements={
0x0000020b63911d50, 0x0000020b63913ab0, 0x0000020b63919e20, 0x0000020b6391aa90,
0x0000020b6391b5e0, 0x0000020b63925060, 0x0000020b6392b910, 0x0000020b6392e3c0,
0x0000020b643efe00, 0x0000020b64b51810, 0x0000020b646c0fb0, 0x0000020b64d4c670,
0x0000020b64d43bc0, 0x0000020b429d9dc0, 0x0000020b429af320
}

Java Threads: ( => current thread )
  0x0000020b63911d50 JavaThread "Reference Handler"          daemon [_thread_blocked, id=1752, stack(0x0000004a44800000,0x0000004a44900000) (1024K)]
  0x0000020b63913ab0 JavaThread "Finalizer"                  daemon [_thread_blocked, id=8592, stack(0x0000004a44900000,0x0000004a44a00000) (1024K)]
  0x0000020b63919e20 JavaThread "Signal Dispatcher"          daemon [_thread_blocked, id=14528, stack(0x0000004a44a00000,0x0000004a44b00000) (1024K)]
  0x0000020b6391aa90 JavaThread "Attach Listener"            daemon [_thread_blocked, id=10504, stack(0x0000004a44b00000,0x0000004a44c00000) (1024K)]
  0x0000020b6391b5e0 JavaThread "Service Thread"             daemon [_thread_blocked, id=17840, stack(0x0000004a44c00000,0x0000004a44d00000) (1024K)]
  0x0000020b63925060 JavaThread "Monitor Deflation Thread"   daemon [_thread_blocked, id=28604, stack(0x0000004a44d00000,0x0000004a44e00000) (1024K)]
  0x0000020b6392b910 JavaThread "C2 CompilerThread0"         daemon [_thread_blocked, id=14756, stack(0x0000004a44e00000,0x0000004a44f00000) (1024K)]
  0x0000020b6392e3c0 JavaThread "C1 CompilerThread0"         daemon [_thread_blocked, id=27680, stack(0x0000004a44f00000,0x0000004a45000000) (1024K)]
  0x0000020b643efe00 JavaThread "Common-Cleaner"             daemon [_thread_blocked, id=27484, stack(0x0000004a45000000,0x0000004a45100000) (1024K)]
  0x0000020b64b51810 JavaThread "Monitor Ctrl-Break"         daemon [_thread_in_native, id=11632, stack(0x0000004a45300000,0x0000004a45400000) (1024K)]
  0x0000020b646c0fb0 JavaThread "Notification Thread"        daemon [_thread_blocked, id=18792, stack(0x0000004a45400000,0x0000004a45500000) (1024K)]
  0x0000020b64d4c670 JavaThread "FileSystemWatchService"     daemon [_thread_in_native, id=31920, stack(0x0000004a45b00000,0x0000004a45c00000) (1024K)]
  0x0000020b64d43bc0 JavaThread "ScriptWatcher"                     [_thread_blocked, id=23536, stack(0x0000004a45c00000,0x0000004a45d00000) (1024K)]
  0x0000020b429d9dc0 JavaThread "DestroyJavaVM"                     [_thread_blocked, id=8976, stack(0x0000004a44000000,0x0000004a44100000) (1024K)]
  0x0000020b429af320 JavaThread "SIGINT handler"             daemon [_thread_blocked, id=12968, stack(0x0000004a43d00000,0x0000004a43e00000) (1024K)]
Total: 15

Other Threads:
=>0x0000020b638f39a0 VMThread "VM Thread"                           [id=6664, stack(0x0000004a44700000,0x0000004a44800000) (1024K)]
  0x0000020b44cc5870 WorkerThread "GC Thread#0"                     [id=27984, stack(0x0000004a44100000,0x0000004a44200000) (1024K)]
  0x0000020b64cd3670 WorkerThread "GC Thread#1"                     [id=29468, stack(0x0000004a45500000,0x0000004a45600000) (1024K)]
  0x0000020b64bbbc70 WorkerThread "GC Thread#2"                     [id=9444, stack(0x0000004a45600000,0x0000004a45700000) (1024K)]
  0x0000020b64bbc010 WorkerThread "GC Thread#3"                     [id=30044, stack(0x0000004a45700000,0x0000004a45800000) (1024K)]
  0x0000020b64bbc3b0 WorkerThread "GC Thread#4"                     [id=17792, stack(0x0000004a45800000,0x0000004a45900000) (1024K)]
  0x0000020b64bbc750 WorkerThread "GC Thread#5"                     [id=18256, stack(0x0000004a45900000,0x0000004a45a00000) (1024K)]
  0x0000020b64c9c900 WorkerThread "GC Thread#6"                     [id=31512, stack(0x0000004a45a00000,0x0000004a45b00000) (1024K)]
  0x0000020b44cd64e0 ConcurrentGCThread "G1 Main Marker"            terminated
  0x0000020b44cd7e60 WorkerThread "G1 Conc#0"                       [id=13776, stack(0x0000004a44300000,0x0000004a44400000) (1024K)]
  0x0000020b637b2090 ConcurrentGCThread "G1 Refine#0"               terminated
  0x0000020b637b38c0 ConcurrentGCThread "G1 Service"                terminated
Total: 12

Threads with active compile tasks:
Total: 0

VM state: at safepoint (shutting down)

VM Mutex/Monitor currently owned by a thread:  ([mutex/lock_event])
[0x00007ffa2bb9a5f8] Threads_lock - owner thread: 0x0000020b638f39a0
[0x00007ffa2bb9a6f8] Heap_lock - owner thread: 0x0000020b429af320

Heap address: 0x0000000703600000, size: 4042 MB, Compressed Oops mode: Zero based, Oop shift amount: 3

CDS archive(s) mapped at: [0x0000020b00000000-0x0000020b00c90000-0x0000020b00c90000), size 13172736, SharedBaseAddress: 0x0000020b00000000, ArchiveRelocationMode: 1.
Compressed class space mapped at: 0x0000020b01000000-0x0000020b41000000, reserved size: 1073741824
Narrow klass base: 0x0000020b00000000, Narrow klass shift: 0, Narrow klass range: 0x100000000

GC Precious Log:
 CardTable entry size: 512
 Card Set container configuration: InlinePtr #cards 4 size 8 Array Of Cards #cards 16 size 48 Howl #buckets 8 coarsen threshold 3686 Howl Bitmap #cards 512 size 80 coarsen threshold 460 Card regions per heap region 1 cards per card region 4096
 CPUs: 12 total, 12 available
 Memory: 16163M
 Large Page Support: Disabled
 NUMA Support: Disabled
 Compressed Oops: Enabled (Zero based)
 Heap Region Size: 2M
 Heap Min Capacity: 8M
 Heap Initial Capacity: 254M
 Heap Max Capacity: 4042M
 Pre-touch: Disabled
 Parallel Workers: 10
 Concurrent Workers: 3
 Concurrent Refinement Workers: 10
 Periodic GC: Disabled

Heap:
 garbage-first heap   total 260096K, used 27157K [0x0000000703600000, 0x0000000800000000)
  region size 2048K, 15 young (30720K), 2 survivors (4096K)
 Metaspace       used 13007K, committed 13184K, reserved 1114112K
  class space    used 888K, committed 960K, reserved 1048576K

Heap Regions: E=young(eden), S=young(survivor), O=old, HS=humongous(starts), HC=humongous(continues), CS=collection set, F=free, TAMS=top-at-mark-start, PB=parsable bottom
|   0|0x0000000703600000, 0x0000000703600000, 0x0000000703800000|  0%| F|  |TAMS 0x0000000703600000| PB 0x0000000703600000| Untracked 
|   1|0x0000000703800000, 0x0000000703800000, 0x0000000703a00000|  0%| F|  |TAMS 0x0000000703800000| PB 0x0000000703800000| Untracked 
|   2|0x0000000703a00000, 0x0000000703a00000, 0x0000000703c00000|  0%| F|  |TAMS 0x0000000703a00000| PB 0x0000000703a00000| Untracked 
|   3|0x0000000703c00000, 0x0000000703c00000, 0x0000000703e00000|  0%| F|  |TAMS 0x0000000703c00000| PB 0x0000000703c00000| Untracked 
|   4|0x0000000703e00000, 0x0000000703e00000, 0x0000000704000000|  0%| F|  |TAMS 0x0000000703e00000| PB 0x0000000703e00000| Untracked 
|   5|0x0000000704000000, 0x0000000704000000, 0x0000000704200000|  0%| F|  |TAMS 0x0000000704000000| PB 0x0000000704000000| Untracked 
|   6|0x0000000704200000, 0x0000000704200000, 0x0000000704400000|  0%| F|  |TAMS 0x0000000704200000| PB 0x0000000704200000| Untracked 
|   7|0x0000000704400000, 0x0000000704400000, 0x0000000704600000|  0%| F|  |TAMS 0x0000000704400000| PB 0x0000000704400000| Untracked 
|   8|0x0000000704600000, 0x0000000704600000, 0x0000000704800000|  0%| F|  |TAMS 0x0000000704600000| PB 0x0000000704600000| Untracked 
|   9|0x0000000704800000, 0x0000000704800000, 0x0000000704a00000|  0%| F|  |TAMS 0x0000000704800000| PB 0x0000000704800000| Untracked 
|  10|0x0000000704a00000, 0x0000000704a00000, 0x0000000704c00000|  0%| F|  |TAMS 0x0000000704a00000| PB 0x0000000704a00000| Untracked 
|  11|0x0000000704c00000, 0x0000000704c00000, 0x0000000704e00000|  0%| F|  |TAMS 0x0000000704c00000| PB 0x0000000704c00000| Untracked 
|  12|0x0000000704e00000, 0x0000000704e00000, 0x0000000705000000|  0%| F|  |TAMS 0x0000000704e00000| PB 0x0000000704e00000| Untracked 
|  13|0x0000000705000000, 0x0000000705000000, 0x0000000705200000|  0%| F|  |TAMS 0x0000000705000000| PB 0x0000000705000000| Untracked 
|  14|0x0000000705200000, 0x0000000705200000, 0x0000000705400000|  0%| F|  |TAMS 0x0000000705200000| PB 0x0000000705200000| Untracked 
|  15|0x0000000705400000, 0x0000000705400000, 0x0000000705600000|  0%| F|  |TAMS 0x0000000705400000| PB 0x0000000705400000| Untracked 
|  16|0x0000000705600000, 0x0000000705600000, 0x0000000705800000|  0%| F|  |TAMS 0x0000000705600000| PB 0x0000000705600000| Untracked 
|  17|0x0000000705800000, 0x0000000705800000, 0x0000000705a00000|  0%| F|  |TAMS 0x0000000705800000| PB 0x0000000705800000| Untracked 
|  18|0x0000000705a00000, 0x0000000705a00000, 0x0000000705c00000|  0%| F|  |TAMS 0x0000000705a00000| PB 0x0000000705a00000| Untracked 
|  19|0x0000000705c00000, 0x0000000705c00000, 0x0000000705e00000|  0%| F|  |TAMS 0x0000000705c00000| PB 0x0000000705c00000| Untracked 
|  20|0x0000000705e00000, 0x0000000705e00000, 0x0000000706000000|  0%| F|  |TAMS 0x0000000705e00000| PB 0x0000000705e00000| Untracked 
|  21|0x0000000706000000, 0x0000000706000000, 0x0000000706200000|  0%| F|  |TAMS 0x0000000706000000| PB 0x0000000706000000| Untracked 
|  22|0x0000000706200000, 0x0000000706200000, 0x0000000706400000|  0%| F|  |TAMS 0x0000000706200000| PB 0x0000000706200000| Untracked 
|  23|0x0000000706400000, 0x0000000706400000, 0x0000000706600000|  0%| F|  |TAMS 0x0000000706400000| PB 0x0000000706400000| Untracked 
|  24|0x0000000706600000, 0x0000000706600000, 0x0000000706800000|  0%| F|  |TAMS 0x0000000706600000| PB 0x0000000706600000| Untracked 
|  25|0x0000000706800000, 0x0000000706800000, 0x0000000706a00000|  0%| F|  |TAMS 0x0000000706800000| PB 0x0000000706800000| Untracked 
|  26|0x0000000706a00000, 0x0000000706a00000, 0x0000000706c00000|  0%| F|  |TAMS 0x0000000706a00000| PB 0x0000000706a00000| Untracked 
|  27|0x0000000706c00000, 0x0000000706c00000, 0x0000000706e00000|  0%| F|  |TAMS 0x0000000706c00000| PB 0x0000000706c00000| Untracked 
|  28|0x0000000706e00000, 0x0000000706e00000, 0x0000000707000000|  0%| F|  |TAMS 0x0000000706e00000| PB 0x0000000706e00000| Untracked 
|  29|0x0000000707000000, 0x0000000707000000, 0x0000000707200000|  0%| F|  |TAMS 0x0000000707000000| PB 0x0000000707000000| Untracked 
|  30|0x0000000707200000, 0x0000000707200000, 0x0000000707400000|  0%| F|  |TAMS 0x0000000707200000| PB 0x0000000707200000| Untracked 
|  31|0x0000000707400000, 0x0000000707400000, 0x0000000707600000|  0%| F|  |TAMS 0x0000000707400000| PB 0x0000000707400000| Untracked 
|  32|0x0000000707600000, 0x0000000707600000, 0x0000000707800000|  0%| F|  |TAMS 0x0000000707600000| PB 0x0000000707600000| Untracked 
|  33|0x0000000707800000, 0x0000000707800000, 0x0000000707a00000|  0%| F|  |TAMS 0x0000000707800000| PB 0x0000000707800000| Untracked 
|  34|0x0000000707a00000, 0x0000000707a00000, 0x0000000707c00000|  0%| F|  |TAMS 0x0000000707a00000| PB 0x0000000707a00000| Untracked 
|  35|0x0000000707c00000, 0x0000000707c00000, 0x0000000707e00000|  0%| F|  |TAMS 0x0000000707c00000| PB 0x0000000707c00000| Untracked 
|  36|0x0000000707e00000, 0x0000000707e00000, 0x0000000708000000|  0%| F|  |TAMS 0x0000000707e00000| PB 0x0000000707e00000| Untracked 
|  37|0x0000000708000000, 0x0000000708000000, 0x0000000708200000|  0%| F|  |TAMS 0x0000000708000000| PB 0x0000000708000000| Untracked 
|  38|0x0000000708200000, 0x0000000708200000, 0x0000000708400000|  0%| F|  |TAMS 0x0000000708200000| PB 0x0000000708200000| Untracked 
|  39|0x0000000708400000, 0x0000000708400000, 0x0000000708600000|  0%| F|  |TAMS 0x0000000708400000| PB 0x0000000708400000| Untracked 
|  40|0x0000000708600000, 0x0000000708600000, 0x0000000708800000|  0%| F|  |TAMS 0x0000000708600000| PB 0x0000000708600000| Untracked 
|  41|0x0000000708800000, 0x0000000708800000, 0x0000000708a00000|  0%| F|  |TAMS 0x0000000708800000| PB 0x0000000708800000| Untracked 
|  42|0x0000000708a00000, 0x0000000708a00000, 0x0000000708c00000|  0%| F|  |TAMS 0x0000000708a00000| PB 0x0000000708a00000| Untracked 
|  43|0x0000000708c00000, 0x0000000708c00000, 0x0000000708e00000|  0%| F|  |TAMS 0x0000000708c00000| PB 0x0000000708c00000| Untracked 
|  44|0x0000000708e00000, 0x0000000708e00000, 0x0000000709000000|  0%| F|  |TAMS 0x0000000708e00000| PB 0x0000000708e00000| Untracked 
|  45|0x0000000709000000, 0x0000000709000000, 0x0000000709200000|  0%| F|  |TAMS 0x0000000709000000| PB 0x0000000709000000| Untracked 
|  46|0x0000000709200000, 0x0000000709200000, 0x0000000709400000|  0%| F|  |TAMS 0x0000000709200000| PB 0x0000000709200000| Untracked 
|  47|0x0000000709400000, 0x0000000709400000, 0x0000000709600000|  0%| F|  |TAMS 0x0000000709400000| PB 0x0000000709400000| Untracked 
|  48|0x0000000709600000, 0x0000000709600000, 0x0000000709800000|  0%| F|  |TAMS 0x0000000709600000| PB 0x0000000709600000| Untracked 
|  49|0x0000000709800000, 0x0000000709800000, 0x0000000709a00000|  0%| F|  |TAMS 0x0000000709800000| PB 0x0000000709800000| Untracked 
|  50|0x0000000709a00000, 0x0000000709a00000, 0x0000000709c00000|  0%| F|  |TAMS 0x0000000709a00000| PB 0x0000000709a00000| Untracked 
|  51|0x0000000709c00000, 0x0000000709c00000, 0x0000000709e00000|  0%| F|  |TAMS 0x0000000709c00000| PB 0x0000000709c00000| Untracked 
|  52|0x0000000709e00000, 0x0000000709e00000, 0x000000070a000000|  0%| F|  |TAMS 0x0000000709e00000| PB 0x0000000709e00000| Untracked 
|  53|0x000000070a000000, 0x000000070a000000, 0x000000070a200000|  0%| F|  |TAMS 0x000000070a000000| PB 0x000000070a000000| Untracked 
|  54|0x000000070a200000, 0x000000070a200000, 0x000000070a400000|  0%| F|  |TAMS 0x000000070a200000| PB 0x000000070a200000| Untracked 
|  55|0x000000070a400000, 0x000000070a400000, 0x000000070a600000|  0%| F|  |TAMS 0x000000070a400000| PB 0x000000070a400000| Untracked 
|  56|0x000000070a600000, 0x000000070a600000, 0x000000070a800000|  0%| F|  |TAMS 0x000000070a600000| PB 0x000000070a600000| Untracked 
|  57|0x000000070a800000, 0x000000070a800000, 0x000000070aa00000|  0%| F|  |TAMS 0x000000070a800000| PB 0x000000070a800000| Untracked 
|  58|0x000000070aa00000, 0x000000070aa00000, 0x000000070ac00000|  0%| F|  |TAMS 0x000000070aa00000| PB 0x000000070aa00000| Untracked 
|  59|0x000000070ac00000, 0x000000070ac00000, 0x000000070ae00000|  0%| F|  |TAMS 0x000000070ac00000| PB 0x000000070ac00000| Untracked 
|  60|0x000000070ae00000, 0x000000070ae00000, 0x000000070b000000|  0%| F|  |TAMS 0x000000070ae00000| PB 0x000000070ae00000| Untracked 
|  61|0x000000070b000000, 0x000000070b000000, 0x000000070b200000|  0%| F|  |TAMS 0x000000070b000000| PB 0x000000070b000000| Untracked 
|  62|0x000000070b200000, 0x000000070b200000, 0x000000070b400000|  0%| F|  |TAMS 0x000000070b200000| PB 0x000000070b200000| Untracked 
|  63|0x000000070b400000, 0x000000070b400000, 0x000000070b600000|  0%| F|  |TAMS 0x000000070b400000| PB 0x000000070b400000| Untracked 
|  64|0x000000070b600000, 0x000000070b600000, 0x000000070b800000|  0%| F|  |TAMS 0x000000070b600000| PB 0x000000070b600000| Untracked 
|  65|0x000000070b800000, 0x000000070b800000, 0x000000070ba00000|  0%| F|  |TAMS 0x000000070b800000| PB 0x000000070b800000| Untracked 
|  66|0x000000070ba00000, 0x000000070ba00000, 0x000000070bc00000|  0%| F|  |TAMS 0x000000070ba00000| PB 0x000000070ba00000| Untracked 
|  67|0x000000070bc00000, 0x000000070bc00000, 0x000000070be00000|  0%| F|  |TAMS 0x000000070bc00000| PB 0x000000070bc00000| Untracked 
|  68|0x000000070be00000, 0x000000070be00000, 0x000000070c000000|  0%| F|  |TAMS 0x000000070be00000| PB 0x000000070be00000| Untracked 
|  69|0x000000070c000000, 0x000000070c000000, 0x000000070c200000|  0%| F|  |TAMS 0x000000070c000000| PB 0x000000070c000000| Untracked 
|  70|0x000000070c200000, 0x000000070c200000, 0x000000070c400000|  0%| F|  |TAMS 0x000000070c200000| PB 0x000000070c200000| Untracked 
|  71|0x000000070c400000, 0x000000070c400000, 0x000000070c600000|  0%| F|  |TAMS 0x000000070c400000| PB 0x000000070c400000| Untracked 
|  72|0x000000070c600000, 0x000000070c600000, 0x000000070c800000|  0%| F|  |TAMS 0x000000070c600000| PB 0x000000070c600000| Untracked 
|  73|0x000000070c800000, 0x000000070c800000, 0x000000070ca00000|  0%| F|  |TAMS 0x000000070c800000| PB 0x000000070c800000| Untracked 
|  74|0x000000070ca00000, 0x000000070ca00000, 0x000000070cc00000|  0%| F|  |TAMS 0x000000070ca00000| PB 0x000000070ca00000| Untracked 
|  75|0x000000070cc00000, 0x000000070cc00000, 0x000000070ce00000|  0%| F|  |TAMS 0x000000070cc00000| PB 0x000000070cc00000| Untracked 
|  76|0x000000070ce00000, 0x000000070ce00000, 0x000000070d000000|  0%| F|  |TAMS 0x000000070ce00000| PB 0x000000070ce00000| Untracked 
|  77|0x000000070d000000, 0x000000070d000000, 0x000000070d200000|  0%| F|  |TAMS 0x000000070d000000| PB 0x000000070d000000| Untracked 
|  78|0x000000070d200000, 0x000000070d200000, 0x000000070d400000|  0%| F|  |TAMS 0x000000070d200000| PB 0x000000070d200000| Untracked 
|  79|0x000000070d400000, 0x000000070d400000, 0x000000070d600000|  0%| F|  |TAMS 0x000000070d400000| PB 0x000000070d400000| Untracked 
|  80|0x000000070d600000, 0x000000070d600000, 0x000000070d800000|  0%| F|  |TAMS 0x000000070d600000| PB 0x000000070d600000| Untracked 
|  81|0x000000070d800000, 0x000000070d800000, 0x000000070da00000|  0%| F|  |TAMS 0x000000070d800000| PB 0x000000070d800000| Untracked 
|  82|0x000000070da00000, 0x000000070da00000, 0x000000070dc00000|  0%| F|  |TAMS 0x000000070da00000| PB 0x000000070da00000| Untracked 
|  83|0x000000070dc00000, 0x000000070dc00000, 0x000000070de00000|  0%| F|  |TAMS 0x000000070dc00000| PB 0x000000070dc00000| Untracked 
|  84|0x000000070de00000, 0x000000070de00000, 0x000000070e000000|  0%| F|  |TAMS 0x000000070de00000| PB 0x000000070de00000| Untracked 
|  85|0x000000070e000000, 0x000000070e000000, 0x000000070e200000|  0%| F|  |TAMS 0x000000070e000000| PB 0x000000070e000000| Untracked 
|  86|0x000000070e200000, 0x000000070e200000, 0x000000070e400000|  0%| F|  |TAMS 0x000000070e200000| PB 0x000000070e200000| Untracked 
|  87|0x000000070e400000, 0x000000070e400000, 0x000000070e600000|  0%| F|  |TAMS 0x000000070e400000| PB 0x000000070e400000| Untracked 
|  88|0x000000070e600000, 0x000000070e600000, 0x000000070e800000|  0%| F|  |TAMS 0x000000070e600000| PB 0x000000070e600000| Untracked 
|  89|0x000000070e800000, 0x000000070e800000, 0x000000070ea00000|  0%| F|  |TAMS 0x000000070e800000| PB 0x000000070e800000| Untracked 
|  90|0x000000070ea00000, 0x000000070ea00000, 0x000000070ec00000|  0%| F|  |TAMS 0x000000070ea00000| PB 0x000000070ea00000| Untracked 
|  91|0x000000070ec00000, 0x000000070ec00000, 0x000000070ee00000|  0%| F|  |TAMS 0x000000070ec00000| PB 0x000000070ec00000| Untracked 
|  92|0x000000070ee00000, 0x000000070ee00000, 0x000000070f000000|  0%| F|  |TAMS 0x000000070ee00000| PB 0x000000070ee00000| Untracked 
|  93|0x000000070f000000, 0x000000070f000000, 0x000000070f200000|  0%| F|  |TAMS 0x000000070f000000| PB 0x000000070f000000| Untracked 
|  94|0x000000070f200000, 0x000000070f200000, 0x000000070f400000|  0%| F|  |TAMS 0x000000070f200000| PB 0x000000070f200000| Untracked 
|  95|0x000000070f400000, 0x000000070f400000, 0x000000070f600000|  0%| F|  |TAMS 0x000000070f400000| PB 0x000000070f400000| Untracked 
|  96|0x000000070f600000, 0x000000070f600000, 0x000000070f800000|  0%| F|  |TAMS 0x000000070f600000| PB 0x000000070f600000| Untracked 
|  97|0x000000070f800000, 0x000000070f800000, 0x000000070fa00000|  0%| F|  |TAMS 0x000000070f800000| PB 0x000000070f800000| Untracked 
|  98|0x000000070fa00000, 0x000000070fa00000, 0x000000070fc00000|  0%| F|  |TAMS 0x000000070fa00000| PB 0x000000070fa00000| Untracked 
|  99|0x000000070fc00000, 0x000000070fc00000, 0x000000070fe00000|  0%| F|  |TAMS 0x000000070fc00000| PB 0x000000070fc00000| Untracked 
| 100|0x000000070fe00000, 0x000000070fe00000, 0x0000000710000000|  0%| F|  |TAMS 0x000000070fe00000| PB 0x000000070fe00000| Untracked 
| 101|0x0000000710000000, 0x0000000710000000, 0x0000000710200000|  0%| F|  |TAMS 0x0000000710000000| PB 0x0000000710000000| Untracked 
| 102|0x0000000710200000, 0x0000000710200000, 0x0000000710400000|  0%| F|  |TAMS 0x0000000710200000| PB 0x0000000710200000| Untracked 
| 103|0x0000000710400000, 0x0000000710400000, 0x0000000710600000|  0%| F|  |TAMS 0x0000000710400000| PB 0x0000000710400000| Untracked 
| 104|0x0000000710600000, 0x0000000710600000, 0x0000000710800000|  0%| F|  |TAMS 0x0000000710600000| PB 0x0000000710600000| Untracked 
| 105|0x0000000710800000, 0x0000000710800000, 0x0000000710a00000|  0%| F|  |TAMS 0x0000000710800000| PB 0x0000000710800000| Untracked 
| 106|0x0000000710a00000, 0x0000000710a00000, 0x0000000710c00000|  0%| F|  |TAMS 0x0000000710a00000| PB 0x0000000710a00000| Untracked 
| 107|0x0000000710c00000, 0x0000000710c00000, 0x0000000710e00000|  0%| F|  |TAMS 0x0000000710c00000| PB 0x0000000710c00000| Untracked 
| 108|0x0000000710e00000, 0x0000000710e00000, 0x0000000711000000|  0%| F|  |TAMS 0x0000000710e00000| PB 0x0000000710e00000| Untracked 
| 109|0x0000000711000000, 0x0000000711000000, 0x0000000711200000|  0%| F|  |TAMS 0x0000000711000000| PB 0x0000000711000000| Untracked 
| 110|0x0000000711200000, 0x0000000711200000, 0x0000000711400000|  0%| F|  |TAMS 0x0000000711200000| PB 0x0000000711200000| Untracked 
| 111|0x0000000711400000, 0x0000000711400000, 0x0000000711600000|  0%| F|  |TAMS 0x0000000711400000| PB 0x0000000711400000| Untracked 
| 112|0x0000000711600000, 0x000000071168d5b8, 0x0000000711800000| 27%| E|  |TAMS 0x0000000711600000| PB 0x0000000711600000| Complete 
| 113|0x0000000711800000, 0x0000000711a00000, 0x0000000711a00000|100%| E|CS|TAMS 0x0000000711800000| PB 0x0000000711800000| Complete 
| 114|0x0000000711a00000, 0x0000000711a85520, 0x0000000711c00000| 26%| S|CS|TAMS 0x0000000711a00000| PB 0x0000000711a00000| Complete 
| 115|0x0000000711c00000, 0x0000000711e00000, 0x0000000711e00000|100%| S|CS|TAMS 0x0000000711c00000| PB 0x0000000711c00000| Complete 
| 116|0x0000000711e00000, 0x0000000712000000, 0x0000000712000000|100%| E|CS|TAMS 0x0000000711e00000| PB 0x0000000711e00000| Complete 
| 117|0x0000000712000000, 0x0000000712200000, 0x0000000712200000|100%| E|CS|TAMS 0x0000000712000000| PB 0x0000000712000000| Complete 
| 118|0x0000000712200000, 0x0000000712400000, 0x0000000712400000|100%| E|CS|TAMS 0x0000000712200000| PB 0x0000000712200000| Complete 
| 119|0x0000000712400000, 0x0000000712600000, 0x0000000712600000|100%| E|CS|TAMS 0x0000000712400000| PB 0x0000000712400000| Complete 
| 120|0x0000000712600000, 0x0000000712800000, 0x0000000712800000|100%| E|CS|TAMS 0x0000000712600000| PB 0x0000000712600000| Complete 
| 121|0x0000000712800000, 0x0000000712a00000, 0x0000000712a00000|100%| E|CS|TAMS 0x0000000712800000| PB 0x0000000712800000| Complete 
| 122|0x0000000712a00000, 0x0000000712c00000, 0x0000000712c00000|100%| E|CS|TAMS 0x0000000712a00000| PB 0x0000000712a00000| Complete 
| 123|0x0000000712c00000, 0x0000000712e00000, 0x0000000712e00000|100%| E|CS|TAMS 0x0000000712c00000| PB 0x0000000712c00000| Complete 
| 124|0x0000000712e00000, 0x0000000713000000, 0x0000000713000000|100%| E|CS|TAMS 0x0000000712e00000| PB 0x0000000712e00000| Complete 
| 125|0x0000000713000000, 0x0000000713200000, 0x0000000713200000|100%| E|CS|TAMS 0x0000000713000000| PB 0x0000000713000000| Complete 
| 126|0x0000000713200000, 0x0000000713400000, 0x0000000713400000|100%| E|CS|TAMS 0x0000000713200000| PB 0x0000000713200000| Complete 

Card table byte_map: [0x0000020b5cdf0000,0x0000020b5d5e0000] _byte_map_base: 0x0000020b595d5000

Marking Bits: (CMBitMap*) 0x0000020b44cc5f70
 Bits: [0x0000020b5d5e0000, 0x0000020b61508000)

Polling page: 0x0000020b42b90000

Metaspace:

Usage:
  Non-class:     11.84 MB used.
      Class:    888.38 KB used.
       Both:     12.70 MB used.

Virtual space:
  Non-class space:       64.00 MB reserved,      11.94 MB ( 19%) committed,  1 nodes.
      Class space:        1.00 GB reserved,     960.00 KB ( <1%) committed,  1 nodes.
             Both:        1.06 GB reserved,      12.88 MB (  1%) committed. 

Chunk freelists:
   Non-Class:  3.22 MB
       Class:  15.00 MB
        Both:  18.22 MB

MaxMetaspaceSize: unlimited
CompressedClassSpaceSize: 1.00 GB
Initial GC threshold: 21.00 MB
Current GC threshold: 21.00 MB
CDS: on
 - commit_granule_bytes: 65536.
 - commit_granule_words: 8192.
 - virtual_space_node_default_size: 8388608.
 - enlarge_chunks_in_place: 1.
 - use_allocation_guard: 0.


Internal statistics:

num_allocs_failed_limit: 0.
num_arena_births: 114.
num_arena_deaths: 0.
num_vsnodes_births: 2.
num_vsnodes_deaths: 0.
num_space_committed: 204.
num_space_uncommitted: 0.
num_chunks_returned_to_freelist: 0.
num_chunks_taken_from_freelist: 472.
num_chunk_merges: 0.
num_chunk_splits: 367.
num_chunks_enlarged: 301.
num_inconsistent_stats: 0.

CodeHeap 'non-profiled nmethods': size=120000Kb used=845Kb max_used=845Kb free=119154Kb
 bounds [0x0000020b54b70000, 0x0000020b54de0000, 0x0000020b5c0a0000]
CodeHeap 'profiled nmethods': size=120000Kb used=3092Kb max_used=3092Kb free=116907Kb
 bounds [0x0000020b4d0a0000, 0x0000020b4d3b0000, 0x0000020b545d0000]
CodeHeap 'non-nmethods': size=5760Kb used=2931Kb max_used=2958Kb free=2828Kb
 bounds [0x0000020b545d0000, 0x0000020b548c0000, 0x0000020b54b70000]
 total_blobs=3446 nmethods=2036 adapters=1314
 compilation: enabled
              stopped_count=0, restarted_count=0
 full_count=0

Compilation events (20 events):
Event: 8.951 Thread 0x0000020b6392e3c0 2025       3       org.lwjgl.opengl.GL11::glDrawElements (8 bytes)
Event: 8.951 Thread 0x0000020b6392e3c0 nmethod 2025 0x0000020b4d3a2a90 code [0x0000020b4d3a2c40, 0x0000020b4d3a2d58]
Event: 8.951 Thread 0x0000020b6392e3c0 2029       3       com.bedrye.bjge.GameEngine.Util.BJEMesh::Draw (28 bytes)
Event: 8.951 Thread 0x0000020b6392e3c0 nmethod 2029 0x0000020b4d3a2e10 code [0x0000020b4d3a3000, 0x0000020b4d3a3300]
Event: 8.951 Thread 0x0000020b6392e3c0 2030   !   3       org.lwjgl.opengl.GL15C::glDeleteBuffers (42 bytes)
Event: 8.951 Thread 0x0000020b6392e3c0 nmethod 2030 0x0000020b4d3a3490 code [0x0000020b4d3a3720, 0x0000020b4d3a4560]
Event: 8.951 Thread 0x0000020b6392e3c0 2026       3       org.lwjgl.opengl.GL11C::glDrawElements (8 bytes)
Event: 8.951 Thread 0x0000020b6392e3c0 nmethod 2026 0x0000020b4d3a4a90 code [0x0000020b4d3a4c40, 0x0000020b4d3a4d58]
Event: 8.964 Thread 0x0000020b6392b910 2031   !   4       java.nio.DirectIntBufferU::get (34 bytes)
Event: 8.965 Thread 0x0000020b6392b910 nmethod 2031 0x0000020b54c42610 code [0x0000020b54c427a0, 0x0000020b54c428a0]
Event: 9.472 Thread 0x0000020b6392b910 2032       4       java.lang.invoke.LambdaForm$MH/0x0000020b01000800::invoke (8 bytes)
Event: 9.473 Thread 0x0000020b6392b910 nmethod 2032 0x0000020b54c42990 code [0x0000020b54c42b20, 0x0000020b54c42bc8]
Event: 9.700 Thread 0x0000020b6392b910 2033       4       java.nio.ByteBuffer::order (48 bytes)
Event: 9.701 Thread 0x0000020b6392b910 nmethod 2033 0x0000020b54c42c90 code [0x0000020b54c42e20, 0x0000020b54c42ed8]
Event: 10.367 Thread 0x0000020b6392b910 2034       4       org.lwjgl.system.MemoryStack::nmalloc (61 bytes)
Event: 10.368 Thread 0x0000020b6392b910 nmethod 2034 0x0000020b54c42f90 code [0x0000020b54c43120, 0x0000020b54c431e8]
Event: 11.083 Thread 0x0000020b6392b910 2035       4       jdk.internal.misc.InternalLock::lock (8 bytes)
Event: 11.084 Thread 0x0000020b6392b910 nmethod 2035 0x0000020b54c43290 code [0x0000020b54c43420, 0x0000020b54c43648]
Event: 274.458 Thread 0x0000020b6392e3c0 2036       3       jdk.internal.reflect.ReflectionFactory::config (28 bytes)
Event: 274.458 Thread 0x0000020b6392e3c0 nmethod 2036 0x0000020b4d3a4e10 code [0x0000020b4d3a4fa0, 0x0000020b4d3a50a8]

GC Heap History (2 events):
Event: 0.342 GC heap before
{Heap before GC invocations=0 (full 0):
 garbage-first heap   total 260096K, used 20480K [0x0000000703600000, 0x0000000800000000)
  region size 2048K, 11 young (22528K), 0 survivors (0K)
 Metaspace       used 3896K, committed 4096K, reserved 1114112K
  class space    used 334K, committed 448K, reserved 1048576K
}
Event: 0.345 GC heap after
{Heap after GC invocations=1 (full 0):
 garbage-first heap   total 260096K, used 2581K [0x0000000703600000, 0x0000000800000000)
  region size 2048K, 2 young (4096K), 2 survivors (4096K)
 Metaspace       used 3896K, committed 4096K, reserved 1114112K
  class space    used 334K, committed 448K, reserved 1048576K
}

Dll operation events (14 events):
Event: 0.007 Loaded shared library C:\Users\stas2\.jdks\openjdk-21.0.1\bin\java.dll
Event: 0.037 Loaded shared library C:\Users\stas2\.jdks\openjdk-21.0.1\bin\jsvml.dll
Event: 0.073 Loaded shared library C:\Users\stas2\.jdks\openjdk-21.0.1\bin\net.dll
Event: 0.075 Loaded shared library C:\Users\stas2\.jdks\openjdk-21.0.1\bin\nio.dll
Event: 0.079 Loaded shared library C:\Users\stas2\.jdks\openjdk-21.0.1\bin\zip.dll
Event: 0.197 Loaded shared library C:\Users\stas2\.jdks\openjdk-21.0.1\bin\zip.dll
Event: 0.199 Loaded shared library C:\Users\stas2\.jdks\openjdk-21.0.1\bin\instrument.dll
Event: 0.220 Loaded shared library C:\IntelliJ IDEA Community Edition 2021.3.2\IntelliJ IDEA Community Edition 2023.2.1\bin\breakgen64.dll
Event: 0.279 Loaded shared library C:\Users\stas2\.jdks\openjdk-21.0.1\bin\jimage.dll
Event: 0.446 Loaded shared library C:\Users\stas2\AppData\Local\Temp\lwjgl_stas2\3.3.4+7\x64\lwjgl.dll
Event: 0.643 Loaded shared library C:\Users\stas2\AppData\Local\Temp\lwjgl_stas2\3.3.4+7\x64\lwjgl_opengl.dll
Event: 0.892 Loaded shared library C:\Users\stas2\AppData\Local\Temp\imgui-java-natives\1.89.0\imgui-java64.dll
Event: 0.921 Loaded shared library C:\Users\stas2\.jdks\openjdk-21.0.1\bin\verify.dll
Event: 0.932 Loaded shared library C:\Users\stas2\AppData\Local\Temp\lwjgl_stas2\3.3.4+7\x64\lwjgl_stb.dll

Deoptimization events (20 events):
Event: 5.996 Thread 0x0000020b429d9dc0 DEOPT PACKING pc=0x0000020b4d285562 sp=0x0000004a440fdf50
Event: 5.997 Thread 0x0000020b429d9dc0 DEOPT UNPACKING pc=0x0000020b546288e2 sp=0x0000004a440fd3e8 mode 0
Event: 5.997 Thread 0x0000020b429d9dc0 DEOPT PACKING pc=0x0000020b4d285562 sp=0x0000004a440fdf50
Event: 5.997 Thread 0x0000020b429d9dc0 DEOPT UNPACKING pc=0x0000020b546288e2 sp=0x0000004a440fd3e8 mode 0
Event: 8.346 Thread 0x0000020b429d9dc0 Uncommon trap: trap_request=0xffffffde fr.pc=0x0000020b54c401f0 relative=0x00000000000001b0
Event: 8.346 Thread 0x0000020b429d9dc0 Uncommon trap: reason=class_check action=maybe_recompile pc=0x0000020b54c401f0 method=org.lwjgl.system.StructBuffer.get(I)Lorg/lwjgl/system/Struct; @ 1 c2
Event: 8.346 Thread 0x0000020b429d9dc0 DEOPT PACKING pc=0x0000020b54c401f0 sp=0x0000004a440ff030
Event: 8.346 Thread 0x0000020b429d9dc0 DEOPT UNPACKING pc=0x0000020b54627da2 sp=0x0000004a440feff8 mode 2
Event: 8.346 Thread 0x0000020b429d9dc0 Uncommon trap: trap_request=0xffffffde fr.pc=0x0000020b54c401f0 relative=0x00000000000001b0
Event: 8.346 Thread 0x0000020b429d9dc0 Uncommon trap: reason=class_check action=maybe_recompile pc=0x0000020b54c401f0 method=org.lwjgl.system.StructBuffer.get(I)Lorg/lwjgl/system/Struct; @ 1 c2
Event: 8.346 Thread 0x0000020b429d9dc0 DEOPT PACKING pc=0x0000020b54c401f0 sp=0x0000004a440ff030
Event: 8.346 Thread 0x0000020b429d9dc0 DEOPT UNPACKING pc=0x0000020b54627da2 sp=0x0000004a440feff8 mode 2
Event: 8.346 Thread 0x0000020b429d9dc0 Uncommon trap: trap_request=0xffffffde fr.pc=0x0000020b54c401f0 relative=0x00000000000001b0
Event: 8.346 Thread 0x0000020b429d9dc0 Uncommon trap: reason=class_check action=maybe_recompile pc=0x0000020b54c401f0 method=org.lwjgl.system.StructBuffer.get(I)Lorg/lwjgl/system/Struct; @ 1 c2
Event: 8.346 Thread 0x0000020b429d9dc0 DEOPT PACKING pc=0x0000020b54c401f0 sp=0x0000004a440ff030
Event: 8.346 Thread 0x0000020b429d9dc0 DEOPT UNPACKING pc=0x0000020b54627da2 sp=0x0000004a440feff8 mode 2
Event: 8.346 Thread 0x0000020b429d9dc0 Uncommon trap: trap_request=0xffffffde fr.pc=0x0000020b54c401f0 relative=0x00000000000001b0
Event: 8.346 Thread 0x0000020b429d9dc0 Uncommon trap: reason=class_check action=maybe_recompile pc=0x0000020b54c401f0 method=org.lwjgl.system.StructBuffer.get(I)Lorg/lwjgl/system/Struct; @ 1 c2
Event: 8.347 Thread 0x0000020b429d9dc0 DEOPT PACKING pc=0x0000020b54c401f0 sp=0x0000004a440ff030
Event: 8.347 Thread 0x0000020b429d9dc0 DEOPT UNPACKING pc=0x0000020b54627da2 sp=0x0000004a440feff8 mode 2

Classes loaded (20 events):
Event: 274.457 Loading class jdk/internal/logger/AbstractLoggerWrapper
Event: 274.457 Loading class jdk/internal/logger/AbstractLoggerWrapper done
Event: 274.457 Loading class jdk/internal/logger/LazyLoggers$LazyLoggerWrapper done
Event: 274.457 Loading class jdk/internal/logger/LazyLoggers$JdkLazyLogger done
Event: 274.457 Loading class jdk/internal/logger/LazyLoggers$LazyLoggerAccessor
Event: 274.458 Loading class jdk/internal/logger/LazyLoggers$LoggerAccessor
Event: 274.458 Loading class jdk/internal/logger/LazyLoggers$LoggerAccessor done
Event: 274.458 Loading class jdk/internal/logger/LazyLoggers$LazyLoggerAccessor done
Event: 274.458 Loading class java/lang/System$Logger$Level
Event: 274.458 Loading class java/lang/System$Logger$Level done
Event: 274.458 Loading class jdk/internal/logger/SurrogateLogger
Event: 274.458 Loading class jdk/internal/logger/SimpleConsoleLogger
Event: 274.458 Loading class sun/util/logging/PlatformLogger$ConfigurableBridge$LoggerConfiguration
Event: 274.458 Loading class sun/util/logging/PlatformLogger$ConfigurableBridge$LoggerConfiguration done
Event: 274.458 Loading class jdk/internal/logger/SimpleConsoleLogger done
Event: 274.458 Loading class jdk/internal/logger/SurrogateLogger done
Event: 274.458 Loading class sun/util/logging/PlatformLogger
Event: 274.458 Loading class sun/util/logging/PlatformLogger done
Event: 274.458 Loading class sun/util/logging/PlatformLogger$Level
Event: 274.458 Loading class sun/util/logging/PlatformLogger$Level done

Classes unloaded (0 events):
No events

Classes redefined (0 events):
No events

Internal exceptions (20 events):
Event: 0.901 Thread 0x0000020b429d9dc0 Exception <a 'java/lang/NoSuchMethodError'{0x000000071244dd50}: 'void java.lang.invoke.DirectMethodHandle$Holder.invokeVirtual(java.lang.Object, java.lang.Object, long, double, double)'> (0x000000071244dd50) 
thrown [s\open\src\hotspot\share\interpreter\linkResolver.cpp, line 773]
Event: 0.901 Thread 0x0000020b429d9dc0 Exception <a 'java/lang/NoSuchMethodError'{0x0000000712452f50}: 'void java.lang.invoke.DirectMethodHandle$Holder.invokeVirtual(java.lang.Object, java.lang.Object, long, int, int, int)'> (0x0000000712452f50) 
thrown [s\open\src\hotspot\share\interpreter\linkResolver.cpp, line 773]
Event: 0.902 Thread 0x0000020b429d9dc0 Exception <a 'java/lang/NoSuchMethodError'{0x000000071245a1d8}: 'void java.lang.invoke.DirectMethodHandle$Holder.invokeVirtual(java.lang.Object, java.lang.Object, long, int, int, int, int)'> (0x000000071245a1d8) 
thrown [s\open\src\hotspot\share\interpreter\linkResolver.cpp, line 773]
Event: 0.926 Thread 0x0000020b429d9dc0 Exception <a 'java/lang/NoSuchMethodError'{0x0000000712254d28}: 'void java.lang.System.load(java.lang.String, java.lang.Class)'> (0x0000000712254d28) 
thrown [s\open\src\hotspot\share\interpreter\linkResolver.cpp, line 773]
Event: 0.926 Thread 0x0000020b429d9dc0 Exception <a 'java/lang/NoSuchMethodError'{0x00000007122576c8}: 'void java.lang.System.loadLibrary(java.lang.String, java.lang.Class)'> (0x00000007122576c8) 
thrown [s\open\src\hotspot\share\interpreter\linkResolver.cpp, line 773]
Event: 0.927 Thread 0x0000020b429d9dc0 Exception <a 'sun/nio/fs/WindowsException'{0x000000071225a890}> (0x000000071225a890) 
thrown [s\open\src\hotspot\share\prims\jni.cpp, line 520]
Event: 0.931 Thread 0x0000020b429d9dc0 Exception <a 'sun/nio/fs/WindowsException'{0x0000000712266b40}> (0x0000000712266b40) 
thrown [s\open\src\hotspot\share\prims\jni.cpp, line 520]
Event: 0.931 Thread 0x0000020b429d9dc0 Exception <a 'sun/nio/fs/WindowsException'{0x0000000712266ec0}> (0x0000000712266ec0) 
thrown [s\open\src\hotspot\share\prims\jni.cpp, line 520]
Event: 0.933 Thread 0x0000020b429d9dc0 Exception <a 'sun/nio/fs/WindowsException'{0x0000000712269220}> (0x0000000712269220) 
thrown [s\open\src\hotspot\share\prims\jni.cpp, line 520]
Event: 1.014 Thread 0x0000020b6391aa90 Exception <a 'sun/nio/fs/WindowsException'{0x00000007120fe3e0}> (0x00000007120fe3e0) 
thrown [s\open\src\hotspot\share\prims\jni.cpp, line 520]
Event: 1.020 Thread 0x0000020b6391aa90 Exception <a 'java/lang/NoSuchMethodError'{0x0000000712131360}: 'java.lang.Object java.lang.invoke.Invokers$Holder.invokeExact_MT(java.lang.Object, java.lang.Object, java.lang.Object, java.lang.Object, java.lang.Object, java.lang.Object)'> (0x0000000712131360) 
thrown [s\open\src\hotspot\share\interpreter\linkResolver.cpp, line 773]
Event: 5.956 Thread 0x0000020b429d9dc0 Exception <a 'sun/nio/fs/WindowsException'{0x0000000711f875e8}> (0x0000000711f875e8) 
thrown [s\open\src\hotspot\share\prims\jni.cpp, line 520]
Event: 5.961 Thread 0x0000020b429d9dc0 Exception <a 'sun/nio/fs/WindowsException'{0x0000000711f93668}> (0x0000000711f93668) 
thrown [s\open\src\hotspot\share\prims\jni.cpp, line 520]
Event: 5.961 Thread 0x0000020b429d9dc0 Exception <a 'sun/nio/fs/WindowsException'{0x0000000711f939e0}> (0x0000000711f939e0) 
thrown [s\open\src\hotspot\share\prims\jni.cpp, line 520]
Event: 5.962 Thread 0x0000020b429d9dc0 Exception <a 'sun/nio/fs/WindowsException'{0x0000000711f95400}> (0x0000000711f95400) 
thrown [s\open\src\hotspot\share\prims\jni.cpp, line 520]
Event: 5.965 Thread 0x0000020b429d9dc0 Exception <a 'sun/nio/fs/WindowsException'{0x0000000711f9a368}> (0x0000000711f9a368) 
thrown [s\open\src\hotspot\share\prims\jni.cpp, line 520]
Event: 5.993 Thread 0x0000020b429d9dc0 Exception <a 'sun/nio/fs/WindowsException'{0x0000000711fa2b08}> (0x0000000711fa2b08) 
thrown [s\open\src\hotspot\share\prims\jni.cpp, line 520]
Event: 5.993 Thread 0x0000020b429d9dc0 Exception <a 'sun/nio/fs/WindowsException'{0x0000000711fa2e88}> (0x0000000711fa2e88) 
thrown [s\open\src\hotspot\share\prims\jni.cpp, line 520]
Event: 5.994 Thread 0x0000020b429d9dc0 Exception <a 'sun/nio/fs/WindowsException'{0x0000000711fa48b0}> (0x0000000711fa48b0) 
thrown [s\open\src\hotspot\share\prims\jni.cpp, line 520]
Event: 274.457 Thread 0x0000020b429af320 Exception <a 'sun/nio/fs/WindowsException'{0x000000071165e1c0}> (0x000000071165e1c0) 
thrown [s\open\src\hotspot\share\prims\jni.cpp, line 520]

ZGC Phase Switch (0 events):
No events

VM Operations (20 events):
Event: 3.004 Executing VM operation: Cleanup done
Event: 4.011 Executing VM operation: Cleanup
Event: 4.011 Executing VM operation: Cleanup done
Event: 5.019 Executing VM operation: Cleanup
Event: 5.019 Executing VM operation: Cleanup done
Event: 6.033 Executing VM operation: Cleanup
Event: 6.033 Executing VM operation: Cleanup done
Event: 7.045 Executing VM operation: Cleanup
Event: 7.045 Executing VM operation: Cleanup done
Event: 8.057 Executing VM operation: Cleanup
Event: 8.057 Executing VM operation: Cleanup done
Event: 9.072 Executing VM operation: Cleanup
Event: 9.072 Executing VM operation: Cleanup done
Event: 11.091 Executing VM operation: Cleanup
Event: 11.091 Executing VM operation: Cleanup done
Event: 60.045 Executing VM operation: HandshakeAllThreads (HandshakeForDeflation)
Event: 60.045 Executing VM operation: HandshakeAllThreads (HandshakeForDeflation) done
Event: 60.045 Executing VM operation: RendezvousGCThreads
Event: 60.045 Executing VM operation: RendezvousGCThreads done
Event: 274.459 Executing VM operation: Exit

Events (20 events):
Event: 0.069 Thread 0x0000020b643efe00 Thread added: 0x0000020b643efe00
Event: 0.120 Thread 0x0000020b645045f0 Thread added: 0x0000020b645045f0
Event: 0.121 Thread 0x0000020b6450f7b0 Thread added: 0x0000020b6450f7b0
Event: 0.221 Thread 0x0000020b64b51810 Thread added: 0x0000020b64b51810
Event: 0.221 Thread 0x0000020b646c0fb0 Thread added: 0x0000020b646c0fb0
Event: 0.400 Thread 0x0000020b64d4c670 Thread added: 0x0000020b64d4c670
Event: 0.402 Thread 0x0000020b64d43bc0 Thread added: 0x0000020b64d43bc0
Event: 0.636 Thread 0x0000020b6450f7b0 Thread exited: 0x0000020b6450f7b0
Event: 0.636 Thread 0x0000020b645045f0 Thread exited: 0x0000020b645045f0
Event: 1.014 Thread 0x0000020b696c5c80 Thread added: 0x0000020b696c5c80
Event: 1.139 Thread 0x0000020b696c5c80 Thread exited: 0x0000020b696c5c80
Event: 2.855 Thread 0x0000020b699402a0 Thread added: 0x0000020b699402a0
Event: 2.855 Thread 0x0000020b69b40cb0 Thread added: 0x0000020b69b40cb0
Event: 3.228 Thread 0x0000020b69b40cb0 Thread exited: 0x0000020b69b40cb0
Event: 3.264 Thread 0x0000020b699402a0 Thread exited: 0x0000020b699402a0
Event: 8.343 Thread 0x0000020b64380e70 Thread added: 0x0000020b64380e70
Event: 8.508 Thread 0x0000020b64380e70 Thread exited: 0x0000020b64380e70
Event: 11.083 Thread 0x0000020b429d9dc0 Thread exited: 0x0000020b429d9dc0
Event: 11.083 Thread 0x0000020b429d9dc0 Thread added: 0x0000020b429d9dc0
Event: 274.455 Thread 0x0000020b429af320 Thread added: 0x0000020b429af320


Dynamic libraries:
0x00007ff7c20e0000 - 0x00007ff7c20ee000 	C:\Users\stas2\.jdks\openjdk-21.0.1\bin\java.exe
0x00007ffac7c80000 - 0x00007ffac7ee9000 	C:\WINDOWS\SYSTEM32\ntdll.dll
0x00007ffac5b10000 - 0x00007ffac5bd9000 	C:\WINDOWS\System32\KERNEL32.DLL
0x00007ffac5310000 - 0x00007ffac5703000 	C:\WINDOWS\System32\KERNELBASE.dll
0x00007ffac4e10000 - 0x00007ffac4f5b000 	C:\WINDOWS\System32\ucrtbase.dll
0x00007ffa4f330000 - 0x00007ffa4f348000 	C:\Users\stas2\.jdks\openjdk-21.0.1\bin\jli.dll
0x00007ffa51500000 - 0x00007ffa5151b000 	C:\Users\stas2\.jdks\openjdk-21.0.1\bin\VCRUNTIME140.dll
0x00007ffac60a0000 - 0x00007ffac6264000 	C:\WINDOWS\System32\USER32.dll
0x00007ffaacac0000 - 0x00007ffaacd53000 	C:\WINDOWS\WinSxS\amd64_microsoft.windows.common-controls_6595b64144ccf1df_6.0.26100.5074_none_3e0d6f78e32fd63f\COMCTL32.dll
0x00007ffac5250000 - 0x00007ffac5277000 	C:\WINDOWS\System32\win32u.dll
0x00007ffac7170000 - 0x00007ffac7219000 	C:\WINDOWS\System32\msvcrt.dll
0x00007ffac6070000 - 0x00007ffac609b000 	C:\WINDOWS\System32\GDI32.dll
0x00007ffac5920000 - 0x00007ffac5a4d000 	C:\WINDOWS\System32\gdi32full.dll
0x00007ffac5710000 - 0x00007ffac57b3000 	C:\WINDOWS\System32\msvcp_win.dll
0x00007ffac7c00000 - 0x00007ffac7c2f000 	C:\WINDOWS\System32\IMM32.DLL
0x00007ffa8da70000 - 0x00007ffa8da7c000 	C:\Users\stas2\.jdks\openjdk-21.0.1\bin\vcruntime140_1.dll
0x00007ffa3de60000 - 0x00007ffa3deee000 	C:\Users\stas2\.jdks\openjdk-21.0.1\bin\msvcp140.dll
0x00007ffa2af60000 - 0x00007ffa2bc75000 	C:\Users\stas2\.jdks\openjdk-21.0.1\bin\server\jvm.dll
0x00007ffac66a0000 - 0x00007ffac6754000 	C:\WINDOWS\System32\ADVAPI32.dll
0x00007ffac70c0000 - 0x00007ffac7166000 	C:\WINDOWS\System32\sechost.dll
0x00007ffac7ae0000 - 0x00007ffac7bf8000 	C:\WINDOWS\System32\RPCRT4.dll
0x00007ffac6a60000 - 0x00007ffac6ad4000 	C:\WINDOWS\System32\WS2_32.dll
0x00007ffab73c0000 - 0x00007ffab73f5000 	C:\WINDOWS\SYSTEM32\WINMM.dll
0x00007ffabab30000 - 0x00007ffabab3b000 	C:\WINDOWS\SYSTEM32\VERSION.dll
0x00007ffac3a50000 - 0x00007ffac3aae000 	C:\WINDOWS\SYSTEM32\POWRPROF.dll
0x00007ffac3a30000 - 0x00007ffac3a44000 	C:\WINDOWS\SYSTEM32\UMPDC.dll
0x00007ffac3d10000 - 0x00007ffac3d2b000 	C:\WINDOWS\SYSTEM32\kernel.appcore.dll
0x00007ffa8d9c0000 - 0x00007ffa8d9ca000 	C:\Users\stas2\.jdks\openjdk-21.0.1\bin\jimage.dll
0x00007ffac2590000 - 0x00007ffac27d2000 	C:\WINDOWS\SYSTEM32\DBGHELP.DLL
0x00007ffac6b70000 - 0x00007ffac6eeb000 	C:\WINDOWS\System32\combase.dll
0x00007ffac7970000 - 0x00007ffac7a47000 	C:\WINDOWS\System32\OLEAUT32.dll
0x00007ffaa9e70000 - 0x00007ffaa9ead000 	C:\WINDOWS\SYSTEM32\dbgcore.DLL
0x00007ffac5880000 - 0x00007ffac5919000 	C:\WINDOWS\System32\bcryptPrimitives.dll
0x00007ffabbdd0000 - 0x00007ffabbddf000 	C:\Users\stas2\.jdks\openjdk-21.0.1\bin\instrument.dll
0x00007ffa39370000 - 0x00007ffa3938f000 	C:\Users\stas2\.jdks\openjdk-21.0.1\bin\java.dll
0x00007ffac7220000 - 0x00007ffac796d000 	C:\WINDOWS\System32\SHELL32.dll
0x00007ffac50e0000 - 0x00007ffac524c000 	C:\WINDOWS\System32\wintypes.dll
0x00007ffac2a80000 - 0x00007ffac32d9000 	C:\WINDOWS\SYSTEM32\windows.storage.dll
0x00007ffac6ef0000 - 0x00007ffac6fe0000 	C:\WINDOWS\System32\SHCORE.dll
0x00007ffac6ae0000 - 0x00007ffac6b42000 	C:\WINDOWS\System32\shlwapi.dll
0x00007ffac4d30000 - 0x00007ffac4d59000 	C:\WINDOWS\SYSTEM32\profapi.dll
0x00007ffa38550000 - 0x00007ffa38627000 	C:\Users\stas2\.jdks\openjdk-21.0.1\bin\jsvml.dll
0x00007ffa88bb0000 - 0x00007ffa88bc0000 	C:\Users\stas2\.jdks\openjdk-21.0.1\bin\net.dll
0x00007ffabbf60000 - 0x00007ffabc07f000 	C:\WINDOWS\SYSTEM32\WINHTTP.dll
0x00007ffac4290000 - 0x00007ffac42fb000 	C:\WINDOWS\system32\mswsock.dll
0x00007ffa39350000 - 0x00007ffa39366000 	C:\Users\stas2\.jdks\openjdk-21.0.1\bin\nio.dll
0x00007ffa4e2f0000 - 0x00007ffa4e308000 	C:\Users\stas2\.jdks\openjdk-21.0.1\bin\zip.dll
0x00007ffa98420000 - 0x00007ffa9843a000 	C:\IntelliJ IDEA Community Edition 2021.3.2\IntelliJ IDEA Community Edition 2023.2.1\bin\breakgen64.dll
0x00007ffa63980000 - 0x00007ffa639fb000 	C:\Users\stas2\AppData\Local\Temp\lwjgl_stas2\3.3.4+7\x64\lwjgl.dll
0x00007ffa638f0000 - 0x00007ffa63975000 	C:\Users\stas2\AppData\Local\Temp\lwjgl_stas2\3.3.4+7\x64\glfw.dll
0x00007ffa79130000 - 0x00007ffa7917b000 	C:\WINDOWS\SYSTEM32\dinput8.dll
0x00007ffa97e50000 - 0x00007ffa97e62000 	C:\WINDOWS\SYSTEM32\xinput1_4.dll
0x00007ffac4ac0000 - 0x00007ffac4b17000 	C:\WINDOWS\SYSTEM32\cfgmgr32.dll
0x00007ffac4a90000 - 0x00007ffac4abd000 	C:\WINDOWS\SYSTEM32\DEVOBJ.dll
0x00007ffac1d20000 - 0x00007ffac1d4b000 	C:\WINDOWS\SYSTEM32\dwmapi.dll
0x00007ffa99bf0000 - 0x00007ffa99dca000 	C:\WINDOWS\SYSTEM32\inputhost.dll
0x00007ffabef10000 - 0x00007ffabf035000 	C:\WINDOWS\SYSTEM32\CoreMessaging.dll
0x00007ffabf4e0000 - 0x00007ffabf588000 	C:\WINDOWS\system32\uxtheme.dll
0x00007ffac4550000 - 0x00007ffac455c000 	C:\WINDOWS\SYSTEM32\CRYPTBASE.DLL
0x00007ffac6530000 - 0x00007ffac6688000 	C:\WINDOWS\System32\MSCTF.dll
0x00007ffa95e90000 - 0x00007ffa95f9c000 	C:\WINDOWS\SYSTEM32\opengl32.dll
0x00007ffaa2bb0000 - 0x00007ffaa2bdd000 	C:\WINDOWS\SYSTEM32\GLU32.dll
0x00007ffac1da0000 - 0x00007ffac1de4000 	C:\WINDOWS\SYSTEM32\dxcore.dll
0x00007ffabd0b0000 - 0x00007ffabd110000 	C:\WINDOWS\SYSTEM32\directxdatabasehelper.dll
0x00007ffab54c0000 - 0x00007ffab54da000 	C:\WINDOWS\SYSTEM32\windows.staterepositorycore.dll
0x00007ffa4d250000 - 0x00007ffa4e243000 	C:\WINDOWS\System32\DriverStore\FileRepository\iigd_dch.inf_amd64_5802b1615520e41c\igxelpicd64.dll
0x00007ffac68c0000 - 0x00007ffac6a58000 	C:\WINDOWS\System32\ole32.dll
0x00007ffac1ba0000 - 0x00007ffac1cda000 	C:\WINDOWS\system32\dxgi.dll
0x00007ffa4eb30000 - 0x00007ffa4ee17000 	C:\WINDOWS\System32\DriverStore\FileRepository\iigd_dch.inf_amd64_5802b1615520e41c\igdml64.dll
0x00007ffab2f10000 - 0x00007ffab32d7000 	C:\WINDOWS\System32\DriverStore\FileRepository\iigd_dch.inf_amd64_5802b1615520e41c\igdgmm64.dll
0x00007ffaaf880000 - 0x00007ffab2e91000 	C:\WINDOWS\System32\DriverStore\FileRepository\iigd_dch.inf_amd64_5802b1615520e41c\igc64.dll
0x00007ffa91ad0000 - 0x00007ffa91c19000 	C:\WINDOWS\SYSTEM32\textinputframework.dll
0x00007ffab5eb0000 - 0x00007ffab6193000 	C:\WINDOWS\SYSTEM32\CoreUIComponents.dll
0x00007ffa62900000 - 0x00007ffa62961000 	C:\Users\stas2\AppData\Local\Temp\lwjgl_stas2\3.3.4+7\x64\lwjgl_opengl.dll
0x00007ffa5b710000 - 0x00007ffa5bf04000 	C:\Users\stas2\AppData\Local\Temp\imgui-java-natives\1.89.0\imgui-java64.dll
0x00007ffabb8c0000 - 0x00007ffabb8d0000 	C:\Users\stas2\.jdks\openjdk-21.0.1\bin\verify.dll
0x00007ffa5d920000 - 0x00007ffa5d9c0000 	C:\Users\stas2\AppData\Local\Temp\lwjgl_stas2\3.3.4+7\x64\lwjgl_stb.dll
0x00007ffa5cf80000 - 0x00007ffa5d0a8000 	C:\Users\stas2\AppData\Local\Temp\lwjgl_stas2\3.3.4+7\x64\draco.dll
0x00007ffa2a550000 - 0x00007ffa2ac0b000 	C:\Users\stas2\AppData\Local\Temp\lwjgl_stas2\3.3.4+7\x64\assimp.dll

dbghelp: loaded successfully - version: 4.0.5 - missing functions: none
symbol engine: initialized successfully - sym options: 0x614 - pdb path: .;C:\Users\stas2\.jdks\openjdk-21.0.1\bin;C:\WINDOWS\SYSTEM32;C:\WINDOWS\WinSxS\amd64_microsoft.windows.common-controls_6595b64144ccf1df_6.0.26100.5074_none_3e0d6f78e32fd63f;C:\Users\stas2\.jdks\openjdk-21.0.1\bin\server;C:\IntelliJ IDEA Community Edition 2021.3.2\IntelliJ IDEA Community Edition 2023.2.1\bin;C:\Users\stas2\AppData\Local\Temp\lwjgl_stas2\3.3.4+7\x64;C:\WINDOWS\System32\DriverStore\FileRepository\iigd_dch.inf_amd64_5802b1615520e41c;C:\Users\stas2\AppData\Local\Temp\imgui-java-natives\1.89.0

VM Arguments:
jvm_args: -javaagent:C:\IntelliJ IDEA Community Edition 2021.3.2\IntelliJ IDEA Community Edition 2023.2.1\lib\idea_rt.jar=62173:C:\IntelliJ IDEA Community Edition 2021.3.2\IntelliJ IDEA Community Edition 2023.2.1\bin -Dfile.encoding=windows-1252 -Dsun.stdout.encoding=windows-1252 -Dsun.stderr.encoding=windows-1252 --module-path=C:\Users\stas2\.m2\repository\com\fasterxml\jackson\core\jackson-annotations\2.17.2\jackson-annotations-2.17.2.jar;C:\Users\stas2\.m2\repository\org\lwjgl\lwjgl-assimp\3.3.4\lwjgl-assimp-3.3.4.jar;C:\Users\stas2\.m2\repository\io\github\spair\imgui-java-lwjgl3\1.89.0\imgui-java-lwjgl3-1.89.0.jar;C:\Users\stas2\.m2\repository\org\lwjgl\lwjgl-vulkan\3.3.4\lwjgl-vulkan-3.3.4.jar;C:\Users\stas2\.m2\repository\org\lwjgl\lwjgl\3.3.4\lwjgl-3.3.4.jar;C:\Users\stas2\.m2\repository\org\joml\joml-primitives\1.10.0\joml-primitives-1.10.0.jar;C:\Users\stas2\.m2\repository\io\github\spair\imgui-java-binding\1.89.0\imgui-java-binding-1.89.0.jar;C:\Users\stas2\.m2\repository\org\lwjgl\lwjgl-glfw\3.3.4\lwjgl-glfw-3.3.4.jar;C:\Users\stas2\.m2\repository\com\fasterxml\jackson\core\jackson-core\2.17.2\jackson-core-2.17.2.jar;C:\Users\stas2\.m2\repository\org\lwjgl\lwjgl-stb\3.3.4\lwjgl-stb-3.3.4.jar;O:\GIt\MultiplayerShooter\target\classes;C:\Users\stas2\.m2\repository\com\fasterxml\jackson\core\jackson-databind\2.17.2\jackson-databind-2.17.2.jar;C:\Users\stas2\.m2\repository\org\joml\joml\1.10.7\joml-1.10.7.jar;C:\Users\stas2\.m2\repository\org\lwjgl\lwjgl-opengl\3.3.4\lwjgl-opengl-3.3.4.jar -Djdk.module.main=com.bedrye.bjge 
java_command: com.bedrye.bjge/com.bedrye.bjge.TestMain
java_class_path (initial): C:\Users\stas2\.m2\repository\io\github\spair\imgui-java-natives-windows\1.89.0\imgui-java-natives-windows-1.89.0.jar;C:\Users\stas2\.m2\repository\org\junit\jupiter\junit-jupiter-api\5.9.2\junit-jupiter-api-5.9.2.jar;C:\Users\stas2\.m2\repository\org\opentest4j\opentest4j\1.2.0\opentest4j-1.2.0.jar;C:\Users\stas2\.m2\repository\org\junit\platform\junit-platform-commons\1.9.2\junit-platform-commons-1.9.2.jar;C:\Users\stas2\.m2\repository\org\apiguardian\apiguardian-api\1.1.2\apiguardian-api-1.1.2.jar;C:\Users\stas2\.m2\repository\org\junit\jupiter\junit-jupiter-engine\5.9.2\junit-jupiter-engine-5.9.2.jar;C:\Users\stas2\.m2\repository\org\junit\platform\junit-platform-engine\1.9.2\junit-platform-engine-1.9.2.jar;C:\Users\stas2\.m2\repository\org\lwjgl\lwjgl-bgfx\3.3.4\lwjgl-bgfx-3.3.4.jar;C:\Users\stas2\.m2\repository\org\lwjgl\lwjgl-nanovg\3.3.4\lwjgl-nanovg-3.3.4.jar;C:\Users\stas2\.m2\repository\org\lwjgl\lwjgl-nuklear\3.3.4\lwjgl-nuklear-3.3.4.jar;C:\Users\stas2\.m2\repository\org\lwjgl\lwjgl-openal\3.3.4\lwjgl-openal-3.3.4.jar;C:\Users\stas2\.m2\repository\org\lwjgl\lwjgl-par\3.3.4\lwjgl-par-3.3.4.jar;C:\Users\stas2\.m2\repository\org\lwjgl\lwjgl\3.3.4\lwjgl-3.3.4-natives-windows.jar;C:\Users\stas2\.m2\repository\org\lwjgl\lwjgl-assimp\3.3.4\lwjgl-assimp-3.3.4-natives-windows.jar;C:\Users\stas2\.m2\repository\org\lwjgl\lwjgl-bgfx\3.3.4\lwjgl-bgfx-3.3.4-natives-windows.jar;C:\Users\stas2\.m2\repository\org\lwjgl\lwjgl-glfw\3.3.4\lwjgl-glfw-3.3.4-natives-windows.jar;C:\Users\stas2\.m2\repository\org\lwjgl\lwjgl-nanovg\3.3.4\lwjgl-nanovg-3.3.4-natives-windows.jar;C:\Users\stas2\.m2\repository\org\lwjgl\lwjgl-nuklear\3.3.4\lwjgl-nuklear-3.3.4-natives-windows.jar;C:\Users\stas2\.m2\repository\org\lwjgl\lwjgl-openal\3.3.4\lwjgl-openal-3.3.4-natives-windows.jar;C:\Users\stas2\.m2\repository\org\lwjgl\lwjgl-opengl\3.3.4\lwjgl-opengl-3.3.4-natives-windows.jar;C:\Users\stas2\.m2\repository\org\lwjgl\lwjgl-par\3.3.4\lwjgl-par-3.3.4-natives-windows.jar;C:\Users\stas2\.m2\repository\org\lwjgl\lwjgl-stb\3.3.4\lwjgl-stb-3.3.4-natives-windows.jar
Launcher Type: SUN_STANDARD

[Global flags]
     intx CICompilerCount                          = 4                                         {product} {ergonomic}
     uint ConcGCThreads                            = 3                                         {product} {ergonomic}
     uint G1ConcRefinementThreads                  = 10                                        {product} {ergonomic}
   size_t G1HeapRegionSize                         = 2097152                                   {product} {ergonomic}
    uintx GCDrainStackTargetSize                   = 64                                        {product} {ergonomic}
   size_t InitialHeapSize                          = 266338304                                 {product} {ergonomic}
   size_t MarkStackSize                            = 4194304                                   {product} {ergonomic}
   size_t MaxHeapSize                              = 4238344192                                {product} {ergonomic}
   size_t MaxNewSize                               = 2541748224                                {product} {ergonomic}
   size_t MinHeapDeltaBytes                        = 2097152                                   {product} {ergonomic}
   size_t MinHeapSize                              = 8388608                                   {product} {ergonomic}
    uintx NonNMethodCodeHeapSize                   = 5839372                                {pd product} {ergonomic}
    uintx NonProfiledCodeHeapSize                  = 122909434                              {pd product} {ergonomic}
    uintx ProfiledCodeHeapSize                     = 122909434                              {pd product} {ergonomic}
    uintx ReservedCodeCacheSize                    = 251658240                              {pd product} {ergonomic}
     bool SegmentedCodeCache                       = true                                      {product} {ergonomic}
   size_t SoftMaxHeapSize                          = 4238344192                             {manageable} {ergonomic}
     bool UseCompressedOops                        = true                           {product lp64_product} {ergonomic}
     bool UseG1GC                                  = true                                      {product} {ergonomic}
     bool UseLargePagesIndividualAllocation        = false                                  {pd product} {ergonomic}

Logging:
Log output configuration:
 #0: stdout all=off uptime,level,tags foldmultilines=false
 #1: stderr all=off uptime,level,tags foldmultilines=false

Environment Variables:
JAVA_HOME=C:\Program Files\Java\jdk-21
PATH=C:\Program Files\PlasticSCM5\server;C:\Program Files\PlasticSCM5\client;C:\Program Files\NVIDIA GPU Computing Toolkit\CUDA\v12.6\bin;C:\Program Files\NVIDIA GPU Computing Toolkit\CUDA\v12.6\libnvvp;C:\Program Files\Common Files\Oracle\Java\javapath;C:\Windows\system32;C:\Windows;C:\Program Files\Java\jdk-11.0.2\bin;C:\Windows\System32\Wbem;C:\ORacleDatabase\dbhomeXE\bin;C:\Windows\System32\WindowsPowerShell\v1.0\;C:\Windows\System32\OpenSSH\;C:\Program Files (x86)\NVIDIA Corporation\PhysX\Common;C:\Program Files\NVIDIA Corporation\NVIDIA NvDLISR;C:\Program Files\Git LFS;C:\Program Files\Git\cmd;C:\Program Files (x86)\Windows Kits\10\Windows Performance Toolkit\;C:\Program Files (x86)\Steam\steamapps\common\Counter-Strike Global Offensive\game\bin\win64;C:\Users\stas2\AppData\Local\Programs\Python\Python311;C:\Program Files\dotnet\;C:\Program Files\Microsoft SQL Server\150\Tools\Binn\;C:\Program Files\Microsoft SQL Server\Client SDK\ODBC\170\Tools\Binn\;C:\Program Files\NVIDIA Corporation\Nsight Compute 2024.3.2\;C:\Program Files (x86)\Microsoft SQL Server\160\Tools\Binn\;C:\Program Files\Microsoft SQL Server\160\Tools\Binn\;C:\Program Files\Microsoft SQL Server\160\DTS\Binn\;C:\Program Files (x86)\Microsoft SQL Server\160\DTS\Binn\;C:\WINDOWS\system32;C:\WINDOWS;C:\WINDOWS\System32\Wbem;C:\WINDOWS\System32\WindowsPowerShell\v1.0\;C:\WINDOWS\System32\OpenSSH\;C:\Program Files\Docker\Docker\resources\bin;O:\npdejs\;C:\Users\stas2\AppData\Local\Microsoft\WindowsApps;C:\Users\stas2\AppData\Local\Programs\Microsoft VS Code\bin;C:\Users\stas2\AppData\Local\GitHubDesktop\bin;C:\Users\stas2\AppData\Local\Programs\Python\Python311;C:\Program Files (x86)\Steam\steamapps\common\Counter-Strike Global Offensive\game\bin\win64;C:\Users\stas2\.dotnet\tools;C:\Users\stas2\AppData\Local\Muse Hub\lib;C:\Users\stas2\AppData\Roaming\npm
USERNAME=stas2
OS=Windows_NT
PROCESSOR_IDENTIFIER=Intel64 Family 6 Model 141 Stepping 1, GenuineIntel
TMP=C:\Users\stas2\AppData\Local\Temp
TEMP=C:\Users\stas2\AppData\Local\Temp




Periodic native trim disabled

---------------  S Y S T E M  ---------------

OS:
 Windows 11 , 64 bit Build 26100 (10.0.26100.5074)
OS uptime: 17 days 19:18 hours
Hyper-V role detected

CPU: total 12 (initial active 12) (6 cores per cpu, 2 threads per core) family 6 model 141 stepping 1 microcode 0x3c, cx8, cmov, fxsr, ht, mmx, 3dnowpref, sse, sse2, sse3, ssse3, sse4.1, sse4.2, popcnt, lzcnt, tsc, tscinvbit, avx, avx2, aes, erms, clmul, bmi1, bmi2, adx, avx512f, avx512dq, avx512cd, avx512bw, avx512vl, sha, fma, vzeroupper, avx512_vpopcntdq, avx512_vpclmulqdq, avx512_vaes, avx512_vnni, clflush, clflushopt, clwb, avx512_vbmi2, avx512_vbmi, hv, rdtscp, rdpid, fsrm, gfni, avx512_bitalg, f16c, cet_ibt, cet_ss, avx512_ifma
Processor Information for all 12 processors :
  Max Mhz: 2688, Current Mhz: 2688, Mhz Limit: 2688

Memory: 4k page, system-wide physical 16163M (2015M free)
TotalPageFile size 36643M (AvailPageFile size 13737M)
current process WorkingSet (physical memory assigned to process): 236M, peak: 262M
current process commit charge ("private bytes"): 427M, peak: 455M

vm_info: OpenJDK 64-Bit Server VM (21.0.1+12-29) for windows-amd64 JRE (21.0.1+12-29), built on 2023-10-05T13:27:09Z by "mach5one" with MS VC++ 17.1 (VS2022)

END.
