#
# A fatal error has been detected by the Java Runtime Environment:
#
#  EXCEPTION_ACCESS_VIOLATION (0xc0000005) at pc=0x00007ffdb53a6fa6, pid=24272, tid=33980
#
# JRE version: OpenJDK Runtime Environment (21.0.1+12) (build 21.0.1+12-29)
# Java VM: OpenJDK 64-Bit Server VM (21.0.1+12-29, mixed mode, sharing, tiered, compressed oops, compressed class ptrs, g1 gc, windows-amd64)
# Problematic frame:
# C  [igxelpicd64.dll+0x16fa6]
#
# No core dump will be written. Minidumps are not enabled by default on client versions of Windows
#
# If you would like to submit a bug report, please visit:
#   https://bugreport.java.com/bugreport/crash.jsp
# The crash happened outside the Java Virtual Machine in native code.
# See problematic frame for where to report the bug.
#

---------------  S U M M A R Y ------------

Command Line: -javaagent:C:\IntelliJ IDEA Community Edition 2021.3.2\IntelliJ IDEA Community Edition 2023.2.1\lib\idea_rt.jar=50399:C:\IntelliJ IDEA Community Edition 2021.3.2\IntelliJ IDEA Community Edition 2023.2.1\bin -Dfile.encoding=windows-1252 -Dsun.stdout.encoding=windows-1252 -Dsun.stderr.encoding=windows-1252 --module-path=O:\GIt\MultiplayerShooter\target\classes;C:\Users\stas2\.m2\repository\com\fasterxml\jackson\core\jackson-databind\2.17.2\jackson-databind-2.17.2.jar;C:\Users\stas2\.m2\repository\org\lwjgl\lwjgl-vulkan\3.3.4\lwjgl-vulkan-3.3.4.jar;C:\Users\stas2\.m2\repository\org\lwjgl\lwjgl-glfw\3.3.4\lwjgl-glfw-3.3.4.jar;C:\Users\stas2\.m2\repository\org\joml\joml\1.10.7\joml-1.10.7.jar;C:\Users\stas2\.m2\repository\com\fasterxml\jackson\core\jackson-annotations\2.17.2\jackson-annotations-2.17.2.jar;C:\Users\stas2\.m2\repository\org\lwjgl\lwjgl-stb\3.3.4\lwjgl-stb-3.3.4.jar;C:\Users\stas2\.m2\repository\io\github\spair\imgui-java-binding\1.89.0\imgui-java-binding-1.89.0.jar;C:\Users\stas2\.m2\repository\com\fasterxml\jackson\core\jackson-core\2.17.2\jackson-core-2.17.2.jar;C:\Users\stas2\.m2\repository\io\github\spair\imgui-java-lwjgl3\1.89.0\imgui-java-lwjgl3-1.89.0.jar;C:\Users\stas2\.m2\repository\org\lwjgl\lwjgl-opengl\3.3.4\lwjgl-opengl-3.3.4.jar;C:\Users\stas2\.m2\repository\org\joml\joml-primitives\1.10.0\joml-primitives-1.10.0.jar;C:\Users\stas2\.m2\repository\org\lwjgl\lwjgl-assimp\3.3.4\lwjgl-assimp-3.3.4.jar;C:\Users\stas2\.m2\repository\org\lwjgl\lwjgl\3.3.4\lwjgl-3.3.4.jar -Djdk.module.main=com.bedrye.bjge com.bedrye.bjge/com.bedrye.bjge.TestMain

Host: 11th Gen Intel(R) Core(TM) i5-11400H @ 2.70GHz, 12 cores, 15G,  Windows 11 , 64 bit Build 26100 (10.0.26100.5074)
Time: Wed Oct 15 22:23:56 2025 FLE Summer Time elapsed time: 88.394959 seconds (0d 0h 1m 28s)

---------------  T H R E A D  ---------------

Current thread (0x0000019aef3599d0):  JavaThread "main"             [_thread_in_native, id=33980, stack(0x0000005c41900000,0x0000005c41a00000) (1024K)]

Stack: [0x0000005c41900000,0x0000005c41a00000],  sp=0x0000005c419ff0e0,  free space=1020k
Native frames: (J=compiled Java code, j=interpreted, Vv=VM code, C=native code)
C  [igxelpicd64.dll+0x16fa6]

Java frames: (J=compiled Java code, j=interpreted, Vv=VM code)
J 2710  org.lwjgl.opengl.GL11C.glClear(I)V org.lwjgl.opengl@3.3.4+7 (0 bytes) @ 0x0000019a87bdd619 [0x0000019a87bdd5c0+0x0000000000000059]
J 3034 c2 com.bedrye.bjge.GameEngine.Objects.BJEEditorScene.render()V com.bedrye.bjge (68 bytes) @ 0x0000019a87c26bd8 [0x0000019a87c26b60+0x0000000000000078]
j  com.bedrye.bjge.GameEngine.EngineManager.update()V+114 com.bedrye.bjge
j  com.bedrye.bjge.GameEngine.EngineManager.run()V+5 com.bedrye.bjge
j  com.bedrye.bjge.TestMain.main([Ljava/lang/String;)V+3 com.bedrye.bjge
v  ~StubRoutines::call_stub 0x0000019a875310e7

siginfo: EXCEPTION_ACCESS_VIOLATION (0xc0000005), writing address 0x0000019ada920000


Registers:
RAX=0x00000000680b0000, RBX=0x0000019ad7217850, RCX=0x0000019ada920000, RDX=0x00007ffdb62a7e00
RSP=0x0000005c419ff0e0, RBP=0x0000005c419ff210, RSI=0x0000000000000000, RDI=0x0000019ad71e2a40
R8 =0x0000000000000004, R9 =0x0000005c419ff2c0, R10=0x0000000000000780, R11=0x0000019a87c26b80
R12=0x0000000000000000, R13=0x0000000000004000, R14=0x0000000000000001, R15=0x0000019aef3599d0
RIP=0x00007ffdb53a6fa6, EFLAGS=0x0000000000010202


Register to memory mapping:

RAX=0x00000000680b0000 is an unknown value
RBX=0x0000019ad7217850 points into unknown readable memory: 0x0000000000000000 | 00 00 00 00 00 00 00 00
RCX=0x0000019ada920000 is an unknown value
RDX=0x00007ffdb62a7e00 igxelpicd64.dll
RSP=0x0000005c419ff0e0 is pointing into the stack for thread: 0x0000019aef3599d0
RBP=0x0000005c419ff210 is pointing into the stack for thread: 0x0000019aef3599d0
RSI=0x0 is null
RDI=0x0000019ad71e2a40 points into unknown readable memory: 0x0000019ad7100240 | 40 02 10 d7 9a 01 00 00
R8 =0x0000000000000004 is an unknown value
R9 =0x0000005c419ff2c0 is pointing into the stack for thread: 0x0000019aef3599d0
R10=0x0000000000000780 is an unknown value
R11=0x0000019a87c26b80 is at entry_point+32 in (nmethod*)0x0000019a87c26910
Compiled method (c2)   88420 3034       4       com.bedrye.bjge.GameEngine.Objects.BJEEditorScene::render (68 bytes)
 total in heap  [0x0000019a87c26910,0x0000019a87c27338] = 2600
 relocation     [0x0000019a87c26a70,0x0000019a87c26b38] = 200
 constants      [0x0000019a87c26b40,0x0000019a87c26b60] = 32
 main code      [0x0000019a87c26b60,0x0000019a87c26e30] = 720
 stub code      [0x0000019a87c26e30,0x0000019a87c26ea0] = 112
 oops           [0x0000019a87c26ea0,0x0000019a87c26ec0] = 32
 metadata       [0x0000019a87c26ec0,0x0000019a87c26f70] = 176
 scopes data    [0x0000019a87c26f70,0x0000019a87c270b8] = 328
 scopes pcs     [0x0000019a87c270b8,0x0000019a87c27208] = 336
 dependencies   [0x0000019a87c27208,0x0000019a87c27238] = 48
 handler table  [0x0000019a87c27238,0x0000019a87c27310] = 216
 nul chk table  [0x0000019a87c27310,0x0000019a87c27338] = 40
R12=0x0 is null
R13=0x0000000000004000 is an unknown value
R14=0x0000000000000001 is an unknown value
R15=0x0000019aef3599d0 is a thread

Top of Stack: (sp=0x0000005c419ff0e0)
0x0000005c419ff0e0:   00002428350297d5 00007ffdb53e9400
0x0000005c419ff0f0:   0000000000000700 0000019ad6f85038
0x0000005c419ff100:   0000000000000700 00007ffdb54c5722
0x0000005c419ff110:   0000019ad71e2a40 0000000000000000
0x0000005c419ff120:   0000005c419ff230 00007ffdb54c5d08
0x0000005c419ff130:   0000019ad6ee1110 0000019ad7223520
0x0000005c419ff140:   0000019ad71e2a40 0000019ad6ee1110
0x0000005c419ff150:   00000001419ff200 0000000000000000
0x0000005c419ff160:   00004000d74b53e0 0000078000000438
0x0000005c419ff170:   0000005c419ff2c0 0000000000000000
0x0000005c419ff180:   0000410000000000 0000078000000438
0x0000005c419ff190:   0000000000000000 0000000000000006
0x0000005c419ff1a0:   0000000000000001 0000019ad72f9010
0x0000005c419ff1b0:   0000000000000000 0000000000000000
0x0000005c419ff1c0:   0000043800000780 0000019ad6ee1110
0x0000005c419ff1d0:   0000005c419ff1b8 0000005c419ff210
0x0000005c419ff1e0:   0000005c419ff1a8 0000000000000000
0x0000005c419ff1f0:   0000000000000000 0000000000000000
0x0000005c419ff200:   000000003f4ccccd 0000000000000000
0x0000005c419ff210:   000000003f4ccccd 0000000000000000
0x0000005c419ff220:   000000003f4ccccd 0000000000000000
0x0000005c419ff230:   0000242835029695 0000000000000000
0x0000005c419ff240:   0000000080000000 0000000000000000
0x0000005c419ff250:   0000000000000000 0000000000000000
0x0000005c419ff260:   0000019aef3599d0 0000005c419ff330
0x0000005c419ff270:   0000005c419ff390 0000000000000000
0x0000005c419ff280:   0000019ad7218150 0000000000000000
0x0000005c419ff290:   0000005c419ff340 00007ffdb54c5081
0x0000005c419ff2a0:   0000019ad71e2a40 0000019ad71e2a40
0x0000005c419ff2b0:   0000000000000000 0000000000004000
0x0000005c419ff2c0:   0000000000000000 0000043800000780
0x0000005c419ff2d0:   0000000000000001 0000019a87bdd6b0 

Instructions: (pc=0x00007ffdb53a6fa6)
0x00007ffdb53a6ea6:   49 83 e2 f0 48 c1 e8 04 49 03 ca 49 03 d2 48 83
0x00007ffdb53a6eb6:   f8 07 77 31 83 f8 04 0f 85 fd 00 00 00 f3 0f 6f
0x00007ffdb53a6ec6:   42 c0 f3 0f 7f 41 c0 f3 0f 6f 42 d0 f3 0f 7f 41
0x00007ffdb53a6ed6:   d0 f3 0f 6f 42 e0 f3 0f 7f 41 e0 f3 0f 6f 42 f0
0x00007ffdb53a6ee6:   f3 0f 7f 41 f0 0f 28 3c 24 4d 2b c2 0f 28 74 24
0x00007ffdb53a6ef6:   10 4d 85 c0 0f 84 63 ff ff ff 49 8b c0 48 83 e0
0x00007ffdb53a6f06:   fc 48 03 c8 48 03 d0 49 8b c0 48 c1 e8 02 48 83
0x00007ffdb53a6f16:   e8 01 74 18 48 83 e8 01 74 0c 48 83 f8 01 75 12
0x00007ffdb53a6f26:   8b 42 f4 89 41 f4 8b 42 f8 89 41 f8 8b 42 fc 89
0x00007ffdb53a6f36:   41 fc 41 f6 c0 01 0f 85 ea 01 00 00 41 f6 c0 02
0x00007ffdb53a6f46:   0f 84 17 ff ff ff 0f b7 02 66 89 01 e9 0c ff ff
0x00007ffdb53a6f56:   ff f6 c1 01 74 0e 0f b6 02 49 ff c8 88 01 48 ff
0x00007ffdb53a6f66:   c1 48 ff c2 f6 c1 02 0f 84 33 fe ff ff 0f b7 02
0x00007ffdb53a6f76:   49 83 e8 02 66 89 01 48 83 c1 02 48 83 c2 02 e9
0x00007ffdb53a6f86:   1c fe ff ff 49 83 f8 01 0f 84 8e 01 00 00 49 83
0x00007ffdb53a6f96:   f8 02 74 b2 49 83 f8 03 0f 84 51 02 00 00 8b 02
0x00007ffdb53a6fa6:   89 01 48 83 c4 28 c3 0f b6 02 49 ff c8 88 01 48
0x00007ffdb53a6fb6:   ff c1 48 ff c2 e9 99 fe ff ff ff c8 83 f8 06 0f
0x00007ffdb53a6fc6:   87 20 ff ff ff 4c 8d 0d 2e 90 fe ff 41 8b 84 81
0x00007ffdb53a6fd6:   48 72 01 00 49 03 c1 ff e0 f3 0f 6f 42 a0 f3 0f
0x00007ffdb53a6fe6:   7f 41 a0 f3 0f 6f 42 b0 f3 0f 7f 41 b0 e9 cb fe
0x00007ffdb53a6ff6:   ff ff 4d 8b c8 49 c1 e9 07 49 6b c1 80 4c 03 c0
0x00007ffdb53a7006:   f3 0f 6f 02 48 83 ea 80 48 83 e9 80 f3 0f 6f 4a
0x00007ffdb53a7016:   90 f3 0f 6f 52 a0 f3 0f 6f 5a b0 f3 0f 6f 62 c0
0x00007ffdb53a7026:   f3 0f 6f 6a d0 f3 0f 6f 72 e0 f3 0f 6f 7a f0 f3
0x00007ffdb53a7036:   0f 7f 41 80 f3 0f 7f 49 90 f3 0f 7f 51 a0 f3 0f
0x00007ffdb53a7046:   7f 59 b0 f3 0f 7f 61 c0 f3 0f 7f 69 d0 f3 0f 7f
0x00007ffdb53a7056:   71 e0 f3 0f 7f 79 f0 49 83 e9 01 0f 84 39 fe ff
0x00007ffdb53a7066:   ff eb 9d 49 81 f8 80 00 00 00 0f 83 c9 00 00 00
0x00007ffdb53a7076:   4d 8b d0 49 8b c0 49 83 e2 f0 48 c1 e8 04 49 03
0x00007ffdb53a7086:   ca 49 03 d2 48 83 f8 07 0f 87 57 fe ff ff 83 f8
0x00007ffdb53a7096:   07 0f 85 15 01 00 00 f3 0f 6f 42 90 f3 0f 7f 41 


Stack slot to memory mapping:

stack at sp + 0 slots: 0x00002428350297d5 is an unknown value
stack at sp + 1 slots: 0x00007ffdb53e9400 igxelpicd64.dll
stack at sp + 2 slots: 0x0000000000000700 is an unknown value
stack at sp + 3 slots: 0x0000019ad6f85038 points into unknown readable memory: 0x00007ffdb5e7d090 | 90 d0 e7 b5 fd 7f 00 00
stack at sp + 4 slots: 0x0000000000000700 is an unknown value
stack at sp + 5 slots: 0x00007ffdb54c5722 igxelpicd64.dll
stack at sp + 6 slots: 0x0000019ad71e2a40 points into unknown readable memory: 0x0000019ad7100240 | 40 02 10 d7 9a 01 00 00
stack at sp + 7 slots: 0x0 is null


Compiled method (n/a)   88447 2710     n 0       org.lwjgl.opengl.GL11C::glClear (native)
 total in heap  [0x0000019a87bdd410,0x0000019a87bdd7e0] = 976
 relocation     [0x0000019a87bdd570,0x0000019a87bdd5a8] = 56
 main code      [0x0000019a87bdd5c0,0x0000019a87bdd7d4] = 532
 stub code      [0x0000019a87bdd7d4,0x0000019a87bdd7d8] = 4
 oops           [0x0000019a87bdd7d8,0x0000019a87bdd7e0] = 8

[Constant Pool (empty)]

[MachCode]
[Entry Point]
  # {method} {0x0000019ad29fbf00} 'glClear' '(I)V' in 'org/lwjgl/opengl/GL11C'
  # parm0:    rdx       = int
  #           [sp+0x70]  (sp of caller)
  0x0000019a87bdd5c0: 448b 5208 | 49bb 0000 | 0091 9a01 | 0000 4d03 | d349 3bc2 | 0f84 0600 

  0x0000019a87bdd5d8: ;   {runtime_call ic_miss_stub}
  0x0000019a87bdd5d8: 0000 e9a1 | 139a ff90 
[Verified Entry Point]
  0x0000019a87bdd5e0: 8984 2400 | 80ff ff55 | 488b ec48 | 83ec 6090 | 4181 7f20 | 0100 0000 

  0x0000019a87bdd5f8: ;   {runtime_call StubRoutines (final stubs)}
  0x0000019a87bdd5f8: 7405 e801 | 8c98 ff4c 

  0x0000019a87bdd600: ;   {oop(a 'java/lang/Class'{0x0000000710651758} = 'org/lwjgl/opengl/GL11C')}
  0x0000019a87bdd600: 8bc2 49be | 5817 6510 | 0700 0000 | 4c89 7424 | 504c 8d74 | 2450 498b | d6c5 f877 

  0x0000019a87bdd61c: ;   {internal_word}
  0x0000019a87bdd61c: 49ba 19d6 | bd87 9a01 | 0000 4d89 | 97a0 0300 | 0049 89a7 | 9803 0000 

  0x0000019a87bdd634: ;   {external_word}
  0x0000019a87bdd634: 49ba c925 | 3da8 fd7f | 0000 4180 | 3a00 0f84 | 4a00 0000 

  0x0000019a87bdd648: ;   {metadata({method} {0x0000019ad29fbf00} 'glClear' '(I)V' in 'org/lwjgl/opengl/GL11C')}
  0x0000019a87bdd648: 5241 5048 | baf8 be9f | d29a 0100 | 0049 8bcf | 4883 ec20 | 40f6 c40f | 0f84 1900 | 0000 4883 
  0x0000019a87bdd668: ;   {runtime_call}
  0x0000019a87bdd668: ec08 48b8 | 30eb eda7 | fd7f 0000 | ffd0 4883 | c408 e90c 

  0x0000019a87bdd67c: ;   {runtime_call}
  0x0000019a87bdd67c: 0000 0048 | b830 ebed | a7fd 7f00 | 00ff d048 | 83c4 2041 | 585a 498d | 8fb8 0300 | 0041 c787 
  0x0000019a87bdd69c: 4c04 0000 | 0400 0000 

  0x0000019a87bdd6a4: ;   {runtime_call}
  0x0000019a87bdd6a4: 48b8 d0d1 | cdd6 fd7f | 0000 ffd0 | c5f8 7741 | c787 4c04 | 0000 0500 | 0000 f083 | 4424 c000 
  0x0000019a87bdd6c4: 493b af50 | 0400 000f | 870e 0000 | 0041 83bf | 4804 0000 | 000f 8423 | 0000 00c5 | f877 498b 
  0x0000019a87bdd6e4: cf4c 8be4 | 4883 ec20 | 4883 e4f0 

  0x0000019a87bdd6f0: ;   {runtime_call}
  0x0000019a87bdd6f0: 48b8 c0be | b9a7 fd7f | 0000 ffd0 | 498b e44d | 33e4 41c7 | 874c 0400 | 0008 0000 | 0041 83bf 
  0x0000019a87bdd710: c804 0000 | 020f 8494 

  0x0000019a87bdd718: ;   {external_word}
  0x0000019a87bdd718: 0000 0049 | bac9 253d | a8fd 7f00 | 0041 803a | 000f 8444 

  0x0000019a87bdd72c: ;   {metadata({method} {0x0000019ad29fbf00} 'glClear' '(I)V' in 'org/lwjgl/opengl/GL11C')}
  0x0000019a87bdd72c: 0000 0048 | baf8 be9f | d29a 0100 | 0049 8bcf | 4883 ec20 | 40f6 c40f | 0f84 1900 | 0000 4883 
  0x0000019a87bdd74c: ;   {runtime_call}
  0x0000019a87bdd74c: ec08 48b8 | 30eb eda7 | fd7f 0000 | ffd0 4883 | c408 e90c 

  0x0000019a87bdd760: ;   {runtime_call}
  0x0000019a87bdd760: 0000 0048 | b830 ebed | a7fd 7f00 | 00ff d048 | 83c4 2049 | c787 9803 | 0000 0000 | 0000 49c7 
  0x0000019a87bdd780: 87a0 0300 | 0000 0000 | 00c5 f877 | 498b 8f28 | 0400 00c7 | 8100 0100 | 0000 0000 | 00c9 4983 
  0x0000019a87bdd7a0: 7f08 000f | 8501 0000 

  0x0000019a87bdd7a8: ;   {runtime_call StubRoutines (initial stubs)}
  0x0000019a87bdd7a8: 00c3 e951 | 3795 ffc5 | f877 4c8b | e448 83ec | 2048 83e4 

  0x0000019a87bdd7bc: ;   {runtime_call}
  0x0000019a87bdd7bc: f048 b860 | 23ee a7fd | 7f00 00ff | d049 8be4 | 4d33 e4e9 | 47ff ffff 
[Stub Code]
  0x0000019a87bdd7d4: f4f4 f4f4 
[/MachCode]


Compiled method (c2)   88454 3034       4       com.bedrye.bjge.GameEngine.Objects.BJEEditorScene::render (68 bytes)
 total in heap  [0x0000019a87c26910,0x0000019a87c27338] = 2600
 relocation     [0x0000019a87c26a70,0x0000019a87c26b38] = 200
 constants      [0x0000019a87c26b40,0x0000019a87c26b60] = 32
 main code      [0x0000019a87c26b60,0x0000019a87c26e30] = 720
 stub code      [0x0000019a87c26e30,0x0000019a87c26ea0] = 112
 oops           [0x0000019a87c26ea0,0x0000019a87c26ec0] = 32
 metadata       [0x0000019a87c26ec0,0x0000019a87c26f70] = 176
 scopes data    [0x0000019a87c26f70,0x0000019a87c270b8] = 328
 scopes pcs     [0x0000019a87c270b8,0x0000019a87c27208] = 336
 dependencies   [0x0000019a87c27208,0x0000019a87c27238] = 48
 handler table  [0x0000019a87c27238,0x0000019a87c27310] = 216
 nul chk table  [0x0000019a87c27310,0x0000019a87c27338] = 40


[Constant Pool]
             Address          hex4                    hex8      
  0x0000019a87c26b40:   0x3f4ccccd      0x3f8000003f4ccccd      
  0x0000019a87c26b44:   0x3f800000                              
  0x0000019a87c26b48:   0x41200000      0xf4f4f4f441200000      
  0x0000019a87c26b4c:   0xf4f4f4f4                              
  0x0000019a87c26b50:   0xf4f4f4f4      0xf4f4f4f4f4f4f4f4      
  0x0000019a87c26b54:   0xf4f4f4f4                              
  0x0000019a87c26b58:   0xf4f4f4f4      0xf4f4f4f4f4f4f4f4      
  0x0000019a87c26b5c:   0xf4f4f4f4                              

[MachCode]
[Entry Point]
  # {method} {0x0000019ad241a0c0} 'render' '()V' in 'com/bedrye/bjge/GameEngine/Objects/BJEEditorScene'
  #           [sp+0x40]  (sp of caller)
  0x0000019a87c26b60: ;   {no_reloc}
  0x0000019a87c26b60: 448b 5208 | 49bb 0000 | 0091 9a01 | 0000 4d03 | d349 3bc2 

  0x0000019a87c26b74: ;   {runtime_call ic_miss_stub}
  0x0000019a87c26b74: 0f85 067e | 95ff 6690 | 0f1f 4000 
[Verified Entry Point]
  0x0000019a87c26b80: 8984 2400 | 80ff ff55 | 4883 ec30 | 4181 7f20 | 0100 0000 | 0f85 8802 | 0000 4889 

  0x0000019a87c26b9c: ;   {section_word}
  0x0000019a87c26b9c: 1424 c5fa | 101d 9eff 

  0x0000019a87c26ba4: ;   {section_word}
  0x0000019a87c26ba4: ffff c5fa | 1005 92ff 

  0x0000019a87c26bac: ;   {section_word}
  0x0000019a87c26bac: ffff c5fa | 100d 8aff 

  0x0000019a87c26bb4: ;   {section_word}
  0x0000019a87c26bb4: ffff c5fa | 1015 82ff 

  0x0000019a87c26bbc: ;   {static_call}
  0x0000019a87c26bbc: ffff 90e8 

  0x0000019a87c26bc0: ; ImmutableOopMap {[0]=Oop }
                      ;*invokestatic glClearColor {reexecute=0 rethrow=0 return_oop=0}
                      ; - org.lwjgl.opengl.GL11::glClearColor@4 (line 1022)
                      ; - com.bedrye.bjge.GameEngine.Objects.BJEEditorScene::render@7 (line 88)
  0x0000019a87c26bc0: 1c31 fcff 

  0x0000019a87c26bc4: ;   {other}
  0x0000019a87c26bc4: 0f1f 8400 | b402 0000 | ba00 4000 

  0x0000019a87c26bd0: ;   {static_call}
  0x0000019a87c26bd0: 0066 90e8 

  0x0000019a87c26bd4: ; ImmutableOopMap {[0]=Oop }
                      ;*invokestatic glClear {reexecute=0 rethrow=0 return_oop=0}
                      ; - org.lwjgl.opengl.GL11::glClear@1 (line 992)
                      ; - com.bedrye.bjge.GameEngine.Objects.BJEEditorScene::render@13 (line 90)
  0x0000019a87c26bd4: 086a fbff 

  0x0000019a87c26bd8: ;   {other}
  0x0000019a87c26bd8: 0f1f 8400 | c802 0001 | 4c8b 1424 | 458b 5a18 

  0x0000019a87c26be8: ; implicit exception: dispatches to 0x0000019a87c26dbd
  0x0000019a87c26be8: 438b 54dc 

  0x0000019a87c26bec: ;   {static_call}
  0x0000019a87c26bec: 1466 90e8 

  0x0000019a87c26bf0: ; ImmutableOopMap {[0]=Oop }
                      ;*invokestatic glUseProgram {reexecute=0 rethrow=0 return_oop=0}
                      ; - org.lwjgl.opengl.GL20::glUseProgram@1 (line 398)
                      ; - com.bedrye.bjge.GameEngine.Util.Shaders.BasicProgramShader::Run@4 (line 57)
                      ; - com.bedrye.bjge.GameEngine.Objects.BJEEditorScene::render@20 (line 91)
  0x0000019a87c26bf0: 6c58 faff 

  0x0000019a87c26bf4: ;   {other}
  0x0000019a87c26bf4: 0f1f 8400 | e402 0002 | bac0 8400 

  0x0000019a87c26c00: ;   {static_call}
  0x0000019a87c26c00: 0066 90e8 

  0x0000019a87c26c04: ; ImmutableOopMap {[0]=Oop }
                      ;*invokestatic glActiveTexture {reexecute=0 rethrow=0 return_oop=0}
                      ; - org.lwjgl.opengl.GL13::glActiveTexture@1 (line 570)
                      ; - com.bedrye.bjge.GameEngine.Objects.BJEEditorScene::render@25 (line 93)
  0x0000019a87c26c04: d8fb faff 

  0x0000019a87c26c08: ;   {other}
  0x0000019a87c26c08: 0f1f 8400 | f802 0003 | 4c8b 1424 | 458b 5218 | 4585 d20f | 84d6 0000 | 004b 8d14 

  0x0000019a87c26c24: ;   {oop("specularPower"{0x000000071307ac48})}
  0x0000019a87c26c24: d449 b848 | ac07 1307 

  0x0000019a87c26c2c: ;   {optimized virtual_call}
  0x0000019a87c26c2c: 0000 00e8 

  0x0000019a87c26c30: ; ImmutableOopMap {[0]=Oop }
                      ;*invokevirtual getKey {reexecute=0 rethrow=0 return_oop=0}
                      ; - com.bedrye.bjge.GameEngine.Util.Shaders.ShaderProgram::uploadFloat@2 (line 77)
                      ; - com.bedrye.bjge.GameEngine.Objects.BJEEditorScene::render@39 (line 94)
  0x0000019a87c26c30: 8cfc fdff 

  0x0000019a87c26c34: ;   {other}
  0x0000019a87c26c34: 0f1f 8400 | 2403 0004 

  0x0000019a87c26c3c: ;   {section_word}
  0x0000019a87c26c3c: c5fa 1005 | 04ff ffff 

  0x0000019a87c26c44: ;   {static_call}
  0x0000019a87c26c44: 8bd0 90e8 

  0x0000019a87c26c48: ; ImmutableOopMap {[0]=Oop }
                      ;*invokestatic glUniform1f {reexecute=0 rethrow=0 return_oop=0}
                      ; - org.lwjgl.opengl.GL20::glUniform1f@2 (line 425)
                      ; - com.bedrye.bjge.GameEngine.Util.Shaders.ShaderProgram::uploadFloat@11 (line 78)
                      ; - com.bedrye.bjge.GameEngine.Objects.BJEEditorScene::render@39 (line 94)
  0x0000019a87c26c48: 94b7 fcff 

  0x0000019a87c26c4c: ;   {other}
  0x0000019a87c26c4c: 0f1f 8400 | 3c03 0005 | 4c8b 1424 | 418b 6a14 

  0x0000019a87c26c5c: ; implicit exception: dispatches to 0x0000019a87c26dd0
  0x0000019a87c26c5c: 458b 54ec 

  0x0000019a87c26c60: ;   {metadata('java/util/ArrayList')}
  0x0000019a87c26c60: 0841 81fa | 48ad 0b00 | 0f85 c600 | 0000 4d8d | 14ec 458b | 4210 4585 | c00f 8fc9 | 0000 004c 
  0x0000019a87c26c80: 8b14 2445 | 3b62 180f | 847f 0000 

  0x0000019a87c26c8c: ;   {static_call}
  0x0000019a87c26c8c: 0033 d2e8 

  0x0000019a87c26c90: ; ImmutableOopMap {[0]=Oop }
                      ;*invokestatic glUseProgram {reexecute=0 rethrow=0 return_oop=0}
                      ; - org.lwjgl.opengl.GL20::glUseProgram@1 (line 398)
                      ; - com.bedrye.bjge.GameEngine.Util.Shaders.BasicProgramShader::Clear@1 (line 80)
                      ; - com.bedrye.bjge.GameEngine.Objects.BJEEditorScene::render@60 (line 97)
  0x0000019a87c26c90: cc57 faff 

  0x0000019a87c26c94: ;   {other}
  0x0000019a87c26c94: 0f1f 8400 | 8403 0006 | 4c8b 1424 | 458b 5a2c 

  0x0000019a87c26ca4: ; implicit exception: dispatches to 0x0000019a87c26de4
  0x0000019a87c26ca4: 438b 54dc 

  0x0000019a87c26ca8: ;   {static_call}
  0x0000019a87c26ca8: 1466 90e8 

  0x0000019a87c26cac: ; ImmutableOopMap {[0]=Oop }
                      ;*invokestatic glUseProgram {reexecute=0 rethrow=0 return_oop=0}
                      ; - org.lwjgl.opengl.GL20::glUseProgram@1 (line 398)
                      ; - com.bedrye.bjge.GameEngine.Util.Shaders.BasicProgramShader::Run@4 (line 57)
                      ; - com.bedrye.bjge.GameEngine.Objects.BJEEditorScene::renderGizmos@4 (line 103)
                      ; - com.bedrye.bjge.GameEngine.Objects.BJEEditorScene::render@64 (line 98)
  0x0000019a87c26cac: b057 faff 

  0x0000019a87c26cb0: ;   {other}
  0x0000019a87c26cb0: 0f1f 8400 | a003 0007 | 4c8b 1424 | 458b 5a1c 

  0x0000019a87c26cc0: ; implicit exception: dispatches to 0x0000019a87c26df8
  0x0000019a87c26cc0: 438b 6cdc | 3c85 ed0f | 85a7 0000 | 0045 3b62 | 2c74 4d33 

  0x0000019a87c26cd4: ;   {static_call}
  0x0000019a87c26cd4: d266 90e8 

  0x0000019a87c26cd8: ; ImmutableOopMap {}
                      ;*invokestatic glUseProgram {reexecute=0 rethrow=0 return_oop=0}
                      ; - org.lwjgl.opengl.GL20::glUseProgram@1 (line 398)
                      ; - com.bedrye.bjge.GameEngine.Util.Shaders.BasicProgramShader::Clear@1 (line 80)
                      ; - com.bedrye.bjge.GameEngine.Objects.BJEEditorScene::renderGizmos@77 (line 108)
                      ; - com.bedrye.bjge.GameEngine.Objects.BJEEditorScene::render@64 (line 98)
  0x0000019a87c26cd8: 8457 faff 

  0x0000019a87c26cdc: ;   {other}
  0x0000019a87c26cdc: 0f1f 8400 | cc03 0008 | 4883 c430 

  0x0000019a87c26ce8: ;   {poll_return}
  0x0000019a87c26ce8: 5d49 3ba7 | 5004 0000 | 0f87 1601 | 0000 c3ba | f6ff ffff 

  0x0000019a87c26cfc: ;   {runtime_call UncommonTrapBlob}
  0x0000019a87c26cfc: 6666 90e8 

  0x0000019a87c26d00: ; ImmutableOopMap {}
                      ;*invokevirtual uploadFloat {reexecute=0 rethrow=0 return_oop=0}
                      ; - com.bedrye.bjge.GameEngine.Objects.BJEEditorScene::render@39 (line 94)
  0x0000019a87c26d00: fc0f 96ff 

  0x0000019a87c26d04: ;   {other}
  0x0000019a87c26d04: 0f1f 8400 | f403 0009 | baf6 ffff 

  0x0000019a87c26d10: ;   {runtime_call UncommonTrapBlob}
  0x0000019a87c26d10: ff66 90e8 

  0x0000019a87c26d14: ; ImmutableOopMap {}
                      ;*invokevirtual Clear {reexecute=0 rethrow=0 return_oop=0}
                      ; - com.bedrye.bjge.GameEngine.Objects.BJEEditorScene::render@60 (line 97)
  0x0000019a87c26d14: e80f 96ff 

  0x0000019a87c26d18: ;   {other}
  0x0000019a87c26d18: 0f1f 8400 | 0804 000a | baf6 ffff 

  0x0000019a87c26d24: ;   {runtime_call UncommonTrapBlob}
  0x0000019a87c26d24: ff66 90e8 

  0x0000019a87c26d28: ; ImmutableOopMap {}
                      ;*invokevirtual Clear {reexecute=0 rethrow=0 return_oop=0}
                      ; - com.bedrye.bjge.GameEngine.Objects.BJEEditorScene::renderGizmos@77 (line 108)
                      ; - com.bedrye.bjge.GameEngine.Objects.BJEEditorScene::render@64 (line 98)
  0x0000019a87c26d28: d40f 96ff 

  0x0000019a87c26d2c: ;   {other}
  0x0000019a87c26d2c: 0f1f 8400 | 1c04 000b | bade ffff 

  0x0000019a87c26d38: ;   {runtime_call UncommonTrapBlob}
  0x0000019a87c26d38: ff66 90e8 

  0x0000019a87c26d3c: ; ImmutableOopMap {rbp=NarrowOop [0]=Oop }
                      ;*invokeinterface forEach {reexecute=0 rethrow=0 return_oop=0}
                      ; - com.bedrye.bjge.GameEngine.Objects.BJEEditorScene::render@51 (line 95)
  0x0000019a87c26d3c: c00f 96ff 

  0x0000019a87c26d40: ;   {other}
  0x0000019a87c26d40: 0f1f 8400 | 3004 000c | 458b 5a14 | 418b 6a0c | ba45 ffff | ff4c 8954 | 2408 4489 | 5c24 1044 
  0x0000019a87c26d60: 8944 2418 

  0x0000019a87c26d64: ;   {runtime_call UncommonTrapBlob}
  0x0000019a87c26d64: 6666 90e8 

  0x0000019a87c26d68: ; ImmutableOopMap {[0]=Oop [8]=Oop [16]=NarrowOop }
                      ;*if_icmpge {reexecute=1 rethrow=0 return_oop=0}
                      ; - (reexecute) java.util.ArrayList::forEach@36 (line 1595)
                      ; - com.bedrye.bjge.GameEngine.Objects.BJEEditorScene::render@51 (line 95)
  0x0000019a87c26d68: 940f 96ff 

  0x0000019a87c26d6c: ;   {other}
  0x0000019a87c26d6c: 0f1f 8400 | 5c04 000d | ba45 ffff 

  0x0000019a87c26d78: ;   {runtime_call UncommonTrapBlob}
  0x0000019a87c26d78: ff66 90e8 

  0x0000019a87c26d7c: ; ImmutableOopMap {rbp=NarrowOop [0]=Oop }
                      ;*ifnull {reexecute=1 rethrow=0 return_oop=0}
                      ; - (reexecute) com.bedrye.bjge.GameEngine.Objects.BJEEditorScene::renderGizmos@14 (line 104)
                      ; - com.bedrye.bjge.GameEngine.Objects.BJEEditorScene::render@64 (line 98)
  0x0000019a87c26d7c: 800f 96ff 

  0x0000019a87c26d80: ;   {other}
  0x0000019a87c26d80: 0f1f 8400 | 7004 000e | 488b d0eb | 2648 8bd0 | eb21 488b | d0eb 1c48 | 8bd0 eb17 | 488b d0eb 
  0x0000019a87c26da0: 1248 8bd0 | eb0d 488b | d0eb 0848 | 8bd0 eb03 | 488b d048 | 83c4 305d 

  0x0000019a87c26db8: ;   {runtime_call _rethrow_Java}
  0x0000019a87c26db8: e9c3 1ca4 | ffba f6ff 

  0x0000019a87c26dc0: ;   {runtime_call UncommonTrapBlob}
  0x0000019a87c26dc0: ffff 90e8 

  0x0000019a87c26dc4: ; ImmutableOopMap {}
                      ;*invokevirtual Run {reexecute=0 rethrow=0 return_oop=0}
                      ; - com.bedrye.bjge.GameEngine.Objects.BJEEditorScene::render@20 (line 91)
  0x0000019a87c26dc4: 380f 96ff 

  0x0000019a87c26dc8: ;   {other}
  0x0000019a87c26dc8: 0f1f 8400 | b804 000f | baf6 ffff 

  0x0000019a87c26dd4: ;   {runtime_call UncommonTrapBlob}
  0x0000019a87c26dd4: ff66 90e8 

  0x0000019a87c26dd8: ; ImmutableOopMap {}
                      ;*invokeinterface forEach {reexecute=0 rethrow=0 return_oop=0}
                      ; - com.bedrye.bjge.GameEngine.Objects.BJEEditorScene::render@51 (line 95)
  0x0000019a87c26dd8: 240f 96ff 

  0x0000019a87c26ddc: ;   {other}
  0x0000019a87c26ddc: 0f1f 8400 | cc04 0010 | baf6 ffff 

  0x0000019a87c26de8: ;   {runtime_call UncommonTrapBlob}
  0x0000019a87c26de8: ff66 90e8 

  0x0000019a87c26dec: ; ImmutableOopMap {}
                      ;*invokevirtual Run {reexecute=0 rethrow=0 return_oop=0}
                      ; - com.bedrye.bjge.GameEngine.Objects.BJEEditorScene::renderGizmos@4 (line 103)
                      ; - com.bedrye.bjge.GameEngine.Objects.BJEEditorScene::render@64 (line 98)
  0x0000019a87c26dec: 100f 96ff 

  0x0000019a87c26df0: ;   {other}
  0x0000019a87c26df0: 0f1f 8400 | e004 0011 | baf6 ffff 

  0x0000019a87c26dfc: ;   {runtime_call UncommonTrapBlob}
  0x0000019a87c26dfc: ff66 90e8 

  0x0000019a87c26e00: ; ImmutableOopMap {}
                      ;*invokevirtual getObject3DAbstract {reexecute=0 rethrow=0 return_oop=0}
                      ; - com.bedrye.bjge.GameEngine.Objects.BJEEditorScene::renderGizmos@11 (line 104)
                      ; - com.bedrye.bjge.GameEngine.Objects.BJEEditorScene::render@64 (line 98)
  0x0000019a87c26e00: fc0e 96ff 

  0x0000019a87c26e04: ;   {other}
  0x0000019a87c26e04: 0f1f 8400 | f404 0012 

  0x0000019a87c26e0c: ;   {internal_word}
  0x0000019a87c26e0c: 49ba e96c | c287 9a01 | 0000 4d89 | 9768 0400 

  0x0000019a87c26e1c: ;   {runtime_call SafepointBlob}
  0x0000019a87c26e1c: 00e9 5efd 

  0x0000019a87c26e20: ;   {runtime_call StubRoutines (final stubs)}
  0x0000019a87c26e20: 95ff e8d9 | f393 ffe9 | 6efd ffff | f4f4 f4f4 
[Stub Code]
  0x0000019a87c26e30: ;   {no_reloc}
  0x0000019a87c26e30: 48bb 0000 | 0000 0000 

  0x0000019a87c26e38: ;   {runtime_call}
  0x0000019a87c26e38: 0000 e9fb 

  0x0000019a87c26e3c: ;   {static_stub}
  0x0000019a87c26e3c: ffff ff48 | bb00 0000 | 0000 0000 

  0x0000019a87c26e48: ;   {runtime_call}
  0x0000019a87c26e48: 00e9 fbff 

  0x0000019a87c26e4c: ;   {static_stub}
  0x0000019a87c26e4c: ffff 48bb | 0000 0000 | 0000 0000 

  0x0000019a87c26e58: ;   {runtime_call}
  0x0000019a87c26e58: e9fb ffff 

  0x0000019a87c26e5c: ;   {static_stub}
  0x0000019a87c26e5c: ff48 bb00 | 0000 0000 

  0x0000019a87c26e64: ;   {runtime_call}
  0x0000019a87c26e64: 0000 00e9 | fbff ffff 

  0x0000019a87c26e6c: ;   {static_stub}
  0x0000019a87c26e6c: 48bb 0000 | 0000 0000 

  0x0000019a87c26e74: ;   {runtime_call}
  0x0000019a87c26e74: 0000 e9fb 

  0x0000019a87c26e78: ;   {static_stub}
  0x0000019a87c26e78: ffff ff48 | bb00 0000 | 0000 0000 

  0x0000019a87c26e84: ;   {runtime_call}
  0x0000019a87c26e84: 00e9 fbff 

  0x0000019a87c26e88: ;   {runtime_call ExceptionBlob}
  0x0000019a87c26e88: ffff e971 | 72a3 ffe8 | 0000 0000 | 4883 2c24 

  0x0000019a87c26e98: ;   {runtime_call DeoptimizationBlob}
  0x0000019a87c26e98: 05e9 8211 | 96ff f4f4 
[/MachCode]


---------------  P R O C E S S  ---------------

Threads class SMR info:
_java_thread_list=0x0000019ad684df40, length=14, elements={
0x0000019aef3599d0, 0x0000019aff33c5e0, 0x0000019aff33e340, 0x0000019aff34a1f0,
0x0000019aff34f100, 0x0000019aff34fe10, 0x0000019aff3515c0, 0x0000019ad6008090,
0x0000019ad6009850, 0x0000019ad6118340, 0x0000019ad6724f40, 0x0000019ad66474d0,
0x0000019ad73e7410, 0x0000019ad7982610
}

Java Threads: ( => current thread )
=>0x0000019aef3599d0 JavaThread "main"                              [_thread_in_native, id=33980, stack(0x0000005c41900000,0x0000005c41a00000) (1024K)]
  0x0000019aff33c5e0 JavaThread "Reference Handler"          daemon [_thread_blocked, id=13156, stack(0x0000005c42100000,0x0000005c42200000) (1024K)]
  0x0000019aff33e340 JavaThread "Finalizer"                  daemon [_thread_blocked, id=31692, stack(0x0000005c42200000,0x0000005c42300000) (1024K)]
  0x0000019aff34a1f0 JavaThread "Signal Dispatcher"          daemon [_thread_blocked, id=35832, stack(0x0000005c42300000,0x0000005c42400000) (1024K)]
  0x0000019aff34f100 JavaThread "Attach Listener"            daemon [_thread_blocked, id=35276, stack(0x0000005c42400000,0x0000005c42500000) (1024K)]
  0x0000019aff34fe10 JavaThread "Service Thread"             daemon [_thread_blocked, id=35628, stack(0x0000005c42500000,0x0000005c42600000) (1024K)]
  0x0000019aff3515c0 JavaThread "Monitor Deflation Thread"   daemon [_thread_blocked, id=10756, stack(0x0000005c42600000,0x0000005c42700000) (1024K)]
  0x0000019ad6008090 JavaThread "C2 CompilerThread0"         daemon [_thread_blocked, id=31440, stack(0x0000005c42700000,0x0000005c42800000) (1024K)]
  0x0000019ad6009850 JavaThread "C1 CompilerThread0"         daemon [_thread_blocked, id=26960, stack(0x0000005c42800000,0x0000005c42900000) (1024K)]
  0x0000019ad6118340 JavaThread "Common-Cleaner"             daemon [_thread_blocked, id=10136, stack(0x0000005c42900000,0x0000005c42a00000) (1024K)]
  0x0000019ad6724f40 JavaThread "Monitor Ctrl-Break"         daemon [_thread_in_native, id=33700, stack(0x0000005c42c00000,0x0000005c42d00000) (1024K)]
  0x0000019ad66474d0 JavaThread "Notification Thread"        daemon [_thread_blocked, id=16668, stack(0x0000005c42d00000,0x0000005c42e00000) (1024K)]
  0x0000019ad73e7410 JavaThread "FileSystemWatchService"     daemon [_thread_in_native, id=33168, stack(0x0000005c42a00000,0x0000005c42b00000) (1024K)]
  0x0000019ad7982610 JavaThread "BJE-Asset-Watcher"          daemon [_thread_blocked, id=32036, stack(0x0000005c43900000,0x0000005c43a00000) (1024K)]
Total: 14

Other Threads:
  0x0000019aff31d370 VMThread "VM Thread"                           [id=34556, stack(0x0000005c42000000,0x0000005c42100000) (1024K)]
  0x0000019aff307140 WatcherThread "VM Periodic Task Thread"        [id=33400, stack(0x0000005c41f00000,0x0000005c42000000) (1024K)]
  0x0000019af1818250 WorkerThread "GC Thread#0"                     [id=35548, stack(0x0000005c41a00000,0x0000005c41b00000) (1024K)]
  0x0000019ad6932450 WorkerThread "GC Thread#1"                     [id=34316, stack(0x0000005c42e00000,0x0000005c42f00000) (1024K)]
  0x0000019ad69327f0 WorkerThread "GC Thread#2"                     [id=33804, stack(0x0000005c42f00000,0x0000005c43000000) (1024K)]
  0x0000019ad68eeff0 WorkerThread "GC Thread#3"                     [id=27700, stack(0x0000005c43000000,0x0000005c43100000) (1024K)]
  0x0000019ad68ef390 WorkerThread "GC Thread#4"                     [id=36312, stack(0x0000005c43100000,0x0000005c43200000) (1024K)]
  0x0000019ad68e4a70 WorkerThread "GC Thread#5"                     [id=34040, stack(0x0000005c43200000,0x0000005c43300000) (1024K)]
  0x0000019ad77a54b0 WorkerThread "GC Thread#6"                     [id=33508, stack(0x0000005c43a00000,0x0000005c43b00000) (1024K)]
  0x0000019ad77a6a70 WorkerThread "GC Thread#7"                     [id=35072, stack(0x0000005c43b00000,0x0000005c43c00000) (1024K)]
  0x0000019ad77a5850 WorkerThread "GC Thread#8"                     [id=25468, stack(0x0000005c43c00000,0x0000005c43d00000) (1024K)]
  0x0000019ad77a5bf0 WorkerThread "GC Thread#9"                     [id=24560, stack(0x0000005c43d00000,0x0000005c43e00000) (1024K)]
  0x0000019af1829d40 ConcurrentGCThread "G1 Main Marker"            [id=36376, stack(0x0000005c41b00000,0x0000005c41c00000) (1024K)]
  0x0000019af182a840 WorkerThread "G1 Conc#0"                       [id=34608, stack(0x0000005c41c00000,0x0000005c41d00000) (1024K)]
  0x0000019af186e870 ConcurrentGCThread "G1 Refine#0"               [id=34204, stack(0x0000005c41d00000,0x0000005c41e00000) (1024K)]
  0x0000019aff1db560 ConcurrentGCThread "G1 Service"                [id=12440, stack(0x0000005c41e00000,0x0000005c41f00000) (1024K)]
Total: 16

Threads with active compile tasks:
Total: 0

VM state: not at safepoint (normal execution)

VM Mutex/Monitor currently owned by a thread: None

Heap address: 0x0000000703600000, size: 4042 MB, Compressed Oops mode: Zero based, Oop shift amount: 3

CDS archive(s) mapped at: [0x0000019a91000000-0x0000019a91c90000-0x0000019a91c90000), size 13172736, SharedBaseAddress: 0x0000019a91000000, ArchiveRelocationMode: 1.
Compressed class space mapped at: 0x0000019a92000000-0x0000019ad2000000, reserved size: 1073741824
Narrow klass base: 0x0000019a91000000, Narrow klass shift: 0, Narrow klass range: 0x100000000

GC Precious Log:
 CardTable entry size: 512
 Card Set container configuration: InlinePtr #cards 4 size 8 Array Of Cards #cards 16 size 48 Howl #buckets 8 coarsen threshold 3686 Howl Bitmap #cards 512 size 80 coarsen threshold 460 Card regions per heap region 1 cards per card region 4096
 CPUs: 12 total, 12 available
 Memory: 16163M
 Large Page Support: Disabled
 NUMA Support: Disabled
 Compressed Oops: Enabled (Zero based)
 Heap Region Size: 2M
 Heap Min Capacity: 8M
 Heap Initial Capacity: 254M
 Heap Max Capacity: 4042M
 Pre-touch: Disabled
 Parallel Workers: 10
 Concurrent Workers: 3
 Concurrent Refinement Workers: 10
 Periodic GC: Disabled

Heap:
 garbage-first heap   total 260096K, used 26769K [0x0000000703600000, 0x0000000800000000)
  region size 2048K, 14 young (28672K), 3 survivors (6144K)
 Metaspace       used 21242K, committed 21504K, reserved 1114112K
  class space    used 1886K, committed 1984K, reserved 1048576K

Heap Regions: E=young(eden), S=young(survivor), O=old, HS=humongous(starts), HC=humongous(continues), CS=collection set, F=free, TAMS=top-at-mark-start, PB=parsable bottom
|   0|0x0000000703600000, 0x00000007036247a0, 0x0000000703800000|  7%| O|  |TAMS 0x0000000703600000| PB 0x0000000703600000| Untracked 
|   1|0x0000000703800000, 0x0000000703800000, 0x0000000703a00000|  0%| F|  |TAMS 0x0000000703800000| PB 0x0000000703800000| Untracked 
|   2|0x0000000703a00000, 0x0000000703a00000, 0x0000000703c00000|  0%| F|  |TAMS 0x0000000703a00000| PB 0x0000000703a00000| Untracked 
|   3|0x0000000703c00000, 0x0000000703c00000, 0x0000000703e00000|  0%| F|  |TAMS 0x0000000703c00000| PB 0x0000000703c00000| Untracked 
|   4|0x0000000703e00000, 0x0000000703e00000, 0x0000000704000000|  0%| F|  |TAMS 0x0000000703e00000| PB 0x0000000703e00000| Untracked 
|   5|0x0000000704000000, 0x0000000704000000, 0x0000000704200000|  0%| F|  |TAMS 0x0000000704000000| PB 0x0000000704000000| Untracked 
|   6|0x0000000704200000, 0x0000000704200000, 0x0000000704400000|  0%| F|  |TAMS 0x0000000704200000| PB 0x0000000704200000| Untracked 
|   7|0x0000000704400000, 0x0000000704400000, 0x0000000704600000|  0%| F|  |TAMS 0x0000000704400000| PB 0x0000000704400000| Untracked 
|   8|0x0000000704600000, 0x0000000704600000, 0x0000000704800000|  0%| F|  |TAMS 0x0000000704600000| PB 0x0000000704600000| Untracked 
|   9|0x0000000704800000, 0x0000000704800000, 0x0000000704a00000|  0%| F|  |TAMS 0x0000000704800000| PB 0x0000000704800000| Untracked 
|  10|0x0000000704a00000, 0x0000000704a00000, 0x0000000704c00000|  0%| F|  |TAMS 0x0000000704a00000| PB 0x0000000704a00000| Untracked 
|  11|0x0000000704c00000, 0x0000000704c00000, 0x0000000704e00000|  0%| F|  |TAMS 0x0000000704c00000| PB 0x0000000704c00000| Untracked 
|  12|0x0000000704e00000, 0x0000000704e00000, 0x0000000705000000|  0%| F|  |TAMS 0x0000000704e00000| PB 0x0000000704e00000| Untracked 
|  13|0x0000000705000000, 0x0000000705000000, 0x0000000705200000|  0%| F|  |TAMS 0x0000000705000000| PB 0x0000000705000000| Untracked 
|  14|0x0000000705200000, 0x0000000705200000, 0x0000000705400000|  0%| F|  |TAMS 0x0000000705200000| PB 0x0000000705200000| Untracked 
|  15|0x0000000705400000, 0x0000000705400000, 0x0000000705600000|  0%| F|  |TAMS 0x0000000705400000| PB 0x0000000705400000| Untracked 
|  16|0x0000000705600000, 0x0000000705600000, 0x0000000705800000|  0%| F|  |TAMS 0x0000000705600000| PB 0x0000000705600000| Untracked 
|  17|0x0000000705800000, 0x0000000705800000, 0x0000000705a00000|  0%| F|  |TAMS 0x0000000705800000| PB 0x0000000705800000| Untracked 
|  18|0x0000000705a00000, 0x0000000705a00000, 0x0000000705c00000|  0%| F|  |TAMS 0x0000000705a00000| PB 0x0000000705a00000| Untracked 
|  19|0x0000000705c00000, 0x0000000705c00000, 0x0000000705e00000|  0%| F|  |TAMS 0x0000000705c00000| PB 0x0000000705c00000| Untracked 
|  20|0x0000000705e00000, 0x0000000705e00000, 0x0000000706000000|  0%| F|  |TAMS 0x0000000705e00000| PB 0x0000000705e00000| Untracked 
|  21|0x0000000706000000, 0x0000000706000000, 0x0000000706200000|  0%| F|  |TAMS 0x0000000706000000| PB 0x0000000706000000| Untracked 
|  22|0x0000000706200000, 0x0000000706200000, 0x0000000706400000|  0%| F|  |TAMS 0x0000000706200000| PB 0x0000000706200000| Untracked 
|  23|0x0000000706400000, 0x0000000706400000, 0x0000000706600000|  0%| F|  |TAMS 0x0000000706400000| PB 0x0000000706400000| Untracked 
|  24|0x0000000706600000, 0x0000000706600000, 0x0000000706800000|  0%| F|  |TAMS 0x0000000706600000| PB 0x0000000706600000| Untracked 
|  25|0x0000000706800000, 0x0000000706800000, 0x0000000706a00000|  0%| F|  |TAMS 0x0000000706800000| PB 0x0000000706800000| Untracked 
|  26|0x0000000706a00000, 0x0000000706a00000, 0x0000000706c00000|  0%| F|  |TAMS 0x0000000706a00000| PB 0x0000000706a00000| Untracked 
|  27|0x0000000706c00000, 0x0000000706c00000, 0x0000000706e00000|  0%| F|  |TAMS 0x0000000706c00000| PB 0x0000000706c00000| Untracked 
|  28|0x0000000706e00000, 0x0000000706e00000, 0x0000000707000000|  0%| F|  |TAMS 0x0000000706e00000| PB 0x0000000706e00000| Untracked 
|  29|0x0000000707000000, 0x0000000707000000, 0x0000000707200000|  0%| F|  |TAMS 0x0000000707000000| PB 0x0000000707000000| Untracked 
|  30|0x0000000707200000, 0x0000000707200000, 0x0000000707400000|  0%| F|  |TAMS 0x0000000707200000| PB 0x0000000707200000| Untracked 
|  31|0x0000000707400000, 0x0000000707400000, 0x0000000707600000|  0%| F|  |TAMS 0x0000000707400000| PB 0x0000000707400000| Untracked 
|  32|0x0000000707600000, 0x0000000707600000, 0x0000000707800000|  0%| F|  |TAMS 0x0000000707600000| PB 0x0000000707600000| Untracked 
|  33|0x0000000707800000, 0x0000000707800000, 0x0000000707a00000|  0%| F|  |TAMS 0x0000000707800000| PB 0x0000000707800000| Untracked 
|  34|0x0000000707a00000, 0x0000000707a00000, 0x0000000707c00000|  0%| F|  |TAMS 0x0000000707a00000| PB 0x0000000707a00000| Untracked 
|  35|0x0000000707c00000, 0x0000000707c00000, 0x0000000707e00000|  0%| F|  |TAMS 0x0000000707c00000| PB 0x0000000707c00000| Untracked 
|  36|0x0000000707e00000, 0x0000000707e00000, 0x0000000708000000|  0%| F|  |TAMS 0x0000000707e00000| PB 0x0000000707e00000| Untracked 
|  37|0x0000000708000000, 0x0000000708000000, 0x0000000708200000|  0%| F|  |TAMS 0x0000000708000000| PB 0x0000000708000000| Untracked 
|  38|0x0000000708200000, 0x0000000708200000, 0x0000000708400000|  0%| F|  |TAMS 0x0000000708200000| PB 0x0000000708200000| Untracked 
|  39|0x0000000708400000, 0x0000000708400000, 0x0000000708600000|  0%| F|  |TAMS 0x0000000708400000| PB 0x0000000708400000| Untracked 
|  40|0x0000000708600000, 0x0000000708600000, 0x0000000708800000|  0%| F|  |TAMS 0x0000000708600000| PB 0x0000000708600000| Untracked 
|  41|0x0000000708800000, 0x0000000708800000, 0x0000000708a00000|  0%| F|  |TAMS 0x0000000708800000| PB 0x0000000708800000| Untracked 
|  42|0x0000000708a00000, 0x0000000708a00000, 0x0000000708c00000|  0%| F|  |TAMS 0x0000000708a00000| PB 0x0000000708a00000| Untracked 
|  43|0x0000000708c00000, 0x0000000708c00000, 0x0000000708e00000|  0%| F|  |TAMS 0x0000000708c00000| PB 0x0000000708c00000| Untracked 
|  44|0x0000000708e00000, 0x0000000708e00000, 0x0000000709000000|  0%| F|  |TAMS 0x0000000708e00000| PB 0x0000000708e00000| Untracked 
|  45|0x0000000709000000, 0x0000000709000000, 0x0000000709200000|  0%| F|  |TAMS 0x0000000709000000| PB 0x0000000709000000| Untracked 
|  46|0x0000000709200000, 0x0000000709200000, 0x0000000709400000|  0%| F|  |TAMS 0x0000000709200000| PB 0x0000000709200000| Untracked 
|  47|0x0000000709400000, 0x0000000709400000, 0x0000000709600000|  0%| F|  |TAMS 0x0000000709400000| PB 0x0000000709400000| Untracked 
|  48|0x0000000709600000, 0x0000000709600000, 0x0000000709800000|  0%| F|  |TAMS 0x0000000709600000| PB 0x0000000709600000| Untracked 
|  49|0x0000000709800000, 0x0000000709800000, 0x0000000709a00000|  0%| F|  |TAMS 0x0000000709800000| PB 0x0000000709800000| Untracked 
|  50|0x0000000709a00000, 0x0000000709a00000, 0x0000000709c00000|  0%| F|  |TAMS 0x0000000709a00000| PB 0x0000000709a00000| Untracked 
|  51|0x0000000709c00000, 0x0000000709c00000, 0x0000000709e00000|  0%| F|  |TAMS 0x0000000709c00000| PB 0x0000000709c00000| Untracked 
|  52|0x0000000709e00000, 0x0000000709e00000, 0x000000070a000000|  0%| F|  |TAMS 0x0000000709e00000| PB 0x0000000709e00000| Untracked 
|  53|0x000000070a000000, 0x000000070a000000, 0x000000070a200000|  0%| F|  |TAMS 0x000000070a000000| PB 0x000000070a000000| Untracked 
|  54|0x000000070a200000, 0x000000070a200000, 0x000000070a400000|  0%| F|  |TAMS 0x000000070a200000| PB 0x000000070a200000| Untracked 
|  55|0x000000070a400000, 0x000000070a400000, 0x000000070a600000|  0%| F|  |TAMS 0x000000070a400000| PB 0x000000070a400000| Untracked 
|  56|0x000000070a600000, 0x000000070a600000, 0x000000070a800000|  0%| F|  |TAMS 0x000000070a600000| PB 0x000000070a600000| Untracked 
|  57|0x000000070a800000, 0x000000070a800000, 0x000000070aa00000|  0%| F|  |TAMS 0x000000070a800000| PB 0x000000070a800000| Untracked 
|  58|0x000000070aa00000, 0x000000070aa00000, 0x000000070ac00000|  0%| F|  |TAMS 0x000000070aa00000| PB 0x000000070aa00000| Untracked 
|  59|0x000000070ac00000, 0x000000070ac00000, 0x000000070ae00000|  0%| F|  |TAMS 0x000000070ac00000| PB 0x000000070ac00000| Untracked 
|  60|0x000000070ae00000, 0x000000070ae00000, 0x000000070b000000|  0%| F|  |TAMS 0x000000070ae00000| PB 0x000000070ae00000| Untracked 
|  61|0x000000070b000000, 0x000000070b000000, 0x000000070b200000|  0%| F|  |TAMS 0x000000070b000000| PB 0x000000070b000000| Untracked 
|  62|0x000000070b200000, 0x000000070b200000, 0x000000070b400000|  0%| F|  |TAMS 0x000000070b200000| PB 0x000000070b200000| Untracked 
|  63|0x000000070b400000, 0x000000070b400000, 0x000000070b600000|  0%| F|  |TAMS 0x000000070b400000| PB 0x000000070b400000| Untracked 
|  64|0x000000070b600000, 0x000000070b600000, 0x000000070b800000|  0%| F|  |TAMS 0x000000070b600000| PB 0x000000070b600000| Untracked 
|  65|0x000000070b800000, 0x000000070b800000, 0x000000070ba00000|  0%| F|  |TAMS 0x000000070b800000| PB 0x000000070b800000| Untracked 
|  66|0x000000070ba00000, 0x000000070ba00000, 0x000000070bc00000|  0%| F|  |TAMS 0x000000070ba00000| PB 0x000000070ba00000| Untracked 
|  67|0x000000070bc00000, 0x000000070bc00000, 0x000000070be00000|  0%| F|  |TAMS 0x000000070bc00000| PB 0x000000070bc00000| Untracked 
|  68|0x000000070be00000, 0x000000070be00000, 0x000000070c000000|  0%| F|  |TAMS 0x000000070be00000| PB 0x000000070be00000| Untracked 
|  69|0x000000070c000000, 0x000000070c000000, 0x000000070c200000|  0%| F|  |TAMS 0x000000070c000000| PB 0x000000070c000000| Untracked 
|  70|0x000000070c200000, 0x000000070c200000, 0x000000070c400000|  0%| F|  |TAMS 0x000000070c200000| PB 0x000000070c200000| Untracked 
|  71|0x000000070c400000, 0x000000070c400000, 0x000000070c600000|  0%| F|  |TAMS 0x000000070c400000| PB 0x000000070c400000| Untracked 
|  72|0x000000070c600000, 0x000000070c600000, 0x000000070c800000|  0%| F|  |TAMS 0x000000070c600000| PB 0x000000070c600000| Untracked 
|  73|0x000000070c800000, 0x000000070c800000, 0x000000070ca00000|  0%| F|  |TAMS 0x000000070c800000| PB 0x000000070c800000| Untracked 
|  74|0x000000070ca00000, 0x000000070ca00000, 0x000000070cc00000|  0%| F|  |TAMS 0x000000070ca00000| PB 0x000000070ca00000| Untracked 
|  75|0x000000070cc00000, 0x000000070cc00000, 0x000000070ce00000|  0%| F|  |TAMS 0x000000070cc00000| PB 0x000000070cc00000| Untracked 
|  76|0x000000070ce00000, 0x000000070ce00000, 0x000000070d000000|  0%| F|  |TAMS 0x000000070ce00000| PB 0x000000070ce00000| Untracked 
|  77|0x000000070d000000, 0x000000070d000000, 0x000000070d200000|  0%| F|  |TAMS 0x000000070d000000| PB 0x000000070d000000| Untracked 
|  78|0x000000070d200000, 0x000000070d200000, 0x000000070d400000|  0%| F|  |TAMS 0x000000070d200000| PB 0x000000070d200000| Untracked 
|  79|0x000000070d400000, 0x000000070d400000, 0x000000070d600000|  0%| F|  |TAMS 0x000000070d400000| PB 0x000000070d400000| Untracked 
|  80|0x000000070d600000, 0x000000070d600000, 0x000000070d800000|  0%| F|  |TAMS 0x000000070d600000| PB 0x000000070d600000| Untracked 
|  81|0x000000070d800000, 0x000000070d800000, 0x000000070da00000|  0%| F|  |TAMS 0x000000070d800000| PB 0x000000070d800000| Untracked 
|  82|0x000000070da00000, 0x000000070da00000, 0x000000070dc00000|  0%| F|  |TAMS 0x000000070da00000| PB 0x000000070da00000| Untracked 
|  83|0x000000070dc00000, 0x000000070dc00000, 0x000000070de00000|  0%| F|  |TAMS 0x000000070dc00000| PB 0x000000070dc00000| Untracked 
|  84|0x000000070de00000, 0x000000070de00000, 0x000000070e000000|  0%| F|  |TAMS 0x000000070de00000| PB 0x000000070de00000| Untracked 
|  85|0x000000070e000000, 0x000000070e000000, 0x000000070e200000|  0%| F|  |TAMS 0x000000070e000000| PB 0x000000070e000000| Untracked 
|  86|0x000000070e200000, 0x000000070e200000, 0x000000070e400000|  0%| F|  |TAMS 0x000000070e200000| PB 0x000000070e200000| Untracked 
|  87|0x000000070e400000, 0x000000070e400000, 0x000000070e600000|  0%| F|  |TAMS 0x000000070e400000| PB 0x000000070e400000| Untracked 
|  88|0x000000070e600000, 0x000000070e600000, 0x000000070e800000|  0%| F|  |TAMS 0x000000070e600000| PB 0x000000070e600000| Untracked 
|  89|0x000000070e800000, 0x000000070e800000, 0x000000070ea00000|  0%| F|  |TAMS 0x000000070e800000| PB 0x000000070e800000| Untracked 
|  90|0x000000070ea00000, 0x000000070ea00000, 0x000000070ec00000|  0%| F|  |TAMS 0x000000070ea00000| PB 0x000000070ea00000| Untracked 
|  91|0x000000070ec00000, 0x000000070ec00000, 0x000000070ee00000|  0%| F|  |TAMS 0x000000070ec00000| PB 0x000000070ec00000| Untracked 
|  92|0x000000070ee00000, 0x000000070ee00000, 0x000000070f000000|  0%| F|  |TAMS 0x000000070ee00000| PB 0x000000070ee00000| Untracked 
|  93|0x000000070f000000, 0x000000070f000000, 0x000000070f200000|  0%| F|  |TAMS 0x000000070f000000| PB 0x000000070f000000| Untracked 
|  94|0x000000070f200000, 0x000000070f200000, 0x000000070f400000|  0%| F|  |TAMS 0x000000070f200000| PB 0x000000070f200000| Untracked 
|  95|0x000000070f400000, 0x000000070f400000, 0x000000070f600000|  0%| F|  |TAMS 0x000000070f400000| PB 0x000000070f400000| Untracked 
|  96|0x000000070f600000, 0x000000070f600000, 0x000000070f800000|  0%| F|  |TAMS 0x000000070f600000| PB 0x000000070f600000| Untracked 
|  97|0x000000070f800000, 0x000000070f800000, 0x000000070fa00000|  0%| F|  |TAMS 0x000000070f800000| PB 0x000000070f800000| Untracked 
|  98|0x000000070fa00000, 0x000000070fa00000, 0x000000070fc00000|  0%| F|  |TAMS 0x000000070fa00000| PB 0x000000070fa00000| Untracked 
|  99|0x000000070fc00000, 0x000000070fc00000, 0x000000070fe00000|  0%| F|  |TAMS 0x000000070fc00000| PB 0x000000070fc00000| Untracked 
| 100|0x000000070fe00000, 0x000000070fe00000, 0x0000000710000000|  0%| F|  |TAMS 0x000000070fe00000| PB 0x000000070fe00000| Untracked 
| 101|0x0000000710000000, 0x0000000710000000, 0x0000000710200000|  0%| F|  |TAMS 0x0000000710000000| PB 0x0000000710000000| Untracked 
| 102|0x0000000710200000, 0x0000000710200000, 0x0000000710400000|  0%| F|  |TAMS 0x0000000710200000| PB 0x0000000710200000| Untracked 
| 103|0x0000000710400000, 0x0000000710600000, 0x0000000710600000|100%| S|CS|TAMS 0x0000000710400000| PB 0x0000000710400000| Complete 
| 104|0x0000000710600000, 0x0000000710800000, 0x0000000710800000|100%| S|CS|TAMS 0x0000000710600000| PB 0x0000000710600000| Complete 
| 105|0x0000000710800000, 0x0000000710a00000, 0x0000000710a00000|100%| S|CS|TAMS 0x0000000710800000| PB 0x0000000710800000| Complete 
| 106|0x0000000710a00000, 0x0000000710a00000, 0x0000000710c00000|  0%| F|  |TAMS 0x0000000710a00000| PB 0x0000000710a00000| Untracked 
| 107|0x0000000710c00000, 0x0000000710c00000, 0x0000000710e00000|  0%| F|  |TAMS 0x0000000710c00000| PB 0x0000000710c00000| Untracked 
| 108|0x0000000710e00000, 0x0000000710e00000, 0x0000000711000000|  0%| F|  |TAMS 0x0000000710e00000| PB 0x0000000710e00000| Untracked 
| 109|0x0000000711000000, 0x0000000711000000, 0x0000000711200000|  0%| F|  |TAMS 0x0000000711000000| PB 0x0000000711000000| Untracked 
| 110|0x0000000711200000, 0x0000000711200000, 0x0000000711400000|  0%| F|  |TAMS 0x0000000711200000| PB 0x0000000711200000| Untracked 
| 111|0x0000000711400000, 0x0000000711400000, 0x0000000711600000|  0%| F|  |TAMS 0x0000000711400000| PB 0x0000000711400000| Untracked 
| 112|0x0000000711600000, 0x0000000711600000, 0x0000000711800000|  0%| F|  |TAMS 0x0000000711600000| PB 0x0000000711600000| Untracked 
| 113|0x0000000711800000, 0x0000000711800000, 0x0000000711a00000|  0%| F|  |TAMS 0x0000000711800000| PB 0x0000000711800000| Untracked 
| 114|0x0000000711a00000, 0x0000000711a00000, 0x0000000711c00000|  0%| F|  |TAMS 0x0000000711a00000| PB 0x0000000711a00000| Untracked 
| 115|0x0000000711c00000, 0x0000000711c00000, 0x0000000711e00000|  0%| F|  |TAMS 0x0000000711c00000| PB 0x0000000711c00000| Untracked 
| 116|0x0000000711e00000, 0x0000000711eaed28, 0x0000000712000000| 34%| E|  |TAMS 0x0000000711e00000| PB 0x0000000711e00000| Complete 
| 117|0x0000000712000000, 0x0000000712200000, 0x0000000712200000|100%| E|CS|TAMS 0x0000000712000000| PB 0x0000000712000000| Complete 
| 118|0x0000000712200000, 0x0000000712400000, 0x0000000712400000|100%| E|CS|TAMS 0x0000000712200000| PB 0x0000000712200000| Complete 
| 119|0x0000000712400000, 0x0000000712600000, 0x0000000712600000|100%| E|CS|TAMS 0x0000000712400000| PB 0x0000000712400000| Complete 
| 120|0x0000000712600000, 0x0000000712800000, 0x0000000712800000|100%| E|CS|TAMS 0x0000000712600000| PB 0x0000000712600000| Complete 
| 121|0x0000000712800000, 0x0000000712a00000, 0x0000000712a00000|100%| E|CS|TAMS 0x0000000712800000| PB 0x0000000712800000| Complete 
| 122|0x0000000712a00000, 0x0000000712c00000, 0x0000000712c00000|100%| E|CS|TAMS 0x0000000712a00000| PB 0x0000000712a00000| Complete 
| 123|0x0000000712c00000, 0x0000000712e00000, 0x0000000712e00000|100%| E|CS|TAMS 0x0000000712c00000| PB 0x0000000712c00000| Complete 
| 124|0x0000000712e00000, 0x0000000713000000, 0x0000000713000000|100%| E|CS|TAMS 0x0000000712e00000| PB 0x0000000712e00000| Complete 
| 125|0x0000000713000000, 0x0000000713200000, 0x0000000713200000|100%| E|CS|TAMS 0x0000000713000000| PB 0x0000000713000000| Complete 
| 126|0x0000000713200000, 0x0000000713400000, 0x0000000713400000|100%| E|CS|TAMS 0x0000000713200000| PB 0x0000000713200000| Complete 

Card table byte_map: [0x0000019afa820000,0x0000019afb010000] _byte_map_base: 0x0000019af7005000

Marking Bits: (CMBitMap*) 0x0000019af1818950
 Bits: [0x0000019afb010000, 0x0000019afef38000)

Polling page: 0x0000019aef690000

Metaspace:

Usage:
  Non-class:     18.90 MB used.
      Class:      1.84 MB used.
       Both:     20.74 MB used.

Virtual space:
  Non-class space:       64.00 MB reserved,      19.06 MB ( 30%) committed,  1 nodes.
      Class space:        1.00 GB reserved,       1.94 MB ( <1%) committed,  1 nodes.
             Both:        1.06 GB reserved,      21.00 MB (  2%) committed. 

Chunk freelists:
   Non-Class:  12.14 MB
       Class:  13.91 MB
        Both:  26.05 MB

MaxMetaspaceSize: unlimited
CompressedClassSpaceSize: 1.00 GB
Initial GC threshold: 21.00 MB
Current GC threshold: 21.00 MB
CDS: on
 - commit_granule_bytes: 65536.
 - commit_granule_words: 8192.
 - virtual_space_node_default_size: 8388608.
 - enlarge_chunks_in_place: 1.
 - use_allocation_guard: 0.


Internal statistics:

num_allocs_failed_limit: 0.
num_arena_births: 164.
num_arena_deaths: 0.
num_vsnodes_births: 2.
num_vsnodes_deaths: 0.
num_space_committed: 334.
num_space_uncommitted: 0.
num_chunks_returned_to_freelist: 0.
num_chunks_taken_from_freelist: 807.
num_chunk_merges: 0.
num_chunk_splits: 614.
num_chunks_enlarged: 505.
num_inconsistent_stats: 0.

CodeHeap 'non-profiled nmethods': size=120000Kb used=1442Kb max_used=1442Kb free=118557Kb
 bounds [0x0000019a87ad0000, 0x0000019a87d40000, 0x0000019a8f000000]
CodeHeap 'profiled nmethods': size=120000Kb used=5084Kb max_used=5084Kb free=114915Kb
 bounds [0x0000019a80000000, 0x0000019a80500000, 0x0000019a87530000]
CodeHeap 'non-nmethods': size=5760Kb used=2966Kb max_used=2995Kb free=2793Kb
 bounds [0x0000019a87530000, 0x0000019a87830000, 0x0000019a87ad0000]
 total_blobs=4476 nmethods=3045 adapters=1335
 compilation: enabled
              stopped_count=0, restarted_count=0
 full_count=0

Compilation events (20 events):
Event: 47.824 Thread 0x0000019ad6008090 3036       4       com.bedrye.bjge.GameEngine.Util.BJEFrameBuffer::unbind (7 bytes)
Event: 47.825 Thread 0x0000019ad6008090 nmethod 3036 0x0000019a87c27890 code [0x0000019a87c27a20, 0x0000019a87c27ad8]
Event: 48.187 Thread 0x0000019ad6008090 3037       4       imgui.gl3.ImGuiImplGl3::renderDrawData (1236 bytes)
Event: 48.293 Thread 0x0000019ad6008090 nmethod 3037 0x0000019a87c27b90 code [0x0000019a87c28540, 0x0000019a87c2c2c8]
Event: 53.208 Thread 0x0000019ad6008090 3038       4       com.bedrye.bjge.GameEngine.Objects.BJEEditorScene::update (71 bytes)
Event: 53.248 Thread 0x0000019ad6008090 nmethod 3038 0x0000019a87c30690 code [0x0000019a87c30b40, 0x0000019a87c32180]
Event: 53.248 Thread 0x0000019ad6008090 3039       4       com.bedrye.bjge.GameEngine.Objects.Camera::update (99 bytes)
Event: 53.278 Thread 0x0000019ad6008090 nmethod 3039 0x0000019a87c33890 code [0x0000019a87c33ca0, 0x0000019a87c34fd8]
Event: 53.278 Thread 0x0000019ad6008090 3040       4       com.bedrye.bjge.GameEngine.Objects.Camera::compViewMatrix (113 bytes)
Event: 53.285 Thread 0x0000019ad6008090 nmethod 3040 0x0000019a87c36310 code [0x0000019a87c365c0, 0x0000019a87c36e08]
Event: 53.286 Thread 0x0000019ad6008090 3041       4       com.bedrye.bjge.GameEngine.Util.Shaders.ShaderProgram::uploadVec3f (23 bytes)
Event: 53.286 Thread 0x0000019ad6008090 nmethod 3041 0x0000019a87c37390 code [0x0000019a87c37540, 0x0000019a87c37640]
Event: 54.994 Thread 0x0000019ad6008090 3042       4       com.bedrye.bjge.GameEngine.Objects.Editor.BJEResourceManager::update (25 bytes)
Event: 54.996 Thread 0x0000019ad6008090 nmethod 3042 0x0000019a87c37790 code [0x0000019a87c37960, 0x0000019a87c37bc0]
Event: 54.996 Thread 0x0000019ad6008090 3043       4       java.util.concurrent.ConcurrentSkipListSet::clear (10 bytes)
Event: 54.996 Thread 0x0000019ad6008090 nmethod 3043 0x0000019a87c37f90 code [0x0000019a87c38120, 0x0000019a87c38208]
Event: 54.996 Thread 0x0000019ad6008090 3044       4       java.util.concurrent.ConcurrentSkipListMap::clear (146 bytes)
Event: 54.997 Thread 0x0000019ad6008090 nmethod 3044 0x0000019a87c38310 code [0x0000019a87c384a0, 0x0000019a87c38550]
Event: 54.997 Thread 0x0000019ad6008090 3045       4       org.lwjgl.glfw.GLFW::glfwSwapBuffers (21 bytes)
Event: 54.997 Thread 0x0000019ad6008090 nmethod 3045 0x0000019a87c38610 code [0x0000019a87c387a0, 0x0000019a87c38870]

GC Heap History (4 events):
Event: 0.281 GC heap before
{Heap before GC invocations=0 (full 0):
 garbage-first heap   total 260096K, used 20480K [0x0000000703600000, 0x0000000800000000)
  region size 2048K, 11 young (22528K), 0 survivors (0K)
 Metaspace       used 3884K, committed 4032K, reserved 1114112K
  class space    used 331K, committed 448K, reserved 1048576K
}
Event: 0.283 GC heap after
{Heap after GC invocations=1 (full 0):
 garbage-first heap   total 260096K, used 2527K [0x0000000703600000, 0x0000000800000000)
  region size 2048K, 2 young (4096K), 2 survivors (4096K)
 Metaspace       used 3884K, committed 4032K, reserved 1114112K
  class space    used 331K, committed 448K, reserved 1048576K
}
Event: 1.402 GC heap before
{Heap before GC invocations=1 (full 0):
 garbage-first heap   total 260096K, used 39391K [0x0000000703600000, 0x0000000800000000)
  region size 2048K, 21 young (43008K), 2 survivors (4096K)
 Metaspace       used 19532K, committed 19712K, reserved 1114112K
  class space    used 1834K, committed 1920K, reserved 1048576K
}
Event: 1.406 GC heap after
{Heap after GC invocations=2 (full 0):
 garbage-first heap   total 260096K, used 6289K [0x0000000703600000, 0x0000000800000000)
  region size 2048K, 3 young (6144K), 3 survivors (6144K)
 Metaspace       used 19532K, committed 19712K, reserved 1114112K
  class space    used 1834K, committed 1920K, reserved 1048576K
}

Dll operation events (14 events):
Event: 0.006 Loaded shared library C:\Users\stas2\.jdks\openjdk-21.0.1\bin\java.dll
Event: 0.031 Loaded shared library C:\Users\stas2\.jdks\openjdk-21.0.1\bin\jsvml.dll
Event: 0.060 Loaded shared library C:\Users\stas2\.jdks\openjdk-21.0.1\bin\net.dll
Event: 0.062 Loaded shared library C:\Users\stas2\.jdks\openjdk-21.0.1\bin\nio.dll
Event: 0.093 Loaded shared library C:\Users\stas2\.jdks\openjdk-21.0.1\bin\zip.dll
Event: 0.165 Loaded shared library C:\Users\stas2\.jdks\openjdk-21.0.1\bin\zip.dll
Event: 0.168 Loaded shared library C:\Users\stas2\.jdks\openjdk-21.0.1\bin\instrument.dll
Event: 0.186 Loaded shared library C:\IntelliJ IDEA Community Edition 2021.3.2\IntelliJ IDEA Community Edition 2023.2.1\bin\breakgen64.dll
Event: 0.237 Loaded shared library C:\Users\stas2\.jdks\openjdk-21.0.1\bin\jimage.dll
Event: 0.352 Loaded shared library C:\Users\stas2\AppData\Local\Temp\lwjgl_stas2\3.3.4+7\x64\lwjgl.dll
Event: 0.563 Loaded shared library C:\Users\stas2\AppData\Local\Temp\lwjgl_stas2\3.3.4+7\x64\lwjgl_opengl.dll
Event: 0.785 Loaded shared library C:\Users\stas2\AppData\Local\Temp\imgui-java-natives\1.89.0\imgui-java64.dll
Event: 0.815 Loaded shared library C:\Users\stas2\.jdks\openjdk-21.0.1\bin\verify.dll
Event: 0.826 Loaded shared library C:\Users\stas2\AppData\Local\Temp\lwjgl_stas2\3.3.4+7\x64\lwjgl_stb.dll

Deoptimization events (20 events):
Event: 1.381 Thread 0x0000019ad7982610 Uncommon trap: trap_request=0xffffffc6 fr.pc=0x0000019a87b8ecb8 relative=0x0000000000000258
Event: 1.381 Thread 0x0000019ad7982610 Uncommon trap: reason=bimorphic_or_optimized_type_check action=maybe_recompile pc=0x0000019a87b8ecb8 method=java.util.concurrent.locks.AbstractQueuedSynchronizer.release(I)Z @ 2 c2
Event: 1.381 Thread 0x0000019ad7982610 DEOPT PACKING pc=0x0000019a87b8ecb8 sp=0x0000005c439ff590
Event: 1.381 Thread 0x0000019ad7982610 DEOPT UNPACKING pc=0x0000019a87587da2 sp=0x0000005c439ff558 mode 2
Event: 1.386 Thread 0x0000019aef3599d0 Uncommon trap: trap_request=0xffffffc6 fr.pc=0x0000019a87bbba88 relative=0x0000000000001548
Event: 1.386 Thread 0x0000019aef3599d0 Uncommon trap: reason=bimorphic_or_optimized_type_check action=maybe_recompile pc=0x0000019a87bbba88 method=java.util.regex.Pattern$Start.<init>(Ljava/util/regex/Pattern$Node;)V @ 22 c2
Event: 1.386 Thread 0x0000019aef3599d0 DEOPT PACKING pc=0x0000019a87bbba88 sp=0x0000005c419fefc0
Event: 1.386 Thread 0x0000019aef3599d0 DEOPT UNPACKING pc=0x0000019a87587da2 sp=0x0000005c419feef0 mode 2
Event: 1.456 Thread 0x0000019aef3599d0 Uncommon trap: trap_request=0xffffffc6 fr.pc=0x0000019a87bbba88 relative=0x0000000000001548
Event: 1.456 Thread 0x0000019aef3599d0 Uncommon trap: reason=bimorphic_or_optimized_type_check action=maybe_recompile pc=0x0000019a87bbba88 method=java.util.regex.Pattern$Start.<init>(Ljava/util/regex/Pattern$Node;)V @ 22 c2
Event: 1.456 Thread 0x0000019aef3599d0 DEOPT PACKING pc=0x0000019a87bbba88 sp=0x0000005c419fef60
Event: 1.456 Thread 0x0000019aef3599d0 DEOPT UNPACKING pc=0x0000019a87587da2 sp=0x0000005c419fee90 mode 2
Event: 1.523 Thread 0x0000019aef3599d0 Uncommon trap: trap_request=0xffffff54 fr.pc=0x0000019a87b4bf8c relative=0x000000000000006c
Event: 1.523 Thread 0x0000019aef3599d0 Uncommon trap: reason=speculate_null_assert action=make_not_entrant pc=0x0000019a87b4bf8c method=sun.misc.Unsafe.getLong(Ljava/lang/Object;J)J @ 5 c2
Event: 1.523 Thread 0x0000019aef3599d0 DEOPT PACKING pc=0x0000019a87b4bf8c sp=0x0000005c419ff110
Event: 1.523 Thread 0x0000019aef3599d0 DEOPT UNPACKING pc=0x0000019a87587da2 sp=0x0000005c419ff098 mode 2
Event: 12.715 Thread 0x0000019aef3599d0 Uncommon trap: trap_request=0xffffff45 fr.pc=0x0000019a87c0bae8 relative=0x00000000000024a8
Event: 12.715 Thread 0x0000019aef3599d0 Uncommon trap: reason=unstable_if action=reinterpret pc=0x0000019a87c0bae8 method=imgui.gl3.ImGuiImplGl3.renderDrawData(Limgui/ImDrawData;)V @ 23 c2
Event: 12.715 Thread 0x0000019aef3599d0 DEOPT PACKING pc=0x0000019a87c0bae8 sp=0x0000005c419ff2a0
Event: 12.715 Thread 0x0000019aef3599d0 DEOPT UNPACKING pc=0x0000019a87587da2 sp=0x0000005c419ff1d8 mode 2

Classes loaded (20 events):
Event: 1.381 Loading class java/util/Stack
Event: 1.381 Loading class java/util/Vector
Event: 1.381 Loading class java/util/Vector done
Event: 1.381 Loading class java/util/Stack done
Event: 1.407 Loading class sun/util/resources/LocaleData$CommonResourceBundleProvider
Event: 1.407 Loading class sun/util/resources/LocaleData$LocaleDataResourceBundleProvider
Event: 1.407 Loading class java/util/spi/ResourceBundleProvider
Event: 1.407 Loading class java/util/spi/ResourceBundleProvider done
Event: 1.407 Loading class sun/util/resources/LocaleData$LocaleDataResourceBundleProvider done
Event: 1.407 Loading class sun/util/resources/LocaleData$CommonResourceBundleProvider done
Event: 1.408 Loading class java/util/ArrayList$SubList$1
Event: 1.408 Loading class java/util/ArrayList$SubList$1 done
Event: 1.408 Loading class sun/util/resources/Bundles$2
Event: 1.408 Loading class sun/util/resources/Bundles$2 done
Event: 1.524 Loading class java/util/concurrent/ConcurrentSkipListMap$KeySet
Event: 1.524 Loading class java/util/concurrent/ConcurrentSkipListMap$KeySet done
Event: 1.524 Loading class java/util/concurrent/ConcurrentSkipListMap$KeyIterator
Event: 1.524 Loading class java/util/concurrent/ConcurrentSkipListMap$Iter
Event: 1.524 Loading class java/util/concurrent/ConcurrentSkipListMap$Iter done
Event: 1.524 Loading class java/util/concurrent/ConcurrentSkipListMap$KeyIterator done

Classes unloaded (0 events):
No events

Classes redefined (0 events):
No events

Internal exceptions (20 events):
Event: 0.824 Thread 0x0000019aef3599d0 Exception <a 'sun/nio/fs/WindowsException'{0x00000007125fbf50}> (0x00000007125fbf50) 
thrown [s\open\src\hotspot\share\prims\jni.cpp, line 520]
Event: 0.826 Thread 0x0000019aef3599d0 Exception <a 'sun/nio/fs/WindowsException'{0x00000007125fe2b0}> (0x00000007125fe2b0) 
thrown [s\open\src\hotspot\share\prims\jni.cpp, line 520]
Event: 0.971 Thread 0x0000019aef3599d0 Exception <a 'java/lang/NoSuchMethodError'{0x000000071232a250}: 'int java.lang.invoke.DirectMethodHandle$Holder.invokeVirtual(java.lang.Object, java.lang.Object, java.lang.Object)'> (0x000000071232a250) 
thrown [s\open\src\hotspot\share\interpreter\linkResolver.cpp, line 773]
Event: 0.971 Thread 0x0000019aef3599d0 Exception <a 'java/lang/NoSuchMethodError'{0x000000071232fd38}: 'void java.lang.invoke.DirectMethodHandle$Holder.invokeInterface(java.lang.Object, java.lang.Object, java.lang.Object)'> (0x000000071232fd38) 
thrown [s\open\src\hotspot\share\interpreter\linkResolver.cpp, line 773]
Event: 1.016 Thread 0x0000019aef3599d0 Exception <a 'java/lang/NoSuchMethodError'{0x0000000712032ed8}: 'int java.lang.invoke.DirectMethodHandle$Holder.invokeStaticInit(java.lang.Object, java.lang.Object)'> (0x0000000712032ed8) 
thrown [s\open\src\hotspot\share\interpreter\linkResolver.cpp, line 773]
Event: 1.035 Thread 0x0000019aff34f100 Exception <a 'sun/nio/fs/WindowsException'{0x00000007120e5588}> (0x00000007120e5588) 
thrown [s\open\src\hotspot\share\prims\jni.cpp, line 520]
Event: 1.041 Thread 0x0000019aff34f100 Exception <a 'java/lang/NoSuchMethodError'{0x0000000712118478}: 'java.lang.Object java.lang.invoke.Invokers$Holder.invokeExact_MT(java.lang.Object, java.lang.Object, java.lang.Object, java.lang.Object, java.lang.Object, java.lang.Object)'> (0x0000000712118478) 
thrown [s\open\src\hotspot\share\interpreter\linkResolver.cpp, line 773]
Event: 1.072 Thread 0x0000019aef3599d0 Exception <a 'java/lang/NoSuchMethodError'{0x00000007121fd528}: 'int java.lang.invoke.DirectMethodHandle$Holder.invokeVirtual(java.lang.Object, java.lang.Object)'> (0x00000007121fd528) 
thrown [s\open\src\hotspot\share\interpreter\linkResolver.cpp, line 773]
Event: 1.074 Thread 0x0000019aef3599d0 Exception <a 'java/lang/NoSuchMethodError'{0x0000000711e1f270}: 'java.lang.Object java.lang.invoke.DirectMethodHandle$Holder.newInvokeSpecial(java.lang.Object, java.lang.Object, java.lang.Object, java.lang.Object, java.lang.Object)'> (0x0000000711e1f270) 
thrown [s\open\src\hotspot\share\interpreter\linkResolver.cpp, line 773]
Event: 1.075 Thread 0x0000019aef3599d0 Exception <a 'java/lang/NoSuchMethodError'{0x0000000711e2bcb8}: 'java.lang.Object java.lang.invoke.DirectMethodHandle$Holder.newInvokeSpecial(java.lang.Object, java.lang.Object, java.lang.Object, java.lang.Object, java.lang.Object, java.lang.Object)'> (0x0000000711e2bcb8) 
thrown [s\open\src\hotspot\share\interpreter\linkResolver.cpp, line 773]
Event: 1.090 Thread 0x0000019aef3599d0 Exception <a 'java/lang/NoSuchMethodError'{0x0000000711e776c8}: 'int java.lang.invoke.DirectMethodHandle$Holder.invokeInterface(java.lang.Object, java.lang.Object)'> (0x0000000711e776c8) 
thrown [s\open\src\hotspot\share\interpreter\linkResolver.cpp, line 773]
Event: 1.091 Thread 0x0000019aef3599d0 Exception <a 'sun/nio/fs/WindowsException'{0x0000000711e7d220}> (0x0000000711e7d220) 
thrown [s\open\src\hotspot\share\prims\jni.cpp, line 520]
Event: 1.095 Thread 0x0000019aef3599d0 Exception <a 'sun/nio/fs/WindowsException'{0x0000000711e84dd8}> (0x0000000711e84dd8) 
thrown [s\open\src\hotspot\share\prims\jni.cpp, line 520]
Event: 1.120 Thread 0x0000019aef3599d0 Exception <a 'sun/nio/fs/WindowsException'{0x0000000711f3a418}> (0x0000000711f3a418) 
thrown [s\open\src\hotspot\share\prims\jni.cpp, line 520]
Event: 1.126 Thread 0x0000019aef3599d0 Exception <a 'sun/nio/fs/WindowsException'{0x0000000711f8fd50}> (0x0000000711f8fd50) 
thrown [s\open\src\hotspot\share\prims\jni.cpp, line 520]
Event: 1.154 Thread 0x0000019aef3599d0 Exception <a 'java/lang/NoSuchMethodError'{0x0000000711867700}: 'java.lang.Object java.lang.invoke.DirectMethodHandle$Holder.invokeSpecial(java.lang.Object, java.lang.Object, java.lang.Object, int, int)'> (0x0000000711867700) 
thrown [s\open\src\hotspot\share\interpreter\linkResolver.cpp, line 773]
Event: 1.154 Thread 0x0000019aef3599d0 Exception <a 'java/lang/NoSuchMethodError'{0x000000071186d7e0}: 'java.lang.Object java.lang.invoke.DirectMethodHandle$Holder.invokeVirtual(java.lang.Object, java.lang.Object, int)'> (0x000000071186d7e0) 
thrown [s\open\src\hotspot\share\interpreter\linkResolver.cpp, line 773]
Event: 1.190 Thread 0x0000019aef3599d0 Exception <a 'java/lang/NoSuchMethodError'{0x00000007119cfa18}: 'java.lang.Object java.lang.invoke.DirectMethodHandle$Holder.invokeStatic(java.lang.Object, int, java.lang.Object)'> (0x00000007119cfa18) 
thrown [s\open\src\hotspot\share\interpreter\linkResolver.cpp, line 773]
Event: 1.306 Thread 0x0000019aef3599d0 Exception <a 'java/lang/NoSuchMethodError'{0x0000000710ea81f0}: 'java.lang.Object java.lang.invoke.DirectMethodHandle$Holder.invokeVirtual(java.lang.Object, java.lang.Object, java.lang.Object, int, int)'> (0x0000000710ea81f0) 
thrown [s\open\src\hotspot\share\interpreter\linkResolver.cpp, line 773]
Event: 1.325 Thread 0x0000019aef3599d0 Exception <a 'java/lang/NoSuchMethodError'{0x0000000710c1ad38}: 'int java.lang.invoke.DirectMethodHandle$Holder.invokeStatic(java.lang.Object, java.lang.Object, java.lang.Object, java.lang.Object)'> (0x0000000710c1ad38) 
thrown [s\open\src\hotspot\share\interpreter\linkResolver.cpp, line 773]

ZGC Phase Switch (0 events):
No events

VM Operations (20 events):
Event: 7.455 Executing VM operation: Cleanup
Event: 7.455 Executing VM operation: Cleanup done
Event: 8.468 Executing VM operation: Cleanup
Event: 8.468 Executing VM operation: Cleanup done
Event: 9.483 Executing VM operation: Cleanup
Event: 9.483 Executing VM operation: Cleanup done
Event: 13.532 Executing VM operation: Cleanup
Event: 13.532 Executing VM operation: Cleanup done
Event: 23.638 Executing VM operation: Cleanup
Event: 23.638 Executing VM operation: Cleanup done
Event: 38.813 Executing VM operation: Cleanup
Event: 38.813 Executing VM operation: Cleanup done
Event: 39.825 Executing VM operation: Cleanup
Event: 39.825 Executing VM operation: Cleanup done
Event: 47.910 Executing VM operation: Cleanup
Event: 47.910 Executing VM operation: Cleanup done
Event: 60.178 Executing VM operation: HandshakeAllThreads (HandshakeForDeflation)
Event: 60.178 Executing VM operation: HandshakeAllThreads (HandshakeForDeflation) done
Event: 60.178 Executing VM operation: RendezvousGCThreads
Event: 60.178 Executing VM operation: RendezvousGCThreads done

Events (20 events):
Event: 0.029 Thread 0x0000019aff3515c0 Thread added: 0x0000019aff3515c0
Event: 0.029 Thread 0x0000019ad6008090 Thread added: 0x0000019ad6008090
Event: 0.029 Thread 0x0000019ad6009850 Thread added: 0x0000019ad6009850
Event: 0.055 Thread 0x0000019ad6118340 Thread added: 0x0000019ad6118340
Event: 0.111 Thread 0x0000019ad6135370 Thread added: 0x0000019ad6135370
Event: 0.115 Thread 0x0000019ad6136570 Thread added: 0x0000019ad6136570
Event: 0.186 Thread 0x0000019ad6724f40 Thread added: 0x0000019ad6724f40
Event: 0.186 Thread 0x0000019ad66474d0 Thread added: 0x0000019ad66474d0
Event: 0.521 Thread 0x0000019ad6136570 Thread exited: 0x0000019ad6136570
Event: 0.567 Thread 0x0000019ad6135370 Thread exited: 0x0000019ad6135370
Event: 0.855 Thread 0x0000019ad73e7410 Thread added: 0x0000019ad73e7410
Event: 1.035 Thread 0x0000019ad7631d80 Thread added: 0x0000019ad7631d80
Event: 1.035 Thread 0x0000019ad7704540 Thread added: 0x0000019ad7704540
Event: 1.381 Thread 0x0000019ad7982610 Thread added: 0x0000019ad7982610
Event: 1.492 Thread 0x0000019ad7704540 Thread exited: 0x0000019ad7704540
Event: 1.492 Thread 0x0000019ad7631d80 Thread exited: 0x0000019ad7631d80
Event: 3.293 Thread 0x0000019ae43c8e70 Thread added: 0x0000019ae43c8e70
Event: 3.293 Thread 0x0000019ad77cbea0 Thread added: 0x0000019ad77cbea0
Event: 3.438 Thread 0x0000019ad77cbea0 Thread exited: 0x0000019ad77cbea0
Event: 3.438 Thread 0x0000019ae43c8e70 Thread exited: 0x0000019ae43c8e70


Dynamic libraries:
0x00007ff72a670000 - 0x00007ff72a67e000 	C:\Users\stas2\.jdks\openjdk-21.0.1\bin\java.exe
0x00007ffe675c0000 - 0x00007ffe67829000 	C:\WINDOWS\SYSTEM32\ntdll.dll
0x00007ffe660f0000 - 0x00007ffe661b9000 	C:\WINDOWS\System32\KERNEL32.DLL
0x00007ffe64ca0000 - 0x00007ffe65093000 	C:\WINDOWS\System32\KERNELBASE.dll
0x00007ffe64ac0000 - 0x00007ffe64c0b000 	C:\WINDOWS\System32\ucrtbase.dll
0x00007ffe4ebc0000 - 0x00007ffe4ebd8000 	C:\Users\stas2\.jdks\openjdk-21.0.1\bin\jli.dll
0x00007ffe4eba0000 - 0x00007ffe4ebbb000 	C:\Users\stas2\.jdks\openjdk-21.0.1\bin\VCRUNTIME140.dll
0x00007ffe65d40000 - 0x00007ffe65f04000 	C:\WINDOWS\System32\USER32.dll
0x00007ffe64880000 - 0x00007ffe648a7000 	C:\WINDOWS\System32\win32u.dll
0x00007ffe4bea0000 - 0x00007ffe4c133000 	C:\WINDOWS\WinSxS\amd64_microsoft.windows.common-controls_6595b64144ccf1df_6.0.26100.5074_none_3e0d6f78e32fd63f\COMCTL32.dll
0x00007ffe66270000 - 0x00007ffe66319000 	C:\WINDOWS\System32\msvcrt.dll
0x00007ffe66870000 - 0x00007ffe6689b000 	C:\WINDOWS\System32\GDI32.dll
0x00007ffe64750000 - 0x00007ffe6487d000 	C:\WINDOWS\System32\gdi32full.dll
0x00007ffe652e0000 - 0x00007ffe65383000 	C:\WINDOWS\System32\msvcp_win.dll
0x00007ffe666a0000 - 0x00007ffe666cf000 	C:\WINDOWS\System32\IMM32.DLL
0x00007ffe5e9c0000 - 0x00007ffe5e9cc000 	C:\Users\stas2\.jdks\openjdk-21.0.1\bin\vcruntime140_1.dll
0x00007ffdfc5c0000 - 0x00007ffdfc64e000 	C:\Users\stas2\.jdks\openjdk-21.0.1\bin\msvcp140.dll
0x00007ffda77b0000 - 0x00007ffda84c5000 	C:\Users\stas2\.jdks\openjdk-21.0.1\bin\server\jvm.dll
0x00007ffe674c0000 - 0x00007ffe67574000 	C:\WINDOWS\System32\ADVAPI32.dll
0x00007ffe661c0000 - 0x00007ffe66266000 	C:\WINDOWS\System32\sechost.dll
0x00007ffe65fd0000 - 0x00007ffe660e8000 	C:\WINDOWS\System32\RPCRT4.dll
0x00007ffe67360000 - 0x00007ffe673d4000 	C:\WINDOWS\System32\WS2_32.dll
0x00007ffe63360000 - 0x00007ffe633be000 	C:\WINDOWS\SYSTEM32\POWRPROF.dll
0x00007ffe523a0000 - 0x00007ffe523d5000 	C:\WINDOWS\SYSTEM32\WINMM.dll
0x00007ffe5b280000 - 0x00007ffe5b28b000 	C:\WINDOWS\SYSTEM32\VERSION.dll
0x00007ffe63340000 - 0x00007ffe63354000 	C:\WINDOWS\SYSTEM32\UMPDC.dll
0x00007ffe63620000 - 0x00007ffe6363b000 	C:\WINDOWS\SYSTEM32\kernel.appcore.dll
0x00007ffe5df10000 - 0x00007ffe5df1a000 	C:\Users\stas2\.jdks\openjdk-21.0.1\bin\jimage.dll
0x00007ffe61ef0000 - 0x00007ffe62132000 	C:\WINDOWS\SYSTEM32\DBGHELP.DLL
0x00007ffe66320000 - 0x00007ffe6669b000 	C:\WINDOWS\System32\combase.dll
0x00007ffe673e0000 - 0x00007ffe674b7000 	C:\WINDOWS\System32\OLEAUT32.dll
0x00007ffe48660000 - 0x00007ffe4869d000 	C:\WINDOWS\SYSTEM32\dbgcore.DLL
0x00007ffe64a20000 - 0x00007ffe64ab9000 	C:\WINDOWS\System32\bcryptPrimitives.dll
0x00007ffe5b640000 - 0x00007ffe5b64f000 	C:\Users\stas2\.jdks\openjdk-21.0.1\bin\instrument.dll
0x00007ffe4eb70000 - 0x00007ffe4eb8f000 	C:\Users\stas2\.jdks\openjdk-21.0.1\bin\java.dll
0x00007ffe669b0000 - 0x00007ffe670fd000 	C:\WINDOWS\System32\SHELL32.dll
0x00007ffe648b0000 - 0x00007ffe64a1c000 	C:\WINDOWS\System32\wintypes.dll
0x00007ffe623b0000 - 0x00007ffe62c09000 	C:\WINDOWS\SYSTEM32\windows.storage.dll
0x00007ffe668a0000 - 0x00007ffe66990000 	C:\WINDOWS\System32\SHCORE.dll
0x00007ffe65f60000 - 0x00007ffe65fc2000 	C:\WINDOWS\System32\shlwapi.dll
0x00007ffe64670000 - 0x00007ffe64699000 	C:\WINDOWS\SYSTEM32\profapi.dll
0x00007ffdf3dd0000 - 0x00007ffdf3ea7000 	C:\Users\stas2\.jdks\openjdk-21.0.1\bin\jsvml.dll
0x00007ffe4f500000 - 0x00007ffe4f510000 	C:\Users\stas2\.jdks\openjdk-21.0.1\bin\net.dll
0x00007ffe5b130000 - 0x00007ffe5b24f000 	C:\WINDOWS\SYSTEM32\WINHTTP.dll
0x00007ffe63bd0000 - 0x00007ffe63c3b000 	C:\WINDOWS\system32\mswsock.dll
0x00007ffe4eb50000 - 0x00007ffe4eb66000 	C:\Users\stas2\.jdks\openjdk-21.0.1\bin\nio.dll
0x00007ffe4eb00000 - 0x00007ffe4eb18000 	C:\Users\stas2\.jdks\openjdk-21.0.1\bin\zip.dll
0x00007ffe4c6b0000 - 0x00007ffe4c6ca000 	C:\IntelliJ IDEA Community Edition 2021.3.2\IntelliJ IDEA Community Edition 2023.2.1\bin\breakgen64.dll
0x00007ffde0030000 - 0x00007ffde00ab000 	C:\Users\stas2\AppData\Local\Temp\lwjgl_stas2\3.3.4+7\x64\lwjgl.dll
0x00007ffdd6fb0000 - 0x00007ffdd7035000 	C:\Users\stas2\AppData\Local\Temp\lwjgl_stas2\3.3.4+7\x64\glfw.dll
0x00007ffddc290000 - 0x00007ffddc2db000 	C:\WINDOWS\SYSTEM32\dinput8.dll
0x00007ffe5ea60000 - 0x00007ffe5ea72000 	C:\WINDOWS\SYSTEM32\xinput1_4.dll
0x00007ffe64400000 - 0x00007ffe64457000 	C:\WINDOWS\SYSTEM32\cfgmgr32.dll
0x00007ffe643d0000 - 0x00007ffe643fd000 	C:\WINDOWS\SYSTEM32\DEVOBJ.dll
0x00007ffe5f0a0000 - 0x00007ffe5f0cb000 	C:\WINDOWS\SYSTEM32\dwmapi.dll
0x00007ffe4f620000 - 0x00007ffe4f7fa000 	C:\WINDOWS\SYSTEM32\inputhost.dll
0x00007ffe5e710000 - 0x00007ffe5e835000 	C:\WINDOWS\SYSTEM32\CoreMessaging.dll
0x00007ffe63e90000 - 0x00007ffe63e9c000 	C:\WINDOWS\SYSTEM32\CRYPTBASE.DLL
0x00007ffe5ec90000 - 0x00007ffe5ed38000 	C:\WINDOWS\system32\uxtheme.dll
0x00007ffe659b0000 - 0x00007ffe65b08000 	C:\WINDOWS\System32\MSCTF.dll
0x00007ffe1b0f0000 - 0x00007ffe1b1fc000 	C:\WINDOWS\SYSTEM32\opengl32.dll
0x00007ffe1bfe0000 - 0x00007ffe1c00d000 	C:\WINDOWS\SYSTEM32\GLU32.dll
0x00007ffe616e0000 - 0x00007ffe61724000 	C:\WINDOWS\SYSTEM32\dxcore.dll
0x00007ffe5b0c0000 - 0x00007ffe5b120000 	C:\WINDOWS\SYSTEM32\directxdatabasehelper.dll
0x00007ffe4fc50000 - 0x00007ffe4fc6a000 	C:\WINDOWS\SYSTEM32\windows.staterepositorycore.dll
0x00007ffdb5390000 - 0x00007ffdb6383000 	C:\WINDOWS\System32\DriverStore\FileRepository\iigd_dch.inf_amd64_5802b1615520e41c\igxelpicd64.dll
0x00007ffe65ba0000 - 0x00007ffe65d38000 	C:\WINDOWS\System32\ole32.dll
0x00007ffe5ef40000 - 0x00007ffe5f07a000 	C:\WINDOWS\system32\dxgi.dll
0x00007ffdb50a0000 - 0x00007ffdb5387000 	C:\WINDOWS\System32\DriverStore\FileRepository\iigd_dch.inf_amd64_5802b1615520e41c\igdml64.dll
0x00007ffe57970000 - 0x00007ffe57d37000 	C:\WINDOWS\System32\DriverStore\FileRepository\iigd_dch.inf_amd64_5802b1615520e41c\igdgmm64.dll
0x00007ffe542e0000 - 0x00007ffe578f1000 	C:\WINDOWS\System32\DriverStore\FileRepository\iigd_dch.inf_amd64_5802b1615520e41c\igc64.dll
0x00007ffe50410000 - 0x00007ffe50559000 	C:\WINDOWS\SYSTEM32\textinputframework.dll
0x00007ffe5a3d0000 - 0x00007ffe5a6b3000 	C:\WINDOWS\SYSTEM32\CoreUIComponents.dll
0x00007ffdd6cd0000 - 0x00007ffdd6d31000 	C:\Users\stas2\AppData\Local\Temp\lwjgl_stas2\3.3.4+7\x64\lwjgl_opengl.dll
0x00007ffd77b30000 - 0x00007ffd78324000 	C:\Users\stas2\AppData\Local\Temp\imgui-java-natives\1.89.0\imgui-java64.dll
0x00007ffe4eaf0000 - 0x00007ffe4eb00000 	C:\Users\stas2\.jdks\openjdk-21.0.1\bin\verify.dll
0x00007ffdd5170000 - 0x00007ffdd5210000 	C:\Users\stas2\AppData\Local\Temp\lwjgl_stas2\3.3.4+7\x64\lwjgl_stb.dll

dbghelp: loaded successfully - version: 4.0.5 - missing functions: none
symbol engine: initialized successfully - sym options: 0x614 - pdb path: .;C:\Users\stas2\.jdks\openjdk-21.0.1\bin;C:\WINDOWS\SYSTEM32;C:\WINDOWS\WinSxS\amd64_microsoft.windows.common-controls_6595b64144ccf1df_6.0.26100.5074_none_3e0d6f78e32fd63f;C:\Users\stas2\.jdks\openjdk-21.0.1\bin\server;C:\IntelliJ IDEA Community Edition 2021.3.2\IntelliJ IDEA Community Edition 2023.2.1\bin;C:\Users\stas2\AppData\Local\Temp\lwjgl_stas2\3.3.4+7\x64;C:\WINDOWS\System32\DriverStore\FileRepository\iigd_dch.inf_amd64_5802b1615520e41c;C:\Users\stas2\AppData\Local\Temp\imgui-java-natives\1.89.0

VM Arguments:
jvm_args: -javaagent:C:\IntelliJ IDEA Community Edition 2021.3.2\IntelliJ IDEA Community Edition 2023.2.1\lib\idea_rt.jar=50399:C:\IntelliJ IDEA Community Edition 2021.3.2\IntelliJ IDEA Community Edition 2023.2.1\bin -Dfile.encoding=windows-1252 -Dsun.stdout.encoding=windows-1252 -Dsun.stderr.encoding=windows-1252 --module-path=O:\GIt\MultiplayerShooter\target\classes;C:\Users\stas2\.m2\repository\com\fasterxml\jackson\core\jackson-databind\2.17.2\jackson-databind-2.17.2.jar;C:\Users\stas2\.m2\repository\org\lwjgl\lwjgl-vulkan\3.3.4\lwjgl-vulkan-3.3.4.jar;C:\Users\stas2\.m2\repository\org\lwjgl\lwjgl-glfw\3.3.4\lwjgl-glfw-3.3.4.jar;C:\Users\stas2\.m2\repository\org\joml\joml\1.10.7\joml-1.10.7.jar;C:\Users\stas2\.m2\repository\com\fasterxml\jackson\core\jackson-annotations\2.17.2\jackson-annotations-2.17.2.jar;C:\Users\stas2\.m2\repository\org\lwjgl\lwjgl-stb\3.3.4\lwjgl-stb-3.3.4.jar;C:\Users\stas2\.m2\repository\io\github\spair\imgui-java-binding\1.89.0\imgui-java-binding-1.89.0.jar;C:\Users\stas2\.m2\repository\com\fasterxml\jackson\core\jackson-core\2.17.2\jackson-core-2.17.2.jar;C:\Users\stas2\.m2\repository\io\github\spair\imgui-java-lwjgl3\1.89.0\imgui-java-lwjgl3-1.89.0.jar;C:\Users\stas2\.m2\repository\org\lwjgl\lwjgl-opengl\3.3.4\lwjgl-opengl-3.3.4.jar;C:\Users\stas2\.m2\repository\org\joml\joml-primitives\1.10.0\joml-primitives-1.10.0.jar;C:\Users\stas2\.m2\repository\org\lwjgl\lwjgl-assimp\3.3.4\lwjgl-assimp-3.3.4.jar;C:\Users\stas2\.m2\repository\org\lwjgl\lwjgl\3.3.4\lwjgl-3.3.4.jar -Djdk.module.main=com.bedrye.bjge 
java_command: com.bedrye.bjge/com.bedrye.bjge.TestMain
java_class_path (initial): C:\Users\stas2\.m2\repository\io\github\spair\imgui-java-natives-windows\1.89.0\imgui-java-natives-windows-1.89.0.jar;C:\Users\stas2\.m2\repository\org\junit\jupiter\junit-jupiter-api\5.9.2\junit-jupiter-api-5.9.2.jar;C:\Users\stas2\.m2\repository\org\opentest4j\opentest4j\1.2.0\opentest4j-1.2.0.jar;C:\Users\stas2\.m2\repository\org\junit\platform\junit-platform-commons\1.9.2\junit-platform-commons-1.9.2.jar;C:\Users\stas2\.m2\repository\org\apiguardian\apiguardian-api\1.1.2\apiguardian-api-1.1.2.jar;C:\Users\stas2\.m2\repository\org\junit\jupiter\junit-jupiter-engine\5.9.2\junit-jupiter-engine-5.9.2.jar;C:\Users\stas2\.m2\repository\org\junit\platform\junit-platform-engine\1.9.2\junit-platform-engine-1.9.2.jar;C:\Users\stas2\.m2\repository\org\lwjgl\lwjgl-bgfx\3.3.4\lwjgl-bgfx-3.3.4.jar;C:\Users\stas2\.m2\repository\org\lwjgl\lwjgl-nanovg\3.3.4\lwjgl-nanovg-3.3.4.jar;C:\Users\stas2\.m2\repository\org\lwjgl\lwjgl-nuklear\3.3.4\lwjgl-nuklear-3.3.4.jar;C:\Users\stas2\.m2\repository\org\lwjgl\lwjgl-openal\3.3.4\lwjgl-openal-3.3.4.jar;C:\Users\stas2\.m2\repository\org\lwjgl\lwjgl-par\3.3.4\lwjgl-par-3.3.4.jar;C:\Users\stas2\.m2\repository\org\lwjgl\lwjgl\3.3.4\lwjgl-3.3.4-natives-windows.jar;C:\Users\stas2\.m2\repository\org\lwjgl\lwjgl-assimp\3.3.4\lwjgl-assimp-3.3.4-natives-windows.jar;C:\Users\stas2\.m2\repository\org\lwjgl\lwjgl-bgfx\3.3.4\lwjgl-bgfx-3.3.4-natives-windows.jar;C:\Users\stas2\.m2\repository\org\lwjgl\lwjgl-glfw\3.3.4\lwjgl-glfw-3.3.4-natives-windows.jar;C:\Users\stas2\.m2\repository\org\lwjgl\lwjgl-nanovg\3.3.4\lwjgl-nanovg-3.3.4-natives-windows.jar;C:\Users\stas2\.m2\repository\org\lwjgl\lwjgl-nuklear\3.3.4\lwjgl-nuklear-3.3.4-natives-windows.jar;C:\Users\stas2\.m2\repository\org\lwjgl\lwjgl-openal\3.3.4\lwjgl-openal-3.3.4-natives-windows.jar;C:\Users\stas2\.m2\repository\org\lwjgl\lwjgl-opengl\3.3.4\lwjgl-opengl-3.3.4-natives-windows.jar;C:\Users\stas2\.m2\repository\org\lwjgl\lwjgl-par\3.3.4\lwjgl-par-3.3.4-natives-windows.jar;C:\Users\stas2\.m2\repository\org\lwjgl\lwjgl-stb\3.3.4\lwjgl-stb-3.3.4-natives-windows.jar
Launcher Type: SUN_STANDARD

[Global flags]
     intx CICompilerCount                          = 4                                         {product} {ergonomic}
     uint ConcGCThreads                            = 3                                         {product} {ergonomic}
     uint G1ConcRefinementThreads                  = 10                                        {product} {ergonomic}
   size_t G1HeapRegionSize                         = 2097152                                   {product} {ergonomic}
    uintx GCDrainStackTargetSize                   = 64                                        {product} {ergonomic}
   size_t InitialHeapSize                          = 266338304                                 {product} {ergonomic}
   size_t MarkStackSize                            = 4194304                                   {product} {ergonomic}
   size_t MaxHeapSize                              = 4238344192                                {product} {ergonomic}
   size_t MaxNewSize                               = 2541748224                                {product} {ergonomic}
   size_t MinHeapDeltaBytes                        = 2097152                                   {product} {ergonomic}
   size_t MinHeapSize                              = 8388608                                   {product} {ergonomic}
    uintx NonNMethodCodeHeapSize                   = 5839372                                {pd product} {ergonomic}
    uintx NonProfiledCodeHeapSize                  = 122909434                              {pd product} {ergonomic}
    uintx ProfiledCodeHeapSize                     = 122909434                              {pd product} {ergonomic}
    uintx ReservedCodeCacheSize                    = 251658240                              {pd product} {ergonomic}
     bool SegmentedCodeCache                       = true                                      {product} {ergonomic}
   size_t SoftMaxHeapSize                          = 4238344192                             {manageable} {ergonomic}
     bool UseCompressedOops                        = true                           {product lp64_product} {ergonomic}
     bool UseG1GC                                  = true                                      {product} {ergonomic}
     bool UseLargePagesIndividualAllocation        = false                                  {pd product} {ergonomic}

Logging:
Log output configuration:
 #0: stdout all=warning uptime,level,tags foldmultilines=false
 #1: stderr all=off uptime,level,tags foldmultilines=false

Environment Variables:
JAVA_HOME=C:\Program Files\Java\jdk-21
PATH=C:\Program Files\PlasticSCM5\server;C:\Program Files\PlasticSCM5\client;C:\Program Files\NVIDIA GPU Computing Toolkit\CUDA\v12.6\bin;C:\Program Files\NVIDIA GPU Computing Toolkit\CUDA\v12.6\libnvvp;C:\Program Files\Common Files\Oracle\Java\javapath;C:\Windows\system32;C:\Windows;C:\Program Files\Java\jdk-11.0.2\bin;C:\Windows\System32\Wbem;C:\ORacleDatabase\dbhomeXE\bin;C:\Windows\System32\WindowsPowerShell\v1.0\;C:\Windows\System32\OpenSSH\;C:\Program Files (x86)\NVIDIA Corporation\PhysX\Common;C:\Program Files\NVIDIA Corporation\NVIDIA NvDLISR;C:\Program Files\Git LFS;C:\Program Files\Git\cmd;C:\Program Files (x86)\Windows Kits\10\Windows Performance Toolkit\;C:\Program Files (x86)\Steam\steamapps\common\Counter-Strike Global Offensive\game\bin\win64;C:\Users\stas2\AppData\Local\Programs\Python\Python311;C:\Program Files\dotnet\;C:\Program Files\Microsoft SQL Server\150\Tools\Binn\;C:\Program Files\Microsoft SQL Server\Client SDK\ODBC\170\Tools\Binn\;C:\Program Files\NVIDIA Corporation\Nsight Compute 2024.3.2\;C:\Program Files (x86)\Microsoft SQL Server\160\Tools\Binn\;C:\Program Files\Microsoft SQL Server\160\Tools\Binn\;C:\Program Files\Microsoft SQL Server\160\DTS\Binn\;C:\Program Files (x86)\Microsoft SQL Server\160\DTS\Binn\;C:\WINDOWS\system32;C:\WINDOWS;C:\WINDOWS\System32\Wbem;C:\WINDOWS\System32\WindowsPowerShell\v1.0\;C:\WINDOWS\System32\OpenSSH\;C:\Program Files\Docker\Docker\resources\bin;O:\npdejs\;C:\Users\stas2\AppData\Local\Programs\Python\Python312\Scripts;C:\Users\stas2\AppData\Local\Microsoft\WindowsApps;C:\Users\stas2\AppData\Local\Programs\Microsoft VS Code\bin;C:\Users\stas2\AppData\Local\GitHubDesktop\bin;C:\Users\stas2\AppData\Local\Programs\Python\Python311;C:\Program Files (x86)\Steam\steamapps\common\Counter-Strike Global Offensive\game\bin\win64;C:\Users\stas2\.dotnet\tools;C:\Users\stas2\AppData\Local\Muse Hub\lib;C:\Users\stas2\AppData\Roaming\npm;C:\Users\stas2\AppData\Local\Programs\Python\Python312\Scripts;
USERNAME=stas2
OS=Windows_NT
PROCESSOR_IDENTIFIER=Intel64 Family 6 Model 141 Stepping 1, GenuineIntel
TMP=C:\Users\stas2\AppData\Local\Temp
TEMP=C:\Users\stas2\AppData\Local\Temp




Periodic native trim disabled

---------------  S Y S T E M  ---------------

OS:
 Windows 11 , 64 bit Build 26100 (10.0.26100.5074)
OS uptime: 3 days 2:46 hours
Hyper-V role detected

CPU: total 12 (initial active 12) (6 cores per cpu, 2 threads per core) family 6 model 141 stepping 1 microcode 0x3c, cx8, cmov, fxsr, ht, mmx, 3dnowpref, sse, sse2, sse3, ssse3, sse4.1, sse4.2, popcnt, lzcnt, tsc, tscinvbit, avx, avx2, aes, erms, clmul, bmi1, bmi2, adx, avx512f, avx512dq, avx512cd, avx512bw, avx512vl, sha, fma, vzeroupper, avx512_vpopcntdq, avx512_vpclmulqdq, avx512_vaes, avx512_vnni, clflush, clflushopt, clwb, avx512_vbmi2, avx512_vbmi, hv, rdtscp, rdpid, fsrm, gfni, avx512_bitalg, f16c, cet_ibt, cet_ss, avx512_ifma
Processor Information for all 12 processors :
  Max Mhz: 2688, Current Mhz: 2688, Mhz Limit: 2688

Memory: 4k page, system-wide physical 16163M (679M free)
TotalPageFile size 48445M (AvailPageFile size 5086M)
current process WorkingSet (physical memory assigned to process): 287M, peak: 313M
current process commit charge ("private bytes"): 455M, peak: 478M

vm_info: OpenJDK 64-Bit Server VM (21.0.1+12-29) for windows-amd64 JRE (21.0.1+12-29), built on 2023-10-05T13:27:09Z by "mach5one" with MS VC++ 17.1 (VS2022)

END.
