#
# A fatal error has been detected by the Java Runtime Environment:
#
#  EXCEPTION_ACCESS_VIOLATION (0xc0000005) at pc=0x00007ffa4210366c, pid=27844, tid=14220
#
# JRE version: OpenJDK Runtime Environment (21.0.1+12) (build 21.0.1+12-29)
# Java VM: OpenJDK 64-Bit Server VM (21.0.1+12-29, mixed mode, sharing, tiered, compressed oops, compressed class ptrs, g1 gc, windows-amd64)
# Problematic frame:
# C  [igxelpicd64.dll+0x13366c]
#
# No core dump will be written. Minidumps are not enabled by default on client versions of Windows
#
# If you would like to submit a bug report, please visit:
#   https://bugreport.java.com/bugreport/crash.jsp
#

---------------  S U M M A R Y ------------

Command Line: -javaagent:C:\IntelliJ IDEA Community Edition 2021.3.2\IntelliJ IDEA Community Edition 2023.2.1\lib\idea_rt.jar=62346:C:\IntelliJ IDEA Community Edition 2021.3.2\IntelliJ IDEA Community Edition 2023.2.1\bin -Dfile.encoding=windows-1252 -Dsun.stdout.encoding=windows-1252 -Dsun.stderr.encoding=windows-1252 --module-path=C:\Users\stas2\.m2\repository\org\lwjgl\lwjgl\3.3.4\lwjgl-3.3.4.jar;C:\Users\stas2\.m2\repository\org\lwjgl\lwjgl-glfw\3.3.4\lwjgl-glfw-3.3.4.jar;C:\Users\stas2\.m2\repository\org\lwjgl\lwjgl-vulkan\3.3.4\lwjgl-vulkan-3.3.4.jar;C:\Users\stas2\.m2\repository\io\github\spair\imgui-java-lwjgl3\1.89.0\imgui-java-lwjgl3-1.89.0.jar;O:\GIt\MultiplayerShooter\target\classes;C:\Users\stas2\.m2\repository\com\fasterxml\jackson\core\jackson-core\2.17.2\jackson-core-2.17.2.jar;C:\Users\stas2\.m2\repository\org\lwjgl\lwjgl-stb\3.3.4\lwjgl-stb-3.3.4.jar;C:\Users\stas2\.m2\repository\com\fasterxml\jackson\core\jackson-annotations\2.17.2\jackson-annotations-2.17.2.jar;C:\Users\stas2\.m2\repository\io\github\spair\imgui-java-binding\1.89.0\imgui-java-binding-1.89.0.jar;C:\Users\stas2\.m2\repository\org\joml\joml\1.10.7\joml-1.10.7.jar;C:\Users\stas2\.m2\repository\org\lwjgl\lwjgl-assimp\3.3.4\lwjgl-assimp-3.3.4.jar;C:\Users\stas2\.m2\repository\org\lwjgl\lwjgl-opengl\3.3.4\lwjgl-opengl-3.3.4.jar;C:\Users\stas2\.m2\repository\org\joml\joml-primitives\1.10.0\joml-primitives-1.10.0.jar;C:\Users\stas2\.m2\repository\com\fasterxml\jackson\core\jackson-databind\2.17.2\jackson-databind-2.17.2.jar -Djdk.module.main=com.bedrye.bjge com.bedrye.bjge/com.bedrye.bjge.TestMain

Host: 11th Gen Intel(R) Core(TM) i5-11400H @ 2.70GHz, 12 cores, 15G,  Windows 11 , 64 bit Build 26100 (10.0.26100.5074)
Time: Mon Oct  6 22:52:57 2025 FLE Summer Time elapsed time: 169.587372 seconds (0d 0h 2m 49s)

---------------  T H R E A D  ---------------

Current thread (0x000002a0ffb69690):  VMThread "VM Thread"          [id=14220, stack(0x000000c429d00000,0x000000c429e00000) (1024K)]

Stack: [0x000000c429d00000,0x000000c429e00000],  sp=0x000000c429dfe630,  free space=1017k
Native frames: (J=compiled Java code, j=interpreted, Vv=VM code, C=native code)
C  [igxelpicd64.dll+0x13366c]


siginfo: EXCEPTION_ACCESS_VIOLATION (0xc0000005), reading address 0x00000000000356f8


Registers:
RAX=0x000002a0c94df3e8, RBX=0x000002a0c94df2e0, RCX=0x0000000000000000, RDX=0x0000000000000000
RSP=0x000000c429dfe630, RBP=0x0000000000000000, RSI=0x000002a0c94df8b0, RDI=0x000002a0ca0ce6b0
R8 =0x0000000000000014, R9 =0x000000c429055000, R10=0x0000000000000000, R11=0x0000000000000000
R12=0x0000000000000000, R13=0x000002a0ca673a80, R14=0x000000000061a600, R15=0x0000000000000016
RIP=0x00007ffa4210366c, EFLAGS=0x0000000000010206


Register to memory mapping:

RAX=0x000002a0c94df3e8 points into unknown readable memory: 0x000000000061a676 | 76 a6 61 00 00 00 00 00
RBX=0x000002a0c94df2e0 points into unknown readable memory: 0x000002a0c9ad9060 | 60 90 ad c9 a0 02 00 00
RCX=0x0 is null
RDX=0x0 is null
RSP=0x000000c429dfe630 points into unknown readable memory: 0x000002a0c9bcdac0 | c0 da bc c9 a0 02 00 00
RBP=0x0 is null
RSI=0x000002a0c94df8b0 points into unknown readable memory: 0x000002a0ca673a80 | 80 3a 67 ca a0 02 00 00
RDI=0x000002a0ca0ce6b0 points into unknown readable memory: 0x000002a0c9e12800 | 00 28 e1 c9 a0 02 00 00
R8 =0x0000000000000014 is an unknown value
R9 =0x000000c429055000 points into unknown readable memory: 0x0000000000000000 | 00 00 00 00 00 00 00 00
R10=0x0 is null
R11=0x0 is null
R12=0x0 is null
R13=0x000002a0ca673a80 points into unknown readable memory: 0x000002a0c9ad9060 | 60 90 ad c9 a0 02 00 00
R14=0x000000000061a600 is an unknown value
R15=0x0000000000000016 is an unknown value

Top of Stack: (sp=0x000000c429dfe630)
0x000000c429dfe630:   000002a0c9bcdac0 030ffedd031e61dc
0x000000c429dfe640:   035889df033f5cdf 02ac83e1028f19e0
0x000000c429dfe650:   036c9ae101b093e1 027f07e20376e8e1
0x000000c429dfe660:   036249e2033915e2 0353a8e2036352e2
0x000000c429dfe670:   000002a0ca1677b8 000000000061a681
0x000000c429dfe680:   0000000000000000 0000000000000010
0x000000c429dfe690:   0000000000000000 0000000000000000
0x000000c429dfe6a0:   000000c429dfe7b0 00007ffa4227bc3c
0x000000c429dfe6b0:   000002a0c9bcdac0 000002a0ca0ce6b0
0x000000c429dfe6c0:   035699eb02b3fe00 027a29ec031fb800
0x000000c429dfe6d0:   000000c400000868 0000b802001a0000
0x000000c429dfe6e0:   0000000000000000 0370afee035746ee
0x000000c429dfe6f0:   02f5e0ee0373b4ee 029f24f002718eef
0x000000c429dfe700:   00b6e0f0025b37f0 0060fcf102f31ef1
0x000000c429dfe710:   03582ef300db08f3 00007ffa422719a0
0x000000c429dfe720:   02b831f5027374f4 02c74ef5029748f5
0x000000c429dfe730:   01b9eef5036b73f5 02312df6031111f6
0x000000c429dfe740:   033113f7005e12f7 036190f702a826f7
0x000000c429dfe750:   006fd3f7027dcef7 00007ffa42053cdf
0x000000c429dfe760:   0000b802001a0000 0000000000000868
0x000000c429dfe770:   0000000000000000 4000188000000001
0x000000c429dfe780:   0000000000000000 0000000000000000
0x000000c429dfe790:   0000000000000000 0000000000000000
0x000000c429dfe7a0:   0000000000000000 0000000000000000
0x000000c429dfe7b0:   0000000000000000 0000000000000000
0x000000c429dfe7c0:   0000000000000000 0000000000000000
0x000000c429dfe7d0:   0000000000000000 0000000000000000
0x000000c429dfe7e0:   0000000000000000 0000000000000000
0x000000c429dfe7f0:   0000000000000000 0000000000000000
0x000000c429dfe800:   0000000000000000 0000000000000000
0x000000c429dfe810:   0000000000000000 0000000000000000
0x000000c429dfe820:   0000000000000000 0000000000000000 

Instructions: (pc=0x00007ffa4210366c)
0x00007ffa4210356c:   ec 40 45 8a e1 48 8b fa 48 8b e9 48 8b 1d 42 08
0x00007ffa4210357c:   e0 00 48 89 58 08 48 8b cb ff 15 85 5b 9a 00 90
0x00007ffa4210358c:   4c 8b af 78 02 00 00 48 8b 05 c6 e4 cf 00 44 8b
0x00007ffa4210359c:   b8 40 0b 00 00 45 33 db 45 8a f3 4c 89 9f 78 02
0x00007ffa421035ac:   00 00 44 89 9f 80 02 00 00 4c 89 9f 98 02 00 00
0x00007ffa421035bc:   4c 89 9f 88 02 00 00 48 85 ed 75 38 8b 35 4a e2
0x00007ffa421035cc:   df 00 65 48 8b 04 25 58 00 00 00 b9 14 00 00 00
0x00007ffa421035dc:   48 8b 04 f0 44 38 1c 01 0f 84 9d da 86 00 65 48
0x00007ffa421035ec:   8b 04 25 58 00 00 00 bd 20 00 00 00 48 8b 04 f0
0x00007ffa421035fc:   48 8b 2c 28 48 3b 2d 39 07 e0 00 45 0f 44 fb 4d
0x00007ffa4210360c:   85 ed 0f 84 21 01 00 00 44 8a a4 24 90 00 00 00
0x00007ffa4210361c:   49 8b dd 49 8d b5 d0 05 00 00 4c 8b 2e 45 84 e4
0x00007ffa4210362c:   0f 85 2a 03 00 00 8b 97 c8 01 00 00 48 8b 05 21
0x00007ffa4210363c:   e4 cf 00 83 b8 78 03 00 00 02 75 31 83 fa 10 0f
0x00007ffa4210364c:   83 20 01 00 00 48 8d 04 d5 21 00 00 00 48 03 c2
0x00007ffa4210365c:   48 8d 04 c3 48 85 c0 0f 85 ff 00 00 00 49 8b cb
0x00007ffa4210366c:   48 3b 8d f8 56 03 00 0f 87 f3 02 00 00 4c 39 9b
0x00007ffa4210367c:   48 06 00 00 0f 85 41 da 86 00 44 8b 97 c8 01 00
0x00007ffa4210368c:   00 48 8b 87 e0 01 00 00 4c 8b 08 8b 97 c8 01 00
0x00007ffa4210369c:   00 83 fa 10 0f 83 03 01 00 00 48 8d 04 d5 21 00
0x00007ffa421036ac:   00 00 48 03 c2 48 8d 04 c3 48 85 c0 0f 85 e2 00
0x00007ffa421036bc:   00 00 49 8b cb 49 3b c9 0f 86 0e 01 00 00 48 8b
0x00007ffa421036cc:   87 78 02 00 00 48 89 06 48 89 9f 78 02 00 00 ff
0x00007ffa421036dc:   87 80 02 00 00 48 8b 43 08 48 8b 88 18 01 00 00
0x00007ffa421036ec:   48 81 e1 00 00 ff ff 48 81 c1 00 00 01 00 48 01
0x00007ffa421036fc:   8f 88 02 00 00 48 8b 43 08 48 8b 88 18 01 00 00
0x00007ffa4210370c:   48 01 8f 98 02 00 00 4d 85 ed 0f 85 00 ff ff ff
0x00007ffa4210371c:   45 84 f6 44 8a a4 24 98 00 00 00 0f 85 82 03 00
0x00007ffa4210372c:   00 48 8b 9c 24 80 00 00 00 48 8b cf 45 84 e4 0f
0x00007ffa4210373c:   85 8a 03 00 00 e8 fa f9 ff ff 90 48 8b cb 48 8b
0x00007ffa4210374c:   9c 24 88 00 00 00 48 83 c4 40 41 5f 41 5e 41 5d
0x00007ffa4210375c:   41 5c 5f 5e 5d 48 ff 25 b0 59 9a 00 48 8b 48 08 


Stack slot to memory mapping:

stack at sp + 0 slots: 0x000002a0c9bcdac0 points into unknown readable memory: 0xffffffffffffffff | ff ff ff ff ff ff ff ff
stack at sp + 1 slots: 0x030ffedd031e61dc is an unknown value
stack at sp + 2 slots: 0x035889df033f5cdf is an unknown value
stack at sp + 3 slots: 0x02ac83e1028f19e0 is an unknown value
stack at sp + 4 slots: 0x036c9ae101b093e1 is an unknown value
stack at sp + 5 slots: 0x027f07e20376e8e1 is an unknown value
stack at sp + 6 slots: 0x036249e2033915e2 is an unknown value
stack at sp + 7 slots: 0x0353a8e2036352e2 is an unknown value

VM_Operation (0x000000c4293ff280): Exit, mode: safepoint, requested by thread 0x000002a0c94e0690


---------------  P R O C E S S  ---------------

Threads class SMR info:
_java_thread_list=0x000002a0c9f29bf0, length=20, elements={
0x000002a0e2229210, 0x000002a0ffb87620, 0x000002a0ffb89090, 0x000002a0ffb8bc30,
0x000002a0ffb8c7c0, 0x000002a0ffb904e0, 0x000002a0ffb9a360, 0x000002a0ffb9cba0,
0x000002a0ffbad650, 0x000002a0ffb535a0, 0x000002a0c9482820, 0x000002a0c98251b0,
0x000002a0c9ad68e0, 0x000002a0c9ad7ff0, 0x000002a0ca58a350, 0x000002a0ca524c80,
0x000002a0caa04950, 0x000002a0caa1e7e0, 0x000002a0ca7216a0, 0x000002a0c94e0690
}

Java Threads: ( => current thread )
  0x000002a0e2229210 JavaThread "main"                              [_thread_blocked, id=32248, stack(0x000000c429600000,0x000000c429700000) (1024K)]
  0x000002a0ffb87620 JavaThread "Reference Handler"          daemon [_thread_blocked, id=11704, stack(0x000000c429e00000,0x000000c429f00000) (1024K)]
  0x000002a0ffb89090 JavaThread "Finalizer"                  daemon [_thread_blocked, id=5780, stack(0x000000c429f00000,0x000000c42a000000) (1024K)]
  0x000002a0ffb8bc30 JavaThread "Signal Dispatcher"          daemon [_thread_blocked, id=22140, stack(0x000000c42a000000,0x000000c42a100000) (1024K)]
  0x000002a0ffb8c7c0 JavaThread "Attach Listener"            daemon [_thread_blocked, id=26532, stack(0x000000c42a100000,0x000000c42a200000) (1024K)]
  0x000002a0ffb904e0 JavaThread "Service Thread"             daemon [_thread_blocked, id=11460, stack(0x000000c42a200000,0x000000c42a300000) (1024K)]
  0x000002a0ffb9a360 JavaThread "Monitor Deflation Thread"   daemon [_thread_blocked, id=25296, stack(0x000000c42a300000,0x000000c42a400000) (1024K)]
  0x000002a0ffb9cba0 JavaThread "C2 CompilerThread0"         daemon [_thread_blocked, id=33132, stack(0x000000c42a400000,0x000000c42a500000) (1024K)]
  0x000002a0ffbad650 JavaThread "C1 CompilerThread0"         daemon [_thread_blocked, id=30848, stack(0x000000c42a500000,0x000000c42a600000) (1024K)]
  0x000002a0ffb535a0 JavaThread "Common-Cleaner"             daemon [_thread_blocked, id=21016, stack(0x000000c42a600000,0x000000c42a700000) (1024K)]
  0x000002a0c9482820 JavaThread "Monitor Ctrl-Break"         daemon [_thread_in_native, id=37304, stack(0x000000c42a900000,0x000000c42aa00000) (1024K)]
  0x000002a0c98251b0 JavaThread "Notification Thread"        daemon [_thread_blocked, id=11412, stack(0x000000c42aa00000,0x000000c42ab00000) (1024K)]
  0x000002a0c9ad68e0 JavaThread "FileSystemWatchService"     daemon [_thread_in_native, id=16844, stack(0x000000c42b100000,0x000000c42b200000) (1024K)]
  0x000002a0c9ad7ff0 JavaThread "ScriptWatcher"                     [_thread_blocked, id=25040, stack(0x000000c42b200000,0x000000c42b300000) (1024K)]
  0x000002a0ca58a350 JavaThread "FileSystemWatchService"     daemon [_thread_in_native, id=11424, stack(0x000000c42a700000,0x000000c42a800000) (1024K)]
  0x000002a0ca524c80 JavaThread "BJE-Asset-Watcher"          daemon [_thread_blocked, id=37472, stack(0x000000c42a800000,0x000000c42a900000) (1024K)]
  0x000002a0caa04950 JavaThread "Java2D Disposer"            daemon [_thread_blocked, id=31040, stack(0x000000c42b800000,0x000000c42b900000) (1024K)]
  0x000002a0caa1e7e0 JavaThread "AWT-Shutdown"                      [_thread_blocked, id=7332, stack(0x000000c42b900000,0x000000c42ba00000) (1024K)]
  0x000002a0ca7216a0 JavaThread "AWT-EventQueue-0"                  [_thread_blocked, id=29108, stack(0x000000c42bb00000,0x000000c42bc00000) (1024K)]
  0x000002a0c94e0690 JavaThread "SIGINT handler"             daemon [_thread_blocked, id=19488, stack(0x000000c429300000,0x000000c429400000) (1024K)]
Total: 20

Other Threads:
=>0x000002a0ffb69690 VMThread "VM Thread"                           [id=14220, stack(0x000000c429d00000,0x000000c429e00000) (1024K)]
  0x000002a0e4605df0 WorkerThread "GC Thread#0"                     [id=20424, stack(0x000000c429700000,0x000000c429800000) (1024K)]
  0x000002a0c99c8840 WorkerThread "GC Thread#1"                     [id=3528, stack(0x000000c42ab00000,0x000000c42ac00000) (1024K)]
  0x000002a0c99c8be0 WorkerThread "GC Thread#2"                     [id=12488, stack(0x000000c42ac00000,0x000000c42ad00000) (1024K)]
  0x000002a0c99c8f80 WorkerThread "GC Thread#3"                     [id=14556, stack(0x000000c42ad00000,0x000000c42ae00000) (1024K)]
  0x000002a0c99c9320 WorkerThread "GC Thread#4"                     [id=5028, stack(0x000000c42ae00000,0x000000c42af00000) (1024K)]
  0x000002a0c99c96c0 WorkerThread "GC Thread#5"                     [id=1340, stack(0x000000c42af00000,0x000000c42b000000) (1024K)]
  0x000002a0c99f2f00 WorkerThread "GC Thread#6"                     [id=20008, stack(0x000000c42b000000,0x000000c42b100000) (1024K)]
  0x000002a0c9ccb490 WorkerThread "GC Thread#7"                     [id=28660, stack(0x000000c42c400000,0x000000c42c500000) (1024K)]
  0x000002a0c9cca9b0 WorkerThread "GC Thread#8"                     [id=10996, stack(0x000000c42c500000,0x000000c42c600000) (1024K)]
  0x000002a0c9ccb830 WorkerThread "GC Thread#9"                     [id=22380, stack(0x000000c42c600000,0x000000c42c700000) (1024K)]
  0x000002a0e4616a60 ConcurrentGCThread "G1 Main Marker"            terminated
  0x000002a0e4619690 WorkerThread "G1 Conc#0"                       [id=26492, stack(0x000000c429900000,0x000000c429a00000) (1024K)]
  0x000002a0ffa26d20 ConcurrentGCThread "G1 Refine#0"               terminated
  0x000002a0ffa27540 ConcurrentGCThread "G1 Service"                terminated
Total: 15

Threads with active compile tasks:
Total: 0

VM state: at safepoint (shutting down)

VM Mutex/Monitor currently owned by a thread:  ([mutex/lock_event])
[0x00007ffa1338a5f8] Threads_lock - owner thread: 0x000002a0ffb69690
[0x00007ffa1338a6f8] Heap_lock - owner thread: 0x000002a0c94e0690

Heap address: 0x0000000703600000, size: 4042 MB, Compressed Oops mode: Zero based, Oop shift amount: 3

CDS archive(s) mapped at: [0x000002a084000000-0x000002a084c90000-0x000002a084c90000), size 13172736, SharedBaseAddress: 0x000002a084000000, ArchiveRelocationMode: 1.
Compressed class space mapped at: 0x000002a085000000-0x000002a0c5000000, reserved size: 1073741824
Narrow klass base: 0x000002a084000000, Narrow klass shift: 0, Narrow klass range: 0x100000000

GC Precious Log:
 CardTable entry size: 512
 Card Set container configuration: InlinePtr #cards 4 size 8 Array Of Cards #cards 16 size 48 Howl #buckets 8 coarsen threshold 3686 Howl Bitmap #cards 512 size 80 coarsen threshold 460 Card regions per heap region 1 cards per card region 4096
 CPUs: 12 total, 12 available
 Memory: 16163M
 Large Page Support: Disabled
 NUMA Support: Disabled
 Compressed Oops: Enabled (Zero based)
 Heap Region Size: 2M
 Heap Min Capacity: 8M
 Heap Initial Capacity: 254M
 Heap Max Capacity: 4042M
 Pre-touch: Disabled
 Parallel Workers: 10
 Concurrent Workers: 3
 Concurrent Refinement Workers: 10
 Periodic GC: Disabled

Heap:
 garbage-first heap   total 260096K, used 51480K [0x0000000703600000, 0x0000000800000000)
  region size 2048K, 26 young (53248K), 3 survivors (6144K)
 Metaspace       used 17920K, committed 18240K, reserved 1114112K
  class space    used 1448K, committed 1600K, reserved 1048576K

Heap Regions: E=young(eden), S=young(survivor), O=old, HS=humongous(starts), HC=humongous(continues), CS=collection set, F=free, TAMS=top-at-mark-start, PB=parsable bottom
|   0|0x0000000703600000, 0x0000000703646278, 0x0000000703800000| 13%| O|  |TAMS 0x0000000703600000| PB 0x0000000703600000| Untracked 
|   1|0x0000000703800000, 0x0000000703800000, 0x0000000703a00000|  0%| F|  |TAMS 0x0000000703800000| PB 0x0000000703800000| Untracked 
|   2|0x0000000703a00000, 0x0000000703a00000, 0x0000000703c00000|  0%| F|  |TAMS 0x0000000703a00000| PB 0x0000000703a00000| Untracked 
|   3|0x0000000703c00000, 0x0000000703c00000, 0x0000000703e00000|  0%| F|  |TAMS 0x0000000703c00000| PB 0x0000000703c00000| Untracked 
|   4|0x0000000703e00000, 0x0000000703e00000, 0x0000000704000000|  0%| F|  |TAMS 0x0000000703e00000| PB 0x0000000703e00000| Untracked 
|   5|0x0000000704000000, 0x0000000704000000, 0x0000000704200000|  0%| F|  |TAMS 0x0000000704000000| PB 0x0000000704000000| Untracked 
|   6|0x0000000704200000, 0x0000000704200000, 0x0000000704400000|  0%| F|  |TAMS 0x0000000704200000| PB 0x0000000704200000| Untracked 
|   7|0x0000000704400000, 0x0000000704400000, 0x0000000704600000|  0%| F|  |TAMS 0x0000000704400000| PB 0x0000000704400000| Untracked 
|   8|0x0000000704600000, 0x0000000704600000, 0x0000000704800000|  0%| F|  |TAMS 0x0000000704600000| PB 0x0000000704600000| Untracked 
|   9|0x0000000704800000, 0x0000000704800000, 0x0000000704a00000|  0%| F|  |TAMS 0x0000000704800000| PB 0x0000000704800000| Untracked 
|  10|0x0000000704a00000, 0x0000000704a00000, 0x0000000704c00000|  0%| F|  |TAMS 0x0000000704a00000| PB 0x0000000704a00000| Untracked 
|  11|0x0000000704c00000, 0x0000000704c00000, 0x0000000704e00000|  0%| F|  |TAMS 0x0000000704c00000| PB 0x0000000704c00000| Untracked 
|  12|0x0000000704e00000, 0x0000000704e00000, 0x0000000705000000|  0%| F|  |TAMS 0x0000000704e00000| PB 0x0000000704e00000| Untracked 
|  13|0x0000000705000000, 0x0000000705000000, 0x0000000705200000|  0%| F|  |TAMS 0x0000000705000000| PB 0x0000000705000000| Untracked 
|  14|0x0000000705200000, 0x0000000705200000, 0x0000000705400000|  0%| F|  |TAMS 0x0000000705200000| PB 0x0000000705200000| Untracked 
|  15|0x0000000705400000, 0x0000000705400000, 0x0000000705600000|  0%| F|  |TAMS 0x0000000705400000| PB 0x0000000705400000| Untracked 
|  16|0x0000000705600000, 0x0000000705600000, 0x0000000705800000|  0%| F|  |TAMS 0x0000000705600000| PB 0x0000000705600000| Untracked 
|  17|0x0000000705800000, 0x0000000705800000, 0x0000000705a00000|  0%| F|  |TAMS 0x0000000705800000| PB 0x0000000705800000| Untracked 
|  18|0x0000000705a00000, 0x0000000705a00000, 0x0000000705c00000|  0%| F|  |TAMS 0x0000000705a00000| PB 0x0000000705a00000| Untracked 
|  19|0x0000000705c00000, 0x0000000705c00000, 0x0000000705e00000|  0%| F|  |TAMS 0x0000000705c00000| PB 0x0000000705c00000| Untracked 
|  20|0x0000000705e00000, 0x0000000705e00000, 0x0000000706000000|  0%| F|  |TAMS 0x0000000705e00000| PB 0x0000000705e00000| Untracked 
|  21|0x0000000706000000, 0x0000000706000000, 0x0000000706200000|  0%| F|  |TAMS 0x0000000706000000| PB 0x0000000706000000| Untracked 
|  22|0x0000000706200000, 0x0000000706200000, 0x0000000706400000|  0%| F|  |TAMS 0x0000000706200000| PB 0x0000000706200000| Untracked 
|  23|0x0000000706400000, 0x0000000706400000, 0x0000000706600000|  0%| F|  |TAMS 0x0000000706400000| PB 0x0000000706400000| Untracked 
|  24|0x0000000706600000, 0x0000000706600000, 0x0000000706800000|  0%| F|  |TAMS 0x0000000706600000| PB 0x0000000706600000| Untracked 
|  25|0x0000000706800000, 0x0000000706800000, 0x0000000706a00000|  0%| F|  |TAMS 0x0000000706800000| PB 0x0000000706800000| Untracked 
|  26|0x0000000706a00000, 0x0000000706a00000, 0x0000000706c00000|  0%| F|  |TAMS 0x0000000706a00000| PB 0x0000000706a00000| Untracked 
|  27|0x0000000706c00000, 0x0000000706c00000, 0x0000000706e00000|  0%| F|  |TAMS 0x0000000706c00000| PB 0x0000000706c00000| Untracked 
|  28|0x0000000706e00000, 0x0000000706e00000, 0x0000000707000000|  0%| F|  |TAMS 0x0000000706e00000| PB 0x0000000706e00000| Untracked 
|  29|0x0000000707000000, 0x0000000707000000, 0x0000000707200000|  0%| F|  |TAMS 0x0000000707000000| PB 0x0000000707000000| Untracked 
|  30|0x0000000707200000, 0x0000000707200000, 0x0000000707400000|  0%| F|  |TAMS 0x0000000707200000| PB 0x0000000707200000| Untracked 
|  31|0x0000000707400000, 0x0000000707400000, 0x0000000707600000|  0%| F|  |TAMS 0x0000000707400000| PB 0x0000000707400000| Untracked 
|  32|0x0000000707600000, 0x0000000707600000, 0x0000000707800000|  0%| F|  |TAMS 0x0000000707600000| PB 0x0000000707600000| Untracked 
|  33|0x0000000707800000, 0x0000000707800000, 0x0000000707a00000|  0%| F|  |TAMS 0x0000000707800000| PB 0x0000000707800000| Untracked 
|  34|0x0000000707a00000, 0x0000000707a00000, 0x0000000707c00000|  0%| F|  |TAMS 0x0000000707a00000| PB 0x0000000707a00000| Untracked 
|  35|0x0000000707c00000, 0x0000000707c00000, 0x0000000707e00000|  0%| F|  |TAMS 0x0000000707c00000| PB 0x0000000707c00000| Untracked 
|  36|0x0000000707e00000, 0x0000000707e00000, 0x0000000708000000|  0%| F|  |TAMS 0x0000000707e00000| PB 0x0000000707e00000| Untracked 
|  37|0x0000000708000000, 0x0000000708000000, 0x0000000708200000|  0%| F|  |TAMS 0x0000000708000000| PB 0x0000000708000000| Untracked 
|  38|0x0000000708200000, 0x0000000708200000, 0x0000000708400000|  0%| F|  |TAMS 0x0000000708200000| PB 0x0000000708200000| Untracked 
|  39|0x0000000708400000, 0x0000000708400000, 0x0000000708600000|  0%| F|  |TAMS 0x0000000708400000| PB 0x0000000708400000| Untracked 
|  40|0x0000000708600000, 0x0000000708600000, 0x0000000708800000|  0%| F|  |TAMS 0x0000000708600000| PB 0x0000000708600000| Untracked 
|  41|0x0000000708800000, 0x0000000708800000, 0x0000000708a00000|  0%| F|  |TAMS 0x0000000708800000| PB 0x0000000708800000| Untracked 
|  42|0x0000000708a00000, 0x0000000708a00000, 0x0000000708c00000|  0%| F|  |TAMS 0x0000000708a00000| PB 0x0000000708a00000| Untracked 
|  43|0x0000000708c00000, 0x0000000708c00000, 0x0000000708e00000|  0%| F|  |TAMS 0x0000000708c00000| PB 0x0000000708c00000| Untracked 
|  44|0x0000000708e00000, 0x0000000708e00000, 0x0000000709000000|  0%| F|  |TAMS 0x0000000708e00000| PB 0x0000000708e00000| Untracked 
|  45|0x0000000709000000, 0x0000000709000000, 0x0000000709200000|  0%| F|  |TAMS 0x0000000709000000| PB 0x0000000709000000| Untracked 
|  46|0x0000000709200000, 0x0000000709200000, 0x0000000709400000|  0%| F|  |TAMS 0x0000000709200000| PB 0x0000000709200000| Untracked 
|  47|0x0000000709400000, 0x0000000709400000, 0x0000000709600000|  0%| F|  |TAMS 0x0000000709400000| PB 0x0000000709400000| Untracked 
|  48|0x0000000709600000, 0x0000000709600000, 0x0000000709800000|  0%| F|  |TAMS 0x0000000709600000| PB 0x0000000709600000| Untracked 
|  49|0x0000000709800000, 0x0000000709800000, 0x0000000709a00000|  0%| F|  |TAMS 0x0000000709800000| PB 0x0000000709800000| Untracked 
|  50|0x0000000709a00000, 0x0000000709a00000, 0x0000000709c00000|  0%| F|  |TAMS 0x0000000709a00000| PB 0x0000000709a00000| Untracked 
|  51|0x0000000709c00000, 0x0000000709c00000, 0x0000000709e00000|  0%| F|  |TAMS 0x0000000709c00000| PB 0x0000000709c00000| Untracked 
|  52|0x0000000709e00000, 0x0000000709e00000, 0x000000070a000000|  0%| F|  |TAMS 0x0000000709e00000| PB 0x0000000709e00000| Untracked 
|  53|0x000000070a000000, 0x000000070a000000, 0x000000070a200000|  0%| F|  |TAMS 0x000000070a000000| PB 0x000000070a000000| Untracked 
|  54|0x000000070a200000, 0x000000070a200000, 0x000000070a400000|  0%| F|  |TAMS 0x000000070a200000| PB 0x000000070a200000| Untracked 
|  55|0x000000070a400000, 0x000000070a400000, 0x000000070a600000|  0%| F|  |TAMS 0x000000070a400000| PB 0x000000070a400000| Untracked 
|  56|0x000000070a600000, 0x000000070a600000, 0x000000070a800000|  0%| F|  |TAMS 0x000000070a600000| PB 0x000000070a600000| Untracked 
|  57|0x000000070a800000, 0x000000070a800000, 0x000000070aa00000|  0%| F|  |TAMS 0x000000070a800000| PB 0x000000070a800000| Untracked 
|  58|0x000000070aa00000, 0x000000070aa00000, 0x000000070ac00000|  0%| F|  |TAMS 0x000000070aa00000| PB 0x000000070aa00000| Untracked 
|  59|0x000000070ac00000, 0x000000070ac00000, 0x000000070ae00000|  0%| F|  |TAMS 0x000000070ac00000| PB 0x000000070ac00000| Untracked 
|  60|0x000000070ae00000, 0x000000070ae00000, 0x000000070b000000|  0%| F|  |TAMS 0x000000070ae00000| PB 0x000000070ae00000| Untracked 
|  61|0x000000070b000000, 0x000000070b000000, 0x000000070b200000|  0%| F|  |TAMS 0x000000070b000000| PB 0x000000070b000000| Untracked 
|  62|0x000000070b200000, 0x000000070b200000, 0x000000070b400000|  0%| F|  |TAMS 0x000000070b200000| PB 0x000000070b200000| Untracked 
|  63|0x000000070b400000, 0x000000070b400000, 0x000000070b600000|  0%| F|  |TAMS 0x000000070b400000| PB 0x000000070b400000| Untracked 
|  64|0x000000070b600000, 0x000000070b600000, 0x000000070b800000|  0%| F|  |TAMS 0x000000070b600000| PB 0x000000070b600000| Untracked 
|  65|0x000000070b800000, 0x000000070b800000, 0x000000070ba00000|  0%| F|  |TAMS 0x000000070b800000| PB 0x000000070b800000| Untracked 
|  66|0x000000070ba00000, 0x000000070ba00000, 0x000000070bc00000|  0%| F|  |TAMS 0x000000070ba00000| PB 0x000000070ba00000| Untracked 
|  67|0x000000070bc00000, 0x000000070bc00000, 0x000000070be00000|  0%| F|  |TAMS 0x000000070bc00000| PB 0x000000070bc00000| Untracked 
|  68|0x000000070be00000, 0x000000070be00000, 0x000000070c000000|  0%| F|  |TAMS 0x000000070be00000| PB 0x000000070be00000| Untracked 
|  69|0x000000070c000000, 0x000000070c000000, 0x000000070c200000|  0%| F|  |TAMS 0x000000070c000000| PB 0x000000070c000000| Untracked 
|  70|0x000000070c200000, 0x000000070c200000, 0x000000070c400000|  0%| F|  |TAMS 0x000000070c200000| PB 0x000000070c200000| Untracked 
|  71|0x000000070c400000, 0x000000070c400000, 0x000000070c600000|  0%| F|  |TAMS 0x000000070c400000| PB 0x000000070c400000| Untracked 
|  72|0x000000070c600000, 0x000000070c600000, 0x000000070c800000|  0%| F|  |TAMS 0x000000070c600000| PB 0x000000070c600000| Untracked 
|  73|0x000000070c800000, 0x000000070c800000, 0x000000070ca00000|  0%| F|  |TAMS 0x000000070c800000| PB 0x000000070c800000| Untracked 
|  74|0x000000070ca00000, 0x000000070ca00000, 0x000000070cc00000|  0%| F|  |TAMS 0x000000070ca00000| PB 0x000000070ca00000| Untracked 
|  75|0x000000070cc00000, 0x000000070cc00000, 0x000000070ce00000|  0%| F|  |TAMS 0x000000070cc00000| PB 0x000000070cc00000| Untracked 
|  76|0x000000070ce00000, 0x000000070ce00000, 0x000000070d000000|  0%| F|  |TAMS 0x000000070ce00000| PB 0x000000070ce00000| Untracked 
|  77|0x000000070d000000, 0x000000070d000000, 0x000000070d200000|  0%| F|  |TAMS 0x000000070d000000| PB 0x000000070d000000| Untracked 
|  78|0x000000070d200000, 0x000000070d200000, 0x000000070d400000|  0%| F|  |TAMS 0x000000070d200000| PB 0x000000070d200000| Untracked 
|  79|0x000000070d400000, 0x000000070d400000, 0x000000070d600000|  0%| F|  |TAMS 0x000000070d400000| PB 0x000000070d400000| Untracked 
|  80|0x000000070d600000, 0x000000070d600000, 0x000000070d800000|  0%| F|  |TAMS 0x000000070d600000| PB 0x000000070d600000| Untracked 
|  81|0x000000070d800000, 0x000000070d800000, 0x000000070da00000|  0%| F|  |TAMS 0x000000070d800000| PB 0x000000070d800000| Untracked 
|  82|0x000000070da00000, 0x000000070da00000, 0x000000070dc00000|  0%| F|  |TAMS 0x000000070da00000| PB 0x000000070da00000| Untracked 
|  83|0x000000070dc00000, 0x000000070dc00000, 0x000000070de00000|  0%| F|  |TAMS 0x000000070dc00000| PB 0x000000070dc00000| Untracked 
|  84|0x000000070de00000, 0x000000070de00000, 0x000000070e000000|  0%| F|  |TAMS 0x000000070de00000| PB 0x000000070de00000| Untracked 
|  85|0x000000070e000000, 0x000000070e000000, 0x000000070e200000|  0%| F|  |TAMS 0x000000070e000000| PB 0x000000070e000000| Untracked 
|  86|0x000000070e200000, 0x000000070e200000, 0x000000070e400000|  0%| F|  |TAMS 0x000000070e200000| PB 0x000000070e200000| Untracked 
|  87|0x000000070e400000, 0x000000070e400000, 0x000000070e600000|  0%| F|  |TAMS 0x000000070e400000| PB 0x000000070e400000| Untracked 
|  88|0x000000070e600000, 0x000000070e600000, 0x000000070e800000|  0%| F|  |TAMS 0x000000070e600000| PB 0x000000070e600000| Untracked 
|  89|0x000000070e800000, 0x000000070e800000, 0x000000070ea00000|  0%| F|  |TAMS 0x000000070e800000| PB 0x000000070e800000| Untracked 
|  90|0x000000070ea00000, 0x000000070ea00000, 0x000000070ec00000|  0%| F|  |TAMS 0x000000070ea00000| PB 0x000000070ea00000| Untracked 
|  91|0x000000070ec00000, 0x000000070ec00000, 0x000000070ee00000|  0%| F|  |TAMS 0x000000070ec00000| PB 0x000000070ec00000| Untracked 
|  92|0x000000070ee00000, 0x000000070ee00000, 0x000000070f000000|  0%| F|  |TAMS 0x000000070ee00000| PB 0x000000070ee00000| Untracked 
|  93|0x000000070f000000, 0x000000070f000000, 0x000000070f200000|  0%| F|  |TAMS 0x000000070f000000| PB 0x000000070f000000| Untracked 
|  94|0x000000070f200000, 0x000000070f200000, 0x000000070f400000|  0%| F|  |TAMS 0x000000070f200000| PB 0x000000070f200000| Untracked 
|  95|0x000000070f400000, 0x000000070f400000, 0x000000070f600000|  0%| F|  |TAMS 0x000000070f400000| PB 0x000000070f400000| Untracked 
|  96|0x000000070f600000, 0x000000070f600000, 0x000000070f800000|  0%| F|  |TAMS 0x000000070f600000| PB 0x000000070f600000| Untracked 
|  97|0x000000070f800000, 0x000000070f800000, 0x000000070fa00000|  0%| F|  |TAMS 0x000000070f800000| PB 0x000000070f800000| Untracked 
|  98|0x000000070fa00000, 0x000000070fa00000, 0x000000070fc00000|  0%| F|  |TAMS 0x000000070fa00000| PB 0x000000070fa00000| Untracked 
|  99|0x000000070fc00000, 0x000000070fc00000, 0x000000070fe00000|  0%| F|  |TAMS 0x000000070fc00000| PB 0x000000070fc00000| Untracked 
| 100|0x000000070fe00000, 0x000000070fe00000, 0x0000000710000000|  0%| F|  |TAMS 0x000000070fe00000| PB 0x000000070fe00000| Untracked 
| 101|0x0000000710000000, 0x000000071007d178, 0x0000000710200000| 24%| E|  |TAMS 0x0000000710000000| PB 0x0000000710000000| Complete 
| 102|0x0000000710200000, 0x0000000710400000, 0x0000000710400000|100%| S|CS|TAMS 0x0000000710200000| PB 0x0000000710200000| Complete 
| 103|0x0000000710400000, 0x0000000710600000, 0x0000000710600000|100%| S|CS|TAMS 0x0000000710400000| PB 0x0000000710400000| Complete 
| 104|0x0000000710600000, 0x0000000710800000, 0x0000000710800000|100%| S|CS|TAMS 0x0000000710600000| PB 0x0000000710600000| Complete 
| 105|0x0000000710800000, 0x0000000710a00000, 0x0000000710a00000|100%| E|CS|TAMS 0x0000000710800000| PB 0x0000000710800000| Complete 
| 106|0x0000000710a00000, 0x0000000710c00000, 0x0000000710c00000|100%| E|CS|TAMS 0x0000000710a00000| PB 0x0000000710a00000| Complete 
| 107|0x0000000710c00000, 0x0000000710e00000, 0x0000000710e00000|100%| E|CS|TAMS 0x0000000710c00000| PB 0x0000000710c00000| Complete 
| 108|0x0000000710e00000, 0x0000000711000000, 0x0000000711000000|100%| E|CS|TAMS 0x0000000710e00000| PB 0x0000000710e00000| Complete 
| 109|0x0000000711000000, 0x0000000711200000, 0x0000000711200000|100%| E|CS|TAMS 0x0000000711000000| PB 0x0000000711000000| Complete 
| 110|0x0000000711200000, 0x0000000711400000, 0x0000000711400000|100%| E|CS|TAMS 0x0000000711200000| PB 0x0000000711200000| Complete 
| 111|0x0000000711400000, 0x0000000711600000, 0x0000000711600000|100%| E|CS|TAMS 0x0000000711400000| PB 0x0000000711400000| Complete 
| 112|0x0000000711600000, 0x0000000711800000, 0x0000000711800000|100%| E|CS|TAMS 0x0000000711600000| PB 0x0000000711600000| Complete 
| 113|0x0000000711800000, 0x0000000711a00000, 0x0000000711a00000|100%| E|CS|TAMS 0x0000000711800000| PB 0x0000000711800000| Complete 
| 114|0x0000000711a00000, 0x0000000711c00000, 0x0000000711c00000|100%| E|CS|TAMS 0x0000000711a00000| PB 0x0000000711a00000| Complete 
| 115|0x0000000711c00000, 0x0000000711e00000, 0x0000000711e00000|100%| E|CS|TAMS 0x0000000711c00000| PB 0x0000000711c00000| Complete 
| 116|0x0000000711e00000, 0x0000000712000000, 0x0000000712000000|100%| E|CS|TAMS 0x0000000711e00000| PB 0x0000000711e00000| Complete 
| 117|0x0000000712000000, 0x0000000712200000, 0x0000000712200000|100%| E|CS|TAMS 0x0000000712000000| PB 0x0000000712000000| Complete 
| 118|0x0000000712200000, 0x0000000712400000, 0x0000000712400000|100%| E|CS|TAMS 0x0000000712200000| PB 0x0000000712200000| Complete 
| 119|0x0000000712400000, 0x0000000712600000, 0x0000000712600000|100%| E|CS|TAMS 0x0000000712400000| PB 0x0000000712400000| Complete 
| 120|0x0000000712600000, 0x0000000712800000, 0x0000000712800000|100%| E|CS|TAMS 0x0000000712600000| PB 0x0000000712600000| Complete 
| 121|0x0000000712800000, 0x0000000712a00000, 0x0000000712a00000|100%| E|CS|TAMS 0x0000000712800000| PB 0x0000000712800000| Complete 
| 122|0x0000000712a00000, 0x0000000712c00000, 0x0000000712c00000|100%| E|CS|TAMS 0x0000000712a00000| PB 0x0000000712a00000| Complete 
| 123|0x0000000712c00000, 0x0000000712e00000, 0x0000000712e00000|100%| E|CS|TAMS 0x0000000712c00000| PB 0x0000000712c00000| Complete 
| 124|0x0000000712e00000, 0x0000000713000000, 0x0000000713000000|100%| E|CS|TAMS 0x0000000712e00000| PB 0x0000000712e00000| Complete 
| 125|0x0000000713000000, 0x0000000713200000, 0x0000000713200000|100%| E|CS|TAMS 0x0000000713000000| PB 0x0000000713000000| Complete 
| 126|0x0000000713200000, 0x0000000713400000, 0x0000000713400000|100%| E|CS|TAMS 0x0000000713200000| PB 0x0000000713200000| Complete 

Card table byte_map: [0x000002a0fc720000,0x000002a0fcf10000] _byte_map_base: 0x000002a0f8f05000

Marking Bits: (CMBitMap*) 0x000002a0e46064f0
 Bits: [0x000002a080000000, 0x000002a083f28000)

Polling page: 0x000002a0e24e0000

Metaspace:

Usage:
  Non-class:     16.09 MB used.
      Class:      1.41 MB used.
       Both:     17.50 MB used.

Virtual space:
  Non-class space:       64.00 MB reserved,      16.25 MB ( 25%) committed,  1 nodes.
      Class space:        1.00 GB reserved,       1.56 MB ( <1%) committed,  1 nodes.
             Both:        1.06 GB reserved,      17.81 MB (  2%) committed. 

Chunk freelists:
   Non-Class:  15.34 MB
       Class:  14.46 MB
        Both:  29.81 MB

MaxMetaspaceSize: unlimited
CompressedClassSpaceSize: 1.00 GB
Initial GC threshold: 21.00 MB
Current GC threshold: 21.00 MB
CDS: on
 - commit_granule_bytes: 65536.
 - commit_granule_words: 8192.
 - virtual_space_node_default_size: 8388608.
 - enlarge_chunks_in_place: 1.
 - use_allocation_guard: 0.


Internal statistics:

num_allocs_failed_limit: 0.
num_arena_births: 306.
num_arena_deaths: 0.
num_vsnodes_births: 2.
num_vsnodes_deaths: 0.
num_space_committed: 283.
num_space_uncommitted: 0.
num_chunks_returned_to_freelist: 0.
num_chunks_taken_from_freelist: 753.
num_chunk_merges: 0.
num_chunk_splits: 562.
num_chunks_enlarged: 419.
num_inconsistent_stats: 0.

CodeHeap 'non-profiled nmethods': size=120000Kb used=1439Kb max_used=1439Kb free=118560Kb
 bounds [0x000002a0f44b0000, 0x000002a0f4720000, 0x000002a0fb9e0000]
CodeHeap 'profiled nmethods': size=120000Kb used=4158Kb max_used=4158Kb free=115841Kb
 bounds [0x000002a0ec9e0000, 0x000002a0ecdf0000, 0x000002a0f3f10000]
CodeHeap 'non-nmethods': size=5760Kb used=3047Kb max_used=3096Kb free=2712Kb
 bounds [0x000002a0f3f10000, 0x000002a0f4230000, 0x000002a0f44b0000]
 total_blobs=4202 nmethods=2713 adapters=1393
 compilation: enabled
              stopped_count=0, restarted_count=0
 full_count=0

Compilation events (20 events):
Event: 57.463 Thread 0x000002a0ffb9cba0 2705       4       com.bedrye.bjge.GameEngine.Objects.Editor.UI.BJEEditorViewport::update (228 bytes)
Event: 57.468 Thread 0x000002a0ffb9cba0 nmethod 2705 0x000002a0f45fd190 code [0x000002a0f45fd500, 0x000002a0f45fddb0]
Event: 57.676 Thread 0x000002a0ffb9cba0 2706       4       com.bedrye.bjge.GameEngine.Objects.AmbientLight::update (19 bytes)
Event: 57.677 Thread 0x000002a0ffb9cba0 nmethod 2706 0x000002a0f45fe910 code [0x000002a0f45feac0, 0x000002a0f45fec30]
Event: 57.753 Thread 0x000002a0ffb9cba0 2707       4       com.bedrye.bjge.GameEngine.Objects.Editor.UI.BJEUIInspector::joinArrays (83 bytes)
Event: 57.763 Thread 0x000002a0ffb9cba0 nmethod 2707 0x000002a0f45fee10 code [0x000002a0f45ff060, 0x000002a0f46000c8]
Event: 58.225 Thread 0x000002a0ffb9cba0 2708       4       java.lang.Integer::getChars (121 bytes)
Event: 58.228 Thread 0x000002a0ffb9cba0 nmethod 2708 0x000002a0f4600a10 code [0x000002a0f4600bc0, 0x000002a0f4601070]
Event: 61.176 Thread 0x000002a0ffb9cba0 2709   !   4       com.bedrye.bjge.GameEngine.Objects.Editor.UI.BJEUIInspector::inspectTransform (806 bytes)
Event: 61.409 Thread 0x000002a0ffb9cba0 nmethod 2709 0x000002a0f4601310 code [0x000002a0f4602180, 0x000002a0f460c888]
Event: 61.808 Thread 0x000002a0ffb9cba0 2710       4       java.util.ArrayList::grow (60 bytes)
Event: 61.811 Thread 0x000002a0ffb9cba0 nmethod 2710 0x000002a0f4612310 code [0x000002a0f46124c0, 0x000002a0f4612b90]
Event: 64.787 Thread 0x000002a0ffb9cba0 2711       4       com.bedrye.bjge.GameEngine.Objects.BJECameraStart::update (15 bytes)
Event: 64.789 Thread 0x000002a0ffb9cba0 nmethod 2711 0x000002a0f4612d10 code [0x000002a0f4612ec0, 0x000002a0f46130b8]
Event: 68.892 Thread 0x000002a0ffb9cba0 2712       4       com.bedrye.bjge.GameEngine.Objects.Editor.BJEFolder::show (38 bytes)
Event: 68.895 Thread 0x000002a0ffb9cba0 nmethod 2712 0x000002a0f4613290 code [0x000002a0f4613460, 0x000002a0f4613710]
Event: 86.002 Thread 0x000002a0ffb9cba0 2713       4       com.bedrye.bjge.GameEngine.Objects.BJEEditorScene::updateUILayer (29 bytes)
Event: 86.023 Thread 0x000002a0ffb9cba0 nmethod 2713 0x000002a0f4613910 code [0x000002a0f4613dc0, 0x000002a0f4615168]
Event: 90.384 Thread 0x000002a0ffb9cba0 2714       4       imgui.glfw.ImGuiImplGlfw::updateMouseData (328 bytes)
Event: 90.390 Thread 0x000002a0ffb9cba0 nmethod 2714 0x000002a0f4616810 code [0x000002a0f4616b00, 0x000002a0f4617300]

GC Heap History (4 events):
Event: 0.279 GC heap before
{Heap before GC invocations=0 (full 0):
 garbage-first heap   total 260096K, used 22528K [0x0000000703600000, 0x0000000800000000)
  region size 2048K, 11 young (22528K), 0 survivors (0K)
 Metaspace       used 3877K, committed 4032K, reserved 1114112K
  class space    used 332K, committed 448K, reserved 1048576K
}
Event: 0.281 GC heap after
{Heap after GC invocations=1 (full 0):
 garbage-first heap   total 260096K, used 2527K [0x0000000703600000, 0x0000000800000000)
  region size 2048K, 2 young (4096K), 2 survivors (4096K)
 Metaspace       used 3877K, committed 4032K, reserved 1114112K
  class space    used 332K, committed 448K, reserved 1048576K
}
Event: 39.392 GC heap before
{Heap before GC invocations=1 (full 0):
 garbage-first heap   total 260096K, used 41439K [0x0000000703600000, 0x0000000800000000)
  region size 2048K, 22 young (45056K), 2 survivors (4096K)
 Metaspace       used 17913K, committed 18240K, reserved 1114112K
  class space    used 1448K, committed 1600K, reserved 1048576K
}
Event: 39.396 GC heap after
{Heap after GC invocations=2 (full 0):
 garbage-first heap   total 260096K, used 6424K [0x0000000703600000, 0x0000000800000000)
  region size 2048K, 3 young (6144K), 3 survivors (6144K)
 Metaspace       used 17913K, committed 18240K, reserved 1114112K
  class space    used 1448K, committed 1600K, reserved 1048576K
}

Dll operation events (15 events):
Event: 0.007 Loaded shared library C:\Users\stas2\.jdks\openjdk-21.0.1\bin\java.dll
Event: 0.033 Loaded shared library C:\Users\stas2\.jdks\openjdk-21.0.1\bin\jsvml.dll
Event: 0.061 Loaded shared library C:\Users\stas2\.jdks\openjdk-21.0.1\bin\net.dll
Event: 0.063 Loaded shared library C:\Users\stas2\.jdks\openjdk-21.0.1\bin\nio.dll
Event: 0.066 Loaded shared library C:\Users\stas2\.jdks\openjdk-21.0.1\bin\zip.dll
Event: 0.157 Loaded shared library C:\Users\stas2\.jdks\openjdk-21.0.1\bin\zip.dll
Event: 0.159 Loaded shared library C:\Users\stas2\.jdks\openjdk-21.0.1\bin\instrument.dll
Event: 0.176 Loaded shared library C:\IntelliJ IDEA Community Edition 2021.3.2\IntelliJ IDEA Community Edition 2023.2.1\bin\breakgen64.dll
Event: 0.228 Loaded shared library C:\Users\stas2\.jdks\openjdk-21.0.1\bin\jimage.dll
Event: 0.354 Loaded shared library C:\Users\stas2\AppData\Local\Temp\lwjgl_stas2\3.3.4+7\x64\lwjgl.dll
Event: 0.543 Loaded shared library C:\Users\stas2\AppData\Local\Temp\lwjgl_stas2\3.3.4+7\x64\lwjgl_opengl.dll
Event: 0.802 Loaded shared library C:\Users\stas2\AppData\Local\Temp\imgui-java-natives\1.89.0\imgui-java64.dll
Event: 0.836 Loaded shared library C:\Users\stas2\.jdks\openjdk-21.0.1\bin\verify.dll
Event: 0.850 Loaded shared library C:\Users\stas2\AppData\Local\Temp\lwjgl_stas2\3.3.4+7\x64\lwjgl_stb.dll
Event: 15.986 Loaded shared library C:\Users\stas2\.jdks\openjdk-21.0.1\bin\awt.dll

Deoptimization events (20 events):
Event: 37.614 Thread 0x000002a0e2229210 Uncommon trap: trap_request=0xffffff45 fr.pc=0x000002a0f45bec0c relative=0x000000000000030c
Event: 37.614 Thread 0x000002a0e2229210 Uncommon trap: reason=unstable_if action=reinterpret pc=0x000002a0f45bec0c method=org.joml.Math.cosFromSinInternal(FF)F @ 47 c2
Event: 37.614 Thread 0x000002a0e2229210 DEOPT PACKING pc=0x000002a0f45bec0c sp=0x000000c4296ff2e0
Event: 37.614 Thread 0x000002a0e2229210 DEOPT UNPACKING pc=0x000002a0f3f67da2 sp=0x000000c4296ff0f8 mode 2
Event: 37.614 Thread 0x000002a0e2229210 Uncommon trap: trap_request=0xffffff45 fr.pc=0x000002a0f45abcd4 relative=0x00000000000000f4
Event: 37.614 Thread 0x000002a0e2229210 Uncommon trap: reason=unstable_if action=reinterpret pc=0x000002a0f45abcd4 method=org.joml.Math.cosFromSinInternal(FF)F @ 47 c2
Event: 37.614 Thread 0x000002a0e2229210 DEOPT PACKING pc=0x000002a0f45abcd4 sp=0x000000c4296ff1e0
Event: 37.614 Thread 0x000002a0e2229210 DEOPT UNPACKING pc=0x000002a0f3f67da2 sp=0x000000c4296ff158 mode 2
Event: 48.475 Thread 0x000002a0e2229210 Uncommon trap: trap_request=0xffffff45 fr.pc=0x000002a0f45b56e4 relative=0x00000000000000a4
Event: 48.475 Thread 0x000002a0e2229210 Uncommon trap: reason=unstable_if action=reinterpret pc=0x000002a0f45b56e4 method=com.bedrye.bjge.GameEngine.Objects.Editor.BJEFolder.show()V @ 18 c2
Event: 48.475 Thread 0x000002a0e2229210 DEOPT PACKING pc=0x000002a0f45b56e4 sp=0x000000c4296ff660
Event: 48.476 Thread 0x000002a0e2229210 DEOPT UNPACKING pc=0x000002a0f3f67da2 sp=0x000000c4296ff5f8 mode 2
Event: 50.351 Thread 0x000002a0e2229210 Uncommon trap: trap_request=0xffffff45 fr.pc=0x000002a0f45ede34 relative=0x0000000000000df4
Event: 50.351 Thread 0x000002a0e2229210 Uncommon trap: reason=unstable_if action=reinterpret pc=0x000002a0f45ede34 method=com.bedrye.bjge.GameEngine.Objects.Editor.UI.BJEAssetHierarchy.update()V @ 15 c2
Event: 50.351 Thread 0x000002a0e2229210 DEOPT PACKING pc=0x000002a0f45ede34 sp=0x000000c4296ff690
Event: 50.351 Thread 0x000002a0e2229210 DEOPT UNPACKING pc=0x000002a0f3f67da2 sp=0x000000c4296ff610 mode 2
Event: 54.714 Thread 0x000002a0e2229210 Uncommon trap: trap_request=0xffffff45 fr.pc=0x000002a0f45eb974 relative=0x0000000000000474
Event: 54.714 Thread 0x000002a0e2229210 Uncommon trap: reason=unstable_if action=reinterpret pc=0x000002a0f45eb974 method=imgui.glfw.ImGuiImplGlfw.updateMouseData()V @ 55 c2
Event: 54.714 Thread 0x000002a0e2229210 DEOPT PACKING pc=0x000002a0f45eb974 sp=0x000000c4296ff650
Event: 54.714 Thread 0x000002a0e2229210 DEOPT UNPACKING pc=0x000002a0f3f67da2 sp=0x000000c4296ff5b8 mode 2

Classes loaded (20 events):
Event: 18.358 Loading class java/lang/reflect/ParameterizedType done
Event: 18.358 Loading class sun/reflect/generics/reflectiveObjects/ParameterizedTypeImpl done
Event: 18.358 Loading class sun/reflect/generics/tree/TypeVariableSignature
Event: 18.358 Loading class sun/reflect/generics/tree/TypeVariableSignature done
Event: 18.358 Loading class sun/reflect/generics/reflectiveObjects/TypeVariableImpl
Event: 18.358 Loading class sun/reflect/generics/reflectiveObjects/LazyReflectiveObjectGenerator
Event: 18.358 Loading class sun/reflect/generics/reflectiveObjects/LazyReflectiveObjectGenerator done
Event: 18.358 Loading class sun/reflect/generics/reflectiveObjects/TypeVariableImpl done
Event: 18.382 Loading class sun/reflect/generics/repository/FieldRepository
Event: 18.382 Loading class sun/reflect/generics/repository/FieldRepository done
Event: 18.398 Loading class sun/invoke/util/ValueConversions$1
Event: 18.398 Loading class sun/invoke/util/ValueConversions$1 done
Event: 18.399 Loading class java/lang/invoke/BoundMethodHandle$Species_LI
Event: 18.399 Loading class java/lang/invoke/BoundMethodHandle$Species_LI done
Event: 18.401 Loading class jdk/internal/math/FDBigInteger
Event: 18.402 Loading class jdk/internal/math/FDBigInteger done
Event: 31.496 Loading class java/lang/invoke/MethodHandle$1
Event: 31.496 Loading class java/lang/invoke/MethodHandle$1 done
Event: 168.970 Loading class jdk/internal/misc/Signal$1
Event: 168.970 Loading class jdk/internal/misc/Signal$1 done

Classes unloaded (0 events):
No events

Classes redefined (0 events):
No events

Internal exceptions (20 events):
Event: 18.339 Thread 0x000002a0e2229210 Exception <a 'java/lang/NoSuchMethodError'{0x00000007117e3c30}: 'java.lang.Object java.lang.invoke.DirectMethodHandle$Holder.newInvokeSpecial(java.lang.Object, java.lang.Object, java.lang.Object, java.lang.Object, java.lang.Object)'> (0x00000007117e3c30) 
thrown [s\open\src\hotspot\share\interpreter\linkResolver.cpp, line 773]
Event: 18.396 Thread 0x000002a0e2229210 Exception <a 'java/lang/NoSuchMethodError'{0x0000000711174e50}: 'void java.lang.invoke.Invokers$Holder.invokeExact_MT(java.lang.Object, java.lang.Object, java.lang.Object, java.lang.Object)'> (0x0000000711174e50) 
thrown [s\open\src\hotspot\share\interpreter\linkResolver.cpp, line 773]
Event: 18.398 Thread 0x000002a0e2229210 Exception <a 'java/lang/NoSuchMethodError'{0x0000000711195790}: 'void java.lang.invoke.DirectMethodHandle$Holder.invokeSpecial(java.lang.Object, java.lang.Object, float)'> (0x0000000711195790) 
thrown [s\open\src\hotspot\share\interpreter\linkResolver.cpp, line 773]
Event: 18.399 Thread 0x000002a0e2229210 Exception <a 'java/lang/NoSuchMethodError'{0x00000007111a0370}: 'float java.lang.invoke.DelegatingMethodHandle$Holder.reinvoke_L(java.lang.Object, java.lang.Object, int)'> (0x00000007111a0370) 
thrown [s\open\src\hotspot\share\interpreter\linkResolver.cpp, line 773]
Event: 18.400 Thread 0x000002a0e2229210 Exception <a 'java/lang/NoSuchMethodError'{0x00000007111b2038}: 'java.lang.Object java.lang.invoke.DirectMethodHandle$Holder.invokeStatic(java.lang.Object, java.lang.Object, java.lang.Object, java.lang.Object, int)'> (0x00000007111b2038) 
thrown [s\open\src\hotspot\share\interpreter\linkResolver.cpp, line 773]
Event: 18.400 Thread 0x000002a0e2229210 Exception <a 'java/lang/NoSuchMethodError'{0x00000007111bce58}: 'void java.lang.invoke.DelegatingMethodHandle$Holder.reinvoke_L(java.lang.Object, java.lang.Object, float)'> (0x00000007111bce58) 
thrown [s\open\src\hotspot\share\interpreter\linkResolver.cpp, line 773]
Event: 18.406 Thread 0x000002a0e2229210 Exception <a 'java/lang/NoSuchMethodError'{0x00000007111f50c0}: 'void java.lang.invoke.DirectMethodHandle$Holder.invokeVirtual(java.lang.Object, java.lang.Object, int)'> (0x00000007111f50c0) 
thrown [s\open\src\hotspot\share\interpreter\linkResolver.cpp, line 773]
Event: 18.406 Thread 0x000002a0e2229210 Exception <a 'java/lang/NoSuchMethodError'{0x00000007111f8e40}: 'int java.lang.invoke.DirectMethodHandle$Holder.invokeSpecial(java.lang.Object, java.lang.Object, java.lang.Object, int)'> (0x00000007111f8e40) 
thrown [s\open\src\hotspot\share\interpreter\linkResolver.cpp, line 773]
Event: 18.406 Thread 0x000002a0e2229210 Exception <a 'java/lang/NoSuchMethodError'{0x0000000710e02f60}: 'void java.lang.invoke.DelegatingMethodHandle$Holder.reinvoke_L(java.lang.Object, java.lang.Object, int)'> (0x0000000710e02f60) 
thrown [s\open\src\hotspot\share\interpreter\linkResolver.cpp, line 773]
Event: 18.424 Thread 0x000002a0e2229210 Exception <a 'sun/nio/fs/WindowsException'{0x0000000710eea0c0}> (0x0000000710eea0c0) 
thrown [s\open\src\hotspot\share\prims\jni.cpp, line 520]
Event: 18.434 Thread 0x000002a0e2229210 Exception <a 'sun/nio/fs/WindowsException'{0x0000000710ef65d0}> (0x0000000710ef65d0) 
thrown [s\open\src\hotspot\share\prims\jni.cpp, line 520]
Event: 18.434 Thread 0x000002a0e2229210 Exception <a 'sun/nio/fs/WindowsException'{0x0000000710ef6948}> (0x0000000710ef6948) 
thrown [s\open\src\hotspot\share\prims\jni.cpp, line 520]
Event: 18.436 Thread 0x000002a0e2229210 Exception <a 'sun/nio/fs/WindowsException'{0x0000000710ef8e28}> (0x0000000710ef8e28) 
thrown [s\open\src\hotspot\share\prims\jni.cpp, line 520]
Event: 18.438 Thread 0x000002a0e2229210 Exception <a 'sun/nio/fs/WindowsException'{0x0000000710efe2f0}> (0x0000000710efe2f0) 
thrown [s\open\src\hotspot\share\prims\jni.cpp, line 520]
Event: 18.495 Thread 0x000002a0e2229210 Exception <a 'sun/nio/fs/WindowsException'{0x0000000710f06ff0}> (0x0000000710f06ff0) 
thrown [s\open\src\hotspot\share\prims\jni.cpp, line 520]
Event: 18.495 Thread 0x000002a0e2229210 Exception <a 'sun/nio/fs/WindowsException'{0x0000000710f07370}> (0x0000000710f07370) 
thrown [s\open\src\hotspot\share\prims\jni.cpp, line 520]
Event: 18.497 Thread 0x000002a0e2229210 Exception <a 'sun/nio/fs/WindowsException'{0x0000000710f09858}> (0x0000000710f09858) 
thrown [s\open\src\hotspot\share\prims\jni.cpp, line 520]
Event: 18.527 Thread 0x000002a0e2229210 Exception <a 'java/lang/NoSuchMethodError'{0x0000000710f91218}: 'void java.lang.invoke.DirectMethodHandle$Holder.invokeVirtual(java.lang.Object, java.lang.Object, float)'> (0x0000000710f91218) 
thrown [s\open\src\hotspot\share\interpreter\linkResolver.cpp, line 773]
Event: 18.528 Thread 0x000002a0e2229210 Exception <a 'java/lang/NoSuchMethodError'{0x0000000710f9bf78}: 'java.lang.Object java.lang.invoke.DelegatingMethodHandle$Holder.reinvoke_L(java.lang.Object, float, float, float)'> (0x0000000710f9bf78) 
thrown [s\open\src\hotspot\share\interpreter\linkResolver.cpp, line 773]
Event: 18.553 Thread 0x000002a0e2229210 Implicit null exception at 0x000002a0f4576b81 to 0x000002a0f45773f0

ZGC Phase Switch (0 events):
No events

VM Operations (20 events):
Event: 37.581 Executing VM operation: Cleanup done
Event: 39.392 Executing VM operation: G1CollectForAllocation (G1 Evacuation Pause)
Event: 39.396 Executing VM operation: G1CollectForAllocation (G1 Evacuation Pause) done
Event: 40.399 Executing VM operation: Cleanup
Event: 40.399 Executing VM operation: Cleanup done
Event: 41.407 Executing VM operation: Cleanup
Event: 41.407 Executing VM operation: Cleanup done
Event: 48.473 Executing VM operation: Cleanup
Event: 48.473 Executing VM operation: Cleanup done
Event: 50.492 Executing VM operation: Cleanup
Event: 50.492 Executing VM operation: Cleanup done
Event: 56.543 Executing VM operation: Cleanup
Event: 56.543 Executing VM operation: Cleanup done
Event: 60.166 Executing VM operation: HandshakeAllThreads (HandshakeForDeflation)
Event: 60.166 Executing VM operation: HandshakeAllThreads (HandshakeForDeflation) done
Event: 60.166 Executing VM operation: RendezvousGCThreads
Event: 60.166 Executing VM operation: RendezvousGCThreads done
Event: 86.405 Executing VM operation: Cleanup
Event: 86.405 Executing VM operation: Cleanup done
Event: 169.072 Executing VM operation: Exit

Events (20 events):
Event: 0.839 Thread 0x000002a0ca58a350 Thread added: 0x000002a0ca58a350
Event: 0.897 Thread 0x000002a0ca524c80 Thread added: 0x000002a0ca524c80
Event: 1.014 Thread 0x000002a0c95a1a30 Thread added: 0x000002a0c95a1a30
Event: 1.136 Thread 0x000002a0c95a1a30 Thread exited: 0x000002a0c95a1a30
Event: 2.809 Thread 0x000002a0caa7b700 Thread added: 0x000002a0caa7b700
Event: 2.809 Thread 0x000002a0ca713390 Thread added: 0x000002a0ca713390
Event: 3.364 Thread 0x000002a0ca713390 Thread exited: 0x000002a0ca713390
Event: 3.566 Thread 0x000002a0caa7b700 Thread exited: 0x000002a0caa7b700
Event: 16.040 Thread 0x000002a0caa04950 Thread added: 0x000002a0caa04950
Event: 16.041 Thread 0x000002a0caa1e7e0 Thread added: 0x000002a0caa1e7e0
Event: 16.041 Thread 0x000002a0caa1ee50 Thread added: 0x000002a0caa1ee50
Event: 16.059 Thread 0x000002a0ca71fc60 Thread added: 0x000002a0ca71fc60
Event: 16.059 Thread 0x000002a0ca71fc60 Thread exited: 0x000002a0ca71fc60
Event: 16.061 Thread 0x000002a0ca7216a0 Thread added: 0x000002a0ca7216a0
Event: 39.400 Thread 0x000002a0c9e26bd0 Thread added: 0x000002a0c9e26bd0
Event: 39.913 Thread 0x000002a0c9e26bd0 Thread exited: 0x000002a0c9e26bd0
Event: 168.970 Thread 0x000002a0c94e0690 Thread added: 0x000002a0c94e0690
Event: 168.970 Thread 0x000002a0c94e0d20 Thread added: 0x000002a0c94e0d20
Event: 168.978 Thread 0x000002a0caa1ee50 Thread exited: 0x000002a0caa1ee50
Event: 169.072 Thread 0x000002a0c94e0d20 Thread exited: 0x000002a0c94e0d20


Dynamic libraries:
0x00007ff673940000 - 0x00007ff67394e000 	C:\Users\stas2\.jdks\openjdk-21.0.1\bin\java.exe
0x00007ffac7c80000 - 0x00007ffac7ee9000 	C:\WINDOWS\SYSTEM32\ntdll.dll
0x00007ffac5b10000 - 0x00007ffac5bd9000 	C:\WINDOWS\System32\KERNEL32.DLL
0x00007ffac5310000 - 0x00007ffac5703000 	C:\WINDOWS\System32\KERNELBASE.dll
0x00007ffac4e10000 - 0x00007ffac4f5b000 	C:\WINDOWS\System32\ucrtbase.dll
0x00007ffab94e0000 - 0x00007ffab94fb000 	C:\Users\stas2\.jdks\openjdk-21.0.1\bin\VCRUNTIME140.dll
0x00007ffab9ed0000 - 0x00007ffab9ee8000 	C:\Users\stas2\.jdks\openjdk-21.0.1\bin\jli.dll
0x00007ffac60a0000 - 0x00007ffac6264000 	C:\WINDOWS\System32\USER32.dll
0x00007ffaacac0000 - 0x00007ffaacd53000 	C:\WINDOWS\WinSxS\amd64_microsoft.windows.common-controls_6595b64144ccf1df_6.0.26100.5074_none_3e0d6f78e32fd63f\COMCTL32.dll
0x00007ffac5250000 - 0x00007ffac5277000 	C:\WINDOWS\System32\win32u.dll
0x00007ffac7170000 - 0x00007ffac7219000 	C:\WINDOWS\System32\msvcrt.dll
0x00007ffac6070000 - 0x00007ffac609b000 	C:\WINDOWS\System32\GDI32.dll
0x00007ffac5920000 - 0x00007ffac5a4d000 	C:\WINDOWS\System32\gdi32full.dll
0x00007ffac5710000 - 0x00007ffac57b3000 	C:\WINDOWS\System32\msvcp_win.dll
0x00007ffac7c00000 - 0x00007ffac7c2f000 	C:\WINDOWS\System32\IMM32.DLL
0x00007ffabf240000 - 0x00007ffabf24c000 	C:\Users\stas2\.jdks\openjdk-21.0.1\bin\vcruntime140_1.dll
0x00007ffa76f40000 - 0x00007ffa76fce000 	C:\Users\stas2\.jdks\openjdk-21.0.1\bin\msvcp140.dll
0x00007ffa12750000 - 0x00007ffa13465000 	C:\Users\stas2\.jdks\openjdk-21.0.1\bin\server\jvm.dll
0x00007ffac66a0000 - 0x00007ffac6754000 	C:\WINDOWS\System32\ADVAPI32.dll
0x00007ffac70c0000 - 0x00007ffac7166000 	C:\WINDOWS\System32\sechost.dll
0x00007ffac7ae0000 - 0x00007ffac7bf8000 	C:\WINDOWS\System32\RPCRT4.dll
0x00007ffac6a60000 - 0x00007ffac6ad4000 	C:\WINDOWS\System32\WS2_32.dll
0x00007ffac3a50000 - 0x00007ffac3aae000 	C:\WINDOWS\SYSTEM32\POWRPROF.dll
0x00007ffab73c0000 - 0x00007ffab73f5000 	C:\WINDOWS\SYSTEM32\WINMM.dll
0x00007ffabab30000 - 0x00007ffabab3b000 	C:\WINDOWS\SYSTEM32\VERSION.dll
0x00007ffac3a30000 - 0x00007ffac3a44000 	C:\WINDOWS\SYSTEM32\UMPDC.dll
0x00007ffac3d10000 - 0x00007ffac3d2b000 	C:\WINDOWS\SYSTEM32\kernel.appcore.dll
0x00007ffabd430000 - 0x00007ffabd43a000 	C:\Users\stas2\.jdks\openjdk-21.0.1\bin\jimage.dll
0x00007ffac2590000 - 0x00007ffac27d2000 	C:\WINDOWS\SYSTEM32\DBGHELP.DLL
0x00007ffac6b70000 - 0x00007ffac6eeb000 	C:\WINDOWS\System32\combase.dll
0x00007ffac7970000 - 0x00007ffac7a47000 	C:\WINDOWS\System32\OLEAUT32.dll
0x00007ffaa9e70000 - 0x00007ffaa9ead000 	C:\WINDOWS\SYSTEM32\dbgcore.DLL
0x00007ffac5880000 - 0x00007ffac5919000 	C:\WINDOWS\System32\bcryptPrimitives.dll
0x00007ffabbdd0000 - 0x00007ffabbddf000 	C:\Users\stas2\.jdks\openjdk-21.0.1\bin\instrument.dll
0x00007ffab83a0000 - 0x00007ffab83bf000 	C:\Users\stas2\.jdks\openjdk-21.0.1\bin\java.dll
0x00007ffac7220000 - 0x00007ffac796d000 	C:\WINDOWS\System32\SHELL32.dll
0x00007ffac50e0000 - 0x00007ffac524c000 	C:\WINDOWS\System32\wintypes.dll
0x00007ffac2a80000 - 0x00007ffac32d9000 	C:\WINDOWS\SYSTEM32\windows.storage.dll
0x00007ffac6ef0000 - 0x00007ffac6fe0000 	C:\WINDOWS\System32\SHCORE.dll
0x00007ffac6ae0000 - 0x00007ffac6b42000 	C:\WINDOWS\System32\shlwapi.dll
0x00007ffac4d30000 - 0x00007ffac4d59000 	C:\WINDOWS\SYSTEM32\profapi.dll
0x00007ffa76e60000 - 0x00007ffa76f37000 	C:\Users\stas2\.jdks\openjdk-21.0.1\bin\jsvml.dll
0x00007ffabbaf0000 - 0x00007ffabbb00000 	C:\Users\stas2\.jdks\openjdk-21.0.1\bin\net.dll
0x00007ffabbf60000 - 0x00007ffabc07f000 	C:\WINDOWS\SYSTEM32\WINHTTP.dll
0x00007ffac4290000 - 0x00007ffac42fb000 	C:\WINDOWS\system32\mswsock.dll
0x00007ffaaeb10000 - 0x00007ffaaeb26000 	C:\Users\stas2\.jdks\openjdk-21.0.1\bin\nio.dll
0x00007ffaaa010000 - 0x00007ffaaa028000 	C:\Users\stas2\.jdks\openjdk-21.0.1\bin\zip.dll
0x00007ffaa9ff0000 - 0x00007ffaaa00a000 	C:\IntelliJ IDEA Community Edition 2021.3.2\IntelliJ IDEA Community Edition 2023.2.1\bin\breakgen64.dll
0x00007ffa974f0000 - 0x00007ffa9756b000 	C:\Users\stas2\AppData\Local\Temp\lwjgl_stas2\3.3.4+7\x64\lwjgl.dll
0x00007ffa5ccf0000 - 0x00007ffa5cd75000 	C:\Users\stas2\AppData\Local\Temp\lwjgl_stas2\3.3.4+7\x64\glfw.dll
0x00007ffa5cca0000 - 0x00007ffa5cceb000 	C:\WINDOWS\SYSTEM32\dinput8.dll
0x00007ffaa36b0000 - 0x00007ffaa36c2000 	C:\WINDOWS\SYSTEM32\xinput1_4.dll
0x00007ffac4ac0000 - 0x00007ffac4b17000 	C:\WINDOWS\SYSTEM32\cfgmgr32.dll
0x00007ffac4a90000 - 0x00007ffac4abd000 	C:\WINDOWS\SYSTEM32\DEVOBJ.dll
0x00007ffac1d20000 - 0x00007ffac1d4b000 	C:\WINDOWS\SYSTEM32\dwmapi.dll
0x00007ffa9a160000 - 0x00007ffa9a33a000 	C:\WINDOWS\SYSTEM32\inputhost.dll
0x00007ffabef10000 - 0x00007ffabf035000 	C:\WINDOWS\SYSTEM32\CoreMessaging.dll
0x00007ffabf4e0000 - 0x00007ffabf588000 	C:\WINDOWS\system32\uxtheme.dll
0x00007ffac4550000 - 0x00007ffac455c000 	C:\WINDOWS\SYSTEM32\CRYPTBASE.DLL
0x00007ffac6530000 - 0x00007ffac6688000 	C:\WINDOWS\System32\MSCTF.dll
0x00007ffa94640000 - 0x00007ffa9474c000 	C:\WINDOWS\SYSTEM32\opengl32.dll
0x00007ffa96270000 - 0x00007ffa9629d000 	C:\WINDOWS\SYSTEM32\GLU32.dll
0x00007ffac1da0000 - 0x00007ffac1de4000 	C:\WINDOWS\SYSTEM32\dxcore.dll
0x00007ffabd0b0000 - 0x00007ffabd110000 	C:\WINDOWS\SYSTEM32\directxdatabasehelper.dll
0x00007ffab54c0000 - 0x00007ffab54da000 	C:\WINDOWS\SYSTEM32\windows.staterepositorycore.dll
0x00007ffa41fd0000 - 0x00007ffa42fc3000 	C:\WINDOWS\System32\DriverStore\FileRepository\iigd_dch.inf_amd64_5802b1615520e41c\igxelpicd64.dll
0x00007ffac68c0000 - 0x00007ffac6a58000 	C:\WINDOWS\System32\ole32.dll
0x00007ffac1ba0000 - 0x00007ffac1cda000 	C:\WINDOWS\system32\dxgi.dll
0x00007ffa48d00000 - 0x00007ffa48fe7000 	C:\WINDOWS\System32\DriverStore\FileRepository\iigd_dch.inf_amd64_5802b1615520e41c\igdml64.dll
0x00007ffab2f10000 - 0x00007ffab32d7000 	C:\WINDOWS\System32\DriverStore\FileRepository\iigd_dch.inf_amd64_5802b1615520e41c\igdgmm64.dll
0x00007ffaaf880000 - 0x00007ffab2e91000 	C:\WINDOWS\System32\DriverStore\FileRepository\iigd_dch.inf_amd64_5802b1615520e41c\igc64.dll
0x00007ffa91ad0000 - 0x00007ffa91c19000 	C:\WINDOWS\SYSTEM32\textinputframework.dll
0x00007ffab5eb0000 - 0x00007ffab6193000 	C:\WINDOWS\SYSTEM32\CoreUIComponents.dll
0x00007ffa5cc30000 - 0x00007ffa5cc91000 	C:\Users\stas2\AppData\Local\Temp\lwjgl_stas2\3.3.4+7\x64\lwjgl_opengl.dll
0x00007ff9d3c00000 - 0x00007ff9d43f4000 	C:\Users\stas2\AppData\Local\Temp\imgui-java-natives\1.89.0\imgui-java64.dll
0x00007ffabbaa0000 - 0x00007ffabbab0000 	C:\Users\stas2\.jdks\openjdk-21.0.1\bin\verify.dll
0x00007ffa5a300000 - 0x00007ffa5a3a0000 	C:\Users\stas2\AppData\Local\Temp\lwjgl_stas2\3.3.4+7\x64\lwjgl_stb.dll
0x00007ffa51d00000 - 0x00007ffa51e8e000 	C:\Users\stas2\.jdks\openjdk-21.0.1\bin\awt.dll
0x00007ffabf300000 - 0x00007ffabf39e000 	C:\WINDOWS\SYSTEM32\apphelp.dll
0x00007ffac67c0000 - 0x00007ffac68b1000 	C:\WINDOWS\System32\COMDLG32.dll
0x00007ffac5a50000 - 0x00007ffac5b01000 	C:\WINDOWS\System32\clbcatq.dll
0x00007ffa92560000 - 0x00007ffa92613000 	C:\WINDOWS\SYSTEM32\TextShaping.dll
0x00007ffa9a020000 - 0x00007ffa9a098000 	C:\WINDOWS\SYSTEM32\OLEACC.dll
0x00007ffa863f0000 - 0x00007ffa86809000 	C:\WINDOWS\SYSTEM32\UIAutomationCore.DLL
0x00007ffa94420000 - 0x00007ffa94449000 	C:\WINDOWS\SYSTEM32\edputil.dll
0x00007ffabdb40000 - 0x00007ffabdd6f000 	C:\WINDOWS\SYSTEM32\WindowsCodecs.dll
0x00007ffa78130000 - 0x00007ffa7819f000 	C:\Windows\System32\thumbcache.dll
0x00007ffa8c590000 - 0x00007ffa8c64d000 	C:\Windows\System32\OneCoreCommonProxyStub.dll
0x00007ffa846b0000 - 0x00007ffa846ff000 	C:\Windows\System32\vaultcli.dll
0x00007ffabd320000 - 0x00007ffabd424000 	C:\WINDOWS\system32\propsys.dll
0x00007ffa7aaa0000 - 0x00007ffa7aabb000 	C:\WINDOWS\system32\NetworkExplorer.dll
0x00007ffa78220000 - 0x00007ffa782c7000 	C:\WINDOWS\SYSTEM32\ntshrui.dll
0x00007ffaab920000 - 0x00007ffaab949000 	C:\WINDOWS\SYSTEM32\srvcli.dll
0x00007ffa93090000 - 0x00007ffa930a3000 	C:\WINDOWS\SYSTEM32\cscapi.dll
0x00007ffa9fe00000 - 0x00007ffa9febe000 	C:\WINDOWS\System32\StructuredQuery.dll
0x00007ffaa9640000 - 0x00007ffaa98de000 	C:\WINDOWS\System32\icu.dll
0x00007ffaae0c0000 - 0x00007ffaae70c000 	C:\Windows\System32\OneCoreUAPCommonProxyStub.dll
0x00007ffa8c0d0000 - 0x00007ffa8c205000 	C:\WINDOWS\system32\Windows.Storage.Search.dll
0x00007ffab8bf0000 - 0x00007ffab8c4a000 	C:\WINDOWS\system32\dataexchange.dll
0x00007ffa8c410000 - 0x00007ffa8c589000 	C:\Windows\System32\Windows.System.Launcher.dll
0x00007ffabb4c0000 - 0x00007ffabb6f9000 	C:\WINDOWS\system32\twinapi.appcore.dll
0x00007ffaace00000 - 0x00007ffaacfdf000 	C:\Windows\System32\urlmon.dll
0x00007ffaab980000 - 0x00007ffaabc44000 	C:\Windows\System32\iertutil.dll
0x00007ffac3640000 - 0x00007ffac364d000 	C:\Windows\System32\netutils.dll
0x00007ffac3fb0000 - 0x00007ffac3ff9000 	C:\Windows\System32\SspiCli.dll
0x00007ffa8d020000 - 0x00007ffa8d0e4000 	C:\Windows\System32\Windows.StateRepositoryPS.dll
0x00007ffa9be70000 - 0x00007ffa9beb7000 	C:\WINDOWS\SYSTEM32\windows.staterepositoryclient.dll
0x00007ffa68050000 - 0x00007ffa68246000 	C:\Users\stas2\AppData\Local\Microsoft\OneDrive\25.164.0824.0003\FileSyncShell64.dll
0x00007ffac4f60000 - 0x00007ffac50d7000 	C:\WINDOWS\System32\CRYPT32.dll
0x00007ffac4d00000 - 0x00007ffac4d26000 	C:\WINDOWS\SYSTEM32\bcrypt.dll
0x00007ffaad010000 - 0x00007ffaad299000 	C:\WINDOWS\SYSTEM32\WININET.dll
0x00007ffabf2c0000 - 0x00007ffabf2cd000 	C:\WINDOWS\SYSTEM32\Secur32.dll
0x00007ffac4330000 - 0x00007ffac435b000 	C:\WINDOWS\SYSTEM32\USERENV.dll
0x00007ffabf2d0000 - 0x00007ffabf2fa000 	C:\WINDOWS\SYSTEM32\WTSAPI32.dll
0x00007ffa99770000 - 0x00007ffa99887000 	C:\Windows\System32\MrmCoreR.dll
0x00007ffa9ce80000 - 0x00007ffa9ceb4000 	C:\Windows\System32\bcp47mrm.dll
0x00007ffa6a290000 - 0x00007ffa6a2c8000 	C:\Windows\System32\EhStorShell.dll
0x00007ffac5be0000 - 0x00007ffac6067000 	C:\WINDOWS\System32\SETUPAPI.dll
0x00007ffa97c90000 - 0x00007ffa97de0000 	C:\Windows\System32\Windows.UI.dll
0x00007ffa6d780000 - 0x00007ffa6d83e000 	C:\Windows\System32\Windows.FileExplorer.Common.dll
0x00007ffa41c50000 - 0x00007ffa41d78000 	C:\Users\stas2\AppData\Local\Temp\lwjgl_stas2\3.3.4+7\x64\draco.dll
0x00007ff9d2560000 - 0x00007ff9d2c1b000 	C:\Users\stas2\AppData\Local\Temp\lwjgl_stas2\3.3.4+7\x64\assimp.dll

dbghelp: loaded successfully - version: 4.0.5 - missing functions: none
symbol engine: initialized successfully - sym options: 0x614 - pdb path: .;C:\Users\stas2\.jdks\openjdk-21.0.1\bin;C:\WINDOWS\SYSTEM32;C:\WINDOWS\WinSxS\amd64_microsoft.windows.common-controls_6595b64144ccf1df_6.0.26100.5074_none_3e0d6f78e32fd63f;C:\Users\stas2\.jdks\openjdk-21.0.1\bin\server;C:\IntelliJ IDEA Community Edition 2021.3.2\IntelliJ IDEA Community Edition 2023.2.1\bin;C:\Users\stas2\AppData\Local\Temp\lwjgl_stas2\3.3.4+7\x64;C:\WINDOWS\System32\DriverStore\FileRepository\iigd_dch.inf_amd64_5802b1615520e41c;C:\Users\stas2\AppData\Local\Temp\imgui-java-natives\1.89.0;C:\Users\stas2\AppData\Local\Microsoft\OneDrive\25.164.0824.0003

VM Arguments:
jvm_args: -javaagent:C:\IntelliJ IDEA Community Edition 2021.3.2\IntelliJ IDEA Community Edition 2023.2.1\lib\idea_rt.jar=62346:C:\IntelliJ IDEA Community Edition 2021.3.2\IntelliJ IDEA Community Edition 2023.2.1\bin -Dfile.encoding=windows-1252 -Dsun.stdout.encoding=windows-1252 -Dsun.stderr.encoding=windows-1252 --module-path=C:\Users\stas2\.m2\repository\org\lwjgl\lwjgl\3.3.4\lwjgl-3.3.4.jar;C:\Users\stas2\.m2\repository\org\lwjgl\lwjgl-glfw\3.3.4\lwjgl-glfw-3.3.4.jar;C:\Users\stas2\.m2\repository\org\lwjgl\lwjgl-vulkan\3.3.4\lwjgl-vulkan-3.3.4.jar;C:\Users\stas2\.m2\repository\io\github\spair\imgui-java-lwjgl3\1.89.0\imgui-java-lwjgl3-1.89.0.jar;O:\GIt\MultiplayerShooter\target\classes;C:\Users\stas2\.m2\repository\com\fasterxml\jackson\core\jackson-core\2.17.2\jackson-core-2.17.2.jar;C:\Users\stas2\.m2\repository\org\lwjgl\lwjgl-stb\3.3.4\lwjgl-stb-3.3.4.jar;C:\Users\stas2\.m2\repository\com\fasterxml\jackson\core\jackson-annotations\2.17.2\jackson-annotations-2.17.2.jar;C:\Users\stas2\.m2\repository\io\github\spair\imgui-java-binding\1.89.0\imgui-java-binding-1.89.0.jar;C:\Users\stas2\.m2\repository\org\joml\joml\1.10.7\joml-1.10.7.jar;C:\Users\stas2\.m2\repository\org\lwjgl\lwjgl-assimp\3.3.4\lwjgl-assimp-3.3.4.jar;C:\Users\stas2\.m2\repository\org\lwjgl\lwjgl-opengl\3.3.4\lwjgl-opengl-3.3.4.jar;C:\Users\stas2\.m2\repository\org\joml\joml-primitives\1.10.0\joml-primitives-1.10.0.jar;C:\Users\stas2\.m2\repository\com\fasterxml\jackson\core\jackson-databind\2.17.2\jackson-databind-2.17.2.jar -Djdk.module.main=com.bedrye.bjge 
java_command: com.bedrye.bjge/com.bedrye.bjge.TestMain
java_class_path (initial): C:\Users\stas2\.m2\repository\io\github\spair\imgui-java-natives-windows\1.89.0\imgui-java-natives-windows-1.89.0.jar;C:\Users\stas2\.m2\repository\org\junit\jupiter\junit-jupiter-api\5.9.2\junit-jupiter-api-5.9.2.jar;C:\Users\stas2\.m2\repository\org\opentest4j\opentest4j\1.2.0\opentest4j-1.2.0.jar;C:\Users\stas2\.m2\repository\org\junit\platform\junit-platform-commons\1.9.2\junit-platform-commons-1.9.2.jar;C:\Users\stas2\.m2\repository\org\apiguardian\apiguardian-api\1.1.2\apiguardian-api-1.1.2.jar;C:\Users\stas2\.m2\repository\org\junit\jupiter\junit-jupiter-engine\5.9.2\junit-jupiter-engine-5.9.2.jar;C:\Users\stas2\.m2\repository\org\junit\platform\junit-platform-engine\1.9.2\junit-platform-engine-1.9.2.jar;C:\Users\stas2\.m2\repository\org\lwjgl\lwjgl-bgfx\3.3.4\lwjgl-bgfx-3.3.4.jar;C:\Users\stas2\.m2\repository\org\lwjgl\lwjgl-nanovg\3.3.4\lwjgl-nanovg-3.3.4.jar;C:\Users\stas2\.m2\repository\org\lwjgl\lwjgl-nuklear\3.3.4\lwjgl-nuklear-3.3.4.jar;C:\Users\stas2\.m2\repository\org\lwjgl\lwjgl-openal\3.3.4\lwjgl-openal-3.3.4.jar;C:\Users\stas2\.m2\repository\org\lwjgl\lwjgl-par\3.3.4\lwjgl-par-3.3.4.jar;C:\Users\stas2\.m2\repository\org\lwjgl\lwjgl\3.3.4\lwjgl-3.3.4-natives-windows.jar;C:\Users\stas2\.m2\repository\org\lwjgl\lwjgl-assimp\3.3.4\lwjgl-assimp-3.3.4-natives-windows.jar;C:\Users\stas2\.m2\repository\org\lwjgl\lwjgl-bgfx\3.3.4\lwjgl-bgfx-3.3.4-natives-windows.jar;C:\Users\stas2\.m2\repository\org\lwjgl\lwjgl-glfw\3.3.4\lwjgl-glfw-3.3.4-natives-windows.jar;C:\Users\stas2\.m2\repository\org\lwjgl\lwjgl-nanovg\3.3.4\lwjgl-nanovg-3.3.4-natives-windows.jar;C:\Users\stas2\.m2\repository\org\lwjgl\lwjgl-nuklear\3.3.4\lwjgl-nuklear-3.3.4-natives-windows.jar;C:\Users\stas2\.m2\repository\org\lwjgl\lwjgl-openal\3.3.4\lwjgl-openal-3.3.4-natives-windows.jar;C:\Users\stas2\.m2\repository\org\lwjgl\lwjgl-opengl\3.3.4\lwjgl-opengl-3.3.4-natives-windows.jar;C:\Users\stas2\.m2\repository\org\lwjgl\lwjgl-par\3.3.4\lwjgl-par-3.3.4-natives-windows.jar;C:\Users\stas2\.m2\repository\org\lwjgl\lwjgl-stb\3.3.4\lwjgl-stb-3.3.4-natives-windows.jar
Launcher Type: SUN_STANDARD

[Global flags]
     intx CICompilerCount                          = 4                                         {product} {ergonomic}
     uint ConcGCThreads                            = 3                                         {product} {ergonomic}
     uint G1ConcRefinementThreads                  = 10                                        {product} {ergonomic}
   size_t G1HeapRegionSize                         = 2097152                                   {product} {ergonomic}
    uintx GCDrainStackTargetSize                   = 64                                        {product} {ergonomic}
   size_t InitialHeapSize                          = 266338304                                 {product} {ergonomic}
   size_t MarkStackSize                            = 4194304                                   {product} {ergonomic}
   size_t MaxHeapSize                              = 4238344192                                {product} {ergonomic}
   size_t MaxNewSize                               = 2541748224                                {product} {ergonomic}
   size_t MinHeapDeltaBytes                        = 2097152                                   {product} {ergonomic}
   size_t MinHeapSize                              = 8388608                                   {product} {ergonomic}
    uintx NonNMethodCodeHeapSize                   = 5839372                                {pd product} {ergonomic}
    uintx NonProfiledCodeHeapSize                  = 122909434                              {pd product} {ergonomic}
    uintx ProfiledCodeHeapSize                     = 122909434                              {pd product} {ergonomic}
    uintx ReservedCodeCacheSize                    = 251658240                              {pd product} {ergonomic}
     bool SegmentedCodeCache                       = true                                      {product} {ergonomic}
   size_t SoftMaxHeapSize                          = 4238344192                             {manageable} {ergonomic}
     bool UseCompressedOops                        = true                           {product lp64_product} {ergonomic}
     bool UseG1GC                                  = true                                      {product} {ergonomic}
     bool UseLargePagesIndividualAllocation        = false                                  {pd product} {ergonomic}

Logging:
Log output configuration:
 #0: stdout all=off uptime,level,tags foldmultilines=false
 #1: stderr all=off uptime,level,tags foldmultilines=false

Environment Variables:
JAVA_HOME=C:\Program Files\Java\jdk-21
PATH=C:\Program Files\PlasticSCM5\server;C:\Program Files\PlasticSCM5\client;C:\Program Files\NVIDIA GPU Computing Toolkit\CUDA\v12.6\bin;C:\Program Files\NVIDIA GPU Computing Toolkit\CUDA\v12.6\libnvvp;C:\Program Files\Common Files\Oracle\Java\javapath;C:\Windows\system32;C:\Windows;C:\Program Files\Java\jdk-11.0.2\bin;C:\Windows\System32\Wbem;C:\ORacleDatabase\dbhomeXE\bin;C:\Windows\System32\WindowsPowerShell\v1.0\;C:\Windows\System32\OpenSSH\;C:\Program Files (x86)\NVIDIA Corporation\PhysX\Common;C:\Program Files\NVIDIA Corporation\NVIDIA NvDLISR;C:\Program Files\Git LFS;C:\Program Files\Git\cmd;C:\Program Files (x86)\Windows Kits\10\Windows Performance Toolkit\;C:\Program Files (x86)\Steam\steamapps\common\Counter-Strike Global Offensive\game\bin\win64;C:\Users\stas2\AppData\Local\Programs\Python\Python311;C:\Program Files\dotnet\;C:\Program Files\Microsoft SQL Server\150\Tools\Binn\;C:\Program Files\Microsoft SQL Server\Client SDK\ODBC\170\Tools\Binn\;C:\Program Files\NVIDIA Corporation\Nsight Compute 2024.3.2\;C:\Program Files (x86)\Microsoft SQL Server\160\Tools\Binn\;C:\Program Files\Microsoft SQL Server\160\Tools\Binn\;C:\Program Files\Microsoft SQL Server\160\DTS\Binn\;C:\Program Files (x86)\Microsoft SQL Server\160\DTS\Binn\;C:\WINDOWS\system32;C:\WINDOWS;C:\WINDOWS\System32\Wbem;C:\WINDOWS\System32\WindowsPowerShell\v1.0\;C:\WINDOWS\System32\OpenSSH\;C:\Program Files\Docker\Docker\resources\bin;O:\npdejs\;C:\Users\stas2\AppData\Local\Microsoft\WindowsApps;C:\Users\stas2\AppData\Local\Programs\Microsoft VS Code\bin;C:\Users\stas2\AppData\Local\GitHubDesktop\bin;C:\Users\stas2\AppData\Local\Programs\Python\Python311;C:\Program Files (x86)\Steam\steamapps\common\Counter-Strike Global Offensive\game\bin\win64;C:\Users\stas2\.dotnet\tools;C:\Users\stas2\AppData\Local\Muse Hub\lib;C:\Users\stas2\AppData\Roaming\npm
USERNAME=stas2
OS=Windows_NT
PROCESSOR_IDENTIFIER=Intel64 Family 6 Model 141 Stepping 1, GenuineIntel
TMP=C:\Users\stas2\AppData\Local\Temp
TEMP=C:\Users\stas2\AppData\Local\Temp




Periodic native trim disabled

---------------  S Y S T E M  ---------------

OS:
 Windows 11 , 64 bit Build 26100 (10.0.26100.5074)
OS uptime: 26 days 5:36 hours
Hyper-V role detected

CPU: total 12 (initial active 12) (6 cores per cpu, 2 threads per core) family 6 model 141 stepping 1 microcode 0x3c, cx8, cmov, fxsr, ht, mmx, 3dnowpref, sse, sse2, sse3, ssse3, sse4.1, sse4.2, popcnt, lzcnt, tsc, tscinvbit, avx, avx2, aes, erms, clmul, bmi1, bmi2, adx, avx512f, avx512dq, avx512cd, avx512bw, avx512vl, sha, fma, vzeroupper, avx512_vpopcntdq, avx512_vpclmulqdq, avx512_vaes, avx512_vnni, clflush, clflushopt, clwb, avx512_vbmi2, avx512_vbmi, hv, rdtscp, rdpid, fsrm, gfni, avx512_bitalg, f16c, cet_ibt, cet_ss, avx512_ifma
Processor Information for all 12 processors :
  Max Mhz: 2688, Current Mhz: 2688, Mhz Limit: 2688

Memory: 4k page, system-wide physical 16163M (2127M free)
TotalPageFile size 36643M (AvailPageFile size 5570M)
current process WorkingSet (physical memory assigned to process): 305M, peak: 324M
current process commit charge ("private bytes"): 447M, peak: 471M

vm_info: OpenJDK 64-Bit Server VM (21.0.1+12-29) for windows-amd64 JRE (21.0.1+12-29), built on 2023-10-05T13:27:09Z by "mach5one" with MS VC++ 17.1 (VS2022)

END.
