#
# A fatal error has been detected by the Java Runtime Environment:
#
#  EXCEPTION_ACCESS_VIOLATION (0xc0000005) at pc=0x00007ffdb53a6fa6, pid=32548, tid=34772
#
# JRE version: OpenJDK Runtime Environment (21.0.1+12) (build 21.0.1+12-29)
# Java VM: OpenJDK 64-Bit Server VM (21.0.1+12-29, mixed mode, sharing, tiered, compressed oops, compressed class ptrs, g1 gc, windows-amd64)
# Problematic frame:
# C  [igxelpicd64.dll+0x16fa6]
#
# No core dump will be written. Minidumps are not enabled by default on client versions of Windows
#
# If you would like to submit a bug report, please visit:
#   https://bugreport.java.com/bugreport/crash.jsp
# The crash happened outside the Java Virtual Machine in native code.
# See problematic frame for where to report the bug.
#

---------------  S U M M A R Y ------------

Command Line: -javaagent:C:\IntelliJ IDEA Community Edition 2021.3.2\IntelliJ IDEA Community Edition 2023.2.1\lib\idea_rt.jar=51298:C:\IntelliJ IDEA Community Edition 2021.3.2\IntelliJ IDEA Community Edition 2023.2.1\bin -Dfile.encoding=windows-1252 -Dsun.stdout.encoding=windows-1252 -Dsun.stderr.encoding=windows-1252 --module-path=O:\GIt\MultiplayerShooter\target\classes;C:\Users\stas2\.m2\repository\com\fasterxml\jackson\core\jackson-databind\2.17.2\jackson-databind-2.17.2.jar;C:\Users\stas2\.m2\repository\org\lwjgl\lwjgl-vulkan\3.3.4\lwjgl-vulkan-3.3.4.jar;C:\Users\stas2\.m2\repository\org\lwjgl\lwjgl-glfw\3.3.4\lwjgl-glfw-3.3.4.jar;C:\Users\stas2\.m2\repository\org\joml\joml\1.10.7\joml-1.10.7.jar;C:\Users\stas2\.m2\repository\com\fasterxml\jackson\core\jackson-annotations\2.17.2\jackson-annotations-2.17.2.jar;C:\Users\stas2\.m2\repository\org\lwjgl\lwjgl-stb\3.3.4\lwjgl-stb-3.3.4.jar;C:\Users\stas2\.m2\repository\io\github\spair\imgui-java-binding\1.89.0\imgui-java-binding-1.89.0.jar;C:\Users\stas2\.m2\repository\com\fasterxml\jackson\core\jackson-core\2.17.2\jackson-core-2.17.2.jar;C:\Users\stas2\.m2\repository\io\github\spair\imgui-java-lwjgl3\1.89.0\imgui-java-lwjgl3-1.89.0.jar;C:\Users\stas2\.m2\repository\org\lwjgl\lwjgl-opengl\3.3.4\lwjgl-opengl-3.3.4.jar;C:\Users\stas2\.m2\repository\org\joml\joml-primitives\1.10.0\joml-primitives-1.10.0.jar;C:\Users\stas2\.m2\repository\org\lwjgl\lwjgl-assimp\3.3.4\lwjgl-assimp-3.3.4.jar;C:\Users\stas2\.m2\repository\org\lwjgl\lwjgl\3.3.4\lwjgl-3.3.4.jar -Djdk.module.main=com.bedrye.bjge com.bedrye.bjge/com.bedrye.bjge.TestMain

Host: 11th Gen Intel(R) Core(TM) i5-11400H @ 2.70GHz, 12 cores, 15G,  Windows 11 , 64 bit Build 26100 (10.0.26100.5074)
Time: Wed Oct 15 22:27:07 2025 FLE Summer Time elapsed time: 80.912532 seconds (0d 0h 1m 20s)

---------------  T H R E A D  ---------------

Current thread (0x00000265faaad970):  JavaThread "main"             [_thread_in_native, id=34772, stack(0x000000f8d3500000,0x000000f8d3600000) (1024K)]

Stack: [0x000000f8d3500000,0x000000f8d3600000],  sp=0x000000f8d35fee90,  free space=1019k
Native frames: (J=compiled Java code, j=interpreted, Vv=VM code, C=native code)
C  [igxelpicd64.dll+0x16fa6]

Java frames: (J=compiled Java code, j=interpreted, Vv=VM code)
J 2705  org.lwjgl.opengl.GL11C.glClear(I)V org.lwjgl.opengl@3.3.4+7 (0 bytes) @ 0x000002658ff4dc99 [0x000002658ff4dc40+0x0000000000000059]
J 3016 c2 com.bedrye.bjge.GameEngine.Objects.BJEEditorScene.render()V com.bedrye.bjge (68 bytes) @ 0x000002658ff97058 [0x000002658ff96fe0+0x0000000000000078]
j  com.bedrye.bjge.GameEngine.EngineWindowManager.update()V+114 com.bedrye.bjge
j  com.bedrye.bjge.GameEngine.EngineWindowManager.run()V+5 com.bedrye.bjge
j  com.bedrye.bjge.TestMain.main([Ljava/lang/String;)V+3 com.bedrye.bjge
v  ~StubRoutines::call_stub 0x000002658f8b10e7

siginfo: EXCEPTION_ACCESS_VIOLATION (0xc0000005), writing address 0x00000265e7020000


Registers:
RAX=0x00000000680b0000, RBX=0x00000265e3392150, RCX=0x00000265e7020000, RDX=0x00007ffdb62a7e00
RSP=0x000000f8d35fee90, RBP=0x000000f8d35fefc0, RSI=0x0000000000000000, RDI=0x00000265e335d340
R8 =0x0000000000000004, R9 =0x000000f8d35ff070, R10=0x0000000000000780, R11=0x000002658ff97000
R12=0x0000000000000000, R13=0x0000000000004000, R14=0x0000000000000001, R15=0x00000265faaad970
RIP=0x00007ffdb53a6fa6, EFLAGS=0x0000000000010202


Register to memory mapping:

RAX=0x00000000680b0000 is an unknown value
RBX=0x00000265e3392150 points into unknown readable memory: 0x0000000000000000 | 00 00 00 00 00 00 00 00
RCX=0x00000265e7020000 is an unknown value
RDX=0x00007ffdb62a7e00 igxelpicd64.dll
RSP=0x000000f8d35fee90 is pointing into the stack for thread: 0x00000265faaad970
RBP=0x000000f8d35fefc0 is pointing into the stack for thread: 0x00000265faaad970
RSI=0x0 is null
RDI=0x00000265e335d340 points into unknown readable memory: 0x00000265e32150c0 | c0 50 21 e3 65 02 00 00
R8 =0x0000000000000004 is an unknown value
R9 =0x000000f8d35ff070 is pointing into the stack for thread: 0x00000265faaad970
R10=0x0000000000000780 is an unknown value
R11=0x000002658ff97000 is at entry_point+32 in (nmethod*)0x000002658ff96d90
Compiled method (c2)   80932 3016       4       com.bedrye.bjge.GameEngine.Objects.BJEEditorScene::render (68 bytes)
 total in heap  [0x000002658ff96d90,0x000002658ff977b8] = 2600
 relocation     [0x000002658ff96ef0,0x000002658ff96fb8] = 200
 constants      [0x000002658ff96fc0,0x000002658ff96fe0] = 32
 main code      [0x000002658ff96fe0,0x000002658ff972b0] = 720
 stub code      [0x000002658ff972b0,0x000002658ff97320] = 112
 oops           [0x000002658ff97320,0x000002658ff97340] = 32
 metadata       [0x000002658ff97340,0x000002658ff973f0] = 176
 scopes data    [0x000002658ff973f0,0x000002658ff97538] = 328
 scopes pcs     [0x000002658ff97538,0x000002658ff97688] = 336
 dependencies   [0x000002658ff97688,0x000002658ff976b8] = 48
 handler table  [0x000002658ff976b8,0x000002658ff97790] = 216
 nul chk table  [0x000002658ff97790,0x000002658ff977b8] = 40
R12=0x0 is null
R13=0x0000000000004000 is an unknown value
R14=0x0000000000000001 is an unknown value
R15=0x00000265faaad970 is a thread

Top of Stack: (sp=0x000000f8d35fee90)
0x000000f8d35fee90:   0000ad6f39f42e24 00007ffdb53e9400
0x000000f8d35feea0:   0000000000000700 00000265e368b3b8
0x000000f8d35feeb0:   0000000000000700 00007ffdb54c5722
0x000000f8d35feec0:   00000265e335d340 0000000000000000
0x000000f8d35feed0:   000000f8d35fefe0 00007ffdb54c5d08
0x000000f8d35feee0:   000002659df45030 00000265e339de20
0x000000f8d35feef0:   00000265e335d340 000002659df45030
0x000000f8d35fef00:   00000001d35fef00 0000000000000000
0x000000f8d35fef10:   000040009dfa7a20 0000078000000438
0x000000f8d35fef20:   000000f8d35ff070 0000000000000000
0x000000f8d35fef30:   0000410000000000 0000078000000438
0x000000f8d35fef40:   0000000000000000 0000000000000006
0x000000f8d35fef50:   0000000000000001 00000265e38b3020
0x000000f8d35fef60:   0000000000000000 0000000000000000
0x000000f8d35fef70:   0000043800000780 000002659df45030
0x000000f8d35fef80:   000000f8d35fef68 000000f8d35fefc0
0x000000f8d35fef90:   000000f8d35fef58 0000000000000000
0x000000f8d35fefa0:   0000000000000000 0000000000000000
0x000000f8d35fefb0:   000000003f4ccccd 0000000000000000
0x000000f8d35fefc0:   000000003f4ccccd 0000000000000000
0x000000f8d35fefd0:   000000003f4ccccd 0000000000000000
0x000000f8d35fefe0:   0000ad6f39f42ee4 0000000000000000
0x000000f8d35feff0:   0000000080000000 0000000000000000
0x000000f8d35ff000:   0000000000000000 0000000000000000
0x000000f8d35ff010:   00000265faaad970 000000f8d35ff0e0
0x000000f8d35ff020:   000000f8d35ff140 0000000000000000
0x000000f8d35ff030:   00000265e3392a50 0000000000000000
0x000000f8d35ff040:   000000f8d35ff0f0 00007ffdb54c5081
0x000000f8d35ff050:   00000265e335d340 00000265e335d340
0x000000f8d35ff060:   0000000000000000 0000000000004000
0x000000f8d35ff070:   0000000000000000 0000043800000780
0x000000f8d35ff080:   0000000000000001 000002658ff4dd30 

Instructions: (pc=0x00007ffdb53a6fa6)
0x00007ffdb53a6ea6:   49 83 e2 f0 48 c1 e8 04 49 03 ca 49 03 d2 48 83
0x00007ffdb53a6eb6:   f8 07 77 31 83 f8 04 0f 85 fd 00 00 00 f3 0f 6f
0x00007ffdb53a6ec6:   42 c0 f3 0f 7f 41 c0 f3 0f 6f 42 d0 f3 0f 7f 41
0x00007ffdb53a6ed6:   d0 f3 0f 6f 42 e0 f3 0f 7f 41 e0 f3 0f 6f 42 f0
0x00007ffdb53a6ee6:   f3 0f 7f 41 f0 0f 28 3c 24 4d 2b c2 0f 28 74 24
0x00007ffdb53a6ef6:   10 4d 85 c0 0f 84 63 ff ff ff 49 8b c0 48 83 e0
0x00007ffdb53a6f06:   fc 48 03 c8 48 03 d0 49 8b c0 48 c1 e8 02 48 83
0x00007ffdb53a6f16:   e8 01 74 18 48 83 e8 01 74 0c 48 83 f8 01 75 12
0x00007ffdb53a6f26:   8b 42 f4 89 41 f4 8b 42 f8 89 41 f8 8b 42 fc 89
0x00007ffdb53a6f36:   41 fc 41 f6 c0 01 0f 85 ea 01 00 00 41 f6 c0 02
0x00007ffdb53a6f46:   0f 84 17 ff ff ff 0f b7 02 66 89 01 e9 0c ff ff
0x00007ffdb53a6f56:   ff f6 c1 01 74 0e 0f b6 02 49 ff c8 88 01 48 ff
0x00007ffdb53a6f66:   c1 48 ff c2 f6 c1 02 0f 84 33 fe ff ff 0f b7 02
0x00007ffdb53a6f76:   49 83 e8 02 66 89 01 48 83 c1 02 48 83 c2 02 e9
0x00007ffdb53a6f86:   1c fe ff ff 49 83 f8 01 0f 84 8e 01 00 00 49 83
0x00007ffdb53a6f96:   f8 02 74 b2 49 83 f8 03 0f 84 51 02 00 00 8b 02
0x00007ffdb53a6fa6:   89 01 48 83 c4 28 c3 0f b6 02 49 ff c8 88 01 48
0x00007ffdb53a6fb6:   ff c1 48 ff c2 e9 99 fe ff ff ff c8 83 f8 06 0f
0x00007ffdb53a6fc6:   87 20 ff ff ff 4c 8d 0d 2e 90 fe ff 41 8b 84 81
0x00007ffdb53a6fd6:   48 72 01 00 49 03 c1 ff e0 f3 0f 6f 42 a0 f3 0f
0x00007ffdb53a6fe6:   7f 41 a0 f3 0f 6f 42 b0 f3 0f 7f 41 b0 e9 cb fe
0x00007ffdb53a6ff6:   ff ff 4d 8b c8 49 c1 e9 07 49 6b c1 80 4c 03 c0
0x00007ffdb53a7006:   f3 0f 6f 02 48 83 ea 80 48 83 e9 80 f3 0f 6f 4a
0x00007ffdb53a7016:   90 f3 0f 6f 52 a0 f3 0f 6f 5a b0 f3 0f 6f 62 c0
0x00007ffdb53a7026:   f3 0f 6f 6a d0 f3 0f 6f 72 e0 f3 0f 6f 7a f0 f3
0x00007ffdb53a7036:   0f 7f 41 80 f3 0f 7f 49 90 f3 0f 7f 51 a0 f3 0f
0x00007ffdb53a7046:   7f 59 b0 f3 0f 7f 61 c0 f3 0f 7f 69 d0 f3 0f 7f
0x00007ffdb53a7056:   71 e0 f3 0f 7f 79 f0 49 83 e9 01 0f 84 39 fe ff
0x00007ffdb53a7066:   ff eb 9d 49 81 f8 80 00 00 00 0f 83 c9 00 00 00
0x00007ffdb53a7076:   4d 8b d0 49 8b c0 49 83 e2 f0 48 c1 e8 04 49 03
0x00007ffdb53a7086:   ca 49 03 d2 48 83 f8 07 0f 87 57 fe ff ff 83 f8
0x00007ffdb53a7096:   07 0f 85 15 01 00 00 f3 0f 6f 42 90 f3 0f 7f 41 


Stack slot to memory mapping:

stack at sp + 0 slots: 0x0000ad6f39f42e24 is an unknown value
stack at sp + 1 slots: 0x00007ffdb53e9400 igxelpicd64.dll
stack at sp + 2 slots: 0x0000000000000700 is an unknown value
stack at sp + 3 slots: 0x00000265e368b3b8 points into unknown readable memory: 0x00007ffdb5e7d090 | 90 d0 e7 b5 fd 7f 00 00
stack at sp + 4 slots: 0x0000000000000700 is an unknown value
stack at sp + 5 slots: 0x00007ffdb54c5722 igxelpicd64.dll
stack at sp + 6 slots: 0x00000265e335d340 points into unknown readable memory: 0x00000265e32150c0 | c0 50 21 e3 65 02 00 00
stack at sp + 7 slots: 0x0 is null


Compiled method (n/a)   80952 2705     n 0       org.lwjgl.opengl.GL11C::glClear (native)
 total in heap  [0x000002658ff4da90,0x000002658ff4de60] = 976
 relocation     [0x000002658ff4dbf0,0x000002658ff4dc28] = 56
 main code      [0x000002658ff4dc40,0x000002658ff4de54] = 532
 stub code      [0x000002658ff4de54,0x000002658ff4de58] = 4
 oops           [0x000002658ff4de58,0x000002658ff4de60] = 8

[Constant Pool (empty)]

[MachCode]
[Entry Point]
  # {method} {0x00000265df9fbec0} 'glClear' '(I)V' in 'org/lwjgl/opengl/GL11C'
  # parm0:    rdx       = int
  #           [sp+0x70]  (sp of caller)
  0x000002658ff4dc40: 448b 5208 | 49bb 0000 | 009e 6502 | 0000 4d03 | d349 3bc2 | 0f84 0600 

  0x000002658ff4dc58: ;   {runtime_call ic_miss_stub}
  0x000002658ff4dc58: 0000 e921 | 0d9b ff90 
[Verified Entry Point]
  0x000002658ff4dc60: 8984 2400 | 80ff ff55 | 488b ec48 | 83ec 6090 | 4181 7f20 | 0100 0000 

  0x000002658ff4dc78: ;   {runtime_call StubRoutines (final stubs)}
  0x000002658ff4dc78: 7405 e881 | 8599 ff4c 

  0x000002658ff4dc80: ;   {oop(a 'java/lang/Class'{0x00000007106322c8} = 'org/lwjgl/opengl/GL11C')}
  0x000002658ff4dc80: 8bc2 49be | c822 6310 | 0700 0000 | 4c89 7424 | 504c 8d74 | 2450 498b | d6c5 f877 

  0x000002658ff4dc9c: ;   {internal_word}
  0x000002658ff4dc9c: 49ba 99dc | f48f 6502 | 0000 4d89 | 97a0 0300 | 0049 89a7 | 9803 0000 

  0x000002658ff4dcb4: ;   {external_word}
  0x000002658ff4dcb4: 49ba c925 | 3da8 fd7f | 0000 4180 | 3a00 0f84 | 4a00 0000 

  0x000002658ff4dcc8: ;   {metadata({method} {0x00000265df9fbec0} 'glClear' '(I)V' in 'org/lwjgl/opengl/GL11C')}
  0x000002658ff4dcc8: 5241 5048 | bab8 be9f | df65 0200 | 0049 8bcf | 4883 ec20 | 40f6 c40f | 0f84 1900 | 0000 4883 
  0x000002658ff4dce8: ;   {runtime_call}
  0x000002658ff4dce8: ec08 48b8 | 30eb eda7 | fd7f 0000 | ffd0 4883 | c408 e90c 

  0x000002658ff4dcfc: ;   {runtime_call}
  0x000002658ff4dcfc: 0000 0048 | b830 ebed | a7fd 7f00 | 00ff d048 | 83c4 2041 | 585a 498d | 8fb8 0300 | 0041 c787 
  0x000002658ff4dd1c: 4c04 0000 | 0400 0000 

  0x000002658ff4dd24: ;   {runtime_call}
  0x000002658ff4dd24: 48b8 d0d1 | cdf3 fd7f | 0000 ffd0 | c5f8 7741 | c787 4c04 | 0000 0500 | 0000 f083 | 4424 c000 
  0x000002658ff4dd44: 493b af50 | 0400 000f | 870e 0000 | 0041 83bf | 4804 0000 | 000f 8423 | 0000 00c5 | f877 498b 
  0x000002658ff4dd64: cf4c 8be4 | 4883 ec20 | 4883 e4f0 

  0x000002658ff4dd70: ;   {runtime_call}
  0x000002658ff4dd70: 48b8 c0be | b9a7 fd7f | 0000 ffd0 | 498b e44d | 33e4 41c7 | 874c 0400 | 0008 0000 | 0041 83bf 
  0x000002658ff4dd90: c804 0000 | 020f 8494 

  0x000002658ff4dd98: ;   {external_word}
  0x000002658ff4dd98: 0000 0049 | bac9 253d | a8fd 7f00 | 0041 803a | 000f 8444 

  0x000002658ff4ddac: ;   {metadata({method} {0x00000265df9fbec0} 'glClear' '(I)V' in 'org/lwjgl/opengl/GL11C')}
  0x000002658ff4ddac: 0000 0048 | bab8 be9f | df65 0200 | 0049 8bcf | 4883 ec20 | 40f6 c40f | 0f84 1900 | 0000 4883 
  0x000002658ff4ddcc: ;   {runtime_call}
  0x000002658ff4ddcc: ec08 48b8 | 30eb eda7 | fd7f 0000 | ffd0 4883 | c408 e90c 

  0x000002658ff4dde0: ;   {runtime_call}
  0x000002658ff4dde0: 0000 0048 | b830 ebed | a7fd 7f00 | 00ff d048 | 83c4 2049 | c787 9803 | 0000 0000 | 0000 49c7 
  0x000002658ff4de00: 87a0 0300 | 0000 0000 | 00c5 f877 | 498b 8f28 | 0400 00c7 | 8100 0100 | 0000 0000 | 00c9 4983 
  0x000002658ff4de20: 7f08 000f | 8501 0000 

  0x000002658ff4de28: ;   {runtime_call StubRoutines (initial stubs)}
  0x000002658ff4de28: 00c3 e9d1 | 3096 ffc5 | f877 4c8b | e448 83ec | 2048 83e4 

  0x000002658ff4de3c: ;   {runtime_call}
  0x000002658ff4de3c: f048 b860 | 23ee a7fd | 7f00 00ff | d049 8be4 | 4d33 e4e9 | 47ff ffff 
[Stub Code]
  0x000002658ff4de54: f4f4 f4f4 
[/MachCode]


Compiled method (c2)   80957 3016       4       com.bedrye.bjge.GameEngine.Objects.BJEEditorScene::render (68 bytes)
 total in heap  [0x000002658ff96d90,0x000002658ff977b8] = 2600
 relocation     [0x000002658ff96ef0,0x000002658ff96fb8] = 200
 constants      [0x000002658ff96fc0,0x000002658ff96fe0] = 32
 main code      [0x000002658ff96fe0,0x000002658ff972b0] = 720
 stub code      [0x000002658ff972b0,0x000002658ff97320] = 112
 oops           [0x000002658ff97320,0x000002658ff97340] = 32
 metadata       [0x000002658ff97340,0x000002658ff973f0] = 176
 scopes data    [0x000002658ff973f0,0x000002658ff97538] = 328
 scopes pcs     [0x000002658ff97538,0x000002658ff97688] = 336
 dependencies   [0x000002658ff97688,0x000002658ff976b8] = 48
 handler table  [0x000002658ff976b8,0x000002658ff97790] = 216
 nul chk table  [0x000002658ff97790,0x000002658ff977b8] = 40


[Constant Pool]
             Address          hex4                    hex8      
  0x000002658ff96fc0:   0x3f4ccccd      0x3f8000003f4ccccd      
  0x000002658ff96fc4:   0x3f800000                              
  0x000002658ff96fc8:   0x41200000      0xf4f4f4f441200000      
  0x000002658ff96fcc:   0xf4f4f4f4                              
  0x000002658ff96fd0:   0xf4f4f4f4      0xf4f4f4f4f4f4f4f4      
  0x000002658ff96fd4:   0xf4f4f4f4                              
  0x000002658ff96fd8:   0xf4f4f4f4      0xf4f4f4f4f4f4f4f4      
  0x000002658ff96fdc:   0xf4f4f4f4                              

[MachCode]
[Entry Point]
  # {method} {0x00000265df412400} 'render' '()V' in 'com/bedrye/bjge/GameEngine/Objects/BJEEditorScene'
  #           [sp+0x40]  (sp of caller)
  0x000002658ff96fe0: ;   {no_reloc}
  0x000002658ff96fe0: 448b 5208 | 49bb 0000 | 009e 6502 | 0000 4d03 | d349 3bc2 

  0x000002658ff96ff4: ;   {runtime_call ic_miss_stub}
  0x000002658ff96ff4: 0f85 8679 | 96ff 6690 | 0f1f 4000 
[Verified Entry Point]
  0x000002658ff97000: 8984 2400 | 80ff ff55 | 4883 ec30 | 4181 7f20 | 0100 0000 | 0f85 8802 | 0000 4889 

  0x000002658ff9701c: ;   {section_word}
  0x000002658ff9701c: 1424 c5fa | 101d 9eff 

  0x000002658ff97024: ;   {section_word}
  0x000002658ff97024: ffff c5fa | 1005 92ff 

  0x000002658ff9702c: ;   {section_word}
  0x000002658ff9702c: ffff c5fa | 100d 8aff 

  0x000002658ff97034: ;   {section_word}
  0x000002658ff97034: ffff c5fa | 1015 82ff 

  0x000002658ff9703c: ;   {static_call}
  0x000002658ff9703c: ffff 90e8 

  0x000002658ff97040: ; ImmutableOopMap {[0]=Oop }
                      ;*invokestatic glClearColor {reexecute=0 rethrow=0 return_oop=0}
                      ; - org.lwjgl.opengl.GL11::glClearColor@4 (line 1022)
                      ; - com.bedrye.bjge.GameEngine.Objects.BJEEditorScene::render@7 (line 88)
  0x000002658ff97040: 1c31 fcff 

  0x000002658ff97044: ;   {other}
  0x000002658ff97044: 0f1f 8400 | b402 0000 | ba00 4000 

  0x000002658ff97050: ;   {static_call}
  0x000002658ff97050: 0066 90e8 

  0x000002658ff97054: ; ImmutableOopMap {[0]=Oop }
                      ;*invokestatic glClear {reexecute=0 rethrow=0 return_oop=0}
                      ; - org.lwjgl.opengl.GL11::glClear@1 (line 992)
                      ; - com.bedrye.bjge.GameEngine.Objects.BJEEditorScene::render@13 (line 90)
  0x000002658ff97054: 086c fbff 

  0x000002658ff97058: ;   {other}
  0x000002658ff97058: 0f1f 8400 | c802 0001 | 4c8b 1424 | 458b 5a18 

  0x000002658ff97068: ; implicit exception: dispatches to 0x000002658ff9723d
  0x000002658ff97068: 438b 54dc 

  0x000002658ff9706c: ;   {static_call}
  0x000002658ff9706c: 1466 90e8 

  0x000002658ff97070: ; ImmutableOopMap {[0]=Oop }
                      ;*invokestatic glUseProgram {reexecute=0 rethrow=0 return_oop=0}
                      ; - org.lwjgl.opengl.GL20::glUseProgram@1 (line 398)
                      ; - com.bedrye.bjge.GameEngine.Util.Shaders.BasicProgramShader::Run@4 (line 57)
                      ; - com.bedrye.bjge.GameEngine.Objects.BJEEditorScene::render@20 (line 91)
  0x000002658ff97070: 6c63 faff 

  0x000002658ff97074: ;   {other}
  0x000002658ff97074: 0f1f 8400 | e402 0002 | bac0 8400 

  0x000002658ff97080: ;   {static_call}
  0x000002658ff97080: 0066 90e8 

  0x000002658ff97084: ; ImmutableOopMap {[0]=Oop }
                      ;*invokestatic glActiveTexture {reexecute=0 rethrow=0 return_oop=0}
                      ; - org.lwjgl.opengl.GL13::glActiveTexture@1 (line 570)
                      ; - com.bedrye.bjge.GameEngine.Objects.BJEEditorScene::render@25 (line 93)
  0x000002658ff97084: d816 fbff 

  0x000002658ff97088: ;   {other}
  0x000002658ff97088: 0f1f 8400 | f802 0003 | 4c8b 1424 | 458b 5218 | 4585 d20f | 84d6 0000 | 004b 8d14 

  0x000002658ff970a4: ;   {oop("specularPower"{0x00000007130d6bb8})}
  0x000002658ff970a4: d449 b8b8 | 6b0d 1307 

  0x000002658ff970ac: ;   {optimized virtual_call}
  0x000002658ff970ac: 0000 00e8 

  0x000002658ff970b0: ; ImmutableOopMap {[0]=Oop }
                      ;*invokevirtual getKey {reexecute=0 rethrow=0 return_oop=0}
                      ; - com.bedrye.bjge.GameEngine.Util.Shaders.ShaderProgram::uploadFloat@2 (line 77)
                      ; - com.bedrye.bjge.GameEngine.Objects.BJEEditorScene::render@39 (line 94)
  0x000002658ff970b0: 0c94 fdff 

  0x000002658ff970b4: ;   {other}
  0x000002658ff970b4: 0f1f 8400 | 2403 0004 

  0x000002658ff970bc: ;   {section_word}
  0x000002658ff970bc: c5fa 1005 | 04ff ffff 

  0x000002658ff970c4: ;   {static_call}
  0x000002658ff970c4: 8bd0 90e8 

  0x000002658ff970c8: ; ImmutableOopMap {[0]=Oop }
                      ;*invokestatic glUniform1f {reexecute=0 rethrow=0 return_oop=0}
                      ; - org.lwjgl.opengl.GL20::glUniform1f@2 (line 425)
                      ; - com.bedrye.bjge.GameEngine.Util.Shaders.ShaderProgram::uploadFloat@11 (line 78)
                      ; - com.bedrye.bjge.GameEngine.Objects.BJEEditorScene::render@39 (line 94)
  0x000002658ff970c8: 949c fcff 

  0x000002658ff970cc: ;   {other}
  0x000002658ff970cc: 0f1f 8400 | 3c03 0005 | 4c8b 1424 | 418b 6a14 

  0x000002658ff970dc: ; implicit exception: dispatches to 0x000002658ff97250
  0x000002658ff970dc: 458b 54ec 

  0x000002658ff970e0: ;   {metadata('java/util/ArrayList')}
  0x000002658ff970e0: 0841 81fa | 48ad 0b00 | 0f85 c600 | 0000 4d8d | 14ec 458b | 4210 4585 | c00f 8fc9 | 0000 004c 
  0x000002658ff97100: 8b14 2445 | 3b62 180f | 847f 0000 

  0x000002658ff9710c: ;   {static_call}
  0x000002658ff9710c: 0033 d2e8 

  0x000002658ff97110: ; ImmutableOopMap {[0]=Oop }
                      ;*invokestatic glUseProgram {reexecute=0 rethrow=0 return_oop=0}
                      ; - org.lwjgl.opengl.GL20::glUseProgram@1 (line 398)
                      ; - com.bedrye.bjge.GameEngine.Util.Shaders.BasicProgramShader::Clear@1 (line 80)
                      ; - com.bedrye.bjge.GameEngine.Objects.BJEEditorScene::render@60 (line 97)
  0x000002658ff97110: cc62 faff 

  0x000002658ff97114: ;   {other}
  0x000002658ff97114: 0f1f 8400 | 8403 0006 | 4c8b 1424 | 458b 5a2c 

  0x000002658ff97124: ; implicit exception: dispatches to 0x000002658ff97264
  0x000002658ff97124: 438b 54dc 

  0x000002658ff97128: ;   {static_call}
  0x000002658ff97128: 1466 90e8 

  0x000002658ff9712c: ; ImmutableOopMap {[0]=Oop }
                      ;*invokestatic glUseProgram {reexecute=0 rethrow=0 return_oop=0}
                      ; - org.lwjgl.opengl.GL20::glUseProgram@1 (line 398)
                      ; - com.bedrye.bjge.GameEngine.Util.Shaders.BasicProgramShader::Run@4 (line 57)
                      ; - com.bedrye.bjge.GameEngine.Objects.BJEEditorScene::renderGizmos@4 (line 103)
                      ; - com.bedrye.bjge.GameEngine.Objects.BJEEditorScene::render@64 (line 98)
  0x000002658ff9712c: b062 faff 

  0x000002658ff97130: ;   {other}
  0x000002658ff97130: 0f1f 8400 | a003 0007 | 4c8b 1424 | 458b 5a1c 

  0x000002658ff97140: ; implicit exception: dispatches to 0x000002658ff97278
  0x000002658ff97140: 438b 6cdc | 3c85 ed0f | 85a7 0000 | 0045 3b62 | 2c74 4d33 

  0x000002658ff97154: ;   {static_call}
  0x000002658ff97154: d266 90e8 

  0x000002658ff97158: ; ImmutableOopMap {}
                      ;*invokestatic glUseProgram {reexecute=0 rethrow=0 return_oop=0}
                      ; - org.lwjgl.opengl.GL20::glUseProgram@1 (line 398)
                      ; - com.bedrye.bjge.GameEngine.Util.Shaders.BasicProgramShader::Clear@1 (line 80)
                      ; - com.bedrye.bjge.GameEngine.Objects.BJEEditorScene::renderGizmos@77 (line 108)
                      ; - com.bedrye.bjge.GameEngine.Objects.BJEEditorScene::render@64 (line 98)
  0x000002658ff97158: 8462 faff 

  0x000002658ff9715c: ;   {other}
  0x000002658ff9715c: 0f1f 8400 | cc03 0008 | 4883 c430 

  0x000002658ff97168: ;   {poll_return}
  0x000002658ff97168: 5d49 3ba7 | 5004 0000 | 0f87 1601 | 0000 c3ba | f6ff ffff 

  0x000002658ff9717c: ;   {runtime_call UncommonTrapBlob}
  0x000002658ff9717c: 6666 90e8 

  0x000002658ff97180: ; ImmutableOopMap {}
                      ;*invokevirtual uploadFloat {reexecute=0 rethrow=0 return_oop=0}
                      ; - com.bedrye.bjge.GameEngine.Objects.BJEEditorScene::render@39 (line 94)
  0x000002658ff97180: 7c0b 97ff 

  0x000002658ff97184: ;   {other}
  0x000002658ff97184: 0f1f 8400 | f403 0009 | baf6 ffff 

  0x000002658ff97190: ;   {runtime_call UncommonTrapBlob}
  0x000002658ff97190: ff66 90e8 

  0x000002658ff97194: ; ImmutableOopMap {}
                      ;*invokevirtual Clear {reexecute=0 rethrow=0 return_oop=0}
                      ; - com.bedrye.bjge.GameEngine.Objects.BJEEditorScene::render@60 (line 97)
  0x000002658ff97194: 680b 97ff 

  0x000002658ff97198: ;   {other}
  0x000002658ff97198: 0f1f 8400 | 0804 000a | baf6 ffff 

  0x000002658ff971a4: ;   {runtime_call UncommonTrapBlob}
  0x000002658ff971a4: ff66 90e8 

  0x000002658ff971a8: ; ImmutableOopMap {}
                      ;*invokevirtual Clear {reexecute=0 rethrow=0 return_oop=0}
                      ; - com.bedrye.bjge.GameEngine.Objects.BJEEditorScene::renderGizmos@77 (line 108)
                      ; - com.bedrye.bjge.GameEngine.Objects.BJEEditorScene::render@64 (line 98)
  0x000002658ff971a8: 540b 97ff 

  0x000002658ff971ac: ;   {other}
  0x000002658ff971ac: 0f1f 8400 | 1c04 000b | bade ffff 

  0x000002658ff971b8: ;   {runtime_call UncommonTrapBlob}
  0x000002658ff971b8: ff66 90e8 

  0x000002658ff971bc: ; ImmutableOopMap {rbp=NarrowOop [0]=Oop }
                      ;*invokeinterface forEach {reexecute=0 rethrow=0 return_oop=0}
                      ; - com.bedrye.bjge.GameEngine.Objects.BJEEditorScene::render@51 (line 95)
  0x000002658ff971bc: 400b 97ff 

  0x000002658ff971c0: ;   {other}
  0x000002658ff971c0: 0f1f 8400 | 3004 000c | 458b 5a14 | 418b 6a0c | ba45 ffff | ff4c 8954 | 2408 4489 | 5c24 1044 
  0x000002658ff971e0: 8944 2418 

  0x000002658ff971e4: ;   {runtime_call UncommonTrapBlob}
  0x000002658ff971e4: 6666 90e8 

  0x000002658ff971e8: ; ImmutableOopMap {[0]=Oop [8]=Oop [16]=NarrowOop }
                      ;*if_icmpge {reexecute=1 rethrow=0 return_oop=0}
                      ; - (reexecute) java.util.ArrayList::forEach@36 (line 1595)
                      ; - com.bedrye.bjge.GameEngine.Objects.BJEEditorScene::render@51 (line 95)
  0x000002658ff971e8: 140b 97ff 

  0x000002658ff971ec: ;   {other}
  0x000002658ff971ec: 0f1f 8400 | 5c04 000d | ba45 ffff 

  0x000002658ff971f8: ;   {runtime_call UncommonTrapBlob}
  0x000002658ff971f8: ff66 90e8 

  0x000002658ff971fc: ; ImmutableOopMap {rbp=NarrowOop [0]=Oop }
                      ;*ifnull {reexecute=1 rethrow=0 return_oop=0}
                      ; - (reexecute) com.bedrye.bjge.GameEngine.Objects.BJEEditorScene::renderGizmos@14 (line 104)
                      ; - com.bedrye.bjge.GameEngine.Objects.BJEEditorScene::render@64 (line 98)
  0x000002658ff971fc: 000b 97ff 

  0x000002658ff97200: ;   {other}
  0x000002658ff97200: 0f1f 8400 | 7004 000e | 488b d0eb | 2648 8bd0 | eb21 488b | d0eb 1c48 | 8bd0 eb17 | 488b d0eb 
  0x000002658ff97220: 1248 8bd0 | eb0d 488b | d0eb 0848 | 8bd0 eb03 | 488b d048 | 83c4 305d 

  0x000002658ff97238: ;   {runtime_call _rethrow_Java}
  0x000002658ff97238: e943 c6a4 | ffba f6ff 

  0x000002658ff97240: ;   {runtime_call UncommonTrapBlob}
  0x000002658ff97240: ffff 90e8 

  0x000002658ff97244: ; ImmutableOopMap {}
                      ;*invokevirtual Run {reexecute=0 rethrow=0 return_oop=0}
                      ; - com.bedrye.bjge.GameEngine.Objects.BJEEditorScene::render@20 (line 91)
  0x000002658ff97244: b80a 97ff 

  0x000002658ff97248: ;   {other}
  0x000002658ff97248: 0f1f 8400 | b804 000f | baf6 ffff 

  0x000002658ff97254: ;   {runtime_call UncommonTrapBlob}
  0x000002658ff97254: ff66 90e8 

  0x000002658ff97258: ; ImmutableOopMap {}
                      ;*invokeinterface forEach {reexecute=0 rethrow=0 return_oop=0}
                      ; - com.bedrye.bjge.GameEngine.Objects.BJEEditorScene::render@51 (line 95)
  0x000002658ff97258: a40a 97ff 

  0x000002658ff9725c: ;   {other}
  0x000002658ff9725c: 0f1f 8400 | cc04 0010 | baf6 ffff 

  0x000002658ff97268: ;   {runtime_call UncommonTrapBlob}
  0x000002658ff97268: ff66 90e8 

  0x000002658ff9726c: ; ImmutableOopMap {}
                      ;*invokevirtual Run {reexecute=0 rethrow=0 return_oop=0}
                      ; - com.bedrye.bjge.GameEngine.Objects.BJEEditorScene::renderGizmos@4 (line 103)
                      ; - com.bedrye.bjge.GameEngine.Objects.BJEEditorScene::render@64 (line 98)
  0x000002658ff9726c: 900a 97ff 

  0x000002658ff97270: ;   {other}
  0x000002658ff97270: 0f1f 8400 | e004 0011 | baf6 ffff 

  0x000002658ff9727c: ;   {runtime_call UncommonTrapBlob}
  0x000002658ff9727c: ff66 90e8 

  0x000002658ff97280: ; ImmutableOopMap {}
                      ;*invokevirtual getObject3DAbstract {reexecute=0 rethrow=0 return_oop=0}
                      ; - com.bedrye.bjge.GameEngine.Objects.BJEEditorScene::renderGizmos@11 (line 104)
                      ; - com.bedrye.bjge.GameEngine.Objects.BJEEditorScene::render@64 (line 98)
  0x000002658ff97280: 7c0a 97ff 

  0x000002658ff97284: ;   {other}
  0x000002658ff97284: 0f1f 8400 | f404 0012 

  0x000002658ff9728c: ;   {internal_word}
  0x000002658ff9728c: 49ba 6971 | f98f 6502 | 0000 4d89 | 9768 0400 

  0x000002658ff9729c: ;   {runtime_call SafepointBlob}
  0x000002658ff9729c: 00e9 def8 

  0x000002658ff972a0: ;   {runtime_call StubRoutines (final stubs)}
  0x000002658ff972a0: 96ff e859 | ef94 ffe9 | 6efd ffff | f4f4 f4f4 
[Stub Code]
  0x000002658ff972b0: ;   {no_reloc}
  0x000002658ff972b0: 48bb 0000 | 0000 0000 

  0x000002658ff972b8: ;   {runtime_call}
  0x000002658ff972b8: 0000 e9fb 

  0x000002658ff972bc: ;   {static_stub}
  0x000002658ff972bc: ffff ff48 | bb00 0000 | 0000 0000 

  0x000002658ff972c8: ;   {runtime_call}
  0x000002658ff972c8: 00e9 fbff 

  0x000002658ff972cc: ;   {static_stub}
  0x000002658ff972cc: ffff 48bb | 0000 0000 | 0000 0000 

  0x000002658ff972d8: ;   {runtime_call}
  0x000002658ff972d8: e9fb ffff 

  0x000002658ff972dc: ;   {static_stub}
  0x000002658ff972dc: ff48 bb00 | 0000 0000 

  0x000002658ff972e4: ;   {runtime_call}
  0x000002658ff972e4: 0000 00e9 | fbff ffff 

  0x000002658ff972ec: ;   {static_stub}
  0x000002658ff972ec: 48bb 0000 | 0000 0000 

  0x000002658ff972f4: ;   {runtime_call}
  0x000002658ff972f4: 0000 e9fb 

  0x000002658ff972f8: ;   {static_stub}
  0x000002658ff972f8: ffff ff48 | bb00 0000 | 0000 0000 

  0x000002658ff97304: ;   {runtime_call}
  0x000002658ff97304: 00e9 fbff 

  0x000002658ff97308: ;   {runtime_call ExceptionBlob}
  0x000002658ff97308: ffff e9f1 | 6da4 ffe8 | 0000 0000 | 4883 2c24 

  0x000002658ff97318: ;   {runtime_call DeoptimizationBlob}
  0x000002658ff97318: 05e9 020d | 97ff f4f4 
[/MachCode]


---------------  P R O C E S S  ---------------

Threads class SMR info:
_java_thread_list=0x00000265f092ae70, length=14, elements={
0x00000265faaad970, 0x00000265fef83ef0, 0x00000265fef86780, 0x00000265fef8c510,
0x00000265fef8d400, 0x00000265fef8ef80, 0x00000265fef92f20, 0x00000265fefa3000,
0x00000265fefa9230, 0x000002659d4956a0, 0x000002659da72aa0, 0x000002659dc70ef0,
0x00000265e386de00, 0x000002659d52b6a0
}

Java Threads: ( => current thread )
=>0x00000265faaad970 JavaThread "main"                              [_thread_in_native, id=34772, stack(0x000000f8d3500000,0x000000f8d3600000) (1024K)]
  0x00000265fef83ef0 JavaThread "Reference Handler"          daemon [_thread_blocked, id=34388, stack(0x000000f8d3d00000,0x000000f8d3e00000) (1024K)]
  0x00000265fef86780 JavaThread "Finalizer"                  daemon [_thread_blocked, id=17636, stack(0x000000f8d3e00000,0x000000f8d3f00000) (1024K)]
  0x00000265fef8c510 JavaThread "Signal Dispatcher"          daemon [_thread_blocked, id=37508, stack(0x000000f8d3f00000,0x000000f8d4000000) (1024K)]
  0x00000265fef8d400 JavaThread "Attach Listener"            daemon [_thread_blocked, id=3820, stack(0x000000f8d4000000,0x000000f8d4100000) (1024K)]
  0x00000265fef8ef80 JavaThread "Service Thread"             daemon [_thread_blocked, id=32360, stack(0x000000f8d4100000,0x000000f8d4200000) (1024K)]
  0x00000265fef92f20 JavaThread "Monitor Deflation Thread"   daemon [_thread_blocked, id=21148, stack(0x000000f8d4200000,0x000000f8d4300000) (1024K)]
  0x00000265fefa3000 JavaThread "C2 CompilerThread0"         daemon [_thread_blocked, id=33704, stack(0x000000f8d4300000,0x000000f8d4400000) (1024K)]
  0x00000265fefa9230 JavaThread "C1 CompilerThread0"         daemon [_thread_blocked, id=36740, stack(0x000000f8d4400000,0x000000f8d4500000) (1024K)]
  0x000002659d4956a0 JavaThread "Common-Cleaner"             daemon [_thread_blocked, id=19252, stack(0x000000f8d4500000,0x000000f8d4600000) (1024K)]
  0x000002659da72aa0 JavaThread "Monitor Ctrl-Break"         daemon [_thread_in_native, id=14164, stack(0x000000f8d4800000,0x000000f8d4900000) (1024K)]
  0x000002659dc70ef0 JavaThread "Notification Thread"        daemon [_thread_blocked, id=32556, stack(0x000000f8d4900000,0x000000f8d4a00000) (1024K)]
  0x00000265e386de00 JavaThread "FileSystemWatchService"     daemon [_thread_in_native, id=37080, stack(0x000000f8d4600000,0x000000f8d4700000) (1024K)]
  0x000002659d52b6a0 JavaThread "BJE-Asset-Watcher"          daemon [_thread_blocked, id=18636, stack(0x000000f8d5400000,0x000000f8d5500000) (1024K)]
Total: 14

Other Threads:
  0x00000265faa83ab0 VMThread "VM Thread"                           [id=36056, stack(0x000000f8d3c00000,0x000000f8d3d00000) (1024K)]
  0x00000265fef4b440 WatcherThread "VM Periodic Task Thread"        [id=30704, stack(0x000000f8d3b00000,0x000000f8d3c00000) (1024K)]
  0x00000265faa841f0 WorkerThread "GC Thread#0"                     [id=30892, stack(0x000000f8d3600000,0x000000f8d3700000) (1024K)]
  0x00000265faa83370 WorkerThread "GC Thread#1"                     [id=35448, stack(0x000000f8d4a00000,0x000000f8d4b00000) (1024K)]
  0x00000265faa84930 WorkerThread "GC Thread#2"                     [id=25520, stack(0x000000f8d4b00000,0x000000f8d4c00000) (1024K)]
  0x000002659ddb7160 WorkerThread "GC Thread#3"                     [id=31940, stack(0x000000f8d4c00000,0x000000f8d4d00000) (1024K)]
  0x000002659ddb50c0 WorkerThread "GC Thread#4"                     [id=23432, stack(0x000000f8d4d00000,0x000000f8d4e00000) (1024K)]
  0x000002659ddb6680 WorkerThread "GC Thread#5"                     [id=36804, stack(0x000000f8d4e00000,0x000000f8d4f00000) (1024K)]
  0x000002659ddb6a20 WorkerThread "GC Thread#6"                     [id=34420, stack(0x000000f8d5500000,0x000000f8d5600000) (1024K)]
  0x000002659ddb62e0 WorkerThread "GC Thread#7"                     [id=13500, stack(0x000000f8d5600000,0x000000f8d5700000) (1024K)]
  0x000002659ddb6dc0 WorkerThread "GC Thread#8"                     [id=29836, stack(0x000000f8d5700000,0x000000f8d5800000) (1024K)]
  0x000002659ddb5460 WorkerThread "GC Thread#9"                     [id=32656, stack(0x000000f8d5800000,0x000000f8d5900000) (1024K)]
  0x00000265fce9a160 ConcurrentGCThread "G1 Main Marker"            [id=33640, stack(0x000000f8d3700000,0x000000f8d3800000) (1024K)]
  0x00000265faa83710 WorkerThread "G1 Conc#0"                       [id=37012, stack(0x000000f8d3800000,0x000000f8d3900000) (1024K)]
  0x00000265fcede860 ConcurrentGCThread "G1 Refine#0"               [id=25556, stack(0x000000f8d3900000,0x000000f8d3a00000) (1024K)]
  0x00000265fee20dd0 ConcurrentGCThread "G1 Service"                [id=33652, stack(0x000000f8d3a00000,0x000000f8d3b00000) (1024K)]
Total: 16

Threads with active compile tasks:
Total: 0

VM state: not at safepoint (normal execution)

VM Mutex/Monitor currently owned by a thread: None

Heap address: 0x0000000703600000, size: 4042 MB, Compressed Oops mode: Zero based, Oop shift amount: 3

CDS archive(s) mapped at: [0x000002659e000000-0x000002659ec90000-0x000002659ec90000), size 13172736, SharedBaseAddress: 0x000002659e000000, ArchiveRelocationMode: 1.
Compressed class space mapped at: 0x000002659f000000-0x00000265df000000, reserved size: 1073741824
Narrow klass base: 0x000002659e000000, Narrow klass shift: 0, Narrow klass range: 0x100000000

GC Precious Log:
 CardTable entry size: 512
 Card Set container configuration: InlinePtr #cards 4 size 8 Array Of Cards #cards 16 size 48 Howl #buckets 8 coarsen threshold 3686 Howl Bitmap #cards 512 size 80 coarsen threshold 460 Card regions per heap region 1 cards per card region 4096
 CPUs: 12 total, 12 available
 Memory: 16163M
 Large Page Support: Disabled
 NUMA Support: Disabled
 Compressed Oops: Enabled (Zero based)
 Heap Region Size: 2M
 Heap Min Capacity: 8M
 Heap Initial Capacity: 254M
 Heap Max Capacity: 4042M
 Pre-touch: Disabled
 Parallel Workers: 10
 Concurrent Workers: 3
 Concurrent Refinement Workers: 10
 Periodic GC: Disabled

Heap:
 garbage-first heap   total 260096K, used 63648K [0x0000000703600000, 0x0000000800000000)
  region size 2048K, 32 young (65536K), 3 survivors (6144K)
 Metaspace       used 21238K, committed 21504K, reserved 1114112K
  class space    used 1888K, committed 1984K, reserved 1048576K

Heap Regions: E=young(eden), S=young(survivor), O=old, HS=humongous(starts), HC=humongous(continues), CS=collection set, F=free, TAMS=top-at-mark-start, PB=parsable bottom
|   0|0x0000000703600000, 0x0000000703628168, 0x0000000703800000|  7%| O|  |TAMS 0x0000000703600000| PB 0x0000000703600000| Untracked 
|   1|0x0000000703800000, 0x0000000703800000, 0x0000000703a00000|  0%| F|  |TAMS 0x0000000703800000| PB 0x0000000703800000| Untracked 
|   2|0x0000000703a00000, 0x0000000703a00000, 0x0000000703c00000|  0%| F|  |TAMS 0x0000000703a00000| PB 0x0000000703a00000| Untracked 
|   3|0x0000000703c00000, 0x0000000703c00000, 0x0000000703e00000|  0%| F|  |TAMS 0x0000000703c00000| PB 0x0000000703c00000| Untracked 
|   4|0x0000000703e00000, 0x0000000703e00000, 0x0000000704000000|  0%| F|  |TAMS 0x0000000703e00000| PB 0x0000000703e00000| Untracked 
|   5|0x0000000704000000, 0x0000000704000000, 0x0000000704200000|  0%| F|  |TAMS 0x0000000704000000| PB 0x0000000704000000| Untracked 
|   6|0x0000000704200000, 0x0000000704200000, 0x0000000704400000|  0%| F|  |TAMS 0x0000000704200000| PB 0x0000000704200000| Untracked 
|   7|0x0000000704400000, 0x0000000704400000, 0x0000000704600000|  0%| F|  |TAMS 0x0000000704400000| PB 0x0000000704400000| Untracked 
|   8|0x0000000704600000, 0x0000000704600000, 0x0000000704800000|  0%| F|  |TAMS 0x0000000704600000| PB 0x0000000704600000| Untracked 
|   9|0x0000000704800000, 0x0000000704800000, 0x0000000704a00000|  0%| F|  |TAMS 0x0000000704800000| PB 0x0000000704800000| Untracked 
|  10|0x0000000704a00000, 0x0000000704a00000, 0x0000000704c00000|  0%| F|  |TAMS 0x0000000704a00000| PB 0x0000000704a00000| Untracked 
|  11|0x0000000704c00000, 0x0000000704c00000, 0x0000000704e00000|  0%| F|  |TAMS 0x0000000704c00000| PB 0x0000000704c00000| Untracked 
|  12|0x0000000704e00000, 0x0000000704e00000, 0x0000000705000000|  0%| F|  |TAMS 0x0000000704e00000| PB 0x0000000704e00000| Untracked 
|  13|0x0000000705000000, 0x0000000705000000, 0x0000000705200000|  0%| F|  |TAMS 0x0000000705000000| PB 0x0000000705000000| Untracked 
|  14|0x0000000705200000, 0x0000000705200000, 0x0000000705400000|  0%| F|  |TAMS 0x0000000705200000| PB 0x0000000705200000| Untracked 
|  15|0x0000000705400000, 0x0000000705400000, 0x0000000705600000|  0%| F|  |TAMS 0x0000000705400000| PB 0x0000000705400000| Untracked 
|  16|0x0000000705600000, 0x0000000705600000, 0x0000000705800000|  0%| F|  |TAMS 0x0000000705600000| PB 0x0000000705600000| Untracked 
|  17|0x0000000705800000, 0x0000000705800000, 0x0000000705a00000|  0%| F|  |TAMS 0x0000000705800000| PB 0x0000000705800000| Untracked 
|  18|0x0000000705a00000, 0x0000000705a00000, 0x0000000705c00000|  0%| F|  |TAMS 0x0000000705a00000| PB 0x0000000705a00000| Untracked 
|  19|0x0000000705c00000, 0x0000000705c00000, 0x0000000705e00000|  0%| F|  |TAMS 0x0000000705c00000| PB 0x0000000705c00000| Untracked 
|  20|0x0000000705e00000, 0x0000000705e00000, 0x0000000706000000|  0%| F|  |TAMS 0x0000000705e00000| PB 0x0000000705e00000| Untracked 
|  21|0x0000000706000000, 0x0000000706000000, 0x0000000706200000|  0%| F|  |TAMS 0x0000000706000000| PB 0x0000000706000000| Untracked 
|  22|0x0000000706200000, 0x0000000706200000, 0x0000000706400000|  0%| F|  |TAMS 0x0000000706200000| PB 0x0000000706200000| Untracked 
|  23|0x0000000706400000, 0x0000000706400000, 0x0000000706600000|  0%| F|  |TAMS 0x0000000706400000| PB 0x0000000706400000| Untracked 
|  24|0x0000000706600000, 0x0000000706600000, 0x0000000706800000|  0%| F|  |TAMS 0x0000000706600000| PB 0x0000000706600000| Untracked 
|  25|0x0000000706800000, 0x0000000706800000, 0x0000000706a00000|  0%| F|  |TAMS 0x0000000706800000| PB 0x0000000706800000| Untracked 
|  26|0x0000000706a00000, 0x0000000706a00000, 0x0000000706c00000|  0%| F|  |TAMS 0x0000000706a00000| PB 0x0000000706a00000| Untracked 
|  27|0x0000000706c00000, 0x0000000706c00000, 0x0000000706e00000|  0%| F|  |TAMS 0x0000000706c00000| PB 0x0000000706c00000| Untracked 
|  28|0x0000000706e00000, 0x0000000706e00000, 0x0000000707000000|  0%| F|  |TAMS 0x0000000706e00000| PB 0x0000000706e00000| Untracked 
|  29|0x0000000707000000, 0x0000000707000000, 0x0000000707200000|  0%| F|  |TAMS 0x0000000707000000| PB 0x0000000707000000| Untracked 
|  30|0x0000000707200000, 0x0000000707200000, 0x0000000707400000|  0%| F|  |TAMS 0x0000000707200000| PB 0x0000000707200000| Untracked 
|  31|0x0000000707400000, 0x0000000707400000, 0x0000000707600000|  0%| F|  |TAMS 0x0000000707400000| PB 0x0000000707400000| Untracked 
|  32|0x0000000707600000, 0x0000000707600000, 0x0000000707800000|  0%| F|  |TAMS 0x0000000707600000| PB 0x0000000707600000| Untracked 
|  33|0x0000000707800000, 0x0000000707800000, 0x0000000707a00000|  0%| F|  |TAMS 0x0000000707800000| PB 0x0000000707800000| Untracked 
|  34|0x0000000707a00000, 0x0000000707a00000, 0x0000000707c00000|  0%| F|  |TAMS 0x0000000707a00000| PB 0x0000000707a00000| Untracked 
|  35|0x0000000707c00000, 0x0000000707c00000, 0x0000000707e00000|  0%| F|  |TAMS 0x0000000707c00000| PB 0x0000000707c00000| Untracked 
|  36|0x0000000707e00000, 0x0000000707e00000, 0x0000000708000000|  0%| F|  |TAMS 0x0000000707e00000| PB 0x0000000707e00000| Untracked 
|  37|0x0000000708000000, 0x0000000708000000, 0x0000000708200000|  0%| F|  |TAMS 0x0000000708000000| PB 0x0000000708000000| Untracked 
|  38|0x0000000708200000, 0x0000000708200000, 0x0000000708400000|  0%| F|  |TAMS 0x0000000708200000| PB 0x0000000708200000| Untracked 
|  39|0x0000000708400000, 0x0000000708400000, 0x0000000708600000|  0%| F|  |TAMS 0x0000000708400000| PB 0x0000000708400000| Untracked 
|  40|0x0000000708600000, 0x0000000708600000, 0x0000000708800000|  0%| F|  |TAMS 0x0000000708600000| PB 0x0000000708600000| Untracked 
|  41|0x0000000708800000, 0x0000000708800000, 0x0000000708a00000|  0%| F|  |TAMS 0x0000000708800000| PB 0x0000000708800000| Untracked 
|  42|0x0000000708a00000, 0x0000000708a00000, 0x0000000708c00000|  0%| F|  |TAMS 0x0000000708a00000| PB 0x0000000708a00000| Untracked 
|  43|0x0000000708c00000, 0x0000000708c00000, 0x0000000708e00000|  0%| F|  |TAMS 0x0000000708c00000| PB 0x0000000708c00000| Untracked 
|  44|0x0000000708e00000, 0x0000000708e00000, 0x0000000709000000|  0%| F|  |TAMS 0x0000000708e00000| PB 0x0000000708e00000| Untracked 
|  45|0x0000000709000000, 0x0000000709000000, 0x0000000709200000|  0%| F|  |TAMS 0x0000000709000000| PB 0x0000000709000000| Untracked 
|  46|0x0000000709200000, 0x0000000709200000, 0x0000000709400000|  0%| F|  |TAMS 0x0000000709200000| PB 0x0000000709200000| Untracked 
|  47|0x0000000709400000, 0x0000000709400000, 0x0000000709600000|  0%| F|  |TAMS 0x0000000709400000| PB 0x0000000709400000| Untracked 
|  48|0x0000000709600000, 0x0000000709600000, 0x0000000709800000|  0%| F|  |TAMS 0x0000000709600000| PB 0x0000000709600000| Untracked 
|  49|0x0000000709800000, 0x0000000709800000, 0x0000000709a00000|  0%| F|  |TAMS 0x0000000709800000| PB 0x0000000709800000| Untracked 
|  50|0x0000000709a00000, 0x0000000709a00000, 0x0000000709c00000|  0%| F|  |TAMS 0x0000000709a00000| PB 0x0000000709a00000| Untracked 
|  51|0x0000000709c00000, 0x0000000709c00000, 0x0000000709e00000|  0%| F|  |TAMS 0x0000000709c00000| PB 0x0000000709c00000| Untracked 
|  52|0x0000000709e00000, 0x0000000709e00000, 0x000000070a000000|  0%| F|  |TAMS 0x0000000709e00000| PB 0x0000000709e00000| Untracked 
|  53|0x000000070a000000, 0x000000070a000000, 0x000000070a200000|  0%| F|  |TAMS 0x000000070a000000| PB 0x000000070a000000| Untracked 
|  54|0x000000070a200000, 0x000000070a200000, 0x000000070a400000|  0%| F|  |TAMS 0x000000070a200000| PB 0x000000070a200000| Untracked 
|  55|0x000000070a400000, 0x000000070a400000, 0x000000070a600000|  0%| F|  |TAMS 0x000000070a400000| PB 0x000000070a400000| Untracked 
|  56|0x000000070a600000, 0x000000070a600000, 0x000000070a800000|  0%| F|  |TAMS 0x000000070a600000| PB 0x000000070a600000| Untracked 
|  57|0x000000070a800000, 0x000000070a800000, 0x000000070aa00000|  0%| F|  |TAMS 0x000000070a800000| PB 0x000000070a800000| Untracked 
|  58|0x000000070aa00000, 0x000000070aa00000, 0x000000070ac00000|  0%| F|  |TAMS 0x000000070aa00000| PB 0x000000070aa00000| Untracked 
|  59|0x000000070ac00000, 0x000000070ac00000, 0x000000070ae00000|  0%| F|  |TAMS 0x000000070ac00000| PB 0x000000070ac00000| Untracked 
|  60|0x000000070ae00000, 0x000000070ae00000, 0x000000070b000000|  0%| F|  |TAMS 0x000000070ae00000| PB 0x000000070ae00000| Untracked 
|  61|0x000000070b000000, 0x000000070b000000, 0x000000070b200000|  0%| F|  |TAMS 0x000000070b000000| PB 0x000000070b000000| Untracked 
|  62|0x000000070b200000, 0x000000070b200000, 0x000000070b400000|  0%| F|  |TAMS 0x000000070b200000| PB 0x000000070b200000| Untracked 
|  63|0x000000070b400000, 0x000000070b400000, 0x000000070b600000|  0%| F|  |TAMS 0x000000070b400000| PB 0x000000070b400000| Untracked 
|  64|0x000000070b600000, 0x000000070b600000, 0x000000070b800000|  0%| F|  |TAMS 0x000000070b600000| PB 0x000000070b600000| Untracked 
|  65|0x000000070b800000, 0x000000070b800000, 0x000000070ba00000|  0%| F|  |TAMS 0x000000070b800000| PB 0x000000070b800000| Untracked 
|  66|0x000000070ba00000, 0x000000070ba00000, 0x000000070bc00000|  0%| F|  |TAMS 0x000000070ba00000| PB 0x000000070ba00000| Untracked 
|  67|0x000000070bc00000, 0x000000070bc00000, 0x000000070be00000|  0%| F|  |TAMS 0x000000070bc00000| PB 0x000000070bc00000| Untracked 
|  68|0x000000070be00000, 0x000000070be00000, 0x000000070c000000|  0%| F|  |TAMS 0x000000070be00000| PB 0x000000070be00000| Untracked 
|  69|0x000000070c000000, 0x000000070c000000, 0x000000070c200000|  0%| F|  |TAMS 0x000000070c000000| PB 0x000000070c000000| Untracked 
|  70|0x000000070c200000, 0x000000070c200000, 0x000000070c400000|  0%| F|  |TAMS 0x000000070c200000| PB 0x000000070c200000| Untracked 
|  71|0x000000070c400000, 0x000000070c400000, 0x000000070c600000|  0%| F|  |TAMS 0x000000070c400000| PB 0x000000070c400000| Untracked 
|  72|0x000000070c600000, 0x000000070c600000, 0x000000070c800000|  0%| F|  |TAMS 0x000000070c600000| PB 0x000000070c600000| Untracked 
|  73|0x000000070c800000, 0x000000070c800000, 0x000000070ca00000|  0%| F|  |TAMS 0x000000070c800000| PB 0x000000070c800000| Untracked 
|  74|0x000000070ca00000, 0x000000070ca00000, 0x000000070cc00000|  0%| F|  |TAMS 0x000000070ca00000| PB 0x000000070ca00000| Untracked 
|  75|0x000000070cc00000, 0x000000070cc00000, 0x000000070ce00000|  0%| F|  |TAMS 0x000000070cc00000| PB 0x000000070cc00000| Untracked 
|  76|0x000000070ce00000, 0x000000070ce00000, 0x000000070d000000|  0%| F|  |TAMS 0x000000070ce00000| PB 0x000000070ce00000| Untracked 
|  77|0x000000070d000000, 0x000000070d000000, 0x000000070d200000|  0%| F|  |TAMS 0x000000070d000000| PB 0x000000070d000000| Untracked 
|  78|0x000000070d200000, 0x000000070d200000, 0x000000070d400000|  0%| F|  |TAMS 0x000000070d200000| PB 0x000000070d200000| Untracked 
|  79|0x000000070d400000, 0x000000070d400000, 0x000000070d600000|  0%| F|  |TAMS 0x000000070d400000| PB 0x000000070d400000| Untracked 
|  80|0x000000070d600000, 0x000000070d600000, 0x000000070d800000|  0%| F|  |TAMS 0x000000070d600000| PB 0x000000070d600000| Untracked 
|  81|0x000000070d800000, 0x000000070d800000, 0x000000070da00000|  0%| F|  |TAMS 0x000000070d800000| PB 0x000000070d800000| Untracked 
|  82|0x000000070da00000, 0x000000070da00000, 0x000000070dc00000|  0%| F|  |TAMS 0x000000070da00000| PB 0x000000070da00000| Untracked 
|  83|0x000000070dc00000, 0x000000070dc00000, 0x000000070de00000|  0%| F|  |TAMS 0x000000070dc00000| PB 0x000000070dc00000| Untracked 
|  84|0x000000070de00000, 0x000000070de00000, 0x000000070e000000|  0%| F|  |TAMS 0x000000070de00000| PB 0x000000070de00000| Untracked 
|  85|0x000000070e000000, 0x000000070e000000, 0x000000070e200000|  0%| F|  |TAMS 0x000000070e000000| PB 0x000000070e000000| Untracked 
|  86|0x000000070e200000, 0x000000070e200000, 0x000000070e400000|  0%| F|  |TAMS 0x000000070e200000| PB 0x000000070e200000| Untracked 
|  87|0x000000070e400000, 0x000000070e400000, 0x000000070e600000|  0%| F|  |TAMS 0x000000070e400000| PB 0x000000070e400000| Untracked 
|  88|0x000000070e600000, 0x000000070e600000, 0x000000070e800000|  0%| F|  |TAMS 0x000000070e600000| PB 0x000000070e600000| Untracked 
|  89|0x000000070e800000, 0x000000070e800000, 0x000000070ea00000|  0%| F|  |TAMS 0x000000070e800000| PB 0x000000070e800000| Untracked 
|  90|0x000000070ea00000, 0x000000070ea00000, 0x000000070ec00000|  0%| F|  |TAMS 0x000000070ea00000| PB 0x000000070ea00000| Untracked 
|  91|0x000000070ec00000, 0x000000070ec00000, 0x000000070ee00000|  0%| F|  |TAMS 0x000000070ec00000| PB 0x000000070ec00000| Untracked 
|  92|0x000000070ee00000, 0x000000070ee00000, 0x000000070f000000|  0%| F|  |TAMS 0x000000070ee00000| PB 0x000000070ee00000| Untracked 
|  93|0x000000070f000000, 0x000000070f000000, 0x000000070f200000|  0%| F|  |TAMS 0x000000070f000000| PB 0x000000070f000000| Untracked 
|  94|0x000000070f200000, 0x000000070f200000, 0x000000070f400000|  0%| F|  |TAMS 0x000000070f200000| PB 0x000000070f200000| Untracked 
|  95|0x000000070f400000, 0x000000070f55cf00, 0x000000070f600000| 68%| E|  |TAMS 0x000000070f400000| PB 0x000000070f400000| Complete 
|  96|0x000000070f600000, 0x000000070f800000, 0x000000070f800000|100%| E|CS|TAMS 0x000000070f600000| PB 0x000000070f600000| Complete 
|  97|0x000000070f800000, 0x000000070fa00000, 0x000000070fa00000|100%| E|CS|TAMS 0x000000070f800000| PB 0x000000070f800000| Complete 
|  98|0x000000070fa00000, 0x000000070fc00000, 0x000000070fc00000|100%| E|CS|TAMS 0x000000070fa00000| PB 0x000000070fa00000| Complete 
|  99|0x000000070fc00000, 0x000000070fe00000, 0x000000070fe00000|100%| E|CS|TAMS 0x000000070fc00000| PB 0x000000070fc00000| Complete 
| 100|0x000000070fe00000, 0x0000000710000000, 0x0000000710000000|100%| E|CS|TAMS 0x000000070fe00000| PB 0x000000070fe00000| Complete 
| 101|0x0000000710000000, 0x0000000710200000, 0x0000000710200000|100%| E|CS|TAMS 0x0000000710000000| PB 0x0000000710000000| Complete 
| 102|0x0000000710200000, 0x0000000710400000, 0x0000000710400000|100%| E|CS|TAMS 0x0000000710200000| PB 0x0000000710200000| Complete 
| 103|0x0000000710400000, 0x0000000710600000, 0x0000000710600000|100%| S|CS|TAMS 0x0000000710400000| PB 0x0000000710400000| Complete 
| 104|0x0000000710600000, 0x0000000710800000, 0x0000000710800000|100%| S|CS|TAMS 0x0000000710600000| PB 0x0000000710600000| Complete 
| 105|0x0000000710800000, 0x0000000710a00000, 0x0000000710a00000|100%| S|CS|TAMS 0x0000000710800000| PB 0x0000000710800000| Complete 
| 106|0x0000000710a00000, 0x0000000710c00000, 0x0000000710c00000|100%| E|CS|TAMS 0x0000000710a00000| PB 0x0000000710a00000| Complete 
| 107|0x0000000710c00000, 0x0000000710e00000, 0x0000000710e00000|100%| E|CS|TAMS 0x0000000710c00000| PB 0x0000000710c00000| Complete 
| 108|0x0000000710e00000, 0x0000000711000000, 0x0000000711000000|100%| E|CS|TAMS 0x0000000710e00000| PB 0x0000000710e00000| Complete 
| 109|0x0000000711000000, 0x0000000711200000, 0x0000000711200000|100%| E|CS|TAMS 0x0000000711000000| PB 0x0000000711000000| Complete 
| 110|0x0000000711200000, 0x0000000711400000, 0x0000000711400000|100%| E|CS|TAMS 0x0000000711200000| PB 0x0000000711200000| Complete 
| 111|0x0000000711400000, 0x0000000711600000, 0x0000000711600000|100%| E|CS|TAMS 0x0000000711400000| PB 0x0000000711400000| Complete 
| 112|0x0000000711600000, 0x0000000711800000, 0x0000000711800000|100%| E|CS|TAMS 0x0000000711600000| PB 0x0000000711600000| Complete 
| 113|0x0000000711800000, 0x0000000711a00000, 0x0000000711a00000|100%| E|CS|TAMS 0x0000000711800000| PB 0x0000000711800000| Complete 
| 114|0x0000000711a00000, 0x0000000711c00000, 0x0000000711c00000|100%| E|CS|TAMS 0x0000000711a00000| PB 0x0000000711a00000| Complete 
| 115|0x0000000711c00000, 0x0000000711e00000, 0x0000000711e00000|100%| E|CS|TAMS 0x0000000711c00000| PB 0x0000000711c00000| Complete 
| 116|0x0000000711e00000, 0x0000000712000000, 0x0000000712000000|100%| E|CS|TAMS 0x0000000711e00000| PB 0x0000000711e00000| Complete 
| 117|0x0000000712000000, 0x0000000712200000, 0x0000000712200000|100%| E|CS|TAMS 0x0000000712000000| PB 0x0000000712000000| Complete 
| 118|0x0000000712200000, 0x0000000712400000, 0x0000000712400000|100%| E|CS|TAMS 0x0000000712200000| PB 0x0000000712200000| Complete 
| 119|0x0000000712400000, 0x0000000712600000, 0x0000000712600000|100%| E|CS|TAMS 0x0000000712400000| PB 0x0000000712400000| Complete 
| 120|0x0000000712600000, 0x0000000712800000, 0x0000000712800000|100%| E|CS|TAMS 0x0000000712600000| PB 0x0000000712600000| Complete 
| 121|0x0000000712800000, 0x0000000712a00000, 0x0000000712a00000|100%| E|CS|TAMS 0x0000000712800000| PB 0x0000000712800000| Complete 
| 122|0x0000000712a00000, 0x0000000712c00000, 0x0000000712c00000|100%| E|CS|TAMS 0x0000000712a00000| PB 0x0000000712a00000| Complete 
| 123|0x0000000712c00000, 0x0000000712e00000, 0x0000000712e00000|100%| E|CS|TAMS 0x0000000712c00000| PB 0x0000000712c00000| Complete 
| 124|0x0000000712e00000, 0x0000000713000000, 0x0000000713000000|100%| E|CS|TAMS 0x0000000712e00000| PB 0x0000000712e00000| Complete 
| 125|0x0000000713000000, 0x0000000713200000, 0x0000000713200000|100%| E|CS|TAMS 0x0000000713000000| PB 0x0000000713000000| Complete 
| 126|0x0000000713200000, 0x0000000713400000, 0x0000000713400000|100%| E|CS|TAMS 0x0000000713200000| PB 0x0000000713200000| Complete 

Card table byte_map: [0x00000265fdb10000,0x00000265fe300000] _byte_map_base: 0x00000265fa2f5000

Marking Bits: (CMBitMap*) 0x00000265fce89bf0
 Bits: [0x0000026597380000, 0x000002659b2a8000)

Polling page: 0x00000265facf0000

Metaspace:

Usage:
  Non-class:     18.90 MB used.
      Class:      1.84 MB used.
       Both:     20.74 MB used.

Virtual space:
  Non-class space:       64.00 MB reserved,      19.06 MB ( 30%) committed,  1 nodes.
      Class space:        1.00 GB reserved,       1.94 MB ( <1%) committed,  1 nodes.
             Both:        1.06 GB reserved,      21.00 MB (  2%) committed. 

Chunk freelists:
   Non-Class:  12.16 MB
       Class:  14.09 MB
        Both:  26.25 MB

MaxMetaspaceSize: unlimited
CompressedClassSpaceSize: 1.00 GB
Initial GC threshold: 21.00 MB
Current GC threshold: 21.00 MB
CDS: on
 - commit_granule_bytes: 65536.
 - commit_granule_words: 8192.
 - virtual_space_node_default_size: 8388608.
 - enlarge_chunks_in_place: 1.
 - use_allocation_guard: 0.


Internal statistics:

num_allocs_failed_limit: 0.
num_arena_births: 164.
num_arena_deaths: 0.
num_vsnodes_births: 2.
num_vsnodes_deaths: 0.
num_space_committed: 334.
num_space_uncommitted: 0.
num_chunks_returned_to_freelist: 0.
num_chunks_taken_from_freelist: 800.
num_chunk_merges: 0.
num_chunk_splits: 615.
num_chunks_enlarged: 506.
num_inconsistent_stats: 0.

CodeHeap 'non-profiled nmethods': size=120000Kb used=1315Kb max_used=1315Kb free=118684Kb
 bounds [0x000002658fe50000, 0x00000265900c0000, 0x0000026597380000]
CodeHeap 'profiled nmethods': size=120000Kb used=5066Kb max_used=5066Kb free=114933Kb
 bounds [0x0000026588380000, 0x0000026588880000, 0x000002658f8b0000]
CodeHeap 'non-nmethods': size=5760Kb used=2964Kb max_used=2991Kb free=2795Kb
 bounds [0x000002658f8b0000, 0x000002658fbb0000, 0x000002658fe50000]
 total_blobs=4451 nmethods=3020 adapters=1335
 compilation: enabled
              stopped_count=0, restarted_count=0
 full_count=0

Compilation events (20 events):
Event: 55.322 Thread 0x00000265fefa3000 nmethod 3012 0x000002658ff91090 code [0x000002658ff91260, 0x000002658ff915e8]
Event: 55.322 Thread 0x00000265fefa3000 3013       4       com.bedrye.bjge.GameEngine.Listeners.MouseListener::isHold (38 bytes)
Event: 55.323 Thread 0x00000265fefa3000 nmethod 3013 0x000002658ff91910 code [0x000002658ff91aa0, 0x000002658ff91b70]
Event: 55.323 Thread 0x00000265fefa3000 3014       4       org.lwjgl.glfw.GLFW::glfwSwapBuffers (21 bytes)
Event: 55.323 Thread 0x00000265fefa6280 nmethod 3009 0x000002658ff91c10 code [0x000002658ff920c0, 0x000002658ff93700]
Event: 55.323 Thread 0x00000265fefa3000 nmethod 3014 0x000002658ff94e10 code [0x000002658ff94fa0, 0x000002658ff95070]
Event: 60.612 Thread 0x00000265fefa3000 3015       4       com.bedrye.bjge.GameEngine.Objects.Editor.UI.BJEEditorViewport::update (464 bytes)
Event: 60.618 Thread 0x00000265fefa3000 nmethod 3015 0x000002658ff95190 code [0x000002658ff95560, 0x000002658ff95f88]
Event: 62.390 Thread 0x00000265fefa3000 3016       4       com.bedrye.bjge.GameEngine.Objects.BJEEditorScene::render (68 bytes)
Event: 62.394 Thread 0x00000265fefa3000 nmethod 3016 0x000002658ff96d90 code [0x000002658ff96fe0, 0x000002658ff97320]
Event: 62.394 Thread 0x00000265fefa3000 3017       4       com.bedrye.bjge.GameEngine.Objects.BJEEditorScene::renderGizmos (81 bytes)
Event: 62.394 Thread 0x00000265fefa9900 3018       4       com.bedrye.bjge.GameEngine.Util.BJEFrameBuffer::unbind (7 bytes)
Event: 62.394 Thread 0x00000265fefa9900 nmethod 3018 0x000002658ff97810 code [0x000002658ff979a0, 0x000002658ff97a58]
Event: 62.394 Thread 0x00000265fefa9900 3019       4       com.bedrye.bjge.GameEngine.Objects.Editor.BJEResourceManager::update (25 bytes)
Event: 62.395 Thread 0x00000265fefa3000 nmethod 3017 0x000002658ff97b10 code [0x000002658ff97cc0, 0x000002658ff97e00]
Event: 62.395 Thread 0x00000265fefa3000 3020       4       java.util.concurrent.ConcurrentSkipListSet::clear (10 bytes)
Event: 62.395 Thread 0x00000265fefa3000 nmethod 3020 0x000002658ff98010 code [0x000002658ff981a0, 0x000002658ff98288]
Event: 62.395 Thread 0x00000265fefa3000 3021       4       java.util.concurrent.ConcurrentSkipListMap::clear (146 bytes)
Event: 62.396 Thread 0x00000265fefa3000 nmethod 3021 0x000002658ff98390 code [0x000002658ff98520, 0x000002658ff985d0]
Event: 62.397 Thread 0x00000265fefa9900 nmethod 3019 0x000002658ff98690 code [0x000002658ff98860, 0x000002658ff98ac0]

GC Heap History (4 events):
Event: 0.319 GC heap before
{Heap before GC invocations=0 (full 0):
 garbage-first heap   total 260096K, used 20480K [0x0000000703600000, 0x0000000800000000)
  region size 2048K, 11 young (22528K), 0 survivors (0K)
 Metaspace       used 3882K, committed 4032K, reserved 1114112K
  class space    used 332K, committed 448K, reserved 1048576K
}
Event: 0.321 GC heap after
{Heap after GC invocations=1 (full 0):
 garbage-first heap   total 260096K, used 2474K [0x0000000703600000, 0x0000000800000000)
  region size 2048K, 2 young (4096K), 2 survivors (4096K)
 Metaspace       used 3882K, committed 4032K, reserved 1114112K
  class space    used 332K, committed 448K, reserved 1048576K
}
Event: 1.615 GC heap before
{Heap before GC invocations=1 (full 0):
 garbage-first heap   total 260096K, used 39338K [0x0000000703600000, 0x0000000800000000)
  region size 2048K, 21 young (43008K), 2 survivors (4096K)
 Metaspace       used 19532K, committed 19712K, reserved 1114112K
  class space    used 1835K, committed 1920K, reserved 1048576K
}
Event: 1.621 GC heap after
{Heap after GC invocations=2 (full 0):
 garbage-first heap   total 260096K, used 6304K [0x0000000703600000, 0x0000000800000000)
  region size 2048K, 3 young (6144K), 3 survivors (6144K)
 Metaspace       used 19532K, committed 19712K, reserved 1114112K
  class space    used 1835K, committed 1920K, reserved 1048576K
}

Dll operation events (14 events):
Event: 0.008 Loaded shared library C:\Users\stas2\.jdks\openjdk-21.0.1\bin\java.dll
Event: 0.033 Loaded shared library C:\Users\stas2\.jdks\openjdk-21.0.1\bin\jsvml.dll
Event: 0.063 Loaded shared library C:\Users\stas2\.jdks\openjdk-21.0.1\bin\net.dll
Event: 0.065 Loaded shared library C:\Users\stas2\.jdks\openjdk-21.0.1\bin\nio.dll
Event: 0.096 Loaded shared library C:\Users\stas2\.jdks\openjdk-21.0.1\bin\zip.dll
Event: 0.178 Loaded shared library C:\Users\stas2\.jdks\openjdk-21.0.1\bin\zip.dll
Event: 0.181 Loaded shared library C:\Users\stas2\.jdks\openjdk-21.0.1\bin\instrument.dll
Event: 0.203 Loaded shared library C:\IntelliJ IDEA Community Edition 2021.3.2\IntelliJ IDEA Community Edition 2023.2.1\bin\breakgen64.dll
Event: 0.262 Loaded shared library C:\Users\stas2\.jdks\openjdk-21.0.1\bin\jimage.dll
Event: 0.411 Loaded shared library C:\Users\stas2\AppData\Local\Temp\lwjgl_stas2\3.3.4+7\x64\lwjgl.dll
Event: 0.701 Loaded shared library C:\Users\stas2\AppData\Local\Temp\lwjgl_stas2\3.3.4+7\x64\lwjgl_opengl.dll
Event: 0.927 Loaded shared library C:\Users\stas2\AppData\Local\Temp\imgui-java-natives\1.89.0\imgui-java64.dll
Event: 0.982 Loaded shared library C:\Users\stas2\.jdks\openjdk-21.0.1\bin\verify.dll
Event: 0.996 Loaded shared library C:\Users\stas2\AppData\Local\Temp\lwjgl_stas2\3.3.4+7\x64\lwjgl_stb.dll

Deoptimization events (20 events):
Event: 1.565 Thread 0x00000265faaad970 Uncommon trap: trap_request=0xffffffc6 fr.pc=0x000002658ff2c008 relative=0x0000000000001548
Event: 1.565 Thread 0x00000265faaad970 Uncommon trap: reason=bimorphic_or_optimized_type_check action=maybe_recompile pc=0x000002658ff2c008 method=java.util.regex.Pattern$Start.<init>(Ljava/util/regex/Pattern$Node;)V @ 22 c2
Event: 1.565 Thread 0x00000265faaad970 DEOPT PACKING pc=0x000002658ff2c008 sp=0x000000f8d35fe7f0
Event: 1.565 Thread 0x00000265faaad970 DEOPT UNPACKING pc=0x000002658f907da2 sp=0x000000f8d35fe720 mode 2
Event: 1.574 Thread 0x000002659d52b6a0 Uncommon trap: trap_request=0xffffffc6 fr.pc=0x000002658ff005b0 relative=0x0000000000000250
Event: 1.574 Thread 0x000002659d52b6a0 Uncommon trap: reason=bimorphic_or_optimized_type_check action=maybe_recompile pc=0x000002658ff005b0 method=java.util.concurrent.locks.AbstractQueuedSynchronizer.release(I)Z @ 2 c2
Event: 1.574 Thread 0x000002659d52b6a0 DEOPT PACKING pc=0x000002658ff005b0 sp=0x000000f8d54ff110
Event: 1.574 Thread 0x000002659d52b6a0 DEOPT UNPACKING pc=0x000002658f907da2 sp=0x000000f8d54ff0d8 mode 2
Event: 1.587 Thread 0x00000265faaad970 Uncommon trap: trap_request=0xffffffc6 fr.pc=0x000002658ff2c008 relative=0x0000000000001548
Event: 1.587 Thread 0x00000265faaad970 Uncommon trap: reason=bimorphic_or_optimized_type_check action=maybe_recompile pc=0x000002658ff2c008 method=java.util.regex.Pattern$Start.<init>(Ljava/util/regex/Pattern$Node;)V @ 22 c2
Event: 1.587 Thread 0x00000265faaad970 DEOPT PACKING pc=0x000002658ff2c008 sp=0x000000f8d35fed70
Event: 1.587 Thread 0x00000265faaad970 DEOPT UNPACKING pc=0x000002658f907da2 sp=0x000000f8d35feca0 mode 2
Event: 1.679 Thread 0x00000265faaad970 Uncommon trap: trap_request=0xffffffc6 fr.pc=0x000002658ff2c008 relative=0x0000000000001548
Event: 1.679 Thread 0x00000265faaad970 Uncommon trap: reason=bimorphic_or_optimized_type_check action=maybe_recompile pc=0x000002658ff2c008 method=java.util.regex.Pattern$Start.<init>(Ljava/util/regex/Pattern$Node;)V @ 22 c2
Event: 1.679 Thread 0x00000265faaad970 DEOPT PACKING pc=0x000002658ff2c008 sp=0x000000f8d35fed10
Event: 1.679 Thread 0x00000265faaad970 DEOPT UNPACKING pc=0x000002658f907da2 sp=0x000000f8d35fec40 mode 2
Event: 1.777 Thread 0x00000265faaad970 Uncommon trap: trap_request=0xffffff54 fr.pc=0x000002658fec600c relative=0x000000000000006c
Event: 1.777 Thread 0x00000265faaad970 Uncommon trap: reason=speculate_null_assert action=make_not_entrant pc=0x000002658fec600c method=sun.misc.Unsafe.getLong(Ljava/lang/Object;J)J @ 5 c2
Event: 1.777 Thread 0x00000265faaad970 DEOPT PACKING pc=0x000002658fec600c sp=0x000000f8d35feec0
Event: 1.777 Thread 0x00000265faaad970 DEOPT UNPACKING pc=0x000002658f907da2 sp=0x000000f8d35fee48 mode 2

Classes loaded (20 events):
Event: 1.575 Loading class java/util/Stack
Event: 1.575 Loading class java/util/Vector
Event: 1.575 Loading class java/util/Vector done
Event: 1.575 Loading class java/util/Stack done
Event: 1.622 Loading class sun/util/resources/LocaleData$CommonResourceBundleProvider
Event: 1.622 Loading class sun/util/resources/LocaleData$LocaleDataResourceBundleProvider
Event: 1.622 Loading class java/util/spi/ResourceBundleProvider
Event: 1.622 Loading class java/util/spi/ResourceBundleProvider done
Event: 1.622 Loading class sun/util/resources/LocaleData$LocaleDataResourceBundleProvider done
Event: 1.622 Loading class sun/util/resources/LocaleData$CommonResourceBundleProvider done
Event: 1.622 Loading class java/util/ArrayList$SubList$1
Event: 1.623 Loading class java/util/ArrayList$SubList$1 done
Event: 1.623 Loading class sun/util/resources/Bundles$2
Event: 1.623 Loading class sun/util/resources/Bundles$2 done
Event: 1.777 Loading class java/util/concurrent/ConcurrentSkipListMap$KeySet
Event: 1.778 Loading class java/util/concurrent/ConcurrentSkipListMap$KeySet done
Event: 1.778 Loading class java/util/concurrent/ConcurrentSkipListMap$KeyIterator
Event: 1.778 Loading class java/util/concurrent/ConcurrentSkipListMap$Iter
Event: 1.778 Loading class java/util/concurrent/ConcurrentSkipListMap$Iter done
Event: 1.778 Loading class java/util/concurrent/ConcurrentSkipListMap$KeyIterator done

Classes unloaded (0 events):
No events

Classes redefined (0 events):
No events

Internal exceptions (20 events):
Event: 0.995 Thread 0x00000265faaad970 Exception <a 'sun/nio/fs/WindowsException'{0x00000007125fdde0}> (0x00000007125fdde0) 
thrown [s\open\src\hotspot\share\prims\jni.cpp, line 520]
Event: 0.996 Thread 0x00000265faaad970 Exception <a 'sun/nio/fs/WindowsException'{0x00000007122003a8}> (0x00000007122003a8) 
thrown [s\open\src\hotspot\share\prims\jni.cpp, line 520]
Event: 1.028 Thread 0x00000265fef8d400 Exception <a 'sun/nio/fs/WindowsException'{0x0000000712309968}> (0x0000000712309968) 
thrown [s\open\src\hotspot\share\prims\jni.cpp, line 520]
Event: 1.033 Thread 0x00000265fef8d400 Exception <a 'java/lang/NoSuchMethodError'{0x000000071233ca30}: 'java.lang.Object java.lang.invoke.Invokers$Holder.invokeExact_MT(java.lang.Object, java.lang.Object, java.lang.Object, java.lang.Object, java.lang.Object, java.lang.Object)'> (0x000000071233ca30) 
thrown [s\open\src\hotspot\share\interpreter\linkResolver.cpp, line 773]
Event: 1.159 Thread 0x00000265faaad970 Exception <a 'java/lang/NoSuchMethodError'{0x000000071203d748}: 'int java.lang.invoke.DirectMethodHandle$Holder.invokeVirtual(java.lang.Object, java.lang.Object, java.lang.Object)'> (0x000000071203d748) 
thrown [s\open\src\hotspot\share\interpreter\linkResolver.cpp, line 773]
Event: 1.160 Thread 0x00000265faaad970 Exception <a 'java/lang/NoSuchMethodError'{0x0000000712043550}: 'void java.lang.invoke.DirectMethodHandle$Holder.invokeInterface(java.lang.Object, java.lang.Object, java.lang.Object)'> (0x0000000712043550) 
thrown [s\open\src\hotspot\share\interpreter\linkResolver.cpp, line 773]
Event: 1.201 Thread 0x00000265faaad970 Exception <a 'java/lang/NoSuchMethodError'{0x00000007121465f0}: 'int java.lang.invoke.DirectMethodHandle$Holder.invokeStaticInit(java.lang.Object, java.lang.Object)'> (0x00000007121465f0) 
thrown [s\open\src\hotspot\share\interpreter\linkResolver.cpp, line 773]
Event: 1.247 Thread 0x00000265faaad970 Exception <a 'java/lang/NoSuchMethodError'{0x00000007121fb7b8}: 'int java.lang.invoke.DirectMethodHandle$Holder.invokeVirtual(java.lang.Object, java.lang.Object)'> (0x00000007121fb7b8) 
thrown [s\open\src\hotspot\share\interpreter\linkResolver.cpp, line 773]
Event: 1.249 Thread 0x00000265faaad970 Exception <a 'java/lang/NoSuchMethodError'{0x0000000711e1d4a8}: 'java.lang.Object java.lang.invoke.DirectMethodHandle$Holder.newInvokeSpecial(java.lang.Object, java.lang.Object, java.lang.Object, java.lang.Object, java.lang.Object)'> (0x0000000711e1d4a8) 
thrown [s\open\src\hotspot\share\interpreter\linkResolver.cpp, line 773]
Event: 1.250 Thread 0x00000265faaad970 Exception <a 'java/lang/NoSuchMethodError'{0x0000000711e29ef0}: 'java.lang.Object java.lang.invoke.DirectMethodHandle$Holder.newInvokeSpecial(java.lang.Object, java.lang.Object, java.lang.Object, java.lang.Object, java.lang.Object, java.lang.Object)'> (0x0000000711e29ef0) 
thrown [s\open\src\hotspot\share\interpreter\linkResolver.cpp, line 773]
Event: 1.263 Thread 0x00000265faaad970 Exception <a 'java/lang/NoSuchMethodError'{0x0000000711e758c8}: 'int java.lang.invoke.DirectMethodHandle$Holder.invokeInterface(java.lang.Object, java.lang.Object)'> (0x0000000711e758c8) 
thrown [s\open\src\hotspot\share\interpreter\linkResolver.cpp, line 773]
Event: 1.263 Thread 0x00000265faaad970 Exception <a 'sun/nio/fs/WindowsException'{0x0000000711e7b420}> (0x0000000711e7b420) 
thrown [s\open\src\hotspot\share\prims\jni.cpp, line 520]
Event: 1.267 Thread 0x00000265faaad970 Exception <a 'sun/nio/fs/WindowsException'{0x0000000711e82fd8}> (0x0000000711e82fd8) 
thrown [s\open\src\hotspot\share\prims\jni.cpp, line 520]
Event: 1.293 Thread 0x00000265faaad970 Exception <a 'sun/nio/fs/WindowsException'{0x0000000711f377c8}> (0x0000000711f377c8) 
thrown [s\open\src\hotspot\share\prims\jni.cpp, line 520]
Event: 1.300 Thread 0x00000265faaad970 Exception <a 'sun/nio/fs/WindowsException'{0x0000000711f8d1c8}> (0x0000000711f8d1c8) 
thrown [s\open\src\hotspot\share\prims\jni.cpp, line 520]
Event: 1.329 Thread 0x00000265faaad970 Exception <a 'java/lang/NoSuchMethodError'{0x0000000711864a10}: 'java.lang.Object java.lang.invoke.DirectMethodHandle$Holder.invokeSpecial(java.lang.Object, java.lang.Object, java.lang.Object, int, int)'> (0x0000000711864a10) 
thrown [s\open\src\hotspot\share\interpreter\linkResolver.cpp, line 773]
Event: 1.329 Thread 0x00000265faaad970 Exception <a 'java/lang/NoSuchMethodError'{0x000000071186aaf0}: 'java.lang.Object java.lang.invoke.DirectMethodHandle$Holder.invokeVirtual(java.lang.Object, java.lang.Object, int)'> (0x000000071186aaf0) 
thrown [s\open\src\hotspot\share\interpreter\linkResolver.cpp, line 773]
Event: 1.360 Thread 0x00000265faaad970 Exception <a 'java/lang/NoSuchMethodError'{0x00000007119cd590}: 'java.lang.Object java.lang.invoke.DirectMethodHandle$Holder.invokeStatic(java.lang.Object, int, java.lang.Object)'> (0x00000007119cd590) 
thrown [s\open\src\hotspot\share\interpreter\linkResolver.cpp, line 773]
Event: 1.485 Thread 0x00000265faaad970 Exception <a 'java/lang/NoSuchMethodError'{0x0000000710ea6508}: 'java.lang.Object java.lang.invoke.DirectMethodHandle$Holder.invokeVirtual(java.lang.Object, java.lang.Object, java.lang.Object, int, int)'> (0x0000000710ea6508) 
thrown [s\open\src\hotspot\share\interpreter\linkResolver.cpp, line 773]
Event: 1.506 Thread 0x00000265faaad970 Exception <a 'java/lang/NoSuchMethodError'{0x0000000710c18eb8}: 'int java.lang.invoke.DirectMethodHandle$Holder.invokeStatic(java.lang.Object, java.lang.Object, java.lang.Object, java.lang.Object)'> (0x0000000710c18eb8) 
thrown [s\open\src\hotspot\share\interpreter\linkResolver.cpp, line 773]

ZGC Phase Switch (0 events):
No events

VM Operations (20 events):
Event: 7.678 Executing VM operation: Cleanup
Event: 7.678 Executing VM operation: Cleanup done
Event: 8.693 Executing VM operation: Cleanup
Event: 8.693 Executing VM operation: Cleanup done
Event: 13.751 Executing VM operation: Cleanup
Event: 13.751 Executing VM operation: Cleanup done
Event: 14.760 Executing VM operation: Cleanup
Event: 14.760 Executing VM operation: Cleanup done
Event: 21.831 Executing VM operation: Cleanup
Event: 21.831 Executing VM operation: Cleanup done
Event: 23.857 Executing VM operation: Cleanup
Event: 23.857 Executing VM operation: Cleanup done
Event: 40.011 Executing VM operation: Cleanup
Event: 40.011 Executing VM operation: Cleanup done
Event: 54.161 Executing VM operation: Cleanup
Event: 54.161 Executing VM operation: Cleanup done
Event: 60.030 Executing VM operation: HandshakeAllThreads (HandshakeForDeflation)
Event: 60.030 Executing VM operation: HandshakeAllThreads (HandshakeForDeflation) done
Event: 60.030 Executing VM operation: RendezvousGCThreads
Event: 60.030 Executing VM operation: RendezvousGCThreads done

Events (20 events):
Event: 0.031 Thread 0x00000265fef92f20 Thread added: 0x00000265fef92f20
Event: 0.031 Thread 0x00000265fefa3000 Thread added: 0x00000265fefa3000
Event: 0.031 Thread 0x00000265fefa9230 Thread added: 0x00000265fefa9230
Event: 0.059 Thread 0x000002659d4956a0 Thread added: 0x000002659d4956a0
Event: 0.118 Thread 0x00000265fefa6950 Thread added: 0x00000265fefa6950
Event: 0.123 Thread 0x00000265fefa8b60 Thread added: 0x00000265fefa8b60
Event: 0.203 Thread 0x000002659da72aa0 Thread added: 0x000002659da72aa0
Event: 0.203 Thread 0x000002659dc70ef0 Thread added: 0x000002659dc70ef0
Event: 0.643 Thread 0x00000265fefa8b60 Thread exited: 0x00000265fefa8b60
Event: 0.643 Thread 0x00000265fefa6950 Thread exited: 0x00000265fefa6950
Event: 1.022 Thread 0x00000265e386de00 Thread added: 0x00000265e386de00
Event: 1.026 Thread 0x00000265fefa6950 Thread added: 0x00000265fefa6950
Event: 1.574 Thread 0x000002659d52b6a0 Thread added: 0x000002659d52b6a0
Event: 1.738 Thread 0x00000265fefa6950 Thread exited: 0x00000265fefa6950
Event: 3.545 Thread 0x00000265fefa8b60 Thread added: 0x00000265fefa8b60
Event: 3.671 Thread 0x00000265fefa8b60 Thread exited: 0x00000265fefa8b60
Event: 53.494 Thread 0x00000265fefa6280 Thread added: 0x00000265fefa6280
Event: 60.327 Thread 0x00000265fefa6280 Thread exited: 0x00000265fefa6280
Event: 62.394 Thread 0x00000265fefa9900 Thread added: 0x00000265fefa9900
Event: 67.401 Thread 0x00000265fefa9900 Thread exited: 0x00000265fefa9900


Dynamic libraries:
0x00007ff72a670000 - 0x00007ff72a67e000 	C:\Users\stas2\.jdks\openjdk-21.0.1\bin\java.exe
0x00007ffe675c0000 - 0x00007ffe67829000 	C:\WINDOWS\SYSTEM32\ntdll.dll
0x00007ffe660f0000 - 0x00007ffe661b9000 	C:\WINDOWS\System32\KERNEL32.DLL
0x00007ffe64ca0000 - 0x00007ffe65093000 	C:\WINDOWS\System32\KERNELBASE.dll
0x00007ffe64ac0000 - 0x00007ffe64c0b000 	C:\WINDOWS\System32\ucrtbase.dll
0x00007ffe4ebc0000 - 0x00007ffe4ebdb000 	C:\Users\stas2\.jdks\openjdk-21.0.1\bin\VCRUNTIME140.dll
0x00007ffe4eba0000 - 0x00007ffe4ebb8000 	C:\Users\stas2\.jdks\openjdk-21.0.1\bin\jli.dll
0x00007ffe65d40000 - 0x00007ffe65f04000 	C:\WINDOWS\System32\USER32.dll
0x00007ffe64880000 - 0x00007ffe648a7000 	C:\WINDOWS\System32\win32u.dll
0x00007ffe4bea0000 - 0x00007ffe4c133000 	C:\WINDOWS\WinSxS\amd64_microsoft.windows.common-controls_6595b64144ccf1df_6.0.26100.5074_none_3e0d6f78e32fd63f\COMCTL32.dll
0x00007ffe66870000 - 0x00007ffe6689b000 	C:\WINDOWS\System32\GDI32.dll
0x00007ffe66270000 - 0x00007ffe66319000 	C:\WINDOWS\System32\msvcrt.dll
0x00007ffe64750000 - 0x00007ffe6487d000 	C:\WINDOWS\System32\gdi32full.dll
0x00007ffe652e0000 - 0x00007ffe65383000 	C:\WINDOWS\System32\msvcp_win.dll
0x00007ffe666a0000 - 0x00007ffe666cf000 	C:\WINDOWS\System32\IMM32.DLL
0x00007ffe5e9c0000 - 0x00007ffe5e9cc000 	C:\Users\stas2\.jdks\openjdk-21.0.1\bin\vcruntime140_1.dll
0x00007ffdfc5c0000 - 0x00007ffdfc64e000 	C:\Users\stas2\.jdks\openjdk-21.0.1\bin\msvcp140.dll
0x00007ffda77b0000 - 0x00007ffda84c5000 	C:\Users\stas2\.jdks\openjdk-21.0.1\bin\server\jvm.dll
0x00007ffe674c0000 - 0x00007ffe67574000 	C:\WINDOWS\System32\ADVAPI32.dll
0x00007ffe661c0000 - 0x00007ffe66266000 	C:\WINDOWS\System32\sechost.dll
0x00007ffe65fd0000 - 0x00007ffe660e8000 	C:\WINDOWS\System32\RPCRT4.dll
0x00007ffe67360000 - 0x00007ffe673d4000 	C:\WINDOWS\System32\WS2_32.dll
0x00007ffe63360000 - 0x00007ffe633be000 	C:\WINDOWS\SYSTEM32\POWRPROF.dll
0x00007ffe5b280000 - 0x00007ffe5b28b000 	C:\WINDOWS\SYSTEM32\VERSION.dll
0x00007ffe523a0000 - 0x00007ffe523d5000 	C:\WINDOWS\SYSTEM32\WINMM.dll
0x00007ffe63340000 - 0x00007ffe63354000 	C:\WINDOWS\SYSTEM32\UMPDC.dll
0x00007ffe63620000 - 0x00007ffe6363b000 	C:\WINDOWS\SYSTEM32\kernel.appcore.dll
0x00007ffe5df10000 - 0x00007ffe5df1a000 	C:\Users\stas2\.jdks\openjdk-21.0.1\bin\jimage.dll
0x00007ffe61ef0000 - 0x00007ffe62132000 	C:\WINDOWS\SYSTEM32\DBGHELP.DLL
0x00007ffe66320000 - 0x00007ffe6669b000 	C:\WINDOWS\System32\combase.dll
0x00007ffe673e0000 - 0x00007ffe674b7000 	C:\WINDOWS\System32\OLEAUT32.dll
0x00007ffe48660000 - 0x00007ffe4869d000 	C:\WINDOWS\SYSTEM32\dbgcore.DLL
0x00007ffe64a20000 - 0x00007ffe64ab9000 	C:\WINDOWS\System32\bcryptPrimitives.dll
0x00007ffe5b640000 - 0x00007ffe5b64f000 	C:\Users\stas2\.jdks\openjdk-21.0.1\bin\instrument.dll
0x00007ffe4eb70000 - 0x00007ffe4eb8f000 	C:\Users\stas2\.jdks\openjdk-21.0.1\bin\java.dll
0x00007ffe669b0000 - 0x00007ffe670fd000 	C:\WINDOWS\System32\SHELL32.dll
0x00007ffe648b0000 - 0x00007ffe64a1c000 	C:\WINDOWS\System32\wintypes.dll
0x00007ffe623b0000 - 0x00007ffe62c09000 	C:\WINDOWS\SYSTEM32\windows.storage.dll
0x00007ffe668a0000 - 0x00007ffe66990000 	C:\WINDOWS\System32\SHCORE.dll
0x00007ffe65f60000 - 0x00007ffe65fc2000 	C:\WINDOWS\System32\shlwapi.dll
0x00007ffe64670000 - 0x00007ffe64699000 	C:\WINDOWS\SYSTEM32\profapi.dll
0x00007ffdf3dd0000 - 0x00007ffdf3ea7000 	C:\Users\stas2\.jdks\openjdk-21.0.1\bin\jsvml.dll
0x00007ffe4f500000 - 0x00007ffe4f510000 	C:\Users\stas2\.jdks\openjdk-21.0.1\bin\net.dll
0x00007ffe5b130000 - 0x00007ffe5b24f000 	C:\WINDOWS\SYSTEM32\WINHTTP.dll
0x00007ffe63bd0000 - 0x00007ffe63c3b000 	C:\WINDOWS\system32\mswsock.dll
0x00007ffe4eb50000 - 0x00007ffe4eb66000 	C:\Users\stas2\.jdks\openjdk-21.0.1\bin\nio.dll
0x00007ffe4eb00000 - 0x00007ffe4eb18000 	C:\Users\stas2\.jdks\openjdk-21.0.1\bin\zip.dll
0x00007ffe4c6b0000 - 0x00007ffe4c6ca000 	C:\IntelliJ IDEA Community Edition 2021.3.2\IntelliJ IDEA Community Edition 2023.2.1\bin\breakgen64.dll
0x00007ffdfc540000 - 0x00007ffdfc5bb000 	C:\Users\stas2\AppData\Local\Temp\lwjgl_stas2\3.3.4+7\x64\lwjgl.dll
0x00007ffdf3d40000 - 0x00007ffdf3dc5000 	C:\Users\stas2\AppData\Local\Temp\lwjgl_stas2\3.3.4+7\x64\glfw.dll
0x00007ffddc290000 - 0x00007ffddc2db000 	C:\WINDOWS\SYSTEM32\dinput8.dll
0x00007ffe5ea60000 - 0x00007ffe5ea72000 	C:\WINDOWS\SYSTEM32\xinput1_4.dll
0x00007ffe64400000 - 0x00007ffe64457000 	C:\WINDOWS\SYSTEM32\cfgmgr32.dll
0x00007ffe643d0000 - 0x00007ffe643fd000 	C:\WINDOWS\SYSTEM32\DEVOBJ.dll
0x00007ffe5f0a0000 - 0x00007ffe5f0cb000 	C:\WINDOWS\SYSTEM32\dwmapi.dll
0x00007ffe4f620000 - 0x00007ffe4f7fa000 	C:\WINDOWS\SYSTEM32\inputhost.dll
0x00007ffe5e710000 - 0x00007ffe5e835000 	C:\WINDOWS\SYSTEM32\CoreMessaging.dll
0x00007ffe63e90000 - 0x00007ffe63e9c000 	C:\WINDOWS\SYSTEM32\CRYPTBASE.DLL
0x00007ffe5ec90000 - 0x00007ffe5ed38000 	C:\WINDOWS\system32\uxtheme.dll
0x00007ffe659b0000 - 0x00007ffe65b08000 	C:\WINDOWS\System32\MSCTF.dll
0x00007ffe1b0f0000 - 0x00007ffe1b1fc000 	C:\WINDOWS\SYSTEM32\opengl32.dll
0x00007ffe1bfe0000 - 0x00007ffe1c00d000 	C:\WINDOWS\SYSTEM32\GLU32.dll
0x00007ffe616e0000 - 0x00007ffe61724000 	C:\WINDOWS\SYSTEM32\dxcore.dll
0x00007ffe5b0c0000 - 0x00007ffe5b120000 	C:\WINDOWS\SYSTEM32\directxdatabasehelper.dll
0x00007ffe4fc50000 - 0x00007ffe4fc6a000 	C:\WINDOWS\SYSTEM32\windows.staterepositorycore.dll
0x00007ffdb5390000 - 0x00007ffdb6383000 	C:\WINDOWS\System32\DriverStore\FileRepository\iigd_dch.inf_amd64_5802b1615520e41c\igxelpicd64.dll
0x00007ffe65ba0000 - 0x00007ffe65d38000 	C:\WINDOWS\System32\ole32.dll
0x00007ffe5ef40000 - 0x00007ffe5f07a000 	C:\WINDOWS\system32\dxgi.dll
0x00007ffdb50a0000 - 0x00007ffdb5387000 	C:\WINDOWS\System32\DriverStore\FileRepository\iigd_dch.inf_amd64_5802b1615520e41c\igdml64.dll
0x00007ffe57970000 - 0x00007ffe57d37000 	C:\WINDOWS\System32\DriverStore\FileRepository\iigd_dch.inf_amd64_5802b1615520e41c\igdgmm64.dll
0x00007ffe542e0000 - 0x00007ffe578f1000 	C:\WINDOWS\System32\DriverStore\FileRepository\iigd_dch.inf_amd64_5802b1615520e41c\igc64.dll
0x00007ffe50410000 - 0x00007ffe50559000 	C:\WINDOWS\SYSTEM32\textinputframework.dll
0x00007ffe5a3d0000 - 0x00007ffe5a6b3000 	C:\WINDOWS\SYSTEM32\CoreUIComponents.dll
0x00007ffdf3cd0000 - 0x00007ffdf3d31000 	C:\Users\stas2\AppData\Local\Temp\lwjgl_stas2\3.3.4+7\x64\lwjgl_opengl.dll
0x00007ffd77b30000 - 0x00007ffd78324000 	C:\Users\stas2\AppData\Local\Temp\imgui-java-natives\1.89.0\imgui-java64.dll
0x00007ffe4eaf0000 - 0x00007ffe4eb00000 	C:\Users\stas2\.jdks\openjdk-21.0.1\bin\verify.dll
0x00007ffdf3c30000 - 0x00007ffdf3cd0000 	C:\Users\stas2\AppData\Local\Temp\lwjgl_stas2\3.3.4+7\x64\lwjgl_stb.dll

dbghelp: loaded successfully - version: 4.0.5 - missing functions: none
symbol engine: initialized successfully - sym options: 0x614 - pdb path: .;C:\Users\stas2\.jdks\openjdk-21.0.1\bin;C:\WINDOWS\SYSTEM32;C:\WINDOWS\WinSxS\amd64_microsoft.windows.common-controls_6595b64144ccf1df_6.0.26100.5074_none_3e0d6f78e32fd63f;C:\Users\stas2\.jdks\openjdk-21.0.1\bin\server;C:\IntelliJ IDEA Community Edition 2021.3.2\IntelliJ IDEA Community Edition 2023.2.1\bin;C:\Users\stas2\AppData\Local\Temp\lwjgl_stas2\3.3.4+7\x64;C:\WINDOWS\System32\DriverStore\FileRepository\iigd_dch.inf_amd64_5802b1615520e41c;C:\Users\stas2\AppData\Local\Temp\imgui-java-natives\1.89.0

VM Arguments:
jvm_args: -javaagent:C:\IntelliJ IDEA Community Edition 2021.3.2\IntelliJ IDEA Community Edition 2023.2.1\lib\idea_rt.jar=51298:C:\IntelliJ IDEA Community Edition 2021.3.2\IntelliJ IDEA Community Edition 2023.2.1\bin -Dfile.encoding=windows-1252 -Dsun.stdout.encoding=windows-1252 -Dsun.stderr.encoding=windows-1252 --module-path=O:\GIt\MultiplayerShooter\target\classes;C:\Users\stas2\.m2\repository\com\fasterxml\jackson\core\jackson-databind\2.17.2\jackson-databind-2.17.2.jar;C:\Users\stas2\.m2\repository\org\lwjgl\lwjgl-vulkan\3.3.4\lwjgl-vulkan-3.3.4.jar;C:\Users\stas2\.m2\repository\org\lwjgl\lwjgl-glfw\3.3.4\lwjgl-glfw-3.3.4.jar;C:\Users\stas2\.m2\repository\org\joml\joml\1.10.7\joml-1.10.7.jar;C:\Users\stas2\.m2\repository\com\fasterxml\jackson\core\jackson-annotations\2.17.2\jackson-annotations-2.17.2.jar;C:\Users\stas2\.m2\repository\org\lwjgl\lwjgl-stb\3.3.4\lwjgl-stb-3.3.4.jar;C:\Users\stas2\.m2\repository\io\github\spair\imgui-java-binding\1.89.0\imgui-java-binding-1.89.0.jar;C:\Users\stas2\.m2\repository\com\fasterxml\jackson\core\jackson-core\2.17.2\jackson-core-2.17.2.jar;C:\Users\stas2\.m2\repository\io\github\spair\imgui-java-lwjgl3\1.89.0\imgui-java-lwjgl3-1.89.0.jar;C:\Users\stas2\.m2\repository\org\lwjgl\lwjgl-opengl\3.3.4\lwjgl-opengl-3.3.4.jar;C:\Users\stas2\.m2\repository\org\joml\joml-primitives\1.10.0\joml-primitives-1.10.0.jar;C:\Users\stas2\.m2\repository\org\lwjgl\lwjgl-assimp\3.3.4\lwjgl-assimp-3.3.4.jar;C:\Users\stas2\.m2\repository\org\lwjgl\lwjgl\3.3.4\lwjgl-3.3.4.jar -Djdk.module.main=com.bedrye.bjge 
java_command: com.bedrye.bjge/com.bedrye.bjge.TestMain
java_class_path (initial): C:\Users\stas2\.m2\repository\io\github\spair\imgui-java-natives-windows\1.89.0\imgui-java-natives-windows-1.89.0.jar;C:\Users\stas2\.m2\repository\org\junit\jupiter\junit-jupiter-api\5.9.2\junit-jupiter-api-5.9.2.jar;C:\Users\stas2\.m2\repository\org\opentest4j\opentest4j\1.2.0\opentest4j-1.2.0.jar;C:\Users\stas2\.m2\repository\org\junit\platform\junit-platform-commons\1.9.2\junit-platform-commons-1.9.2.jar;C:\Users\stas2\.m2\repository\org\apiguardian\apiguardian-api\1.1.2\apiguardian-api-1.1.2.jar;C:\Users\stas2\.m2\repository\org\junit\jupiter\junit-jupiter-engine\5.9.2\junit-jupiter-engine-5.9.2.jar;C:\Users\stas2\.m2\repository\org\junit\platform\junit-platform-engine\1.9.2\junit-platform-engine-1.9.2.jar;C:\Users\stas2\.m2\repository\org\lwjgl\lwjgl-bgfx\3.3.4\lwjgl-bgfx-3.3.4.jar;C:\Users\stas2\.m2\repository\org\lwjgl\lwjgl-nanovg\3.3.4\lwjgl-nanovg-3.3.4.jar;C:\Users\stas2\.m2\repository\org\lwjgl\lwjgl-nuklear\3.3.4\lwjgl-nuklear-3.3.4.jar;C:\Users\stas2\.m2\repository\org\lwjgl\lwjgl-openal\3.3.4\lwjgl-openal-3.3.4.jar;C:\Users\stas2\.m2\repository\org\lwjgl\lwjgl-par\3.3.4\lwjgl-par-3.3.4.jar;C:\Users\stas2\.m2\repository\org\lwjgl\lwjgl\3.3.4\lwjgl-3.3.4-natives-windows.jar;C:\Users\stas2\.m2\repository\org\lwjgl\lwjgl-assimp\3.3.4\lwjgl-assimp-3.3.4-natives-windows.jar;C:\Users\stas2\.m2\repository\org\lwjgl\lwjgl-bgfx\3.3.4\lwjgl-bgfx-3.3.4-natives-windows.jar;C:\Users\stas2\.m2\repository\org\lwjgl\lwjgl-glfw\3.3.4\lwjgl-glfw-3.3.4-natives-windows.jar;C:\Users\stas2\.m2\repository\org\lwjgl\lwjgl-nanovg\3.3.4\lwjgl-nanovg-3.3.4-natives-windows.jar;C:\Users\stas2\.m2\repository\org\lwjgl\lwjgl-nuklear\3.3.4\lwjgl-nuklear-3.3.4-natives-windows.jar;C:\Users\stas2\.m2\repository\org\lwjgl\lwjgl-openal\3.3.4\lwjgl-openal-3.3.4-natives-windows.jar;C:\Users\stas2\.m2\repository\org\lwjgl\lwjgl-opengl\3.3.4\lwjgl-opengl-3.3.4-natives-windows.jar;C:\Users\stas2\.m2\repository\org\lwjgl\lwjgl-par\3.3.4\lwjgl-par-3.3.4-natives-windows.jar;C:\Users\stas2\.m2\repository\org\lwjgl\lwjgl-stb\3.3.4\lwjgl-stb-3.3.4-natives-windows.jar
Launcher Type: SUN_STANDARD

[Global flags]
     intx CICompilerCount                          = 4                                         {product} {ergonomic}
     uint ConcGCThreads                            = 3                                         {product} {ergonomic}
     uint G1ConcRefinementThreads                  = 10                                        {product} {ergonomic}
   size_t G1HeapRegionSize                         = 2097152                                   {product} {ergonomic}
    uintx GCDrainStackTargetSize                   = 64                                        {product} {ergonomic}
   size_t InitialHeapSize                          = 266338304                                 {product} {ergonomic}
   size_t MarkStackSize                            = 4194304                                   {product} {ergonomic}
   size_t MaxHeapSize                              = 4238344192                                {product} {ergonomic}
   size_t MaxNewSize                               = 2541748224                                {product} {ergonomic}
   size_t MinHeapDeltaBytes                        = 2097152                                   {product} {ergonomic}
   size_t MinHeapSize                              = 8388608                                   {product} {ergonomic}
    uintx NonNMethodCodeHeapSize                   = 5839372                                {pd product} {ergonomic}
    uintx NonProfiledCodeHeapSize                  = 122909434                              {pd product} {ergonomic}
    uintx ProfiledCodeHeapSize                     = 122909434                              {pd product} {ergonomic}
    uintx ReservedCodeCacheSize                    = 251658240                              {pd product} {ergonomic}
     bool SegmentedCodeCache                       = true                                      {product} {ergonomic}
   size_t SoftMaxHeapSize                          = 4238344192                             {manageable} {ergonomic}
     bool UseCompressedOops                        = true                           {product lp64_product} {ergonomic}
     bool UseG1GC                                  = true                                      {product} {ergonomic}
     bool UseLargePagesIndividualAllocation        = false                                  {pd product} {ergonomic}

Logging:
Log output configuration:
 #0: stdout all=warning uptime,level,tags foldmultilines=false
 #1: stderr all=off uptime,level,tags foldmultilines=false

Environment Variables:
JAVA_HOME=C:\Program Files\Java\jdk-21
PATH=C:\Program Files\PlasticSCM5\server;C:\Program Files\PlasticSCM5\client;C:\Program Files\NVIDIA GPU Computing Toolkit\CUDA\v12.6\bin;C:\Program Files\NVIDIA GPU Computing Toolkit\CUDA\v12.6\libnvvp;C:\Program Files\Common Files\Oracle\Java\javapath;C:\Windows\system32;C:\Windows;C:\Program Files\Java\jdk-11.0.2\bin;C:\Windows\System32\Wbem;C:\ORacleDatabase\dbhomeXE\bin;C:\Windows\System32\WindowsPowerShell\v1.0\;C:\Windows\System32\OpenSSH\;C:\Program Files (x86)\NVIDIA Corporation\PhysX\Common;C:\Program Files\NVIDIA Corporation\NVIDIA NvDLISR;C:\Program Files\Git LFS;C:\Program Files\Git\cmd;C:\Program Files (x86)\Windows Kits\10\Windows Performance Toolkit\;C:\Program Files (x86)\Steam\steamapps\common\Counter-Strike Global Offensive\game\bin\win64;C:\Users\stas2\AppData\Local\Programs\Python\Python311;C:\Program Files\dotnet\;C:\Program Files\Microsoft SQL Server\150\Tools\Binn\;C:\Program Files\Microsoft SQL Server\Client SDK\ODBC\170\Tools\Binn\;C:\Program Files\NVIDIA Corporation\Nsight Compute 2024.3.2\;C:\Program Files (x86)\Microsoft SQL Server\160\Tools\Binn\;C:\Program Files\Microsoft SQL Server\160\Tools\Binn\;C:\Program Files\Microsoft SQL Server\160\DTS\Binn\;C:\Program Files (x86)\Microsoft SQL Server\160\DTS\Binn\;C:\WINDOWS\system32;C:\WINDOWS;C:\WINDOWS\System32\Wbem;C:\WINDOWS\System32\WindowsPowerShell\v1.0\;C:\WINDOWS\System32\OpenSSH\;C:\Program Files\Docker\Docker\resources\bin;O:\npdejs\;C:\Users\stas2\AppData\Local\Programs\Python\Python312\Scripts;C:\Users\stas2\AppData\Local\Microsoft\WindowsApps;C:\Users\stas2\AppData\Local\Programs\Microsoft VS Code\bin;C:\Users\stas2\AppData\Local\GitHubDesktop\bin;C:\Users\stas2\AppData\Local\Programs\Python\Python311;C:\Program Files (x86)\Steam\steamapps\common\Counter-Strike Global Offensive\game\bin\win64;C:\Users\stas2\.dotnet\tools;C:\Users\stas2\AppData\Local\Muse Hub\lib;C:\Users\stas2\AppData\Roaming\npm;C:\Users\stas2\AppData\Local\Programs\Python\Python312\Scripts;
USERNAME=stas2
OS=Windows_NT
PROCESSOR_IDENTIFIER=Intel64 Family 6 Model 141 Stepping 1, GenuineIntel
TMP=C:\Users\stas2\AppData\Local\Temp
TEMP=C:\Users\stas2\AppData\Local\Temp




Periodic native trim disabled

---------------  S Y S T E M  ---------------

OS:
 Windows 11 , 64 bit Build 26100 (10.0.26100.5074)
OS uptime: 3 days 2:49 hours
Hyper-V role detected

CPU: total 12 (initial active 12) (6 cores per cpu, 2 threads per core) family 6 model 141 stepping 1 microcode 0x3c, cx8, cmov, fxsr, ht, mmx, 3dnowpref, sse, sse2, sse3, ssse3, sse4.1, sse4.2, popcnt, lzcnt, tsc, tscinvbit, avx, avx2, aes, erms, clmul, bmi1, bmi2, adx, avx512f, avx512dq, avx512cd, avx512bw, avx512vl, sha, fma, vzeroupper, avx512_vpopcntdq, avx512_vpclmulqdq, avx512_vaes, avx512_vnni, clflush, clflushopt, clwb, avx512_vbmi2, avx512_vbmi, hv, rdtscp, rdpid, fsrm, gfni, avx512_bitalg, f16c, cet_ibt, cet_ss, avx512_ifma
Processor Information for all 12 processors :
  Max Mhz: 2688, Current Mhz: 2688, Mhz Limit: 2688

Memory: 4k page, system-wide physical 16163M (638M free)
TotalPageFile size 48445M (AvailPageFile size 5028M)
current process WorkingSet (physical memory assigned to process): 304M, peak: 312M
current process commit charge ("private bytes"): 452M, peak: 478M

vm_info: OpenJDK 64-Bit Server VM (21.0.1+12-29) for windows-amd64 JRE (21.0.1+12-29), built on 2023-10-05T13:27:09Z by "mach5one" with MS VC++ 17.1 (VS2022)

END.
