#
# A fatal error has been detected by the Java Runtime Environment:
#
#  EXCEPTION_ACCESS_VIOLATION (0xc0000005) at pc=0x00007ffa4d38366c, pid=2460, tid=1244
#
# JRE version: OpenJDK Runtime Environment (21.0.1+12) (build 21.0.1+12-29)
# Java VM: OpenJDK 64-Bit Server VM (21.0.1+12-29, mixed mode, sharing, tiered, compressed oops, compressed class ptrs, g1 gc, windows-amd64)
# Problematic frame:
# C  [igxelpicd64.dll+0x13366c]
#
# No core dump will be written. Minidumps are not enabled by default on client versions of Windows
#
# If you would like to submit a bug report, please visit:
#   https://bugreport.java.com/bugreport/crash.jsp
#

---------------  S U M M A R Y ------------

Command Line: -javaagent:C:\IntelliJ IDEA Community Edition 2021.3.2\IntelliJ IDEA Community Edition 2023.2.1\lib\idea_rt.jar=62164:C:\IntelliJ IDEA Community Edition 2021.3.2\IntelliJ IDEA Community Edition 2023.2.1\bin -Dfile.encoding=windows-1252 -Dsun.stdout.encoding=windows-1252 -Dsun.stderr.encoding=windows-1252 --module-path=C:\Users\stas2\.m2\repository\com\fasterxml\jackson\core\jackson-annotations\2.17.2\jackson-annotations-2.17.2.jar;C:\Users\stas2\.m2\repository\org\lwjgl\lwjgl-assimp\3.3.4\lwjgl-assimp-3.3.4.jar;C:\Users\stas2\.m2\repository\io\github\spair\imgui-java-lwjgl3\1.89.0\imgui-java-lwjgl3-1.89.0.jar;C:\Users\stas2\.m2\repository\org\lwjgl\lwjgl-vulkan\3.3.4\lwjgl-vulkan-3.3.4.jar;C:\Users\stas2\.m2\repository\org\lwjgl\lwjgl\3.3.4\lwjgl-3.3.4.jar;C:\Users\stas2\.m2\repository\org\joml\joml-primitives\1.10.0\joml-primitives-1.10.0.jar;C:\Users\stas2\.m2\repository\io\github\spair\imgui-java-binding\1.89.0\imgui-java-binding-1.89.0.jar;C:\Users\stas2\.m2\repository\org\lwjgl\lwjgl-glfw\3.3.4\lwjgl-glfw-3.3.4.jar;C:\Users\stas2\.m2\repository\com\fasterxml\jackson\core\jackson-core\2.17.2\jackson-core-2.17.2.jar;C:\Users\stas2\.m2\repository\org\lwjgl\lwjgl-stb\3.3.4\lwjgl-stb-3.3.4.jar;O:\GIt\MultiplayerShooter\target\classes;C:\Users\stas2\.m2\repository\com\fasterxml\jackson\core\jackson-databind\2.17.2\jackson-databind-2.17.2.jar;C:\Users\stas2\.m2\repository\org\joml\joml\1.10.7\joml-1.10.7.jar;C:\Users\stas2\.m2\repository\org\lwjgl\lwjgl-opengl\3.3.4\lwjgl-opengl-3.3.4.jar -Djdk.module.main=com.bedrye.bjge com.bedrye.bjge/com.bedrye.bjge.TestMain

Host: 11th Gen Intel(R) Core(TM) i5-11400H @ 2.70GHz, 12 cores, 15G,  Windows 11 , 64 bit Build 26100 (10.0.26100.5074)
Time: Sun Sep 28 12:30:08 2025 FLE Summer Time elapsed time: 76.108428 seconds (0d 0h 1m 16s)

---------------  T H R E A D  ---------------

Current thread (0x000001cf801b08c0):  VMThread "VM Thread"          [id=1244, stack(0x00000064f3c00000,0x00000064f3d00000) (1024K)]

Stack: [0x00000064f3c00000,0x00000064f3d00000],  sp=0x00000064f3cfe330,  free space=1016k
Native frames: (J=compiled Java code, j=interpreted, Vv=VM code, C=native code)
C  [igxelpicd64.dll+0x13366c]


siginfo: EXCEPTION_ACCESS_VIOLATION (0xc0000005), reading address 0x00000000000356f8


Registers:
RAX=0x000001cfc68f4f98, RBX=0x000001cfc68f4e90, RCX=0x0000000000000000, RDX=0x0000000000000000
RSP=0x00000064f3cfe330, RBP=0x0000000000000000, RSI=0x000001cfc68f5460, RDI=0x000001cfc62374e0
R8 =0x0000000000000014, R9 =0x00000064f3073000, R10=0x0000000000000000, R11=0x0000000000000000
R12=0x0000000000000000, R13=0x000001cfc68f3450, R14=0x0000000000209c00, R15=0x0000000000000016
RIP=0x00007ffa4d38366c, EFLAGS=0x0000000000010202


Register to memory mapping:

RAX=0x000001cfc68f4f98 points into unknown readable memory: 0x0000000000209c30 | 30 9c 20 00 00 00 00 00
RBX=0x000001cfc68f4e90 points into unknown readable memory: 0x000001cf80e6d450 | 50 d4 e6 80 cf 01 00 00
RCX=0x0 is null
RDX=0x0 is null
RSP=0x00000064f3cfe330 points into unknown readable memory: 0x000001cfc6262b70 | 70 2b 26 c6 cf 01 00 00
RBP=0x0 is null
RSI=0x000001cfc68f5460 points into unknown readable memory: 0x000001cfc68f3450 | 50 34 8f c6 cf 01 00 00
RDI=0x000001cfc62374e0 points into unknown readable memory: 0x000001cf80f1ec00 | 00 ec f1 80 cf 01 00 00
R8 =0x0000000000000014 is an unknown value
R9 =0x00000064f3073000 points into unknown readable memory: 0x0000000000000000 | 00 00 00 00 00 00 00 00
R10=0x0 is null
R11=0x0 is null
R12=0x0 is null
R13=0x000001cfc68f3450 points into unknown readable memory: 0x000001cf80e6d450 | 50 d4 e6 80 cf 01 00 00
R14=0x0000000000209c00 is an unknown value
R15=0x0000000000000016 is an unknown value

Top of Stack: (sp=0x00000064f3cfe330)
0x00000064f3cfe330:   000001cfc6262b70 0000000000000000
0x00000064f3cfe340:   183e036cea3a02db 00007ffac7de7254
0x00000064f3cfe350:   384a032de2480334 264c0338394b0357
0x00000064f3cfe360:   f34d0313424c0335 e350036c444f0259
0x00000064f3cfe370:   000001cfc63eab78 0000000000209c31
0x00000064f3cfe380:   0000000000000000 0000000000000010
0x00000064f3cfe390:   0000000000000000 0000000000000000
0x00000064f3cfe3a0:   00000064f3cfe4b0 00007ffa4d4fbc3c
0x00000064f3cfe3b0:   000001cfc6262b70 000001cfc62374e0
0x00000064f3cfe3c0:   2c6f02f4296f0300 9c720335b9700300
0x00000064f3cfe3d0:   0000006400000620 0000b80219600000
0x00000064f3cfe3e0:   0000000000000000 c27d0231be7d0379
0x00000064f3cfe3f0:   9a7e034f777e0301 9d8103511281036d
0x00000064f3cfe400:   2284035fc9820375 278503750a8502b5
0x00000064f3cfe410:   6385033838850340 00007ffa4d4f19a0
0x00000064f3cfe420:   73860374d1850332 2489032ba888037b
0x00000064f3cfe430:   468a033e4489034f d58d0352b98d036e
0x00000064f3cfe440:   65940306858f0303 759503639d940379
0x00000064f3cfe450:   ea980360a0980338 00007ffa4d2d3cdf
0x00000064f3cfe460:   0000b80219600000 0000000000000620
0x00000064f3cfe470:   0000000000000000 4000188000000001
0x00000064f3cfe480:   0000000000000000 0000000000000000
0x00000064f3cfe490:   0000000000000000 0000000000000000
0x00000064f3cfe4a0:   0000000000000000 0000000000000000
0x00000064f3cfe4b0:   0000000000000000 0000000000000000
0x00000064f3cfe4c0:   0000000000000000 0000000000000000
0x00000064f3cfe4d0:   0000000000000000 0000000000000000
0x00000064f3cfe4e0:   0000000000000000 0000000000000000
0x00000064f3cfe4f0:   0000000000000000 0000000000000000
0x00000064f3cfe500:   0000000000000000 0000000000000000
0x00000064f3cfe510:   0000000000000000 0000000000000000
0x00000064f3cfe520:   0000000000000000 0000000000000000 

Instructions: (pc=0x00007ffa4d38366c)
0x00007ffa4d38356c:   ec 40 45 8a e1 48 8b fa 48 8b e9 48 8b 1d 42 08
0x00007ffa4d38357c:   e0 00 48 89 58 08 48 8b cb ff 15 85 5b 9a 00 90
0x00007ffa4d38358c:   4c 8b af 78 02 00 00 48 8b 05 c6 e4 cf 00 44 8b
0x00007ffa4d38359c:   b8 40 0b 00 00 45 33 db 45 8a f3 4c 89 9f 78 02
0x00007ffa4d3835ac:   00 00 44 89 9f 80 02 00 00 4c 89 9f 98 02 00 00
0x00007ffa4d3835bc:   4c 89 9f 88 02 00 00 48 85 ed 75 38 8b 35 4a e2
0x00007ffa4d3835cc:   df 00 65 48 8b 04 25 58 00 00 00 b9 14 00 00 00
0x00007ffa4d3835dc:   48 8b 04 f0 44 38 1c 01 0f 84 9d da 86 00 65 48
0x00007ffa4d3835ec:   8b 04 25 58 00 00 00 bd 20 00 00 00 48 8b 04 f0
0x00007ffa4d3835fc:   48 8b 2c 28 48 3b 2d 39 07 e0 00 45 0f 44 fb 4d
0x00007ffa4d38360c:   85 ed 0f 84 21 01 00 00 44 8a a4 24 90 00 00 00
0x00007ffa4d38361c:   49 8b dd 49 8d b5 d0 05 00 00 4c 8b 2e 45 84 e4
0x00007ffa4d38362c:   0f 85 2a 03 00 00 8b 97 c8 01 00 00 48 8b 05 21
0x00007ffa4d38363c:   e4 cf 00 83 b8 78 03 00 00 02 75 31 83 fa 10 0f
0x00007ffa4d38364c:   83 20 01 00 00 48 8d 04 d5 21 00 00 00 48 03 c2
0x00007ffa4d38365c:   48 8d 04 c3 48 85 c0 0f 85 ff 00 00 00 49 8b cb
0x00007ffa4d38366c:   48 3b 8d f8 56 03 00 0f 87 f3 02 00 00 4c 39 9b
0x00007ffa4d38367c:   48 06 00 00 0f 85 41 da 86 00 44 8b 97 c8 01 00
0x00007ffa4d38368c:   00 48 8b 87 e0 01 00 00 4c 8b 08 8b 97 c8 01 00
0x00007ffa4d38369c:   00 83 fa 10 0f 83 03 01 00 00 48 8d 04 d5 21 00
0x00007ffa4d3836ac:   00 00 48 03 c2 48 8d 04 c3 48 85 c0 0f 85 e2 00
0x00007ffa4d3836bc:   00 00 49 8b cb 49 3b c9 0f 86 0e 01 00 00 48 8b
0x00007ffa4d3836cc:   87 78 02 00 00 48 89 06 48 89 9f 78 02 00 00 ff
0x00007ffa4d3836dc:   87 80 02 00 00 48 8b 43 08 48 8b 88 18 01 00 00
0x00007ffa4d3836ec:   48 81 e1 00 00 ff ff 48 81 c1 00 00 01 00 48 01
0x00007ffa4d3836fc:   8f 88 02 00 00 48 8b 43 08 48 8b 88 18 01 00 00
0x00007ffa4d38370c:   48 01 8f 98 02 00 00 4d 85 ed 0f 85 00 ff ff ff
0x00007ffa4d38371c:   45 84 f6 44 8a a4 24 98 00 00 00 0f 85 82 03 00
0x00007ffa4d38372c:   00 48 8b 9c 24 80 00 00 00 48 8b cf 45 84 e4 0f
0x00007ffa4d38373c:   85 8a 03 00 00 e8 fa f9 ff ff 90 48 8b cb 48 8b
0x00007ffa4d38374c:   9c 24 88 00 00 00 48 83 c4 40 41 5f 41 5e 41 5d
0x00007ffa4d38375c:   41 5c 5f 5e 5d 48 ff 25 b0 59 9a 00 48 8b 48 08 


Stack slot to memory mapping:

stack at sp + 0 slots: 0x000001cfc6262b70 points into unknown readable memory: 0xffffffffffffffff | ff ff ff ff ff ff ff ff
stack at sp + 1 slots: 0x0 is null
stack at sp + 2 slots: 0x183e036cea3a02db is an unknown value
stack at sp + 3 slots: 0x00007ffac7de7254 ntdll.dll
stack at sp + 4 slots: 0x384a032de2480334 is an unknown value
stack at sp + 5 slots: 0x264c0338394b0357 is an unknown value
stack at sp + 6 slots: 0xf34d0313424c0335 is an unknown value
stack at sp + 7 slots: 0xe350036c444f0259 is an unknown value

VM_Operation (0x00000064f32fedb0): Exit, mode: safepoint, requested by thread 0x000001cfc68e5b00


---------------  P R O C E S S  ---------------

Threads class SMR info:
_java_thread_list=0x000001cfc6528010, length=15, elements={
0x000001cf801cccc0, 0x000001cf801ce820, 0x000001cf801d1810, 0x000001cf801d44a0,
0x000001cf801d5530, 0x000001cf801d6480, 0x000001cf801d7660, 0x000001cf801ee1a0,
0x000001cf8043de00, 0x000001cf8043f1b0, 0x000001cf8043e490, 0x000001cf8043eb20,
0x000001cf80eadba0, 0x000001cfc6563ee0, 0x000001cfc68e5b00
}

Java Threads: ( => current thread )
  0x000001cf801cccc0 JavaThread "Reference Handler"          daemon [_thread_blocked, id=17856, stack(0x00000064f3d00000,0x00000064f3e00000) (1024K)]
  0x000001cf801ce820 JavaThread "Finalizer"                  daemon [_thread_blocked, id=19928, stack(0x00000064f3e00000,0x00000064f3f00000) (1024K)]
  0x000001cf801d1810 JavaThread "Signal Dispatcher"          daemon [_thread_blocked, id=7204, stack(0x00000064f3f00000,0x00000064f4000000) (1024K)]
  0x000001cf801d44a0 JavaThread "Attach Listener"            daemon [_thread_blocked, id=18576, stack(0x00000064f4000000,0x00000064f4100000) (1024K)]
  0x000001cf801d5530 JavaThread "Service Thread"             daemon [_thread_blocked, id=26088, stack(0x00000064f4100000,0x00000064f4200000) (1024K)]
  0x000001cf801d6480 JavaThread "Monitor Deflation Thread"   daemon [_thread_blocked, id=28272, stack(0x00000064f4200000,0x00000064f4300000) (1024K)]
  0x000001cf801d7660 JavaThread "C2 CompilerThread0"         daemon [_thread_blocked, id=9440, stack(0x00000064f4300000,0x00000064f4400000) (1024K)]
  0x000001cf801ee1a0 JavaThread "C1 CompilerThread0"         daemon [_thread_blocked, id=23348, stack(0x00000064f4400000,0x00000064f4500000) (1024K)]
  0x000001cf8043de00 JavaThread "Common-Cleaner"             daemon [_thread_blocked, id=32560, stack(0x00000064f4500000,0x00000064f4600000) (1024K)]
  0x000001cf8043f1b0 JavaThread "Monitor Ctrl-Break"         daemon [_thread_in_native, id=32184, stack(0x00000064f4800000,0x00000064f4900000) (1024K)]
  0x000001cf8043e490 JavaThread "Notification Thread"        daemon [_thread_blocked, id=15424, stack(0x00000064f4900000,0x00000064f4a00000) (1024K)]
  0x000001cf8043eb20 JavaThread "FileSystemWatchService"     daemon [_thread_in_native, id=12572, stack(0x00000064f5000000,0x00000064f5100000) (1024K)]
  0x000001cf80eadba0 JavaThread "ScriptWatcher"                     [_thread_blocked, id=13556, stack(0x00000064f5100000,0x00000064f5200000) (1024K)]
  0x000001cfc6563ee0 JavaThread "DestroyJavaVM"                     [_thread_blocked, id=17464, stack(0x00000064f3500000,0x00000064f3600000) (1024K)]
  0x000001cfc68e5b00 JavaThread "SIGINT handler"             daemon [_thread_blocked, id=11476, stack(0x00000064f3200000,0x00000064f3300000) (1024K)]
Total: 15

Other Threads:
=>0x000001cf801b08c0 VMThread "VM Thread"                           [id=1244, stack(0x00000064f3c00000,0x00000064f3d00000) (1024K)]
  0x000001cfe0d0b090 WorkerThread "GC Thread#0"                     [id=18336, stack(0x00000064f3600000,0x00000064f3700000) (1024K)]
  0x000001cf80ca5ab0 WorkerThread "GC Thread#1"                     [id=4276, stack(0x00000064f4a00000,0x00000064f4b00000) (1024K)]
  0x000001cf80ca7fb0 WorkerThread "GC Thread#2"                     [id=3576, stack(0x00000064f4b00000,0x00000064f4c00000) (1024K)]
  0x000001cf80ca8350 WorkerThread "GC Thread#3"                     [id=14364, stack(0x00000064f4c00000,0x00000064f4d00000) (1024K)]
  0x000001cf80cc3a80 WorkerThread "GC Thread#4"                     [id=23564, stack(0x00000064f4d00000,0x00000064f4e00000) (1024K)]
  0x000001cf80cdd910 WorkerThread "GC Thread#5"                     [id=27768, stack(0x00000064f4e00000,0x00000064f4f00000) (1024K)]
  0x000001cf80d0a600 WorkerThread "GC Thread#6"                     [id=21660, stack(0x00000064f4f00000,0x00000064f5000000) (1024K)]
  0x000001cfe0d1bc00 ConcurrentGCThread "G1 Main Marker"            terminated
  0x000001cfdea0d3d0 WorkerThread "G1 Conc#0"                       [id=17480, stack(0x00000064f3800000,0x00000064f3900000) (1024K)]
  0x000001cf8005e5c0 ConcurrentGCThread "G1 Refine#0"               terminated
  0x000001cf8005ef40 ConcurrentGCThread "G1 Service"                terminated
Total: 12

Threads with active compile tasks:
Total: 0

VM state: at safepoint (shutting down)

VM Mutex/Monitor currently owned by a thread:  ([mutex/lock_event])
[0x00007ffa2bb9a5f8] Threads_lock - owner thread: 0x000001cf801b08c0
[0x00007ffa2bb9a6f8] Heap_lock - owner thread: 0x000001cfc68e5b00

Heap address: 0x0000000703600000, size: 4042 MB, Compressed Oops mode: Zero based, Oop shift amount: 3

CDS archive(s) mapped at: [0x000001cf81000000-0x000001cf81c90000-0x000001cf81c90000), size 13172736, SharedBaseAddress: 0x000001cf81000000, ArchiveRelocationMode: 1.
Compressed class space mapped at: 0x000001cf82000000-0x000001cfc2000000, reserved size: 1073741824
Narrow klass base: 0x000001cf81000000, Narrow klass shift: 0, Narrow klass range: 0x100000000

GC Precious Log:
 CardTable entry size: 512
 Card Set container configuration: InlinePtr #cards 4 size 8 Array Of Cards #cards 16 size 48 Howl #buckets 8 coarsen threshold 3686 Howl Bitmap #cards 512 size 80 coarsen threshold 460 Card regions per heap region 1 cards per card region 4096
 CPUs: 12 total, 12 available
 Memory: 16163M
 Large Page Support: Disabled
 NUMA Support: Disabled
 Compressed Oops: Enabled (Zero based)
 Heap Region Size: 2M
 Heap Min Capacity: 8M
 Heap Initial Capacity: 254M
 Heap Max Capacity: 4042M
 Pre-touch: Disabled
 Parallel Workers: 10
 Concurrent Workers: 3
 Concurrent Refinement Workers: 10
 Periodic GC: Disabled

Heap:
 garbage-first heap   total 260096K, used 27050K [0x0000000703600000, 0x0000000800000000)
  region size 2048K, 15 young (30720K), 2 survivors (4096K)
 Metaspace       used 13005K, committed 13184K, reserved 1114112K
  class space    used 886K, committed 960K, reserved 1048576K

Heap Regions: E=young(eden), S=young(survivor), O=old, HS=humongous(starts), HC=humongous(continues), CS=collection set, F=free, TAMS=top-at-mark-start, PB=parsable bottom
|   0|0x0000000703600000, 0x0000000703600000, 0x0000000703800000|  0%| F|  |TAMS 0x0000000703600000| PB 0x0000000703600000| Untracked 
|   1|0x0000000703800000, 0x0000000703800000, 0x0000000703a00000|  0%| F|  |TAMS 0x0000000703800000| PB 0x0000000703800000| Untracked 
|   2|0x0000000703a00000, 0x0000000703a00000, 0x0000000703c00000|  0%| F|  |TAMS 0x0000000703a00000| PB 0x0000000703a00000| Untracked 
|   3|0x0000000703c00000, 0x0000000703c00000, 0x0000000703e00000|  0%| F|  |TAMS 0x0000000703c00000| PB 0x0000000703c00000| Untracked 
|   4|0x0000000703e00000, 0x0000000703e00000, 0x0000000704000000|  0%| F|  |TAMS 0x0000000703e00000| PB 0x0000000703e00000| Untracked 
|   5|0x0000000704000000, 0x0000000704000000, 0x0000000704200000|  0%| F|  |TAMS 0x0000000704000000| PB 0x0000000704000000| Untracked 
|   6|0x0000000704200000, 0x0000000704200000, 0x0000000704400000|  0%| F|  |TAMS 0x0000000704200000| PB 0x0000000704200000| Untracked 
|   7|0x0000000704400000, 0x0000000704400000, 0x0000000704600000|  0%| F|  |TAMS 0x0000000704400000| PB 0x0000000704400000| Untracked 
|   8|0x0000000704600000, 0x0000000704600000, 0x0000000704800000|  0%| F|  |TAMS 0x0000000704600000| PB 0x0000000704600000| Untracked 
|   9|0x0000000704800000, 0x0000000704800000, 0x0000000704a00000|  0%| F|  |TAMS 0x0000000704800000| PB 0x0000000704800000| Untracked 
|  10|0x0000000704a00000, 0x0000000704a00000, 0x0000000704c00000|  0%| F|  |TAMS 0x0000000704a00000| PB 0x0000000704a00000| Untracked 
|  11|0x0000000704c00000, 0x0000000704c00000, 0x0000000704e00000|  0%| F|  |TAMS 0x0000000704c00000| PB 0x0000000704c00000| Untracked 
|  12|0x0000000704e00000, 0x0000000704e00000, 0x0000000705000000|  0%| F|  |TAMS 0x0000000704e00000| PB 0x0000000704e00000| Untracked 
|  13|0x0000000705000000, 0x0000000705000000, 0x0000000705200000|  0%| F|  |TAMS 0x0000000705000000| PB 0x0000000705000000| Untracked 
|  14|0x0000000705200000, 0x0000000705200000, 0x0000000705400000|  0%| F|  |TAMS 0x0000000705200000| PB 0x0000000705200000| Untracked 
|  15|0x0000000705400000, 0x0000000705400000, 0x0000000705600000|  0%| F|  |TAMS 0x0000000705400000| PB 0x0000000705400000| Untracked 
|  16|0x0000000705600000, 0x0000000705600000, 0x0000000705800000|  0%| F|  |TAMS 0x0000000705600000| PB 0x0000000705600000| Untracked 
|  17|0x0000000705800000, 0x0000000705800000, 0x0000000705a00000|  0%| F|  |TAMS 0x0000000705800000| PB 0x0000000705800000| Untracked 
|  18|0x0000000705a00000, 0x0000000705a00000, 0x0000000705c00000|  0%| F|  |TAMS 0x0000000705a00000| PB 0x0000000705a00000| Untracked 
|  19|0x0000000705c00000, 0x0000000705c00000, 0x0000000705e00000|  0%| F|  |TAMS 0x0000000705c00000| PB 0x0000000705c00000| Untracked 
|  20|0x0000000705e00000, 0x0000000705e00000, 0x0000000706000000|  0%| F|  |TAMS 0x0000000705e00000| PB 0x0000000705e00000| Untracked 
|  21|0x0000000706000000, 0x0000000706000000, 0x0000000706200000|  0%| F|  |TAMS 0x0000000706000000| PB 0x0000000706000000| Untracked 
|  22|0x0000000706200000, 0x0000000706200000, 0x0000000706400000|  0%| F|  |TAMS 0x0000000706200000| PB 0x0000000706200000| Untracked 
|  23|0x0000000706400000, 0x0000000706400000, 0x0000000706600000|  0%| F|  |TAMS 0x0000000706400000| PB 0x0000000706400000| Untracked 
|  24|0x0000000706600000, 0x0000000706600000, 0x0000000706800000|  0%| F|  |TAMS 0x0000000706600000| PB 0x0000000706600000| Untracked 
|  25|0x0000000706800000, 0x0000000706800000, 0x0000000706a00000|  0%| F|  |TAMS 0x0000000706800000| PB 0x0000000706800000| Untracked 
|  26|0x0000000706a00000, 0x0000000706a00000, 0x0000000706c00000|  0%| F|  |TAMS 0x0000000706a00000| PB 0x0000000706a00000| Untracked 
|  27|0x0000000706c00000, 0x0000000706c00000, 0x0000000706e00000|  0%| F|  |TAMS 0x0000000706c00000| PB 0x0000000706c00000| Untracked 
|  28|0x0000000706e00000, 0x0000000706e00000, 0x0000000707000000|  0%| F|  |TAMS 0x0000000706e00000| PB 0x0000000706e00000| Untracked 
|  29|0x0000000707000000, 0x0000000707000000, 0x0000000707200000|  0%| F|  |TAMS 0x0000000707000000| PB 0x0000000707000000| Untracked 
|  30|0x0000000707200000, 0x0000000707200000, 0x0000000707400000|  0%| F|  |TAMS 0x0000000707200000| PB 0x0000000707200000| Untracked 
|  31|0x0000000707400000, 0x0000000707400000, 0x0000000707600000|  0%| F|  |TAMS 0x0000000707400000| PB 0x0000000707400000| Untracked 
|  32|0x0000000707600000, 0x0000000707600000, 0x0000000707800000|  0%| F|  |TAMS 0x0000000707600000| PB 0x0000000707600000| Untracked 
|  33|0x0000000707800000, 0x0000000707800000, 0x0000000707a00000|  0%| F|  |TAMS 0x0000000707800000| PB 0x0000000707800000| Untracked 
|  34|0x0000000707a00000, 0x0000000707a00000, 0x0000000707c00000|  0%| F|  |TAMS 0x0000000707a00000| PB 0x0000000707a00000| Untracked 
|  35|0x0000000707c00000, 0x0000000707c00000, 0x0000000707e00000|  0%| F|  |TAMS 0x0000000707c00000| PB 0x0000000707c00000| Untracked 
|  36|0x0000000707e00000, 0x0000000707e00000, 0x0000000708000000|  0%| F|  |TAMS 0x0000000707e00000| PB 0x0000000707e00000| Untracked 
|  37|0x0000000708000000, 0x0000000708000000, 0x0000000708200000|  0%| F|  |TAMS 0x0000000708000000| PB 0x0000000708000000| Untracked 
|  38|0x0000000708200000, 0x0000000708200000, 0x0000000708400000|  0%| F|  |TAMS 0x0000000708200000| PB 0x0000000708200000| Untracked 
|  39|0x0000000708400000, 0x0000000708400000, 0x0000000708600000|  0%| F|  |TAMS 0x0000000708400000| PB 0x0000000708400000| Untracked 
|  40|0x0000000708600000, 0x0000000708600000, 0x0000000708800000|  0%| F|  |TAMS 0x0000000708600000| PB 0x0000000708600000| Untracked 
|  41|0x0000000708800000, 0x0000000708800000, 0x0000000708a00000|  0%| F|  |TAMS 0x0000000708800000| PB 0x0000000708800000| Untracked 
|  42|0x0000000708a00000, 0x0000000708a00000, 0x0000000708c00000|  0%| F|  |TAMS 0x0000000708a00000| PB 0x0000000708a00000| Untracked 
|  43|0x0000000708c00000, 0x0000000708c00000, 0x0000000708e00000|  0%| F|  |TAMS 0x0000000708c00000| PB 0x0000000708c00000| Untracked 
|  44|0x0000000708e00000, 0x0000000708e00000, 0x0000000709000000|  0%| F|  |TAMS 0x0000000708e00000| PB 0x0000000708e00000| Untracked 
|  45|0x0000000709000000, 0x0000000709000000, 0x0000000709200000|  0%| F|  |TAMS 0x0000000709000000| PB 0x0000000709000000| Untracked 
|  46|0x0000000709200000, 0x0000000709200000, 0x0000000709400000|  0%| F|  |TAMS 0x0000000709200000| PB 0x0000000709200000| Untracked 
|  47|0x0000000709400000, 0x0000000709400000, 0x0000000709600000|  0%| F|  |TAMS 0x0000000709400000| PB 0x0000000709400000| Untracked 
|  48|0x0000000709600000, 0x0000000709600000, 0x0000000709800000|  0%| F|  |TAMS 0x0000000709600000| PB 0x0000000709600000| Untracked 
|  49|0x0000000709800000, 0x0000000709800000, 0x0000000709a00000|  0%| F|  |TAMS 0x0000000709800000| PB 0x0000000709800000| Untracked 
|  50|0x0000000709a00000, 0x0000000709a00000, 0x0000000709c00000|  0%| F|  |TAMS 0x0000000709a00000| PB 0x0000000709a00000| Untracked 
|  51|0x0000000709c00000, 0x0000000709c00000, 0x0000000709e00000|  0%| F|  |TAMS 0x0000000709c00000| PB 0x0000000709c00000| Untracked 
|  52|0x0000000709e00000, 0x0000000709e00000, 0x000000070a000000|  0%| F|  |TAMS 0x0000000709e00000| PB 0x0000000709e00000| Untracked 
|  53|0x000000070a000000, 0x000000070a000000, 0x000000070a200000|  0%| F|  |TAMS 0x000000070a000000| PB 0x000000070a000000| Untracked 
|  54|0x000000070a200000, 0x000000070a200000, 0x000000070a400000|  0%| F|  |TAMS 0x000000070a200000| PB 0x000000070a200000| Untracked 
|  55|0x000000070a400000, 0x000000070a400000, 0x000000070a600000|  0%| F|  |TAMS 0x000000070a400000| PB 0x000000070a400000| Untracked 
|  56|0x000000070a600000, 0x000000070a600000, 0x000000070a800000|  0%| F|  |TAMS 0x000000070a600000| PB 0x000000070a600000| Untracked 
|  57|0x000000070a800000, 0x000000070a800000, 0x000000070aa00000|  0%| F|  |TAMS 0x000000070a800000| PB 0x000000070a800000| Untracked 
|  58|0x000000070aa00000, 0x000000070aa00000, 0x000000070ac00000|  0%| F|  |TAMS 0x000000070aa00000| PB 0x000000070aa00000| Untracked 
|  59|0x000000070ac00000, 0x000000070ac00000, 0x000000070ae00000|  0%| F|  |TAMS 0x000000070ac00000| PB 0x000000070ac00000| Untracked 
|  60|0x000000070ae00000, 0x000000070ae00000, 0x000000070b000000|  0%| F|  |TAMS 0x000000070ae00000| PB 0x000000070ae00000| Untracked 
|  61|0x000000070b000000, 0x000000070b000000, 0x000000070b200000|  0%| F|  |TAMS 0x000000070b000000| PB 0x000000070b000000| Untracked 
|  62|0x000000070b200000, 0x000000070b200000, 0x000000070b400000|  0%| F|  |TAMS 0x000000070b200000| PB 0x000000070b200000| Untracked 
|  63|0x000000070b400000, 0x000000070b400000, 0x000000070b600000|  0%| F|  |TAMS 0x000000070b400000| PB 0x000000070b400000| Untracked 
|  64|0x000000070b600000, 0x000000070b600000, 0x000000070b800000|  0%| F|  |TAMS 0x000000070b600000| PB 0x000000070b600000| Untracked 
|  65|0x000000070b800000, 0x000000070b800000, 0x000000070ba00000|  0%| F|  |TAMS 0x000000070b800000| PB 0x000000070b800000| Untracked 
|  66|0x000000070ba00000, 0x000000070ba00000, 0x000000070bc00000|  0%| F|  |TAMS 0x000000070ba00000| PB 0x000000070ba00000| Untracked 
|  67|0x000000070bc00000, 0x000000070bc00000, 0x000000070be00000|  0%| F|  |TAMS 0x000000070bc00000| PB 0x000000070bc00000| Untracked 
|  68|0x000000070be00000, 0x000000070be00000, 0x000000070c000000|  0%| F|  |TAMS 0x000000070be00000| PB 0x000000070be00000| Untracked 
|  69|0x000000070c000000, 0x000000070c000000, 0x000000070c200000|  0%| F|  |TAMS 0x000000070c000000| PB 0x000000070c000000| Untracked 
|  70|0x000000070c200000, 0x000000070c200000, 0x000000070c400000|  0%| F|  |TAMS 0x000000070c200000| PB 0x000000070c200000| Untracked 
|  71|0x000000070c400000, 0x000000070c400000, 0x000000070c600000|  0%| F|  |TAMS 0x000000070c400000| PB 0x000000070c400000| Untracked 
|  72|0x000000070c600000, 0x000000070c600000, 0x000000070c800000|  0%| F|  |TAMS 0x000000070c600000| PB 0x000000070c600000| Untracked 
|  73|0x000000070c800000, 0x000000070c800000, 0x000000070ca00000|  0%| F|  |TAMS 0x000000070c800000| PB 0x000000070c800000| Untracked 
|  74|0x000000070ca00000, 0x000000070ca00000, 0x000000070cc00000|  0%| F|  |TAMS 0x000000070ca00000| PB 0x000000070ca00000| Untracked 
|  75|0x000000070cc00000, 0x000000070cc00000, 0x000000070ce00000|  0%| F|  |TAMS 0x000000070cc00000| PB 0x000000070cc00000| Untracked 
|  76|0x000000070ce00000, 0x000000070ce00000, 0x000000070d000000|  0%| F|  |TAMS 0x000000070ce00000| PB 0x000000070ce00000| Untracked 
|  77|0x000000070d000000, 0x000000070d000000, 0x000000070d200000|  0%| F|  |TAMS 0x000000070d000000| PB 0x000000070d000000| Untracked 
|  78|0x000000070d200000, 0x000000070d200000, 0x000000070d400000|  0%| F|  |TAMS 0x000000070d200000| PB 0x000000070d200000| Untracked 
|  79|0x000000070d400000, 0x000000070d400000, 0x000000070d600000|  0%| F|  |TAMS 0x000000070d400000| PB 0x000000070d400000| Untracked 
|  80|0x000000070d600000, 0x000000070d600000, 0x000000070d800000|  0%| F|  |TAMS 0x000000070d600000| PB 0x000000070d600000| Untracked 
|  81|0x000000070d800000, 0x000000070d800000, 0x000000070da00000|  0%| F|  |TAMS 0x000000070d800000| PB 0x000000070d800000| Untracked 
|  82|0x000000070da00000, 0x000000070da00000, 0x000000070dc00000|  0%| F|  |TAMS 0x000000070da00000| PB 0x000000070da00000| Untracked 
|  83|0x000000070dc00000, 0x000000070dc00000, 0x000000070de00000|  0%| F|  |TAMS 0x000000070dc00000| PB 0x000000070dc00000| Untracked 
|  84|0x000000070de00000, 0x000000070de00000, 0x000000070e000000|  0%| F|  |TAMS 0x000000070de00000| PB 0x000000070de00000| Untracked 
|  85|0x000000070e000000, 0x000000070e000000, 0x000000070e200000|  0%| F|  |TAMS 0x000000070e000000| PB 0x000000070e000000| Untracked 
|  86|0x000000070e200000, 0x000000070e200000, 0x000000070e400000|  0%| F|  |TAMS 0x000000070e200000| PB 0x000000070e200000| Untracked 
|  87|0x000000070e400000, 0x000000070e400000, 0x000000070e600000|  0%| F|  |TAMS 0x000000070e400000| PB 0x000000070e400000| Untracked 
|  88|0x000000070e600000, 0x000000070e600000, 0x000000070e800000|  0%| F|  |TAMS 0x000000070e600000| PB 0x000000070e600000| Untracked 
|  89|0x000000070e800000, 0x000000070e800000, 0x000000070ea00000|  0%| F|  |TAMS 0x000000070e800000| PB 0x000000070e800000| Untracked 
|  90|0x000000070ea00000, 0x000000070ea00000, 0x000000070ec00000|  0%| F|  |TAMS 0x000000070ea00000| PB 0x000000070ea00000| Untracked 
|  91|0x000000070ec00000, 0x000000070ec00000, 0x000000070ee00000|  0%| F|  |TAMS 0x000000070ec00000| PB 0x000000070ec00000| Untracked 
|  92|0x000000070ee00000, 0x000000070ee00000, 0x000000070f000000|  0%| F|  |TAMS 0x000000070ee00000| PB 0x000000070ee00000| Untracked 
|  93|0x000000070f000000, 0x000000070f000000, 0x000000070f200000|  0%| F|  |TAMS 0x000000070f000000| PB 0x000000070f000000| Untracked 
|  94|0x000000070f200000, 0x000000070f200000, 0x000000070f400000|  0%| F|  |TAMS 0x000000070f200000| PB 0x000000070f200000| Untracked 
|  95|0x000000070f400000, 0x000000070f400000, 0x000000070f600000|  0%| F|  |TAMS 0x000000070f400000| PB 0x000000070f400000| Untracked 
|  96|0x000000070f600000, 0x000000070f600000, 0x000000070f800000|  0%| F|  |TAMS 0x000000070f600000| PB 0x000000070f600000| Untracked 
|  97|0x000000070f800000, 0x000000070f800000, 0x000000070fa00000|  0%| F|  |TAMS 0x000000070f800000| PB 0x000000070f800000| Untracked 
|  98|0x000000070fa00000, 0x000000070fa00000, 0x000000070fc00000|  0%| F|  |TAMS 0x000000070fa00000| PB 0x000000070fa00000| Untracked 
|  99|0x000000070fc00000, 0x000000070fc00000, 0x000000070fe00000|  0%| F|  |TAMS 0x000000070fc00000| PB 0x000000070fc00000| Untracked 
| 100|0x000000070fe00000, 0x000000070fe00000, 0x0000000710000000|  0%| F|  |TAMS 0x000000070fe00000| PB 0x000000070fe00000| Untracked 
| 101|0x0000000710000000, 0x0000000710000000, 0x0000000710200000|  0%| F|  |TAMS 0x0000000710000000| PB 0x0000000710000000| Untracked 
| 102|0x0000000710200000, 0x0000000710200000, 0x0000000710400000|  0%| F|  |TAMS 0x0000000710200000| PB 0x0000000710200000| Untracked 
| 103|0x0000000710400000, 0x0000000710400000, 0x0000000710600000|  0%| F|  |TAMS 0x0000000710400000| PB 0x0000000710400000| Untracked 
| 104|0x0000000710600000, 0x0000000710600000, 0x0000000710800000|  0%| F|  |TAMS 0x0000000710600000| PB 0x0000000710600000| Untracked 
| 105|0x0000000710800000, 0x0000000710800000, 0x0000000710a00000|  0%| F|  |TAMS 0x0000000710800000| PB 0x0000000710800000| Untracked 
| 106|0x0000000710a00000, 0x0000000710a00000, 0x0000000710c00000|  0%| F|  |TAMS 0x0000000710a00000| PB 0x0000000710a00000| Untracked 
| 107|0x0000000710c00000, 0x0000000710c00000, 0x0000000710e00000|  0%| F|  |TAMS 0x0000000710c00000| PB 0x0000000710c00000| Untracked 
| 108|0x0000000710e00000, 0x0000000710e00000, 0x0000000711000000|  0%| F|  |TAMS 0x0000000710e00000| PB 0x0000000710e00000| Untracked 
| 109|0x0000000711000000, 0x0000000711000000, 0x0000000711200000|  0%| F|  |TAMS 0x0000000711000000| PB 0x0000000711000000| Untracked 
| 110|0x0000000711200000, 0x0000000711200000, 0x0000000711400000|  0%| F|  |TAMS 0x0000000711200000| PB 0x0000000711200000| Untracked 
| 111|0x0000000711400000, 0x0000000711400000, 0x0000000711600000|  0%| F|  |TAMS 0x0000000711400000| PB 0x0000000711400000| Untracked 
| 112|0x0000000711600000, 0x00000007116312a8, 0x0000000711800000|  9%| E|  |TAMS 0x0000000711600000| PB 0x0000000711600000| Complete 
| 113|0x0000000711800000, 0x0000000711a00000, 0x0000000711a00000|100%| E|CS|TAMS 0x0000000711800000| PB 0x0000000711800000| Complete 
| 114|0x0000000711a00000, 0x0000000711a6aa80, 0x0000000711c00000| 20%| S|CS|TAMS 0x0000000711a00000| PB 0x0000000711a00000| Complete 
| 115|0x0000000711c00000, 0x0000000711e00000, 0x0000000711e00000|100%| S|CS|TAMS 0x0000000711c00000| PB 0x0000000711c00000| Complete 
| 116|0x0000000711e00000, 0x0000000712000000, 0x0000000712000000|100%| E|CS|TAMS 0x0000000711e00000| PB 0x0000000711e00000| Complete 
| 117|0x0000000712000000, 0x0000000712200000, 0x0000000712200000|100%| E|CS|TAMS 0x0000000712000000| PB 0x0000000712000000| Complete 
| 118|0x0000000712200000, 0x0000000712400000, 0x0000000712400000|100%| E|CS|TAMS 0x0000000712200000| PB 0x0000000712200000| Complete 
| 119|0x0000000712400000, 0x0000000712600000, 0x0000000712600000|100%| E|CS|TAMS 0x0000000712400000| PB 0x0000000712400000| Complete 
| 120|0x0000000712600000, 0x0000000712800000, 0x0000000712800000|100%| E|CS|TAMS 0x0000000712600000| PB 0x0000000712600000| Complete 
| 121|0x0000000712800000, 0x0000000712a00000, 0x0000000712a00000|100%| E|CS|TAMS 0x0000000712800000| PB 0x0000000712800000| Complete 
| 122|0x0000000712a00000, 0x0000000712c00000, 0x0000000712c00000|100%| E|CS|TAMS 0x0000000712a00000| PB 0x0000000712a00000| Complete 
| 123|0x0000000712c00000, 0x0000000712e00000, 0x0000000712e00000|100%| E|CS|TAMS 0x0000000712c00000| PB 0x0000000712c00000| Complete 
| 124|0x0000000712e00000, 0x0000000713000000, 0x0000000713000000|100%| E|CS|TAMS 0x0000000712e00000| PB 0x0000000712e00000| Complete 
| 125|0x0000000713000000, 0x0000000713200000, 0x0000000713200000|100%| E|CS|TAMS 0x0000000713000000| PB 0x0000000713000000| Complete 
| 126|0x0000000713200000, 0x0000000713400000, 0x0000000713400000|100%| E|CS|TAMS 0x0000000713200000| PB 0x0000000713200000| Complete 

Card table byte_map: [0x000001cff8e20000,0x000001cff9610000] _byte_map_base: 0x000001cff5605000

Marking Bits: (CMBitMap*) 0x000001cfe0d0b690
 Bits: [0x000001cff9610000, 0x000001cffd538000)

Polling page: 0x000001cfdeb60000

Metaspace:

Usage:
  Non-class:     11.83 MB used.
      Class:    886.63 KB used.
       Both:     12.70 MB used.

Virtual space:
  Non-class space:       64.00 MB reserved,      11.94 MB ( 19%) committed,  1 nodes.
      Class space:        1.00 GB reserved,     960.00 KB ( <1%) committed,  1 nodes.
             Both:        1.06 GB reserved,      12.88 MB (  1%) committed. 

Chunk freelists:
   Non-Class:  3.23 MB
       Class:  15.00 MB
        Both:  18.23 MB

MaxMetaspaceSize: unlimited
CompressedClassSpaceSize: 1.00 GB
Initial GC threshold: 21.00 MB
Current GC threshold: 21.00 MB
CDS: on
 - commit_granule_bytes: 65536.
 - commit_granule_words: 8192.
 - virtual_space_node_default_size: 8388608.
 - enlarge_chunks_in_place: 1.
 - use_allocation_guard: 0.


Internal statistics:

num_allocs_failed_limit: 0.
num_arena_births: 114.
num_arena_deaths: 0.
num_vsnodes_births: 2.
num_vsnodes_deaths: 0.
num_space_committed: 204.
num_space_uncommitted: 0.
num_chunks_returned_to_freelist: 0.
num_chunks_taken_from_freelist: 470.
num_chunk_merges: 0.
num_chunk_splits: 367.
num_chunks_enlarged: 301.
num_inconsistent_stats: 0.

CodeHeap 'non-profiled nmethods': size=120000Kb used=851Kb max_used=851Kb free=119148Kb
 bounds [0x000001cff0bb0000, 0x000001cff0e20000, 0x000001cff80e0000]
CodeHeap 'profiled nmethods': size=120000Kb used=3045Kb max_used=3045Kb free=116954Kb
 bounds [0x000001cfe90e0000, 0x000001cfe93e0000, 0x000001cff0610000]
CodeHeap 'non-nmethods': size=5760Kb used=2928Kb max_used=2955Kb free=2832Kb
 bounds [0x000001cff0610000, 0x000001cff0900000, 0x000001cff0bb0000]
 total_blobs=3396 nmethods=1987 adapters=1314
 compilation: enabled
              stopped_count=0, restarted_count=0
 full_count=0

Compilation events (20 events):
Event: 14.177 Thread 0x000001cf801d7660 1979       4       com.bedrye.bjge.GameEngine.Util.BJETexture::hide (20 bytes)
Event: 14.177 Thread 0x000001cf801d7660 nmethod 1979 0x000001cff0c82b10 code [0x000001cff0c82ce0, 0x000001cff0c82df8]
Event: 15.323 Thread 0x000001cf801d7660 1980       4       java.util.ArrayList::iterator (9 bytes)
Event: 15.324 Thread 0x000001cf801d7660 nmethod 1980 0x000001cff0c82f90 code [0x000001cff0c83120, 0x000001cff0c83228]
Event: 15.338 Thread 0x000001cf801d7660 1981   !   4       java.nio.DirectByteBuffer::<init> (171 bytes)
Event: 15.347 Thread 0x000001cf801d7660 nmethod 1981 0x000001cff0c83310 code [0x000001cff0c83580, 0x000001cff0c845c8]
Event: 15.365 Thread 0x000001cf801ee1a0 1982       3       sun.misc.Unsafe::getInt (9 bytes)
Event: 15.366 Thread 0x000001cf801ee1a0 nmethod 1982 0x000001cfe93d6e10 code [0x000001cfe93d6fa0, 0x000001cfe93d70b0]
Event: 15.366 Thread 0x000001cf801ee1a0 1983       3       org.lwjgl.system.Struct::<init> (11 bytes)
Event: 15.366 Thread 0x000001cf801ee1a0 nmethod 1983 0x000001cfe93d7190 code [0x000001cfe93d7360, 0x000001cfe93d76b0]
Event: 15.367 Thread 0x000001cf801ee1a0 1984       3       java.lang.String::valueOf (15 bytes)
Event: 15.368 Thread 0x000001cf801ee1a0 nmethod 1984 0x000001cfe93d7810 code [0x000001cfe93d79c0, 0x000001cfe93d7bd0]
Event: 15.368 Thread 0x000001cf801ee1a0 1985       3       java.lang.String::getChars (55 bytes)
Event: 15.368 Thread 0x000001cf801ee1a0 nmethod 1985 0x000001cfe93d7c90 code [0x000001cfe93d7ec0, 0x000001cfe93d8620]
Event: 15.368 Thread 0x000001cf801ee1a0 1986       3       java.lang.StringLatin1::getChars (12 bytes)
Event: 15.368 Thread 0x000001cf801ee1a0 nmethod 1986 0x000001cfe93d8910 code [0x000001cfe93d8ac0, 0x000001cfe93d8be8]
Event: 75.599 Thread 0x000001cf801ee1a0 1987   !   3       jdk.internal.loader.URLClassPath$JarLoader::ensureOpen (36 bytes)
Event: 75.599 Thread 0x000001cf801ee1a0 nmethod 1987 0x000001cfe93d8c90 code [0x000001cfe93d8e80, 0x000001cfe93d92e0]
Event: 75.600 Thread 0x000001cf801ee1a0 1988       3       jdk.internal.reflect.ReflectionFactory::config (28 bytes)
Event: 75.600 Thread 0x000001cf801ee1a0 nmethod 1988 0x000001cfe93d9490 code [0x000001cfe93d9620, 0x000001cfe93d9728]

GC Heap History (2 events):
Event: 0.271 GC heap before
{Heap before GC invocations=0 (full 0):
 garbage-first heap   total 260096K, used 22528K [0x0000000703600000, 0x0000000800000000)
  region size 2048K, 11 young (22528K), 0 survivors (0K)
 Metaspace       used 3896K, committed 4096K, reserved 1114112K
  class space    used 334K, committed 448K, reserved 1048576K
}
Event: 0.273 GC heap after
{Heap after GC invocations=1 (full 0):
 garbage-first heap   total 260096K, used 2474K [0x0000000703600000, 0x0000000800000000)
  region size 2048K, 2 young (4096K), 2 survivors (4096K)
 Metaspace       used 3896K, committed 4096K, reserved 1114112K
  class space    used 334K, committed 448K, reserved 1048576K
}

Dll operation events (14 events):
Event: 0.006 Loaded shared library C:\Users\stas2\.jdks\openjdk-21.0.1\bin\java.dll
Event: 0.034 Loaded shared library C:\Users\stas2\.jdks\openjdk-21.0.1\bin\jsvml.dll
Event: 0.061 Loaded shared library C:\Users\stas2\.jdks\openjdk-21.0.1\bin\net.dll
Event: 0.063 Loaded shared library C:\Users\stas2\.jdks\openjdk-21.0.1\bin\nio.dll
Event: 0.067 Loaded shared library C:\Users\stas2\.jdks\openjdk-21.0.1\bin\zip.dll
Event: 0.160 Loaded shared library C:\Users\stas2\.jdks\openjdk-21.0.1\bin\zip.dll
Event: 0.163 Loaded shared library C:\Users\stas2\.jdks\openjdk-21.0.1\bin\instrument.dll
Event: 0.177 Loaded shared library C:\IntelliJ IDEA Community Edition 2021.3.2\IntelliJ IDEA Community Edition 2023.2.1\bin\breakgen64.dll
Event: 0.225 Loaded shared library C:\Users\stas2\.jdks\openjdk-21.0.1\bin\jimage.dll
Event: 0.343 Loaded shared library C:\Users\stas2\AppData\Local\Temp\lwjgl_stas2\3.3.4+7\x64\lwjgl.dll
Event: 0.602 Loaded shared library C:\Users\stas2\AppData\Local\Temp\lwjgl_stas2\3.3.4+7\x64\lwjgl_opengl.dll
Event: 0.867 Loaded shared library C:\Users\stas2\AppData\Local\Temp\imgui-java-natives\1.89.0\imgui-java64.dll
Event: 0.898 Loaded shared library C:\Users\stas2\.jdks\openjdk-21.0.1\bin\verify.dll
Event: 0.928 Loaded shared library C:\Users\stas2\AppData\Local\Temp\lwjgl_stas2\3.3.4+7\x64\lwjgl_stb.dll

Deoptimization events (20 events):
Event: 1.040 Thread 0x000001cfde94b0e0 Uncommon trap: trap_request=0xffffffc6 fr.pc=0x000001cff0c271b8 relative=0x0000000000000c78
Event: 1.040 Thread 0x000001cfde94b0e0 Uncommon trap: reason=bimorphic_or_optimized_type_check action=maybe_recompile pc=0x000001cff0c271b8 method=java.util.regex.Pattern$Start.match(Ljava/util/regex/Matcher;ILjava/lang/CharSequence;)Z @ 44 c2
Event: 1.040 Thread 0x000001cfde94b0e0 DEOPT PACKING pc=0x000001cff0c271b8 sp=0x00000064f35feb40
Event: 1.040 Thread 0x000001cfde94b0e0 DEOPT UNPACKING pc=0x000001cff0667da2 sp=0x00000064f35feaa0 mode 2
Event: 1.073 Thread 0x000001cfde94b0e0 Uncommon trap: trap_request=0xffffffde fr.pc=0x000001cff0c26e6c relative=0x000000000000092c
Event: 1.073 Thread 0x000001cfde94b0e0 Uncommon trap: reason=class_check action=maybe_recompile pc=0x000001cff0c26e6c method=java.util.regex.Pattern$BmpCharPropertyGreedy.match(Ljava/util/regex/Matcher;ILjava/lang/CharSequence;)Z @ 26 c2
Event: 1.073 Thread 0x000001cfde94b0e0 DEOPT PACKING pc=0x000001cff0c26e6c sp=0x00000064f35fed60
Event: 1.073 Thread 0x000001cfde94b0e0 DEOPT UNPACKING pc=0x000001cff0667da2 sp=0x00000064f35fec48 mode 2
Event: 1.094 Thread 0x000001cfde94b0e0 Uncommon trap: trap_request=0xffffff54 fr.pc=0x000001cff0c1ef0c relative=0x000000000000006c
Event: 1.094 Thread 0x000001cfde94b0e0 Uncommon trap: reason=speculate_null_assert action=make_not_entrant pc=0x000001cff0c1ef0c method=sun.misc.Unsafe.getLong(Ljava/lang/Object;J)J @ 5 c2
Event: 1.094 Thread 0x000001cfde94b0e0 DEOPT PACKING pc=0x000001cff0c1ef0c sp=0x00000064f35feda0
Event: 1.094 Thread 0x000001cfde94b0e0 DEOPT UNPACKING pc=0x000001cff0667da2 sp=0x00000064f35fed28 mode 2
Event: 6.647 Thread 0x000001cfde94b0e0 DEOPT PACKING pc=0x000001cfe93b4def sp=0x00000064f35fdab0
Event: 6.647 Thread 0x000001cfde94b0e0 DEOPT UNPACKING pc=0x000001cff06688e2 sp=0x00000064f35fced0 mode 0
Event: 6.647 Thread 0x000001cfde94b0e0 DEOPT PACKING pc=0x000001cfe92bc662 sp=0x00000064f35fda80
Event: 6.647 Thread 0x000001cfde94b0e0 DEOPT UNPACKING pc=0x000001cff06688e2 sp=0x00000064f35fcf18 mode 0
Event: 6.648 Thread 0x000001cfde94b0e0 DEOPT PACKING pc=0x000001cfe92bc662 sp=0x00000064f35fda80
Event: 6.648 Thread 0x000001cfde94b0e0 DEOPT UNPACKING pc=0x000001cff06688e2 sp=0x00000064f35fcf18 mode 0
Event: 6.663 Thread 0x000001cfde94b0e0 DEOPT PACKING pc=0x000001cfe93a4774 sp=0x00000064f35fedf0
Event: 6.663 Thread 0x000001cfde94b0e0 DEOPT UNPACKING pc=0x000001cff06688e2 sp=0x00000064f35fe370 mode 0

Classes loaded (20 events):
Event: 75.599 Loading class jdk/internal/logger/AbstractLoggerWrapper
Event: 75.599 Loading class jdk/internal/logger/AbstractLoggerWrapper done
Event: 75.599 Loading class jdk/internal/logger/LazyLoggers$LazyLoggerWrapper done
Event: 75.599 Loading class jdk/internal/logger/LazyLoggers$JdkLazyLogger done
Event: 75.599 Loading class jdk/internal/logger/LazyLoggers$LazyLoggerAccessor
Event: 75.599 Loading class jdk/internal/logger/LazyLoggers$LoggerAccessor
Event: 75.599 Loading class jdk/internal/logger/LazyLoggers$LoggerAccessor done
Event: 75.599 Loading class jdk/internal/logger/LazyLoggers$LazyLoggerAccessor done
Event: 75.599 Loading class java/lang/System$Logger$Level
Event: 75.599 Loading class java/lang/System$Logger$Level done
Event: 75.599 Loading class jdk/internal/logger/SurrogateLogger
Event: 75.599 Loading class jdk/internal/logger/SimpleConsoleLogger
Event: 75.599 Loading class sun/util/logging/PlatformLogger$ConfigurableBridge$LoggerConfiguration
Event: 75.599 Loading class sun/util/logging/PlatformLogger$ConfigurableBridge$LoggerConfiguration done
Event: 75.599 Loading class jdk/internal/logger/SimpleConsoleLogger done
Event: 75.599 Loading class jdk/internal/logger/SurrogateLogger done
Event: 75.600 Loading class sun/util/logging/PlatformLogger
Event: 75.600 Loading class sun/util/logging/PlatformLogger done
Event: 75.600 Loading class sun/util/logging/PlatformLogger$Level
Event: 75.600 Loading class sun/util/logging/PlatformLogger$Level done

Classes unloaded (0 events):
No events

Classes redefined (0 events):
No events

Internal exceptions (20 events):
Event: 0.876 Thread 0x000001cfde94b0e0 Exception <a 'java/lang/NoSuchMethodError'{0x0000000712451d60}: 'void java.lang.invoke.DirectMethodHandle$Holder.invokeVirtual(java.lang.Object, java.lang.Object, long, double, double)'> (0x0000000712451d60) 
thrown [s\open\src\hotspot\share\interpreter\linkResolver.cpp, line 773]
Event: 0.877 Thread 0x000001cfde94b0e0 Exception <a 'java/lang/NoSuchMethodError'{0x0000000712456f60}: 'void java.lang.invoke.DirectMethodHandle$Holder.invokeVirtual(java.lang.Object, java.lang.Object, long, int, int, int)'> (0x0000000712456f60) 
thrown [s\open\src\hotspot\share\interpreter\linkResolver.cpp, line 773]
Event: 0.877 Thread 0x000001cfde94b0e0 Exception <a 'java/lang/NoSuchMethodError'{0x000000071245e1e8}: 'void java.lang.invoke.DirectMethodHandle$Holder.invokeVirtual(java.lang.Object, java.lang.Object, long, int, int, int, int)'> (0x000000071245e1e8) 
thrown [s\open\src\hotspot\share\interpreter\linkResolver.cpp, line 773]
Event: 0.920 Thread 0x000001cfde94b0e0 Exception <a 'java/lang/NoSuchMethodError'{0x000000071225a608}: 'void java.lang.System.load(java.lang.String, java.lang.Class)'> (0x000000071225a608) 
thrown [s\open\src\hotspot\share\interpreter\linkResolver.cpp, line 773]
Event: 0.921 Thread 0x000001cfde94b0e0 Exception <a 'java/lang/NoSuchMethodError'{0x000000071225d1f8}: 'void java.lang.System.loadLibrary(java.lang.String, java.lang.Class)'> (0x000000071225d1f8) 
thrown [s\open\src\hotspot\share\interpreter\linkResolver.cpp, line 773]
Event: 0.921 Thread 0x000001cfde94b0e0 Exception <a 'sun/nio/fs/WindowsException'{0x000000071225ffd8}> (0x000000071225ffd8) 
thrown [s\open\src\hotspot\share\prims\jni.cpp, line 520]
Event: 0.927 Thread 0x000001cfde94b0e0 Exception <a 'sun/nio/fs/WindowsException'{0x000000071226c3e8}> (0x000000071226c3e8) 
thrown [s\open\src\hotspot\share\prims\jni.cpp, line 520]
Event: 0.927 Thread 0x000001cfde94b0e0 Exception <a 'sun/nio/fs/WindowsException'{0x000000071226c768}> (0x000000071226c768) 
thrown [s\open\src\hotspot\share\prims\jni.cpp, line 520]
Event: 0.929 Thread 0x000001cfde94b0e0 Exception <a 'sun/nio/fs/WindowsException'{0x000000071226eac8}> (0x000000071226eac8) 
thrown [s\open\src\hotspot\share\prims\jni.cpp, line 520]
Event: 1.013 Thread 0x000001cf801d44a0 Exception <a 'sun/nio/fs/WindowsException'{0x00000007120bf7f0}> (0x00000007120bf7f0) 
thrown [s\open\src\hotspot\share\prims\jni.cpp, line 520]
Event: 1.019 Thread 0x000001cf801d44a0 Exception <a 'java/lang/NoSuchMethodError'{0x00000007120f2770}: 'java.lang.Object java.lang.invoke.Invokers$Holder.invokeExact_MT(java.lang.Object, java.lang.Object, java.lang.Object, java.lang.Object, java.lang.Object, java.lang.Object)'> (0x00000007120f2770) 
thrown [s\open\src\hotspot\share\interpreter\linkResolver.cpp, line 773]
Event: 6.606 Thread 0x000001cfde94b0e0 Exception <a 'sun/nio/fs/WindowsException'{0x0000000711f9ca50}> (0x0000000711f9ca50) 
thrown [s\open\src\hotspot\share\prims\jni.cpp, line 520]
Event: 6.611 Thread 0x000001cfde94b0e0 Exception <a 'sun/nio/fs/WindowsException'{0x0000000711fa8c70}> (0x0000000711fa8c70) 
thrown [s\open\src\hotspot\share\prims\jni.cpp, line 520]
Event: 6.612 Thread 0x000001cfde94b0e0 Exception <a 'sun/nio/fs/WindowsException'{0x0000000711fa8fe8}> (0x0000000711fa8fe8) 
thrown [s\open\src\hotspot\share\prims\jni.cpp, line 520]
Event: 6.613 Thread 0x000001cfde94b0e0 Exception <a 'sun/nio/fs/WindowsException'{0x0000000711faaa08}> (0x0000000711faaa08) 
thrown [s\open\src\hotspot\share\prims\jni.cpp, line 520]
Event: 6.615 Thread 0x000001cfde94b0e0 Exception <a 'sun/nio/fs/WindowsException'{0x0000000711faf7d0}> (0x0000000711faf7d0) 
thrown [s\open\src\hotspot\share\prims\jni.cpp, line 520]
Event: 6.643 Thread 0x000001cfde94b0e0 Exception <a 'sun/nio/fs/WindowsException'{0x0000000711fb8110}> (0x0000000711fb8110) 
thrown [s\open\src\hotspot\share\prims\jni.cpp, line 520]
Event: 6.643 Thread 0x000001cfde94b0e0 Exception <a 'sun/nio/fs/WindowsException'{0x0000000711fb8490}> (0x0000000711fb8490) 
thrown [s\open\src\hotspot\share\prims\jni.cpp, line 520]
Event: 6.644 Thread 0x000001cfde94b0e0 Exception <a 'sun/nio/fs/WindowsException'{0x0000000711fba0f8}> (0x0000000711fba0f8) 
thrown [s\open\src\hotspot\share\prims\jni.cpp, line 520]
Event: 75.598 Thread 0x000001cfc68e5b00 Exception <a 'sun/nio/fs/WindowsException'{0x0000000711601908}> (0x0000000711601908) 
thrown [s\open\src\hotspot\share\prims\jni.cpp, line 520]

ZGC Phase Switch (0 events):
No events

VM Operations (20 events):
Event: 6.029 Executing VM operation: Cleanup done
Event: 6.601 Executing VM operation: HandshakeAllThreads (Deoptimize)
Event: 6.601 Executing VM operation: HandshakeAllThreads (Deoptimize) done
Event: 7.602 Executing VM operation: Cleanup
Event: 7.602 Executing VM operation: Cleanup done
Event: 8.612 Executing VM operation: Cleanup
Event: 8.612 Executing VM operation: Cleanup done
Event: 9.618 Executing VM operation: Cleanup
Event: 9.618 Executing VM operation: Cleanup done
Event: 13.658 Executing VM operation: Cleanup
Event: 13.658 Executing VM operation: Cleanup done
Event: 14.668 Executing VM operation: Cleanup
Event: 14.669 Executing VM operation: Cleanup done
Event: 15.678 Executing VM operation: Cleanup
Event: 15.678 Executing VM operation: Cleanup done
Event: 60.057 Executing VM operation: HandshakeAllThreads (HandshakeForDeflation)
Event: 60.057 Executing VM operation: HandshakeAllThreads (HandshakeForDeflation) done
Event: 60.057 Executing VM operation: RendezvousGCThreads
Event: 60.057 Executing VM operation: RendezvousGCThreads done
Event: 75.600 Executing VM operation: Exit

Events (20 events):
Event: 0.032 Thread 0x000001cf801d1810 Thread added: 0x000001cf801d1810
Event: 0.032 Thread 0x000001cf801d44a0 Thread added: 0x000001cf801d44a0
Event: 0.032 Thread 0x000001cf801d5530 Thread added: 0x000001cf801d5530
Event: 0.032 Thread 0x000001cf801d6480 Thread added: 0x000001cf801d6480
Event: 0.032 Thread 0x000001cf801d7660 Thread added: 0x000001cf801d7660
Event: 0.032 Thread 0x000001cf801ee1a0 Thread added: 0x000001cf801ee1a0
Event: 0.057 Thread 0x000001cf8043de00 Thread added: 0x000001cf8043de00
Event: 0.102 Thread 0x000001cf80546e00 Thread added: 0x000001cf80546e00
Event: 0.106 Thread 0x000001cf8057f340 Thread added: 0x000001cf8057f340
Event: 0.178 Thread 0x000001cf8043f1b0 Thread added: 0x000001cf8043f1b0
Event: 0.178 Thread 0x000001cf8043e490 Thread added: 0x000001cf8043e490
Event: 0.306 Thread 0x000001cf8043eb20 Thread added: 0x000001cf8043eb20
Event: 0.308 Thread 0x000001cf80eadba0 Thread added: 0x000001cf80eadba0
Event: 0.556 Thread 0x000001cf80546e00 Thread exited: 0x000001cf80546e00
Event: 0.556 Thread 0x000001cf8057f340 Thread exited: 0x000001cf8057f340
Event: 1.012 Thread 0x000001cfc68309b0 Thread added: 0x000001cfc68309b0
Event: 1.185 Thread 0x000001cfc68309b0 Thread exited: 0x000001cfc68309b0
Event: 15.368 Thread 0x000001cfde94b0e0 Thread exited: 0x000001cfde94b0e0
Event: 15.368 Thread 0x000001cfc6563ee0 Thread added: 0x000001cfc6563ee0
Event: 75.597 Thread 0x000001cfc68e5b00 Thread added: 0x000001cfc68e5b00


Dynamic libraries:
0x00007ff7c20e0000 - 0x00007ff7c20ee000 	C:\Users\stas2\.jdks\openjdk-21.0.1\bin\java.exe
0x00007ffac7c80000 - 0x00007ffac7ee9000 	C:\WINDOWS\SYSTEM32\ntdll.dll
0x00007ffac5b10000 - 0x00007ffac5bd9000 	C:\WINDOWS\System32\KERNEL32.DLL
0x00007ffac5310000 - 0x00007ffac5703000 	C:\WINDOWS\System32\KERNELBASE.dll
0x00007ffac4e10000 - 0x00007ffac4f5b000 	C:\WINDOWS\System32\ucrtbase.dll
0x00007ffa51500000 - 0x00007ffa5151b000 	C:\Users\stas2\.jdks\openjdk-21.0.1\bin\VCRUNTIME140.dll
0x00007ffa4f330000 - 0x00007ffa4f348000 	C:\Users\stas2\.jdks\openjdk-21.0.1\bin\jli.dll
0x00007ffac60a0000 - 0x00007ffac6264000 	C:\WINDOWS\System32\USER32.dll
0x00007ffac5250000 - 0x00007ffac5277000 	C:\WINDOWS\System32\win32u.dll
0x00007ffaacac0000 - 0x00007ffaacd53000 	C:\WINDOWS\WinSxS\amd64_microsoft.windows.common-controls_6595b64144ccf1df_6.0.26100.5074_none_3e0d6f78e32fd63f\COMCTL32.dll
0x00007ffac6070000 - 0x00007ffac609b000 	C:\WINDOWS\System32\GDI32.dll
0x00007ffac7170000 - 0x00007ffac7219000 	C:\WINDOWS\System32\msvcrt.dll
0x00007ffac5920000 - 0x00007ffac5a4d000 	C:\WINDOWS\System32\gdi32full.dll
0x00007ffac5710000 - 0x00007ffac57b3000 	C:\WINDOWS\System32\msvcp_win.dll
0x00007ffac7c00000 - 0x00007ffac7c2f000 	C:\WINDOWS\System32\IMM32.DLL
0x00007ffa8da70000 - 0x00007ffa8da7c000 	C:\Users\stas2\.jdks\openjdk-21.0.1\bin\vcruntime140_1.dll
0x00007ffa3de60000 - 0x00007ffa3deee000 	C:\Users\stas2\.jdks\openjdk-21.0.1\bin\msvcp140.dll
0x00007ffa2af60000 - 0x00007ffa2bc75000 	C:\Users\stas2\.jdks\openjdk-21.0.1\bin\server\jvm.dll
0x00007ffac66a0000 - 0x00007ffac6754000 	C:\WINDOWS\System32\ADVAPI32.dll
0x00007ffac70c0000 - 0x00007ffac7166000 	C:\WINDOWS\System32\sechost.dll
0x00007ffac7ae0000 - 0x00007ffac7bf8000 	C:\WINDOWS\System32\RPCRT4.dll
0x00007ffac6a60000 - 0x00007ffac6ad4000 	C:\WINDOWS\System32\WS2_32.dll
0x00007ffac3a50000 - 0x00007ffac3aae000 	C:\WINDOWS\SYSTEM32\POWRPROF.dll
0x00007ffabab30000 - 0x00007ffabab3b000 	C:\WINDOWS\SYSTEM32\VERSION.dll
0x00007ffab73c0000 - 0x00007ffab73f5000 	C:\WINDOWS\SYSTEM32\WINMM.dll
0x00007ffac3a30000 - 0x00007ffac3a44000 	C:\WINDOWS\SYSTEM32\UMPDC.dll
0x00007ffac3d10000 - 0x00007ffac3d2b000 	C:\WINDOWS\SYSTEM32\kernel.appcore.dll
0x00007ffa8d9c0000 - 0x00007ffa8d9ca000 	C:\Users\stas2\.jdks\openjdk-21.0.1\bin\jimage.dll
0x00007ffac2590000 - 0x00007ffac27d2000 	C:\WINDOWS\SYSTEM32\DBGHELP.DLL
0x00007ffac6b70000 - 0x00007ffac6eeb000 	C:\WINDOWS\System32\combase.dll
0x00007ffac7970000 - 0x00007ffac7a47000 	C:\WINDOWS\System32\OLEAUT32.dll
0x00007ffaa9e70000 - 0x00007ffaa9ead000 	C:\WINDOWS\SYSTEM32\dbgcore.DLL
0x00007ffac5880000 - 0x00007ffac5919000 	C:\WINDOWS\System32\bcryptPrimitives.dll
0x00007ffabbdd0000 - 0x00007ffabbddf000 	C:\Users\stas2\.jdks\openjdk-21.0.1\bin\instrument.dll
0x00007ffa39370000 - 0x00007ffa3938f000 	C:\Users\stas2\.jdks\openjdk-21.0.1\bin\java.dll
0x00007ffac7220000 - 0x00007ffac796d000 	C:\WINDOWS\System32\SHELL32.dll
0x00007ffac50e0000 - 0x00007ffac524c000 	C:\WINDOWS\System32\wintypes.dll
0x00007ffac2a80000 - 0x00007ffac32d9000 	C:\WINDOWS\SYSTEM32\windows.storage.dll
0x00007ffac6ef0000 - 0x00007ffac6fe0000 	C:\WINDOWS\System32\SHCORE.dll
0x00007ffac6ae0000 - 0x00007ffac6b42000 	C:\WINDOWS\System32\shlwapi.dll
0x00007ffac4d30000 - 0x00007ffac4d59000 	C:\WINDOWS\SYSTEM32\profapi.dll
0x00007ffa38550000 - 0x00007ffa38627000 	C:\Users\stas2\.jdks\openjdk-21.0.1\bin\jsvml.dll
0x00007ffa88bb0000 - 0x00007ffa88bc0000 	C:\Users\stas2\.jdks\openjdk-21.0.1\bin\net.dll
0x00007ffabbf60000 - 0x00007ffabc07f000 	C:\WINDOWS\SYSTEM32\WINHTTP.dll
0x00007ffac4290000 - 0x00007ffac42fb000 	C:\WINDOWS\system32\mswsock.dll
0x00007ffa39350000 - 0x00007ffa39366000 	C:\Users\stas2\.jdks\openjdk-21.0.1\bin\nio.dll
0x00007ffa4e2f0000 - 0x00007ffa4e308000 	C:\Users\stas2\.jdks\openjdk-21.0.1\bin\zip.dll
0x00007ffa98420000 - 0x00007ffa9843a000 	C:\IntelliJ IDEA Community Edition 2021.3.2\IntelliJ IDEA Community Edition 2023.2.1\bin\breakgen64.dll
0x00007ffa5d940000 - 0x00007ffa5d9bb000 	C:\Users\stas2\AppData\Local\Temp\lwjgl_stas2\3.3.4+7\x64\lwjgl.dll
0x00007ffa5d8b0000 - 0x00007ffa5d935000 	C:\Users\stas2\AppData\Local\Temp\lwjgl_stas2\3.3.4+7\x64\glfw.dll
0x00007ffa79130000 - 0x00007ffa7917b000 	C:\WINDOWS\SYSTEM32\dinput8.dll
0x00007ffa97e50000 - 0x00007ffa97e62000 	C:\WINDOWS\SYSTEM32\xinput1_4.dll
0x00007ffac4ac0000 - 0x00007ffac4b17000 	C:\WINDOWS\SYSTEM32\cfgmgr32.dll
0x00007ffac4a90000 - 0x00007ffac4abd000 	C:\WINDOWS\SYSTEM32\DEVOBJ.dll
0x00007ffac1d20000 - 0x00007ffac1d4b000 	C:\WINDOWS\SYSTEM32\dwmapi.dll
0x00007ffa99bf0000 - 0x00007ffa99dca000 	C:\WINDOWS\SYSTEM32\inputhost.dll
0x00007ffabef10000 - 0x00007ffabf035000 	C:\WINDOWS\SYSTEM32\CoreMessaging.dll
0x00007ffabf4e0000 - 0x00007ffabf588000 	C:\WINDOWS\system32\uxtheme.dll
0x00007ffac4550000 - 0x00007ffac455c000 	C:\WINDOWS\SYSTEM32\CRYPTBASE.DLL
0x00007ffac6530000 - 0x00007ffac6688000 	C:\WINDOWS\System32\MSCTF.dll
0x00007ffa95e90000 - 0x00007ffa95f9c000 	C:\WINDOWS\SYSTEM32\opengl32.dll
0x00007ffaa2bb0000 - 0x00007ffaa2bdd000 	C:\WINDOWS\SYSTEM32\GLU32.dll
0x00007ffac1da0000 - 0x00007ffac1de4000 	C:\WINDOWS\SYSTEM32\dxcore.dll
0x00007ffabd0b0000 - 0x00007ffabd110000 	C:\WINDOWS\SYSTEM32\directxdatabasehelper.dll
0x00007ffab54c0000 - 0x00007ffab54da000 	C:\WINDOWS\SYSTEM32\windows.staterepositorycore.dll
0x00007ffa4d250000 - 0x00007ffa4e243000 	C:\WINDOWS\System32\DriverStore\FileRepository\iigd_dch.inf_amd64_5802b1615520e41c\igxelpicd64.dll
0x00007ffac68c0000 - 0x00007ffac6a58000 	C:\WINDOWS\System32\ole32.dll
0x00007ffac1ba0000 - 0x00007ffac1cda000 	C:\WINDOWS\system32\dxgi.dll
0x00007ffa4eb30000 - 0x00007ffa4ee17000 	C:\WINDOWS\System32\DriverStore\FileRepository\iigd_dch.inf_amd64_5802b1615520e41c\igdml64.dll
0x00007ffab2f10000 - 0x00007ffab32d7000 	C:\WINDOWS\System32\DriverStore\FileRepository\iigd_dch.inf_amd64_5802b1615520e41c\igdgmm64.dll
0x00007ffaaf880000 - 0x00007ffab2e91000 	C:\WINDOWS\System32\DriverStore\FileRepository\iigd_dch.inf_amd64_5802b1615520e41c\igc64.dll
0x00007ffa91ad0000 - 0x00007ffa91c19000 	C:\WINDOWS\SYSTEM32\textinputframework.dll
0x00007ffab5eb0000 - 0x00007ffab6193000 	C:\WINDOWS\SYSTEM32\CoreUIComponents.dll
0x00007ffa62900000 - 0x00007ffa62961000 	C:\Users\stas2\AppData\Local\Temp\lwjgl_stas2\3.3.4+7\x64\lwjgl_opengl.dll
0x00007ffa5b710000 - 0x00007ffa5bf04000 	C:\Users\stas2\AppData\Local\Temp\imgui-java-natives\1.89.0\imgui-java64.dll
0x00007ffabb8c0000 - 0x00007ffabb8d0000 	C:\Users\stas2\.jdks\openjdk-21.0.1\bin\verify.dll
0x00007ffa5d010000 - 0x00007ffa5d0b0000 	C:\Users\stas2\AppData\Local\Temp\lwjgl_stas2\3.3.4+7\x64\lwjgl_stb.dll
0x00007ffa5b5e0000 - 0x00007ffa5b708000 	C:\Users\stas2\AppData\Local\Temp\lwjgl_stas2\3.3.4+7\x64\draco.dll
0x00007ffa2a550000 - 0x00007ffa2ac0b000 	C:\Users\stas2\AppData\Local\Temp\lwjgl_stas2\3.3.4+7\x64\assimp.dll

dbghelp: loaded successfully - version: 4.0.5 - missing functions: none
symbol engine: initialized successfully - sym options: 0x614 - pdb path: .;C:\Users\stas2\.jdks\openjdk-21.0.1\bin;C:\WINDOWS\SYSTEM32;C:\WINDOWS\WinSxS\amd64_microsoft.windows.common-controls_6595b64144ccf1df_6.0.26100.5074_none_3e0d6f78e32fd63f;C:\Users\stas2\.jdks\openjdk-21.0.1\bin\server;C:\IntelliJ IDEA Community Edition 2021.3.2\IntelliJ IDEA Community Edition 2023.2.1\bin;C:\Users\stas2\AppData\Local\Temp\lwjgl_stas2\3.3.4+7\x64;C:\WINDOWS\System32\DriverStore\FileRepository\iigd_dch.inf_amd64_5802b1615520e41c;C:\Users\stas2\AppData\Local\Temp\imgui-java-natives\1.89.0

VM Arguments:
jvm_args: -javaagent:C:\IntelliJ IDEA Community Edition 2021.3.2\IntelliJ IDEA Community Edition 2023.2.1\lib\idea_rt.jar=62164:C:\IntelliJ IDEA Community Edition 2021.3.2\IntelliJ IDEA Community Edition 2023.2.1\bin -Dfile.encoding=windows-1252 -Dsun.stdout.encoding=windows-1252 -Dsun.stderr.encoding=windows-1252 --module-path=C:\Users\stas2\.m2\repository\com\fasterxml\jackson\core\jackson-annotations\2.17.2\jackson-annotations-2.17.2.jar;C:\Users\stas2\.m2\repository\org\lwjgl\lwjgl-assimp\3.3.4\lwjgl-assimp-3.3.4.jar;C:\Users\stas2\.m2\repository\io\github\spair\imgui-java-lwjgl3\1.89.0\imgui-java-lwjgl3-1.89.0.jar;C:\Users\stas2\.m2\repository\org\lwjgl\lwjgl-vulkan\3.3.4\lwjgl-vulkan-3.3.4.jar;C:\Users\stas2\.m2\repository\org\lwjgl\lwjgl\3.3.4\lwjgl-3.3.4.jar;C:\Users\stas2\.m2\repository\org\joml\joml-primitives\1.10.0\joml-primitives-1.10.0.jar;C:\Users\stas2\.m2\repository\io\github\spair\imgui-java-binding\1.89.0\imgui-java-binding-1.89.0.jar;C:\Users\stas2\.m2\repository\org\lwjgl\lwjgl-glfw\3.3.4\lwjgl-glfw-3.3.4.jar;C:\Users\stas2\.m2\repository\com\fasterxml\jackson\core\jackson-core\2.17.2\jackson-core-2.17.2.jar;C:\Users\stas2\.m2\repository\org\lwjgl\lwjgl-stb\3.3.4\lwjgl-stb-3.3.4.jar;O:\GIt\MultiplayerShooter\target\classes;C:\Users\stas2\.m2\repository\com\fasterxml\jackson\core\jackson-databind\2.17.2\jackson-databind-2.17.2.jar;C:\Users\stas2\.m2\repository\org\joml\joml\1.10.7\joml-1.10.7.jar;C:\Users\stas2\.m2\repository\org\lwjgl\lwjgl-opengl\3.3.4\lwjgl-opengl-3.3.4.jar -Djdk.module.main=com.bedrye.bjge 
java_command: com.bedrye.bjge/com.bedrye.bjge.TestMain
java_class_path (initial): C:\Users\stas2\.m2\repository\io\github\spair\imgui-java-natives-windows\1.89.0\imgui-java-natives-windows-1.89.0.jar;C:\Users\stas2\.m2\repository\org\junit\jupiter\junit-jupiter-api\5.9.2\junit-jupiter-api-5.9.2.jar;C:\Users\stas2\.m2\repository\org\opentest4j\opentest4j\1.2.0\opentest4j-1.2.0.jar;C:\Users\stas2\.m2\repository\org\junit\platform\junit-platform-commons\1.9.2\junit-platform-commons-1.9.2.jar;C:\Users\stas2\.m2\repository\org\apiguardian\apiguardian-api\1.1.2\apiguardian-api-1.1.2.jar;C:\Users\stas2\.m2\repository\org\junit\jupiter\junit-jupiter-engine\5.9.2\junit-jupiter-engine-5.9.2.jar;C:\Users\stas2\.m2\repository\org\junit\platform\junit-platform-engine\1.9.2\junit-platform-engine-1.9.2.jar;C:\Users\stas2\.m2\repository\org\lwjgl\lwjgl-bgfx\3.3.4\lwjgl-bgfx-3.3.4.jar;C:\Users\stas2\.m2\repository\org\lwjgl\lwjgl-nanovg\3.3.4\lwjgl-nanovg-3.3.4.jar;C:\Users\stas2\.m2\repository\org\lwjgl\lwjgl-nuklear\3.3.4\lwjgl-nuklear-3.3.4.jar;C:\Users\stas2\.m2\repository\org\lwjgl\lwjgl-openal\3.3.4\lwjgl-openal-3.3.4.jar;C:\Users\stas2\.m2\repository\org\lwjgl\lwjgl-par\3.3.4\lwjgl-par-3.3.4.jar;C:\Users\stas2\.m2\repository\org\lwjgl\lwjgl\3.3.4\lwjgl-3.3.4-natives-windows.jar;C:\Users\stas2\.m2\repository\org\lwjgl\lwjgl-assimp\3.3.4\lwjgl-assimp-3.3.4-natives-windows.jar;C:\Users\stas2\.m2\repository\org\lwjgl\lwjgl-bgfx\3.3.4\lwjgl-bgfx-3.3.4-natives-windows.jar;C:\Users\stas2\.m2\repository\org\lwjgl\lwjgl-glfw\3.3.4\lwjgl-glfw-3.3.4-natives-windows.jar;C:\Users\stas2\.m2\repository\org\lwjgl\lwjgl-nanovg\3.3.4\lwjgl-nanovg-3.3.4-natives-windows.jar;C:\Users\stas2\.m2\repository\org\lwjgl\lwjgl-nuklear\3.3.4\lwjgl-nuklear-3.3.4-natives-windows.jar;C:\Users\stas2\.m2\repository\org\lwjgl\lwjgl-openal\3.3.4\lwjgl-openal-3.3.4-natives-windows.jar;C:\Users\stas2\.m2\repository\org\lwjgl\lwjgl-opengl\3.3.4\lwjgl-opengl-3.3.4-natives-windows.jar;C:\Users\stas2\.m2\repository\org\lwjgl\lwjgl-par\3.3.4\lwjgl-par-3.3.4-natives-windows.jar;C:\Users\stas2\.m2\repository\org\lwjgl\lwjgl-stb\3.3.4\lwjgl-stb-3.3.4-natives-windows.jar
Launcher Type: SUN_STANDARD

[Global flags]
     intx CICompilerCount                          = 4                                         {product} {ergonomic}
     uint ConcGCThreads                            = 3                                         {product} {ergonomic}
     uint G1ConcRefinementThreads                  = 10                                        {product} {ergonomic}
   size_t G1HeapRegionSize                         = 2097152                                   {product} {ergonomic}
    uintx GCDrainStackTargetSize                   = 64                                        {product} {ergonomic}
   size_t InitialHeapSize                          = 266338304                                 {product} {ergonomic}
   size_t MarkStackSize                            = 4194304                                   {product} {ergonomic}
   size_t MaxHeapSize                              = 4238344192                                {product} {ergonomic}
   size_t MaxNewSize                               = 2541748224                                {product} {ergonomic}
   size_t MinHeapDeltaBytes                        = 2097152                                   {product} {ergonomic}
   size_t MinHeapSize                              = 8388608                                   {product} {ergonomic}
    uintx NonNMethodCodeHeapSize                   = 5839372                                {pd product} {ergonomic}
    uintx NonProfiledCodeHeapSize                  = 122909434                              {pd product} {ergonomic}
    uintx ProfiledCodeHeapSize                     = 122909434                              {pd product} {ergonomic}
    uintx ReservedCodeCacheSize                    = 251658240                              {pd product} {ergonomic}
     bool SegmentedCodeCache                       = true                                      {product} {ergonomic}
   size_t SoftMaxHeapSize                          = 4238344192                             {manageable} {ergonomic}
     bool UseCompressedOops                        = true                           {product lp64_product} {ergonomic}
     bool UseG1GC                                  = true                                      {product} {ergonomic}
     bool UseLargePagesIndividualAllocation        = false                                  {pd product} {ergonomic}

Logging:
Log output configuration:
 #0: stdout all=off uptime,level,tags foldmultilines=false
 #1: stderr all=off uptime,level,tags foldmultilines=false

Environment Variables:
JAVA_HOME=C:\Program Files\Java\jdk-21
PATH=C:\Program Files\PlasticSCM5\server;C:\Program Files\PlasticSCM5\client;C:\Program Files\NVIDIA GPU Computing Toolkit\CUDA\v12.6\bin;C:\Program Files\NVIDIA GPU Computing Toolkit\CUDA\v12.6\libnvvp;C:\Program Files\Common Files\Oracle\Java\javapath;C:\Windows\system32;C:\Windows;C:\Program Files\Java\jdk-11.0.2\bin;C:\Windows\System32\Wbem;C:\ORacleDatabase\dbhomeXE\bin;C:\Windows\System32\WindowsPowerShell\v1.0\;C:\Windows\System32\OpenSSH\;C:\Program Files (x86)\NVIDIA Corporation\PhysX\Common;C:\Program Files\NVIDIA Corporation\NVIDIA NvDLISR;C:\Program Files\Git LFS;C:\Program Files\Git\cmd;C:\Program Files (x86)\Windows Kits\10\Windows Performance Toolkit\;C:\Program Files (x86)\Steam\steamapps\common\Counter-Strike Global Offensive\game\bin\win64;C:\Users\stas2\AppData\Local\Programs\Python\Python311;C:\Program Files\dotnet\;C:\Program Files\Microsoft SQL Server\150\Tools\Binn\;C:\Program Files\Microsoft SQL Server\Client SDK\ODBC\170\Tools\Binn\;C:\Program Files\NVIDIA Corporation\Nsight Compute 2024.3.2\;C:\Program Files (x86)\Microsoft SQL Server\160\Tools\Binn\;C:\Program Files\Microsoft SQL Server\160\Tools\Binn\;C:\Program Files\Microsoft SQL Server\160\DTS\Binn\;C:\Program Files (x86)\Microsoft SQL Server\160\DTS\Binn\;C:\WINDOWS\system32;C:\WINDOWS;C:\WINDOWS\System32\Wbem;C:\WINDOWS\System32\WindowsPowerShell\v1.0\;C:\WINDOWS\System32\OpenSSH\;C:\Program Files\Docker\Docker\resources\bin;O:\npdejs\;C:\Users\stas2\AppData\Local\Microsoft\WindowsApps;C:\Users\stas2\AppData\Local\Programs\Microsoft VS Code\bin;C:\Users\stas2\AppData\Local\GitHubDesktop\bin;C:\Users\stas2\AppData\Local\Programs\Python\Python311;C:\Program Files (x86)\Steam\steamapps\common\Counter-Strike Global Offensive\game\bin\win64;C:\Users\stas2\.dotnet\tools;C:\Users\stas2\AppData\Local\Muse Hub\lib;C:\Users\stas2\AppData\Roaming\npm
USERNAME=stas2
OS=Windows_NT
PROCESSOR_IDENTIFIER=Intel64 Family 6 Model 141 Stepping 1, GenuineIntel
TMP=C:\Users\stas2\AppData\Local\Temp
TEMP=C:\Users\stas2\AppData\Local\Temp




Periodic native trim disabled

---------------  S Y S T E M  ---------------

OS:
 Windows 11 , 64 bit Build 26100 (10.0.26100.5074)
OS uptime: 17 days 19:13 hours
Hyper-V role detected

CPU: total 12 (initial active 12) (6 cores per cpu, 2 threads per core) family 6 model 141 stepping 1 microcode 0x3c, cx8, cmov, fxsr, ht, mmx, 3dnowpref, sse, sse2, sse3, ssse3, sse4.1, sse4.2, popcnt, lzcnt, tsc, tscinvbit, avx, avx2, aes, erms, clmul, bmi1, bmi2, adx, avx512f, avx512dq, avx512cd, avx512bw, avx512vl, sha, fma, vzeroupper, avx512_vpopcntdq, avx512_vpclmulqdq, avx512_vaes, avx512_vnni, clflush, clflushopt, clwb, avx512_vbmi2, avx512_vbmi, hv, rdtscp, rdpid, fsrm, gfni, avx512_bitalg, f16c, cet_ibt, cet_ss, avx512_ifma
Processor Information for all 12 processors :
  Max Mhz: 2688, Current Mhz: 2688, Mhz Limit: 2688

Memory: 4k page, system-wide physical 16163M (2032M free)
TotalPageFile size 36643M (AvailPageFile size 13795M)
current process WorkingSet (physical memory assigned to process): 236M, peak: 258M
current process commit charge ("private bytes"): 426M, peak: 453M

vm_info: OpenJDK 64-Bit Server VM (21.0.1+12-29) for windows-amd64 JRE (21.0.1+12-29), built on 2023-10-05T13:27:09Z by "mach5one" with MS VC++ 17.1 (VS2022)

END.
