#
# A fatal error has been detected by the Java Runtime Environment:
#
#  EXCEPTION_ACCESS_VIOLATION (0xc0000005) at pc=0x00007ffa4210366c, pid=31884, tid=30372
#
# JRE version: OpenJDK Runtime Environment (21.0.1+12) (build 21.0.1+12-29)
# Java VM: OpenJDK 64-Bit Server VM (21.0.1+12-29, mixed mode, sharing, tiered, compressed oops, compressed class ptrs, g1 gc, windows-amd64)
# Problematic frame:
# C  [igxelpicd64.dll+0x13366c]
#
# No core dump will be written. Minidumps are not enabled by default on client versions of Windows
#
# If you would like to submit a bug report, please visit:
#   https://bugreport.java.com/bugreport/crash.jsp
#

---------------  S U M M A R Y ------------

Command Line: -javaagent:C:\IntelliJ IDEA Community Edition 2021.3.2\IntelliJ IDEA Community Edition 2023.2.1\lib\idea_rt.jar=55676:C:\IntelliJ IDEA Community Edition 2021.3.2\IntelliJ IDEA Community Edition 2023.2.1\bin -Dfile.encoding=windows-1252 -Dsun.stdout.encoding=windows-1252 -Dsun.stderr.encoding=windows-1252 --module-path=O:\GIt\MultiplayerShooter\target\classes;C:\Users\stas2\.m2\repository\com\fasterxml\jackson\core\jackson-databind\2.17.2\jackson-databind-2.17.2.jar;C:\Users\stas2\.m2\repository\com\fasterxml\jackson\core\jackson-core\2.17.2\jackson-core-2.17.2.jar;C:\Users\stas2\.m2\repository\org\joml\joml\1.10.7\joml-1.10.7.jar;C:\Users\stas2\.m2\repository\org\joml\joml-primitives\1.10.0\joml-primitives-1.10.0.jar;C:\Users\stas2\.m2\repository\org\lwjgl\lwjgl-assimp\3.3.4\lwjgl-assimp-3.3.4.jar;C:\Users\stas2\.m2\repository\io\github\spair\imgui-java-lwjgl3\1.89.0\imgui-java-lwjgl3-1.89.0.jar;C:\Users\stas2\.m2\repository\org\lwjgl\lwjgl-vulkan\3.3.4\lwjgl-vulkan-3.3.4.jar;C:\Users\stas2\.m2\repository\org\lwjgl\lwjgl-glfw\3.3.4\lwjgl-glfw-3.3.4.jar;C:\Users\stas2\.m2\repository\com\fasterxml\jackson\core\jackson-annotations\2.17.2\jackson-annotations-2.17.2.jar;C:\Users\stas2\.m2\repository\org\lwjgl\lwjgl\3.3.4\lwjgl-3.3.4.jar;C:\Users\stas2\.m2\repository\io\github\spair\imgui-java-binding\1.89.0\imgui-java-binding-1.89.0.jar;C:\Users\stas2\.m2\repository\org\lwjgl\lwjgl-opengl\3.3.4\lwjgl-opengl-3.3.4.jar;C:\Users\stas2\.m2\repository\org\lwjgl\lwjgl-stb\3.3.4\lwjgl-stb-3.3.4.jar -Djdk.module.main=com.bedrye.bjge com.bedrye.bjge/com.bedrye.bjge.TestMain

Host: 11th Gen Intel(R) Core(TM) i5-11400H @ 2.70GHz, 12 cores, 15G,  Windows 11 , 64 bit Build 26100 (10.0.26100.5074)
Time: Mon Oct  6 21:24:33 2025 FLE Summer Time elapsed time: 96.211616 seconds (0d 0h 1m 36s)

---------------  T H R E A D  ---------------

Current thread (0x000001ba40407950):  VMThread "VM Thread"          [id=30372, stack(0x0000001477000000,0x0000001477100000) (1024K)]

Stack: [0x0000001477000000,0x0000001477100000],  sp=0x00000014770fe6b0,  free space=1017k
Native frames: (J=compiled Java code, j=interpreted, Vv=VM code, C=native code)
C  [igxelpicd64.dll+0x13366c]


siginfo: EXCEPTION_ACCESS_VIOLATION (0xc0000005), reading address 0x00000000000356f8


Registers:
RAX=0x000001ba875deae8, RBX=0x000001ba875de9e0, RCX=0x0000000000000000, RDX=0x0000000000000000
RSP=0x00000014770fe6b0, RBP=0x0000000000000000, RSI=0x000001ba875defb0, RDI=0x000001ba86bc0fc0
R8 =0x0000000000000014, R9 =0x00000014764af000, R10=0x0000000000000000, R11=0x0000000000000000
R12=0x0000000000000000, R13=0x000001ba86e66620, R14=0x00000000001a4a00, R15=0x0000000000000016
RIP=0x00007ffa4210366c, EFLAGS=0x0000000000010206


Register to memory mapping:

RAX=0x000001ba875deae8 points into unknown readable memory: 0x00000000001a4a49 | 49 4a 1a 00 00 00 00 00
RBX=0x000001ba875de9e0 points into unknown readable memory: 0x000001ba869d5950 | 50 59 9d 86 ba 01 00 00
RCX=0x0 is null
RDX=0x0 is null
RSP=0x00000014770fe6b0 points into unknown readable memory: 0x000001ba86b3a700 | 00 a7 b3 86 ba 01 00 00
RBP=0x0 is null
RSI=0x000001ba875defb0 points into unknown readable memory: 0x000001ba86e66620 | 20 66 e6 86 ba 01 00 00
RDI=0x000001ba86bc0fc0 points into unknown readable memory: 0x0000000000000000 | 00 00 00 00 00 00 00 00
R8 =0x0000000000000014 is an unknown value
R9 =0x00000014764af000 points into unknown readable memory: 0x0000000000000000 | 00 00 00 00 00 00 00 00
R10=0x0 is null
R11=0x0 is null
R12=0x0 is null
R13=0x000001ba86e66620 points into unknown readable memory: 0x000001ba869d5950 | 50 59 9d 86 ba 01 00 00
R14=0x00000000001a4a00 is an unknown value
R15=0x0000000000000016 is an unknown value

Top of Stack: (sp=0x00000014770fe6b0)
0x00000014770fe6b0:   000001ba86b3a700 033d7aec033350ec
0x00000014770fe6c0:   035586ec033081ec 02f6a4ed0293a0ec
0x00000014770fe6d0:   0370afee035746ee 02f5e0ee0373b4ee
0x00000014770fe6e0:   025b37f002718eef 02f31ef100b6e0f0
0x00000014770fe6f0:   000001ba86cd3638 00000000001a4a57
0x00000014770fe700:   0000000000000000 0000000000000010
0x00000014770fe710:   0000000000000000 0000000000000000
0x00000014770fe720:   00000014770fe830 00007ffa4227bc3c
0x00000014770fe730:   000001ba86b3a700 000001ba86bc0fc0
0x00000014770fe740:   035740f903635500 033ed2f903105800
0x00000014770fe750:   00000014000005e8 0000b8021f9e0000
0x00000014770fe760:   0000000000000000 034c81ff03220aff
0x00000014770fe770:   0360c7ff0353a2ff 000600d702cee3ff
0x00000014770fe780:   1e03021270000000 a706033ec9050368
0x00000014770fe790:   ba08037ab60701ad 00007ffa422719a0
0x00000014770fe7a0:   b20e03640b0c0322 b912036cd0100352
0x00000014770fe7b0:   0f1503585d13035d 681802f1d215033c
0x00000014770fe7c0:   b119036f6819036f 751b036f681a035a
0x00000014770fe7d0:   511e036f681d0353 00007ffa42053cdf
0x00000014770fe7e0:   0000b8021f9e0000 00000000000005e8
0x00000014770fe7f0:   0000000000000000 4000188000000001
0x00000014770fe800:   0000000000000000 0000000000000000
0x00000014770fe810:   0000000000000000 0000000000000000
0x00000014770fe820:   0000000000000000 0000000000000000
0x00000014770fe830:   0000000000000000 0000000000000000
0x00000014770fe840:   0000000000000000 0000000000000000
0x00000014770fe850:   0000000000000000 0000000000000000
0x00000014770fe860:   0000000000000000 0000000000000000
0x00000014770fe870:   0000000000000000 0000000000000000
0x00000014770fe880:   0000000000000000 0000000000000000
0x00000014770fe890:   0000000000000000 0000000000000000
0x00000014770fe8a0:   0000000000000000 0000000000000000 

Instructions: (pc=0x00007ffa4210366c)
0x00007ffa4210356c:   ec 40 45 8a e1 48 8b fa 48 8b e9 48 8b 1d 42 08
0x00007ffa4210357c:   e0 00 48 89 58 08 48 8b cb ff 15 85 5b 9a 00 90
0x00007ffa4210358c:   4c 8b af 78 02 00 00 48 8b 05 c6 e4 cf 00 44 8b
0x00007ffa4210359c:   b8 40 0b 00 00 45 33 db 45 8a f3 4c 89 9f 78 02
0x00007ffa421035ac:   00 00 44 89 9f 80 02 00 00 4c 89 9f 98 02 00 00
0x00007ffa421035bc:   4c 89 9f 88 02 00 00 48 85 ed 75 38 8b 35 4a e2
0x00007ffa421035cc:   df 00 65 48 8b 04 25 58 00 00 00 b9 14 00 00 00
0x00007ffa421035dc:   48 8b 04 f0 44 38 1c 01 0f 84 9d da 86 00 65 48
0x00007ffa421035ec:   8b 04 25 58 00 00 00 bd 20 00 00 00 48 8b 04 f0
0x00007ffa421035fc:   48 8b 2c 28 48 3b 2d 39 07 e0 00 45 0f 44 fb 4d
0x00007ffa4210360c:   85 ed 0f 84 21 01 00 00 44 8a a4 24 90 00 00 00
0x00007ffa4210361c:   49 8b dd 49 8d b5 d0 05 00 00 4c 8b 2e 45 84 e4
0x00007ffa4210362c:   0f 85 2a 03 00 00 8b 97 c8 01 00 00 48 8b 05 21
0x00007ffa4210363c:   e4 cf 00 83 b8 78 03 00 00 02 75 31 83 fa 10 0f
0x00007ffa4210364c:   83 20 01 00 00 48 8d 04 d5 21 00 00 00 48 03 c2
0x00007ffa4210365c:   48 8d 04 c3 48 85 c0 0f 85 ff 00 00 00 49 8b cb
0x00007ffa4210366c:   48 3b 8d f8 56 03 00 0f 87 f3 02 00 00 4c 39 9b
0x00007ffa4210367c:   48 06 00 00 0f 85 41 da 86 00 44 8b 97 c8 01 00
0x00007ffa4210368c:   00 48 8b 87 e0 01 00 00 4c 8b 08 8b 97 c8 01 00
0x00007ffa4210369c:   00 83 fa 10 0f 83 03 01 00 00 48 8d 04 d5 21 00
0x00007ffa421036ac:   00 00 48 03 c2 48 8d 04 c3 48 85 c0 0f 85 e2 00
0x00007ffa421036bc:   00 00 49 8b cb 49 3b c9 0f 86 0e 01 00 00 48 8b
0x00007ffa421036cc:   87 78 02 00 00 48 89 06 48 89 9f 78 02 00 00 ff
0x00007ffa421036dc:   87 80 02 00 00 48 8b 43 08 48 8b 88 18 01 00 00
0x00007ffa421036ec:   48 81 e1 00 00 ff ff 48 81 c1 00 00 01 00 48 01
0x00007ffa421036fc:   8f 88 02 00 00 48 8b 43 08 48 8b 88 18 01 00 00
0x00007ffa4210370c:   48 01 8f 98 02 00 00 4d 85 ed 0f 85 00 ff ff ff
0x00007ffa4210371c:   45 84 f6 44 8a a4 24 98 00 00 00 0f 85 82 03 00
0x00007ffa4210372c:   00 48 8b 9c 24 80 00 00 00 48 8b cf 45 84 e4 0f
0x00007ffa4210373c:   85 8a 03 00 00 e8 fa f9 ff ff 90 48 8b cb 48 8b
0x00007ffa4210374c:   9c 24 88 00 00 00 48 83 c4 40 41 5f 41 5e 41 5d
0x00007ffa4210375c:   41 5c 5f 5e 5d 48 ff 25 b0 59 9a 00 48 8b 48 08 


Stack slot to memory mapping:

stack at sp + 0 slots: 0x000001ba86b3a700 points into unknown readable memory: 0xffffffffffffffff | ff ff ff ff ff ff ff ff
stack at sp + 1 slots: 0x033d7aec033350ec is an unknown value
stack at sp + 2 slots: 0x035586ec033081ec is an unknown value
stack at sp + 3 slots: 0x02f6a4ed0293a0ec is an unknown value
stack at sp + 4 slots: 0x0370afee035746ee is an unknown value
stack at sp + 5 slots: 0x02f5e0ee0373b4ee is an unknown value
stack at sp + 6 slots: 0x025b37f002718eef is an unknown value
stack at sp + 7 slots: 0x02f31ef100b6e0f0 is an unknown value

VM_Operation (0x00000014766feff0): Exit, mode: safepoint, requested by thread 0x000001ba87192c50


---------------  P R O C E S S  ---------------

Threads class SMR info:
_java_thread_list=0x000001ba8790e9a0, length=17, elements={
0x000001ba86008d20, 0x000001ba4041b080, 0x000001ba8600f5c0, 0x000001ba86018480,
0x000001ba8603a300, 0x000001ba860443f0, 0x000001ba86044e90, 0x000001ba86113260,
0x000001ba86708720, 0x000001ba863ea1e0, 0x000001ba86a17740, 0x000001ba86a04930,
0x000001ba87296b00, 0x000001ba87217a60, 0x000001ba87548190, 0x000001ba871925c0,
0x000001ba87192c50
}

Java Threads: ( => current thread )
  0x000001ba86008d20 JavaThread "Reference Handler"          daemon [_thread_blocked, id=25416, stack(0x0000001477100000,0x0000001477200000) (1024K)]
  0x000001ba4041b080 JavaThread "Finalizer"                  daemon [_thread_blocked, id=37816, stack(0x0000001477200000,0x0000001477300000) (1024K)]
  0x000001ba8600f5c0 JavaThread "Attach Listener"            daemon [_thread_blocked, id=10508, stack(0x0000001477400000,0x0000001477500000) (1024K)]
  0x000001ba86018480 JavaThread "Service Thread"             daemon [_thread_blocked, id=26020, stack(0x0000001477500000,0x0000001477600000) (1024K)]
  0x000001ba8603a300 JavaThread "Monitor Deflation Thread"   daemon [_thread_blocked, id=12416, stack(0x0000001477600000,0x0000001477700000) (1024K)]
  0x000001ba860443f0 JavaThread "C2 CompilerThread0"         daemon [_thread_blocked, id=37304, stack(0x0000001477700000,0x0000001477800000) (1024K)]
  0x000001ba86044e90 JavaThread "C1 CompilerThread0"         daemon [_thread_blocked, id=25320, stack(0x0000001477800000,0x0000001477900000) (1024K)]
  0x000001ba86113260 JavaThread "Common-Cleaner"             daemon [_thread_blocked, id=12068, stack(0x0000001477900000,0x0000001477a00000) (1024K)]
  0x000001ba86708720 JavaThread "Monitor Ctrl-Break"         daemon [_thread_in_native, id=15344, stack(0x0000001477c00000,0x0000001477d00000) (1024K)]
  0x000001ba863ea1e0 JavaThread "Notification Thread"        daemon [_thread_blocked, id=832, stack(0x0000001477d00000,0x0000001477e00000) (1024K)]
  0x000001ba86a17740 JavaThread "FileSystemWatchService"     daemon [_thread_in_native, id=27380, stack(0x0000001478400000,0x0000001478500000) (1024K)]
  0x000001ba86a04930 JavaThread "ScriptWatcher"                     [_thread_blocked, id=21972, stack(0x0000001478500000,0x0000001478600000) (1024K)]
  0x000001ba87296b00 JavaThread "Java2D Disposer"            daemon [_thread_blocked, id=36832, stack(0x0000001477a00000,0x0000001477b00000) (1024K)]
  0x000001ba87217a60 JavaThread "AWT-Shutdown"                      [_thread_blocked, id=35344, stack(0x0000001477b00000,0x0000001477c00000) (1024K)]
  0x000001ba87548190 JavaThread "AWT-EventQueue-0"                  [_thread_blocked, id=12952, stack(0x0000001478c00000,0x0000001478d00000) (1024K)]
  0x000001ba871925c0 JavaThread "DestroyJavaVM"                     [_thread_blocked, id=31076, stack(0x0000001476900000,0x0000001476a00000) (1024K)]
  0x000001ba87192c50 JavaThread "SIGINT handler"             daemon [_thread_blocked, id=23084, stack(0x0000001476600000,0x0000001476700000) (1024K)]
Total: 17

Other Threads:
=>0x000001ba40407950 VMThread "VM Thread"                           [id=30372, stack(0x0000001477000000,0x0000001477100000) (1024K)]
  0x000001ba1fb05df0 WorkerThread "GC Thread#0"                     [id=16428, stack(0x0000001476a00000,0x0000001476b00000) (1024K)]
  0x000001ba8671fc00 WorkerThread "GC Thread#1"                     [id=25968, stack(0x0000001477e00000,0x0000001477f00000) (1024K)]
  0x000001ba8671ffa0 WorkerThread "GC Thread#2"                     [id=2360, stack(0x0000001477f00000,0x0000001478000000) (1024K)]
  0x000001ba86720340 WorkerThread "GC Thread#3"                     [id=32016, stack(0x0000001478000000,0x0000001478100000) (1024K)]
  0x000001ba868a4720 WorkerThread "GC Thread#4"                     [id=28364, stack(0x0000001478100000,0x0000001478200000) (1024K)]
  0x000001ba868a4ac0 WorkerThread "GC Thread#5"                     [id=7016, stack(0x0000001478200000,0x0000001478300000) (1024K)]
  0x000001ba86905e70 WorkerThread "GC Thread#6"                     [id=2040, stack(0x0000001478300000,0x0000001478400000) (1024K)]
  0x000001ba1fb55410 ConcurrentGCThread "G1 Main Marker"            terminated
  0x000001ba1fb55f10 WorkerThread "G1 Conc#0"                       [id=24004, stack(0x0000001476c00000,0x0000001476d00000) (1024K)]
  0x000001ba402b8d20 ConcurrentGCThread "G1 Refine#0"               terminated
  0x000001ba402b9890 ConcurrentGCThread "G1 Service"                terminated
Total: 12

Threads with active compile tasks:
Total: 0

VM state: at safepoint (shutting down)

VM Mutex/Monitor currently owned by a thread:  ([mutex/lock_event])
[0x00007ffa1338a5f8] Threads_lock - owner thread: 0x000001ba40407950
[0x00007ffa1338a6f8] Heap_lock - owner thread: 0x000001ba87192c50

Heap address: 0x0000000703600000, size: 4042 MB, Compressed Oops mode: Zero based, Oop shift amount: 3

CDS archive(s) mapped at: [0x000001ba41000000-0x000001ba41c90000-0x000001ba41c90000), size 13172736, SharedBaseAddress: 0x000001ba41000000, ArchiveRelocationMode: 1.
Compressed class space mapped at: 0x000001ba42000000-0x000001ba82000000, reserved size: 1073741824
Narrow klass base: 0x000001ba41000000, Narrow klass shift: 0, Narrow klass range: 0x100000000

GC Precious Log:
 CardTable entry size: 512
 Card Set container configuration: InlinePtr #cards 4 size 8 Array Of Cards #cards 16 size 48 Howl #buckets 8 coarsen threshold 3686 Howl Bitmap #cards 512 size 80 coarsen threshold 460 Card regions per heap region 1 cards per card region 4096
 CPUs: 12 total, 12 available
 Memory: 16163M
 Large Page Support: Disabled
 NUMA Support: Disabled
 Compressed Oops: Enabled (Zero based)
 Heap Region Size: 2M
 Heap Min Capacity: 8M
 Heap Initial Capacity: 254M
 Heap Max Capacity: 4042M
 Pre-touch: Disabled
 Parallel Workers: 10
 Concurrent Workers: 3
 Concurrent Refinement Workers: 10
 Periodic GC: Disabled

Heap:
 garbage-first heap   total 260096K, used 35242K [0x0000000703600000, 0x0000000800000000)
  region size 2048K, 19 young (38912K), 2 survivors (4096K)
 Metaspace       used 17611K, committed 17920K, reserved 1114112K
  class space    used 1427K, committed 1600K, reserved 1048576K

Heap Regions: E=young(eden), S=young(survivor), O=old, HS=humongous(starts), HC=humongous(continues), CS=collection set, F=free, TAMS=top-at-mark-start, PB=parsable bottom
|   0|0x0000000703600000, 0x0000000703600000, 0x0000000703800000|  0%| F|  |TAMS 0x0000000703600000| PB 0x0000000703600000| Untracked 
|   1|0x0000000703800000, 0x0000000703800000, 0x0000000703a00000|  0%| F|  |TAMS 0x0000000703800000| PB 0x0000000703800000| Untracked 
|   2|0x0000000703a00000, 0x0000000703a00000, 0x0000000703c00000|  0%| F|  |TAMS 0x0000000703a00000| PB 0x0000000703a00000| Untracked 
|   3|0x0000000703c00000, 0x0000000703c00000, 0x0000000703e00000|  0%| F|  |TAMS 0x0000000703c00000| PB 0x0000000703c00000| Untracked 
|   4|0x0000000703e00000, 0x0000000703e00000, 0x0000000704000000|  0%| F|  |TAMS 0x0000000703e00000| PB 0x0000000703e00000| Untracked 
|   5|0x0000000704000000, 0x0000000704000000, 0x0000000704200000|  0%| F|  |TAMS 0x0000000704000000| PB 0x0000000704000000| Untracked 
|   6|0x0000000704200000, 0x0000000704200000, 0x0000000704400000|  0%| F|  |TAMS 0x0000000704200000| PB 0x0000000704200000| Untracked 
|   7|0x0000000704400000, 0x0000000704400000, 0x0000000704600000|  0%| F|  |TAMS 0x0000000704400000| PB 0x0000000704400000| Untracked 
|   8|0x0000000704600000, 0x0000000704600000, 0x0000000704800000|  0%| F|  |TAMS 0x0000000704600000| PB 0x0000000704600000| Untracked 
|   9|0x0000000704800000, 0x0000000704800000, 0x0000000704a00000|  0%| F|  |TAMS 0x0000000704800000| PB 0x0000000704800000| Untracked 
|  10|0x0000000704a00000, 0x0000000704a00000, 0x0000000704c00000|  0%| F|  |TAMS 0x0000000704a00000| PB 0x0000000704a00000| Untracked 
|  11|0x0000000704c00000, 0x0000000704c00000, 0x0000000704e00000|  0%| F|  |TAMS 0x0000000704c00000| PB 0x0000000704c00000| Untracked 
|  12|0x0000000704e00000, 0x0000000704e00000, 0x0000000705000000|  0%| F|  |TAMS 0x0000000704e00000| PB 0x0000000704e00000| Untracked 
|  13|0x0000000705000000, 0x0000000705000000, 0x0000000705200000|  0%| F|  |TAMS 0x0000000705000000| PB 0x0000000705000000| Untracked 
|  14|0x0000000705200000, 0x0000000705200000, 0x0000000705400000|  0%| F|  |TAMS 0x0000000705200000| PB 0x0000000705200000| Untracked 
|  15|0x0000000705400000, 0x0000000705400000, 0x0000000705600000|  0%| F|  |TAMS 0x0000000705400000| PB 0x0000000705400000| Untracked 
|  16|0x0000000705600000, 0x0000000705600000, 0x0000000705800000|  0%| F|  |TAMS 0x0000000705600000| PB 0x0000000705600000| Untracked 
|  17|0x0000000705800000, 0x0000000705800000, 0x0000000705a00000|  0%| F|  |TAMS 0x0000000705800000| PB 0x0000000705800000| Untracked 
|  18|0x0000000705a00000, 0x0000000705a00000, 0x0000000705c00000|  0%| F|  |TAMS 0x0000000705a00000| PB 0x0000000705a00000| Untracked 
|  19|0x0000000705c00000, 0x0000000705c00000, 0x0000000705e00000|  0%| F|  |TAMS 0x0000000705c00000| PB 0x0000000705c00000| Untracked 
|  20|0x0000000705e00000, 0x0000000705e00000, 0x0000000706000000|  0%| F|  |TAMS 0x0000000705e00000| PB 0x0000000705e00000| Untracked 
|  21|0x0000000706000000, 0x0000000706000000, 0x0000000706200000|  0%| F|  |TAMS 0x0000000706000000| PB 0x0000000706000000| Untracked 
|  22|0x0000000706200000, 0x0000000706200000, 0x0000000706400000|  0%| F|  |TAMS 0x0000000706200000| PB 0x0000000706200000| Untracked 
|  23|0x0000000706400000, 0x0000000706400000, 0x0000000706600000|  0%| F|  |TAMS 0x0000000706400000| PB 0x0000000706400000| Untracked 
|  24|0x0000000706600000, 0x0000000706600000, 0x0000000706800000|  0%| F|  |TAMS 0x0000000706600000| PB 0x0000000706600000| Untracked 
|  25|0x0000000706800000, 0x0000000706800000, 0x0000000706a00000|  0%| F|  |TAMS 0x0000000706800000| PB 0x0000000706800000| Untracked 
|  26|0x0000000706a00000, 0x0000000706a00000, 0x0000000706c00000|  0%| F|  |TAMS 0x0000000706a00000| PB 0x0000000706a00000| Untracked 
|  27|0x0000000706c00000, 0x0000000706c00000, 0x0000000706e00000|  0%| F|  |TAMS 0x0000000706c00000| PB 0x0000000706c00000| Untracked 
|  28|0x0000000706e00000, 0x0000000706e00000, 0x0000000707000000|  0%| F|  |TAMS 0x0000000706e00000| PB 0x0000000706e00000| Untracked 
|  29|0x0000000707000000, 0x0000000707000000, 0x0000000707200000|  0%| F|  |TAMS 0x0000000707000000| PB 0x0000000707000000| Untracked 
|  30|0x0000000707200000, 0x0000000707200000, 0x0000000707400000|  0%| F|  |TAMS 0x0000000707200000| PB 0x0000000707200000| Untracked 
|  31|0x0000000707400000, 0x0000000707400000, 0x0000000707600000|  0%| F|  |TAMS 0x0000000707400000| PB 0x0000000707400000| Untracked 
|  32|0x0000000707600000, 0x0000000707600000, 0x0000000707800000|  0%| F|  |TAMS 0x0000000707600000| PB 0x0000000707600000| Untracked 
|  33|0x0000000707800000, 0x0000000707800000, 0x0000000707a00000|  0%| F|  |TAMS 0x0000000707800000| PB 0x0000000707800000| Untracked 
|  34|0x0000000707a00000, 0x0000000707a00000, 0x0000000707c00000|  0%| F|  |TAMS 0x0000000707a00000| PB 0x0000000707a00000| Untracked 
|  35|0x0000000707c00000, 0x0000000707c00000, 0x0000000707e00000|  0%| F|  |TAMS 0x0000000707c00000| PB 0x0000000707c00000| Untracked 
|  36|0x0000000707e00000, 0x0000000707e00000, 0x0000000708000000|  0%| F|  |TAMS 0x0000000707e00000| PB 0x0000000707e00000| Untracked 
|  37|0x0000000708000000, 0x0000000708000000, 0x0000000708200000|  0%| F|  |TAMS 0x0000000708000000| PB 0x0000000708000000| Untracked 
|  38|0x0000000708200000, 0x0000000708200000, 0x0000000708400000|  0%| F|  |TAMS 0x0000000708200000| PB 0x0000000708200000| Untracked 
|  39|0x0000000708400000, 0x0000000708400000, 0x0000000708600000|  0%| F|  |TAMS 0x0000000708400000| PB 0x0000000708400000| Untracked 
|  40|0x0000000708600000, 0x0000000708600000, 0x0000000708800000|  0%| F|  |TAMS 0x0000000708600000| PB 0x0000000708600000| Untracked 
|  41|0x0000000708800000, 0x0000000708800000, 0x0000000708a00000|  0%| F|  |TAMS 0x0000000708800000| PB 0x0000000708800000| Untracked 
|  42|0x0000000708a00000, 0x0000000708a00000, 0x0000000708c00000|  0%| F|  |TAMS 0x0000000708a00000| PB 0x0000000708a00000| Untracked 
|  43|0x0000000708c00000, 0x0000000708c00000, 0x0000000708e00000|  0%| F|  |TAMS 0x0000000708c00000| PB 0x0000000708c00000| Untracked 
|  44|0x0000000708e00000, 0x0000000708e00000, 0x0000000709000000|  0%| F|  |TAMS 0x0000000708e00000| PB 0x0000000708e00000| Untracked 
|  45|0x0000000709000000, 0x0000000709000000, 0x0000000709200000|  0%| F|  |TAMS 0x0000000709000000| PB 0x0000000709000000| Untracked 
|  46|0x0000000709200000, 0x0000000709200000, 0x0000000709400000|  0%| F|  |TAMS 0x0000000709200000| PB 0x0000000709200000| Untracked 
|  47|0x0000000709400000, 0x0000000709400000, 0x0000000709600000|  0%| F|  |TAMS 0x0000000709400000| PB 0x0000000709400000| Untracked 
|  48|0x0000000709600000, 0x0000000709600000, 0x0000000709800000|  0%| F|  |TAMS 0x0000000709600000| PB 0x0000000709600000| Untracked 
|  49|0x0000000709800000, 0x0000000709800000, 0x0000000709a00000|  0%| F|  |TAMS 0x0000000709800000| PB 0x0000000709800000| Untracked 
|  50|0x0000000709a00000, 0x0000000709a00000, 0x0000000709c00000|  0%| F|  |TAMS 0x0000000709a00000| PB 0x0000000709a00000| Untracked 
|  51|0x0000000709c00000, 0x0000000709c00000, 0x0000000709e00000|  0%| F|  |TAMS 0x0000000709c00000| PB 0x0000000709c00000| Untracked 
|  52|0x0000000709e00000, 0x0000000709e00000, 0x000000070a000000|  0%| F|  |TAMS 0x0000000709e00000| PB 0x0000000709e00000| Untracked 
|  53|0x000000070a000000, 0x000000070a000000, 0x000000070a200000|  0%| F|  |TAMS 0x000000070a000000| PB 0x000000070a000000| Untracked 
|  54|0x000000070a200000, 0x000000070a200000, 0x000000070a400000|  0%| F|  |TAMS 0x000000070a200000| PB 0x000000070a200000| Untracked 
|  55|0x000000070a400000, 0x000000070a400000, 0x000000070a600000|  0%| F|  |TAMS 0x000000070a400000| PB 0x000000070a400000| Untracked 
|  56|0x000000070a600000, 0x000000070a600000, 0x000000070a800000|  0%| F|  |TAMS 0x000000070a600000| PB 0x000000070a600000| Untracked 
|  57|0x000000070a800000, 0x000000070a800000, 0x000000070aa00000|  0%| F|  |TAMS 0x000000070a800000| PB 0x000000070a800000| Untracked 
|  58|0x000000070aa00000, 0x000000070aa00000, 0x000000070ac00000|  0%| F|  |TAMS 0x000000070aa00000| PB 0x000000070aa00000| Untracked 
|  59|0x000000070ac00000, 0x000000070ac00000, 0x000000070ae00000|  0%| F|  |TAMS 0x000000070ac00000| PB 0x000000070ac00000| Untracked 
|  60|0x000000070ae00000, 0x000000070ae00000, 0x000000070b000000|  0%| F|  |TAMS 0x000000070ae00000| PB 0x000000070ae00000| Untracked 
|  61|0x000000070b000000, 0x000000070b000000, 0x000000070b200000|  0%| F|  |TAMS 0x000000070b000000| PB 0x000000070b000000| Untracked 
|  62|0x000000070b200000, 0x000000070b200000, 0x000000070b400000|  0%| F|  |TAMS 0x000000070b200000| PB 0x000000070b200000| Untracked 
|  63|0x000000070b400000, 0x000000070b400000, 0x000000070b600000|  0%| F|  |TAMS 0x000000070b400000| PB 0x000000070b400000| Untracked 
|  64|0x000000070b600000, 0x000000070b600000, 0x000000070b800000|  0%| F|  |TAMS 0x000000070b600000| PB 0x000000070b600000| Untracked 
|  65|0x000000070b800000, 0x000000070b800000, 0x000000070ba00000|  0%| F|  |TAMS 0x000000070b800000| PB 0x000000070b800000| Untracked 
|  66|0x000000070ba00000, 0x000000070ba00000, 0x000000070bc00000|  0%| F|  |TAMS 0x000000070ba00000| PB 0x000000070ba00000| Untracked 
|  67|0x000000070bc00000, 0x000000070bc00000, 0x000000070be00000|  0%| F|  |TAMS 0x000000070bc00000| PB 0x000000070bc00000| Untracked 
|  68|0x000000070be00000, 0x000000070be00000, 0x000000070c000000|  0%| F|  |TAMS 0x000000070be00000| PB 0x000000070be00000| Untracked 
|  69|0x000000070c000000, 0x000000070c000000, 0x000000070c200000|  0%| F|  |TAMS 0x000000070c000000| PB 0x000000070c000000| Untracked 
|  70|0x000000070c200000, 0x000000070c200000, 0x000000070c400000|  0%| F|  |TAMS 0x000000070c200000| PB 0x000000070c200000| Untracked 
|  71|0x000000070c400000, 0x000000070c400000, 0x000000070c600000|  0%| F|  |TAMS 0x000000070c400000| PB 0x000000070c400000| Untracked 
|  72|0x000000070c600000, 0x000000070c600000, 0x000000070c800000|  0%| F|  |TAMS 0x000000070c600000| PB 0x000000070c600000| Untracked 
|  73|0x000000070c800000, 0x000000070c800000, 0x000000070ca00000|  0%| F|  |TAMS 0x000000070c800000| PB 0x000000070c800000| Untracked 
|  74|0x000000070ca00000, 0x000000070ca00000, 0x000000070cc00000|  0%| F|  |TAMS 0x000000070ca00000| PB 0x000000070ca00000| Untracked 
|  75|0x000000070cc00000, 0x000000070cc00000, 0x000000070ce00000|  0%| F|  |TAMS 0x000000070cc00000| PB 0x000000070cc00000| Untracked 
|  76|0x000000070ce00000, 0x000000070ce00000, 0x000000070d000000|  0%| F|  |TAMS 0x000000070ce00000| PB 0x000000070ce00000| Untracked 
|  77|0x000000070d000000, 0x000000070d000000, 0x000000070d200000|  0%| F|  |TAMS 0x000000070d000000| PB 0x000000070d000000| Untracked 
|  78|0x000000070d200000, 0x000000070d200000, 0x000000070d400000|  0%| F|  |TAMS 0x000000070d200000| PB 0x000000070d200000| Untracked 
|  79|0x000000070d400000, 0x000000070d400000, 0x000000070d600000|  0%| F|  |TAMS 0x000000070d400000| PB 0x000000070d400000| Untracked 
|  80|0x000000070d600000, 0x000000070d600000, 0x000000070d800000|  0%| F|  |TAMS 0x000000070d600000| PB 0x000000070d600000| Untracked 
|  81|0x000000070d800000, 0x000000070d800000, 0x000000070da00000|  0%| F|  |TAMS 0x000000070d800000| PB 0x000000070d800000| Untracked 
|  82|0x000000070da00000, 0x000000070da00000, 0x000000070dc00000|  0%| F|  |TAMS 0x000000070da00000| PB 0x000000070da00000| Untracked 
|  83|0x000000070dc00000, 0x000000070dc00000, 0x000000070de00000|  0%| F|  |TAMS 0x000000070dc00000| PB 0x000000070dc00000| Untracked 
|  84|0x000000070de00000, 0x000000070de00000, 0x000000070e000000|  0%| F|  |TAMS 0x000000070de00000| PB 0x000000070de00000| Untracked 
|  85|0x000000070e000000, 0x000000070e000000, 0x000000070e200000|  0%| F|  |TAMS 0x000000070e000000| PB 0x000000070e000000| Untracked 
|  86|0x000000070e200000, 0x000000070e200000, 0x000000070e400000|  0%| F|  |TAMS 0x000000070e200000| PB 0x000000070e200000| Untracked 
|  87|0x000000070e400000, 0x000000070e400000, 0x000000070e600000|  0%| F|  |TAMS 0x000000070e400000| PB 0x000000070e400000| Untracked 
|  88|0x000000070e600000, 0x000000070e600000, 0x000000070e800000|  0%| F|  |TAMS 0x000000070e600000| PB 0x000000070e600000| Untracked 
|  89|0x000000070e800000, 0x000000070e800000, 0x000000070ea00000|  0%| F|  |TAMS 0x000000070e800000| PB 0x000000070e800000| Untracked 
|  90|0x000000070ea00000, 0x000000070ea00000, 0x000000070ec00000|  0%| F|  |TAMS 0x000000070ea00000| PB 0x000000070ea00000| Untracked 
|  91|0x000000070ec00000, 0x000000070ec00000, 0x000000070ee00000|  0%| F|  |TAMS 0x000000070ec00000| PB 0x000000070ec00000| Untracked 
|  92|0x000000070ee00000, 0x000000070ee00000, 0x000000070f000000|  0%| F|  |TAMS 0x000000070ee00000| PB 0x000000070ee00000| Untracked 
|  93|0x000000070f000000, 0x000000070f000000, 0x000000070f200000|  0%| F|  |TAMS 0x000000070f000000| PB 0x000000070f000000| Untracked 
|  94|0x000000070f200000, 0x000000070f200000, 0x000000070f400000|  0%| F|  |TAMS 0x000000070f200000| PB 0x000000070f200000| Untracked 
|  95|0x000000070f400000, 0x000000070f400000, 0x000000070f600000|  0%| F|  |TAMS 0x000000070f400000| PB 0x000000070f400000| Untracked 
|  96|0x000000070f600000, 0x000000070f600000, 0x000000070f800000|  0%| F|  |TAMS 0x000000070f600000| PB 0x000000070f600000| Untracked 
|  97|0x000000070f800000, 0x000000070f800000, 0x000000070fa00000|  0%| F|  |TAMS 0x000000070f800000| PB 0x000000070f800000| Untracked 
|  98|0x000000070fa00000, 0x000000070fa00000, 0x000000070fc00000|  0%| F|  |TAMS 0x000000070fa00000| PB 0x000000070fa00000| Untracked 
|  99|0x000000070fc00000, 0x000000070fc00000, 0x000000070fe00000|  0%| F|  |TAMS 0x000000070fc00000| PB 0x000000070fc00000| Untracked 
| 100|0x000000070fe00000, 0x000000070fe00000, 0x0000000710000000|  0%| F|  |TAMS 0x000000070fe00000| PB 0x000000070fe00000| Untracked 
| 101|0x0000000710000000, 0x0000000710000000, 0x0000000710200000|  0%| F|  |TAMS 0x0000000710000000| PB 0x0000000710000000| Untracked 
| 102|0x0000000710200000, 0x0000000710200000, 0x0000000710400000|  0%| F|  |TAMS 0x0000000710200000| PB 0x0000000710200000| Untracked 
| 103|0x0000000710400000, 0x0000000710400000, 0x0000000710600000|  0%| F|  |TAMS 0x0000000710400000| PB 0x0000000710400000| Untracked 
| 104|0x0000000710600000, 0x0000000710600000, 0x0000000710800000|  0%| F|  |TAMS 0x0000000710600000| PB 0x0000000710600000| Untracked 
| 105|0x0000000710800000, 0x0000000710800000, 0x0000000710a00000|  0%| F|  |TAMS 0x0000000710800000| PB 0x0000000710800000| Untracked 
| 106|0x0000000710a00000, 0x0000000710a00000, 0x0000000710c00000|  0%| F|  |TAMS 0x0000000710a00000| PB 0x0000000710a00000| Untracked 
| 107|0x0000000710c00000, 0x0000000710c00000, 0x0000000710e00000|  0%| F|  |TAMS 0x0000000710c00000| PB 0x0000000710c00000| Untracked 
| 108|0x0000000710e00000, 0x0000000710f46020, 0x0000000711000000| 63%| E|  |TAMS 0x0000000710e00000| PB 0x0000000710e00000| Complete 
| 109|0x0000000711000000, 0x0000000711200000, 0x0000000711200000|100%| E|CS|TAMS 0x0000000711000000| PB 0x0000000711000000| Complete 
| 110|0x0000000711200000, 0x0000000711400000, 0x0000000711400000|100%| E|CS|TAMS 0x0000000711200000| PB 0x0000000711200000| Complete 
| 111|0x0000000711400000, 0x0000000711600000, 0x0000000711600000|100%| E|CS|TAMS 0x0000000711400000| PB 0x0000000711400000| Complete 
| 112|0x0000000711600000, 0x0000000711800000, 0x0000000711800000|100%| E|CS|TAMS 0x0000000711600000| PB 0x0000000711600000| Complete 
| 113|0x0000000711800000, 0x0000000711a00000, 0x0000000711a00000|100%| E|CS|TAMS 0x0000000711800000| PB 0x0000000711800000| Complete 
| 114|0x0000000711a00000, 0x0000000711a6aa80, 0x0000000711c00000| 20%| S|CS|TAMS 0x0000000711a00000| PB 0x0000000711a00000| Complete 
| 115|0x0000000711c00000, 0x0000000711e00000, 0x0000000711e00000|100%| S|CS|TAMS 0x0000000711c00000| PB 0x0000000711c00000| Complete 
| 116|0x0000000711e00000, 0x0000000712000000, 0x0000000712000000|100%| E|CS|TAMS 0x0000000711e00000| PB 0x0000000711e00000| Complete 
| 117|0x0000000712000000, 0x0000000712200000, 0x0000000712200000|100%| E|CS|TAMS 0x0000000712000000| PB 0x0000000712000000| Complete 
| 118|0x0000000712200000, 0x0000000712400000, 0x0000000712400000|100%| E|CS|TAMS 0x0000000712200000| PB 0x0000000712200000| Complete 
| 119|0x0000000712400000, 0x0000000712600000, 0x0000000712600000|100%| E|CS|TAMS 0x0000000712400000| PB 0x0000000712400000| Complete 
| 120|0x0000000712600000, 0x0000000712800000, 0x0000000712800000|100%| E|CS|TAMS 0x0000000712600000| PB 0x0000000712600000| Complete 
| 121|0x0000000712800000, 0x0000000712a00000, 0x0000000712a00000|100%| E|CS|TAMS 0x0000000712800000| PB 0x0000000712800000| Complete 
| 122|0x0000000712a00000, 0x0000000712c00000, 0x0000000712c00000|100%| E|CS|TAMS 0x0000000712a00000| PB 0x0000000712a00000| Complete 
| 123|0x0000000712c00000, 0x0000000712e00000, 0x0000000712e00000|100%| E|CS|TAMS 0x0000000712c00000| PB 0x0000000712c00000| Complete 
| 124|0x0000000712e00000, 0x0000000713000000, 0x0000000713000000|100%| E|CS|TAMS 0x0000000712e00000| PB 0x0000000712e00000| Complete 
| 125|0x0000000713000000, 0x0000000713200000, 0x0000000713200000|100%| E|CS|TAMS 0x0000000713000000| PB 0x0000000713000000| Complete 
| 126|0x0000000713200000, 0x0000000713400000, 0x0000000713400000|100%| E|CS|TAMS 0x0000000713200000| PB 0x0000000713200000| Complete 

Card table byte_map: [0x000001ba39950000,0x000001ba3a140000] _byte_map_base: 0x000001ba36135000

Marking Bits: (CMBitMap*) 0x000001ba1fb064f0
 Bits: [0x000001ba3a140000, 0x000001ba3e068000)

Polling page: 0x000001ba1fb60000

Metaspace:

Usage:
  Non-class:     15.81 MB used.
      Class:      1.39 MB used.
       Both:     17.20 MB used.

Virtual space:
  Non-class space:       64.00 MB reserved,      15.94 MB ( 25%) committed,  1 nodes.
      Class space:        1.00 GB reserved,       1.56 MB ( <1%) committed,  1 nodes.
             Both:        1.06 GB reserved,      17.50 MB (  2%) committed. 

Chunk freelists:
   Non-Class:  15.31 MB
       Class:  14.47 MB
        Both:  29.79 MB

MaxMetaspaceSize: unlimited
CompressedClassSpaceSize: 1.00 GB
Initial GC threshold: 21.00 MB
Current GC threshold: 21.00 MB
CDS: on
 - commit_granule_bytes: 65536.
 - commit_granule_words: 8192.
 - virtual_space_node_default_size: 8388608.
 - enlarge_chunks_in_place: 1.
 - use_allocation_guard: 0.


Internal statistics:

num_allocs_failed_limit: 0.
num_arena_births: 286.
num_arena_deaths: 0.
num_vsnodes_births: 2.
num_vsnodes_deaths: 0.
num_space_committed: 278.
num_space_uncommitted: 0.
num_chunks_returned_to_freelist: 0.
num_chunks_taken_from_freelist: 708.
num_chunk_merges: 0.
num_chunk_splits: 537.
num_chunks_enlarged: 416.
num_inconsistent_stats: 0.

CodeHeap 'non-profiled nmethods': size=120000Kb used=1021Kb max_used=1021Kb free=118978Kb
 bounds [0x000001ba30fb0000, 0x000001ba31220000, 0x000001ba384e0000]
CodeHeap 'profiled nmethods': size=120000Kb used=3692Kb max_used=3692Kb free=116307Kb
 bounds [0x000001ba294e0000, 0x000001ba29880000, 0x000001ba30a10000]
CodeHeap 'non-nmethods': size=5760Kb used=3044Kb max_used=3072Kb free=2715Kb
 bounds [0x000001ba30a10000, 0x000001ba30d20000, 0x000001ba30fb0000]
 total_blobs=3883 nmethods=2399 adapters=1388
 compilation: enabled
              stopped_count=0, restarted_count=0
 full_count=0

Compilation events (20 events):
Event: 9.916 Thread 0x000001ba86044e90 2388       3       org.lwjgl.opengl.GL11C::glDrawElements (8 bytes)
Event: 9.916 Thread 0x000001ba86044e90 nmethod 2388 0x000001ba29878690 code [0x000001ba29878840, 0x000001ba29878958]
Event: 9.916 Thread 0x000001ba86044e90 2391       3       com.bedrye.bjge.GameEngine.Objects.AmbientLight::update (19 bytes)
Event: 9.916 Thread 0x000001ba86044e90 nmethod 2391 0x000001ba29878a10 code [0x000001ba29878c00, 0x000001ba29879120]
Event: 9.916 Thread 0x000001ba86044e90 2392       3       com.bedrye.bjge.GameEngine.Objects.BJECameraStart::update (1 bytes)
Event: 9.916 Thread 0x000001ba86044e90 nmethod 2392 0x000001ba29879290 code [0x000001ba29879420, 0x000001ba29879530]
Event: 10.048 Thread 0x000001ba860443f0 2393       4       imgui.gl3.ImGuiImplGl3::renderDrawData (1236 bytes)
Event: 10.117 Thread 0x000001ba860443f0 nmethod 2393 0x000001ba310a6410 code [0x000001ba310a6cc0, 0x000001ba310aa0e0]
Event: 10.228 Thread 0x000001ba860443f0 2394       4       org.joml.MemUtil$MemUtilUnsafe::put (43 bytes)
Event: 10.229 Thread 0x000001ba860443f0 nmethod 2394 0x000001ba310ada10 code [0x000001ba310adba0, 0x000001ba310adc70]
Event: 10.276 Thread 0x000001ba86044e90 2396       3       org.lwjgl.system.MemoryUtil::strlen64NT1 (119 bytes)
Event: 10.277 Thread 0x000001ba86044e90 nmethod 2396 0x000001ba29879610 code [0x000001ba29879820, 0x000001ba29879fc8]
Event: 10.277 Thread 0x000001ba86044e90 2395       3       org.lwjgl.system.MemoryUtil::memLengthNT1 (31 bytes)
Event: 10.277 Thread 0x000001ba86044e90 nmethod 2395 0x000001ba2987a190 code [0x000001ba2987a360, 0x000001ba2987a620]
Event: 10.277 Thread 0x000001ba86044e90 2397       3       java.nio.ByteBuffer::get (54 bytes)
Event: 10.277 Thread 0x000001ba86044e90 nmethod 2397 0x000001ba2987a790 code [0x000001ba2987a9a0, 0x000001ba2987aef0]
Event: 10.715 Thread 0x000001ba860443f0 2398       4       java.util.regex.Pattern$GroupHead::match (47 bytes)
Event: 10.721 Thread 0x000001ba860443f0 nmethod 2398 0x000001ba310add10 code [0x000001ba310adf40, 0x000001ba310ae8f0]
Event: 10.721 Thread 0x000001ba860443f0 2399 %     4       java.lang.StringLatin1::inflate @ 3 (34 bytes)
Event: 10.724 Thread 0x000001ba860443f0 nmethod 2399% 0x000001ba310af090 code [0x000001ba310af220, 0x000001ba310af5a8]

GC Heap History (2 events):
Event: 0.338 GC heap before
{Heap before GC invocations=0 (full 0):
 garbage-first heap   total 260096K, used 20480K [0x0000000703600000, 0x0000000800000000)
  region size 2048K, 11 young (22528K), 0 survivors (0K)
 Metaspace       used 3886K, committed 4096K, reserved 1114112K
  class space    used 334K, committed 448K, reserved 1048576K
}
Event: 0.341 GC heap after
{Heap after GC invocations=1 (full 0):
 garbage-first heap   total 260096K, used 2474K [0x0000000703600000, 0x0000000800000000)
  region size 2048K, 2 young (4096K), 2 survivors (4096K)
 Metaspace       used 3886K, committed 4096K, reserved 1114112K
  class space    used 334K, committed 448K, reserved 1048576K
}

Dll operation events (15 events):
Event: 0.006 Loaded shared library C:\Users\stas2\.jdks\openjdk-21.0.1\bin\java.dll
Event: 0.031 Loaded shared library C:\Users\stas2\.jdks\openjdk-21.0.1\bin\jsvml.dll
Event: 0.065 Loaded shared library C:\Users\stas2\.jdks\openjdk-21.0.1\bin\net.dll
Event: 0.067 Loaded shared library C:\Users\stas2\.jdks\openjdk-21.0.1\bin\nio.dll
Event: 0.103 Loaded shared library C:\Users\stas2\.jdks\openjdk-21.0.1\bin\zip.dll
Event: 0.179 Loaded shared library C:\Users\stas2\.jdks\openjdk-21.0.1\bin\zip.dll
Event: 0.181 Loaded shared library C:\Users\stas2\.jdks\openjdk-21.0.1\bin\instrument.dll
Event: 0.202 Loaded shared library C:\IntelliJ IDEA Community Edition 2021.3.2\IntelliJ IDEA Community Edition 2023.2.1\bin\breakgen64.dll
Event: 0.267 Loaded shared library C:\Users\stas2\.jdks\openjdk-21.0.1\bin\jimage.dll
Event: 0.386 Loaded shared library C:\Users\stas2\.jdks\openjdk-21.0.1\bin\verify.dll
Event: 0.431 Loaded shared library C:\Users\stas2\AppData\Local\Temp\lwjgl_stas2\3.3.4+7\x64\lwjgl.dll
Event: 0.628 Loaded shared library C:\Users\stas2\AppData\Local\Temp\lwjgl_stas2\3.3.4+7\x64\lwjgl_opengl.dll
Event: 0.896 Loaded shared library C:\Users\stas2\AppData\Local\Temp\imgui-java-natives\1.89.0\imgui-java64.dll
Event: 0.941 Loaded shared library C:\Users\stas2\AppData\Local\Temp\lwjgl_stas2\3.3.4+7\x64\lwjgl_stb.dll
Event: 4.222 Loaded shared library C:\Users\stas2\.jdks\openjdk-21.0.1\bin\awt.dll

Deoptimization events (20 events):
Event: 6.123 Thread 0x000001ba1f519230 DEOPT PACKING pc=0x000001ba31067964 sp=0x00000014769fdab0
Event: 6.123 Thread 0x000001ba1f519230 DEOPT UNPACKING pc=0x000001ba30a67da2 sp=0x00000014769fda30 mode 2
Event: 6.169 Thread 0x000001ba1f519230 Uncommon trap: trap_request=0xffffff45 fr.pc=0x000001ba3105bd9c relative=0x00000000000001bc
Event: 6.169 Thread 0x000001ba1f519230 Uncommon trap: reason=unstable_if action=reinterpret pc=0x000001ba3105bd9c method=java.util.HashMap.getNode(Ljava/lang/Object;)Ljava/util/HashMap$Node; @ 66 c2
Event: 6.169 Thread 0x000001ba1f519230 DEOPT PACKING pc=0x000001ba3105bd9c sp=0x00000014769fdd80
Event: 6.169 Thread 0x000001ba1f519230 DEOPT UNPACKING pc=0x000001ba30a67da2 sp=0x00000014769fdcf0 mode 2
Event: 6.292 Thread 0x000001ba1f519230 DEOPT PACKING pc=0x000001ba2981b26f sp=0x00000014769fc640
Event: 6.292 Thread 0x000001ba1f519230 DEOPT UNPACKING pc=0x000001ba30a688e2 sp=0x00000014769fba60 mode 0
Event: 6.293 Thread 0x000001ba1f519230 DEOPT PACKING pc=0x000001ba296c00e2 sp=0x00000014769fc610
Event: 6.293 Thread 0x000001ba1f519230 DEOPT UNPACKING pc=0x000001ba30a688e2 sp=0x00000014769fbaa8 mode 0
Event: 6.293 Thread 0x000001ba1f519230 DEOPT PACKING pc=0x000001ba296c00e2 sp=0x00000014769fc610
Event: 6.293 Thread 0x000001ba1f519230 DEOPT UNPACKING pc=0x000001ba30a688e2 sp=0x00000014769fbaa8 mode 0
Event: 6.349 Thread 0x000001ba1f519230 Uncommon trap: trap_request=0xffffffc6 fr.pc=0x000001ba31026d38 relative=0x0000000000000c78
Event: 6.349 Thread 0x000001ba1f519230 Uncommon trap: reason=bimorphic_or_optimized_type_check action=maybe_recompile pc=0x000001ba31026d38 method=java.util.regex.Pattern$Start.match(Ljava/util/regex/Matcher;ILjava/lang/CharSequence;)Z @ 44 c2
Event: 6.349 Thread 0x000001ba1f519230 DEOPT PACKING pc=0x000001ba31026d38 sp=0x00000014769fec60
Event: 6.349 Thread 0x000001ba1f519230 DEOPT UNPACKING pc=0x000001ba30a67da2 sp=0x00000014769febc0 mode 2
Event: 6.350 Thread 0x000001ba1f519230 Uncommon trap: trap_request=0xffffffc6 fr.pc=0x000001ba31029348 relative=0x0000000000000ac8
Event: 6.350 Thread 0x000001ba1f519230 Uncommon trap: reason=bimorphic_or_optimized_type_check action=maybe_recompile pc=0x000001ba31029348 method=java.util.regex.Pattern$Start.match(Ljava/util/regex/Matcher;ILjava/lang/CharSequence;)Z @ 44 c2
Event: 6.350 Thread 0x000001ba1f519230 DEOPT PACKING pc=0x000001ba31029348 sp=0x00000014769febe0
Event: 6.350 Thread 0x000001ba1f519230 DEOPT UNPACKING pc=0x000001ba30a67da2 sp=0x00000014769febc0 mode 2

Classes loaded (20 events):
Event: 6.148 Loading class sun/reflect/generics/reflectiveObjects/TypeVariableImpl
Event: 6.148 Loading class sun/reflect/generics/reflectiveObjects/LazyReflectiveObjectGenerator
Event: 6.148 Loading class sun/reflect/generics/reflectiveObjects/LazyReflectiveObjectGenerator done
Event: 6.148 Loading class sun/reflect/generics/reflectiveObjects/TypeVariableImpl done
Event: 6.170 Loading class sun/reflect/generics/repository/FieldRepository
Event: 6.170 Loading class sun/reflect/generics/repository/FieldRepository done
Event: 6.187 Loading class jdk/internal/math/FDBigInteger
Event: 6.187 Loading class jdk/internal/math/FDBigInteger done
Event: 6.188 Loading class sun/invoke/util/ValueConversions$1
Event: 6.188 Loading class sun/invoke/util/ValueConversions$1 done
Event: 6.189 Loading class java/lang/invoke/BoundMethodHandle$Species_LI
Event: 6.189 Loading class java/lang/invoke/BoundMethodHandle$Species_LI done
Event: 10.735 Loading class java/lang/Throwable$WrappedPrintStream
Event: 10.735 Loading class java/lang/Throwable$PrintStreamOrWriter
Event: 10.735 Loading class java/lang/Throwable$PrintStreamOrWriter done
Event: 10.735 Loading class java/lang/Throwable$WrappedPrintStream done
Event: 10.735 Loading class java/lang/StackTraceElement$HashedModules
Event: 10.735 Loading class java/lang/StackTraceElement$HashedModules done
Event: 95.591 Loading class jdk/internal/misc/Signal$1
Event: 95.591 Loading class jdk/internal/misc/Signal$1 done

Classes unloaded (0 events):
No events

Classes redefined (0 events):
No events

Internal exceptions (20 events):
Event: 6.128 Thread 0x000001ba1f519230 Exception <a 'java/lang/NoSuchMethodError'{0x00000007119936d8}: 'java.lang.Object java.lang.invoke.DirectMethodHandle$Holder.newInvokeSpecial(java.lang.Object, java.lang.Object, java.lang.Object, java.lang.Object, java.lang.Object)'> (0x00000007119936d8) 
thrown [s\open\src\hotspot\share\interpreter\linkResolver.cpp, line 773]
Event: 6.184 Thread 0x000001ba1f519230 Exception <a 'java/lang/NoSuchMethodError'{0x00000007113285d0}: 'void java.lang.invoke.Invokers$Holder.invokeExact_MT(java.lang.Object, java.lang.Object, java.lang.Object, java.lang.Object)'> (0x00000007113285d0) 
thrown [s\open\src\hotspot\share\interpreter\linkResolver.cpp, line 773]
Event: 6.188 Thread 0x000001ba1f519230 Exception <a 'java/lang/NoSuchMethodError'{0x0000000711352390}: 'void java.lang.invoke.DirectMethodHandle$Holder.invokeSpecial(java.lang.Object, java.lang.Object, float)'> (0x0000000711352390) 
thrown [s\open\src\hotspot\share\interpreter\linkResolver.cpp, line 773]
Event: 6.188 Thread 0x000001ba1f519230 Exception <a 'java/lang/NoSuchMethodError'{0x000000071135cf70}: 'float java.lang.invoke.DelegatingMethodHandle$Holder.reinvoke_L(java.lang.Object, java.lang.Object, int)'> (0x000000071135cf70) 
thrown [s\open\src\hotspot\share\interpreter\linkResolver.cpp, line 773]
Event: 6.189 Thread 0x000001ba1f519230 Exception <a 'java/lang/NoSuchMethodError'{0x000000071136ee88}: 'java.lang.Object java.lang.invoke.DirectMethodHandle$Holder.invokeStatic(java.lang.Object, java.lang.Object, java.lang.Object, java.lang.Object, int)'> (0x000000071136ee88) 
thrown [s\open\src\hotspot\share\interpreter\linkResolver.cpp, line 773]
Event: 6.190 Thread 0x000001ba1f519230 Exception <a 'java/lang/NoSuchMethodError'{0x0000000711379ca8}: 'void java.lang.invoke.DelegatingMethodHandle$Holder.reinvoke_L(java.lang.Object, java.lang.Object, float)'> (0x0000000711379ca8) 
thrown [s\open\src\hotspot\share\interpreter\linkResolver.cpp, line 773]
Event: 6.195 Thread 0x000001ba1f519230 Exception <a 'java/lang/NoSuchMethodError'{0x00000007113a8a50}: 'void java.lang.invoke.DirectMethodHandle$Holder.invokeVirtual(java.lang.Object, java.lang.Object, int)'> (0x00000007113a8a50) 
thrown [s\open\src\hotspot\share\interpreter\linkResolver.cpp, line 773]
Event: 6.195 Thread 0x000001ba1f519230 Exception <a 'java/lang/NoSuchMethodError'{0x00000007113ac7d0}: 'int java.lang.invoke.DirectMethodHandle$Holder.invokeSpecial(java.lang.Object, java.lang.Object, java.lang.Object, int)'> (0x00000007113ac7d0) 
thrown [s\open\src\hotspot\share\interpreter\linkResolver.cpp, line 773]
Event: 6.196 Thread 0x000001ba1f519230 Exception <a 'java/lang/NoSuchMethodError'{0x00000007113b63f8}: 'void java.lang.invoke.DelegatingMethodHandle$Holder.reinvoke_L(java.lang.Object, java.lang.Object, int)'> (0x00000007113b63f8) 
thrown [s\open\src\hotspot\share\interpreter\linkResolver.cpp, line 773]
Event: 6.215 Thread 0x000001ba1f519230 Exception <a 'sun/nio/fs/WindowsException'{0x000000071109dcb0}> (0x000000071109dcb0) 
thrown [s\open\src\hotspot\share\prims\jni.cpp, line 520]
Event: 6.224 Thread 0x000001ba1f519230 Exception <a 'sun/nio/fs/WindowsException'{0x00000007110aa1c0}> (0x00000007110aa1c0) 
thrown [s\open\src\hotspot\share\prims\jni.cpp, line 520]
Event: 6.224 Thread 0x000001ba1f519230 Exception <a 'sun/nio/fs/WindowsException'{0x00000007110aa538}> (0x00000007110aa538) 
thrown [s\open\src\hotspot\share\prims\jni.cpp, line 520]
Event: 6.226 Thread 0x000001ba1f519230 Exception <a 'sun/nio/fs/WindowsException'{0x00000007110aca18}> (0x00000007110aca18) 
thrown [s\open\src\hotspot\share\prims\jni.cpp, line 520]
Event: 6.229 Thread 0x000001ba1f519230 Exception <a 'sun/nio/fs/WindowsException'{0x00000007110b1ee0}> (0x00000007110b1ee0) 
thrown [s\open\src\hotspot\share\prims\jni.cpp, line 520]
Event: 6.287 Thread 0x000001ba1f519230 Exception <a 'sun/nio/fs/WindowsException'{0x00000007110bae58}> (0x00000007110bae58) 
thrown [s\open\src\hotspot\share\prims\jni.cpp, line 520]
Event: 6.287 Thread 0x000001ba1f519230 Exception <a 'sun/nio/fs/WindowsException'{0x00000007110bb1d8}> (0x00000007110bb1d8) 
thrown [s\open\src\hotspot\share\prims\jni.cpp, line 520]
Event: 6.289 Thread 0x000001ba1f519230 Exception <a 'sun/nio/fs/WindowsException'{0x00000007110bd6c0}> (0x00000007110bd6c0) 
thrown [s\open\src\hotspot\share\prims\jni.cpp, line 520]
Event: 6.316 Thread 0x000001ba1f519230 Exception <a 'java/lang/NoSuchMethodError'{0x0000000711144880}: 'void java.lang.invoke.DirectMethodHandle$Holder.invokeVirtual(java.lang.Object, java.lang.Object, float)'> (0x0000000711144880) 
thrown [s\open\src\hotspot\share\interpreter\linkResolver.cpp, line 773]
Event: 6.318 Thread 0x000001ba1f519230 Exception <a 'java/lang/NoSuchMethodError'{0x0000000711158e20}: 'java.lang.Object java.lang.invoke.DelegatingMethodHandle$Holder.reinvoke_L(java.lang.Object, float, float, float)'> (0x0000000711158e20) 
thrown [s\open\src\hotspot\share\interpreter\linkResolver.cpp, line 773]
Event: 10.734 Thread 0x000001ba1f519230 Exception <a 'java/lang/NullPointerException'{0x0000000710e4e530}> (0x0000000710e4e530) 
thrown [s\open\src\hotspot\share\interpreter\linkResolver.cpp, line 1372]

ZGC Phase Switch (0 events):
No events

VM Operations (20 events):
Event: 5.029 Executing VM operation: Cleanup done
Event: 6.109 Executing VM operation: HandshakeAllThreads (Deoptimize)
Event: 6.109 Executing VM operation: HandshakeAllThreads (Deoptimize) done
Event: 7.115 Executing VM operation: Cleanup
Event: 7.115 Executing VM operation: Cleanup done
Event: 8.127 Executing VM operation: Cleanup
Event: 8.127 Executing VM operation: Cleanup done
Event: 9.129 Executing VM operation: Cleanup
Event: 9.129 Executing VM operation: Cleanup done
Event: 10.140 Executing VM operation: Cleanup
Event: 10.140 Executing VM operation: Cleanup done
Event: 11.155 Executing VM operation: Cleanup
Event: 11.155 Executing VM operation: Cleanup done
Event: 60.137 Executing VM operation: HandshakeAllThreads (HandshakeForDeflation)
Event: 60.137 Executing VM operation: HandshakeAllThreads (HandshakeForDeflation) done
Event: 60.137 Executing VM operation: RendezvousGCThreads
Event: 60.137 Executing VM operation: RendezvousGCThreads done
Event: 61.147 Executing VM operation: Cleanup
Event: 61.147 Executing VM operation: Cleanup done
Event: 95.699 Executing VM operation: Exit

Events (20 events):
Event: 0.623 Thread 0x000001ba86171150 Thread exited: 0x000001ba86171150
Event: 1.021 Thread 0x000001ba87562b70 Thread added: 0x000001ba87562b70
Event: 1.173 Thread 0x000001ba87562b70 Thread exited: 0x000001ba87562b70
Event: 2.889 Thread 0x000001ba87186cd0 Thread added: 0x000001ba87186cd0
Event: 2.889 Thread 0x000001ba87187380 Thread added: 0x000001ba87187380
Event: 3.444 Thread 0x000001ba87187380 Thread exited: 0x000001ba87187380
Event: 3.686 Thread 0x000001ba87186cd0 Thread exited: 0x000001ba87186cd0
Event: 4.286 Thread 0x000001ba87296b00 Thread added: 0x000001ba87296b00
Event: 4.287 Thread 0x000001ba87217a60 Thread added: 0x000001ba87217a60
Event: 4.287 Thread 0x000001ba872180d0 Thread added: 0x000001ba872180d0
Event: 4.305 Thread 0x000001ba87548190 Thread added: 0x000001ba87548190
Event: 4.305 Thread 0x000001ba87548190 Thread exited: 0x000001ba87548190
Event: 4.307 Thread 0x000001ba87548190 Thread added: 0x000001ba87548190
Event: 10.735 Thread 0x000001ba1f519230 Thread exited: 0x000001ba1f519230
Event: 10.735 Thread 0x000001ba871925c0 Thread added: 0x000001ba871925c0
Event: 95.591 Thread 0x000001ba87192c50 Thread added: 0x000001ba87192c50
Event: 95.592 Thread 0x000001ba8648a140 Thread added: 0x000001ba8648a140
Event: 95.598 Thread 0x000001ba872180d0 Thread exited: 0x000001ba872180d0
Event: 95.699 Thread 0x000001ba8648a140 Thread exited: 0x000001ba8648a140
Event: 95.699 Thread 0x000001ba4041e810 Thread exited: 0x000001ba4041e810


Dynamic libraries:
0x00007ff673940000 - 0x00007ff67394e000 	C:\Users\stas2\.jdks\openjdk-21.0.1\bin\java.exe
0x00007ffac7c80000 - 0x00007ffac7ee9000 	C:\WINDOWS\SYSTEM32\ntdll.dll
0x00007ffac5b10000 - 0x00007ffac5bd9000 	C:\WINDOWS\System32\KERNEL32.DLL
0x00007ffac5310000 - 0x00007ffac5703000 	C:\WINDOWS\System32\KERNELBASE.dll
0x00007ffac4e10000 - 0x00007ffac4f5b000 	C:\WINDOWS\System32\ucrtbase.dll
0x00007ffab9ed0000 - 0x00007ffab9ee8000 	C:\Users\stas2\.jdks\openjdk-21.0.1\bin\jli.dll
0x00007ffab94e0000 - 0x00007ffab94fb000 	C:\Users\stas2\.jdks\openjdk-21.0.1\bin\VCRUNTIME140.dll
0x00007ffac60a0000 - 0x00007ffac6264000 	C:\WINDOWS\System32\USER32.dll
0x00007ffaacac0000 - 0x00007ffaacd53000 	C:\WINDOWS\WinSxS\amd64_microsoft.windows.common-controls_6595b64144ccf1df_6.0.26100.5074_none_3e0d6f78e32fd63f\COMCTL32.dll
0x00007ffac5250000 - 0x00007ffac5277000 	C:\WINDOWS\System32\win32u.dll
0x00007ffac7170000 - 0x00007ffac7219000 	C:\WINDOWS\System32\msvcrt.dll
0x00007ffac6070000 - 0x00007ffac609b000 	C:\WINDOWS\System32\GDI32.dll
0x00007ffac5920000 - 0x00007ffac5a4d000 	C:\WINDOWS\System32\gdi32full.dll
0x00007ffac5710000 - 0x00007ffac57b3000 	C:\WINDOWS\System32\msvcp_win.dll
0x00007ffac7c00000 - 0x00007ffac7c2f000 	C:\WINDOWS\System32\IMM32.DLL
0x00007ffabf240000 - 0x00007ffabf24c000 	C:\Users\stas2\.jdks\openjdk-21.0.1\bin\vcruntime140_1.dll
0x00007ffa76f40000 - 0x00007ffa76fce000 	C:\Users\stas2\.jdks\openjdk-21.0.1\bin\msvcp140.dll
0x00007ffa12750000 - 0x00007ffa13465000 	C:\Users\stas2\.jdks\openjdk-21.0.1\bin\server\jvm.dll
0x00007ffac66a0000 - 0x00007ffac6754000 	C:\WINDOWS\System32\ADVAPI32.dll
0x00007ffac70c0000 - 0x00007ffac7166000 	C:\WINDOWS\System32\sechost.dll
0x00007ffac7ae0000 - 0x00007ffac7bf8000 	C:\WINDOWS\System32\RPCRT4.dll
0x00007ffac6a60000 - 0x00007ffac6ad4000 	C:\WINDOWS\System32\WS2_32.dll
0x00007ffac3a50000 - 0x00007ffac3aae000 	C:\WINDOWS\SYSTEM32\POWRPROF.dll
0x00007ffab73c0000 - 0x00007ffab73f5000 	C:\WINDOWS\SYSTEM32\WINMM.dll
0x00007ffabab30000 - 0x00007ffabab3b000 	C:\WINDOWS\SYSTEM32\VERSION.dll
0x00007ffac3a30000 - 0x00007ffac3a44000 	C:\WINDOWS\SYSTEM32\UMPDC.dll
0x00007ffac3d10000 - 0x00007ffac3d2b000 	C:\WINDOWS\SYSTEM32\kernel.appcore.dll
0x00007ffabd430000 - 0x00007ffabd43a000 	C:\Users\stas2\.jdks\openjdk-21.0.1\bin\jimage.dll
0x00007ffac2590000 - 0x00007ffac27d2000 	C:\WINDOWS\SYSTEM32\DBGHELP.DLL
0x00007ffac6b70000 - 0x00007ffac6eeb000 	C:\WINDOWS\System32\combase.dll
0x00007ffac7970000 - 0x00007ffac7a47000 	C:\WINDOWS\System32\OLEAUT32.dll
0x00007ffaa9e70000 - 0x00007ffaa9ead000 	C:\WINDOWS\SYSTEM32\dbgcore.DLL
0x00007ffac5880000 - 0x00007ffac5919000 	C:\WINDOWS\System32\bcryptPrimitives.dll
0x00007ffabbdd0000 - 0x00007ffabbddf000 	C:\Users\stas2\.jdks\openjdk-21.0.1\bin\instrument.dll
0x00007ffab83a0000 - 0x00007ffab83bf000 	C:\Users\stas2\.jdks\openjdk-21.0.1\bin\java.dll
0x00007ffac7220000 - 0x00007ffac796d000 	C:\WINDOWS\System32\SHELL32.dll
0x00007ffac50e0000 - 0x00007ffac524c000 	C:\WINDOWS\System32\wintypes.dll
0x00007ffac2a80000 - 0x00007ffac32d9000 	C:\WINDOWS\SYSTEM32\windows.storage.dll
0x00007ffac6ef0000 - 0x00007ffac6fe0000 	C:\WINDOWS\System32\SHCORE.dll
0x00007ffac6ae0000 - 0x00007ffac6b42000 	C:\WINDOWS\System32\shlwapi.dll
0x00007ffac4d30000 - 0x00007ffac4d59000 	C:\WINDOWS\SYSTEM32\profapi.dll
0x00007ffa76e60000 - 0x00007ffa76f37000 	C:\Users\stas2\.jdks\openjdk-21.0.1\bin\jsvml.dll
0x00007ffabbaf0000 - 0x00007ffabbb00000 	C:\Users\stas2\.jdks\openjdk-21.0.1\bin\net.dll
0x00007ffabbf60000 - 0x00007ffabc07f000 	C:\WINDOWS\SYSTEM32\WINHTTP.dll
0x00007ffac4290000 - 0x00007ffac42fb000 	C:\WINDOWS\system32\mswsock.dll
0x00007ffaaeb10000 - 0x00007ffaaeb26000 	C:\Users\stas2\.jdks\openjdk-21.0.1\bin\nio.dll
0x00007ffaa9fa0000 - 0x00007ffaa9fb8000 	C:\Users\stas2\.jdks\openjdk-21.0.1\bin\zip.dll
0x00007ffaa36b0000 - 0x00007ffaa36ca000 	C:\IntelliJ IDEA Community Edition 2021.3.2\IntelliJ IDEA Community Edition 2023.2.1\bin\breakgen64.dll
0x00007ffabbaa0000 - 0x00007ffabbab0000 	C:\Users\stas2\.jdks\openjdk-21.0.1\bin\verify.dll
0x00007ffa974f0000 - 0x00007ffa9756b000 	C:\Users\stas2\AppData\Local\Temp\lwjgl_stas2\3.3.4+7\x64\lwjgl.dll
0x00007ffa63150000 - 0x00007ffa631d5000 	C:\Users\stas2\AppData\Local\Temp\lwjgl_stas2\3.3.4+7\x64\glfw.dll
0x00007ffa85820000 - 0x00007ffa8586b000 	C:\WINDOWS\SYSTEM32\dinput8.dll
0x00007ffa99e80000 - 0x00007ffa99e92000 	C:\WINDOWS\SYSTEM32\xinput1_4.dll
0x00007ffac4ac0000 - 0x00007ffac4b17000 	C:\WINDOWS\SYSTEM32\cfgmgr32.dll
0x00007ffac4a90000 - 0x00007ffac4abd000 	C:\WINDOWS\SYSTEM32\DEVOBJ.dll
0x00007ffac1d20000 - 0x00007ffac1d4b000 	C:\WINDOWS\SYSTEM32\dwmapi.dll
0x00007ffa9a160000 - 0x00007ffa9a33a000 	C:\WINDOWS\SYSTEM32\inputhost.dll
0x00007ffabef10000 - 0x00007ffabf035000 	C:\WINDOWS\SYSTEM32\CoreMessaging.dll
0x00007ffabf4e0000 - 0x00007ffabf588000 	C:\WINDOWS\system32\uxtheme.dll
0x00007ffac6530000 - 0x00007ffac6688000 	C:\WINDOWS\System32\MSCTF.dll
0x00007ffac4550000 - 0x00007ffac455c000 	C:\WINDOWS\SYSTEM32\CRYPTBASE.DLL
0x00007ffa94640000 - 0x00007ffa9474c000 	C:\WINDOWS\SYSTEM32\opengl32.dll
0x00007ffa96270000 - 0x00007ffa9629d000 	C:\WINDOWS\SYSTEM32\GLU32.dll
0x00007ffac1da0000 - 0x00007ffac1de4000 	C:\WINDOWS\SYSTEM32\dxcore.dll
0x00007ffabd0b0000 - 0x00007ffabd110000 	C:\WINDOWS\SYSTEM32\directxdatabasehelper.dll
0x00007ffab54c0000 - 0x00007ffab54da000 	C:\WINDOWS\SYSTEM32\windows.staterepositorycore.dll
0x00007ffa41fd0000 - 0x00007ffa42fc3000 	C:\WINDOWS\System32\DriverStore\FileRepository\iigd_dch.inf_amd64_5802b1615520e41c\igxelpicd64.dll
0x00007ffac68c0000 - 0x00007ffac6a58000 	C:\WINDOWS\System32\ole32.dll
0x00007ffac1ba0000 - 0x00007ffac1cda000 	C:\WINDOWS\system32\dxgi.dll
0x00007ffa48d00000 - 0x00007ffa48fe7000 	C:\WINDOWS\System32\DriverStore\FileRepository\iigd_dch.inf_amd64_5802b1615520e41c\igdml64.dll
0x00007ffab2f10000 - 0x00007ffab32d7000 	C:\WINDOWS\System32\DriverStore\FileRepository\iigd_dch.inf_amd64_5802b1615520e41c\igdgmm64.dll
0x00007ffaaf880000 - 0x00007ffab2e91000 	C:\WINDOWS\System32\DriverStore\FileRepository\iigd_dch.inf_amd64_5802b1615520e41c\igc64.dll
0x00007ffa91ad0000 - 0x00007ffa91c19000 	C:\WINDOWS\SYSTEM32\textinputframework.dll
0x00007ffab5eb0000 - 0x00007ffab6193000 	C:\WINDOWS\SYSTEM32\CoreUIComponents.dll
0x00007ffa64780000 - 0x00007ffa647e1000 	C:\Users\stas2\AppData\Local\Temp\lwjgl_stas2\3.3.4+7\x64\lwjgl_opengl.dll
0x00007ffa41630000 - 0x00007ffa41e24000 	C:\Users\stas2\AppData\Local\Temp\imgui-java-natives\1.89.0\imgui-java64.dll
0x00007ffa62f10000 - 0x00007ffa62fb0000 	C:\Users\stas2\AppData\Local\Temp\lwjgl_stas2\3.3.4+7\x64\lwjgl_stb.dll
0x00007ffa5f6c0000 - 0x00007ffa5f84e000 	C:\Users\stas2\.jdks\openjdk-21.0.1\bin\awt.dll
0x00007ffabf300000 - 0x00007ffabf39e000 	C:\WINDOWS\SYSTEM32\apphelp.dll
0x00007ffac67c0000 - 0x00007ffac68b1000 	C:\WINDOWS\System32\COMDLG32.dll
0x00007ffac5a50000 - 0x00007ffac5b01000 	C:\WINDOWS\System32\clbcatq.dll
0x00007ffa92560000 - 0x00007ffa92613000 	C:\WINDOWS\SYSTEM32\TextShaping.dll
0x00007ffa9a020000 - 0x00007ffa9a098000 	C:\WINDOWS\SYSTEM32\OLEACC.dll
0x00007ffa863f0000 - 0x00007ffa86809000 	C:\WINDOWS\SYSTEM32\UIAutomationCore.DLL
0x00007ffa94420000 - 0x00007ffa94449000 	C:\WINDOWS\SYSTEM32\edputil.dll
0x00007ffabdb40000 - 0x00007ffabdd6f000 	C:\WINDOWS\SYSTEM32\WindowsCodecs.dll
0x00007ffa8c590000 - 0x00007ffa8c64d000 	C:\Windows\System32\OneCoreCommonProxyStub.dll
0x00007ffa78130000 - 0x00007ffa7819f000 	C:\Windows\System32\thumbcache.dll
0x00007ffa846b0000 - 0x00007ffa846ff000 	C:\Windows\System32\vaultcli.dll
0x00007ffabd320000 - 0x00007ffabd424000 	C:\WINDOWS\system32\propsys.dll
0x00007ffa7aaa0000 - 0x00007ffa7aabb000 	C:\WINDOWS\system32\NetworkExplorer.dll
0x00007ffa78220000 - 0x00007ffa782c7000 	C:\WINDOWS\SYSTEM32\ntshrui.dll
0x00007ffaab920000 - 0x00007ffaab949000 	C:\WINDOWS\SYSTEM32\srvcli.dll
0x00007ffa93090000 - 0x00007ffa930a3000 	C:\WINDOWS\SYSTEM32\cscapi.dll
0x00007ffa9fe00000 - 0x00007ffa9febe000 	C:\WINDOWS\System32\StructuredQuery.dll
0x00007ffaa9640000 - 0x00007ffaa98de000 	C:\WINDOWS\System32\icu.dll
0x00007ffaae0c0000 - 0x00007ffaae70c000 	C:\Windows\System32\OneCoreUAPCommonProxyStub.dll
0x00007ffab8bf0000 - 0x00007ffab8c4a000 	C:\WINDOWS\system32\dataexchange.dll
0x00007ffa8c0d0000 - 0x00007ffa8c205000 	C:\WINDOWS\system32\Windows.Storage.Search.dll
0x00007ffabb4c0000 - 0x00007ffabb6f9000 	C:\WINDOWS\system32\twinapi.appcore.dll
0x00007ffa8c410000 - 0x00007ffa8c589000 	C:\Windows\System32\Windows.System.Launcher.dll
0x00007ffaace00000 - 0x00007ffaacfdf000 	C:\Windows\System32\urlmon.dll
0x00007ffaab980000 - 0x00007ffaabc44000 	C:\Windows\System32\iertutil.dll
0x00007ffac3640000 - 0x00007ffac364d000 	C:\Windows\System32\netutils.dll
0x00007ffac3fb0000 - 0x00007ffac3ff9000 	C:\Windows\System32\SspiCli.dll
0x00007ffa8d020000 - 0x00007ffa8d0e4000 	C:\Windows\System32\Windows.StateRepositoryPS.dll
0x00007ffa9be70000 - 0x00007ffa9beb7000 	C:\WINDOWS\SYSTEM32\windows.staterepositoryclient.dll
0x00007ffa68050000 - 0x00007ffa68246000 	C:\Users\stas2\AppData\Local\Microsoft\OneDrive\25.164.0824.0003\FileSyncShell64.dll
0x00007ffac4f60000 - 0x00007ffac50d7000 	C:\WINDOWS\System32\CRYPT32.dll
0x00007ffac4d00000 - 0x00007ffac4d26000 	C:\WINDOWS\SYSTEM32\bcrypt.dll
0x00007ffabf2c0000 - 0x00007ffabf2cd000 	C:\WINDOWS\SYSTEM32\Secur32.dll
0x00007ffaad010000 - 0x00007ffaad299000 	C:\WINDOWS\SYSTEM32\WININET.dll
0x00007ffabf2d0000 - 0x00007ffabf2fa000 	C:\WINDOWS\SYSTEM32\WTSAPI32.dll
0x00007ffac4330000 - 0x00007ffac435b000 	C:\WINDOWS\SYSTEM32\USERENV.dll
0x00007ffa99770000 - 0x00007ffa99887000 	C:\Windows\System32\MrmCoreR.dll
0x00007ffa9ce80000 - 0x00007ffa9ceb4000 	C:\Windows\System32\bcp47mrm.dll
0x00007ffa6a290000 - 0x00007ffa6a2c8000 	C:\Windows\System32\EhStorShell.dll
0x00007ffac5be0000 - 0x00007ffac6067000 	C:\WINDOWS\System32\SETUPAPI.dll
0x00007ffa97c90000 - 0x00007ffa97de0000 	C:\Windows\System32\Windows.UI.dll
0x00007ffa59280000 - 0x00007ffa593a8000 	C:\Users\stas2\AppData\Local\Temp\lwjgl_stas2\3.3.4+7\x64\draco.dll
0x00007ffa11a30000 - 0x00007ffa120eb000 	C:\Users\stas2\AppData\Local\Temp\lwjgl_stas2\3.3.4+7\x64\assimp.dll

dbghelp: loaded successfully - version: 4.0.5 - missing functions: none
symbol engine: initialized successfully - sym options: 0x614 - pdb path: .;C:\Users\stas2\.jdks\openjdk-21.0.1\bin;C:\WINDOWS\SYSTEM32;C:\WINDOWS\WinSxS\amd64_microsoft.windows.common-controls_6595b64144ccf1df_6.0.26100.5074_none_3e0d6f78e32fd63f;C:\Users\stas2\.jdks\openjdk-21.0.1\bin\server;C:\IntelliJ IDEA Community Edition 2021.3.2\IntelliJ IDEA Community Edition 2023.2.1\bin;C:\Users\stas2\AppData\Local\Temp\lwjgl_stas2\3.3.4+7\x64;C:\WINDOWS\System32\DriverStore\FileRepository\iigd_dch.inf_amd64_5802b1615520e41c;C:\Users\stas2\AppData\Local\Temp\imgui-java-natives\1.89.0;C:\Users\stas2\AppData\Local\Microsoft\OneDrive\25.164.0824.0003

VM Arguments:
jvm_args: -javaagent:C:\IntelliJ IDEA Community Edition 2021.3.2\IntelliJ IDEA Community Edition 2023.2.1\lib\idea_rt.jar=55676:C:\IntelliJ IDEA Community Edition 2021.3.2\IntelliJ IDEA Community Edition 2023.2.1\bin -Dfile.encoding=windows-1252 -Dsun.stdout.encoding=windows-1252 -Dsun.stderr.encoding=windows-1252 --module-path=O:\GIt\MultiplayerShooter\target\classes;C:\Users\stas2\.m2\repository\com\fasterxml\jackson\core\jackson-databind\2.17.2\jackson-databind-2.17.2.jar;C:\Users\stas2\.m2\repository\com\fasterxml\jackson\core\jackson-core\2.17.2\jackson-core-2.17.2.jar;C:\Users\stas2\.m2\repository\org\joml\joml\1.10.7\joml-1.10.7.jar;C:\Users\stas2\.m2\repository\org\joml\joml-primitives\1.10.0\joml-primitives-1.10.0.jar;C:\Users\stas2\.m2\repository\org\lwjgl\lwjgl-assimp\3.3.4\lwjgl-assimp-3.3.4.jar;C:\Users\stas2\.m2\repository\io\github\spair\imgui-java-lwjgl3\1.89.0\imgui-java-lwjgl3-1.89.0.jar;C:\Users\stas2\.m2\repository\org\lwjgl\lwjgl-vulkan\3.3.4\lwjgl-vulkan-3.3.4.jar;C:\Users\stas2\.m2\repository\org\lwjgl\lwjgl-glfw\3.3.4\lwjgl-glfw-3.3.4.jar;C:\Users\stas2\.m2\repository\com\fasterxml\jackson\core\jackson-annotations\2.17.2\jackson-annotations-2.17.2.jar;C:\Users\stas2\.m2\repository\org\lwjgl\lwjgl\3.3.4\lwjgl-3.3.4.jar;C:\Users\stas2\.m2\repository\io\github\spair\imgui-java-binding\1.89.0\imgui-java-binding-1.89.0.jar;C:\Users\stas2\.m2\repository\org\lwjgl\lwjgl-opengl\3.3.4\lwjgl-opengl-3.3.4.jar;C:\Users\stas2\.m2\repository\org\lwjgl\lwjgl-stb\3.3.4\lwjgl-stb-3.3.4.jar -Djdk.module.main=com.bedrye.bjge 
java_command: com.bedrye.bjge/com.bedrye.bjge.TestMain
java_class_path (initial): C:\Users\stas2\.m2\repository\io\github\spair\imgui-java-natives-windows\1.89.0\imgui-java-natives-windows-1.89.0.jar;C:\Users\stas2\.m2\repository\org\junit\jupiter\junit-jupiter-api\5.9.2\junit-jupiter-api-5.9.2.jar;C:\Users\stas2\.m2\repository\org\opentest4j\opentest4j\1.2.0\opentest4j-1.2.0.jar;C:\Users\stas2\.m2\repository\org\junit\platform\junit-platform-commons\1.9.2\junit-platform-commons-1.9.2.jar;C:\Users\stas2\.m2\repository\org\apiguardian\apiguardian-api\1.1.2\apiguardian-api-1.1.2.jar;C:\Users\stas2\.m2\repository\org\junit\jupiter\junit-jupiter-engine\5.9.2\junit-jupiter-engine-5.9.2.jar;C:\Users\stas2\.m2\repository\org\junit\platform\junit-platform-engine\1.9.2\junit-platform-engine-1.9.2.jar;C:\Users\stas2\.m2\repository\org\lwjgl\lwjgl-bgfx\3.3.4\lwjgl-bgfx-3.3.4.jar;C:\Users\stas2\.m2\repository\org\lwjgl\lwjgl-nanovg\3.3.4\lwjgl-nanovg-3.3.4.jar;C:\Users\stas2\.m2\repository\org\lwjgl\lwjgl-nuklear\3.3.4\lwjgl-nuklear-3.3.4.jar;C:\Users\stas2\.m2\repository\org\lwjgl\lwjgl-openal\3.3.4\lwjgl-openal-3.3.4.jar;C:\Users\stas2\.m2\repository\org\lwjgl\lwjgl-par\3.3.4\lwjgl-par-3.3.4.jar;C:\Users\stas2\.m2\repository\org\lwjgl\lwjgl\3.3.4\lwjgl-3.3.4-natives-windows.jar;C:\Users\stas2\.m2\repository\org\lwjgl\lwjgl-assimp\3.3.4\lwjgl-assimp-3.3.4-natives-windows.jar;C:\Users\stas2\.m2\repository\org\lwjgl\lwjgl-bgfx\3.3.4\lwjgl-bgfx-3.3.4-natives-windows.jar;C:\Users\stas2\.m2\repository\org\lwjgl\lwjgl-glfw\3.3.4\lwjgl-glfw-3.3.4-natives-windows.jar;C:\Users\stas2\.m2\repository\org\lwjgl\lwjgl-nanovg\3.3.4\lwjgl-nanovg-3.3.4-natives-windows.jar;C:\Users\stas2\.m2\repository\org\lwjgl\lwjgl-nuklear\3.3.4\lwjgl-nuklear-3.3.4-natives-windows.jar;C:\Users\stas2\.m2\repository\org\lwjgl\lwjgl-openal\3.3.4\lwjgl-openal-3.3.4-natives-windows.jar;C:\Users\stas2\.m2\repository\org\lwjgl\lwjgl-opengl\3.3.4\lwjgl-opengl-3.3.4-natives-windows.jar;C:\Users\stas2\.m2\repository\org\lwjgl\lwjgl-par\3.3.4\lwjgl-par-3.3.4-natives-windows.jar;C:\Users\stas2\.m2\repository\org\lwjgl\lwjgl-stb\3.3.4\lwjgl-stb-3.3.4-natives-windows.jar
Launcher Type: SUN_STANDARD

[Global flags]
     intx CICompilerCount                          = 4                                         {product} {ergonomic}
     uint ConcGCThreads                            = 3                                         {product} {ergonomic}
     uint G1ConcRefinementThreads                  = 10                                        {product} {ergonomic}
   size_t G1HeapRegionSize                         = 2097152                                   {product} {ergonomic}
    uintx GCDrainStackTargetSize                   = 64                                        {product} {ergonomic}
   size_t InitialHeapSize                          = 266338304                                 {product} {ergonomic}
   size_t MarkStackSize                            = 4194304                                   {product} {ergonomic}
   size_t MaxHeapSize                              = 4238344192                                {product} {ergonomic}
   size_t MaxNewSize                               = 2541748224                                {product} {ergonomic}
   size_t MinHeapDeltaBytes                        = 2097152                                   {product} {ergonomic}
   size_t MinHeapSize                              = 8388608                                   {product} {ergonomic}
    uintx NonNMethodCodeHeapSize                   = 5839372                                {pd product} {ergonomic}
    uintx NonProfiledCodeHeapSize                  = 122909434                              {pd product} {ergonomic}
    uintx ProfiledCodeHeapSize                     = 122909434                              {pd product} {ergonomic}
    uintx ReservedCodeCacheSize                    = 251658240                              {pd product} {ergonomic}
     bool SegmentedCodeCache                       = true                                      {product} {ergonomic}
   size_t SoftMaxHeapSize                          = 4238344192                             {manageable} {ergonomic}
     bool UseCompressedOops                        = true                           {product lp64_product} {ergonomic}
     bool UseG1GC                                  = true                                      {product} {ergonomic}
     bool UseLargePagesIndividualAllocation        = false                                  {pd product} {ergonomic}

Logging:
Log output configuration:
 #0: stdout all=off uptime,level,tags foldmultilines=false
 #1: stderr all=off uptime,level,tags foldmultilines=false

Environment Variables:
JAVA_HOME=C:\Program Files\Java\jdk-21
PATH=C:\Program Files\PlasticSCM5\server;C:\Program Files\PlasticSCM5\client;C:\Program Files\NVIDIA GPU Computing Toolkit\CUDA\v12.6\bin;C:\Program Files\NVIDIA GPU Computing Toolkit\CUDA\v12.6\libnvvp;C:\Program Files\Common Files\Oracle\Java\javapath;C:\Windows\system32;C:\Windows;C:\Program Files\Java\jdk-11.0.2\bin;C:\Windows\System32\Wbem;C:\ORacleDatabase\dbhomeXE\bin;C:\Windows\System32\WindowsPowerShell\v1.0\;C:\Windows\System32\OpenSSH\;C:\Program Files (x86)\NVIDIA Corporation\PhysX\Common;C:\Program Files\NVIDIA Corporation\NVIDIA NvDLISR;C:\Program Files\Git LFS;C:\Program Files\Git\cmd;C:\Program Files (x86)\Windows Kits\10\Windows Performance Toolkit\;C:\Program Files (x86)\Steam\steamapps\common\Counter-Strike Global Offensive\game\bin\win64;C:\Users\stas2\AppData\Local\Programs\Python\Python311;C:\Program Files\dotnet\;C:\Program Files\Microsoft SQL Server\150\Tools\Binn\;C:\Program Files\Microsoft SQL Server\Client SDK\ODBC\170\Tools\Binn\;C:\Program Files\NVIDIA Corporation\Nsight Compute 2024.3.2\;C:\Program Files (x86)\Microsoft SQL Server\160\Tools\Binn\;C:\Program Files\Microsoft SQL Server\160\Tools\Binn\;C:\Program Files\Microsoft SQL Server\160\DTS\Binn\;C:\Program Files (x86)\Microsoft SQL Server\160\DTS\Binn\;C:\WINDOWS\system32;C:\WINDOWS;C:\WINDOWS\System32\Wbem;C:\WINDOWS\System32\WindowsPowerShell\v1.0\;C:\WINDOWS\System32\OpenSSH\;C:\Program Files\Docker\Docker\resources\bin;O:\npdejs\;C:\Users\stas2\AppData\Local\Microsoft\WindowsApps;C:\Users\stas2\AppData\Local\Programs\Microsoft VS Code\bin;C:\Users\stas2\AppData\Local\GitHubDesktop\bin;C:\Users\stas2\AppData\Local\Programs\Python\Python311;C:\Program Files (x86)\Steam\steamapps\common\Counter-Strike Global Offensive\game\bin\win64;C:\Users\stas2\.dotnet\tools;C:\Users\stas2\AppData\Local\Muse Hub\lib;C:\Users\stas2\AppData\Roaming\npm
USERNAME=stas2
OS=Windows_NT
PROCESSOR_IDENTIFIER=Intel64 Family 6 Model 141 Stepping 1, GenuineIntel
TMP=C:\Users\stas2\AppData\Local\Temp
TEMP=C:\Users\stas2\AppData\Local\Temp




Periodic native trim disabled

---------------  S Y S T E M  ---------------

OS:
 Windows 11 , 64 bit Build 26100 (10.0.26100.5074)
OS uptime: 26 days 4:08 hours
Hyper-V role detected

CPU: total 12 (initial active 12) (6 cores per cpu, 2 threads per core) family 6 model 141 stepping 1 microcode 0x3c, cx8, cmov, fxsr, ht, mmx, 3dnowpref, sse, sse2, sse3, ssse3, sse4.1, sse4.2, popcnt, lzcnt, tsc, tscinvbit, avx, avx2, aes, erms, clmul, bmi1, bmi2, adx, avx512f, avx512dq, avx512cd, avx512bw, avx512vl, sha, fma, vzeroupper, avx512_vpopcntdq, avx512_vpclmulqdq, avx512_vaes, avx512_vnni, clflush, clflushopt, clwb, avx512_vbmi2, avx512_vbmi, hv, rdtscp, rdpid, fsrm, gfni, avx512_bitalg, f16c, cet_ibt, cet_ss, avx512_ifma
Processor Information for all 12 processors :
  Max Mhz: 2688, Current Mhz: 2688, Mhz Limit: 2688

Memory: 4k page, system-wide physical 16163M (1150M free)
TotalPageFile size 36643M (AvailPageFile size 8686M)
current process WorkingSet (physical memory assigned to process): 288M, peak: 302M
current process commit charge ("private bytes"): 447M, peak: 465M

vm_info: OpenJDK 64-Bit Server VM (21.0.1+12-29) for windows-amd64 JRE (21.0.1+12-29), built on 2023-10-05T13:27:09Z by "mach5one" with MS VC++ 17.1 (VS2022)

END.
