#
# A fatal error has been detected by the Java Runtime Environment:
#
#  EXCEPTION_ACCESS_VIOLATION (0xc0000005) at pc=0x00007ffcedf6366c, pid=30484, tid=760
#
# JRE version: OpenJDK Runtime Environment (20.0.2+9) (build 20.0.2+9-78)
# Java VM: OpenJDK 64-Bit Server VM (20.0.2+9-78, mixed mode, sharing, tiered, compressed oops, compressed class ptrs, g1 gc, windows-amd64)
# Problematic frame:
# C  [igxelpicd64.dll+0x13366c]
#
# No core dump will be written. Minidumps are not enabled by default on client versions of Windows
#
# If you would like to submit a bug report, please visit:
#   https://bugreport.java.com/bugreport/crash.jsp
#

---------------  S U M M A R Y ------------

Command Line: -javaagent:C:\IntelliJ IDEA Community Edition 2021.3.2\IntelliJ IDEA Community Edition 2023.2.1\lib\idea_rt.jar=51196:C:\IntelliJ IDEA Community Edition 2021.3.2\IntelliJ IDEA Community Edition 2023.2.1\bin -Dfile.encoding=windows-1252 -Dsun.stdout.encoding=windows-1252 -Dsun.stderr.encoding=windows-1252 --module-path=C:\Users\stas2\.m2\repository\org\openjfx\javafx-base\20.0.1\javafx-base-20.0.1-win.jar;C:\Users\stas2\.m2\repository\org\openjfx\javafx-graphics\20.0.1\javafx-graphics-20.0.1-win.jar;C:\Users\stas2\.m2\repository\org\joml\joml-primitives\1.10.0\joml-primitives-1.10.0.jar;C:\Users\stas2\.m2\repository\com\github\almasb\fxgl-entity\17.2\fxgl-entity-17.2.jar;C:\Users\stas2\.m2\repository\com\github\almasb\fxgl-gameplay\17.2\fxgl-gameplay-17.2.jar;C:\Users\stas2\.m2\repository\org\openjfx\javafx-controls\20.0.1\javafx-controls-20.0.1-win.jar;C:\Users\stas2\.m2\repository\org\lwjgl\lwjgl\3.3.4\lwjgl-3.3.4.jar;C:\Users\stas2\.m2\repository\com\github\almasb\fxgl-scene\17.2\fxgl-scene-17.2.jar;C:\Users\stas2\.m2\repository\com\gluonhq\attach\audio\4.0.13\audio-4.0.13.jar;C:\Users\stas2\.m2\repository\com\gluonhq\attach\storage\4.0.13\storage-4.0.13.jar;C:\Users\stas2\.m2\repository\org\lwjgl\lwjgl-glfw\3.3.4\lwjgl-glfw-3.3.4.jar;C:\Users\stas2\.m2\repository\com\fasterxml\jackson\core\jackson-databind\2.12.1\jackson-databind-2.12.1.jar;C:\Users\stas2\.m2\repository\com\fasterxml\jackson\core\jackson-annotations\2.12.1\jackson-annotations-2.12.1.jar;C:\Users\stas2\.m2\repository\org\jetbrains\kotlin\kotlin-stdlib\1.6.0\kotlin-stdlib-1.6.0-modular.jar;C:\Users\stas2\.m2\repository\org\openjfx\javafx-media\20.0.1\javafx-media-20.0.1-win.jar;C:\Users\stas2\.m2\repository\com\github\almasb\fxgl-io\17.2\fxgl-io-17.2.jar;C:\Users\stas2\.m2\repository\com\github\almasb\fxgl\17.2\fxgl-17.2.jar;C:\Users\stas2\.m2\repository\com\github\almasb\fxgl-core\17.2\fxgl-core-17.2.jar;C:\Users\stas2\.m2\repository\org\lwjgl\lwjgl-vulkan\3.3.4\lwjgl-vulkan-3.3.4.jar;O:\GIt\MultiplayerShooter\target\classes;C:\Users\stas2\.m2\repository\org\lwjgl\lwjgl-opengl\3.3.4\lwjgl-opengl-3.3.4.jar;C:\Users\stas2\.m2\repository\org\lwjgl\lwjgl-stb\3.3.4\lwjgl-stb-3.3.4.jar;C:\Users\stas2\.m2\repository\org\joml\joml\1.10.7\joml-1.10.7.jar;C:\Users\stas2\.m2\repository\org\openjfx\javafx-fx-Djdk.module.main=com.bedrye.multiplayershooter com.bedrye.multiplayershooter/com.bedrye.bjge.GameEngine.TestMain

Host: 11th Gen Intel(R) Core(TM) i5-11400H @ 2.70GHz, 12 cores, 15G,  Windows 11 , 64 bit Build 22621 (10.0.22621.4974)
Time: Sun Apr  6 23:12:15 2025 FLE Summer Time elapsed time: 175.132305 seconds (0d 0h 2m 55s)

---------------  T H R E A D  ---------------

Current thread (0x000001beba429b00):  VMThread "VM Thread" [stack: 0x0000005185700000,0x0000005185800000] [id=760]

Stack: [0x0000005185700000,0x0000005185800000],  sp=0x00000051857fe2a0,  free space=1016k
Native frames: (J=compiled Java code, j=interpreted, Vv=VM code, C=native code)
C  [igxelpicd64.dll+0x13366c]


siginfo: EXCEPTION_ACCESS_VIOLATION (0xc0000005), reading address 0x00000000000356f8


Registers:
RAX=0x000001be81dfa888, RBX=0x000001be81dfa780, RCX=0x0000000000000000, RDX=0x0000000000000000
RSP=0x00000051857fe2a0, RBP=0x0000000000000000, RSI=0x000001be81dfad50, RDI=0x000001be81d1d140
R8 =0x0000000000000014, R9 =0x0000000000000000, R10=0x0000000000000000, R11=0x0000000000000000
R12=0x0000000000000000, R13=0x000001bf449e0fd0, R14=0x00000000017b2e00, R15=0x0000000000000016
RIP=0x00007ffcedf6366c, EFLAGS=0x0000000000010206


Register to memory mapping:

RIP=0x00007ffcedf6366c igxelpicd64.dll
RAX=0x000001be81dfa888 points into unknown readable memory: 0x00000000017b26b7 | b7 26 7b 01 00 00 00 00
RBX=0x000001be81dfa780 points into unknown readable memory: 0x000001be81b5a870 | 70 a8 b5 81 be 01 00 00
RCX=0x0 is NULL
RDX=0x0 is NULL
RSP=0x00000051857fe2a0 points into unknown readable memory: 0x000001be80757740 | 40 77 75 80 be 01 00 00
RBP=0x0 is NULL
RSI=0x000001be81dfad50 points into unknown readable memory: 0x000001bf449e0fd0 | d0 0f 9e 44 bf 01 00 00
RDI=0x000001be81d1d140 points into unknown readable memory: 0x000001be8076b500 | 00 b5 76 80 be 01 00 00
R8 =0x0000000000000014 is an unknown value
R9 =0x0 is NULL
R10=0x0 is NULL
R11=0x0 is NULL
R12=0x0 is NULL
R13=0x000001bf449e0fd0 points into unknown readable memory: 0x000001be81b5a870 | 70 a8 b5 81 be 01 00 00
R14=0x00000000017b2e00 is an unknown value
R15=0x0000000000000016 is an unknown value


Top of Stack: (sp=0x00000051857fe2a0)
0x00000051857fe2a0:   000001be80757740 0000000000000000
0x00000051857fe2b0:   000001be81bbe160 00007ffdb15d4424
0x00000051857fe2c0:   000001be84f80598 00007ffcee0bed1d
0x00000051857fe2d0:   404e000000000000 0000000000000000
0x00000051857fe2e0:   000001be81bbcff8 00000000017b2e97
0x00000051857fe2f0:   0000000000000000 000000000000000d
0x00000051857fe300:   0000000000000000 0000000000000000
0x00000051857fe310:   00000051857fe420 00007ffcee0dbc3c
0x00000051857fe320:   000001be80757740 000001be81d1d140
0x00000051857fe330:   000001be81bbd400 000001be81b88100
0x00000051857fe340:   00000051000007e0 0000b8021a730000
0x00000051857fe350:   0000000000000000 1240033fe83e032b
0x00000051857fe360:   2f4702eeca45033c 000001be81bbccf0
0x00000051857fe370:   dc4b02f5e348032d df4e0356cf4e034c
0x00000051857fe380:   015702e711540348 00007ffcee0d19a0
0x00000051857fe390:   316b035a076a030c 707602a4c77402d5
0x00000051857fe3a0:   0000000000000000 0000000000000000
0x00000051857fe3b0:   b685020000000000 0000000000000000
0x00000051857fe3c0:   0000000000000000 00007ffcedeb3cdf
0x00000051857fe3d0:   0000b8021a730000 00000000000007e0
0x00000051857fe3e0:   0000000000000000 4000170000000001
0x00000051857fe3f0:   0000000000000000 0000000000000000
0x00000051857fe400:   0000000000000000 0000000000000000
0x00000051857fe410:   0000000000000000 0000000000000000
0x00000051857fe420:   0000000000000000 0000000000000000
0x00000051857fe430:   0000000000000000 0000000000000000
0x00000051857fe440:   0000000000000000 0000000000000000
0x00000051857fe450:   0000000000000000 0000000000000000
0x00000051857fe460:   0000000000000000 0000000000000000
0x00000051857fe470:   0000000000000000 0000000000000000
0x00000051857fe480:   0000000000000000 0000000000000000
0x00000051857fe490:   0000000000000000 0000000000000000 

Instructions: (pc=0x00007ffcedf6366c)
0x00007ffcedf6356c:   ec 40 45 8a e1 48 8b fa 48 8b e9 48 8b 1d 42 08
0x00007ffcedf6357c:   e0 00 48 89 58 08 48 8b cb ff 15 85 5b 9a 00 90
0x00007ffcedf6358c:   4c 8b af 78 02 00 00 48 8b 05 c6 e4 cf 00 44 8b
0x00007ffcedf6359c:   b8 40 0b 00 00 45 33 db 45 8a f3 4c 89 9f 78 02
0x00007ffcedf635ac:   00 00 44 89 9f 80 02 00 00 4c 89 9f 98 02 00 00
0x00007ffcedf635bc:   4c 89 9f 88 02 00 00 48 85 ed 75 38 8b 35 4a e2
0x00007ffcedf635cc:   df 00 65 48 8b 04 25 58 00 00 00 b9 14 00 00 00
0x00007ffcedf635dc:   48 8b 04 f0 44 38 1c 01 0f 84 9d da 86 00 65 48
0x00007ffcedf635ec:   8b 04 25 58 00 00 00 bd 20 00 00 00 48 8b 04 f0
0x00007ffcedf635fc:   48 8b 2c 28 48 3b 2d 39 07 e0 00 45 0f 44 fb 4d
0x00007ffcedf6360c:   85 ed 0f 84 21 01 00 00 44 8a a4 24 90 00 00 00
0x00007ffcedf6361c:   49 8b dd 49 8d b5 d0 05 00 00 4c 8b 2e 45 84 e4
0x00007ffcedf6362c:   0f 85 2a 03 00 00 8b 97 c8 01 00 00 48 8b 05 21
0x00007ffcedf6363c:   e4 cf 00 83 b8 78 03 00 00 02 75 31 83 fa 10 0f
0x00007ffcedf6364c:   83 20 01 00 00 48 8d 04 d5 21 00 00 00 48 03 c2
0x00007ffcedf6365c:   48 8d 04 c3 48 85 c0 0f 85 ff 00 00 00 49 8b cb
0x00007ffcedf6366c:   48 3b 8d f8 56 03 00 0f 87 f3 02 00 00 4c 39 9b
0x00007ffcedf6367c:   48 06 00 00 0f 85 41 da 86 00 44 8b 97 c8 01 00
0x00007ffcedf6368c:   00 48 8b 87 e0 01 00 00 4c 8b 08 8b 97 c8 01 00
0x00007ffcedf6369c:   00 83 fa 10 0f 83 03 01 00 00 48 8d 04 d5 21 00
0x00007ffcedf636ac:   00 00 48 03 c2 48 8d 04 c3 48 85 c0 0f 85 e2 00
0x00007ffcedf636bc:   00 00 49 8b cb 49 3b c9 0f 86 0e 01 00 00 48 8b
0x00007ffcedf636cc:   87 78 02 00 00 48 89 06 48 89 9f 78 02 00 00 ff
0x00007ffcedf636dc:   87 80 02 00 00 48 8b 43 08 48 8b 88 18 01 00 00
0x00007ffcedf636ec:   48 81 e1 00 00 ff ff 48 81 c1 00 00 01 00 48 01
0x00007ffcedf636fc:   8f 88 02 00 00 48 8b 43 08 48 8b 88 18 01 00 00
0x00007ffcedf6370c:   48 01 8f 98 02 00 00 4d 85 ed 0f 85 00 ff ff ff
0x00007ffcedf6371c:   45 84 f6 44 8a a4 24 98 00 00 00 0f 85 82 03 00
0x00007ffcedf6372c:   00 48 8b 9c 24 80 00 00 00 48 8b cf 45 84 e4 0f
0x00007ffcedf6373c:   85 8a 03 00 00 e8 fa f9 ff ff 90 48 8b cb 48 8b
0x00007ffcedf6374c:   9c 24 88 00 00 00 48 83 c4 40 41 5f 41 5e 41 5d
0x00007ffcedf6375c:   41 5c 5f 5e 5d 48 ff 25 b0 59 9a 00 48 8b 48 08 


Stack slot to memory mapping:
stack at sp + 0 slots: 0x000001be80757740 points into unknown readable memory: 0xffffffffffffffff | ff ff ff ff ff ff ff ff
stack at sp + 1 slots: 0x0 is NULL
stack at sp + 2 slots: 0x000001be81bbe160 points into unknown readable memory: 0x000001be81bbe170 | 70 e1 bb 81 be 01 00 00
stack at sp + 3 slots: 0x00007ffdb15d4424 ntdll.dll
stack at sp + 4 slots: 0x000001be84f80598 points into unknown readable memory: 0x780c0a0000000001 | 01 00 00 00 00 0a 0c 78
stack at sp + 5 slots: 0x00007ffcee0bed1d igxelpicd64.dll
stack at sp + 6 slots: 0x404e000000000000 is an unknown value
stack at sp + 7 slots: 0x0 is NULL

VM_Operation (0x00000051850ff0e0): Exit, mode: safepoint, requested by thread 0x000001be803bd830


---------------  P R O C E S S  ---------------

Threads class SMR info:
_java_thread_list=0x000001be821c0760, length=12, elements={
0x000001be98b0b090, 0x000001beba44acf0, 0x000001beba44bbe0, 0x000001beba451cb0,
0x000001beba452b70, 0x000001beba455d50, 0x000001beba4592c0, 0x000001beba4687a0,
0x000001beba414870, 0x000001be803015f0, 0x000001be80463df0, 0x000001be803bd830
}

Java Threads: ( => current thread )
  0x000001be98b0b090 JavaThread "main" [_thread_blocked, id=49028, stack(0x0000005185100000,0x0000005185200000)]
  0x000001beba44acf0 JavaThread "Reference Handler" daemon [_thread_blocked, id=40264, stack(0x0000005185800000,0x0000005185900000)]
  0x000001beba44bbe0 JavaThread "Finalizer" daemon [_thread_blocked, id=14640, stack(0x0000005185900000,0x0000005185a00000)]
  0x000001beba451cb0 JavaThread "Attach Listener" daemon [_thread_blocked, id=25408, stack(0x0000005185b00000,0x0000005185c00000)]
  0x000001beba452b70 JavaThread "Service Thread" daemon [_thread_blocked, id=46204, stack(0x0000005185c00000,0x0000005185d00000)]
  0x000001beba455d50 JavaThread "Monitor Deflation Thread" daemon [_thread_blocked, id=27732, stack(0x0000005185d00000,0x0000005185e00000)]
  0x000001beba4592c0 JavaThread "C2 CompilerThread0" daemon [_thread_blocked, id=68516, stack(0x0000005185e00000,0x0000005185f00000)]
  0x000001beba4687a0 JavaThread "C1 CompilerThread0" daemon [_thread_blocked, id=4500, stack(0x0000005185f00000,0x0000005186000000)]
  0x000001beba414870 JavaThread "Common-Cleaner" daemon [_thread_blocked, id=60608, stack(0x0000005186000000,0x0000005186100000)]
  0x000001be803015f0 JavaThread "Monitor Ctrl-Break" daemon [_thread_in_native, id=10408, stack(0x0000005186300000,0x0000005186400000)]
  0x000001be80463df0 JavaThread "Notification Thread" daemon [_thread_blocked, id=32548, stack(0x0000005186400000,0x0000005186500000)]
  0x000001be803bd830 JavaThread "SIGINT handler" daemon [_thread_blocked, id=64096, stack(0x0000005185000000,0x0000005185100000)]

Other Threads:
=>0x000001beba429b00 VMThread "VM Thread" [stack: 0x0000005185700000,0x0000005185800000] [id=760]
  0x000001be98b7b690 WorkerThread "GC Thread#0" [stack: 0x0000005185200000,0x0000005185300000] [id=1140]
  0x000001be81cf4b30 WorkerThread "GC Thread#1" [stack: 0x0000005186200000,0x0000005186300000] [id=44580]
  0x000001be81cf4e00 WorkerThread "GC Thread#2" [stack: 0x0000005186d00000,0x0000005186e00000] [id=63184]
  0x000001be81cf5940 WorkerThread "GC Thread#3" [stack: 0x0000005186e00000,0x0000005186f00000] [id=20452]
  0x000001be81cf4860 WorkerThread "GC Thread#4" [stack: 0x0000005186f00000,0x0000005187000000] [id=54152]
  0x000001be81cf50d0 WorkerThread "GC Thread#5" [stack: 0x0000005187000000,0x0000005187100000] [id=64196]
  0x000001be81cf5ee0 WorkerThread "GC Thread#6" [stack: 0x0000005187100000,0x0000005187200000] [id=49532]
  0x000001be81cf5c10 WorkerThread "GC Thread#7" [stack: 0x0000005187200000,0x0000005187300000] [id=60312]
  0x000001be98b8d3e0 ConcurrentGCThread "G1 Main Marker" terminated
  0x000001be98b8de10 WorkerThread "G1 Conc#0" [stack: 0x0000005185400000,0x0000005185500000] [id=68508]
  0x000001beba2eaaa0 ConcurrentGCThread "G1 Refine#0" terminated
  0x000001beba2eb540 ConcurrentGCThread "G1 Service" terminated

Threads with active compile tasks:

VM state: at safepoint (shutting down)

VM Mutex/Monitor currently owned by a thread:  ([mutex/lock_event])
[0x000001be98b059c0] Threads_lock - owner thread: 0x000001beba429b00
[0x000001be98b05ae0] Heap_lock - owner thread: 0x000001be803bd830

Heap address: 0x0000000703600000, size: 4042 MB, Compressed Oops mode: Zero based, Oop shift amount: 3

CDS archive(s) mapped at: [0x000001beba800000-0x000001bebb460000-0x000001bebb460000), size 12976128, SharedBaseAddress: 0x000001beba800000, ArchiveRelocationMode: 1.
Compressed class space mapped at: 0x000001bebb800000-0x000001befb800000, reserved size: 1073741824
Narrow klass base: 0x000001beba800000, Narrow klass shift: 0, Narrow klass range: 0x100000000

GC Precious Log:
 CardTable entry size: 512
 Card Set container configuration: InlinePtr #cards 4 size 8 Array Of Cards #cards 16 size 48 Howl #buckets 8 coarsen threshold 3686 Howl Bitmap #cards 512 size 80 coarsen threshold 460 Card regions per heap region 1 cards per card region 4096
 CPUs: 12 total, 12 available
 Memory: 16163M
 Large Page Support: Disabled
 NUMA Support: Disabled
 Compressed Oops: Enabled (Zero based)
 Heap Region Size: 2M
 Heap Min Capacity: 8M
 Heap Initial Capacity: 254M
 Heap Max Capacity: 4042M
 Pre-touch: Disabled
 Parallel Workers: 10
 Concurrent Workers: 3
 Concurrent Refinement Workers: 10
 Periodic GC: Disabled

Heap:
 garbage-first heap   total 260096K, used 36068K [0x0000000703600000, 0x0000000800000000)
  region size 2048K, 20 young (40960K), 2 survivors (4096K)
 Metaspace       used 7613K, committed 7808K, reserved 1114112K
  class space    used 450K, committed 512K, reserved 1048576K

Heap Regions: E=young(eden), S=young(survivor), O=old, HS=humongous(starts), HC=humongous(continues), CS=collection set, F=free, OA=open archive, CA=closed archive, TAMS=top-at-mark-start, PB=parsable bottom
|   0|0x0000000703600000, 0x0000000703600000, 0x0000000703800000|  0%| F|  |TAMS 0x0000000703600000| PB 0x0000000703600000| Untracked 
|   1|0x0000000703800000, 0x0000000703800000, 0x0000000703a00000|  0%| F|  |TAMS 0x0000000703800000| PB 0x0000000703800000| Untracked 
|   2|0x0000000703a00000, 0x0000000703a00000, 0x0000000703c00000|  0%| F|  |TAMS 0x0000000703a00000| PB 0x0000000703a00000| Untracked 
|   3|0x0000000703c00000, 0x0000000703c00000, 0x0000000703e00000|  0%| F|  |TAMS 0x0000000703c00000| PB 0x0000000703c00000| Untracked 
|   4|0x0000000703e00000, 0x0000000703e00000, 0x0000000704000000|  0%| F|  |TAMS 0x0000000703e00000| PB 0x0000000703e00000| Untracked 
|   5|0x0000000704000000, 0x0000000704000000, 0x0000000704200000|  0%| F|  |TAMS 0x0000000704000000| PB 0x0000000704000000| Untracked 
|   6|0x0000000704200000, 0x0000000704200000, 0x0000000704400000|  0%| F|  |TAMS 0x0000000704200000| PB 0x0000000704200000| Untracked 
|   7|0x0000000704400000, 0x0000000704400000, 0x0000000704600000|  0%| F|  |TAMS 0x0000000704400000| PB 0x0000000704400000| Untracked 
|   8|0x0000000704600000, 0x0000000704600000, 0x0000000704800000|  0%| F|  |TAMS 0x0000000704600000| PB 0x0000000704600000| Untracked 
|   9|0x0000000704800000, 0x0000000704800000, 0x0000000704a00000|  0%| F|  |TAMS 0x0000000704800000| PB 0x0000000704800000| Untracked 
|  10|0x0000000704a00000, 0x0000000704a00000, 0x0000000704c00000|  0%| F|  |TAMS 0x0000000704a00000| PB 0x0000000704a00000| Untracked 
|  11|0x0000000704c00000, 0x0000000704c00000, 0x0000000704e00000|  0%| F|  |TAMS 0x0000000704c00000| PB 0x0000000704c00000| Untracked 
|  12|0x0000000704e00000, 0x0000000704e00000, 0x0000000705000000|  0%| F|  |TAMS 0x0000000704e00000| PB 0x0000000704e00000| Untracked 
|  13|0x0000000705000000, 0x0000000705000000, 0x0000000705200000|  0%| F|  |TAMS 0x0000000705000000| PB 0x0000000705000000| Untracked 
|  14|0x0000000705200000, 0x0000000705200000, 0x0000000705400000|  0%| F|  |TAMS 0x0000000705200000| PB 0x0000000705200000| Untracked 
|  15|0x0000000705400000, 0x0000000705400000, 0x0000000705600000|  0%| F|  |TAMS 0x0000000705400000| PB 0x0000000705400000| Untracked 
|  16|0x0000000705600000, 0x0000000705600000, 0x0000000705800000|  0%| F|  |TAMS 0x0000000705600000| PB 0x0000000705600000| Untracked 
|  17|0x0000000705800000, 0x0000000705800000, 0x0000000705a00000|  0%| F|  |TAMS 0x0000000705800000| PB 0x0000000705800000| Untracked 
|  18|0x0000000705a00000, 0x0000000705a00000, 0x0000000705c00000|  0%| F|  |TAMS 0x0000000705a00000| PB 0x0000000705a00000| Untracked 
|  19|0x0000000705c00000, 0x0000000705c00000, 0x0000000705e00000|  0%| F|  |TAMS 0x0000000705c00000| PB 0x0000000705c00000| Untracked 
|  20|0x0000000705e00000, 0x0000000705e00000, 0x0000000706000000|  0%| F|  |TAMS 0x0000000705e00000| PB 0x0000000705e00000| Untracked 
|  21|0x0000000706000000, 0x0000000706000000, 0x0000000706200000|  0%| F|  |TAMS 0x0000000706000000| PB 0x0000000706000000| Untracked 
|  22|0x0000000706200000, 0x0000000706200000, 0x0000000706400000|  0%| F|  |TAMS 0x0000000706200000| PB 0x0000000706200000| Untracked 
|  23|0x0000000706400000, 0x0000000706400000, 0x0000000706600000|  0%| F|  |TAMS 0x0000000706400000| PB 0x0000000706400000| Untracked 
|  24|0x0000000706600000, 0x0000000706600000, 0x0000000706800000|  0%| F|  |TAMS 0x0000000706600000| PB 0x0000000706600000| Untracked 
|  25|0x0000000706800000, 0x0000000706800000, 0x0000000706a00000|  0%| F|  |TAMS 0x0000000706800000| PB 0x0000000706800000| Untracked 
|  26|0x0000000706a00000, 0x0000000706a00000, 0x0000000706c00000|  0%| F|  |TAMS 0x0000000706a00000| PB 0x0000000706a00000| Untracked 
|  27|0x0000000706c00000, 0x0000000706c00000, 0x0000000706e00000|  0%| F|  |TAMS 0x0000000706c00000| PB 0x0000000706c00000| Untracked 
|  28|0x0000000706e00000, 0x0000000706e00000, 0x0000000707000000|  0%| F|  |TAMS 0x0000000706e00000| PB 0x0000000706e00000| Untracked 
|  29|0x0000000707000000, 0x0000000707000000, 0x0000000707200000|  0%| F|  |TAMS 0x0000000707000000| PB 0x0000000707000000| Untracked 
|  30|0x0000000707200000, 0x0000000707200000, 0x0000000707400000|  0%| F|  |TAMS 0x0000000707200000| PB 0x0000000707200000| Untracked 
|  31|0x0000000707400000, 0x0000000707400000, 0x0000000707600000|  0%| F|  |TAMS 0x0000000707400000| PB 0x0000000707400000| Untracked 
|  32|0x0000000707600000, 0x0000000707600000, 0x0000000707800000|  0%| F|  |TAMS 0x0000000707600000| PB 0x0000000707600000| Untracked 
|  33|0x0000000707800000, 0x0000000707800000, 0x0000000707a00000|  0%| F|  |TAMS 0x0000000707800000| PB 0x0000000707800000| Untracked 
|  34|0x0000000707a00000, 0x0000000707a00000, 0x0000000707c00000|  0%| F|  |TAMS 0x0000000707a00000| PB 0x0000000707a00000| Untracked 
|  35|0x0000000707c00000, 0x0000000707c00000, 0x0000000707e00000|  0%| F|  |TAMS 0x0000000707c00000| PB 0x0000000707c00000| Untracked 
|  36|0x0000000707e00000, 0x0000000707e00000, 0x0000000708000000|  0%| F|  |TAMS 0x0000000707e00000| PB 0x0000000707e00000| Untracked 
|  37|0x0000000708000000, 0x0000000708000000, 0x0000000708200000|  0%| F|  |TAMS 0x0000000708000000| PB 0x0000000708000000| Untracked 
|  38|0x0000000708200000, 0x0000000708200000, 0x0000000708400000|  0%| F|  |TAMS 0x0000000708200000| PB 0x0000000708200000| Untracked 
|  39|0x0000000708400000, 0x0000000708400000, 0x0000000708600000|  0%| F|  |TAMS 0x0000000708400000| PB 0x0000000708400000| Untracked 
|  40|0x0000000708600000, 0x0000000708600000, 0x0000000708800000|  0%| F|  |TAMS 0x0000000708600000| PB 0x0000000708600000| Untracked 
|  41|0x0000000708800000, 0x0000000708800000, 0x0000000708a00000|  0%| F|  |TAMS 0x0000000708800000| PB 0x0000000708800000| Untracked 
|  42|0x0000000708a00000, 0x0000000708a00000, 0x0000000708c00000|  0%| F|  |TAMS 0x0000000708a00000| PB 0x0000000708a00000| Untracked 
|  43|0x0000000708c00000, 0x0000000708c00000, 0x0000000708e00000|  0%| F|  |TAMS 0x0000000708c00000| PB 0x0000000708c00000| Untracked 
|  44|0x0000000708e00000, 0x0000000708e00000, 0x0000000709000000|  0%| F|  |TAMS 0x0000000708e00000| PB 0x0000000708e00000| Untracked 
|  45|0x0000000709000000, 0x0000000709000000, 0x0000000709200000|  0%| F|  |TAMS 0x0000000709000000| PB 0x0000000709000000| Untracked 
|  46|0x0000000709200000, 0x0000000709200000, 0x0000000709400000|  0%| F|  |TAMS 0x0000000709200000| PB 0x0000000709200000| Untracked 
|  47|0x0000000709400000, 0x0000000709400000, 0x0000000709600000|  0%| F|  |TAMS 0x0000000709400000| PB 0x0000000709400000| Untracked 
|  48|0x0000000709600000, 0x0000000709600000, 0x0000000709800000|  0%| F|  |TAMS 0x0000000709600000| PB 0x0000000709600000| Untracked 
|  49|0x0000000709800000, 0x0000000709800000, 0x0000000709a00000|  0%| F|  |TAMS 0x0000000709800000| PB 0x0000000709800000| Untracked 
|  50|0x0000000709a00000, 0x0000000709a00000, 0x0000000709c00000|  0%| F|  |TAMS 0x0000000709a00000| PB 0x0000000709a00000| Untracked 
|  51|0x0000000709c00000, 0x0000000709c00000, 0x0000000709e00000|  0%| F|  |TAMS 0x0000000709c00000| PB 0x0000000709c00000| Untracked 
|  52|0x0000000709e00000, 0x0000000709e00000, 0x000000070a000000|  0%| F|  |TAMS 0x0000000709e00000| PB 0x0000000709e00000| Untracked 
|  53|0x000000070a000000, 0x000000070a000000, 0x000000070a200000|  0%| F|  |TAMS 0x000000070a000000| PB 0x000000070a000000| Untracked 
|  54|0x000000070a200000, 0x000000070a200000, 0x000000070a400000|  0%| F|  |TAMS 0x000000070a200000| PB 0x000000070a200000| Untracked 
|  55|0x000000070a400000, 0x000000070a400000, 0x000000070a600000|  0%| F|  |TAMS 0x000000070a400000| PB 0x000000070a400000| Untracked 
|  56|0x000000070a600000, 0x000000070a600000, 0x000000070a800000|  0%| F|  |TAMS 0x000000070a600000| PB 0x000000070a600000| Untracked 
|  57|0x000000070a800000, 0x000000070a800000, 0x000000070aa00000|  0%| F|  |TAMS 0x000000070a800000| PB 0x000000070a800000| Untracked 
|  58|0x000000070aa00000, 0x000000070aa00000, 0x000000070ac00000|  0%| F|  |TAMS 0x000000070aa00000| PB 0x000000070aa00000| Untracked 
|  59|0x000000070ac00000, 0x000000070ac00000, 0x000000070ae00000|  0%| F|  |TAMS 0x000000070ac00000| PB 0x000000070ac00000| Untracked 
|  60|0x000000070ae00000, 0x000000070ae00000, 0x000000070b000000|  0%| F|  |TAMS 0x000000070ae00000| PB 0x000000070ae00000| Untracked 
|  61|0x000000070b000000, 0x000000070b000000, 0x000000070b200000|  0%| F|  |TAMS 0x000000070b000000| PB 0x000000070b000000| Untracked 
|  62|0x000000070b200000, 0x000000070b200000, 0x000000070b400000|  0%| F|  |TAMS 0x000000070b200000| PB 0x000000070b200000| Untracked 
|  63|0x000000070b400000, 0x000000070b400000, 0x000000070b600000|  0%| F|  |TAMS 0x000000070b400000| PB 0x000000070b400000| Untracked 
|  64|0x000000070b600000, 0x000000070b600000, 0x000000070b800000|  0%| F|  |TAMS 0x000000070b600000| PB 0x000000070b600000| Untracked 
|  65|0x000000070b800000, 0x000000070b800000, 0x000000070ba00000|  0%| F|  |TAMS 0x000000070b800000| PB 0x000000070b800000| Untracked 
|  66|0x000000070ba00000, 0x000000070ba00000, 0x000000070bc00000|  0%| F|  |TAMS 0x000000070ba00000| PB 0x000000070ba00000| Untracked 
|  67|0x000000070bc00000, 0x000000070bc00000, 0x000000070be00000|  0%| F|  |TAMS 0x000000070bc00000| PB 0x000000070bc00000| Untracked 
|  68|0x000000070be00000, 0x000000070be00000, 0x000000070c000000|  0%| F|  |TAMS 0x000000070be00000| PB 0x000000070be00000| Untracked 
|  69|0x000000070c000000, 0x000000070c000000, 0x000000070c200000|  0%| F|  |TAMS 0x000000070c000000| PB 0x000000070c000000| Untracked 
|  70|0x000000070c200000, 0x000000070c200000, 0x000000070c400000|  0%| F|  |TAMS 0x000000070c200000| PB 0x000000070c200000| Untracked 
|  71|0x000000070c400000, 0x000000070c400000, 0x000000070c600000|  0%| F|  |TAMS 0x000000070c400000| PB 0x000000070c400000| Untracked 
|  72|0x000000070c600000, 0x000000070c600000, 0x000000070c800000|  0%| F|  |TAMS 0x000000070c600000| PB 0x000000070c600000| Untracked 
|  73|0x000000070c800000, 0x000000070c800000, 0x000000070ca00000|  0%| F|  |TAMS 0x000000070c800000| PB 0x000000070c800000| Untracked 
|  74|0x000000070ca00000, 0x000000070ca00000, 0x000000070cc00000|  0%| F|  |TAMS 0x000000070ca00000| PB 0x000000070ca00000| Untracked 
|  75|0x000000070cc00000, 0x000000070cc00000, 0x000000070ce00000|  0%| F|  |TAMS 0x000000070cc00000| PB 0x000000070cc00000| Untracked 
|  76|0x000000070ce00000, 0x000000070ce00000, 0x000000070d000000|  0%| F|  |TAMS 0x000000070ce00000| PB 0x000000070ce00000| Untracked 
|  77|0x000000070d000000, 0x000000070d000000, 0x000000070d200000|  0%| F|  |TAMS 0x000000070d000000| PB 0x000000070d000000| Untracked 
|  78|0x000000070d200000, 0x000000070d200000, 0x000000070d400000|  0%| F|  |TAMS 0x000000070d200000| PB 0x000000070d200000| Untracked 
|  79|0x000000070d400000, 0x000000070d400000, 0x000000070d600000|  0%| F|  |TAMS 0x000000070d400000| PB 0x000000070d400000| Untracked 
|  80|0x000000070d600000, 0x000000070d600000, 0x000000070d800000|  0%| F|  |TAMS 0x000000070d600000| PB 0x000000070d600000| Untracked 
|  81|0x000000070d800000, 0x000000070d800000, 0x000000070da00000|  0%| F|  |TAMS 0x000000070d800000| PB 0x000000070d800000| Untracked 
|  82|0x000000070da00000, 0x000000070da00000, 0x000000070dc00000|  0%| F|  |TAMS 0x000000070da00000| PB 0x000000070da00000| Untracked 
|  83|0x000000070dc00000, 0x000000070dc00000, 0x000000070de00000|  0%| F|  |TAMS 0x000000070dc00000| PB 0x000000070dc00000| Untracked 
|  84|0x000000070de00000, 0x000000070de00000, 0x000000070e000000|  0%| F|  |TAMS 0x000000070de00000| PB 0x000000070de00000| Untracked 
|  85|0x000000070e000000, 0x000000070e000000, 0x000000070e200000|  0%| F|  |TAMS 0x000000070e000000| PB 0x000000070e000000| Untracked 
|  86|0x000000070e200000, 0x000000070e200000, 0x000000070e400000|  0%| F|  |TAMS 0x000000070e200000| PB 0x000000070e200000| Untracked 
|  87|0x000000070e400000, 0x000000070e400000, 0x000000070e600000|  0%| F|  |TAMS 0x000000070e400000| PB 0x000000070e400000| Untracked 
|  88|0x000000070e600000, 0x000000070e600000, 0x000000070e800000|  0%| F|  |TAMS 0x000000070e600000| PB 0x000000070e600000| Untracked 
|  89|0x000000070e800000, 0x000000070e800000, 0x000000070ea00000|  0%| F|  |TAMS 0x000000070e800000| PB 0x000000070e800000| Untracked 
|  90|0x000000070ea00000, 0x000000070ea00000, 0x000000070ec00000|  0%| F|  |TAMS 0x000000070ea00000| PB 0x000000070ea00000| Untracked 
|  91|0x000000070ec00000, 0x000000070ec00000, 0x000000070ee00000|  0%| F|  |TAMS 0x000000070ec00000| PB 0x000000070ec00000| Untracked 
|  92|0x000000070ee00000, 0x000000070ee00000, 0x000000070f000000|  0%| F|  |TAMS 0x000000070ee00000| PB 0x000000070ee00000| Untracked 
|  93|0x000000070f000000, 0x000000070f000000, 0x000000070f200000|  0%| F|  |TAMS 0x000000070f000000| PB 0x000000070f000000| Untracked 
|  94|0x000000070f200000, 0x000000070f200000, 0x000000070f400000|  0%| F|  |TAMS 0x000000070f200000| PB 0x000000070f200000| Untracked 
|  95|0x000000070f400000, 0x000000070f400000, 0x000000070f600000|  0%| F|  |TAMS 0x000000070f400000| PB 0x000000070f400000| Untracked 
|  96|0x000000070f600000, 0x000000070f600000, 0x000000070f800000|  0%| F|  |TAMS 0x000000070f600000| PB 0x000000070f600000| Untracked 
|  97|0x000000070f800000, 0x000000070f800000, 0x000000070fa00000|  0%| F|  |TAMS 0x000000070f800000| PB 0x000000070f800000| Untracked 
|  98|0x000000070fa00000, 0x000000070fa00000, 0x000000070fc00000|  0%| F|  |TAMS 0x000000070fa00000| PB 0x000000070fa00000| Untracked 
|  99|0x000000070fc00000, 0x000000070fc00000, 0x000000070fe00000|  0%| F|  |TAMS 0x000000070fc00000| PB 0x000000070fc00000| Untracked 
| 100|0x000000070fe00000, 0x000000070fe00000, 0x0000000710000000|  0%| F|  |TAMS 0x000000070fe00000| PB 0x000000070fe00000| Untracked 
| 101|0x0000000710000000, 0x0000000710000000, 0x0000000710200000|  0%| F|  |TAMS 0x0000000710000000| PB 0x0000000710000000| Untracked 
| 102|0x0000000710200000, 0x0000000710200000, 0x0000000710400000|  0%| F|  |TAMS 0x0000000710200000| PB 0x0000000710200000| Untracked 
| 103|0x0000000710400000, 0x0000000710400000, 0x0000000710600000|  0%| F|  |TAMS 0x0000000710400000| PB 0x0000000710400000| Untracked 
| 104|0x0000000710600000, 0x0000000710600000, 0x0000000710800000|  0%| F|  |TAMS 0x0000000710600000| PB 0x0000000710600000| Untracked 
| 105|0x0000000710800000, 0x0000000710800000, 0x0000000710a00000|  0%| F|  |TAMS 0x0000000710800000| PB 0x0000000710800000| Untracked 
| 106|0x0000000710a00000, 0x0000000710a00000, 0x0000000710c00000|  0%| F|  |TAMS 0x0000000710a00000| PB 0x0000000710a00000| Untracked 
| 107|0x0000000710c00000, 0x0000000710c00800, 0x0000000710e00000|  0%| E|  |TAMS 0x0000000710c00000| PB 0x0000000710c00000| Complete 
| 108|0x0000000710e00000, 0x0000000711000000, 0x0000000711000000|100%| E|CS|TAMS 0x0000000710e00000| PB 0x0000000710e00000| Complete 
| 109|0x0000000711000000, 0x0000000711200000, 0x0000000711200000|100%| E|CS|TAMS 0x0000000711000000| PB 0x0000000711000000| Complete 
| 110|0x0000000711200000, 0x0000000711400000, 0x0000000711400000|100%| E|CS|TAMS 0x0000000711200000| PB 0x0000000711200000| Complete 
| 111|0x0000000711400000, 0x0000000711600000, 0x0000000711600000|100%| E|CS|TAMS 0x0000000711400000| PB 0x0000000711400000| Complete 
| 112|0x0000000711600000, 0x0000000711800000, 0x0000000711800000|100%| E|CS|TAMS 0x0000000711600000| PB 0x0000000711600000| Complete 
| 113|0x0000000711800000, 0x0000000711a00000, 0x0000000711a00000|100%| E|CS|TAMS 0x0000000711800000| PB 0x0000000711800000| Complete 
| 114|0x0000000711a00000, 0x0000000711b39160, 0x0000000711c00000| 61%| S|CS|TAMS 0x0000000711a00000| PB 0x0000000711a00000| Complete 
| 115|0x0000000711c00000, 0x0000000711e00000, 0x0000000711e00000|100%| S|CS|TAMS 0x0000000711c00000| PB 0x0000000711c00000| Complete 
| 116|0x0000000711e00000, 0x0000000712000000, 0x0000000712000000|100%| E|CS|TAMS 0x0000000711e00000| PB 0x0000000711e00000| Complete 
| 117|0x0000000712000000, 0x0000000712200000, 0x0000000712200000|100%| E|CS|TAMS 0x0000000712000000| PB 0x0000000712000000| Complete 
| 118|0x0000000712200000, 0x0000000712400000, 0x0000000712400000|100%| E|CS|TAMS 0x0000000712200000| PB 0x0000000712200000| Complete 
| 119|0x0000000712400000, 0x0000000712600000, 0x0000000712600000|100%| E|CS|TAMS 0x0000000712400000| PB 0x0000000712400000| Complete 
| 120|0x0000000712600000, 0x0000000712800000, 0x0000000712800000|100%| E|CS|TAMS 0x0000000712600000| PB 0x0000000712600000| Complete 
| 121|0x0000000712800000, 0x0000000712a00000, 0x0000000712a00000|100%| E|CS|TAMS 0x0000000712800000| PB 0x0000000712800000| Complete 
| 122|0x0000000712a00000, 0x0000000712c00000, 0x0000000712c00000|100%| E|CS|TAMS 0x0000000712a00000| PB 0x0000000712a00000| Complete 
| 123|0x0000000712c00000, 0x0000000712e00000, 0x0000000712e00000|100%| E|CS|TAMS 0x0000000712c00000| PB 0x0000000712c00000| Complete 
| 124|0x0000000712e00000, 0x0000000713000000, 0x0000000713000000|100%| E|  |TAMS 0x0000000712e00000| PB 0x0000000712e00000| Complete 
| 125|0x0000000713000000, 0x0000000713200000, 0x0000000713200000|100%| E|CS|TAMS 0x0000000713000000| PB 0x0000000713000000| Complete 
| 126|0x0000000713200000, 0x0000000713400000, 0x0000000713400000|100%| E|CS|TAMS 0x0000000713200000| PB 0x0000000713200000| Complete 

Card table byte_map: [0x000001beb2810000,0x000001beb3000000] _byte_map_base: 0x000001beaeff5000

Marking Bits: (CMBitMap*) 0x000001be98b7ccd0
 Bits: [0x000001beb37f0000, 0x000001beb7718000)

Polling page: 0x000001be98870000

Metaspace:

Usage:
  Non-class:      6.99 MB used.
      Class:    450.95 KB used.
       Both:      7.43 MB used.

Virtual space:
  Non-class space:       64.00 MB reserved,       7.12 MB ( 11%) committed,  1 nodes.
      Class space:        1.00 GB reserved,     512.00 KB ( <1%) committed,  1 nodes.
             Both:        1.06 GB reserved,       7.62 MB ( <1%) committed. 

Chunk freelists:
   Non-Class:  3.78 MB
       Class:  3.51 MB
        Both:  7.29 MB

MaxMetaspaceSize: unlimited
CompressedClassSpaceSize: 1.00 GB
Initial GC threshold: 21.00 MB
Current GC threshold: 21.00 MB
CDS: on
MetaspaceReclaimPolicy: balanced
 - commit_granule_bytes: 65536.
 - commit_granule_words: 8192.
 - virtual_space_node_default_size: 8388608.
 - enlarge_chunks_in_place: 1.
 - new_chunks_are_fully_committed: 0.
 - uncommit_free_chunks: 1.
 - use_allocation_guard: 0.


Internal statistics:

num_allocs_failed_limit: 0.
num_arena_births: 106.
num_arena_deaths: 0.
num_vsnodes_births: 2.
num_vsnodes_deaths: 0.
num_space_committed: 120.
num_space_uncommitted: 0.
num_chunks_returned_to_freelist: 0.
num_chunks_taken_from_freelist: 294.
num_chunk_merges: 0.
num_chunk_splits: 201.
num_chunks_enlarged: 150.
num_inconsistent_stats: 0.

CodeHeap 'non-profiled nmethods': size=120000Kb used=647Kb max_used=647Kb free=119352Kb
 bounds [0x000001bea9e60000, 0x000001beaa0d0000, 0x000001beb1390000]
CodeHeap 'profiled nmethods': size=120000Kb used=1848Kb max_used=1848Kb free=118151Kb
 bounds [0x000001bea2390000, 0x000001bea2600000, 0x000001bea98c0000]
CodeHeap 'non-nmethods': size=5760Kb used=2547Kb max_used=2568Kb free=3212Kb
 bounds [0x000001bea98c0000, 0x000001bea9b50000, 0x000001bea9e60000]
 total_blobs=2536 nmethods=1371 adapters=1076
 compilation: enabled
              stopped_count=0, restarted_count=0
 full_count=0

Compilation events (20 events):
Event: 15.028 Thread 0x000001beba4592c0 1362       4       com.bedrye.bjge.GameEngine.Util.BJEMesh::setVertexesPosition (104 bytes)
Event: 15.098 Thread 0x000001beba4592c0 nmethod 1362 0x000001bea9ef3510 code [0x000001bea9ef38a0, 0x000001bea9ef5540]
Event: 15.479 Thread 0x000001beba4592c0 1363   !   4       org.lwjgl.opengl.GL20C::glGetUniformLocation (48 bytes)
Event: 15.486 Thread 0x000001beba4592c0 nmethod 1363 0x000001bea9ef8290 code [0x000001bea9ef8480, 0x000001bea9ef8b60]
Event: 15.785 Thread 0x000001beba4592c0 1364       4       com.bedrye.Objects.Object3D$$Lambda$93/0x000001bebb8347b8::accept (8 bytes)
Event: 15.787 Thread 0x000001beba4592c0 nmethod 1364 0x000001bea9ef9310 code [0x000001bea9ef9540, 0x000001bea9ef9880]
Event: 21.729 Thread 0x000001beba4592c0 1365       4       com.bedrye.bjge.GameEngine.Util.Shaders.ShaderProgram::UploadMatrix (31 bytes)
Event: 21.749 Thread 0x000001beba4592c0 nmethod 1365 0x000001bea9ef9e10 code [0x000001bea9efa020, 0x000001bea9efa9f0]
Event: 21.749 Thread 0x000001beba4592c0 1366       4       com.bedrye.Objects.Object3D::update (29 bytes)
Event: 21.760 Thread 0x000001beba4592c0 nmethod 1366 0x000001bea9efb610 code [0x000001bea9efb920, 0x000001bea9efc800]
Event: 26.652 Thread 0x000001beba4592c0 1367       4       com.bedrye.bjge.GameEngine.Listeners.MouseListener::isHold (38 bytes)
Event: 26.653 Thread 0x000001beba4592c0 nmethod 1367 0x000001bea9efd910 code [0x000001bea9efda80, 0x000001bea9efdb40]
Event: 39.479 Thread 0x000001beba4592c0 1368       4       org.lwjgl.glfw.GLFW::glfwWindowShouldClose (29 bytes)
Event: 39.479 Thread 0x000001beba4592c0 nmethod 1368 0x000001bea9efdc10 code [0x000001bea9efdd80, 0x000001bea9efde50]
Event: 39.479 Thread 0x000001beba4592c0 1369       4       org.lwjgl.glfw.GLFW::glfwSwapBuffers (21 bytes)
Event: 39.480 Thread 0x000001beba4592c0 nmethod 1369 0x000001bea9efdf90 code [0x000001bea9efe100, 0x000001bea9efe1c0]
Event: 40.479 Thread 0x000001beba4592c0 1370   !   4       com.bedrye.Objects.GameScene::update (159 bytes)
Event: 40.524 Thread 0x000001beba4592c0 nmethod 1370 0x000001bea9efe290 code [0x000001bea9efe600, 0x000001bea9effdb8]
Event: 46.793 Thread 0x000001beba4592c0 1371       4       org.lwjgl.glfw.GLFW::glfwPollEvents (9 bytes)
Event: 46.793 Thread 0x000001beba4592c0 nmethod 1371 0x000001bea9f01a10 code [0x000001bea9f01b80, 0x000001bea9f01c18]

GC Heap History (2 events):
Event: 1.016 GC heap before
{Heap before GC invocations=0 (full 0):
 garbage-first heap   total 260096K, used 22528K [0x0000000703600000, 0x0000000800000000)
  region size 2048K, 11 young (22528K), 0 survivors (0K)
 Metaspace       used 4246K, committed 4416K, reserved 1114112K
  class space    used 300K, committed 384K, reserved 1048576K
}
Event: 1.019 GC heap after
{Heap after GC invocations=1 (full 0):
 garbage-first heap   total 260096K, used 3300K [0x0000000703600000, 0x0000000800000000)
  region size 2048K, 2 young (4096K), 2 survivors (4096K)
 Metaspace       used 4246K, committed 4416K, reserved 1114112K
  class space    used 300K, committed 384K, reserved 1048576K
}

Dll operation events (12 events):
Event: 0.008 Loaded shared library C:\Users\stas2\.jdks\openjdk-20.0.2-1\bin\java.dll
Event: 0.031 Loaded shared library C:\Users\stas2\.jdks\openjdk-20.0.2-1\bin\jsvml.dll
Event: 0.078 Loaded shared library C:\Users\stas2\.jdks\openjdk-20.0.2-1\bin\net.dll
Event: 0.081 Loaded shared library C:\Users\stas2\.jdks\openjdk-20.0.2-1\bin\nio.dll
Event: 0.085 Loaded shared library C:\Users\stas2\.jdks\openjdk-20.0.2-1\bin\zip.dll
Event: 0.254 Loaded shared library C:\Users\stas2\.jdks\openjdk-20.0.2-1\bin\zip.dll
Event: 0.259 Loaded shared library C:\Users\stas2\.jdks\openjdk-20.0.2-1\bin\instrument.dll
Event: 0.289 Loaded shared library C:\IntelliJ IDEA Community Edition 2021.3.2\IntelliJ IDEA Community Edition 2023.2.1\bin\breakgen64.dll
Event: 0.347 Loaded shared library C:\Users\stas2\.jdks\openjdk-20.0.2-1\bin\jimage.dll
Event: 0.381 Loaded shared library C:\Users\stas2\AppData\Local\Temp\lwjgl_stas2\3.3.4+7\x64\lwjgl.dll
Event: 0.767 Loaded shared library C:\Users\stas2\AppData\Local\Temp\lwjgl_stas2\3.3.4+7\x64\lwjgl_opengl.dll
Event: 1.945 Loaded shared library C:\Users\stas2\.jdks\openjdk-20.0.2-1\bin\verify.dll

Deoptimization events (20 events):
Event: 1.975 Thread 0x000001be98b0b090 Uncommon trap: trap_request=0xffffffde fr.pc=0x000001bea9ec70d8 relative=0x0000000000000298
Event: 1.975 Thread 0x000001be98b0b090 Uncommon trap: reason=class_check action=maybe_recompile pc=0x000001bea9ec70d8 method=java.util.regex.Pattern$BmpCharPropertyGreedy.match(Ljava/util/regex/Matcher;ILjava/lang/CharSequence;)Z @ 26 c2
Event: 1.975 Thread 0x000001be98b0b090 DEOPT PACKING pc=0x000001bea9ec70d8 sp=0x00000051851fedc0
Event: 1.975 Thread 0x000001be98b0b090 DEOPT UNPACKING pc=0x000001bea98dd2a2 sp=0x00000051851fed78 mode 2
Event: 1.975 Thread 0x000001be98b0b090 Uncommon trap: trap_request=0xffffffde fr.pc=0x000001bea9ec7cb4 relative=0x00000000000004d4
Event: 1.975 Thread 0x000001be98b0b090 Uncommon trap: reason=class_check action=maybe_recompile pc=0x000001bea9ec7cb4 method=java.util.regex.Pattern$Start.match(Ljava/util/regex/Matcher;ILjava/lang/CharSequence;)Z @ 44 c2
Event: 1.975 Thread 0x000001be98b0b090 DEOPT PACKING pc=0x000001bea9ec7cb4 sp=0x00000051851ff220
Event: 1.975 Thread 0x000001be98b0b090 DEOPT UNPACKING pc=0x000001bea98dd2a2 sp=0x00000051851ff180 mode 2
Event: 1.975 Thread 0x000001be98b0b090 Uncommon trap: trap_request=0xffffffde fr.pc=0x000001bea9ec70d8 relative=0x0000000000000298
Event: 1.975 Thread 0x000001be98b0b090 Uncommon trap: reason=class_check action=maybe_recompile pc=0x000001bea9ec70d8 method=java.util.regex.Pattern$BmpCharPropertyGreedy.match(Ljava/util/regex/Matcher;ILjava/lang/CharSequence;)Z @ 26 c2
Event: 1.975 Thread 0x000001be98b0b090 DEOPT PACKING pc=0x000001bea9ec70d8 sp=0x00000051851fedc0
Event: 1.975 Thread 0x000001be98b0b090 DEOPT UNPACKING pc=0x000001bea98dd2a2 sp=0x00000051851fed78 mode 2
Event: 1.975 Thread 0x000001be98b0b090 Uncommon trap: trap_request=0xffffffde fr.pc=0x000001bea9ec7cb4 relative=0x00000000000004d4
Event: 1.975 Thread 0x000001be98b0b090 Uncommon trap: reason=class_check action=maybe_recompile pc=0x000001bea9ec7cb4 method=java.util.regex.Pattern$Start.match(Ljava/util/regex/Matcher;ILjava/lang/CharSequence;)Z @ 44 c2
Event: 1.975 Thread 0x000001be98b0b090 DEOPT PACKING pc=0x000001bea9ec7cb4 sp=0x00000051851ff220
Event: 1.975 Thread 0x000001be98b0b090 DEOPT UNPACKING pc=0x000001bea98dd2a2 sp=0x00000051851ff180 mode 2
Event: 2.069 Thread 0x000001be98b0b090 Uncommon trap: trap_request=0xffffff54 fr.pc=0x000001bea9ec296c relative=0x000000000000006c
Event: 2.069 Thread 0x000001be98b0b090 Uncommon trap: reason=speculate_null_assert action=make_not_entrant pc=0x000001bea9ec296c method=sun.misc.Unsafe.getLong(Ljava/lang/Object;J)J @ 5 c2
Event: 2.069 Thread 0x000001be98b0b090 DEOPT PACKING pc=0x000001bea9ec296c sp=0x00000051851ff4d0
Event: 2.069 Thread 0x000001be98b0b090 DEOPT UNPACKING pc=0x000001bea98dd2a2 sp=0x00000051851ff458 mode 2

Classes loaded (20 events):
Event: 3.671 Loading class java/io/ObjectStreamClass$MemberSignature
Event: 3.671 Loading class java/io/ObjectStreamClass$MemberSignature done
Event: 3.672 Loading class java/io/ObjectStreamClass$3
Event: 3.672 Loading class java/io/ObjectStreamClass$3 done
Event: 3.672 Loading class java/io/ObjectStreamClass$4
Event: 3.672 Loading class java/io/ObjectStreamClass$4 done
Event: 3.672 Loading class java/io/ObjectStreamClass$5
Event: 3.672 Loading class java/io/ObjectStreamClass$5 done
Event: 3.672 Loading class java/io/ObjectStreamClass$ClassDataSlot
Event: 3.672 Loading class java/io/ObjectStreamClass$ClassDataSlot done
Event: 3.673 Loading class jdk/internal/reflect/MethodHandleLongFieldAccessorImpl
Event: 3.673 Loading class jdk/internal/reflect/MethodHandleLongFieldAccessorImpl done
Event: 3.675 Loading class java/io/UnsupportedEncodingException
Event: 3.675 Loading class java/io/UnsupportedEncodingException done
Event: 3.675 Loading class java/nio/charset/CharacterCodingException
Event: 3.675 Loading class java/nio/charset/CharacterCodingException done
Event: 3.675 Loading class java/io/FileOutputStream$1
Event: 3.675 Loading class java/io/FileOutputStream$1 done
Event: 174.577 Loading class jdk/internal/misc/Signal$1
Event: 174.578 Loading class jdk/internal/misc/Signal$1 done

Classes unloaded (0 events):
No events

Classes redefined (0 events):
No events

Internal exceptions (20 events):
Event: 0.472 Thread 0x000001be98b0b090 Exception <a 'sun/nio/fs/WindowsException'{0x00000007121935b0}> (0x00000007121935b0) 
thrown [s\open\src\hotspot\share\prims\jni.cpp, line 519]
Event: 0.482 Thread 0x000001be98b0b090 Exception <a 'sun/nio/fs/WindowsException'{0x00000007121a02e8}> (0x00000007121a02e8) 
thrown [s\open\src\hotspot\share\prims\jni.cpp, line 519]
Event: 0.482 Thread 0x000001be98b0b090 Exception <a 'sun/nio/fs/WindowsException'{0x00000007121a0648}> (0x00000007121a0648) 
thrown [s\open\src\hotspot\share\prims\jni.cpp, line 519]
Event: 0.487 Thread 0x000001be98b0b090 Exception <a 'sun/nio/fs/WindowsException'{0x00000007121b68c8}> (0x00000007121b68c8) 
thrown [s\open\src\hotspot\share\prims\jni.cpp, line 519]
Event: 0.490 Thread 0x000001be98b0b090 Exception <a 'java/lang/NoSuchMethodError'{0x00000007121bb5e0}: 'int java.lang.invoke.Invokers$Holder.invokeExact_MT(java.lang.Object, java.lang.Object)'> (0x00000007121bb5e0) 
thrown [s\open\src\hotspot\share\interpreter\linkResolver.cpp, line 773]
Event: 0.754 Thread 0x000001be98b0b090 Exception <a 'java/lang/NoSuchMethodError'{0x0000000711e5fe88}: 'void java.lang.System.load(java.lang.String, java.lang.Class)'> (0x0000000711e5fe88) 
thrown [s\open\src\hotspot\share\interpreter\linkResolver.cpp, line 773]
Event: 0.755 Thread 0x000001be98b0b090 Exception <a 'java/lang/NoSuchMethodError'{0x0000000711e62c70}: 'void java.lang.System.loadLibrary(java.lang.String, java.lang.Class)'> (0x0000000711e62c70) 
thrown [s\open\src\hotspot\share\interpreter\linkResolver.cpp, line 773]
Event: 0.756 Thread 0x000001be98b0b090 Exception <a 'sun/nio/fs/WindowsException'{0x0000000711e660b0}> (0x0000000711e660b0) 
thrown [s\open\src\hotspot\share\prims\jni.cpp, line 519]
Event: 0.765 Thread 0x000001be98b0b090 Exception <a 'sun/nio/fs/WindowsException'{0x0000000711e73898}> (0x0000000711e73898) 
thrown [s\open\src\hotspot\share\prims\jni.cpp, line 519]
Event: 0.765 Thread 0x000001be98b0b090 Exception <a 'sun/nio/fs/WindowsException'{0x0000000711e73c38}> (0x0000000711e73c38) 
thrown [s\open\src\hotspot\share\prims\jni.cpp, line 519]
Event: 0.768 Thread 0x000001be98b0b090 Exception <a 'sun/nio/fs/WindowsException'{0x0000000711e760b0}> (0x0000000711e760b0) 
thrown [s\open\src\hotspot\share\prims\jni.cpp, line 519]
Event: 0.771 Thread 0x000001be98b0b090 Exception <a 'sun/nio/fs/WindowsException'{0x0000000711e7eaa8}> (0x0000000711e7eaa8) 
thrown [s\open\src\hotspot\share\prims\jni.cpp, line 519]
Event: 0.771 Thread 0x000001be98b0b090 Exception <a 'sun/nio/fs/WindowsException'{0x0000000711e80108}> (0x0000000711e80108) 
thrown [s\open\src\hotspot\share\prims\jni.cpp, line 519]
Event: 0.771 Thread 0x000001be98b0b090 Exception <a 'sun/nio/fs/WindowsException'{0x0000000711e803d8}> (0x0000000711e803d8) 
thrown [s\open\src\hotspot\share\prims\jni.cpp, line 519]
Event: 1.046 Thread 0x000001beba451cb0 Exception <a 'sun/nio/fs/WindowsException'{0x0000000713324db8}> (0x0000000713324db8) 
thrown [s\open\src\hotspot\share\prims\jni.cpp, line 519]
Event: 1.058 Thread 0x000001beba451cb0 Exception <a 'java/lang/NoSuchMethodError'{0x00000007133584e8}: 'java.lang.Object java.lang.invoke.Invokers$Holder.invokeExact_MT(java.lang.Object, java.lang.Object, java.lang.Object, java.lang.Object, java.lang.Object, java.lang.Object)'> (0x00000007133584e8) 
thrown [s\open\src\hotspot\share\interpreter\linkResolver.cpp, line 773]
Event: 3.672 Thread 0x000001be98b0b090 Exception <a 'java/lang/NoSuchMethodError'{0x0000000712ca1b90}: static Lcom/bedrye/bjge/GameEngine/Util/BJETexture;.<clinit>()V> (0x0000000712ca1b90) 
thrown [s\open\src\hotspot\share\prims\jni.cpp, line 1105]
Event: 3.672 Thread 0x000001be98b0b090 Exception <a 'java/lang/NoSuchMethodError'{0x0000000712ca2be0}: static Lcom/bedrye/bjge/GameEngine/Util/BJEResource;.<clinit>()V> (0x0000000712ca2be0) 
thrown [s\open\src\hotspot\share\prims\jni.cpp, line 1105]
Event: 3.673 Thread 0x000001be98b0b090 Exception <a 'java/lang/NoSuchMethodError'{0x0000000712ca55d8}: 'long java.lang.invoke.DirectMethodHandle$Holder.invokeSpecial(java.lang.Object, java.lang.Object)'> (0x0000000712ca55d8) 
thrown [s\open\src\hotspot\share\interpreter\linkResolver.cpp, line 773]
Event: 3.673 Thread 0x000001be98b0b090 Exception <a 'java/lang/NoSuchMethodError'{0x0000000712ca8b08}: 'long java.lang.invoke.Invokers$Holder.invokeExact_MT(java.lang.Object, java.lang.Object)'> (0x0000000712ca8b08) 
thrown [s\open\src\hotspot\share\interpreter\linkResolver.cpp, line 773]

VM Operations (20 events):
Event: 2.064 Executing VM operation: HandshakeAllThreads done
Event: 2.064 Executing VM operation: Cleanup
Event: 2.064 Executing VM operation: Cleanup done
Event: 3.076 Executing VM operation: Cleanup
Event: 3.076 Executing VM operation: Cleanup done
Event: 4.084 Executing VM operation: Cleanup
Event: 4.084 Executing VM operation: Cleanup done
Event: 5.093 Executing VM operation: Cleanup
Event: 5.093 Executing VM operation: Cleanup done
Event: 6.099 Executing VM operation: Cleanup
Event: 6.099 Executing VM operation: Cleanup done
Event: 10.138 Executing VM operation: Cleanup
Event: 10.138 Executing VM operation: Cleanup done
Event: 13.171 Executing VM operation: Cleanup
Event: 13.171 Executing VM operation: Cleanup done
Event: 22.266 Executing VM operation: Cleanup
Event: 22.266 Executing VM operation: Cleanup done
Event: 61.615 Executing VM operation: Cleanup
Event: 61.616 Executing VM operation: Cleanup done
Event: 174.580 Executing VM operation: Exit

Events (20 events):
Event: 0.031 Thread 0x000001be98b0b090 Thread added: 0x000001be98b0b090
Event: 0.042 Thread 0x000001beba44acf0 Thread added: 0x000001beba44acf0
Event: 0.042 Thread 0x000001beba44bbe0 Thread added: 0x000001beba44bbe0
Event: 0.042 Thread 0x000001beba44dc70 Thread added: 0x000001beba44dc70
Event: 0.042 Thread 0x000001beba451cb0 Thread added: 0x000001beba451cb0
Event: 0.042 Thread 0x000001beba452b70 Thread added: 0x000001beba452b70
Event: 0.042 Thread 0x000001beba455d50 Thread added: 0x000001beba455d50
Event: 0.042 Thread 0x000001beba4592c0 Thread added: 0x000001beba4592c0
Event: 0.042 Thread 0x000001beba4687a0 Thread added: 0x000001beba4687a0
Event: 0.073 Thread 0x000001beba414870 Thread added: 0x000001beba414870
Event: 0.111 Thread 0x000001beff99c1c0 Thread added: 0x000001beff99c1c0
Event: 0.113 Thread 0x000001beff99c750 Thread added: 0x000001beff99c750
Event: 0.290 Thread 0x000001be803015f0 Thread added: 0x000001be803015f0
Event: 0.290 Thread 0x000001be80463df0 Thread added: 0x000001be80463df0
Event: 0.677 Thread 0x000001beff99c750 Thread exited: 0x000001beff99c750
Event: 0.678 Thread 0x000001beff99c1c0 Thread exited: 0x000001beff99c1c0
Event: 0.772 Thread 0x000001be81f2f1c0 Thread added: 0x000001be81f2f1c0
Event: 1.936 Thread 0x000001be81f2f1c0 Thread exited: 0x000001be81f2f1c0
Event: 174.578 Thread 0x000001be803bd830 Thread added: 0x000001be803bd830
Event: 174.580 Thread 0x000001beba44dc70 Thread exited: 0x000001beba44dc70


Dynamic libraries:
0x00007ff6d22e0000 - 0x00007ff6d22ee000 	C:\Users\stas2\.jdks\openjdk-20.0.2-1\bin\java.exe
0x00007ffdb1530000 - 0x00007ffdb1747000 	C:\Windows\SYSTEM32\ntdll.dll
0x00007ffdaf4d0000 - 0x00007ffdaf594000 	C:\Windows\System32\KERNEL32.DLL
0x00007ffdaeda0000 - 0x00007ffdaf171000 	C:\Windows\System32\KERNELBASE.dll
0x00007ffdae670000 - 0x00007ffdae781000 	C:\Windows\System32\ucrtbase.dll
0x00007ffd98110000 - 0x00007ffd9812b000 	C:\Users\stas2\.jdks\openjdk-20.0.2-1\bin\VCRUNTIME140.dll
0x00007ffd97ee0000 - 0x00007ffd97ef7000 	C:\Users\stas2\.jdks\openjdk-20.0.2-1\bin\jli.dll
0x00007ffdaf830000 - 0x00007ffdaf9e1000 	C:\Windows\System32\USER32.dll
0x00007ffdae860000 - 0x00007ffdae886000 	C:\Windows\System32\win32u.dll
0x00007ffd8c1d0000 - 0x00007ffd8c462000 	C:\Windows\WinSxS\amd64_microsoft.windows.common-controls_6595b64144ccf1df_6.0.22621.4830_none_270fe7d773858e80\COMCTL32.dll
0x00007ffdaf200000 - 0x00007ffdaf229000 	C:\Windows\System32\GDI32.dll
0x00007ffdae9d0000 - 0x00007ffdaeaeb000 	C:\Windows\System32\gdi32full.dll
0x00007ffdb0490000 - 0x00007ffdb0537000 	C:\Windows\System32\msvcrt.dll
0x00007ffdae7c0000 - 0x00007ffdae85a000 	C:\Windows\System32\msvcp_win.dll
0x00007ffdafd30000 - 0x00007ffdafd61000 	C:\Windows\System32\IMM32.DLL
0x00007ffd98100000 - 0x00007ffd9810c000 	C:\Users\stas2\.jdks\openjdk-20.0.2-1\bin\vcruntime140_1.dll
0x00007ffd54e80000 - 0x00007ffd54f0e000 	C:\Users\stas2\.jdks\openjdk-20.0.2-1\bin\msvcp140.dll
0x00007ffcea350000 - 0x00007ffceafe8000 	C:\Users\stas2\.jdks\openjdk-20.0.2-1\bin\server\jvm.dll
0x00007ffdb0af0000 - 0x00007ffdb0ba1000 	C:\Windows\System32\ADVAPI32.dll
0x00007ffdb09e0000 - 0x00007ffdb0a87000 	C:\Windows\System32\sechost.dll
0x00007ffdae790000 - 0x00007ffdae7b8000 	C:\Windows\System32\bcrypt.dll
0x00007ffdb0200000 - 0x00007ffdb0314000 	C:\Windows\System32\RPCRT4.dll
0x00007ffda59d0000 - 0x00007ffda5a04000 	C:\Windows\SYSTEM32\WINMM.dll
0x00007ffd68240000 - 0x00007ffd68249000 	C:\Windows\SYSTEM32\WSOCK32.dll
0x00007ffda7c70000 - 0x00007ffda7c7a000 	C:\Windows\SYSTEM32\VERSION.dll
0x00007ffdaf230000 - 0x00007ffdaf2a1000 	C:\Windows\System32\WS2_32.dll
0x00007ffdad7b0000 - 0x00007ffdad7c8000 	C:\Windows\SYSTEM32\kernel.appcore.dll
0x00007ffd97ea0000 - 0x00007ffd97eaa000 	C:\Users\stas2\.jdks\openjdk-20.0.2-1\bin\jimage.dll
0x00007ffdac100000 - 0x00007ffdac332000 	C:\Windows\SYSTEM32\DBGHELP.DLL
0x00007ffdb0650000 - 0x00007ffdb09e0000 	C:\Windows\System32\combase.dll
0x00007ffdb03a0000 - 0x00007ffdb0477000 	C:\Windows\System32\OLEAUT32.dll
0x00007ffd94c50000 - 0x00007ffd94c82000 	C:\Windows\SYSTEM32\dbgcore.DLL
0x00007ffdaf180000 - 0x00007ffdaf1fb000 	C:\Windows\System32\bcryptPrimitives.dll
0x00007ffd98aa0000 - 0x00007ffd98aae000 	C:\Users\stas2\.jdks\openjdk-20.0.2-1\bin\instrument.dll
0x00007ffd96780000 - 0x00007ffd967a6000 	C:\Users\stas2\.jdks\openjdk-20.0.2-1\bin\java.dll
0x00007ffd429a0000 - 0x00007ffd42a77000 	C:\Users\stas2\.jdks\openjdk-20.0.2-1\bin\jsvml.dll
0x00007ffdb0bd0000 - 0x00007ffdb1458000 	C:\Windows\System32\SHELL32.dll
0x00007ffdae890000 - 0x00007ffdae9cf000 	C:\Windows\System32\wintypes.dll
0x00007ffdac590000 - 0x00007ffdace9d000 	C:\Windows\SYSTEM32\windows.storage.dll
0x00007ffdaf9f0000 - 0x00007ffdafafa000 	C:\Windows\System32\SHCORE.dll
0x00007ffdb0a90000 - 0x00007ffdb0aee000 	C:\Windows\System32\shlwapi.dll
0x00007ffdae5a0000 - 0x00007ffdae5cb000 	C:\Windows\SYSTEM32\profapi.dll
0x00007ffd95f30000 - 0x00007ffd95f43000 	C:\Users\stas2\.jdks\openjdk-20.0.2-1\bin\net.dll
0x00007ffda7a70000 - 0x00007ffda7b9c000 	C:\Windows\SYSTEM32\WINHTTP.dll
0x00007ffdadc20000 - 0x00007ffdadc8a000 	C:\Windows\system32\mswsock.dll
0x00007ffd94b40000 - 0x00007ffd94b56000 	C:\Users\stas2\.jdks\openjdk-20.0.2-1\bin\nio.dll
0x00007ffd94750000 - 0x00007ffd94768000 	C:\Users\stas2\.jdks\openjdk-20.0.2-1\bin\zip.dll
0x00007ffd90ba0000 - 0x00007ffd90bba000 	C:\IntelliJ IDEA Community Edition 2021.3.2\IntelliJ IDEA Community Edition 2023.2.1\bin\breakgen64.dll
0x00007ffd55240000 - 0x00007ffd552bb000 	C:\Users\stas2\AppData\Local\Temp\lwjgl_stas2\3.3.4+7\x64\lwjgl.dll
0x00007ffd535f0000 - 0x00007ffd53675000 	C:\Users\stas2\AppData\Local\Temp\lwjgl_stas2\3.3.4+7\x64\glfw.dll
0x00007ffd6c4d0000 - 0x00007ffd6c516000 	C:\Windows\SYSTEM32\dinput8.dll
0x00007ffd68340000 - 0x00007ffd68351000 	C:\Windows\SYSTEM32\xinput1_4.dll
0x00007ffdae360000 - 0x00007ffdae3ae000 	C:\Windows\SYSTEM32\cfgmgr32.dll
0x00007ffdae330000 - 0x00007ffdae35c000 	C:\Windows\SYSTEM32\DEVOBJ.dll
0x00007ffda91d0000 - 0x00007ffda91fb000 	C:\Windows\SYSTEM32\dwmapi.dll
0x00007ffda8f70000 - 0x00007ffda9023000 	C:\Windows\system32\uxtheme.dll
0x00007ffd86cb0000 - 0x00007ffd86ec4000 	C:\Windows\SYSTEM32\inputhost.dll
0x00007ffda7780000 - 0x00007ffda78b5000 	C:\Windows\SYSTEM32\CoreMessaging.dll
0x00007ffdade90000 - 0x00007ffdade9c000 	C:\Windows\SYSTEM32\CRYPTBASE.DLL
0x00007ffdaf6d0000 - 0x00007ffdaf82d000 	C:\Windows\System32\MSCTF.dll
0x00007ffd8bda0000 - 0x00007ffd8bea0000 	C:\Windows\SYSTEM32\opengl32.dll
0x00007ffd966b0000 - 0x00007ffd966dd000 	C:\Windows\SYSTEM32\GLU32.dll
0x00007ffdab8f0000 - 0x00007ffdab927000 	C:\Windows\SYSTEM32\dxcore.dll
0x00007ffda4b90000 - 0x00007ffda4bd9000 	C:\Windows\SYSTEM32\directxdatabasehelper.dll
0x00007ffdaf5d0000 - 0x00007ffdaf680000 	C:\Windows\System32\clbcatq.dll
0x00007ffda4340000 - 0x00007ffda4484000 	C:\Windows\System32\AppXDeploymentClient.dll
0x00007ffd945b0000 - 0x00007ffd946ac000 	C:\Windows\System32\Windows.ApplicationModel.dll
0x00007ffdaf2b0000 - 0x00007ffdaf451000 	C:\Windows\System32\ole32.dll
0x00007ffda85f0000 - 0x00007ffda86f6000 	C:\Windows\system32\propsys.dll
0x00007ffda8b70000 - 0x00007ffda8c07000 	C:\Windows\SYSTEM32\apphelp.dll
0x00007ffd8c1a0000 - 0x00007ffd8c1ba000 	C:\Windows\system32\NetworkExplorer.dll
0x00007ffd5a610000 - 0x00007ffd5a636000 	C:\Windows\system32\mssprxy.dll
0x00007ffcede30000 - 0x00007ffceee23000 	C:\Windows\System32\DriverStore\FileRepository\iigd_dch.inf_amd64_5802b1615520e41c\igxelpicd64.dll
0x00007ffda90b0000 - 0x00007ffda91a7000 	C:\Windows\system32\dxgi.dll
0x00007ffcedb40000 - 0x00007ffcede27000 	C:\Windows\System32\DriverStore\FileRepository\iigd_dch.inf_amd64_5802b1615520e41c\igdml64.dll
0x00007ffd9cc50000 - 0x00007ffd9d017000 	C:\Windows\System32\DriverStore\FileRepository\iigd_dch.inf_amd64_5802b1615520e41c\igdgmm64.dll
0x00007ffd99630000 - 0x00007ffd9cc41000 	C:\Windows\System32\DriverStore\FileRepository\iigd_dch.inf_amd64_5802b1615520e41c\igc64.dll
0x00007ffdad500000 - 0x00007ffdad54d000 	C:\Windows\SYSTEM32\powrprof.dll
0x00007ffdad4e0000 - 0x00007ffdad4f3000 	C:\Windows\SYSTEM32\UMPDC.dll
0x00007ffd95b40000 - 0x00007ffd95c83000 	C:\Windows\SYSTEM32\textinputframework.dll
0x00007ffd9fe00000 - 0x00007ffda016c000 	C:\Windows\SYSTEM32\CoreUIComponents.dll
0x00007ffd439a0000 - 0x00007ffd43a01000 	C:\Users\stas2\AppData\Local\Temp\lwjgl_stas2\3.3.4+7\x64\lwjgl_opengl.dll
0x00007ffd94740000 - 0x00007ffd94750000 	C:\Users\stas2\.jdks\openjdk-20.0.2-1\bin\verify.dll

dbghelp: loaded successfully - version: 4.0.5 - missing functions: none
symbol engine: initialized successfully - sym options: 0x614 - pdb path: .;C:\Users\stas2\.jdks\openjdk-20.0.2-1\bin;C:\Windows\SYSTEM32;C:\Windows\WinSxS\amd64_microsoft.windows.common-controls_6595b64144ccf1df_6.0.22621.4830_none_270fe7d773858e80;C:\Users\stas2\.jdks\openjdk-20.0.2-1\bin\server;C:\IntelliJ IDEA Community Edition 2021.3.2\IntelliJ IDEA Community Edition 2023.2.1\bin;C:\Users\stas2\AppData\Local\Temp\lwjgl_stas2\3.3.4+7\x64;C:\Windows\System32\DriverStore\FileRepository\iigd_dch.inf_amd64_5802b1615520e41c

VM Arguments:
jvm_args: -javaagent:C:\IntelliJ IDEA Community Edition 2021.3.2\IntelliJ IDEA Community Edition 2023.2.1\lib\idea_rt.jar=51196:C:\IntelliJ IDEA Community Edition 2021.3.2\IntelliJ IDEA Community Edition 2023.2.1\bin -Dfile.encoding=windows-1252 -Dsun.stdout.encoding=windows-1252 -Dsun.stderr.encoding=windows-1252 --module-path=C:\Users\stas2\.m2\repository\org\openjfx\javafx-base\20.0.1\javafx-base-20.0.1-win.jar;C:\Users\stas2\.m2\repository\org\openjfx\javafx-graphics\20.0.1\javafx-graphics-20.0.1-win.jar;C:\Users\stas2\.m2\repository\org\joml\joml-primitives\1.10.0\joml-primitives-1.10.0.jar;C:\Users\stas2\.m2\repository\com\github\almasb\fxgl-entity\17.2\fxgl-entity-17.2.jar;C:\Users\stas2\.m2\repository\com\github\almasb\fxgl-gameplay\17.2\fxgl-gameplay-17.2.jar;C:\Users\stas2\.m2\repository\org\openjfx\javafx-controls\20.0.1\javafx-controls-20.0.1-win.jar;C:\Users\stas2\.m2\repository\org\lwjgl\lwjgl\3.3.4\lwjgl-3.3.4.jar;C:\Users\stas2\.m2\repository\com\github\almasb\fxgl-scene\17.2\fxgl-scene-17.2.jar;C:\Users\stas2\.m2\repository\com\gluonhq\attach\audio\4.0.13\audio-4.0.13.jar;C:\Users\stas2\.m2\repository\com\gluonhq\attach\storage\4.0.13\storage-4.0.13.jar;C:\Users\stas2\.m2\repository\org\lwjgl\lwjgl-glfw\3.3.4\lwjgl-glfw-3.3.4.jar;C:\Users\stas2\.m2\repository\com\fasterxml\jackson\core\jackson-databind\2.12.1\jackson-databind-2.12.1.jar;C:\Users\stas2\.m2\repository\com\fasterxml\jackson\core\jackson-annotations\2.12.1\jackson-annotations-2.12.1.jar;C:\Users\stas2\.m2\repository\org\jetbrains\kotlin\kotlin-stdlib\1.6.0\kotlin-stdlib-1.6.0-modular.jar;C:\Users\stas2\.m2\repository\org\openjfx\javafx-media\20.0.1\javafx-media-20.0.1-win.jar;C:\Users\stas2\.m2\repository\com\github\almasb\fxgl-io\17.2\fxgl-io-17.2.jar;C:\Users\stas2\.m2\repository\com\github\almasb\fxgl\17.2\fxgl-17.2.jar;C:\Users\stas2\.m2\repository\com\github\almasb\fxgl-core\17.2\fxgl-core-17.2.jar;C:\Users\stas2\.m2\repository\org\lwjgl\lwjgl-vulkan\3.3.4\lwjgl-vulkan-3.3.4.jar;O:\GIt\MultiplayerShooter\target\classes;C:\Users\stas2\.m2\repository\org\lwjgl\lwjgl-opengl\3.3.4\lwjgl-opengl-3.3.4.jar;C:\Users\stas2\.m2\repository\org\lwjgl\lwjgl-stb\3.3.4\lwjgl-stb-3.3.4.jar;C:\Users\stas2\.m2\repository\org\joml\joml\1.10.7\joml-1.10.7.jar;C:\Users\stas2\.m2\repository\org\openjfx\javafx-fx-Djdk.module.main=com.bedrye.multiplayershooter 
java_command: com.bedrye.multiplayershooter/com.bedrye.bjge.GameEngine.TestMain
java_class_path (initial): C:\Users\stas2\.m2\repository\org\openjfx\javafx-controls\20.0.1\javafx-controls-20.0.1.jar;C:\Users\stas2\.m2\repository\org\openjfx\javafx-graphics\20.0.1\javafx-graphics-20.0.1.jar;C:\Users\stas2\.m2\repository\org\openjfx\javafx-base\20.0.1\javafx-base-20.0.1.jar;C:\Users\stas2\.m2\repository\org\openjfx\javafx-fxml\20.0.1\javafx-fxml-20.0.1.jar;C:\Users\stas2\.m2\repository\org\openjfx\javafx-media\20.0.1\javafx-media-20.0.1.jar;C:\Users\stas2\.m2\repository\org\jetbrains\annotations\13.0\annotations-13.0.jar;C:\Users\stas2\.m2\repository\org\jetbrains\kotlin\kotlin-stdlib-common\1.6.0\kotlin-stdlib-common-1.6.0.jar;C:\Users\stas2\.m2\repository\org\lwjgl\lwjgl-assimp\3.3.4\lwjgl-assimp-3.3.4.jar;C:\Users\stas2\.m2\repository\org\lwjgl\lwjgl-bgfx\3.3.4\lwjgl-bgfx-3.3.4.jar;C:\Users\stas2\.m2\repository\org\lwjgl\lwjgl-nanovg\3.3.4\lwjgl-nanovg-3.3.4.jar;C:\Users\stas2\.m2\repository\org\lwjgl\lwjgl-nuklear\3.3.4\lwjgl-nuklear-3.3.4.jar;C:\Users\stas2\.m2\repository\org\lwjgl\lwjgl-openal\3.3.4\lwjgl-openal-3.3.4.jar;C:\Users\stas2\.m2\repository\org\lwjgl\lwjgl-par\3.3.4\lwjgl-par-3.3.4.jar;C:\Users\stas2\.m2\repository\org\lwjgl\lwjgl\3.3.4\lwjgl-3.3.4-natives-windows.jar;C:\Users\stas2\.m2\repository\org\lwjgl\lwjgl-assimp\3.3.4\lwjgl-assimp-3.3.4-natives-windows.jar;C:\Users\stas2\.m2\repository\org\lwjgl\lwjgl-bgfx\3.3.4\lwjgl-bgfx-3.3.4-natives-windows.jar;C:\Users\stas2\.m2\repository\org\lwjgl\lwjgl-glfw\3.3.4\lwjgl-glfw-3.3.4-natives-windows.jar;C:\Users\stas2\.m2\repository\org\lwjgl\lwjgl-nanovg\3.3.4\lwjgl-nanovg-3.3.4-natives-windows.jar;C:\Users\stas2\.m2\repository\org\lwjgl\lwjgl-nuklear\3.3.4\lwjgl-nuklear-3.3.4-natives-windows.jar;C:\Users\stas2\.m2\repository\org\lwjgl\lwjgl-openal\3.3.4\lwjgl-openal-3.3.4-natives-windows.jar;C:\Users\stas2\.m2\repository\org\lwjgl\lwjgl-opengl\3.3.4\lwjgl-opengl-3.3.4-natives-windows.jar;C:\Users\stas2\.m2\repository\org\lwjgl\lwjgl-par\3.3.4\lwjgl-par-3.3.4-natives-windows.jar;C:\Users\stas2\.m2\repository\org\lwjgl\lwjgl-stb\3.3.4\lwjgl-stb-3.3.4-natives-windows.jar
Launcher Type: SUN_STANDARD

[Global flags]
     intx CICompilerCount                          = 4                                         {product} {ergonomic}
     uint ConcGCThreads                            = 3                                         {product} {ergonomic}
     uint G1ConcRefinementThreads                  = 10                                        {product} {ergonomic}
   size_t G1HeapRegionSize                         = 2097152                                   {product} {ergonomic}
    uintx GCDrainStackTargetSize                   = 64                                        {product} {ergonomic}
   size_t InitialHeapSize                          = 266338304                                 {product} {ergonomic}
   size_t MarkStackSize                            = 4194304                                   {product} {ergonomic}
   size_t MaxHeapSize                              = 4238344192                                {product} {ergonomic}
   size_t MaxNewSize                               = 2541748224                                {product} {ergonomic}
   size_t MinHeapDeltaBytes                        = 2097152                                   {product} {ergonomic}
   size_t MinHeapSize                              = 8388608                                   {product} {ergonomic}
    uintx NonNMethodCodeHeapSize                   = 5839372                                {pd product} {ergonomic}
    uintx NonProfiledCodeHeapSize                  = 122909434                              {pd product} {ergonomic}
    uintx ProfiledCodeHeapSize                     = 122909434                              {pd product} {ergonomic}
    uintx ReservedCodeCacheSize                    = 251658240                              {pd product} {ergonomic}
     bool SegmentedCodeCache                       = true                                      {product} {ergonomic}
   size_t SoftMaxHeapSize                          = 4238344192                             {manageable} {ergonomic}
     bool UseCompressedClassPointers               = true                           {product lp64_product} {ergonomic}
     bool UseCompressedOops                        = true                           {product lp64_product} {ergonomic}
     bool UseG1GC                                  = true                                      {product} {ergonomic}
     bool UseLargePagesIndividualAllocation        = false                                  {pd product} {ergonomic}

Logging:
Log output configuration:
 #0: stdout all=off uptime,level,tags foldmultilines=false
 #1: stderr all=off uptime,level,tags foldmultilines=false

Environment Variables:
JAVA_HOME=C:\Program Files\Java\jdk-11.0.2
PATH=C:\Program Files\NVIDIA GPU Computing Toolkit\CUDA\v12.6\bin;C:\Program Files\NVIDIA GPU Computing Toolkit\CUDA\v12.6\libnvvp;C:\Program Files\Common Files\Oracle\Java\javapath;C:\Windows\system32;C:\Windows;C:\Program Files\Java\jdk-11.0.2\bin;C:\Windows\System32\Wbem;C:\ORacleDatabase\dbhomeXE\bin;C:\Windows\System32\WindowsPowerShell\v1.0\;C:\Windows\System32\OpenSSH\;C:\Program Files (x86)\NVIDIA Corporation\PhysX\Common;C:\Program Files\NVIDIA Corporation\NVIDIA NvDLISR;C:\Program Files\Docker\Docker\resources\bin;C:\Program Files\Git LFS;C:\Program Files\Git\cmd;C:\Program Files (x86)\Windows Kits\10\Windows Performance Toolkit\;C:\Program Files (x86)\Steam\steamapps\common\Counter-Strike Global Offensive\game\bin\win64;C:\Users\stas2\AppData\Local\Programs\Python\Python311;C:\Program Files\dotnet\;C:\Program Files\Microsoft SQL Server\150\Tools\Binn\;C:\Program Files\Microsoft SQL Server\Client SDK\ODBC\170\Tools\Binn\;C:\Program Files\NVIDIA Corporation\Nsight Compute 2024.3.2\;C:\Program Files (x86)\Microsoft SQL Server\160\Tools\Binn\;C:\Program Files\Microsoft SQL Server\160\Tools\Binn\;C:\Program Files\Microsoft SQL Server\160\DTS\Binn\;C:\Program Files (x86)\Microsoft SQL Server\160\DTS\Binn\;C:\Users\stas2\AppData\Local\Microsoft\WindowsApps;C:\Users\stas2\AppData\Local\Programs\Microsoft VS Code\bin;C:\Users\stas2\AppData\Local\GitHubDesktop\bin;C:\Users\stas2\AppData\Local\Programs\Python\Python311;C:\Program Files (x86)\Steam\steamapps\common\Counter-Strike Global Offensive\game\bin\win64;C:\Users\stas2\.dotnet\tools;C:\Users\stas2\AppData\Local\Muse Hub\lib
USERNAME=stas2
OS=Windows_NT
PROCESSOR_IDENTIFIER=Intel64 Family 6 Model 141 Stepping 1, GenuineIntel
TMP=C:\Users\stas2\AppData\Local\Temp
TEMP=C:\Users\stas2\AppData\Local\Temp




---------------  S Y S T E M  ---------------

OS:
 Windows 11 , 64 bit Build 22621 (10.0.22621.4974)
OS uptime: 14 days 22:09 hours
Hyper-V role detected

CPU: total 12 (initial active 12) (6 cores per cpu, 2 threads per core) family 6 model 141 stepping 1 microcode 0x3c, cx8, cmov, fxsr, ht, mmx, 3dnowpref, sse, sse2, sse3, ssse3, sse4.1, sse4.2, popcnt, lzcnt, tsc, tscinvbit, avx, avx2, aes, erms, clmul, bmi1, bmi2, adx, avx512f, avx512dq, avx512cd, avx512bw, avx512vl, sha, fma, vzeroupper, avx512_vpopcntdq, avx512_vpclmulqdq, avx512_vaes, avx512_vnni, clflush, clflushopt, clwb, avx512_vbmi2, avx512_vbmi, hv, rdtscp, rdpid, fsrm, gfni, avx512_bitalg, f16c, cet_ibt, cet_ss, avx512_ifma

Memory: 4k page, system-wide physical 16163M (206M free)
TotalPageFile size 36643M (AvailPageFile size 7747M)
current process WorkingSet (physical memory assigned to process): 4134M, peak: 4185M
current process commit charge ("private bytes"): 4569M, peak: 4569M

vm_info: OpenJDK 64-Bit Server VM (20.0.2+9-78) for windows-amd64 JRE (20.0.2+9-78), built on 2023-06-14T10:08:48Z by "mach5one" with MS VC++ 17.1 (VS2022)

END.
